solving instance mcf arcs c40 3 6 sqrt
Couenne 0.5.8 -- an Open-Source solver for Mixed Integer Nonlinear Optimization
Mailing list: couenne@list.coin-or.org
Instructions: http://www.coin-or.org/Couenne
couenne: 
ANALYSIS TEST: Reading problem: 0.0 seconds
Reformulating problem: 51.5 seconds
NLP0012I 
              Num      Status      Obj             It       time                 Location
NLP0014I             1      FAILED 703.28406      306 571.9778
NLP0014I             1      FAILED 703.28406      306 574.78994   resolve robustness
NLP3006W Warning : continuing branching, while there are unrecovered failures at nodes
Loaded instance "/tmp/jl_3vpmbP/model.nl"
Constraints:         4724
Variables:          46324 (248 integer)
Auxiliaries:          657 (0 integer)

Coin0506I Presolve 5845 (-476) rows, 46285 (-696) columns and 186049 (-972) elements
Clp0030I 0 infeas 34692, obj 0.00883238 - mu 1000, its 0, 0 interior
Clp0030I 1 infeas 41159.148, obj 0.00883238 - mu 1000, its 2, 1508 interior
Clp0030I 1 infeas 41144.289, obj 0.00883238 - mu 700, its 2, 1585 interior
Clp0030I 1 infeas 41113.02, obj 0.00883238 - mu 490, its 2, 1563 interior
Clp0030I 1 infeas 41352.337, obj 0.00883238 - mu 343, its 2, 1513 interior
Clp0030I 1 infeas 41111.605, obj 0.00883238 - mu 240.1, its 2, 1380 interior
Clp0030I 1 infeas 41244.078, obj 0.00883238 - mu 168.07, its 2, 1408 interior
Clp0030I 1 infeas 41011.798, obj 0.00883238 - mu 117.649, its 2, 1312 interior
Clp0030I 1 infeas 41146.454, obj 0.00883238 - mu 82.3543, its 2, 1270 interior
Clp0030I 1 infeas 40965.446, obj 0.00883238 - mu 57.64801, its 2, 1241 interior
Clp0030I 1 infeas 40823.175, obj 0.00883238 - mu 40.353607, its 2, 1125 interior
Clp0030I 1 infeas 40812.546, obj 0.00883238 - mu 28.247525, its 2, 1154 interior
Clp0030I 1 infeas 40931.129, obj 0.00883238 - mu 19.773267, its 2, 1194 interior
Clp0030I 1 infeas 40987.948, obj 0.00883238 - mu 13.841287, its 2, 1160 interior
Clp0030I 1 infeas 40791.996, obj 0.00883238 - mu 9.688901, its 2, 1109 interior
Clp0030I 1 infeas 40774.775, obj 0.00883238 - mu 6.7822307, its 2, 1085 interior
Clp0030I 1 infeas 40877.068, obj 0.00883238 - mu 4.7475615, its 2, 1141 interior
Clp0030I 1 infeas 41009.147, obj 0.00883238 - mu 3.3232931, its 2, 1125 interior
Clp0030I 1 infeas 40730.145, obj 0.00883238 - mu 2.3263051, its 2, 1134 interior
Clp0030I 1 infeas 40769.728, obj 0.00883238 - mu 1.6284136, its 2, 1065 interior
Clp0030I 1 infeas 40985.088, obj 0.00883238 - mu 1.1398895, its 2, 1120 interior
Clp0030I 1 infeas 40855.157, obj 0.00883238 - mu 0.79792266, its 2, 1078 interior
Clp0030I 1 infeas 40868.773, obj 0.00883238 - mu 0.55854586, its 2, 1103 interior
Clp0030I 1 infeas 40766.216, obj 0.00883238 - mu 0.3909821, its 2, 1070 interior
Clp0030I 1 infeas 40837.873, obj 0.00883238 - mu 0.27368747, its 2, 1121 interior
Clp0030I 1 infeas 40818.289, obj 0.00883238 - mu 0.19158123, its 2, 1114 interior
Clp0030I 1 infeas 40754.368, obj 0.00883238 - mu 0.13410686, its 2, 1079 interior
Clp0030I 1 infeas 40850.038, obj 0.00883238 - mu 0.093874803, its 2, 1120 interior
Clp0030I 1 infeas 40846.703, obj 0.00883238 - mu 0.065712362, its 2, 1126 interior
Clp0030I 1 infeas 40901.352, obj 0.00883238 - mu 0.045998654, its 2, 1136 interior
Clp0030I 1 infeas 40892.103, obj 0.00883238 - mu 0.032199058, its 2, 1135 interior
Clp0030I 1 infeas 40792.269, obj 0.00883238 - mu 0.02253934, its 2, 1076 interior
Clp0030I 1 infeas 41046.828, obj 0.00883238 - mu 0.015777538, its 2, 1133 interior
Clp0030I 1 infeas 40822.051, obj 0.00883238 - mu 0.011044277, its 2, 1123 interior
Clp0030I 1 infeas 40757.164, obj 0.00883238 - mu 0.0077309937, its 2, 1092 interior
Clp0030I 1 infeas 40995.297, obj 0.00883238 - mu 0.0054116956, its 2, 1092 interior
Clp0030I 1 infeas 40937.187, obj 0.00883238 - mu 0.0037881869, its 2, 1155 interior
Clp0030I 1 infeas 40760.058, obj 0.00883238 - mu 0.0026517308, its 2, 1079 interior
Clp0030I 1 infeas 40923.736, obj 0.00883238 - mu 0.0018562116, its 2, 1154 interior
Clp0030I 1 infeas 40834.814, obj 0.00883238 - mu 0.0012993481, its 2, 1068 interior
Clp0030I 1 infeas 40877.264, obj 0.00883238 - mu 0.00090954368, its 2, 1164 interior
Clp0030I 1 infeas 40912.921, obj 0.00883238 - mu 0.00063668058, its 2, 1142 interior
Clp0030I 1 infeas 41016.001, obj 0.00883238 - mu 0.0004456764, its 2, 1123 interior
Clp0030I 1 infeas 40934.543, obj 0.00883238 - mu 0.00031197348, its 2, 1147 interior
Clp0030I 1 infeas 40881.889, obj 0.00883238 - mu 0.00021838144, its 2, 1137 interior
Clp0030I 1 infeas 40784.121, obj 0.00883238 - mu 0.00015286701, its 2, 1097 interior
Clp0030I 1 infeas 41041.479, obj 0.00883238 - mu 0.0001070069, its 2, 1102 interior
Clp0030I 1 infeas 40891.82, obj 0.00883238 - mu 7.4904833e-05, its 2, 1145 interior
Clp0030I 1 infeas 40842.742, obj 0.00883238 - mu 5.2433383e-05, its 2, 1089 interior
Clp0030I 1 infeas 40777.393, obj 0.00883238 - mu 3.6703368e-05, its 2, 1077 interior
Clp0030I 1 infeas 40882.445, obj 0.00883238 - mu 2.5692358e-05, its 2, 1133 interior
Clp0030I 1 infeas 40816.101, obj 0.00883238 - mu 1.798465e-05, its 2, 1107 interior
Clp0030I 1 infeas 40828.124, obj 0.00883238 - mu 1.2589255e-05, its 2, 1122 interior
Clp0030I 1 infeas 41027.38, obj 0.00883238 - mu 8.8124787e-06, its 2, 1117 interior
Clp0030I 1 infeas 40885.757, obj 0.00883238 - mu 6.1687351e-06, its 2, 1145 interior
Clp0030I 1 infeas 40706.91, obj 0.00883238 - mu 4.3181146e-06, its 2, 1080 interior
Clp0030I 1 infeas 40900.115, obj 0.00883238 - mu 3.0226802e-06, its 2, 1142 interior
Clp0030I 1 infeas 41019.901, obj 0.00883238 - mu 2.1158761e-06, its 2, 1132 interior
Clp0030I 1 infeas 40889.062, obj 0.00883238 - mu 1.4811133e-06, its 2, 1128 interior
Clp0030I 1 infeas 40836.162, obj 0.00883238 - mu 1.0367793e-06, its 2, 1063 interior
Clp0030I 1 infeas 40896.834, obj 0.00883238 - mu 7.2574552e-07, its 2, 1118 interior
Clp0030I 1 infeas 40841.873, obj 0.00883238 - mu 5.0802186e-07, its 2, 1125 interior
Clp0030I 1 infeas 40909.946, obj 0.00883238 - mu 3.556153e-07, its 2, 1111 interior
Clp0030I 1 infeas 40734.653, obj 0.00883238 - mu 2.4893071e-07, its 2, 1069 interior
Clp0030I 1 infeas 40749.969, obj 0.00883238 - mu 1.742515e-07, its 2, 1067 interior
Clp0030I 1 infeas 40955.003, obj 0.00883238 - mu 1.2197605e-07, its 2, 1101 interior
Clp0030I 1 infeas 41000.002, obj 0.00883238 - mu 8.5383234e-08, its 2, 1102 interior
Clp0030I 1 infeas 40764.711, obj 0.00883238 - mu 5.9768264e-08, its 2, 1106 interior
Clp0030I 1 infeas 40762.638, obj 0.00883238 - mu 4.1837785e-08, its 2, 1114 interior
Clp0030I 1 infeas 40840.521, obj 0.00883238 - mu 2.9286449e-08, its 2, 1120 interior
Clp0030I 1 infeas 40877.076, obj 0.00883238 - mu 2.0500515e-08, its 2, 1121 interior
Clp0030I 1 infeas 41025.789, obj 0.00883238 - mu 1.435036e-08, its 2, 1114 interior
Clp0030I 1 infeas 40858.373, obj 0.00883238 - mu 1.0045252e-08, its 2, 1157 interior
Clp0030I 1 infeas 40819.012, obj 0.00883238 - mu 7.0316765e-09, its 2, 1112 interior
Clp0030I 1 infeas 40861.97, obj 0.00883238 - mu 4.9221735e-09, its 2, 1136 interior
Clp0030I 1 infeas 40873.749, obj 0.00883238 - mu 3.4455215e-09, its 2, 1139 interior
Clp0030I 1 infeas 40893.099, obj 0.00883238 - mu 2.411865e-09, its 2, 1130 interior
Clp0030I 1 infeas 40929.297, obj 0.00883238 - mu 1.6883055e-09, its 2, 1144 interior
Clp0030I 1 infeas 40761.253, obj 0.00883238 - mu 1.1818139e-09, its 2, 1094 interior
Clp0030I 1 infeas 40736.971, obj 0.00883238 - mu 8.2726971e-10, its 2, 1104 interior
Clp0030I 1 infeas 40796.211, obj 0.00883238 - mu 5.7908879e-10, its 2, 1082 interior
Clp0030I 1 infeas 40962.355, obj 0.00883238 - mu 4.0536216e-10, its 2, 1117 interior
Clp0030I 1 infeas 40833.458, obj 0.00883238 - mu 2.8375351e-10, its 2, 1136 interior
Clp0030I 1 infeas 40834.559, obj 0.00883238 - mu 1.9862746e-10, its 2, 1108 interior
Clp0030I 1 infeas 41042.968, obj 0.00883238 - mu 1.3903922e-10, its 2, 1101 interior
Clp0030I 1 infeas 40787.342, obj 0.00883238 - mu 9.7327454e-11, its 2, 1117 interior
Clp0030I 1 infeas 40766.062, obj 0.00883238 - mu 6.8129218e-11, its 2, 1090 interior
Clp0030I 1 infeas 40912.921, obj 0.00883238 - mu 4.7690452e-11, its 2, 1139 interior
Clp0030I 1 infeas 40847.61, obj 0.00883238 - mu 3.3383317e-11, its 2, 1123 interior
Clp0030I 1 infeas 40838.938, obj 0.00883238 - mu 2.3368322e-11, its 2, 1118 interior
Clp0030I 1 infeas 40839.504, obj 0.00883238 - mu 1.6357825e-11, its 2, 1076 interior
Clp0030I 1 infeas 40974.291, obj 0.00883238 - mu 1.1450478e-11, its 2, 1117 interior
Clp0030I 1 infeas 40904.121, obj 0.00883238 - mu 8.0153343e-12, its 2, 1140 interior
Clp0030I 1 infeas 40742.579, obj 0.00883238 - mu 5.610734e-12, its 2, 1066 interior
Clp0030I 1 infeas 40858.756, obj 0.00883238 - mu 3.9275138e-12, its 2, 1162 interior
Clp0030I 1 infeas 40923.762, obj 0.00883238 - mu 2.7492597e-12, its 2, 1107 interior
Clp0030I 1 infeas 40858.851, obj 0.00883238 - mu 1.9244818e-12, its 2, 1123 interior
Clp0030I 1 infeas 40764.958, obj 0.00883238 - mu 1.3471372e-12, its 2, 1058 interior
Clp0006I 0  Obj 0.00883238 Primal inf 17346 (400) Dual inf 2.3363913e+15 (4362)
Clp0006I 191  Obj 0.00883238 Primal inf 16833.362 (332) Dual inf 3.0349709e+14 (873)
Clp0006I 382  Obj 4452.904 Primal inf 15542.662 (310) Dual inf 2.6772504e+14 (821)
Clp0006I 573  Obj 18729.918 Primal inf 12273.675 (264) Dual inf 1.1991093e+15 (2553)
Clp0006I 772  Obj 47309.865 Primal inf 7886.8628 (193) Dual inf 1.0920308e+15 (3490)
Clp0006I 983  Obj 75604.603 Primal inf 4521.3841 (127) Dual inf 1.800765e+15 (4483)
Clp0006I 1188  Obj 101439.7 Primal inf 1795.9569 (95) Dual inf 1.6774418e+15 (5714)
Clp0006I 1395  Obj 122208.99 Primal inf 52.30867 (64) Dual inf 5.9070158e+13 (5127)
Clp0006I 1594  Obj 127814.69 Primal inf 22.009613 (34) Dual inf 3.6179393e+13 (5273)
Clp0006I 1787  Obj 134599.1 Primal inf 9.8500015 (21) Dual inf 3.2237689e+13 (6037)
Clp0006I 1987  Obj 137763.5 Dual inf 5889251.6 (5327)
Clp0006I 2180  Obj 132111.01 Dual inf 2859226.7 (5185)
Clp0006I 2372  Obj 129964.38 Dual inf 19685158 (8605)
Clp0006I 2566  Obj 126580.19 Dual inf 2893393.5 (4963)
Clp0006I 2759  Obj 122077.42 Dual inf 1820675.9 (4261)
Clp0006I 2952  Obj 120160.82 Dual inf 1326595.1 (4057)
Clp0006I 3148  Obj 116983.79 Dual inf 1010181.9 (3349)
Clp0006I 3342  Obj 114385.76 Dual inf 3728064.7 (6713)
Clp0006I 3536  Obj 111901.53 Dual inf 549194.32 (2638)
Clp0006I 3731  Obj 109805.41 Dual inf 406052.12 (2353)
Clp0006I 3927  Obj 106910.62 Dual inf 250479.33 (1809)
Clp0006I 4122  Obj 106086.74 Dual inf 127077.27 (1242)
Clp0006I 4323  Obj 103995.44 Dual inf 56905.943 (816)
Clp0006I 4523  Obj 102529.44 Dual inf 25822.192 (587)
Clp0006I 4721  Obj 101106.48 Dual inf 10742.986 (363)
Clp0006I 4917  Obj 100748.18 Dual inf 598.29746 (68)
Clp0006I 4986  Obj 100728.21
Clp0000I Optimal - objective value 100728.21
Clp0000I Optimal - objective value 100728.22
Clp0032I Optimal objective 100728.2204 - 4986 iterations time 2.562, Presolve 0.15, Idiot 0.54
Clp0000I Optimal - objective value 100728.22
NLP Heuristic: 