solving instance mcf nodes c39 3 6 cubic
Set parameter TokenServer to value "licences.gerad.lan"
Set parameter TokenServer to value "licences.gerad.lan"
Set parameter TokenServer to value "licences.gerad.lan"
Set parameter FeasibilityTol to value 1e-09
Set parameter MIPGap to value 1e-09
Set parameter Threads to value 1
Set parameter OptimalityTol to value 1e-09
Set parameter IntFeasTol to value 1e-09
Set parameter TimeLimit to value 3589.965710041
translating piece by -0.00010964665892743142
translating piece by -7.05673843981458e-5
translating piece by -6.426973305906358e-5
translating piece by -8.868358457903014e-5
translating piece by -8.247242192283011e-5
translating piece by -9.187537756361053e-5
translating piece by -5.8058410047578946e-5
translating piece by -7.427701393680763e-5
translating piece by -5.1502201046105256e-5
translating piece by -5.624674409432373e-5
translating piece by -5.012182947439214e-5
translating piece by -8.333491746270738e-5
translating piece by -6.340713264307851e-5
translating piece by -7.410426661635938e-5
translating piece by -0.0001033492936244329
translating piece by -6.159544005868156e-5
translating piece by -7.695119052186783e-5
translating piece by -5.77133366164162e-5
translating piece by -9.24795091350461e-5
translating piece by -8.911494620633675e-5
Iteration 1	LB = -1.0e20	UB = 1.0e20	CPU = 11.034289959, #pieces = 100
translating piece by -8.37826291899546e-7
translating piece by -7.897055525063479e-7
translating piece by -7.066478246997576e-7
translating piece by -6.776437544431246e-7
translating piece by -1.8013124645221978e-6
translating piece by -6.301821144916175e-7
translating piece by -7.003997097854153e-7
translating piece by -5.662413968821056e-7
translating piece by -5.392146249505458e-7
translating piece by -7.06026128227677e-7
translating piece by -4.845020384891541e-7
translating piece by -4.7065930175449466e-7
translating piece by -4.910940560876043e-7
translating piece by -1.5259815882018302e-6
translating piece by -3.535320729497471e-7
translating piece by -4.436324445578066e-7
translating piece by -3.9353432157440693e-7
translating piece by -3.8298733784358774e-7
translating piece by -4.409958194173669e-7
translating piece by -5.179948914246779e-7
translating piece by -4.2978950887118117e-7
Iteration 2	LB = 5944.597083532454	UB = 6511.638926111418	CPU = 230.91084192500003, #pieces = 119
translating piece by -6.809398200857686e-7
translating piece by -5.879942932551785e-7
translating piece by -1.3224434781022865e-5
translating piece by -1.1416639807748652e-5
Iteration 3	LB = 6109.416680433472	UB = 6426.757853993963	CPU = 410.55409590100004, #pieces = 138
translating piece by -1.787331029845518e-7
translating piece by -6.367742457769054e-7
translating piece by -1.001637883746298e-7
translating piece by -1.0016202622864512e-7
translating piece by -2.0200187691443716e-5
translating piece by -1.68793438888315e-5
translating piece by -1.736856347633875e-7
translating piece by -1.6919354777655826e-5
translating piece by -1.4639234109381505e-5
Iteration 4	LB = 6262.194590294449	UB = 6426.757853993963	CPU = 539.5818765480001, #pieces = 154
translating piece by -1.444272447770345e-5
translating piece by -1.3145844860673606e-5
translating piece by -9.83198418680331e-7
translating piece by -1.2145807488650462e-6
translating piece by -1.2812205198997617e-5
translating piece by -1.4030096906481049e-5
translating piece by -1.1731052467212066e-5
translating piece by -1.1731052467212066e-5
translating piece by -4.711287488134985e-6
translating piece by -2.247817860734358e-7
Iteration 5	LB = 6331.714869802335	UB = 6402.3999705497845	CPU = 787.182231676, #pieces = 177
translating piece by -1.8775169792206725e-6
translating piece by -1.0445148745930055e-7
translating piece by -2.1064804172965523e-5
translating piece by -1.2856474995714962e-7
translating piece by -1.7527780698856077e-5
translating piece by -1.6073696656349057e-5
translating piece by -2.201940674240177e-7
translating piece by -1.1177919589044905e-5
translating piece by -1.27165640151361e-6
Iteration 6	LB = 6342.231310411175	UB = 6388.673495506096	CPU = 1005.1250727140001, #pieces = 190
translating piece by -1.0996532466833742e-6
translating piece by -1.334597862978626e-5
translating piece by -1.5183152868303296e-6
translating piece by -9.671939778854721e-6
translating piece by -1.1003353392879944e-6
translating piece by -1.6323681791163835e-5
translating piece by -8.737201937947248e-6
translating piece by -9.939942344772135e-7
translating piece by -7.786588980707165e-6
translating piece by -8.890391427485156e-7
Iteration 7	LB = 6348.204310054928	UB = 6371.13050924442	CPU = 1245.460389536, #pieces = 208
translating piece by -2.8573882104865334e-6
translating piece by -1.8701361284456652e-5
translating piece by -9.542115776639548e-6
translating piece by -1.0855654863917152e-6
translating piece by -7.542814756789085e-6
translating piece by -8.581139354646439e-7
Iteration 8	LB = 6351.9728894697755	UB = 6367.361503998634	CPU = 1527.495282175, #pieces = 223
translating piece by -1.07146357208876e-6
translating piece by -8.685272092634477e-6
translating piece by -9.88086583220138e-7
translating piece by -6.169553387280757e-6
translating piece by -1.6000549749151105e-5
Iteration 9	LB = 6354.150751830526	UB = 6367.361503998634	CPU = 1709.1376527000002, #pieces = 232
translating piece by -4.7088627752600587e-7
translating piece by -8.464578627354058e-6
translating piece by -9.629740986838442e-7
translating piece by -7.068199408877263e-6
translating piece by -1.833116198213247e-5
translating piece by -1.3174452533348813e-6
translating piece by -1.3174452533348813e-6
translating piece by -1.1946899917347764e-5
translating piece by -1.035549922789869e-5
translating piece by -1.024887865241908e-6
translating piece by -8.960339016539365e-6
translating piece by -8.868078680279723e-7
translating piece by -8.094373441736025e-6
translating piece by -8.011030558918719e-7
translating piece by -7.1804448964485346e-6
translating piece by -7.106439738890913e-7
translating piece by -6.987861837615128e-6
translating piece by -6.915911967553257e-7
Iteration 10	LB = 6355.199809489601	UB = 6361.381436298899	CPU = 2022.664101324, #pieces = 258
translating piece by -8.840065788717766e-6
translating piece by -8.749045719014248e-7
Iteration 11	LB = 6357.993845750489	UB = 6361.381436298899	CPU = 2046.2165513030002, #pieces = 266
Iteration 12	LB = 6359.749687377265	UB = 6361.293103970483	CPU = 2063.5253205980002, #pieces = 288
translating piece by -7.841795678587005e-6
translating piece by -7.761055087485147e-7
Iteration 13	LB = 6360.146763280513	UB = 6361.032247209773	CPU = 2119.05995001, #pieces = 303
Iteration 14	LB = 6360.414764492784	UB = 6360.936617119596	CPU = 2135.649828616, #pieces = 309
translating piece by -8.046264213135146e-6
translating piece by -7.963416521761246e-7
Iteration 15	LB = 6360.504805143659	UB = 6360.936617119596	CPU = 2167.9943066610003, #pieces = 314
Iteration 16	LB = 6360.557628745803	UB = 6360.813940575703	CPU = 2187.758062017, #pieces = 335
Iteration 17	LB = 6360.64753172248	UB = 6360.766473242449	CPU = 2200.932550646, #pieces = 350
Iteration 18	LB = 6360.705207065861	UB = 6360.766473242449	CPU = 2223.066619182, #pieces = 371
Iteration 19	LB = 6360.726453653059	UB = 6360.76088065532	CPU = 2255.607344504, #pieces = 381
Iteration 20	LB = 6360.734030318705	UB = 6360.756493661867	CPU = 2314.000152052, #pieces = 389
Iteration 21	LB = 6360.737846163057	UB = 6360.748246975252	CPU = 2333.002786253, #pieces = 401
Iteration 22	LB = 6360.74043499223	UB = 6360.748246975252	CPU = 2350.1334822530002, #pieces = 406
WRITING LOG...
(5944.597083532454, 6511.638926111418, 0.0, 0.0, 8.708127846357517, 8.708127846357517, 100, 1, 135.471718415, 146.526959788)
(6109.416680433472, 6426.757853993963, 0.0, 0.0, 4.937811269227718, 4.937811269227718, 119, 2, 292.554878699, 387.994364365)
(6262.194590294449, 6426.757853993963, 0.0, 0.0, 3.4423196387206985, 2.5605953645389796, 138, 3, 394.878556703, 512.8781089080001)
(6331.714869802335, 6402.3999705497845, 0.0, 0.0, 1.104040689000876, 1.104040689000876, 154, 4, 607.810488588, 752.5141128370001)
(6342.231310411175, 6388.673495506096, 0.0, 0.0, 0.7269456660696222, 0.7269456660696222, 177, 5, 785.10463295, 964.4766983720001)
(6348.204310054928, 6371.13050924442, 0.0, 0.0, 0.3598450723341213, 0.3598450723341213, 190, 6, 1001.867434544, 1221.888151093)
(6351.9728894697755, 6367.361503998634, 0.0, 0.0, 0.24167961123606643, 0.24167961123606643, 208, 7, 1269.379990045, 1512.9731785170002)
(6354.150751830526, 6367.361503998634, 0.0, 0.0, 0.2817080905106126, 0.20747608188748226, 223, 8, 1441.96210698, 1700.0776388030001)
(6355.199809489601, 6361.381436298899, 0.0, 0.0, 0.09717428315215938, 0.09717428315215938, 232, 9, 1729.969150679, 1997.144935382)
(6357.993845750489, 6361.381436298899, 0.0, 0.0, 0.053965286031327185, 0.053252435533578744, 258, 10, 1750.516710946, 2043.2117948520001)
(6359.749687377265, 6361.293103970483, 0.0, 0.0, 0.024262623463366283, 0.024262623463366283, 266, 11, 1767.445354158, 2063.1453110400003)
(6360.146763280513, 6361.032247209773, 0.0, 0.0, 0.013920443960149307, 0.013920443960149307, 288, 12, 1819.8516630580002, 2115.93178227)
(6360.414764492784, 6360.936617119596, 0.0, 0.0, 0.008204021800929176, 0.008204021800929176, 303, 13, 1836.2840537730003, 2135.492482904)
(6360.504805143659, 6360.936617119596, 0.0, 0.0, 0.007378397915938287, 0.006788496756517654, 309, 14, 1865.7120635920003, 2165.078055122)
(6360.557628745803, 6360.813940575703, 0.0, 0.0, 0.004029544525181652, 0.004029544525181652, 314, 15, 1885.0653302870003, 2187.3477420100003)
(6360.64753172248, 6360.766473242449, 0.0, 0.0, 0.0018699243317468626, 0.0018699243317468626, 335, 16, 1897.8793993900003, 2200.572288654)
(6360.705207065861, 6360.766473242449, 0.0, 0.0, 0.0010095976347953785, 0.0009631885849894256, 350, 17, 1919.6026871100003, 2222.655972334)
(6360.726453653059, 6360.76088065532, 0.0, 0.0, 0.0005412403155305035, 0.0005412403155305035, 371, 18, 1951.8421563530003, 2255.306315763)
(6360.734030318705, 6360.756493661867, 0.0, 0.0, 0.0003531552132986438, 0.0003531552132986438, 381, 19, 2009.9839743190003, 2313.749314473)
(6360.737846163057, 6360.748246975252, 0.0, 0.0, 0.00016351554552097533, 0.00016351554552097533, 389, 20, 2028.6846879810003, 2332.701003389)
(6360.74043499223, 6360.748246975252, 0.0, 0.0, 0.0001404317645800754, 0.00012281547262946608, 401, 21, 2045.6604287290002, 2349.978663356)
(6360.7409600997735, 6360.746005702617, 0.0, 0.0, 7.932407361289768e-5, 7.932407361289768e-5, 406, 22, 2077.094367952, 2381.5675414800003)
