solving instance mcf nodes c100_400_30_F_T_10 3 6 square
Set parameter TokenServer to value "licences.gerad.lan"
Set parameter TokenServer to value "licences.gerad.lan"
Set parameter TokenServer to value "licences.gerad.lan"
Set parameter FeasibilityTol to value 1e-09
Set parameter MIPGap to value 1e-09
Set parameter Threads to value 1
Set parameter OptimalityTol to value 1e-09
Set parameter IntFeasTol to value 1e-09
Set parameter TimeLimit to value 3588.003718704
Iteration 1	LB = -1.0e20	UB = 1.0e20	CPU = 12.996281296000001, #pieces = 900
Iteration 2	LB = 2834.703174503163	UB = 3003.3809429784483	CPU = 24.984067247000002, #pieces = 957
Iteration 3	LB = 2847.0552421155166	UB = 3003.3809429784483	CPU = 52.505908279, #pieces = 1000
Iteration 4	LB = 2886.132336231623	UB = 3003.3809429784483	CPU = 74.72430777400001, #pieces = 1021
Iteration 5	LB = 2907.2845880791197	UB = 2993.7003027812475	CPU = 87.746852179, #pieces = 1052
Iteration 6	LB = 2923.274205982252	UB = 2983.8511069433903	CPU = 129.397731883, #pieces = 1101
Iteration 7	LB = 2932.148939286987	UB = 2983.7785018401573	CPU = 261.09614726300003, #pieces = 1163
Iteration 8	LB = 2941.9544642347414	UB = 2983.7785018401573	CPU = 431.800107689, #pieces = 1189
Iteration 9	LB = 2947.3543019936333	UB = 2983.7785018401573	CPU = 622.5081123140001, #pieces = 1207
Iteration 10	LB = 2949.434303588146	UB = 2971.067159014051	CPU = 710.551414174, #pieces = 1288
Iteration 11	LB = 2954.59752234524	UB = 2971.067159014051	CPU = 853.4027633510001, #pieces = 1302
Iteration 12	LB = 2956.3892136606064	UB = 2968.5449219438324	CPU = 1006.709841737, #pieces = 1380
Iteration 13	LB = 2959.319113863748	UB = 2968.5449219438324	CPU = 1465.2396658320001, #pieces = 1389
Iteration 14	LB = 2959.868422318035	UB = 2966.322675978148	CPU = 1611.793014259, #pieces = 1468
translating piece by -1.681081940319018e-7
Iteration 15	LB = 2961.759700189431	UB = 2966.322675978148	CPU = 1940.727622108, #pieces = 1514
Iteration 16	LB = 2962.835704216654	UB = 2965.977198187255	CPU = 2276.2769993770003, #pieces = 1519
translating piece by -1.4415324756100745e-7
Iteration 17	LB = 2963.008617553374	UB = 2965.7961929062826	CPU = 2568.312988216, #pieces = 1586
Iteration 18	LB = 2963.5429453750407	UB = 2965.7961929062826	CPU = 2889.94836698, #pieces = 1587
Iteration 19	LB = 2963.6221331339116	UB = 2965.7961929062826	CPU = 3371.577528527, #pieces = 1593
translating piece by -1.0096310631979577e-7
Iteration 20	LB = 2963.655370017663	UB = 2964.9872495185805	CPU = 3592.7832970460004, #pieces = 1693
WRITING LOG...
(2834.703174503163, 3003.3809429784483, 0.0, 0.0, 5.616262861014482, 5.616262861014482, 900, 1, 1.602252966, 14.627448888000002)
(2847.0552421155166, 3003.3809429784483, 0.0, 0.0, 5.418446135813234, 5.204990769765745, 957, 2, 28.944820505000003, 52.327701502000004)
(2886.132336231623, 3003.3809429784483, 0.0, 0.0, 4.043369535099869, 3.9038872847927863, 1000, 3, 51.117853647000004, 74.67980691000001)
(2907.2845880791197, 2993.7003027812475, 0.0, 0.0, 2.8865853613284123, 2.8865853613284123, 1021, 4, 64.067690423, 87.67502315)
(2923.274205982252, 2983.8511069433903, 0.0, 0.0, 2.0301583018058875, 2.0301583018058875, 1052, 5, 105.551453875, 129.231462835)
(2932.148939286987, 2983.7785018401573, 0.0, 0.0, 1.7303416631405184, 1.7303416631405184, 1101, 6, 237.054138249, 260.901185911)
(2941.9544642347414, 2983.7785018401573, 0.0, 0.0, 1.4985318624980974, 1.4017138865911858, 1163, 7, 407.694002473, 431.736820587)
(2947.3543019936333, 2983.7785018401573, 0.0, 0.0, 1.688503358047734, 1.2207407427883976, 1189, 8, 598.358176158, 622.4651164290001)
(2949.434303588146, 2971.067159014051, 0.0, 0.0, 0.7281173486863791, 0.7281173486863791, 1207, 9, 686.136712553, 710.287486305)
(2954.59752234524, 2971.067159014051, 0.0, 0.0, 0.576382950300317, 0.5543340418557313, 1288, 10, 828.894365395, 853.3099016670001)
(2956.3892136606064, 2968.5449219438324, 0.0, 0.0, 0.40948372360376134, 0.40948372360376134, 1302, 11, 981.967829228, 1006.476968786)
(2959.319113863748, 2968.5449219438324, 0.0, 0.0, 0.4315012343232243, 0.31078553037503587, 1380, 12, 1440.46958681, 1465.2123820030001)
(2959.868422318035, 2966.322675978148, 0.0, 0.0, 0.21758434146024447, 0.21758434146024447, 1389, 13, 1586.737642124, 1611.5085227060001)
(2961.759700189431, 2966.322675978148, 0.0, 0.0, 0.1627724330219405, 0.15382600907408586, 1468, 14, 1912.696181143, 1937.7523748600001)
(2962.835704216654, 2965.977198187255, 0.0, 0.0, 0.10591767099629161, 0.10591767099629161, 1514, 15, 2248.220916953, 2276.2531576320002)
(2963.008617553374, 2965.7961929062826, 0.0, 0.0, 0.09399079274483628, 0.09399079274483628, 1519, 16, 2537.602543296, 2565.659455713)
(2963.5429453750407, 2965.7961929062826, 0.0, 0.0, 0.2449077612551603, 0.07597445625668013, 1586, 17, 2859.228731616, 2889.9399679020003)
(2963.6221331339116, 2965.7961929062826, 0.0, 0.0, 0.092172252547028, 0.07330442252138049, 1587, 18, 3340.836041859, 3371.5564913370004)
(2963.655370017663, 2964.9872495185805, 0.0, 0.0, 0.044920243793087095, 0.044920243793087095, 1593, 19, 3560.257551968, 3590.9998853330003)
(2963.655370017663, 2964.9872495185805, -1.0, 0.0, 0.044920243793087095, 0.044920243793087095, 1693, 20, 3568.493267776, 3601.019068587)
