solving instance mcf nodes c25_100_30_F_T_5 3 6 sinabc2
Set parameter TokenServer to value "licences.gerad.lan"
Set parameter TokenServer to value "licences.gerad.lan"
Set parameter TokenServer to value "licences.gerad.lan"
Set parameter FeasibilityTol to value 1e-09
Set parameter MIPGap to value 1e-09
Set parameter Threads to value 1
Set parameter OptimalityTol to value 1e-09
Set parameter IntFeasTol to value 1e-09
Set parameter TimeLimit to value 3537.505939725
Iteration 1	LB = -1.0e20	UB = 1.0e20	CPU = 63.494060275, #pieces = 225
translating piece by -1.7692655916334843e-5
translating piece by -1.8360301396569412e-5
translating piece by -2.1642901373297718e-5
translating piece by -2.1698542667536458e-5
translating piece by -3.621987752921996e-5
translating piece by -3.621987752921996e-5
translating piece by -3.304855255237271e-5
translating piece by -3.304855255237271e-5
Iteration 2	LB = 4886.586940594017	UB = 5162.452069235648	CPU = 145.625840242, #pieces = 266
translating piece by -1.2300563412281917e-5
translating piece by -2.898887800029115e-5
translating piece by -1.2572679509048612e-5
translating piece by -1.2572679509048612e-5
translating piece by -2.963019773005726e-5
translating piece by -1.0722164148546653e-5
translating piece by -1.0722164148546653e-5
translating piece by -2.5269052031262618e-5
translating piece by -7.157173484984014e-6
translating piece by -7.157173484984014e-6
translating piece by -1.6867450995050604e-5
translating piece by -9.388719803382628e-6
translating piece by -9.388719803382628e-6
translating piece by -2.2126489767515523e-5
translating piece by -1.579839067744615e-5
translating piece by -1.579839067744615e-5
translating piece by -2.4053626816566975e-5
translating piece by -1.2524846312089721e-5
translating piece by -1.9069542503302728e-5
Iteration 3	LB = 4962.157282656306	UB = 5162.452069235648	CPU = 209.8472235, #pieces = 284
translating piece by -1.4917976898232155e-6
translating piece by -1.0558910730651405e-5
translating piece by -2.4884234107958036e-5
translating piece by -1.3225851830611646e-5
translating piece by -1.3225851830611646e-5
translating piece by -3.116943275927042e-5
Iteration 4	LB = 5041.681275449936	UB = 5162.452069235648	CPU = 259.843269555, #pieces = 295
translating piece by -1.4858639531212248e-5
translating piece by -3.501758578750014e-5
translating piece by -1.521240886859232e-5
translating piece by -3.585127859651038e-5
translating piece by -6.994235093316092e-7
Iteration 5	LB = 5055.660553652979	UB = 5116.6203044736485	CPU = 336.365472876, #pieces = 308
translating piece by -1.583398301363559e-5
translating piece by -2.4107800072670216e-5
translating piece by -9.01729210056601e-6
translating piece by -5.67637272297361e-7
translating piece by -1.9076044850407925e-6
Iteration 6	LB = 5075.081105520454	UB = 5116.6203044736485	CPU = 416.51183096700004, #pieces = 340
translating piece by -8.02638091101926e-6
Iteration 7	LB = 5089.164114544506	UB = 5116.6203044736485	CPU = 508.310949772, #pieces = 348
translating piece by -6.407892456650188e-6
translating piece by -1.18648931959342e-5
translating piece by -1.18648931959342e-5
translating piece by -1.3668579299519479e-6
translating piece by -1.3668579299519479e-6
translating piece by -2.674041013506212e-6
translating piece by -2.646355696356295e-6
translating piece by -2.646355696356295e-6
translating piece by -1.5948292002576636e-6
translating piece by -3.235473911900044e-6
translating piece by -3.171235380250437e-5
translating piece by -3.171235380250437e-5
translating piece by -4.463610423499631e-6
Iteration 8	LB = 5097.078544077429	UB = 5108.710124490494	CPU = 615.723697138, #pieces = 385
translating piece by -1.020705411747258e-6
translating piece by -1.020705411747258e-6
translating piece by -1.9968488231825177e-6
translating piece by -1.3372723515203688e-6
translating piece by -1.3372723515203688e-6
translating piece by -2.6161613391195715e-6
translating piece by -2.8129521751907305e-6
translating piece by -9.407786194515211e-7
translating piece by -9.407786194515211e-7
translating piece by -1.8405838204671454e-6
translating piece by -7.780616044783528e-7
translating piece by -7.780616044783528e-7
translating piece by -1.5222447586893395e-6
Iteration 9	LB = 5102.45987129509	UB = 5108.710124490494	CPU = 774.143724182, #pieces = 403
translating piece by -1.008583592465584e-5
translating piece by -1.008583592465584e-5
translating piece by -2.4465235924253648e-5
translating piece by -2.112728310521561e-6
translating piece by -2.112728310521561e-6
translating piece by -1.93958624095103e-5
translating piece by -1.93958624095103e-5
translating piece by -4.386947580314882e-6
translating piece by -3.6103111256124976e-5
translating piece by -3.6103111256124976e-5
translating piece by -2.8935695922882587e-5
translating piece by -1.7920622497058503e-5
translating piece by -1.7920622497058503e-5
translating piece by -5.879907689632091e-7
Iteration 10	LB = 5103.377239815269	UB = 5108.710124490494	CPU = 899.5410339880001, #pieces = 416
translating piece by -1.0617021644065971e-6
translating piece by -1.0617021644065971e-6
translating piece by -2.6204632945336925e-5
translating piece by -3.876647838296776e-7
Iteration 11	LB = 5104.813505006244	UB = 5108.710124490494	CPU = 1011.1186389070001, #pieces = 421
translating piece by -1.4988523844294832e-7
translating piece by -1.4988523844294832e-7
translating piece by -2.310945831140998e-6
translating piece by -6.462605824708589e-6
translating piece by -8.80097870492591e-6
translating piece by -8.80097870492591e-6
translating piece by -3.346840742324275e-7
translating piece by -3.346840742324275e-7
translating piece by -1.0759266899640352e-6
Iteration 12	LB = 5104.890488208784	UB = 5107.302858766365	CPU = 1140.688163713, #pieces = 438
Iteration 13	LB = 5105.9787667825785	UB = 5107.302858766365	CPU = 1282.317198849, #pieces = 450
translating piece by -7.076096153468825e-7
translating piece by -7.076096153468825e-7
translating piece by -2.2868234168527124e-6
translating piece by -2.4045838813435694e-6
translating piece by -2.54057590609591e-6
Iteration 14	LB = 5106.330710723115	UB = 5107.302858766365	CPU = 1427.4741612080002, #pieces = 467
translating piece by -1.9632376364597803e-6
Iteration 15	LB = 5106.626893361243	UB = 5107.302858766365	CPU = 1597.8702912570002, #pieces = 485
translating piece by -9.183167435367068e-7
Iteration 16	LB = 5106.947703221453	UB = 5107.302858766365	CPU = 1811.8674581120001, #pieces = 496
Iteration 17	LB = 5106.985911774544	UB = 5107.302858766365	CPU = 2015.8087753010002, #pieces = 504
Iteration 18	LB = 5107.019497528703	UB = 5107.170215065605	CPU = 2212.637350945, #pieces = 522
translating piece by -2.2644131263405143e-6
translating piece by -2.2644131263405143e-6
translating piece by -2.8471131940932537e-6
Iteration 19	LB = 5107.085089576718	UB = 5107.150775095276	CPU = 2496.1290140200003, #pieces = 542
Iteration 20	LB = 5107.110555957068	UB = 5107.150775095276	CPU = 2780.610220459, #pieces = 549
Iteration 21	LB = 5107.125078572124	UB = 5107.150718694368	CPU = 3066.4445347180003, #pieces = 571
WRITING LOG...
(4886.586940594017, 5162.452069235648, 0.0, 0.0, 5.343684066058092, 5.343684066058092, 225, 1, 8.27817737, 71.80164340900001)
(4962.157282656306, 5162.452069235648, 0.0, 0.0, 4.049981070347501, 3.879838183349909, 266, 2, 35.598601284000004, 172.946461996)
(5041.681275449936, 5162.452069235648, 0.0, 0.0, 2.342532543621686, 2.339407556060728, 284, 3, 70.48818200400001, 244.736958737)
(5055.660553652979, 5116.6203044736485, 0.0, 0.0, 1.1914065768642332, 1.1914065768642332, 295, 4, 110.47120784100001, 299.826647911)
(5075.081105520454, 5116.6203044736485, 0.0, 0.0, 0.9044988712838841, 0.8118483780568055, 308, 5, 161.919807865, 387.814365829)
(5089.164114544506, 5116.6203044736485, 0.0, 0.0, 0.878799767162252, 0.5366079227168, 340, 6, 238.133235082, 492.725394144)
(5097.078544077429, 5108.710124490494, 0.0, 0.0, 0.22768135458117172, 0.22768135458117172, 348, 7, 324.096296111, 594.2743013830001)
(5102.45987129509, 5108.710124490494, 0.0, 0.0, 0.3120420429719766, 0.12234503510859386, 385, 8, 458.26576176000003, 749.89347608)
(5103.377239815269, 5108.710124490494, 0.0, 0.0, 0.11953586208856745, 0.10438808515794343, 403, 9, 572.883377956, 888.761499834)
(5104.813505006244, 5108.710124490494, 0.0, 0.0, 0.11957250274852349, 0.07627403765914728, 416, 10, 681.658092967, 1008.3160376440001)
(5104.890488208784, 5107.302858766365, 0.0, 0.0, 0.047233747915311416, 0.047233747915311416, 421, 11, 803.6417759130001, 1133.1026557980001)
(5105.9787667825785, 5107.302858766365, 0.0, 0.0, 0.03544717833561211, 0.02592546438701112, 438, 12, 940.8671897260001, 1277.91389163)
(5106.330710723115, 5107.302858766365, 0.0, 0.0, 0.022884368679922468, 0.01903447025040455, 450, 13, 1082.1165667550001, 1423.5669288380002)
(5106.626893361243, 5107.302858766365, 0.0, 0.0, 0.013484444875000709, 0.01323527160645643, 467, 14, 1250.5153588160001, 1595.8732795970002)
(5106.947703221453, 5107.302858766365, 0.0, 0.0, 0.006977577115065423, 0.006953876727762879, 485, 15, 1462.1837581900002, 1809.53902921)
(5106.985911774544, 5107.302858766365, 0.0, 0.0, 0.006917257491753289, 0.006205760664401354, 496, 16, 1666.0713314140003, 2015.7553725890002)
(5107.019497528703, 5107.170215065605, 0.0, 0.0, 0.002951096802235766, 0.002951096802235766, 504, 17, 1859.7986683330003, 2209.536511394)
(5107.085089576718, 5107.150775095276, 0.0, 0.0, 0.0012861480197196436, 0.0012861480197196436, 522, 18, 2140.137455647, 2492.976533084)
(5107.110555957068, 5107.150775095276, 0.0, 0.0, 0.0009749513017549675, 0.0007875063803536905, 542, 19, 2424.5720742, 2780.563983003)
(5107.125078572124, 5107.150718694368, 0.0, 0.0, 0.0005020435788248591, 0.0005020435788248591, 549, 20, 2710.18681007, 3066.2253336440003)
(5107.125078572124, 5107.150718694368, -1.0, 0.0, 0.0005020435788248591, 0.0005020435788248591, 571, 21, 3244.762595418, 3601.020387068)
