solving instance mcf nodes c100_400_10_V_L_10 3 6 sinabc2
Set parameter TokenServer to value "licences.gerad.lan"
Set parameter TokenServer to value "licences.gerad.lan"
Set parameter TokenServer to value "licences.gerad.lan"
Set parameter FeasibilityTol to value 1e-09
Set parameter MIPGap to value 1e-09
Set parameter Threads to value 1
Set parameter OptimalityTol to value 1e-09
Set parameter IntFeasTol to value 1e-09
Set parameter TimeLimit to value 3402.778031063
translating piece by -1.8575389049146906e-7
Iteration 1	LB = -1.0e20	UB = 1.0e20	CPU = 198.221968937, #pieces = 900
translating piece by -5.6750038979203055e-6
translating piece by -5.619364848996611e-6
Iteration 2	LB = 1174.4948666211824	UB = 1249.9314592351068	CPU = 322.411083978, #pieces = 919
translating piece by -4.272535406357747e-6
translating piece by -1.0069134930290602e-5
translating piece by -3.0479246220238565e-6
translating piece by -7.183085429574021e-6
translating piece by -4.590075278088079e-6
translating piece by -6.988553721498647e-6
translating piece by -6.453926488347861e-6
translating piece by -6.453926488347861e-6
translating piece by -1.89166786768169e-6
Iteration 3	LB = 1208.8706001054334	UB = 1249.9314592351068	CPU = 491.99691692700003, #pieces = 949
translating piece by -4.360093882382898e-6
Iteration 4	LB = 1221.3967103590119	UB = 1249.9314592351068	CPU = 1110.905867804, #pieces = 954
translating piece by -1.9593824376329394e-6
translating piece by -4.617700582798534e-6
translating piece by -2.840612225440964e-6
translating piece by -2.930343924845147e-6
translating piece by -7.10814263982229e-6
translating piece by -4.354173288589891e-7
translating piece by -1.0261530452027046e-6
translating piece by -4.486433624606434e-7
translating piece by -2.3451565667187424e-6
Iteration 5	LB = 1222.898200285058	UB = 1245.9086395207896	CPU = 1535.3695601620002, #pieces = 1000
translating piece by -2.4792877439949734e-7
Iteration 6	LB = 1230.462055907836	UB = 1245.9086395207896	CPU = 2369.8312421250002, #pieces = 1005
translating piece by -3.3135950161522487e-7
translating piece by -3.3135950161522487e-7
translating piece by -6.482523815520835e-7
Iteration 7	LB = 1230.5899784755054	UB = 1245.9086395207896	CPU = 3211.8216436390003, #pieces = 1035
WRITING LOG...
(1174.4948666211824, 1249.9314592351068, 0.0, 0.0, 6.035258338092209, 6.035258338092209, 900, 1, 78.99202643400001, 277.24359860100003)
(1208.8706001054334, 1249.9314592351068, 0.0, 0.0, 3.308602258475596, 3.2850488581830346, 919, 2, 207.575436716, 450.99503080500006)
(1221.3967103590119, 1249.9314592351068, 0.0, 0.0, 2.631708833555578, 2.2829050877363066, 949, 3, 814.471427628, 1098.893517767)
(1222.898200285058, 1245.9086395207896, 0.0, 0.0, 1.8468801407928317, 1.8468801407928317, 954, 4, 1149.604115842, 1446.039241934)
(1230.462055907836, 1245.9086395207896, 0.0, 0.0, 4.1263127136185, 1.2397846136531185, 1000, 5, 1973.550271535, 2359.3164146000004)
(1230.5899784755054, 1245.9086395207896, 0.0, 0.0, 1.5502622447353387, 1.2295172020940628, 1005, 6, 2791.538559524, 3187.820167482)
(1230.5899784755054, 1245.9086395207896, -1.0, 0.0, 1.2295172020940628, 1.2295172020940628, 1035, 7, 3180.7357427360002, 3601.018887862)
