solving instance uflp nlass holmberg 63 sinabc1
Set parameter TokenServer to value "licences.gerad.lan"
Set parameter MIPGap to value 1e-06
Set parameter FuncPieceError to value 1e-06
Set parameter Threads to value 1
Set parameter FuncPieces to value -2
Set parameter TimeLimit to value 3600
Gurobi Optimizer version 12.0.2 build v12.0.2rc0 (linux64 - "AlmaLinux 9.6 (Sage Margay)")

CPU model: Intel(R) Xeon(R) Gold 6258R CPU @ 2.70GHz, instruction set [SSE2|AVX|AVX2|AVX512]
Thread count: 56 physical cores, 56 logical processors, using up to 1 threads

Non-default parameters:
TimeLimit  3600
MIPGap  1e-06
Threads  1
FuncPieces  -2
FuncPieceError  1e-06

Optimize a model with 30200 rows, 42030 columns and 72000 nonzeros
Model fingerprint: 0xeef8783e
Model has 12000 function constraints treated as nonlinear
  6000 POW, 6000 SIN
Variable types: 36000 continuous, 6030 integer (6030 binary)
Coefficient statistics:
  Matrix range     [1e+00, 2e+02]
  Objective range  [1e+00, 1e+03]
  Bounds range     [1e+00, 1e+10]
  RHS range        [1e+00, 1e+00]
Warning: Model contains large bounds
         Consider reformulating model or setting NumericFocus parameter
         to avoid numerical issues.
Presolve removed 18000 rows and 24000 columns
Presolve time: 0.18s
Presolved: 42200 rows, 18031 columns, 96000 nonzeros
Presolved model has 6000 quadratic objective terms
Presolved model has 6000 nonlinear constraint(s)

Solving non-convex MINLP

Variable types: 18001 continuous, 30 integer (30 binary)
Performing another presolve...
Presolve removed 0 rows and 1 columns
Presolve time: 0.08s
Found heuristic solution: objective 97790.999931

Root simplex log...

Iteration    Objective       Primal Inf.    Dual Inf.      Time
   17380    1.3619047e+03   3.146876e+02   0.000000e+00      5s
   20788    1.5719601e+03   2.668422e+02   0.000000e+00     10s
   23770    1.7357175e+03   2.321672e+02   0.000000e+00     15s
   26326    1.8898066e+03   1.987664e+02   0.000000e+00     20s
   28598    2.0473560e+03   1.692795e+02   0.000000e+00     25s
   30586    2.2038044e+03   1.420542e+02   0.000000e+00     30s
   32716    2.4279769e+03   1.133667e+02   0.000000e+00     35s
   34704    2.6609416e+03   8.635970e+01   0.000000e+00     40s
   36550    2.8991088e+03   6.059627e+01   0.000000e+00     45s
   38396    3.1126239e+03   3.478016e+01   0.000000e+00     50s
   40242    3.2865844e+03   1.252652e+01   0.000000e+00     55s
   41342    3.3151916e+03   0.000000e+00   0.000000e+00     59s

Root relaxation: objective 3.315192e+03, 41342 iterations, 58.13 seconds (22.99 work units)

    Nodes    |    Current Node    |     Objective Bounds      |     Work
 Expl Unexpl |  Obj  Depth IntInf | Incumbent    BestBd   Gap | It/Node Time

     0     0 3315.19160    0 6030 97790.9999 3315.19160  96.6%     -   58s
H    0     0                    49871.634572 3315.19160  93.4%     -   58s
H    0     0                    39782.768376 3315.19160  91.7%     -   59s
     0     0 3320.81781    0 6030 39782.7684 3320.81781  91.7%     -   61s
H    0     0                    33169.542031 3320.81781  90.0%     -   68s
     0     2 3320.81781    0 6030 33169.5420 3320.81781  90.0%     -   72s
     3     5 3457.52577    2 5628 33169.5420 3387.46966  89.8%  6630   98s
     5     7 4735.52025    3 5627 33169.5420 3458.00830  89.6%  4110  100s
     6     8 3534.59773    3 5427 33169.5420 3534.59773  89.3%  6326  120s
     8    10 3604.66684    4 5226 33169.5420 3604.66684  89.1%  6804  165s
     9    11 3673.31834    5 5025 33169.5420 3607.93266  89.1%  7895  184s
    11    13 3792.75761    6 4824 33169.5420 3677.47107  88.9%  6999  192s
    15    17 3972.02953    8 4422 33169.5420 3882.35377  88.3%  6117  209s
    16    18 5083.15627    8 4622 33169.5420 3972.77000  88.0%  5747  210s
    17    19 4062.73068    9 4221 33169.5420 3985.40572  88.0%  5699  215s
    21    23 4296.57323   11 3819 33169.5420 4166.63094  87.4%  5090  224s
    23    25 4468.48622   12 3618 33169.5420 4330.74241  86.9%  4689  225s
    37    39 6278.84431   19 2211 33169.5420 4623.35577  86.1%  3079  230s
    59    61 11398.9877   30 1800 33169.5420 4623.35577  86.1%  2059  324s
H   60    60                    30997.510838 4623.35577  85.1%  2025  325s
   178   180 11836.7870   89 1599 30997.5108 4623.35577  85.1%   687  330s
   362   364 12543.8007  181 1599 30997.5108 4623.35577  85.1%   339  335s
   535   537 13103.8369  268 1600 30997.5108 4623.35577  85.1%   230  340s
   714   716 13666.9051  357 1599 30997.5108 4623.35577  85.1%   173  345s
   897   899 14172.5580  449 1600 30997.5108 4623.35577  85.1%   138  350s
  1060  1062 14646.7290  530 1600 30997.5108 4623.35577  85.1%   117  356s
  1199  1201 15078.6939  600 1599 30997.5108 4623.35577  85.1%   103  360s
  1378  1380 15554.4025  689 1599 30997.5108 4623.35577  85.1%  90.2  365s
  1561  1563 15971.0490  781 1600 30997.5108 4623.35577  85.1%  79.8  370s
  1743  1745 16398.5958  872 1600 30997.5108 4623.35577  85.1%  71.6  375s
  1929  1931 16814.4204  965 1600 30997.5108 4623.35577  85.1%  64.9  380s
  2115  2117 17223.6234 1058 1600 30997.5108 4623.35577  85.1%  59.3  385s
  2311  2313 17627.5194 1156 1600 30997.5108 4623.35577  85.1%  54.4  390s
  2501  2503 17988.7217 1251 1600 30997.5108 4623.35577  85.1%  50.3  395s
  2551  2552 15766.9169  732   15 30997.5108 4623.35577  85.1%  49.4  412s
  2553  2553 11415.7125   39   30 30997.5108 4623.35577  85.1%  49.3  461s
  2554  2554 17974.0066 1237   30 30997.5108 4623.35577  85.1%  49.3  472s
  2555  2555 17526.8187 1119   30 30997.5108 4623.35577  85.1%  49.3  497s
H 2556  2427                    27723.870372 4623.35577  83.3%  65.4 1720s
  2557  2430 4623.35577   16 6029 27723.8704 4623.35577  83.3%  66.1 1725s
  2558  2431 4623.35577   17 5628 27723.8704 4623.35577  83.3%  73.4 1744s
  2559  2431 4717.79231   17 5828 27723.8704 4623.35577  83.3%  73.5 1746s
  2560  2432 4623.35577   18 5427 27723.8704 4623.35577  83.3%  80.1 1763s
  2562  2433 4623.35577   19 5226 27723.8704 4623.35577  83.3%  86.6 1779s
  2563  2434 4623.35577   19 5426 27723.8704 4623.35577  83.3%  86.6 1780s
  2564  2435 4623.35577   20 5025 27723.8704 4623.35577  83.3%  92.6 1793s
  2566  2436 4623.35577   21 4824 27723.8704 4623.35577  83.3%  95.2 1800s
  2570  2439 4623.35577   23 4422 27723.8704 4623.35577  83.3%   102 1813s
  2572  2440 4623.35577   24 4221 27723.8704 4623.35577  83.3%   104 1817s
  2576  2443 4718.59443   26 3819 27723.8704 4623.35577  83.3%   108 1825s
H 2581  2322                    23517.729553 4623.35577  80.3%   108 1827s
H 2581  2207                    23517.729507 4623.35577  80.3%   108 1829s
  2582  2210 5316.09057   29 3216 23517.7295 4623.35577  80.3%   109 1830s
  2598  2220 8404.62554   37 2008 23517.7295 4623.35577  80.3%   111 1835s
  2678  2274 12729.6491   77 1600 23517.7295 4623.35577  80.3%   110 1840s
  2876  2406 13618.1819  176 1599 23517.7295 4623.35577  80.3%   102 1845s
H 2991  2370                    21909.844888 4623.35577  78.9%  98.5 1849s
  2992  2373 14053.8303  234 1599 21909.8449 4623.35577  78.9%  98.4 1850s
H 2994  2268                    21864.153540 4623.35577  78.9%  98.4 1852s
H 2997  2171                    21864.111991 4623.35577  78.9%  98.3 1854s
  3028  2194 14230.5394  252 1599 21864.1120 4623.35577  78.9%  97.3 1855s
  3208  2314 14808.3869  342 1599 21864.1120 4623.35577  78.9%  91.9 1860s
  3396  2439 15335.5060  436 1599 21864.1120 4623.35577  78.9%  86.9 1865s
  3591  2569 15920.3313  533 1599 21864.1120 4623.35577  78.9%  82.3 1870s
  3769  2688 16431.5989  622 1599 21864.1120 4623.35577  78.9%  78.5 1875s
  3959  2815 16850.5125  717 1600 21864.1120 4623.35577  78.9%  74.8 1880s
  3994  2838 17053.9045  735 1599 21864.1120 4623.35577  78.9%  74.1 1886s
H 3997  2744                    21864.107889 4623.35577  78.9%  74.1 1886s
H 3997  2655                    21735.028372 4623.35577  78.7%  74.1 1887s
H 3997  2570                    21735.028360 4623.35577  78.7%  74.1 1890s
  4150  2674 17475.8234  813 1600 21735.0284 4623.35577  78.7%  71.4 1895s
  4346  2805 18029.4874  911 1599 21735.0284 4623.35577  78.7%  68.2 1900s
  4537  2932 18466.4305 1006 1600 21735.0284 4623.35577  78.7%  65.4 1905s
  4730  3061 18922.6779 1103 1599 21735.0284 4623.35577  78.7%  62.8 1910s
  4922  3189 19410.0208 1199 1599 21735.0284 4623.35577  78.7%  60.4 1915s
  4988  3233 19500.6471 1232 1600 21735.0284 4623.35577  78.7%  59.6 1920s
  5098  3306 19772.8242 1287 1599 21735.0284 4623.35577  78.7%  58.4 1925s
  5276  3425 20233.7067 1376 1598 21735.0284 4623.35577  78.7%  56.4 1930s
  5452  3542 20403.7197 1464 1596 21735.0284 4623.35577  78.7%  54.7 1935s
  5642  3669 20645.5310 1559 1595 21735.0284 4623.35577  78.7%  52.9 1940s
  5824  3790 20829.4664 1650 1591 21735.0284 4623.35577  78.7%  51.2 1945s
  5988  3899 20916.5328 1732 1590 21735.0284 4623.35577  78.7%  49.9 1950s
  6163  4016 21058.8465 1819 1578 21735.0284 4623.35577  78.7%  48.5 1955s
  6360  4147 21165.2188 1918 1577 21735.0284 4623.35577  78.7%  47.0 1960s
  6558  4279 21254.9894 2017 1577 21735.0284 4623.35577  78.7%  45.6 1965s
  6752  4409 21331.2538 2114 1576 21735.0284 4623.35577  78.7%  44.3 1970s
  6960  4547 21401.4880 2218 1576 21735.0284 4623.35577  78.7%  43.0 1975s
  7138  4666 21461.7570 2307 1575 21735.0284 4623.35577  78.7%  42.0 1980s
  7336  4798 21528.4886 2406 1574 21735.0284 4623.35577  78.7%  40.9 1985s
  7534  4981 21577.4483 2505 1572 21735.0284 4623.35577  78.7%  39.8 1990s
  7726  5173 21615.0035 2601 1571 21735.0284 4623.35577  78.7%  38.9 1995s
  7910  5357 21646.0697 2693 1569 21735.0284 4623.35577  78.7%  38.0 2000s
  8078  5525 21669.2704 2777 1567 21735.0284 4623.35577  78.7%  37.2 2005s
  8274  5721 21693.5572 2875 1563 21735.0284 4623.35577  78.7%  36.4 2010s
  8482  5929 21712.7391 2979 1561 21735.0284 4623.35577  78.7%  35.5 2015s
  8656  6103 21731.2629 3066 1558 21735.0284 4623.35577  78.7%  34.8 2020s
  8742  6151 4623.35577   20 5225 21735.0284 4623.35577  78.7%  35.4 2032s
  8745  6154 4623.35577   22 4823 21735.0284 4623.35577  78.7%  35.6 2035s
  8751  6160 4857.07065   25 4220 21735.0284 4623.35577  78.7%  35.9 2042s
  8757  6166 5373.75686   28 3617 21735.0284 4623.35577  78.7%  36.3 2045s
  8773  6182 7939.80040   36 2009 21735.0284 4623.35577  78.7%  37.0 2050s
  8822  6231 12953.8297   60 1600 21735.0284 4623.35577  78.7%  37.6 2055s
  8974  6383 13829.0676  136 1599 21735.0284 4623.35577  78.7%  37.0 2060s
  9121  6530 14472.5377  210 1600 21735.0284 4623.35577  78.7%  36.5 2065s
  9301  6710 15219.9873  300 1600 21735.0284 4623.35577  78.7%  35.8 2070s
  9480  6889 15929.9932  389 1600 21735.0284 4623.35577  78.7%  35.1 2075s
  9653  7062 16621.0427  476 1600 21735.0284 4623.35577  78.7%  34.5 2080s
  9811  7220 17201.4070  555 1599 21735.0284 4623.35577  78.7%  34.0 2085s
  9970  7379 17776.1653  634 1599 21735.0284 4623.35577  78.7%  33.5 2090s
 10122  7531 18292.4667  710 1599 21735.0284 4623.35577  78.7%  33.0 2095s
 10295  7704 18828.6730  797 1599 21735.0284 4623.35577  78.7%  32.5 2100s
 10474  7883 19344.7450  886 1599 21735.0284 4623.35577  78.7%  31.9 2105s
 10641  8050 19684.9858  970 1600 21735.0284 4623.35577  78.7%  31.5 2110s
 10810  8219 20191.1055 1054 1599 21735.0284 4623.35577  78.7%  31.0 2115s
 10968  8377 20442.8434 1133 1599 21735.0284 4623.35577  78.7%  30.6 2120s
 11125  8534 20739.7236 1212 1600 21735.0284 4623.35577  78.7%  30.1 2125s
 11287  8696 21103.8170 1293 1599 21735.0284 4623.35577  78.7%  29.7 2130s
 11453  8862 21327.8166 1376 1600 21735.0284 4623.35577  78.7%  29.3 2135s
 11619  9028 21564.0820 1459 1598 21735.0284 4623.35577  78.7%  28.9 2140s
 11775  9152 4654.57376   20 5425 21735.0284 4623.35577  78.7%  28.6 2145s
 11776  9153 4758.08147   21 5224 21735.0284 4623.35577  78.7%  29.2 2155s
 11783  9160 6190.09007   24 4821 21735.0284 4623.35577  78.7%  29.5 2160s
 11792  9169 5690.24189   29 3616 21735.0284 4623.35577  78.7%  29.8 2165s
 11806  9183 7793.67998   36 2209 21735.0284 4623.35577  78.7%  30.3 2170s
 11844  9221 12272.4716   55 1599 21735.0284 4623.35577  78.7%  30.8 2175s
H11964  8923                    21698.182025 4623.35577  78.7%  30.5 2181s
 11970  8931 12789.6234  118 1600 21698.1820 4623.35577  78.7%  30.5 2185s
 12106  9067 13367.0239  186 1600 21698.1820 4623.35577  78.7%  30.2 2190s
 12264  9225 14135.6189  265 1599 21698.1820 4623.35577  78.7%  29.8 2195s
 12431  9392 14757.6164  348 1599 21698.1820 4623.35577  78.7%  29.4 2200s
 12585  9546 15270.0925  425 1600 21698.1820 4623.35577  78.7%  29.1 2205s
 12762  9723 15837.3443  514 1600 21698.1820 4623.35577  78.7%  28.7 2210s
 12940  9901 16487.0390  603 1599 21698.1820 4623.35577  78.7%  28.4 2215s
H12964  9923                    21698.182021 4623.35577  78.7%  28.3 2219s
H12964  9435                    21642.537773 4623.35577  78.6%  28.3 2220s
H12964  9435                    21642.537769 4623.35577  78.6%  28.3 2223s
 12967  9440 16598.6026  616 1599 21642.5378 4623.35577  78.6%  28.3 2225s
 13118  9591 16969.8331  692 1600 21642.5378 4623.35577  78.6%  28.0 2230s
 13300  9773 17607.4920  783 1599 21642.5378 4623.35577  78.6%  27.6 2235s
 13490  9963 18080.3535  878 1600 21642.5378 4623.35577  78.6%  27.3 2240s
 13678 10151 18560.0614  972 1600 21642.5378 4623.35577  78.6%  26.9 2245s
 13865 10338 19005.3209 1065 1599 21642.5378 4623.35577  78.6%  26.6 2250s
 13961 10434 19222.7996 1113 1599 21642.5378 4623.35577  78.6%  26.4 2256s
 14046 10519 19304.4710 1156 1599 21642.5378 4623.35577  78.6%  26.2 2260s
 14236 10709 19566.5324 1251 1599 21642.5378 4623.35577  78.6%  25.9 2265s
 14433 10906 19921.9645 1349 1598 21642.5378 4623.35577  78.6%  25.6 2270s
 14639 11112 20217.4041 1452 1597 21642.5378 4623.35577  78.6%  25.2 2275s
 14834 11307 20448.1564 1550 1594 21642.5378 4623.35577  78.6%  24.9 2280s
 14958 11431 20605.9154 1612 1589 21642.5378 4623.35577  78.6%  24.7 2285s
 15134 11607 20715.1059 1700 1582 21642.5378 4623.35577  78.6%  24.4 2290s
 15330 11803 20844.0693 1798 1571 21642.5378 4623.35577  78.6%  24.1 2295s
 15536 12009 20967.8863 1901 1570 21642.5378 4623.35577  78.6%  23.8 2300s
 15746 12219 21071.8384 2006 1571 21642.5378 4623.35577  78.6%  23.5 2305s
 15952 12425 21170.8117 2109 1571 21642.5378 4623.35577  78.6%  23.2 2310s
 16128 12601 21238.9880 2197 1570 21642.5378 4623.35577  78.6%  23.0 2315s
 16333 12806 21309.3915 2299 1570 21642.5378 4623.35577  78.6%  22.7 2320s
 16538 13011 21372.8991 2402 1570 21642.5378 4623.35577  78.6%  22.4 2325s
 16750 13223 21432.2064 2508 1569 21642.5378 4623.35577  78.6%  22.2 2330s
 16949 13422 21476.6604 2607 1569 21642.5378 4623.35577  78.6%  21.9 2335s
 17137 13610 21512.9299 2701 1566 21642.5378 4623.35577  78.6%  21.7 2340s
 17342 13815 21545.1786 2804 1562 21642.5378 4623.35577  78.6%  21.4 2345s
 17559 14032 21570.6881 2912 1562 21642.5378 4623.35577  78.6%  21.2 2350s
 17768 14241 21590.3058 3017 1561 21642.5378 4623.35577  78.6%  20.9 2355s
 17952 14425 21604.5002 3109 1562 21642.5378 4623.35577  78.6%  20.7 2360s
 18163 14636 21620.2242 3214 1559 21642.5378 4623.35577  78.6%  20.5 2365s
 18365 14838 21629.7295 3315 1559 21642.5378 4623.35577  78.6%  20.3 2370s
 18532 15005 21636.2452 3399 1559 21642.5378 4623.35577  78.6%  20.1 2375s
 18663 15130 21641.0798 3464 1560 21642.5378 4623.35577  78.6%  20.0 2380s
 18712 15153 5208.53271   18 5827 21642.5378 4623.35577  78.6%  20.1 2385s
 18718 15159 5703.18939   21 5224 21642.5378 4623.35577  78.6%  20.3 2390s
 18727 15168 5213.02326   26 4019 21642.5378 4623.35577  78.6%  20.6 2395s
 18737 15178 6287.07996   31 3014 21642.5378 4623.35577  78.6%  20.8 2400s
 18751 15192 8969.12088   38 1807 21642.5378 4623.35577  78.6%  21.2 2405s
 18837 15278 12702.4120   81 1599 21642.5378 4623.35577  78.6%  21.4 2410s
 18946 15387 13117.2633  135 1600 21642.5378 4623.35577  78.6%  21.3 2416s
 19037 15478 13620.7207  181 1599 21642.5378 4623.35577  78.6%  21.2 2420s
 19239 15680 14423.2656  282 1600 21642.5378 4623.35577  78.6%  21.0 2425s
 19435 15876 15188.9305  380 1600 21642.5378 4623.35577  78.6%  20.8 2430s
 19633 16074 16002.1263  479 1599 21642.5378 4623.35577  78.6%  20.6 2435s
 19829 16270 16667.1743  577 1599 21642.5378 4623.35577  78.6%  20.4 2440s
 19943 16384 16909.5072  634 1600 21642.5378 4623.35577  78.6%  20.3 2446s
 20021 16462 17256.1778  673 1599 21642.5378 4623.35577  78.6%  20.3 2450s
 20212 16653 17827.2976  768 1599 21642.5378 4623.35577  78.6%  20.1 2455s
 20408 16849 18312.5032  866 1599 21642.5378 4623.35577  78.6%  19.9 2460s
 20604 17045 18708.1820  964 1599 21642.5378 4623.35577  78.6%  19.7 2465s
 20794 17235 19169.7301 1059 1599 21642.5378 4623.35577  78.6%  19.6 2470s
 20951 17392 19455.6510 1138 1599 21642.5378 4623.35577  78.6%  19.4 2475s
 21141 17582 19771.8332 1233 1600 21642.5378 4623.35577  78.6%  19.3 2480s
 21342 17783 20173.5645 1333 1599 21642.5378 4623.35577  78.6%  19.1 2485s
 21553 17994 20508.1731 1439 1598 21642.5378 4623.35577  78.6%  18.9 2490s
 21783 18224 20670.8384 1554 1597 21642.5378 4623.35577  78.6%  18.7 2495s
 21988 18429 20882.1438 1656 1594 21642.5378 4623.35577  78.6%  18.6 2500s
 22207 18648 21022.3308 1766 1582 21642.5378 4623.35577  78.6%  18.4 2505s
 22437 18878 21125.9194 1881 1577 21642.5378 4623.35577  78.6%  18.2 2510s
 22664 19105 21249.6019 1994 1577 21642.5378 4623.35577  78.6%  18.0 2515s
 22888 19329 21350.0391 2106 1577 21642.5378 4623.35577  78.6%  17.9 2520s
 23083 19524 21426.2923 2204 1577 21642.5378 4623.35577  78.6%  17.7 2525s
 23309 19750 21499.9463 2317 1576 21642.5378 4623.35577  78.6%  17.6 2530s
 23529 19970 21564.6986 2427 1575 21642.5378 4623.35577  78.6%  17.4 2535s
 23750 20191 21618.4984 2537 1573 21642.5378 4623.35577  78.6%  17.3 2540s
 23933 20290 21642.2864 2591 1571 21642.5378 4623.35577  78.6%  17.2 2545s
 23946 20295 5941.76817   21 5224 21642.5378 4623.35577  78.6%  17.4 2550s
 23956 20305 6402.73771   26 4219 21642.5378 4623.35577  78.6%  17.6 2555s
 23968 20317 7373.70017   32 3013 21642.5378 4623.35577  78.6%  17.8 2560s
 23991 20340 11599.1513   43 2002 21642.5378 4623.35577  78.6%  18.1 2565s
 24176 20525 12987.9109  136 1599 21642.5378 4623.35577  78.6%  18.1 2570s
 24396 20745 13788.8568  246 1599 21642.5378 4623.35577  78.6%  17.9 2575s
 24613 20962 14461.3877  354 1599 21642.5378 4623.35577  78.6%  17.8 2580s
 24839 21188 15188.6582  467 1599 21642.5378 4623.35577  78.6%  17.6 2585s
H24925 12562                    20628.388087 4623.35577  77.6%  17.6 2588s
 24928 12567 15398.0935  512 1599 20628.3881 4623.35577  77.6%  17.6 2590s
 25055 12694 15764.3710  575 1599 20628.3881 4623.35577  77.6%  17.5 2595s
 25274 12913 16286.6421  685 1600 20628.3881 4623.35577  77.6%  17.4 2600s
 25490 13129 16875.3434  793 1599 20628.3881 4623.35577  77.6%  17.2 2605s
 25714 13353 17296.1313  905 1600 20628.3881 4623.35577  77.6%  17.1 2610s
H25922 12987                    20467.971042 4623.35577  77.4%  17.0 2616s
H25925 12990                    20467.671349 4623.35577  77.4%  16.9 2618s
 25940 13007 17817.5877 1018 1599 20467.6713 4623.35577  77.4%  16.9 2620s
 26159 13226 18205.0607 1127 1599 20467.6713 4623.35577  77.4%  16.8 2625s
 26393 13460 18675.4589 1244 1598 20467.6713 4623.35577  77.4%  16.7 2630s
 26625 13692 19021.9609 1360 1594 20467.6713 4623.35577  77.4%  16.5 2635s
 26854 13921 19292.0639 1475 1588 20467.6713 4623.35577  77.4%  16.4 2640s
H26919 13660                    20355.174001 4623.35577  77.3%  16.4 2643s
H26925 13666                    20355.117730 4623.35577  77.3%  16.4 2646s
 27078 13821 19495.3395 1587 1578 20355.1177 4623.35577  77.3%  16.3 2650s
 27308 14051 19641.3078 1702 1571 20355.1177 4623.35577  77.3%  16.2 2655s
 27544 14287 19740.7953 1820 1571 20355.1177 4623.35577  77.3%  16.0 2660s
 27778 14521 19826.0244 1937 1570 20355.1177 4623.35577  77.3%  15.9 2665s
H27916 14649                    20352.691287 4623.35577  77.3%  15.8 2669s
H27919 14652                    20352.504022 4623.35577  77.3%  15.8 2671s
H27922 14655                    20352.484406 4623.35577  77.3%  15.8 2673s
 28004 14739 19899.9791 2050 1570 20352.4844 4623.35577  77.3%  15.8 2675s
 28250 14985 19979.4727 2173 1571 20352.4844 4623.35577  77.3%  15.6 2680s
 28492 15227 20042.5809 2294 1570 20352.4844 4623.35577  77.3%  15.5 2685s
 28733 15468 20102.0934 2414 1566 20352.4844 4623.35577  77.3%  15.4 2690s
H28913 15646                    20352.207859 4623.35577  77.3%  15.3 2695s
 29126 15861 20171.9829 2611 1561 20352.2079 4623.35577  77.3%  15.2 2700s
 29364 16099 20207.7115 2730 1555 20352.2079 4623.35577  77.3%  15.1 2705s
 29604 16339 20236.3661 2850 1555 20352.2079 4623.35577  77.3%  15.0 2710s
 29841 16576 20260.7529 2968 1554 20352.2079 4623.35577  77.3%  14.9 2715s
H29913 16646                    20352.207850 4623.35577  77.3%  14.8 2716s
H29913 16512                    20296.605924 4623.35577  77.2%  14.8 2716s
 29920 16521 20267.9577 3008 1553 20296.6059 4623.35577  77.2%  14.8 2720s
 30150 16751 20288.4560 3123 1551 20296.6059 4623.35577  77.2%  14.7 2725s
 30301 16888 20295.9652 3198 1547 20296.6059 4623.35577  77.2%  14.7 2730s
 30338 16885 4623.35577   19 5426 20296.6059 4623.35577  77.2%  15.0 2738s
 30340 16887 5302.68783   20 5425 20296.6059 4623.35577  77.2%  15.0 2740s
 30349 16896 5072.53763   25 4220 20296.6059 4623.35577  77.2%  15.2 2745s
 30364 16911 7287.89576   32 3013 20296.6059 4623.35577  77.2%  15.4 2750s
 30384 16931 10811.3632   42 1803 20296.6059 4623.35577  77.2%  15.7 2755s
 30552 17099 12503.7491  126 1599 20296.6059 4623.35577  77.2%  15.7 2760s
 30768 17315 13317.4572  234 1599 20296.6059 4623.35577  77.2%  15.6 2765s
 30910 17457 13727.4252  305 1600 20296.6059 4623.35577  77.2%  15.5 2771s
 31059 17606 14203.6416  380 1600 20296.6059 4623.35577  77.2%  15.4 2775s
 31276 17823 14938.5799  488 1599 20296.6059 4623.35577  77.2%  15.3 2780s
 31482 18029 15518.7013  591 1599 20296.6059 4623.35577  77.2%  15.2 2785s
 31697 18244 16162.7893  699 1599 20296.6059 4623.35577  77.2%  15.2 2790s
 31912 18459 16680.0252  806 1599 20296.6059 4623.35577  77.2%  15.1 2795s
 32131 18678 17217.6052  916 1598 20296.6059 4623.35577  77.2%  15.0 2800s
 32355 18902 17752.6282 1028 1598 20296.6059 4623.35577  77.2%  14.9 2805s
 32591 19138 18209.3782 1146 1597 20296.6059 4623.35577  77.2%  14.8 2810s
 32821 19368 18634.3337 1261 1596 20296.6059 4623.35577  77.2%  14.7 2815s
 33006 19553 19031.8911 1353 1594 20296.6059 4623.35577  77.2%  14.6 2820s
 33235 19782 19302.1154 1468 1589 20296.6059 4623.35577  77.2%  14.5 2825s
 33458 20005 19551.4645 1579 1579 20296.6059 4623.35577  77.2%  14.4 2830s
 33689 20236 19664.2469 1695 1573 20296.6059 4623.35577  77.2%  14.3 2835s
 33904 20451 19763.2524 1802 1572 20296.6059 4623.35577  77.2%  14.2 2840s
 34137 20684 19861.5453 1919 1572 20296.6059 4623.35577  77.2%  14.2 2845s
 34373 20920 19951.3255 2037 1573 20296.6059 4623.35577  77.2%  14.1 2850s
 34548 21095 20012.4857 2124 1572 20296.6059 4623.35577  77.2%  14.0 2855s
 34766 21313 20086.7668 2233 1571 20296.6059 4623.35577  77.2%  13.9 2860s
 34978 21525 20157.3538 2339 1570 20296.6059 4623.35577  77.2%  13.8 2865s
 35213 21760 20216.1040 2457 1569 20296.6059 4623.35577  77.2%  13.8 2870s
 35447 21994 20269.6716 2574 1565 20296.6059 4623.35577  77.2%  13.7 2875s
 35610 22125 4948.84420   20 5425 20296.6059 4623.35577  77.2%  13.8 2885s
 35618 22133 5370.36537   24 4621 20296.6059 4623.35577  77.2%  13.9 2890s
 35622 22137 5563.16172   26 4219 20296.6059 4623.35577  77.2%  14.0 2945s
 35634 22149 6482.51482   32 3013 20296.6059 4623.35577  77.2%  14.1 2950s
 35658 22173 11257.5398   44 1601 20296.6059 4623.35577  77.2%  14.4 2955s
 35825 22340 12409.5159  127 1600 20296.6059 4623.35577  77.2%  14.3 2960s
 35895 22410 12733.0550  162 1600 20296.6059 4623.35577  77.2%  14.3 2965s
 36017 22532 13172.0615  223 1600 20296.6059 4623.35577  77.2%  14.3 2970s
 36202 22717 13871.1387  316 1600 20296.6059 4623.35577  77.2%  14.2 2975s
 36395 22910 14588.7840  412 1599 20296.6059 4623.35577  77.2%  14.1 2980s
 36599 23114 15290.3590  514 1599 20296.6059 4623.35577  77.2%  14.1 2985s
 36800 23315 15921.8209  615 1599 20296.6059 4623.35577  77.2%  14.0 2990s
 36892 23407 16177.3188  661 1599 20296.6059 4623.35577  77.2%  14.0 2995s
 37085 23600 16707.9759  757 1599 20296.6059 4623.35577  77.2%  13.9 3000s
 37297 23812 17281.7556  863 1599 20296.6059 4623.35577  77.2%  13.8 3005s
 37510 24025 17770.6076  970 1599 20296.6059 4623.35577  77.2%  13.8 3010s
 37721 24236 18215.7869 1075 1599 20296.6059 4623.35577  77.2%  13.7 3015s
 37896 24411 18522.3347 1163 1599 20296.6059 4623.35577  77.2%  13.6 3020s
 38105 24620 18916.9589 1267 1597 20296.6059 4623.35577  77.2%  13.6 3025s
 38320 24835 19229.6511 1375 1597 20296.6059 4623.35577  77.2%  13.5 3030s
 38540 25055 19478.2789 1485 1593 20296.6059 4623.35577  77.2%  13.4 3035s
 38762 25277 19656.0581 1596 1585 20296.6059 4623.35577  77.2%  13.4 3040s
 38949 25464 19778.1638 1689 1574 20296.6059 4623.35577  77.2%  13.3 3045s
 39163 25678 19887.2402 1796 1573 20296.6059 4623.35577  77.2%  13.2 3050s
 39378 25893 19985.1711 1904 1573 20296.6059 4623.35577  77.2%  13.2 3055s
 39595 26110 20072.9409 2012 1570 20296.6059 4623.35577  77.2%  13.1 3060s
 39815 26330 20161.6509 2122 1570 20296.6059 4623.35577  77.2%  13.0 3065s
 40024 26539 20233.5072 2227 1571 20296.6059 4623.35577  77.2%  13.0 3070s
 40228 26743 20293.5732 2329 1569 20296.6059 4623.35577  77.2%  12.9 3075s
 40264 26745 4623.35577   22 4823 20296.6059 4623.35577  77.2%  13.1 3081s
 40273 26754 5144.25082   27 3818 20296.6059 4623.35577  77.2%  13.2 3085s
 40289 26770 7020.69734   35 2210 20296.6059 4623.35577  77.2%  13.3 3090s
 40346 26827 11827.8263   63 1600 20296.6059 4623.35577  77.2%  13.5 3095s
 40547 27028 12719.6145  164 1600 20296.6059 4623.35577  77.2%  13.5 3100s
 40760 27241 13551.4520  270 1599 20296.6059 4623.35577  77.2%  13.4 3105s
 40880 27361 13941.5103  330 1599 20296.6059 4623.35577  77.2%  13.4 3111s
 40969 27450 14202.5328  375 1600 20296.6059 4623.35577  77.2%  13.3 3115s
 41178 27659 14944.8759  479 1599 20296.6059 4623.35577  77.2%  13.3 3120s
 41385 27866 15565.4166  583 1599 20296.6059 4623.35577  77.2%  13.2 3125s
 41593 28074 16121.3089  687 1599 20296.6059 4623.35577  77.2%  13.2 3130s
 41805 28286 16613.4788  793 1599 20296.6059 4623.35577  77.2%  13.1 3135s
 42013 28494 17180.7963  897 1597 20296.6059 4623.35577  77.2%  13.0 3140s
 42223 28704 17631.9585 1002 1598 20296.6059 4623.35577  77.2%  13.0 3145s
 42389 28870 18024.1605 1085 1597 20296.6059 4623.35577  77.2%  12.9 3150s
 42543 29024 18319.4812 1162 1598 20296.6059 4623.35577  77.2%  12.9 3155s
 42703 29184 18681.8625 1242 1596 20296.6059 4623.35577  77.2%  12.8 3160s
 42865 29346 18950.8487 1323 1593 20296.6059 4623.35577  77.2%  12.8 3165s
 42997 29478 19146.2157 1389 1590 20296.6059 4623.35577  77.2%  12.8 3170s
 43153 29634 19394.5956 1467 1584 20296.6059 4623.35577  77.2%  12.7 3175s
 43305 29786 19453.8582 1543 1580 20296.6059 4623.35577  77.2%  12.7 3180s
 43457 29938 19611.4681 1619 1573 20296.6059 4623.35577  77.2%  12.6 3185s
 43615 30096 19648.3412 1698 1573 20296.6059 4623.35577  77.2%  12.6 3190s
 43775 30256 19723.4355 1778 1573 20296.6059 4623.35577  77.2%  12.6 3195s
 43912 30393 19779.9528 1846 1572 20296.6059 4623.35577  77.2%  12.5 3200s
 44071 30552 19845.3867 1926 1571 20296.6059 4623.35577  77.2%  12.5 3205s
 44227 30708 19904.0542 2004 1570 20296.6059 4623.35577  77.2%  12.4 3210s
 44389 30870 19956.4233 2085 1571 20296.6059 4623.35577  77.2%  12.4 3215s
 44551 31032 20013.6842 2166 1571 20296.6059 4623.35577  77.2%  12.4 3220s
 44712 31193 20068.0179 2246 1570 20296.6059 4623.35577  77.2%  12.3 3225s
 44865 31346 20108.4893 2323 1567 20296.6059 4623.35577  77.2%  12.3 3230s
 45006 31487 20145.9717 2393 1567 20296.6059 4623.35577  77.2%  12.2 3235s
 45162 31643 20177.3489 2471 1564 20296.6059 4623.35577  77.2%  12.2 3240s
 45316 31797 20207.3383 2548 1560 20296.6059 4623.35577  77.2%  12.2 3245s
 45471 31952 20232.2611 2626 1559 20296.6059 4623.35577  77.2%  12.1 3250s
 45625 32106 20254.9697 2703 1556 20296.6059 4623.35577  77.2%  12.1 3255s
 45783 32264 20276.1586 2782 1555 20296.6059 4623.35577  77.2%  12.1 3260s
 45912 32393 20290.8876 2846 1554 20296.6059 4623.35577  77.2%  12.0 3265s
 45992 32429 5331.27303   23 4822 20296.6059 4623.35577  77.2%  12.2 3273s
 45995 32432 5729.54343   26 4219 20296.6059 4623.35577  77.2%  12.2 3275s
 46006 32443 6819.58963   32 3013 20296.6059 4623.35577  77.2%  12.4 3280s
 46021 32458 9109.11254   37 2208 20296.6059 4623.35577  77.2%  12.5 3285s
 46061 32498 12357.9843   53 1599 20296.6059 4623.35577  77.2%  12.7 3290s
 46223 32660 13046.4357  124 1599 20296.6059 4623.35577  77.2%  12.7 3295s
 46381 32818 13485.7843  186 1600 20296.6059 4623.35577  77.2%  12.6 3300s
 46536 32973 13868.2023  236 1600 20296.6059 4623.35577  77.2%  12.6 3305s
 46692 33129 14374.0299  299 1600 20296.6059 4623.35577  77.2%  12.6 3310s
 46853 33290 14834.8477  358 1600 20296.6059 4623.35577  77.2%  12.5 3315s
 46988 33425 15336.5958  417 1599 20296.6059 4623.35577  77.2%  12.5 3320s
 47204 33641 15972.0885  511 1599 20296.6059 4623.35577  77.2%  12.4 3325s
 47421 33858 16526.0137  596 1599 20296.6059 4623.35577  77.2%  12.4 3330s
 47645 34082 16917.8117  666 1600 20296.6059 4623.35577  77.2%  12.3 3335s
 47859 34296 17302.4029  729 1599 20296.6059 4623.35577  77.2%  12.3 3340s
 48072 34509 17807.7796  824 1600 20296.6059 4623.35577  77.2%  12.2 3345s
 48294 34731 18149.8804  894 1600 20296.6059 4623.35577  77.2%  12.2 3350s
 48518 34955 18601.0229  974 1598 20296.6059 4623.35577  77.2%  12.1 3355s
 48742 35179 18930.1976 1066 1598 20296.6059 4623.35577  77.2%  12.1 3360s
 48940 35377 19277.7671 1144 1597 20296.6059 4623.35577  77.2%  12.0 3365s
 49154 35591 19576.4662 1212 1597 20296.6059 4623.35577  77.2%  12.0 3370s
 49368 35805 19902.6237 1309 1594 20296.6059 4623.35577  77.2%  11.9 3375s
 49590 36027 20158.7775 1394 1590 20296.6059 4623.35577  77.2%  11.9 3380s
 49806 36243 20211.3064 1433 1588 20296.6059 4623.35577  77.2%  11.9 3385s
 49982 36409 20270.4980 1439 1588 20296.6059 4623.35577  77.2%  11.8 3390s
 50190 36589 20290.4634 1450 1586 20296.6059 4623.35577  77.2%  11.8 3395s
 50412 36709     cutoff 1465      20296.6059 4623.35577  77.2%  11.7 3400s
 50608 36753 4623.35577   21 5024 20296.6059 4623.35577  77.2%  11.8 3409s
 50609 36754 4623.35577   22 4823 20296.6059 4623.35577  77.2%  11.8 3410s
 50617 36762 5837.14903   30 3215 20296.6059 4623.35577  77.2%  11.9 3415s
 50632 36777 7823.75976   36 2209 20296.6059 4623.35577  77.2%  12.1 3420s
 50646 36791 9906.60803   40 1805 20296.6059 4623.35577  77.2%  12.2 3425s
 50727 36872 12152.7127   72 1600 20296.6059 4623.35577  77.2%  12.3 3430s
 50892 37037 12626.6677  137 1600 20296.6059 4623.35577  77.2%  12.3 3435s
 51099 37244 13146.9490  212 1600 20296.6059 4623.35577  77.2%  12.2 3440s
 51310 37455 13645.1396  278 1600 20296.6059 4623.35577  77.2%  12.2 3445s
 51514 37659 14177.7565  349 1599 20296.6059 4623.35577  77.2%  12.2 3450s
 51726 37871 14755.6476  430 1599 20296.6059 4623.35577  77.2%  12.1 3455s
 51886 38031 15244.0460  508 1599 20296.6059 4623.35577  77.2%  12.1 3460s
 52096 38241 15840.9995  602 1599 20296.6059 4623.35577  77.2%  12.0 3465s
 52304 38449 16308.8662  689 1600 20296.6059 4623.35577  77.2%  12.0 3470s
 52515 38660 16764.6453  759 1599 20296.6059 4623.35577  77.2%  12.0 3475s
 52730 38875 17162.0313  842 1599 20296.6059 4623.35577  77.2%  11.9 3480s
 52908 39053 17496.5549  907 1600 20296.6059 4623.35577  77.2%  11.9 3485s
 53124 39269 17935.0244 1004 1600 20296.6059 4623.35577  77.2%  11.8 3490s
 53340 39485 18368.1691 1097 1599 20296.6059 4623.35577  77.2%  11.8 3495s
 53556 39701 18779.6576 1192 1599 20296.6059 4623.35577  77.2%  11.8 3500s
 53770 39915 19150.5039 1287 1594 20296.6059 4623.35577  77.2%  11.7 3505s
 53960 40105 19382.3402 1343 1593 20296.6059 4623.35577  77.2%  11.7 3510s
 54170 40315 19614.3681 1430 1592 20296.6059 4623.35577  77.2%  11.6 3515s
 54385 40530 19703.6301 1495 1587 20296.6059 4623.35577  77.2%  11.6 3520s
 54592 40737 19766.2980 1527 1583 20296.6059 4623.35577  77.2%  11.6 3525s
 54803 40948 19797.9933 1546 1581 20296.6059 4623.35577  77.2%  11.5 3530s
 54994 41139 19807.0156 1556 1582 20296.6059 4623.35577  77.2%  11.5 3535s
 55200 41345 19866.1412 1564 1581 20296.6059 4623.35577  77.2%  11.4 3540s
 55414 41559 19848.2519 1588 1578 20296.6059 4623.35577  77.2%  11.4 3545s
 55635 41780 19920.2997 1603 1577 20296.6059 4623.35577  77.2%  11.4 3550s
 55849 41994 19903.3538 1630 1572 20296.6059 4623.35577  77.2%  11.3 3555s
 56074 42219 19990.6918 1632 1571 20296.6059 4623.35577  77.2%  11.3 3560s
 56296 42441 19914.8845 1638 1571 20296.6059 4623.35577  77.2%  11.2 3565s
 56536 42681 19918.1298 1641 1572 20296.6059 4623.35577  77.2%  11.2 3570s
 56766 42911 19920.4320 1642 1571 20296.6059 4623.35577  77.2%  11.2 3575s
 56987 43132 19921.7110 1643 1569 20296.6059 4623.35577  77.2%  11.1 3580s
 57227 43372 19925.7969 1645 1571 20296.6059 4623.35577  77.2%  11.1 3585s
 57459 43604 19925.2134 1645 1569 20296.6059 4623.35577  77.2%  11.0 3590s
 57681 43826 19928.2824 1648 1570 20296.6059 4623.35577  77.2%  11.0 3595s

Explored 57886 nodes (675158 simplex iterations) in 3600.02 seconds (1677.79 work units)
Thread count was 1 (of 56 available processors)

Solution count 10: 20296.6 20352.2 20352.5 ... 20628.4

Time limit reached
Best objective 2.029660592378e+04, best bound 4.623355765550e+03, gap 77.2210%

User-callback calls 342850, time in user-callback 0.92 sec
reading holmberg data file ../../../../../instances/uflp/holmberg/p63
primal_bound = 20296.60592377802, dual_bound = 4623.355765549841, gap = 77.22103989744681, time = 3600.04
