solving instance uflp nlass holmberg 28 pardivexp
Set parameter TokenServer to value "licences.gerad.lan"
Set parameter MIPGap to value 1e-06
Set parameter FuncPieceError to value 1e-06
Set parameter Threads to value 1
Set parameter FuncPieces to value -2
Set parameter TimeLimit to value 3600
Gurobi Optimizer version 12.0.2 build v12.0.2rc0 (linux64 - "AlmaLinux 9.6 (Sage Margay)")

CPU model: Intel(R) Xeon(R) Gold 6258R CPU @ 2.70GHz, instruction set [SSE2|AVX|AVX2|AVX512]
Thread count: 56 physical cores, 56 logical processors, using up to 1 threads

Non-default parameters:
TimeLimit  3600
MIPGap  1e-06
Threads  1
FuncPieces  -2
FuncPieceError  1e-06

Optimize a model with 22650 rows, 31530 columns and 54000 nonzeros
Model fingerprint: 0x5ecb6a3c
Model has 9000 function constraints treated as nonlinear
  4500 EXP, 4500 POW
Variable types: 27000 continuous, 4530 integer (4530 binary)
Coefficient statistics:
  Matrix range     [2e-02, 3e+03]
  Objective range  [1e+00, 7e+02]
  Bounds range     [1e+00, 1e+10]
  RHS range        [2e-02, 3e+00]
Warning: Model contains large bounds
         Consider reformulating model or setting NumericFocus parameter
         to avoid numerical issues.
Presolve removed 9000 rows and 9000 columns
Presolve time: 0.21s
Presolved: 54150 rows, 22531 columns, 112500 nonzeros
Presolved model has 4500 bilinear constraint(s)
Presolved model has 4500 nonlinear constraint(s)

Solving non-convex MINLP

Variable types: 18001 continuous, 4530 integer (4530 binary)
Found heuristic solution: objective 68975.000000
Root relaxation presolved: 40650 rows, 13530 columns, 85500 nonzeros


Root relaxation: objective 7.465095e+02, 8798 iterations, 0.40 seconds (0.40 work units)

    Nodes    |    Current Node    |     Objective Bounds      |     Work
 Expl Unexpl |  Obj  Depth IntInf | Incumbent    BestBd   Gap | It/Node Time

     0     0  746.50949    0  752 68975.0000  746.50949  98.9%     -    0s
H    0     0                    27070.000000  746.50949  97.2%     -    0s
H    0     0                    27050.681397  746.50949  97.2%     -    2s
H    0     0                    27049.251284  746.50949  97.2%     -    2s
H    0     0                    27049.000000  746.50949  97.2%     -    2s
H    0     0                    26773.383569  746.50949  97.2%     -    2s
H    0     0                    26772.999794  746.50949  97.2%     -    2s
H    0     0                    26587.000000  746.50949  97.2%     -    3s
H    0     0                    26270.000000  746.50949  97.2%     -    3s
     0     0  747.22014    0  752 26270.0000  747.22014  97.2%     -    4s
H    0     0                    23802.069748  747.78505  96.9%     -    4s
     0     0  747.78631    0  751 23802.0697  747.78631  96.9%     -    6s
     0     0  747.78631    0  751 23802.0697  747.78631  96.9%     -    6s
     0     2  760.51776    0  751 23802.0697  760.51776  96.8%     -    7s
    13    15  760.51776   13  751 23802.0697  760.51776  96.8%  3222   10s
H   27    27                    23802.069697  760.51776  96.8%  2646   12s
H   27    27                    23802.000000  760.51776  96.8%  2646   13s
    63    63 1478.15360   45  736 23802.0000  760.51776  96.8%  1190   15s
H   74    72                    23650.000000  760.51776  96.8%  1014   15s
   195   195 1574.25282  111  670 23650.0000  760.51776  96.8%   387   20s
   340   340 1618.43842  185  597 23650.0000  760.51776  96.8%   224   51s
   367   367 4378.56065  199  594 23650.0000  760.51776  96.8%   208   55s
   416   416 6990.67064  226  587 23650.0000  760.51776  96.8%   184   60s
   481   481 10991.9821  261  575 23650.0000  760.51776  96.8%   159   65s
   608   608 19640.9400  329  557 23650.0000  760.51776  96.8%   127   70s
   703   700 23302.6719  379  547 23650.0000  760.51776  96.8%   110   75s
   711   702 1614.89916  129  302 23650.0000  760.51776  96.8%   109   80s
H  711   666                    23539.120079  760.51776  96.8%   109   81s
H  711   633                    23539.119679  760.51776  96.8%   109   81s
   714   635 1556.09466   78  151 23539.1197  760.51776  96.8%   109   85s
   716   639  788.77864   11  903 23539.1197  760.51776  96.8%   127  141s
   717   639  760.51776   11  751 23539.1197  760.51776  96.8%   128  150s
   719   641  760.53575   12  752 23539.1197  760.53575  96.8%   129  157s
   721   642  766.70739   13  752 23539.1197  761.15277  96.8%   135  177s
   724   644  761.16251   15  750 23539.1197  761.16251  96.8%   137  183s
   727   646  779.21126   16  817 23539.1197  767.32495  96.7%   139  187s
   730   648 1019.31544   18  815 23539.1197  767.32495  96.7%   145  190s
H  741   621                    21517.611283  767.32495  96.4%   150  192s
H  741   591                    21516.999890  767.32495  96.4%   150  192s
H  742   563                    19273.979013  767.32495  96.0%   150  192s
   744   566 1222.72106   25  815 19273.9790  767.32495  96.0%   152  195s
   749   570 1457.44378   27  748 19273.9790  767.32495  96.0%   157  203s
   750   570 1225.41439   28  880 19273.9790  767.32495  96.0%   157  208s
   752   572 1228.04851   29  819 19273.9790  767.32495  96.0%   160  215s
   753   572 1459.03195   29  749 19273.9790  767.32495  96.0%   161  220s
   755   574 1463.51547   30  748 19273.9790  767.32495  96.0%   162  229s
   756   574 1230.56551   31  878 19273.9790  767.32495  96.0%   163  234s
   757   575 1465.05771   31  749 19273.9790  767.32495  96.0%   165  240s
   758   576 1233.88935   32  916 19273.9790  767.32495  96.0%   166  248s
   759   576 1467.03777   32  749 19273.9790  767.32495  96.0%   168  252s
   760   577 1233.96712   33  912 19273.9790  767.32495  96.0%   168  256s
   765   580 1472.92297   35  746 19273.9790  767.32495  96.0%   169  260s
   766   581 1235.08012   36  845 19273.9790  767.32495  96.0%   170  269s
   768   582 1235.57351   37  820 19273.9790  767.32495  96.0%   170  274s
   769   583 1474.43959   37  746 19273.9790  767.32495  96.0%   170  279s
   770   584 1236.61323   38  812 19273.9790  767.32495  96.0%   171  283s
   771   584 1474.89715   38  747 19273.9790  767.32495  96.0%   172  288s
   773   586 1460.53959   39  919 19273.9790  767.32495  96.0%   172  290s
   779   590 1476.61622   42  743 19273.9790  767.32495  96.0%   175  298s
   780   590 1237.25710   43  798 19273.9790  767.32495  96.0%   175  300s
   783   592 1477.21741   44  744 19273.9790  767.32495  96.0%   181  307s
   786   594 1237.61769   46  810 19273.9790  767.32495  96.0%   183  310s
   789   596 1478.00388   47  744 19273.9790  767.32495  96.0%   187  317s
   792   598 1238.27913   49  800 19273.9790  767.32495  96.0%   189  322s
   794   600 1238.29383   50  804 19273.9790  767.32495  96.0%   193  329s
   795   600 1479.36894   50  744 19273.9790  767.32495  96.0%   193  331s
   798   602 1238.51243   52  823 19273.9790  767.32495  96.0%   194  335s
   801   604 1479.11987   53  744 19273.9790  767.32495  96.0%   199  344s
   802   605 1238.74036   54  818 19273.9790  767.32495  96.0%   200  347s
   803   606 1479.89325   54  744 19273.9790  767.32495  96.0%   201  352s
   804   606 1238.78194   55  808 19273.9790  767.32495  96.0%   201  356s
   806   608 1238.82541   56  815 19273.9790  767.32495  96.0%   201  360s
   814   613 1238.87243   60  808 19273.9790  767.32495  96.0%   205  365s
   816   614 1238.91335   61  779 19273.9790  767.32495  96.0%   210  370s
   820   617 1238.95532   63  768 19273.9790  767.32495  96.0%   211  375s
   823   619 1479.82405   64  738 19273.9790  767.32495  96.0%   214  383s
   825   620 1480.08630   65  737 19273.9790  767.32495  96.0%   214  387s
   832   625 1239.15560   69  770 19273.9790  767.32495  96.0%   215  390s
   842   632 1239.30101   74  771 19273.9790  767.32495  96.0%   221  396s
   845   634 1480.39544   75  734 19273.9790  767.32495  96.0%   223  404s
   846   634 1239.60611   76  749 19273.9790  767.32495  96.0%   226  408s
   847   635 1480.80332   76  734 19273.9790  767.32495  96.0%   226  410s
   852   638 1239.71423   79  741 19273.9790  767.32495  96.0%   228  415s
   853   639 1480.86333   79  733 19273.9790  767.32495  96.0%   228  420s
   864   646 1240.01808   85  739 19273.9790  767.32495  96.0%   230  425s
   869   650 1481.75490   87  733 19273.9790  767.32495  96.0%   232  432s
H  871   622                    19180.841332  767.32495  96.0%   232  433s
H  871   596                    19180.840790  767.32495  96.0%   232  434s
H  871   571                    19180.067065  767.32495  96.0%   232  434s
   871   573 1463.17821   88  732 19180.0671  767.32495  96.0%   233  436s
   873   574 1482.24099   89  733 19180.0671  767.32495  96.0%   235  441s
   875   576 1483.13998   90  732 19180.0671  767.32495  96.0%   236  447s
H  882   554                    19180.066902  767.32495  96.0%   237  448s
   887   560 1461.84940   96  736 19180.0669  767.32495  96.0%   235  450s
H  897   542                    19039.999951  767.32495  96.0%   233  451s
   897   544 1461.85713  101  735 19040.0000  767.32495  96.0%   233  455s
   931   567 1469.50195  118  787 19040.0000  767.32495  96.0%   224  460s
   953   582 1474.99870  129  776 19040.0000  767.32495  96.0%   219  465s
H  975   573                    19009.423753  767.32495  96.0%   214  467s
H  975   553                    18973.978821  767.32495  96.0%   214  469s
H  975   534                    18973.279695  767.32495  96.0%   214  469s
H  975   515                    18973.082955  767.32495  96.0%   214  469s
H  975   498                    18965.143778  767.32495  96.0%   214  469s
   975   500 1471.22322  140  766 18965.1438  767.32495  96.0%   214  470s
H  979   485                    18961.448266  767.32495  96.0%   216  470s
H  979   469                    18960.969553  767.32495  96.0%   216  471s
   998   484 1522.28647  152  745 18960.9696  767.32495  96.0%   213  475s
H 1001   470                    18960.969003  767.32495  96.0%   212  475s
H 1001   455                    18960.595815  767.32495  96.0%   212  475s
H 1027   459                    18959.656709  767.32495  96.0%   212  477s
H 1027   446                    18957.703427  767.32495  96.0%   212  477s
H 1027   434                    18957.702568  767.32495  96.0%   212  478s
H 1027   423                    18957.267623  767.32495  96.0%   212  478s
H 1027   412                    18952.973106  767.32495  96.0%   212  479s
H 1027   402                    18951.198919  767.32495  96.0%   212  479s
  1027   404 1524.15133  166  763 18951.1989  767.32495  96.0%   212  480s
H 1053   409                    18859.357084  767.32495  95.9%   210  483s
H 1053   400                    18858.848913  767.32495  95.9%   210  483s
H 1053   391                    18858.795096  767.32495  95.9%   210  486s
H 1079   400                    18780.122882  767.32495  95.9%   205  488s
H 1079   392                    18771.388246  767.32495  95.9%   205  489s
H 1079   385                    18761.081024  767.32495  95.9%   205  489s
H 1079   378                    18760.789002  767.32495  95.9%   205  489s
  1080   380 2260.22541  193  701 18760.7890  767.32495  95.9%   205  490s
H 1105   390                    18760.782450  767.32495  95.9%   201  490s
H 1105   390                    18756.705614  767.32495  95.9%   201  490s
H 1105   390                    18756.627977  767.32495  95.9%   201  490s
H 1131   416                    18755.985698  767.32495  95.9%   196  492s
H 1131   416                    18754.734680  767.32495  95.9%   196  492s
H 1131   416                    17317.733614  767.32495  95.6%   196  492s
H 1131   416                    17313.734059  767.32495  95.6%   196  492s
H 1157   442                    16783.278717  767.32495  95.4%   192  495s
H 1157   442                    16780.821925  767.32495  95.4%   192  495s
H 1157   442                    16725.416437  767.32495  95.4%   192  496s
H 1157   442                    16697.834265  767.32495  95.4%   192  498s
H 1157   442                    16683.844191  767.32495  95.4%   192  498s
H 1157   442                    16683.175453  767.32495  95.4%   192  498s
H 1183   468                    16609.847463  767.32495  95.4%   188  499s
H 1183   468                    16602.880343  767.32495  95.4%   188  500s
H 1235   520                    16602.871706  767.32495  95.4%   180  504s
H 1235   520                    16585.407924  767.32495  95.4%   180  505s
H 1235   520                    16411.675426  767.32495  95.3%   180  505s
H 1235   520                    16410.906112  767.32495  95.3%   180  505s
H 1235   520                    16410.543511  767.32495  95.3%   180  505s
H 1261   546                    16311.982292  767.32495  95.3%   176  506s
H 1261   546                    16268.044056  767.32495  95.3%   176  509s
H 1261   546                    16266.816364  767.32495  95.3%   176  509s
H 1261   546                    16162.042051  767.32495  95.3%   176  510s
H 1313   598                    16157.809854  767.32495  95.3%   169  515s
H 1313   598                    16147.929794  767.32495  95.2%   169  515s
H 1313   598                    16147.929708  767.32495  95.2%   169  516s
  1407   694 2293.05212  356  597 16147.9297  767.32495  95.2%   158  520s
  1556   843 2611.00247  431  534 16147.9297  767.32495  95.2%   143  525s
  1710   997 3142.01736  508  471 16147.9297  767.32495  95.2%   131  530s
H 1742  1027                    16095.875175  767.32495  95.2%   128  531s
H 1742  1027                    16033.409522  767.32495  95.2%   128  532s
  1749  1036 3322.49343  527  459 16033.4095  767.32495  95.2%   128  535s
  1905  1192 5280.21799  605  434 16033.4095  767.32495  95.2%   118  540s
  2078  1365 8328.14729  692  441 16033.4095  767.32495  95.2%   109  545s
  2236  1523 9720.28894  771  442 16033.4095  767.32495  95.2%   101  550s
  2417  1704 10654.9004  861  428 16033.4095  767.32495  95.2%  93.6  555s
  2588  1875 12330.0434  947  413 16033.4095  767.32495  95.2%  87.5  560s
H 2742  2027                    16030.169657  767.32495  95.2%  82.6  564s
H 2742  2027                    16029.326923  767.32495  95.2%  82.6  564s
H 2742  2027                    16027.063975  767.32495  95.2%  82.6  564s
  2751  2038 13499.4796 1028  403 16027.0640  767.32495  95.2%  82.4  565s
  2892  2179 14954.8357 1099  389 16027.0640  767.32495  95.2%  78.4  570s
  3010  2297 15146.6163 1158  374 16027.0640  767.32495  95.2%  75.4  575s
  3089  2342  767.32646   18  746 16027.0640  767.32646  95.2%  74.7  580s
  3103  2356  767.32782   25  739 16027.0640  767.32782  95.2%  77.1  585s
H 3121  2372                    16011.693990  777.37267  95.1%  79.5  589s
H 3121  2372                    15975.348397  777.37267  95.1%  79.5  590s
  3130  2383 1328.09536   38  783 15975.3484  777.37267  95.1%  79.8  595s
  3156  2409 1588.02334   51  975 15975.3484  777.37267  95.1%  80.8  600s
  3183  2436 1330.49370   65  758 15975.3484  777.37267  95.1%  82.6  605s
  3197  2450 1331.98757   72  769 15975.3484  777.37267  95.1%  83.6  610s
  3214  2467 1591.91326   80  818 15975.3484  777.37267  95.1%  85.3  615s
  3229  2482 1333.46731   88  754 15975.3484  777.37267  95.1%  85.8  620s
  3249  2502 1526.81558   98  778 15975.3484  777.37267  95.1%  87.5  625s
H 3260  2511                    15952.991442  777.37267  95.1%  88.6  628s
H 3260  2511                    15924.090026  777.37267  95.1%  88.6  631s
H 3260  2511                    15924.088967  777.37267  95.1%  88.6  631s
  3274  2527 1715.19423  110  845 15924.0890  777.37267  95.1%  90.1  635s
  3290  2543 1722.27924  118  816 15924.0890  777.37267  95.1%  92.1  640s
  3304  2557 1610.58829  125  800 15924.0890  777.37267  95.1%  92.3  645s
  3316  2569 1608.69482  131  821 15924.0890  777.37267  95.1%  92.9  650s
  3324  2577 1588.65570  135  925 15924.0890  777.37267  95.1%  94.2  656s
  3329  2582 1591.84829  138  882 15924.0890  777.37267  95.1%  94.5  660s
  3335  2588 1603.33605  141  853 15924.0890  777.37267  95.1%  94.9  665s
  3341  2594 1612.10043  144  920 15924.0890  777.37267  95.1%  95.2  670s
  3347  2600 1659.63217  147  869 15924.0890  777.37267  95.1%  95.6  675s
  3354  2607 1647.40825  150  880 15924.0890  777.37267  95.1%  95.9  680s
  3362  2615 1659.51245  154  894 15924.0890  777.37267  95.1%  96.0  685s
  3368  2621 1721.50042  157  896 15924.0890  777.37267  95.1%  96.3  690s
  3374  2627 1830.84483  160  896 15924.0890  777.37267  95.1%  96.9  696s
  3377  2630 1679.72537  162 1010 15924.0890  777.37267  95.1%  97.6  703s
  3379  2632 1679.76957  163  946 15924.0890  777.37267  95.1%  98.1  706s
  3382  2635 1839.47509  164  923 15924.0890  777.37267  95.1%  98.9  710s
  3385  2638 1684.34624  166  822 15924.0890  777.37267  95.1%   100  715s
  3390  2643 1845.92347  168  934 15924.0890  777.37267  95.1%   100  720s
  3394  2647 1857.09735  170  959 15924.0890  777.37267  95.1%   101  725s
  3398  2651 1775.96837  172  952 15924.0890  777.37267  95.1%   101  730s
  3410  2663 2363.62190  178  732 15924.0890  777.37267  95.1%   102  735s
  3426  2679 2370.60229  186  732 15924.0890  777.37267  95.1%   102  740s
  3453  2706 2561.59820  200  679 15924.0890  777.37267  95.1%   103  745s
  3497  2750 2567.83718  222  685 15924.0890  777.37267  95.1%   103  750s
  3578  2831 3304.61986  262  654 15924.0890  777.37267  95.1%   101  755s
  3713  2966 4006.80073  330  612 15924.0890  777.37267  95.1%  97.6  760s
  3772  3025 4010.58894  359  599 15924.0890  777.37267  95.1%  96.1  765s
  3887  3140 6737.25864  417  598 15924.0890  777.37267  95.1%  93.4  770s
H 3902  3153                    15913.063936  777.37267  95.1%  93.1  770s
H 3902  3153                    15908.827133  777.37267  95.1%  93.1  770s
H 3902  3153                    15900.442760  777.37267  95.1%  93.1  770s
H 3902  3153                    15899.142103  777.37267  95.1%  93.1  770s
H 3902  3153                    15899.134273  777.37267  95.1%  93.1  770s
H 3902  3153                    15899.128125  777.37267  95.1%  93.1  770s
H 3902  3153                    15899.126063  777.37267  95.1%  93.1  770s
H 3902  3153                    15899.126060  777.37267  95.1%  93.1  770s
  3944  3197 5771.81793  445  595 15899.1261  777.37267  95.1%  92.1  775s
  4034  3287 7830.91838  490  593 15899.1261  777.37267  95.1%  91.0  780s
  4152  3405 9230.83883  549  590 15899.1261  777.37267  95.1%  88.5  785s
  4280  3533 10541.6771  613  585 15899.1261  777.37267  95.1%  86.0  790s
  4414  3667 11083.9859  680  596 15899.1261  777.37267  95.1%  83.5  795s
  4551  3804 11975.4882  749  596 15899.1261  777.37267  95.1%  81.1  800s
  4670  3923 12725.4751  808  552 15899.1261  777.37267  95.1%  79.1  806s
  4758  4011 13981.9151  852  547 15899.1261  777.37267  95.1%  77.7  810s
  4901  4152 15349.0126  924  534 15899.1261  777.37267  95.1%  75.5  815s
H 4902  4151                    15899.121214  777.37267  95.1%  75.5  815s
H 4924  4173                    15893.145999  777.37267  95.1%  75.1  816s
H 4924  4173                    15893.145994  777.37267  95.1%  75.1  817s
  4924  4175 15352.6376  935  531 15893.1460  777.37267  95.1%  75.1  821s
  4981  4232 15381.4979  964  517 15893.1460  777.37267  95.1%  74.3  825s
  5018  4252  777.37267   14  752 15893.1460  777.37267  95.1%  73.8  833s
  5019  4253  777.37908   15  752 15893.1460  777.37908  95.1%  74.9  837s
  5020  4254  778.84182   15  751 15893.1460  777.37908  95.1%  75.0  844s
  5021  4255 1185.32044   16 1028 15893.1460  777.37908  95.1%  75.1  845s
  5052  4286 1438.99879   31  753 15893.1460  777.37908  95.1%  76.2  850s
  5084  4318 2136.08619   47  737 15893.1460  777.37908  95.1%  77.1  855s
  5092  4326 2141.41451   51  738 15893.1460  777.37908  95.1%  77.7  861s
  5142  4376 1444.23175   76  958 15893.1460  777.37908  95.1%  78.9  865s
  5237  4471 1446.40637  124  735 15893.1460  777.37908  95.1%  79.1  870s
  5245  4479 1446.41227  128  689 15893.1460  777.37908  95.1%  79.4  875s
  5290  4524 2147.11999  150  678 15893.1460  777.37908  95.1%  79.8  881s
  5304  4538 2146.44455  157  678 15893.1460  777.37908  95.1%  80.6  885s
  5339  4573 2312.26360  175  687 15893.1460  777.37908  95.1%  81.4  893s
  5376  4610 2807.84990  193  662 15893.1460  777.37908  95.1%  81.1  895s
  5497  4731 4122.15211  254  585 15893.1460  777.37908  95.1%  79.6  900s
  5622  4856 4287.96398  316  541 15893.1460  777.37908  95.1%  78.0  905s
  5735  4969 5403.82565  373  508 15893.1460  777.37908  95.1%  76.9  910s
  5884  5118 9283.91551  447  466 15893.1460  777.37908  95.1%  75.0  915s
  5907  5141 9585.16357  459  466 15893.1460  777.37908  95.1%  74.7  923s
  5956  5190 9799.31379  483  447 15893.1460  777.37908  95.1%  74.1  925s
  6074  5308 12171.1972  542  435 15893.1460  777.37908  95.1%  72.7  930s
  6215  5449 13981.7626  613  404 15893.1460  777.37908  95.1%  71.1  935s
  6345  5579 14983.9109  678  384 15893.1460  777.37908  95.1%  69.7  941s
  6449  5609  777.67531   16  752 15893.1460  777.67531  95.1%  69.7  945s
  6451  5611  785.72387   17  752 15893.1460  777.99681  95.1%  69.7  952s
  6452  5612  785.72483   18  752 15893.1460  777.99681  95.1%  70.5  958s
  6453  5613  801.24961   18  751 15893.1460  777.99681  95.1%  70.5  962s
  6454  5614  785.74130   19  752 15893.1460  777.99681  95.1%  71.4  968s
  6455  5615  802.33157   19  751 15893.1460  777.99681  95.1%  71.6  976s
  6457  5617  821.00330   20  751 15893.1460  777.99681  95.1%  72.4  986s
  6459  5619  824.93113   21  751 15893.1460  777.99681  95.1%  73.5  997s
  6460  5620  785.75342   22  752 15893.1460  777.99681  95.1%  74.4 1000s
  6461  5621  831.31187   22  751 15893.1460  777.99681  95.1%  74.5 1007s
  6463  5623  834.74102   23  751 15893.1460  777.99681  95.1%  75.4 1016s
  6465  5625  837.51464   24  751 15893.1460  777.99681  95.1%  76.4 1026s
  6467  5627  846.42230   25  751 15893.1460  777.99681  95.1%  77.4 1036s
  6469  5629  861.36356   26  751 15893.1460  777.99681  95.1%  78.5 1045s
  6471  5631  861.38295   27  751 15893.1460  777.99681  95.1%  79.4 1053s
  6473  5633  875.45195   28  751 15893.1460  777.99681  95.1%  80.4 1065s
  6475  5635  876.75770   29  751 15893.1460  777.99681  95.1%  81.3 1075s
  6481  5641 1460.97180   32  750 15893.1460  777.99681  95.1%  81.8 1080s
  6516  5676 1649.77087   50  741 15893.1460  777.99681  95.1%  82.6 1085s
  6533  5693 1657.40290   58  733 15893.1460  777.99681  95.1%  82.6 1090s
  6591  5751 1681.47648   87  704 15893.1460  777.99681  95.1%  82.4 1095s
H 6611  5769                    15893.012247  777.99681  95.1%  82.3 1098s
H 6611  5769                    15892.865795  777.99681  95.1%  82.3 1098s
  6611  5771 1687.94737   97  747 15892.8658  777.99681  95.1%  82.4 1101s
  6686  5846 1710.31138  135  656 15892.8658  777.99681  95.1%  82.1 1105s
  6783  5943 1725.97628  183  728 15892.8658  777.99681  95.1%  82.2 1110s
  6861  6021 3085.91623  222  610 15892.8658  777.99681  95.1%  82.4 1115s
  6890  6050 3780.88587  237  686 15892.8658  777.99681  95.1%  82.4 1127s
  6948  6108 3781.43867  266  659 15892.8658  777.99681  95.1%  81.7 1130s
  7016  6176 3781.78557  300  629 15892.8658  777.99681  95.1%  81.1 1135s
  7132  6292 3786.99397  358  672 15892.8658  777.99681  95.1%  79.9 1140s
  7212  6372 4556.40531  398  609 15892.8658  777.99681  95.1%  80.3 1145s
  7289  6449 5952.48273  436  684 15892.8658  777.99681  95.1%  80.2 1150s
  7382  6542 5953.83066  483  655 15892.8658  777.99681  95.1%  79.3 1155s
  7489  6649 5954.66946  536  616 15892.8658  777.99681  95.1%  78.2 1160s
  7559  6719 5954.95288  571  594 15892.8658  777.99681  95.1%  77.6 1165s
  7658  6818 6043.76550  621  568 15892.8658  777.99681  95.1%  76.6 1170s
  7750  6910 7598.79273  667  559 15892.8658  777.99681  95.1%  75.7 1175s
  7831  6991 8829.21608  707  553 15892.8658  777.99681  95.1%  75.0 1180s
  7873  7033 10725.3444  728  547 15892.8658  777.99681  95.1%  74.6 1194s
  7882  7042 10726.6512  733  548 15892.8658  777.99681  95.1%  74.5 1195s
  7936  7096 11967.8040  760  540 15892.8658  777.99681  95.1%  74.0 1200s
  8019  7179 14372.3869  801  536 15892.8658  777.99681  95.1%  73.3 1205s
  8113  7267 15636.6435  848  533 15892.8658  777.99681  95.1%  72.4 1210s
  8206  7317 15683.4286  882  522 15892.8658  777.99681  95.1%  71.7 1215s
  8250  7346 1186.21220   33  930 15892.8658  778.00164  95.1%  73.3 1220s
  8272  7368 1210.92389   44  793 15892.8658  778.01029  95.1%  74.9 1225s
  8292  7388 1211.12108   54  762 15892.8658  778.01029  95.1%  76.1 1230s
  8323  7419 1524.45055   69  754 15892.8658  778.01029  95.1%  77.1 1238s
  8329  7425 1531.58044   72  804 15892.8658  778.01029  95.1%  77.4 1240s
  8350  7446 2113.30438   83  753 15892.8658  778.01029  95.1%  79.1 1245s
  8380  7476 1557.12557   98  739 15892.8658  778.01029  95.1%  79.6 1250s
  8412  7508 2330.31145  114  731 15892.8658  778.01029  95.1%  81.3 1255s
  8449  7545 2200.43453  132  824 15892.8658  778.01029  95.1%  81.9 1260s
  8503  7599 2607.21310  159  715 15892.8658  778.01029  95.1%  81.5 1265s
  8589  7685 2620.65606  202  715 15892.8658  778.01029  95.1%  80.7 1270s
  8672  7768 3638.81337  244  678 15892.8658  778.01029  95.1%  80.1 1275s
  8746  7842 3650.35690  281  661 15892.8658  778.01029  95.1%  79.4 1280s
  8826  7922 3661.70237  321  641 15892.8658  778.01029  95.1%  78.7 1285s
  8900  7996 3667.45097  358  627 15892.8658  778.01029  95.1%  78.1 1290s
  8960  8056 3672.25255  388  611 15892.8658  778.01029  95.1%  77.6 1295s
  8995  8091 3677.30834  405  598 15892.8658  778.01029  95.1%  77.4 1300s
  9079  8175 3693.56488  447  563 15892.8658  778.01029  95.1%  76.7 1305s
  9178  8274 5023.88092  497  535 15892.8658  778.01029  95.1%  75.9 1310s
  9286  8382 7697.41504  551  518 15892.8658  778.01029  95.1%  75.0 1315s
  9403  8499 10687.4465  609  512 15892.8658  778.01029  95.1%  74.1 1320s
  9522  8618 13367.3185  669  487 15892.8658  778.01029  95.1%  73.2 1325s
  9644  8740 15112.2822  730  470 15892.8658  778.01029  95.1%  72.3 1330s
  9678  8757 1443.10843   22  760 15892.8658  784.01946  95.1%  72.2 1335s
  9754  8833 1766.57855   60  750 15892.8658  784.01946  95.1%  72.4 1340s
  9805  8884 2217.32958   86  784 15892.8658  784.01946  95.1%  73.1 1345s
  9848  8927 2217.69166  107  769 15892.8658  784.01946  95.1%  73.7 1350s
  9876  8955 2779.19973  121  729 15892.8658  784.01946  95.1%  74.4 1356s
  9898  8977 2781.76286  132  730 15892.8658  784.01946  95.1%  74.5 1361s
  9904  8983 2781.21027  135  731 15892.8658  784.01946  95.1%  74.8 1366s
  9911  8990 2307.88367  139  732 15892.8658  784.01946  95.1%  74.9 1370s
  9935  9014 3492.89075  151  722 15892.8658  784.01946  95.1%  74.8 1376s
H 9979  9056                    15888.275130  784.01946  95.1%  74.5 1380s
  9989  9068 4252.55764  178  720 15888.2751  784.01946  95.1%  74.4 1385s
 10043  9122 4256.08741  205  717 15888.2751  784.01946  95.1%  74.0 1390s
 10147  9226 4263.14099  257  695 15888.2751  784.01946  95.1%  73.3 1395s
 10203  9281 3781.20802  257  151 15888.2751  784.01946  95.1%  72.9 1519s
H10204  8817                    15887.760888  784.01946  95.1%  72.9 1523s
H10204  8377                    15885.419587  784.01946  95.1%  72.9 1524s
 10206  8378 10044.9858  601  302 15885.4196  784.01946  95.1%  72.9 1526s
 10208  8379 4007.17609  346  151 15885.4196  784.01946  95.1%  72.9 1532s
 10209  8380 5270.74078  421  151 15885.4196  784.01946  95.1%  72.9 1537s
 10210  8383  784.01946   21  751 15885.4196  784.01946  95.1%  75.0 1656s
 10211  8383  957.34259   21  751 15885.4196  784.01946  95.1%  75.0 1663s
 10212  8384  784.01946   22  751 15885.4196  784.01946  95.1%  76.0 1692s
 10214  8385  784.01946   23  751 15885.4196  784.01946  95.1%  76.2 1749s
 10215  8386  784.01946   23 1265 15885.4196  784.01946  95.1%  76.6 1787s
 10216  8387  784.01946   24  752 15885.4196  784.01946  95.1%  76.6 1798s
 10217  8387  792.23218   24  915 15885.4196  784.01946  95.1%  76.8 1802s
 10219  8389  784.01946   25  752 15885.4196  784.01946  95.1%  77.0 1831s
 10221  8390  784.01946   26  752 15885.4196  784.01946  95.1%  77.1 1856s
 10222  8391  784.01946   27  751 15885.4196  784.01946  95.1%  77.2 1873s
 10223  8391  784.01946   27  752 15885.4196  784.01946  95.1%  77.2 1892s
 10224  8392 1152.24122   28  825 15885.4196  784.01946  95.1%  77.4 1900s
 10226  8393 1492.10887   29 1190 15885.4196  784.01946  95.1%  77.6 1905s
 10228  8395 1192.94665   30  829 15885.4196  784.01946  95.1%  77.7 1911s
 10230  8396 1516.78885   31 1377 15885.4196  784.01946  95.1%  77.8 1919s
 10231  8397 1211.59161   31  831 15885.4196  784.01946  95.1%  77.9 1921s
 10233  8398 1526.60128   32 1093 15885.4196  784.01946  95.1%  77.9 1927s
 10234  8399 1221.75715   33  831 15885.4196  784.01946  95.1%  77.9 1930s
H10235  7977                    15885.397558  784.01946  95.1%  77.9 1930s
H10235  7579                    15880.817260  784.01946  95.1%  77.9 1930s
 10236  7582 1536.10488   34 1145 15880.8173  784.01946  95.1%  78.0 1938s
 10237  7583 1231.09953   34  833 15880.8173  784.01946  95.1%  78.0 1940s
 10238  7583 1231.65237   35  814 15880.8173  784.01946  95.1%  78.2 1947s
 10239  7584 1681.61519   35  744 15880.8173  784.01946  95.1%  78.2 1952s
 10240  7585 1232.16410   36  831 15880.8173  784.01946  95.1%  78.3 1965s
 10241  7585 1686.09513   36  744 15880.8173  784.01946  95.1%  78.5 1973s
 10242  7586 1232.17748   37  828 15880.8173  784.01946  95.1%  78.5 1976s
 10244  7587 1232.52917   38  819 15880.8173  784.01946  95.1%  78.5 1988s
 10245  7588 1690.71253   38  743 15880.8173  784.01946  95.1%  78.6 1996s
 10246  7589 1232.53465   39  822 15880.8173  784.01946  95.1%  78.6 2007s
 10248  7590 1232.53532   40  821 15880.8173  784.01946  95.1%  78.6 2011s
 10250  7591 1232.78424   41  890 15880.8173  784.01946  95.1%  78.7 2020s
 10251  7592 1693.59128   41  742 15880.8173  784.01946  95.1%  78.8 2028s
 10252  7593 1233.11595   42  893 15880.8173  784.01946  95.1%  78.9 2031s
 10253  7593 1695.18633   42  743 15880.8173  784.01946  95.1%  79.0 2041s
 10255  7595 1675.98124   43 1295 15880.8173  784.01946  95.1%  79.1 2046s
 10256  7595 1233.28917   44  805 15880.8173  784.01946  95.1%  79.2 2051s
 10257  7596 1697.50912   44  742 15880.8173  784.01946  95.1%  79.3 2060s
 10259  7597 1443.57328   45  803 15880.8173  784.01946  95.1%  79.4 2065s
 10263  7600 1670.68525   47  798 15880.8173  784.01946  95.1%  79.7 2071s
 10264  7601 1699.82365   48  922 15880.8173  784.01946  95.1%  79.7 2076s
 10265  7601 1446.09166   48 1068 15880.8173  784.01946  95.1%  79.8 2086s
 10271  7605 1449.80953   51  942 15880.8173  784.01946  95.1%  80.1 2090s
 10272  7606 1707.73523   52  820 15880.8173  784.01946  95.1%  80.2 2098s
 10273  7607 1450.33801   52 1086 15880.8173  784.01946  95.1%  80.4 2109s
 10274  7607 1715.89714   53 1005 15880.8173  784.01946  95.1%  80.5 2117s
 10276  7609 1552.32233   54 1082 15880.8173  784.01946  95.1%  80.7 2120s
 10279  7611 1506.81706   55 1084 15880.8173  784.01946  95.1%  80.7 2126s
 10281  7612 1685.20435   56 1679 15880.8173  784.01946  95.1%  80.8 2133s
 10283  7613 1608.72652   57 1078 15880.8173  784.01946  95.1%  80.8 2136s
 10284  7614 1510.28008   58 1029 15880.8173  784.01946  95.1%  80.8 2140s
 10286  7615 1706.85448   59  955 15880.8173  784.01946  95.1%  80.9 2155s
 10290  7618 1707.20416   61  951 15880.8173  784.01946  95.1%  81.2 2160s
 10295  7621 2372.58993   63  763 15880.8173  784.01946  95.1%  81.5 2166s
 10305  7628 2204.69905   68 1259 15880.8173  784.01946  95.1%  82.2 2170s
H10313  7253                    15876.478244  784.01946  95.1%  82.2 2172s
H10313  6894                    15875.581887  784.01946  95.1%  82.2 2172s
H10313  6552                    15875.520768  784.01946  95.1%  82.2 2172s
H10313  6228                    15875.490578  784.01946  95.1%  82.2 2172s
 10317  6233 1941.43199   74  970 15875.4906  784.01946  95.1%  82.2 2175s
 10334  6244 1942.50174   83  817 15875.4906  784.01946  95.1%  82.1 2180s
 10350  6255 1942.76171   91  912 15875.4906  784.01946  95.1%  82.3 2185s
H10365  5955                    15874.902285  784.01946  95.1%  82.4 2188s
H10365  5662                    15864.357387  784.01946  95.1%  82.4 2189s
H10365  5384                    15857.162033  784.01946  95.1%  82.4 2191s
 10371  5390 1945.06057  101  990 15857.1620  784.01946  95.1%  82.4 2195s
H10391  5137                    15856.783461  784.01946  95.1%  82.3 2200s
H10391  4886                    15854.028823  784.01946  95.1%  82.3 2201s
H10391  4648                    15852.472530  784.01946  95.1%  82.3 2202s
 10391  4650 1993.46849  111  986 15852.4725  784.01946  95.1%  82.3 2205s
 10402  4658 1997.99617  117  815 15852.4725  784.01946  95.1%  82.5 2210s
 10406  4660 1998.73255  119  806 15852.4725  784.01946  95.1%  82.6 2218s
 10408  4662 1999.02296  120  803 15852.4725  784.01946  95.1%  82.6 2220s
 10411  4664 2457.95847  121  714 15852.4725  784.01946  95.1%  82.7 2228s
 10413  4665 1999.30070  122  834 15852.4725  784.01946  95.1%  82.8 2236s
 10415  4666 2431.22015  123  714 15852.4725  784.01946  95.1%  82.8 2242s
H10417  4439                    15852.460261  784.01946  95.1%  82.8 2243s
H10417  4224                    15852.254460  784.01946  95.1%  82.8 2245s
 10419  4227 2429.59522  125  713 15852.2545  784.01946  95.1%  82.9 2253s
 10420  4228 1999.65437  126  757 15852.2545  784.01946  95.1%  82.9 2255s
 10423  4230 1999.77594  127  735 15852.2545  784.01946  95.1%  83.1 2260s
 10424  4230 2000.91993  128  739 15852.2545  784.01946  95.1%  83.2 2267s
 10427  4232 2001.87015  129  738 15852.2545  784.01946  95.1%  83.2 2270s
 10433  4236 2001.56446  132  738 15852.2545  784.01946  95.1%  83.2 2275s
 10438  4240 2000.92241  135  737 15852.2545  784.01946  95.1%  83.1 2280s
H10443  4037                    15852.231738  784.01946  95.1%  83.2 2286s
H10443  3843                    15851.342299  784.01946  95.1%  83.2 2287s
 10444  3846 2001.14540  138  723 15851.3423  784.01946  95.1%  83.3 2292s
 10450  3850 2001.18486  141  721 15851.3423  784.01946  95.1%  83.4 2295s
 10458  3855 2435.07847  145  716 15851.3423  784.01946  95.1%  83.5 2300s
H10469  3675                    15851.341892  784.01946  95.1%  83.4 2302s
H10469  3500                    15850.651294  784.01946  95.1%  83.4 2305s
 10475  3506 3770.50890  153  707 15850.6513  784.01946  95.1%  83.4 2310s
H10495  3351                    15850.643207  784.01946  95.1%  83.3 2313s
H10495  3193                    15850.638941  784.01946  95.1%  83.3 2315s
H10495  3043                    15850.635600  784.01946  95.1%  83.3 2316s
 10507  3053 4277.18010  169  704 15850.6356  784.01946  95.1%  83.2 2320s
H10521  2917                    15850.633325  784.01946  95.1%  83.1 2321s
H10521  2782                    15850.602996  784.01946  95.1%  83.1 2325s
H10547  2670                    15850.602616  784.01946  95.1%  82.9 2330s
 10547  2672 4324.75340  189  703 15850.6026  784.01946  95.1%  82.9 2336s
 10573  2690 4533.10815  202  695 15850.6026  784.01946  95.1%  82.7 2343s
 10587  2699 6713.13886  209  694 15850.6026  784.01946  95.1%  82.6 2346s
 10617  2719 6719.12862  224  684 15850.6026  784.01946  95.1%  82.4 2350s
 10651  2742 6725.27914  241  669 15850.6026  784.01946  95.1%  82.2 2355s
H10677  2635                    15850.602496  784.01946  95.1%  82.0 2359s
H10677  2518                    15850.602226  784.01946  95.1%  82.0 2362s
H10677  2408                    15850.600017  784.01946  95.1%  82.0 2363s
 10684  2415 6728.97845  258  660 15850.6000  784.01946  95.1%  81.9 2365s
H10703  2320                    15850.600008  784.01946  95.1%  81.8 2369s
H10703  2220                    15850.597988  784.01946  95.1%  81.8 2371s
H10703  2126                    15850.596477  784.01946  95.1%  81.8 2374s
 10703  2128 6731.33978  267  655 15850.5965  784.01946  95.1%  81.8 2375s
H10729  2054                    15850.595232  784.01946  95.1%  81.6 2379s
H10729  1968                    15850.594746  784.01946  95.1%  81.6 2382s
 10749  1983 6736.34282  290  636 15850.5947  784.01946  95.1%  81.4 2386s
H10755  1904                    15850.594739  784.01946  95.1%  81.4 2387s
H10755  1827                    15850.594515  784.01946  95.1%  81.4 2389s
H10755  1754                    15850.594276  784.01946  95.1%  81.4 2393s
 10771  1767 6738.57737  301  628 15850.5943  784.01946  95.1%  81.3 2395s
 10781  1773 6739.49590  306  627 15850.5943  784.01946  95.1%  81.2 2402s
 10803  1788 6739.28702  317  617 15850.5943  784.01946  95.1%  81.1 2406s
 10822  1801 6741.14373  327  614 15850.5943  784.01946  95.1%  80.9 2412s
 10843  1815 6741.98831  337  609 15850.5943  784.01946  95.1%  80.8 2415s
 10875  1836 6745.00660  353  596 15850.5943  784.01946  95.1%  80.6 2420s
 10911  1860 6750.79019  371  589 15850.5943  784.01946  95.1%  80.3 2425s
 10957  1891 6756.73100  394  577 15850.5943  784.01946  95.1%  80.0 2430s
 10973  1901 6757.02990  402  569 15850.5943  784.01946  95.1%  79.9 2435s
 11005  1923 6760.02114  418  559 15850.5943  784.01946  95.1%  79.6 2446s
 11027  1937 6761.33308  429  554 15850.5943  784.01946  95.1%  79.5 2450s
 11068  1965 6762.48132  450  539 15850.5943  784.01946  95.1%  79.2 2455s
 11122  2001 7579.56786  477  530 15850.5943  784.01946  95.1%  78.9 2460s
 11165  2029 7902.98455  498  532 15850.5943  784.01946  95.1%  78.6 2465s
 11222  2067 9443.81709  527  529 15850.5943  784.01946  95.1%  78.2 2470s
 11262  2094 10871.0329  547  531 15850.5943  784.01946  95.1%  77.9 2475s
 11316  2130 13886.5756  574  519 15850.5943  784.01946  95.1%  77.5 2480s
 11367  2164 14214.9340  599  517 15850.5943  784.01946  95.1%  77.2 2485s
 11424  2202 15061.9976  628  516 15850.5943  784.01946  95.1%  76.9 2490s
 11478  2229 15749.8503  656  519 15850.5943  784.01946  95.1%  76.5 2495s
 11524  2213 1435.49238   28  885 15850.5943  784.01946  95.1%  76.7 2500s
 11532  2218 1454.07258   32  754 15850.5943  784.01946  95.1%  77.1 2505s
 11547  2228 1852.49600   40  791 15850.5943  784.01946  95.1%  77.3 2511s
 11559  2236 1978.10715   46  796 15850.5943  784.01946  95.1%  77.5 2515s
 11585  2253 2153.28941   59  739 15850.5943  784.01946  95.1%  77.4 2520s
 11627  2281 2152.21471   80  828 15850.5943  784.01946  95.1%  77.2 2525s
 11647  2295 2153.16067   90  838 15850.5943  784.01946  95.1%  77.1 2530s
 11685  2320 2152.72575  109  843 15850.5943  784.01946  95.1%  76.9 2538s
 11703  2332 2153.29127  118  877 15850.5943  784.01946  95.1%  76.9 2540s
 11735  2353 2152.81225  134  948 15850.5943  784.01946  95.1%  77.0 2545s
 11744  2359 2152.81548  138  899 15850.5943  784.01946  95.1%  77.2 2550s
 11765  2373 2152.81734  149 1066 15850.5943  784.01946  95.1%  77.2 2555s
 11780  2383 2152.81934  156  870 15850.5943  784.01946  95.1%  77.3 2560s
 11797  2395 2153.03041  165  824 15850.5943  784.01946  95.1%  77.3 2565s
H11805  2328                    15842.786240  784.01946  95.1%  77.4 2570s
H11805  2262                    15840.092758  784.01946  95.1%  77.4 2570s
H11805  2199                    15834.194748  784.01946  95.0%  77.4 2570s
H11805  2139                    15833.960072  784.01946  95.0%  77.4 2570s
H11805  2083                    15833.915715  784.01946  95.0%  77.4 2575s
 11813  2090 2154.08821  173  833 15833.9157  784.01946  95.0%  77.4 2580s
 11838  2107 2854.20729  185  720 15833.9157  784.01946  95.0%  77.4 2586s
 11842  2110 2168.77224  187  887 15833.9157  784.01946  95.0%  77.4 2591s
 11850  2115 2853.64966  191  719 15833.9157  784.01946  95.0%  77.6 2595s
 11871  2129 2154.17078  202  826 15833.9157  784.01946  95.0%  77.8 2600s
 11921  2162 2154.17818  227  923 15833.9157  784.01946  95.0%  78.0 2605s
 11964  2191 2855.06884  248  851 15833.9157  784.01946  95.0%  78.0 2611s
 11985  2205 2154.59795  259 1019 15833.9157  784.01946  95.0%  78.0 2615s
 12032  2236 2648.31860  282  733 15833.9157  784.01946  95.0%  78.0 2620s
 12073  2264 3466.78251  303  689 15833.9157  784.01946  95.0%  77.8 2631s
 12122  2296 4167.38987  327  669 15833.9157  784.01946  95.0%  77.5 2635s
 12171  2329 4172.67638  352  654 15833.9157  784.01946  95.0%  77.3 2640s
 12226  2366 4172.99448  379  641 15833.9157  784.01946  95.0%  76.9 2645s
 12271  2396 4175.52243  402  627 15833.9157  784.01946  95.0%  76.7 2650s
 12327  2433 4723.93345  430  618 15833.9157  784.01946  95.0%  76.3 2655s
 12400  2482 4728.21778  466  590 15833.9157  784.01946  95.0%  75.9 2660s
 12450  2515 4730.73027  491  576 15833.9157  784.01946  95.0%  75.6 2665s
 12517  2560 4733.56196  525  557 15833.9157  784.01946  95.0%  75.2 2670s
 12567  2593 4734.76741  550  546 15833.9157  784.01946  95.0%  74.9 2675s
 12617  2626 4737.73160  575  531 15833.9157  784.01946  95.0%  74.7 2680s
 12688  2674 5314.66928  610  521 15833.9157  784.01946  95.0%  74.3 2685s
 12751  2716 5999.68255  642  513 15833.9157  784.01946  95.0%  73.9 2690s
H12788  2684                    15833.915586  784.01946  95.0%  73.7 2693s
H12788  2633                    15833.914976  784.01946  95.0%  73.7 2694s
H12788  2583                    15807.063660  784.01946  95.0%  73.7 2697s
 12788  2585 8248.86362  660  510 15807.0637  784.01946  95.0%  73.7 2702s
 12817  2605 7510.48340  675  500 15807.0637  784.01946  95.0%  73.5 2705s
 12885  2650 8132.48949  709  502 15807.0637  784.01946  95.0%  73.2 2710s
 12936  2684 8361.40359  734  497 15807.0637  784.01946  95.0%  72.9 2715s
 12983  2719 8367.07921  758  483 15807.0637  784.01946  95.0%  72.6 2720s
 13030  2766 8938.93686  781  483 15807.0637  784.01946  95.0%  72.4 2725s
 13099  2835 9732.69019  816  488 15807.0637  784.01946  95.0%  72.0 2730s
 13152  2888 10549.5614  842  490 15807.0637  784.01946  95.0%  71.7 2735s
 13206  2942 11168.3355  869  484 15807.0637  784.01946  95.0%  71.4 2740s
H13231  2965                    15806.616280  784.01946  95.0%  71.3 2741s
 13231  2967 11760.4763  882  481 15806.6163  784.01946  95.0%  71.3 2746s
 13293  3029 12336.8738  913  482 15806.6163  784.01946  95.0%  71.0 2750s
 13358  3094 13085.0671  945  478 15806.6163  784.01946  95.0%  70.6 2755s
 13437  3173 15288.8306  985  473 15806.6163  784.01946  95.0%  70.2 2760s
 13503  3239 14984.2898 1018  466 15806.6163  784.01946  95.0%  69.9 2765s
 13576  3297 15588.6020 1052  467 15806.6163  784.01946  95.0%  69.5 2770s
 13634  3299 15771.0220 1056  469 15806.6163  784.01946  95.0%  69.3 2775s
 13666  3319 1456.25959   37  743 15806.6163  784.01946  95.0%  69.3 2780s
 13697  3350 2009.58838   53  742 15806.6163  784.01946  95.0%  69.2 2785s
 13752  3405 2081.59540   80  830 15806.6163  784.01946  95.0%  69.4 2790s
H13771  3396                    15606.574542  784.01946  95.0%  69.5 2799s
 13771  3398 2609.01664   90  719 15606.5745  784.01946  95.0%  69.5 2801s
 13776  3403 2084.02395   92  771 15606.5745  784.01946  95.0%  69.8 2808s
 13779  3406 2151.33647   94  820 15606.5745  784.01946  95.0%  69.9 2811s
 13790  3417 2648.00583   99  719 15606.5745  784.01946  95.0%  70.1 2815s
 13821  3448 2151.94593  115  774 15606.5745  784.01946  95.0%  70.1 2820s
 13829  3456 2152.33892  119  751 15606.5745  784.01946  95.0%  70.4 2825s
 13872  3499 2652.44584  140  697 15606.5745  784.01946  95.0%  70.4 2830s
 13953  3580 2656.40946  181  681 15606.5745  784.01946  95.0%  70.1 2835s
 14033  3660 2663.76932  221  652 15606.5745  784.01946  95.0%  69.8 2840s
 14108  3735 2674.11111  258  652 15606.5745  784.01946  95.0%  69.6 2845s
 14185  3812 2686.33181  297  630 15606.5745  784.01946  95.0%  69.4 2853s
 14215  3842 2688.01790  312  582 15606.5745  784.01946  95.0%  69.3 2855s
 14316  3943 2697.08869  362  544 15606.5745  784.01946  95.0%  68.9 2860s
 14401  4028 2870.78416  405  643 15606.5745  784.01946  95.0%  68.6 2865s
 14469  4096 3406.97489  439  576 15606.5745  784.01946  95.0%  68.7 2870s
 14567  4194 3424.89012  488  546 15606.5745  784.01946  95.0%  68.3 2875s
 14674  4301 4156.37336  541  551 15606.5745  784.01946  95.0%  67.9 2880s
 14771  4398 5133.20444  590  518 15606.5745  784.01946  95.0%  67.4 2885s
 14859  4486 5542.22406  634  515 15606.5745  784.01946  95.0%  67.1 2890s
 14951  4578 6150.94792  680  514 15606.5745  784.01946  95.0%  66.7 2895s
 15021  4648 6302.74990  715  511 15606.5745  784.01946  95.0%  66.4 2900s
 15116  4743 6746.24102  762  508 15606.5745  784.01946  95.0%  66.0 2905s
 15155  4782 6827.68325  782  508 15606.5745  784.01946  95.0%  65.8 2913s
 15185  4812 6918.53736  797  508 15606.5745  784.01946  95.0%  65.7 2915s
 15278  4905 7262.57227  843  511 15606.5745  784.01946  95.0%  65.3 2920s
 15363  4990 7806.56524  886  518 15606.5745  784.01946  95.0%  64.9 2925s
 15457  5084 8039.16834  933  525 15606.5745  784.01946  95.0%  64.6 2930s
 15561  5188 8367.80462  985  531 15606.5745  784.01946  95.0%  64.1 2935s
 15649  5276 8525.50373 1029  523 15606.5745  784.01946  95.0%  63.8 2940s
 15740  5367 8684.95401 1074  521 15606.5745  784.01946  95.0%  63.5 2945s
 15833  5460 8984.26775 1121  527 15606.5745  784.01946  95.0%  63.1 2950s
 15926  5553 9243.90701 1167  529 15606.5745  784.01946  95.0%  62.7 2955s
 16020  5647 9268.64803 1214  543 15606.5745  784.01946  95.0%  62.4 2960s
 16117  5744 9586.77240 1263  546 15606.5745  784.01946  95.0%  62.0 2965s
 16205  5832 9639.24474 1307  545 15606.5745  784.01946  95.0%  61.7 2970s
 16290  5917 9992.34583 1349  553 15606.5745  784.01946  95.0%  61.4 2975s
 16368  5995 10303.3203 1388  560 15606.5745  784.01946  95.0%  61.1 2980s
 16465  6092 10722.4411 1437  554 15606.5745  784.01946  95.0%  60.8 2985s
 16560  6187 11129.9480 1484  545 15606.5745  784.01946  95.0%  60.5 2990s
 16663  6290 11260.6672 1536  548 15606.5745  784.01946  95.0%  60.1 2995s
 16722  6349 11721.8058 1565  545 15606.5745  784.01946  95.0%  59.9 3002s
 16762  6389 11779.0427 1585  555 15606.5745  784.01946  95.0%  59.8 3005s
 16826  6453 11856.8244 1617  552 15606.5745  784.01946  95.0%  59.6 3010s
 16920  6547 11950.4725 1664  549 15606.5745  784.01946  95.0%  59.2 3015s
 17015  6642 12114.3250 1712  541 15606.5745  784.01946  95.0%  58.9 3020s
 17115  6742 12763.2554 1762  537 15606.5745  784.01946  95.0%  58.6 3025s
 17204  6831 13151.3551 1806  530 15606.5745  784.01946  95.0%  58.3 3030s
 17290  6917 13245.9320 1849  536 15606.5745  784.01946  95.0%  58.0 3035s
 17367  6994 13392.0889 1888  534 15606.5745  784.01946  95.0%  57.8 3040s
 17436  7063 13654.3820 1922  536 15606.5745  784.01946  95.0%  57.6 3045s
 17532  7159 13803.7863 1970  539 15606.5745  784.01946  95.0%  57.3 3050s
 17630  7257 13935.6897 2019  542 15606.5745  784.01946  95.0%  57.0 3055s
 17721  7348 14167.9699 2065  543 15606.5745  784.01946  95.0%  56.7 3060s
 17807  7434 14308.7269 2108  548 15606.5745  784.01946  95.0%  56.4 3065s
 17857  7484 14437.0328 2133  538 15606.5745  784.01946  95.0%  56.3 3071s
 17929  7556 14535.3485 2169  534 15606.5745  784.01946  95.0%  56.1 3075s
 18021  7648 14955.4869 2215  530 15606.5745  784.01946  95.0%  55.8 3080s
 18085  7712 15100.0799 2247  532 15606.5745  784.01946  95.0%  55.6 3085s
 18179  7806 15359.1906 2294  542 15606.5745  784.01946  95.0%  55.3 3090s
 18272  7899 15440.4638 2340  543 15606.5745  784.01946  95.0%  55.1 3095s
 18346  7968 15543.2644 2378  547 15606.5745  784.01946  95.0%  54.9 3100s
 18407  8024 15577.9764 2409  556 15606.5745  784.01946  95.0%  54.7 3105s
 18479  8032 15581.1862 2417  550 15606.5745  784.01946  95.0%  54.5 3110s
 18536  8033 1448.62127   31 1070 15606.5745  784.01946  95.0%  54.5 3115s
 18586  8083 1677.47432   56  843 15606.5745  784.01946  95.0%  54.7 3120s
 18620  8117 1710.74261   73  793 15606.5745  784.01946  95.0%  54.9 3131s
 18645  8142 1713.49618   85  826 15606.5745  784.01946  95.0%  54.9 3135s
 18701  8198 2168.49249  113  876 15606.5745  784.01946  95.0%  55.0 3140s
 18724  8221 1740.86078  125  849 15606.5745  784.01946  95.0%  55.3 3146s
 18728  8225 1740.92127  127  865 15606.5745  784.01946  95.0%  55.4 3150s
 18742  8239 1741.07554  134  773 15606.5745  784.01946  95.0%  55.5 3156s
 18746  8243 1741.12514  136  795 15606.5745  784.01946  95.0%  55.6 3160s
 18751  8248 2319.65880  138  750 15606.5745  784.01946  95.0%  55.7 3166s
 18787  8284 2471.89740  156  736 15606.5745  784.01946  95.0%  55.7 3170s
 18793  8290 1928.39971  159  834 15606.5745  784.01946  95.0%  55.8 3175s
 18799  8296 2473.57794  162  741 15606.5745  784.01946  95.0%  55.8 3182s
 18825  8322 2476.28149  175  798 15606.5745  784.01946  95.0%  55.8 3185s
 18862  8359 2574.55238  194  767 15606.5745  784.01946  95.0%  55.7 3190s
 18908  8405 3597.76827  217  727 15606.5745  784.01946  95.0%  55.7 3195s
 18967  8464 3605.39986  246  744 15606.5745  784.01946  95.0%  55.5 3200s
 19043  8540 4302.78989  284  718 15606.5745  784.01946  95.0%  55.3 3205s
 19103  8600 4525.23168  314  695 15606.5745  784.01946  95.0%  55.2 3210s
 19181  8678 6059.25444  353  674 15606.5745  784.01946  95.0%  55.0 3215s
 19240  8737 6071.12192  383  654 15606.5745  784.01946  95.0%  54.8 3220s
H19268  8763                    15606.436940  784.01946  95.0%  54.7 3222s
H19268  8738                    15578.961917  784.01946  95.0%  54.7 3222s
H19268  8624                    15506.756499  784.01946  94.9%  54.7 3224s
H19268  8618                    15497.430083  784.01946  94.9%  54.7 3225s
H19268  8618                    15497.150904  784.01946  94.9%  54.7 3225s
H19268  8602                    15462.814650  784.01946  94.9%  54.7 3226s
 19315  8651 6228.27546  420  635 15462.8146  784.01946  94.9%  54.6 3230s
 19381  8717 6232.19787  453  612 15462.8146  784.01946  94.9%  54.5 3235s
 19457  8793 7614.51730  491  595 15462.8146  784.01946  94.9%  54.3 3240s
 19531  8867 7145.03296  528  578 15462.8146  784.01946  94.9%  54.1 3245s
 19601  8937 7151.47601  563  563 15462.8146  784.01946  94.9%  53.9 3250s
 19669  9005 7995.44692  597  555 15462.8146  784.01946  94.9%  53.7 3266s
 19738  9074 9902.36283  632  536 15462.8146  784.01946  94.9%  53.5 3270s
 19812  9148 9919.50827  669  514 15462.8146  784.01946  94.9%  53.4 3275s
 19863  9199 9948.76532  694  502 15462.8146  784.01946  94.9%  53.2 3283s
 19887  9223 10195.5640  706  500 15462.8146  784.01946  94.9%  53.2 3285s
 19990  9326 11648.0688  758  485 15462.8146  784.01946  94.9%  52.9 3290s
 20072  9408 12983.6681  799  474 15462.8146  784.01946  94.9%  52.7 3295s
 20152  9488 14975.2910  839  470 15462.8146  784.01946  94.9%  52.5 3300s
 20220  9510 1583.99475   30  867 15462.8146  784.01946  94.9%  52.6 3305s
 20248  9538 1587.11992   44 1350 15462.8146  784.01946  94.9%  53.2 3310s
 20270  9560 1604.56490   55 1091 15462.8146  784.01946  94.9%  53.7 3315s
 20288  9578 1605.71326   64 1169 15462.8146  784.01946  94.9%  54.0 3320s
 20304  9594 1606.63477   72 1201 15462.8146  784.01946  94.9%  54.4 3326s
 20311  9601 1096.24983   76  776 15462.8146  784.01946  94.9%  54.5 3331s
 20319  9609 1616.95466   80  712 15462.8146  784.01946  94.9%  54.8 3335s
 20328  9618 1618.47133   84  712 15462.8146  784.01946  94.9%  55.2 3342s
 20330  9620 1618.93545   85  712 15462.8146  784.01946  94.9%  55.3 3348s
 20332  9622 1617.67545   86  712 15462.8146  784.01946  94.9%  55.5 3350s
 20340  9630 1311.55318   90  728 15462.8146  784.01946  94.9%  55.7 3355s
 20347  9637 1311.84868   94  737 15462.8146  784.01946  94.9%  55.9 3362s
 20350  9640 1311.93393   95  716 15462.8146  784.01946  94.9%  56.0 3365s
 20360  9650 1779.65085  100  710 15462.8146  784.01946  94.9%  56.0 3372s
H20361  9647                    15460.688726  784.01946  94.9%  56.0 3373s
H20361  9644                    15446.997621  784.01946  94.9%  56.0 3379s
H20361  9644                    15446.681266  784.01946  94.9%  56.0 3379s
 20366  9651 1778.89706  103  887 15446.6813  784.01946  94.9%  56.0 3380s
 20404  9689 2237.18055  122  843 15446.6813  784.01946  94.9%  56.2 3385s
 20505  9790 3325.06430  173  701 15446.6813  784.01946  94.9%  56.2 3390s
 20586  9871 3245.01785  213  694 15446.6813  784.01946  94.9%  56.0 3395s
 20665  9950 3283.99293  253  670 15446.6813  784.01946  94.9%  55.8 3400s
 20727 10012 3297.59629  284  650 15446.6813  784.01946  94.9%  55.7 3405s
 20810 10095 3312.44509  325  628 15446.6813  784.01946  94.9%  55.5 3410s
 20883 10168 3978.40583  362  607 15446.6813  784.01946  94.9%  55.3 3415s
 20971 10256 4165.07996  406  585 15446.6813  784.01946  94.9%  55.1 3420s
 21056 10341 6119.02475  448  563 15446.6813  784.01946  94.9%  54.9 3425s
 21153 10438 7191.38634  497  545 15446.6813  784.01946  94.9%  54.6 3430s
 21247 10532 7912.76548  544  536 15446.6813  784.01946  94.9%  54.4 3435s
 21342 10627 8090.98882  591  507 15446.6813  784.01946  94.9%  54.2 3440s
 21423 10708 9662.93450  632  490 15446.6813  784.01946  94.9%  54.0 3445s
 21504 10789 11302.4786  672  474 15446.6813  784.01946  94.9%  53.8 3450s
 21600 10885 12690.6948  720  461 15446.6813  784.01946  94.9%  53.6 3455s
 21681 10964 14933.8996  761  445 15446.6813  784.01946  94.9%  53.4 3460s
 21711 10954  800.21499   25 1379 15446.6813  784.01946  94.9%  53.5 3469s
 21712 10955 1454.92840   26  757 15446.6813  784.01946  94.9%  53.6 3475s
 21717 10960 1469.88452   28  749 15446.6813  784.01946  94.9%  53.9 3497s
 21719 10962 1458.95890   29  812 15446.6813  784.01946  94.9%  54.0 3500s
 21729 10972 1457.08786   34 1104 15446.6813  784.01946  94.9%  54.2 3505s
 21751 10994 2027.93826   45  858 15446.6813  784.01946  94.9%  54.3 3510s
 21785 11028 1559.02920   62 1189 15446.6813  784.01946  94.9%  54.6 3515s
 21805 11048 1580.96008   72 1174 15446.6813  784.01946  94.9%  54.7 3520s
 21814 11057 2169.16424   77  842 15446.6813  784.01946  94.9%  55.0 3525s
 21819 11062 2170.86615   79  814 15446.6813  784.01946  94.9%  55.2 3533s
 21820 11063 1582.20776   80  846 15446.6813  784.01946  94.9%  55.2 3535s
 21825 11068 2171.17881   82  755 15446.6813  784.01946  94.9%  55.3 3540s
 21829 11072 2171.00680   84  749 15446.6813  784.01946  94.9%  55.3 3545s
 21835 11078 2173.37721   87  755 15446.6813  784.01946  94.9%  55.4 3552s
 21856 11099 1582.39237   98  799 15446.6813  784.01946  94.9%  55.4 3555s
 21871 11114 2174.57151  105  747 15446.6813  784.01946  94.9%  55.5 3560s
 21886 11129 1659.13860  113  753 15446.6813  784.01946  94.9%  55.5 3565s
 21939 11182 2180.27529  139  739 15446.6813  784.01946  94.9%  55.4 3570s
 22023 11266 2250.10309  181  719 15446.6813  784.01946  94.9%  55.2 3575s
 22111 11354 2263.69807  225  695 15446.6813  784.01946  94.9%  55.1 3580s
 22209 11452 2285.66123  274  657 15446.6813  784.01946  94.9%  54.9 3585s
 22291 11534 2297.60554  315  622 15446.6813  784.01946  94.9%  54.8 3590s
 22378 11621 2424.35789  359  588 15446.6813  784.01946  94.9%  54.6 3595s
 22470 11713 3171.26493  405  615 15446.6813  784.01946  94.9%  54.4 3600s

Cutting planes:
  Flow cover: 213
  RLT: 300

Explored 22471 nodes (1236357 simplex iterations) in 3600.02 seconds (1457.04 work units)
Thread count was 1 (of 56 available processors)

Solution count 10: 15446.7 15447 15460.7 ... 15606.6

Time limit reached
Best objective 1.544668126585e+04, best bound 7.840194639781e+02, gap 94.9244%

User-callback calls 492060, time in user-callback 2.12 sec
reading holmberg data file ../../../../../instances/uflp/holmberg/p28
primal_bound = 15446.681265846448, dual_bound = 784.0194639780593, gap = 94.92435008863959, time = 3600.04
