solving instance uflp nlass holmberg 60 sinabc1
Set parameter TokenServer to value "licences.gerad.lan"
Set parameter MIPGap to value 1e-06
Set parameter FuncPieceError to value 1e-06
Set parameter Threads to value 1
Set parameter FuncPieces to value -2
Set parameter TimeLimit to value 3600
Gurobi Optimizer version 12.0.2 build v12.0.2rc0 (linux64 - "AlmaLinux 9.6 (Sage Margay)")

CPU model: Intel(R) Xeon(R) Gold 6258R CPU @ 2.70GHz, instruction set [SSE2|AVX|AVX2|AVX512]
Thread count: 56 physical cores, 56 logical processors, using up to 1 threads

Non-default parameters:
TimeLimit  3600
MIPGap  1e-06
Threads  1
FuncPieces  -2
FuncPieceError  1e-06

Optimize a model with 30200 rows, 42030 columns and 72000 nonzeros
Model fingerprint: 0x58c07298
Model has 12000 function constraints treated as nonlinear
  6000 POW, 6000 SIN
Variable types: 36000 continuous, 6030 integer (6030 binary)
Coefficient statistics:
  Matrix range     [1e+00, 2e+02]
  Objective range  [1e+00, 5e+02]
  Bounds range     [1e+00, 1e+10]
  RHS range        [1e+00, 1e+00]
Warning: Model contains large bounds
         Consider reformulating model or setting NumericFocus parameter
         to avoid numerical issues.
Presolve removed 18000 rows and 24000 columns
Presolve time: 0.14s
Presolved: 42200 rows, 18031 columns, 96000 nonzeros
Presolved model has 6000 quadratic objective terms
Presolved model has 6000 nonlinear constraint(s)

Solving non-convex MINLP

Variable types: 18001 continuous, 30 integer (30 binary)
Performing another presolve...
Presolve removed 0 rows and 1 columns
Presolve time: 0.07s
Found heuristic solution: objective 97670.999931

Root simplex log...

Iteration    Objective       Primal Inf.    Dual Inf.      Time
   18930    7.9105596e+02   3.178644e+02   0.000000e+00      5s
   23900    1.1560196e+03   2.470121e+02   0.000000e+00     10s
   28444    1.4386653e+03   1.826403e+02   0.000000e+00     15s
   31852    1.6816992e+03   1.344347e+02   0.000000e+00     20s
   34976    2.0308124e+03   8.878133e+01   0.000000e+00     25s
   38100    2.4138452e+03   4.433701e+01   0.000000e+00     30s
   40940    2.7290742e+03   3.421437e-01   0.000000e+00     35s
   41109    2.7292846e+03   0.000000e+00   0.000000e+00     36s

Root relaxation: objective 2.729285e+03, 41109 iterations, 35.21 seconds (21.16 work units)

    Nodes    |    Current Node    |     Objective Bounds      |     Work
 Expl Unexpl |  Obj  Depth IntInf | Incumbent    BestBd   Gap | It/Node Time

     0     0 2729.28463    0 6030 97670.9999 2729.28463  97.2%     -   35s
H    0     0                    49264.647725 2729.28463  94.5%     -   35s
H    0     0                    37847.208590 2729.28463  92.8%     -   36s
     0     0 2731.27395    0 6030 37847.2086 2731.27395  92.8%     -   37s
H    0     0                    16872.041972 2731.59830  83.8%     -   42s
     0     2 2731.59830    0 6030 16872.0420 2731.59830  83.8%     -   45s
     3     5 2892.96136    2 5628 16872.0420 2814.05771  83.3%  4485   57s
     5     7 2973.25285    3 5427 16872.0420 2919.04742  82.7%  5024   67s
     9    11 3159.51404    5 5025 16872.0420 3074.54304  81.8%  4205   79s
    11    13 3256.16706    6 4824 16872.0420 3164.72683  81.2%  3878   83s
    13    15 3389.61776    7 4623 16872.0420 3186.87456  81.1%  3391   85s
    14    16 3697.98247    7 4823 16872.0420 3186.87456  81.1%  3157  101s
    15    17 3517.05811    8 4422 16872.0420 3186.87456  81.1%  3615  108s
    19    21 4058.59161   10 4220 16872.0420 3186.87456  81.1%  2908  110s
    27    29 4765.51340   14 3216 16872.0420 3186.87456  81.1%  2377  115s
    31    33 5447.95110   16 3014 16872.0420 3186.87456  81.1%  2404  120s
    37    39 6400.73122   19 2411 16872.0420 3186.87456  81.1%  2532  127s
    47    49 8450.22607   24 2206 16872.0420 3186.87456  81.1%  2079  130s
    59    61 10877.9541   30 2000 16872.0420 3186.87456  81.1%  1723  243s
    96    98 11118.1229   48 1999 16872.0420 3186.87456  81.1%  1066  245s
   253   255 11637.2138  127 1999 16872.0420 3186.87456  81.1%   405  250s
   403   405 12060.2326  202 2000 16872.0420 3186.87456  81.1%   255  255s
   559   561 12540.7913  280 2000 16872.0420 3186.87456  81.1%   184  260s
   705   707 13024.1403  353 1999 16872.0420 3186.87456  81.1%   146  265s
   864   866 13429.3775  432 1999 16872.0420 3186.87456  81.1%   119  270s
  1020  1022 13842.8089  510 1999 16872.0420 3186.87456  81.1%   101  275s
  1182  1184 14226.0820  591 2000 16872.0420 3186.87456  81.1%  87.6  280s
  1348  1350 14665.9308  674 1999 16872.0420 3186.87456  81.1%  76.9  285s
  1517  1519 15060.2895  759 1999 16872.0420 3186.87456  81.1%  68.5  290s
  1543  1545 15070.3626  772 2000 16872.0420 3186.87456  81.1%  67.3  303s
  1600  1602 15250.8105  800 1999 16872.0420 3186.87456  81.1%  65.0  305s
  1771  1773 15578.2034  886 2000 16872.0420 3186.87456  81.1%  58.8  310s
  1954  1956 15983.0084  977 1999 16872.0420 3186.87456  81.1%  53.4  315s
  2134  2136 16300.8345 1067 1999 16872.0420 3186.87456  81.1%  49.0  320s
  2313  2315 16587.1394 1157 2000 16872.0420 3186.87456  81.1%  45.3  325s
  2492  2464     cutoff 1246      16872.0420 3186.87456  81.1%  42.1  330s
  2507  2464 14005.2980  536   15 16872.0420 3207.98903  81.0%  42.1  343s
H 2508  2341                    16871.047635 3207.98903  81.0%  42.1  392s
  2510  2342 15788.1188  925   30 16871.0476 3207.98903  81.0%  42.1  407s
  2511  2343 15638.7150  887   30 16871.0476 3207.98903  81.0%  42.1  434s
  2512  2345 3207.98903   16 5829 16871.0476 3207.98903  81.0%  58.9 1441s
  2514  2347 3207.98903   17 5628 16871.0476 3207.98903  81.0%  63.7 1456s
  2516  2348 3207.98903   18 5427 16871.0476 3207.98903  81.0%  68.2 1471s
  2518  2349 3207.98903   19 5226 16871.0476 3207.98903  81.0%  72.7 1483s
  2520  2351 3207.98903   20 5025 16871.0476 3207.98903  81.0%  76.7 1492s
  2522  2352 3268.64854   21 4824 16871.0476 3207.98903  81.0%  78.6 1497s
  2526  2355 3541.38218   23 4422 16871.0476 3207.98903  81.0%  83.5 1507s
  2532  2359 3996.33244   26 3819 16871.0476 3207.98903  81.0%  84.3 1510s
  2540  2364 5087.66347   30 3015 16871.0476 3207.98903  81.0%  87.5 1515s
  2546  2368 6098.40942   33 2812 16871.0476 3207.98903  81.0%  93.7 1520s
  2558  2376 8402.60273   39 2406 16871.0476 3207.98903  81.0%  97.2 1525s
  2620  2417 10896.9613   70 2000 16871.0476 3207.98903  81.0%  96.7 1530s
  2764  2513 11316.6768  142 2000 16871.0476 3207.98903  81.0%  91.8 1535s
  2942  2632 11776.3494  231 1999 16871.0476 3207.98903  81.0%  86.3 1540s
  3094  2733 12176.6403  307 1999 16871.0476 3207.98903  81.0%  82.1 1545s
  3290  2864 12652.0353  405 1999 16871.0476 3207.98903  81.0%  77.3 1550s
  3476  2988 13044.9508  498 2000 16871.0476 3207.98903  81.0%  73.2 1555s
  3504  3007 13118.7940  512 2000 16871.0476 3207.98903  81.0%  72.7 1560s
  3670  3117 13495.5175  595 2000 16871.0476 3207.98903  81.0%  69.4 1565s
  3860  3244 14025.8539  690 1999 16871.0476 3207.98903  81.0%  66.1 1570s
  4018  3349 14291.6351  769 2000 16871.0476 3207.98903  81.0%  63.5 1575s
  4200  3471 14739.1897  860 1999 16871.0476 3207.98903  81.0%  60.8 1580s
  4380  3591 14997.2399  950 2000 16871.0476 3207.98903  81.0%  58.3 1585s
  4552  3705 15362.6817 1036 2000 16871.0476 3207.98903  81.0%  56.2 1590s
  4716  3815 15662.0647 1118 2000 16871.0476 3207.98903  81.0%  54.3 1595s
  4887  3929 15984.3786 1203 1999 16871.0476 3207.98903  81.0%  52.4 1600s
  5044  4033 16218.3286 1282 1999 16871.0476 3207.98903  81.0%  50.8 1605s
  5208  4143 16459.7661 1364 1999 16871.0476 3207.98903  81.0%  49.3 1610s
  5381  4258 16676.6066 1450 1999 16871.0476 3207.98903  81.0%  47.7 1615s
  5530  4327 3256.94515   17 5828 16871.0476 3207.98903  81.0%  46.6 1620s
  5536  4331 3870.71888   20 5425 16871.0476 3207.98903  81.0%  47.0 1625s
  5545  4337 4122.21565   25 4220 16871.0476 3207.98903  81.0%  47.8 1630s
  5557  4345 5497.53689   31 3214 16871.0476 3207.98903  81.0%  48.5 1635s
  5577  4359 9212.68442   41 2204 16871.0476 3207.98903  81.0%  49.8 1640s
  5699  4440 11110.5153  102 1999 16871.0476 3207.98903  81.0%  49.2 1645s
  5872  4555 11557.2906  188 2000 16871.0476 3207.98903  81.0%  47.8 1650s
  6019  4653 12096.2999  262 1999 16871.0476 3207.98903  81.0%  46.7 1655s
  6187  4765 12554.7325  346 1999 16871.0476 3207.98903  81.0%  45.4 1660s
  6361  4881 12937.3615  433 2000 16871.0476 3207.98903  81.0%  44.2 1665s
  6536  4998 13407.8040  520 2000 16871.0476 3207.98903  81.0%  43.1 1670s
  6708  5113 13841.9782  606 2000 16871.0476 3207.98903  81.0%  42.0 1675s
  6881  5228 14150.7640  693 2000 16871.0476 3207.98903  81.0%  41.0 1680s
  7034  5330 14449.6752  769 1999 16871.0476 3207.98903  81.0%  40.1 1685s
  7221  5455 14839.4470  863 2000 16871.0476 3207.98903  81.0%  39.1 1690s
  7402  5575 15286.5088  953 1999 16871.0476 3207.98903  81.0%  38.2 1695s
  7575  5691 15424.5638 1040 2000 16871.0476 3207.98903  81.0%  37.4 1700s
  7755  5811 15706.7713 1130 2000 16871.0476 3207.98903  81.0%  36.5 1705s
  7931  5928 15965.0683 1218 2000 16871.0476 3207.98903  81.0%  35.7 1710s
  8102  6042 16156.0372 1303 1999 16871.0476 3207.98903  81.0%  35.0 1715s
  8290  6167 16333.3481 1397 1999 16871.0476 3207.98903  81.0%  34.2 1720s
  8483  6296 16634.1665 1494 1999 16871.0476 3207.98903  81.0%  33.5 1725s
  8673  6407 16861.9939 1589 2000 16871.0476 3207.98903  81.0%  32.8 1730s
  8691  6407 4327.98811   21 5424 16871.0476 3259.21948  80.7%  33.1 1735s
  8703  6415 5050.06844   27 4218 16871.0476 3259.21948  80.7%  33.7 1740s
  8720  6426 7329.01280   36 2609 16871.0476 3259.21948  80.7%  34.4 1745s
  8784  6469 11042.1723   68 1799 16871.0476 3259.21948  80.7%  34.9 1750s
  8974  6595 11653.9204  163 1800 16871.0476 3259.21948  80.7%  34.2 1755s
  9151  6713 12374.2489  251 1799 16871.0476 3259.21948  80.7%  33.6 1760s
  9346  6843 13081.2296  349 1800 16871.0476 3259.21948  80.7%  32.9 1765s
  9540  6973 13887.3808  446 1799 16871.0476 3259.21948  80.7%  32.3 1770s
  9735  7168 14387.3524  543 1799 16871.0476 3259.21948  80.7%  31.7 1775s
  9932  7365 14956.1067  642 1799 16871.0476 3259.21948  80.7%  31.0 1780s
 10096  7529 15341.6012  724 1799 16871.0476 3259.21948  80.7%  30.6 1785s
 10287  7720 15740.6111  819 1799 16871.0476 3259.21948  80.7%  30.0 1790s
 10488  7921 16117.9468  920 1799 16871.0476 3259.21948  80.7%  29.5 1795s
 10692  8125 16498.8202 1022 1799 16871.0476 3259.21948  80.7%  28.9 1800s
 10888  8289 3336.41601   18 5627 16871.0476 3265.66745  80.6%  29.5 1819s
 10889  8290 3426.18854   19 5426 16871.0476 3265.66745  80.6%  32.8 1855s
 10898  8299 4162.66083   23 4822 16871.0476 3265.66745  80.6%  33.1 1860s
 10911  8312 5161.57033   30 3215 16871.0476 3265.66745  80.6%  33.6 1865s
 10929  8330 8348.46918   39 2606 16871.0476 3265.66745  80.6%  34.2 1870s
 10998  8399 10669.8088   73 1999 16871.0476 3265.66745  80.6%  34.3 1875s
 11179  8580 11172.1446  164 1999 16871.0476 3265.66745  80.6%  33.8 1880s
 11365  8766 11731.7649  257 2000 16871.0476 3265.66745  80.6%  33.3 1885s
 11550  8951 12339.5712  349 1999 16871.0476 3265.66745  80.6%  32.8 1890s
 11739  9140 12738.1014  444 1999 16871.0476 3265.66745  80.6%  32.2 1895s
 11914  9315 13168.4310  531 1999 16871.0476 3265.66745  80.6%  31.8 1900s
 12063  9464 13477.6416  606 1999 16871.0476 3265.66745  80.6%  31.4 1905s
 12234  9635 13801.9154  691 1999 16871.0476 3265.66745  80.6%  31.0 1910s
 12418  9819 14079.4417  783 1999 16871.0476 3265.66745  80.6%  30.5 1915s
 12602 10003 14375.2492  875 1999 16871.0476 3265.66745  80.6%  30.1 1920s
 12783 10184 14697.0867  966 2000 16871.0476 3265.66745  80.6%  29.7 1925s
 12955 10356 14960.1487 1052 2000 16871.0476 3265.66745  80.6%  29.3 1930s
 13097 10498 15188.1947 1123 2000 16871.0476 3265.66745  80.6%  29.0 1935s
 13271 10672 15428.5076 1210 1999 16871.0476 3265.66745  80.6%  28.7 1940s
 13445 10846 15730.1043 1297 1998 16871.0476 3265.66745  80.6%  28.3 1945s
 13619 11020 15923.5365 1384 1998 16871.0476 3265.66745  80.6%  28.0 1950s
 13790 11191 16144.1224 1469 1998 16871.0476 3265.66745  80.6%  27.6 1955s
 13963 11364 16338.6808 1556 1997 16871.0476 3265.66745  80.6%  27.3 1960s
 14138 11539 16519.6627 1643 1997 16871.0476 3265.66745  80.6%  27.0 1965s
 14317 11718 16717.5170 1733 1995 16871.0476 3265.66745  80.6%  26.6 1970s
 14475 11870 16833.3727 1812 1996 16871.0476 3265.66745  80.6%  26.4 1975s
 14532 11877 3796.03950   19 5626 16871.0476 3342.89670  80.2%  29.0 2023s
 14534 11879 3887.22029   20 5425 16871.0476 3342.89670  80.2%  29.0 2025s
 14545 11890 4751.85429   25 4620 16871.0476 3342.89670  80.2%  29.3 2030s
 14557 11902 5718.68368   31 3414 16871.0476 3342.89670  80.2%  29.6 2035s
 14578 11923 9465.88642   42 2203 16871.0476 3342.89670  80.2%  30.1 2040s
 14725 12070 11196.6195  115 1799 16871.0476 3342.89670  80.2%  30.0 2045s
 14912 12257 11754.2161  209 1800 16871.0476 3342.89670  80.2%  29.6 2050s
 15052 12397 12181.7563  279 1800 16871.0476 3342.89670  80.2%  29.4 2055s
 15204 12549 12617.4189  355 1800 16871.0476 3342.89670  80.2%  29.1 2060s
 15346 12691 13101.1513  426 1799 16871.0476 3342.89670  80.2%  28.9 2065s
 15492 12837 13411.7059  499 1799 16871.0476 3342.89670  80.2%  28.6 2070s
 15641 12986 13885.0350  573 1797 16871.0476 3342.89670  80.2%  28.3 2075s
 15778 13123 14271.4626  642 1797 16871.0476 3342.89670  80.2%  28.1 2080s
 15917 13262 14596.8236  711 1795 16871.0476 3342.89670  80.2%  27.9 2085s
 16040 13385 14803.8817  773 1796 16871.0476 3342.89670  80.2%  27.7 2090s
 16186 13531 15202.3770  846 1795 16871.0476 3342.89670  80.2%  27.4 2095s
 16326 13671 15505.0513  916 1794 16871.0476 3342.89670  80.2%  27.2 2100s
 16473 13818 15752.2657  989 1794 16871.0476 3342.89670  80.2%  27.0 2105s
 16612 13957 16016.2249 1059 1794 16871.0476 3342.89670  80.2%  26.7 2110s
 16762 14107 16285.5779 1134 1795 16871.0476 3342.89670  80.2%  26.5 2115s
 16912 14257 16629.5571 1209 1794 16871.0476 3342.89670  80.2%  26.3 2120s
 17042 14387 16809.9932 1274 1793 16871.0476 3342.89670  80.2%  26.1 2125s
 17097 14414 3894.14635   20 5425 16871.0476 3345.29836  80.2%  28.2 2239s
 17099 14416 3986.38481   21 5224 16871.0476 3345.29836  80.2%  28.2 2240s
 17109 14426 4591.00492   26 4219 16871.0476 3345.29836  80.2%  28.4 2245s
 17127 14444 6861.28410   35 2810 16871.0476 3345.29836  80.2%  28.8 2250s
 17167 14484 10557.6797   55 2000 16871.0476 3345.29836  80.2%  29.2 2255s
 17313 14630 11134.5394  128 1999 16871.0476 3345.29836  80.2%  28.9 2260s
 17465 14782 11575.0532  204 1999 16871.0476 3345.29836  80.2%  28.7 2265s
 17615 14932 11940.8292  279 2000 16871.0476 3345.29836  80.2%  28.5 2270s
 17753 15070 12386.5863  348 1999 16871.0476 3345.29836  80.2%  28.2 2275s
 17896 15213 12773.1838  419 1999 16871.0476 3345.29836  80.2%  28.0 2280s
 18020 15337 13111.3675  481 1999 16871.0476 3345.29836  80.2%  27.8 2285s
 18163 15480 13414.5147  553 2000 16871.0476 3345.29836  80.2%  27.6 2290s
 18308 15625 13769.8983  625 1999 16871.0476 3345.29836  80.2%  27.4 2295s
 18445 15762 14095.6287  694 1999 16871.0476 3345.29836  80.2%  27.2 2300s
 18589 15906 14365.5386  766 1999 16871.0476 3345.29836  80.2%  27.0 2305s
 18730 16047 14544.0531  836 2000 16871.0476 3345.29836  80.2%  26.8 2310s
 18873 16190 14793.7988  908 2000 16871.0476 3345.29836  80.2%  26.6 2315s
 18992 16309 15009.3023  967 1999 16871.0476 3345.29836  80.2%  26.5 2320s
 19129 16446 15269.0137 1036 1999 16871.0476 3345.29836  80.2%  26.3 2325s
 19264 16581 15449.3555 1103 1999 16871.0476 3345.29836  80.2%  26.1 2330s
 19411 16728 15654.2496 1177 1999 16871.0476 3345.29836  80.2%  25.9 2335s
 19560 16877 15900.8997 1251 1998 16871.0476 3345.29836  80.2%  25.7 2340s
 19704 17021 16120.1873 1323 1998 16871.0476 3345.29836  80.2%  25.6 2345s
 19851 17168 16268.7035 1397 1999 16871.0476 3345.29836  80.2%  25.4 2350s
 19987 17304 16415.3323 1465 1999 16871.0476 3345.29836  80.2%  25.2 2355s
 20123 17440 16559.9238 1533 1998 16871.0476 3345.29836  80.2%  25.1 2360s
 20255 17572 16751.2543 1599 1996 16871.0476 3345.29836  80.2%  24.9 2365s
 20377 17694 16820.6157 1660 1997 16871.0476 3345.29836  80.2%  24.8 2370s
 20443 17712 3437.09216   19 5426 16871.0476 3416.56835  79.7%  25.2 2387s
 20444 17713 3537.90327   20 5225 16871.0476 3416.56835  79.7%  27.0 2425s
 20453 17722 4314.18463   24 4621 16871.0476 3416.56835  79.7%  27.2 2430s
 20466 17735 5740.11245   31 3414 16871.0476 3416.56835  79.7%  27.4 2435s
 20474 17743 7061.20569   35 3010 16871.0476 3416.56835  79.7%  27.5 2441s
 20488 17757 9323.97622   42 2203 16871.0476 3416.56835  79.7%  27.8 2445s
 20603 17872 10914.6731   99 1799 16871.0476 3416.56835  79.7%  27.7 2450s
 20754 18023 11294.3761  175 1800 16871.0476 3416.56835  79.7%  27.5 2455s
 20910 18179 11730.2424  253 1800 16871.0476 3416.56835  79.7%  27.3 2460s
 21038 18307 12032.3153  317 1800 16871.0476 3416.56835  79.7%  27.2 2465s
 21200 18469 12495.7922  398 1799 16871.0476 3416.56835  79.7%  27.0 2470s
 21355 18624 12878.4788  475 1799 16871.0476 3416.56835  79.7%  26.8 2475s
 21538 18807 13305.6828  567 1800 16871.0476 3416.56835  79.7%  26.6 2480s
 21732 19001 13807.2424  664 1798 16871.0476 3416.56835  79.7%  26.3 2485s
 21930 19199 14183.8208  763 1798 16871.0476 3416.56835  79.7%  26.1 2490s
 22094 19363 14532.9184  845 1797 16871.0476 3416.56835  79.7%  25.9 2495s
 22286 19555 14945.0750  941 1797 16871.0476 3416.56835  79.7%  25.7 2500s
 22473 19742 15336.6504 1034 1796 16871.0476 3416.56835  79.7%  25.5 2505s
 22656 19925 15771.8789 1126 1794 16871.0476 3416.56835  79.7%  25.3 2510s
 22843 20112 16143.2487 1219 1791 16871.0476 3416.56835  79.7%  25.1 2515s
 23023 20292 16482.2146 1309 1790 16871.0476 3416.56835  79.7%  24.9 2520s
 23202 20471 16748.1028 1399 1789 16871.0476 3416.56835  79.7%  24.7 2525s
 23272 20509 3514.44717   20 5225 16871.0476 3416.87512  79.7%  25.1 2538s
 23273 20510 3621.64115   21 5024 16871.0476 3416.87512  79.7%  26.5 2572s
 23279 20516 3988.90444   24 4421 16871.0476 3416.87512  79.7%  26.6 2575s
 23289 20526 4943.08073   29 3416 16871.0476 3416.87512  79.7%  26.8 2580s
 23305 20542 7615.56189   37 2808 16871.0476 3416.87512  79.7%  27.0 2585s
 23362 20599 10638.6772   65 1799 16871.0476 3416.87512  79.7%  27.2 2590s
 23502 20739 11141.5833  135 1799 16871.0476 3416.87512  79.7%  27.1 2595s
 23669 20906 11632.2894  219 1800 16871.0476 3416.87512  79.7%  26.9 2600s
 23842 21079 12225.7323  305 1799 16871.0476 3416.87512  79.7%  26.7 2605s
 23993 21230 12587.7546  381 1800 16871.0476 3416.87512  79.7%  26.5 2610s
 24167 21404 13061.7718  468 1800 16871.0476 3416.87512  79.7%  26.3 2615s
 24345 21582 13485.1526  557 1800 16871.0476 3416.87512  79.7%  26.2 2620s
 24518 21755 13912.0553  643 1799 16871.0476 3416.87512  79.7%  26.0 2625s
 24697 21934 14323.9821  733 1799 16871.0476 3416.87512  79.7%  25.8 2630s
 24879 22116 14606.2591  824 1800 16871.0476 3416.87512  79.7%  25.6 2635s
 25043 22280 14924.8029  906 1800 16871.0476 3416.87512  79.7%  25.5 2640s
 25227 22464 15295.3551  998 1799 16871.0476 3416.87512  79.7%  25.3 2645s
 25420 22657 15663.9599 1094 1798 16871.0476 3416.87512  79.7%  25.1 2650s
 25605 22842 15966.6140 1187 1799 16871.0476 3416.87512  79.7%  24.9 2655s
 25789 23026 16264.0229 1279 1799 16871.0476 3416.87512  79.7%  24.8 2660s
 25966 23203 16548.1049 1367 1798 16871.0476 3416.87512  79.7%  24.6 2665s
 26145 23382 16855.1143 1457 1797 16871.0476 3416.87512  79.7%  24.4 2670s
 26204 23395 3969.52728   21 5224 16871.0476 3529.00736  79.1%  25.7 2705s
 26208 23399 4419.16363   22 5223 16871.0476 3529.00736  79.1%  27.1 2743s
 26211 23402 4514.79061   23 5022 16871.0476 3529.00736  79.1%  27.2 2745s
 26219 23410 4756.37164   25 4620 16871.0476 3529.00736  79.1%  27.3 2750s
 26228 23419 5160.24993   28 4017 16871.0476 3529.00736  79.1%  27.5 2755s
 26239 23430 5552.17878   30 3615 16871.0476 3529.00736  79.1%  27.7 2760s
 26251 23442 6168.52390   32 3413 16871.0476 3529.00736  79.1%  27.9 2765s
 26264 23455 6780.93655   34 3211 16871.0476 3529.00736  79.1%  28.2 2770s
 26282 23473 7650.19773   37 2608 16871.0476 3529.00736  79.1%  28.4 2775s
 26299 23490 8457.32348   39 2406 16871.0476 3529.00736  79.1%  28.6 2780s
 26320 23511 9455.83397   42 2203 16871.0476 3529.00736  79.1%  28.9 2785s
 26342 23533 10583.6780   45 2200 16871.0476 3529.00736  79.1%  29.2 2790s
 26475 23666 10989.6867  111 1999 16871.0476 3529.00736  79.1%  29.1 2795s
 26616 23807 11287.2202  179 2000 16871.0476 3529.00736  79.1%  28.9 2800s
 26771 23962 11770.4627  254 1999 16871.0476 3529.00736  79.1%  28.8 2805s
 26922 24113 12039.4982  315 2000 16871.0476 3529.00736  79.1%  28.6 2810s
 27068 24259 12420.9052  366 1999 16871.0476 3529.00736  79.1%  28.5 2815s
 27246 24437 12701.8368  439 2000 16871.0476 3529.00736  79.1%  28.3 2820s
 27410 24601 13019.8198  505 2000 16871.0476 3529.00736  79.1%  28.1 2825s
 27585 24776 13362.1226  563 1999 16871.0476 3529.00736  79.1%  28.0 2830s
 27752 24943 13642.8545  630 1999 16871.0476 3529.00736  79.1%  27.8 2835s
 27919 25110 13869.2614  693 2000 16871.0476 3529.00736  79.1%  27.6 2840s
 28078 25269 14121.3697  744 1999 16871.0476 3529.00736  79.1%  27.5 2845s
 28267 25458 14397.8019  804 1999 16871.0476 3529.00736  79.1%  27.3 2850s
 28450 25641 14638.7427  876 2000 16871.0476 3529.00736  79.1%  27.1 2855s
 28636 25827 14957.7153  942 1998 16871.0476 3529.00736  79.1%  27.0 2860s
 28826 26017 15163.7429 1009 1999 16871.0476 3529.00736  79.1%  26.8 2865s
 28986 26177 15454.2043 1087 1999 16871.0476 3529.00736  79.1%  26.7 2870s
 29174 26365 15697.5259 1169 1999 16871.0476 3529.00736  79.1%  26.5 2875s
 29362 26553 15910.9208 1252 1997 16871.0476 3529.00736  79.1%  26.3 2880s
 29554 26745 16135.9196 1339 1999 16871.0476 3529.00736  79.1%  26.2 2885s
 29748 26939 16336.0699 1406 1998 16871.0476 3529.00736  79.1%  26.0 2890s
 29926 27117 16492.8293 1476 1997 16871.0476 3529.00736  79.1%  25.9 2895s
 30111 27302 16651.6040 1543 1998 16871.0476 3529.00736  79.1%  25.7 2900s
 30296 27487 16781.1974 1614 1998 16871.0476 3529.00736  79.1%  25.6 2905s
 30488 27623 16867.1927 1664 1996 16871.0476 3529.00736  79.1%  25.4 2910s
 30614 27645 3602.39557   21 5024 16871.0476 3555.82516  78.9%  25.6 2922s
 30615 27646 3705.95500   22 4823 16871.0476 3555.82516  78.9%  26.7 2948s
 30618 27649 4040.12850   22 5023 16871.0476 3555.82516  78.9%  26.7 2950s
 30620 27651 4151.01013   23 4822 16871.0476 3555.82516  78.9%  27.0 2958s
 30622 27653 4274.32177   24 4621 16871.0476 3555.82516  78.9%  27.0 2960s
 30632 27663 4679.46809   27 4018 16871.0476 3555.82516  78.9%  27.2 2965s
 30644 27675 5210.15370   30 3415 16871.0476 3555.82516  78.9%  27.4 2970s
 30660 27691 6069.38149   33 3012 16871.0476 3555.82516  78.9%  27.6 2975s
 30676 27707 6725.12578   35 2810 16871.0476 3555.82516  78.9%  27.8 2980s
 30692 27723 7374.27533   37 2608 16871.0476 3555.82516  78.9%  28.0 2985s
 30710 27741 8571.70211   40 2005 16871.0476 3555.82516  78.9%  28.3 2990s
 30733 27764 9777.05724   43 2402 16871.0476 3555.82516  78.9%  28.6 2995s
 30831 27862 10724.8355   89 1799 16871.0476 3555.82516  78.9%  28.6 3000s
 30966 27997 11114.3718  157 1800 16871.0476 3555.82516  78.9%  28.5 3005s
 31142 28173 11719.2771  242 1799 16871.0476 3555.82516  78.9%  28.3 3010s
 31333 28364 12208.0036  319 1799 16871.0476 3555.82516  78.9%  28.2 3015s
 31524 28555 12686.1051  409 1799 16871.0476 3555.82516  78.9%  28.0 3020s
 31720 28751 13080.1868  481 1799 16871.0476 3555.82516  78.9%  27.8 3025s
 31904 28935 13484.5227  562 1800 16871.0476 3555.82516  78.9%  27.7 3030s
 32076 29107 13904.4256  635 1799 16871.0476 3555.82516  78.9%  27.5 3035s
 32258 29289 14200.5393  704 1799 16871.0476 3555.82516  78.9%  27.4 3040s
 32442 29473 14454.0425  772 1800 16871.0476 3555.82516  78.9%  27.2 3045s
 32627 29658 14785.9170  833 1799 16871.0476 3555.82516  78.9%  27.1 3050s
 32812 29843 15056.9001  909 1799 16871.0476 3555.82516  78.9%  27.0 3055s
 32964 29995 15251.6466  961 1799 16871.0476 3555.82516  78.9%  26.8 3060s
 33142 30173 15558.9625 1034 1799 16871.0476 3555.82516  78.9%  26.7 3065s
 33318 30349 15747.4597 1091 1799 16871.0476 3555.82516  78.9%  26.6 3070s
 33492 30523 16007.9098 1169 1800 16871.0476 3555.82516  78.9%  26.4 3075s
 33668 30699 16332.6103 1254 1799 16871.0476 3555.82516  78.9%  26.3 3080s
 33844 30875 16559.8710 1333 1800 16871.0476 3555.82516  78.9%  26.2 3085s
 34006 31037 16779.6126 1405 1798 16871.0476 3555.82516  78.9%  26.0 3090s
 34135 31112 4072.41366   22 5023 16871.0476 3615.07843  78.6%  26.9 3126s
 34139 31116 4519.99717   23 5022 16871.0476 3615.07843  78.6%  27.2 3137s
 34145 31122 4732.56594   25 4620 16871.0476 3615.07843  78.6%  27.3 3140s
 34154 31131 5064.14813   29 3616 16871.0476 3615.07843  78.6%  27.5 3145s
 34167 31144 5713.61816   31 3414 16871.0476 3615.07843  78.6%  27.6 3150s
 34181 31158 6388.79092   33 3212 16871.0476 3615.07843  78.6%  27.8 3155s
 34201 31178 7379.66610   36 2809 16871.0476 3615.07843  78.6%  28.0 3160s
 34221 31198 8067.46666   38 2207 16871.0476 3615.07843  78.6%  28.2 3165s
 34242 31219 9506.68275   42 2203 16871.0476 3615.07843  78.6%  28.4 3170s
 34267 31244 10833.3198   45 1600 16871.0476 3615.07843  78.6%  28.7 3175s
 34411 31388 11185.0133  113 1999 16871.0476 3615.07843  78.6%  28.5 3180s
 34569 31546 11604.9322  192 2000 16871.0476 3615.07843  78.6%  28.4 3185s
 34755 31732 12043.2240  272 2000 16871.0476 3615.07843  78.6%  28.3 3190s
 34909 31886 12445.6994  343 2000 16871.0476 3615.07843  78.6%  28.2 3195s
 35080 32057 12823.8011  415 2000 16871.0476 3615.07843  78.6%  28.0 3200s
 35245 32222 13159.3217  487 1999 16871.0476 3615.07843  78.6%  27.9 3205s
 35417 32394 13561.8583  561 1998 16871.0476 3615.07843  78.6%  27.8 3210s
 35601 32578 13910.9597  640 1998 16871.0476 3615.07843  78.6%  27.6 3215s
 35771 32748 14152.3343  706 1999 16871.0476 3615.07843  78.6%  27.5 3220s
 35927 32904 14379.1483  748 1998 16871.0476 3615.07843  78.6%  27.4 3225s
 36111 33088 14629.8180  813 1998 16871.0476 3615.07843  78.6%  27.3 3230s
 36287 33264 14952.2551  891 1998 16871.0476 3615.07843  78.6%  27.1 3235s
 36469 33446 15190.8161  968 1999 16871.0476 3615.07843  78.6%  27.0 3240s
 36648 33625 15556.0901 1055 1997 16871.0476 3615.07843  78.6%  26.9 3245s
 36835 33812 15775.7388 1122 1996 16871.0476 3615.07843  78.6%  26.7 3250s
 37005 33982 15986.1969 1197 1998 16871.0476 3615.07843  78.6%  26.6 3255s
 37193 34170 16333.3298 1288 1997 16871.0476 3615.07843  78.6%  26.5 3260s
 37380 34357 16500.5641 1356 1997 16871.0476 3615.07843  78.6%  26.4 3265s
 37565 34542 16732.6282 1445 1997 16871.0476 3615.07843  78.6%  26.2 3270s
 37742 34671 16866.8601 1520 1996 16871.0476 3615.07843  78.6%  26.1 3275s
 37750 34671 4187.91919   23 4822 16871.0476 3616.71301  78.6%  27.0 3302s
 37754 34675 4635.22053   24 4821 16871.0476 3616.71301  78.6%  27.2 3311s
 37756 34677 4754.16662   25 4620 16871.0476 3616.71301  78.6%  27.4 3318s
 37759 34680 4761.56890   25 4620 16871.0476 3616.71301  78.6%  27.5 3320s
 37770 34691 5145.69902   29 3616 16871.0476 3616.71301  78.6%  27.6 3325s
 37785 34706 5722.79588   31 3414 16871.0476 3616.71301  78.6%  27.7 3330s
 37800 34721 6333.31630   33 3212 16871.0476 3616.71301  78.6%  27.9 3335s
 37815 34736 6891.10497   35 2810 16871.0476 3616.71301  78.6%  28.1 3340s
 37835 34756 7964.77793   38 2607 16871.0476 3616.71301  78.6%  28.2 3345s
 37842 34763 8315.83285   39 2606 16871.0476 3616.71301  78.6%  28.3 3350s
 37862 34783 9316.82761   42 2203 16871.0476 3616.71301  78.6%  28.5 3355s
 37884 34805 10509.4382   45 2200 16871.0476 3616.71301  78.6%  28.7 3360s
 38003 34924 10807.1483   98 1800 16871.0476 3616.71301  78.6%  28.7 3365s
 38158 35079 11268.4842  167 1800 16871.0476 3616.71301  78.6%  28.5 3370s
 38350 35271 11703.6647  238 1800 16871.0476 3616.71301  78.6%  28.4 3375s
 38533 35454 12158.9940  312 1799 16871.0476 3616.71301  78.6%  28.3 3380s
 38723 35644 12513.5339  393 1800 16871.0476 3616.71301  78.6%  28.1 3385s
 38889 35810 12894.8639  463 1798 16871.0476 3616.71301  78.6%  28.0 3390s
 39077 35998 13320.1562  551 1798 16871.0476 3616.71301  78.6%  27.9 3395s
 39259 36180 13728.0726  631 1798 16871.0476 3616.71301  78.6%  27.8 3400s
 39449 36370 14093.9079  714 1798 16871.0476 3616.71301  78.6%  27.6 3405s
 39651 36572 14422.3746  795 1798 16871.0476 3616.71301  78.6%  27.5 3410s
 39846 36767 14792.1844  875 1798 16871.0476 3616.71301  78.6%  27.4 3415s
 40002 36923 15103.3093  950 1798 16871.0476 3616.71301  78.6%  27.3 3420s
 40185 37106 15381.3477 1034 1799 16871.0476 3616.71301  78.6%  27.2 3425s
 40379 37300 15752.3094 1129 1799 16871.0476 3616.71301  78.6%  27.0 3430s
 40562 37483 16088.8097 1207 1797 16871.0476 3616.71301  78.6%  26.9 3435s
 40745 37666 16361.9580 1290 1797 16871.0476 3616.71301  78.6%  26.8 3440s
 40908 37829 16584.3361 1357 1795 16871.0476 3616.71301  78.6%  26.7 3445s
 41075 37996 16824.9994 1416 1792 16871.0476 3616.71301  78.6%  26.6 3450s
 41177 38070 3739.45607   22 4823 16871.0476 3701.43452  78.1%  26.7 3462s
 41178 38071 3869.27018   23 4622 16871.0476 3701.43452  78.1%  27.5 3491s
 41181 38074 4312.74633   24 4621 16871.0476 3701.43452  78.1%  28.3 3517s
 41185 38078 4454.13269   25 4420 16871.0476 3701.43452  78.1%  28.3 3520s
 41198 38091 4725.36142   28 3617 16871.0476 3701.43452  78.1%  28.5 3525s
 41212 38105 5341.02179   30 3415 16871.0476 3701.43452  78.1%  28.6 3530s
 41227 38120 5854.81321   32 2813 16871.0476 3701.43452  78.1%  28.8 3535s
 41242 38135 6543.96076   34 2611 16871.0476 3701.43452  78.1%  28.9 3540s
 41262 38155 7701.29018   37 2808 16871.0476 3701.43452  78.1%  29.1 3545s
 41285 38178 9072.30247   41 2204 16871.0476 3701.43452  78.1%  29.3 3550s
 41314 38207 10577.9363   45 2000 16871.0476 3701.43452  78.1%  29.5 3555s
 41485 38378 11040.6719  127 2000 16871.0476 3701.43452  78.1%  29.4 3560s
 41681 38574 11650.9827  221 1999 16871.0476 3701.43452  78.1%  29.3 3565s
 41885 38778 12178.5504  316 1999 16871.0476 3701.43452  78.1%  29.1 3570s
 42117 39010 12563.0917  396 2000 16871.0476 3701.43452  78.1%  29.0 3575s
 42347 39240 12993.0290  491 2000 16871.0476 3701.43452  78.1%  28.8 3580s
 42571 39464 13489.1346  583 1999 16871.0476 3701.43452  78.1%  28.7 3585s
 42811 39704 13789.4981  654 1998 16871.0476 3701.43452  78.1%  28.5 3590s
 43005 39898 14107.7138  732 1999 16871.0476 3701.43452  78.1%  28.4 3595s
 43231 40124 14408.2236  816 1999 16871.0476 3701.43452  78.1%  28.3 3600s

Explored 43232 nodes (1262732 simplex iterations) in 3600.01 seconds (1634.22 work units)
Thread count was 1 (of 56 available processors)

Solution count 5: 16871 16872 37847.2 ... 97671

Time limit reached
Best objective 1.687104763494e+04, best bound 3.701434519045e+03, gap 78.0604%

User-callback calls 240617, time in user-callback 0.84 sec
reading holmberg data file ../../../../../instances/uflp/holmberg/p60
primal_bound = 16871.047634938357, dual_bound = 3701.434519045235, gap = 78.06043466216104, time = 3600.03
