solving instance uflp nlass gunluk ../../../../../instances/uflp/gunluk/gunluk-20-40-2.txt sinabc1
Set parameter TokenServer to value "licences.gerad.lan"
Set parameter MIPGap to value 1e-06
Set parameter FuncPieceError to value 1e-06
Set parameter Threads to value 1
Set parameter FuncPieces to value -2
Set parameter TimeLimit to value 3600
Gurobi Optimizer version 12.0.2 build v12.0.2rc0 (linux64 - "AlmaLinux 9.6 (Sage Margay)")

CPU model: Intel(R) Xeon(R) Gold 6258R CPU @ 2.70GHz, instruction set [SSE2|AVX|AVX2|AVX512]
Thread count: 56 physical cores, 56 logical processors, using up to 1 threads

Non-default parameters:
TimeLimit  3600
MIPGap  1e-06
Threads  1
FuncPieces  -2
FuncPieceError  1e-06

Optimize a model with 4040 rows, 5620 columns and 9600 nonzeros
Model fingerprint: 0x541e0be4
Model has 1600 function constraints treated as nonlinear
  800 POW, 800 SIN
Variable types: 4800 continuous, 820 integer (820 binary)
Coefficient statistics:
  Matrix range     [4e-01, 2e+01]
  Objective range  [1e+00, 9e+01]
  Bounds range     [1e+00, 1e+10]
  RHS range        [1e+00, 1e+00]
Warning: Model contains large bounds
         Consider reformulating model or setting NumericFocus parameter
         to avoid numerical issues.
Presolve removed 2400 rows and 3200 columns
Presolve time: 0.02s
Presolved: 5640 rows, 2421 columns, 12800 nonzeros
Presolved model has 800 quadratic objective terms
Presolved model has 800 nonlinear constraint(s)

Solving non-convex MINLP

Variable types: 2401 continuous, 20 integer (20 binary)
Found heuristic solution: objective 746.1084514

Root relaxation: objective 8.485554e+01, 5149 iterations, 0.55 seconds (0.37 work units)

    Nodes    |    Current Node    |     Objective Bounds      |     Work
 Expl Unexpl |  Obj  Depth IntInf | Incumbent    BestBd   Gap | It/Node Time

     0     0   84.85554    0  820  746.10845   84.85554  88.6%     -    0s
     0     0   84.88457    0  820  746.10845   84.88457  88.6%     -    0s
H    0     0                     547.5250347   85.00935  84.5%     -    1s
     0     2   85.22812    0  820  547.52503   85.22812  84.4%     -    1s
   431   433  364.24097  220  192  547.52503   89.42047  83.7%  26.3    5s
  1715  1717  376.10087  862  150  547.52503   89.42047  83.7%   7.5   10s
* 2080  2036            1045     376.1046342   89.42047  76.2%   7.7   11s
H 2084  1184                     375.9662200   89.42047  76.2%   7.7   12s
H 2084   882                     375.3916528   89.42047  76.2%   7.7   12s
H 2084   882                     375.3916088   89.42047  76.2%   7.7   12s
H 2084   878                     375.3757227   89.42047  76.2%   7.7   12s
H 2087   837                     375.1929095  103.50055  72.4%   7.7   13s
H 2087   796                     375.0826698  103.50055  72.4%   7.7   13s
H 2087   756                     375.0826688  103.50055  72.4%   7.7   13s
H 2087   718                     375.0596068  103.50055  72.4%   7.7   13s
  2090   720  374.32851  379   20  375.05961  106.17117  71.7%   7.7   16s
  2091   722  106.17117   13  779  375.05961  106.17117  71.7%  10.4   30s
H 2669  1070                     371.1296456  126.90021  65.8%  15.5   35s
  3295  1405  174.84046   16  736  371.12965  131.43666  64.6%  17.8   40s
  3836  1724  143.18649   19  573  371.12965  136.61117  63.2%  20.8   45s
  4759  2459  140.17855   18  614  371.12965  139.98422  62.3%  19.9   50s
  5628  3270  189.67536   16  736  371.12965  143.97336  61.2%  19.8   55s
  6518  4142  362.73388  194  195  371.12965  144.70102  61.0%  19.3   60s
  7489  5029  258.58669   34  240  371.12965  145.17014  60.9%  18.2   65s
  8684  6190  367.94236  237  191  371.12965  146.36941  60.6%  16.1   70s
  9611  7045  370.21103  187  195  371.12965  146.38188  60.6%  15.7   75s
 10530  7914  350.43542  214  236  371.12965  146.84297  60.4%  15.6   80s
 11771  9155  370.73283  326  226  371.12965  146.84297  60.4%  14.0   85s
 12390  9670  296.05359   71  240  371.12965  149.15425  59.8%  15.0   90s
 13441 10627  202.68423   20  572  371.12965  151.37561  59.2%  14.9   95s
 14418 11532  277.97491   48  279  371.12965  152.75708  58.8%  15.2  100s
 15380 12432  367.44275  195  238  371.12965  158.37429  57.3%  15.1  105s
 16200 13162  225.26748   28  244  371.12965  161.54886  56.5%  14.8  110s
 17180 14028  290.08336   80  240  371.12965  166.66172  55.1%  14.9  115s
 18322 15090  362.68268  191  238  371.12965  171.44315  53.8%  14.6  120s
 18983 15683  177.84287   18  654  371.12965  172.91911  53.4%  15.3  125s
 19909 16515  235.03777   41  200  371.12965  173.12775  53.4%  15.0  130s
 20992 17468  304.61706  118  240  371.12965  176.45744  52.5%  14.6  135s
 21857 18239  315.05650   46  280  371.12965  177.92897  52.1%  14.9  140s
 23030 19336  286.63642   89  280  371.12965  178.50090  51.9%  14.6  145s
 23895 20125  185.63361   20  572  371.12965  178.97448  51.8%  14.8  150s
 24831 21013     cutoff   62       371.12965  179.17863  51.7%  14.7  155s
 25624 21724  216.10152   19  653  371.12965  180.67871  51.3%  15.1  160s
 26266 22320  332.28826  128  239  371.12965  181.85428  51.0%  15.7  165s
 27371 23327  370.77569  299  213  371.12965  183.01749  50.7%  15.4  170s
 28445 24313  262.81194   22  530  371.12965  184.81936  50.2%  15.3  175s
 29659 25475  339.30382  182  278  371.12965  185.79538  49.9%  14.9  180s
 30812 26536  289.17473   39  280  371.12965  187.26367  49.5%  14.7  185s
*31860 27373             753     370.8613824  187.46473  49.5%  14.3  189s
H31864 26798                     370.1857935  187.46473  49.4%  14.3  189s
H31864 26796                     370.1856669  187.46473  49.4%  14.3  189s
H31864 26794                     370.1824008  187.46473  49.4%  14.3  189s
H31864 26794                     370.1823904  187.46473  49.4%  14.3  189s
H31864 26794                     370.1822357  187.46473  49.4%  14.3  189s
 31932 26846  190.51183   20  532  370.18224  187.79845  49.3%  14.4  190s
 32703 27563  318.31959   36  319  370.18224  188.39698  49.1%  14.7  195s
 33763 28557  358.62597  214  277  370.18224  189.03773  48.9%  14.6  200s
 34670 29386  314.60961  131  278  370.18224  189.39361  48.8%  14.7  205s
 35586 30152  326.42300   47  320  370.18224  189.62233  48.8%  14.6  210s
 36588 31090  350.85358  108  358  370.18224  190.31780  48.6%  14.5  215s
 37724 32063  246.83517   40  240  370.18224  191.15218  48.4%  14.3  220s
 38983 33228  333.64803  148  278  370.18224  191.51792  48.3%  14.0  225s
 40184 34363  359.56194  293  269  370.18224  191.64794  48.2%  13.8  230s
 41280 35323  338.35498   43  239  370.18224  191.95376  48.1%  13.7  235s
 42278 36245  369.06256  191  278  370.18224  192.79318  47.9%  13.8  240s
 43243 37086  243.90736   21  571  370.18224  193.31450  47.8%  13.7  245s
 44208 38023  365.32714  292  275  370.18224  193.60000  47.7%  13.7  250s
H44223 31886                     362.6362241  193.60000  46.6%  13.7  250s
 44885 32424  284.71463   55  280  362.63622  194.17214  46.5%  13.9  255s
 45749 33240  340.48846  164  278  362.63622  194.78396  46.3%  13.9  260s
 46979 34398  360.15438  269  276  362.63622  195.42226  46.1%  13.6  265s
 47998 35319  245.76226   27  325  362.63622  196.21012  45.9%  13.5  270s
 49080 36327  305.99388   36  279  362.63622  196.61317  45.8%  13.4  275s
 50076 37183  305.37099   46  276  362.63622  196.76062  45.7%  13.4  280s
 51186 38213  303.48897  158  278  362.63622  197.17744  45.6%  13.3  285s
 52361 39266  323.65031  126  280  362.63622  197.85278  45.4%  13.2  290s
 53472 40319  359.56988  336  271  362.63622  198.26716  45.3%  13.0  295s
 54460 41267  362.35647  366  268  362.63622  198.26716  45.3%  12.7  300s
 55449 42102  326.83169  127  278  362.63622  198.76794  45.2%  12.7  305s
 56713 43250  362.25022  267  231  362.63622  199.45236  45.0%  12.5  310s
 57645 44036  292.39944   90  279  362.63622  199.90981  44.9%  12.7  315s
 58913 45230  232.65340   38  240  362.63622  200.18635  44.8%  12.5  320s
 60157 46372  327.06740   84  320  362.63622  200.88417  44.6%  12.4  325s
 61505 47624  347.90978  183  271  362.63622  201.26701  44.5%  12.2  330s
 62543 48570  312.52094  130  196  362.63622  201.99668  44.3%  12.2  335s
 63706 49629     cutoff  230       362.63622  202.04474  44.3%  12.0  340s
 64757 50550  357.60647  149  320  362.63622  202.47793  44.2%  11.9  345s
 66092 51755  361.02444  276  233  362.63622  202.77589  44.1%  11.7  350s
 67240 52729  296.06120  104  279  362.63622  203.25744  44.0%  11.5  355s
 68673 54070  355.51828  236  277  362.63622  203.72313  43.8%  11.3  360s
 69883 55156  321.44980  126  279  362.63622  204.13851  43.7%  11.3  365s
 70885 56054  346.87649   54  359  362.63622  204.40799  43.6%  11.3  370s
 72227 57270  285.93315   65  320  362.63622  205.08421  43.4%  11.1  375s
 73436 58391  305.76989   74  280  362.63622  205.32517  43.4%  11.0  380s
 74781 59586  360.80685  239  192  362.63622  205.63333  43.3%  10.8  385s
 76078 60801  359.41233  227  191  362.63622  205.80308  43.2%  10.7  390s
 77105 61731  300.17137   59  280  362.63622  206.10821  43.2%  10.6  395s
 78425 62901  271.47800  106  237  362.63622  206.40576  43.1%  10.5  400s
 79652 64128  355.02463  299  229  362.63622  206.40576  43.1%  10.4  405s
 80858 65334  360.31020  361  227  362.63622  206.40576  43.1%  10.2  410s
 81811 66247  244.13898   31  161  362.63622  206.44195  43.1%  10.1  415s
 82966 67318  328.51632  149  198  362.63622  206.75029  43.0%  10.0  420s
 84222 68416  292.55262  110  197  362.63622  206.97452  42.9%   9.9  425s
 85459 69491  362.31836  326  207  362.63622  207.21574  42.9%   9.9  430s
 86652 70594  358.80431  293  230  362.63622  207.22292  42.9%   9.7  435s
 87784 71650  316.64496  135  197  362.63622  207.28784  42.8%   9.6  440s
 89083 72861  358.72385   90  187  362.63622  207.90208  42.7%   9.5  445s
 90272 74032  348.61899  276  232  362.63622  207.90891  42.7%   9.4  450s
 91507 75267  352.78018  312  229  362.63622  207.90891  42.7%   9.3  455s
 92722 76482  356.94920  361  223  362.63622  207.90891  42.7%   9.2  460s
 93964 77724  359.71293  408  226  362.63622  207.90891  42.7%   9.1  465s
 95200 78960  361.82865  460  218  362.63622  207.90891  42.7%   9.0  470s
 96117 79793  342.85652  174  195  362.63622  207.98854  42.6%   9.0  475s
 97357 80925  298.74348   78  280  362.63622  208.10814  42.6%   8.9  480s
 98573 82101  351.94224  273  231  362.63622  208.22072  42.6%   8.8  485s
 99787 83315  358.72148  337  228  362.63622  208.22072  42.6%   8.7  490s
 100831 84359  362.29090  380  223  362.63622  208.22072  42.6%   8.6  495s
 101764 85140  361.81726  327  207  362.63622  208.48547  42.5%   8.6  500s
 102984 86144  278.35669   52  199  362.63622  208.78974  42.4%   8.6  505s
 104247 87315  321.03350  176  234  362.63622  209.04658  42.4%   8.5  510s
 105419 88395  275.53626   62  279  362.63622  209.38100  42.3%   8.5  515s
 106682 89542  222.89560   38  239  362.63622  209.45852  42.2%   8.4  520s
 107955 90695  279.88055   90  199  362.63622  209.61146  42.2%   8.3  525s
 109132 91848  362.29204  241  188  362.63622  209.61146  42.2%   8.2  530s
 110252 92790  320.15738   72  189  362.63622  209.86636  42.1%   8.2  535s
 111530 93946  358.43766  214  190  362.63622  209.88942  42.1%   8.1  540s
 112577 94856     cutoff  130       362.63622  210.14658  42.1%   8.1  545s
 113851 96046  322.39942  167  279  362.63622  210.28738  42.0%   8.0  550s
H114655 90903                     361.1207434  210.38658  41.7%   8.0  553s
 115109 91239  240.96013   57  199  361.12074  210.44786  41.7%   8.0  555s
H115655 81374                     357.9081064  210.59192  41.2%   7.9  557s
 116115 81802  312.85340  154  236  357.90811  210.70516  41.1%   7.9  560s
 117247 82934  356.34973  303  228  357.90811  210.70516  41.1%   7.9  565s
 118324 83883  318.27373  103  199  357.90811  210.97107  41.1%   7.8  570s
 119357 84852  350.34920  194  195  357.90811  211.09153  41.0%   7.8  575s
 120525 85842  306.98779  116  199  357.90811  211.49676  40.9%   7.8  580s
 121718 86933  227.32860   48  200  357.90811  211.55068  40.9%   7.7  585s
 122907 88022  259.64936   49  280  357.90811  211.64199  40.9%   7.7  590s
 124147 89174  344.30766  233  235  357.90811  211.79448  40.8%   7.6  595s
 125349 90376  353.69078  321  229  357.90811  211.79448  40.8%   7.5  600s
 126443 91470  357.47553  372  227  357.90811  211.79448  40.8%   7.5  605s
 127652 92471  254.95495   58  196  357.90811  211.96813  40.8%   7.4  610s
 128715 93410     cutoff  209       357.90811  212.07689  40.7%   7.4  615s
 129985 94504  357.80416  256  232  357.90811  212.13728  40.7%   7.3  620s
 131133 95534  354.79033   96  280  357.90811  212.24058  40.7%   7.3  625s
 132455 96714  357.65031  110  219  357.90811  212.51659  40.6%   7.2  630s
 133737 97902  263.83338   59  240  357.90811  212.60498  40.6%   7.2  635s
 134722 98784  353.29735   25  487  357.90811  212.66702  40.6%   7.2  640s
 135937 99792  280.77262   90  198  357.90811  212.85726  40.5%   7.2  645s
 137154 100899  339.44045  170  194  357.90811  212.93069  40.5%   7.1  650s
 138405 101986     cutoff  115       357.90811  213.13527  40.4%   7.1  655s
 139612 103065  213.97595   17  735  357.90811  213.27411  40.4%   7.1  660s
 140475 103828  352.83576  300  219  357.90811  213.44524  40.4%   7.1  665s
 141590 104807  356.55638  273  230  357.90811  213.48480  40.4%   7.1  670s
 142765 105808  357.76882  336  207  357.90811  213.59890  40.3%   7.0  675s
 143896 106815  276.40548   55  239  357.90811  213.74761  40.3%   7.0  680s
 145186 108003  290.00166  132  239  357.90811  213.87168  40.2%   7.0  685s
 146463 109110  353.13229  191  192  357.90811  213.97611  40.2%   6.9  690s
 147823 110332  350.66230  193  195  357.90811  214.08968  40.2%   6.9  695s
 149027 111440  348.61238  178  193  357.90811  214.13713  40.2%   6.8  700s
 150354 112599  263.54996   55  200  357.90811  214.31094  40.1%   6.8  705s
 151520 113735  349.50799  281  233  357.90811  214.34368  40.1%   6.8  710s
 152736 114951  355.77768  345  229  357.90811  214.34368  40.1%   6.7  715s
 153718 115869  267.51997   55  234  357.90811  214.34697  40.1%   6.7  720s
 154964 116983  230.71541   27  285  357.90811  214.42982  40.1%   6.7  725s
 156276 118143  248.30702   29  203  357.90811  214.58385  40.0%   6.6  730s
 157526 119329  336.47297  199  237  357.90811  214.71900  40.0%   6.6  735s
 158526 120209  254.03117   65  199  357.90811  214.72123  40.0%   6.5  740s
 159767 121332  238.38565   45  238  357.90811  214.81812  40.0%   6.5  745s
 161027 122470  338.60142  108  279  357.90811  214.93288  39.9%   6.5  750s
 162362 123697  320.76227   91  195  357.90811  215.04605  39.9%   6.4  755s
 163593 124808  341.46517  176  196  357.90811  215.11219  39.9%   6.4  760s
 164957 126008  292.90234  105  198  357.90811  215.18810  39.9%   6.4  765s
 166119 127038     cutoff  323       357.90811  215.20538  39.9%   6.3  770s
 167295 128090     cutoff  200       357.90811  215.29721  39.8%   6.3  775s
 168421 129096  283.64332   99  200  357.90811  215.38807  39.8%   6.3  780s
 169689 130242  312.05159  154  238  357.90811  215.48233  39.8%   6.2  785s
 170918 131471  351.43826  301  231  357.90811  215.48233  39.8%   6.2  790s
 172104 132657  356.51770  361  230  357.90811  215.48233  39.8%   6.2  795s
 173148 133573  322.30829  133  238  357.90811  215.49602  39.8%   6.1  800s
 174478 134783  241.86490   57  239  357.90811  215.61622  39.8%   6.1  805s
 175633 135938  354.95673  292  231  357.90811  215.61622  39.8%   6.1  810s
 176745 136930  309.30701  143  237  357.90811  215.72428  39.7%   6.0  815s
 178111 138174  351.12837  260  233  357.90811  215.77491  39.7%   6.0  820s
H178984 138268                     357.7680829  215.80815  39.7%   6.0  823s
H178984 138143                     357.7460551  215.80815  39.7%   6.0  823s
H178984 138141                     357.7459705  215.80815  39.7%   6.0  823s
H178984 138133                     357.7439387  215.80815  39.7%   6.0  823s
H178984 138124                     357.7432801  215.80815  39.7%   6.0  823s
H178984 138120                     357.7431842  215.80815  39.7%   6.0  823s
H178984 138120                     357.7431356  215.80815  39.7%   6.0  823s
H178984 138120                     357.7429938  215.80815  39.7%   6.0  824s
 179190 138306  278.23226   91  200  357.74299  215.82453  39.7%   6.0  825s
 180502 139416  228.03896   45  200  357.74299  215.87241  39.7%   5.9  830s
 181594 140484  357.31893  281  231  357.74299  215.90490  39.6%   5.9  835s
 182885 141585  354.35302  139  197  357.74299  215.98685  39.6%   5.9  840s
 184043 142569  238.30447   32  200  357.74299  216.03988  39.6%   5.9  845s
 185426 143850  351.79708  143  191  357.74299  216.13167  39.6%   5.8  850s
 186645 145053  350.39681  291  232  357.74299  216.14326  39.6%   5.8  855s
 187841 146249  356.47486  361  230  357.74299  216.14326  39.6%   5.8  860s
 188915 147233  353.47591  149  238  357.74299  216.15748  39.6%   5.7  865s
 190200 148406  271.40777   90  240  357.74299  216.19648  39.6%   5.7  870s
 191420 149558  347.60571  278  230  357.74299  216.20393  39.6%   5.7  875s
 192484 150622  353.24469  334  233  357.74299  216.20393  39.6%   5.6  880s
 193694 151832  356.69225  383  232  357.74299  216.20393  39.6%   5.6  885s
 194645 152691  349.38032  276  230  357.74299  216.23055  39.6%   5.6  890s
 195919 153779  288.84717   22  530  357.74299  216.30045  39.5%   5.6  895s
 197105 154861  346.70021  143  193  357.74299  216.34538  39.5%   5.6  900s
 198387 156059  332.01614  203  236  357.74299  216.43053  39.5%   5.5  905s
 199603 157275  353.03868  313  230  357.74299  216.43053  39.5%   5.5  910s
 200693 158365  357.10835  361  230  357.74299  216.43053  39.5%   5.5  915s
 201768 159280  266.25497   22  570  357.74299  216.48178  39.5%   5.5  920s
 202945 160324  344.66008  170  195  357.74299  216.54295  39.5%   5.5  925s
 204236 161493  278.51784  105  239  357.74299  216.58734  39.5%   5.4  930s
 205457 162516  330.67682  153  199  357.74299  216.60221  39.5%   5.4  935s
 206792 163665  349.00325  101  200  357.74299  216.65586  39.4%   5.4  940s
 207989 164724  341.39028  163  196  357.74299  216.74863  39.4%   5.4  945s
 209341 165892  334.29263  155  197  357.74299  216.81751  39.4%   5.3  950s
 210642 167039  357.64377  222  191  357.74299  216.86244  39.4%   5.3  955s
 211763 167936  224.32193   20  612  357.74299  216.88503  39.4%   5.3  960s
 212965 169036  247.88031   48  198  357.74299  216.97137  39.3%   5.3  965s
 214279 170190  294.83730   65  199  357.74299  217.00433  39.3%   5.3  970s
 215547 171344  355.46399  281  223  357.74299  217.09050  39.3%   5.3  975s
 216839 172502  336.63898  218  238  357.74299  217.14608  39.3%   5.2  980s
 218078 173741  351.04636  320  230  357.74299  217.14608  39.3%   5.2  985s
 219281 174944  354.99962  367  229  357.74299  217.14608  39.3%   5.2  990s
 220380 176043  357.42952  411  227  357.74299  217.14608  39.3%   5.2  995s
 221530 177043  357.62686  317  211  357.74299  217.16815  39.3%   5.1 1000s
 222777 178160  337.43089  161  196  357.74299  217.22995  39.3%   5.1 1005s
 224077 179368  352.18720  271  228  357.74299  217.27600  39.3%   5.1 1010s
 225355 180468  225.70413   42  198  357.74299  217.34011  39.2%   5.1 1015s
 226729 181730  319.75136  130  196  357.74299  217.37950  39.2%   5.0 1020s
 228006 182899  339.27528  153  199  357.74299  217.39019  39.2%   5.0 1025s
 229311 184060     cutoff  316       357.74299  217.41808  39.2%   5.0 1030s
 230560 185195  347.12849  176  195  357.74299  217.47613  39.2%   5.0 1035s
 231765 186224  271.98528   20  652  357.74299  217.50276  39.2%   5.0 1040s
 232952 187335  348.13608  185  196  357.74299  217.55165  39.2%   5.0 1045s
 234125 188370  226.40022   44  198  357.74299  217.58570  39.2%   4.9 1050s
 235395 189548  340.74931  174  196  357.74299  217.63902  39.2%   4.9 1055s
 236478 190483     cutoff   84       357.74299  217.64948  39.2%   4.9 1060s
 237751 191610  305.99502  144  237  357.74299  217.66494  39.2%   4.9 1065s
 238857 192714  357.07755  299  232  357.74299  217.66494  39.2%   4.9 1070s
 239919 193610  346.93170   49  280  357.74299  217.68609  39.2%   4.9 1075s
 240393 194019  268.87119   77  199  357.74299  217.71001  39.1%   4.9 1080s
 241534 195024  317.93586  138  196  357.74299  217.72927  39.1%   4.9 1085s
 242567 195953  236.69965   51  198  357.74299  217.76198  39.1%   4.9 1090s
 243826 197080  239.52831   30  202  357.74299  217.77321  39.1%   4.9 1095s
 245148 198308  347.81916  179  193  357.74299  217.82239  39.1%   4.8 1100s
 246391 199353     cutoff  317       357.74299  217.83240  39.1%   4.8 1105s
 247573 200411  325.45673  135  196  357.74299  217.90796  39.1%   4.8 1110s
 248813 201521  357.59947  151  192  357.74299  217.98291  39.1%   4.8 1115s
 249822 202406     cutoff  218       357.74299  218.00412  39.1%   4.8 1120s
 251129 203501  244.75102   58  198  357.74299  218.04540  39.0%   4.8 1125s
 252355 204679  351.40014  270  234  357.74299  218.05679  39.0%   4.8 1130s
 253492 205816  357.61631  328  233  357.74299  218.05679  39.0%   4.7 1135s
 254657 206785  272.26099   57  197  357.74299  218.09791  39.0%   4.7 1140s
 255885 207877  357.61476  171  224  357.74299  218.13337  39.0%   4.7 1145s
 257261 209109  349.82094   92  224  357.74299  218.18206  39.0%   4.7 1150s
 258455 210275  352.83376  280  232  357.74299  218.18337  39.0%   4.7 1155s
 259630 211378  354.94293  206  193  357.74299  218.18827  39.0%   4.7 1160s
 260942 212430  356.90757   96  189  357.74299  218.23703  39.0%   4.6 1165s
 262209 213595  342.38740  214  237  357.74299  218.29674  39.0%   4.6 1170s
 263511 214785  352.44384  273  225  357.74299  218.29924  39.0%   4.6 1175s
 264717 215817  351.04363   89  184  357.74299  218.31323  39.0%   4.6 1180s
 266004 216924  357.67706  380  250  357.74299  218.36456  39.0%   4.6 1185s
 267250 218016  275.00323   78  198  357.74299  218.37829  39.0%   4.6 1190s
 268446 219064  234.18641   50  199  357.74299  218.40720  38.9%   4.5 1195s
 269818 220338  355.08183  192  194  357.74299  218.44890  38.9%   4.5 1200s
 271110 221514  355.17103  266  228  357.74299  218.50649  38.9%   4.5 1205s
 272332 222548  332.71259  203  238  357.74299  218.54808  38.9%   4.5 1210s
 273593 223661  269.86028   99  239  357.74299  218.57047  38.9%   4.5 1215s
 274824 224770  322.34791   92  195  357.74299  218.59585  38.9%   4.5 1220s
H274895 223780                     357.6081499  218.59935  38.9%   4.5 1221s
H274895 223606                     357.5920720  218.59935  38.9%   4.5 1221s
 275656 224335  350.68592  261  230  357.59207  218.60545  38.9%   4.5 1225s
 276768 225447  357.07624  316  232  357.59207  218.60545  38.9%   4.5 1230s
 278099 226626  349.89817  183  195  357.59207  218.66394  38.9%   4.5 1235s
 279311 227664  227.83652   46  198  357.59207  218.69280  38.8%   4.4 1240s
 280623 228868  335.43934  208  237  357.59207  218.71393  38.8%   4.4 1245s
 281848 229915  344.73297  170  196  357.59207  218.75448  38.8%   4.4 1250s
 283219 231168     cutoff  300       357.59207  218.77363  38.8%   4.4 1255s
 284498 232327  267.93748   79  200  357.59207  218.82214  38.8%   4.4 1260s
 285664 233368  333.89338   95  279  357.59207  218.85564  38.8%   4.4 1265s
 286999 234581  353.28683   92  189  357.59207  218.90362  38.8%   4.4 1270s
 288025 235541  348.55677  237  236  357.59207  218.93057  38.8%   4.4 1275s
 289005 236457  272.14777  101  239  357.59207  218.93661  38.8%   4.4 1280s
 290304 237600  269.37762   92  238  357.59207  218.96974  38.8%   4.3 1285s
 291460 238636  340.53513  119  195  357.59207  218.99599  38.8%   4.3 1290s
 292754 239802  314.58389  148  278  357.59207  219.03415  38.7%   4.3 1295s
 293987 240933  293.28177  110  197  357.59207  219.04087  38.7%   4.3 1300s
 295208 242024  260.20275   73  199  357.59207  219.07539  38.7%   4.3 1305s
 296481 243209  338.23857   80  189  357.59207  219.11657  38.7%   4.3 1310s
 297760 244324  347.70873  181  195  357.59207  219.14981  38.7%   4.3 1315s
 299052 245494  305.56729  144  237  357.59207  219.17446  38.7%   4.3 1320s
 300376 246674  270.22506   75  198  357.59207  219.21076  38.7%   4.2 1325s
 301596 247866  346.24172  271  232  357.59207  219.21202  38.7%   4.2 1330s
 302817 249087  353.02251  341  232  357.59207  219.21202  38.7%   4.2 1335s
 304012 250282  356.35083  389  230  357.59207  219.21202  38.7%   4.2 1340s
 305057 251231  306.90834  142  238  357.59207  219.21512  38.7%   4.2 1345s
 306354 252358  346.46052  242  235  357.59207  219.25755  38.7%   4.2 1350s
 307566 253474  351.72950  261  231  357.59207  219.28026  38.7%   4.2 1355s
 308741 254593  353.85064  158  190  357.59207  219.29392  38.7%   4.1 1360s
 310071 255765  248.56040   68  200  357.59207  219.31236  38.7%   4.1 1365s
 311325 256877  340.83377  167  196  357.59207  219.33994  38.7%   4.1 1370s
 312660 258026     cutoff   92       357.59207  219.35663  38.7%   4.1 1375s
 313938 259216  331.99630  151  277  357.59207  219.38392  38.6%   4.1 1380s
 315209 260363  354.20955   88  187  357.59207  219.40208  38.6%   4.1 1385s
 316577 261589  350.99092  191  196  357.59207  219.45606  38.6%   4.1 1390s
 317780 262742  352.06548  274  230  357.59207  219.48273  38.6%   4.1 1395s
 318848 263778  295.30877   97  199  357.59207  219.48851  38.6%   4.0 1400s
 320195 264983  346.51375  181  196  357.59207  219.52009  38.6%   4.0 1405s
 321434 266070  274.86437   87  199  357.59207  219.53402  38.6%   4.0 1410s
 322736 267216  342.61333   99  197  357.59207  219.56311  38.6%   4.0 1415s
 323730 268168  357.56332  281  229  357.59207  219.57361  38.6%   4.0 1420s
 324976 269244  335.31225  205  236  357.59207  219.62575  38.6%   4.0 1425s
 326161 270309  335.12543  217  236  357.59207  219.64751  38.6%   4.0 1430s
 327486 271456  357.39098  310  218  357.59207  219.67371  38.6%   4.0 1435s
 328719 272563  346.71152  229  236  357.59207  219.68807  38.6%   4.0 1440s
 330045 273743  340.37318  224  236  357.59207  219.71953  38.6%   3.9 1445s
 331274 274872  354.43658  253  233  357.59207  219.77821  38.5%   3.9 1450s
 332326 275812  356.40197   53  160  357.59207  219.80757  38.5%   3.9 1455s
 333540 276896  281.04030   92  197  357.59207  219.82082  38.5%   3.9 1460s
 334822 278044  329.24145  195  236  357.59207  219.83059  38.5%   3.9 1465s
 336083 279201  348.22714  201  319  357.59207  219.84308  38.5%   3.9 1470s
 337405 280401  345.05887  246  235  357.59207  219.87258  38.5%   3.9 1475s
 338620 281430     cutoff  296       357.59207  219.88747  38.5%   3.9 1480s
 339959 282639  356.50891  260  232  357.59207  219.91406  38.5%   3.9 1485s
 341163 283783  351.02425  272  233  357.59207  219.91802  38.5%   3.9 1490s
 342238 284858  357.38133  330  231  357.59207  219.91802  38.5%   3.8 1495s
 343494 285964  325.33285  178  235  357.59207  219.95546  38.5%   3.8 1500s
 344674 286998  236.50597   52  199  357.59207  219.97586  38.5%   3.8 1505s
 345963 288123  314.44010   52  279  357.59207  219.99616  38.5%   3.8 1510s
 347094 289142  260.40461   28  244  357.59207  220.01798  38.5%   3.8 1515s
 348467 290395  334.08219  151  196  357.59207  220.03399  38.5%   3.8 1520s
 349610 291508  352.72392  261  232  357.59207  220.03537  38.5%   3.8 1525s
 350757 292655  356.26644  289  234  357.59207  220.03537  38.5%   3.8 1530s
 351867 293575  336.04360  217  236  357.59207  220.05957  38.5%   3.8 1535s
 353154 294736  312.72946  154  236  357.59207  220.09179  38.5%   3.8 1540s
 354461 295877  341.09512  219  237  357.59207  220.11318  38.4%   3.8 1545s
 355777 296981  244.85989   68  239  357.59207  220.13607  38.4%   3.8 1550s
 357042 298138  262.44988   81  239  357.59207  220.15664  38.4%   3.7 1555s
 358391 299373  261.53218   88  238  357.59207  220.18983  38.4%   3.7 1560s
 359605 300477  341.77012  167  195  357.59207  220.20255  38.4%   3.7 1565s
 360733 301461  244.88118   56  198  357.59207  220.24428  38.4%   3.7 1570s
 361938 302568  307.69158  119  196  357.59207  220.26044  38.4%   3.7 1575s
 363242 303722  293.47542  109  198  357.59207  220.29535  38.4%   3.7 1580s
 364406 304860  356.14620  283  234  357.59207  220.30039  38.4%   3.7 1585s
 365563 305885  342.93046  160  318  357.59207  220.31824  38.4%   3.7 1590s
 366840 307016  241.67388   56  199  357.59207  220.33588  38.4%   3.7 1595s
 368134 308176  284.92983  113  238  357.59207  220.35208  38.4%   3.7 1600s
 369430 309334  323.23113  168  238  357.59207  220.36463  38.4%   3.7 1605s
 370661 310565  353.10729  299  234  357.59207  220.36463  38.4%   3.6 1610s
 371697 311527  357.34990  192  226  357.59207  220.36556  38.4%   3.6 1615s
 372897 312559  233.63863   51  239  357.59207  220.37342  38.4%   3.6 1620s
 374094 313684  354.83956  255  233  357.59207  220.38691  38.4%   3.6 1625s
 375301 314891  356.68451  317  230  357.59207  220.38691  38.4%   3.6 1630s
 376464 315890  251.59490   63  198  357.59207  220.40863  38.4%   3.6 1635s
 377814 317116  340.48766  169  197  357.59207  220.44824  38.4%   3.6 1640s
 379121 318257  322.35169  126  198  357.59207  220.47313  38.3%   3.6 1645s
 380352 319464  355.06873  282  232  357.59207  220.47466  38.3%   3.6 1650s
 381470 320472  295.03999  125  238  357.59207  220.48569  38.3%   3.6 1655s
 382680 321584  352.29562  197  221  357.59207  220.53166  38.3%   3.6 1660s
 383923 322721  287.00377   95  197  357.59207  220.54933  38.3%   3.6 1665s
 385203 323881  347.30880  167  196  357.59207  220.57847  38.3%   3.6 1670s
 386421 325009  355.52266  321  232  357.59207  220.58573  38.3%   3.5 1675s
 387695 326107  286.96994  113  237  357.59207  220.60999  38.3%   3.5 1680s
 388836 327248  353.88737  291  232  357.59207  220.60999  38.3%   3.5 1685s
 389882 328210  355.67662  185  194  357.59207  220.61685  38.3%   3.5 1690s
 391270 329442  310.29154  149  238  357.59207  220.64402  38.3%   3.5 1695s
 392525 330679  352.23983  281  232  357.59207  220.64416  38.3%   3.5 1700s
 393624 331704     cutoff  168       357.59207  220.64416  38.3%   3.5 1705s
 394911 332889     cutoff  183       357.59207  220.66033  38.3%   3.5 1710s
 396189 334081  353.23940  262  229  357.59207  220.67326  38.3%   3.5 1715s
 397482 335230  241.89061   31  201  357.59207  220.72464  38.3%   3.5 1720s
 398768 336426  344.10240  173  196  357.59207  220.74283  38.3%   3.5 1725s
 400063 337597  244.32110   49  280  357.59207  220.75750  38.3%   3.5 1730s
 401283 338685  284.66891  118  240  357.59207  220.77103  38.3%   3.5 1735s
 402563 339859  357.34953  270  212  357.59207  220.79708  38.3%   3.4 1740s
 403791 340953  254.69502   77  239  357.59207  220.83731  38.2%   3.4 1745s
 405111 342175  298.00564  109  197  357.59207  220.85930  38.2%   3.4 1750s
 406303 343245  356.94200  211  191  357.59207  220.87424  38.2%   3.4 1755s
 407518 344364  325.84317  147  197  357.59207  220.88195  38.2%   3.4 1760s
 408640 345384  275.69718   87  198  357.59207  220.90481  38.2%   3.4 1765s
 409930 346488  353.32314  189  196  357.59207  220.92804  38.2%   3.4 1770s
 411191 347633  347.30459   87  224  357.59207  220.93420  38.2%   3.4 1775s
 412486 348770  323.59680  135  197  357.59207  220.93973  38.2%   3.4 1780s
 413759 349923  308.76345  148  237  357.59207  220.96451  38.2%   3.4 1785s
 415020 351080  257.99719   67  198  357.59207  220.99199  38.2%   3.4 1790s
 416255 352163  256.65915   75  238  357.59207  221.00465  38.2%   3.4 1795s
 417653 353443  354.05083  192  195  357.59207  221.04725  38.2%   3.4 1800s
 418944 354612  248.18336   31  201  357.59207  221.08024  38.2%   3.4 1805s
 420157 355723  339.42356  150  197  357.59207  221.08974  38.2%   3.4 1810s
 421532 356944  344.72782  246  235  357.59207  221.10840  38.2%   3.3 1815s
 422770 358052  357.36705  206  194  357.59207  221.11473  38.2%   3.3 1820s
 424025 359189  243.70571   54  199  357.59207  221.13977  38.2%   3.3 1825s
 425339 360397  348.83329  176  196  357.59207  221.14866  38.2%   3.3 1830s
 426719 361631  280.68725   94  197  357.59207  221.20134  38.1%   3.3 1835s
 427980 362760  232.26385   46  238  357.59207  221.22331  38.1%   3.3 1840s
 429295 363955  268.55769   76  198  357.59207  221.23343  38.1%   3.3 1845s
 430489 365123  351.50058  270  231  357.59207  221.23829  38.1%   3.3 1850s
 431506 366140  357.44694  329  231  357.59207  221.23829  38.1%   3.3 1855s
 432747 367177  339.66515  157  196  357.59207  221.25591  38.1%   3.3 1860s
 433969 368325  325.38147  138  196  357.59207  221.27990  38.1%   3.3 1865s
 435265 369479  295.54366  136  240  357.59207  221.29530  38.1%   3.3 1870s
 436546 370620  354.87439  128  198  357.59207  221.31034  38.1%   3.3 1875s
 437821 371775  328.69263  102  200  357.59207  221.31946  38.1%   3.3 1880s
 439069 372947  342.36821  223  236  357.59207  221.32761  38.1%   3.2 1885s
 440234 374112  356.01324  310  232  357.59207  221.32761  38.1%   3.2 1890s
 441416 375156  246.68820   66  238  357.59207  221.34051  38.1%   3.2 1895s
 442676 376288  326.55895  127  240  357.59207  221.37260  38.1%   3.2 1900s
 444007 377437  252.11112   62  197  357.59207  221.38977  38.1%   3.2 1905s
 445333 378657  352.65939   96  184  357.59207  221.41133  38.1%   3.2 1910s
 446617 379821  287.77694  112  237  357.59207  221.44261  38.1%   3.2 1915s
 447748 380952  355.69541  291  231  357.59207  221.44261  38.1%   3.2 1920s
 448919 381993  352.79377  189  197  357.59207  221.46720  38.1%   3.2 1925s
 450201 383149  258.39908   69  198  357.59207  221.48258  38.1%   3.2 1930s
 451524 384374  336.09930  157  196  357.59207  221.49002  38.1%   3.2 1935s
 452763 385471  297.45023  113  199  357.59207  221.50863  38.1%   3.2 1940s
 454143 386703  276.57801   76  198  357.59207  221.52659  38.1%   3.2 1945s
 455440 387902  269.62007   97  237  357.59207  221.54546  38.0%   3.2 1950s
 456732 389122  315.10305  182  278  357.59207  221.56518  38.0%   3.2 1955s
 457917 390307  351.60111  341  269  357.59207  221.56518  38.0%   3.2 1960s
 459148 391538  354.73559  379  272  357.59207  221.56518  38.0%   3.1 1965s
 460240 392562  228.23474   43  238  357.59207  221.57044  38.0%   3.1 1970s
 461613 393807  306.91802  145  238  357.59207  221.58547  38.0%   3.1 1975s
 462832 394908  348.31803  261  231  357.59207  221.58839  38.0%   3.1 1980s
 464040 396116  355.09786  322  232  357.59207  221.58839  38.0%   3.1 1985s
 464977 396995  291.34681  116  238  357.59207  221.58839  38.0%   3.1 1990s
 466215 398129  264.19431   82  239  357.59207  221.60412  38.0%   3.1 1995s
 467494 399328  354.91167  192  192  357.59207  221.63105  38.0%   3.1 2000s
 468596 400278  307.21235  116  199  357.59207  221.65895  38.0%   3.1 2005s
 469852 401418  326.10696  138  196  357.59207  221.68686  38.0%   3.1 2010s
 471140 402572  238.85579   56  238  357.59207  221.70410  38.0%   3.1 2015s
 472341 403745  351.50998  276  233  357.59207  221.70668  38.0%   3.1 2020s
 473374 404778  357.27223  334  233  357.59207  221.70668  38.0%   3.1 2025s
 474586 405820  296.39097  121  238  357.59207  221.72093  38.0%   3.1 2030s
 475779 406903  264.72144   86  238  357.59207  221.73291  38.0%   3.1 2035s
 476939 408063  350.80569  294  230  357.59207  221.73291  38.0%   3.1 2040s
 478085 409209  355.96310  355  229  357.59207  221.73291  38.0%   3.1 2045s
 479062 410102  252.78090   69  239  357.59207  221.74756  38.0%   3.1 2050s
 480397 411261  318.81924  127  199  357.59207  221.76288  38.0%   3.1 2055s
 481625 412379  355.95427  229  215  357.59207  221.77209  38.0%   3.0 2060s
H482285 409519                     357.3616521  221.77625  37.9%   3.0 2062s
H482285 409519                     357.3611320  221.77625  37.9%   3.0 2062s
 482800 410004  354.48557  252  234  357.36113  221.78053  37.9%   3.0 2065s
 483940 411056  357.28360  220  192  357.36113  221.78620  37.9%   3.0 2070s
 485240 412164  335.77306  157  197  357.36113  221.79836  37.9%   3.0 2075s
 486513 413319  342.74853  144  226  357.36113  221.81150  37.9%   3.0 2080s
 487839 414497  337.21425  136  227  357.36113  221.84637  37.9%   3.0 2085s
 489095 415571  315.32747  157  237  357.36113  221.85010  37.9%   3.0 2090s
 490279 416643  343.96844   83  225  357.36113  221.87444  37.9%   3.0 2095s
 491495 417713     cutoff  305       357.36113  221.88131  37.9%   3.0 2100s
 492814 418924  347.12865  256  232  357.36113  221.90893  37.9%   3.0 2105s
 494082 420064  357.29976   79  309  357.36113  221.92909  37.9%   3.0 2110s
 495202 421094  282.78567   54  196  357.36113  221.94093  37.9%   3.0 2115s
 496389 422271  352.32075  281  234  357.36113  221.94152  37.9%   3.0 2120s
 497506 423288  348.23664  180  194  357.36113  221.94237  37.9%   3.0 2125s
 498821 424451     cutoff  193       357.36113  221.96409  37.9%   3.0 2130s
 499994 425620  348.32192  286  233  357.36113  221.96409  37.9%   3.0 2135s
 501180 426806  354.39123  356  233  357.36113  221.96409  37.9%   3.0 2140s
 502310 427936  356.86570  402  234  357.36113  221.96409  37.9%   3.0 2145s
 503306 428792  340.43881  118  192  357.36113  221.97904  37.9%   3.0 2150s
 504499 429817  307.47805  143  238  357.36113  221.99646  37.9%   3.0 2155s
 505679 430919  352.75780  272  232  357.36113  221.99981  37.9%   3.0 2160s
 506751 431945  323.11291  175  235  357.36113  222.00252  37.9%   3.0 2165s
 508026 433088     cutoff  244       357.36113  222.02209  37.9%   3.0 2170s
 509277 434251  354.97217  211  217  357.36113  222.04444  37.9%   3.0 2175s
 510573 435417  324.92080  178  235  357.36113  222.05642  37.9%   2.9 2180s
 511840 436560  299.59427   67  196  357.36113  222.08020  37.9%   2.9 2185s
 513136 437734  286.61122   98  198  357.36113  222.10211  37.8%   2.9 2190s
 514418 438860  322.18056  136  197  357.36113  222.10890  37.8%   2.9 2195s
 515609 439967  354.63427  245  234  357.36113  222.13031  37.8%   2.9 2200s
 516734 441008  315.98523   72  280  357.36113  222.13836  37.8%   2.9 2205s
 518029 442157  300.27301  113  196  357.36113  222.15914  37.8%   2.9 2210s
 519248 443270  346.10941  176  195  357.36113  222.17002  37.8%   2.9 2215s
 520568 444456  305.81622  109  198  357.36113  222.18579  37.8%   2.9 2220s
 521780 445566  337.94089  155  198  357.36113  222.19608  37.8%   2.9 2225s
 523083 446717  283.17581   85  198  357.36113  222.22947  37.8%   2.9 2230s
 524302 447824  333.60070   98  196  357.36113  222.24078  37.8%   2.9 2235s
 525493 448917  232.56450   44  198  357.36113  222.25019  37.8%   2.9 2240s
 526691 450097  353.79307  280  231  357.36113  222.25239  37.8%   2.9 2245s
 527751 451067  344.72402  169  194  357.36113  222.26065  37.8%   2.9 2250s
 528992 452181  274.22009   84  198  357.36113  222.28409  37.8%   2.9 2255s
 530214 453267  350.34256  181  197  357.36113  222.29931  37.8%   2.9 2260s
 531362 454257  237.15219   45  199  357.36113  222.32416  37.8%   2.9 2265s
 532592 455387  343.57487  233  236  357.36113  222.33076  37.8%   2.9 2270s
 533880 456515  287.85207   95  198  357.36113  222.35349  37.8%   2.9 2275s
 535085 457640  349.17430  289  234  357.36113  222.35621  37.8%   2.9 2280s
 536365 458746  245.73161   62  239  357.36113  222.36975  37.8%   2.9 2285s
 537482 459755  354.52697  270  227  357.36113  222.37798  37.8%   2.9 2290s
 538801 460948  291.24627   34  280  357.36113  222.38777  37.8%   2.9 2295s
 540052 462091  301.08534   81  200  357.36113  222.41738  37.8%   2.9 2300s
 541312 463231  330.48727  143  197  357.36113  222.43059  37.8%   2.9 2305s
 542624 464399  276.84111   66  158  357.36113  222.44279  37.8%   2.9 2310s
 543935 465582  332.90577  201  236  357.36113  222.45020  37.8%   2.9 2315s
 545153 466666     cutoff  306       357.36113  222.47367  37.7%   2.9 2320s
 546338 467731     cutoff  382       357.36113  222.48192  37.7%   2.8 2325s
 547650 468877  336.22585  211  238  357.36113  222.50334  37.7%   2.8 2330s
 548906 470017  338.87046  259  278  357.36113  222.52066  37.7%   2.8 2335s
 550178 471149  337.85223  100  194  357.36113  222.53358  37.7%   2.8 2340s
 551414 472331  348.23694  269  231  357.36113  222.53808  37.7%   2.8 2345s
 552643 473560  354.94516  333  231  357.36113  222.53808  37.7%   2.8 2350s
 553646 474491  353.98704  281  221  357.36113  222.53851  37.7%   2.8 2355s
 554860 475583  350.99329  188  195  357.36113  222.55336  37.7%   2.8 2360s
 556110 476719  355.83082  218  194  357.36113  222.55900  37.7%   2.8 2365s
 557296 477721     cutoff   91       357.36113  222.58750  37.7%   2.8 2370s
 558528 478869  336.36852  148  197  357.36113  222.60074  37.7%   2.8 2375s
 559841 479974  256.18415   75  239  357.36113  222.61482  37.7%   2.8 2380s
 561139 481164  259.92501   68  199  357.36113  222.62991  37.7%   2.8 2385s
 562414 482285  253.42671   60  197  357.36113  222.64064  37.7%   2.8 2390s
 563719 483454  286.91820   97  197  357.36113  222.65874  37.7%   2.8 2395s
 564923 484542  267.44678   90  238  357.36113  222.66964  37.7%   2.8 2400s
 566083 485536     cutoff  152       357.36113  222.67798  37.7%   2.8 2405s
 567332 486711  339.82073  210  237  357.36113  222.68717  37.7%   2.8 2410s
 568546 487925  355.45330  303  233  357.36113  222.68717  37.7%   2.8 2415s
 569616 488901  277.63974  102  238  357.36113  222.69354  37.7%   2.8 2420s
 570920 490085  251.74518   53  198  357.36113  222.71466  37.7%   2.8 2425s
 572127 491180  318.14618  127  195  357.36113  222.73438  37.7%   2.8 2430s
 573382 492335  342.35910  220  234  357.36113  222.74237  37.7%   2.8 2435s
 574522 493475  356.65257  313  229  357.36113  222.74237  37.7%   2.8 2440s
 575698 494487  338.42243  154  197  357.36113  222.75655  37.7%   2.8 2445s
 576736 495433  343.58484  166  194  357.36113  222.76669  37.7%   2.8 2450s
 577936 496449  277.59636   20  652  357.36113  222.78967  37.7%   2.8 2455s
 579149 497560  257.14347   71  200  357.36113  222.79606  37.7%   2.8 2460s
 580452 498737  357.19303  285  221  357.36113  222.80583  37.7%   2.8 2465s
 581724 499871  245.49473   65  239  357.36113  222.81572  37.6%   2.7 2470s
 583032 501047  236.94803   54  238  357.36113  222.83868  37.6%   2.7 2475s
 584163 502178  346.78957  278  235  357.36113  222.83868  37.6%   2.7 2480s
 585301 503316  353.08940  350  234  357.36113  222.83868  37.6%   2.7 2485s
 586493 504508  355.85328  393  232  357.36113  222.83868  37.6%   2.7 2490s
 587450 505465  357.29813  426  233  357.36113  222.83868  37.6%   2.7 2495s
 588730 506557  329.87125  147  199  357.36113  222.85390  37.6%   2.7 2500s
 589970 507735  344.18100  258  232  357.36113  222.86419  37.6%   2.7 2505s
 591159 508924  350.92408  318  234  357.36113  222.86419  37.6%   2.7 2510s
 592297 510062  354.90443  371  230  357.36113  222.86419  37.6%   2.7 2515s
 593382 511147  357.12832  413  229  357.36113  222.86419  37.6%   2.7 2520s
 594540 512107  232.20541   47  199  357.36113  222.86754  37.6%   2.7 2525s
 595847 513288  296.32779  119  237  357.36113  222.87550  37.6%   2.7 2530s
 596964 514269  268.06181   60  199  357.36113  222.88399  37.6%   2.7 2535s
 598310 515507  356.05695  286  221  357.36113  222.90409  37.6%   2.7 2540s
 599355 516492  357.28333  286  233  357.36113  222.90485  37.6%   2.7 2545s
 600645 517590  306.58735  115  197  357.36113  222.91348  37.6%   2.7 2550s
 601873 518676  236.21147   49  238  357.36113  222.92240  37.6%   2.7 2555s
 603176 519825  353.00791  176  197  357.36113  222.93248  37.6%   2.7 2560s
 604401 520908  233.43540   48  199  357.36113  222.94571  37.6%   2.7 2565s
 605628 522027  272.44711   76  198  357.36113  222.97568  37.6%   2.7 2570s
 606775 523036  270.69244   77  197  357.36113  222.98359  37.6%   2.7 2575s
 608067 524222  354.06936  100  222  357.36113  222.99098  37.6%   2.7 2580s
 609188 525169  346.33989  173  195  357.36113  222.99624  37.6%   2.7 2585s
 610543 526376  261.15231   80  239  357.36113  223.01999  37.6%   2.7 2590s
 611721 527502  345.34472  273  235  357.36113  223.02108  37.6%   2.7 2595s
 612930 528711  351.87429  335  234  357.36113  223.02108  37.6%   2.7 2600s
 614117 529898  355.52742  389  232  357.36113  223.02108  37.6%   2.7 2605s
 615133 530914  357.29907  424  230  357.36113  223.02108  37.6%   2.7 2610s
 616385 531982  239.58530   55  238  357.36113  223.04023  37.6%   2.6 2615s
 617539 533032  322.43666  178  235  357.36113  223.04487  37.6%   2.6 2620s
 618749 534242  353.28967  287  232  357.36113  223.04487  37.6%   2.6 2625s
 619799 535292  356.66384  317  229  357.36113  223.04487  37.6%   2.6 2630s
 620926 536261  281.62071   89  198  357.36113  223.07412  37.6%   2.6 2635s
 622211 537394  285.80765   98  199  357.36113  223.08430  37.6%   2.6 2640s
 623442 538483  286.41282   96  198  357.36113  223.09918  37.6%   2.6 2645s
 624657 539568  277.62887   82  197  357.36113  223.10460  37.6%   2.6 2650s
 626001 540794  343.74144  179  197  357.36113  223.11409  37.6%   2.6 2655s
 627223 541924  317.35068  160  237  357.36113  223.12411  37.6%   2.6 2660s
 628523 543100     cutoff   90       357.36113  223.13508  37.6%   2.6 2665s
 629800 544227  357.30702  302  214  357.36113  223.14551  37.6%   2.6 2670s
 631124 545361  230.25246   49  240  357.36113  223.16631  37.6%   2.6 2675s
 632378 546525  262.21652   67  199  357.36113  223.18127  37.5%   2.6 2680s
 633709 547708  340.46420  229  237  357.36113  223.19193  37.5%   2.6 2685s
 634997 548876  260.05252   59  159  357.36113  223.20651  37.5%   2.6 2690s
 636167 549964  352.74705  295  232  357.36113  223.21003  37.5%   2.6 2695s
 637399 551040  241.32835   57  240  357.36113  223.21652  37.5%   2.6 2700s
 638766 552271  269.66338   92  239  357.36113  223.23579  37.5%   2.6 2705s
 639984 553489  350.45125  296  231  357.36113  223.23579  37.5%   2.6 2710s
 641189 554694  355.71585  359  228  357.36113  223.23579  37.5%   2.6 2715s
 642274 555633  323.66596  137  199  357.36113  223.24247  37.5%   2.6 2720s
 643597 556788  273.19755   79  197  357.36113  223.26329  37.5%   2.6 2725s
 644792 557957  353.61727  276  233  357.36113  223.26842  37.5%   2.6 2730s
 645954 559029  334.74779  100  197  357.36113  223.27276  37.5%   2.6 2735s
 647231 560171  259.27629   66  197  357.36113  223.28547  37.5%   2.6 2740s
 648418 561288  348.67367  232  235  357.36113  223.29084  37.5%   2.6 2745s
 649723 562449  350.63677  248  232  357.36113  223.29792  37.5%   2.6 2750s
 650922 563486  344.21807  184  320  357.36113  223.30523  37.5%   2.6 2755s
 652223 564671  283.14154   88  200  357.36113  223.32403  37.5%   2.6 2760s
 653501 565789     cutoff  250       357.36113  223.33393  37.5%   2.6 2765s
 654793 566943  341.64849  114  229  357.36113  223.35953  37.5%   2.5 2770s
 656077 568097  319.18898  132  196  357.36113  223.37203  37.5%   2.5 2775s
 657333 569219  337.56664  110  194  357.36113  223.38000  37.5%   2.5 2780s
 658609 570311  332.09502  144  197  357.36113  223.39420  37.5%   2.5 2785s
 659782 571472  352.73600  288  233  357.36113  223.39608  37.5%   2.5 2790s
 660775 572429  357.28351  338  232  357.36113  223.39608  37.5%   2.5 2795s
 662015 573537  255.52839   67  199  357.36113  223.41142  37.5%   2.5 2800s
 663321 574691  356.98009  317  211  357.36113  223.41924  37.5%   2.5 2805s
 664588 575834  320.10828  174  237  357.36113  223.42929  37.5%   2.5 2810s
 665868 576940  304.26694   70  197  357.36113  223.43805  37.5%   2.5 2815s
 667091 578039  345.16399  223  236  357.36113  223.43941  37.5%   2.5 2820s
 668386 579132  269.80000   89  239  357.36113  223.45667  37.5%   2.5 2825s
 669602 580298  355.00311  276  231  357.36113  223.46036  37.5%   2.5 2830s
 670792 581376  356.74720  270  226  357.36113  223.46809  37.5%   2.5 2835s
 671999 582431  314.99541  157  238  357.36113  223.48502  37.5%   2.5 2840s
 673154 583562  348.04310  274  232  357.36113  223.49773  37.5%   2.5 2845s
 674362 584770  354.39740  339  233  357.36113  223.49773  37.5%   2.5 2850s
 675332 585684  236.27802   44  199  357.36113  223.50029  37.5%   2.5 2855s
 676635 586831  237.92100   47  239  357.36113  223.51737  37.5%   2.5 2860s
 677890 587962  245.28056   49  237  357.36113  223.52740  37.5%   2.5 2865s
 679103 589061  315.52617  130  198  357.36113  223.54173  37.4%   2.5 2870s
 680392 590238  298.99422   78  234  357.36113  223.54774  37.4%   2.5 2875s
 681699 591441  289.32156  122  238  357.36113  223.55301  37.4%   2.5 2880s
 682885 592627  354.57431  295  232  357.36113  223.55301  37.4%   2.5 2885s
 684016 593624  242.34494   55  199  357.36113  223.55721  37.4%   2.5 2890s
 685232 594750  356.28254  188  194  357.36113  223.56946  37.4%   2.5 2895s
 686404 595838  282.52530   65  237  357.36113  223.57719  37.4%   2.5 2900s
 687736 597044  357.10992  323  213  357.36113  223.58378  37.4%   2.5 2905s
 688958 598128  264.53635   24  448  357.36113  223.60353  37.4%   2.5 2910s
 690156 599248  349.60133  184  193  357.36113  223.62166  37.4%   2.5 2915s
 691146 600084  354.61398  281  224  357.36113  223.63442  37.4%   2.5 2920s
 692432 601268  347.59066  232  237  357.36113  223.64491  37.4%   2.5 2925s
 693427 602263  357.28129  294  232  357.36113  223.64491  37.4%   2.5 2930s
 694730 603390  279.03979  110  239  357.36113  223.65681  37.4%   2.5 2935s
 695958 604562  347.44746  262  231  357.36113  223.66602  37.4%   2.5 2940s
 697168 605772  354.51950  324  229  357.36113  223.66602  37.4%   2.5 2945s
 698173 606695  292.96740   56  196  357.36113  223.67131  37.4%   2.5 2950s
 699321 607691  258.99843   77  238  357.36113  223.68594  37.4%   2.5 2955s
 700634 608898  350.30097  244  233  357.36113  223.69328  37.4%   2.5 2960s
 701937 610013  233.07053   50  239  357.36113  223.70477  37.4%   2.5 2965s
 703221 611195  357.29289  273  224  357.36113  223.71643  37.4%   2.5 2970s
 704446 612308  327.27976  140  196  357.36113  223.72508  37.4%   2.5 2975s
 705659 613365  309.23226  148  239  357.36113  223.73372  37.4%   2.5 2980s
 706981 614533  271.70479   78  197  357.36113  223.74992  37.4%   2.5 2985s
 708257 615679  301.99694  133  238  357.36113  223.76725  37.4%   2.5 2990s
 709566 616822  290.06252  123  237  357.36113  223.78042  37.4%   2.4 2995s
 710744 618000  355.36470  300  230  357.36113  223.78042  37.4%   2.4 3000s
 711858 619034  313.40517  152  238  357.36113  223.78476  37.4%   2.4 3005s
 713172 620226  231.99140   44  198  357.36113  223.78946  37.4%   2.4 3010s
 714415 621369  356.41422  107  224  357.36113  223.79135  37.4%   2.4 3015s
 715735 622585  335.12019  208  238  357.36113  223.79692  37.4%   2.4 3020s
 716934 623784  353.57250  307  230  357.36113  223.79692  37.4%   2.4 3025s
 717960 624702  350.58663  196  218  357.36113  223.79857  37.4%   2.4 3030s
 719239 625843  314.01479  156  237  357.36113  223.81618  37.4%   2.4 3035s
 720485 626909  356.39135  200  192  357.36113  223.82089  37.4%   2.4 3040s
 721838 628124  315.42233   68  192  357.36113  223.83013  37.4%   2.4 3045s
 723084 629272  328.16025  147  196  357.36113  223.83915  37.4%   2.4 3050s
 724429 630515  353.21558  276  227  357.36113  223.85194  37.4%   2.4 3055s
 725669 631619  283.26461  107  238  357.36113  223.86359  37.4%   2.4 3060s
 727021 632851  353.91995  228  216  357.36113  223.87338  37.4%   2.4 3065s
 728262 633980  357.26604  293  217  357.36113  223.88105  37.4%   2.4 3070s
 729551 635105  227.13871   45  198  357.36113  223.89690  37.3%   2.4 3075s
 730885 636317  352.39706  197  192  357.36113  223.91073  37.3%   2.4 3080s
 732110 637484  353.42068  269  232  357.36113  223.92488  37.3%   2.4 3085s
 733216 638510  318.56740  166  238  357.36113  223.93554  37.3%   2.4 3090s
 734544 639668  253.90152   65  198  357.36113  223.94959  37.3%   2.4 3095s
 735782 640814  307.02687  144  238  357.36113  223.95448  37.3%   2.4 3100s
 737008 641894  279.78380   82  198  357.36113  223.96005  37.3%   2.4 3105s
H737783 640458                     357.2742246  223.97317  37.3%   2.4 3108s
H737783 640458                     357.2740968  223.97317  37.3%   2.4 3108s
 738180 640821  281.19983   69  238  357.27410  223.97964  37.3%   2.4 3110s
 739493 641984  338.83068   83  186  357.27410  223.98236  37.3%   2.4 3115s
 740732 643121  337.84567  200  237  357.27410  223.99534  37.3%   2.4 3120s
 742068 644331  319.68400  128  198  357.27410  224.00756  37.3%   2.4 3125s
 743361 645488  348.54395  168  222  357.27410  224.02248  37.3%   2.4 3130s
 744663 646682  355.22451  189  194  357.27410  224.03114  37.3%   2.4 3135s
 745794 647695  313.13584  123  198  357.27410  224.04128  37.3%   2.4 3140s
 747097 648902  293.55589  102  198  357.27410  224.05248  37.3%   2.4 3145s
 748223 649860  348.18073  142  192  357.27410  224.05657  37.3%   2.4 3150s
 749427 650944     cutoff  170       357.27410  224.06338  37.3%   2.4 3155s
 750496 651901  336.10986  220  237  357.27410  224.07411  37.3%   2.4 3160s
 751733 652990  347.78524  173  195  357.27410  224.08309  37.3%   2.4 3165s
 752984 654113  341.97087  238  235  357.27410  224.09372  37.3%   2.4 3170s
 754165 655170  250.43958   56  200  357.27410  224.09891  37.3%   2.4 3175s
 755442 656361     cutoff  184       357.27410  224.10794  37.3%   2.4 3180s
 756731 657478  234.36391   49  198  357.27410  224.12066  37.3%   2.4 3185s
 757943 658652  352.94150  276  232  357.27410  224.12396  37.3%   2.3 3190s
 758941 659592  229.42246   41  239  357.27410  224.12419  37.3%   2.3 3195s
 760212 660677  285.80311  107  240  357.27410  224.12973  37.3%   2.3 3200s
 761485 661864  352.60747  199  193  357.27410  224.13877  37.3%   2.3 3205s
 762723 662924  318.60890  127  197  357.27410  224.15368  37.3%   2.3 3210s
 763925 664050  355.71053  216  194  357.27410  224.15876  37.3%   2.3 3215s
 765130 665065     cutoff  190       357.27410  224.16637  37.3%   2.3 3220s
 766390 666253  349.36330  232  235  357.27410  224.17940  37.3%   2.3 3225s
 767504 667199  357.22603  108  222  357.27410  224.18654  37.3%   2.3 3230s
 768711 668334  354.24317  190  194  357.27410  224.19034  37.2%   2.3 3235s
 769988 669403  343.00380  120  195  357.27410  224.19479  37.2%   2.3 3240s
 771223 670510  350.95205  162  195  357.27410  224.20360  37.2%   2.3 3245s
 772463 671658  346.31095  254  232  357.27410  224.21180  37.2%   2.3 3250s
 773679 672704  259.51783   67  200  357.27410  224.22071  37.2%   2.3 3255s
 774975 673874  343.03911  164  198  357.27410  224.23844  37.2%   2.3 3260s
 776152 674933  288.07979   90  197  357.27410  224.24641  37.2%   2.3 3265s
 777395 676084  347.05068  230  236  357.27410  224.26044  37.2%   2.3 3270s
 778655 677214  336.41274  160  196  357.27410  224.26143  37.2%   2.3 3275s
 779822 678215  232.52564   49  199  357.27410  224.27186  37.2%   2.3 3280s
 781081 679374  346.74541  117  199  357.27410  224.27885  37.2%   2.3 3285s
 782410 680565  282.73484  110  239  357.27410  224.28985  37.2%   2.3 3290s
 783665 681698     cutoff  193       357.27410  224.29754  37.2%   2.3 3295s
 784835 682740  308.04997   71  231  357.27410  224.31691  37.2%   2.3 3300s
 786093 683870  341.62025  167  197  357.27410  224.32488  37.2%   2.3 3305s
 787414 685043  251.37309   62  240  357.27410  224.33637  37.2%   2.3 3310s
 788599 686116  274.85499   71  199  357.27410  224.34667  37.2%   2.3 3315s
 789833 687196  357.06331  320  208  357.27410  224.35644  37.2%   2.3 3320s
 791046 688247  341.90264  233  236  357.27410  224.36280  37.2%   2.3 3325s
 792375 689436  357.12599  322  207  357.27410  224.36982  37.2%   2.3 3330s
 793529 690452  315.79171   80  229  357.27410  224.38721  37.2%   2.3 3335s
 794830 691635  244.20262   64  280  357.27410  224.40378  37.2%   2.3 3340s
 796079 692690  247.08083   66  239  357.27410  224.41005  37.2%   2.3 3345s
 797319 693806  345.34844  181  195  357.27410  224.41543  37.2%   2.3 3350s
 798559 694990  350.13245  271  231  357.27410  224.42083  37.2%   2.3 3355s
 799693 696124  356.13849  328  231  357.27410  224.42083  37.2%   2.3 3360s
 800793 697078     cutoff   95       357.27410  224.42765  37.2%   2.3 3365s
 802078 698209  280.94004   90  197  357.27410  224.43543  37.2%   2.3 3370s
 803234 699235  264.10214   76  199  357.27410  224.45109  37.2%   2.3 3375s
 804487 700316  261.25899   67  198  357.27410  224.46195  37.2%   2.3 3380s
 805753 701490  352.43357  154  223  357.27410  224.47187  37.2%   2.3 3385s
 807052 702629  258.95994   63  197  357.27410  224.47988  37.2%   2.3 3390s
 808236 703725  257.11016   72  238  357.27410  224.48818  37.2%   2.3 3395s
 809570 704935  343.74754  222  238  357.27410  224.49793  37.2%   2.3 3400s
 810809 706038  356.67386  220  213  357.27410  224.50266  37.2%   2.3 3405s
 812151 707236  275.99047   93  239  357.27410  224.51294  37.2%   2.3 3410s
 813374 708459  356.51312  291  229  357.27410  224.51294  37.2%   2.3 3415s
 814501 709408  350.11635  180  195  357.27410  224.52290  37.2%   2.3 3420s
 815764 710545  331.43061  144  198  357.27410  224.52946  37.2%   2.3 3425s
 817067 711738  349.66058  167  197  357.27410  224.53742  37.2%   2.3 3430s
 818249 712864  348.23610  267  231  357.27410  224.53793  37.2%   2.2 3435s
 819526 714141  355.09423  332  229  357.27410  224.53793  37.2%   2.2 3440s
 820717 715208  356.25036  196  193  357.27410  224.53906  37.2%   2.2 3445s
 822218 716541  289.76328   59  199  357.27410  224.56526  37.1%   2.2 3450s
 823585 717758  241.47468   44  198  357.27410  224.58315  37.1%   2.2 3455s
 824868 718997  354.79645  270  232  357.27410  224.58528  37.1%   2.2 3460s
 826031 720020  266.04674   85  238  357.27410  224.58833  37.1%   2.2 3465s
 827367 721208  350.75281   89  188  357.27410  224.59603  37.1%   2.2 3470s
 828731 722448  334.42510  201  238  357.27410  224.60249  37.1%   2.2 3475s
 830064 723623  338.18959  149  197  357.27410  224.61580  37.1%   2.2 3480s
 831363 724734  317.37730  159  236  357.27410  224.62099  37.1%   2.2 3485s
 832717 725982  334.86168  162  196  357.27410  224.63539  37.1%   2.2 3490s
 833994 727065  315.00081  120  198  357.27410  224.64691  37.1%   2.2 3495s
 835347 728326  344.73297  182  197  357.27410  224.65326  37.1%   2.2 3500s
 836590 729423  322.89684  172  234  357.27410  224.66473  37.1%   2.2 3505s
 837875 730536  274.02856   64  200  357.27410  224.67821  37.1%   2.2 3510s
 839182 731679  295.23166   70  200  357.27410  224.68693  37.1%   2.2 3515s
 840399 732794  353.52958  249  233  357.27410  224.69134  37.1%   2.2 3520s
 841488 733835  306.80126  145  238  357.27410  224.69159  37.1%   2.2 3525s
 842969 735140  284.11832   96  197  357.27410  224.70467  37.1%   2.2 3530s
 844460 736453  334.39761  158  194  357.27410  224.71787  37.1%   2.2 3535s
 845761 737646  293.46106   98  198  357.27410  224.72501  37.1%   2.2 3540s
 847179 738934  269.30516   79  198  357.27410  224.73417  37.1%   2.2 3545s
 848483 740092  229.26993   39  239  357.27410  224.74353  37.1%   2.2 3550s
 849832 741343  341.27995  215  236  357.27410  224.74657  37.1%   2.2 3555s
 851202 742531  356.99785  206  192  357.27410  224.75162  37.1%   2.2 3560s
 852585 743782  267.58185   98  239  357.27410  224.77016  37.1%   2.2 3565s
 853874 744921  357.14983  271  227  357.27410  224.77167  37.1%   2.2 3570s
 855199 746110  333.46583   99  231  357.27410  224.78714  37.1%   2.2 3575s
 856377 747270  347.40377  281  233  357.27410  224.79131  37.1%   2.2 3580s
 857570 748463  353.06859  343  232  357.27410  224.79131  37.1%   2.2 3585s
 858783 749676  356.04667  392  232  357.27410  224.79131  37.1%   2.2 3590s
 859745 750544  239.05341   48  198  357.27410  224.79429  37.1%   2.2 3595s

Explored 860980 nodes (1884068 simplex iterations) in 3600.00 seconds (1152.07 work units)
Thread count was 1 (of 56 available processors)

Solution count 10: 357.274 357.274 357.361 ... 357.743

Time limit reached
Best objective 3.572740968040e+02, best bound 2.248023993982e+02, gap 37.0785%

User-callback calls 2722041, time in user-callback 6.98 sec
Generating Gunluk and Lee data file ../../../../../instances/uflp/gunluk/gunluk-20-40-2.txt
primal_bound = 357.27409680402775, dual_bound = 224.80239939815723, gap = 37.07845001663638, time = 3600.01
