solving instance uflp nlass gunluk ../../../../../instances/uflp/gunluk/gunluk-30-60-4.txt sinabc2
Set parameter TokenServer to value "licences.gerad.lan"
Set parameter MIPGap to value 1e-06
Set parameter FuncPieceError to value 1e-06
Set parameter Threads to value 1
Set parameter FuncPieces to value -2
Set parameter TimeLimit to value 3600
Gurobi Optimizer version 12.0.2 build v12.0.2rc0 (linux64 - "AlmaLinux 9.6 (Sage Margay)")

CPU model: Intel(R) Xeon(R) Gold 6258R CPU @ 2.70GHz, instruction set [SSE2|AVX|AVX2|AVX512]
Thread count: 56 physical cores, 56 logical processors, using up to 1 threads

Non-default parameters:
TimeLimit  3600
MIPGap  1e-06
Threads  1
FuncPieces  -2
FuncPieceError  1e-06

Optimize a model with 9060 rows, 12630 columns and 21600 nonzeros
Model fingerprint: 0x8f0aaa6e
Model has 3600 function constraints treated as nonlinear
  1800 POW, 1800 SIN
Variable types: 10800 continuous, 1830 integer (1830 binary)
Coefficient statistics:
  Matrix range     [6e-02, 5e+00]
  Objective range  [1e+00, 9e+01]
  Bounds range     [1e+00, 1e+10]
  RHS range        [1e+00, 1e+00]
Warning: Model contains large bounds
         Consider reformulating model or setting NumericFocus parameter
         to avoid numerical issues.
Presolve removed 5400 rows and 7200 columns
Presolve time: 0.04s
Presolved: 18060 rows, 5431 columns, 39600 nonzeros
Presolved model has 1800 quadratic objective terms
Presolved model has 1800 nonlinear constraint(s)

Solving non-convex MINLP

Variable types: 5401 continuous, 30 integer (30 binary)
Found heuristic solution: objective 1909.4209861

Root relaxation: objective 8.732131e+01, 8746 iterations, 0.62 seconds (0.47 work units)

    Nodes    |    Current Node    |     Objective Bounds      |     Work
 Expl Unexpl |  Obj  Depth IntInf | Incumbent    BestBd   Gap | It/Node Time

     0     0   87.32131    0 1830 1909.42099   87.32131  95.4%     -    0s
H    0     0                     953.5688946   87.32131  90.8%     -    0s
H    0     0                     953.2473281   87.32131  90.8%     -    1s
H    0     0                     953.2434083   87.32131  90.8%     -    1s
     0     0   88.26672    0 1830  953.24341   88.26672  90.7%     -    2s
     0     0   88.28859    0 1830  953.24341   88.28859  90.7%     -    2s
     0     2   88.61517    0 1830  953.24341   88.61517  90.7%     -    2s
    13    15  101.30543   12 1098  953.24341   95.15051  90.0%   467    5s
    48    50  254.16482   30  360  953.24341   95.15051  90.0%   515   16s
H   51    51                     929.9904454   95.15051  89.8%   485   18s
H   56    56                     925.3989790   95.15051  89.7%   442   18s
H   75    75                     924.9538358   95.15051  89.7%   331   19s
   171   173  311.48195   91  417  924.95384   95.15051  89.7%   147   20s
H  282   282                     894.3493149   95.15051  89.4%  90.2   21s
H  282   282                     894.1433634   95.15051  89.4%  90.2   21s
H  564   564                     849.4267209   95.15051  88.8%  46.2   23s
H  564   564                     849.1505725   95.15051  88.8%  46.2   23s
   711   713  575.93166  361  404  849.15057   95.15051  88.8%  37.1   25s
H  758   758                     818.0613349   95.15051  88.4%  34.9   25s
H  997   997                     797.2784567   95.15051  88.1%  26.9   27s
  1278  1280  730.46385  645  384  797.27846   95.15051  88.1%  21.2   30s
  1894  1896  788.55546  953  364  797.27846   95.15051  88.1%  14.6   35s
H 1994  1994                     797.2003542   95.15051  88.1%  14.0   36s
H 1997  1997                     797.1897761   95.15051  88.1%  13.9   36s
H 2000  2000                     797.1884092   95.15051  88.1%  13.9   36s
H 2000  2000                     797.1855439   95.15051  88.1%  13.9   36s
  2323  2323  794.55877 1167  353  797.18554   95.15051  88.1%  12.1   40s
H 2552  2423                     760.9146546   95.15051  87.5%  11.1   46s
H 2552  2302                     759.2431393   95.15051  87.5%  11.1   46s
H 2553  2187                     690.6846053   95.15051  86.2%  11.1   47s
H 2553  2077                     687.7592853   95.15051  86.2%  11.1   48s
  2556  2079  543.48670  327   30  687.75929   95.15051  86.2%  11.1   50s
  2558  2083   95.15051   11 1769  687.75929   95.15051  86.2%  16.4  150s
  2559  2083  151.33501   11 1829  687.75929   95.15051  86.2%  16.7  173s
  2560  2084   95.15051   12 1708  687.75929   95.15051  86.2%  16.8  194s
  2561  2085  140.67154   12 1768  687.75929   95.15051  86.2%  17.1  215s
  2562  2085   95.15051   13 1647  687.75929   95.15051  86.2%  18.4  233s
  2563  2086  127.83429   13 1707  687.75929   95.15051  86.2%  18.6  252s
  2564  2087   95.15051   14 1586  687.75929   95.15051  86.2%  18.7  267s
  2565  2087  133.66780   14 1646  687.75929   95.15051  86.2%  18.9  283s
  2566  2088   96.12432   15 1525  687.75929   95.15051  86.2%  19.0  297s
  2567  2089  146.62009   15 1585  687.75929   96.12432  86.0%  19.2  312s
  2568  2089   97.46123   16 1464  687.75929   97.46123  85.8%  19.3  326s
  2569  2090  158.96358   16 1524  687.75929   97.46123  85.8%  19.6  339s
  2570  2091  100.97897   17 1403  687.75929   97.46123  85.8%  20.7  353s
  2571  2091  127.56674   17 1463  687.75929  100.97897  85.3%  20.9  365s
  2572  2092  103.58908   18 1342  687.75929  100.97897  85.3%  21.7  374s
  2573  2093  134.90817   18 1402  687.75929  103.58908  84.9%  21.8  384s
  2574  2093  105.37096   19 1281  687.75929  103.58908  84.9%  21.9  392s
  2575  2094  160.56528   19 1341  687.75929  105.37096  84.7%  22.1  401s
  2576  2095  110.99287   20 1220  687.75929  105.37096  84.7%  23.3  409s
  2577  2095  127.52684   20 1280  687.75929  110.99287  83.9%  23.5  416s
  2578  2096  116.68939   21 1159  687.75929  110.99287  83.9%  24.9  422s
  2579  2097  131.60414   21 1219  687.75929  116.68939  83.0%  25.0  428s
  2580  2097  120.97658   22 1098  687.75929  116.68939  83.0%  25.6  433s
  2581  2098  143.21849   22 1158  687.75929  120.97658  82.4%  25.7  438s
  2582  2099  124.53385   23 1037  687.75929  120.97658  82.4%  26.5  442s
  2583  2099  148.78562   23 1097  687.75929  124.53385  81.9%  26.6  447s
  2584  2100  130.56550   24  976  687.75929  124.53385  81.9%  27.7  452s
  2585  2101  147.84568   24 1036  687.75929  127.52684  81.5%  27.8  455s
  2587  2102  141.33705   25  915  687.75929  127.52684  81.5%  28.9  460s
  2591  2105  217.30630   27  853  687.75929  127.52684  81.5%  29.5  466s
  2650  2144  291.73864   57  360  687.75929  127.52684  81.5%  32.9  470s
  3081  2431  610.72810  272  353  687.75929  127.52684  81.5%  28.7  475s
  3208  2492  226.96854   22 1278  687.75929  127.52684  81.5%  28.0  481s
  3211  2494  153.25630   24 1096  687.75929  127.52684  81.5%  28.3  485s
  3217  2498  158.78688   27  913  687.75929  127.52684  81.5%  28.9  490s
  3480  2673  350.38151  158  538  687.75929  127.52684  81.5%  30.8  495s
  3903  2955  477.70502  370  529  687.75929  127.52684  81.5%  27.7  500s
  4441  3314  643.63660  639  520  687.75929  127.52684  81.5%  24.5  505s
  4668  3389  138.75165   24 1036  687.75929  127.56674  81.5%  26.6  510s
  4919  3557  344.50342  149  478  687.75929  127.56674  81.5%  27.8  515s
  5443  3906  550.33434  411  472  687.75929  127.56674  81.5%  25.3  520s
  5860  4164  129.82474   18 1402  687.75929  127.56674  81.5%  24.1  525s
  5868  4169  213.49359   22 1218  687.75929  127.56674  81.5%  25.2  530s
  5932  4212  260.68561   54  480  687.75929  127.56674  81.5%  27.5  535s
  6457  4562  505.03740  317  471  687.75929  127.56674  81.5%  25.4  540s
H 6986  4797                     686.0852961  127.56674  81.4%  23.6  544s
H 6986  4698                     686.0852951  127.56674  81.4%  23.6  545s
  7014  4686  162.60672   19 1401  686.08530  127.83429  81.4%  23.6  556s
  7021  4691  244.77998   22 1278  686.08530  127.83429  81.4%  24.3  560s
  7083  4732  269.24768   53  540  686.08530  127.83429  81.4%  26.4  565s
  7630  5097  493.42432  327  536  686.08530  127.83429  81.4%  24.7  570s
  8162  5452  648.31114  593  526  686.08530  127.83429  81.4%  23.2  575s
  8345  5592  170.06888   16 1584  686.08530  127.83429  81.4%  22.9  580s
  8349  5596  171.31453   18 1462  686.08530  127.83429  81.4%  23.4  585s
  8357  5604  174.23960   22 1218  686.08530  127.83429  81.4%  23.7  590s
  8368  5615  206.63352   27  973  686.08530  127.83429  81.4%  24.7  595s
  8632  5879  351.91753  159  538  686.08530  127.83429  81.4%  25.7  600s
  9138  6385  502.42279  412  530  686.08530  127.83429  81.4%  24.4  605s
  9723  6970  644.69668  705  518  686.08530  127.83429  81.4%  23.0  610s
 10070  7239  133.07689   18 1402  686.08530  131.60414  80.8%  23.5  615s
 10092  7261  169.67611   29  731  686.08530  131.60414  80.8%  24.9  620s
 10461  7630  389.61722  213  477  686.08530  131.60414  80.8%  25.0  625s
 10999  8168  568.86255  482  470  686.08530  131.60414  80.8%  23.9  630s
 11575  8706  685.31190  753  451  686.08530  131.60414  80.8%  22.7  635s
 11659  8770  259.45994   57  480  686.08530  131.60414  80.8%  24.3  640s
 12189  9300  500.27959  322  472  686.08530  131.60414  80.8%  23.4  645s
 12751  9838  162.56709   24 1096  686.08530  133.66780  80.5%  22.5  650s
 12982 10069  360.91659  140  537  686.08530  133.66780  80.5%  23.0  655s
 13529 10616  517.27791  350  533  686.08530  133.66780  80.5%  22.1  660s
 14068 11155  600.83953  488  528  686.08530  133.66780  80.5%  21.3  665s
 14637 11724  663.26393  621  518  686.08530  133.66780  80.5%  20.6  670s
 15214 12293  682.46820  657  517  686.08530  133.66780  80.5%  19.8  675s
 15361 12366  197.98887   31  669  686.08530  133.66780  80.5%  20.5  680s
 15791 12796  429.85403  223  532  686.08530  133.66780  80.5%  20.4  685s
 16287 13292  518.61515  405  523  686.08530  133.66780  80.5%  19.8  690s
 16842 13847  603.56682  569  511  686.08530  133.66780  80.5%  19.2  695s
 17377 14382  638.55709  668  503  686.08530  133.66780  80.5%  18.7  700s
 17944 14949  651.63585  712  493  686.08530  133.66780  80.5%  18.1  705s
 18491 15496  656.78885  731  491  686.08530  133.66780  80.5%  17.6  710s
 19019 16024  666.57109  770  487  686.08530  133.66780  80.5%  17.1  715s
 19508 16513  673.63904  811  482  686.08530  133.66780  80.5%  16.7  720s
 19884 16889  675.30201  828  484  686.08530  133.66780  80.5%  16.4  725s
 20252 17257  677.33307  843  482  686.08530  133.66780  80.5%  16.2  730s
 20622 17627  683.06847  890  481  686.08530  133.66780  80.5%  15.9  735s
 20866 17825  137.28911   15 1585  686.08530  134.90817  80.3%  16.4  741s
 20883 17842  193.16855   31  609  686.08530  134.90817  80.3%  17.1  745s
 21158 18117  386.20085  154  476  686.08530  134.90817  80.3%  17.1  750s
 21528 18487  505.56297  283  469  686.08530  134.90817  80.3%  16.8  755s
 21862 18821  581.84557  391  462  686.08530  134.90817  80.3%  16.6  760s
 22340 19299  650.53905  505  456  686.08530  134.90817  80.3%  16.3  765s
 22645 19556  206.00229   28  852  686.08530  134.90817  80.3%  16.4  770s
 22657 19568  261.73638   33  547  686.08530  134.90817  80.3%  16.9  775s
 23135 20046  477.12306  246  533  686.08530  134.90817  80.3%  16.6  780s
 23685 20596  623.23474  439  529  686.08530  134.90817  80.3%  16.2  785s
 24149 21028  142.79025   23 1097  686.08530  137.76393  79.9%  16.1  790s
 24337 21216  332.59613  112  478  686.08530  137.76393  79.9%  16.6  795s
 24898 21777  516.04439  332  462  686.08530  137.76393  79.9%  16.3  800s
 25432 22311  614.79581  467  455  686.08530  137.76393  79.9%  16.0  805s
 25955 22790  212.12290   16 1584  686.08530  139.44895  79.7%  15.7  810s
 26082 22917  357.91422   85  540  686.08530  139.44895  79.7%  16.2  815s
 26601 23436  513.54759  284  531  686.08530  139.44895  79.7%  16.0  820s
 27114 23949  611.30164  486  526  686.08530  139.44895  79.7%  15.7  825s
 27655 24490  661.70835  621  511  686.08530  139.44895  79.7%  15.4  830s
 28206 25041  676.30405  677  500  686.08530  139.44895  79.7%  15.1  835s
 28709 25456     cutoff  708       686.08530  139.44895  79.7%  14.9  840s
 28840 25497  313.69547   42  539  686.08530  139.81417  79.6%  15.5  845s
 29304 25961  473.41472  242  534  686.08530  139.81417  79.6%  15.3  850s
 29843 26500  585.34152  416  530  686.08530  139.81417  79.6%  15.0  855s
 30373 27030  655.84327  534  525  686.08530  139.81417  79.6%  14.8  860s
 30634 27229  234.68508   27  913  686.08530  140.67154  79.5%  15.1  865s
 30924 27519  434.58923  156  538  686.08530  140.67154  79.5%  15.4  870s
 31484 28079  575.62332  347  528  686.08530  140.67154  79.5%  15.1  875s
 32023 28618  628.35675  459  523  686.08530  140.67154  79.5%  14.9  880s
 32560 29115     cutoff  579       686.08530  140.67154  79.5%  14.7  885s
 32587 29126  301.04154   26 1034  686.08530  140.67154  79.5%  15.1  890s
 32871 29410  635.87437  310  535  686.08530  140.67154  79.5%  15.3  895s
 32979 29496  222.07607   31  669  686.08530  141.06543  79.4%  15.7  900s
 33490 30007  610.81877  542  538  686.08530  141.06543  79.4%  15.6  905s
 33661 30162  264.12967   32  608  686.08530  141.72251  79.3%  15.9  910s
 33964 30465  444.78548  184  538  686.08530  141.72251  79.3%  15.9  915s
 34517 31018  643.78685  460  533  686.08530  141.72251  79.3%  15.7  920s
 34785 31252  393.41710  110  540  686.08530  142.38136  79.2%  16.0  925s
 35244 31655  223.34559   26  974  686.08530  143.21551  79.1%  15.9  930s
 35586 31983  238.50475   30  730  686.08530  143.21849  79.1%  16.1  935s
 35921 32318  444.55877  184  537  686.08530  143.21849  79.1%  16.1  940s
 36466 32863  579.07606  367  529  686.08530  143.21849  79.1%  15.9  945s
 37007 33404  651.19762  490  526  686.08530  143.21849  79.1%  15.7  950s
 37498 33849  151.35196   23 1097  686.08530  143.21849  79.1%  15.6  955s
 37777 34112  683.45181  287  539  686.08530  143.21849  79.1%  15.8  960s
 38121 34444  566.04923  355  478  686.08530  143.22416  79.1%  15.9  965s
 38319 34626  332.97416   28  972  686.08530  143.96500  79.0%  16.0  970s
 38844 35137  228.73624   21 1279  686.08530  143.97410  79.0%  16.0  975s
 38871 35164  526.41017   34  846  686.08530  143.97410  79.0%  16.4  980s
 39105 35372  395.90094  123  540  686.08530  144.06665  79.0%  16.7  985s
 39624 35877  183.25111   32  548  686.08530  144.06665  79.0%  16.6  990s
H39880 26176                     640.1233795  144.06665  77.5%  16.5  992s
H39883 26165                     640.0204070  144.06665  77.5%  16.5  992s
 40196 26480  635.68058  604  396  640.02041  144.06665  77.5%  16.4  995s
 40638 26902  640.02020 1030  295  640.02041  144.06665  77.5%  16.5 1000s
 40880 27100  614.49208  226  360  640.02041  144.49023  77.4%  17.0 1005s
 41310 27518  634.23896  420  539  640.02041  144.88246  77.4%  17.0 1010s
 41788 27982  619.03636  485  531  640.02041  144.95208  77.4%  17.0 1015s
 41978 28152  477.14403  156  480  640.02041  145.23564  77.3%  17.3 1020s
 42283 28445  374.05978   98  537  640.02041  145.72170  77.2%  17.5 1025s
 42811 28973  532.41141  341  526  640.02041  145.72170  77.2%  17.3 1030s
 43320 29482  608.33981  510  521  640.02041  145.72170  77.2%  17.2 1035s
 43785 29867  225.05797   23 1157  640.02041  146.55024  77.1%  17.1 1040s
 44071 30141  221.64671   18 1462  640.02041  146.62009  77.1%  17.2 1045s
 44290 30360  627.39763  237  536  640.02041  146.62009  77.1%  17.4 1050s
 44335 30393  195.71475   30  670  640.02041  146.62009  77.1%  17.8 1055s
 44752 30784  255.05195   24 1156  640.02041  146.81609  77.1%  17.8 1060s
 45142 31148  224.06128   26  974  640.02041  147.75150  76.9%  17.9 1065s
 45447 31453  434.85156  179  535  640.02041  147.75150  76.9%  18.0 1070s
 45972 31978  595.39214  441  533  640.02041  147.75150  76.9%  17.8 1075s
 46275 32249  636.47152   71  417  640.02041  147.84568  76.9%  17.9 1080s
 46587 32547  606.99699  321  418  640.02041  147.84568  76.9%  18.1 1085s
 46952 32884  155.34780   24 1036  640.02041  148.45798  76.8%  18.1 1090s
 47254 33174  219.69591   17 1523  640.02041  148.63919  76.8%  18.3 1095s
 47454 33374  554.17353  217  479  640.02041  148.63919  76.8%  18.5 1100s
 47785 33693  392.36618  141  536  640.02041  148.78562  76.8%  18.7 1105s
 48302 34210  558.42001  381  531  640.02041  148.78562  76.8%  18.5 1110s
 48824 34692  157.63492   24 1036  640.02041  148.78562  76.8%  18.4 1115s
 49026 34882  195.41087   32  608  640.02041  148.99111  76.7%  18.6 1120s
 49504 35312  290.59084   30  910  640.02041  149.59504  76.6%  18.6 1125s
 49897 35679  235.73171   24 1096  640.02041  149.99289  76.6%  18.6 1130s
 50178 35948  232.48940   25 1035  640.02041  150.67197  76.5%  18.8 1135s
 50383 36133  228.72285   29  791  640.02041  150.89396  76.4%  19.0 1140s
 50718 36448  333.89890   28  972  640.02041  150.94564  76.4%  19.2 1145s
 50985 36693  305.31604   19 1461  640.02041  151.33501  76.4%  19.3 1150s
 51022 36719  614.76592   29 1091  640.02041  151.33501  76.4%  19.6 1155s
 51042 36734  332.44571   28  972  640.02041  151.33501  76.4%  19.9 1160s
 51254 36932  162.42526   22 1158  640.02041  151.51742  76.3%  20.1 1165s
 51566 37244  531.68260  334  479  640.02041  151.51742  76.3%  20.2 1170s
 51884 37540  341.92896  102  540  640.02041  152.98472  76.1%  20.3 1175s
 52368 38024  497.13846  322  526  640.02041  152.98472  76.1%  20.1 1180s
 52747 38403  537.36586  411  516  640.02041  152.98472  76.1%  20.0 1185s
 53248 38904  578.74880  506  511  640.02041  152.98472  76.1%  19.8 1190s
 53812 39468  628.20126  621  505  640.02041  152.98472  76.1%  19.6 1195s
 54012 39622  261.47280   29  791  640.02041  153.27881  76.1%  19.8 1200s
 54209 39799  325.02451   32  668  640.02041  153.31875  76.0%  20.0 1205s
 54682 40272  521.79670  269  472  640.02041  153.31875  76.0%  19.9 1210s
 55047 40601  251.34285   28  852  640.02041  153.67364  76.0%  20.0 1215s
 55415 40951  322.81602   33  607  640.02041  154.27353  75.9%  20.0 1220s
 55848 41344  247.24368   28  852  640.02041  155.01324  75.8%  20.0 1225s
 56228 41710  389.04257   21 1399  640.02041  155.01518  75.8%  20.0 1230s
 56369 41841  248.66887   25 1035  640.02041  155.68967  75.7%  20.3 1235s
 56728 42186  184.90033   25 1035  640.02041  155.90353  75.6%  20.3 1240s
 57039 42497  639.71357  336  537  640.02041  155.90353  75.6%  20.4 1245s
 57367 42789  358.73772   20 1460  640.02041  156.31935  75.6%  20.5 1250s
 57397 42809  233.41210   24 1096  640.02041  157.00129  75.5%  20.8 1255s
 57615 43027  444.23055  133  537  640.02041  157.00129  75.5%  21.0 1260s
 58127 43539  609.20118  372  530  640.02041  157.00129  75.5%  20.8 1265s
 58344 43720  421.93369   72  420  640.02041  157.07155  75.5%  21.0 1270s
 58495 43859  292.08979   35  545  640.02041  157.25198  75.4%  21.2 1275s
 58961 44311  233.74047   26 1034  640.02041  157.33381  75.4%  21.1 1280s
 59384 44712  237.18640   27  913  640.02041  157.48129  75.4%  21.1 1285s
 59671 44977  389.15230   33  727  640.02041  157.49016  75.4%  21.2 1290s
 60129 45421  229.41560   15 1645  640.02041  157.59393  75.4%  21.1 1295s
 60230 45522  412.98807  116  480  640.02041  157.59393  75.4%  21.3 1300s
 60608 45878  424.07649  104  540  640.02041  157.64183  75.4%  21.3 1305s
 60960 46216  296.63808   59  420  640.02041  157.88493  75.3%  21.3 1310s
 61490 46724  538.55447  276  600  640.02041  158.06951  75.3%  21.3 1315s
 61875 47095  406.15352  140  475  640.02041  158.37884  75.3%  21.3 1320s
 62428 47648  570.14068  417  464  640.02041  158.37884  75.3%  21.1 1325s
 62736 47920  289.33072   36  544  640.02041  158.64525  75.2%  21.2 1330s
 63115 48299  458.97742  222  595  640.02041  158.64525  75.2%  21.1 1335s
 63661 48845  555.71605  426  585  640.02041  158.64525  75.2%  21.0 1340s
 64166 49350  598.39037  538  583  640.02041  158.64525  75.2%  20.8 1345s
 64706 49882  637.55646  638  574  640.02041  158.64525  75.2%  20.6 1350s
 64774 49904  532.91814   26 1274  640.02041  158.96358  75.2%  20.8 1355s
 64798 49917  165.88101   20 1280  640.02041  158.96358  75.2%  21.1 1360s
 65061 50180  541.56262  283  480  640.02041  158.96358  75.2%  21.2 1365s
 65229 50328  258.21026   33  547  640.02041  159.39552  75.1%  21.3 1370s
 65600 50685  309.32928   34  486  640.02041  159.57749  75.1%  21.4 1375s
 66047 51116  451.68869  129  480  640.02041  159.66969  75.1%  21.4 1380s
 66274 51321  360.61725   41  480  640.02041  160.25542  75.0%  21.5 1385s
 66573 51608  261.68518   30  790  640.02041  160.33643  74.9%  21.5 1390s
 66872 51895  209.21926   26  974  640.02041  160.56528  74.9%  21.6 1395s
 67277 52300  612.32747  431  477  640.02041  160.56528  74.9%  21.6 1400s
 67438 52443  394.01296  132  480  640.02041  160.56528  74.9%  21.8 1405s
 67739 52730  291.55744   37  483  640.02041  160.57576  74.9%  21.9 1410s
 68113 53090  270.67069   30  790  640.02041  160.79814  74.9%  21.9 1415s
 68512 53489  469.46174  219  533  640.02041  160.79814  74.9%  21.9 1420s
 69015 53992  608.67744  432  529  640.02041  160.79814  74.9%  21.7 1425s
 69307 54256  339.67659   33  667  640.02041  160.88010  74.9%  21.8 1430s
 69571 54508  257.92614   28  852  640.02041  160.95220  74.9%  21.9 1435s
 69924 54847  243.99574   28  912  640.02041  161.02709  74.8%  21.9 1440s
 70250 55147  235.46065   18 1462  640.02041  161.41905  74.8%  21.9 1445s
 70465 55362  535.84103  233  480  640.02041  161.41905  74.8%  22.1 1450s
 70801 55684  555.92149  207  480  640.02041  161.55096  74.8%  22.2 1455s
 71285 56156  585.53228  419  540  640.02041  161.65472  74.7%  22.1 1460s
 71633 56490  410.88662  144  538  640.02041  161.93669  74.7%  22.1 1465s
 72141 56998  594.68456  398  528  640.02041  161.93669  74.7%  22.0 1470s
 72358 57185  271.69370   29  791  640.02041  161.93825  74.7%  22.1 1475s
 72739 57550  382.08920   25 1215  640.02041  162.09822  74.7%  22.1 1480s
 73100 57911  616.88343  386  660  640.02041  162.09822  74.7%  22.1 1485s
 73543 58340  606.86532  387  535  640.02041  162.15454  74.7%  22.1 1490s
 73680 58463  276.03184   29  851  640.02041  162.52899  74.6%  22.3 1495s
 73868 58651  404.63381   94  539  640.02041  162.52899  74.6%  22.5 1500s
 74403 59186  573.19138  327  529  640.02041  162.52899  74.6%  22.3 1505s
 74920 59673  240.19409   20 1400  640.02041  162.56151  74.6%  22.2 1510s
 75272 60025  600.54271  372  540  640.02041  162.56151  74.6%  22.3 1515s
 75736 60457  193.12880   29  851  640.02041  162.70867  74.6%  22.2 1520s
 76215 60936  552.28283  508  535  640.02041  162.70867  74.6%  22.2 1525s
 76572 61239  411.09772  135  600  640.02041  162.74803  74.6%  22.2 1530s
 77056 61709  302.58621   25 1095  640.02041  162.85893  74.6%  22.1 1535s
 77094 61747  480.84151   39  481  640.02041  162.85893  74.6%  22.4 1540s
 77451 62088  589.80424  244  479  640.02041  163.02638  74.5%  22.4 1545s
 77860 62455  239.05675   19 1401  640.02041  163.37568  74.5%  22.4 1550s
 77981 62576  491.84255  140  540  640.02041  163.37568  74.5%  22.5 1555s
 78237 62816  274.03755   31  669  640.02041  163.39252  74.5%  22.6 1560s
 78670 63227  260.30418   33  607  640.02041  163.60234  74.4%  22.6 1565s
 79075 63632  618.86527  438  539  640.02041  163.60234  74.4%  22.5 1570s
 79538 64081  447.18988  217  474  640.02041  163.84446  74.4%  22.5 1575s
 80049 64592  583.60666  415  466  640.02041  163.84446  74.4%  22.3 1580s
 80448 64961  233.50602   19 1461  640.02041  163.88873  74.4%  22.3 1585s
 80750 65263  635.23472  321  540  640.02041  163.88873  74.4%  22.3 1590s
 81128 65599  231.27681   27  913  640.02041  164.16927  74.3%  22.3 1595s
 81376 65825  253.40735   28  912  640.02041  165.05868  74.2%  22.5 1600s
 81550 65999  392.36649  115  537  640.02041  165.05868  74.2%  22.6 1605s
 82030 66479  526.08010  355  525  640.02041  165.05868  74.2%  22.4 1610s
 82556 66981  241.76559   27  973  640.02041  165.15226  74.2%  22.3 1615s
 82973 67364  237.63299   26 1034  640.02041  165.56303  74.1%  22.3 1620s
 83368 67741  240.86470   28  912  640.02041  165.88719  74.1%  22.3 1625s
 83648 68021  602.39905  126  635  640.02041  165.88719  74.1%  22.3 1630s
 83943 68294  495.35252  239  540  640.02041  165.99781  74.1%  22.4 1635s
 84417 68730  595.25173  245  530  640.02041  166.39954  74.0%  22.3 1640s
 84709 69004  495.60071  225  540  640.02041  166.41816  74.0%  22.4 1645s
 84987 69254  318.50527   43  540  640.02041  166.42090  74.0%  22.4 1650s
 85491 69758  521.28348  280  536  640.02041  166.42090  74.0%  22.3 1655s
 86018 70285  627.00586  445  521  640.02041  166.42090  74.0%  22.2 1660s
 86172 70385  243.16380   24 1096  640.02041  166.48622  74.0%  22.1 1665s
 86312 70525  448.91386  164  479  640.02041  166.48622  74.0%  22.3 1670s
 86781 70980  527.37873  215  480  640.02041  166.53691  74.0%  22.2 1675s
 87214 71397  505.56281  320  540  640.02041  167.03044  73.9%  22.2 1680s
 87794 71963  502.04740  359  600  640.02041  167.14799  73.9%  22.1 1685s
 88351 72504  594.08837  290  476  640.02041  167.15600  73.9%  22.0 1690s
 88801 72940  579.17282  408  598  640.02041  167.18640  73.9%  22.0 1695s
 89316 73441  567.74198  398  540  640.02041  167.22902  73.9%  21.9 1700s
 89686 73769  385.96256   31  849  640.02041  167.61305  73.8%  21.9 1705s
 89819 73880  263.06911   30  730  640.02041  167.79511  73.8%  22.1 1710s
 90106 74155  233.91916   32  668  640.02041  168.09923  73.7%  22.1 1715s
 90432 74481  441.32569  195  536  640.02041  168.09923  73.7%  22.1 1720s
 90934 74983  571.96990  406  525  640.02041  168.09923  73.7%  22.0 1725s
 91486 75535  622.48872  497  518  640.02041  168.09923  73.7%  21.9 1730s
 92004 76003  245.92193   22 1218  640.02041  168.49329  73.7%  21.8 1735s
 92251 76238  242.27543   22 1218  640.02041  168.50381  73.7%  21.8 1740s
 92527 76502  201.26906   29  851  640.02041  168.63493  73.7%  21.9 1745s
 93051 77026  581.24283  553  531  640.02041  168.63493  73.7%  21.8 1750s
 93434 77353  511.86645  245  540  640.02041  169.04872  73.6%  21.8 1755s
 93773 77666  482.96695  151  540  640.02041  169.12151  73.6%  21.8 1760s
 94039 77896  374.36242   28 1032  640.02041  169.60186  73.5%  21.9 1765s
 94352 78197  319.72531   66  534  640.02041  169.64820  73.5%  21.9 1770s
 94788 78601  227.31883   33  607  640.02041  169.73960  73.5%  21.9 1775s
 95429 79222  639.92837  656  530  640.02041  169.73960  73.5%  21.8 1780s
 95692 79423  505.06884  226  540  640.02041  170.06440  73.4%  21.9 1785s
 96190 79891  393.31960  164  477  640.02041  170.15872  73.4%  21.8 1790s
 96714 80415  550.50743  370  470  640.02041  170.15872  73.4%  21.7 1795s
 97232 80895  242.52695   19 1401  640.02041  170.31347  73.4%  21.6 1800s
 97397 81060  531.39866  184  479  640.02041  170.31347  73.4%  21.7 1805s
 97814 81451  238.80040   29  791  640.02041  170.37875  73.4%  21.7 1810s
 98281 81904  372.35443   82  480  640.02041  170.61926  73.3%  21.7 1815s
 98683 82294  407.37828  185  478  640.02041  170.92888  73.3%  21.7 1820s
 99139 82734  389.01524  125  539  640.02041  171.13240  73.3%  21.7 1825s
 99667 83248  442.50979  162  540  640.02041  171.17379  73.3%  21.6 1830s
 100200 83767  474.24414  285  600  640.02041  171.31577  73.2%  21.5 1835s
 100666 84211  265.10275   61  480  640.02041  171.32403  73.2%  21.5 1840s
 101182 84727  516.56693  319  472  640.02041  171.32403  73.2%  21.4 1845s
 101650 85165  300.64881   37  483  640.02041  171.48667  73.2%  21.4 1850s
 102037 85532  288.40536   48  539  640.02041  171.71061  73.2%  21.4 1855s
 102523 86018  488.37667  286  534  640.02041  171.71061  73.2%  21.3 1860s
 103022 86517  575.44561  429  529  640.02041  171.71061  73.2%  21.2 1865s
 103471 86916  268.08335   33  607  640.02041  171.84003  73.2%  21.2 1870s
 103894 87325  318.38538   30  850  640.02041  171.93871  73.1%  21.1 1875s
 104020 87427  314.36375   32  728  640.02041  172.34008  73.1%  21.3 1880s
 104429 87822  286.25062   32  608  640.02041  172.35841  73.1%  21.3 1885s
 104774 88155  517.03841  108  359  640.02041  172.42076  73.1%  21.3 1890s
 105121 88488  558.16535  261  479  640.02041  172.51141  73.0%  21.3 1895s
 105653 89006  625.05251  445  594  640.02041  172.97262  73.0%  21.2 1900s
 105892 89229  476.71321  176  540  640.02041  173.30496  72.9%  21.3 1905s
 106183 89480  334.07280   34  546  640.02041  173.48085  72.9%  21.3 1910s
 106669 89954  586.57976  279  480  640.02041  173.84916  72.8%  21.3 1915s
 107037 90308  347.17727  174  534  640.02041  173.99942  72.8%  21.3 1920s
 107486 90757  461.62600  390  526  640.02041  173.99942  72.8%  21.2 1925s
 107884 91155  531.78660  547  516  640.02041  173.99942  72.8%  21.1 1930s
 108360 91631  560.16414  634  505  640.02041  173.99942  72.8%  21.0 1935s
H108673 82323                     619.4662687  173.99942  71.9%  21.0 1938s
H108676 82304                     619.3814316  173.99942  71.9%  21.0 1939s
H108679 82242                     619.2152209  173.99942  71.9%  21.0 1939s
H108679 82239                     619.2055980  173.99942  71.9%  21.0 1939s
 108688 82250  564.99073  654  501  619.20560  173.99942  71.9%  21.0 1940s
 109177 82739  568.54195  667  500  619.20560  173.99942  71.9%  20.9 1945s
 109648 83210  576.03222  707  493  619.20560  173.99942  71.9%  20.8 1950s
 109932 83494  579.99402  730  489  619.20560  173.99942  71.9%  20.7 1955s
 110405 83967  585.87426  769  488  619.20560  173.99942  71.9%  20.7 1960s
 110815 84377  592.15384  814  486  619.20560  173.99942  71.9%  20.6 1965s
 111252 84814  597.59295  860  480  619.20560  173.99942  71.9%  20.5 1970s
 111670 85232  604.25159  925  479  619.20560  173.99942  71.9%  20.4 1975s
 112120 85682  608.91292  981  479  619.20560  173.99942  71.9%  20.4 1980s
 112575 86133  613.09010 1072  480  619.20560  173.99942  71.9%  20.3 1985s
 113015 86565  615.32540 1124  474  619.20560  173.99942  71.9%  20.2 1990s
 113464 87014  615.76352 1157  473  619.20560  173.99942  71.9%  20.1 1995s
 113854 87404  615.93724 1170  470  619.20560  173.99942  71.9%  20.1 2000s
 114300 87850  616.38278 1195  467  619.20560  173.99942  71.9%  20.0 2005s
 114703 88253  616.29264 1208  465  619.20560  173.99942  71.9%  19.9 2010s
 115060 88610  616.47044 1221  462  619.20560  173.99942  71.9%  19.9 2015s
 115435 88985  616.54028 1228  462  619.20560  173.99942  71.9%  19.8 2020s
 115785 89335  616.63993 1235  459  619.20560  173.99942  71.9%  19.7 2025s
 116137 89687  616.73502 1240  455  619.20560  173.99942  71.9%  19.7 2030s
 116443 89993  616.78066 1245  455  619.20560  173.99942  71.9%  19.6 2035s
 116737 90287  616.84674 1249  456  619.20560  173.99942  71.9%  19.6 2040s
 117050 90600  616.95873 1256  456  619.20560  173.99942  71.9%  19.5 2045s
 117322 90872  617.32668 1275  453  619.20560  173.99942  71.9%  19.5 2050s
 117599 91149  617.44093 1284  452  619.20560  173.99942  71.9%  19.5 2055s
 117868 91418  617.48037 1287  451  619.20560  173.99942  71.9%  19.4 2060s
 118137 91687  617.54129 1292  452  619.20560  173.99942  71.9%  19.4 2065s
 118412 91962  617.59227 1297  451  619.20560  173.99942  71.9%  19.3 2070s
 118681 92231  617.62229 1300  452  619.20560  173.99942  71.9%  19.3 2075s
 118953 92503  617.66156 1302  449  619.20560  173.99942  71.9%  19.2 2080s
 119231 92781  617.67069 1303  449  619.20560  173.99942  71.9%  19.2 2085s
 119529 93079  617.69358 1307  449  619.20560  173.99942  71.9%  19.2 2090s
 119788 93338  617.74633 1311  451  619.20560  173.99942  71.9%  19.1 2095s
 120061 93611  617.76502 1313  450  619.20560  173.99942  71.9%  19.1 2100s
 120338 93888  617.78847 1316  451  619.20560  173.99942  71.9%  19.0 2105s
 120618 94168  617.80336 1318  450  619.20560  173.99942  71.9%  19.0 2110s
 120875 94425  617.83535 1319  450  619.20560  173.99942  71.9%  19.0 2115s
 121099 94649  618.02497 1321  446  619.20560  173.99942  71.9%  18.9 2120s
 121286 94836  618.51215 1325  449  619.20560  173.99942  71.9%  18.9 2125s
 121518 95068  618.00116 1330  447  619.20560  173.99942  71.9%  18.9 2130s
 121774 95324  618.05124 1336  445  619.20560  173.99942  71.9%  18.8 2135s
 122020 95570  618.09491 1338  445  619.20560  173.99942  71.9%  18.8 2140s
 122273 95823  618.12409 1344  443  619.20560  173.99942  71.9%  18.8 2145s
 122524 96074  618.14777 1346  441  619.20560  173.99942  71.9%  18.7 2150s
 122791 96341  618.17527 1350  442  619.20560  173.99942  71.9%  18.7 2155s
 123055 96605  618.20884 1352  441  619.20560  173.99942  71.9%  18.6 2160s
 123320 96870  618.20171 1352  442  619.20560  173.99942  71.9%  18.6 2165s
 123582 97132  618.22540 1356  442  619.20560  173.99942  71.9%  18.6 2170s
 123842 97392  618.26118 1361  442  619.20560  173.99942  71.9%  18.5 2175s
 124117 97667  618.36592 1366  440  619.20560  173.99942  71.9%  18.5 2180s
 124398 97948  618.40197 1367  438  619.20560  173.99942  71.9%  18.5 2185s
 124648 98198  618.48160 1374  442  619.20560  173.99942  71.9%  18.4 2190s
 124938 98488  618.60094 1385  440  619.20560  173.99942  71.9%  18.4 2195s
 125252 98802  618.63622 1391  442  619.20560  173.99942  71.9%  18.3 2200s
 125509 99059  618.66125 1392  438  619.20560  173.99942  71.9%  18.3 2205s
 125774 99324  618.68459 1396  441  619.20560  173.99942  71.9%  18.3 2210s
 126073 99623  618.70693 1399  441  619.20560  173.99942  71.9%  18.2 2215s
 126360 99910  618.73335 1402  440  619.20560  173.99942  71.9%  18.2 2220s
 126617 100167  618.76158 1403  437  619.20560  173.99942  71.9%  18.1 2225s
 126912 100462  618.76765 1405  438  619.20560  173.99942  71.9%  18.1 2230s
 127184 100734  618.80181 1410  441  619.20560  173.99942  71.9%  18.1 2235s
 127465 101015  618.79935 1412  440  619.20560  173.99942  71.9%  18.0 2240s
 127743 101293  618.82158 1413  440  619.20560  173.99942  71.9%  18.0 2245s
 128040 101590  618.87975 1425  439  619.20560  173.99942  71.9%  18.0 2250s
 128319 101869  618.90352 1426  437  619.20560  173.99942  71.9%  17.9 2255s
 128604 102154  618.91748 1430  439  619.20560  173.99942  71.9%  17.9 2260s
 128880 102430  618.93494 1433  439  619.20560  173.99942  71.9%  17.8 2265s
 129168 102718  618.96097 1437  436  619.20560  173.99942  71.9%  17.8 2270s
 129422 102972  618.99361 1440  436  619.20560  173.99942  71.9%  17.8 2275s
 129665 103215  619.04228 1447  434  619.20560  173.99942  71.9%  17.8 2280s
 129888 103386  619.11681 1456  434  619.20560  173.99942  71.9%  17.8 2285s
 130035 103533  619.13840 1458  433  619.20560  173.99942  71.9%  17.8 2290s
 130183 103681  619.16477 1463  433  619.20560  173.99942  71.9%  17.8 2295s
 130352 103850  619.18382 1465  434  619.20560  173.99942  71.9%  17.8 2300s
 130566 104064  619.19095 1465  431  619.20560  173.99942  71.9%  17.8 2305s
 130651 104149  619.20304 1466  431  619.20560  173.99942  71.9%  18.6 2310s
 130762 104260  619.19905 1466  431  619.20560  173.99942  71.9%  19.1 2315s
 130837 104329  619.20179 1467  432  619.20560  173.99942  71.9%  20.1 2320s
 130993 104249  209.25989   29  791  619.20560  174.25824  71.9%  21.0 2325s
 131316 104560  324.63703   49  540  619.20560  174.34031  71.8%  21.1 2330s
 131711 104927  366.05221   58  600  619.20560  174.60850  71.8%  21.1 2335s
 132157 105359  476.62126   26 1214  619.20560  174.71004  71.8%  21.0 2340s
 132179 105381  488.80370   32  968  619.20560  174.71004  71.8%  21.1 2345s
 132506 105684  446.56827  245  540  619.20560  174.97214  71.7%  21.2 2350s
 132820 105974  272.20306   29  791  619.20560  175.02162  71.7%  21.2 2355s
 133088 106242  483.25005  163  537  619.20560  175.02162  71.7%  21.2 2360s
 133517 106649  368.05901  111  539  619.20560  175.35117  71.7%  21.2 2365s
 133953 107071  304.49921   99  479  619.20560  175.39250  71.7%  21.1 2370s
 134429 107533  262.39198   28  852  619.20560  175.50533  71.7%  21.1 2375s
 134697 107789  374.02861   63  600  619.20560  175.70324  71.6%  21.2 2380s
 135115 108193  308.57175   76  480  619.20560  175.76530  71.6%  21.1 2385s
 135583 108661  488.29393  240  475  619.20560  175.76530  71.6%  21.1 2390s
 136046 109124  607.72261  381  469  619.20560  175.76530  71.6%  21.0 2395s
 136474 109494  524.26951  274  540  619.20560  175.96447  71.6%  21.0 2400s
 136877 109871  326.08224   33  607  619.20560  176.21225  71.5%  21.0 2405s
 137165 110147  288.23776   36  544  619.20560  176.27073  71.5%  21.0 2410s
 137580 110532  367.08793   28 1032  619.20560  176.40948  71.5%  20.9 2415s
 137814 110752  503.86991  221  656  619.20560  176.41596  71.5%  20.9 2420s
 138112 111036  395.92574   97  540  619.20560  176.46432  71.5%  21.0 2425s
 138461 111371  428.44794  100  480  619.20560  176.54426  71.5%  21.0 2430s
 138974 111872  607.52851  358  540  619.20560  176.68861  71.5%  20.9 2435s
 139252 112136  555.56371  266  539  619.20560  177.10109  71.4%  21.0 2440s
 139583 112445  463.70010  136  476  619.20560  177.38371  71.4%  21.0 2445s
 140065 112919  617.84729  301  471  619.20560  177.38371  71.4%  20.9 2450s
 140390 113208  237.77795   33  667  619.20560  177.54533  71.3%  21.0 2455s
 140924 113742  608.77032  567  587  619.20560  177.54533  71.3%  20.9 2460s
 140988 113784  270.48471   29  851  619.20560  178.37272  71.2%  21.0 2465s
 141239 114035  472.30409  154  537  619.20560  178.37272  71.2%  21.0 2470s
 141691 114485  616.65759  380  530  619.20560  178.37272  71.2%  21.0 2475s
 142045 114825  592.57476  364  538  619.20560  178.89307  71.1%  21.0 2480s
 142485 115221     cutoff  391       619.20560  179.38694  71.0%  21.0 2485s
 142756 115468  203.27351   30  730  619.20560  179.52623  71.0%  21.0 2490s
 143161 115859  399.86728   44  298  619.20560  179.65760  71.0%  21.0 2495s
 143291 115959  310.76279   32  728  619.20560  179.68386  71.0%  21.0 2500s
 143755 116423  617.60940  496  585  619.20560  179.68386  71.0%  21.0 2505s
 144143 116783  336.50377   64  539  619.20560  179.88804  70.9%  21.0 2510s
 144568 117208  506.56685  261  537  619.20560  179.88804  70.9%  20.9 2515s
 145020 117660  606.88175  408  530  619.20560  179.88804  70.9%  20.9 2520s
 145330 117942  497.32359  216  540  619.20560  179.97599  70.9%  20.9 2525s
 145530 118114  275.57255   28  912  619.20560  180.01200  70.9%  20.9 2530s
 145917 118501  593.05307  415  536  619.20560  180.01200  70.9%  20.9 2535s
 146446 119016  557.09915  509  596  619.20560  180.01431  70.9%  20.9 2540s
 146975 119529  531.58581  412  538  619.20560  180.06156  70.9%  20.8 2545s
 147480 120020  555.86973  364  594  619.20560  180.14056  70.9%  20.7 2550s
 147972 120496  550.22461  363  477  619.20560  180.26501  70.9%  20.7 2555s
 148440 120908  247.74739   21 1339  619.20560  180.32616  70.9%  20.7 2560s
 148671 121139  534.43243  252  540  619.20560  180.32616  70.9%  20.7 2565s
 148825 121261  437.04102   32  788  619.20560  180.86315  70.8%  20.8 2570s
 149115 121539  332.01967   38  662  619.20560  181.16231  70.7%  20.8 2575s
 149420 121828  284.39551   62  600  619.20560  181.19702  70.7%  20.8 2580s
 149830 122238  432.14896  257  595  619.20560  181.19702  70.7%  20.8 2585s
 150282 122690  526.63748  431  589  619.20560  181.19702  70.7%  20.7 2590s
 150698 123106  561.58570  505  585  619.20560  181.19702  70.7%  20.7 2595s
 151150 123558  606.82785  600  582  619.20560  181.19702  70.7%  20.6 2600s
 151573 123949  434.46674  226  537  619.20560  181.55377  70.7%  20.6 2605s
 151970 124332  373.78366   98  480  619.20560  181.92538  70.6%  20.5 2610s
 152428 124776  486.14791  194  480  619.20560  182.04019  70.6%  20.5 2615s
 152926 125260  596.42379  366  478  619.20560  182.22660  70.6%  20.5 2620s
 153291 125589  543.12405  332  539  619.20560  182.31835  70.6%  20.5 2625s
 153805 126089  561.51636  429  537  619.20560  182.57164  70.5%  20.4 2630s
 153993 126257  353.62172   57  540  619.20560  182.83775  70.5%  20.5 2635s
 154391 126641  254.49373   26 1034  619.20560  183.16502  70.4%  20.5 2640s
 154752 127002  536.54890  387  637  619.20560  183.16502  70.4%  20.5 2645s
 154995 127231  300.63764   33  607  619.20560  183.35652  70.4%  20.5 2650s
 155485 127707  415.81072  164  480  619.20560  183.40290  70.4%  20.5 2655s
 155853 128061  333.28828   74  599  619.20560  183.43747  70.4%  20.5 2660s
 156291 128499  484.40322  284  591  619.20560  183.43747  70.4%  20.4 2665s
 156719 128927  548.85872  418  583  619.20560  183.43747  70.4%  20.4 2670s
 157192 129400  597.76840  521  580  619.20560  183.43747  70.4%  20.3 2675s
 157639 129815  616.80185  579  580  619.20560  183.43747  70.4%  20.2 2680s
 157900 130032  404.21603  183  480  619.20560  183.51313  70.4%  20.3 2685s
 158477 130567  588.77460  280  540  619.20560  183.66862  70.3%  20.2 2690s
 158536 130614  318.46457   34  666  619.20560  183.73065  70.3%  20.3 2695s
 159069 131147  599.23646  567  629  619.20560  183.73065  70.3%  20.2 2700s
 159534 131598  546.47576  432  659  619.20560  183.75230  70.3%  20.2 2705s
 160004 132054  480.11020  328  476  619.20560  184.22463  70.2%  20.2 2710s
 160390 132412  439.61406  175  540  619.20560  184.24123  70.2%  20.1 2715s
 160808 132808  336.69454  115  540  619.20560  184.25525  70.2%  20.1 2720s
 161258 133258  487.33855  340  533  619.20560  184.25525  70.2%  20.1 2725s
 161742 133742  609.80620  582  527  619.20560  184.25525  70.2%  20.0 2730s
 162193 134171  570.53114  402  597  619.20560  184.35445  70.2%  20.0 2735s
 162710 134664  547.67947  443  536  619.20560  184.38329  70.2%  20.0 2740s
 163092 135032  352.12268  141  598  619.20560  184.59933  70.2%  20.0 2745s
 163508 135448  472.30396  335  591  619.20560  184.59933  70.2%  19.9 2750s
 163951 135891  538.86478  448  586  619.20560  184.59933  70.2%  19.9 2755s
 164427 136367  576.24507  542  585  619.20560  184.59933  70.2%  19.8 2760s
 164875 136815  610.06362  628  580  619.20560  184.59933  70.2%  19.8 2765s
 165256 137154  482.62475  261  540  619.20560  184.68045  70.2%  19.8 2770s
 165539 137423  302.04762   89  540  619.20560  184.79372  70.2%  19.8 2775s
 166106 137974  618.51831  641  527  619.20560  184.79372  70.2%  19.7 2780s
 166433 138289  583.67056  144  462  619.20560  184.90549  70.1%  19.7 2785s
 166588 138410  460.83659   95  420  619.20560  184.91802  70.1%  19.8 2790s
 167104 138914  606.73309  366  539  619.20560  185.20958  70.1%  19.7 2795s
 167555 139337  231.81947   34  546  619.20560  185.30741  70.1%  19.7 2800s
 168040 139808  226.08341   28  912  619.20560  185.34047  70.1%  19.7 2805s
 168380 140114  240.23522   32  668  619.20560  185.42946  70.1%  19.7 2810s
 168873 140607  618.70251  525  529  619.20560  185.42946  70.1%  19.7 2815s
 169083 140793  494.09485  213  658  619.20560  185.78507  70.0%  19.7 2820s
 169409 141105  280.46318   30  790  619.20560  185.96741  70.0%  19.7 2825s
 169639 141335  438.22150  140  598  619.20560  185.96741  70.0%  19.8 2830s
 170056 141752  563.72605  335  592  619.20560  185.96741  70.0%  19.7 2835s
 170460 142126  618.94205  446  589  619.20560  185.96741  70.0%  19.7 2840s
 170611 142259  467.88524  162  660  619.20560  186.05481  70.0%  19.7 2845s
 171140 142774  502.42402  262  419  619.20560  186.64388  69.9%  19.7 2850s
 171609 143227  611.62337  357  475  619.20560  186.72645  69.8%  19.6 2855s
 171986 143578     cutoff  381       619.20560  186.76063  69.8%  19.7 2860s
 172272 143826  463.96267  199  480  619.20560  187.30656  69.8%  19.7 2865s
 172810 144324  214.69454   34  486  619.20560  187.48190  69.7%  19.6 2870s
 173285 144785  325.84212  110  540  619.20560  187.66469  69.7%  19.6 2875s
 173779 145259  272.95350   46  540  619.20560  187.69168  69.7%  19.6 2880s
 174247 145713  255.29166   47  540  619.20560  187.80837  69.7%  19.6 2885s
 174651 146117  416.22073  230  532  619.20560  187.80837  69.7%  19.5 2890s
 175060 146526  517.28308  394  526  619.20560  187.80837  69.7%  19.5 2895s
 175490 146956  571.75561  511  523  619.20560  187.80837  69.7%  19.4 2900s
 175957 147333  237.77923   30  790  619.20560  188.13093  69.6%  19.4 2905s
 176324 147676  268.37645   24 1156  619.20560  188.28602  69.6%  19.4 2910s
 176547 147899  531.95466  247  598  619.20560  188.28602  69.6%  19.4 2915s
 176993 148331  543.81916  332  540  619.20560  188.30465  69.6%  19.4 2920s
 177495 148819  591.04570  418  476  619.20560  188.45223  69.6%  19.4 2925s
 177707 149017  444.61014  180  540  619.20560  188.78658  69.5%  19.4 2930s
 178176 149472  487.75267  261  595  619.20560  189.02616  69.5%  19.4 2935s
 178474 149756  437.37859   30  910  619.20560  189.11184  69.5%  19.4 2940s
 178504 149782  453.64739   31  909  619.20560  189.11184  69.5%  19.5 2945s
 178618 149896  549.36454   55  534  619.20560  189.11184  69.5%  19.6 2950s
 178992 150236  440.91796  286  598  619.20560  189.11247  69.5%  19.6 2955s
 179413 150641  258.25792   29  851  619.20560  189.16426  69.5%  19.6 2960s
 179755 150969  273.80950   30  730  619.20560  189.31870  69.4%  19.6 2965s
 180072 151272  226.62261   30  790  619.20560  189.34041  69.4%  19.6 2970s
 180378 151578  371.90297  182  532  619.20560  189.34041  69.4%  19.6 2975s
 180753 151953  471.82032  341  523  619.20560  189.34041  69.4%  19.6 2980s
 181190 152390  567.20797  517  517  619.20560  189.34041  69.4%  19.5 2985s
 181608 152808  612.84029  613  510  619.20560  189.34041  69.4%  19.5 2990s
 182049 153217  591.99358  365  415  619.20560  189.41581  69.4%  19.5 2995s
 182504 153618  601.67431  400  534  619.20560  189.56832  69.4%  19.4 3000s
 182837 153911  408.82863  217  540  619.20560  190.13131  69.3%  19.4 3005s
 183380 154440  359.55306  170  538  619.20560  190.26971  69.3%  19.4 3010s
 183806 154848  276.86208   30  790  619.20560  190.27089  69.3%  19.4 3015s
 184144 155172  276.03174   27  973  619.20560  190.28222  69.3%  19.4 3020s
 184479 155507  611.58123  362  479  619.20560  190.28222  69.3%  19.4 3025s
 184870 155856  275.14464   68  540  619.20560  190.50168  69.2%  19.4 3030s
 185327 156299  227.18554   31  729  619.20560  190.74194  69.2%  19.4 3035s
 185768 156726  273.20202   25 1095  619.20560  190.93322  69.2%  19.3 3040s
 185915 156873  419.08111  101  599  619.20560  190.93322  69.2%  19.4 3045s
 186332 157290  521.77391  283  590  619.20560  190.93322  69.2%  19.4 3050s
 186729 157687  587.95454  440  585  619.20560  190.93322  69.2%  19.3 3055s
 186938 157864  270.50037   26 1034  619.20560  190.98096  69.2%  19.4 3060s
 187227 158153  547.20213  315  536  619.20560  190.98096  69.2%  19.4 3065s
 187362 158274  360.10472   36  604  619.20560  191.06083  69.1%  19.4 3070s
 187858 158758  482.27712  254  480  619.20560  191.09321  69.1%  19.4 3075s
 188326 159200  269.11205   25 1095  619.20560  191.41776  69.1%  19.4 3080s
 188667 159541  554.82893  366  654  619.20560  191.41776  69.1%  19.4 3085s
 189137 159991  529.22139  341  600  619.20560  191.44225  69.1%  19.4 3090s
 189517 160357  513.62632  222  540  619.20560  191.64631  69.0%  19.3 3095s
 190048 160874  588.98859  420  539  619.20560  191.67728  69.0%  19.3 3100s
 190221 161033  487.16076  138  540  619.20560  191.76380  69.0%  19.4 3105s
 190389 161189  317.96938   34  546  619.20560  191.81367  69.0%  19.4 3110s
 190773 161573  517.74426  226  533  619.20560  191.81367  69.0%  19.4 3115s
 191188 161960  247.51233   36  484  619.20560  191.97785  69.0%  19.4 3120s
 191592 162364  429.29761  226  533  619.20560  191.97785  69.0%  19.3 3125s
 192031 162803  519.07224  366  521  619.20560  191.97785  69.0%  19.3 3130s
 192483 163255  557.89286  452  520  619.20560  191.97785  69.0%  19.2 3135s
 192956 163728  596.55565  541  517  619.20560  191.97785  69.0%  19.2 3140s
 193464 164176  584.94988  293  479  619.20560  191.99138  69.0%  19.2 3145s
 193965 164663  549.35894  476  536  619.20560  192.05916  69.0%  19.1 3150s
 194163 164813  421.11564   30  910  619.20560  192.09420  69.0%  19.2 3155s
 194341 164979  298.54065   41  480  619.20560  192.20203  69.0%  19.2 3160s
 194841 165429  387.37925  200  540  619.20560  192.21756  69.0%  19.2 3165s
 195353 165923  353.04888  169  538  619.20560  192.23867  69.0%  19.1 3170s
 195793 166331  246.00937   33  607  619.20560  193.01923  68.8%  19.1 3175s
 196230 166754  275.16160   27  973  619.20560  193.11405  68.8%  19.1 3180s
 196556 167080  597.24133  353  655  619.20560  193.11405  68.8%  19.1 3185s
 197118 167628  611.26490  530  537  619.20560  193.12215  68.8%  19.1 3190s
 197565 168035  241.96904   36  484  619.20560  193.29361  68.8%  19.0 3195s
 197975 168445  431.18965  233  535  619.20560  193.29361  68.8%  19.0 3200s
 198446 168916  558.64630  417  525  619.20560  193.29361  68.8%  19.0 3205s
 198908 169378  588.15898  489  520  619.20560  193.29361  68.8%  18.9 3210s
 199320 169720  286.63029   54  480  619.20560  193.29827  68.8%  18.9 3215s
 199682 170066  338.78110   47  657  619.20560  193.34503  68.8%  18.9 3220s
H199907 148917                     614.0986313  193.34503  68.5%  18.9 3223s
 199960 148962  266.47853   20 1400  614.09863  193.62104  68.5%  18.9 3225s
 200185 149187  543.27028  245  540  614.09863  193.62104  68.5%  18.9 3230s
 200576 149564  443.63518  316  583  614.09863  193.79351  68.4%  18.9 3235s
H200907 149893                     614.0986310  193.79351  68.4%  18.9 3238s
H200907 149872                     614.0714800  193.79351  68.4%  18.9 3238s
H200907 149815                     614.0101213  193.79351  68.4%  18.9 3238s
H200907 148543                     612.4546046  193.79351  68.4%  18.9 3238s
 201019 148657  595.85758  759  557  612.45460  193.79351  68.4%  18.9 3240s
 201421 149039  543.40172  284  539  612.45460  193.84852  68.3%  18.9 3245s
 201834 149424  484.46674  319  599  612.45460  194.18390  68.3%  18.9 3250s
 202123 149699  295.72942   37  483  612.45460  194.50817  68.2%  18.9 3255s
 202495 150071  414.50931  223  536  612.45460  194.50817  68.2%  18.9 3260s
 202912 150488  543.93364  432  524  612.45460  194.50817  68.2%  18.8 3265s
 203332 150882  336.13915  140  479  612.45460  194.76384  68.2%  18.8 3270s
 203723 151257  208.10920   27  913  612.45460  194.81969  68.2%  18.8 3275s
 204071 151605  570.04556  375  474  612.45460  194.81969  68.2%  18.8 3280s
 204529 152047  583.68248  421  477  612.45460  194.89454  68.2%  18.8 3285s
 204935 152427  399.92064  194  534  612.45460  194.98446  68.2%  18.8 3290s
 205365 152857  514.88097  356  526  612.45460  194.98446  68.2%  18.7 3295s
 205804 153296  571.59872  467  522  612.45460  194.98446  68.2%  18.7 3300s
 206231 153695  257.12071   25 1095  612.45460  195.09876  68.1%  18.7 3305s
 206455 153919  584.37034  249  415  612.45460  195.09876  68.1%  18.7 3310s
 206669 154093  321.96690   74  540  612.45460  195.63802  68.1%  18.7 3315s
 207143 154551  498.96751   68  411  612.45460  195.67036  68.1%  18.7 3320s
 207383 154739  208.33120   32  668  612.45460  195.83925  68.0%  18.8 3325s
 207903 155217  217.94151   31  669  612.45460  195.94533  68.0%  18.7 3330s
 208227 155527  323.58014   45  600  612.45460  195.96977  68.0%  18.7 3335s
 208712 155996  379.80776   99  540  612.45460  196.32445  67.9%  18.7 3340s
 209017 156281  364.66114   42  540  612.45460  196.39877  67.9%  18.7 3345s
 209330 156576  277.40866   35  605  612.45460  196.43044  67.9%  18.7 3350s
 209685 156931  451.76245  208  597  612.45460  196.43044  67.9%  18.7 3355s
 210128 157374  552.22767  398  591  612.45460  196.43044  67.9%  18.7 3360s
 210542 157768  611.97996  511  585  612.45460  196.43044  67.9%  18.7 3365s
 210858 158022  545.32388  249  540  612.45460  196.53436  67.9%  18.7 3370s
 211302 158444  589.14307  354  539  612.45460  196.56066  67.9%  18.6 3375s
 211643 158741  469.10279  301  581  612.45460  196.58718  67.9%  18.6 3380s
 212094 159166  234.41939   32  668  612.45460  196.60213  67.9%  18.6 3385s
 212440 159512  435.39957  205  536  612.45460  196.60213  67.9%  18.6 3390s
 212906 159978  576.68236  438  528  612.45460  196.60213  67.9%  18.6 3395s
 213312 160340  463.88534  276  537  612.45460  196.62622  67.9%  18.6 3400s
 213608 160614  272.36950   25 1095  612.45460  196.94497  67.8%  18.5 3405s
 213706 160712  606.14801   65  653  612.45460  196.94497  67.8%  18.6 3410s
 214097 161065  285.81836   61  600  612.45460  197.09489  67.8%  18.6 3415s
 214593 161561  552.53268  557  591  612.45460  197.09489  67.8%  18.6 3420s
 215108 162060  585.35187  410  540  612.45460  197.12272  67.8%  18.5 3425s
 215413 162351  528.21134  281  654  612.45460  197.18790  67.8%  18.6 3430s
 215800 162724  311.29964  119  477  612.45460  197.30024  67.8%  18.5 3435s
 216248 163172  434.67298  300  467  612.45460  197.30024  67.8%  18.5 3440s
 216693 163617  533.65324  468  454  612.45460  197.30024  67.8%  18.5 3445s
 217141 164065  594.08808  574  443  612.45460  197.30024  67.8%  18.4 3450s
 217596 164520  600.38985  620  433  612.45460  197.30024  67.8%  18.4 3455s
 218038 164940  609.37660  654  430  612.45460  197.30024  67.8%  18.4 3460s
 218243 165033  296.37158   74  540  612.45460  197.32080  67.8%  18.5 3465s
 218690 165462  249.29417   34  486  612.45460  197.37632  67.8%  18.5 3470s
 219230 165988  436.77432  224  540  612.45460  197.39261  67.8%  18.4 3475s
 219588 166328  328.69665   34  546  612.45460  197.61112  67.7%  18.4 3480s
 219871 166599  402.86100   37  603  612.45460  197.66650  67.7%  18.5 3485s
 220378 167078  278.77256   28  972  612.45460  197.86354  67.7%  18.4 3490s
 220679 167367  299.08928   31  789  612.45460  197.92217  67.7%  18.5 3495s
 220972 167638  453.02628  207  479  612.45460  198.00512  67.7%  18.5 3500s
 221560 168212  545.74514  370  539  612.45460  198.06151  67.7%  18.4 3505s
 221936 168568  418.87296  159  598  612.45460  198.11082  67.7%  18.5 3510s
 222424 169056  570.03571  373  592  612.45460  198.11082  67.7%  18.4 3515s
 222930 169558  608.18286  466  589  612.45460  198.11082  67.7%  18.4 3520s
 223369 169951  417.22160  222  538  612.45460  198.18259  67.6%  18.4 3525s
 223894 170476  567.80754  484  529  612.45460  198.18259  67.6%  18.3 3530s
 224444 170998  555.03933  391  475  612.45460  198.24607  67.6%  18.3 3535s
 224968 171508  543.17493  455  600  612.45460  198.24855  67.6%  18.3 3540s
 225557 172055  373.74318  153  540  612.45460  198.28489  67.6%  18.2 3545s
 226115 172591  462.80748  215  540  612.45460  198.31619  67.6%  18.2 3550s
 226555 173013  463.79983  241  540  612.45460  198.45787  67.6%  18.2 3555s
 226975 173419  519.93476  174  660  612.45460  198.66815  67.6%  18.2 3560s
 227438 173868  514.54482  317  654  612.45460  198.71655  67.6%  18.2 3565s
 227837 174253  503.81392  102  521  612.45460  198.74443  67.5%  18.2 3570s
 228167 174571  359.49242  115  539  612.45460  198.97954  67.5%  18.2 3575s
 228690 175094  513.34826  325  530  612.45460  198.97954  67.5%  18.2 3580s
 229223 175627  589.18719  465  529  612.45460  198.97954  67.5%  18.1 3585s
 229734 176068  416.10572  223  539  612.45460  199.00364  67.5%  18.1 3590s
 230307 176627  576.35017  314  480  612.45460  199.07960  67.5%  18.1 3595s

Cutting planes:
  Implied bound: 1222
  Flow cover: 31

Explored 230647 nodes (4178901 simplex iterations) in 3600.00 seconds (1873.28 work units)
Thread count was 1 (of 56 available processors)

Solution count 10: 612.455 614.01 614.071 ... 640.123

Time limit reached
Best objective 6.124546046407e+02, best bound 1.991204930020e+02, gap 67.4881%

User-callback calls 768198, time in user-callback 2.01 sec
Generating Gunluk and Lee data file ../../../../../instances/uflp/gunluk/gunluk-30-60-4.txt
primal_bound = 612.4546046406733, dual_bound = 199.12049300195943, gap = 67.48812214110411, time = 3600.01
