solving instance uflp nlass holmberg 33 cubic
Set parameter TokenServer to value "licences.gerad.lan"
Set parameter MIPGap to value 1e-06
Set parameter FuncPieceError to value 1e-06
Set parameter Threads to value 1
Set parameter FuncPieces to value -2
Set parameter TimeLimit to value 3600
Gurobi Optimizer version 12.0.2 build v12.0.2rc0 (linux64 - "AlmaLinux 9.6 (Sage Margay)")

CPU model: Intel(R) Xeon(R) Gold 6258R CPU @ 2.70GHz, instruction set [SSE2|AVX|AVX2|AVX512]
Thread count: 56 physical cores, 56 logical processors, using up to 1 threads

Non-default parameters:
TimeLimit  3600
MIPGap  1e-06
Threads  1
FuncPieces  -2
FuncPieceError  1e-06

Optimize a model with 13650 rows, 18030 columns and 36000 nonzeros
Model fingerprint: 0x57eb98a1
Model has 4500 function constraints treated as nonlinear
  4500 POLY
Variable types: 13500 continuous, 4530 integer (4530 binary)
Coefficient statistics:
  Matrix range     [1e+00, 7e+02]
  Objective range  [1e+00, 6e+02]
  Bounds range     [1e+00, 1e+10]
  RHS range        [1e+00, 1e+00]
Warning: Model contains large bounds
         Consider reformulating model or setting NumericFocus parameter
         to avoid numerical issues.
Presolve removed 4500 rows and 4500 columns
Presolve time: 0.15s
Presolved: 45150 rows, 13531 columns, 94500 nonzeros
Presolved model has 4500 nonlinear constraint(s)

Solving non-convex MINLP

Variable types: 9001 continuous, 4530 integer (4530 binary)
Found heuristic solution: objective 68678.000002

Root relaxation: objective 7.272360e+03, 6619 iterations, 0.26 seconds (0.16 work units)

    Nodes    |    Current Node    |     Objective Bounds      |     Work
 Expl Unexpl |  Obj  Depth IntInf | Incumbent    BestBd   Gap | It/Node Time

     0     0 7272.36022    0  608 68678.0000 7272.36022  89.4%     -    0s
H    0     0                    11247.000000 7272.36022  35.3%     -    1s
H    0     0                    11046.835786 7272.36022  34.2%     -    1s
     0     0 8687.29900    0  715 11046.8358 8687.29900  21.4%     -    2s
H    0     0                    10965.505893 8689.97595  20.8%     -    3s
H    0     0                    10965.121710 8689.97595  20.7%     -    5s
     0     0 8929.57296    0  638 10965.1217 8929.57296  18.6%     -    5s
     0     0 9438.98006    0  676 10965.1217 9438.98006  13.9%     -    6s
     0     0 9498.48748    0  680 10965.1217 9498.48748  13.4%     -    6s
     0     0 9665.55752    0  671 10965.1217 9665.55752  11.9%     -    7s
     0     0 9693.27435    0  756 10965.1217 9693.27435  11.6%     -    7s
     0     0 9757.79576    0  732 10965.1217 9757.79576  11.0%     -    8s
     0     0 9781.73006    0  736 10965.1217 9781.73006  10.8%     -    8s
     0     0 9810.34975    0  575 10965.1217 9810.34975  10.5%     -    9s
     0     0 9817.66597    0  687 10965.1217 9817.66597  10.5%     -    9s
     0     0 9839.53065    0  741 10965.1217 9839.53065  10.3%     -    9s
     0     0 9843.82520    0  748 10965.1217 9843.82520  10.2%     -   10s
     0     0 9861.78241    0  749 10965.1217 9861.78241  10.1%     -   10s
     0     0 9861.78241    0  749 10965.1217 9861.78241  10.1%     -   10s
     0     0 9863.86333    0  755 10965.1217 9863.86333  10.0%     -   10s
     0     0 9874.13871    0  745 10965.1217 9874.13871  9.95%     -   10s
     0     0 9877.50289    0  750 10965.1217 9877.50289  9.92%     -   10s
     0     0 9877.50289    0  750 10965.1217 9877.50289  9.92%     -   10s
     0     0 9883.07820    0  753 10965.1217 9883.07820  9.87%     -   10s
     0     0 9883.07820    0  753 10965.1217 9883.07820  9.87%     -   11s
     0     0 9886.13573    0  755 10965.1217 9886.13573  9.84%     -   11s
     0     0 9888.57374    0  754 10965.1217 9888.57374  9.82%     -   11s
     0     0 9888.80750    0  753 10965.1217 9888.80750  9.82%     -   12s
     0     0 9889.10967    0  760 10965.1217 9889.10967  9.81%     -   12s
     0     0 9889.22024    0  760 10965.1217 9889.22024  9.81%     -   13s
H    0     0                    10914.099739 9889.60943  9.39%     -   13s
     0     2 9889.60943    0  760 10914.0997 9889.60943  9.39%     -   14s
     9    11 10180.8649    5  454 10914.0997 9918.48224  9.12%   934   15s
   108   110 10198.4830   73  385 10914.0997 9918.48224  9.12%   148   20s
   183   185 10411.7115  123  257 10914.0997 9918.48224  9.12%   131   25s
   240   241 10522.5765  161  224 10914.0997 9918.48224  9.12%   163   30s
   305   306 10633.8221  202  198 10914.0997 9918.48224  9.12%   160   35s
H  345   343                    10769.371961 9918.48224  7.90%   147   37s
H  345   342                    10765.058770 9918.48224  7.86%   147   37s
H  345   341                    10748.233311 9918.48224  7.72%   147   39s
   345   343 10689.5404  230  173 10748.2333 9918.48224  7.72%   147   40s
H  394   389                    10736.279928 9918.48224  7.62%   135   44s
   394   391 10722.3986  261  143 10736.2799 9918.48224  7.62%   135   46s
   401   394 10733.2280  265  140 10736.2799 9918.48224  7.62%   133   51s
   449   438 10128.6823   34  456 10736.2799 9958.33310  7.25%   141   55s
   517   505 10639.3082  204  383 10736.2799 9958.33310  7.25%   147   60s
H  519   480                    10718.433005 9958.33310  7.09%   146   63s
H  519   456                    10709.447549 9958.33310  7.01%   146   64s
H  519   433                    10666.662350 9958.33310  6.64%   146   65s
H  519   411                    10666.131865 9958.33310  6.64%   146   66s
   523   414 10169.8304   58  455 10666.1319 10028.7524  5.98%   145   70s
   526   416 10627.2286  193  512 10666.1319 10202.8069  4.34%   144   76s
   529   418 10251.4451   26  490 10666.1319 10251.4451  3.89%   143   80s
H  533   400                    10647.509872 10278.5531  3.47%   201   81s
   538   403 10456.2979  104  466 10647.5099 10281.2796  3.44%   199   85s
   543   406 10335.6614   38  485 10647.5099 10335.6614  2.93%   197   90s
   548   410 10558.8972  177  497 10647.5099 10339.5086  2.89%   195   95s
H  548   390                    10644.752283 10348.2493  2.79%   195   96s
   551   392 10354.1479   67  537 10644.7523 10354.1479  2.73%   194  100s
   556   395 10361.0606   21  498 10644.7523 10361.0606  2.67%   192  105s
H  562   378                    10644.725694 10364.2917  2.63%   190  109s
H  562   359                    10643.796876 10364.2917  2.63%   190  109s
   563   360 10459.0963  121  498 10643.7969 10364.2917  2.63%   190  110s
   567   362 10365.1828   85  498 10643.7969 10365.1828  2.62%   189  115s
   575   368 10369.8288   60  498 10643.7969 10369.8288  2.57%   186  120s
   583   374 10369.9317   13  398 10643.7969 10369.9317  2.57%   243  125s
   585   375 10643.7969  193  323 10643.7969 10369.9317  2.57%   242  132s
   588   377 10557.2606  176  478 10643.7969 10369.9317  2.57%   241  135s
   595   382 10524.1426  162  317 10643.7969 10374.6997  2.53%   238  143s
   597   383 10643.7969  259  379 10643.7969 10378.8135  2.49%   238  145s
   606   389 10385.3177   57  259 10643.7969 10385.3177  2.43%   234  150s
   613   394 10409.2486  119  257 10643.7969 10385.3177  2.43%   231  155s
H  613   373                    10597.003930 10385.3177  2.00%   231  158s
   614   374 10597.0039  202  257 10597.0039 10385.3266  2.00%   231  160s
H  619   360                    10596.387328 10385.3266  1.99%   255  166s
   622   362 10596.3873  236  494 10596.3873 10385.3266  1.99%   254  170s
   629   366 10388.9635   26  416 10596.3873 10388.9635  1.96%   251  175s
   640   374 10393.4238   40  255 10596.3873 10393.4238  1.92%   247  180s
   644   376 10395.0554   94  374 10596.3873 10395.0554  1.90%   245  185s
   652   382 10395.0554   95  396 10596.3873 10395.0554  1.90%   242  190s
   656   386 10395.0554   45  535 10596.3873 10395.0554  1.90%   266  210s
   660   389 10401.1645   47  339 10596.3873 10400.6207  1.85%   277  215s
   691   410 10431.5209   62  364 10596.3873 10410.9618  1.75%   287  220s
   750   448 10459.2045   92  246 10596.3873 10410.9618  1.75%   284  225s
   785   469 10496.4097  109  230 10596.3873 10410.9618  1.75%   282  230s
   864   516 10550.3950  149  184 10596.3873 10410.9618  1.75%   273  235s
   943   545 10456.2001   48  356 10596.3873 10410.9618  1.75%   262  241s
   981   570 10483.2611   67  322 10596.3873 10410.9618  1.75%   279  245s
  1052   612 10520.8394  103  271 10596.3873 10410.9618  1.75%   288  250s
  1128   641 10592.8947  139  220 10596.3873 10410.9618  1.75%   288  255s
  1172   659 10516.7967   65  338 10596.3873 10412.4292  1.74%   301  260s
  1249   705 10576.4698  104  278 10596.3873 10412.4292  1.74%   308  265s
  1321   738 10476.0092   69  270 10596.3873 10412.4292  1.74%   308  270s
  1406   791 10534.8019  112  223 10596.3873 10412.4292  1.74%   307  275s
  1495   816     cutoff  150      10596.3873 10412.4292  1.74%   300  280s
  1555   853 10475.2078   82  259 10596.3873 10412.9883  1.73%   301  285s
H 1619   869                    10596.356032 10412.9883  1.73%   303  291s
  1665   898 10547.5271  137  185 10596.3560 10412.9883  1.73%   301  295s
  1738   919 10455.7438   61  294 10596.3560 10412.9883  1.73%   299  300s
  1816   988 10526.3954  100  235 10596.3560 10412.9883  1.73%   300  305s
  1915  1069 10426.7986   53  306 10596.3560 10415.5682  1.71%   294  310s
  1969  1118 10493.1092   80  260 10596.3560 10415.5682  1.71%   297  315s
  2051  1196 10542.9132  121  208 10596.3560 10415.5682  1.71%   296  320s
  2135  1256 10591.4093  160  176 10596.3560 10415.5682  1.71%   291  325s
  2210  1301 10540.2690   77  258 10596.3560 10415.5682  1.71%   290  330s
  2297  1384 10538.1549  121  199 10596.3560 10415.5682  1.71%   290  335s
  2387  1451 10471.8686   68  270 10596.3560 10418.5184  1.68%   287  340s
  2495  1553 10539.1843  122  203 10596.3560 10418.5184  1.68%   283  345s
  2585  1638 10572.0740  152  175 10596.3560 10418.5184  1.68%   281  350s
  2658  1693 10591.1629  182  168 10596.3560 10418.5184  1.68%   275  355s
H 2673  1686                    10595.760557 10418.5184  1.67%   274  356s
  2723  1735 10562.7817   87  238 10595.7606 10418.5184  1.67%   276  360s
  2816  1817 10485.7806   80  252 10595.7606 10422.7494  1.63%   274  365s
H 2858  1857                    10595.734291 10422.7494  1.63%   272  367s
  2880  1880 10520.9439  117  202 10595.7343 10422.7494  1.63%   271  370s
  2995  1992 10557.3977  163  168 10595.7343 10422.7494  1.63%   265  375s
  3081  2073 10578.4372  201  166 10595.7343 10422.7494  1.63%   260  380s
  3181  2168 10586.2194  215  164 10595.7343 10422.7494  1.63%   253  385s
  3269  2227 10437.3010   50  311 10595.7343 10422.8425  1.63%   247  390s
  3369  2320 10551.0133  112  255 10595.7343 10422.8425  1.63%   246  395s
  3466  2407 10593.2572  151  172 10595.7343 10422.8425  1.63%   243  400s
  3543  2469 10497.2248   97  223 10595.7343 10423.6221  1.62%   243  405s
  3654  2576 10541.0222  142  178 10595.7343 10423.6221  1.62%   240  410s
  3779  2695 10568.8607  204  168 10595.7343 10423.6221  1.62%   234  415s
  3865  2781 10573.2151  219  162 10595.7343 10423.6221  1.62%   230  420s
  3949  2865 10577.2141  235  161 10595.7343 10423.6221  1.62%   226  425s
  4078  2994 10579.3343  247  159 10595.7343 10423.6221  1.62%   219  430s
  4187  3103 10581.1924  257  153 10595.7343 10423.6221  1.62%   214  435s
  4293  3202 10584.7255  270  153 10595.7343 10423.6221  1.62%   210  440s
  4408  3307 10587.4139  285  151 10595.7343 10423.6221  1.62%   204  445s
  4512  3398 10593.8302  297  148 10595.7343 10423.6221  1.62%   200  450s
  4574  3439 10475.6038   75  261 10595.7343 10424.3577  1.62%   201  455s
  4680  3541 10534.3547  124  191 10595.7343 10424.3577  1.62%   200  460s
  4795  3651 10566.4773  177  169 10595.7343 10424.3577  1.62%   198  465s
  4888  3741 10580.3188  215  167 10595.7343 10424.3577  1.62%   195  470s
  4966  3794     cutoff  239      10595.7343 10424.3577  1.62%   193  475s
  5012  3833 10480.7222   91  233 10595.7343 10425.2451  1.61%   193  480s
  5119  3936 10536.0152  143  177 10595.7343 10425.2451  1.61%   192  485s
H 5221  4036                    10595.734091 10425.2451  1.61%   190  488s
H 5221  4036                    10595.733956 10425.2451  1.61%   190  489s
  5221  4038 10560.2189  195  166 10595.7340 10425.2451  1.61%   190  490s
  5353  4169 10571.8780  238  157 10595.7340 10425.2451  1.61%   186  495s
  5481  4297 10575.7786  260  155 10595.7340 10425.2451  1.61%   183  500s
  5598  4414 10582.1865  275  148 10595.7340 10425.2451  1.61%   180  505s
  5717  4533 10583.1067  294  145 10595.7340 10425.2451  1.61%   177  510s
  5840  4656 10583.7252  303  140 10595.7340 10425.2451  1.61%   174  515s
  5932  4748 10586.1597  316  133 10595.7340 10425.2451  1.61%   171  520s
  6036  4852 10589.0697  325  128 10595.7340 10425.2451  1.61%   169  525s
  6136  4948 10589.6199  339  135 10595.7340 10425.2451  1.61%   166  530s
H 6221  5029                    10595.733875 10425.2451  1.61%   164  534s
  6221  5031 10590.6173  357  132 10595.7339 10425.2451  1.61%   164  536s
  6320  5130 10591.1188  369  124 10595.7339 10425.2451  1.61%   162  540s
  6397  5154 10484.6063   88  237 10595.7339 10426.3246  1.60%   162  545s
  6504  5259 10533.6356  138  182 10595.7339 10426.3246  1.60%   162  550s
  6627  5380 10566.7663  194  170 10595.7339 10426.3246  1.60%   160  555s
  6741  5490 10577.7524  247  167 10595.7339 10426.3246  1.60%   158  560s
  6818  5567 10588.3062  266  162 10595.7339 10426.3246  1.60%   157  565s
  6887  5599 10525.8496   90  254 10595.7339 10426.3246  1.60%   157  570s
  6993  5689 10557.0979  106  225 10595.7339 10426.9433  1.59%   157  575s
  7056  5726 10493.2021   73  269 10595.7339 10430.1970  1.56%   158  580s
  7121  5788 10553.6731  107  226 10595.7339 10430.1970  1.56%   160  586s
  7188  5833     cutoff  138      10595.7339 10430.1970  1.56%   159  590s
  7252  5881 10492.9095   55  299 10595.7339 10431.3018  1.55%   160  595s
  7355  5983 10514.5439  116  196 10595.7339 10431.3018  1.55%   160  600s
  7477  6104 10549.4851  167  176 10595.7339 10431.3018  1.55%   159  607s
  7537  6164 10562.1470  196  176 10595.7339 10431.3018  1.55%   158  610s
  7666  6293 10578.0439  253  171 10595.7339 10431.3018  1.55%   156  615s
  7774  6384 10595.2497  287  167 10595.7339 10431.3018  1.55%   155  620s
  7862  6440     cutoff  128      10595.7339 10431.3283  1.55%   155  625s
  7957  6510 10593.4297  139  194 10595.7339 10431.5209  1.55%   155  630s
  8013  6520 10463.6061   63  395 10595.7339 10432.0417  1.54%   156  635s
  8063  6558 10471.4535   65  366 10595.7339 10432.2879  1.54%   157  640s
  8181  6654 10483.4032   73  265 10595.7339 10433.7244  1.53%   156  645s
  8277  6726 10466.6583   73  265 10595.7339 10434.0237  1.53%   156  650s
  8380  6805 10499.5639   72  273 10595.7339 10434.7251  1.52%   156  655s
  8479  6883 10521.0311  111  222 10595.7339 10434.7743  1.52%   156  660s
  8587  6973 10498.5911   98  218 10595.7339 10434.9737  1.52%   155  665s
H 8646  7028                    10595.728461 10434.9737  1.52%   156  670s
  8747  7129 10561.9774  173  168 10595.7285 10434.9737  1.52%   155  675s
  8858  7237 10585.0724  232  167 10595.7285 10434.9737  1.52%   154  680s
  8946  7291 10535.1520  112  306 10595.7285 10435.3585  1.51%   154  685s
  9072  7402 10585.4005  142  165 10595.7285 10435.4085  1.51%   154  690s
  9162  7477 10590.0382  133  199 10595.7285 10435.4196  1.51%   154  695s
H 9193  7496                    10595.728343 10435.4281  1.51%   153  696s
  9246  7547 10580.5525  120  213 10595.7283 10435.4281  1.51%   154  700s
  9322  7593 10502.4167   81  250 10595.7283 10435.6195  1.51%   155  705s
  9406  7672 10563.6678  123  197 10595.7283 10435.6195  1.51%   155  710s
  9468  7705 10594.5318   68  329 10595.7283 10435.6455  1.51%   157  715s
  9525  7730 10462.2797   65  282 10595.7283 10435.7764  1.51%   157  720s
  9596  7796 10571.5325  136  187 10595.7283 10435.7764  1.51%   157  725s
  9691  7853     cutoff  107      10595.7283 10436.0473  1.51%   157  730s
  9806  7945 10488.2685   65  276 10595.7283 10436.0655  1.51%   157  735s
  9906  8007 10471.7720   75  264 10595.7283 10436.4907  1.50%   157  740s
  9990  8089 10527.4467  122  199 10595.7283 10436.4907  1.50%   157  745s
 10106  8201 10554.6483  168  170 10595.7283 10436.4907  1.50%   156  750s
H10193  8283                    10595.727475 10436.4907  1.50%   155  754s
H10193  8283                    10595.727098 10436.4907  1.50%   155  754s
H10193  8283                    10595.725472 10436.4907  1.50%   155  754s
 10203  8294 10512.5286   99  383 10595.7255 10436.4907  1.50%   155  774s
 10205  8295 10535.2004  114  308 10595.7255 10436.4907  1.50%   155  776s
 10208  8297 10558.2896  180  381 10595.7255 10436.4907  1.50%   155  780s
 10210  8299 10511.3229   86  340 10595.7255 10436.4907  1.50%   155  785s
 10212  8300 10556.0175  185  368 10595.7255 10436.4907  1.50%   155  790s
 10215  8302 10461.6695   67  513 10595.7255 10436.4907  1.50%   155  795s
 10218  8304 10556.4224   67  522 10595.7255 10436.4907  1.50%   155  800s
H10221  7890                    10595.724323 10436.4907  1.50%   155  809s
 10222  7891 10512.5285   98  526 10595.7243 10436.4907  1.50%   155  810s
 10226  7893 10587.0965  217  515 10595.7243 10436.4907  1.50%   155  816s
 10228  7895 10578.7738  274  270 10595.7243 10436.4907  1.50%   155  822s
 10231  7897 10576.5150  200  515 10595.7243 10436.4907  1.50%   155  825s
 10235  7899 10535.2184  117  375 10595.7243 10436.4907  1.50%   155  830s
 10240  7903 10584.1148  262  515 10595.7243 10436.4907  1.50%   155  836s
H10240  7507                    10595.724215 10436.4907  1.50%   155  838s
H10240  7131                    10595.720325 10436.4907  1.50%   155  839s
 10241  7131 10510.0975   95  515 10595.7203 10436.4907  1.50%   155  843s
 10242  7134 10436.4907   57  518 10595.7203 10436.4907  1.50%   157  868s
 10243  7135 10447.1052   57  479 10595.7203 10436.4907  1.50%   157  871s
 10250  7138 10450.8301   61  479 10595.7203 10436.4907  1.50%   158  875s
 10270  7151 10504.0559   71  308 10595.7203 10436.4907  1.50%   159  881s
 10293  7165 10492.0608   83  302 10595.7203 10436.4907  1.50%   160  885s
 10326  7187 10524.9337   99  281 10595.7203 10436.4907  1.50%   161  890s
 10371  7210 10557.2488  123  253 10595.7203 10436.4907  1.50%   162  895s
 10402  7223 10573.2370  139  235 10595.7203 10436.4907  1.50%   163  901s
 10434  7228 10594.3669  156  224 10595.7203 10436.4907  1.50%   163  905s
 10464  7244 10538.0193   73  299 10595.7203 10436.4907  1.50%   164  910s
H10492  6899                    10595.693351 10436.4907  1.50%   164  913s
 10492  6901 10483.4803   87  245 10595.6934 10436.4907  1.50%   164  915s
 10544  6933 10515.7141  113  203 10595.6934 10436.4907  1.50%   164  920s
 10607  6970 10531.5685  145  192 10595.6934 10436.4907  1.50%   165  925s
 10680  7013 10595.0525  181  271 10595.6934 10436.4907  1.50%   165  930s
 10759  7057 10569.3049  221  167 10595.6934 10436.4907  1.50%   165  935s
 10866  7114 10585.3136  274  162 10595.6934 10436.4907  1.50%   163  940s
 10918  7124 10548.3975   69  288 10595.6934 10442.8278  1.44%   164  945s
 10957  7139 10498.5572   65  335 10595.6934 10442.8278  1.44%   165  950s
 11007  7171 10521.7049   91  297 10595.6934 10442.8278  1.44%   166  955s
H11035  6848                    10595.672596 10442.8278  1.44%   167  958s
 11036  6850 10543.3277  105  272 10595.6726 10442.8278  1.44%   167  960s
 11093  6879 10576.5245  135  237 10595.6726 10442.8278  1.44%   167  965s
 11158  6900 10500.0478   72  326 10595.6726 10447.1052  1.40%   168  970s
 11229  6946 10536.8561  108  271 10595.6726 10447.1052  1.40%   169  975s
 11297  6976 10574.9311  142  234 10595.6726 10447.1052  1.40%   169  980s
 11357  6987 10510.1245   60  369 10595.6726 10447.1052  1.40%   169  985s
 11406  7008 10566.2895   86  235 10595.6726 10447.1052  1.40%   171  990s
 11467  7026 10464.9160   75  306 10595.6726 10450.6006  1.37%   171  995s
 11536  7069 10498.4021  109  206 10595.6726 10450.6006  1.37%   171 1000s
 11611  7116 10523.3974  147  184 10595.6726 10450.6006  1.37%   171 1005s
 11678  7156 10582.3031  180  265 10595.6726 10450.6006  1.37%   172 1014s
 11684  7160 10553.6100  183  172 10595.6726 10450.6006  1.37%   172 1015s
 11776  7216 10580.3174  229  166 10595.6726 10450.6006  1.37%   171 1020s
 11893  7285 10572.9716  288  157 10595.6726 10450.6006  1.37%   170 1025s
 11994  7328     cutoff  338      10595.6726 10450.6006  1.37%   169 1030s
 12079  7352 10590.0655  381  146 10595.6726 10450.6006  1.37%   168 1035s
 12143  7357 10478.8091   86  432 10595.6726 10453.3831  1.34%   168 1040s
 12214  7403 10521.7074  126  192 10595.6726 10453.3831  1.34%   168 1045s
 12302  7458 10548.9525  158  175 10595.6726 10453.3831  1.34%   168 1050s
 12418  7535 10574.7350  217  165 10595.6726 10453.3831  1.34%   166 1055s
 12471  7566 10583.9931  244  166 10595.6726 10453.3831  1.34%   166 1060s
 12545  7582 10480.5574   89  241 10595.6726 10455.1507  1.33%   165 1065s
 12634  7639 10526.5679  139  184 10595.6726 10455.1507  1.33%   165 1070s
 12723  7697 10548.4887  173  165 10595.6726 10455.1507  1.33%   165 1075s
 12833  7770 10565.1323  232  163 10595.6726 10455.1507  1.33%   164 1080s
 12943  7829 10574.8425  266  162 10595.6726 10455.1507  1.33%   163 1085s
 13039  7861 10589.3642  304  161 10595.6726 10455.1507  1.33%   162 1090s
 13106  7862 10471.6969   79  375 10595.6726 10455.1507  1.33%   162 1095s
 13197  7921 10511.3868  125  191 10595.6726 10455.1507  1.33%   162 1100s
 13299  7988 10541.8632  169  180 10595.6726 10455.1507  1.33%   161 1105s
 13420  8066 10559.4239  230  165 10595.6726 10455.1507  1.33%   160 1110s
 13522  8123 10567.6501  265  163 10595.6726 10455.1507  1.33%   160 1115s
 13622  8163 10577.7131  293  162 10595.6726 10455.1507  1.33%   159 1120s
 13725  8197 10586.8873  337  159 10595.6726 10455.1507  1.33%   158 1125s
 13808  8204 10472.6858   72  404 10595.6726 10455.3109  1.32%   158 1130s
 13852  8231 10500.6296  105  210 10595.6726 10455.3109  1.32%   158 1135s
 13949  8295 10539.2446  150  183 10595.6726 10455.3109  1.32%   157 1140s
 14061  8364 10562.9904  199  163 10595.6726 10455.3109  1.32%   157 1145s
 14176  8439 10575.8149  254  162 10595.6726 10455.3109  1.32%   156 1150s
 14280  8475 10592.7550  299  161 10595.6726 10455.3109  1.32%   155 1155s
 14353  8504 10507.5350  103  222 10595.6726 10455.4797  1.32%   155 1160s
 14451  8569 10542.2616  151  186 10595.6726 10455.4797  1.32%   155 1165s
 14567  8646 10565.2902  217  169 10595.6726 10455.4797  1.32%   154 1170s
 14671  8707     cutoff  253      10595.6726 10455.4797  1.32%   154 1175s
 14767  8732 10593.6822  294  166 10595.6726 10455.4797  1.32%   153 1180s
 14852  8778 10536.4852  114  203 10595.6726 10457.3632  1.31%   153 1185s
 14950  8843 10571.7299  160  175 10595.6726 10457.3632  1.31%   153 1190s
 15032  8868 10498.3337   96  228 10595.6726 10457.5140  1.30%   153 1195s
 15127  8932 10539.3162  146  180 10595.6726 10457.5140  1.30%   153 1200s
 15238  9004     cutoff  203      10595.6726 10457.5140  1.30%   152 1205s
 15337  9068 10577.6684  249  161 10595.6726 10457.5140  1.30%   151 1210s
 15440  9112 10590.3223  273  160 10595.6726 10457.5140  1.30%   151 1215s
 15519  9143 10511.9814  111  210 10595.6726 10458.7926  1.29%   151 1220s
 15628  9216 10548.8261  169  174 10595.6726 10458.7926  1.29%   150 1225s
 15733  9284 10565.2025  219  170 10595.6726 10458.7926  1.29%   150 1230s
 15849  9351 10577.2439  268  168 10595.6726 10458.7926  1.29%   149 1235s
 15936  9371 10475.4464   62  328 10595.6726 10458.8095  1.29%   149 1240s
 16013  9405 10539.9576  110  200 10595.6726 10459.8056  1.28%   149 1245s
 16073  9428 10500.9959   89  226 10595.6726 10459.8495  1.28%   150 1250s
 16141  9473 10544.7757  123  193 10595.6726 10459.8495  1.28%   150 1255s
 16197  9502 10567.7197  152  182 10595.6726 10459.8495  1.28%   150 1260s
 16287  9534 10539.7808  113  204 10595.6726 10459.8543  1.28%   150 1265s
 16381  9578 10559.2234  124  185 10595.6726 10460.2308  1.28%   150 1272s
 16423  9584 10485.3869   72  314 10595.6726 10460.2349  1.28%   150 1275s
 16526  9652 10547.9126  136  186 10595.6726 10460.2349  1.28%   150 1280s
 16627  9718 10570.6535  182  169 10595.6726 10460.2349  1.28%   150 1285s
 16719  9750 10467.4915   67  318 10595.6726 10460.2721  1.28%   149 1290s
 16770  9768 10469.7957   70  313 10595.6726 10460.9256  1.27%   149 1295s
 16858  9804 10593.7959  100  211 10595.6726 10461.0994  1.27%   150 1304s
 16871  9804 10482.5486   72  271 10595.6726 10461.8402  1.26%   150 1305s
 16931  9838 10590.1179   97  219 10595.6726 10461.8402  1.26%   150 1310s
 17034  9877 10486.2302   88  237 10595.6726 10462.4799  1.26%   150 1315s
 17141  9925 10572.1634  101  216 10595.6726 10462.5047  1.26%   150 1320s
 17226  9951 10520.1110   99  325 10595.6726 10462.9991  1.25%   151 1325s
 17324  9994 10586.7067  114  203 10595.6726 10463.0365  1.25%   150 1330s
 17434 10058 10527.6989  136  190 10595.6726 10463.4797  1.25%   150 1335s
 17537 10125 10555.0613  181  168 10595.6726 10463.4797  1.25%   150 1340s
 17648 10196 10571.9359  218  169 10595.6726 10463.4797  1.25%   150 1345s
 17759 10252     cutoff  260      10595.6726 10463.4797  1.25%   149 1350s
 17849 10281 10595.2474  141  175 10595.6726 10463.7608  1.24%   149 1355s
 17965 10322 10470.1292   75  262 10595.6726 10464.0416  1.24%   149 1360s
 18051 10360 10484.8562   76  339 10595.6726 10464.5723  1.24%   148 1365s
 18131 10402 10482.3934   87  231 10595.6726 10464.8439  1.23%   149 1370s
 18213 10455 10536.4409  128  185 10595.6726 10464.8439  1.23%   149 1375s
 18289 10497 10568.2384  166  180 10595.6726 10464.8439  1.23%   149 1380s
 18369 10517 10528.6232   79  372 10595.6726 10464.9875  1.23%   149 1385s
 18458 10546 10576.5139  122  191 10595.6726 10465.0084  1.23%   149 1390s
 18566 10592 10536.8784  113  197 10595.6726 10465.2413  1.23%   149 1395s
 18667 10620 10533.3454   61  360 10595.6726 10465.2688  1.23%   149 1400s
 18712 10635 10508.2778   92  238 10595.6726 10465.3727  1.23%   150 1405s
 18805 10665 10491.4317   75  485 10595.6726 10465.5007  1.23%   150 1411s
 18889 10710 10566.1282  137  177 10595.6726 10465.6138  1.23%   150 1415s
 19006 10746 10572.7424  136  167 10595.6726 10465.7718  1.23%   150 1420s
 19081 10765 10482.6426   75  260 10595.6726 10465.9111  1.22%   150 1425s
 19159 10779 10480.3999   66  398 10595.6726 10466.1854  1.22%   150 1430s
 19260 10815 10534.2748  102  220 10595.6726 10466.4348  1.22%   150 1435s
 19344 10857 10522.0175  108  209 10595.6726 10466.5647  1.22%   150 1440s
 19452 10928 10561.3450  168  170 10595.6726 10466.5647  1.22%   150 1445s
 19566 11002 10582.6418  228  167 10595.6726 10466.5647  1.22%   150 1450s
 19651 11030 10515.8392  106  211 10595.6726 10466.5697  1.22%   149 1455s
 19745 11069 10506.0082   85  335 10595.6726 10466.6693  1.22%   149 1460s
 19816 11111 10545.8306  121  199 10595.6726 10466.6693  1.22%   150 1465s
 19897 11157 10577.3034  162  170 10595.6726 10466.6693  1.22%   150 1470s
 19978 11192 10582.9710  126  195 10595.6726 10466.7975  1.22%   150 1475s
 20069 11219 10590.7720  117  201 10595.6726 10466.9584  1.21%   150 1480s
 20129 11236 10491.1618   76  454 10595.6726 10467.0738  1.21%   150 1485s
 20235 11286 10538.6972  106  214 10595.6726 10467.1478  1.21%   150 1490s
 20346 11338 10585.4126  139  170 10595.6726 10467.2501  1.21%   150 1495s
 20416 11345 10591.4517   81  260 10595.6726 10467.4083  1.21%   150 1500s
 20485 11376 10512.4197  115  211 10595.6726 10467.4484  1.21%   150 1505s
 20585 11442 10546.2110  166  166 10595.6726 10467.4484  1.21%   150 1512s
 20643 11481 10558.4813  194  160 10595.6726 10467.4484  1.21%   149 1515s
H20652 11161                    10595.665436 10467.4484  1.21%   149 1515s
H20652 10854                    10595.642488 10467.4484  1.21%   149 1516s
 20722 10903 10568.1828  236  161 10595.6425 10467.4484  1.21%   149 1520s
 20850 10971 10577.8893  274  161 10595.6425 10467.4484  1.21%   148 1525s
 20952 11024 10589.5878  302  160 10595.6425 10467.4484  1.21%   148 1530s
 21036 11050 10498.2440   87  244 10595.6425 10467.5452  1.21%   148 1535s
H21121 10796                    10595.641888 10467.5718  1.21%   148 1539s
H21121 10519                    10595.641852 10467.5718  1.21%   148 1540s
 21201 10552 10550.6383  126  191 10595.6419 10467.6323  1.21%   148 1545s
 21308 10590 10584.4194  130  184 10595.6419 10467.6886  1.21%   148 1550s
 21389 10617 10525.2994   69  338 10595.6419 10467.7343  1.21%   148 1555s
 21474 10653 10493.7132   76  262 10595.6419 10467.8588  1.21%   148 1560s
 21537 10690 10519.9922  108  211 10595.6419 10467.8588  1.21%   149 1565s
 21621 10744 10551.4707  150  326 10595.6419 10467.8588  1.21%   149 1570s
 21710 10782 10585.7163  195  165 10595.6419 10467.8588  1.21%   149 1575s
 21793 10811 10519.1134  114  207 10595.6419 10467.8642  1.21%   149 1580s
 21907 10887 10556.4620  177  173 10595.6419 10467.8642  1.21%   149 1585s
 22024 10963 10574.8742  237  166 10595.6419 10467.8642  1.21%   148 1590s
 22120 11011 10586.5367  266  170 10595.6419 10467.8642  1.21%   148 1595s
H22121 10747                    10595.641841 10467.8642  1.21%   148 1595s
 22151 10744 10471.9295   72  264 10595.6418 10467.9153  1.21%   148 1600s
 22203 10769 10581.3370   89  247 10595.6418 10467.9153  1.21%   148 1605s
 22296 10802 10519.5412   91  345 10595.6418 10467.9210  1.21%   148 1610s
 22398 10851     cutoff  134      10595.6418 10468.0111  1.20%   148 1615s
 22474 10878 10555.9004   81  282 10595.6418 10468.0384  1.20%   149 1620s
 22575 10915 10500.6786   67  393 10595.6418 10468.1540  1.20%   149 1625s
 22679 10962 10593.5940  131  190 10595.6418 10468.2306  1.20%   149 1630s
 22771 11000 10507.6497   77  452 10595.6418 10468.2732  1.20%   149 1635s
 22854 11053 10535.8207  134  178 10595.6418 10468.2732  1.20%   149 1640s
 22958 11121 10562.8694  183  169 10595.6418 10468.2732  1.20%   148 1645s
 23055 11178     cutoff  218      10595.6418 10468.2732  1.20%   148 1650s
H23133 10950                    10595.641776 10468.2743  1.20%   148 1655s
 23180 10963     cutoff  148      10595.6418 10468.2743  1.20%   148 1660s
 23283 11011 10510.1565   91  228 10595.6418 10468.2861  1.20%   148 1665s
 23383 11065 10578.2361  118  203 10595.6418 10468.3129  1.20%   148 1670s
 23472 11102 10522.9095  104  211 10595.6418 10468.4247  1.20%   148 1675s
 23553 11142 10517.9510  101  221 10595.6418 10468.5566  1.20%   148 1680s
 23626 11188 10534.0979  138  180 10595.6418 10468.5566  1.20%   148 1685s
 23703 11229 10563.7625  177  169 10595.6418 10468.5566  1.20%   148 1690s
 23808 11276 10580.1396  230  165 10595.6418 10468.5566  1.20%   148 1695s
 23894 11309 10587.0522  126  187 10595.6418 10468.5608  1.20%   148 1700s
 23978 11340 10470.9231   70  269 10595.6418 10468.6946  1.20%   148 1705s
 24083 11386 10476.7398   80  259 10595.6418 10468.7001  1.20%   148 1710s
H24133 11321                    10595.641721 10468.7001  1.20%   148 1713s
 24158 11348 10510.4968  112  205 10595.6417 10468.7001  1.20%   148 1715s
 24258 11448 10531.4349  137  178 10595.6417 10468.7001  1.20%   148 1720s
 24352 11542 10545.2054  169  168 10595.6417 10468.7001  1.20%   147 1725s
 24457 11643 10560.3659  208  165 10595.6417 10468.7001  1.20%   147 1730s
 24577 11755 10571.9402  255  158 10595.6417 10468.7001  1.20%   147 1735s
 24684 11837 10580.8458  285  158 10595.6417 10468.7001  1.20%   146 1740s
 24787 11924 10587.0533  303  160 10595.6417 10468.7001  1.20%   146 1745s
 24888 11988 10530.1106  109  217 10595.6417 10468.7016  1.20%   145 1750s
 25003 12073 10571.8819  125  191 10595.6417 10468.8857  1.20%   145 1755s
 25121 12162 10595.6184  159  150 10595.6417 10468.9244  1.20%   145 1760s
 25192 12211 10495.7448   82  253 10595.6417 10469.1034  1.19%   145 1765s
 25221 12238 10559.5407  100  217 10595.6417 10469.1034  1.19%   145 1770s
 25248 12257 10594.2971  114  195 10595.6417 10469.1034  1.19%   145 1775s
 25353 12322 10503.7450   68  345 10595.6417 10469.1218  1.19%   145 1780s
 25453 12409 10589.6229  104  262 10595.6417 10469.2071  1.19%   146 1785s
 25550 12478 10473.4675   79  248 10595.6417 10469.2367  1.19%   145 1790s
 25652 12560 10502.6483  103  219 10595.6417 10469.2546  1.19%   145 1795s
 25738 12645 10536.7835  142  184 10595.6417 10469.2546  1.19%   145 1800s
 25851 12757 10564.1334  198  166 10595.6417 10469.2546  1.19%   145 1805s
 25976 12875 10578.6696  256  165 10595.6417 10469.2546  1.19%   144 1810s
 26056 12914 10590.6601   94  237 10595.6417 10469.4009  1.19%   144 1815s
 26160 12990 10492.3206   85  250 10595.6417 10469.4376  1.19%   144 1820s
 26244 13058 10512.5528   95  221 10595.6417 10469.4701  1.19%   144 1825s
 26323 13133 10539.0366  135  181 10595.6417 10469.4701  1.19%   145 1830s
 26401 13199 10569.4285  174  169 10595.6417 10469.4701  1.19%   145 1835s
 26492 13257     cutoff  218      10595.6417 10469.4701  1.19%   145 1840s
 26581 13321 10526.0715   93  237 10595.6417 10469.5061  1.19%   145 1845s
 26648 13371 10588.2533   87  249 10595.6417 10469.5310  1.19%   145 1850s
 26767 13446 10548.3871  115  196 10595.6417 10469.5471  1.19%   145 1855s
 26871 13519 10560.3794  121  191 10595.6417 10469.5791  1.19%   145 1860s
 26963 13580 10522.7782   98  223 10595.6417 10469.5806  1.19%   145 1865s
 27059 13675 10561.3507  149  170 10595.6417 10469.5806  1.19%   145 1870s
 27152 13745 10501.2812   84  245 10595.6417 10469.5996  1.19%   145 1875s
 27234 13807 10560.8176   98  227 10595.6417 10469.6752  1.19%   145 1880s
 27330 13876 10496.4550   86  244 10595.6417 10469.7450  1.19%   145 1885s
 27435 13962 10577.3101  141  158 10595.6417 10469.7819  1.19%   145 1890s
 27511 14010 10559.6770   92  241 10595.6417 10469.8233  1.19%   145 1895s
 27533 14028 10593.8398  112  211 10595.6417 10469.8233  1.19%   145 1900s
 27626 14103 10496.5309   83  248 10595.6417 10469.8645  1.19%   145 1905s
 27698 14169 10574.2632  112  212 10595.6417 10469.8645  1.19%   145 1910s
 27760 14203 10508.6492   78  256 10595.6417 10469.9542  1.19%   145 1915s
 27851 14291 10551.8613  130  181 10595.6417 10469.9542  1.19%   146 1920s
 27955 14377 10490.3055   67  377 10595.6417 10470.0478  1.19%   145 1925s
 28064 14474 10579.1905  146  172 10595.6417 10470.0727  1.19%   145 1930s
 28154 14531 10550.8639  106  215 10595.6417 10470.1599  1.18%   145 1935s
 28248 14600 10538.4483  105  216 10595.6417 10470.1975  1.18%   146 1940s
 28348 14663 10499.8987   88  230 10595.6417 10470.2250  1.18%   146 1945s
 28454 14748 10555.2661  109  213 10595.6417 10470.2293  1.18%   145 1950s
 28548 14819 10517.9400  110  208 10595.6417 10470.3866  1.18%   146 1955s
 28641 14912 10548.7588  163  171 10595.6417 10470.3866  1.18%   145 1960s
 28766 15036 10571.8750  229  165 10595.6417 10470.3866  1.18%   145 1965s
 28882 15135 10587.1073  272  159 10595.6417 10470.3866  1.18%   144 1970s
 28971 15181 10481.0568   75  301 10595.6417 10470.5153  1.18%   144 1975s
 29068 15235 10585.3464  106  220 10595.6417 10470.5728  1.18%   144 1980s
 29165 15298 10480.6029   76  462 10595.6417 10470.6275  1.18%   144 1985s
 29277 15387 10549.7154  122  193 10595.6417 10470.6516  1.18%   144 1990s
 29380 15453     cutoff  128      10595.6417 10470.6695  1.18%   144 1995s
 29445 15501 10514.5843   77  334 10595.6417 10470.7091  1.18%   145 2000s
 29516 15570 10567.2887  113  354 10595.6417 10470.7091  1.18%   145 2005s
 29603 15625 10482.7839   78  258 10595.6417 10470.7412  1.18%   145 2010s
 29696 15717 10541.0766  140  177 10595.6417 10470.7412  1.18%   145 2015s
 29810 15831 10567.4785  194  165 10595.6417 10470.7412  1.18%   145 2020s
 29929 15946 10584.5704  249  162 10595.6417 10470.7412  1.18%   144 2025s
 29991 15968 10507.2862   80  253 10595.6417 10470.8023  1.18%   145 2030s
 30075 16026 10555.7453   99  221 10595.6417 10470.8774  1.18%   145 2035s
 30174 16082 10475.6812   75  382 10595.6417 10470.9481  1.18%   145 2040s
 30281 16172 10547.9950  105  213 10595.6417 10470.9527  1.18%   145 2045s
 30390 16255 10568.1673  130  185 10595.6417 10470.9645  1.18%   145 2050s
 30482 16320 10585.4486  134  182 10595.6417 10471.0029  1.18%   145 2056s
 30541 16357 10543.7845  105  355 10595.6417 10471.0695  1.18%   145 2060s
 30628 16409 10528.7159   83  257 10595.6417 10471.0856  1.18%   145 2065s
 30718 16498 10588.6236  132  173 10595.6417 10471.0856  1.18%   145 2070s
 30824 16576 10593.6444  148  169 10595.6417 10471.1414  1.18%   145 2075s
 30934 16659 10550.6557  116  184 10595.6417 10471.2164  1.17%   145 2080s
 31020 16702 10548.2571   89  234 10595.6417 10471.2291  1.17%   145 2085s
 31124 16787 10569.0620  140  171 10595.6417 10471.2307  1.17%   145 2090s
 31172 16816 10510.2705   89  429 10595.6417 10471.3766  1.17%   145 2095s
 31257 16901 10525.0319  132  178 10595.6417 10471.3766  1.17%   145 2100s
 31335 16974 10552.5627  171  171 10595.6417 10471.3766  1.17%   145 2105s
 31441 17071 10571.7044  224  163 10595.6417 10471.3766  1.17%   145 2110s
 31536 17141 10585.3443  272  160 10595.6417 10471.3766  1.17%   145 2115s
 31628 17205 10555.2362   94  228 10595.6417 10471.4831  1.17%   145 2120s
 31734 17283 10524.9143   78  253 10595.6417 10471.4917  1.17%   145 2125s
 31835 17375 10510.5520  115  208 10595.6417 10471.5034  1.17%   145 2130s
 31927 17467 10538.5835  167  171 10595.6417 10471.5034  1.17%   145 2135s
 32056 17595 10559.4086  234  165 10595.6417 10471.5034  1.17%   144 2140s
 32174 17696 10573.5539  278  160 10595.6417 10471.5034  1.17%   144 2145s
 32285 17783 10584.6163  320  160 10595.6417 10471.5034  1.17%   144 2150s
 32390 17837 10476.4905   80  257 10595.6417 10471.5203  1.17%   143 2155s
 32506 17940 10560.4084  121  196 10595.6417 10471.5591  1.17%   143 2160s
 32603 18007 10512.5353   87  246 10595.6417 10471.5708  1.17%   143 2165s
 32716 18095 10480.2982   77  261 10595.6417 10471.5973  1.17%   143 2170s
 32814 18174 10593.9117   93  238 10595.6417 10471.6459  1.17%   143 2175s
 32917 18248 10551.8703   97  240 10595.6417 10471.7005  1.17%   143 2180s
 33031 18336 10497.5322   89  229 10595.6417 10471.7421  1.17%   143 2185s
 33122 18427 10530.9924  134  181 10595.6417 10471.7421  1.17%   143 2190s
 33239 18544 10555.7462  194  166 10595.6417 10471.7421  1.17%   143 2195s
 33362 18659 10570.4483  254  168 10595.6417 10471.7421  1.17%   143 2200s
 33474 18742 10585.5505  296  164 10595.6417 10471.7421  1.17%   142 2205s
 33576 18821 10574.8558  140  171 10595.6417 10471.7717  1.17%   142 2210s
 33687 18896 10592.8038  148  153 10595.6417 10471.7877  1.17%   142 2215s
 33773 18969 10516.7550  116  203 10595.6417 10471.8054  1.17%   142 2220s
 33857 19048 10545.4654  159  166 10595.6417 10471.8054  1.17%   142 2225s
 33944 19131 10570.2656  202  160 10595.6417 10471.8054  1.17%   142 2230s
 34052 19217 10581.0994  256  159 10595.6417 10471.8054  1.17%   142 2235s
 34162 19290 10496.4091   87  243 10595.6417 10471.8806  1.17%   142 2240s
 34273 19384 10591.7266  128  186 10595.6417 10471.8843  1.17%   142 2245s
 34364 19443 10516.9422   88  387 10595.6417 10471.9258  1.17%   142 2250s
 34442 19490 10472.3310   75  261 10595.6417 10471.9337  1.17%   142 2255s
 34538 19565 10530.5174   90  248 10595.6417 10471.9593  1.17%   142 2260s
 34641 19658 10521.8590  127  178 10595.6417 10471.9849  1.17%   142 2265s
 34749 19765 10552.6504  176  168 10595.6417 10471.9849  1.17%   142 2270s
 34877 19892 10569.5156  250  164 10595.6417 10471.9849  1.17%   142 2275s
 34985 19957 10589.3783  285  156 10595.6417 10471.9849  1.17%   141 2280s
 35064 20003 10488.1424   89  234 10595.6417 10471.9991  1.17%   141 2285s
 35167 20068 10591.1343   89  238 10595.6417 10472.0449  1.17%   141 2290s
 35278 20155 10537.8649  102  225 10595.6417 10472.1361  1.17%   141 2295s
 35391 20245 10576.3101  128  184 10595.6417 10472.1418  1.17%   141 2300s
 35503 20321 10567.5771  133  181 10595.6417 10472.1965  1.17%   141 2305s
 35590 20366 10574.5736   69  430 10595.6417 10472.1973  1.17%   141 2310s
 35673 20441 10563.9512  117  243 10595.6417 10472.2152  1.16%   142 2315s
 35768 20512 10542.0990  119  191 10595.6417 10472.2279  1.16%   142 2320s
 35872 20596 10541.2206  103  223 10595.6417 10472.2468  1.16%   142 2325s
 35980 20670 10594.1011  126  187 10595.6417 10472.2519  1.16%   142 2330s
 36081 20715 10500.5330   90  341 10595.6417 10472.2757  1.16%   142 2335s
 36185 20802 10544.8638  107  220 10595.6417 10472.3096  1.16%   142 2340s
 36298 20881 10588.9047  135  168 10595.6417 10472.3239  1.16%   142 2345s
H36380 20939                    10595.640891 10472.3302  1.16%   142 2350s
 36435 20996 10529.4760  121  189 10595.6409 10472.3302  1.16%   142 2355s
 36532 21093 10558.6824  168  177 10595.6409 10472.3302  1.16%   142 2360s
 36637 21197 10581.2168  219  169 10595.6409 10472.3302  1.16%   142 2365s
 36713 21244 10571.8498   82  258 10595.6409 10472.3439  1.16%   142 2370s
 36803 21297 10569.8355  127  370 10595.6409 10472.3513  1.16%   142 2375s
 36899 21342 10507.1736   90  340 10595.6409 10472.4454  1.16%   142 2380s
 37007 21430 10586.4749  116  217 10595.6409 10472.4923  1.16%   142 2385s
 37023 21433 10488.1934   76  343 10595.6409 10472.5000  1.16%   142 2392s
 37058 21462     cutoff  111      10595.6409 10472.5000  1.16%   142 2395s
 37133 21504 10495.5594   85  300 10595.6409 10472.5438  1.16%   142 2400s
 37208 21572 10593.8978  123  207 10595.6409 10472.5438  1.16%   142 2405s
 37304 21645 10586.1376  125  184 10595.6409 10472.5489  1.16%   142 2410s
H37380 21695                    10595.627857 10472.5686  1.16%   142 2413s
H37380 21695                    10595.625689 10472.5686  1.16%   142 2413s
 37389 21696 10492.7728   81  377 10595.6257 10472.6077  1.16%   142 2415s
 37490 21793 10541.9175  135  179 10595.6257 10472.6077  1.16%   142 2420s
 37600 21901 10573.9967  188  165 10595.6257 10472.6077  1.16%   142 2425s
 37712 21991 10536.2602  106  223 10595.6257 10472.6443  1.16%   142 2430s
 37809 22050 10503.1191   78  258 10595.6257 10472.6806  1.16%   142 2435s
 37897 22116 10578.0764  122  192 10595.6257 10472.7047  1.16%   142 2440s
 38008 22194 10536.8503  118  207 10595.6257 10472.7632  1.16%   142 2445s
 38082 22239 10518.2319  102  221 10595.6257 10472.7641  1.16%   142 2450s
 38205 22339 10499.1912   85  250 10595.6257 10472.8191  1.16%   142 2455s
 38314 22415 10484.1525   73  263 10595.6257 10472.8607  1.16%   142 2460s
 38410 22511 10553.0247  131  189 10595.6257 10472.8607  1.16%   142 2465s
 38501 22600 10579.7500  169  174 10595.6257 10472.8607  1.16%   142 2470s
 38582 22660 10565.8781  110  219 10595.6257 10472.8614  1.16%   142 2475s
 38683 22729 10480.7073   76  357 10595.6257 10472.8947  1.16%   142 2480s
 38786 22817 10552.5717  118  199 10595.6257 10472.8995  1.16%   142 2485s
 38866 22860 10514.3874   98  221 10595.6257 10472.9402  1.16%   142 2490s
 38974 22949 10561.8160  124  190 10595.6257 10472.9454  1.16%   142 2495s
 39074 23006 10479.2906   86  247 10595.6257 10473.0029  1.16%   142 2500s
 39156 23062 10535.7002   80  258 10595.6257 10473.0631  1.16%   142 2505s
 39242 23147 10591.0832  126  183 10595.6257 10473.0631  1.16%   142 2510s
 39341 23209 10538.8105   84  249 10595.6257 10473.0892  1.16%   142 2515s
 39460 23295 10521.8158   89  243 10595.6257 10473.1270  1.16%   142 2520s
 39568 23376 10500.8549   91  233 10595.6257 10473.1920  1.16%   142 2525s
 39662 23449 10491.7163   81  252 10595.6257 10473.1935  1.16%   142 2530s
 39726 23507 10556.3514   93  236 10595.6257 10473.1935  1.16%   142 2535s
 39782 23557 10582.6454  103  218 10595.6257 10473.1935  1.16%   142 2540s
 39871 23605 10588.9189  119  199 10595.6257 10473.2073  1.16%   142 2545s
 39942 23654 10573.7344   87  409 10595.6257 10473.2283  1.16%   143 2550s
 40039 23740 10581.7589  131  216 10595.6257 10473.2401  1.16%   143 2555s
 40126 23797 10503.9869   85  249 10595.6257 10473.2824  1.15%   143 2560s
 40238 23875 10483.7410   79  377 10595.6257 10473.3286  1.15%   143 2565s
 40333 23938 10483.4485   80  333 10595.6257 10473.3757  1.15%   143 2570s
 40425 24009 10530.2071   97  231 10595.6257 10473.3765  1.15%   143 2575s
 40525 24082 10510.1873   91  230 10595.6257 10473.4244  1.15%   143 2580s
 40646 24187     cutoff  133      10595.6257 10473.4292  1.15%   143 2585s
 40744 24274 10528.2795  130  195 10595.6257 10473.4359  1.15%   143 2590s
 40855 24385 10559.3444  184  174 10595.6257 10473.4359  1.15%   143 2595s
 40983 24510 10575.4651  251  170 10595.6257 10473.4359  1.15%   142 2600s
 41078 24572 10490.5715   79  264 10595.6257 10473.4387  1.15%   142 2605s
 41182 24657 10550.2143  106  216 10595.6257 10473.4427  1.15%   142 2610s
 41292 24738 10593.8621  151  163 10595.6257 10473.4981  1.15%   142 2615s
 41409 24817 10547.9814  115  192 10595.6257 10473.5203  1.15%   142 2620s
 41502 24868 10473.6576   74  265 10595.6257 10473.5257  1.15%   142 2625s
 41607 24941 10592.6212   92  236 10595.6257 10473.5634  1.15%   142 2630s
 41719 24999 10584.0875  131  183 10595.6257 10473.5780  1.15%   142 2635s
 41805 25069 10529.6566  111  203 10595.6257 10473.5920  1.15%   142 2640s
 41890 25146 10571.9852  154  171 10595.6257 10473.5920  1.15%   142 2645s
 41979 25207 10517.2079  112  217 10595.6257 10473.5940  1.15%   142 2650s
 42084 25310 10551.4418  161  166 10595.6257 10473.5940  1.15%   142 2655s
 42215 25441 10574.4356  226  160 10595.6257 10473.5940  1.15%   142 2660s
 42330 25528 10479.0606   85  241 10595.6257 10473.5941  1.15%   141 2665s
 42443 25618 10527.8475  107  220 10595.6257 10473.6270  1.15%   141 2670s
 42535 25681 10523.8044  102  224 10595.6257 10473.6437  1.15%   141 2675s
 42635 25749 10595.2005  125  186 10595.6257 10473.6575  1.15%   141 2680s
 42747 25841 10533.3081  108  219 10595.6257 10473.6780  1.15%   141 2685s
 42853 25918 10482.1803   73  265 10595.6257 10473.7165  1.15%   141 2690s
 42923 25980 10559.0163  111  208 10595.6257 10473.7432  1.15%   142 2696s
 42991 26030 10521.9219  105  214 10595.6257 10473.7637  1.15%   141 2700s
 43094 26132 10552.0930  159  171 10595.6257 10473.7637  1.15%   141 2705s
 43214 26252 10572.4852  222  164 10595.6257 10473.7637  1.15%   141 2710s
 43321 26348 10590.0082  263  164 10595.6257 10473.7637  1.15%   141 2715s
 43414 26402 10520.8636   74  267 10595.6257 10473.7702  1.15%   141 2720s
 43501 26467 10570.5194  118  205 10595.6257 10473.7852  1.15%   141 2725s
 43620 26543 10489.1607   88  324 10595.6257 10473.8368  1.15%   141 2730s
 43725 26622 10527.9437  107  218 10595.6257 10473.9178  1.15%   141 2735s
 43816 26696 10502.9643   96  223 10595.6257 10473.9201  1.15%   141 2740s
 43892 26770 10534.4238  134  189 10595.6257 10473.9201  1.15%   141 2745s
 43960 26832     cutoff  168      10595.6257 10473.9201  1.15%   141 2750s
 44056 26908 10582.1231  216  167 10595.6257 10473.9201  1.15%   141 2755s
 44159 26964 10491.0198   82  446 10595.6257 10473.9410  1.15%   141 2760s
 44260 27045 10577.3458  107  217 10595.6257 10473.9580  1.15%   141 2765s
 44335 27109 10545.1407  112  209 10595.6257 10473.9886  1.15%   141 2770s
 44430 27200 10576.8723  152  175 10595.6257 10473.9886  1.15%   141 2775s
 44502 27246 10488.5563   80  249 10595.6257 10474.0022  1.15%   141 2780s
 44615 27345 10590.7140  114  211 10595.6257 10474.0028  1.15%   141 2785s
 44687 27381 10512.9862   90  239 10595.6257 10474.0173  1.15%   141 2790s
 44793 27471 10567.1032  128  187 10595.6257 10474.0306  1.15%   141 2795s
 44887 27535 10496.1533   75  266 10595.6257 10474.0999  1.15%   141 2800s
 44979 27598 10532.3528   81  257 10595.6257 10474.1104  1.15%   141 2805s
 45090 27693 10516.2858  124  187 10595.6257 10474.1134  1.15%   141 2810s
 45181 27783 10541.7443  166  174 10595.6257 10474.1134  1.15%   141 2815s
 45298 27899 10563.1045  224  166 10595.6257 10474.1134  1.15%   141 2820s
 45410 27999 10575.5922  273  163 10595.6257 10474.1134  1.15%   141 2825s
 45505 28059 10594.6618  305  162 10595.6257 10474.1134  1.15%   141 2830s
 45618 28133 10494.5531   94  234 10595.6257 10474.1437  1.15%   140 2835s
 45734 28224 10556.6471  130  176 10595.6257 10474.1443  1.15%   140 2840s
 45826 28287 10505.3921   99  219 10595.6257 10474.1450  1.15%   141 2845s
 45904 28358     cutoff  139      10595.6257 10474.1450  1.15%   141 2850s
 45997 28415 10505.4449   88  244 10595.6257 10474.1574  1.15%   141 2855s
 46093 28488 10587.0023  100  226 10595.6257 10474.1742  1.15%   141 2860s
 46175 28535 10484.2677   80  259 10595.6257 10474.2335  1.15%   141 2865s
 46241 28587 10487.9352   78  360 10595.6257 10474.2557  1.15%   141 2870s
 46365 28695 10595.3958  135  168 10595.6257 10474.2562  1.15%   141 2875s
 46468 28781 10527.8747  130  187 10595.6257 10474.2599  1.15%   141 2880s
 46571 28883 10555.0387  175  172 10595.6257 10474.2599  1.15%   140 2885s
 46697 29008 10574.6180  247  166 10595.6257 10474.2599  1.15%   140 2890s
 46803 29086 10591.6304  284  164 10595.6257 10474.2599  1.15%   140 2895s
 46894 29151 10475.5015   70  274 10595.6257 10474.2890  1.15%   140 2900s
 47005 29245 10590.4784  146  163 10595.6257 10474.3085  1.14%   140 2905s
 47120 29315 10489.9575   82  250 10595.6257 10474.3767  1.14%   140 2910s
 47207 29383 10542.7253   84  252 10595.6257 10474.3979  1.14%   140 2915s
 47302 29458 10562.9233  126  184 10595.6257 10474.4051  1.14%   140 2920s
 47401 29522 10593.2190  139  174 10595.6257 10474.4133  1.14%   140 2925s
 47489 29589 10592.2203  117  206 10595.6257 10474.4169  1.14%   140 2930s
 47562 29651 10557.2642  106  258 10595.6257 10474.4175  1.14%   140 2935s
 47645 29728 10573.0854  148  177 10595.6257 10474.4175  1.14%   141 2940s
 47756 29807 10479.2108   82  255 10595.6257 10474.4749  1.14%   140 2945s
 47853 29882 10569.4440  112  204 10595.6257 10474.5174  1.14%   141 2950s
 47937 29937 10530.4305  107  211 10595.6257 10474.5376  1.14%   141 2955s
 48030 29995 10493.2872   83  249 10595.6257 10474.5494  1.14%   141 2960s
 48144 30088 10595.6143  136  171 10595.6257 10474.5913  1.14%   141 2965s
 48214 30135 10539.5474   90  234 10595.6257 10474.5944  1.14%   141 2970s
 48288 30199 10516.7119  102  224 10595.6257 10474.5976  1.14%   141 2975s
 48381 30292 10540.0167  129  188 10595.6257 10474.5976  1.14%   141 2980s
 48484 30393 10555.0575  154  173 10595.6257 10474.5976  1.14%   141 2985s
 48584 30492 10570.9059  186  166 10595.6257 10474.5976  1.14%   141 2990s
 48684 30570     cutoff  228      10595.6257 10474.5976  1.14%   141 2995s
 48792 30652 10487.8071   81  258 10595.6257 10474.6125  1.14%   141 3000s
 48898 30740 10533.1326  106  219 10595.6257 10474.6262  1.14%   141 3005s
 49018 30831 10482.5302   74  261 10595.6257 10474.6477  1.14%   141 3010s
 49130 30922 10542.4508  112  212 10595.6257 10474.6509  1.14%   141 3015s
 49194 30974 10580.6834  120  197 10595.6257 10474.6538  1.14%   141 3020s
 49278 31039 10521.8072  109  215 10595.6257 10474.6553  1.14%   141 3025s
 49365 31119 10551.7588  153  263 10595.6257 10474.6553  1.14%   141 3030s
 49460 31192 10591.1384  201  164 10595.6257 10474.6553  1.14%   141 3035s
 49553 31247 10594.6496  111  209 10595.6257 10474.6635  1.14%   141 3040s
 49652 31323 10552.1026  110  211 10595.6257 10474.7228  1.14%   141 3045s
 49740 31373 10498.0161   72  271 10595.6257 10474.7389  1.14%   141 3050s
 49749 31381 10509.7629   81  258 10595.6257 10474.7389  1.14%   141 3055s
 49758 31390 10518.1530   90  236 10595.6257 10474.7389  1.14%   141 3060s
 49863 31460 10477.6417   77  260 10595.6257 10474.7831  1.14%   141 3065s
 49980 31543 10590.2544  130  190 10595.6257 10474.7929  1.14%   141 3070s
 50093 31634 10548.3595  115  196 10595.6257 10474.7981  1.14%   141 3075s
 50215 31721 10477.1209   82  249 10595.6257 10474.8160  1.14%   141 3080s
 50314 31808 10533.3311  114  197 10595.6257 10474.8256  1.14%   141 3085s
 50419 31912 10561.3017  167  177 10595.6257 10474.8256  1.14%   141 3090s
 50534 32024 10581.6475  231  170 10595.6257 10474.8256  1.14%   140 3095s
 50620 32064 10594.9414  114  208 10595.6257 10474.8416  1.14%   140 3100s
 50710 32102 10557.2601  114  210 10595.6257 10474.8623  1.14%   140 3105s
 50789 32154 10569.2207   96  231 10595.6257 10474.8750  1.14%   141 3110s
 50917 32237     cutoff  155      10595.6257 10474.8967  1.14%   141 3115s
 51010 32310 10507.3221   98  216 10595.6257 10475.0002  1.14%   141 3120s
 51094 32389 10536.9997  140  181 10595.6257 10475.0002  1.14%   141 3125s
 51174 32459 10578.7102  180  167 10595.6257 10475.0002  1.14%   141 3130s
 51267 32535 10581.4224  227  162 10595.6257 10475.0002  1.14%   141 3135s
 51355 32591 10533.6382  108  222 10595.6257 10475.0254  1.14%   141 3140s
 51469 32682 10592.8017  142  170 10595.6257 10475.0314  1.14%   141 3145s
 51559 32742 10496.7307   86  244 10595.6257 10475.0581  1.14%   141 3150s
 51662 32844 10543.7280  141  180 10595.6257 10475.0581  1.14%   141 3155s
 51775 32955 10576.9568  196  166 10595.6257 10475.0581  1.14%   140 3160s
 51874 33026 10531.6591  109  210 10595.6257 10475.0679  1.14%   140 3165s
 51986 33101 10499.3198   93  223 10595.6257 10475.0885  1.14%   140 3170s
 52082 33179 10582.3262  119  298 10595.6257 10475.0967  1.14%   140 3175s
 52160 33223 10500.2392   86  399 10595.6257 10475.1792  1.14%   140 3180s
 52272 33309 10489.5566   82  440 10595.6257 10475.2158  1.14%   140 3185s
 52384 33402 10587.6755  145  168 10595.6257 10475.2327  1.14%   140 3190s
 52492 33470 10486.6732   90  233 10595.6257 10475.2425  1.14%   140 3195s
 52601 33579 10528.1740  141  176 10595.6257 10475.2425  1.14%   140 3200s
 52717 33695 10552.9888  204  167 10595.6257 10475.2425  1.14%   140 3205s
 52839 33809 10571.4421  260  165 10595.6257 10475.2425  1.14%   140 3210s
 52941 33887 10583.9133  293  162 10595.6257 10475.2425  1.14%   140 3215s
 53032 33963 10587.6304  306  159 10595.6257 10475.2425  1.14%   140 3220s
 53114 34016 10547.3327  113  213 10595.6257 10475.2773  1.14%   139 3225s
 53222 34089     cutoff  147      10595.6257 10475.2867  1.14%   139 3230s
 53330 34184 10518.2428  106  221 10595.6257 10475.3997  1.13%   139 3235s
 53450 34272 10590.9130  137  171 10595.6257 10475.4321  1.13%   139 3240s
 53551 34330 10491.8911   79  378 10595.6257 10475.5107  1.13%   139 3245s
 53656 34399     cutoff  144      10595.6257 10475.5171  1.13%   139 3250s
 53767 34488 10583.6062  130  176 10595.6257 10475.5220  1.13%   139 3255s
 53845 34548 10583.0715  111  212 10595.6257 10475.5230  1.13%   139 3260s
 53950 34617 10593.1842  136  179 10595.6257 10475.5300  1.13%   139 3265s
 54048 34686 10484.8136   80  262 10595.6257 10475.5924  1.13%   139 3270s
 54172 34795 10568.1248  134  182 10595.6257 10475.6050  1.13%   139 3275s
 54282 34869 10584.4709  134  174 10595.6257 10475.6099  1.13%   139 3280s
 54395 34946 10522.8353   91  235 10595.6257 10475.6207  1.13%   139 3285s
 54498 35012 10580.4335  123  196 10595.6257 10475.6220  1.13%   139 3290s
 54607 35093 10537.7128  122  192 10595.6257 10475.6658  1.13%   139 3295s
 54708 35193 10567.2955  171  176 10595.6257 10475.6658  1.13%   139 3300s
 54812 35284 10565.4115  103  224 10595.6257 10475.6741  1.13%   139 3305s
 54915 35353 10491.8608   83  250 10595.6257 10475.7029  1.13%   139 3310s
 55016 35429 10585.1941  110  211 10595.6257 10475.7244  1.13%   139 3315s
H55057 35450                    10595.619936 10475.7960  1.13%   139 3317s
 55058 35453 10537.8365  108  218 10595.6199 10475.7960  1.13%   139 3321s
 55084 35470 10529.7792   78  260 10595.6199 10475.7998  1.13%   139 3325s
 55136 35511 10520.1589   95  229 10595.6199 10475.8009  1.13%   139 3330s
 55220 35565 10516.9051  103  217 10595.6199 10475.8140  1.13%   139 3335s
 55320 35649 10553.9527   99  225 10595.6199 10475.8336  1.13%   139 3340s
 55387 35706 10565.6656  112  321 10595.6199 10475.8438  1.13%   139 3345s
 55472 35773 10512.0920   93  237 10595.6199 10475.8554  1.13%   139 3350s
 55567 35851 10580.6261  123  200 10595.6199 10475.8588  1.13%   139 3355s
 55670 35930 10548.3125  110  218 10595.6199 10475.8698  1.13%   139 3360s
 55774 36012 10594.7484  144  158 10595.6199 10475.8870  1.13%   139 3365s
 55881 36081 10530.2773   94  227 10595.6199 10475.8943  1.13%   139 3370s
 55965 36152 10511.0360   97  216 10595.6199 10475.9081  1.13%   139 3375s
 56048 36231 10542.9221  138  179 10595.6199 10475.9081  1.13%   140 3380s
 56124 36297 10594.5680  177  296 10595.6199 10475.9081  1.13%   140 3385s
 56226 36364 10491.1470   85  246 10595.6199 10475.9161  1.13%   139 3390s
 56346 36460 10592.8019  124  190 10595.6199 10475.9220  1.13%   139 3395s
 56433 36543 10570.3875  118  209 10595.6199 10476.0050  1.13%   140 3400s
 56538 36622 10576.9566  130  179 10595.6199 10476.0184  1.13%   139 3405s
 56617 36678 10592.4753  102  220 10595.6199 10476.0250  1.13%   140 3410s
 56706 36735 10541.6168  114  211 10595.6199 10476.0430  1.13%   140 3415s
 56824 36818 10507.5153   94  229 10595.6199 10476.0637  1.13%   140 3420s
 56916 36883 10594.9076  112  198 10595.6199 10476.0712  1.13%   140 3425s
 57024 36963 10476.4895   82  249 10595.6199 10476.0914  1.13%   140 3430s
 57122 37035 10522.1821  100  220 10595.6199 10476.0947  1.13%   140 3435s
 57220 37131 10553.1110  151  176 10595.6199 10476.0947  1.13%   140 3440s
 57326 37236 10576.2532  203  172 10595.6199 10476.0947  1.13%   140 3445s
 57427 37316 10565.2608  123  199 10595.6199 10476.1366  1.13%   139 3450s
 57526 37382 10520.4052   77  383 10595.6199 10476.1531  1.13%   139 3455s
 57626 37457 10556.2509  128  179 10595.6199 10476.1566  1.13%   139 3460s
 57707 37513 10503.9107  104  217 10595.6199 10476.1832  1.13%   140 3465s
 57785 37590 10532.1157  143  185 10595.6199 10476.1832  1.13%   140 3470s
 57867 37661     cutoff  184      10595.6199 10476.1832  1.13%   140 3475s
 57960 37739 10576.9899  231  167 10595.6199 10476.1832  1.13%   140 3480s
 58047 37795 10536.2453  110  212 10595.6199 10476.1844  1.13%   140 3485s
 58129 37854 10589.1980  136  177 10595.6199 10476.2169  1.13%   140 3490s
 58214 37907 10534.6126  100  220 10595.6199 10476.2370  1.13%   140 3495s
 58304 37969 10509.9014   89  236 10595.6199 10476.2656  1.13%   140 3500s
 58398 38063 10553.4683  141  182 10595.6199 10476.2656  1.13%   140 3505s
 58489 38153 10578.7541  177  168 10595.6199 10476.2656  1.13%   140 3510s
 58562 38204 10554.2406  112  216 10595.6199 10476.2957  1.13%   140 3515s
 58664 38270 10486.0295   83  383 10595.6199 10476.3127  1.13%   140 3520s
 58773 38367 10566.4605  127  193 10595.6199 10476.3316  1.13%   140 3525s
 58883 38435 10593.7630  140  169 10595.6199 10476.3343  1.13%   140 3530s
 58938 38476 10555.8562   99  228 10595.6199 10476.3500  1.13%   140 3535s
 59036 38554 10593.9847  151  148 10595.6199 10476.3528  1.13%   140 3540s
 59144 38619 10496.3761   84  243 10595.6199 10476.3690  1.13%   140 3545s
 59266 38720     cutoff  144      10595.6199 10476.3693  1.13%   140 3550s
 59368 38814 10532.6063  128  186 10595.6199 10476.3713  1.13%   140 3555s
 59469 38915 10565.0070  176  164 10595.6199 10476.3713  1.13%   139 3560s
 59589 39033 10582.7210  238  162 10595.6199 10476.3713  1.13%   139 3565s
 59689 39105 10582.4959  135  178 10595.6199 10476.3785  1.13%   139 3570s
 59770 39168 10517.3112  106  217 10595.6199 10476.3855  1.13%   139 3575s
 59853 39249 10541.2907  148  176 10595.6199 10476.3855  1.13%   139 3580s
 59928 39313 10583.7794  186  169 10595.6199 10476.3855  1.13%   139 3585s
 60023 39381 10544.5992   98  223 10595.6199 10476.4186  1.13%   139 3590s
 60129 39467 10531.8186  108  215 10595.6199 10476.4282  1.12%   139 3595s
 60228 39532 10485.2112   82  339 10595.6199 10476.4346  1.12%   139 3600s

Cutting planes:
  Gomory: 53
  Lift-and-project: 17
  Implied bound: 5
  MIR: 269
  Mixing: 1
  Flow cover: 896
  RLT: 2
  Relax-and-lift: 11
  BQP: 1
  PSD: 1

Explored 60229 nodes (8412738 simplex iterations) in 3600.02 seconds (1286.67 work units)
Thread count was 1 (of 56 available processors)

Solution count 10: 10595.6 10595.6 10595.6 ... 10595.6

Time limit reached
Best objective 1.059561993606e+04, best bound 1.047643461581e+04, gap 1.1249%

User-callback calls 459182, time in user-callback 1.55 sec
reading holmberg data file ../../../../../instances/uflp/holmberg/p33
primal_bound = 10595.619936058785, dual_bound = 10476.434615814744, gap = 1.1248546188263384, time = 3600.03
