solving instance uflp nlass gunluk ../../../../../instances/uflp/gunluk/gunluk-20-40-9.txt sinabc1
Set parameter TokenServer to value "licences.gerad.lan"
Set parameter MIPGap to value 1e-06
Set parameter FuncPieceError to value 1e-06
Set parameter Threads to value 1
Set parameter FuncPieces to value -2
Set parameter TimeLimit to value 3600
Gurobi Optimizer version 12.0.2 build v12.0.2rc0 (linux64 - "AlmaLinux 9.6 (Sage Margay)")

CPU model: Intel(R) Xeon(R) Gold 6258R CPU @ 2.70GHz, instruction set [SSE2|AVX|AVX2|AVX512]
Thread count: 56 physical cores, 56 logical processors, using up to 1 threads

Non-default parameters:
TimeLimit  3600
MIPGap  1e-06
Threads  1
FuncPieces  -2
FuncPieceError  1e-06

Optimize a model with 4040 rows, 5620 columns and 9600 nonzeros
Model fingerprint: 0xe920db5a
Model has 1600 function constraints treated as nonlinear
  800 POW, 800 SIN
Variable types: 4800 continuous, 820 integer (820 binary)
Coefficient statistics:
  Matrix range     [2e-01, 2e+01]
  Objective range  [1e+00, 1e+02]
  Bounds range     [1e+00, 1e+10]
  RHS range        [1e+00, 1e+00]
Warning: Model contains large bounds
         Consider reformulating model or setting NumericFocus parameter
         to avoid numerical issues.
Presolve removed 2400 rows and 3200 columns
Presolve time: 0.01s
Presolved: 5640 rows, 2421 columns, 12800 nonzeros
Presolved model has 800 quadratic objective terms
Presolved model has 800 nonlinear constraint(s)

Solving non-convex MINLP

Variable types: 2401 continuous, 20 integer (20 binary)
Found heuristic solution: objective 1011.3114469

Root relaxation: objective 1.059710e+02, 5089 iterations, 0.42 seconds (0.37 work units)

    Nodes    |    Current Node    |     Objective Bounds      |     Work
 Expl Unexpl |  Obj  Depth IntInf | Incumbent    BestBd   Gap | It/Node Time

     0     0  105.97103    0  820 1011.31145  105.97103  89.5%     -    0s
     0     0  106.10079    0  820 1011.31145  106.10079  89.5%     -    0s
H    0     0                     811.9990900  106.10079  86.9%     -    0s
H    0     0                     811.9844485  106.10079  86.9%     -    0s
     0     2  106.10323    0  820  811.98445  106.10323  86.9%     -    0s
  1392  1394  401.30318  701  215  811.98445  116.57301  85.6%   7.3    5s
* 2547  2491            1279     401.4933391  116.57301  71.0%   5.8    7s
H 2552  2365                     400.9960693  116.57301  70.9%   5.8    8s
H 2552  2247                     400.8322996  116.57301  70.9%   5.8    8s
H 2554  2135                     396.8582369  116.57301  70.6%   5.8    9s
  2556  2138  116.57301   13  779  396.85824  116.57301  70.6%   8.0   18s
  2639  2194  267.01481   54  199  396.85824  166.40155  58.1%  12.2   20s
H 3492  2571                     393.5886977  175.22839  55.5%  13.4   22s
  3981  2866  358.57594   54  159  393.58870  175.58428  55.4%  14.1   25s
  5360  3706  233.95716   29  203  393.58870  180.26806  54.2%  15.0   30s
  6505  4387  347.95502   57  239  393.58870  189.60620  51.8%  16.8   35s
  8337  5458  201.82999   19  573  393.58870  201.82999  48.7%  16.1   40s
 10135  7059  391.96335  318  224  393.58870  208.18445  47.1%  15.4   45s
 11612  8371  382.20539  112  240  393.58870  215.69419  45.2%  16.2   50s
 13196  9688  317.61273   26  326  393.58870  225.41543  42.7%  17.0   55s
 14989 11337  377.05708  254  275  393.58870  231.33417  41.2%  16.3   60s
 16706 12954  308.58380   94  238  393.58870  231.89905  41.1%  14.9   65s
 18216 14313  352.90545   77  240  393.58870  235.66800  40.1%  15.0   70s
 20700 16528  304.51918   91  199  393.58870  237.46514  39.7%  13.4   75s
 22847 18481  261.26386   26  366  393.58870  238.21966  39.5%  12.6   80s
H23928 18599                     392.3726850  238.70908  39.2%  12.3   82s
H23931 18602                     392.3726375  238.70908  39.2%  12.3   82s
H24182 18831                     392.3725737  238.70908  39.2%  12.2   83s
 24545 19144  308.98987   34  160  392.37257  238.89658  39.1%  12.2   85s
 26525 20998  314.66017  123  237  392.37257  239.71335  38.9%  11.5   90s
 28880 23117  297.22500   80  199  392.37257  240.59419  38.7%  10.8   95s
 30975 24978  392.26712  310  219  392.37257  240.89510  38.6%  10.3  100s
 33190 26997  392.33038  251  225  392.37257  241.84465  38.4%   9.8  105s
 35330 28899  385.25975  177  198  392.37257  242.54187  38.2%   9.4  110s
 37140 30497  360.77450  185  234  392.37257  242.85584  38.1%   9.1  115s
 39206 32353  304.63454   85  199  392.37257  243.32728  38.0%   8.7  120s
 41355 34300  384.60280  167  199  392.37257  243.88060  37.8%   8.4  125s
 43040 35751  278.45737   55  238  392.37257  244.37249  37.7%   8.4  130s
 45175 37698  386.22670  270  225  392.37257  244.66823  37.6%   8.1  135s
 47415 39594  273.27700   62  200  392.37257  244.97987  37.6%   7.8  140s
 49502 41507  391.97807  291  223  392.37257  245.31231  37.5%   7.5  145s
 51534 43283  327.62825  140  239  392.37257  245.60094  37.4%   7.3  150s
 53680 45139  375.46546  149  231  392.37257  246.01317  37.3%   7.1  155s
 55591 46978  327.55695  107  199  392.37257  246.15581  37.3%   6.9  160s
 57519 48700  392.34302  275  225  392.37257  246.31964  37.2%   6.8  165s
 59702 50637  354.59474  174  236  392.37257  246.68706  37.1%   6.6  170s
 61582 52375  317.47867  113  236  392.37257  246.84887  37.1%   6.5  175s
 63290 53908  296.89576   90  238  392.37257  246.97384  37.1%   6.5  180s
 65333 55757  391.07971  279  223  392.37257  247.28310  37.0%   6.4  185s
 67319 57486  382.82945  250  229  392.37257  247.44820  36.9%   6.2  190s
 69490 59403  389.95454  181  195  392.37257  247.62418  36.9%   6.1  195s
 71623 61332  293.03475   81  239  392.37257  247.81735  36.8%   6.0  200s
 73616 63139  373.85339  215  232  392.37257  247.96679  36.8%   5.8  205s
 75772 65009  313.26206   88  200  392.37257  248.11624  36.8%   5.7  210s
 78056 67061  276.39785   62  238  392.37257  248.39686  36.7%   5.6  215s
 80298 69123  380.97599  241  230  392.37257  248.54144  36.7%   5.4  220s
 82247 70940  271.62477   57  199  392.37257  248.60163  36.6%   5.3  225s
 84387 72962  390.04281  294  224  392.37257  248.66519  36.6%   5.2  230s
 86423 74758  392.32152  308  216  392.37257  248.84002  36.6%   5.1  235s
 88733 76800  346.62188  158  237  392.37257  249.12422  36.5%   5.0  240s
 90918 78733  367.28002  152  199  392.37257  249.22609  36.5%   4.9  245s
 92893 80546     cutoff  178       392.37257  249.35587  36.4%   4.9  250s
 94854 82399  319.80267  128  239  392.37257  249.42033  36.4%   4.8  255s
 97212 84531  320.41542   99  199  392.37257  249.53662  36.4%   4.7  260s
 99406 86633  389.98281  301  225  392.37257  249.60595  36.4%   4.6  265s
 101526 88509  295.01854   97  238  392.37257  249.74903  36.3%   4.6  270s
 103688 90429  351.80386   75  234  392.37257  249.84949  36.3%   4.5  275s
 105972 92501  264.87272   37  199  392.37257  250.01217  36.3%   4.4  280s
 108320 94653  301.14901   92  238  392.37257  250.11155  36.3%   4.3  285s
 110324 96463  293.99695   74  199  392.37257  250.26182  36.2%   4.3  290s
 112573 98492  346.53783  152  239  392.37257  250.42664  36.2%   4.2  295s
 114714 100393  344.53140  160  238  392.37257  250.48929  36.2%   4.1  300s
 117007 102472  382.82877  188  228  392.37257  250.56892  36.1%   4.1  305s
 119068 104429  391.55950  310  224  392.37257  250.59040  36.1%   4.0  310s
 121158 106293  297.59787   91  237  392.37257  250.64531  36.1%   4.0  315s
 122481 107373  391.43654  177  195  392.37257  250.72467  36.1%   4.1  320s
 124319 109049  353.93795  133  198  392.37257  250.79884  36.1%   4.1  325s
 126604 111146  387.24400  233  229  392.37257  250.89342  36.1%   4.1  330s
 128789 113031  332.65210  108  198  392.37257  251.00385  36.0%   4.0  335s
 131057 115065  341.55590  117  199  392.37257  251.06961  36.0%   4.0  340s
 133164 117026  291.63094   88  240  392.37257  251.13199  36.0%   3.9  345s
 135281 119069  390.32721  299  225  392.37257  251.17349  36.0%   3.9  350s
 137405 120931  296.93083   78  199  392.37257  251.26434  36.0%   3.8  355s
 139444 122804  324.07860  128  238  392.37257  251.33031  35.9%   3.8  360s
 141516 124710  316.21708   86  197  392.37257  251.44586  35.9%   3.8  365s
 143653 126623  391.91258  179  194  392.37257  251.52968  35.9%   3.7  370s
 145853 128619  277.41062   66  239  392.37257  251.62857  35.9%   3.7  375s
 147823 130501  392.18082  305  226  392.37257  251.65737  35.9%   3.7  380s
 150052 132464  295.70305   83  238  392.37257  251.73118  35.8%   3.6  385s
 152058 134286  328.65062  142  238  392.37257  251.77662  35.8%   3.6  390s
 153964 136148  391.49235  325  224  392.37257  251.78979  35.8%   3.6  395s
 155798 137732  383.98761  242  231  392.37257  251.84698  35.8%   3.6  400s
 157847 139543  361.75685  196  236  392.37257  251.91537  35.8%   3.6  405s
 159878 141307  304.07263   86  199  392.37257  251.94151  35.8%   3.6  410s
 161800 143071  373.66671  122  232  392.37257  251.99916  35.8%   3.6  415s
 163969 144972  351.95314   64  197  392.37257  252.11635  35.7%   3.6  420s
 165862 146735  391.32655  284  225  392.37257  252.19218  35.7%   3.5  425s
H167496 148201                     392.3672677  252.23352  35.7%   3.5  428s
H167499 148200                     392.3669426  252.23352  35.7%   3.5  429s
H167502 148203                     392.3663580  252.23352  35.7%   3.5  429s
 167826 148411  334.21690  114  199  392.36636  252.23617  35.7%   3.5  430s
 170017 150440  377.79987  287  269  392.36636  252.26441  35.7%   3.5  435s
 172029 152274  277.07614   62  199  392.36636  252.29182  35.7%   3.4  440s
 174237 154262  377.18051  163  200  392.36636  252.36249  35.7%   3.4  445s
 176394 156169  384.32802  167  198  392.36636  252.43609  35.7%   3.4  450s
 178608 158177  376.49842  210  231  392.36636  252.46566  35.7%   3.3  455s
 180458 159821  305.58178   84  199  392.36636  252.52461  35.6%   3.3  460s
 182575 161752     cutoff  344       392.36636  252.55401  35.6%   3.3  465s
 184677 163683  387.31939  284  228  392.36636  252.59676  35.6%   3.3  470s
 186591 165453  368.21100  149  199  392.36636  252.64233  35.6%   3.3  475s
 188682 167298  391.55501   98  274  392.36636  252.72209  35.6%   3.2  480s
 190887 169299  365.53700  199  234  392.36636  252.76784  35.6%   3.2  485s
 193012 171248  370.32613  206  233  392.36636  252.82988  35.6%   3.2  490s
 194889 172927  270.36786   60  239  392.36636  252.84998  35.6%   3.2  495s
 197011 174833  336.73751  152  238  392.36636  252.89160  35.5%   3.1  500s
 199153 176809  322.34003  128  237  392.36636  252.94390  35.5%   3.1  505s
 201333 178777  371.41696  214  231  392.36636  252.98179  35.5%   3.1  510s
 203419 180643  339.39365  151  238  392.36636  253.00509  35.5%   3.1  515s
 205679 182657  391.50605  239  228  392.36636  253.05328  35.5%   3.1  520s
 207732 184546  387.17499  205  225  392.36636  253.10758  35.5%   3.0  525s
 209690 186358  391.15218  295  226  392.36636  253.12325  35.5%   3.0  530s
 211692 188120  329.41475   28  284  392.36636  253.16389  35.5%   3.0  535s
 213705 190025  390.49151  323  220  392.36636  253.18805  35.5%   3.0  540s
 215645 191761  368.49562  212  233  392.36636  253.20669  35.5%   3.0  545s
 217890 193806  348.40603  155  238  392.36636  253.26266  35.5%   3.0  550s
 219786 195594  392.05383  279  220  392.36636  253.28822  35.4%   3.0  555s
 221825 197421  388.23341  304  229  392.36636  253.34627  35.4%   3.0  560s
 223933 199254  332.00395  128  236  392.36636  253.43168  35.4%   2.9  565s
 226133 201242  339.70038  119  199  392.36636  253.48230  35.4%   2.9  570s
 228351 203246  349.67317  153  238  392.36636  253.54151  35.4%   2.9  575s
 230500 205191  267.55630   50  239  392.36636  253.61289  35.4%   2.9  580s
 232631 207070  371.86673  199  233  392.36636  253.63835  35.4%   2.9  585s
 234751 209082  390.67656  308  222  392.36636  253.66319  35.4%   2.9  590s
 236788 210921  355.97666  179  236  392.36636  253.69731  35.3%   2.8  595s
 238950 212843  317.61358   80  199  392.36636  253.72688  35.3%   2.8  600s
 240840 214609  330.58509  140  238  392.36636  253.73804  35.3%   2.8  605s
 243081 216610  364.86146  118  231  392.36636  253.77990  35.3%   2.8  610s
 245353 218594  268.33043   54  239  392.36636  253.82036  35.3%   2.8  615s
 247657 220690  286.53705   78  279  392.36636  253.87883  35.3%   2.7  620s
 249556 222589  386.76319  385  258  392.36636  253.87883  35.3%   2.7  625s
 251274 224307  392.16976  513  257  392.36636  253.87883  35.3%   2.7  630s
 253244 226021  291.22960   84  238  392.36636  253.90884  35.3%   2.7  635s
 255495 228036  385.75957  264  225  392.36636  253.94790  35.3%   2.7  640s
 257543 229838  392.34968  277  219  392.36636  254.00015  35.3%   2.7  645s
 259594 231771  387.14945  278  228  392.36636  254.02332  35.3%   2.7  650s
H260406 232560                     392.3635277  254.02332  35.3%   2.7  652s
 261220 233266  364.99886  144  199  392.36353  254.03688  35.3%   2.7  655s
 263374 235266  390.42799  274  224  392.36353  254.06026  35.2%   2.7  660s
 265447 237077  270.68059   56  238  392.36353  254.11190  35.2%   2.6  665s
 267674 239050  267.33723   43  239  392.36353  254.15427  35.2%   2.6  670s
 269943 241115  339.13995  116  198  392.36353  254.17555  35.2%   2.6  675s
 271914 242928  392.24897  323  228  392.36353  254.19912  35.2%   2.6  680s
 273855 244725  390.94599  290  225  392.36353  254.20675  35.2%   2.6  685s
 275860 246492  379.83286  170  229  392.36353  254.22896  35.2%   2.6  690s
 277721 248281  390.76837  243  229  392.36353  254.23196  35.2%   2.6  695s
 279790 250126  381.76690  227  229  392.36353  254.27236  35.2%   2.6  700s
 281690 251828  382.21192  231  229  392.36353  254.28164  35.2%   2.6  705s
 283986 253838  387.59766  270  223  392.36353  254.32067  35.2%   2.6  710s
 286050 255648  285.94153   70  238  392.36353  254.38605  35.2%   2.6  715s
 288032 257448  392.15993  255  231  392.36353  254.40376  35.2%   2.6  720s
 290258 259422  293.29426   88  238  392.36353  254.43117  35.2%   2.5  725s
 292146 261234  361.07519   83  227  392.36353  254.43649  35.2%   2.5  730s
 294308 263176  327.33152  136  239  392.36353  254.47046  35.1%   2.5  735s
 296432 265024  367.08527  151  199  392.36353  254.51054  35.1%   2.5  740s
 298689 267027  353.31866  111  198  392.36353  254.53574  35.1%   2.5  745s
 300904 269026     cutoff  110       392.36353  254.57316  35.1%   2.5  750s
 303118 271036  390.95906  301  218  392.36353  254.60287  35.1%   2.5  755s
 305201 272859  380.93325  157  232  392.36353  254.63645  35.1%   2.5  760s
 307341 274827  384.75264  278  231  392.36353  254.64979  35.1%   2.5  765s
 309245 276631  344.61218  122  199  392.36353  254.65042  35.1%   2.4  770s
 311518 278680  282.08621   75  240  392.36353  254.70550  35.1%   2.4  775s
 313712 280622  342.13948  114  197  392.36353  254.74421  35.1%   2.4  780s
 315867 282489  385.32260  259  226  392.36353  254.77006  35.1%   2.4  785s
 317822 284320  391.02638  329  224  392.36353  254.77651  35.1%   2.4  790s
 319717 285999  320.90183  123  238  392.36353  254.81428  35.1%   2.4  795s
 321636 287820  390.80683  295  224  392.36353  254.82010  35.1%   2.4  800s
 323724 289716  387.19494  280  220  392.36353  254.85307  35.0%   2.4  805s
 325687 291629  390.05617  300  225  392.36353  254.86536  35.0%   2.4  810s
 327414 293162  391.51624  248  230  392.36353  254.88115  35.0%   2.4  815s
 329633 295199  392.19268  305  215  392.36353  254.90334  35.0%   2.4  820s
 331766 297078  334.98417   74  232  392.36353  254.92811  35.0%   2.4  825s
 333860 299042  387.54251  278  226  392.36353  254.94037  35.0%   2.4  830s
 335761 300803  298.91221   94  237  392.36353  254.95876  35.0%   2.3  835s
 337745 302619  385.64514  267  225  392.36353  254.96965  35.0%   2.3  840s
 339734 304420  307.11643  107  238  392.36353  254.98122  35.0%   2.3  845s
 341961 306367  392.11134  276  220  392.36353  255.00895  35.0%   2.3  850s
 344015 308241  374.66042  223  231  392.36353  255.02262  35.0%   2.3  855s
 345949 310037  392.26381  304  212  392.36353  255.02775  35.0%   2.3  860s
 348100 311938  381.75165  223  230  392.36353  255.04173  35.0%   2.3  865s
 350068 313764  373.01582  151  198  392.36353  255.06166  35.0%   2.3  870s
 352157 315743  388.03395  297  226  392.36353  255.08109  35.0%   2.3  875s
 354061 317389  343.86676  151  236  392.36353  255.10675  35.0%   2.3  880s
 356123 319319  389.87587  283  228  392.36353  255.13190  35.0%   2.3  885s
 358196 321144  344.21119  125  199  392.36353  255.15675  35.0%   2.3  890s
 360026 322950  392.16054  337  221  392.36353  255.16433  35.0%   2.3  895s
 362171 324845  367.63661  123  234  392.36353  255.18674  35.0%   2.2  900s
 364433 326885  372.75583  210  233  392.36353  255.21760  35.0%   2.2  905s
 366297 328605  318.02365  118  237  392.36353  255.23899  34.9%   2.2  910s
 368384 330464  390.85697  254  228  392.36353  255.26698  34.9%   2.2  915s
 370487 332263  271.37095   61  240  392.36353  255.30948  34.9%   2.2  920s
 372403 334179  391.60233  348  223  392.36353  255.30948  34.9%   2.2  925s
 374401 335893  326.30179   81  198  392.36353  255.34949  34.9%   2.2  930s
 376127 337579  391.42711  320  225  392.36353  255.35952  34.9%   2.2  935s
 378124 339360  372.08575  201  233  392.36353  255.38532  34.9%   2.2  940s
 380114 341108  282.02777   66  239  392.36353  255.39931  34.9%   2.2  945s
 382130 343028  390.95146  291  225  392.36353  255.40865  34.9%   2.2  950s
 384184 344868  359.42671  128  198  392.36353  255.43596  34.9%   2.2  955s
 386436 346842  340.30860  118  198  392.36353  255.47146  34.9%   2.2  960s
 388662 348836  298.07988   70  198  392.36353  255.49113  34.9%   2.2  965s
 390903 350825  279.81849   66  239  392.36353  255.51085  34.9%   2.2  970s
 393133 352789  372.57519  214  231  392.36353  255.52125  34.9%   2.2  975s
 395346 354722  383.76971  230  230  392.36353  255.53961  34.9%   2.1  980s
 397422 356618  363.33642  189  234  392.36353  255.55283  34.9%   2.1  985s
 399263 358459  391.95787  331  219  392.36353  255.55283  34.9%   2.1  990s
 401507 360433  289.72382   72  198  392.36353  255.58168  34.9%   2.1  995s
 403748 362450  332.70189  109  197  392.36353  255.60133  34.9%   2.1 1000s
 406010 364400  388.06216  250  229  392.36353  255.62477  34.9%   2.1 1005s
 407968 366318  391.42847  337  224  392.36353  255.62578  34.8%   2.1 1010s
H408700 366071                     392.2917700  255.63806  34.8%   2.1 1012s
H408700 365529                     392.2441284  255.63806  34.8%   2.1 1012s
H408700 364407                     392.1564951  255.63806  34.8%   2.1 1012s
 409816 365461  392.09166  310  216  392.15650  255.65497  34.8%   2.1 1015s
 412000 367351  391.97042  263  220  392.15650  255.66380  34.8%   2.1 1020s
 414276 369341  303.36202  102  238  392.15650  255.68819  34.8%   2.1 1025s
 416449 371404  388.48400  299  227  392.15650  255.69315  34.8%   2.1 1030s
 418421 373148  346.26761  124  198  392.15650  255.70248  34.8%   2.1 1035s
 420438 375049  385.22272  270  227  392.15650  255.70836  34.8%   2.1 1040s
 422130 376667  367.93999  197  235  392.15650  255.71257  34.8%   2.1 1045s
 424305 378588  390.75978  177  196  392.15650  255.72825  34.8%   2.1 1050s
 426485 380536  391.44414  304  215  392.15650  255.74676  34.8%   2.1 1055s
 428422 382297  373.30914  218  231  392.15650  255.75821  34.8%   2.1 1060s
 430662 384327  380.14986  240  232  392.15650  255.78942  34.8%   2.1 1065s
 432559 386066  389.03854  266  222  392.15650  255.79373  34.8%   2.0 1070s
 434738 387989  368.32969  205  234  392.15650  255.82296  34.8%   2.0 1075s
 436894 389907  383.08161  271  232  392.15650  255.83366  34.8%   2.0 1080s
 439065 391850  274.20648   66  239  392.15650  255.85806  34.8%   2.0 1085s
 441312 393839  370.36633  151  199  392.15650  255.87279  34.8%   2.0 1090s
 443547 395828  293.60511   51  200  392.15650  255.91284  34.7%   2.0 1095s
 445718 397781  352.63345  175  237  392.15650  255.93227  34.7%   2.0 1100s
 447831 399748  390.13430  305  227  392.15650  255.94558  34.7%   2.0 1105s
 449959 401614  388.59268  235  232  392.15650  255.95893  34.7%   2.0 1110s
 451918 403549  391.38585  339  221  392.15650  255.96516  34.7%   2.0 1115s
 453945 405328  322.41320  125  238  392.15650  255.97603  34.7%   2.0 1120s
 455826 407069  392.09912  282  217  392.15650  255.98354  34.7%   2.0 1125s
 457994 409007  391.94410  240  228  392.15650  256.00052  34.7%   2.0 1130s
 460248 411021  339.38652  154  238  392.15650  256.02749  34.7%   2.0 1135s
 462539 413082  391.98433  297  217  392.15650  256.04607  34.7%   2.0 1140s
 464472 414923  391.76295  327  225  392.15650  256.05432  34.7%   2.0 1145s
 466664 416799     cutoff  284       392.15650  256.06797  34.7%   2.0 1150s
 468527 418446  278.54022   61  200  392.15650  256.09325  34.7%   2.0 1155s
 470716 420479  391.94689   97  225  392.15650  256.10709  34.7%   2.0 1160s
 472929 422508  387.16270  236  230  392.15650  256.12931  34.7%   1.9 1165s
 474920 424265  354.85567  173  238  392.15650  256.13633  34.7%   1.9 1170s
 476994 426129  268.26799   50  239  392.15650  256.14785  34.7%   1.9 1175s
 479015 427884  284.92521   76  238  392.15650  256.16775  34.7%   1.9 1180s
 481279 429908  391.80390  286  217  392.15650  256.19452  34.7%   1.9 1185s
 483473 431922  387.70469  257  225  392.15650  256.21933  34.7%   1.9 1190s
 485365 433628  384.05183  253  227  392.15650  256.23416  34.7%   1.9 1195s
 487427 435432  357.07932   88  194  392.15650  256.24976  34.7%   1.9 1200s
 489533 437302  276.45110   63  239  392.15650  256.26258  34.7%   1.9 1205s
 491446 439123  281.83788   72  239  392.15650  256.26857  34.7%   1.9 1210s
 493615 441072  390.28301  317  227  392.15650  256.28214  34.6%   1.9 1215s
 495764 442945  332.09831  166  279  392.15650  256.29696  34.6%   1.9 1220s
 497743 444869  390.94871  333  222  392.15650  256.30488  34.6%   1.9 1225s
 499694 446606  390.61901  279  220  392.15650  256.32265  34.6%   1.9 1230s
 501877 448551  292.55196   82  238  392.15650  256.33196  34.6%   1.9 1235s
 503960 450516  388.46487  304  226  392.15650  256.33882  34.6%   1.9 1240s
 506001 452363  330.18290  122  236  392.15650  256.34824  34.6%   1.9 1245s
 508230 454412  379.02926  220  233  392.15650  256.36067  34.6%   1.9 1250s
 510411 456417  387.64902  268  229  392.15650  256.37197  34.6%   1.9 1255s
 512344 458204  391.95048  309  215  392.15650  256.38636  34.6%   1.9 1260s
 514419 460155  389.34263  305  226  392.15650  256.40074  34.6%   1.9 1265s
 516452 461934  372.23688  148  199  392.15650  256.41373  34.6%   1.9 1270s
 518667 463953  331.14048  139  237  392.15650  256.43191  34.6%   1.9 1275s
 520862 465862  296.49686   89  238  392.15650  256.44977  34.6%   1.9 1280s
 522935 467733  301.48787   98  238  392.15650  256.45611  34.6%   1.9 1285s
 525198 469772  373.22615  218  232  392.15650  256.46594  34.6%   1.9 1290s
 527135 471653  391.51618  298  216  392.15650  256.47204  34.6%   1.9 1295s
 529295 473615  377.43062  158  199  392.15650  256.49527  34.6%   1.9 1300s
H530100 461913                     391.5073587  256.50599  34.5%   1.9 1301s
H530100 461641                     391.4954338  256.50599  34.5%   1.9 1302s
 531338 462733  272.61029   50  238  391.49543  256.52437  34.5%   1.9 1305s
 533494 464735  295.85518   68  239  391.49543  256.54114  34.5%   1.9 1310s
 535605 466630  383.12637  249  229  391.49543  256.55206  34.5%   1.9 1315s
 537668 468485  335.58088  149  238  391.49543  256.56180  34.5%   1.9 1320s
 539763 470400  387.15809  270  223  391.49543  256.56689  34.5%   1.8 1325s
 542000 472379  370.51263  202  235  391.49543  256.59630  34.5%   1.8 1330s
 543914 474057     cutoff  175       391.49543  256.62118  34.5%   1.8 1335s
 545977 475870     cutoff  291       391.49543  256.63504  34.4%   1.8 1340s
 548186 477811  325.80465   68  235  391.49543  256.64414  34.4%   1.8 1345s
 550290 479699  277.11733   54  197  391.49543  256.66373  34.4%   1.8 1350s
 552498 481697  276.36465   58  238  391.49543  256.68110  34.4%   1.8 1355s
 554387 483546  386.45057  268  224  391.49543  256.68401  34.4%   1.8 1360s
 556563 485486  360.81306  185  237  391.49543  256.70010  34.4%   1.8 1365s
 558721 487414  390.91582  295  215  391.49543  256.70812  34.4%   1.8 1370s
 560869 489334  390.30599  252  227  391.49543  256.73111  34.4%   1.8 1375s
 562870 491075  382.66512  118  196  391.49543  256.73982  34.4%   1.8 1380s
 565137 493058  265.78298   48  239  391.49543  256.75310  34.4%   1.8 1385s
 567267 494936  377.26886  228  231  391.49543  256.76207  34.4%   1.8 1390s
 569490 496903  341.05426  143  237  391.49543  256.77640  34.4%   1.8 1395s
 571526 498819  388.04965  284  227  391.49543  256.78280  34.4%   1.8 1400s
 573613 500682  344.17813   88  238  391.49543  256.80082  34.4%   1.8 1405s
 575821 502666  295.75720   82  200  391.49543  256.81767  34.4%   1.8 1410s
 578034 504643  277.82858   63  238  391.49543  256.82745  34.4%   1.8 1415s
 580097 506506  369.84007  196  235  391.49543  256.84199  34.4%   1.8 1420s
 582245 508386  382.11697  160  198  391.49543  256.85092  34.4%   1.8 1425s
 584460 510377     cutoff  307       391.49543  256.86228  34.4%   1.8 1430s
 586587 512216  267.07312   42  240  391.49543  256.88137  34.4%   1.8 1435s
 588797 514162  391.43087  238  218  391.49543  256.89541  34.4%   1.8 1440s
 590850 515993  262.71658   49  239  391.49543  256.90110  34.4%   1.8 1445s
 592977 517916  381.18158  233  230  391.49543  256.91699  34.4%   1.8 1450s
 594731 519540  291.45947   86  240  391.49543  256.91891  34.4%   1.8 1455s
 596823 521358  296.87404   74  199  391.49543  256.92597  34.4%   1.8 1460s
 599029 523274     cutoff  206       391.49543  256.94336  34.4%   1.8 1465s
 600882 524987  289.03772   69  238  391.49543  256.94721  34.4%   1.8 1470s
 603056 526941  383.76716  233  229  391.49543  256.95748  34.4%   1.7 1475s
 605188 528847  300.46023   78  198  391.49543  256.97500  34.4%   1.7 1480s
 607074 530715  390.45136  296  224  391.49543  256.98033  34.4%   1.7 1485s
 609143 532492  307.71009  113  239  391.49543  256.98786  34.4%   1.7 1490s
 611073 534312  390.82237  306  226  391.49543  256.99201  34.4%   1.7 1495s
 613156 536107     cutoff  292       391.49543  256.99713  34.4%   1.7 1500s
 615149 537992  390.25604  317  224  391.49543  256.99867  34.4%   1.7 1505s
 617141 539736  278.48142   71  240  391.49543  257.01248  34.4%   1.7 1510s
 619242 541643  347.07479  167  238  391.49543  257.02187  34.3%   1.7 1515s
 621494 543603  259.43119   44  238  391.49543  257.05064  34.3%   1.7 1520s
 623521 545438  281.41526   54  199  391.49543  257.06257  34.3%   1.7 1525s
 625747 547440  391.13057  276  220  391.49543  257.08408  34.3%   1.7 1530s
 627916 549389  377.95750  211  235  391.49543  257.09598  34.3%   1.7 1535s
 629826 551147  381.49264  241  230  391.49543  257.09742  34.3%   1.7 1540s
 632043 553154  375.19443  154  198  391.49543  257.10919  34.3%   1.7 1545s
 634207 555046  281.36066   65  239  391.49543  257.12597  34.3%   1.7 1550s
 636052 556825  307.11229  111  238  391.49543  257.12731  34.3%   1.7 1555s
 638246 558807  293.02259   91  239  391.49543  257.14905  34.3%   1.7 1560s
 640339 560722  266.93300   48  238  391.49543  257.16215  34.3%   1.7 1565s
 642677 562836  369.17453  212  235  391.49543  257.17330  34.3%   1.7 1570s
 644828 564689  335.14100  144  238  391.49543  257.19427  34.3%   1.7 1575s
 646780 566539  276.43320   63  238  391.49543  257.19676  34.3%   1.7 1580s
 648983 568470  377.15789  228  231  391.49543  257.20937  34.3%   1.7 1585s
 650911 570288  371.36338  213  233  391.49543  257.21268  34.3%   1.7 1590s
 653072 572175  388.30636  126  198  391.49543  257.22624  34.3%   1.7 1595s
 655280 574123  269.96167   57  240  391.49543  257.24139  34.3%   1.7 1600s
 657229 575964  367.66897  153  200  391.49543  257.24281  34.3%   1.7 1605s
 659381 577848  278.45058   67  239  391.49543  257.25574  34.3%   1.7 1610s
 661555 579832  284.28869   66  238  391.49543  257.28305  34.3%   1.7 1615s
 663451 581566  382.51167  254  226  391.49543  257.29095  34.3%   1.7 1620s
 665601 583504  363.86900  181  236  391.49543  257.30780  34.3%   1.7 1625s
 667421 585276  379.57823  227  230  391.49543  257.30915  34.3%   1.7 1630s
 669575 587196  363.23942  170  236  391.49543  257.32589  34.3%   1.7 1635s
 671761 589184  355.17209  180  239  391.49543  257.33423  34.3%   1.7 1640s
 673694 591021  390.76522  324  227  391.49543  257.33436  34.3%   1.7 1645s
 675776 592745  276.38294   61  238  391.49543  257.34951  34.3%   1.7 1650s
 677692 594523  379.26300  294  267  391.49543  257.35006  34.3%   1.7 1655s
 679864 596473  297.02588   70  199  391.49543  257.35643  34.3%   1.6 1660s
H681552 587545                     391.0784560  257.36263  34.2%   1.7 1664s
H681552 587532                     391.0780313  257.36263  34.2%   1.7 1664s
H681552 587504                     391.0773263  257.36263  34.2%   1.7 1664s
H681552 587467                     391.0756304  257.36263  34.2%   1.7 1664s
H681552 587439                     391.0745708  257.36263  34.2%   1.7 1664s
H681552 587385                     391.0727542  257.36263  34.2%   1.7 1664s
H681552 587382                     391.0726758  257.36263  34.2%   1.7 1664s
H681552 587382                     391.0726750  257.36263  34.2%   1.7 1664s
H681552 587382                     391.0726148  257.36263  34.2%   1.7 1664s
H681552 587348                     391.0714140  257.36263  34.2%   1.7 1664s
H681552 587348                     391.0713661  257.36263  34.2%   1.7 1664s
H681552 587339                     391.0708451  257.36263  34.2%   1.7 1664s
 681552 587341  382.76355  229  230  391.07085  257.36263  34.2%   1.7 1665s
 683274 588895  390.45519  273  218  391.07085  257.37212  34.2%   1.7 1670s
 685348 590787  390.35338  224  223  391.07085  257.38519  34.2%   1.7 1675s
 687475 592670  327.10869  117  236  391.07085  257.39227  34.2%   1.7 1680s
 689579 594588     cutoff  265       391.07085  257.40323  34.2%   1.7 1685s
 691608 596349  280.12234   51  199  391.07085  257.41401  34.2%   1.7 1690s
 693845 598372  295.27029   92  240  391.07085  257.43089  34.2%   1.7 1695s
 695801 600170  388.08977  389  243  391.07085  257.44538  34.2%   1.7 1700s
 697826 602057  389.28990  299  228  391.07085  257.45792  34.2%   1.7 1705s
 699852 603859  343.97751  148  238  391.07085  257.46996  34.2%   1.6 1710s
 701693 605654  390.21148  310  223  391.07085  257.47500  34.2%   1.6 1715s
 703812 607485  357.62083  134  198  391.07085  257.49018  34.2%   1.6 1720s
 705693 609196  372.37226  158  231  391.07085  257.49306  34.2%   1.6 1725s
 707958 611239  389.02121  165  197  391.07085  257.50079  34.2%   1.6 1730s
 710165 613166  335.26587  144  237  391.07085  257.51826  34.2%   1.6 1735s
 712079 614898  328.55724  132  238  391.07085  257.52221  34.1%   1.6 1740s
 714041 616670  384.38074  256  228  391.07085  257.53139  34.1%   1.6 1745s
 716068 618587  362.98314  146  199  391.07085  257.53648  34.1%   1.6 1750s
 718247 620604  376.91116  220  230  391.07085  257.55164  34.1%   1.6 1755s
 720195 622394  390.47016  276  226  391.07085  257.55388  34.1%   1.6 1760s
 722376 624285  275.96952   56  240  391.07085  257.56004  34.1%   1.6 1765s
 724163 626040  390.92625  321  222  391.07085  257.56015  34.1%   1.6 1770s
 726312 627901  387.41238  272  222  391.07085  257.57582  34.1%   1.6 1775s
 728148 629575  389.71618  288  221  391.07085  257.58627  34.1%   1.6 1780s
 730111 631290  315.80743  111  237  391.07085  257.59339  34.1%   1.6 1785s
 732068 633073  373.48438  220  233  391.07085  257.59836  34.1%   1.6 1790s
 734245 635012     cutoff  257       391.07085  257.60624  34.1%   1.6 1795s
 736353 636942  304.37671  111  280  391.07085  257.61910  34.1%   1.6 1800s
 738513 638874  372.35406  145  197  391.07085  257.62838  34.1%   1.6 1805s
 740582 640693  391.01546  301  218  391.07085  257.63361  34.1%   1.6 1810s
 742664 642691  387.90390  305  225  391.07085  257.64430  34.1%   1.6 1815s
 744598 644391  374.15587  143  198  391.07085  257.65098  34.1%   1.6 1820s
 746576 646285  385.78172  281  227  391.07085  257.65441  34.1%   1.6 1825s
 748513 648062  356.67913  103  235  391.07085  257.65843  34.1%   1.6 1830s
 750491 649914  386.81864  279  228  391.07085  257.66320  34.1%   1.6 1835s
 752420 651683  281.69527   67  239  391.07085  257.66967  34.1%   1.6 1840s
 754474 653607  384.32270  263  229  391.07085  257.67413  34.1%   1.6 1845s
 756422 655447  390.86751  304  218  391.07085  257.68195  34.1%   1.6 1850s
 758444 657237  390.99725  295  212  391.07085  257.69028  34.1%   1.6 1855s
 760458 658979  358.50857   25  407  391.07085  257.70029  34.1%   1.6 1860s
 762612 660829  389.09864  101  222  391.07085  257.71691  34.1%   1.6 1865s
 764540 662579  264.48992   40  199  391.07085  257.72145  34.1%   1.6 1870s
 766663 664522  300.13879   63  199  391.07085  257.72756  34.1%   1.6 1875s
 768745 666402  302.17902   78  199  391.07085  257.73889  34.1%   1.6 1880s
 770815 668252  385.05412  237  229  391.07085  257.74886  34.1%   1.6 1885s
 772713 670042  386.83625   28  364  391.07085  257.75935  34.1%   1.6 1890s
 774815 671895  383.21399  258  229  391.07085  257.76708  34.1%   1.6 1895s
 776725 673659  274.89099   56  238  391.07085  257.77124  34.1%   1.6 1900s
 778891 675547  276.12880   66  239  391.07085  257.78030  34.1%   1.6 1905s
 781033 677457  307.57264   25  407  391.07085  257.78966  34.1%   1.6 1910s
 783133 679347  284.52427   61  199  391.07085  257.79585  34.1%   1.6 1915s
 785384 681386  341.73674  155  238  391.07085  257.80671  34.1%   1.6 1920s
 787267 683113     cutoff  173       391.07085  257.81522  34.1%   1.6 1925s
 789315 685005  386.82916  271  226  391.07085  257.82552  34.1%   1.6 1930s
 791328 686850  388.77469  237  217  391.07085  257.83110  34.1%   1.6 1935s
 793415 688835  390.17888  310  223  391.07085  257.83422  34.1%   1.6 1940s
 795459 690681  384.84667  206  222  391.07085  257.84292  34.1%   1.6 1945s
 797442 692512  385.81170  254  225  391.07085  257.84780  34.1%   1.6 1950s
 799597 694405  356.86074  182  238  391.07085  257.85678  34.1%   1.6 1955s
 801515 696229  390.68893  276  221  391.07085  257.85755  34.1%   1.6 1960s
 803659 698133  388.52145  253  227  391.07085  257.86874  34.1%   1.6 1965s
 805859 700097  387.70404  165  195  391.07085  257.87769  34.1%   1.6 1970s
 807885 701875  391.04934  267  219  391.07085  257.88456  34.1%   1.6 1975s
 809672 703562  390.88127  320  224  391.07085  257.88867  34.1%   1.6 1980s
 811784 705394  383.26617  255  226  391.07085  257.89901  34.1%   1.6 1985s
 813796 707164  278.43261   67  239  391.07085  257.90473  34.1%   1.6 1990s
 815816 709010  330.10431  138  239  391.07085  257.92345  34.0%   1.6 1995s
 817877 710839     cutoff  274       391.07085  257.93457  34.0%   1.6 2000s
 820022 712830  374.05333  205  233  391.07085  257.94326  34.0%   1.6 2005s
 821734 714400  315.94583  113  238  391.07085  257.94516  34.0%   1.6 2010s
 823751 716297  383.11664  251  230  391.07085  257.95037  34.0%   1.6 2015s
 825524 717900  371.63708  149  235  391.07085  257.95452  34.0%   1.6 2020s
 827483 719707  356.83906  183  237  391.07085  257.95986  34.0%   1.6 2025s
 829218 721342  389.28067  266  220  391.07085  257.96622  34.0%   1.6 2030s
 831174 723118  370.45032  230  275  391.07085  257.97348  34.0%   1.6 2035s
 832907 724851  386.92536  402  256  391.07085  257.97348  34.0%   1.6 2040s
 834526 726406  377.89859  234  232  391.07085  257.97380  34.0%   1.6 2045s
H835746 724860                     390.9871563  257.97921  34.0%   1.6 2048s
H835746 716821                     390.7250415  257.97921  34.0%   1.6 2048s
 836121 717186  374.73656  217  232  390.72504  257.97928  34.0%   1.6 2050s
 837775 718614  337.65461  139  239  390.72504  257.98628  34.0%   1.6 2055s
 839577 720224  274.21601   60  239  390.72504  257.99088  34.0%   1.5 2060s
 841426 721885  266.97683   52  239  390.72504  258.00229  34.0%   1.5 2065s
 843108 723475  387.89900  293  224  390.72504  258.00459  34.0%   1.5 2070s
 844813 725034  329.17906  136  238  390.72504  258.01501  34.0%   1.5 2075s
 846657 726678  292.39890   85  240  390.72504  258.02814  34.0%   1.5 2080s
 848383 728222  347.17819  124  198  390.72504  258.03360  34.0%   1.5 2085s
 850105 729748  337.27011  154  239  390.72504  258.03924  34.0%   1.5 2090s
 851838 731337  317.52282  120  238  390.72504  258.04900  34.0%   1.5 2095s
 853578 732897  385.55309  255  226  390.72504  258.05325  34.0%   1.5 2100s
 855333 734530  389.67595  101  226  390.72504  258.05688  34.0%   1.5 2105s
 857049 736044  387.37352  269  228  390.72504  258.06640  34.0%   1.5 2110s
 858724 737591  385.23387  193  224  390.72504  258.07305  34.0%   1.5 2115s
 860481 739182  390.55368  256  229  390.72504  258.07850  33.9%   1.5 2120s
 862216 740699  282.86568   57  199  390.72504  258.08858  33.9%   1.5 2125s
 864042 742355  279.24619   57  237  390.72504  258.09642  33.9%   1.5 2130s
 865721 743878  382.17496  234  229  390.72504  258.09997  33.9%   1.5 2135s
 867421 745386  334.08265  139  238  390.72504  258.11015  33.9%   1.5 2140s
 869155 746932  273.72524   59  238  390.72504  258.11465  33.9%   1.5 2145s
 870828 748487  390.31347  281  227  390.72504  258.11664  33.9%   1.5 2150s
 872638 750059  355.09911  175  235  390.72504  258.12386  33.9%   1.5 2155s
 874392 751619  306.65166   64  197  390.72504  258.13076  33.9%   1.5 2160s
 876169 753188  323.35731  125  238  390.72504  258.13425  33.9%   1.5 2165s
 877959 754780  290.17033   80  238  390.72504  258.13984  33.9%   1.5 2170s
 879703 756378  334.71812  142  237  390.72504  258.14483  33.9%   1.5 2175s
 881470 758069  388.89400  297  223  390.72504  258.15095  33.9%   1.5 2180s
 883163 759566  272.56290   53  239  390.72504  258.15732  33.9%   1.5 2185s
 884933 761192  381.47846  232  230  390.72504  258.16223  33.9%   1.5 2190s
 886541 762660  388.44807  263  224  390.72504  258.16369  33.9%   1.5 2195s
 888363 764262  381.93702  224  231  390.72504  258.17484  33.9%   1.5 2200s
 890005 765786  343.52381  153  237  390.72504  258.18119  33.9%   1.5 2205s
 891810 767433  369.99363  189  233  390.72504  258.18760  33.9%   1.5 2210s
 893575 768928  366.16058   97  236  390.72504  258.19326  33.9%   1.5 2215s
 895421 770612  275.72317   60  238  390.72504  258.19959  33.9%   1.5 2220s
 897305 772320  365.20860  199  235  390.72504  258.20486  33.9%   1.5 2225s
 898958 773853  370.73485  211  235  390.72504  258.21045  33.9%   1.5 2230s
 900764 775535  365.20726  169  238  390.72504  258.21860  33.9%   1.5 2235s
 902536 777139  365.26574  122  235  390.72504  258.22916  33.9%   1.5 2240s
 904410 778829  278.98612   69  239  390.72504  258.24673  33.9%   1.5 2245s
 906262 780589  382.22034  262  232  390.72504  258.25664  33.9%   1.5 2250s
 907902 782153  390.68025  268  215  390.72504  258.25670  33.9%   1.5 2255s
 909748 783829  369.05896  149  199  390.72504  258.26540  33.9%   1.5 2260s
 911672 785555  323.26361  103  200  390.72504  258.27458  33.9%   1.5 2265s
 913285 787074  358.60948  186  236  390.72504  258.27874  33.9%   1.5 2270s
 915172 788745  363.13619  197  235  390.72504  258.28088  33.9%   1.5 2275s
 916737 790168  385.12453  230  231  390.72504  258.28440  33.9%   1.5 2280s
 918628 791841  382.18589  188  225  390.72504  258.29134  33.9%   1.5 2285s
 920307 793488  388.51686  324  226  390.72504  258.29187  33.9%   1.5 2290s
 922002 795021     cutoff  220       390.72504  258.30142  33.9%   1.5 2295s
 923795 796660  390.00840  301  221  390.72504  258.30529  33.9%   1.5 2300s
 925718 798353  375.51696  225  232  390.72504  258.30947  33.9%   1.5 2305s
 927312 799871  287.92587   64  239  390.72504  258.31041  33.9%   1.5 2310s
 929132 801507  303.79790  100  238  390.72504  258.31243  33.9%   1.5 2315s
 930960 803169  359.03167  179  236  390.72504  258.32453  33.9%   1.5 2320s
 932546 804518  378.69123  221  230  390.72504  258.32974  33.9%   1.5 2325s
 934108 805986  390.44554  303  225  390.72504  258.33146  33.9%   1.5 2330s
 935939 807633  326.75020  128  238  390.72504  258.33738  33.9%   1.5 2335s
 937925 809383  327.94575  131  237  390.72504  258.34714  33.9%   1.5 2340s
 939573 810985  390.61584  322  227  390.72504  258.34905  33.9%   1.5 2345s
 941410 812584  331.45466   78  199  390.72504  258.36226  33.9%   1.5 2350s
 943038 814148  319.76319   86  200  390.72504  258.36370  33.9%   1.5 2355s
 944872 815780  328.12274  142  239  390.72504  258.36685  33.9%   1.5 2360s
 946430 817266  269.77277   54  238  390.72504  258.37083  33.9%   1.5 2365s
 948365 819017  330.39012   98  198  390.72504  258.37554  33.9%   1.5 2370s
 950241 820683     cutoff  270       390.72504  258.38757  33.9%   1.5 2375s
 952181 822455  377.69457  233  229  390.72504  258.39729  33.9%   1.5 2380s
 953954 824020  331.17867  130  237  390.72504  258.40429  33.9%   1.5 2385s
 955864 825694  380.35062  151  196  390.72504  258.40830  33.9%   1.5 2390s
 957444 827260  390.60735  327  222  390.72504  258.40874  33.9%   1.5 2395s
 959372 828960  339.16506  114  198  390.72504  258.41839  33.9%   1.5 2400s
 961239 830667  375.42666  230  233  390.72504  258.42578  33.9%   1.5 2405s
 963100 832288  304.76260  105  238  390.72504  258.43648  33.9%   1.5 2410s
 964889 833923  385.78151  265  223  390.72504  258.44439  33.9%   1.5 2415s
 966720 835522  343.39989  163  238  390.72504  258.45319  33.9%   1.5 2420s
 968516 837164  384.34703  261  229  390.72504  258.45832  33.9%   1.5 2425s
 970100 838618  295.75790   89  238  390.72504  258.46562  33.8%   1.5 2430s
 971919 840241  301.80136   92  238  390.72504  258.47043  33.8%   1.5 2435s
 973475 841789  390.65072  329  225  390.72504  258.47043  33.8%   1.5 2440s
 975350 843434  307.32174   95  237  390.72504  258.48410  33.8%   1.5 2445s
 977220 845180  388.55032  286  220  390.72504  258.49334  33.8%   1.5 2450s
 979149 846891  386.23320  365  248  390.72504  258.50377  33.8%   1.5 2455s
 980993 848463  382.28195  191  234  390.72504  258.50788  33.8%   1.5 2460s
 982937 850163  321.55502  123  238  390.72504  258.51299  33.8%   1.5 2465s
 984606 851724     cutoff  294       390.72504  258.51608  33.8%   1.5 2470s
 986507 853395  264.93379   51  199  390.72504  258.53038  33.8%   1.5 2475s
 988126 854940  290.31976   57  239  390.72504  258.53551  33.8%   1.5 2480s
 990024 856660  313.05514  110  237  390.72504  258.54393  33.8%   1.5 2485s
 991622 858224  357.06544  179  236  390.72504  258.54402  33.8%   1.5 2490s
H993012 857396                     390.6653781  258.54803  33.8%   1.4 2494s
H993012 857391                     390.6649312  258.54803  33.8%   1.4 2494s
 993039 857420  389.56327  542  265  390.66493  258.54803  33.8%   1.4 2495s
H994009 852808                     390.5039443  258.54803  33.8%   1.4 2498s
 994462 853229  390.50171 1253  172  390.50394  258.54803  33.8%   1.5 2500s
*994819 853544            1432     390.5037253  258.54803  33.8%   1.5 2502s
*994820 853543            1432     390.5037195  258.54803  33.8%   1.5 2502s
*994837 853534            1431     390.5037148  258.54803  33.8%   1.5 2502s
 995827 854422  310.21329  114  238  390.50371  258.54905  33.8%   1.5 2505s
 997645 856060  381.44685  243  228  390.50371  258.55266  33.8%   1.5 2510s
 999437 857660  379.53360  234  230  390.50371  258.56322  33.8%   1.5 2515s
 1001132 859269  385.00912  214  224  390.50371  258.56501  33.8%   1.5 2520s
 1002918 860873  388.92233  261  228  390.50371  258.56898  33.8%   1.5 2525s
 1004732 862475  348.95076  163  236  390.50371  258.57352  33.8%   1.5 2530s
 1006578 864147  385.64644  253  226  390.50371  258.58167  33.8%   1.5 2535s
H1007196 718449                     385.9018583  258.58178  33.0%   1.5 2537s
H1007196 718449                     385.9018553  258.58178  33.0%   1.5 2537s
 1007868 719021  298.75763   95  239  385.90186  258.58743  33.0%   1.5 2540s
 1009293 720322  270.30403   52  238  385.90186  258.59869  33.0%   1.5 2545s
 1010869 721750  316.76201  112  237  385.90186  258.60378  33.0%   1.5 2550s
 1012461 723170  373.52546  218  234  385.90186  258.60668  33.0%   1.5 2555s
 1013992 724581  383.87149  245  233  385.90186  258.60870  33.0%   1.5 2560s
 1015308 725823  313.99183  120  238  385.90186  258.60957  33.0%   1.5 2565s
 1016856 727253  385.00905  247  229  385.90186  258.61080  33.0%   1.5 2570s
 1018374 728653  348.08862  162  237  385.90186  258.61932  33.0%   1.5 2575s
 1019975 730054  289.40365   69  237  385.90186  258.62586  33.0%   1.4 2580s
 1021509 731460  317.20390  122  238  385.90186  258.62799  33.0%   1.4 2585s
 1023051 732838  348.53111  171  236  385.90186  258.63235  33.0%   1.4 2590s
 1024601 734244     cutoff  261       385.90186  258.63566  33.0%   1.4 2595s
 1026165 735680  381.24318  180  234  385.90186  258.64419  33.0%   1.4 2600s
 1027752 737111  319.11366   92  199  385.90186  258.65113  33.0%   1.4 2605s
 1029254 738459  385.80781  234  229  385.90186  258.65921  33.0%   1.4 2610s
 1030827 739918  379.53784  239  229  385.90186  258.66678  33.0%   1.4 2615s
 1032427 741338  277.62125   60  238  385.90186  258.67621  33.0%   1.4 2620s
 1033807 742710  385.61801  281  226  385.90186  258.67621  33.0%   1.4 2625s
 1035263 743984  289.18006   53  198  385.90186  258.68025  33.0%   1.4 2630s
 1036714 745281  310.76831   88  239  385.90186  258.68361  33.0%   1.4 2635s
 1038269 746710  314.45102  114  238  385.90186  258.68774  33.0%   1.4 2640s
 1039660 747967  282.65239   69  238  385.90186  258.69190  33.0%   1.4 2645s
 1041215 749386  285.60219   71  238  385.90186  258.69849  33.0%   1.4 2650s
 1042577 750656  284.41797   76  239  385.90186  258.70170  33.0%   1.4 2655s
 1044141 752074  365.38436  199  235  385.90186  258.70635  33.0%   1.4 2660s
 1045666 753449  323.97470  126  238  385.90186  258.71447  33.0%   1.4 2665s
 1047098 754789  381.05545  240  231  385.90186  258.71743  33.0%   1.4 2670s
 1048550 756043  282.71671   65  238  385.90186  258.72095  33.0%   1.4 2675s
 1050097 757458     cutoff  260       385.90186  258.72604  33.0%   1.4 2680s
 1051628 758822  384.79904  246  229  385.90186  258.73130  33.0%   1.4 2685s
 1053100 760132  379.41575  211  231  385.90186  258.73550  33.0%   1.4 2690s
 1054671 761531  304.79942  109  239  385.90186  258.74256  33.0%   1.4 2695s
 1056214 762856  383.57523   90  227  385.90186  258.74986  32.9%   1.4 2700s
 1057601 764203  384.64583  335  263  385.90186  258.75149  32.9%   1.4 2705s
 1058950 765404  298.36846   88  238  385.90186  258.75271  32.9%   1.4 2710s
 1060511 766845  382.26472  221  232  385.90186  258.75614  32.9%   1.4 2715s
 1061955 768145  356.23978  141  238  385.90186  258.76258  32.9%   1.4 2720s
 1063418 769508  384.72178  103  222  385.90186  258.76618  32.9%   1.4 2725s
 1064967 770901  376.25985  222  232  385.90186  258.77322  32.9%   1.4 2730s
 1066339 772117  385.43798  165  196  385.90186  258.77809  32.9%   1.4 2735s
 1067890 773528  300.01268   84  238  385.90186  258.78441  32.9%   1.4 2740s
 1069402 774906  380.61391  247  230  385.90186  258.78616  32.9%   1.4 2745s
 1070808 776144  312.14685  110  237  385.90186  258.79009  32.9%   1.4 2750s
 1072326 777498  385.40001  266  222  385.90186  258.79274  32.9%   1.4 2755s
 1073800 778818  302.50021   78  199  385.90186  258.79968  32.9%   1.4 2760s
 1075305 780213  294.46189   60  198  385.90186  258.80905  32.9%   1.4 2765s
 1076881 781667  293.37310   92  239  385.90186  258.81241  32.9%   1.4 2770s
 1078350 782982  266.61316   52  239  385.90186  258.81657  32.9%   1.4 2775s
 1079874 784392  371.22704  211  233  385.90186  258.82084  32.9%   1.4 2780s
 1081383 785769  356.59172  179  238  385.90186  258.82708  32.9%   1.4 2785s
 1082910 787144  323.55862  131  238  385.90186  258.83238  32.9%   1.4 2790s
 1084448 788518  273.88134   65  239  385.90186  258.83736  32.9%   1.4 2795s
 1085867 789837  346.49749  165  237  385.90186  258.84121  32.9%   1.4 2800s
 1087430 791214     cutoff  148       385.90186  258.84336  32.9%   1.4 2805s
 1088918 792596  339.72315  153  239  385.90186  258.84930  32.9%   1.4 2810s
 1090375 793845  326.98621  128  237  385.90186  258.85409  32.9%   1.4 2815s
 1091889 795261  384.84900  261  224  385.90186  258.85586  32.9%   1.4 2820s
 1093373 796583  354.75678  175  237  385.90186  258.85997  32.9%   1.4 2825s
 1094889 797887     cutoff  249       385.90186  258.86485  32.9%   1.4 2830s
 1096339 799221     cutoff  168       385.90186  258.86938  32.9%   1.4 2835s
 1097889 800653  374.82753  226  234  385.90186  258.87218  32.9%   1.4 2840s
 1099472 802106  383.77057  238  228  385.90186  258.88147  32.9%   1.4 2845s
 1100760 803282     cutoff  244       385.90186  258.88297  32.9%   1.4 2850s
 1102341 804699  364.86102  140  198  385.90186  258.88730  32.9%   1.4 2855s
 1103853 806063  306.60944  100  238  385.90186  258.89228  32.9%   1.4 2860s
 1105372 807474  291.31381   79  239  385.90186  258.90021  32.9%   1.4 2865s
 1106999 808981  283.20920   53  197  385.90186  258.90575  32.9%   1.4 2870s
 1108530 810304  319.44379  120  238  385.90186  258.90865  32.9%   1.4 2875s
 1110024 811660  382.23100   88  190  385.90186  258.91099  32.9%   1.4 2880s
 1111608 813050  339.17527  107  199  385.90186  258.92016  32.9%   1.4 2885s
H1111867 807772                     385.6742771  258.92069  32.9%   1.4 2886s
H1111867 807772                     385.6742100  258.92069  32.9%   1.4 2886s
H1111867 807770                     385.6741410  258.92069  32.9%   1.4 2886s
H1111867 807770                     385.6741321  258.92069  32.9%   1.4 2886s
H1111867 807769                     385.6741182  258.92069  32.9%   1.4 2886s
H1111867 807769                     385.6740758  258.92069  32.9%   1.4 2887s
 1112545 808397  368.74050  200  233  385.67408  258.92164  32.9%   1.4 2890s
H1112867 808651                     385.6723988  258.92178  32.9%   1.4 2891s
H1112867 808651                     385.6723947  258.92178  32.9%   1.4 2891s
H1112867 808643                     385.6718694  258.92178  32.9%   1.4 2891s
H1112867 808637                     385.6716881  258.92178  32.9%   1.4 2891s
 1113887 809557  384.77390  247  229  385.67169  258.92238  32.9%   1.4 2895s
 1115362 810900  273.98604   52  199  385.67169  258.92853  32.9%   1.4 2900s
 1116845 812201  324.31879  134  239  385.67169  258.93112  32.9%   1.4 2905s
 1118394 813616  383.98873   93  226  385.67169  258.93638  32.9%   1.4 2910s
 1119904 815014  384.32025  278  225  385.67169  258.93933  32.9%   1.4 2915s
 1121387 816311  384.76382  260  227  385.67169  258.94222  32.9%   1.4 2920s
 1122860 817650  295.06365   94  240  385.67169  258.94692  32.9%   1.4 2925s
 1124493 819115  285.44241   56  240  385.67169  258.95116  32.9%   1.4 2930s
 1125812 820316  329.42656  113  199  385.67169  258.95514  32.9%   1.4 2935s
 1127321 821687  360.36017  189  236  385.67169  258.95955  32.9%   1.4 2940s
 1128783 822999  338.15858  113  200  385.67169  258.96378  32.9%   1.4 2945s
 1130295 824345  278.03378   61  238  385.67169  258.96966  32.9%   1.4 2950s
 1131882 825818  361.73589  191  238  385.67169  258.97222  32.9%   1.4 2955s
 1133440 827244  383.94384  243  228  385.67169  258.97382  32.9%   1.4 2960s
 1134993 828623  295.77756   75  237  385.67169  258.98103  32.8%   1.4 2965s
 1136564 830054  366.43579  146  234  385.67169  258.98716  32.8%   1.4 2970s
 1138195 831545  352.73795  173  237  385.67169  258.98980  32.8%   1.4 2975s
 1139711 832813  385.56898  250  223  385.67169  258.99915  32.8%   1.4 2980s
 1141273 834191  299.55850   84  199  385.67169  259.00601  32.8%   1.4 2985s
 1142906 835680  323.03921  125  238  385.67169  259.00973  32.8%   1.4 2990s
 1144548 837168  360.14034  183  237  385.67169  259.01400  32.8%   1.4 2995s
 1146134 838586  358.68160  186  235  385.67169  259.01836  32.8%   1.4 3000s
 1147792 840116  385.18476  255  225  385.67169  259.02174  32.8%   1.4 3005s
 1149394 841596  376.77723  148  199  385.67169  259.02817  32.8%   1.4 3010s
 1150991 842979  287.39790   79  239  385.67169  259.03358  32.8%   1.4 3015s
 1152571 844431  384.09845  245  227  385.67169  259.03726  32.8%   1.4 3020s
 1154212 845908  375.60002  216  233  385.67169  259.04158  32.8%   1.4 3025s
 1155861 847407  355.47705  137  198  385.67169  259.04746  32.8%   1.4 3030s
 1157558 848938  347.42861  160  239  385.67169  259.05318  32.8%   1.4 3035s
 1159076 850328  365.44486  149  235  385.67169  259.05692  32.8%   1.4 3040s
 1160753 851799  345.52030  142  238  385.67169  259.05992  32.8%   1.4 3045s
 1162403 853279  343.94898  110  239  385.67169  259.06205  32.8%   1.4 3050s
 1164144 854854  357.04865  163  237  385.67169  259.06770  32.8%   1.4 3055s
 1165928 856486  356.45297  118  197  385.67169  259.07152  32.8%   1.4 3060s
 1167673 858091  385.30895  238  228  385.67169  259.07801  32.8%   1.4 3065s
 1169216 859530  385.58472  283  226  385.67169  259.08069  32.8%   1.4 3070s
 1171085 861173  385.30438  223  235  385.67169  259.08639  32.8%   1.4 3075s
 1172653 862611  364.36454  153  236  385.67169  259.08875  32.8%   1.4 3080s
 1174428 864250  309.57404  102  238  385.67169  259.09278  32.8%   1.4 3085s
 1175958 865640     cutoff  268       385.67169  259.09317  32.8%   1.4 3090s
 1177825 867373  375.27432  200  233  385.67169  259.09795  32.8%   1.4 3095s
 1179597 868925  331.32681  113  199  385.67169  259.10567  32.8%   1.4 3100s
 1181353 870533  357.67810  172  237  385.67169  259.10983  32.8%   1.4 3105s
 1183019 872029  268.51682   50  239  385.67169  259.11442  32.8%   1.4 3110s
 1184825 873587  273.07272   62  239  385.67169  259.11914  32.8%   1.4 3115s
 1186567 875195  336.15988  113  199  385.67169  259.12290  32.8%   1.4 3120s
 1188416 876876  385.05276  264  222  385.67169  259.12706  32.8%   1.3 3125s
 1190120 878398  383.82097  254  228  385.67169  259.13292  32.8%   1.3 3130s
 1191868 880006  348.19163  160  237  385.67169  259.13971  32.8%   1.3 3135s
 1193720 881662     cutoff  263       385.67169  259.14518  32.8%   1.3 3140s
 1195378 883162  320.94979   98  239  385.67169  259.15234  32.8%   1.3 3145s
 1197222 884828  289.87124   84  240  385.67169  259.15632  32.8%   1.3 3150s
 1198832 886346  328.37627  106  198  385.67169  259.15970  32.8%   1.3 3155s
 1200504 887878  383.96681  230  230  385.67169  259.16524  32.8%   1.3 3160s
 1202342 889484  334.78870  135  237  385.67169  259.17698  32.8%   1.3 3165s
 1204170 891196  370.42185  210  234  385.67169  259.18014  32.8%   1.3 3170s
 1205999 892883  294.89681   95  240  385.67169  259.18724  32.8%   1.3 3175s
 1207816 894536  353.46032  123  279  385.67169  259.19294  32.8%   1.3 3180s
 1209573 896135  358.06002  179  235  385.67169  259.20282  32.8%   1.3 3185s
 1211323 897737  342.15469  150  237  385.67169  259.20759  32.8%   1.3 3190s
 1213115 899399  323.20668  127  239  385.67169  259.21188  32.8%   1.3 3195s
 1214959 901081  377.47487  229  232  385.67169  259.21599  32.8%   1.3 3200s
 1216773 902709  371.54626  197  235  385.67169  259.22296  32.8%   1.3 3205s
 1218597 904293  385.55538  102  224  385.67169  259.23064  32.8%   1.3 3210s
 1220402 905896  281.46672   73  239  385.67169  259.23988  32.8%   1.3 3215s
 1222272 907624  379.76663  240  231  385.67169  259.24626  32.8%   1.3 3220s
 1224134 909270  330.95984  140  238  385.67169  259.25325  32.8%   1.3 3225s
 1225866 910870  334.87711  139  238  385.67169  259.26104  32.8%   1.3 3230s
 1227713 912573  344.35978   80  194  385.67169  259.26365  32.8%   1.3 3235s
 1229432 914110  379.65870  225  233  385.67169  259.26964  32.8%   1.3 3240s
 1231321 915787  380.92014  237  232  385.67169  259.27794  32.8%   1.3 3245s
 1233060 917262  306.29017   72  199  385.67169  259.28202  32.8%   1.3 3250s
 1234736 918776  350.74893  164  237  385.67169  259.28876  32.8%   1.3 3255s
 1236526 920396  327.27741  106  198  385.67169  259.29614  32.8%   1.3 3260s
 1238353 922029  356.51419  182  236  385.67169  259.30032  32.8%   1.3 3265s
 1240268 923774  368.55786  202  235  385.67169  259.30789  32.8%   1.3 3270s
 1242050 925374  278.74735   50  199  385.67169  259.31189  32.8%   1.3 3275s
 1243960 927088  291.46979   79  239  385.67169  259.31660  32.8%   1.3 3280s
 1245844 928786  373.43362  223  235  385.67169  259.31989  32.8%   1.3 3285s
 1247566 930302  369.67024  209  234  385.67169  259.32650  32.8%   1.3 3290s
 1249362 931918  358.16854  177  236  385.67169  259.33136  32.8%   1.3 3295s
 1251052 933396  291.50931   77  238  385.67169  259.33308  32.8%   1.3 3300s
 1252830 935040  364.93670  143  235  385.67169  259.33614  32.8%   1.3 3305s
 1254607 936671  385.10200  221  228  385.67169  259.34022  32.8%   1.3 3310s
 1256379 938241  383.19084  249  230  385.67169  259.34733  32.8%   1.3 3315s
 1258268 939952  330.02587  128  238  385.67169  259.35345  32.8%   1.3 3320s
 1260065 941581  379.91898  238  232  385.67169  259.35685  32.8%   1.3 3325s
 1261608 942960  311.82818  106  237  385.67169  259.35871  32.8%   1.3 3330s
 1263484 944656  384.71203  257  223  385.67169  259.36242  32.8%   1.3 3335s
 1265198 946156  352.31001  168  236  385.67169  259.36545  32.7%   1.3 3340s
 1266982 947814  378.99226  229  234  385.67169  259.37099  32.7%   1.3 3345s
 1268819 949461  367.54461  197  235  385.67169  259.37722  32.7%   1.3 3350s
 1270674 951114  294.68341   75  238  385.67169  259.38113  32.7%   1.3 3355s
 1272438 952712  291.47801   27  325  385.67169  259.38892  32.7%   1.3 3360s
 1274107 954153  337.79668   98  198  385.67169  259.39699  32.7%   1.3 3365s
 1275806 955708  377.74491  224  229  385.67169  259.39883  32.7%   1.3 3370s
 1277679 957385  285.99229   72  237  385.67169  259.40336  32.7%   1.3 3375s
 1279470 959014  300.05134   91  239  385.67169  259.40855  32.7%   1.3 3380s
H1280504 959742                     385.6623342  259.41337  32.7%   1.3 3383s
H1280504 944322                     385.0319923  259.41337  32.6%   1.3 3383s
H1280504 944111                     385.0233571  259.41337  32.6%   1.3 3383s
 1280977 944540  310.62087  103  238  385.02336  259.41583  32.6%   1.3 3385s
 1282674 946091  317.78069  114  238  385.02336  259.42183  32.6%   1.3 3390s
 1284327 947574  382.23359  249  229  385.02336  259.42469  32.6%   1.3 3395s
 1286060 949101  275.91122   64  239  385.02336  259.43043  32.6%   1.3 3400s
 1287933 950850  379.90122  242  229  385.02336  259.43672  32.6%   1.3 3405s
 1289742 952471  362.15479  185  234  385.02336  259.44413  32.6%   1.3 3410s
 1291291 953880  350.34244  165  235  385.02336  259.44606  32.6%   1.3 3415s
 1292974 955427  363.89808  178  237  385.02336  259.45157  32.6%   1.3 3420s
 1294617 956890  330.91719   66  233  385.02336  259.45804  32.6%   1.3 3425s
 1296409 958486  380.30011  228  229  385.02336  259.46317  32.6%   1.3 3430s
 1298223 960168  383.53969  229  233  385.02336  259.46712  32.6%   1.3 3435s
 1300102 961835  382.62393   91  189  385.02336  259.47249  32.6%   1.3 3440s
 1301866 963411  300.61592   91  238  385.02336  259.47455  32.6%   1.3 3445s
 1303721 965138  345.80126  159  238  385.02336  259.47932  32.6%   1.3 3450s
 1305491 966774  354.34588  166  237  385.02336  259.48421  32.6%   1.3 3455s
 1307248 968347  291.29324   66  198  385.02336  259.49232  32.6%   1.3 3460s
 1309100 970043  297.80633   67  199  385.02336  259.49760  32.6%   1.3 3465s
 1310825 971602  384.13577  257  229  385.02336  259.50322  32.6%   1.3 3470s
 1312656 973201  336.59385  164  280  385.02336  259.50955  32.6%   1.3 3475s
 1314327 974746     cutoff  250       385.02336  259.51490  32.6%   1.3 3480s
 1316101 976414  382.13728  254  230  385.02336  259.51786  32.6%   1.3 3485s
 1317882 978017  370.73746  199  233  385.02336  259.52335  32.6%   1.3 3490s
 1319553 979626  382.25253  339  266  385.02336  259.52696  32.6%   1.3 3495s
 1321097 981078  304.13946  102  240  385.02336  259.52775  32.6%   1.3 3500s
 1322986 982839  345.11408  154  238  385.02336  259.53406  32.6%   1.3 3505s
 1324719 984392     cutoff  251       385.02336  259.53626  32.6%   1.3 3510s
 1326472 985989  378.92973  127  199  385.02336  259.54043  32.6%   1.3 3515s
 1328296 987679  382.09372  257  229  385.02336  259.54463  32.6%   1.3 3520s
 1330037 989284  331.10361  132  239  385.02336  259.55216  32.6%   1.3 3525s
 1331726 990927  384.24326  339  268  385.02336  259.55512  32.6%   1.3 3530s
 1333316 992513  384.18270  397  264  385.02336  259.55512  32.6%   1.3 3535s
 1335081 994070  371.18812  141  233  385.02336  259.55949  32.6%   1.3 3540s
 1336768 995659  384.82470  275  230  385.02336  259.56175  32.6%   1.3 3545s
 1338453 997168  382.56389  240  229  385.02336  259.56591  32.6%   1.3 3550s
 1340309 998842  324.25111  123  238  385.02336  259.57353  32.6%   1.3 3555s
 1342105 1000486  280.89551   73  239  385.02336  259.58143  32.6%   1.3 3560s
 1343932 1002157  353.56091  173  238  385.02336  259.58688  32.6%   1.3 3565s
 1345702 1003785  266.55608   48  239  385.02336  259.59369  32.6%   1.3 3570s
 1347479 1005400  382.24684  239  230  385.02336  259.59981  32.6%   1.3 3575s
 1349211 1006962  271.66515   55  238  385.02336  259.60316  32.6%   1.3 3580s
 1350963 1008576  379.03432  221  231  385.02336  259.60814  32.6%   1.3 3585s
 1352775 1010252  330.83849  132  238  385.02336  259.61383  32.6%   1.3 3590s
 1354599 1011952  330.15352  131  238  385.02336  259.61734  32.6%   1.3 3595s

Explored 1356401 nodes (1726882 simplex iterations) in 3600.00 seconds (1717.37 work units)
Thread count was 1 (of 56 available processors)

Solution count 10: 385.023 385.032 385.662 ... 385.674

Time limit reached
Best objective 3.850233570987e+02, best bound 2.596196227026e+02, gap 32.5704%

User-callback calls 4276468, time in user-callback 4.51 sec
Generating Gunluk and Lee data file ../../../../../instances/uflp/gunluk/gunluk-20-40-9.txt
primal_bound = 385.0233570987026, dual_bound = 259.61962270263683, gap = 32.57042256891389, time = 3600.01
