solving instance uflp nlass gunluk ../../../../../instances/uflp/gunluk/gunluk-20-40-6.txt sincos
Set parameter TokenServer to value "licences.gerad.lan"
Set parameter MIPGap to value 1e-06
Set parameter FuncPieceError to value 1e-06
Set parameter Threads to value 1
Set parameter FuncPieces to value -2
Set parameter TimeLimit to value 3600
Gurobi Optimizer version 12.0.2 build v12.0.2rc0 (linux64 - "AlmaLinux 9.6 (Sage Margay)")

CPU model: Intel(R) Xeon(R) Gold 6258R CPU @ 2.70GHz, instruction set [SSE2|AVX|AVX2|AVX512]
Thread count: 56 physical cores, 56 logical processors, using up to 1 threads

Non-default parameters:
TimeLimit  3600
MIPGap  1e-06
Threads  1
FuncPieces  -2
FuncPieceError  1e-06

Optimize a model with 4040 rows, 5620 columns and 10400 nonzeros
Model fingerprint: 0x94c4cda5
Model has 1600 function constraints treated as nonlinear
  800 SIN, 800 COS
Variable types: 4800 continuous, 820 integer (820 binary)
Coefficient statistics:
  Matrix range     [1e-02, 3e+02]
  Objective range  [1e+00, 1e+02]
  Bounds range     [1e+00, 1e+10]
  RHS range        [8e-01, 3e+01]
Warning: Model contains large bounds
         Consider reformulating model or setting NumericFocus parameter
         to avoid numerical issues.
Presolve removed 1600 rows and 1600 columns
Presolve time: 0.02s
Presolved: 15240 rows, 4021 columns, 31200 nonzeros
Presolved model has 1600 nonlinear constraint(s)

Solving non-convex MINLP

Variable types: 3201 continuous, 820 integer (820 binary)
Found heuristic solution: objective 1462.3530662

Root relaxation: objective -5.324916e+02, 5325 iterations, 0.14 seconds (0.14 work units)

    Nodes    |    Current Node    |     Objective Bounds      |     Work
 Expl Unexpl |  Obj  Depth IntInf | Incumbent    BestBd   Gap | It/Node Time

     0     0 -532.49156    0 2165 1462.35307 -532.49156   136%     -    0s
H    0     0                     972.8384277 -532.49156   155%     -    0s
H    0     0                     971.1438486 -532.49156   155%     -    0s
H    0     0                     970.9382845 -532.49156   155%     -    0s
H    0     0                     958.3096001 -532.49156   156%     -    0s
     0     0 -189.30381    0 1165  958.30960 -189.30381   120%     -    1s
H    0     0                     953.8212354 -188.37720   120%     -    1s
H    0     0                     951.7593116 -188.37720   120%     -    1s
H    0     0                     950.7662430 -188.37720   120%     -    1s
H    0     0                     950.7662138 -188.37720   120%     -    1s
H    0     0                     949.3516120 -188.37720   120%     -    1s
H    0     0                     949.2921944 -188.37720   120%     -    1s
H    0     0                     949.2834705 -188.37720   120%     -    1s
     0     0 -137.23629    0 1413  949.28347 -137.23629   114%     -    2s
     0     0 -116.92041    0 1316  949.28347 -116.92041   112%     -    2s
     0     0 -114.14439    0 1293  949.28347 -114.14439   112%     -    2s
     0     0 -110.79002    0 1166  949.28347 -110.79002   112%     -    2s
     0     0 -110.68396    0 1169  949.28347 -110.68396   112%     -    2s
     0     0 -108.73309    0 1046  949.28347 -108.73309   111%     -    2s
     0     0 -108.63129    0 1165  949.28347 -108.63129   111%     -    2s
     0     0 -108.01052    0 1044  949.28347 -108.01052   111%     -    2s
     0     0 -107.81886    0 1045  949.28347 -107.81886   111%     -    2s
     0     0 -107.37501    0 1171  949.28347 -107.37501   111%     -    2s
     0     0 -107.25393    0 1171  949.28347 -107.25393   111%     -    2s
     0     2 -107.25393    0 1171  949.28347 -107.25393   111%     -    3s
H   26    26                     863.5188424 -107.22543   112%   291    3s
H   26    26                     863.5188420 -107.22543   112%   291    4s
H   26    26                     857.8439137 -107.22543   112%   291    4s
    81    83  -25.25265   55  475  857.84391 -107.22543   112%  99.4    5s
   199   201   29.02905  148  400  857.84391 -107.22543   112%  49.6   10s
H  615   615                     752.5419174 -107.22543   114%  25.3   14s
H  615   615                     752.3554953 -107.22543   114%  25.3   14s
H  615   615                     750.9485807 -107.22543   114%  25.3   14s
H  615   615                     750.8345887 -107.22543   114%  25.3   14s
H  615   615                     749.6789833 -107.22543   114%  25.3   14s
H  615   615                     749.2320648 -107.22543   114%  25.3   15s
H  615   615                     748.6933968 -107.22543   114%  25.3   15s
H  993   993                     650.3275192 -107.22543   116%  18.9   17s
H  993   993                     650.2858501 -107.22543   116%  18.9   17s
H  993   993                     646.5460273 -107.22543   117%  18.9   17s
H  993   993                     646.1892909 -107.22543   117%  18.9   17s
H  993   993                     641.3976649 -107.22543   117%  18.9   17s
H  993   993                     641.0042869 -107.22543   117%  18.9   17s
H  993   993                     640.3814130 -107.22543   117%  18.9   18s
H  993   918                     625.3981770 -107.22543   117%  18.9   18s
H  993   918                     625.3981767 -107.22543   117%  18.9   18s
H  993   897                     620.7704358 -107.22543   117%  18.9   18s
H  998   892                     620.6145548 -107.22543   117%  18.8   18s
H  998   890                     619.6404368 -107.22543   117%  18.8   19s
H  998   864                     608.9600804 -107.22543   118%  18.8   19s
H  998   864                     607.8293390 -107.22543   118%  18.8   19s
   998   866  -66.21939    1 1153  607.82934 -106.20505   117%  18.9   20s
H  999   848                     599.1122851 -106.20505   118%  18.9   20s
H  999   840                     594.6057554 -106.20505   118%  18.9   21s
H 1001   799                     593.7282348 -106.20505   118%  18.9   22s
H 1001   759                     582.6144311 -106.20505   118%  18.9   22s
H 1001   721                     582.6137296 -106.20505   118%  18.9   22s
H 1001   685                     582.6136513 -106.20505   118%  18.9   22s
H 1001   651                     581.7662007 -106.20505   118%  18.9   22s
H 1001   618                     576.8924588 -106.20505   118%  18.9   22s
H 1001   588                     576.7331311 -106.20505   118%  18.9   22s
H 1001   558                     573.1378853 -106.20505   119%  18.9   23s
H 1001   530                     566.7576637 -106.20505   119%  18.9   23s
H 1001   504                     566.1911594 -106.20505   119%  18.9   23s
  1009   509  353.88939  300  208  566.19116  -84.53968   115%  18.7   25s
H 1039   504                     565.7658922  -26.76890   105%  38.3   30s
H 1039   479                     565.4616254  -26.76890   105%  38.3   30s
H 1039   455                     557.6505544  -26.76890   105%  38.3   30s
H 1039   432                     557.2167713  -26.76890   105%  38.3   30s
H 1039   410                     553.2910043  -26.76890   105%  38.3   30s
H 1039   390                     553.0684267  -26.76890   105%  38.3   30s
  1053   399   46.52625   18  128  553.06843  -26.73069   105%  37.8   35s
H 1053   379                     551.3012553  -26.73069   105%  47.2   35s
H 1053   359                     551.1864612  -26.73069   105%  47.2   36s
H 1053   341                     550.7217288  -26.73069   105%  47.2   36s
  1054   344  -23.92464   23  762  550.72173  -23.92464   104%  48.0   47s
  1056   345  -23.92464   24  726  550.72173  -23.92464   104%  48.6   51s
  1083   363   17.41193   37  704  550.72173  -23.92464   104%  51.6   55s
H 1157   393                     550.7217284  -23.92464   104%  51.5   57s
H 1183   394                     550.7096912  -23.92464   104%  51.1   58s
H 1183   379                     550.1164896  -23.92464   104%  51.1   58s
H 1183   364                     549.6939550  -23.92464   104%  51.1   59s
  1193   372  140.89774   92  612  549.69396  -23.92464   104%  51.0   60s
H 1248   393                     549.6939550  -23.92464   104%  51.9   64s
H 1248   379                     549.3864079  -23.92464   104%  51.9   64s
H 1248   367                     549.0804913  -23.92464   104%  51.9   65s
H 1324   405                     548.8142236  -23.92464   104%  52.8   68s
H 1324   394                     548.5293144  -23.92464   104%  52.8   69s
  1350   413  280.85713  171  532  548.52931  -23.92464   104%  53.0   70s
  1390   440  310.09650  191  615  548.52931  -23.92464   104%  53.0   75s
  1419   459  326.07607  205  614  548.52931  -23.92464   104%  53.8   80s
  1485   503  368.23937  238  452  548.52931  -23.92464   104%  53.3   85s
  1631   600  474.27809  311  310  548.52931  -23.92464   104%  50.6   91s
  1799   716     cutoff  385       548.52931  -23.92464   104%  48.4   95s
  1994   895  158.09980  115  518  548.52931  -23.92464   104%  52.9  100s
  2207  1108  343.67127  222  414  548.52931  -23.92464   104%  49.5  105s
  2705  1564  -21.44268   25  605  548.52931  -23.92464   104%  44.1  110s
  2947  1806  202.11053  146  489  548.52931  -23.92464   104%  47.4  115s
  3361  2220  415.69851  353  273  548.52931  -23.92464   104%  43.5  120s
  3793  2612  130.40361  101  630  548.52931  -23.92464   104%  42.8  125s
H 4032  2849                     547.5679730  -23.92464   104%  43.1  129s
  4032  2851  315.61098  220  414  547.56797  -23.92464   104%  43.1  130s
  4468  3287  526.26809  438  242  547.56797  -23.92464   104%  40.4  135s
  4778  3569  202.75235  142  566  547.56797  -23.50402   104%  44.6  140s
  5068  3859  406.02850  287  364  547.56797  -23.50402   104%  43.7  145s
  5415  4156  107.04099   77  709  547.56797  -23.45061   104%  47.4  150s
  5790  4531  434.21344  264  331  547.56797  -23.45061   104%  47.6  155s
H 6018  4757                     547.5579331  -23.45061   104%  46.2  157s
H 6018  4757                     547.2901552  -23.45061   104%  46.2  157s
  6080  4785    5.31506   37  848  547.29016  -22.84266   104%  48.5  160s
H 6241  4944                     547.2901551  -22.84266   104%  49.8  162s
  6464  5169  374.81394  229  355  547.29016  -22.84266   104%  48.7  165s
H 6770  5445                     544.7601244  -22.84266   104%  47.5  168s
H 6770  5445                     544.7601192  -22.84266   104%  47.5  169s
  6788  5455   -2.07775   32  738  544.76012  -22.84266   104%  47.9  170s
  7075  5742  281.28891  176  657  544.76012  -22.84266   104%  49.5  175s
  7597  6242     cutoff  428       544.76012  -22.84266   104%  47.6  180s
H 7605  6238                     544.4377447  -22.84266   104%  47.6  180s
  7786  6399  107.66687   71  481  544.43774  -20.29685   104%  50.8  185s
  8249  6862  263.21380  163  541  544.43774  -20.29685   104%  51.3  190s
H 8605  7212                     543.6875921  -20.29685   104%  50.3  194s
  8692  7301  324.09002  205  400  543.68759  -20.29685   104%  49.9  195s
  9358  7967  425.43327  272  355  543.68759  -20.29685   104%  47.3  200s
 10013  8622  505.59701  330  314  543.68759  -20.29685   104%  45.0  205s
 10456  8993     cutoff  366       543.68759  -20.29685   104%  44.0  210s
 10610  9143   97.36312   71  595  543.68759  -20.29685   104%  47.3  215s
 11236  9769  292.24098  167  416  543.68759  -20.29685   104%  46.3  220s
 11891 10424  394.44662  231  378  543.68759  -20.29685   104%  44.7  225s
 12517 11050  490.02001  300  352  543.68759  -20.29685   104%  43.2  230s
 12942 11413   16.58498   33 1004  543.68759  -20.25763   104%  42.9  235s
 13155 11626  141.05264   94  475  543.68759  -20.25763   104%  45.1  240s
 13675 12146  292.18675  168  418  543.68759  -20.25763   104%  44.1  245s
 14328 12799  405.58212  238  347  543.68759  -20.25763   104%  42.7  250s
 14981 13452  480.02187  287  339  543.68759  -20.25763   104%  41.4  255s
 15490 13911  -12.02781   31  718  543.68759  -20.25763   104%  40.8  260s
 15800 14221  161.71279  106  662  543.68759  -20.25763   104%  42.1  265s
 16178 14599  269.51258  169  391  543.68759  -20.25763   104%  42.1  270s
 16784 15205  343.40200  211  361  543.68759  -20.25763   104%  41.2  275s
 17397 15818  445.15537  272  334  543.68759  -20.25763   104%  40.3  280s
 18041 16462  524.73470  339  306  543.68759  -20.25763   104%  39.3  285s
 18398 16743   23.64120   39  565  543.68759  -19.69610   104%  39.4  290s
 18819 17164  174.92067  132  492  543.68759  -19.69610   104%  39.9  295s
 19288 17633  277.15634  196  437  543.68759  -19.69610   104%  39.6  300s
 19889 18234  367.73750  258  422  543.68759  -19.69610   104%  38.9  305s
 20415 18760  439.99575  312  388  543.68759  -19.69610   104%  38.4  310s
H20964 19303                     543.2998579  -19.69610   104%  37.8  314s
H20964 19303                     543.2998400  -19.69610   104%  37.8  314s
H20964 19303                     543.1676252  -19.69610   104%  37.8  314s
 20965 19306  492.24271  352  354  543.16763  -19.69610   104%  37.8  315s
 21267 19608  520.01039  371  344  543.16763  -19.69610   104%  37.5  320s
 21581 19894  542.11936  391  328  543.16763  -19.69610   104%  37.3  325s
H21823 20098                     542.9339904  -19.69610   104%  38.5  331s
H21823 20098                     542.8889678  -19.69610   104%  38.5  331s
H21823 20055                     542.2416567  -19.69610   104%  38.5  332s
 21900 20134  150.20235  109  547  542.24166  -19.69610   104%  38.9  335s
 22261 20495  251.74044  166  480  542.24166  -19.69610   104%  39.1  340s
H22823 21055                     542.2416566  -19.69610   104%  38.5  344s
H22823 21051                     542.1819657  -19.69610   104%  38.5  345s
 23240 21470  405.85493  271  392  542.18197  -19.69610   104%  38.1  350s
 23793 22023  471.51118  352  350  542.18197  -19.69610   104%  37.5  355s
 24193 22423  507.37600  381  331  542.18197  -19.69610   104%  37.1  360s
 24497 22655   22.24951   36  711  542.18197  -19.05156   104%  37.6  365s
 24848 23006  201.20283  116  523  542.18197  -19.05156   104%  38.2  370s
 25226 23384  314.83253  182  487  542.18197  -19.05156   104%  38.6  375s
 25675 23833  394.57708  231  444  542.18197  -19.05156   104%  38.5  380s
 26079 24237  448.17214  263  417  542.18197  -19.05156   104%  38.2  385s
 26613 24771  509.79148  324  361  542.18197  -19.05156   104%  37.7  390s
H26894 25038                     542.1819347  -19.05156   104%  37.5  393s
H26894 25021                     541.8554908  -19.05156   104%  37.5  393s
 26894 25023  534.68660  348  335  541.85549  -19.05156   104%  37.5  395s
H26895 25015                     541.8140452  -19.05156   104%  37.5  395s
H26951 25013                     541.7466134  -19.05156   104%  37.5  396s
H26951 25013                     541.6848540  -19.05156   104%  37.5  396s
 27076 25140   69.98669   58  574  541.68485  -19.03826   104%  37.9  400s
 27485 25549  224.32836  150  597  541.68485  -19.03826   104%  38.2  405s
 27848 25912  303.58679  202  449  541.68485  -19.03826   104%  38.5  410s
 28253 26317  378.29676  255  392  541.68485  -19.03826   104%  38.3  415s
 28667 26731  441.37533  313  352  541.68485  -19.03826   104%  37.9  420s
 29176 27240  486.38142  356  313  541.68485  -19.03826   104%  37.5  425s
 29667 27719  537.03659  408  276  541.68485  -19.03826   104%  37.1  430s
 29953 27951  492.18084  273  354  541.68485  -18.42378   103%  37.2  435s
 30268 28246  524.83360  290  475  541.68485  -18.42378   103%  37.6  440s
 30574 28506  241.46898  148  586  541.68485  -18.03847   103%  38.0  445s
 31011 28943  533.40776  366  342  541.68485  -18.03847   103%  38.1  450s
 31216 29100  363.25861  185  408  541.68485  -17.21822   103%  38.3  455s
 31621 29471  426.31523  194  466  541.68485  -17.21822   103%  38.5  460s
 31838 29642   11.61778   37  720  541.68485  -16.77151   103%  38.9  465s
H31965 29757                     541.5428729  -16.77151   103%  39.3  469s
 31965 29759   94.04173   67  583  541.54287  -16.77151   103%  39.3  470s
 32240 30034  204.53020  129  447  541.54287  -16.77151   103%  39.7  475s
 32596 30390  303.03301  179  400  541.54287  -16.77151   103%  39.5  480s
H32965 30757                     541.5428728  -16.77151   103%  39.3  484s
H32965 30756                     541.5257629  -16.77151   103%  39.3  484s
 33013 30806  367.90192  216  375  541.52576  -16.77151   103%  39.3  485s
 33493 31286  426.38645  261  332  541.52576  -16.77151   103%  38.9  490s
 33977 31770  494.48234  311  319  541.52576  -16.77151   103%  38.6  495s
H34101 31866                     541.0053064  -16.77151   103%  38.5  496s
H34101 31866                     541.0051204  -16.77151   103%  38.5  496s
H34101 31866                     541.0024497  -16.77151   103%  38.5  497s
H34101 31866                     541.0018934  -16.77151   103%  38.5  497s
H34101 31855                     540.9064608  -16.77151   103%  38.5  498s
 34254 32010  533.18530  340  311  540.90646  -16.77151   103%  38.4  500s
 34579 32273  518.83925  259  323  540.90646  -16.20142   103%  38.5  505s
 34893 32567  429.60760  261  540  540.90646  -16.20142   103%  38.7  510s
 35187 32836  154.24983   95  776  540.90646  -15.67674   103%  38.8  515s
 35567 33184  222.57153   66  576  540.90646  -15.67674   103%  38.9  520s
 35815 33412  100.90294   61  810  540.90646  -15.42459   103%  39.3  525s
 36120 33717  530.31033  366  320  540.90646  -15.42459   103%  39.1  530s
 36438 33992  513.47419  303  409  540.90646  -14.87292   103%  39.5  535s
 36809 34326  514.50373  280  496  540.90646  -14.87292   103%  39.6  540s
H37036 34513                     540.9064048  -14.77110   103%  40.0  545s
 37202 34665  540.72876  317  429  540.90640  -14.77110   103%  39.9  550s
 37449 34886  433.18691  251  577  540.90640  -14.61351   103%  40.1  555s
 37725 35097  341.77138  181  540  540.90640  -14.61351   103%  40.4  560s
H38036 35348                     540.9064047  -14.19734   103%  40.2  563s
 38052 35366    9.94296   34  588  540.90640  -14.19734   103%  40.5  565s
 38215 35529   96.41525   76  672  540.90640  -14.19734   103%  41.3  570s
 38485 35799  186.31539  130  621  540.90640  -14.19734   103%  41.8  575s
 38768 36082  280.64585  180  551  540.90640  -14.19734   103%  42.1  580s
 38920 36234  296.76339  198  686  540.90640  -14.19734   103%  42.2  585s
 39253 36567  355.60113  239  402  540.90640  -14.19734   103%  42.1  590s
 39596 36910  414.15194  277  381  540.90640  -14.19734   103%  41.9  595s
 40070 37384  469.81695  326  334  540.90640  -14.19734   103%  41.6  600s
 40435 37749  503.83681  355  309  540.90640  -14.19734   103%  41.4  605s
 40839 38121     cutoff  383       540.90640  -14.19734   103%  41.2  610s
 41229 38451  538.16690  365  267  540.90640  -14.19734   103%  41.3  615s
 41400 38618  444.27561  198  446  540.90640  -13.57391   103%  41.5  620s
 41661 38863  444.12914  199  481  540.90640  -13.24776   102%  41.7  625s
 41942 39122  366.88901  202  469  540.90640  -13.24776   102%  41.9  630s
 42154 39294    1.97342   34 1008  540.90640  -13.03405   102%  42.0  635s
 42199 39339   62.45902   56  836  540.90640  -13.03405   102%  42.8  640s
 42490 39630  376.10098  202  389  540.90640  -13.03405   102%  43.1  645s
 42819 39921  145.00711   61  575  540.90640  -12.94548   102%  43.1  650s
 43225 40327  523.47921  188  538  540.90640  -12.94548   102%  43.1  655s
 43364 40438  276.91047  133  464  540.90640  -12.94548   102%  43.6  660s
 43681 40715  166.84644   88  516  540.90640  -12.71398   102%  43.8  665s
 44153 41159  388.18760  201  536  540.90640  -12.58948   102%  43.7  670s
H44340 41273                     540.1632226  -12.58948   102%  43.6  671s
H44340 41220                     539.6525040  -12.58948   102%  43.6  673s
 44405 41265  113.41990   73  572  539.65250  -12.58696   102%  43.8  675s
 44767 41587   18.80556   34  711  539.65250  -12.55757   102%  43.7  680s
 45099 41919  180.78774  111  668  539.65250  -12.55757   102%  44.1  685s
H45340 42152                     539.5376811  -12.55757   102%  44.2  689s
 45349 42163  261.61729  154  638  539.53768  -12.55757   102%  44.2  690s
 45592 42406  322.09457  194  496  539.53768  -12.55757   102%  44.4  695s
 46066 42880  402.37569  252  451  539.53768  -12.55757   102%  44.1  700s
 46540 43354  473.14759  304  414  539.53768  -12.55757   102%  43.8  705s
 46883 43697  515.92536  341  399  539.53768  -12.55757   102%  43.6  710s
 47179 43977  538.06694  374  360  539.53768  -12.55757   102%  43.5  717s
 47346 44108  301.88253  177  531  539.53768  -12.55757   102%  43.6  720s
 47658 44392  288.02197  123  484  539.53768  -12.47835   102%  43.7  725s
 47946 44656  322.76234  182  504  539.53768  -12.19308   102%  43.9  730s
 48213 44905  290.77163  136  491  539.53768  -12.18938   102%  44.1  735s
 48673 45335  502.67500  233  404  539.53768  -12.00937   102%  43.9  740s
 49109 45727  537.63084  398  315  539.53768  -11.86130   102%  43.9  745s
 49524 46092  156.20367   62  694  539.53768  -11.73638   102%  44.0  750s
 49839 46379     cutoff  159       539.53768  -11.73638   102%  44.2  755s
 50114 46632     cutoff  284       539.53768  -11.58777   102%  44.5  760s
 50417 46905  476.81451  308  317  539.53768  -11.52674   102%  44.6  765s
 50723 47179  136.48362   83  662  539.53768  -11.52674   102%  44.8  770s
 50983 47439  211.48820  137  628  539.53768  -11.52674   102%  45.1  775s
 51316 47772  289.95983  184  470  539.53768  -11.52674   102%  45.0  780s
 51684 48140  350.95630  228  438  539.53768  -11.52674   102%  44.8  785s
 52046 48502  392.54706  257  418  539.53768  -11.52674   102%  44.6  790s
 52335 48791  436.32269  291  383  539.53768  -11.52674   102%  44.5  795s
 52812 49268  498.54377  340  354  539.53768  -11.52674   102%  44.2  800s
 53148 49604  531.20571  362  329  539.53768  -11.52674   102%  44.0  805s
 53482 49880  482.26137  264  505  539.53768  -11.52365   102%  44.2  810s
 53747 50092  142.26911   88  745  539.53768  -11.52274   102%  44.4  815s
 54001 50346  351.30708  215  507  539.53768  -11.52274   102%  44.8  820s
 54302 50631     cutoff  361       539.53768  -11.52274   102%  44.8  825s
 54424 50716  270.89951  118  518  539.53768  -11.52274   102%  45.1  830s
 54802 51076  308.63339  145  768  539.53768  -11.46503   102%  45.1  835s
 55073 51300  198.94058   99  522  539.53768  -11.37929   102%  45.3  840s
 55192 51419  474.76163  218  447  539.53768  -11.37929   102%  45.3  845s
 55729 51916  520.35471  390  418  539.53768  -10.69689   102%  45.1  850s
 56035 52180  538.64491  293  374  539.53768  -10.43299   102%  45.2  855s
 56337 52430  538.32049  291  474  539.53768  -10.35353   102%  45.3  860s
 56556 52643  523.63651  246  414  539.53768  -10.34584   102%  45.5  866s
 56873 52936  364.07365  124  535  539.53768  -10.34584   102%  45.4  870s
 57084 53111   29.15499   36  585  539.53768  -10.26802   102%  45.7  875s
H57321 53325                     539.4147305  -10.26802   102%  46.1  881s
H57321 53323                     539.4048926  -10.26802   102%  46.1  882s
H57322 53324                     539.4048925  -10.26802   102%  46.1  882s
H57322 53322                     539.3870428  -10.26802   102%  46.1  883s
 57400 53402  162.73331  111  512  539.38704  -10.26802   102%  46.2  885s
 57650 53652  239.83110  157  472  539.38704  -10.26802   102%  46.6  890s
 57879 53881  301.17225  198  448  539.38704  -10.26802   102%  46.8  895s
H57934 53934                     539.3870425  -10.26802   102%  46.8  896s
H57934 53932                     539.3803145  -10.26802   102%  46.8  896s
H57934 53929                     539.3380851  -10.26802   102%  46.8  896s
 58116 54113  337.84075  224  433  539.33809  -10.26802   102%  46.9  900s
 58389 54386  385.75449  256  397  539.33809  -10.26802   102%  46.9  905s
 58811 54808  438.89987  307  364  539.33809  -10.26802   102%  46.7  910s
 59260 55257  491.48671  352  330  539.33809  -10.26802   102%  46.5  915s
 59692 55689  527.65450  382  295  539.33809  -10.26802   102%  46.3  920s
 59870 55817   39.24389   45  738  539.33809  -10.26802   102%  46.3  925s
 60117 56064  496.34890  292  412  539.33809  -10.26802   102%  46.5  930s
 60397 56318  334.92725  166  480  539.33809  -10.25755   102%  46.6  935s
 60772 56655  269.92483  129  580  539.33809  -10.25755   102%  46.6  940s
 60993 56858   30.62691   49  499  539.33809  -10.22325   102%  46.7  945s
 61220 57061     cutoff  257       539.33809  -10.22325   102%  46.6  950s
 61491 57294  538.14320  262  460  539.33809  -10.22325   102%  46.8  955s
 61757 57526   77.77486   62  658  539.33809  -10.15909   102%  47.1  960s
 62012 57757   79.14229   73  698  539.33809  -10.11460   102%  47.3  965s
 62344 58089  535.88583  405  295  539.33809  -10.11460   102%  47.2  970s
 62436 58139   12.17036   37  855  539.33809  -10.05880   102%  47.3  975s
 62832 58491    6.21538   35  737  539.33809  -10.05805   102%  47.3  980s
 63136 58795  307.46550  187  488  539.33809  -10.05805   102%  47.5  985s
 63574 59231  538.79687  406  238  539.33809  -10.05805   102%  47.3  990s
 63830 59447  123.72592   85  669  539.33809   -9.96668   102%  47.5  995s
 64031 59648  194.51387  127  517  539.33809   -9.96668   102%  47.8 1000s
 64363 59980  283.78562  179  478  539.33809   -9.96668   102%  47.7 1005s
 64814 60431  357.33291  222  450  539.33809   -9.96668   102%  47.5 1010s
 65172 60789  413.96335  266  414  539.33809   -9.96668   102%  47.4 1015s
 65627 61244  470.54251  311  368  539.33809   -9.96668   102%  47.2 1020s
 65979 61596  517.47102  348  322  539.33809   -9.96668   102%  47.0 1025s
 66314 61887  222.98974   84  555  539.33809   -9.81521   102%  47.0 1030s
 66539 62086    9.61193   37  841  539.33809   -9.68159   102%  47.1 1035s
 66793 62314   20.30632   40  960  539.33809   -9.62266   102%  47.3 1040s
 67080 62561   86.51952   66  959  539.33809   -9.51316   102%  47.5 1045s
 67316 62797  501.68234  302  461  539.33809   -9.51316   102%  47.6 1050s
 67403 62836   55.34859   49  713  539.33809   -9.48087   102%  47.9 1055s
H67463 62793                     538.7159787   -9.48087   102%  48.0 1059s
 67466 62798  188.12125  112  525  538.71598   -9.48087   102%  48.0 1060s
 67805 63087   91.98458   64  680  538.71598   -9.13620   102%  48.1 1065s
 68098 63356  273.56678  158  543  538.71598   -9.13620   102%  48.2 1070s
 68404 63634  285.56409  181  707  538.71598   -9.09236   102%  48.2 1075s
H68463 63691                     538.7159786   -9.09236   102%  48.3 1075s
H68463 63691                     538.7159439   -9.09236   102%  48.3 1075s
 68668 63852   25.48507   42  744  538.71594   -9.09236   102%  48.4 1080s
 69058 64216   -1.24117   28  634  538.71594   -9.00797   102%  48.4 1085s
 69405 64563  523.66640  375  193  538.71594   -9.00797   102%  48.5 1090s
 69565 64651   63.16365   50  587  538.71594   -9.00797   102%  48.7 1095s
 69760 64846  159.65907  100  563  538.71594   -9.00797   102%  48.9 1100s
 69988 65074  233.67560  148  426  538.71594   -9.00797   102%  49.2 1105s
 70143 65229  270.77342  169  524  538.71594   -9.00797   102%  49.2 1110s
 70568 65654  346.07534  208  382  538.71594   -9.00797   102%  49.1 1115s
 70989 66075  415.58367  256  358  538.71594   -9.00797   102%  49.0 1120s
 71407 66493  466.74353  297  351  538.71594   -9.00797   102%  48.8 1125s
 71753 66839  514.22242  334  321  538.71594   -9.00797   102%  48.7 1130s
H72025 67040                     538.6309257   -8.92893   102%  48.7 1134s
H72025 66922                     537.9782678   -8.92893   102%  48.7 1135s
 72144 67043  328.06577  157  731  537.97827   -8.92893   102%  48.8 1140s
 72427 67285   61.09883   59  706  537.97827   -8.92893   102%  48.9 1145s
 72534 67392  287.81123  166  542  537.97827   -8.92893   102%  48.9 1150s
 72743 67569   68.76780   69  698  537.97827   -8.79521   102%  49.0 1155s
 73002 67806   17.64150   42  726  537.97827   -8.76422   102%  49.2 1160s
H73025 67827                     537.9782668   -8.76422   102%  49.2 1160s
H73025 67827                     537.9782648   -8.76422   102%  49.2 1160s
H73025 67781                     537.8011371   -8.76422   102%  49.2 1160s
 73253 67973   15.41067   39  860  537.80114   -8.70295   102%  49.2 1165s
 73628 68308  527.33058  376  366  537.80114   -8.70295   102%  49.2 1171s
 73824 68464  437.80448  190  470  537.80114   -8.61335   102%  49.3 1175s
 74073 68689  132.66655   82  501  537.80114   -8.61335   102%  49.4 1180s
 74289 68905  317.34876  190  520  537.80114   -8.61335   102%  49.6 1185s
 74500 69116  457.21875  296  348  537.80114   -8.61335   102%  49.7 1190s
 74718 69280  115.55422   75  802  537.80114   -8.37290   102%  49.7 1195s
 74998 69528   24.63103   37  705  537.80114   -8.33897   102%  49.7 1200s
 75183 69713  445.57401  222  521  537.80114   -8.33897   102%  49.8 1205s
 75403 69877  165.27774   80  511  537.80114   -8.31538   102%  49.9 1210s
 75599 70039    8.81721   34  859  537.80114   -8.15239   102%  50.0 1215s
 75704 70144   45.24457   49  613  537.80114   -8.15239   102%  50.4 1220s
 75823 70263   83.69519   60  607  537.80114   -8.15239   102%  50.6 1225s
 75994 70434  116.19106   75  603  537.80114   -8.15239   102%  50.9 1230s
 76284 70724  169.70517   97  590  537.80114   -8.15239   102%  50.9 1235s
 76481 70921  198.43412  107  576  537.80114   -8.15239   102%  51.0 1240s
 76753 71193  243.07276  130  467  537.80114   -8.15239   102%  51.1 1245s
 77111 71551  287.39208  152  447  537.80114   -8.15239   102%  50.9 1250s
 77463 71903  322.31180  168  443  537.80114   -8.15239   102%  50.8 1255s
 77713 72153  353.86516  189  421  537.80114   -8.15239   102%  50.6 1260s
 77996 72436  390.00223  205  406  537.80114   -8.15239   102%  50.5 1265s
 78265 72705  413.83802  218  387  537.80114   -8.15239   102%  50.4 1270s
 78673 73113  450.02259  241  363  537.80114   -8.15239   102%  50.2 1275s
 79072 73512  488.95894  268  354  537.80114   -8.15239   102%  50.0 1280s
 79472 73912  521.13383  293  326  537.80114   -8.15239   102%  49.8 1285s
 79707 74071   23.53119   42  833  537.80114   -8.11638   102%  49.9 1290s
 80032 74396  514.18635  367  344  537.80114   -8.11638   102%  49.8 1295s
 80160 74470  219.71569  104  506  537.80114   -7.96743   101%  50.0 1300s
 80368 74660   21.42936   40  893  537.80114   -7.95790   101%  50.1 1305s
 80601 74873   37.33681   43  954  537.80114   -7.83701   101%  50.2 1310s
 80814 75082  537.13308  253  399  537.80114   -7.83701   101%  50.2 1315s
 81081 75289  339.84033  108  541  537.80114   -7.82454   101%  50.2 1320s
 81307 75477   -3.32776   29  555  537.80114   -7.78768   101%  50.3 1325s
 81483 75653  420.02528  205  536  537.80114   -7.78768   101%  50.5 1330s
 81584 75724   52.26685   51  698  537.80114   -7.66519   101%  50.6 1335s
 81904 76044  531.23588  371  409  537.80114   -7.66519   101%  50.6 1340s
 82126 76252  335.77845  166  762  537.80114   -7.66519   101%  50.7 1345s
 82352 76458   87.94776   71  506  537.80114   -7.60274   101%  50.9 1350s
 82663 76769  524.99486  382  184  537.80114   -7.60274   101%  50.7 1355s
 82858 76934  360.79457  179  680  537.80114   -7.49806   101%  50.8 1360s
H83013 77058                     537.7938828   -7.49806   101%  50.9 1365s
H83013 77054                     537.7684172   -7.49806   101%  50.9 1365s
 83138 77181  100.41246   69  711  537.76842   -7.49806   101%  51.3 1370s
 83407 77450  188.20518  124  567  537.76842   -7.49806   101%  51.4 1375s
 83751 77794  267.00541  173  426  537.76842   -7.49806   101%  51.3 1380s
 84030 78073  331.80610  202  412  537.76842   -7.49806   101%  51.2 1385s
 84372 78415  364.57826  230  393  537.76842   -7.49806   101%  51.0 1390s
 84674 78717  417.73357  260  381  537.76842   -7.49806   101%  50.9 1395s
 85074 79117  483.86787  297  363  537.76842   -7.49806   101%  50.7 1400s
 85468 79511  521.66795  336  327  537.76842   -7.49806   101%  50.6 1405s
 85698 79681   21.48166   38  721  537.76842   -7.49156   101%  50.6 1410s
 85905 79888  459.51565  245  596  537.76842   -7.49156   101%  50.6 1415s
 86019 79950   48.01296   52  484  537.76842   -7.47385   101%  50.8 1420s
 86235 80138   12.78855   36  854  537.76842   -7.40634   101%  50.8 1425s
 86524 80411     cutoff  314       537.76842   -7.40634   101%  50.8 1430s
 86612 80485   98.14910   68  582  537.76842   -7.39728   101%  51.2 1435s
 86802 80675  251.03119  163  440  537.76842   -7.39728   101%  51.4 1440s
 87184 81039  537.48054  347  260  537.76842   -7.39728   101%  51.2 1445s
 87440 81263  529.66744  259  547  537.76842   -7.37726   101%  51.3 1450s
 87595 81402  404.06267  174  490  537.76842   -7.34358   101%  51.5 1455s
H87667 81333                     537.1681008   -7.34358   101%  51.4 1458s
H87667 81320                     537.1173568   -7.34358   101%  51.4 1459s
H87667 81318                     537.0795347   -7.34358   101%  51.4 1459s
 87671 81320  532.06768  241  453  537.07953   -7.34358   101%  51.4 1460s
 87749 81378  142.08700   60  594  537.07953   -7.10121   101%  51.5 1465s
 88077 81702  520.49816  174  514  537.07953   -7.10121   101%  51.5 1470s
 88190 81789  229.64269  107  511  537.07953   -7.01990   101%  51.7 1475s
 88423 81974  114.36270   80  490  537.07953   -7.00508   101%  51.8 1480s
H88667 82216                     537.0795208   -7.00508   101%  51.7 1483s
 88734 82285  536.54513  391   61  537.07952   -7.00508   101%  51.7 1485s
 88941 82460  474.81060  208  487  537.07952   -6.96002   101%  51.8 1490s
 89034 82535   23.75650   40  742  537.07952   -6.95476   101%  52.1 1495s
 89093 82594   53.50774   59  500  537.07952   -6.95476   101%  52.5 1500s
 89377 82878  177.21071  118  553  537.07952   -6.95476   101%  52.5 1505s
 89589 83090  233.58459  149  540  537.07952   -6.95476   101%  52.5 1510s
 89935 83436  306.55469  190  390  537.07952   -6.95476   101%  52.4 1515s
 90190 83691  345.87298  216  371  537.07952   -6.95476   101%  52.3 1520s
 90495 83996  406.11014  246  353  537.07952   -6.95476   101%  52.2 1525s
 90878 84379  449.76096  283  326  537.07952   -6.95476   101%  52.1 1530s
 91267 84768  492.76177  317  294  537.07952   -6.95476   101%  51.9 1535s
 91562 85063  530.01967  340  276  537.07952   -6.95476   101%  51.8 1540s
 91663 85122   61.60571   57  486  537.07952   -6.88162   101%  51.9 1545s
 91967 85398  206.04175  122  634  537.07952   -6.86267   101%  51.9 1550s
 92310 85691   80.53168   55  850  537.07952   -6.85894   101%  51.9 1555s
 92652 85994   -1.73772   34  894  537.07952   -6.83395   101%  51.9 1560s
 92818 86160  502.31477  200  323  537.07952   -6.83395   101%  51.9 1566s
 92940 86264   -0.11792   32  596  537.07952   -6.83395   101%  51.9 1570s
 93143 86467  520.91405  235  448  537.07952   -6.83395   101%  51.9 1575s
 93389 86681  536.24036  244  438  537.07952   -6.83151   101%  52.0 1580s
 93609 86867  491.93147  225  427  537.07952   -6.74602   101%  52.0 1585s
 93889 87089  436.57385  236  533  537.07952   -6.48668   101%  52.0 1590s
 94199 87377  421.66661  124  650  537.07952   -6.47336   101%  52.0 1595s
 94389 87532  177.81963   90  488  537.07952   -6.46895   101%  52.1 1600s
 94633 87684     cutoff  249       537.07952   -6.46895   101%  52.1 1605s
 94677 87716   39.37755   51  444  537.07952   -6.30468   101%  52.2 1610s
 95017 88056  199.61826  108  395  537.07952   -6.30468   101%  52.1 1615s
 95313 88352  278.68568  150  379  537.07952   -6.30468   101%  52.0 1620s
 95697 88736  348.67020  192  337  537.07952   -6.30468   101%  51.8 1625s
 96040 89079  394.13147  216  323  537.07952   -6.30468   101%  51.7 1630s
 96374 89413  454.57820  253  279  537.07952   -6.30468   101%  51.6 1635s
 96754 89793  505.84249  293  246  537.07952   -6.30468   101%  51.4 1640s
 97009 90000   -1.43680   33  627  537.07952   -6.24139   101%  51.3 1645s
 97219 90210  512.56587  243  369  537.07952   -6.24139   101%  51.4 1650s
H97276 90255                     537.0794462   -6.24139   101%  51.3 1652s
H97283 90254                     537.0794460   -6.24139   101%  51.4 1653s
 97302 90255    3.57518   31  957  537.07945   -6.19945   101%  51.4 1655s
 97433 90386  358.96282  162  477  537.07945   -6.19945   101%  51.5 1660s
 97600 90515  127.77600   76  525  537.07945   -6.19945   101%  51.6 1665s
 97916 90805  528.97066  367  257  537.07945   -6.19945   101%  51.5 1670s
 98032 90897  273.73106  125  526  537.07945   -6.14199   101%  51.6 1675s
 98295 91136   17.36761   42  649  537.07945   -6.11370   101%  51.6 1680s
 98560 91361  288.06168   63  604  537.07945   -6.11370   101%  51.6 1685s
 98703 91484  209.29225  123  738  537.07945   -6.08627   101%  51.8 1690s
 98982 91731   17.72017   37  618  537.07945   -6.04913   101%  51.8 1695s
 99099 91848  317.14740  154  489  537.07945   -6.04913   101%  51.9 1700s
 99299 92026   78.64875   48  718  537.07945   -6.02352   101%  51.9 1705s
 99583 92290   25.91219   34  579  537.07945   -6.02352   101%  51.9 1710s
 99837 92544  515.64384  288  455  537.07945   -6.02352   101%  51.9 1715s
 99952 92601   32.37507   42  574  537.07945   -5.89377   101%  52.1 1720s
 100008 92657   55.87229   54  564  537.07945   -5.89377   101%  52.3 1725s
 100196 92845  137.42348  102  648  537.07945   -5.89377   101%  52.5 1730s
 100356 93005  181.13349  131  491  537.07945   -5.89377   101%  52.6 1735s
 100637 93286  253.44745  177  578  537.07945   -5.89377   101%  52.5 1740s
 100821 93470  288.38671  196  429  537.07945   -5.89377   101%  52.6 1745s
 101138 93787  336.96161  234  407  537.07945   -5.89377   101%  52.5 1750s
 101444 94093  391.47489  271  394  537.07945   -5.89377   101%  52.4 1755s
 101792 94441  431.37701  304  372  537.07945   -5.89377   101%  52.3 1760s
 102142 94791  478.78615  342  343  537.07945   -5.89377   101%  52.2 1765s
 102439 95088  501.83755  363  323  537.07945   -5.89377   101%  52.1 1771s
 102630 95279  518.78615  375  314  537.07945   -5.89377   101%  52.0 1775s
 102850 95471  536.54129  388  305  537.07945   -5.89377   101%  52.0 1780s
H102960 95539                     537.0637940   -5.85571   101%  52.1 1784s
 102960 95541  261.75604  122  490  537.06379   -5.85571   101%  52.1 1786s
 103149 95686  113.88326   60  698  537.06379   -5.85571   101%  52.2 1790s
 103433 95926     cutoff  305       537.06379   -5.85571   101%  52.1 1795s
 103580 96061  312.40241  166  581  537.06379   -5.85296   101%  52.2 1800s
 103776 96201   51.70785   50  731  537.06379   -5.82521   101%  52.3 1805s
H103960 96383                     537.0637772   -5.82521   101%  52.3 1809s
H103960 96383                     537.0631768   -5.82521   101%  52.3 1809s
 103960 96385  474.34955  234  396  537.06318   -5.82521   101%  52.3 1810s
 104136 96517  101.28727   80  701  537.06318   -5.72571   101%  52.3 1815s
 104450 96805     cutoff  373       537.06318   -5.72571   101%  52.3 1820s
 104648 96977  416.27111  206  533  537.06318   -5.69724   101%  52.4 1825s
 104851 97150  293.69349  124  513  537.06318   -5.69220   101%  52.5 1830s
 105052 97297   94.35762   56  802  537.06318   -5.68698   101%  52.5 1835s
 105324 97557  533.18264  317  542  537.06318   -5.68698   101%  52.5 1840s
 105509 97738  188.52298  124  571  537.06318   -5.67276   101%  52.7 1845s
 105654 97883  297.49018  197  428  537.06318   -5.67276   101%  52.7 1850s
 106015 98238  536.61737  377  257  537.06318   -5.67276   101%  52.6 1855s
 106162 98373  353.97898  171  480  537.06318   -5.59471   101%  52.7 1860s
 106411 98596    8.92636   33  755  537.06318   -5.59471   101%  52.7 1865s
 106495 98680   73.87010   55  745  537.06318   -5.59471   101%  53.0 1870s
 106610 98795  128.76437   85  608  537.06318   -5.59471   101%  53.2 1875s
 106812 98997  216.21729  123  472  537.06318   -5.59471   101%  53.2 1880s
 107092 99277  294.23531  165  450  537.06318   -5.59471   101%  53.1 1885s
 107332 99517  336.12101  190  427  537.06318   -5.59471   101%  53.1 1890s
 107701 99886  389.15586  217  408  537.06318   -5.59471   101%  53.0 1895s
 107964 100149  419.92786  241  386  537.06318   -5.59471   101%  52.9 1900s
H108031 100214                     537.0628424   -5.59471   101%  52.8 1902s
 108112 100297  441.31329  254  375  537.06284   -5.59471   101%  52.8 1905s
 108492 100677  493.70239  288  345  537.06284   -5.59471   101%  52.7 1910s
 108821 100974     cutoff  322       537.06284   -5.59471   101%  52.6 1915s
H109031 101178                     537.0628250   -5.57388   101%  52.7 1919s
H109031 101178                     537.0625630   -5.57388   101%  52.7 1919s
 109031 101180  473.94801  238  529  537.06256   -5.57388   101%  52.7 1920s
 109184 101305  169.77624   68  583  537.06256   -5.57388   101%  52.8 1925s
 109421 101532     cutoff  155       537.06256   -5.57388   101%  52.8 1930s
 109451 101546   43.74514   48  731  537.06256   -5.44483   101%  53.0 1935s
 109753 101844  535.69672  347  351  537.06256   -5.44483   101%  53.0 1940s
 109985 102040     cutoff  237       537.06256   -5.44351   101%  53.1 1945s
 110196 102239  491.61836  232  553  537.06256   -5.41719   101%  53.1 1950s
 110305 102294   72.71814   65  507  537.06256   -5.40991   101%  53.3 1955s
 110675 102630     cutoff  408       537.06256   -5.40991   101%  53.2 1960s
 110873 102828  471.11008  231  558  537.06256   -5.38225   101%  53.2 1965s
 111062 102979  260.94166  155  555  537.06256   -5.37458   101%  53.3 1970s
 111288 103205  533.84226  381  382  537.06256   -5.37458   101%  53.3 1975s
 111457 103348  221.46210  137  556  537.06256   -5.32171   101%  53.4 1980s
 111648 103513     cutoff  308       537.06256   -5.32171   101%  53.4 1985s
 111805 103652  401.79136  174  484  537.06256   -5.26542   101%  53.5 1990s
 111965 103776   66.13305   52  485  537.06256   -5.22535   101%  53.6 1995s
 112154 103965  172.24978   97  452  537.06256   -5.22535   101%  53.8 2001s
 112311 104122  234.65036  129  569  537.06256   -5.22535   101%  53.9 2005s
 112619 104430  313.68282  180  432  537.06256   -5.22535   101%  53.9 2010s
 112962 104773  371.24529  215  398  537.06256   -5.22535   101%  53.7 2015s
H113102 104911                     537.0625455   -5.22535   101%  53.7 2020s
 113365 105176  441.32274  251  374  537.06255   -5.22535   101%  53.6 2025s
 113643 105454  466.70780  277  352  537.06255   -5.22535   101%  53.5 2030s
 114033 105844  513.70941  335  288  537.06255   -5.22535   101%  53.4 2035s
H114102 105911                     537.0625136   -5.22535   101%  53.4 2036s
H114102 105911                     537.0622538   -5.22535   101%  53.4 2036s
H114102 105911                     537.0622245   -5.22535   101%  53.4 2036s
 114293 106104  529.78671  349  270  537.06222   -5.22535   101%  53.3 2040s
 114470 106215  171.04690  109  544  537.06222   -5.18949   101%  53.4 2045s
 114695 106416   22.51207   44  720  537.06222   -5.09372   101%  53.4 2050s
 114900 106621  513.68813  249  541  537.06222   -5.09372   101%  53.4 2055s
 115174 106855  527.90205  257  565  537.06222   -5.09347   101%  53.4 2060s
 115358 106955  186.61610   69  580  537.06222   -4.96311   101%  53.5 2065s
 115635 107232  476.98679  161  507  537.06222   -4.96311   101%  53.5 2071s
 115772 107361     cutoff  195       537.06222   -4.96311   101%  53.5 2075s
 115854 107411     cutoff  213       537.06222   -4.96311   101%  53.6 2080s
 115965 107494  180.68755  111  570  537.06222   -4.93414   101%  53.7 2085s
 116154 107683  529.04779  300  366  537.06222   -4.93414   101%  53.7 2090s
 116217 107702   35.20297   43  712  537.06222   -4.91583   101%  53.9 2095s
 116409 107894  242.08844  139  455  537.06222   -4.91583   101%  54.1 2100s
 116798 108283  503.88394  334  300  537.06222   -4.91583   101%  54.0 2105s
 116952 108387  160.91912   97  480  537.06222   -4.82301   101%  54.0 2110s
 117115 108550  502.21425  260  328  537.06222   -4.82301   101%  54.0 2115s
 117316 108703  103.43181   64  584  537.06222   -4.81120   101%  54.1 2120s
 117557 108918   58.16944   45  729  537.06222   -4.79146   101%  54.1 2125s
 117804 109134    4.12834   31  717  537.06222   -4.77154   101%  54.1 2130s
 118022 109352  532.36538  249  386  537.06222   -4.77154   101%  54.2 2135s
 118122 109404   39.61414   43  573  537.06222   -4.77154   101%  54.4 2140s
 118173 109455   61.02912   55  693  537.06222   -4.77154   101%  54.5 2146s
 118236 109518   95.03392   72  670  537.06222   -4.77154   101%  54.6 2150s
 118392 109674  153.86919  111  642  537.06222   -4.77154   101%  54.7 2155s
 118646 109928  220.68867  153  478  537.06222   -4.77154   101%  54.7 2160s
 118931 110213  287.35617  196  547  537.06222   -4.77154   101%  54.7 2165s
 119219 110501  328.67138  227  641  537.06222   -4.77154   101%  54.7 2170s
 119478 110760  377.42450  257  523  537.06222   -4.77154   101%  54.7 2175s
 119725 111007  407.57109  287  392  537.06222   -4.77154   101%  54.6 2180s
 120088 111370  458.26356  326  364  537.06222   -4.77154   101%  54.5 2185s
 120442 111724  497.70183  357  344  537.06222   -4.77154   101%  54.4 2190s
 120652 111934  515.16962  371  324  537.06222   -4.77154   101%  54.4 2196s
 120869 112139  533.07880  386  304  537.06222   -4.77154   101%  54.3 2200s
 121017 112227  213.43227  122  727  537.06222   -4.76993   101%  54.4 2205s
 121366 112532    0.45227   34  716  537.06222   -4.73735   101%  54.3 2210s
 121545 112711  488.84845  213  474  537.06222   -4.73735   101%  54.4 2215s
 121725 112831  266.27193  130  605  537.06222   -4.73735   101%  54.4 2220s
 121905 112977   56.65376   46  730  537.06222   -4.71998   101%  54.5 2225s
 122161 113223  536.98163  294  464  537.06222   -4.71998   101%  54.5 2230s
 122327 113355  272.60886  118  667  537.06222   -4.51004   101%  54.6 2235s
 122555 113559  166.38475   88  790  537.06222   -4.49592   101%  54.7 2240s
 122792 113766    9.26575   32  677  537.06222   -4.48164   101%  54.7 2245s
 122877 113851  234.88872  117  680  537.06222   -4.48164   101%  54.8 2250s
 123064 114029  533.69499  297  502  537.06222   -4.48164   101%  54.8 2255s
H123244 114185                     537.0580666   -4.47666   101%  54.9 2262s
 123246 114189  358.09362  195  670  537.05807   -4.47666   101%  54.9 2266s
 123377 114300   28.83026   46  721  537.05807   -4.42733   101%  55.0 2270s
 123638 114543   10.45789   36  740  537.05807   -4.39307   101%  55.0 2275s
 123684 114589   30.59399   46  508  537.05807   -4.39307   101%  55.3 2280s
 123745 114650   60.20873   57  736  537.05807   -4.39307   101%  55.5 2285s
 123930 114835  144.52281  105  469  537.05807   -4.39307   101%  55.7 2290s
 124171 115076  223.04732  141  457  537.05807   -4.39307   101%  55.6 2295s
 124362 115267  251.28360  167  441  537.05807   -4.39307   101%  55.5 2300s
 124741 115646  328.19915  204  412  537.05807   -4.39307   101%  55.4 2305s
 125113 116018  379.10885  243  387  537.05807   -4.39307   101%  55.3 2310s
 125470 116375  423.77248  274  356  537.05807   -4.39307   101%  55.2 2315s
 125833 116738  466.47899  305  326  537.05807   -4.39307   101%  55.1 2320s
 126204 117109  511.40559  336  304  537.05807   -4.39307   101%  55.0 2325s
 126492 117357  535.79365  356  269  537.05807   -4.39307   101%  54.9 2330s
H126504 117345                     537.0533103   -4.39307   101%  54.9 2332s
 126543 117364   63.40596   59  811  537.05331   -4.26884   101%  54.9 2335s
 126861 117682  533.60401  377  347  537.05331   -4.26884   101%  54.9 2340s
H126902 117691                     537.0526196   -4.26884   101%  54.9 2341s
H126902 117681                     537.0361249   -4.26884   101%  54.9 2342s
 126913 117694   23.05302   43  991  537.03612   -4.26884   101%  55.0 2345s
 127239 118020  528.78313  369   82  537.03612   -4.26884   101%  54.9 2350s
H127311 117855                     536.2839130   -4.26884   101%  54.9 2351s
*127312 117731             442     535.9669274   -4.26884   101%  54.9 2351s
*127315 117729             443     535.9668213   -4.26884   101%  54.9 2351s
*127324 117729             446     535.9665063   -4.26884   101%  54.9 2351s
*127326 117728             446     535.9664559   -4.26884   101%  54.9 2351s
*127328 117727             445     535.9664544   -4.26884   101%  54.9 2351s
*127333 117729             447     535.9664002   -4.26884   101%  54.9 2351s
*127335 117728             447     535.9663498   -4.26884   101%  54.9 2351s
*127337 117727             446     535.9663483   -4.26884   101%  54.9 2351s
 127443 117815   99.85202   77  685  535.96635   -4.25140   101%  55.0 2355s
 127696 118068  321.32227  203  545  535.96635   -4.25140   101%  55.0 2360s
 127967 118339  518.44912  339  292  535.96635   -4.25140   101%  55.0 2365s
 128203 118537  435.66348  201  535  535.96635   -4.24647   101%  55.0 2371s
 128316 118604  532.80235  271  419  535.96635   -4.24647   101%  55.0 2375s
H128339 116373                     531.2153774   -4.24647   101%  55.0 2376s
H128339 116373                     531.2151186   -4.24647   101%  55.0 2376s
H128339 116128                     530.7309791   -4.24647   101%  55.0 2376s
 128447 116238  301.56651  141  495  530.73098   -4.16663   101%  55.1 2380s
 128706 116479  306.19219  166  650  530.73098   -4.16663   101%  55.1 2385s
 128995 116742  525.48174  430  412  530.73098   -4.16663   101%  55.1 2390s
 129159 116854  328.63715  145  499  530.73098   -4.15759   101%  55.2 2395s
H129287 115814                     528.6404349   -4.14740   101%  55.3 2398s
H129287 115720                     528.4095469   -4.14740   101%  55.3 2398s
H129287 115454                     527.8458445   -4.14740   101%  55.3 2398s
H129287 115253                     527.4380149   -4.14740   101%  55.3 2398s
 129293 115261   20.91173   35  584  527.43801   -4.14740   101%  55.3 2400s
 129494 115462  383.45266  113  546  527.43801   -4.14740   101%  55.4 2405s
 129645 115591   23.80821   45  648  527.43801   -4.10225   101%  55.6 2410s
 129855 115765     cutoff  223       527.43801   -4.10225   101%  55.5 2415s
 130184 116080  511.67211  349  378  527.43801   -4.10225   101%  55.5 2420s
 130272 116096   25.86318   38  587  527.43801   -4.07519   101%  55.6 2425s
 130508 116332  149.77225   94  529  527.43801   -4.07519   101%  55.7 2430s
 130715 116539  227.44809  135  505  527.43801   -4.07519   101%  55.7 2435s
 130966 116790  297.98667  179  466  527.43801   -4.07519   101%  55.8 2440s
 131250 117074  344.10135  208  577  527.43801   -4.07519   101%  55.8 2445s
 131438 117262  375.03762  231  433  527.43801   -4.07519   101%  55.8 2450s
 131640 117464  411.79658  259  427  527.43801   -4.07519   101%  55.8 2455s
 131828 117652  441.78293  285  421  527.43801   -4.07519   101%  55.8 2460s
 132170 117994  490.44710  323  410  527.43801   -4.07519   101%  55.7 2465s
 132443 118239     cutoff  347       527.43801   -4.07519   101%  55.6 2470s
 132655 118409  445.95374  217  494  527.43801   -4.07519   101%  55.7 2475s
 132750 118470   35.22055   46  605  527.43801   -4.06176   101%  55.8 2480s
 133012 118704  170.52691   82  523  527.43801   -4.01917   101%  55.8 2485s
 133234 118898   90.12171   65  619  527.43801   -3.98286   101%  55.8 2490s
 133387 119051  463.92025  218  400  527.43801   -3.98286   101%  55.8 2495s
 133671 119297  231.20794  157  601  527.43801   -3.95135   101%  55.8 2500s
 133921 119529  117.65876   91  702  527.43801   -3.84702   101%  55.8 2505s
 134159 119743   25.69066   40 1134  527.43801   -3.84667   101%  55.9 2510s
H134168 119528                     527.0217442   -3.84667   101%  55.9 2511s
H134168 119525                     527.0138558   -3.84667   101%  55.9 2511s
H134168 119338                     526.6265927   -3.84667   101%  55.9 2512s
 134435 119605     cutoff  316       526.62659   -3.84667   101%  55.9 2515s
 134664 119804  423.82967  227  483  526.62659   -3.79224   101%  56.0 2520s
 134817 119923  135.45995   89  509  526.62659   -3.76809   101%  56.1 2525s
 135018 120124  520.49767  290  300  526.62659   -3.76809   101%  56.0 2530s
H135168 120245                     526.6215723   -3.76809   101%  56.0 2534s
 135212 120291  344.10543   99  511  526.62157   -3.76809   101%  56.0 2535s
 135407 120474   56.45324   46  641  526.62157   -3.61633   101%  56.2 2540s
 135553 120620  139.83065   79  613  526.62157   -3.61633   101%  56.3 2545s
 135627 120694  182.64693   98  487  526.62157   -3.61633   101%  56.4 2550s
 135836 120903  249.66214  130  596  526.62157   -3.61633   101%  56.5 2555s
 136043 121110  302.00416  162  463  526.62157   -3.61633   101%  56.5 2560s
 136415 121482  361.38362  197  426  526.62157   -3.61633   101%  56.4 2565s
 136780 121847  419.72986  232  413  526.62157   -3.61633   101%  56.3 2570s
 137016 122083  468.41925  257  380  526.62157   -3.61633   101%  56.2 2575s
 137360 122427  503.09998  289  335  526.62157   -3.61633   101%  56.1 2580s
 137586 122619   79.81783   57  706  526.62157   -3.61633   101%  56.1 2585s
 137837 122822     cutoff  265       526.62157   -3.61633   101%  56.1 2590s
H137974 122737                     526.1931310   -3.58377   101%  56.2 2593s
H137974 122198                     525.2733676   -3.58377   101%  56.2 2593s
H137974 121872                     524.6841153   -3.58377   101%  56.2 2593s
 137995 121895  365.40907  180  652  524.68412   -3.58377   101%  56.2 2595s
 138147 122017  113.74540   64  647  524.68412   -3.46485   101%  56.3 2600s
 138359 122229  514.91929  276  505  524.68412   -3.46485   101%  56.3 2605s
H138458 120126                     520.4142310   -3.46485   101%  56.4 2608s
H138458 119946                     520.0812542   -3.46485   101%  56.4 2608s
 138458 119948   98.20237   76  580  520.08125   -3.46485   101%  56.4 2611s
 138674 120150  516.80790  279  482  520.08125   -3.46485   101%  56.3 2615s
 138924 120392     cutoff  277       520.08125   -3.43884   101%  56.4 2620s
H139085 120503                     520.0629251   -3.39893   101%  56.5 2624s
H139085 120503                     520.0625978   -3.39893   101%  56.5 2625s
H139085 120503                     520.0625230   -3.39893   101%  56.5 2625s
 139203 120574   20.31598   38 1136  520.06252   -3.39857   101%  56.5 2630s
 139348 120719  472.54995  183  359  520.06252   -3.39857   101%  56.5 2635s
 139541 120876  409.65981  166  491  520.06252   -3.37055   101%  56.6 2640s
 139654 120940   15.83138   40  627  520.06252   -3.34615   101%  56.7 2645s
 139908 121172     cutoff  277       520.06252   -3.34615   101%  56.7 2650s
 140082 121332  409.04693  193  461  520.06252   -3.32979   101%  56.8 2655s
H140085 121333                     520.0625226   -3.32979   101%  56.8 2655s
H140085 121333                     520.0625091   -3.32979   101%  56.8 2655s
H140085 121322                     520.0450235   -3.32979   101%  56.8 2655s
 140211 121412   28.96955   38  577  520.04502   -3.32979   101%  56.9 2660s
 140329 121530   83.75857   66  671  520.04502   -3.32979   101%  57.0 2665s
 140415 121616  117.57274   87  779  520.04502   -3.32979   101%  57.1 2670s
 140533 121734  161.84506  119  522  520.04502   -3.32979   101%  57.2 2675s
 140737 121938  218.20414  151  501  520.04502   -3.32979   101%  57.2 2680s
 141008 122209  289.71505  193  459  520.04502   -3.32979   101%  57.2 2685s
 141276 122477  337.76633  224  564  520.04502   -3.32979   101%  57.2 2690s
 141550 122751  380.48360  258  417  520.04502   -3.32979   101%  57.1 2695s
 141844 123045  419.91379  290  394  520.04502   -3.32979   101%  57.0 2700s
 141997 123198  441.63543  306  379  520.04502   -3.32979   101%  57.0 2705s
 142346 123547  486.28231  344  345  520.04502   -3.32979   101%  56.9 2710s
 142668 123865  512.12530  365  339  520.04502   -3.32979   101%  56.8 2715s
 142890 124041  220.44972   87  668  520.04502   -3.32776   101%  56.8 2720s
 143140 124281  512.08417  168  497  520.04502   -3.32776   101%  56.8 2725s
 143179 124292   19.68106   36  562  520.04502   -3.25392   101%  56.9 2730s
 143378 124491  456.93566  235  530  520.04502   -3.25392   101%  57.0 2735s
H143529 124611                     520.0450232   -3.12980   101%  57.1 2740s
H143529 124541                     519.8997826   -3.12980   101%  57.1 2742s
H143529 124539                     519.8960326   -3.12980   101%  57.1 2742s
H143529 124539                     519.8960325   -3.12980   101%  57.1 2743s
 143636 124648  418.58696  229  691  519.89603   -3.12980   101%  57.0 2745s
 143830 124818  282.98500  138  496  519.89603   -3.07458   101%  57.1 2750s
 144048 124994  154.32772   89  859  519.89603   -3.04548   101%  57.1 2755s
 144277 125207   45.80709   42  824  519.89603   -3.04029   101%  57.1 2760s
 144447 125377  426.17409  212  566  519.89603   -3.04029   101%  57.2 2765s
 144602 125500  198.34155  106  799  519.89603   -3.04029   101%  57.3 2770s
 144840 125718   18.67255   32  588  519.89603   -3.02141   101%  57.3 2775s
 145015 125893  184.90848  120  548  519.89603   -3.02141   101%  57.4 2780s
 145272 126150  379.21179  248  427  519.89603   -3.02141   101%  57.4 2785s
 145535 126361   37.38767   46  711  519.89603   -2.98758   101%  57.3 2790s
 145822 126634     cutoff  324       519.89603   -2.98758   101%  57.3 2795s
 145952 126740  313.98962  139  590  519.89603   -2.95288   101%  57.5 2800s
 146101 126849   10.84848   39  594  519.89603   -2.94271   101%  57.5 2805s
 146227 126975   88.28846   66  588  519.89603   -2.94271   101%  57.6 2810s
 146464 127212  174.98464  110  456  519.89603   -2.94271   101%  57.6 2815s
 146692 127440  233.93503  149  548  519.89603   -2.94271   101%  57.7 2820s
 146810 127558  266.18264  168  426  519.89603   -2.94271   101%  57.7 2825s
 147154 127902  330.59798  209  404  519.89603   -2.94271   101%  57.6 2830s
 147519 128267  382.14879  240  379  519.89603   -2.94271   101%  57.5 2835s
 147887 128635  440.05463  276  357  519.89603   -2.94271   101%  57.4 2840s
 148236 128984  482.64682  307  329  519.89603   -2.94271   101%  57.3 2845s
 148370 129118  500.87747  319  329  519.89603   -2.94271   101%  57.3 2850s
 148586 129284   88.03584   63  793  519.89603   -2.93801   101%  57.3 2855s
 148600 129298  111.76884   77  899  519.89603   -2.93801   101%  57.3 2860s
 148802 129500  471.41072  279  495  519.89603   -2.93801   101%  57.3 2865s
 148985 129647  277.22814  149  564  519.89603   -2.88999   101%  57.4 2870s
 149171 129815   83.77257   47  699  519.89603   -2.68941   101%  57.5 2875s
 149463 130101  510.66607  157  605  519.89603   -2.68941   101%  57.5 2880s
 149613 130223  275.78831  153  616  519.89603   -2.68642   101%  57.5 2885s
 149785 130377   69.42280   61  611  519.89603   -2.62212   101%  57.6 2890s
 149983 130547  519.87093  233  467  519.89603   -2.62212   101%  57.6 2895s
 150223 130775  467.16312  261  544  519.89603   -2.62212   101%  57.6 2900s
 150348 130852  110.74832   86  685  519.89603   -2.59473   100%  57.7 2905s
 150605 131085  111.43398   67  714  519.89603   -2.58490   100%  57.7 2910s
 150844 131302   33.64881   43  841  519.89603   -2.58207   100%  57.7 2915s
 151094 131522   31.92396   36  740  519.89603   -2.58155   100%  57.8 2920s
 151302 131730  502.98927  244  546  519.89603   -2.58155   100%  57.8 2925s
 151403 131788   40.21735   46  561  519.89603   -2.54116   100%  57.9 2930s
 151637 132022  139.15136   98  629  519.89603   -2.54116   100%  57.9 2935s
 151894 132279  219.25082  151  582  519.89603   -2.54116   100%  58.0 2940s
 152198 132583  287.64328  196  548  519.89603   -2.54116   100%  58.0 2945s
 152518 132903  336.48213  230  411  519.89603   -2.54116   100%  57.9 2950s
 152730 133115  369.37369  257  396  519.89603   -2.54116   100%  57.9 2956s
 152976 133361  404.12193  283  382  519.89603   -2.54116   100%  57.8 2960s
 153317 133702  449.39535  318  357  519.89603   -2.54116   100%  57.7 2965s
 153671 134056  485.77044  344  334  519.89603   -2.54116   100%  57.6 2972s
 153748 134133  494.63313  351  335  519.89603   -2.54116   100%  57.6 2975s
 154060 134437  518.67574  373  308  519.89603   -2.54116   100%  57.5 2980s
 154200 134509  323.85431  126  513  519.89603   -2.51445   100%  57.6 2985s
 154353 134628  114.16425   61  660  519.89603   -2.51023   100%  57.7 2990s
 154618 134865   90.28032   63  703  519.89603   -2.47122   100%  57.7 2995s
 154856 135065   24.08426   42  616  519.89603   -2.47122   100%  57.7 3000s
 155107 135288    7.40454   32  743  519.89603   -2.40003   100%  57.7 3005s
 155216 135397  195.90733   75  712  519.89603   -2.40003   100%  57.9 3010s
 155468 135649  505.63817  160  629  519.89603   -2.40003   100%  57.9 3015s
 155532 135679  112.07837   59  440  519.89603   -2.40003   100%  58.0 3021s
 155701 135814    2.93230   32  767  519.89603   -2.37813   100%  58.0 3025s
 155786 135899  223.43216  117  497  519.89603   -2.37813   100%  58.0 3030s
 155958 136053   47.36276   43  710  519.89603   -2.35448   100%  58.0 3035s
 156071 136166  245.58768  156  593  519.89603   -2.35448   100%  58.1 3040s
 156178 136273  438.95903  263  533  519.89603   -2.35448   100%  58.0 3045s
 156284 136363  108.19323   76  681  519.89603   -2.34117   100%  58.1 3050s
 156425 136504  399.06208  217  464  519.89603   -2.34117   100%  58.1 3055s
 156557 136616   34.23511   35  740  519.89603   -2.34117   100%  58.1 3060s
 156665 136724  314.60744  143  499  519.89603   -2.34117   100%  58.1 3065s
 156791 136822   -0.32263   31  630  519.89603   -2.31687   100%  58.1 3070s
 156812 136843   15.02524   36  746  519.89603   -2.31687   100%  58.2 3075s
 156874 136905   65.49221   56  503  519.89603   -2.31687   100%  58.3 3080s
 156946 136977  100.61128   73  491  519.89603   -2.31687   100%  58.4 3085s
 156994 137025  121.24687   84  610  519.89603   -2.31687   100%  58.5 3090s
 157084 137115  176.05082  105  480  519.89603   -2.31687   100%  58.6 3095s
 157225 137256  196.57351  129  453  519.89603   -2.31687   100%  58.6 3100s
 157347 137378  234.17768  150  570  519.89603   -2.31687   100%  58.6 3105s
 157495 137526  270.39715  172  430  519.89603   -2.31687   100%  58.6 3110s
 157634 137665  295.53650  184  431  519.89603   -2.31687   100%  58.6 3115s
 157804 137835  316.48960  199  414  519.89603   -2.31687   100%  58.5 3120s
 157920 137951  333.30098  208  410  519.89603   -2.31687   100%  58.5 3125s
 158064 138095  356.11977  220  388  519.89603   -2.31687   100%  58.5 3131s
H158091 138118                     519.8878854   -2.31687   100%  58.5 3132s
H158091 137887                     519.4244914   -2.31687   100%  58.5 3132s
H158091 137753                     519.1132752   -2.31687   100%  58.5 3132s
H158091 137752                     519.1105030   -2.31687   100%  58.5 3133s
H158091 137752                     519.1105028   -2.31687   100%  58.5 3133s
H158092 137753                     519.1105026   -2.31687   100%  58.5 3134s
 158109 137772  364.03938  226  391  519.11050   -2.31687   100%  58.4 3135s
 158264 137927  389.59955  244  387  519.11050   -2.31687   100%  58.4 3140s
 158418 138081  416.06141  257  365  519.11050   -2.31687   100%  58.4 3145s
 158572 138235  436.30632  273  355  519.11050   -2.31687   100%  58.3 3150s
 158728 138391  455.06559  286  345  519.11050   -2.31687   100%  58.3 3155s
 158793 138456  462.29623  292  331  519.11050   -2.31687   100%  58.3 3160s
 158930 138593  484.46129  307  308  519.11050   -2.31687   100%  58.2 3165s
 159079 138742  500.75932  318  308  519.11050   -2.31687   100%  58.2 3170s
 159229 138844   49.10332   42  810  519.11050   -2.31198   100%  58.2 3175s
 159490 139079   54.67622   47  717  519.11050   -2.31198   100%  58.2 3180s
 159778 139331   15.79035   41  849  519.11050   -2.27357   100%  58.2 3185s
 160041 139574   60.67712   59  706  519.11050   -2.25409   100%  58.2 3190s
 160236 139769  464.76705  254  509  519.11050   -2.25409   100%  58.2 3195s
 160380 139891  250.95928  131  555  519.11050   -2.25409   100%  58.4 3200s
 160521 140028  516.72601  269  500  519.11050   -2.25409   100%  58.3 3205s
 160653 140136  301.50451  145  543  519.11050   -2.25292   100%  58.5 3210s
 160819 140278   73.65296   45  710  519.11050   -2.25292   100%  58.6 3215s
 161077 140536  323.21016   94  551  519.11050   -2.25292   100%  58.7 3220s
 161285 140720     cutoff  131       519.11050   -2.25292   100%  58.7 3225s
 161341 140720   56.26249   39  725  519.11050   -2.20579   100%  58.8 3230s
 161520 140899  458.84671  218  557  519.11050   -2.20579   100%  58.8 3235s
 161633 140990  142.41012   94  620  519.11050   -2.15313   100%  58.9 3240s
 161884 141204   21.53547   37  723  519.11050   -2.06014   100%  58.9 3245s
 162109 141409  518.92393  244  483  519.11050   -2.06014   100%  59.0 3250s
 162241 141533   72.72659   64  654  519.11050   -2.02150   100%  59.0 3255s
 162420 141712  140.90541  103  620  519.11050   -2.02150   100%  59.1 3260s
 162651 141943  202.43703  144  606  519.11050   -2.02150   100%  59.1 3265s
 162909 142201  270.38575  186  569  519.11050   -2.02150   100%  59.1 3270s
 163115 142407  311.66292  219  416  519.11050   -2.02150   100%  59.1 3275s
 163345 142637  345.82757  242  419  519.11050   -2.02150   100%  59.0 3280s
 163685 142977  396.32583  277  402  519.11050   -2.02150   100%  59.0 3285s
 163855 143147  419.63649  297  380  519.11050   -2.02150   100%  58.9 3290s
 164199 143491  462.66755  328  362  519.11050   -2.02150   100%  58.8 3295s
 164543 143835  493.59675  352  346  519.11050   -2.02150   100%  58.8 3300s
 164807 144099  511.12993  370  340  519.11050   -2.02150   100%  58.7 3305s
 164937 144163    3.59746   33  595  519.11050   -2.00204   100%  58.7 3311s
 165099 144325  413.90175  195  564  519.11050   -2.00204   100%  58.8 3315s
 165309 144513  417.68140  160  399  519.11050   -2.00204   100%  58.8 3320s
 165438 144602  410.87639   69  576  519.11050   -1.99865   100%  58.8 3325s
 165610 144766  456.22230  188  484  519.11050   -1.99865   100%  58.9 3330s
 165777 144905  334.76386  146  501  519.11050   -1.95836   100%  59.0 3335s
 165937 145001   47.77215   43  827  519.11050   -1.91774   100%  59.0 3340s
 166189 145253  475.84817  295  506  519.11050   -1.91774   100%  59.0 3345s
 166342 145388  307.95485  146  602  519.11050   -1.89887   100%  59.1 3350s
 166544 145551  114.60804   75  489  519.11050   -1.88611   100%  59.1 3355s
 166741 145726   48.28853   43  704  519.11050   -1.88611   100%  59.1 3360s
 166941 145926  458.66053  243  486  519.11050   -1.88611   100%  59.1 3365s
 167047 146004   95.48210   75  801  519.11050   -1.81588   100%  59.2 3370s
 167277 146214   10.76919   36  721  519.11050   -1.79034   100%  59.2 3375s
 167393 146330   91.83337   65  579  519.11050   -1.79034   100%  59.3 3380s
 167564 146501  176.32287  106  566  519.11050   -1.79034   100%  59.4 3385s
 167747 146684  235.13982  142  676  519.11050   -1.79034   100%  59.5 3390s
 167984 146921  286.66851  177  548  519.11050   -1.79034   100%  59.5 3395s
 168197 147134  319.51054  201  407  519.11050   -1.79034   100%  59.4 3400s
 168427 147364  354.65275  219  388  519.11050   -1.79034   100%  59.4 3405s
 168793 147730  414.33996  258  377  519.11050   -1.79034   100%  59.3 3410s
 168932 147869  432.03306  273  362  519.11050   -1.79034   100%  59.2 3415s
 169292 148229  494.55545  309  343  519.11050   -1.79034   100%  59.1 3420s
 169538 148465     cutoff  335       519.11050   -1.79034   100%  59.1 3425s
 169741 148634  473.44990  211  475  519.11050   -1.73772   100%  59.1 3430s
 169881 148748  348.90754  131  421  519.11050   -1.71891   100%  59.1 3435s
 170023 148850   83.64663   57  686  519.11050   -1.71891   100%  59.2 3441s
 170270 149069     cutoff  281       519.11050   -1.71891   100%  59.2 3445s
 170473 149258  422.77396  221  580  519.11050   -1.67878   100%  59.2 3450s
 170578 149339   63.18180   49  586  519.11050   -1.63375   100%  59.3 3455s
 170696 149457  313.62913  167  554  519.11050   -1.63375   100%  59.3 3460s
 170828 149567   12.81482   34  719  519.11050   -1.63177   100%  59.3 3465s
 171109 149848  487.86651  315  438  519.11050   -1.63177   100%  59.3 3470s
 171243 149952  289.25266  130  465  519.11050   -1.59390   100%  59.4 3475s
 171414 150109  113.71556   57  671  519.11050   -1.58487   100%  59.4 3480s
 171639 150334  507.69919  282  490  519.11050   -1.58487   100%  59.4 3485s
 171804 150458  344.58717  157  500  519.11050   -1.57404   100%  59.4 3490s
 171962 150586   53.34185   47  480  519.11050   -1.56137   100%  59.5 3496s
 172063 150687  150.58543   98  556  519.11050   -1.56137   100%  59.5 3500s
 172225 150849  280.12573  179  411  519.11050   -1.56137   100%  59.6 3505s
 172347 150971  379.62010  240  366  519.11050   -1.56137   100%  59.6 3510s
 172609 151165   17.25396   32  580  519.11050   -1.53803   100%  59.6 3515s
 172744 151300   79.17752   65  552  519.11050   -1.53803   100%  59.7 3520s
 172893 151449  141.06539   98  649  519.11050   -1.53803   100%  59.8 3525s
 173090 151646  187.02803  128  621  519.11050   -1.53803   100%  59.9 3530s
 173283 151839  239.84298  159  456  519.11050   -1.53803   100%  59.9 3535s
 173406 151962  272.82159  181  561  519.11050   -1.53803   100%  59.9 3540s
 173537 152093  290.52959  195  432  519.11050   -1.53803   100%  59.9 3545s
 173733 152289  323.03212  214  416  519.11050   -1.53803   100%  59.9 3550s
 173955 152511  357.39448  243  404  519.11050   -1.53803   100%  59.9 3557s
 174095 152651  378.23282  255  396  519.11050   -1.53803   100%  59.9 3560s
 174268 152824  402.68986  277  376  519.11050   -1.53803   100%  59.9 3565s
 174591 153147  448.36637  311  362  519.11050   -1.53803   100%  59.8 3570s
 174929 153485  488.66646  345  346  519.11050   -1.53803   100%  59.7 3575s
 175244 153786  512.06729  363  336  519.11050   -1.53803   100%  59.7 3580s
 175350 153836   72.44567   65  504  519.11050   -1.51944   100%  59.7 3585s
 175602 154065  109.18224   65  796  519.11050   -1.51944   100%  59.7 3590s
 175862 154295   12.02021   33  678  519.11050   -1.47729   100%  59.7 3595s

Cutting planes:
  Learned: 11
  Gomory: 187
  Implied bound: 830
  Projected implied bound: 462
  MIR: 2
  Flow cover: 629
  RLT: 2
  Relax-and-lift: 31

Explored 176098 nodes (10537165 simplex iterations) in 3600.00 seconds (1816.99 work units)
Thread count was 1 (of 56 available processors)

Solution count 10: 519.111 519.113 519.424 ... 520.063

Time limit reached
Best objective 5.191105026447e+02, best bound -1.477290139615e+00, gap 100.2846%

User-callback calls 864248, time in user-callback 3.14 sec
Generating Gunluk and Lee data file ../../../../../instances/uflp/gunluk/gunluk-20-40-6.txt
primal_bound = 519.1105026447054, dual_bound = -1.4772901396154339, gap = 100.28458105395461, time = 3600.01
