solving instance uflp nlass gunluk ../../../../../instances/uflp/gunluk/gunluk-30-60-4.txt log
Set parameter TokenServer to value "licences.gerad.lan"
Set parameter MIPGap to value 1e-06
Set parameter FuncPieceError to value 1e-06
Set parameter Threads to value 1
Set parameter FuncPieces to value -2
Set parameter TimeLimit to value 3600
Gurobi Optimizer version 12.0.2 build v12.0.2rc0 (linux64 - "AlmaLinux 9.6 (Sage Margay)")

CPU model: Intel(R) Xeon(R) Gold 6258R CPU @ 2.70GHz, instruction set [SSE2|AVX|AVX2|AVX512]
Thread count: 56 physical cores, 56 logical processors, using up to 1 threads

Non-default parameters:
TimeLimit  3600
MIPGap  1e-06
Threads  1
FuncPieces  -2
FuncPieceError  1e-06

Optimize a model with 7260 rows, 9030 columns and 16200 nonzeros
Model fingerprint: 0xe9481427
Model has 1800 function constraints treated as nonlinear
  1800 LOG
Variable types: 7200 continuous, 1830 integer (1830 binary)
Coefficient statistics:
  Matrix range     [3e-01, 2e+01]
  Objective range  [1e+00, 9e+01]
  Bounds range     [1e+00, 1e+10]
  RHS range        [1e+00, 1e+00]
Warning: Model contains large bounds
         Consider reformulating model or setting NumericFocus parameter
         to avoid numerical issues.
Warning: x < 1e-10 in domain of log(x).
         Setting lower bound to 1e-10.
Presolve removed 5400 rows and 5400 columns
Presolve time: 0.02s
Presolved: 10860 rows, 3631 columns, 23400 nonzeros
Presolved model has 1800 nonlinear constraint(s)

Solving non-convex MINLP

Variable types: 3601 continuous, 30 integer (30 binary)
Found heuristic solution: objective 1909.4210074

Root relaxation: objective 6.021656e+02, 1960 iterations, 0.02 seconds (0.03 work units)

    Nodes    |    Current Node    |     Objective Bounds      |     Work
 Expl Unexpl |  Obj  Depth IntInf | Incumbent    BestBd   Gap | It/Node Time

*    0     0               0     602.1656312  602.16563  0.00%     -    0s

Explored 1 nodes (1960 simplex iterations) in 0.06 seconds (0.05 work units)
Thread count was 1 (of 56 available processors)

Solution count 2: 602.166 1909.42 

Optimal solution found (tolerance 1.00e-06)
Best objective 6.021656311703e+02, best bound 6.021656311703e+02, gap 0.0000%

User-callback calls 269, time in user-callback 0.00 sec
Generating Gunluk and Lee data file ../../../../../instances/uflp/gunluk/gunluk-30-60-4.txt
primal_bound = 602.1656311703218, dual_bound = 602.1656311703217, gap = 1.8879662311624e-14, time = 0.07
