solving instance uflp nlass orlib 42 sinabc1
Set parameter TokenServer to value "licences.gerad.lan"
Set parameter MIPGap to value 1e-06
Set parameter FuncPieceError to value 1e-06
Set parameter Threads to value 1
Set parameter FuncPieces to value -2
Set parameter TimeLimit to value 3600
Gurobi Optimizer version 12.0.2 build v12.0.2rc0 (linux64 - "AlmaLinux 9.6 (Sage Margay)")

CPU model: Intel(R) Xeon(R) Gold 6258R CPU @ 2.70GHz, instruction set [SSE2|AVX|AVX2|AVX512]
Thread count: 56 physical cores, 56 logical processors, using up to 1 threads

Non-default parameters:
TimeLimit  3600
MIPGap  1e-06
Threads  1
FuncPieces  -2
FuncPieceError  1e-06

Optimize a model with 4050 rows, 5616 columns and 9599 nonzeros
Model fingerprint: 0x8e3b6b39
Model has 1600 function constraints treated as nonlinear
  800 POW, 800 SIN
Variable types: 4800 continuous, 816 integer (816 binary)
Coefficient statistics:
  Matrix range     [1e+00, 4e+05]
  Objective range  [1e+00, 1e+04]
  Bounds range     [1e+00, 1e+10]
  RHS range        [1e+00, 1e+00]
Warning: Model contains large bounds
         Consider reformulating model or setting NumericFocus parameter
         to avoid numerical issues.
Presolve removed 2451 rows and 3202 columns
Presolve time: 0.02s
Presolved: 5599 rows, 2415 columns, 12697 nonzeros
Presolved model has 799 quadratic objective terms
Presolved model has 800 nonlinear constraint(s)

Solving non-convex MINLP

Variable types: 2400 continuous, 15 integer (15 binary)
Found heuristic solution: objective 1248142.8991

Root relaxation: objective 1.227158e+05, 5069 iterations, 0.42 seconds (0.26 work units)

    Nodes    |    Current Node    |     Objective Bounds      |     Work
 Expl Unexpl |  Obj  Depth IntInf | Incumbent    BestBd   Gap | It/Node Time

     0     0 122715.834    0  799 1248142.90 122715.834  90.2%     -    0s
     0     0 122907.413    0  799 1248142.90 122907.413  90.2%     -    0s
     0     2 122983.903    0  799 1248142.90 122983.903  90.1%     -    0s
    29    31 276807.756   15  441 1248142.90 133608.907  89.3%   634    5s
  1177  1179 538503.409  589  389 1248142.90 133608.907  89.3%  16.8   10s
H 1994  1994                    543533.13175 133608.907  75.4%  10.3   13s
  2416  2418 543372.762 1208  367 543533.132 133608.907  75.4%   8.9   15s
H 2552  2425                    543527.70915 133608.907  75.4%   8.5   16s
H 2554  2304                    456996.82525 133608.907  70.8%   8.5   18s
  2556  2307 133608.907   15  749 456996.825 133608.907  70.8%  10.8   29s
  2559  2309 144408.491   16  797 456996.825 133608.907  70.8%  11.0   30s
H 2581  2207                    456996.81926 133608.907  70.8%  13.3   31s
H 2581  2098                    454391.39020 133608.907  70.6%  13.3   31s
  2917  2322 435716.330  195  441 454391.390 133608.907  70.6%  12.0   35s
  3478  2640 193769.710   21  694 454391.390 143057.347  68.5%  17.2   40s
  3907  2896 259800.840   28  491 454391.390 143057.347  68.5%  18.5   45s
  4698  3351 176028.295   19  647 454391.390 152788.058  66.4%  19.2   50s
  5430  3801 452941.303  212  441 454391.390 158521.192  65.1%  19.9   55s
  6005  4137 431519.470  103  488 454391.390 160339.929  64.7%  22.5   60s
  6696  4507 191334.975   20  597 454391.390 164410.274  63.8%  23.5   65s
  7192  4788 216792.786   23  692 454391.390 164410.274  63.8%  25.4   70s
  7833  5183 237160.799   25  641 454391.390 165573.962  63.6%  26.4   75s
  8566  5628 256044.212   27  590 454391.390 165878.069  63.5%  26.7   80s
H 9161  6138                    454361.70241 165878.069  63.5%  25.4   83s
H 9161  6138                    454360.25135 165878.069  63.5%  25.4   83s
  9242  6199 257977.549   27  492 454360.251 166793.718  63.3%  26.7   85s
 10008  6899 405474.239  101  488 454360.251 167058.938  63.2%  26.5   90s
 10726  7559 431945.920  106  490 454360.251 168664.721  62.9%  26.7   95s
 11461  8242 402155.653   99  440 454360.251 173932.619  61.7%  27.1  100s
 12185  8882 219217.144   23  496 454360.251 174764.657  61.5%  27.5  105s
 13140  9771 187059.685   20  646 454360.251 177120.942  61.0%  26.8  110s
 13891 10444 424169.486  143  586 454360.251 177849.671  60.9%  26.9  115s
 14545 11014 193515.534   21  694 454360.251 182627.445  59.8%  27.6  120s
 15505 11846 299999.373   36  441 454360.251 182823.318  59.8%  27.0  125s
 16488 12737 406409.270  193  636 454360.251 183678.267  59.6%  26.3  130s
 17207 13374 272235.248   29  441 454360.251 185092.390  59.3%  26.9  135s
 18264 14389 382675.612   42  489 454360.251 185234.827  59.2%  25.8  140s
 19215 15222 231311.191   24  495 454360.251 185939.699  59.1%  25.6  145s
 19992 15961 450998.729  283  490 454360.251 187195.690  58.8%  25.6  150s
 20853 16716 202853.386   21  547 454360.251 189545.769  58.3%  25.8  155s
 21661 17438 451990.308   43  532 454360.251 189826.957  58.2%  25.8  160s
 22657 18368 443848.408  725  681 454360.251 190457.962  58.1%  25.3  165s
 23355 18958 413590.955  107  489 454360.251 192010.877  57.7%  25.4  170s
 24387 19934 450505.019  480  635 454360.251 193424.892  57.4%  24.6  175s
 25205 20654 418119.763  105  439 454360.251 194695.116  57.1%  24.5  180s
 25929 21344 379249.603   65  489 454360.251 194839.781  57.1%  24.7  185s
 26853 22172 279298.779   28  393 454360.251 195183.108  57.0%  24.2  190s
 27641 22880 257178.012   27  492 454360.251 196077.996  56.8%  24.3  195s
 28662 23837 436023.996   74  439 454360.251 196545.006  56.7%  23.8  200s
 29542 24619 413252.197   92  391 454360.251 197456.752  56.5%  23.8  205s
 30407 25366 234064.090   25  543 454360.251 198092.231  56.4%  23.8  210s
H30907 25139                    452887.03277 198178.200  56.2%  23.5  212s
H30907 24203                    450723.93385 198178.200  56.0%  23.5  212s
 31065 24363 433830.463  570  732 450723.934 198178.200  56.0%  23.4  215s
 31973 25195 242330.633   26  542 450723.934 199179.386  55.8%  23.4  220s
 32966 26082 419709.186  138  587 450723.934 200080.706  55.6%  23.3  225s
 33844 26846 229902.501   25  543 450723.934 200723.462  55.5%  23.3  230s
 34954 27890 444028.749  204  440 450723.934 201076.375  55.4%  23.1  235s
 35777 28563 439874.266  214  587 450723.934 201809.398  55.2%  23.2  240s
 36718 29404 298542.959   29  392 450723.934 202930.284  55.0%  23.1  245s
 37318 29892 237682.744   26  542 450723.934 203747.496  54.8%  23.3  250s
 38473 30893 368675.709   70  489 450723.934 204050.919  54.7%  22.9  255s
 39630 31950 430906.115  337  637 450723.934 204254.406  54.7%  22.5  260s
 40629 32843 423162.121  209  635 450723.934 205217.595  54.5%  22.4  265s
 41700 33806 449248.337  381  585 450723.934 205815.342  54.3%  22.2  270s
 42737 34805 447479.412  403  489 450723.934 205861.486  54.3%  21.9  275s
 43868 35866 440247.536  717  685 450723.934 206219.909  54.2%  21.6  280s
 44734 36650 225643.408   24  544 450723.934 206952.004  54.1%  21.5  285s
 45789 37599 220497.744   22  546 450723.934 207087.593  54.1%  21.2  290s
 46694 38418 258485.316   27  541 450723.934 208051.931  53.8%  21.3  295s
 47628 39248 412140.639  249  684 450723.934 208260.194  53.8%  21.2  300s
 48726 40298 438380.057  185  441 450723.934 208533.012  53.7%  20.9  305s
 49611 41071 217273.985   24  593 450723.934 209020.863  53.6%  20.9  310s
 50439 41825 428440.838  140  489 450723.934 209917.715  53.4%  21.0  315s
 51375 42599 245259.783   26  493 450723.934 210351.359  53.3%  21.0  320s
 52489 43635 214589.020   23  692 450723.934 210649.018  53.3%  20.8  325s
 53342 44376 266491.785   28  491 450723.934 211289.900  53.1%  21.0  330s
 54452 45368 302970.765   28  393 450723.934 211378.278  53.1%  20.7  335s
 55428 46276 433191.452  164  488 450723.934 211574.523  53.1%  20.6  340s
 56462 47162 389643.467   62  391 450723.934 211888.465  53.0%  20.6  345s
 57587 48191 426771.794  254  637 450723.934 211990.996  53.0%  20.3  350s
 58722 49240 448061.038  294  488 450723.934 212219.267  52.9%  20.2  355s
 59698 50108 228698.122   25  543 450723.934 212428.246  52.9%  20.2  360s
 60783 51101 237786.789   25  543 450723.934 212584.738  52.8%  20.0  365s
 61689 51905 252711.315   27  443 450723.934 212727.505  52.8%  20.0  370s
 62721 52873 413236.376   69  489 450723.934 212912.218  52.8%  19.9  375s
 64000 54092 450292.516  988  702 450723.934 212922.617  52.8%  19.6  380s
 64977 54897 386077.400   92  440 450723.934 213007.191  52.7%  19.6  385s
 66157 55997 246915.866   25  445 450723.934 213076.783  52.7%  19.3  390s
 67070 56810 236287.756   26  542 450723.934 213290.166  52.7%  19.4  395s
 68117 57749 260238.192   28  442 450723.934 213341.818  52.7%  19.2  400s
 69211 58761 230678.569   23  496 450723.934 213780.115  52.6%  19.2  405s
 70131 59581 398032.120   95  538 450723.934 214031.605  52.5%  19.2  410s
 71130 60458 411007.171  181  636 450723.934 214231.367  52.5%  19.1  415s
 72315 61575 440742.458  462  636 450723.934 214642.555  52.4%  19.0  420s
 73306 62452 405224.168   68  489 450723.934 214837.572  52.3%  19.0  425s
 74385 63449     cutoff   63      450723.934 215014.186  52.3%  18.9  430s
 75416 64372 256358.812   27  541 450723.934 215260.205  52.2%  18.8  435s
 76388 65276 443795.231  208  488 450723.934 215605.498  52.2%  18.8  440s
 77473 66219 228894.521   25  592 450723.934 215798.288  52.1%  18.7  445s
 78479 67127 230404.674   25  592 450723.934 216037.566  52.1%  18.7  450s
 79736 68260 227327.186   24  593 450723.934 216202.856  52.0%  18.5  455s
 80763 69233 417538.582  311  686 450723.934 216228.270  52.0%  18.4  460s
 81862 70210 236809.935   25  543 450723.934 216375.979  52.0%  18.3  465s
 82847 71113 408036.231  233  685 450723.934 216454.106  52.0%  18.3  470s
 84003 72155 243540.722   25  494 450723.934 216571.546  52.0%  18.1  475s
 85007 73079 447319.060   41  436 450723.934 216681.001  51.9%  18.1  480s
 85956 73914 398927.571   70  441 450723.934 216980.165  51.9%  18.1  485s
 86998 74860 253091.272   27  443 450723.934 217118.617  51.8%  18.0  490s
 88012 75766 431234.562  157  440 450723.934 217318.206  51.8%  18.0  495s
 89174 76846     cutoff  394      450723.934 217410.909  51.8%  17.9  500s
 90068 77640 408151.609   36  440 450723.934 217487.826  51.7%  17.9  505s
 91216 78668 347577.753   51  588 450723.934 217607.175  51.7%  17.8  510s
 92187 79539 449117.952   58  342 450723.934 217728.390  51.7%  17.8  515s
 93174 80412 317276.634   28  344 450723.934 217797.072  51.7%  17.8  520s
 94148 81292 396654.076   93  490 450723.934 218168.799  51.6%  17.9  525s
 95199 82219 393358.186   72  490 450723.934 218335.816  51.6%  17.8  530s
 96210 83130 449073.865  163  490 450723.934 218557.940  51.5%  17.7  535s
 97330 84156 432777.543  178  441 450723.934 218748.386  51.5%  17.7  540s
 98509 85257     cutoff  147      450723.934 218878.192  51.4%  17.6  545s
 99641 86305 450498.195  132  439 450723.934 219043.378  51.4%  17.5  550s
 100560 87114 260330.409   27  443 450723.934 219262.705  51.4%  17.5  555s
 101544 88012 435722.277  157  487 450723.934 219510.678  51.3%  17.5  560s
 102652 88974 425127.661  175  489 450723.934 219732.320  51.2%  17.4  565s
 103722 89952 417145.453   98  490 450723.934 219863.359  51.2%  17.4  570s
 104704 90802 409771.181  129  440 450723.934 220132.428  51.2%  17.4  575s
 105783 91787 239343.165   25  494 450723.934 220444.301  51.1%  17.3  580s
 106847 92799 431772.809  550  734 450723.934 220700.638  51.0%  17.2  585s
 107847 93669 346961.725   40  343 450723.934 220974.067  51.0%  17.2  590s
 108878 94614 408845.792   59  440 450723.934 221073.302  51.0%  17.2  595s
 110000 95618 439129.591  352  585 450723.934 221206.102  50.9%  17.1  600s
 110966 96526 435228.941  160  538 450723.934 221304.676  50.9%  17.1  605s
 112010 97470 427424.526  373  635 450723.934 221415.971  50.9%  17.0  610s
 112984 98342 336595.968   30  440 450723.934 221664.511  50.8%  17.0  615s
 114092 99332 244044.464   26  444 450723.934 221909.658  50.8%  16.9  620s
 115179 100347 443709.806  188  440 450723.934 222014.964  50.7%  16.9  625s
 116331 101349 229332.891   24  642 450723.934 222245.330  50.7%  16.8  630s
 117380 102268 413199.409   82  390 450723.934 222328.353  50.7%  16.8  635s
 118324 103112 406668.011   83  490 450723.934 222438.565  50.6%  16.8  640s
 119416 104056 445435.730  197  440 450723.934 222586.134  50.6%  16.7  645s
 120544 105124 399705.573  154  489 450723.934 222670.747  50.6%  16.6  650s
 121503 105983 351128.276   27  345 450723.934 222722.404  50.6%  16.6  655s
 122501 106843 232637.607   23  496 450723.934 222845.653  50.6%  16.6  660s
 123390 107606 362261.055   49  490 450723.934 223113.731  50.5%  16.7  665s
 124494 108594 406918.195   88  440 450723.934 223250.849  50.5%  16.6  670s
 125542 109550 437884.842  156  440 450723.934 223393.718  50.4%  16.6  675s
 126745 110657 433520.742  359  636 450723.934 223476.245  50.4%  16.5  680s
 127770 111610     cutoff  210      450723.934 223510.073  50.4%  16.4  685s
 128807 112515 249900.270   27  541 450723.934 223758.131  50.4%  16.4  690s
 129875 113449 301276.637   31  490 450723.934 223833.168  50.3%  16.4  695s
 130932 114438 397986.678   72  438 450723.934 223915.995  50.3%  16.3  700s
 132137 115535 246239.496   25  494 450723.934 224069.525  50.3%  16.2  705s
 133229 116609 450479.601 1015  626 450723.934 224135.667  50.3%  16.1  710s
 134209 117439 286077.123   28  393 450723.934 224333.193  50.2%  16.1  715s
 135412 118496 244859.348   26  640 450723.934 224524.473  50.2%  16.1  720s
 136821 119797 232290.543   25  592 450723.934 224607.958  50.2%  16.0  725s
 138072 120936 431865.585  103  391 450723.934 224688.560  50.1%  15.9  730s
 139412 122132 425595.279  102  391 450723.934 224799.984  50.1%  15.9  735s
 140508 123072 404787.822   81  538 450723.934 224927.250  50.1%  15.8  740s
 141625 124115 414478.617  165  489 450723.934 225006.576  50.1%  15.8  745s
 142806 125152 419013.786   92  390 450723.934 225213.250  50.0%  15.8  750s
 143992 126194 398351.035   92  538 450723.934 225304.042  50.0%  15.7  755s
 145146 127244 412340.547  161  588 450723.934 225430.987  50.0%  15.7  760s
 146299 128295 425092.878  100  390 450723.934 225573.681  50.0%  15.7  765s
 147288 129180 405252.519   61  342 450723.934 225659.572  49.9%  15.6  770s
 148296 130124 443177.872  221  441 450723.934 225865.911  49.9%  15.6  775s
 149334 131022 288718.622   30  343 450723.934 226077.819  49.8%  15.6  780s
 150317 131911 249745.034   27  590 450723.934 226142.703  49.8%  15.5  785s
 151432 132910 272462.775   27  443 450723.934 226227.389  49.8%  15.5  790s
 152475 133837 401758.283   99  440 450723.934 226278.542  49.8%  15.5  795s
 153601 134873 280394.222   29  392 450723.934 226332.999  49.8%  15.4  800s
 154739 135885 418372.296  243  637 450723.934 226379.193  49.8%  15.4  805s
 155840 136896 395448.503   91  489 450723.934 226582.871  49.7%  15.3  810s
 156861 137841 418776.611  133  440 450723.934 226686.782  49.7%  15.3  815s
 157972 138866 408047.616   85  439 450723.934 226805.214  49.7%  15.3  820s
 159198 139934 235441.994   25  543 450723.934 226872.806  49.7%  15.2  825s
 160497 141135 393678.513   75  489 450723.934 227045.523  49.6%  15.1  830s
 161819 142307 397991.454   79  440 450723.934 227185.376  49.6%  15.1  835s
 163185 143531 448603.277  265  534 450723.934 227341.176  49.6%  15.1  840s
 164389 144631 267867.986   28  442 450723.934 227459.899  49.5%  15.0  845s
 165515 145661 418112.972  134  489 450723.934 227597.661  49.5%  15.0  850s
 166777 146791 279425.010   27  394 450723.934 227666.906  49.5%  15.0  855s
 168039 147947 430584.276  366  537 450723.934 227758.898  49.5%  15.0  860s
 169391 149189 405284.692  123  588 450723.934 227876.296  49.4%  14.9  865s
 170518 150180 263983.498   28  491 450723.934 227927.370  49.4%  14.9  870s
 171769 151349 439174.007  181  489 450723.934 228000.839  49.4%  14.8  875s
 172999 152409 365709.268   64  588 450723.934 228095.881  49.4%  14.8  880s
 174230 153578 371025.146   60  441 450723.934 228121.618  49.4%  14.7  885s
 175415 154621 261288.694   29  490 450723.934 228291.236  49.4%  14.7  890s
 176725 155839 363543.191   38  343 450723.934 228383.264  49.3%  14.7  895s
 178056 157078 279511.999   29  441 450723.934 228447.326  49.3%  14.6  900s
 179420 158358 405567.630  123  587 450723.934 228504.151  49.3%  14.5  905s
 180645 159459 423514.675  235  539 450723.934 228631.716  49.3%  14.5  910s
 181847 160545 268441.650   28  442 450723.934 228742.929  49.2%  14.5  915s
 183040 161610 244601.075   26  689 450723.934 228845.422  49.2%  14.5  920s
 184421 162907 392340.354   74  441 450723.934 228896.145  49.2%  14.4  925s
 185519 163857 261944.479   27  443 450723.934 228991.384  49.2%  14.4  930s
 186660 164960 448449.834  401  488 450723.934 229024.751  49.2%  14.3  935s
 187842 165930 420713.821   81  390 450723.934 229157.684  49.2%  14.3  940s
 189034 167098 450121.535  446  484 450723.934 229172.356  49.2%  14.2  945s
 190159 168091 413920.025   89  440 450723.934 229358.543  49.1%  14.2  950s
 191300 169118 402067.086   81  439 450723.934 229533.806  49.1%  14.2  955s
 192369 170069 291278.676   26  395 450723.934 229685.989  49.0%  14.2  960s
 193515 171131 444368.644  161  488 450723.934 229890.741  49.0%  14.2  965s
 194713 172159 450426.635  388  482 450723.934 230012.633  49.0%  14.2  970s
 195970 173308 435741.024  276  489 450723.934 230154.621  48.9%  14.1  975s
 197001 174189 292367.251   29  343 450723.934 230239.684  48.9%  14.2  980s
 198270 175392 408974.272  170  489 450723.934 230324.800  48.9%  14.1  985s
 199433 176413 304035.575   27  394 450723.934 230470.624  48.9%  14.1  990s
 200669 177533 446565.404  342  482 450723.934 230531.023  48.9%  14.1  995s
 201814 178606 440522.818  313  486 450723.934 230705.452  48.8%  14.0 1000s
 203207 179887 398221.152   58  440 450723.934 230773.172  48.8%  14.0 1005s
 204398 180998 434083.020   56  440 450723.934 230893.199  48.8%  13.9 1010s
 205667 182113 324864.744   38  539 450723.934 230933.178  48.8%  13.9 1015s
 206864 183234 438418.054  210  439 450723.934 231009.829  48.7%  13.9 1020s
 207954 184134 383158.235   60  441 450723.934 231202.279  48.7%  13.9 1025s
 209134 185228 424083.282  200  537 450723.934 231235.909  48.7%  13.8 1030s
 210345 186335 432688.381  136  489 450723.934 231398.562  48.7%  13.8 1035s
 211529 187461 435558.012  374  537 450723.934 231424.656  48.7%  13.7 1040s
 212834 188614 253027.273   25  494 450723.934 231569.979  48.6%  13.7 1045s
 214060 189760     cutoff   88      450723.934 231613.918  48.6%  13.7 1050s
 215306 190920 450382.621  790  666 450723.934 231693.448  48.6%  13.6 1055s
 216360 191800 414400.388   87  489 450723.934 231801.985  48.6%  13.6 1060s
 217422 192712 354610.531   49  441 450723.934 231979.028  48.5%  13.6 1065s
 218500 193688 439903.921   96  441 450723.934 232032.819  48.5%  13.6 1070s
 219449 194473 274023.616   28  442 450723.934 232183.689  48.5%  13.6 1075s
 220432 195350 418733.569  237  539 450723.934 232247.145  48.5%  13.6 1080s
 221522 196376 415324.496  167  489 450723.934 232338.053  48.5%  13.6 1085s
 222652 197338     cutoff   65      450723.934 232445.867  48.4%  13.6 1090s
 223965 198583 247091.459   24  446 450723.934 232516.011  48.4%  13.5 1095s
 224988 199430 322868.476   39  392 450723.934 232686.041  48.4%  13.5 1100s
 226126 200450 447384.741  102  341 450723.934 232768.373  48.4%  13.5 1105s
 227246 201496 417055.993  273  536 450723.934 232848.168  48.3%  13.5 1110s
 228318 202514 449034.653  630  535 450723.934 232848.168  48.3%  13.4 1115s
 229319 203515 450459.057  664  533 450723.934 232848.168  48.3%  13.4 1120s
 230307 204361 436600.099  466  535 450723.934 232869.521  48.3%  13.3 1125s
 231429 205301     cutoff   96      450723.934 232957.504  48.3%  13.3 1130s
H232301 201191                    449522.96526 232974.365  48.2%  13.3 1133s
H232304 201168                    449515.90227 232974.365  48.2%  13.3 1134s
H232307 200575                    449379.60499 232974.365  48.2%  13.3 1134s
 232434 200704 425307.152  453  588 449379.605 232974.365  48.2%  13.3 1135s
 233460 201614 267181.040   27  443 449379.605 232993.715  48.2%  13.2 1140s
 234301 202295 375838.974   27  247 449379.605 233149.088  48.1%  13.3 1145s
 235282 203166     cutoff  105      449379.605 233321.676  48.1%  13.3 1150s
 236295 204039 381539.281   50  441 449379.605 233412.192  48.1%  13.2 1155s
 237464 205156 419654.191  139  489 449379.605 233452.869  48.0%  13.2 1160s
 238691 206285 449355.361  619  529 449379.605 233495.106  48.0%  13.2 1165s
 239885 207361 334926.529   41  490 449379.605 233590.198  48.0%  13.1 1170s
 241147 208529 316267.251   41  490 449379.605 233688.143  48.0%  13.1 1175s
 242256 209516 407623.564  127  489 449379.605 233830.156  48.0%  13.1 1180s
 243486 210654 423601.799   80  439 449379.605 233898.532  48.0%  13.1 1185s
 244574 211668 419586.029  204  489 449379.605 233953.035  47.9%  13.0 1190s
H244666 209881                    448928.18419 233953.035  47.9%  13.0 1190s
 245383 210546 415144.593  137  489 448928.184 234085.488  47.9%  13.0 1195s
H245666 210787                    448922.03649 234086.703  47.9%  13.0 1196s
 246216 211291 284001.849   28  393 448922.036 234154.016  47.8%  13.0 1200s
 247362 212357 413216.729  106  440 448922.036 234203.714  47.8%  13.0 1205s
 248495 213394 389637.457  128  487 448922.036 234283.453  47.8%  13.0 1210s
 249652 214429 385598.078  106  537 448922.036 234316.715  47.8%  12.9 1215s
 250857 215548 444615.266  183  440 448922.036 234446.487  47.8%  12.9 1220s
 252056 216621 403037.222   73  391 448922.036 234543.337  47.8%  12.9 1225s
 253244 217727 425367.085  111  488 448922.036 234620.713  47.7%  12.9 1230s
 254393 218764 405587.805  101  441 448922.036 234687.576  47.7%  12.9 1235s
 255662 219921 370151.884  108  539 448922.036 234745.218  47.7%  12.8 1240s
 256838 220899 412000.781  103  439 448922.036 234791.359  47.7%  12.8 1245s
 258027 222002 397648.020  136  488 448922.036 234878.082  47.7%  12.8 1250s
 259371 223264 309951.800   39  490 448922.036 234917.767  47.7%  12.7 1255s
 260526 224325 327457.554   38  392 448922.036 235005.257  47.7%  12.7 1260s
 261766 225489 386756.276   55  440 448922.036 235081.152  47.6%  12.7 1265s
 262874 226459 257976.834   28  589 448922.036 235170.157  47.6%  12.7 1270s
 264127 227668 409375.414  111  441 448922.036 235197.966  47.6%  12.6 1275s
 265323 228764 445287.210  179  439 448922.036 235390.123  47.6%  12.6 1280s
 266510 229833 412466.925  110  440 448922.036 235446.863  47.6%  12.6 1285s
 267744 230953 341930.591   42  441 448922.036 235532.213  47.5%  12.6 1290s
 269029 232114 252357.059   27  590 448922.036 235594.762  47.5%  12.5 1295s
 270127 233078 386089.847   99  489 448922.036 235719.581  47.5%  12.5 1300s
 271417 234282 395898.278   76  441 448922.036 235744.545  47.5%  12.5 1305s
 272609 235352 431356.065  101  390 448922.036 235810.155  47.5%  12.5 1310s
 273650 236285 352828.150   49  490 448922.036 235849.226  47.5%  12.4 1315s
 275015 237558 439319.409  149  440 448922.036 235890.345  47.5%  12.4 1320s
 276199 238612 432478.621  323  537 448922.036 235962.304  47.4%  12.4 1325s
 277401 239684     cutoff   96      448922.036 236028.118  47.4%  12.3 1330s
 278525 240738 417589.107   51  343 448922.036 236070.732  47.4%  12.3 1335s
 279651 241742 433779.287  182  441 448922.036 236107.713  47.4%  12.3 1340s
 280880 242869 418499.048  225  489 448922.036 236153.510  47.4%  12.3 1345s
 282088 243975     cutoff   90      448922.036 236232.248  47.4%  12.3 1350s
 283213 244976 260461.870   26  444 448922.036 236266.333  47.4%  12.3 1355s
 284308 246015 311464.916   39  441 448922.036 236310.003  47.4%  12.2 1360s
 285604 247233 268612.041   29  441 448922.036 236351.679  47.4%  12.2 1365s
 286823 248346 441762.292  148  439 448922.036 236429.250  47.3%  12.2 1370s
 288129 249562     cutoff  542      448922.036 236463.719  47.3%  12.1 1375s
 289239 250554 417883.680  121  440 448922.036 236498.800  47.3%  12.1 1380s
 290296 251447 313647.485   39  490 448922.036 236556.215  47.3%  12.1 1385s
 291426 252457 394879.495   52  489 448922.036 236611.455  47.3%  12.1 1390s
 292611 253518 258205.857   26  493 448922.036 236670.031  47.3%  12.1 1395s
 293795 254666 408475.143  144  490 448922.036 236680.250  47.3%  12.1 1400s
 294970 255759 402810.360  148  490 448922.036 236731.617  47.3%  12.1 1405s
 296184 256887 416521.137  158  488 448922.036 236794.032  47.3%  12.0 1410s
 297385 257988     cutoff  151      448922.036 236832.727  47.2%  12.0 1415s
 298473 258910 268471.577   29  441 448922.036 236966.893  47.2%  12.0 1420s
 299592 259935 448785.489   55  433 448922.036 236981.429  47.2%  12.0 1425s
 300837 261110 441243.071  302  482 448922.036 237018.003  47.2%  12.0 1430s
 301999 262148 436422.074  255  489 448922.036 237087.517  47.2%  12.0 1435s
 303194 263241 408971.097   89  439 448922.036 237143.535  47.2%  11.9 1440s
 304318 264273 277075.592   28  442 448922.036 237184.913  47.2%  11.9 1445s
 305495 265344 425894.147  174  490 448922.036 237235.150  47.2%  11.9 1450s
 306543 266264 392649.803   55  440 448922.036 237302.835  47.1%  11.9 1455s
 307702 267291 423302.197  127  439 448922.036 237405.999  47.1%  11.9 1460s
 308902 268367     cutoff  230      448922.036 237441.918  47.1%  11.9 1465s
 309909 269266 448566.181  116  390 448922.036 237512.763  47.1%  11.9 1470s
 311053 270304 440171.305  100  490 448922.036 237570.691  47.1%  11.9 1475s
 312351 271484 428705.392  264  537 448922.036 237631.224  47.1%  11.9 1480s
 313494 272515 435303.741   52  343 448922.036 237740.452  47.0%  11.9 1485s
 314705 273624 397757.411   67  440 448922.036 237778.279  47.0%  11.8 1490s
 315820 274627 391196.822  108  489 448922.036 237820.449  47.0%  11.8 1495s
 317052 275769 427403.954  210  490 448922.036 237884.064  47.0%  11.8 1500s
 318282 276897 445571.713  183  488 448922.036 237935.314  47.0%  11.8 1505s
 319309 277776 376098.796   79  490 448922.036 238013.007  47.0%  11.8 1510s
 320613 278980 328316.984   34  587 448922.036 238059.031  47.0%  11.8 1515s
 321759 280024 406554.210  141  488 448922.036 238087.559  47.0%  11.7 1520s
 323031 281224 425282.165  261  538 448922.036 238129.034  47.0%  11.7 1525s
 324209 282372 446406.655  384  487 448922.036 238143.281  47.0%  11.7 1530s
 325467 283508 442969.712  565  539 448922.036 238179.158  46.9%  11.6 1535s
 326505 284358     cutoff  100      448922.036 238230.543  46.9%  11.6 1540s
 327672 285413 332494.679   59  588 448922.036 238322.996  46.9%  11.6 1545s
H328016 282977                    448366.77405 238322.996  46.8%  11.6 1546s
H328017 278063                    447484.00491 238322.996  46.7%  11.6 1547s
 328256 278304 414759.318  294  585 447484.005 238322.996  46.7%  11.6 1550s
H329010 277775                    447271.90913 238322.996  46.7%  11.6 1553s
H329013 277765                    447269.26051 238322.996  46.7%  11.6 1553s
 329248 277996 441010.739  664  581 447269.261 238322.996  46.7%  11.6 1555s
 330013 278761 439838.811  703  580 447269.261 238322.996  46.7%  11.6 1560s
 331031 279779 441075.523  732  581 447269.261 238322.996  46.7%  11.5 1565s
 332121 280869 442785.363  783  579 447269.261 238322.996  46.7%  11.5 1570s
 333212 281960 443450.453  821  577 447269.261 238322.996  46.7%  11.5 1575s
 334290 283038 444084.813  857  572 447269.261 238322.996  46.7%  11.4 1580s
 335376 284124 444741.210  913  570 447269.261 238322.996  46.7%  11.4 1585s
 336498 285246 445531.731  982  569 447269.261 238322.996  46.7%  11.4 1590s
 337613 286361 446214.275 1079  564 447269.261 238322.996  46.7%  11.3 1595s
 338619 287353 447026.805 1235  561 447269.261 238322.996  46.7%  11.3 1600s
 339426 288028 447245.753 1317  557 447269.261 238322.996  46.7%  11.3 1605s
 340573 289027 430343.518  224  488 447269.261 238357.595  46.7%  11.3 1610s
 341726 290074 254318.530   27  541 447269.261 238385.927  46.7%  11.3 1615s
 342820 291100 256373.621   27  443 447269.261 238414.810  46.7%  11.2 1620s
 343897 292053 394349.508   46  440 447269.261 238507.176  46.7%  11.2 1625s
 345000 293046 254639.926   28  540 447269.261 238557.903  46.7%  11.2 1630s
 346380 294352 256247.096   27  492 447269.261 238650.347  46.6%  11.2 1635s
 347508 295386 438568.401  290  489 447269.261 238703.980  46.6%  11.2 1640s
 348763 296505 399363.605   78  439 447269.261 238736.507  46.6%  11.2 1645s
 350005 297679 392392.252   80  488 447269.261 238769.116  46.6%  11.1 1650s
 351210 298786 440863.708  263  484 447269.261 238781.091  46.6%  11.1 1655s
 352291 299779 420527.516   99  439 447269.261 238844.260  46.6%  11.1 1660s
 353515 300895 445544.239  121  390 447269.261 238912.587  46.6%  11.1 1665s
 354512 301692 314904.931   27  394 447269.261 238988.726  46.6%  11.1 1670s
 355602 302690 364321.240   68  489 447269.261 239040.558  46.6%  11.1 1675s
 356932 303966 434562.338   85  390 447269.261 239076.790  46.5%  11.1 1680s
 358053 305023 446940.075  376  487 447269.261 239100.641  46.5%  11.1 1685s
 359252 306104 344943.683   50  490 447269.261 239130.361  46.5%  11.0 1690s
 360403 307133 395358.898   89  440 447269.261 239224.177  46.5%  11.0 1695s
 361528 308200 435157.898  260  488 447269.261 239312.018  46.5%  11.0 1700s
 362645 309183 443136.320   35  437 447269.261 239343.654  46.5%  11.0 1705s
 363637 310067 421116.912   40  294 447269.261 239384.183  46.5%  11.0 1710s
 364753 311117 419870.101   96  440 447269.261 239410.435  46.5%  11.0 1715s
 366016 312234 408580.398  118  439 447269.261 239450.289  46.5%  11.0 1720s
 367081 313193 364980.585   29  294 447269.261 239511.851  46.5%  11.0 1725s
 368202 314194 431328.579   61  342 447269.261 239564.904  46.4%  11.0 1730s
 369388 315214 393890.656  116  537 447269.261 239627.358  46.4%  11.0 1735s
 370513 316243 355561.652   41  343 447269.261 239694.424  46.4%  11.0 1740s
 371689 317343 440002.991  186  489 447269.261 239744.591  46.4%  10.9 1745s
 372914 318444 439858.978  245  488 447269.261 239804.597  46.4%  10.9 1750s
 374053 319473 410890.777   42  584 447269.261 239868.199  46.4%  10.9 1755s
 375219 320537 384935.729  115  489 447269.261 239934.924  46.4%  10.9 1760s
 376288 321512 381576.273   69  441 447269.261 239976.347  46.3%  10.9 1765s
 377384 322502 372488.029   74  489 447269.261 240032.874  46.3%  10.9 1770s
 378538 323564 378443.481   69  490 447269.261 240084.246  46.3%  10.9 1775s
 379770 324656     cutoff  636      447269.261 240194.653  46.3%  10.9 1780s
 380908 325698 422073.235  107  440 447269.261 240244.210  46.3%  10.9 1785s
 381985 326631 254785.989   24  446 447269.261 240280.259  46.3%  10.8 1790s
 383015 327531 425935.511  153  440 447269.261 240422.465  46.2%  10.9 1795s
 384234 328602 443991.017   60  342 447269.261 240458.703  46.2%  10.8 1800s
 385447 329693 443797.414  294  481 447269.261 240490.381  46.2%  10.8 1805s
 386526 330640 414246.393  127  439 447269.261 240571.180  46.2%  10.8 1810s
 387810 331842 446462.248  323  486 447269.261 240641.174  46.2%  10.8 1815s
 388925 332851 428947.365  161  439 447269.261 240659.798  46.2%  10.8 1820s
 389986 333762 257345.769   27  492 447269.261 240723.093  46.2%  10.8 1825s
 391374 335096 447072.793  529  539 447269.261 240729.891  46.2%  10.8 1830s
 392399 336009 400679.019   79  440 447269.261 240767.375  46.2%  10.8 1835s
 393661 337185 426454.089   42  436 447269.261 240823.409  46.2%  10.8 1840s
 394820 338228     cutoff  164      447269.261 240853.702  46.2%  10.7 1845s
 395997 339323 445872.822  170  488 447269.261 240895.293  46.1%  10.7 1850s
 397211 340373 363825.204   40  343 447269.261 240967.111  46.1%  10.7 1855s
 398354 341390 274857.000   28  393 447269.261 241023.793  46.1%  10.7 1860s
 399454 342368 380460.380   33  438 447269.261 241052.680  46.1%  10.7 1865s
 400600 343390 255842.141   27  688 447269.261 241078.464  46.1%  10.7 1870s
 401794 344556 446776.067  342  487 447269.261 241096.510  46.1%  10.7 1875s
 402859 345439 408686.775   60  392 447269.261 241193.362  46.1%  10.7 1880s
 404095 346547 258790.939   27  443 447269.261 241212.309  46.1%  10.7 1885s
 405174 347478 427867.445   92  439 447269.261 241282.110  46.1%  10.7 1890s
 406518 348710 347763.839   49  441 447269.261 241341.922  46.0%  10.6 1895s
 407665 349791 446992.556  274  488 447269.261 241360.545  46.0%  10.6 1900s
 408816 350828 321790.144   38  392 447269.261 241440.601  46.0%  10.6 1905s
 410003 351883 306056.815   39  490 447269.261 241491.436  46.0%  10.6 1910s
 411342 353166 431235.270  209  489 447269.261 241517.413  46.0%  10.6 1915s
 412426 354090 428131.722  149  439 447269.261 241605.923  46.0%  10.6 1920s
 413698 355294 436711.690  490  538 447269.261 241640.902  46.0%  10.6 1925s
 414926 356370 358596.508   59  490 447269.261 241694.265  46.0%  10.6 1930s
 416163 357503 409642.929  109  440 447269.261 241732.191  46.0%  10.5 1935s
 417437 358689 398215.229   85  489 447269.261 241751.500  45.9%  10.5 1940s
 418589 359747 447125.062  193  440 447269.261 241793.150  45.9%  10.5 1945s
 419925 360975 273931.838   29  539 447269.261 241848.117  45.9%  10.5 1950s
 421266 362248 445101.561  503  539 447269.261 241865.106  45.9%  10.5 1955s
 422562 363454 379382.644   51  489 447269.261 241916.041  45.9%  10.5 1960s
 423779 364555 322462.624   29  343 447269.261 241992.882  45.9%  10.4 1965s
 425076 365802 425735.901  120  488 447269.261 242007.502  45.9%  10.4 1970s
 426332 366948 431794.760   93  390 447269.261 242039.100  45.9%  10.4 1975s
 427492 367990 441507.406  218  489 447269.261 242048.408  45.9%  10.4 1980s
 428687 369063 280637.422   29  441 447269.261 242106.640  45.9%  10.4 1985s
 429870 370168 445283.154  198  440 447269.261 242142.243  45.9%  10.4 1990s
 430993 371177 407837.236  160  488 447269.261 242176.252  45.9%  10.4 1995s
 432205 372281 406337.292   34  438 447269.261 242234.131  45.8%  10.4 2000s
 433314 373204 400606.988   88  439 447269.261 242248.517  45.8%  10.4 2005s
 434666 374504 444162.262  563  537 447269.261 242279.577  45.8%  10.3 2010s
 435871 375641 424316.093  145  489 447269.261 242293.546  45.8%  10.3 2015s
 437063 376715 427589.795  334  536 447269.261 242332.769  45.8%  10.3 2020s
 438157 377663 415046.156   60  392 447269.261 242353.157  45.8%  10.3 2025s
 439272 378648 433340.301  130  439 447269.261 242442.460  45.8%  10.3 2030s
 440522 379764 439734.878  253  489 447269.261 242472.152  45.8%  10.3 2035s
 441737 380893 442268.365  136  440 447269.261 242515.484  45.8%  10.3 2040s
 442873 381879 419133.597   77  440 447269.261 242593.903  45.8%  10.3 2045s
 444043 382977 440422.598  294  489 447269.261 242624.257  45.8%  10.3 2050s
 445195 383985 434946.148  248  487 447269.261 242672.992  45.7%  10.3 2055s
 446302 384920 399182.629  128  489 447269.261 242732.586  45.7%  10.3 2060s
 447609 386155 439018.958  148  440 447269.261 242749.407  45.7%  10.2 2065s
 448816 387224 408402.372  214  539 447269.261 242815.373  45.7%  10.2 2070s
 450034 388332 314544.460   39  490 447269.261 242838.297  45.7%  10.2 2075s
 451160 389406 434174.969   71  390 447269.261 242846.837  45.7%  10.2 2080s
 452427 390573 440746.349  416  539 447269.261 242902.576  45.7%  10.2 2085s
 453664 391732 440874.976  263  487 447269.261 242941.569  45.7%  10.2 2090s
 454761 392677 258297.005   28  589 447269.261 243020.326  45.7%  10.2 2095s
 455991 393827 413707.581  175  489 447269.261 243029.237  45.7%  10.2 2100s
 457092 394842 442833.127  310  481 447269.261 243037.886  45.7%  10.1 2105s
 458207 395843 409960.482   99  440 447269.261 243106.646  45.6%  10.1 2110s
 459326 396872 406100.603  127  489 447269.261 243139.777  45.6%  10.1 2115s
 460505 397917 426222.717  116  490 447269.261 243201.999  45.6%  10.1 2120s
 461643 398873 405973.343   83  441 447269.261 243271.686  45.6%  10.1 2125s
 462843 399927 364017.810   61  490 447269.261 243337.742  45.6%  10.1 2130s
 464093 401097 423738.536   83  390 447269.261 243353.752  45.6%  10.1 2135s
 465297 402189 432416.153  147  439 447269.261 243390.580  45.6%  10.1 2140s
 466487 403267 435748.936  251  487 447269.261 243418.570  45.6%  10.1 2145s
 467615 404301 292811.549   31  539 447269.261 243474.009  45.6%  10.1 2150s
 468866 405426     cutoff   92      447269.261 243508.105  45.6%  10.1 2155s
 470059 406515 280954.370   32  490 447269.261 243548.687  45.5%  10.0 2160s
 471258 407610 439532.262   51  343 447269.261 243573.229  45.5%  10.0 2165s
 472374 408630 394112.294   49  392 447269.261 243625.785  45.5%  10.0 2170s
 473515 409671 436665.760  146  489 447269.261 243652.191  45.5%  10.0 2175s
 474710 410708 265474.913   26  493 447269.261 243704.851  45.5%  10.0 2180s
 475769 411637 430412.105  144  440 447269.261 243746.673  45.5%  10.0 2185s
 477040 412838 431503.844  213  488 447269.261 243778.875  45.5%  10.0 2190s
 478327 414039 432714.496   92  390 447269.261 243816.441  45.5%  10.0 2195s
 479466 415090 430478.503  215  488 447269.261 243851.135  45.5%  10.0 2200s
 480629 416085 339705.067   49  490 447269.261 243913.304  45.5%  10.0 2205s
 481896 417280 443156.874  474  537 447269.261 243945.166  45.5%  10.0 2210s
 483182 418474 418965.127  235  536 447269.261 244014.861  45.4%   9.9 2215s
 484360 419596 438001.758  145  440 447269.261 244028.245  45.4%   9.9 2220s
 485737 420873     cutoff  555      447269.261 244057.948  45.4%   9.9 2225s
 487010 422074     cutoff   94      447269.261 244070.279  45.4%   9.9 2230s
 488273 423197 407041.514  137  489 447269.261 244148.568  45.4%   9.9 2235s
 489464 424252 420176.693  234  539 447269.261 244187.668  45.4%   9.9 2240s
 490524 425126 385878.754  178  588 447269.261 244218.147  45.4%   9.9 2245s
 491570 425996 416361.644  142  440 447269.261 244220.547  45.4%   9.9 2250s
 492659 427013 437311.310  253  486 447269.261 244265.472  45.4%   9.9 2255s
 493911 428147 422138.001  138  441 447269.261 244293.174  45.4%   9.8 2260s
 495110 429238 434266.202  150  441 447269.261 244317.443  45.4%   9.8 2265s
 496321 430339 417806.127  154  489 447269.261 244354.695  45.4%   9.8 2270s
 497618 431580 438847.446  418  535 447269.261 244362.160  45.4%   9.8 2275s
 499011 432905 433464.023  184  489 447269.261 244407.740  45.4%   9.8 2280s
 500219 434015 437312.563  237  488 447269.261 244425.374  45.4%   9.8 2285s
 501566 435254 432452.301   72  390 447269.261 244475.559  45.3%   9.8 2290s
 502818 436408 421078.633  196  539 447269.261 244503.985  45.3%   9.7 2295s
 504015 437465 445616.347  178  440 447269.261 244525.258  45.3%   9.7 2300s
 505196 438506 373513.271   36  440 447269.261 244585.499  45.3%   9.7 2305s
 506437 439669 402984.590  123  489 447269.261 244606.146  45.3%   9.7 2310s
 507521 440659 443096.965  160  440 447269.261 244639.839  45.3%   9.7 2315s
 508760 441724 416407.242  247  538 447269.261 244705.852  45.3%   9.7 2320s
 510020 442906 407575.804   90  440 447269.261 244728.981  45.3%   9.7 2325s
 511214 443958 425467.009   57  440 447269.261 244777.566  45.3%   9.7 2330s
 512516 445162 428170.653  132  438 447269.261 244819.436  45.3%   9.7 2335s
 513641 446147     cutoff   55      447269.261 244865.346  45.3%   9.7 2340s
 514804 447200 419421.429  187  489 447269.261 244902.746  45.2%   9.7 2345s
 516088 448402 434747.057  153  440 447269.261 244939.425  45.2%   9.7 2350s
 517376 449572     cutoff  128      447269.261 244977.708  45.2%   9.6 2355s
 518639 450745 444327.312  170  439 447269.261 245070.672  45.2%   9.6 2360s
 519704 451738 421230.852  128  440 447269.261 245090.163  45.2%   9.6 2365s
 520863 452785 408236.762   92  440 447269.261 245122.826  45.2%   9.6 2370s
 522124 453930 252451.545   26  591 447269.261 245182.119  45.2%   9.6 2375s
 523212 454968 435905.947  320  533 447269.261 245199.055  45.2%   9.6 2380s
 524374 455978 426692.685   81  390 447269.261 245235.095  45.2%   9.6 2385s
 525516 457014 389333.134   42  343 447269.261 245259.199  45.2%   9.6 2390s
 526601 457991 446818.278   85  438 447269.261 245297.265  45.2%   9.6 2395s
 527821 459077 430267.969  314  538 447269.261 245328.437  45.1%   9.6 2400s
 528966 460146 252355.941   27  541 447269.261 245337.533  45.1%   9.6 2405s
 530146 461198     cutoff   53      447269.261 245365.491  45.1%   9.6 2410s
 531303 462269 422711.892  306  539 447269.261 245376.066  45.1%   9.6 2415s
 532614 463484 253832.992   27  590 447269.261 245437.539  45.1%   9.5 2420s
 533846 464636 435096.558  387  538 447269.261 245450.801  45.1%   9.5 2425s
 535121 465779 315345.250   39  441 447269.261 245518.447  45.1%   9.5 2430s
 536340 466906 426049.345  286  537 447269.261 245544.574  45.1%   9.5 2435s
 537692 468172 443392.994   47  579 447269.261 245577.996  45.1%   9.5 2440s
 538988 469352 411442.809  128  440 447269.261 245631.917  45.1%   9.5 2445s
 540225 470525 411696.262  165  489 447269.261 245643.075  45.1%   9.5 2450s
 541371 471571 350354.745   38  343 447269.261 245675.262  45.1%   9.5 2455s
 542530 472632 437799.677  142  488 447269.261 245681.944  45.1%   9.5 2460s
 543852 473810 443438.903  441  537 447269.261 245713.709  45.1%   9.4 2465s
 545172 475044 389556.104   90  490 447269.261 245739.144  45.1%   9.4 2470s
 546481 476287 439113.159  510  539 447269.261 245758.576  45.1%   9.4 2475s
 547819 477475 271328.214   29  441 447269.261 245801.323  45.0%   9.4 2480s
 549096 478682 427951.000  128  439 447269.261 245803.628  45.0%   9.4 2485s
 550348 479824 412564.402  191  539 447269.261 245837.607  45.0%   9.4 2490s
 551484 480836 430537.766  138  439 447269.261 245853.893  45.0%   9.4 2495s
 552694 481964 431540.510  207  487 447269.261 245889.937  45.0%   9.3 2500s
 553988 483174 434206.376   69  391 447269.261 245912.307  45.0%   9.3 2505s
 555139 484213 292215.236   28  442 447269.261 245937.839  45.0%   9.3 2510s
 556483 485463 446785.741  381  539 447269.261 245977.922  45.0%   9.3 2515s
 557703 486589 252591.516   27  590 447269.261 245996.958  45.0%   9.3 2520s
 559016 487800 398080.675  136  490 447269.261 246067.829  45.0%   9.3 2525s
 560152 488900 438034.724  377  538 447269.261 246078.633  45.0%   9.3 2530s
 561302 489848 393803.659  167  539 447269.261 246135.320  45.0%   9.3 2535s
 562569 491057 435298.369  323  538 447269.261 246137.023  45.0%   9.3 2540s
 563729 492161 447214.568  461  539 447269.261 246143.357  45.0%   9.3 2545s
 564764 493070 408876.880  197  538 447269.261 246202.428  45.0%   9.3 2550s
 565942 494168 436625.467  127  439 447269.261 246225.989  44.9%   9.3 2555s
 567203 495297 423647.338  265  538 447269.261 246265.538  44.9%   9.2 2560s
 567977 495995 383528.341   69  489 447269.261 246279.265  44.9%   9.2 2565s
 569143 497073 374715.678   58  441 447269.261 246305.027  44.9%   9.2 2570s
 570274 498068 374484.013  145  588 447269.261 246344.041  44.9%   9.2 2575s
 571380 499070 402080.998   81  440 447269.261 246366.056  44.9%   9.2 2580s
 572675 500291 433349.069  134  439 447269.261 246388.934  44.9%   9.2 2585s
 573860 501392 413943.555  257  539 447269.261 246404.379  44.9%   9.2 2590s
 575044 502486 311987.436   27  296 447269.261 246427.001  44.9%   9.2 2595s
 576081 503399 396877.541  214  588 447269.261 246491.428  44.9%   9.2 2600s
 577289 504485 445141.570  350  487 447269.261 246515.908  44.9%   9.2 2605s
 578551 505637 276992.912   28  491 447269.261 246546.442  44.9%   9.2 2610s
 579879 506913 408483.411  107  439 447269.261 246574.809  44.9%   9.2 2615s
H581145 508090                    447269.15635 246594.758  44.9%   9.1 2619s
H581145 508090                    447269.12278 246594.758  44.9%   9.1 2620s
H581145 508090                    447269.11590 246594.758  44.9%   9.1 2620s
H581197 508045                    447262.38884 246594.758  44.9%   9.1 2620s
H582248 504338                    446794.29661 246596.323  44.8%   9.1 2624s
H582251 503920                    446747.90566 246596.323  44.8%   9.1 2625s
H582254 503563                    446707.78181 246596.323  44.8%   9.1 2625s
 583033 504286 361096.026   56  441 446707.782 246614.834  44.8%   9.1 2630s
 584108 505301 351087.937   58  539 446707.782 246638.921  44.8%   9.1 2635s
 585242 506321 369540.367  112  588 446707.782 246686.777  44.8%   9.1 2640s
 586278 507355 433487.749  524  582 446707.782 246686.777  44.8%   9.1 2645s
 587374 508403 443918.623  702  582 446707.782 246686.777  44.8%   9.1 2650s
 588500 509529 445178.986  734  580 446707.782 246686.777  44.8%   9.1 2655s
 589583 510446 427056.409   92  391 446707.782 246702.276  44.8%   9.0 2660s
 590878 511633 426243.653  124  440 446707.782 246734.876  44.8%   9.0 2665s
 592247 512894 394833.652   70  441 446707.782 246799.776  44.8%   9.0 2670s
 593608 514155 400513.164  136  489 446707.782 246817.061  44.7%   9.0 2675s
 594814 515245 403398.430   82  489 446707.782 246829.877  44.7%   9.0 2680s
 595776 516145 427367.539  185  489 446707.782 246840.346  44.7%   9.0 2685s
 596994 517267 423621.417   98  439 446707.782 246912.862  44.7%   9.0 2690s
 598053 518172 392836.337  185  538 446707.782 246988.177  44.7%   9.0 2695s
 599168 519147 374944.275   37  392 446707.782 246992.027  44.7%   9.0 2700s
 600438 520307 446703.304  171  439 446707.782 247041.414  44.7%   9.0 2705s
 601539 521318 436056.945   70  389 446707.782 247062.783  44.7%   9.0 2710s
 602884 522575 418789.491  156  488 446707.782 247111.323  44.7%   9.0 2715s
 604052 523627 426117.876  207  488 446707.782 247123.898  44.7%   9.0 2720s
 605186 524667 396055.188  175  539 446707.782 247141.800  44.7%   8.9 2725s
 606251 525638 393627.325   69  440 446707.782 247157.287  44.7%   8.9 2730s
 607508 526817 400047.787  166  538 446707.782 247179.137  44.7%   8.9 2735s
 608679 527856 298955.394   32  441 446707.782 247187.938  44.7%   8.9 2740s
 609913 528966 430456.747   88  440 446707.782 247202.674  44.7%   8.9 2745s
 611252 530239 442451.593  209  484 446707.782 247213.763  44.7%   8.9 2750s
 612586 531517 435173.163  511  588 446707.782 247237.022  44.7%   8.9 2755s
 613845 532678 438815.884  471  537 446707.782 247253.171  44.6%   8.9 2760s
 615143 533856 361577.116   76  538 446707.782 247298.630  44.6%   8.9 2765s
 616292 534925 261818.981   28  589 446707.782 247320.532  44.6%   8.9 2770s
 617688 536263 408643.399  193  537 446707.782 247348.786  44.6%   8.8 2775s
 618856 537373 437906.255  280  489 446707.782 247358.236  44.6%   8.8 2780s
 620193 538588 409874.466  165  537 446707.782 247405.563  44.6%   8.8 2785s
 621406 539707 429858.840  414  637 446707.782 247416.731  44.6%   8.8 2790s
 622682 540917 441147.303  134  440 446707.782 247439.824  44.6%   8.8 2795s
 623771 541846 383509.281   61  391 446707.782 247494.843  44.6%   8.8 2800s
 625073 543076 371098.206  108  539 446707.782 247505.460  44.6%   8.8 2805s
 626219 544152 446610.147  554  536 446707.782 247505.460  44.6%   8.8 2810s
 627446 545209 391327.835   76  489 446707.782 247568.099  44.6%   8.8 2815s
 628646 546281 430341.436   79  389 446707.782 247594.019  44.6%   8.8 2820s
 629778 547395 437067.634  467  538 446707.782 247599.145  44.6%   8.8 2825s
 631094 548561 385489.006  118  538 446707.782 247635.131  44.6%   8.7 2830s
 632263 549586     cutoff  276      446707.782 247661.622  44.6%   8.7 2835s
 633487 550726 439627.311  645  585 446707.782 247709.390  44.5%   8.7 2840s
 634645 551730 427681.790   82  390 446707.782 247721.790  44.5%   8.7 2845s
 635898 552911 439755.202   96  392 446707.782 247771.971  44.5%   8.7 2850s
 637094 553993 411379.041   47  392 446707.782 247796.675  44.5%   8.7 2855s
 638286 555087 341623.266   39  392 446707.782 247818.571  44.5%   8.7 2860s
 639552 556263 410758.631  111  489 446707.782 247857.937  44.5%   8.7 2865s
 640791 557416 410060.249  297  587 446707.782 247863.958  44.5%   8.7 2870s
 641965 558344 271556.325   27  394 446707.782 247885.735  44.5%   8.7 2875s
 643135 559404 393920.320   39  343 446707.782 247894.492  44.5%   8.7 2880s
 644286 560407 419042.984   69  389 446707.782 247925.856  44.5%   8.7 2885s
 645611 561656 431272.143  554  586 446707.782 247961.028  44.5%   8.7 2890s
 646847 562728 443021.074  144  441 446707.782 247978.905  44.5%   8.7 2895s
 648074 563841 445980.151  157  439 446707.782 248007.103  44.5%   8.7 2900s
 649229 564912 393506.802  100  490 446707.782 248037.251  44.5%   8.6 2905s
 650530 566091 445166.637  148  439 446707.782 248063.429  44.5%   8.6 2910s
 651656 567129 264265.023   28  540 446707.782 248072.937  44.5%   8.6 2915s
 653046 568461 435339.566  135  438 446707.782 248090.190  44.5%   8.6 2920s
 654217 569494 406099.450   57  489 446707.782 248098.999  44.5%   8.6 2925s
 655419 570644 434380.397  582  587 446707.782 248109.868  44.5%   8.6 2930s
 656655 571682 426479.582  258  537 446707.782 248131.927  44.5%   8.6 2935s
 657830 572735 269944.928   28  442 446707.782 248156.320  44.4%   8.6 2940s
 658948 573719 445218.294  238  488 446707.782 248165.999  44.4%   8.6 2945s
 660236 574905 411617.155  200  534 446707.782 248178.065  44.4%   8.6 2950s
 661430 576019 422211.914  162  489 446707.782 248200.020  44.4%   8.6 2955s
 662701 577140 421625.502   99  439 446707.782 248220.567  44.4%   8.5 2960s
 663981 578318 446598.238  233  488 446707.782 248236.493  44.4%   8.5 2965s
 665193 579418 444993.202  236  486 446707.782 248253.888  44.4%   8.5 2970s
 666478 580629 426615.826  100  439 446707.782 248274.435  44.4%   8.5 2975s
 667672 581695 402994.355   70  441 446707.782 248315.668  44.4%   8.5 2980s
 668788 582655 435412.243  260  485 446707.782 248376.508  44.4%   8.5 2985s
 669999 583770 408880.004  284  637 446707.782 248398.908  44.4%   8.5 2990s
 671361 585066 443166.986  461  537 446707.782 248411.865  44.4%   8.5 2995s
 672684 586283 260476.742   26  444 446707.782 248418.971  44.4%   8.5 3000s
 673914 587363 433921.420   40  532 446707.782 248455.175  44.4%   8.5 3005s
 675149 588498 439376.176  203  485 446707.782 248483.625  44.4%   8.5 3010s
 676416 589675 444463.836  202  488 446707.782 248500.392  44.4%   8.5 3015s
 677657 590760 415568.854  214  536 446707.782 248531.026  44.4%   8.5 3020s
 678844 591811     cutoff   96      446707.782 248550.115  44.4%   8.5 3025s
 680072 592919 267296.442   25  396 446707.782 248588.124  44.4%   8.4 3030s
 681380 594125 260395.381   27  443 446707.782 248631.879  44.3%   8.4 3035s
 682629 595282 434122.552  124  440 446707.782 248659.666  44.3%   8.4 3040s
 683942 596431 439574.529   43  482 446707.782 248672.764  44.3%   8.4 3045s
 685208 597565 445590.321  234  486 446707.782 248694.831  44.3%   8.4 3050s
 686482 598715 405501.087  116  440 446707.782 248720.132  44.3%   8.4 3055s
 687711 599824 351561.921   58  490 446707.782 248741.297  44.3%   8.4 3060s
 689005 601062 405407.379  142  488 446707.782 248771.761  44.3%   8.4 3065s
 690362 602361 441862.556  511  539 446707.782 248798.854  44.3%   8.4 3070s
 691717 603606 401521.431   66  441 446707.782 248808.726  44.3%   8.4 3075s
 693144 604905 417979.303  126  438 446707.782 248843.474  44.3%   8.4 3080s
 694389 606010 432719.086  106  440 446707.782 248885.130  44.3%   8.4 3085s
 695731 607252 281159.027   29  392 446707.782 248925.740  44.3%   8.4 3090s
 697167 608574 437610.023  397  537 446707.782 248965.940  44.3%   8.3 3095s
 698405 609736 420009.005   70  391 446707.782 248967.224  44.3%   8.3 3100s
 699638 610807 278041.550   27  394 446707.782 249006.307  44.3%   8.3 3105s
 700981 612060 425210.284  120  440 446707.782 249021.603  44.3%   8.3 3110s
 702256 613253 429221.522  208  538 446707.782 249044.615  44.2%   8.3 3115s
 703618 614517 443539.650  118  489 446707.782 249078.941  44.2%   8.3 3120s
 704944 615705 372118.688   69  537 446707.782 249122.802  44.2%   8.3 3125s
 706244 616915 441230.666  138  438 446707.782 249136.732  44.2%   8.3 3130s
 707718 618287 278935.796   29  392 446707.782 249181.017  44.2%   8.3 3135s
 708902 619327 363060.586   68  489 446707.782 249198.466  44.2%   8.3 3140s
 710261 620588 445847.649  168  440 446707.782 249233.464  44.2%   8.3 3145s
 711477 621660 439782.825  174  484 446707.782 249270.604  44.2%   8.3 3150s
 712905 623014 435749.093  478  539 446707.782 249284.331  44.2%   8.3 3155s
 714183 624138 436490.579  242  537 446707.782 249312.374  44.2%   8.3 3160s
 715428 625269 412497.528  197  535 446707.782 249325.666  44.2%   8.2 3165s
 716751 626466 443693.914  159  440 446707.782 249363.921  44.2%   8.2 3170s
 718041 627560 401434.087   82  440 446707.782 249407.738  44.2%   8.2 3175s
 719411 628778 409170.881  120  489 446707.782 249432.653  44.2%   8.2 3180s
 720763 630006 403338.558   74  438 446707.782 249457.354  44.2%   8.2 3185s
 722011 631194 440850.344  463  539 446707.782 249467.978  44.2%   8.2 3190s
 723446 632541 444379.174  588  586 446707.782 249489.159  44.1%   8.2 3195s
 724650 633681 443059.317  400  537 446707.782 249496.207  44.1%   8.2 3200s
 725960 634831 403519.675   73  489 446707.782 249521.401  44.1%   8.2 3205s
 727280 636029 426597.127  324  537 446707.782 249538.722  44.1%   8.2 3210s
 728554 637161 443036.701  177  439 446707.782 249558.761  44.1%   8.2 3215s
 729993 638504 358049.639   49  441 446707.782 249572.904  44.1%   8.2 3220s
 731344 639771 400283.695  106  489 446707.782 249596.410  44.1%   8.2 3225s
 732685 640988 393111.804   87  489 446707.782 249624.617  44.1%   8.2 3230s
 733924 642163 445307.331  421  539 446707.782 249637.224  44.1%   8.2 3235s
 735320 643459     cutoff  135      446707.782 249662.422  44.1%   8.1 3240s
 736629 644620 383635.339   70  490 446707.782 249693.418  44.1%   8.1 3245s
 737813 645646 441371.187  203  440 446707.782 249714.848  44.1%   8.1 3250s
 739106 646791 269126.963   27  492 446707.782 249765.014  44.1%   8.1 3255s
 740561 648176 416155.790   89  439 446707.782 249780.067  44.1%   8.1 3260s
 741883 649410 412151.497   92  488 446707.782 249792.394  44.1%   8.1 3265s
 743286 650677 407619.994   60  392 446707.782 249826.462  44.1%   8.1 3270s
 744722 652001 421852.684  156  488 446707.782 249864.603  44.1%   8.1 3275s
 745973 653128 442545.470  145  440 446707.782 249893.350  44.1%   8.1 3280s
 747469 654540 442556.756  482  587 446707.782 249911.172  44.1%   8.1 3285s
 748802 655745 433481.425  186  486 446707.782 249936.278  44.0%   8.1 3290s
 750138 656967 394312.740  106  488 446707.782 249979.109  44.0%   8.1 3295s
 751466 658185 436793.197   47  436 446707.782 249993.954  44.0%   8.1 3300s
 752614 659279 441153.021  392  534 446707.782 250021.425  44.0%   8.0 3305s
 753987 660508 300234.686   39  539 446707.782 250040.126  44.0%   8.0 3310s
 755329 661770 373522.302   69  490 446707.782 250045.080  44.0%   8.0 3315s
 756656 662955 375479.136  108  586 446707.782 250075.552  44.0%   8.0 3320s
 757842 664117 443149.640  614  585 446707.782 250075.552  44.0%   8.0 3325s
 759188 665189 443003.885  506  538 446707.782 250081.874  44.0%   8.0 3330s
 760539 666434 406445.267   58  392 446707.782 250113.251  44.0%   8.0 3335s
 761862 667625 427187.212  181  488 446707.782 250138.562  44.0%   8.0 3340s
 763254 668919 406358.425  110  489 446707.782 250144.016  44.0%   8.0 3345s
 764599 670112 417493.089  273  586 446707.782 250161.484  44.0%   8.0 3350s
 766045 671498 412526.357  102  440 446707.782 250180.796  44.0%   8.0 3355s
 767387 672756 434084.964  235  488 446707.782 250187.128  44.0%   7.9 3360s
 768868 674151 385052.111  188  588 446707.782 250225.681  44.0%   7.9 3365s
 770163 675332 355449.941   78  588 446707.782 250248.354  44.0%   7.9 3370s
 771506 676565 385666.671   32  489 446707.782 250269.544  44.0%   7.9 3375s
 772830 677685 378352.594   62  440 446707.782 250301.803  44.0%   7.9 3380s
 774253 678998 377577.602  120  588 446707.782 250315.751  44.0%   7.9 3385s
 775547 680236 438864.926  348  538 446707.782 250332.148  44.0%   7.9 3390s
 776827 681432 439156.493  270  487 446707.782 250365.496  44.0%   7.9 3395s
 778387 682876 445628.860  292  486 446707.782 250377.634  44.0%   7.9 3400s
 779835 684148 431253.250  217  486 446707.782 250388.088  43.9%   7.9 3405s
 781344 685519 296440.908   30  490 446707.782 250427.449  43.9%   7.9 3410s
 782697 686674 349758.140   39  441 446707.782 250456.363  43.9%   7.9 3415s
 784273 688120 264165.502   28  540 446707.782 250496.215  43.9%   7.9 3420s
 785707 689458 440246.366  320  538 446707.782 250518.487  43.9%   7.9 3425s
 787164 690811 396782.153  203  587 446707.782 250543.978  43.9%   7.8 3430s
 788423 692060 438486.861  673  583 446707.782 250543.978  43.9%   7.8 3435s
 789730 693367 440362.004  715  583 446707.782 250543.978  43.9%   7.8 3440s
 791077 694714 442695.229  770  578 446707.782 250543.978  43.9%   7.8 3445s
 792384 696021 443548.976  824  575 446707.782 250543.978  43.9%   7.8 3450s
 793660 697297 444172.343  863  574 446707.782 250543.978  43.9%   7.8 3455s
 794928 698565 444981.994  921  574 446707.782 250543.978  43.9%   7.8 3460s
 796203 699840 445859.686 1012  570 446707.782 250543.978  43.9%   7.8 3465s
 797401 700988 446676.064 1137  570 446707.782 250543.978  43.9%   7.8 3470s
 798951 702406 425829.421   88  439 446707.782 250564.087  43.9%   7.8 3475s
 800508 703823 425814.380  225  538 446707.782 250580.430  43.9%   7.7 3480s
 802082 705319     cutoff  376      446707.782 250590.422  43.9%   7.7 3485s
 803570 706699 413116.427  313  588 446707.782 250597.481  43.9%   7.7 3490s
 805144 708119 417960.084  205  538 446707.782 250631.129  43.9%   7.7 3495s
 806575 709516 446592.722  447  538 446707.782 250634.873  43.9%   7.7 3500s
 807965 710798 440464.657  579  587 446707.782 250636.821  43.9%   7.7 3505s
 809550 712181 430289.076  184  488 446707.782 250653.334  43.9%   7.7 3510s
 811001 713488 274473.855   30  539 446707.782 250678.839  43.9%   7.7 3515s
 812604 714995     cutoff  189      446707.782 250712.217  43.9%   7.7 3520s
 814272 716543 393140.510  107  489 446707.782 250744.961  43.9%   7.7 3525s
 815703 717900 401532.859  175  538 446707.782 250750.698  43.9%   7.7 3530s
 817392 719483 436284.790  185  484 446707.782 250775.749  43.9%   7.6 3535s
 818954 720905 274267.987   30  539 446707.782 250814.048  43.9%   7.6 3540s
 820487 722306 308723.430   39  539 446707.782 250830.826  43.8%   7.6 3545s
 822093 723798 404851.966   94  489 446707.782 250850.528  43.8%   7.6 3550s
 823619 725212 428090.842  141  488 446707.782 250875.401  43.8%   7.6 3555s
 825253 726742 442234.731  652  585 446707.782 250913.995  43.8%   7.6 3560s
 826659 728024 416343.131  234  538 446707.782 250941.771  43.8%   7.6 3565s
 828135 729366 346081.726   56  539 446707.782 250966.746  43.8%   7.6 3570s
 829686 730825     cutoff  291      446707.782 250972.432  43.8%   7.6 3575s
 831260 732271 411690.032  100  439 446707.782 251017.961  43.8%   7.6 3580s
 832799 733614 421539.396  138  489 446707.782 251066.528  43.8%   7.6 3585s
 834293 734992     cutoff  176      446707.782 251084.161  43.8%   7.6 3590s
 835781 736348 266649.355   29  490 446707.782 251096.983  43.8%   7.6 3595s

Explored 837432 nodes (6324302 simplex iterations) in 3600.00 seconds (1370.64 work units)
Thread count was 1 (of 56 available processors)

Solution count 10: 446708 446748 446794 ... 447484

Time limit reached
Best objective 4.467077818088e+05, best bound 2.511167790749e+05, gap 43.7850%

User-callback calls 2597292, time in user-callback 6.02 sec
reading orlib data file ../../../../../instances/uflp/orlib/cap42.txt
primal_bound = 446707.7818087641, dual_bound = 251116.7790749149, gap = 43.785000104963885, time = 3600.02
