solving instance uflp nlass holmberg 60 square
Set parameter TokenServer to value "licences.gerad.lan"
Set parameter MIPGap to value 1e-06
Set parameter FuncPieceError to value 1e-06
Set parameter Threads to value 1
Set parameter FuncPieces to value -2
Set parameter TimeLimit to value 3600
Gurobi Optimizer version 12.0.2 build v12.0.2rc0 (linux64 - "AlmaLinux 9.6 (Sage Margay)")

CPU model: Intel(R) Xeon(R) Gold 6258R CPU @ 2.70GHz, instruction set [SSE2|AVX|AVX2|AVX512]
Thread count: 56 physical cores, 56 logical processors, using up to 1 threads

Non-default parameters:
TimeLimit  3600
MIPGap  1e-06
Threads  1
FuncPieces  -2
FuncPieceError  1e-06

Optimize a model with 18200 rows, 24030 columns and 42000 nonzeros
Model fingerprint: 0x997055ff
Model has 6000 function constraints treated as nonlinear
  6000 POW
Variable types: 18000 continuous, 6030 integer (6030 binary)
Coefficient statistics:
  Matrix range     [1e+00, 9e+02]
  Objective range  [1e+00, 5e+02]
  Bounds range     [1e+00, 1e+10]
  RHS range        [1e+00, 1e+00]
Warning: Model contains large bounds
         Consider reformulating model or setting NumericFocus parameter
         to avoid numerical issues.
Presolve removed 12000 rows and 18000 columns
Presolve time: 0.07s
Presolved: 6200 rows, 6030 columns, 18000 nonzeros
Presolved model has 6000 quadratic objective terms
Variable types: 6000 continuous, 30 integer (30 binary)
Found heuristic solution: objective 16568.378305
Performing another presolve...
Presolve time: 0.03s

Root relaxation: objective 2.729285e+03, 7917 iterations, 0.40 seconds (0.36 work units)

    Nodes    |    Current Node    |     Objective Bounds      |     Work
 Expl Unexpl |  Obj  Depth IntInf | Incumbent    BestBd   Gap | It/Node Time

     0     0 2729.28463    0   30 16568.3783 2729.28463  83.5%     -    0s
     0     0 2731.27395    0   30 16568.3783 2731.27395  83.5%     -    0s
     0     0 9564.43214    0   22 16568.3783 9564.43214  42.3%     -    1s
H    0     0                    16237.337055 9564.43214  41.1%     -    1s
     0     0 9564.43214    0   22 16237.3371 9564.43214  41.1%     -    2s
H    0     0                    10028.131449 9564.43214  4.62%     -    2s
H    0     0                    9839.9517203 9564.43214  2.80%     -    2s
     0     2 9564.43303    0   22 9839.95172 9564.43303  2.80%     -    3s
     3     5 9590.19363    2   26 9839.95172 9575.27078  2.69%   0.0    5s
H    8     8                    9704.5366344 9590.19363  1.18%   0.0    9s
     9    11 9623.82440    5   16 9704.53663 9590.19363  1.18%   0.0   10s
    14    16 9654.33900    7   15 9704.53663 9590.19363  1.18%   0.0   15s
    21    19 9673.10786   11   11 9704.53663 9590.19363  1.18%   0.0   20s
    31    23 9690.48195   16    9 9704.53663 9590.19363  1.18%   0.0   25s
    45    35 9688.52129   23    2 9704.53663 9590.19363  1.18%   0.0   30s
*   51    27              26    9689.7767169 9590.19363  1.03%   0.0   31s
    56    30 9639.14780    5   15 9689.77672 9590.19363  1.03%   0.0   35s
    63    35 9651.24882    8   13 9689.77672 9590.19363  1.03%   0.0   40s
    69    37 9653.35120   11    9 9689.77672 9590.19363  1.03%   0.0   45s
    77    41 9654.10046   15    7 9689.77672 9590.19363  1.03%   0.0   50s
H   83    41                    9688.7930345 9590.19363  1.02%   0.0   52s
    90    46 9686.51954   22    2 9688.79303 9590.19363  1.02%   0.0   55s
*   97    43              25    9688.7507592 9590.19363  1.02%   0.0   57s
   100    46 9626.83766    4   23 9688.75076 9595.63613  0.96%   0.0   60s
   105    49     cutoff    7      9688.75076 9595.63613  0.96%   0.0   65s
   111    53 9665.86445   10   11 9688.75076 9595.63613  0.96%   0.0   70s
H  116    38                    9678.0510269 9595.63613  0.85%   0.0   73s
   119    39     cutoff   14      9678.05103 9595.63613  0.85%   0.0   75s
   129    41 9672.36086   19    6 9678.05103 9595.63613  0.85%   0.0   80s
*  141    39              25    9678.0505632 9595.63613  0.85%   0.0   84s
   143    39 9610.50319    2   20 9678.05056 9595.63613  0.85%   0.0   85s
   149    45 9641.58404    5   15 9678.05056 9595.63613  0.85%   0.0   90s
   154    48     cutoff    8      9678.05056 9595.63613  0.85%   0.0   95s
   161    49 9670.60154   11   11 9678.05056 9595.63613  0.85%   0.0  100s
   169    49 9670.70889   15    9 9678.05056 9595.63613  0.85%   0.0  105s
   180    48 9609.88033    2   20 9678.05056 9604.71884  0.76%   0.0  110s
   185    53 9629.64711    5   15 9678.05056 9604.71884  0.76%   0.0  115s
   189    57 9662.53675    7   13 9678.05056 9604.71884  0.76%   0.0  120s
   194    58 9665.49756    9   12 9678.05056 9604.71884  0.76%   0.0  125s
   202    58 9677.53100   13   11 9678.05056 9604.71884  0.76%   0.0  130s
   211    57 9627.36982    4   17 9678.05056 9604.71884  0.76%   0.0  135s
   215    59 9653.90112    6   16 9678.05056 9604.71884  0.76%   0.0  140s
   220    60     cutoff    9      9678.05056 9604.71884  0.76%   0.0  145s
   227    61 9671.84792   12    9 9678.05056 9604.71884  0.76%   0.0  150s
   233    63 9654.47298    6   15 9678.05056 9625.54601  0.54%   0.0  155s
   237    65     cutoff    8      9678.05056 9625.54601  0.54%   0.0  160s
   241    67 9673.79514   10   16 9678.05056 9625.54601  0.54%   0.0  165s
   247    69 9676.06378   13    8 9678.05056 9625.54601  0.54%   0.0  170s
   254    68 9676.06441   15    8 9678.05056 9625.54601  0.54%   0.0  175s
   265    67 9652.29601    6   19 9678.05056 9625.54601  0.54%   0.0  180s
   271    67 9671.19362    9   16 9678.05056 9625.54601  0.54%   0.0  185s
   277    67 9677.10536   12   13 9678.05056 9625.54601  0.54%   0.0  190s
   282    66 9650.30816    7   15 9678.05056 9626.18744  0.54%   0.0  195s
   288    66 9662.25332   10   12 9678.05056 9626.18744  0.54%   0.0  200s
   295    67     cutoff   14      9678.05056 9626.18744  0.54%   0.0  205s
   305    67     cutoff   18      9678.05056 9626.18744  0.54%   0.0  210s
   311    69 9654.47558    8   13 9678.05056 9626.18744  0.54%   0.0  215s
   316    70     cutoff   11      9678.05056 9626.18744  0.54%   0.0  220s
   323    71 9657.31303   14    8 9678.05056 9626.18744  0.54%   0.0  225s
   331    71     cutoff   18      9678.05056 9626.18744  0.54%   0.0  230s
   339    69     cutoff    8      9678.05056 9626.20348  0.54%   0.0  235s
   344    72 9668.47177   10   16 9678.05056 9626.20348  0.54%   0.0  240s
   351    71     cutoff   14      9678.05056 9626.20348  0.54%   0.0  245s
   361    71 9673.70133    5   17 9678.05056 9626.20348  0.54%   0.0  250s
   366    72 9642.18544    6   20 9678.05056 9626.83766  0.53%   0.0  255s
   370    76 9668.67775    7   18 9678.05056 9626.83766  0.53%   0.0  260s
   375    75     cutoff    8      9678.05056 9626.83766  0.53%   0.0  265s
   381    75     cutoff   12      9678.05056 9626.83766  0.53%   0.0  270s
   389    75     cutoff   16      9678.05056 9626.83766  0.53%   0.0  275s
   398    76 9640.27874    6   16 9678.05056 9626.83766  0.53%   0.0  281s
   402    80 9663.97340    7   15 9678.05056 9626.83766  0.53%   0.0  285s
   407    81 9664.25355    9   12 9678.05056 9626.83766  0.53%   0.0  290s
   412    80     cutoff   12      9678.05056 9626.83766  0.53%   0.0  295s
   419    81     cutoff   15      9678.05056 9626.83766  0.53%   0.0  300s
   427    79     cutoff    6      9678.05056 9628.03049  0.52%   0.0  305s
   432    80 9669.17610    7   17 9678.05056 9634.05842  0.45%   0.0  310s
   437    79     cutoff    9      9678.05056 9634.05842  0.45%   0.0  315s
   443    79     cutoff   12      9678.05056 9634.05842  0.45%   0.0  320s
   449    81 9666.13230   15    9 9678.05056 9634.05842  0.45%   0.0  325s
   459    81 9660.64441    6   16 9678.05056 9640.84412  0.38%   0.0  330s
   465    79     cutoff    9      9678.05056 9640.84412  0.38%   0.0  335s
   470    80     cutoff    9      9678.05056 9641.58404  0.38%   0.0  340s
   477    79 9647.85805    6   15 9678.05056 9641.58404  0.38%   0.0  345s
   481    79     cutoff    9      9678.05056 9641.58404  0.38%   0.0  350s
   487    75     cutoff    6      9678.05056 9643.03827  0.36%   0.0  355s
   492    76     cutoff    9      9678.05056 9643.49543  0.36%   0.0  360s
   497    75     cutoff    9      9678.05056 9643.49543  0.36%   0.0  365s
   503    75     cutoff   12      9678.05056 9643.49543  0.36%   0.0  370s
   512    76 9677.62427   16    8 9678.05056 9643.49543  0.36%   0.0  375s
   519    75 9666.43650    7   16 9678.05056 9647.10219  0.32%   0.0  380s
   523    79 9675.40004    9   11 9678.05056 9647.10219  0.32%   0.0  385s
   529    79 9676.17600   11    9 9678.05056 9647.10219  0.32%   0.0  390s
   535    79 9677.66674   14    7 9678.05056 9647.10219  0.32%   0.0  395s
   542    76 9659.82558    5   16 9678.05056 9648.62069  0.30%   0.0  400s
   547    75 9677.24851    6   16 9678.05056 9649.34865  0.30%   0.0  405s
   553    73 9660.61101    5   17 9678.05056 9650.73612  0.28%   0.0  410s
   558    72 9666.33429    8   14 9678.05056 9650.73612  0.28%   0.0  415s
   564    72 9671.50355   11   12 9678.05056 9650.73612  0.28%   0.0  420s
   572    72 9674.78120   15    9 9678.05056 9650.73612  0.28%   0.0  425s
   584    70     cutoff   20      9678.05056 9650.73612  0.28%   0.0  430s
   589    71 9677.08233    9   12 9678.05056 9651.19733  0.28%   0.0  435s
   596    68 9661.13060    6   20 9678.05056 9654.47298  0.24%   0.0  440s
   602    66     cutoff    9      9678.05056 9654.47298  0.24%   0.0  445s
   607    65     cutoff    8      9678.05056 9655.30904  0.23%   0.0  450s
   612    66 9676.93463   10    9 9678.05056 9655.30904  0.23%   0.0  455s
   617    67 9676.93714   13   10 9678.05056 9655.30904  0.23%   0.0  460s
   624    64     cutoff    5      9678.05056 9655.30904  0.23%   0.0  465s
   628    64 9669.30725    8   12 9678.05056 9655.97113  0.23%   0.0  470s
   633    69 9670.85892   13    6 9678.05056 9655.97113  0.23%   0.0  475s
   640    70     cutoff   17      9678.05056 9655.97113  0.23%   0.0  480s
   645    69     cutoff    9      9678.05056 9656.07502  0.23%   0.0  485s
   651    69     cutoff   12      9678.05056 9656.07502  0.23%   0.0  490s
   656    66     cutoff    5      9678.05056 9656.38149  0.22%   0.0  495s
   662    66     cutoff    9      9678.05056 9656.38149  0.22%   0.0  500s
   669    65 9674.60496    8   12 9678.05056 9656.93383  0.22%   0.0  505s
   674    64 9672.94554    8   16 9678.05056 9656.93383  0.22%   0.0  510s
   681    61     cutoff    7      9678.05056 9657.71276  0.21%   0.0  515s
   686    62 9662.99320   10   12 9678.05056 9661.47445  0.17%   0.0  520s
   692    62 9663.62002   11   15 9678.05056 9661.47445  0.17%   0.0  525s
   699    63 9666.81458   15   11 9678.05056 9661.47445  0.17%   0.0  530s
   710    64 9668.10421   21    5 9678.05056 9661.47445  0.17%   0.0  535s
   719    61 9672.40026    9   12 9678.05056 9662.53675  0.16%   0.0  540s
   726    62     cutoff   14      9678.05056 9662.53675  0.16%   0.0  545s
   734    58     cutoff    8      9678.05056 9662.58218  0.16%   0.0  550s
   741    59 9674.29285   11   13 9678.05056 9662.58218  0.16%   0.0  555s
   748    58     cutoff   15      9678.05056 9662.58218  0.16%   0.0  560s
   757    55     cutoff   11      9678.05056 9663.97340  0.15%   0.0  565s
   764    56 9669.76331   14    8 9678.05056 9663.97340  0.15%   0.0  570s
   774    54     cutoff   19      9678.05056 9663.97340  0.15%   0.0  575s
   780    54 9667.12396   10   12 9678.05056 9664.07449  0.14%   0.0  580s
   787    53     cutoff   14      9678.05056 9664.07449  0.14%   0.0  585s
   797    55     cutoff   19      9678.05056 9664.07449  0.14%   0.0  590s
   803    55 9668.23696   10   12 9678.05056 9664.07449  0.14%   0.0  595s
   808    54     cutoff   13      9678.05056 9664.07449  0.14%   0.0  600s
   815    51     cutoff   11      9678.05056 9665.86445  0.13%   0.0  605s
   821    51     cutoff   14      9678.05056 9666.12864  0.12%   0.0  610s
   829    51     cutoff   18      9678.05056 9666.12864  0.12%   0.0  615s
   837    47     cutoff    9      9678.05056 9666.54288  0.12%   0.0  620s
   842    44     cutoff    9      9678.05056 9666.69953  0.12%   0.0  625s
   848    40 9668.32715   11   12 9678.05056 9667.71456  0.11%   0.0  630s
   854    40 9669.00988   14   11 9678.05056 9667.71456  0.11%   0.0  635s
   863    41 9676.42843   19    6 9678.05056 9667.71456  0.11%   0.0  640s
   872    34     cutoff    9      9678.05056 9669.17080  0.09%   0.0  645s
   879    29     cutoff   10      9678.05056 9670.32389  0.08%   0.0  650s
   885    25 9671.30140    9   10 9678.05056 9671.02789  0.07%   0.0  655s
   891    27     cutoff   14      9678.05056 9671.02789  0.07%   0.0  660s
   898    20     cutoff    9      9678.05056 9673.10786  0.05%   0.0  665s
   905    21     cutoff   16      9678.05056 9673.10786  0.05%   0.0  670s
   912    18 9675.87379   10   10 9678.05056 9673.44336  0.05%   0.0  675s
   917    17     cutoff   13      9678.05056 9673.44336  0.05%   0.0  680s
   924    18 9676.93349   16    6 9678.05056 9673.44336  0.05%   0.0  685s
   932    16 9673.84101    9   12 9678.05056 9673.79514  0.04%   0.0  690s
   937    15     cutoff   12      9678.05056 9673.79514  0.04%   0.0  695s
   944    16     cutoff   16      9678.05056 9673.79514  0.04%   0.0  700s
   952    12 9675.02189   12   14 9678.05056 9675.02189  0.03%   0.0  705s
   961    13     cutoff   18      9678.05056 9675.02189  0.03%   0.0  710s
   970     4     cutoff   17      9678.05056 9677.18019  0.01%   0.0  715s

Explored 975 nodes (7917 simplex iterations) in 718.29 seconds (172.88 work units)
Thread count was 1 (of 56 available processors)

Solution count 7: 9678.05 9688.75 9689.78 ... 16568.4
No other solutions better than 9678.05

Optimal solution found (tolerance 1.00e-06)
Best objective 9.678047225771e+03, best bound 9.678050563235e+03, gap 0.0000%

User-callback calls 5236, time in user-callback 0.02 sec
reading holmberg data file ../../../../../instances/uflp/holmberg/p60
primal_bound = 9678.047225770675, dual_bound = 9678.05056323545, gap = 3.448488674174817e-5, time = 718.3
