solving instance uflp nlass gunluk ../../../../../instances/uflp/gunluk/gunluk-40-80-7.txt pardivexp
Set parameter TokenServer to value "licences.gerad.lan"
Set parameter MIPGap to value 1e-06
Set parameter FuncPieceError to value 1e-06
Set parameter Threads to value 1
Set parameter FuncPieces to value -2
Set parameter TimeLimit to value 3600
Gurobi Optimizer version 12.0.2 build v12.0.2rc0 (linux64 - "AlmaLinux 9.6 (Sage Margay)")

CPU model: Intel(R) Xeon(R) Gold 6258R CPU @ 2.70GHz, instruction set [SSE2|AVX|AVX2|AVX512]
Thread count: 56 physical cores, 56 logical processors, using up to 1 threads

Non-default parameters:
TimeLimit  3600
MIPGap  1e-06
Threads  1
FuncPieces  -2
FuncPieceError  1e-06

Optimize a model with 16080 rows, 22440 columns and 38400 nonzeros
Model fingerprint: 0x2972d6fe
Model has 6400 function constraints treated as nonlinear
  3200 EXP, 3200 POW
Variable types: 19200 continuous, 3240 integer (3240 binary)
Coefficient statistics:
  Matrix range     [1e-04, 6e+01]
  Objective range  [1e+00, 9e+01]
  Bounds range     [1e+00, 1e+10]
  RHS range        [1e-04, 3e+00]
Warning: Model contains large bounds
         Consider reformulating model or setting NumericFocus parameter
         to avoid numerical issues.
Presolve removed 6400 rows and 6400 columns
Presolve time: 0.18s
Presolved: 38480 rows, 16041 columns, 80000 nonzeros
Presolved model has 3200 bilinear constraint(s)
Presolved model has 3200 nonlinear constraint(s)

Solving non-convex MINLP

Variable types: 12801 continuous, 3240 integer (3240 binary)
Found heuristic solution: objective 2104.6490896

Root relaxation: objective 8.267368e+00, 25700 iterations, 0.72 seconds (0.35 work units)

    Nodes    |    Current Node    |     Objective Bounds      |     Work
 Expl Unexpl |  Obj  Depth IntInf | Incumbent    BestBd   Gap | It/Node Time

     0     0    8.26737    0  402 2104.64909    8.26737   100%     -    1s
H    0     0                    1854.1791586    8.26737   100%     -    1s
H    0     0                    1836.2647068    8.26737   100%     -    1s
H    0     0                    1836.1792051    8.26737   100%     -    1s
H    0     0                    1836.1110900    8.26737   100%     -    1s
H    0     0                    1835.1980292    8.26737   100%     -    2s
H    0     0                    1835.1726080    8.26737   100%     -    2s
H    0     0                    1834.8807042    8.26737   100%     -    3s
H    0     0                    1834.8207792    8.26737   100%     -    3s
H    0     0                    1831.0821678    8.26737   100%     -    3s
H    0     0                    1774.8229790    8.26737   100%     -    3s
H    0     0                    1774.6078027    8.26737   100%     -    3s
H    0     0                    1683.3299463    8.26737   100%     -    3s
H    0     0                    1680.3222335    8.26737   100%     -    4s
     0     0    8.28500    0  401 1680.32223    8.28500   100%     -    4s
H    0     0                    1608.1074511    8.28503  99.5%     -    4s
H    0     0                    1486.5083099    8.28503  99.4%     -    4s
H    0     0                    1486.4522527    8.28503  99.4%     -    4s
H    0     0                    1476.0846168    8.28503  99.4%     -    4s
H    0     0                    1475.7966931    8.28503  99.4%     -    5s
     0     0    8.28503    0  401 1475.79669    8.28503  99.4%     -    5s
H    0     0                    1475.7448220    8.28503  99.4%     -    6s
H    0     0                    1475.7314312    8.28503  99.4%     -    6s
     0     2   15.02681    0  401 1475.73143   15.02681  99.0%     -    6s
H   27    27                    1475.6026290   15.02681  99.0%  2496   10s
H   28    28                    1464.4903186   15.02681  99.0%  2462   12s
H   28    28                    1464.4630697   15.02681  99.0%  2462   14s
    39    39     cutoff   39      1464.46307   15.02681  99.0%  2091   15s
H   54    52                    1463.2159825   15.02681  99.0%  1515   15s
   196   196  101.58782  184  283 1463.21598   15.02681  99.0%   421   31s
H  197   195                    1463.2159327   15.02681  99.0%   419   31s
H  197   195                    1440.7876732   15.02681  99.0%   419   32s
H  197   195                    1440.7252244   15.02681  99.0%   419   32s
H  228   226                    1438.8920802   15.02681  99.0%   363   34s
H  228   226                    1438.7873128   15.02681  99.0%   363   34s
H  228   226                    1437.4192510   15.02681  99.0%   363   34s
H  228   226                    1437.2845791   15.02681  99.0%   363   35s
   443   443  578.14992  308  205 1437.28458   15.02681  99.0%   187   40s
H  479   477                    1437.2845692   15.02681  99.0%   173   40s
H  479   477                    1437.2665661   15.02681  99.0%   173   40s
H  479   477                    1364.3472173   15.02681  98.9%   173   41s
H  479   477                    1363.3579782   15.02681  98.9%   173   41s
H  479   477                    1352.6758844   15.02681  98.9%   173   42s
   516   516  693.41840  344  194 1352.67588   15.02681  98.9%   161   45s
H  565   563                    1352.6758350   15.02681  98.9%   148   46s
H  565   563                    1352.3962765   15.02681  98.9%   148   47s
   649   649  840.87765  411  173 1352.39628   15.02681  98.9%   129   50s
   868   868 1016.55228  520  137 1352.39628   15.02681  98.9%  96.9   55s
H  959   957                    1352.2943292   15.02681  98.9%  87.9   57s
H  959   957                    1352.2941588   15.02681  98.9%  87.9   57s
  1025  1025 1115.92138  599  109 1352.29416   15.02681  98.9%  82.3   60s
  1143  1134   53.00000   17   81 1352.29416   15.02681  98.9%  74.1   66s
H 1144  1078                    1352.2941572   15.02681  98.9%  74.0   68s
H 1144  1024                    1352.2918676   15.02681  98.9%  74.0   69s
  1146  1025 1084.63351  577   81 1352.29187   15.02681  98.9%  73.9   71s
  1148  1026 1064.64567  552   81 1352.29187   15.03057  98.9%  73.7   76s
  1149  1029   15.03057   14  429 1352.29187   15.03057  98.9%  96.3   98s
  1150  1030   15.03057   14  402 1352.29187   15.03057  98.9%  96.3  104s
  1151  1030   16.86303   15  428 1352.29187   15.03057  98.9%  96.3  107s
  1152  1031   15.03057   15  428 1352.29187   15.03057  98.9%  96.4  110s
  1154  1032   17.75217   16  511 1352.29187   15.03057  98.9%  96.5  117s
  1155  1033   18.51944   17  510 1352.29187   15.03057  98.9%  96.6  120s
  1157  1034   15.03057   18  425 1352.29187   15.03057  98.9%  96.7  126s
  1159  1036   15.03057   19  424 1352.29187   15.03057  98.9%  97.8  130s
  1162  1038   21.35364   20  437 1352.29187   15.03057  98.9%  98.5  135s
  1165  1040   15.03057   22  421 1352.29187   15.03057  98.9%  98.6  140s
  1169  1042   15.03057   24  419 1352.29187   15.03057  98.9%  99.2  147s
  1171  1044   15.03057   25  418 1352.29187   15.03057  98.9%   100  150s
H 1174   992                    1350.0624369   15.03057  98.9%   101  153s
H 1174   944                    1348.6719815   15.03057  98.9%   101  153s
H 1174   897                    1345.1429464   15.03057  98.9%   101  153s
H 1174   853                    1345.1419395   15.03057  98.9%   101  154s
H 1174   811                    1344.4516955   15.03057  98.9%   101  154s
H 1174   771                    1344.0969594   15.03057  98.9%   101  154s
H 1174   734                    1344.0578538   15.03057  98.9%   101  154s
H 1174   698                    1343.9820308   15.03057  98.9%   101  154s
H 1174   664                    1343.9680747   15.03057  98.9%   101  155s
H 1175   631                    1343.9679684   15.03057  98.9%   101  156s
H 1175   600                    1343.9171141   15.03057  98.9%   101  156s
H 1175   571                    1343.9170018   15.03057  98.9%   101  156s
H 1175   543                    1343.8414106   15.03057  98.9%   101  156s
H 1175   517                    1343.8182517   15.03057  98.9%   101  157s
H 1175   492                    1343.7845300   15.03057  98.9%   101  157s
  1176   495   21.52057   27  433 1343.78453   15.03057  98.9%   101  160s
  1178   496   15.49541   28  415 1343.78453   15.03057  98.9%   102  165s
  1181   498   21.19393   30  498 1343.78453   15.03057  98.9%   103  172s
  1183   500   20.09526   31  414 1343.78453   15.03057  98.9%   103  176s
  1185   501   22.75278   32  497 1343.78453   15.03057  98.9%   104  181s
  1187   502   22.96365   33  413 1343.78453   15.03057  98.9%   104  186s
  1189   504   24.24356   34  496 1343.78453   15.03057  98.9%   105  190s
  1192   506   30.49769   35  514 1343.78453   15.03057  98.9%   107  197s
  1194   507   24.59359   36  413 1343.78453   15.03057  98.9%   108  201s
  1196   508   26.97816   37  414 1343.78453   15.03057  98.9%   108  207s
  1197   509   25.58054   38  416 1343.78453   15.03057  98.9%   114  212s
  1199   510   27.54517   39  387 1343.78453   15.03057  98.9%   114  215s
  1202   512   27.09991   40  390 1343.78453   15.03057  98.9%   114  221s
  1205   514   27.65133   42  390 1343.78453   15.03057  98.9%   114  226s
  1208   516   27.16854   43  393 1343.78453   15.03057  98.9%   113  231s
  1211   518   27.64517   45  393 1343.78453   15.03057  98.9%   113  235s
  1214   520   27.27429   46  396 1343.78453   15.03057  98.9%   113  240s
  1218   523   27.32330   48  398 1343.78453   15.03057  98.9%   113  245s
  1222   526   28.17194   50  474 1343.78453   15.03057  98.9%   113  251s
  1226   528   28.34346   52  474 1343.78453   15.03057  98.9%   112  256s
  1229   530   27.96072   54  476 1343.78453   15.03057  98.9%   112  260s
  1234   534   28.30654   56  474 1343.78453   15.03057  98.9%   112  265s
  1239   537   28.20894   59  476 1343.78453   15.03057  98.9%   111  270s
  1244   540   28.47893   61  474 1343.78453   15.03057  98.9%   111  275s
  1251   545   28.39801   65  476 1343.78453   15.03057  98.9%   110  280s
H 1252   520                    1319.8524964   15.03057  98.9%   110  280s
H 1252   497                    1313.6983461   15.03057  98.9%   110  281s
  1255   501   28.46368   67  476 1313.69835   15.03057  98.9%   110  285s
  1263   506   28.58792   71  479 1313.69835   15.03057  98.9%   109  290s
  1268   509   28.61396   73  477 1313.69835   15.03057  98.9%   109  295s
  1282   519   29.48695   80  405 1313.69835   15.03057  98.9%   108  300s
  1300   531   29.59912   89  402 1313.69835   15.03057  98.9%   108  305s
H 1304   510                    1313.6983422   15.03057  98.9%   107  306s
H 1304   490                    1313.6983352   15.03057  98.9%   107  308s
  1310   496   29.43149   94  402 1313.69834   15.03057  98.9%   107  310s
  1321   504   30.06815  100  438 1313.69834   15.03057  98.9%   107  315s
  1327   508   29.93448  103  435 1313.69834   15.03057  98.9%   107  320s
H 1330   488                    1313.6983328   15.03057  98.9%   106  321s
  1331   490   29.91732  105  431 1313.69833   15.03057  98.9%   106  325s
  1343   498   29.84107  111  428 1313.69833   15.03057  98.9%   107  331s
  1350   503   37.53130  114  424 1313.69833   15.03057  98.9%   106  335s
H 1356   487                    1313.6983309   15.03057  98.9%   106  338s
H 1356   469                    1313.6982999   15.03057  98.9%   106  340s
  1359   473   42.55442  119  419 1313.69830   15.03057  98.9%   107  345s
  1363   476   34.68589  121  412 1313.69830   15.03057  98.9%   111  355s
  1365   477   35.24072  122  423 1313.69830   15.03057  98.9%   114  364s
  1366   478   42.66702  122  381 1313.69830   15.03057  98.9%   114  365s
  1367   478   36.74127  123  418 1313.69830   15.03057  98.9%   117  371s
  1369   480   37.65083  124  421 1313.69830   15.03057  98.9%   118  378s
  1370   480   47.60441  124  380 1313.69830   15.03057  98.9%   118  384s
  1371   481   39.28080  125  532 1313.69830   15.03057  98.9%   120  393s
  1373   482   39.64265  126  433 1313.69830   15.03057  98.9%   121  401s
  1375   484   40.13840  127  435 1313.69830   15.03057  98.9%   123  412s
  1376   484   54.57853  127  380 1313.69830   15.03057  98.9%   123  418s
  1377   485   41.36412  128  435 1313.69830   15.03057  98.9%   124  425s
  1379   486   42.88501  129  477 1313.69830   15.03057  98.9%   125  435s
  1381   488   43.14037  130  440 1313.69830   15.03057  98.9%   134  445s
H 1382   470                    1313.6982973   15.03057  98.9%   134  445s
  1382   472   62.36742  130  385 1313.69830   15.03057  98.9%   134  452s
  1383   473   46.44757  131  425 1313.69830   15.03057  98.9%   135  459s
  1385   474   47.45803  132  436 1313.69830   15.03057  98.9%   137  467s
  1387   476   48.37839  133  423 1313.69830   15.03057  98.9%   138  475s
  1389   477   48.89271  134  409 1313.69830   15.03057  98.9%   140  482s
  1391   478   50.30578  135  417 1313.69830   15.03057  98.9%   142  489s
  1392   479   76.79717  135  386 1313.69830   15.03057  98.9%   142  490s
  1393   480   50.75688  136  430 1313.69830   15.03057  98.9%   143  498s
  1395   481   50.88777  137  426 1313.69830   15.03057  98.9%   144  506s
  1397   482   51.10097  138  424 1313.69830   15.03057  98.9%   145  513s
  1399   484   52.34832  139  417 1313.69830   15.03057  98.9%   146  519s
  1401   485   55.94487  140  416 1313.69830   15.03057  98.9%   147  524s
  1402   486   85.09735  140  385 1313.69830   15.03057  98.9%   147  525s
  1403   486   58.12250  141  433 1313.69830   15.03057  98.9%   148  532s
  1405   488   58.44370  142  416 1313.69830   15.03057  98.9%   149  538s
  1407   489   58.78736  143  432 1313.69830   15.03057  98.9%   150  547s
  1408   490   99.73922  143  386 1313.69830   15.03057  98.9%   150  551s
  1409   490   59.77138  144  414 1313.69830   15.03057  98.9%   151  557s
  1411   492   60.68771  145  416 1313.69830   15.03057  98.9%   151  564s
  1412   492  102.92213  145  381 1313.69830   15.03057  98.9%   151  565s
  1413   493   61.40789  146  439 1313.69830   15.03057  98.9%   152  573s
  1415   494   61.41865  147  437 1313.69830   15.03057  98.9%   152  575s
  1417   496   61.57467  148  419 1313.69830   15.03057  98.9%   153  583s
  1419   497   61.64383  149  409 1313.69830   15.03057  98.9%   154  589s
  1420   498  107.25589  149  379 1313.69830   15.03057  98.9%   154  590s
  1421   498   62.69174  150  431 1313.69830   15.03057  98.9%   154  597s
  1423   500   63.49671  151  399 1313.69830   15.03057  98.9%   155  602s
  1425   501   63.52177  152  399 1313.69830   15.03057  98.9%   155  605s
  1427   502   63.70774  153  421 1313.69830   15.03057  98.9%   156  611s
  1429   504   64.07818  154  516 1313.69830   15.03057  98.9%   156  620s
  1431   505   64.51803  155  433 1313.69830   15.03057  98.9%   157  625s
  1433   506   64.80198  156  427 1313.69830   15.03057  98.9%   157  633s
H 1434   489                    1304.0609402   15.03057  98.8%   157  634s
H 1434   474                    1304.0548638   15.03057  98.8%   157  634s
H 1434   459                    1303.9674603   15.03057  98.8%   157  634s
H 1434   446                    1303.8550836   15.03057  98.8%   157  634s
H 1434   433                    1302.7524426   15.03057  98.8%   157  634s
H 1434   421                    1300.7952343   15.03057  98.8%   157  635s
H 1434   409                    1300.3836844   15.03057  98.8%   157  635s
  1435   412   66.07293  157  430 1300.38368   15.03057  98.8%   157  643s
  1436   412  114.94849  157  379 1300.38368   15.03057  98.8%   157  645s
  1437   413   66.72866  158  436 1300.38368   15.03057  98.8%   157  651s
  1440   415  119.60374  159  379 1300.38368   15.03057  98.8%   158  658s
  1459   428  119.73110  169  378 1300.38368   15.03057  98.8%   156  660s
H 1460   415                    1299.7333405   15.03057  98.8%   156  660s
H 1460   405                    1299.6737213   15.03057  98.8%   156  661s
H 1460   395                    1299.5785703   15.03057  98.8%   156  662s
H 1460   385                    1299.3806298   15.03057  98.8%   156  662s
H 1460   376                    1299.3415242   15.03057  98.8%   156  663s
  1480   392  119.80770  179  377 1299.34152   15.03057  98.8%   154  665s
H 1486   386                    1299.3414834   15.03057  98.8%   153  665s
H 1486   378                    1299.3142557   15.03057  98.8%   153  665s
H 1486   370                    1271.9024958   15.03057  98.8%   153  665s
H 1486   363                    1265.4317978   15.03057  98.8%   153  666s
  1504   377  141.82257  191  372 1265.43180   15.03057  98.8%   151  670s
H 1564   416                    1265.4317934   15.03057  98.8%   146  674s
H 1564   416                    1265.4158936   15.03057  98.8%   146  674s
  1568   422  141.96100  223  350 1265.41589   15.03057  98.8%   146  675s
H 1590   442                    1265.3811236   15.03057  98.8%   144  676s
H 1590   442                    1265.2953766   15.03057  98.8%   144  676s
H 1590   442                    1265.2661290   15.03057  98.8%   144  676s
H 1616   468                    1254.6588798   15.03057  98.8%   142  679s
H 1616   468                    1220.2314042   15.03057  98.8%   142  679s
H 1616   468                    1211.8123811   15.03057  98.8%   142  680s
H 1616   468                    1210.8173886   15.03057  98.8%   142  682s
  1657   511  227.61780  268  320 1210.81739   15.03057  98.8%   139  685s
H 1668   520                    1210.8173781   15.03057  98.8%   139  685s
H 1668   520                    1199.7776721   15.03057  98.7%   139  686s
H 1694   546                    1199.5872391   15.03057  98.7%   137  689s
  1694   548  317.59152  286  307 1199.58724   15.03057  98.7%   137  691s
H 1720   572                    1199.5079880   15.03057  98.7%   136  693s
H 1720   572                    1197.5534391   15.03057  98.7%   136  694s
  1720   574  411.34122  299  331 1197.55344   15.03057  98.7%   136  697s
H 1746   598                    1197.5529046   15.03057  98.7%   134  698s
  1746   600  432.10007  312  326 1197.55290   15.03057  98.7%   134  700s
H 1772   624                    1197.5528683   15.03057  98.7%   132  702s
H 1772   624                    1197.5267411   15.03057  98.7%   132  702s
H 1772   624                    1197.2853829   15.03057  98.7%   132  703s
H 1772   624                    1180.8767686   15.03057  98.7%   132  703s
H 1772   624                    1179.0235082   15.03057  98.7%   132  704s
H 1772   624                    1159.9658199   15.03057  98.7%   132  705s
  1874   728  471.75305  376  304 1159.96582   15.03057  98.7%   126  710s
H 1975   827                    1154.9073945   15.03057  98.7%   121  714s
H 1975   827                    1154.2850795   15.03057  98.7%   121  714s
  1975   829  528.65201  427  293 1154.28508   15.03057  98.7%   121  716s
  2045   899  576.86774  462  290 1154.28508   15.03057  98.7%   117  720s
  2138   992  574.67451  508  252 1154.28508   15.03057  98.7%   113  725s
  2241  1095  716.63339  560  231 1154.28508   15.03057  98.7%   109  730s
  2377  1231  793.89923  628  239 1154.28508   15.03057  98.7%   103  735s
  2433  1287  871.16963  656  237 1154.28508   15.03057  98.7%   101  740s
  2552  1406 1014.25748  715  227 1154.28508   15.03057  98.7%  96.4  745s
  2672  1526 1128.57534  775  224 1154.28508   15.03057  98.7%  92.2  750s
  2773  1585 1152.13231  812  227 1154.28508   15.03057  98.7%  89.0  755s
  2805  1599   32.70864   23  419 1154.28508   15.03057  98.7%  89.6  760s
  2820  1614   36.01204   31  428 1154.28508   15.03057  98.7%  93.3  765s
  2830  1624   38.85055   36  439 1154.28508   15.03057  98.7%  95.8  770s
  2838  1632   42.19049   40  440 1154.28508   15.03057  98.7%  99.2  775s
  2846  1640   47.58342   44  419 1154.28508   15.03057  98.7%   102  780s
  2853  1647   80.35114   47  400 1154.28508   15.03057  98.7%   105  786s
  2860  1654   56.91030   51  433 1154.28508   15.03057  98.7%   108  790s
  2870  1664   60.13202   56  440 1154.28508   15.03057  98.7%   110  796s
  2876  1670   61.39758   59  427 1154.28508   15.03057  98.7%   112  800s
  2883  1677   93.34698   62  419 1154.28508   15.03057  98.7%   112  805s
  2890  1684   63.07342   66  437 1154.28508   15.03057  98.7%   113  810s
  2908  1702  117.99354   75  399 1154.28508   15.03057  98.7%   113  815s
  2958  1752  117.88407  100  393 1154.28508   15.03057  98.7%   112  820s
  3014  1808  118.01486  128  381 1154.28508   15.03057  98.7%   111  825s
  3097  1891  190.40034  169  367 1154.28508   15.03057  98.7%   110  830s
  3198  1992  211.15258  220  354 1154.28508   15.03057  98.7%   108  835s
  3302  2096  312.31941  272  360 1154.28508   15.03057  98.7%   106  840s
H 3381  2163                    1149.2690934   15.03057  98.7%   103  846s
  3443  2227  323.80899  342  330 1149.26909   15.03057  98.7%   102  850s
  3547  2331  336.42931  394  324 1149.26909   15.03057  98.7%  98.8  855s
  3650  2434  388.83380  446  318 1149.26909   15.03057  98.7%  96.7  860s
  3759  2543  404.36579  500  306 1149.26909   15.03057  98.7%  94.0  865s
  3869  2653  409.80889  555  307 1149.26909   15.03057  98.7%  91.4  870s
  3941  2725  414.28556  591  296 1149.26909   15.03057  98.7%  89.8  875s
  3992  2776  418.00871  617  287 1149.26909   15.03057  98.7%  88.6  882s
  4049  2833  419.96484  645  272 1149.26909   15.03057  98.7%  87.4  885s
  4121  2905  489.33465  681  254 1149.26909   15.03057  98.7%  86.0  890s
  4219  3003  454.48816  730  226 1149.26909   15.03057  98.7%  84.1  895s
  4347  3131  512.96483  794  214 1149.26909   15.03057  98.7%  81.7  900s
H 4369  3135                    1142.1831727   15.03057  98.7%  81.3  901s
H 4369  3131                    1141.4053658   15.03057  98.7%  81.3  901s
H 4393  3075                    1105.5598525   15.03057  98.6%  80.8  902s
H 4393  3075                    1105.1232225   15.03057  98.6%  80.8  902s
H 4420  3102                    1099.8054701   15.03057  98.6%  80.4  903s
  4466  3150  593.36019  854  204 1099.80547   15.03057  98.6%  79.6  905s
H 4501  3175                    1083.7134115   15.03057  98.6%  79.0  906s
H 4501  3175                    1083.6861838   15.03057  98.6%  79.0  906s
H 4528  3202                    1081.7611904   15.03057  98.6%  78.5  907s
H 4528  3202                    1081.7038037   15.03057  98.6%  78.5  907s
  4566  3242  612.54258  904  196 1081.70380   15.03057  98.6%  77.9  910s
  4717  3393  666.74852  979  186 1081.70380   15.03057  98.6%  75.5  915s
  4837  3513  706.40157 1039  173 1081.70380   15.03057  98.6%  73.9  920s
H 4852  3506                    1057.2374185   15.03057  98.6%  73.7  920s
H 4852  3506                    1054.7017285   15.03057  98.6%  73.7  920s
H 4852  3506                    1054.6485278   15.03057  98.6%  73.7  920s
H 4924  3578                    1054.5785569   15.03057  98.6%  72.7  924s
H 4924  3576                    1048.4241787   15.03057  98.6%  72.7  924s
H 4924  3576                    1048.4090603   15.03057  98.6%  72.7  924s
  4924  3578  795.43040 1083  173 1048.40906   15.03057  98.6%  72.7  926s
H 4925  3571                    1032.8937928   15.03057  98.5%  72.7  926s
H 4925  3545                    1018.6364668   15.03057  98.5%  72.7  927s
H 4925  3543                    1017.0072408   15.03057  98.5%  72.7  928s
H 4925  3543                    1016.6349491   15.03057  98.5%  72.7  928s
H 4925  3541                    1015.6780938   15.03057  98.5%  72.7  929s
H 4925  3541                    1015.5209918   15.03057  98.5%  72.7  930s
H 4925  3541                    1015.4823428   15.03057  98.5%  72.7  930s
H 4925  3519                    1006.1153731   15.03057  98.5%  72.7  930s
  5041  3637  845.71790 1141  162 1006.11537   15.03057  98.5%  71.2  935s
  5178  3774  927.55948 1210  149 1006.11537   15.03057  98.5%  69.4  940s
  5320  3912  993.26657 1281  141 1006.11537   15.03057  98.5%  67.6  945s
  5436  3990   15.55867   15  482 1006.11537   15.55867  98.5%  66.3  951s
  5439  3993   16.86155   17  603 1006.11537   15.85131  98.4%  67.2  957s
  5442  3996   40.49039   18  467 1006.11537   16.86155  98.3%  67.4  960s
  5447  4001   39.30176   21  464 1006.11537   16.86155  98.3%  67.4  965s
  5453  4007   31.16767   24  461 1006.11537   16.86155  98.3%  67.3  970s
  5460  4014   31.18726   27  459 1006.11537   16.86155  98.3%  67.3  975s
  5466  4020   38.94182   30  456 1006.11537   16.86155  98.3%  67.2  980s
  5472  4026   31.87625   33  454 1006.11537   16.86155  98.3%  67.2  985s
  5478  4032   31.97421   36  453 1006.11537   16.86155  98.3%  67.1  990s
  5484  4038   32.04600   39  452 1006.11537   16.86155  98.3%  67.0  995s
  5490  4044   31.34844   42  450 1006.11537   16.86155  98.3%  67.0 1000s
H 5491  4043                    1006.1153692   16.86155  98.3%  67.0 1000s
H 5491  4043                    1005.9902790   16.86155  98.3%  67.0 1002s
  5492  4046   31.36278   43  449 1005.99028   16.86155  98.3%  67.0 1005s
  5498  4052   31.40579   46  447 1005.99028   16.86155  98.3%  66.9 1010s
  5504  4058   35.03247   49  436 1005.99028   16.86155  98.3%  67.0 1015s
  5522  4076   42.62394   58  536 1005.99028   16.86155  98.3%  67.5 1020s
H 5527  4079                    1005.9893558   16.86155  98.3%  67.6 1021s
H 5527  4079                    1005.9891778   16.86155  98.3%  67.6 1021s
H 5527  4079                    1005.9691918   16.86155  98.3%  67.6 1021s
  5567  4121   45.91189   81  400 1005.96919   16.86155  98.3%  67.7 1025s
  5608  4162   72.04625  101  398 1005.96919   16.86155  98.3%  68.2 1030s
  5621  4175   46.01168  108  403 1005.96919   16.86155  98.3%  69.2 1035s
  5632  4186   99.79184  113  398 1005.96919   16.86155  98.3%  69.9 1040s
H 5633  4185                    1005.9603600   16.86155  98.3%  69.9 1040s
H 5633  4185                    1005.9603021   16.86155  98.3%  69.9 1044s
H 5633  4185                    1005.8806589   16.86155  98.3%  69.9 1044s
H 5633  4005                     973.7481087   16.86155  98.3%  69.9 1044s
  5633  4007   46.02744  114  408  973.74811   16.86155  98.3%  70.0 1045s
  5647  4021   46.03891  121  401  973.74811   16.86155  98.3%  70.8 1050s
  5662  4036  130.92686  128  398  973.74811   16.86155  98.3%  71.5 1055s
  5730  4104   65.42239  162  368  973.74811   16.86155  98.3%  71.3 1060s
  5827  4201   98.00536  211  328  973.74811   16.86155  98.3%  70.5 1065s
  5907  4281   96.25031  251  289  973.74811   16.86155  98.3%  69.8 1071s
  5985  4359   97.98020  290  258  973.74811   16.86155  98.3%  69.0 1075s
  6040  4414  139.88769  317  237  973.74811   16.86155  98.3%  69.0 1080s
  6174  4548  251.16464  384  226  973.74811   16.86155  98.3%  68.1 1085s
  6301  4675  590.16925  448  245  973.74811   16.86155  98.3%  67.0 1090s
  6409  4783  835.41255  502  259  973.74811   16.86155  98.3%  65.9 1095s
  6526  4824  967.47779  525  260  973.74811   16.86155  98.3%  64.8 1100s
  6607  4873   20.49092   45  383  973.74811   16.86155  98.3%  64.4 1105s
  6710  4976   56.96462   97  391  973.74811   16.86155  98.3%  64.3 1110s
  6795  5061   57.52607  139  382  973.74811   16.86155  98.3%  64.7 1117s
  6858  5124   57.85674  171  350  973.74811   16.86155  98.3%  65.0 1120s
  6931  5197   71.85778  207  317  973.74811   16.86155  98.3%  65.1 1125s
  6988  5254   82.91255  236  339  973.74811   16.86155  98.3%  66.7 1130s
  7018  5284   87.31888  251  370  973.74811   16.86155  98.3%  68.6 1135s
  7032  5298   89.56409  258  348  973.74811   16.86155  98.3%  69.2 1141s
  7045  5311  160.46419  264  336  973.74811   16.86155  98.3%  69.7 1145s
  7057  5323  169.36352  270  336  973.74811   16.86155  98.3%  69.8 1150s
  7218  5484  341.76610  351  331  973.74811   16.86155  98.3%  68.8 1155s
  7386  5652  348.84675  435  287  973.74811   16.86155  98.3%  67.3 1160s
  7546  5812  377.70488  515  290  973.74811   16.86155  98.3%  66.0 1165s
  7687  5953  420.82684  585  291  973.74811   16.86155  98.3%  65.2 1170s
  7840  6106  452.93368  662  280  973.74811   16.86155  98.3%  64.1 1175s
  7984  6250  458.28126  734  257  973.74811   16.86155  98.3%  63.0 1180s
  8092  6358  460.11074  788  239  973.74811   16.86155  98.3%  62.2 1185s
  8262  6528  471.74258  873  230  973.74811   16.86155  98.3%  61.0 1190s
  8410  6676  496.57024  947  210  973.74811   16.86155  98.3%  59.9 1195s
  8578  6844  612.08140 1031  206  973.74811   16.86155  98.3%  58.8 1200s
  8658  6924  665.32029 1071  196  973.74811   16.86155  98.3%  58.3 1205s
  8821  7087  700.81138 1152  190  973.74811   16.86155  98.3%  57.2 1210s
  8956  7222  783.92349 1220  187  973.74811   16.86155  98.3%  56.4 1215s
  9064  7330  806.98194 1274  189  973.74811   16.86155  98.3%  55.8 1220s
  9228  7494  828.21404 1356  170  973.74811   16.86155  98.3%  54.8 1225s
  9381  7647  864.24140 1432  172  973.74811   16.86155  98.3%  54.0 1230s
H 9550  7810                     971.5255858   16.86155  98.3%  53.1 1234s
H 9550  7806                     967.5519494   16.86155  98.3%  53.1 1234s
H 9550  7806                     967.5383257   16.86155  98.3%  53.1 1234s
H 9550  7806                     967.5361901   16.86155  98.3%  53.1 1234s
H 9550  7804                     967.0424061   16.86155  98.3%  53.1 1234s
H 9550  7804                     966.9588508   16.86155  98.3%  53.1 1234s
  9574  7830  901.94246 1529  168  966.95885   16.86155  98.3%  52.9 1235s
H 9577  7813                     963.5830110   16.86155  98.3%  52.9 1235s
H 9577  7789                     959.6093747   16.86155  98.2%  52.9 1235s
H 9577  7789                     959.5957510   16.86155  98.2%  52.9 1235s
H 9577  7785                     954.5577337   16.86155  98.2%  52.9 1235s
H 9577  7785                     954.5576772   16.86155  98.2%  52.9 1235s
H 9577  7781                     949.8624528   16.86155  98.2%  52.9 1235s
H 9577  7775                     948.6834135   16.86155  98.2%  52.9 1235s
H 9577  7775                     948.6833860   16.86155  98.2%  52.9 1235s
H 9577  7765                     943.9640630   16.86155  98.2%  52.9 1235s
H 9577  7763                     943.9171392   16.86155  98.2%  52.9 1235s
H 9685  7869                     942.5304129   16.86155  98.2%  52.4 1238s
H 9685  7869                     942.5214065   16.86155  98.2%  52.4 1238s
H 9685  7857                     937.9868839   16.86155  98.2%  52.4 1238s
H 9685  7857                     937.9331142   16.86155  98.2%  52.4 1238s
  9714  7888  931.27591 1599  176  937.93311   16.86155  98.2%  52.2 1241s
H 9739  7628                     903.0022097   16.86155  98.1%  52.1 1241s
H 9739  7620                     900.3579012   16.86155  98.1%  52.1 1241s
H 9739  7620                     899.4497771   16.86155  98.1%  52.1 1241s
H 9739  7620                     899.4135083   16.86155  98.1%  52.1 1241s
H 9739  7618                     898.5557533   16.86155  98.1%  52.1 1241s
H 9739  7618                     897.8340911   16.86155  98.1%  52.1 1241s
H 9739  7618                     897.2244636   16.86155  98.1%  52.1 1242s
H 9739  7618                     897.0038066   16.86155  98.1%  52.1 1242s
H 9739  7618                     896.4763442   16.86155  98.1%  52.1 1242s
H 9739  7618                     895.5627941   16.86155  98.1%  52.1 1242s
  9799  7662   29.29532   43  380  895.56279   16.86303  98.1%  52.5 1245s
H 9839  7700                     895.4181066   16.86303  98.1%  53.0 1246s
H 9839  7614                     880.8588566   16.86303  98.1%  53.0 1248s
H 9839  7610                     879.7356432   16.86303  98.1%  53.0 1249s
H 9839  7610                     879.7077103   16.86303  98.1%  53.0 1249s
H 9839  7605                     879.2314212   16.86303  98.1%  53.0 1250s
H 9877  7643                     879.2314094   16.86303  98.1%  54.1 1253s
H 9877  7643                     879.2074633   16.86303  98.1%  54.1 1253s
  9901  7669   71.41475   94  461  879.20746   16.86303  98.1%  55.1 1255s
H 9929  7430                     856.1327649   16.86303  98.0%  55.4 1259s
  9929  7432   56.83618  108  451  856.13276   16.86303  98.0%  55.4 1260s
 10009  7512   57.41059  148  491  856.13276   16.86303  98.0%  55.5 1265s
 10057  7560  106.16887  172  388  856.13276   16.86303  98.0%  56.5 1270s
 10087  7590  140.31303  187  376  856.13276   16.86303  98.0%  57.4 1275s
 10171  7674  124.92937  229  359  856.13276   16.86303  98.0%  57.8 1280s
 10203  7705   28.32933   55   81  856.13276   16.86303  98.0%  57.7 1319s
 10205  7706  699.90325 1037  162  856.13276   16.86303  98.0%  57.6 1321s
H10207  7322                     856.0934251   16.86303  98.0%  57.6 1324s
H10207  6956                     844.7499301   16.86303  98.0%  57.6 1324s
H10207  6608                     844.3882219   16.86303  98.0%  57.6 1325s
H10207  6278                     841.9768293   16.86303  98.0%  57.6 1326s
H10207  5964                     821.5112461   16.86303  97.9%  57.6 1326s
 10210  5966  222.51062  187  324  821.51125   16.86303  97.9%  57.6 1330s
 10212  5969   16.86303   27 1202  821.51125   16.86303  97.9%  60.5 1392s
 10213  5970   16.86303   27  402  821.51125   16.86303  97.9%  60.5 1398s
 10214  5970   16.86303   28 1202  821.51125   16.86303  97.9%  60.5 1410s
 10215  5971   19.08940   28  636  821.51125   16.86303  97.9%  60.6 1419s
 10216  5972   16.86303   29  944  821.51125   16.86303  97.9%  60.6 1434s
 10217  5972   16.86303   29 1205  821.51125   16.86303  97.9%  60.6 1443s
 10218  5973   16.86303   30 1206  821.51125   16.86303  97.9%  60.7 1452s
 10219  5974   17.47468   30  948  821.51125   16.86303  97.9%  60.8 1459s
 10220  5974   16.86303   31 1141  821.51125   16.86303  97.9%  60.8 1467s
 10221  5975   35.46669   31  907  821.51125   16.86303  97.9%  60.9 1483s
 10222  5976   18.04271   32 1053  821.51125   16.86303  97.9%  60.9 1489s
 10223  5976   16.86303   32 1142  821.51125   16.86303  97.9%  60.9 1495s
 10224  5977   16.86303   33  878  821.51125   16.86303  97.9%  60.9 1501s
 10225  5978   24.04062   33  792  821.51125   16.86303  97.9%  61.0 1507s
 10226  5978   18.76198   34  860  821.51125   16.86303  97.9%  61.0 1512s
 10227  5979   16.86303   34  877  821.51125   16.86303  97.9%  61.0 1518s
 10228  5980   16.86303   35  876  821.51125   16.86303  97.9%  61.0 1523s
 10229  5980   19.65685   35  855  821.51125   16.86303  97.9%  61.0 1528s
 10230  5981   20.53261   36  850  821.51125   16.86303  97.9%  61.0 1533s
 10231  5982   17.71768   36  875  821.51125   16.86303  97.9%  61.0 1538s
 10232  5982   18.87943   37  874  821.51125   16.86303  97.9%  61.0 1543s
 10233  5983   21.42732   37  845  821.51125   16.86303  97.9%  61.0 1548s
 10234  5984   22.04190   38  841  821.51125   16.86303  97.9%  61.0 1553s
 10235  5984   20.03294   38  873  821.51125   16.86303  97.9%  61.0 1558s
 10236  5985   21.48980   39  872  821.51125   16.86303  97.9%  61.0 1563s
 10237  5986   22.66450   39  837  821.51125   16.86303  97.9%  61.0 1568s
 10238  5986   23.42118   40  832  821.51125   16.86303  97.9%  61.1 1574s
 10239  5987   22.44090   40  871  821.51125   16.86303  97.9%  61.1 1579s
 10240  5988   23.63265   41  870  821.51125   16.86303  97.9%  61.1 1585s
 10242  5989   24.55755   42  826  821.51125   16.86303  97.9%  61.1 1594s
 10243  5990   24.42837   42  869  821.51125   16.86303  97.9%  61.1 1599s
 10244  5990   24.42852   43  868  821.51125   16.86303  97.9%  61.1 1605s
 10246  5992   25.00715   44  822  821.51125   16.86303  97.9%  61.2 1614s
 10247  5992   25.70113   44  834  821.51125   16.86303  97.9%  61.2 1619s
 10248  5993   25.03262   45  817  821.51125   16.86303  97.9%  61.2 1624s
 10249  5994   27.12704   45  790  821.51125   16.86303  97.9%  61.2 1629s
 10250  5994   27.13268   46  853  821.51125   16.86303  97.9%  61.2 1636s
 10251  5995   27.16262   46  741  821.51125   16.86303  97.9%  61.3 1645s
 10252  5996   27.16918   47  740  821.51125   16.86303  97.9%  61.3 1651s
 10253  5996   36.56762   47  739  821.51125   16.86303  97.9%  61.4 1656s
 10254  5997   28.12768   48  749  821.51125   16.86303  97.9%  61.5 1660s
 10255  5998   27.17496   48  739  821.51125   16.86303  97.9%  61.5 1666s
 10256  5998   27.17898   49  738  821.51125   16.86303  97.9%  61.5 1672s
 10257  5999   27.97765   49  741  821.51125   16.86303  97.9%  61.6 1676s
 10258  6000   27.18420   50  737  821.51125   16.86303  97.9%  61.6 1681s
 10259  6000   28.15192   50  737  821.51125   16.86303  97.9%  61.7 1685s
 10261  6002   27.18710   51  736  821.51125   16.86303  97.9%  61.8 1695s
 10263  6003   27.18999   52  735  821.51125   16.86303  97.9%  61.8 1705s
 10265  6004   27.19349   53  734  821.51125   16.86303  97.9%  61.9 1715s
 10267  6006   27.19553   54  733  821.51125   16.86303  97.9%  62.0 1725s
 10268  6006   28.51479   55  736  821.51125   16.86303  97.9%  62.2 1731s
 10270  6008   28.56429   56  736  821.51125   16.86303  97.9%  62.4 1739s
 10271  6008   28.78167   56  737  821.51125   16.86303  97.9%  62.4 1744s
 10272  6009   28.60843   57  736  821.51125   16.86303  97.9%  62.4 1748s
 10273  6010   28.73298   57  737  821.51125   16.86303  97.9%  62.4 1753s
 10274  6010   28.64311   58  734  821.51125   16.86303  97.9%  62.4 1757s
 10275  6011   28.71001   58  734  821.51125   16.86303  97.9%  62.3 1762s
 10276  6012   28.66800   59  729  821.51125   16.86303  97.9%  62.4 1766s
 10277  6012   29.02769   59  729  821.51125   16.86303  97.9%  62.4 1771s
 10278  6013   28.67669   60  723  821.51125   16.86303  97.9%  62.4 1775s
 10280  6014   30.09341   61  728  821.51125   16.86303  97.9%  62.5 1783s
 10281  6015   63.66758   61  622  821.51125   16.86303  97.9%  62.5 1785s
 10283  6016   30.53978   62  711  821.51125   16.86303  97.9%  62.8 1792s
 10285  6018   30.54022   63  708  821.51125   16.86303  97.9%  62.8 1797s
 10286  6018   30.55630   64  707  821.51125   16.86303  97.9%  62.8 1800s
 10288  6020   30.56260   65  791  821.51125   16.86303  97.9%  62.8 1806s
 10289  6020   43.78518   65  653  821.51125   16.86303  97.9%  62.8 1811s
 10291  6022   30.95937   66  791  821.51125   16.86303  97.9%  62.8 1816s
 10293  6023   43.83984   67  721  821.51125   16.86303  97.9%  62.8 1821s
 10295  6024   30.87924   68  614  821.51125   16.86303  97.9%  62.8 1825s
 10298  6026   31.03480   70  531  821.51125   16.86303  97.9%  62.9 1831s
 10300  6028   31.25563   71  611  821.51125   16.86303  97.9%  63.2 1841s
 10302  6029   31.82626   72  643  821.51125   16.86303  97.9%  63.4 1845s
 10303  6030   49.55200   72  594  821.51125   16.86303  97.9%  63.4 1850s
 10305  6031   54.57739   73  506  821.51125   16.86303  97.9%  63.6 1855s
 10306  6032   32.30762   74  597  821.51125   16.86303  97.9%  64.0 1864s
 10307  6032   55.52852   74  449  821.51125   16.86303  97.9%  64.0 1865s
 10308  6033   32.67336   75  587  821.51125   16.86303  97.9%  64.3 1872s
 10310  6034   32.78828   76  788  821.51125   16.86303  97.9%  64.6 1875s
 10313  6036   62.72733   77  545  821.51125   16.86303  97.9%  64.6 1880s
 10316  6038   32.79199   79  781  821.51125   16.86303  97.9%  64.6 1885s
 10318  6040   33.72292   80  615  821.51125   16.86303  97.9%  64.7 1894s
 10319  6040   62.75029   80  549  821.51125   16.86303  97.9%  64.7 1895s
 10320  6041   33.95156   81  615  821.51125   16.86303  97.9%  64.8 1904s
 10321  6042   70.82581   81  581  821.51125   16.86303  97.9%  64.8 1906s
 10323  6043   72.80802   82  553  821.51125   16.86303  97.9%  65.1 1910s
 10326  6045   34.29274   84  541  821.51125   16.86303  97.9%  65.1 1916s
 10328  6046   34.31154   85  436  821.51125   16.86303  97.9%  65.1 1920s
 10330  6048   34.31260   86  519  821.51125   16.86303  97.9%  65.1 1926s
 10334  6050   35.21835   88  514  821.51125   16.86303  97.9%  65.4 1934s
 10336  6052   35.22235   89  511  821.51125   16.86303  97.9%  65.4 1936s
 10338  6053   35.32474   90  464  821.51125   16.86303  97.9%  65.5 1942s
 10340  6054   35.32838   91  567  821.51125   16.86303  97.9%  65.8 1948s
H10341  5754                     820.7114418   16.86303  97.9%  65.7 1949s
H10341  5471                     810.1600862   16.86303  97.9%  65.7 1950s
H10341  5201                     809.9096751   16.86303  97.9%  65.7 1953s
 10341  5203   80.61487   91  396  809.90968   16.86303  97.9%  65.8 1957s
 10342  5204   35.33511   92  547  809.90968   16.86303  97.9%  65.8 1962s
 10344  5205   35.37407   93  551  809.90968   16.86303  97.9%  65.8 1965s
H10346  4948                     809.0356217   16.86303  97.9%  65.7 1969s
H10346  4705                     809.0335552   16.86303  97.9%  65.7 1969s
H10346  4474                     808.7447443   16.86303  97.9%  65.7 1969s
H10346  4255                     808.6884615   16.86303  97.9%  65.7 1969s
 10346  4257   35.48824   94  442  808.68846   16.86303  97.9%  66.1 1973s
 10348  4259   35.50199   95  411  808.68846   16.86303  97.9%  66.3 1977s
 10349  4259   81.63965   95  401  808.68846   16.86303  97.9%  66.3 1980s
 10352  4261   35.86299   97  421  808.68846   16.86303  97.9%  66.5 1990s
 10354  4263   36.93644   98  434  808.68846   16.86303  97.9%  66.7 1998s
 10356  4264   37.51195   99  436  808.68846   16.86303  97.9%  67.0 2007s
 10358  4265   37.53729  100  436  808.68846   16.86303  97.9%  67.0 2011s
 10360  4267   37.55042  101  418  808.68846   16.86303  97.9%  67.2 2020s
 10362  4268   37.66582  102  420  808.68846   16.86303  97.9%  67.5 2030s
 10364  4269   38.01901  103  426  808.68846   16.86303  97.9%  67.7 2039s
 10365  4270   99.87469  103  394  808.68846   16.86303  97.9%  67.7 2040s
 10366  4271   38.25030  104  492  808.68846   16.86303  97.9%  68.0 2051s
H10367  4061                     786.2723853   16.86303  97.9%  68.0 2053s
H10367  3863                     786.2240765   16.86303  97.9%  68.0 2053s
 10367  3865  102.83634  104  406  786.22408   16.86303  97.9%  68.0 2057s
 10368  3866   46.23449  105  492  786.22408   16.86303  97.9%  68.0 2060s
 10369  3867   71.19276  105  416  786.22408   16.86303  97.9%  68.0 2065s
 10372  3869   53.58297  107  432  786.22408   16.86303  97.9%  68.3 2072s
 10374  3870   53.61251  108  412  786.22408   16.86303  97.9%  68.5 2081s
 10378  3873   53.63530  110  412  786.22408   16.86303  97.9%  68.5 2086s
 10380  3874   53.64381  111  416  786.22408   16.86303  97.9%  68.7 2095s
 10382  3875   54.56772  112  420  786.22408   16.86303  97.9%  68.8 2104s
 10383  3876  106.82023  112  401  786.22408   16.86303  97.9%  68.8 2105s
 10384  3877   54.95672  113  409  786.22408   16.86303  97.9%  68.9 2112s
 10386  3878   54.98588  114  412  786.22408   16.86303  97.9%  68.9 2116s
 10388  3879   55.00091  115  408  786.22408   16.86303  97.9%  68.9 2120s
 10390  3881   55.23378  116  491  786.22408   16.86303  97.9%  69.2 2130s
 10392  3882   55.59365  117  487  786.22408   16.86303  97.9%  69.3 2138s
H10393  3692                     786.0807009   16.86303  97.9%  69.3 2138s
H10393  3514                     785.9168116   16.86303  97.9%  69.3 2139s
H10393  3344                     785.5186896   16.86303  97.9%  69.3 2141s
H10393  3183                     782.4961328   16.86303  97.8%  69.3 2141s
H10393  3029                     781.9800406   16.86303  97.8%  69.3 2143s
H10393  2884                     769.8076206   16.86303  97.8%  69.3 2143s
 10393  2886  111.82951  117  397  769.80762   16.86303  97.8%  69.3 2146s
 10394  2886   55.84817  118  425  769.80762   16.86303  97.8%  69.4 2151s
 10396  2888   56.22652  119  422  769.80762   16.86303  97.8%  69.5 2160s
 10398  2889   57.04675  120  426  769.80762   16.86303  97.8%  69.6 2169s
 10399  2890  114.98982  120  404  769.80762   16.86303  97.8%  69.6 2170s
 10400  2890   57.45234  121  424  769.80762   16.86303  97.8%  69.7 2178s
 10401  2891  117.65796  121  393  769.80762   16.86303  97.8%  69.7 2180s
 10403  2892  118.93660  122  398  769.80762   16.86303  97.8%  69.8 2186s
 10426  2908  119.14081  134  397  769.80762   16.86303  97.8%  69.6 2190s
H10481  2804                     764.5942101   16.86303  97.8%  69.4 2192s
H10481  2672                     764.4328595   16.86303  97.8%  69.4 2192s
H10481  2548                     764.4286772   16.86303  97.8%  69.4 2193s
H10481  2429                     757.7897339   16.86303  97.8%  69.4 2193s
H10481  2316                     756.2305419   16.86303  97.8%  69.4 2193s
 10497  2329  155.29401  169  392  756.23054   16.86303  97.8%  69.3 2196s
 10549  2364  156.30433  195  385  756.23054   16.86303  97.8%  69.1 2202s
 10575  2381  275.37184  208  358  756.23054   16.86303  97.8%  68.9 2207s
H10601  2289                     753.5289144   16.86303  97.8%  68.8 2208s
H10601  2188                     748.8115046   16.86303  97.7%  68.8 2209s
H10601  2091                     748.8051842   16.86303  97.7%  68.8 2209s
H10601  1999                     735.1486537   16.86303  97.7%  68.8 2209s
 10601  2001  275.38834  221  349  735.14865   16.86303  97.7%  68.8 2211s
 10643  2029  296.25531  242  344  735.14865   16.86303  97.7%  68.5 2215s
 10769  2113  332.28885  305  321  735.14865   16.86303  97.7%  67.8 2220s
 10851  2168  436.99470  346  313  735.14865   16.86303  97.7%  67.3 2225s
 10967  2245  504.50457  404  300  735.14865   16.86303  97.7%  66.6 2230s
 11075  2317  589.14657  458  294  735.14865   16.86303  97.7%  66.0 2235s
 11190  2394  635.19870  516  290  735.14865   16.86303  97.7%  65.4 2240s
 11323  2483  677.78023  582  285  735.14865   16.86303  97.7%  64.7 2245s
 11396  2507   16.86303   28  482  735.14865   16.86303  97.7%  64.3 2251s
 11397  2508   16.86303   29  402  735.14865   16.86303  97.7%  64.4 2255s
 11399  2509   25.80628   30  401  735.14865   16.86303  97.7%  64.6 2260s
 11402  2511   29.19759   31  400  735.14865   16.86303  97.7%  65.2 2265s
 11405  2513   16.86303   33  399  735.14865   16.86303  97.7%  65.2 2270s
 11409  2516   16.86303   35  397  735.14865   16.86303  97.7%  65.4 2275s
 11413  2519   30.52302   37  805  735.14865   16.86303  97.7%  65.6 2280s
 11419  2523   32.22694   40  582  735.14865   16.86303  97.7%  65.8 2285s
 11424  2526   59.85219   42  653  735.14865   16.86303  97.7%  66.4 2290s
 11431  2531   37.77226   46  577  735.14865   16.86303  97.7%  66.9 2295s
 11442  2538   38.76012   51  586  735.14865   16.86303  97.7%  67.1 2300s
 11450  2543   38.83993   55  681  735.14865   16.86303  97.7%  67.2 2307s
 11453  2545   38.84106   57  667  735.14865   16.86303  97.7%  67.2 2310s
 11464  2553   40.15313   62  669  735.14865   16.86303  97.7%  67.3 2315s
 11470  2557   40.33454   65  692  735.14865   16.86303  97.7%  67.8 2320s
 11476  2561   41.12430   68  685  735.14865   16.86303  97.7%  67.8 2325s
 11483  2565   40.63709   72  508  735.14865   16.86303  97.7%  69.0 2331s
 11488  2569   53.11645   74  624  735.14865   16.86303  97.7%  69.1 2335s
 11493  2572   42.37647   77  504  735.14865   16.86303  97.7%  69.3 2340s
H11502  2489                     735.1359630   16.86303  97.7%  69.4 2346s
H11502  2406                     734.5442404   16.86303  97.7%  69.4 2347s
 11506  2411   43.02721   83  498  734.54424   16.86303  97.7%  69.4 2350s
 11518  2419   54.50052   89  557  734.54424   16.86303  97.7%  69.6 2356s
 11528  2425   47.31812   94  501  734.54424   16.86303  97.7%  69.9 2360s
 11539  2433   48.95398  100  522  734.54424   16.86303  97.7%  70.1 2365s
 11550  2440   84.35971  105  403  734.54424   16.86303  97.7%  70.3 2370s
H11561  2367                     734.5354916   16.86303  97.7%  70.2 2374s
H11561  2292                     734.5354890   16.86303  97.7%  70.2 2374s
H11561  2221                     734.5354862   16.86303  97.7%  70.2 2374s
H11561  2154                     734.5354843   16.86303  97.7%  70.2 2374s
H11561  2090                     733.6771923   16.86303  97.7%  70.2 2374s
 11561  2092   49.40947  111  443  733.67719   16.86303  97.7%  70.2 2375s
 11570  2098   85.20819  115  405  733.67719   16.86303  97.7%  70.4 2380s
 11577  2103   50.58131  119  451  733.67719   16.86303  97.7%  71.1 2386s
 11584  2108  107.96606  122  409  733.67719   16.86303  97.7%  71.6 2390s
 11590  2112  112.23900  125  414  733.67719   16.86303  97.7%  72.1 2395s
H11597  2053                     732.9163724   16.86303  97.7%  72.3 2399s
H11597  1995                     727.4795893   16.86303  97.7%  72.3 2400s
 11605  2003   51.70544  133  427  727.47959   16.86303  97.7%  72.5 2405s
 11611  2007   51.79426  136  518  727.47959   16.86303  97.7%  73.0 2410s
 11619  2012   51.89729  140  414  727.47959   16.86303  97.7%  73.4 2415s
 11647  2031  161.43988  154  401  727.47959   16.86303  97.7%  73.7 2420s
 11746  2097  209.63362  203  389  727.47959   16.86303  97.7%  73.4 2425s
H11805  2079                     727.0409361   16.86303  97.7%  73.0 2428s
H11805  2017                     714.4251432   16.86303  97.6%  73.0 2429s
H11805  1955                     703.8938385   16.86303  97.6%  73.0 2429s
 11805  1957  209.75601  233  365  703.89384   16.86303  97.6%  73.0 2430s
 11904  2023  295.76394  282  340  703.89384   16.86303  97.6%  72.6 2435s
 11993  2082  295.94185  327  323  703.89384   16.86303  97.6%  72.1 2440s
 12101  2154  297.70822  381  287  703.89384   16.86303  97.6%  71.5 2445s
 12226  2238  337.13243  443  287  703.89384   16.86303  97.6%  70.9 2450s
 12340  2314  428.89198  500  296  703.89384   16.86303  97.6%  70.3 2455s
 12464  2396  469.00680  562  298  703.89384   16.86303  97.6%  69.7 2460s
 12593  2482  499.53411  627  308  703.89384   16.86303  97.6%  69.0 2465s
 12722  2568  630.62548  691  306  703.89384   16.86303  97.6%  68.4 2470s
H12788  2563                     703.8040003   16.86303  97.6%  68.0 2474s
 12788  2565  661.62620  724  307  703.80400   16.86303  97.6%  68.0 2476s
 12866  2615  694.39558  763  309  703.80400   16.86303  97.6%  67.7 2480s
H12944  2633                     703.7158835   16.86303  97.6%  67.3 2485s
H12944  2633                     703.6477388   16.86303  97.6%  67.3 2485s
H12944  2631                     702.0849710   16.86303  97.6%  67.3 2486s
 12946  2635   20.63050   30  413  702.08497   16.86303  97.6%  67.4 2490s
 12961  2650   36.38513   37  487  702.08497   16.86303  97.6%  68.5 2495s
 12966  2655   46.26721   40  462  702.08497   16.86303  97.6%  69.0 2500s
 12972  2661   24.25015   43  466  702.08497   16.86303  97.6%  69.5 2505s
 12992  2681   25.32016   53  439  702.08497   16.86303  97.6%  70.0 2510s
 13010  2699   27.01672   62  430  702.08497   16.86303  97.6%  71.5 2515s
 13029  2718   27.80253   71  418  702.08497   16.86303  97.6%  72.3 2520s
 13081  2770  107.55445   97  402  702.08497   16.86303  97.6%  72.5 2525s
 13183  2872  187.57447  148  376  702.08497   16.86303  97.6%  72.4 2530s
 13291  2980  223.39544  202  341  702.08497   16.86303  97.6%  71.9 2535s
 13399  3088  243.59072  256  297  702.08497   16.86303  97.6%  71.4 2540s
 13507  3196  298.76599  310  281  702.08497   16.86303  97.6%  71.0 2545s
 13666  3355  501.75445  390  251  702.08497   16.86303  97.6%  70.3 2550s
H13771  3446                     702.0526648   16.86303  97.6%  69.8 2554s
H13771  3446                     701.7745006   16.86303  97.6%  69.8 2555s
H13805  3436                     696.3082935   16.86303  97.6%  69.6 2559s
H13805  3436                     696.2224743   16.86303  97.6%  69.6 2559s
H13805  3428                     694.5060672   16.86303  97.6%  69.6 2559s
H13805  3428                     694.5020249   16.86303  97.6%  69.6 2560s
H13818  3429                     694.5007998   16.86303  97.6%  69.8 2563s
H13818  3405                     690.4970310   16.86303  97.6%  69.8 2565s
H13818  3337                     678.7972177   16.86303  97.5%  69.8 2567s
 13826  3347   18.74103   37  419  678.79722   16.86303  97.5%  70.9 2570s
 13859  3380   33.08244   54  542  678.79722   16.86303  97.5%  72.0 2575s
 13876  3397   45.66676   62  458  678.79722   16.86303  97.5%  73.0 2580s
 13913  3434   46.27019   81  585  678.79722   16.86303  97.5%  73.3 2585s
 13936  3457   88.62725   92  443  678.79722   16.86303  97.5%  74.4 2590s
 13963  3484   53.17750  106  400  678.79722   16.86303  97.5%  75.3 2595s
 13985  3506   56.37214  117  476  678.79722   16.86303  97.5%  76.5 2600s
 14075  3596  160.30133  162  390  678.79722   16.86303  97.5%  76.5 2605s
 14150  3671  160.55116  199  372  678.79722   16.86303  97.5%  76.1 2610s
 14264  3785  160.84210  256  350  678.79722   16.86303  97.5%  75.6 2615s
 14363  3884  161.10473  306  320  678.79722   16.86303  97.5%  75.2 2620s
 14457  3978  185.67004  353  300  678.79722   16.86303  97.5%  75.0 2625s
 14561  4082  301.96751  405  302  678.79722   16.86303  97.5%  74.6 2630s
 14678  4199  314.82525  463  299  678.79722   16.86303  97.5%  74.1 2635s
 14754  4275  336.68485  501  295  678.79722   16.86303  97.5%  73.9 2643s
 14804  4325  345.08628  526  295  678.79722   16.86303  97.5%  73.7 2645s
 14901  4422  366.57661  575  297  678.79722   16.86303  97.5%  73.3 2650s
 14995  4516  387.44966  622  285  678.79722   16.86303  97.5%  72.9 2655s
 15126  4647  400.93825  687  291  678.79722   16.86303  97.5%  72.4 2660s
 15232  4753  411.70359  740  287  678.79722   16.86303  97.5%  71.9 2665s
 15337  4858  442.38968  793  259  678.79722   16.86303  97.5%  71.5 2670s
 15373  4894  456.75563  811  247  678.79722   16.86303  97.5%  71.3 2675s
 15462  4983  525.41641  855  231  678.79722   16.86303  97.5%  70.9 2680s
 15587  5108  550.45687  918  224  678.79722   16.86303  97.5%  70.4 2685s
 15695  5216  591.33753  972  221  678.79722   16.86303  97.5%  69.9 2690s
 15737  5258  595.85385  993  222  678.79722   16.86303  97.5%  69.7 2696s
 15818  5339  601.79371 1033  225  678.79722   16.86303  97.5%  69.4 2700s
 15915  5436  610.85335 1082  232  678.79722   16.86303  97.5%  69.0 2705s
 16003  5512  670.27779 1121  235  678.79722   16.86303  97.5%  68.6 2710s
 16038  5509   18.29753   31  401  678.79722   16.86303  97.5%  69.0 2716s
 16042  5513   18.29760   33  399  678.79722   16.86303  97.5%  69.4 2721s
 16046  5517   18.29766   35  397  678.79722   16.86303  97.5%  69.4 2725s
 16052  5523   18.29773   38  394  678.79722   16.86303  97.5%  69.4 2731s
 16056  5527   18.29777   40  392  678.79722   16.86303  97.5%  69.5 2735s
 16061  5532   29.34772   42  402  678.79722   16.86303  97.5%  69.6 2740s
 16082  5553   31.32004   53  397  678.79722   16.86303  97.5%  69.6 2745s
 16115  5586   41.83242   69  450  678.79722   16.86303  97.5%  69.6 2750s
 16186  5657   52.74485  105  556  678.79722   16.86303  97.5%  70.5 2755s
 16206  5677   60.70163  115  485  678.79722   16.86303  97.5%  71.5 2760s
 16235  5706  126.17495  129  380  678.79722   16.86303  97.5%  72.7 2765s
 16300  5771  134.58039  162  389  678.79722   16.86303  97.5%  72.9 2770s
 16424  5895  227.09386  224  333  678.79722   16.86303  97.5%  72.6 2775s
 16530  6001  228.23366  277  304  678.79722   16.86303  97.5%  72.2 2780s
 16646  6117  256.41504  335  290  678.79722   16.86303  97.5%  71.7 2785s
 16718  6189  321.85884  371  274  678.79722   16.86303  97.5%  71.4 2790s
H16720  6039                     660.4266999   16.86303  97.4%  71.4 2793s
 16721  6042  335.39781  372  274  660.42670   16.86303  97.4%  71.4 2795s
 16850  6171  372.54626  437  262  660.42670   16.86303  97.4%  71.0 2800s
 16955  6276  426.47053  489  268  660.42670   16.86303  97.4%  70.6 2805s
 17077  6398  515.20173  550  252  660.42670   16.86303  97.4%  70.1 2810s
 17202  6523  540.33634  613  233  660.42670   16.86303  97.4%  69.6 2815s
 17337  6658  624.46160  680  216  660.42670   16.86303  97.4%  69.0 2820s
 17423  6731  659.58619  723  223  660.42670   16.86303  97.4%  68.7 2825s
 17472  6758   19.49265   47  804  660.42670   16.86303  97.4%  69.4 2830s
 17521  6807   34.87571   72  551  660.42670   16.86303  97.4%  70.2 2835s
 17551  6837   25.32965   87  580  660.42670   16.86303  97.4%  71.3 2840s
H17567  6845                     660.0625309   16.86303  97.4%  72.0 2845s
H17567  6798                     655.3281417   16.86303  97.4%  72.0 2846s
 17589  6822   45.70818  106  414  655.32814   16.86303  97.4%  72.9 2850s
 17666  6899  111.21178  144  398  655.32814   16.86303  97.4%  73.3 2855s
H17703  6934                     655.3281396   16.86303  97.4%  73.2 2860s
H17703  6896                     647.8616745   16.86303  97.4%  73.2 2862s
 17703  6898  111.19719  163  402  647.86167   16.86303  97.4%  73.2 2865s
 17819  7014  126.08173  221  401  647.86167   16.86303  97.4%  72.9 2870s
 17936  7131  218.13811  279  371  647.86167   16.86303  97.4%  72.6 2875s
 18042  7237  218.62698  332  336  647.86167   16.86303  97.4%  72.3 2880s
 18146  7341  271.74145  384  322  647.86167   16.86303  97.4%  71.9 2885s
 18262  7457  274.60554  442  290  647.86167   16.86303  97.4%  71.5 2890s
 18392  7587  286.71940  507  277  647.86167   16.86303  97.4%  71.2 2895s
 18503  7698  305.94727  563  274  647.86167   16.86303  97.4%  71.0 2900s
 18656  7851  376.33780  639  277  647.86167   16.86303  97.4%  70.7 2905s
 18693  7888  360.79845  658  274  647.86167   16.86303  97.4%  70.6 2910s
 18815  8010  399.61437  719  271  647.86167   16.86303  97.4%  70.3 2915s
 19002  8197  449.42408  812  281  647.86167   16.86303  97.4%  69.7 2920s
 19158  8353  529.25769  890  287  647.86167   16.86303  97.4%  69.2 2926s
 19284  8479  587.94524  953  300  647.86167   16.86303  97.4%  68.7 2930s
 19422  8609  642.85293 1022  310  647.86167   16.86303  97.4%  68.3 2935s
 19512  8652   19.02531   36  507  647.86167   17.29552  97.3%  68.5 2940s
 19532  8672   20.73407   46  493  647.86167   17.29552  97.3%  69.4 2945s
 19595  8735   39.33152   78  531  647.86167   17.29552  97.3%  70.8 2950s
 19669  8809   56.13229  115  473  647.86167   17.29552  97.3%  71.4 2958s
 19686  8826   61.10871  123  429  647.86167   17.29552  97.3%  71.4 2960s
 19788  8928   58.37546  174  454  647.86167   17.29552  97.3%  71.8 2965s
 19817  8957   58.38826  189  455  647.86167   17.29552  97.3%  72.3 2970s
 19875  9015   58.41370  218  390  647.86167   17.29552  97.3%  73.0 2975s
 19940  9080  145.18831  250  375  647.86167   17.29552  97.3%  73.7 2980s
 20057  9197  103.06982  309  334  647.86167   17.29552  97.3%  73.6 2985s
 20197  9337  123.79587  379  326  647.86167   17.29552  97.3%  73.2 2990s
H20242  9214                     639.3734525   17.29552  97.3%  73.0 2992s
H20242  9196                     637.5130264   17.29552  97.3%  73.0 2994s
 20256  9212  157.41279  408  291  637.51303   17.29552  97.3%  73.0 2995s
 20401  9357  178.15514  481  258  637.51303   17.29552  97.3%  72.6 3000s
 20568  9524  263.36782  564  271  637.51303   17.29552  97.3%  72.3 3005s
 20652  9608  278.62051  606  275  637.51303   17.29552  97.3%  72.2 3011s
 20767  9723  314.58481  664  265  637.51303   17.29552  97.3%  71.8 3015s
 20951  9907  335.69235  756  264  637.51303   17.29552  97.3%  71.2 3020s
 21148 10104  448.28229  854  243  637.51303   17.29552  97.3%  70.6 3025s
 21247 10203  454.89315  904  232  637.51303   17.29552  97.3%  70.2 3030s
 21438 10394  513.21566  999  216  637.51303   17.29552  97.3%  69.6 3035s
H21528 10441                     632.0977449   17.29552  97.3%  69.4 3037s
H21528 10436                     631.2231066   17.29552  97.3%  69.4 3038s
H21528 10436                     631.2227499   17.29552  97.3%  69.4 3038s
 21542 10452  533.07040 1051  203  631.22275   17.29552  97.3%  69.3 3040s
 21772 10682  622.20023 1166  195  631.22275   17.29552  97.3%  68.6 3045s
 21895 10773   40.06099   51  429  631.22275   17.39664  97.2%  69.1 3050s
 21988 10866   77.24877   98  370  631.22275   17.39664  97.2%  69.4 3055s
 22099 10977  119.92889  153  369  631.22275   17.39664  97.2%  70.1 3060s
 22108 10986   88.86919  158  378  631.22275   17.39664  97.2%  71.2 3065s
 22162 11040   88.89919  185  461  631.22275   17.39664  97.2%  71.9 3070s
H22189 11065                     631.0633261   17.39664  97.2%  72.0 3074s
H22189 11063                     630.9047750   17.39664  97.2%  72.0 3074s
H22189 11053                     628.9826305   17.39664  97.2%  72.0 3074s
 22189 11055  169.99283  198  370  628.98263   17.39664  97.2%  72.0 3075s
 22317 11183  170.28999  262  325  628.98263   17.39664  97.2%  71.6 3080s
 22488 11354  171.03597  348  266  628.98263   17.39664  97.2%  71.1 3085s
 22605 11471  196.96663  406  269  628.98263   17.39664  97.2%  70.8 3090s
 22779 11645  272.78689  493  267  628.98263   17.39664  97.2%  70.4 3095s
 22948 11814  308.59576  578  272  628.98263   17.39664  97.2%  70.0 3100s
 23086 11952  387.69446  647  269  628.98263   17.39664  97.2%  69.7 3105s
H23189 12053                     628.9826292   17.39664  97.2%  69.5 3107s
H23189 12053                     628.9825746   17.39664  97.2%  69.5 3107s
H23189 12053                     628.9797092   17.39664  97.2%  69.5 3107s
 23269 12135  454.46675  738  272  628.97971   17.39664  97.2%  69.3 3110s
 23451 12317  477.82123  829  290  628.97971   17.39664  97.2%  68.8 3115s
 23637 12503  511.01955  922  295  628.97971   17.39664  97.2%  68.3 3120s
 23849 12715  579.86323 1028  300  628.97971   17.39664  97.2%  67.7 3125s
 23966 12788     cutoff 1071       628.97971   17.39664  97.2%  67.4 3130s
 24081 12877   58.98759   95  400  628.97971   17.39974  97.2%  68.3 3135s
 24195 12991   66.21617  158  357  628.97971   17.39974  97.2%  68.6 3140s
 24229 13025   66.26050  192  370  628.97971   17.39974  97.2%  69.6 3145s
H24336 13122                     628.6942697   17.39974  97.2%  69.8 3150s
H24336 13115                     627.6323647   17.39974  97.2%  69.8 3151s
H24336 13042                     620.4775142   17.39974  97.2%  69.8 3152s
 24376 13084   95.76353  251  367  620.47751   17.39974  97.2%  70.1 3155s
 24536 13244  181.13854  280  318  620.47751   17.39974  97.2%  69.8 3160s
H24584 13122                     607.8892869   17.39974  97.1%  69.7 3167s
 24594 13134  200.87915  286  316  607.88929   17.39974  97.1%  69.7 3170s
 24778 13318  257.69596  322  318  607.88929   17.39974  97.1%  69.3 3175s
 24965 13505  268.66867  403  260  607.88929   17.39974  97.1%  68.9 3180s
 25165 13705  296.56624  436  262  607.88929   17.39974  97.1%  68.4 3185s
 25354 13894  317.75760  444  263  607.88929   17.39974  97.1%  67.9 3190s
 25553 14093  340.51876  462  256  607.88929   17.39974  97.1%  67.4 3195s
H25584 14122                     607.8892868   17.39974  97.1%  67.3 3195s
H25584 14005                     602.8152504   17.39974  97.1%  67.3 3196s
 25677 14100  389.21149  472  253  602.81525   17.39974  97.1%  67.1 3200s
 25893 14316  447.02433  492  243  602.81525   17.39974  97.1%  66.6 3205s
 26085 14508  467.32561  513  243  602.81525   17.39974  97.1%  66.1 3210s
 26277 14700  495.70440  538  248  602.81525   17.39974  97.1%  65.6 3215s
 26491 14914  513.12551  554  247  602.81525   17.39974  97.1%  65.1 3220s
 26679 15102  564.70600  582  238  602.81525   17.39974  97.1%  64.7 3225s
 26883 15301     cutoff  604       602.81525   17.39974  97.1%  64.2 3230s
 27029 15398   55.26463   91  404  602.81525   17.43328  97.1%  64.2 3235s
 27166 15535   83.70451  149  391  602.81525   17.43328  97.1%  64.9 3240s
H27173 15536                     602.3319863   17.43328  97.1%  64.9 3240s
H27173 15499                     600.2539970   17.43328  97.1%  64.9 3242s
 27196 15524  119.92894  154  387  600.25400   17.43328  97.1%  65.1 3245s
 27285 15613   87.50017  181  402  600.25400   17.43328  97.1%  66.2 3250s
 27438 15766  136.48655  225  379  600.25400   17.43328  97.1%  66.4 3255s
 27565 15893  143.00196  255  420  600.25400   17.43328  97.1%  67.0 3260s
 27650 15978  224.65968  281  375  600.25400   17.43328  97.1%  67.6 3265s
 27820 16148  229.17455  322  416  600.25400   17.43328  97.1%  67.6 3270s
 27959 16287  257.84215  347  371  600.25400   17.43328  97.1%  67.6 3275s
 28135 16463  271.81636  434  309  600.25400   17.43328  97.1%  67.4 3280s
 28260 16588  279.12623  464  293  600.25400   17.43328  97.1%  67.3 3285s
 28457 16785  364.44943  492  315  600.25400   17.43328  97.1%  67.3 3290s
 28516 16844  299.49997  496  368  600.25400   17.43328  97.1%  67.4 3297s
 28597 16925  297.90218  503  375  600.25400   17.43328  97.1%  67.5 3300s
 28767 17095  359.14771  537  271  600.25400   17.43328  97.1%  67.4 3305s
 28985 17313  375.64454  561  266  600.25400   17.43328  97.1%  67.0 3310s
 29165 17493  412.30840  581  262  600.25400   17.43328  97.1%  66.8 3315s
 29300 17628  427.92568  598  256  600.25400   17.43328  97.1%  66.6 3320s
 29502 17830  431.99099  621  254  600.25400   17.43328  97.1%  66.2 3325s
 29712 18040  442.46734  647  255  600.25400   17.43328  97.1%  65.7 3330s
 29921 18249  448.82868  676  253  600.25400   17.43328  97.1%  65.3 3335s
H29947 18000                     591.6020297   17.43328  97.1%  65.2 3336s
H29947 17945                     588.9798783   17.43328  97.0%  65.2 3337s
H29947 17941                     588.7566172   17.43328  97.0%  65.2 3338s
 29987 17983  448.56211  675  255  588.75662   17.43328  97.0%  65.1 3340s
 30190 18186  451.24594  702  253  588.75662   17.43328  97.0%  64.7 3345s
 30396 18392  452.50834  725  255  588.75662   17.43328  97.0%  64.3 3350s
 30596 18592  453.96363  738  261  588.75662   17.43328  97.0%  63.9 3355s
H30617 18565                     586.5228185   17.43328  97.0%  63.8 3355s
 30753 18703  457.10803  754  255  586.52282   17.43328  97.0%  63.6 3360s
 30953 18903  459.85857  770  259  586.52282   17.43328  97.0%  63.2 3365s
 31153 19103  464.70189  782  260  586.52282   17.43328  97.0%  62.9 3370s
 31335 19285  471.22833  795  267  586.52282   17.43328  97.0%  62.5 3375s
 31547 19497  474.08498  823  266  586.52282   17.43328  97.0%  62.1 3380s
H31617 19565                     586.5194784   17.43328  97.0%  62.0 3381s
H31617 19454                     583.7608981   17.43328  97.0%  62.0 3381s
H31617 19454                     583.7608348   17.43328  97.0%  62.0 3382s
 31704 19543  475.40365  827  261  583.76083   17.43328  97.0%  61.8 3385s
 31912 19751  476.90184  848  264  583.76083   17.43328  97.0%  61.4 3390s
 32109 19948  477.68184  864  265  583.76083   17.43328  97.0%  61.1 3395s
 32294 20133  480.18002  876  261  583.76083   17.43328  97.0%  60.7 3400s
H32448 20211                     581.5522198   17.43328  97.0%  60.5 3404s
H32448 20169                     578.0507545   17.43328  97.0%  60.5 3408s
 32448 20171  483.35855  882  264  578.05075   17.43328  97.0%  60.5 3412s
 32538 20261  491.65033  889  264  578.05075   17.43328  97.0%  60.3 3415s
 32711 20434  494.82190  904  266  578.05075   17.43328  97.0%  60.1 3420s
 32914 20637  500.61173  923  266  578.05075   17.43328  97.0%  59.7 3425s
 33116 20839  504.96209  942  267  578.05075   17.43328  97.0%  59.4 3430s
H33148 20653                     564.5070457   17.43328  96.9%  59.3 3434s
 33148 20655  507.22054  943  265  564.50705   17.43328  96.9%  59.3 3436s
 33281 20788  505.55349  956  269  564.50705   17.43328  96.9%  59.1 3440s
 33479 20986  506.63579  979  268  564.50705   17.43328  96.9%  58.7 3445s
 33651 21158  507.44944  989  268  564.50705   17.43328  96.9%  58.4 3450s
 33852 21359  509.64330 1007  271  564.50705   17.43328  96.9%  58.1 3455s
 34028 21535  512.74930 1018  272  564.50705   17.43328  96.9%  57.8 3460s
 34162 21669  561.43668 1028  272  564.50705   17.43328  96.9%  57.6 3465s
 34308 21811  533.06122 1049  267  564.50705   17.43328  96.9%  57.4 3470s
 34411 21914  532.36211 1058  269  564.50705   17.43328  96.9%  57.2 3475s
 34580 22083  536.07415 1066  272  564.50705   17.43328  96.9%  56.9 3480s
 34731 22234  539.61741 1089  268  564.50705   17.43328  96.9%  56.7 3485s
 34887 22366  553.53973 1107  273  564.50705   17.43328  96.9%  56.5 3490s
 35042 22511  554.40266 1119  267  564.50705   17.43328  96.9%  56.2 3495s
 35197 22666  554.61583 1129  261  564.50705   17.43328  96.9%  56.0 3500s
 35343 22812  555.75545 1135  260  564.50705   17.43328  96.9%  55.8 3505s
 35483 22952  556.56514 1141  252  564.50705   17.43328  96.9%  55.5 3510s
 35647 23116  558.82800 1144  252  564.50705   17.43328  96.9%  55.3 3515s
 35816 23285  556.95475 1150  247  564.50705   17.43328  96.9%  55.0 3520s
 35953 23422  558.94427 1157  239  564.50705   17.43328  96.9%  54.8 3525s
 36102 23571  558.96232 1167  236  564.50705   17.43328  96.9%  54.6 3530s
 36272 23741  559.74491 1177  234  564.50705   17.43328  96.9%  54.4 3535s
 36429 23808  563.05218 1204  221  564.50705   17.43328  96.9%  54.2 3540s
 36547 23898   21.79781   96  591  564.50705   17.47468  96.9%  54.3 3545s
 36656 24007   30.83296  150  509  564.50705   17.47468  96.9%  54.9 3550s
 36720 24071   52.46409  168  452  564.50705   17.47468  96.9%  55.2 3555s
 36766 24117   54.19319  184  474  564.50705   17.47468  96.9%  55.2 3560s
H36809 24148                     564.0627014   17.47468  96.9%  55.4 3564s
 36809 24150   55.07573  197  468  564.06270   17.47468  96.9%  55.4 3567s
 36826 24167   56.96450  199  469  564.06270   17.47468  96.9%  55.5 3570s
 36865 24206   57.73146  219  415  564.06270   17.47468  96.9%  56.2 3575s
 36961 24302  123.32810  235  377  564.06270   17.47468  96.9%  56.7 3580s
 37088 24429  208.50548  311  340  564.06270   17.47468  96.9%  56.9 3585s
 37293 24634  209.29222  417  304  564.06270   17.47468  96.9%  56.7 3590s
 37484 24825  211.75931  444  323  564.06270   17.47468  96.9%  56.7 3595s

Cutting planes:
  Flow cover: 235
  RLT: 80

Explored 37606 nodes (2167642 simplex iterations) in 3600.02 seconds (1331.68 work units)
Thread count was 1 (of 56 available processors)

Solution count 10: 564.063 564.507 578.051 ... 588.98

Time limit reached
Best objective 5.640627014313e+02, best bound 1.747467664382e+01, gap 96.9020%

User-callback calls 537686, time in user-callback 2.50 sec
Generating Gunluk and Lee data file ../../../../../instances/uflp/gunluk/gunluk-40-80-7.txt
primal_bound = 564.0627014313453, dual_bound = 17.474676643816068, gap = 96.90199749079792, time = 3600.04
