solving instance transportation 20 7 sinabc1
The latest version of Julia in the `1.10` channel is 1.10.6+0.x64.linux.gnu. You currently have `1.10.5+0.x64.linux.gnu` installed. Run:

  juliaup update

in your terminal shell to install Julia 1.10.6+0.x64.linux.gnu and update the `1.10` channel to that version.
16.459023888444396 * (sin(0.3333333333333333x) + 0.16666666666666666x) ^ 2
16.18470682363699 * (sin(0.04081632653061224x) + 0.02040816326530612x) ^ 2
17.281975082866616 * (sin(0.07692307692307693x) + 0.038461538461538464x) ^ 2
1.0972682592296263 * (sin(0.2x) + 0.1x) ^ 2
4.937707166533318 * (sin(0.04081632653061224x) + 0.02040816326530612x) ^ 2
19.202194536518462 * (sin(0.04081632653061224x) + 0.02040816326530612x) ^ 2
7.4065607497999775 * (sin(0.08x) + 0.04x) ^ 2
16.18470682363699 * (sin(0.058823529411764705x) + 0.029411764705882353x) ^ 2
10.972682592296263 * (sin(0.04081632653061224x) + 0.02040816326530612x) ^ 2
10.149731397874044 * (sin(0.1111111111111111x) + 0.05555555555555555x) ^ 2
12.618584981140703 * (sin(2.0x) + 1.0x) ^ 2
6.8579266201851645 * (sin(0.15384615384615385x) + 0.07692307692307693x) ^ 2
13.167219110755516 * (sin(0.04081632653061224x) + 0.02040816326530612x) ^ 2
1.0972682592296263 * (sin(0.06451612903225806x) + 0.03225806451612903x) ^ 2
7.955194879414791 * (sin(0.2222222222222222x) + 0.1111111111111111x) ^ 2
16.7333409532518 * (sin(0.13333333333333333x) + 0.06666666666666667x) ^ 2
3.291804777688879 * (sin(0.04081632653061224x) + 0.02040816326530612x) ^ 2
12.892902045948109 * (sin(0.04081632653061224x) + 0.02040816326530612x) ^ 2
12.618584981140703 * (sin(0.04081632653061224x) + 0.02040816326530612x) ^ 2
13.990170305177736 * (sin(0.04081632653061224x) + 0.02040816326530612x) ^ 2
19.202194536518462 * (sin(1.0x) + 0.5x) ^ 2
9.326780203451824 * (sin(1.0x) + 0.5x) ^ 2
8.229511944222198 * (sin(1.0x) + 0.5x) ^ 2
19.750828666133273 * (sin(1.0x) + 0.5x) ^ 2
22.219682249399934 * (sin(1.0x) + 0.5x) ^ 2
2.7431706480740656 * (sin(1.0x) + 0.5x) ^ 2
17.281975082866616 * (sin(1.0x) + 0.5x) ^ 2
22.49399931420734 * (sin(1.0x) + 0.5x) ^ 2
16.7333409532518 * (sin(1.0x) + 0.5x) ^ 2
10.972682592296263 * (sin(1.0x) + 0.5x) ^ 2
31.27214538804435 * (sin(2.0x) + 1.0x) ^ 2
13.990170305177736 * (sin(1.0x) + 0.5x) ^ 2
13.441536175562923 * (sin(1.0x) + 0.5x) ^ 2
20.573779860555494 * (sin(1.0x) + 0.5x) ^ 2
13.167219110755516 * (sin(1.0x) + 0.5x) ^ 2
14.813121499599955 * (sin(1.0x) + 0.5x) ^ 2
17.830609212481427 * (sin(1.0x) + 0.5x) ^ 2
17.830609212481427 * (sin(1.0x) + 0.5x) ^ 2
11.795633786718483 * (sin(1.0x) + 0.5x) ^ 2
5.760658360955539 * (sin(1.0x) + 0.5x) ^ 2
15.087438564407362 * (sin(0.3333333333333333x) + 0.16666666666666666x) ^ 2
12.06995085152589 * (sin(0.10526315789473684x) + 0.05263157894736842x) ^ 2
12.892902045948109 * (sin(0.10526315789473684x) + 0.05263157894736842x) ^ 2
2.468853583266659 * (sin(0.2x) + 0.1x) ^ 2
7.955194879414791 * (sin(0.10526315789473684x) + 0.05263157894736842x) ^ 2
15.636072694022175 * (sin(0.10526315789473684x) + 0.05263157894736842x) ^ 2
6.034975425762945 * (sin(0.10526315789473684x) + 0.05263157894736842x) ^ 2
17.55629214767402 * (sin(0.10526315789473684x) + 0.05263157894736842x) ^ 2
9.875414333066637 * (sin(0.10526315789473684x) + 0.05263157894736842x) ^ 2
7.132243684992571 * (sin(0.1111111111111111x) + 0.05555555555555555x) ^ 2
16.459023888444396 * (sin(2.0x) + 1.0x) ^ 2
1.9202194536518462 * (sin(0.15384615384615385x) + 0.07692307692307693x) ^ 2
12.06995085152589 * (sin(0.10526315789473684x) + 0.05263157894736842x) ^ 2
3.8404389073036924 * (sin(0.10526315789473684x) + 0.05263157894736842x) ^ 2
5.486341296148131 * (sin(0.2222222222222222x) + 0.1111111111111111x) ^ 2
15.910389758829583 * (sin(0.13333333333333333x) + 0.06666666666666667x) ^ 2
1.6459023888444395 * (sin(0.10526315789473684x) + 0.05263157894736842x) ^ 2
10.42404846268145 * (sin(0.10526315789473684x) + 0.05263157894736842x) ^ 2
9.601097268259231 * (sin(0.10526315789473684x) + 0.05263157894736842x) ^ 2
10.698365527488857 * (sin(0.10526315789473684x) + 0.05263157894736842x) ^ 2
10.42404846268145 * (sin(0.3333333333333333x) + 0.16666666666666666x) ^ 2
19.750828666133273 * (sin(0.07142857142857142x) + 0.03571428571428571x) ^ 2
19.202194536518462 * (sin(0.07692307692307693x) + 0.038461538461538464x) ^ 2
7.955194879414791 * (sin(0.2x) + 0.1x) ^ 2
2.468853583266659 * (sin(0.07142857142857142x) + 0.03571428571428571x) ^ 2
18.653560406903647 * (sin(0.07142857142857142x) + 0.03571428571428571x) ^ 2
12.618584981140703 * (sin(0.08x) + 0.04x) ^ 2
10.42404846268145 * (sin(0.07142857142857142x) + 0.03571428571428571x) ^ 2
4.937707166533318 * (sin(0.07142857142857142x) + 0.03571428571428571x) ^ 2
10.149731397874044 * (sin(0.1111111111111111x) + 0.05555555555555555x) ^ 2
13.441536175562923 * (sin(2.0x) + 1.0x) ^ 2
7.955194879414791 * (sin(0.15384615384615385x) + 0.07692307692307693x) ^ 2
8.503829009029603 * (sin(0.07142857142857142x) + 0.03571428571428571x) ^ 2
4.389073036918505 * (sin(0.07142857142857142x) + 0.03571428571428571x) ^ 2
7.132243684992571 * (sin(0.2222222222222222x) + 0.1111111111111111x) ^ 2
11.521316721911077 * (sin(0.13333333333333333x) + 0.06666666666666667x) ^ 2
9.326780203451824 * (sin(0.07142857142857142x) + 0.03571428571428571x) ^ 2
19.476511601325868 * (sin(0.07142857142857142x) + 0.03571428571428571x) ^ 2
9.052463138644418 * (sin(0.07142857142857142x) + 0.03571428571428571x) ^ 2
14.53880443479255 * (sin(0.07142857142857142x) + 0.03571428571428571x) ^ 2
15.636072694022175 * (sin(0.3333333333333333x) + 0.16666666666666666x) ^ 2
10.972682592296263 * (sin(0.04878048780487805x) + 0.024390243902439025x) ^ 2
10.149731397874044 * (sin(0.07692307692307693x) + 0.038461538461538464x) ^ 2
5.486341296148131 * (sin(0.2x) + 0.1x) ^ 2
10.149731397874044 * (sin(0.04878048780487805x) + 0.024390243902439025x) ^ 2
13.167219110755516 * (sin(0.04878048780487805x) + 0.024390243902439025x) ^ 2
5.760658360955539 * (sin(0.08x) + 0.04x) ^ 2
17.007658018059207 * (sin(0.058823529411764705x) + 0.029411764705882353x) ^ 2
9.875414333066637 * (sin(0.04878048780487805x) + 0.024390243902439025x) ^ 2
4.114755972111099 * (sin(0.1111111111111111x) + 0.05555555555555555x) ^ 2
18.37924334209624 * (sin(2.0x) + 1.0x) ^ 2
0.2743170648074066 * (sin(0.15384615384615385x) + 0.07692307692307693x) ^ 2
10.972682592296263 * (sin(0.04878048780487805x) + 0.024390243902439025x) ^ 2
6.034975425762945 * (sin(0.06451612903225806x) + 0.03225806451612903x) ^ 2
2.7431706480740656 * (sin(0.2222222222222222x) + 0.1111111111111111x) ^ 2
14.264487369985142 * (sin(0.13333333333333333x) + 0.06666666666666667x) ^ 2
5.212024231340725 * (sin(0.04878048780487805x) + 0.024390243902439025x) ^ 2
10.972682592296263 * (sin(0.04878048780487805x) + 0.024390243902439025x) ^ 2
7.955194879414791 * (sin(0.04878048780487805x) + 0.024390243902439025x) ^ 2
7.955194879414791 * (sin(0.04878048780487805x) + 0.024390243902439025x) ^ 2
15.36175562921477 * (sin(0.3333333333333333x) + 0.16666666666666666x) ^ 2
9.601097268259231 * (sin(0.05714285714285714x) + 0.02857142857142857x) ^ 2
9.326780203451824 * (sin(0.07692307692307693x) + 0.038461538461538464x) ^ 2
16.459023888444396 * (sin(0.2x) + 0.1x) ^ 2
16.7333409532518 * (sin(0.05714285714285714x) + 0.02857142857142857x) ^ 2
4.663390101725912 * (sin(0.05714285714285714x) + 0.02857142857142857x) ^ 2
13.990170305177736 * (sin(0.08x) + 0.04x) ^ 2
17.281975082866616 * (sin(0.058823529411764705x) + 0.029411764705882353x) ^ 2
10.972682592296263 * (sin(0.05714285714285714x) + 0.02857142857142857x) ^ 2
6.309292490570352 * (sin(0.1111111111111111x) + 0.05555555555555555x) ^ 2
26.334438221511032 * (sin(2.0x) + 1.0x) ^ 2
10.698365527488857 * (sin(0.15384615384615385x) + 0.07692307692307693x) ^ 2
9.875414333066637 * (sin(0.05714285714285714x) + 0.02857142857142857x) ^ 2
14.53880443479255 * (sin(0.06451612903225806x) + 0.03225806451612903x) ^ 2
9.326780203451824 * (sin(0.2222222222222222x) + 0.1111111111111111x) ^ 2
11.24699965710367 * (sin(0.13333333333333333x) + 0.06666666666666667x) ^ 2
13.990170305177736 * (sin(0.05714285714285714x) + 0.02857142857142857x) ^ 2
15.636072694022175 * (sin(0.05714285714285714x) + 0.02857142857142857x) ^ 2
6.583609555377758 * (sin(0.05714285714285714x) + 0.02857142857142857x) ^ 2
2.468853583266659 * (sin(0.05714285714285714x) + 0.02857142857142857x) ^ 2
7.4065607497999775 * (sin(0.3333333333333333x) + 0.16666666666666666x) ^ 2
18.653560406903647 * (sin(0.03773584905660377x) + 0.018867924528301886x) ^ 2
17.281975082866616 * (sin(0.07692307692307693x) + 0.038461538461538464x) ^ 2
8.503829009029603 * (sin(0.2x) + 0.1x) ^ 2
4.937707166533318 * (sin(0.03773584905660377x) + 0.018867924528301886x) ^ 2
17.007658018059207 * (sin(0.03773584905660377x) + 0.018867924528301886x) ^ 2
13.167219110755516 * (sin(0.08x) + 0.04x) ^ 2
9.601097268259231 * (sin(0.058823529411764705x) + 0.029411764705882353x) ^ 2
2.468853583266659 * (sin(0.03773584905660377x) + 0.018867924528301886x) ^ 2
6.583609555377758 * (sin(0.1111111111111111x) + 0.05555555555555555x) ^ 2
15.36175562921477 * (sin(2.0x) + 1.0x) ^ 2
7.132243684992571 * (sin(0.15384615384615385x) + 0.07692307692307693x) ^ 2
6.583609555377758 * (sin(0.03773584905660377x) + 0.018867924528301886x) ^ 2
7.132243684992571 * (sin(0.06451612903225806x) + 0.03225806451612903x) ^ 2
6.034975425762945 * (sin(0.2222222222222222x) + 0.1111111111111111x) ^ 2
10.149731397874044 * (sin(0.13333333333333333x) + 0.06666666666666667x) ^ 2
11.521316721911077 * (sin(0.03773584905660377x) + 0.018867924528301886x) ^ 2
18.927877471711053 * (sin(0.038461538461538464x) + 0.019230769230769232x) ^ 2
7.4065607497999775 * (sin(0.03773584905660377x) + 0.018867924528301886x) ^ 2
11.795633786718483 * (sin(0.03773584905660377x) + 0.018867924528301886x) ^ 2
1.3715853240370328 * (sin(0.3333333333333333x) + 0.16666666666666666x) ^ 2
24.414218767859186 * (sin(0.0273972602739726x) + 0.0136986301369863x) ^ 2
23.31695050862956 * (sin(0.07692307692307693x) + 0.038461538461538464x) ^ 2
16.7333409532518 * (sin(0.2x) + 0.1x) ^ 2
10.42404846268145 * (sin(0.027777777777777776x) + 0.013888888888888888x) ^ 2
20.299462795748088 * (sin(0.0273972602739726x) + 0.0136986301369863x) ^ 2
20.025145730940682 * (sin(0.08x) + 0.04x) ^ 2
1.3715853240370328 * (sin(0.058823529411764705x) + 0.029411764705882353x) ^ 2
5.760658360955539 * (sin(0.0273972602739726x) + 0.0136986301369863x) ^ 2
11.795633786718483 * (sin(0.1111111111111111x) + 0.05555555555555555x) ^ 2
17.281975082866616 * (sin(2.0x) + 1.0x) ^ 2
13.715853240370329 * (sin(0.15384615384615385x) + 0.07692307692307693x) ^ 2
7.955194879414791 * (sin(0.0273972602739726x) + 0.0136986301369863x) ^ 2
13.990170305177736 * (sin(0.06451612903225806x) + 0.03225806451612903x) ^ 2
13.715853240370329 * (sin(0.2222222222222222x) + 0.1111111111111111x) ^ 2
7.680877814607385 * (sin(0.13333333333333333x) + 0.06666666666666667x) ^ 2
17.281975082866616 * (sin(0.0273972602739726x) + 0.0136986301369863x) ^ 2
26.334438221511032 * (sin(0.038461538461538464x) + 0.019230769230769232x) ^ 2
9.875414333066637 * (sin(0.0273972602739726x) + 0.0136986301369863x) ^ 2
15.636072694022175 * (sin(0.0273972602739726x) + 0.0136986301369863x) ^ 2
10.698365527488857 * (sin(0.3333333333333333x) + 0.16666666666666666x) ^ 2
20.573779860555494 * (sin(0.028985507246376812x) + 0.014492753623188406x) ^ 2
20.025145730940682 * (sin(0.07692307692307693x) + 0.038461538461538464x) ^ 2
6.8579266201851645 * (sin(0.2x) + 0.1x) ^ 2
0.8229511944222198 * (sin(0.028985507246376812x) + 0.014492753623188406x) ^ 2
21.12241399017031 * (sin(0.028985507246376812x) + 0.014492753623188406x) ^ 2
12.344267916333296 * (sin(0.08x) + 0.04x) ^ 2
11.521316721911077 * (sin(0.058823529411764705x) + 0.029411764705882353x) ^ 2
8.503829009029603 * (sin(0.028985507246376812x) + 0.014492753623188406x) ^ 2
10.698365527488857 * (sin(0.1111111111111111x) + 0.05555555555555555x) ^ 2
10.42404846268145 * (sin(2.0x) + 1.0x) ^ 2
9.601097268259231 * (sin(0.15384615384615385x) + 0.07692307692307693x) ^ 2
10.972682592296263 * (sin(0.028985507246376812x) + 0.014492753623188406x) ^ 2
4.114755972111099 * (sin(0.06451612903225806x) + 0.03225806451612903x) ^ 2
9.326780203451824 * (sin(0.2222222222222222x) + 0.1111111111111111x) ^ 2
14.813121499599955 * (sin(0.13333333333333333x) + 0.06666666666666667x) ^ 2
10.42404846268145 * (sin(0.028985507246376812x) + 0.014492753623188406x) ^ 2
18.927877471711053 * (sin(0.038461538461538464x) + 0.019230769230769232x) ^ 2
10.972682592296263 * (sin(0.028985507246376812x) + 0.014492753623188406x) ^ 2
15.636072694022175 * (sin(0.028985507246376812x) + 0.014492753623188406x) ^ 2
3.0174877128814726 * (sin(0.3333333333333333x) + 0.16666666666666666x) ^ 2
21.12241399017031 * (sin(0.047619047619047616x) + 0.023809523809523808x) ^ 2
20.025145730940682 * (sin(0.07692307692307693x) + 0.038461538461538464x) ^ 2
16.18470682363699 * (sin(0.2x) + 0.1x) ^ 2
14.813121499599955 * (sin(0.047619047619047616x) + 0.023809523809523808x) ^ 2
14.264487369985142 * (sin(0.047619047619047616x) + 0.023809523809523808x) ^ 2
19.750828666133273 * (sin(0.08x) + 0.04x) ^ 2
6.8579266201851645 * (sin(0.058823529411764705x) + 0.029411764705882353x) ^ 2
5.760658360955539 * (sin(0.047619047619047616x) + 0.023809523809523808x) ^ 2
10.42404846268145 * (sin(0.1111111111111111x) + 0.05555555555555555x) ^ 2
23.042633443822155 * (sin(2.0x) + 1.0x) ^ 2
14.813121499599955 * (sin(0.15384615384615385x) + 0.07692307692307693x) ^ 2
3.5661218424962855 * (sin(0.047619047619047616x) + 0.023809523809523808x) ^ 2
14.264487369985142 * (sin(0.06451612903225806x) + 0.03225806451612903x) ^ 2
12.344267916333296 * (sin(0.2222222222222222x) + 0.1111111111111111x) ^ 2
1.9202194536518462 * (sin(0.13333333333333333x) + 0.06666666666666667x) ^ 2
18.927877471711053 * (sin(0.047619047619047616x) + 0.023809523809523808x) ^ 2
25.237169962281406 * (sin(0.047619047619047616x) + 0.023809523809523808x) ^ 2
8.229511944222198 * (sin(0.047619047619047616x) + 0.023809523809523808x) ^ 2
13.167219110755516 * (sin(0.047619047619047616x) + 0.023809523809523808x) ^ 2
20.573779860555494 * (sin(0.3333333333333333x) + 0.16666666666666666x) ^ 2
26.060121156703627 * (sin(0.06060606060606061x) + 0.030303030303030304x) ^ 2
26.883072351125847 * (sin(0.07692307692307693x) + 0.038461538461538464x) ^ 2
10.42404846268145 * (sin(0.2x) + 0.1x) ^ 2
8.229511944222198 * (sin(0.06060606060606061x) + 0.030303030303030304x) ^ 2
28.803291804777693 * (sin(0.06060606060606061x) + 0.030303030303030304x) ^ 2
16.7333409532518 * (sin(0.08x) + 0.04x) ^ 2
20.299462795748088 * (sin(0.06060606060606061x) + 0.030303030303030304x) ^ 2
17.281975082866616 * (sin(0.06060606060606061x) + 0.030303030303030304x) ^ 2
19.750828666133273 * (sin(0.1111111111111111x) + 0.05555555555555555x) ^ 2
4.114755972111099 * (sin(2.0x) + 1.0x) ^ 2
15.636072694022175 * (sin(0.15384615384615385x) + 0.07692307692307693x) ^ 2
21.12241399017031 * (sin(0.06060606060606061x) + 0.030303030303030304x) ^ 2
9.052463138644418 * (sin(0.06451612903225806x) + 0.03225806451612903x) ^ 2
16.18470682363699 * (sin(0.2222222222222222x) + 0.1111111111111111x) ^ 2
23.86558463824437 * (sin(0.13333333333333333x) + 0.06666666666666667x) ^ 2
12.618584981140703 * (sin(0.06060606060606061x) + 0.030303030303030304x) ^ 2
20.8480969253629 * (sin(0.06060606060606061x) + 0.030303030303030304x) ^ 2
20.025145730940682 * (sin(0.06060606060606061x) + 0.030303030303030304x) ^ 2
24.13990170305178 * (sin(0.06060606060606061x) + 0.030303030303030304x) ^ 2
13.990170305177736 * (sin(0.3333333333333333x) + 0.16666666666666666x) ^ 2
15.36175562921477 * (sin(0.021739130434782608x) + 0.010869565217391304x) ^ 2
14.53880443479255 * (sin(0.07692307692307693x) + 0.038461538461538464x) ^ 2
19.750828666133273 * (sin(0.2x) + 0.1x) ^ 2
19.202194536518462 * (sin(0.027777777777777776x) + 0.013888888888888888x) ^ 2
5.486341296148131 * (sin(0.02666666666666667x) + 0.013333333333333334x) ^ 2
19.750828666133273 * (sin(0.08x) + 0.04x) ^ 2
15.910389758829583 * (sin(0.058823529411764705x) + 0.029411764705882353x) ^ 2
12.344267916333296 * (sin(0.019230769230769232x) + 0.009615384615384616x) ^ 2
9.326780203451824 * (sin(0.1111111111111111x) + 0.05555555555555555x) ^ 2
28.803291804777693 * (sin(2.0x) + 1.0x) ^ 2
14.53880443479255 * (sin(0.15384615384615385x) + 0.07692307692307693x) ^ 2
8.77814607383701 * (sin(0.022727272727272728x) + 0.011363636363636364x) ^ 2
19.202194536518462 * (sin(0.06451612903225806x) + 0.03225806451612903x) ^ 2
12.06995085152589 * (sin(0.2222222222222222x) + 0.1111111111111111x) ^ 2
8.503829009029603 * (sin(0.13333333333333333x) + 0.06666666666666667x) ^ 2
18.653560406903647 * (sin(0.024691358024691357x) + 0.012345679012345678x) ^ 2
21.396731054977714 * (sin(0.038461538461538464x) + 0.019230769230769232x) ^ 2
7.4065607497999775 * (sin(0.015625x) + 0.0078125x) ^ 2
6.034975425762945 * (sin(0.016666666666666666x) + 0.008333333333333333x) ^ 2
23.31695050862956 * (sin(0.3333333333333333x) + 0.16666666666666666x) ^ 2
1.6459023888444395 * (sin(0.021739130434782608x) + 0.010869565217391304x) ^ 2
2.468853583266659 * (sin(0.07692307692307693x) + 0.038461538461538464x) ^ 2
14.813121499599955 * (sin(0.2x) + 0.1x) ^ 2
19.476511601325868 * (sin(0.027777777777777776x) + 0.013888888888888888x) ^ 2
12.344267916333296 * (sin(0.02666666666666667x) + 0.013333333333333334x) ^ 2
8.229511944222198 * (sin(0.08x) + 0.04x) ^ 2
25.511487027088812 * (sin(0.058823529411764705x) + 0.029411764705882353x) ^ 2
17.830609212481427 * (sin(0.019230769230769232x) + 0.009615384615384616x) ^ 2
11.521316721911077 * (sin(0.1111111111111111x) + 0.05555555555555555x) ^ 2
26.883072351125847 * (sin(2.0x) + 1.0x) ^ 2
11.24699965710367 * (sin(0.15384615384615385x) + 0.07692307692307693x) ^ 2
18.104926277288836 * (sin(0.022727272727272728x) + 0.011363636363636364x) ^ 2
15.36175562921477 * (sin(0.06451612903225806x) + 0.03225806451612903x) ^ 2
10.698365527488857 * (sin(0.2222222222222222x) + 0.1111111111111111x) ^ 2
21.945365184592525 * (sin(0.13333333333333333x) + 0.06666666666666667x) ^ 2
10.972682592296263 * (sin(0.024691358024691357x) + 0.012345679012345678x) ^ 2
6.583609555377758 * (sin(0.038461538461538464x) + 0.019230769230769232x) ^ 2
14.53880443479255 * (sin(0.015625x) + 0.0078125x) ^ 2
9.875414333066637 * (sin(0.016666666666666666x) + 0.008333333333333333x) ^ 2
20.025145730940682 * (sin(1.0x) + 0.5x) ^ 2
4.663390101725912 * (sin(1.0x) + 0.5x) ^ 2
3.291804777688879 * (sin(1.0x) + 0.5x) ^ 2
12.618584981140703 * (sin(1.0x) + 0.5x) ^ 2
17.007658018059207 * (sin(1.0x) + 0.5x) ^ 2
9.326780203451824 * (sin(1.0x) + 0.5x) ^ 2
8.229511944222198 * (sin(1.0x) + 0.5x) ^ 2
22.49399931420734 * (sin(1.0x) + 0.5x) ^ 2
14.264487369985142 * (sin(1.0x) + 0.5x) ^ 2
7.4065607497999775 * (sin(1.0x) + 0.5x) ^ 2
24.414218767859186 * (sin(2.0x) + 1.0x) ^ 2
7.132243684992571 * (sin(1.0x) + 0.5x) ^ 2
12.618584981140703 * (sin(1.0x) + 0.5x) ^ 2
12.618584981140703 * (sin(1.0x) + 0.5x) ^ 2
7.955194879414791 * (sin(1.0x) + 0.5x) ^ 2
17.830609212481427 * (sin(1.0x) + 0.5x) ^ 2
10.149731397874044 * (sin(1.0x) + 0.5x) ^ 2
9.326780203451824 * (sin(1.0x) + 0.5x) ^ 2
9.601097268259231 * (sin(1.0x) + 0.5x) ^ 2
6.309292490570352 * (sin(1.0x) + 0.5x) ^ 2
19.750828666133273 * (sin(0.3333333333333333x) + 0.16666666666666666x) ^ 2
6.034975425762945 * (sin(0.15384615384615385x) + 0.07692307692307693x) ^ 2
4.663390101725912 * (sin(0.15384615384615385x) + 0.07692307692307693x) ^ 2
16.7333409532518 * (sin(0.2x) + 0.1x) ^ 2
18.104926277288836 * (sin(0.15384615384615385x) + 0.07692307692307693x) ^ 2
5.486341296148131 * (sin(0.15384615384615385x) + 0.07692307692307693x) ^ 2
12.618584981140703 * (sin(0.15384615384615385x) + 0.07692307692307693x) ^ 2
21.945365184592525 * (sin(0.15384615384615385x) + 0.07692307692307693x) ^ 2
15.087438564407362 * (sin(0.15384615384615385x) + 0.07692307692307693x) ^ 2
9.326780203451824 * (sin(0.15384615384615385x) + 0.07692307692307693x) ^ 2
27.980340610355473 * (sin(2.0x) + 1.0x) ^ 2
11.24699965710367 * (sin(0.15384615384615385x) + 0.07692307692307693x) ^ 2
12.344267916333296 * (sin(0.15384615384615385x) + 0.07692307692307693x) ^ 2
16.7333409532518 * (sin(0.15384615384615385x) + 0.07692307692307693x) ^ 2
10.698365527488857 * (sin(0.2222222222222222x) + 0.1111111111111111x) ^ 2
16.7333409532518 * (sin(0.15384615384615385x) + 0.07692307692307693x) ^ 2
13.441536175562923 * (sin(0.15384615384615385x) + 0.07692307692307693x) ^ 2
12.618584981140703 * (sin(0.15384615384615385x) + 0.07692307692307693x) ^ 2
10.149731397874044 * (sin(0.15384615384615385x) + 0.07692307692307693x) ^ 2
4.937707166533318 * (sin(0.15384615384615385x) + 0.07692307692307693x) ^ 2
19.202194536518462 * (sin(0.3333333333333333x) + 0.16666666666666666x) ^ 2
17.830609212481427 * (sin(0.04x) + 0.02x) ^ 2
19.202194536518462 * (sin(0.07692307692307693x) + 0.038461538461538464x) ^ 2
3.291804777688879 * (sin(0.2x) + 0.1x) ^ 2
8.503829009029603 * (sin(0.04x) + 0.02x) ^ 2
23.042633443822155 * (sin(0.04x) + 0.02x) ^ 2
9.601097268259231 * (sin(0.08x) + 0.04x) ^ 2
19.476511601325868 * (sin(0.058823529411764705x) + 0.029411764705882353x) ^ 2
15.36175562921477 * (sin(0.04x) + 0.02x) ^ 2
13.167219110755516 * (sin(0.1111111111111111x) + 0.05555555555555555x) ^ 2
10.42404846268145 * (sin(2.0x) + 1.0x) ^ 2
9.875414333066637 * (sin(0.15384615384615385x) + 0.07692307692307693x) ^ 2
17.281975082866616 * (sin(0.04x) + 0.02x) ^ 2
5.486341296148131 * (sin(0.06451612903225806x) + 0.03225806451612903x) ^ 2
12.344267916333296 * (sin(0.2222222222222222x) + 0.1111111111111111x) ^ 2
20.025145730940682 * (sin(0.13333333333333333x) + 0.06666666666666667x) ^ 2
5.212024231340725 * (sin(0.04x) + 0.02x) ^ 2
13.167219110755516 * (sin(0.04x) + 0.02x) ^ 2
16.459023888444396 * (sin(0.04x) + 0.02x) ^ 2
18.104926277288836 * (sin(0.04x) + 0.02x) ^ 2
26.334438221511032 * (sin(0.3333333333333333x) + 0.16666666666666666x) ^ 2
13.990170305177736 * (sin(0.021739130434782608x) + 0.010869565217391304x) ^ 2
14.53880443479255 * (sin(0.07692307692307693x) + 0.038461538461538464x) ^ 2
12.06995085152589 * (sin(0.2x) + 0.1x) ^ 2
17.281975082866616 * (sin(0.027777777777777776x) + 0.013888888888888888x) ^ 2
22.49399931420734 * (sin(0.02666666666666667x) + 0.013333333333333334x) ^ 2
6.583609555377758 * (sin(0.08x) + 0.04x) ^ 2
28.528974739970284 * (sin(0.058823529411764705x) + 0.029411764705882353x) ^ 2
21.67104811978512 * (sin(0.019230769230769232x) + 0.009615384615384616x) ^ 2
17.007658018059207 * (sin(0.1111111111111111x) + 0.05555555555555555x) ^ 2
21.396731054977714 * (sin(2.0x) + 1.0x) ^ 2
13.715853240370329 * (sin(0.15384615384615385x) + 0.07692307692307693x) ^ 2
22.49399931420734 * (sin(0.022727272727272728x) + 0.011363636363636364x) ^ 2
14.53880443479255 * (sin(0.06451612903225806x) + 0.03225806451612903x) ^ 2
15.087438564407362 * (sin(0.2222222222222222x) + 0.1111111111111111x) ^ 2
26.334438221511032 * (sin(0.13333333333333333x) + 0.06666666666666667x) ^ 2
9.052463138644418 * (sin(0.024691358024691357x) + 0.012345679012345678x) ^ 2
5.486341296148131 * (sin(0.038461538461538464x) + 0.019230769230769232x) ^ 2
20.025145730940682 * (sin(0.015625x) + 0.0078125x) ^ 2
19.750828666133273 * (sin(0.016666666666666666x) + 0.008333333333333333x) ^ 2
12.344267916333296 * (sin(0.5x) + 0.25x) ^ 2
25.511487027088812 * (sin(0.5x) + 0.25x) ^ 2
25.237169962281406 * (sin(0.5x) + 0.25x) ^ 2
12.344267916333296 * (sin(0.5x) + 0.25x) ^ 2
5.760658360955539 * (sin(0.5x) + 0.25x) ^ 2
26.883072351125847 * (sin(0.5x) + 0.25x) ^ 2
18.104926277288836 * (sin(0.5x) + 0.25x) ^ 2
12.892902045948109 * (sin(0.5x) + 0.25x) ^ 2
11.521316721911077 * (sin(0.5x) + 0.25x) ^ 2
17.007658018059207 * (sin(0.5x) + 0.25x) ^ 2
7.4065607497999775 * (sin(2.0x) + 1.0x) ^ 2
14.53880443479255 * (sin(0.5x) + 0.25x) ^ 2
15.910389758829583 * (sin(0.5x) + 0.25x) ^ 2
9.875414333066637 * (sin(0.5x) + 0.25x) ^ 2
15.087438564407362 * (sin(0.5x) + 0.25x) ^ 2
17.830609212481427 * (sin(0.5x) + 0.25x) ^ 2
15.087438564407362 * (sin(0.5x) + 0.25x) ^ 2
23.591267573436966 * (sin(0.5x) + 0.25x) ^ 2
17.281975082866616 * (sin(0.5x) + 0.25x) ^ 2
21.67104811978512 * (sin(0.5x) + 0.25x) ^ 2
15.910389758829583 * (sin(0.3333333333333333x) + 0.16666666666666666x) ^ 2
6.8579266201851645 * (sin(0.2222222222222222x) + 0.1111111111111111x) ^ 2
6.309292490570352 * (sin(0.2222222222222222x) + 0.1111111111111111x) ^ 2
14.264487369985142 * (sin(0.2222222222222222x) + 0.1111111111111111x) ^ 2
15.910389758829583 * (sin(0.2222222222222222x) + 0.1111111111111111x) ^ 2
7.132243684992571 * (sin(0.2222222222222222x) + 0.1111111111111111x) ^ 2
11.24699965710367 * (sin(0.2222222222222222x) + 0.1111111111111111x) ^ 2
19.750828666133273 * (sin(0.2222222222222222x) + 0.1111111111111111x) ^ 2
11.795633786718483 * (sin(0.2222222222222222x) + 0.1111111111111111x) ^ 2
6.583609555377758 * (sin(0.2222222222222222x) + 0.1111111111111111x) ^ 2
26.334438221511032 * (sin(2.0x) + 1.0x) ^ 2
8.503829009029603 * (sin(0.2222222222222222x) + 0.1111111111111111x) ^ 2
11.24699965710367 * (sin(0.2222222222222222x) + 0.1111111111111111x) ^ 2
13.167219110755516 * (sin(0.2222222222222222x) + 0.1111111111111111x) ^ 2
7.955194879414791 * (sin(0.2222222222222222x) + 0.1111111111111111x) ^ 2
13.441536175562923 * (sin(0.2222222222222222x) + 0.1111111111111111x) ^ 2
10.972682592296263 * (sin(0.2222222222222222x) + 0.1111111111111111x) ^ 2
11.521316721911077 * (sin(0.2222222222222222x) + 0.1111111111111111x) ^ 2
7.132243684992571 * (sin(0.2222222222222222x) + 0.1111111111111111x) ^ 2
3.291804777688879 * (sin(0.2222222222222222x) + 0.1111111111111111x) ^ 2
6.034975425762945 * (sin(0.3333333333333333x) + 0.16666666666666666x) ^ 2
16.7333409532518 * (sin(0.041666666666666664x) + 0.020833333333333332x) ^ 2
17.281975082866616 * (sin(0.07692307692307693x) + 0.038461538461538464x) ^ 2
12.618584981140703 * (sin(0.2x) + 0.1x) ^ 2
9.326780203451824 * (sin(0.041666666666666664x) + 0.020833333333333332x) ^ 2
13.441536175562923 * (sin(0.041666666666666664x) + 0.020833333333333332x) ^ 2
15.910389758829583 * (sin(0.08x) + 0.04x) ^ 2
7.680877814607385 * (sin(0.058823529411764705x) + 0.029411764705882353x) ^ 2
0.5486341296148132 * (sin(0.041666666666666664x) + 0.020833333333333332x) ^ 2
6.8579266201851645 * (sin(0.1111111111111111x) + 0.05555555555555555x) ^ 2
18.927877471711053 * (sin(2.0x) + 1.0x) ^ 2
8.503829009029603 * (sin(0.15384615384615385x) + 0.07692307692307693x) ^ 2
3.0174877128814726 * (sin(0.041666666666666664x) + 0.020833333333333332x) ^ 2
9.326780203451824 * (sin(0.06451612903225806x) + 0.03225806451612903x) ^ 2
7.680877814607385 * (sin(0.2222222222222222x) + 0.1111111111111111x) ^ 2
6.583609555377758 * (sin(0.13333333333333333x) + 0.06666666666666667x) ^ 2
13.167219110755516 * (sin(0.041666666666666664x) + 0.020833333333333332x) ^ 2
18.927877471711053 * (sin(0.041666666666666664x) + 0.020833333333333332x) ^ 2
4.114755972111099 * (sin(0.041666666666666664x) + 0.020833333333333332x) ^ 2
9.052463138644418 * (sin(0.041666666666666664x) + 0.020833333333333332x) ^ 2
construct_constant_piece in x1, x2 = 0.0, 0.0020125798227180053
construct_constant_piece in x1, x2 = 0.0, 0.0020125798227180053
construct_constant_piece in x1, x2 = 0.0, 0.0020125798227180044
construct_constant_piece in x1, x2 = 0.0, 0.0020125798227180044
construct_constant_piece in x1, x2 = 0.0, 0.0020125798227180053
construct_constant_piece in x1, x2 = 0.0, 0.002012579822718005
construct_constant_piece in x1, x2 = 0.0, 0.0020125798227180044
construct_constant_piece in x1, x2 = 0.0, 0.0020125798227180044
construct_constant_piece in x1, x2 = 0.0, 0.002012579822718005
construct_constant_piece in x1, x2 = 0.0, 0.0020125798227180053
construct_constant_piece in x1, x2 = 0.0, 0.0020125798227180053
construct_constant_piece in x1, x2 = 0.0, 0.0020125798227180044
construct_constant_piece in x1, x2 = 0.0, 0.0020125798227180053
construct_constant_piece in x1, x2 = 0.0, 0.0020125798227180044
construct_constant_piece in x1, x2 = 0.0, 0.0020125798227180053
construct_constant_piece in x1, x2 = 0.0, 0.0020125798227180044
construct_constant_piece in x1, x2 = 0.0, 0.0020125798227180053
construct_constant_piece in x1, x2 = 0.0, 0.0020125798227180053
construct_constant_piece in x1, x2 = 0.0, 0.0020125798227180053
construct_constant_piece in x1, x2 = 0.0, 0.0020125798227180053
construct_constant_piece in x1, x2 = 0.0, 0.002012579822718005
construct_constant_piece in x1, x2 = 0.0, 0.002012579822718005
construct_constant_piece in x1, x2 = 0.0, 0.0020125798227180053
construct_constant_piece in x1, x2 = 0.0, 0.0020125798227180053
construct_constant_piece in x1, x2 = 0.0, 0.0020125798227180053
construct_constant_piece in x1, x2 = 0.0, 0.002012579822718005
construct_constant_piece in x1, x2 = 0.0, 0.0020125798227180053
construct_constant_piece in x1, x2 = 0.0, 0.002012579822718005
construct_constant_piece in x1, x2 = 0.0, 0.0020125798227180053
construct_constant_piece in x1, x2 = 0.0, 0.002012579822718005
construct_constant_piece in x1, x2 = 0.0, 0.002012579822718005
construct_constant_piece in x1, x2 = 0.0, 0.0020125798227180053
construct_constant_piece in x1, x2 = 0.0, 0.0020125798227180053
construct_constant_piece in x1, x2 = 0.0, 0.002012579822718005
construct_constant_piece in x1, x2 = 0.0, 0.0020125798227180053
construct_constant_piece in x1, x2 = 0.0, 0.0020125798227180053
construct_constant_piece in x1, x2 = 0.0, 0.0020125798227180053
construct_constant_piece in x1, x2 = 0.0, 0.0020125798227180053
construct_constant_piece in x1, x2 = 0.0, 0.0020125798227180053
construct_constant_piece in x1, x2 = 0.0, 0.0020125798227180053
construct_constant_piece in x1, x2 = 0.0, 0.0020125798227180053
construct_constant_piece in x1, x2 = 0.0, 0.0020125798227180044
construct_constant_piece in x1, x2 = 0.0, 0.0020125798227180044
construct_constant_piece in x1, x2 = 0.0, 0.0020125798227180044
construct_constant_piece in x1, x2 = 0.0, 0.0020125798227180044
construct_constant_piece in x1, x2 = 0.0, 0.0020125798227180044
construct_constant_piece in x1, x2 = 0.0, 0.0020125798227180044
construct_constant_piece in x1, x2 = 0.0, 0.0020125798227180044
construct_constant_piece in x1, x2 = 0.0, 0.0020125798227180044
construct_constant_piece in x1, x2 = 0.0, 0.0020125798227180053
construct_constant_piece in x1, x2 = 0.0, 0.0020125798227180053
construct_constant_piece in x1, x2 = 0.0, 0.0020125798227180044
construct_constant_piece in x1, x2 = 0.0, 0.0020125798227180044
construct_constant_piece in x1, x2 = 0.0, 0.0020125798227180044
construct_constant_piece in x1, x2 = 0.0, 0.002012579822718005
construct_constant_piece in x1, x2 = 0.0, 0.0020125798227180044
construct_constant_piece in x1, x2 = 0.0, 0.0020125798227180044
construct_constant_piece in x1, x2 = 0.0, 0.0020125798227180044
construct_constant_piece in x1, x2 = 0.0, 0.0020125798227180044
construct_constant_piece in x1, x2 = 0.0, 0.0020125798227180044
construct_constant_piece in x1, x2 = 0.0, 0.0020125798227180053
construct_constant_piece in x1, x2 = 0.0, 0.0020125798227180044
construct_constant_piece in x1, x2 = 0.0, 0.0020125798227180044
construct_constant_piece in x1, x2 = 0.0, 0.002012579822718005
construct_constant_piece in x1, x2 = 0.0, 0.0020125798227180044
construct_constant_piece in x1, x2 = 0.0, 0.0020125798227180044
construct_constant_piece in x1, x2 = 0.0, 0.0020125798227180044
construct_constant_piece in x1, x2 = 0.0, 0.0020125798227180044
construct_constant_piece in x1, x2 = 0.0, 0.0020125798227180044
construct_constant_piece in x1, x2 = 0.0, 0.0020125798227180053
construct_constant_piece in x1, x2 = 0.0, 0.0020125798227180053
construct_constant_piece in x1, x2 = 0.0, 0.002012579822718005
construct_constant_piece in x1, x2 = 0.0, 0.0020125798227180044
construct_constant_piece in x1, x2 = 0.0, 0.0020125798227180044
construct_constant_piece in x1, x2 = 0.0, 0.0020125798227180053
construct_constant_piece in x1, x2 = 0.0, 0.0020125798227180044
construct_constant_piece in x1, x2 = 0.0, 0.0020125798227180044
construct_constant_piece in x1, x2 = 0.0, 0.0020125798227180044
construct_constant_piece in x1, x2 = 0.0, 0.0020125798227180044
construct_constant_piece in x1, x2 = 0.0, 0.0020125798227180044
construct_constant_piece in x1, x2 = 0.0, 0.002012579822718005
construct_constant_piece in x1, x2 = 0.0, 0.0020125798227180044
construct_constant_piece in x1, x2 = 0.0, 0.0020125798227180044
construct_constant_piece in x1, x2 = 0.0, 0.0020125798227180044
construct_constant_piece in x1, x2 = 0.0, 0.0020125798227180044
construct_constant_piece in x1, x2 = 0.0, 0.0020125798227180044
construct_constant_piece in x1, x2 = 0.0, 0.0020125798227180044
construct_constant_piece in x1, x2 = 0.0, 0.0020125798227180044
construct_constant_piece in x1, x2 = 0.0, 0.0020125798227180044
construct_constant_piece in x1, x2 = 0.0, 0.0020125798227180053
construct_constant_piece in x1, x2 = 0.0, 0.0020125798227180053
construct_constant_piece in x1, x2 = 0.0, 0.0020125798227180044
construct_constant_piece in x1, x2 = 0.0, 0.0020125798227180044
construct_constant_piece in x1, x2 = 0.0, 0.0020125798227180044
construct_constant_piece in x1, x2 = 0.0, 0.002012579822718005
construct_constant_piece in x1, x2 = 0.0, 0.0020125798227180044
construct_constant_piece in x1, x2 = 0.0, 0.0020125798227180044
Set parameter TokenServer to value "licences.gerad.lan"
Set parameter TokenServer to value "licences.gerad.lan"
Set parameter TokenServer to value "licences.gerad.lan"
Set parameter FeasibilityTol to value 1e-09
Set parameter MIPGap to value 1e-09
Set parameter Threads to value 1
Set parameter OptimalityTol to value 1e-09
Set parameter IntFeasTol to value 1e-09
Set parameter TimeLimit to value 3553.359725984
construct_constant_piece in x1, x2 = 0.0, 0.0020125798227180044
construct_constant_piece in x1, x2 = 0.0, 0.002012579822718005
construct_constant_piece in x1, x2 = 0.0, 0.002012579822718005
construct_constant_piece in x1, x2 = 0.0, 0.0020125798227180053
construct_constant_piece in x1, x2 = 0.0, 0.0020125798227180044
construct_constant_piece in x1, x2 = 0.0, 0.0020125798227180044
construct_constant_piece in x1, x2 = 0.0, 0.0020125798227180044
construct_constant_piece in x1, x2 = 0.0, 0.0020125798227180044
construct_constant_piece in x1, x2 = 0.0, 0.0020125798227180044
construct_constant_piece in x1, x2 = 0.0, 0.0020125798227180044
construct_constant_piece in x1, x2 = 0.0, 0.0020125798227180044
construct_constant_piece in x1, x2 = 0.0, 0.0020125798227180044
construct_constant_piece in x1, x2 = 0.0, 0.0020125798227180053
construct_constant_piece in x1, x2 = 0.0, 0.0020125798227180053
construct_constant_piece in x1, x2 = 0.0, 0.0020125798227180044
construct_constant_piece in x1, x2 = 0.0, 0.0020125798227180044
construct_constant_piece in x1, x2 = 0.0, 0.0020125798227180044
construct_constant_piece in x1, x2 = 0.0, 0.002012579822718005
construct_constant_piece in x1, x2 = 0.0, 0.0020125798227180044
construct_constant_piece in x1, x2 = 0.0, 0.0020125798227180044
construct_constant_piece in x1, x2 = 0.0, 0.0020125798227180044
construct_constant_piece in x1, x2 = 0.0, 0.0020125798227180044
construct_constant_piece in x1, x2 = 0.0, 0.0020125798227180044
construct_constant_piece in x1, x2 = 0.0, 0.0020125798227180053
construct_constant_piece in x1, x2 = 0.0, 0.0020125798227180044
construct_constant_piece in x1, x2 = 0.0, 0.0020125798227180044
construct_constant_piece in x1, x2 = 0.0, 0.0020125798227180044
construct_constant_piece in x1, x2 = 0.0, 0.0020125798227180044
construct_constant_piece in x1, x2 = 0.0, 0.0020125798227180044
construct_constant_piece in x1, x2 = 0.0, 0.0020125798227180044
construct_constant_piece in x1, x2 = 0.0, 0.0020125798227180044
construct_constant_piece in x1, x2 = 0.0, 0.0020125798227180044
construct_constant_piece in x1, x2 = 0.0, 0.0020125798227180053
construct_constant_piece in x1, x2 = 0.0, 0.0020125798227180053
construct_constant_piece in x1, x2 = 0.0, 0.0020125798227180044
construct_constant_piece in x1, x2 = 0.0, 0.0020125798227180044
construct_constant_piece in x1, x2 = 0.0, 0.0020125798227180044
construct_constant_piece in x1, x2 = 0.0, 0.0020125798227180053
construct_constant_piece in x1, x2 = 0.0, 0.0020125798227180044
construct_constant_piece in x1, x2 = 0.0, 0.0020125798227180044
construct_constant_piece in x1, x2 = 0.0, 0.0020125798227180044
construct_constant_piece in x1, x2 = 0.0, 0.0020125798227180044
construct_constant_piece in x1, x2 = 0.0, 0.0020125798227180044
construct_constant_piece in x1, x2 = 0.0, 0.002012579822718005
construct_constant_piece in x1, x2 = 0.0, 0.0020125798227180044
construct_constant_piece in x1, x2 = 0.0, 0.0020125798227180044
construct_constant_piece in x1, x2 = 0.0, 0.0020125798227180044
construct_constant_piece in x1, x2 = 0.0, 0.0020125798227180053
construct_constant_piece in x1, x2 = 0.0, 0.0020125798227180044
construct_constant_piece in x1, x2 = 0.0, 0.0020125798227180044
construct_constant_piece in x1, x2 = 0.0, 0.0020125798227180044
construct_constant_piece in x1, x2 = 0.0, 0.0020125798227180044
construct_constant_piece in x1, x2 = 0.0, 0.0020125798227180053
construct_constant_piece in x1, x2 = 0.0, 0.0020125798227180053
construct_constant_piece in x1, x2 = 0.0, 0.0020125798227180044
construct_constant_piece in x1, x2 = 0.0, 0.0020125798227180044
construct_constant_piece in x1, x2 = 0.0, 0.0020125798227180044
construct_constant_piece in x1, x2 = 0.0, 0.0020125798227180053
construct_constant_piece in x1, x2 = 0.0, 0.0020125798227180044
construct_constant_piece in x1, x2 = 0.0, 0.0020125798227180044
construct_constant_piece in x1, x2 = 0.0, 0.0020125798227180044
construct_constant_piece in x1, x2 = 0.0, 0.0020125798227180044
construct_constant_piece in x1, x2 = 0.0, 0.0020125798227180044
construct_constant_piece in x1, x2 = 0.0, 0.0020125798227180053
construct_constant_piece in x1, x2 = 0.0, 0.0020125798227180044
construct_constant_piece in x1, x2 = 0.0, 0.0020125798227180044
construct_constant_piece in x1, x2 = 0.0, 0.0020125798227180044
construct_constant_piece in x1, x2 = 0.0, 0.0020125798227180044
construct_constant_piece in x1, x2 = 0.0, 0.0020125798227180044
construct_constant_piece in x1, x2 = 0.0, 0.0020125798227180044
construct_constant_piece in x1, x2 = 0.0, 0.0020125798227180044
construct_constant_piece in x1, x2 = 0.0, 0.0020125798227180044
construct_constant_piece in x1, x2 = 0.0, 0.0020125798227180053
construct_constant_piece in x1, x2 = 0.0, 0.0020125798227180053
construct_constant_piece in x1, x2 = 0.0, 0.0020125798227180044
construct_constant_piece in x1, x2 = 0.0, 0.0020125798227180044
construct_constant_piece in x1, x2 = 0.0, 0.0020125798227180044
construct_constant_piece in x1, x2 = 0.0, 0.002012579822718005
construct_constant_piece in x1, x2 = 0.0, 0.0020125798227180044
construct_constant_piece in x1, x2 = 0.0, 0.0020125798227180044
construct_constant_piece in x1, x2 = 0.0, 0.0020125798227180044
construct_constant_piece in x1, x2 = 0.0, 0.0020125798227180044
construct_constant_piece in x1, x2 = 0.0, 0.0020125798227180044
construct_constant_piece in x1, x2 = 0.0, 0.0020125798227180053
construct_constant_piece in x1, x2 = 0.0, 0.0020125798227180053
construct_constant_piece in x1, x2 = 0.0, 0.0020125798227180044
construct_constant_piece in x1, x2 = 0.0, 0.002012579822718005
construct_constant_piece in x1, x2 = 0.0, 0.0020125798227180053
construct_constant_piece in x1, x2 = 0.0, 0.0020125798227180053
construct_constant_piece in x1, x2 = 0.0, 0.0020125798227180044
construct_constant_piece in x1, x2 = 0.0, 0.0020125798227180044
construct_constant_piece in x1, x2 = 0.0, 0.0020125798227180053
construct_constant_piece in x1, x2 = 0.0, 0.0020125798227180053
construct_constant_piece in x1, x2 = 0.0, 0.0020125798227180053
construct_constant_piece in x1, x2 = 0.0, 0.0020125798227180044
construct_constant_piece in x1, x2 = 0.0, 0.0020125798227180053
construct_constant_piece in x1, x2 = 0.0, 0.0020125798227180044
construct_constant_piece in x1, x2 = 0.0, 0.0020125798227180053
construct_constant_piece in x1, x2 = 0.0, 0.0020125798227180044
construct_constant_piece in x1, x2 = 0.0, 0.0020125798227180053
construct_constant_piece in x1, x2 = 0.0, 0.0020125798227180053
construct_constant_piece in x1, x2 = 0.0, 0.0020125798227180053
construct_constant_piece in x1, x2 = 0.0, 0.0020125798227180053
construct_constant_piece in x1, x2 = 0.0, 0.002012579822718005
construct_constant_piece in x1, x2 = 0.0, 0.0020125798227180044
construct_constant_piece in x1, x2 = 0.0, 0.0020125798227180044
construct_constant_piece in x1, x2 = 0.0, 0.0020125798227180044
construct_constant_piece in x1, x2 = 0.0, 0.0020125798227180044
construct_constant_piece in x1, x2 = 0.0, 0.0020125798227180044
construct_constant_piece in x1, x2 = 0.0, 0.0020125798227180044
construct_constant_piece in x1, x2 = 0.0, 0.0020125798227180044
construct_constant_piece in x1, x2 = 0.0, 0.0020125798227180044
construct_constant_piece in x1, x2 = 0.0, 0.0020125798227180053
construct_constant_piece in x1, x2 = 0.0, 0.0020125798227180053
construct_constant_piece in x1, x2 = 0.0, 0.0020125798227180044
construct_constant_piece in x1, x2 = 0.0, 0.0020125798227180044
construct_constant_piece in x1, x2 = 0.0, 0.0020125798227180044
construct_constant_piece in x1, x2 = 0.0, 0.0020125798227180053
construct_constant_piece in x1, x2 = 0.0, 0.0020125798227180044
construct_constant_piece in x1, x2 = 0.0, 0.0020125798227180044
construct_constant_piece in x1, x2 = 0.0, 0.0020125798227180044
construct_constant_piece in x1, x2 = 0.0, 0.0020125798227180044
construct_constant_piece in x1, x2 = 0.0, 0.0020125798227180044
construct_constant_piece in x1, x2 = 0.0, 0.0020125798227180053
construct_constant_piece in x1, x2 = 0.0, 0.0020125798227180044
construct_constant_piece in x1, x2 = 0.0, 0.0020125798227180044
construct_constant_piece in x1, x2 = 0.0, 0.0020125798227180044
construct_constant_piece in x1, x2 = 0.0, 0.002012579822718005
construct_constant_piece in x1, x2 = 0.0, 0.0020125798227180044
construct_constant_piece in x1, x2 = 0.0, 0.0020125798227180044
construct_constant_piece in x1, x2 = 0.0, 0.0020125798227180044
construct_constant_piece in x1, x2 = 0.0, 0.0020125798227180044
construct_constant_piece in x1, x2 = 0.0, 0.002012579822718005
construct_constant_piece in x1, x2 = 0.0, 0.0020125798227180053
construct_constant_piece in x1, x2 = 0.0, 0.0020125798227180044
construct_constant_piece in x1, x2 = 0.0, 0.0020125798227180044
construct_constant_piece in x1, x2 = 0.0, 0.0020125798227180044
construct_constant_piece in x1, x2 = 0.0, 0.0020125798227180053
construct_constant_piece in x1, x2 = 0.0, 0.0020125798227180044
construct_constant_piece in x1, x2 = 0.0, 0.0020125798227180044
construct_constant_piece in x1, x2 = 0.0, 0.0020125798227180044
construct_constant_piece in x1, x2 = 0.0, 0.0020125798227180053
construct_constant_piece in x1, x2 = 0.0, 0.0020125798227180044
construct_constant_piece in x1, x2 = 0.0, 0.002012579822718005
construct_constant_piece in x1, x2 = 0.0, 0.0020125798227180044
construct_constant_piece in x1, x2 = 0.0, 0.0020125798227180044
construct_constant_piece in x1, x2 = 0.0, 0.0020125798227180044
construct_constant_piece in x1, x2 = 0.0, 0.0020125798227180053
construct_constant_piece in x1, x2 = 0.0, 0.0020125798227180044
construct_constant_piece in x1, x2 = 0.0, 0.0020125798227180044
construct_constant_piece in x1, x2 = 0.0, 0.0020125798227180044
construct_constant_piece in x1, x2 = 0.0, 0.0020125798227180044
construct_constant_piece in x1, x2 = 0.0, 0.0020125798227180053
construct_constant_piece in x1, x2 = 0.0, 0.0020125798227180053
construct_constant_piece in x1, x2 = 0.0, 0.0020125798227180044
construct_constant_piece in x1, x2 = 0.0, 0.002012579822718005
construct_constant_piece in x1, x2 = 0.0, 0.0020125798227180044
construct_constant_piece in x1, x2 = 0.0, 0.0020125798227180053
construct_constant_piece in x1, x2 = 0.0, 0.0020125798227180044
construct_constant_piece in x1, x2 = 0.0, 0.0020125798227180044
construct_constant_piece in x1, x2 = 0.0, 0.0020125798227180044
construct_constant_piece in x1, x2 = 0.0, 0.002012579822718005
construct_constant_piece in x1, x2 = 0.0, 0.0020125798227180044
construct_constant_piece in x1, x2 = 0.0, 0.002012579822718005
construct_constant_piece in x1, x2 = 0.0, 0.002012579822718005
construct_constant_piece in x1, x2 = 0.0, 0.0020125798227180053
construct_constant_piece in x1, x2 = 0.0, 0.0020125798227180053
construct_constant_piece in x1, x2 = 0.0, 0.0020125798227180053
construct_constant_piece in x1, x2 = 0.0, 0.002012579822718005
construct_constant_piece in x1, x2 = 0.0, 0.0020125798227180053
construct_constant_piece in x1, x2 = 0.0, 0.002012579822718005
construct_constant_piece in x1, x2 = 0.0, 0.0020125798227180053
construct_constant_piece in x1, x2 = 0.0, 0.0020125798227180053
construct_constant_piece in x1, x2 = 0.0, 0.0020125798227180053
construct_constant_piece in x1, x2 = 0.0, 0.0020125798227180053
construct_constant_piece in x1, x2 = 0.0, 0.0020125798227180053
construct_constant_piece in x1, x2 = 0.0, 0.0020125798227180053
construct_constant_piece in x1, x2 = 0.0, 0.0020125798227180053
construct_constant_piece in x1, x2 = 0.0, 0.0020125798227180053
construct_constant_piece in x1, x2 = 0.0, 0.0020125798227180053
construct_constant_piece in x1, x2 = 0.0, 0.002012579822718005
construct_constant_piece in x1, x2 = 0.0, 0.002012579822718005
construct_constant_piece in x1, x2 = 0.0, 0.0020125798227180053
construct_constant_piece in x1, x2 = 0.0, 0.0020125798227180053
construct_constant_piece in x1, x2 = 0.0, 0.0020125798227180044
construct_constant_piece in x1, x2 = 0.0, 0.0020125798227180044
construct_constant_piece in x1, x2 = 0.0, 0.0020125798227180044
construct_constant_piece in x1, x2 = 0.0, 0.002012579822718005
construct_constant_piece in x1, x2 = 0.0, 0.0020125798227180044
construct_constant_piece in x1, x2 = 0.0, 0.0020125798227180044
construct_constant_piece in x1, x2 = 0.0, 0.0020125798227180044
construct_constant_piece in x1, x2 = 0.0, 0.0020125798227180044
construct_constant_piece in x1, x2 = 0.0, 0.0020125798227180044
construct_constant_piece in x1, x2 = 0.0, 0.0020125798227180053
construct_constant_piece in x1, x2 = 0.0, 0.0020125798227180044
construct_constant_piece in x1, x2 = 0.0, 0.0020125798227180044
construct_constant_piece in x1, x2 = 0.0, 0.0020125798227180044
construct_constant_piece in x1, x2 = 0.0, 0.0020125798227180053
construct_constant_piece in x1, x2 = 0.0, 0.0020125798227180044
construct_constant_piece in x1, x2 = 0.0, 0.0020125798227180044
construct_constant_piece in x1, x2 = 0.0, 0.0020125798227180044
construct_constant_piece in x1, x2 = 0.0, 0.0020125798227180044
construct_constant_piece in x1, x2 = 0.0, 0.0020125798227180044
construct_constant_piece in x1, x2 = 0.0, 0.002012579822718005
construct_constant_piece in x1, x2 = 0.0, 0.0020125798227180044
construct_constant_piece in x1, x2 = 0.0, 0.0020125798227180044
construct_constant_piece in x1, x2 = 0.0, 0.0020125798227180044
construct_constant_piece in x1, x2 = 0.0, 0.0020125798227180044
construct_constant_piece in x1, x2 = 0.0, 0.0020125798227180044
construct_constant_piece in x1, x2 = 0.0, 0.0020125798227180044
construct_constant_piece in x1, x2 = 0.0, 0.0020125798227180044
construct_constant_piece in x1, x2 = 0.0, 0.0020125798227180044
construct_constant_piece in x1, x2 = 0.0, 0.0020125798227180053
construct_constant_piece in x1, x2 = 0.0, 0.0020125798227180053
construct_constant_piece in x1, x2 = 0.0, 0.0020125798227180044
construct_constant_piece in x1, x2 = 0.0, 0.0020125798227180044
construct_constant_piece in x1, x2 = 0.0, 0.0020125798227180044
construct_constant_piece in x1, x2 = 0.0, 0.0020125798227180053
construct_constant_piece in x1, x2 = 0.0, 0.0020125798227180044
construct_constant_piece in x1, x2 = 0.0, 0.0020125798227180044
construct_constant_piece in x1, x2 = 0.0, 0.0020125798227180044
construct_constant_piece in x1, x2 = 0.0, 0.0020125798227180044
construct_constant_piece in x1, x2 = 0.0, 0.002012579822718005
construct_constant_piece in x1, x2 = 0.0, 0.0020125798227180053
construct_constant_piece in x1, x2 = 0.0, 0.0020125798227180044
construct_constant_piece in x1, x2 = 0.0, 0.0020125798227180044
construct_constant_piece in x1, x2 = 0.0, 0.0020125798227180044
construct_constant_piece in x1, x2 = 0.0, 0.0020125798227180053
construct_constant_piece in x1, x2 = 0.0, 0.0020125798227180044
construct_constant_piece in x1, x2 = 0.0, 0.0020125798227180044
construct_constant_piece in x1, x2 = 0.0, 0.0020125798227180044
construct_constant_piece in x1, x2 = 0.0, 0.0020125798227180044
construct_constant_piece in x1, x2 = 0.0, 0.0020125798227180053
construct_constant_piece in x1, x2 = 0.0, 0.0020125798227180053
construct_constant_piece in x1, x2 = 0.0, 0.0020125798227180044
construct_constant_piece in x1, x2 = 0.0, 0.0020125798227180044
construct_constant_piece in x1, x2 = 0.0, 0.0020125798227180044
construct_constant_piece in x1, x2 = 0.0, 0.0020125798227180053
construct_constant_piece in x1, x2 = 0.0, 0.0020125798227180044
construct_constant_piece in x1, x2 = 0.0, 0.0020125798227180044
construct_constant_piece in x1, x2 = 0.0, 0.0020125798227180044
construct_constant_piece in x1, x2 = 0.0, 0.002012579822718005
construct_constant_piece in x1, x2 = 0.0, 0.0020125798227180044
construct_constant_piece in x1, x2 = 0.0, 0.0020125798227180053
construct_constant_piece in x1, x2 = 0.0, 0.0020125798227180053
construct_constant_piece in x1, x2 = 0.0, 0.0020125798227180053
construct_constant_piece in x1, x2 = 0.0, 0.0020125798227180053
construct_constant_piece in x1, x2 = 0.0, 0.0020125798227180053
construct_constant_piece in x1, x2 = 0.0, 0.0020125798227180053
construct_constant_piece in x1, x2 = 0.0, 0.0020125798227180053
construct_constant_piece in x1, x2 = 0.0, 0.0020125798227180053
construct_constant_piece in x1, x2 = 0.0, 0.0020125798227180053
construct_constant_piece in x1, x2 = 0.0, 0.0020125798227180053
construct_constant_piece in x1, x2 = 0.0, 0.0020125798227180053
construct_constant_piece in x1, x2 = 0.0, 0.002012579822718005
construct_constant_piece in x1, x2 = 0.0, 0.0020125798227180053
construct_constant_piece in x1, x2 = 0.0, 0.0020125798227180053
construct_constant_piece in x1, x2 = 0.0, 0.0020125798227180053
construct_constant_piece in x1, x2 = 0.0, 0.0020125798227180053
construct_constant_piece in x1, x2 = 0.0, 0.0020125798227180053
construct_constant_piece in x1, x2 = 0.0, 0.0020125798227180053
construct_constant_piece in x1, x2 = 0.0, 0.0020125798227180053
construct_constant_piece in x1, x2 = 0.0, 0.0020125798227180053
construct_constant_piece in x1, x2 = 0.0, 0.0020125798227180053
construct_constant_piece in x1, x2 = 0.0, 0.0020125798227180053
construct_constant_piece in x1, x2 = 0.0, 0.0020125798227180053
construct_constant_piece in x1, x2 = 0.0, 0.0020125798227180053
construct_constant_piece in x1, x2 = 0.0, 0.0020125798227180053
construct_constant_piece in x1, x2 = 0.0, 0.0020125798227180053
construct_constant_piece in x1, x2 = 0.0, 0.002012579822718005
construct_constant_piece in x1, x2 = 0.0, 0.0020125798227180053
construct_constant_piece in x1, x2 = 0.0, 0.0020125798227180053
construct_constant_piece in x1, x2 = 0.0, 0.0020125798227180053
construct_constant_piece in x1, x2 = 0.0, 0.0020125798227180053
construct_constant_piece in x1, x2 = 0.0, 0.0020125798227180053
construct_constant_piece in x1, x2 = 0.0, 0.002012579822718005
construct_constant_piece in x1, x2 = 0.0, 0.0020125798227180053
construct_constant_piece in x1, x2 = 0.0, 0.0020125798227180053
construct_constant_piece in x1, x2 = 0.0, 0.0020125798227180053
construct_constant_piece in x1, x2 = 0.0, 0.002012579822718005
construct_constant_piece in x1, x2 = 0.0, 0.0020125798227180053
construct_constant_piece in x1, x2 = 0.0, 0.0020125798227180053
construct_constant_piece in x1, x2 = 0.0, 0.0020125798227180053
construct_constant_piece in x1, x2 = 0.0, 0.0020125798227180053
construct_constant_piece in x1, x2 = 0.0, 0.0020125798227180053
construct_constant_piece in x1, x2 = 0.0, 0.0020125798227180044
construct_constant_piece in x1, x2 = 0.0, 0.0020125798227180044
construct_constant_piece in x1, x2 = 0.0, 0.002012579822718005
construct_constant_piece in x1, x2 = 0.0, 0.0020125798227180053
construct_constant_piece in x1, x2 = 0.0, 0.002012579822718005
construct_constant_piece in x1, x2 = 0.0, 0.0020125798227180044
construct_constant_piece in x1, x2 = 0.0, 0.0020125798227180053
construct_constant_piece in x1, x2 = 0.0, 0.0020125798227180053
construct_constant_piece in x1, x2 = 0.0, 0.0020125798227180053
construct_constant_piece in x1, x2 = 0.0, 0.0020125798227180044
construct_constant_piece in x1, x2 = 0.0, 0.0020125798227180053
construct_constant_piece in x1, x2 = 0.0, 0.0020125798227180044
construct_constant_piece in x1, x2 = 0.0, 0.0020125798227180053
construct_constant_piece in x1, x2 = 0.0, 0.0020125798227180044
construct_constant_piece in x1, x2 = 0.0, 0.0020125798227180053
construct_constant_piece in x1, x2 = 0.0, 0.0020125798227180053
construct_constant_piece in x1, x2 = 0.0, 0.0020125798227180053
construct_constant_piece in x1, x2 = 0.0, 0.0020125798227180053
Iteration 1	LB = -1.0e20	UB = 1.0e20	CPU = 47.640274016000006, #pieces = 2800
Iteration 2	LB = 164.18821717347578	UB = 201.11073485404108	CPU = 69.318790019, #pieces = 2833
Iteration 3	LB = 167.88246701653586	UB = 200.00762824653643	CPU = 112.41130636700001, #pieces = 2890
Iteration 4	LB = 171.97757324448577	UB = 198.966831774049	CPU = 129.52768332, #pieces = 2991
Iteration 5	LB = 175.03942326247451	UB = 198.37222125657527	CPU = 142.883127973, #pieces = 3024
Iteration 6	LB = 175.99538608543344	UB = 197.4820928252382	CPU = 178.466270623, #pieces = 3157
Iteration 7	LB = 178.9019668634175	UB = 196.3379218597235	CPU = 189.32939111200002, #pieces = 3315
Iteration 8	LB = 180.8938481571326	UB = 195.05435738754971	CPU = 215.037166963, #pieces = 3593
Iteration 9	LB = 182.96510569827356	UB = 193.4857765385627	CPU = 260.525068916, #pieces = 3816
Iteration 10	LB = 185.44619770225586	UB = 192.5517547358537	CPU = 272.827450739, #pieces = 3919
Iteration 11	LB = 186.23111310930705	UB = 191.9366234086698	CPU = 306.015336615, #pieces = 4034
Iteration 12	LB = 186.8321909114667	UB = 191.9366234086698	CPU = 324.545381717, #pieces = 4053
Iteration 13	LB = 186.93408599564808	UB = 191.58169863261054	CPU = 367.00444638700003, #pieces = 4071
Iteration 14	LB = 186.9561714054723	UB = 191.4756883735385	CPU = 385.182916815, #pieces = 4082
Iteration 15	LB = 187.01993422398652	UB = 191.3748016245069	CPU = 397.04354835000004, #pieces = 4089
Iteration 16	LB = 187.01993422398652	UB = 190.97929504860045	CPU = 413.680404441, #pieces = 4328
Iteration 17	LB = 187.96103859083595	UB = 190.97929504860045	CPU = 427.202333946, #pieces = 4337
Iteration 18	LB = 187.97986473146094	UB = 190.97929504860045	CPU = 442.327765095, #pieces = 4453
Iteration 19	LB = 188.4735215796991	UB = 190.97929504860045	CPU = 464.40318514200004, #pieces = 4507
Iteration 20	LB = 188.58416529113057	UB = 190.81221856115425	CPU = 482.19922740500004, #pieces = 4518
Iteration 21	LB = 188.597550448208	UB = 190.6183941527415	CPU = 552.165316604, #pieces = 4638
Iteration 22	LB = 188.8424469081465	UB = 190.6183941527415	CPU = 632.438348088, #pieces = 4640
Iteration 23	LB = 188.84742096338286	UB = 190.6183941527415	CPU = 690.141621715, #pieces = 4643
Iteration 24	LB = 188.84742096338286	UB = 190.53031577493547	CPU = 755.916259532, #pieces = 4668
Iteration 25	LB = 188.86832035096802	UB = 190.45392415953924	CPU = 785.994299864, #pieces = 4879
Iteration 26	LB = 189.1931095790855	UB = 190.45392415953924	CPU = 894.4818428140001, #pieces = 4884
Iteration 27	LB = 189.20388150608244	UB = 190.45392415953924	CPU = 939.7615117570001, #pieces = 4909
Iteration 28	LB = 189.2163031004754	UB = 190.43675459615952	CPU = 959.471379055, #pieces = 4920
Iteration 29	LB = 189.23083985737756	UB = 190.3822885710939	CPU = 1018.6048939970001, #pieces = 4964
Iteration 30	LB = 189.2840466836419	UB = 190.2355173190735	CPU = 1042.975953589, #pieces = 5235
Iteration 31	LB = 189.50161215378031	UB = 190.2355173190735	CPU = 1140.0439883180002, #pieces = 5238
Iteration 32	LB = 189.50366539099718	UB = 190.2355173190735	CPU = 1253.78445772, #pieces = 5255
Iteration 33	LB = 189.51286294582673	UB = 190.21724352955127	CPU = 1454.191081942, #pieces = 5358
Iteration 34	LB = 189.59868403696828	UB = 190.11447931532805	CPU = 1511.347386613, #pieces = 5608
Iteration 35	LB = 189.6986921914954	UB = 190.1020480964736	CPU = 1587.047827648, #pieces = 5621
Iteration 36	LB = 189.7026047019592	UB = 190.0508338875028	CPU = 1611.5013119110001, #pieces = 5929
Iteration 37	LB = 189.79757043119673	UB = 190.0508338875028	CPU = 1747.2981820100001, #pieces = 5934
Iteration 38	LB = 189.7984348684514	UB = 190.02910915312856	CPU = 1859.0535675180001, #pieces = 5972
Iteration 39	LB = 189.8097113908315	UB = 190.01346058568794	CPU = 1945.6130708100002, #pieces = 6143
Iteration 40	LB = 189.84168632762456	UB = 190.00085048311774	CPU = 2231.0972097430003, #pieces = 6152
Iteration 41	LB = 189.84304246222894	UB = 190.00085048311774	CPU = 2305.3837948580003, #pieces = 6156
Iteration 42	LB = 189.84355158328162	UB = 189.98557605702504	CPU = 2339.482316812, #pieces = 6469
Iteration 43	LB = 189.88099344413376	UB = 189.98557605702504	CPU = 2714.534766099, #pieces = 6486
Iteration 44	LB = 189.8823578579835	UB = 189.9719974034249	CPU = 2842.4178056, #pieces = 6741
Iteration 45	LB = 189.90440101016645	UB = 189.9676196013638	CPU = 3339.312980812, #pieces = 6763
WRITING LOG...
(164.18821717347578, 201.11073485404108, 0.0, 0.0, 18.359297283341107, 18.359297283341107, 2800, 1, 0.8533880720000001, 48.528371486000005)
(167.88246701653586, 200.00762824653643, 0.0, 0.0, 16.06196799174178, 16.06196799174178, 2833, 2, 1.814571447, 70.281167988)
(171.97757324448577, 198.966831774049, 0.0, 0.0, 13.564702362156936, 13.564702362156936, 2890, 3, 3.023486858, 113.62143105700001)
(175.03942326247451, 198.37222125657527, 0.0, 0.0, 11.762129720734459, 11.762129720734459, 2991, 4, 6.247020368, 132.752518978)
(175.99538608543344, 197.4820928252382, 0.0, 0.0, 10.88033169610949, 10.88033169610949, 3024, 5, 10.207522619, 146.84497078700002)
(178.9019668634175, 196.3379218597235, 0.0, 0.0, 8.880584469445175, 8.880584469445175, 3157, 6, 13.26444197, 181.52454877000002)
(180.8938481571326, 195.05435738754971, 0.0, 0.0, 7.259775900459315, 7.259775900459315, 3315, 7, 20.78949076, 196.856099056)
(182.96510569827356, 193.4857765385627, 0.0, 0.0, 5.437438879747483, 5.437438879747483, 3593, 8, 53.407478637000004, 247.65685254500002)
(185.44619770225586, 192.5517547358537, 0.0, 0.0, 3.6902063257462343, 3.6902063257462343, 3816, 9, 60.294586487000004, 267.41372552900003)
(186.23111310930705, 191.9366234086698, 0.0, 0.0, 2.972601162840413, 2.972601162840413, 3919, 10, 81.617708551, 294.152510079)
(186.8321909114667, 191.9366234086698, 0.0, 0.0, 2.8657538525892505, 2.6594364361275464, 4034, 11, 95.94959577200001, 320.348844701)
(186.93408599564808, 191.58169863261054, 0.0, 0.0, 2.4259168125839756, 2.4259168125839756, 4053, 12, 138.30146414400002, 366.899334576)
(186.9561714054723, 191.4756883735385, 0.0, 0.0, 2.3603607363715766, 2.3603607363715766, 4071, 13, 153.469278824, 382.17415837100003)
(187.01993422398652, 191.3748016245069, 0.0, 0.0, 2.2755699097026216, 2.2755699097026216, 4082, 14, 165.282529498, 396.997815197)
(187.01993422398652, 190.97929504860045, 0.0, 0.0, 2.075557078919285, 2.0731885221412854, 4089, 15, 174.674287595, 406.43705301100005)
(187.96103859083595, 190.97929504860045, 0.0, 0.0, 1.8709794487120421, 1.580410304162243, 4328, 16, 188.084460269, 427.092128575)
(187.97986473146094, 190.97929504860045, 0.0, 0.0, 1.5826968584662842, 1.570552617432281, 4337, 17, 202.82533818000002, 441.94507911000005)
(188.4735215796991, 190.97929504860045, 0.0, 0.0, 1.4177781735156556, 1.312065513836811, 4453, 18, 224.74311990500001, 464.247290491)
(188.58416529113057, 190.81221856115425, 0.0, 0.0, 1.1676680281926497, 1.1676680281926497, 4507, 19, 242.47671867100001, 482.13817721500004)
(188.597550448208, 190.6183941527415, 0.0, 0.0, 1.0601514683384643, 1.0601514683384643, 4518, 20, 309.398106831, 549.1230622080001)
(188.8424469081465, 190.6183941527415, 0.0, 0.0, 1.1255551310539489, 0.9316767421573865, 4638, 21, 389.622392059, 632.392127841)
(188.84742096338286, 190.6183941527415, 0.0, 0.0, 1.2228481569421439, 0.9290673112792939, 4640, 22, 444.426489237, 687.24498541)
(188.84742096338286, 190.53031577493547, 0.0, 0.0, 0.9151199717907373, 0.883268788333159, 4643, 23, 510.037941385, 755.755773264)
(188.86832035096802, 190.45392415953924, 0.0, 0.0, 0.8325393218167532, 0.8325393218167532, 4668, 24, 530.778678224, 776.658764678)
(189.1931095790855, 190.45392415953924, 0.0, 0.0, 0.8556082567507773, 0.6620050419111251, 4879, 25, 639.217038946, 894.4351312550001)
(189.20388150608244, 190.45392415953924, 0.0, 0.0, 0.6933097142627126, 0.6563491190707458, 4884, 26, 681.679274464, 936.9467255080001)
(189.2163031004754, 190.43675459615952, 0.0, 0.0, 0.6408697198564542, 0.6408697198564542, 4909, 27, 701.322939572, 959.40681042)
(189.23083985737756, 190.3822885710939, 0.0, 0.0, 0.6048087363370287, 0.6048087363370287, 4920, 28, 760.268107795, 1018.4192506820001)
(189.2840466836419, 190.2355173190735, 0.0, 0.0, 0.5001540452804855, 0.5001540452804855, 4964, 29, 781.1679533, 1039.506695888)
(189.50161215378031, 190.2355173190735, 0.0, 0.0, 0.44580626993521183, 0.3857876676426484, 5235, 30, 878.19118511, 1140.001627956)
(189.50366539099718, 190.2355173190735, 0.0, 0.0, 0.4443616301319577, 0.3847083543546747, 5238, 31, 991.8218022359999, 1253.677341924)
(189.51286294582673, 190.21724352955127, 0.0, 0.0, 0.37030322312241565, 0.37030322312241565, 5255, 32, 1191.8607097039999, 1453.826028746)
(189.59868403696828, 190.11447931532805, 0.0, 0.0, 0.2713077300673483, 0.2713077300673483, 5358, 33, 1245.910707976, 1508.2436360410002)
(189.6986921914954, 190.1020480964736, 0.0, 0.0, 0.21217862143888527, 0.21217862143888527, 5608, 34, 1321.472974243, 1586.9124871390002)
(189.7026047019592, 190.0508338875028, 0.0, 0.0, 0.18322949624610949, 0.18322949624610949, 5621, 35, 1344.814410949, 1610.3910982720001)
(189.79757043119673, 190.0508338875028, 0.0, 0.0, 0.17016780116912153, 0.1332609024257021, 5929, 36, 1480.534576195, 1747.2242771360002)
(189.7984348684514, 190.02910915312856, 0.0, 0.0, 0.1213889207317542, 0.1213889207317542, 5934, 37, 1592.097501063, 1858.863936314)
(189.8097113908315, 190.01346058568794, 0.0, 0.0, 0.10722882169948171, 0.10722882169948171, 5972, 38, 1675.517291122, 1942.476168593)
(189.84168632762456, 190.00085048311774, 0.0, 0.0, 0.08377023317973471, 0.08377023317973471, 6143, 39, 1960.910320819, 2231.008870996)
(189.84304246222894, 190.00085048311774, 0.0, 0.0, 0.09027866902373648, 0.08305648131971388, 6152, 40, 2035.135363679, 2305.3248379720003)
(189.84355158328162, 189.98557605702504, 0.0, 0.0, 0.07475539811548092, 0.07475539811548092, 6156, 41, 2062.476896949, 2332.727908373)
(189.88099344413376, 189.98557605702504, 0.0, 0.0, 0.057505874689861534, 0.05504765943909708, 6469, 42, 2437.385631616, 2714.3938538760003)
(189.8823578579835, 189.9719974034249, 0.0, 0.0, 0.04718566244847224, 0.04718566244847224, 6486, 43, 2560.389171838, 2837.541336864)
(189.90440101016645, 189.9676196013638, 0.0, 0.0, 0.0332786141817229, 0.0332786141817229, 6741, 44, 3057.128073884, 3339.159310938)
(189.90440101016645, 189.9676196013638, -1.0, 0.0, 0.0332786141817229, 0.0332786141817229, 6763, 45, 3318.840634637, 3601.025623507)
