solving instance transportation 20 8 exp
The latest version of Julia in the `1.10` channel is 1.10.6+0.x64.linux.gnu. You currently have `1.10.5+0.x64.linux.gnu` installed. Run:

  juliaup update

in your terminal shell to install Julia 1.10.6+0.x64.linux.gnu and update the `1.10` channel to that version.
Set parameter TokenServer to value "licences.gerad.lan"
Set parameter TokenServer to value "licences.gerad.lan"
Set parameter TokenServer to value "licences.gerad.lan"
Set parameter FeasibilityTol to value 1e-09
Set parameter MIPGap to value 1e-09
Set parameter Threads to value 1
Set parameter OptimalityTol to value 1e-09
Set parameter IntFeasTol to value 1e-09
Set parameter TimeLimit to value 3245.462226515
12.5 + 37.5 / (1 + 11.0 * exp(-0.45454545454545453 * (x + -2.2)))
38.5 + 115.5 / (1 + 3.0 * exp(-1.6666666666666667 * (x + -0.6)))
22.5 + 67.5 / (1 + 6.5 * exp(-0.7692307692307693 * (x + -1.3)))
26.0 + 78.0 / (1 + 11.0 * exp(-0.45454545454545453 * (x + -2.2)))
24.0 + 72.0 / (1 + 1.5 * exp(-3.3333333333333335 * (x + -0.3)))
26.0 + 78.0 / (1 + 11.0 * exp(-0.45454545454545453 * (x + -2.2)))
28.5 + 85.5 / (1 + 5.5 * exp(-0.9090909090909091 * (x + -1.1)))
45.0 + 135.0 / (1 + 4.0 * exp(-1.25 * (x + -0.8)))
42.0 + 126.0 / (1 + 7.5 * exp(-0.6666666666666666 * (x + -1.5)))
28.5 + 85.5 / (1 + 6.5 * exp(-0.7692307692307693 * (x + -1.3)))
44.0 + 132.0 / (1 + 11.0 * exp(-0.45454545454545453 * (x + -2.2)))
10.0 + 30.0 / (1 + 11.0 * exp(-0.45454545454545453 * (x + -2.2)))
51.5 + 154.5 / (1 + 11.0 * exp(-0.45454545454545453 * (x + -2.2)))
36.5 + 109.5 / (1 + 4.0 * exp(-1.25 * (x + -0.8)))
43.0 + 129.0 / (1 + 0.5 * exp(-10.0 * (x + -0.1)))
44.5 + 133.5 / (1 + 11.0 * exp(-0.45454545454545453 * (x + -2.2)))
43.0 + 129.0 / (1 + 2.5 * exp(-2.0 * (x + -0.5)))
1.0 + 3.0 / (1 + 11.0 * exp(-0.45454545454545453 * (x + -2.2)))
29.0 + 87.0 / (1 + 11.0 * exp(-0.45454545454545453 * (x + -2.2)))
11.0 + 33.0 / (1 + 2.0 * exp(-2.5 * (x + -0.4)))
38.0 + 114.0 / (1 + 21.0 * exp(-0.23809523809523808 * (x + -4.2)))
20.5 + 61.5 / (1 + 3.0 * exp(-1.6666666666666667 * (x + -0.6)))
36.0 + 108.0 / (1 + 6.5 * exp(-0.7692307692307693 * (x + -1.3)))
24.0 + 72.0 / (1 + 21.0 * exp(-0.23809523809523808 * (x + -4.2)))
26.0 + 78.0 / (1 + 1.5 * exp(-3.3333333333333335 * (x + -0.3)))
34.5 + 103.5 / (1 + 11.5 * exp(-0.43478260869565216 * (x + -2.3)))
13.5 + 40.5 / (1 + 5.5 * exp(-0.9090909090909091 * (x + -1.1)))
32.5 + 97.5 / (1 + 4.0 * exp(-1.25 * (x + -0.8)))
9.5 + 28.5 / (1 + 7.5 * exp(-0.6666666666666666 * (x + -1.5)))
12.0 + 36.0 / (1 + 6.5 * exp(-0.7692307692307693 * (x + -1.3)))
27.0 + 81.0 / (1 + 21.0 * exp(-0.23809523809523808 * (x + -4.2)))
42.0 + 126.0 / (1 + 21.0 * exp(-0.23809523809523808 * (x + -4.2)))
11.0 + 33.0 / (1 + 21.0 * exp(-0.23809523809523808 * (x + -4.2)))
5.0 + 15.0 / (1 + 4.0 * exp(-1.25 * (x + -0.8)))
35.0 + 105.0 / (1 + 0.5 * exp(-10.0 * (x + -0.1)))
8.0 + 24.0 / (1 + 21.0 * exp(-0.23809523809523808 * (x + -4.2)))
11.5 + 34.5 / (1 + 2.5 * exp(-2.0 * (x + -0.5)))
40.5 + 121.5 / (1 + 17.0 * exp(-0.29411764705882354 * (x + -3.4)))
23.0 + 69.0 / (1 + 21.0 * exp(-0.23809523809523808 * (x + -4.2)))
49.5 + 148.5 / (1 + 2.0 * exp(-2.5 * (x + -0.4)))
18.0 + 54.0 / (1 + 36.5 * exp(-0.136986301369863 * (x + -7.3)))
10.0 + 30.0 / (1 + 3.0 * exp(-1.6666666666666667 * (x + -0.6)))
14.5 + 43.5 / (1 + 6.5 * exp(-0.7692307692307693 * (x + -1.3)))
0.5 + 1.5 / (1 + 36.5 * exp(-0.136986301369863 * (x + -7.3)))
29.0 + 87.0 / (1 + 1.5 * exp(-3.3333333333333335 * (x + -0.3)))
38.5 + 115.5 / (1 + 11.5 * exp(-0.43478260869565216 * (x + -2.3)))
14.0 + 42.0 / (1 + 5.5 * exp(-0.9090909090909091 * (x + -1.1)))
47.5 + 142.5 / (1 + 4.0 * exp(-1.25 * (x + -0.8)))
19.0 + 57.0 / (1 + 7.5 * exp(-0.6666666666666666 * (x + -1.5)))
23.0 + 69.0 / (1 + 6.5 * exp(-0.7692307692307693 * (x + -1.3)))
40.5 + 121.5 / (1 + 30.0 * exp(-0.16666666666666666 * (x + -6.0)))
36.0 + 108.0 / (1 + 36.5 * exp(-0.136986301369863 * (x + -7.3)))
30.5 + 91.5 / (1 + 36.5 * exp(-0.136986301369863 * (x + -7.3)))
19.0 + 57.0 / (1 + 4.0 * exp(-1.25 * (x + -0.8)))
47.0 + 141.0 / (1 + 0.5 * exp(-10.0 * (x + -0.1)))
25.0 + 75.0 / (1 + 36.5 * exp(-0.136986301369863 * (x + -7.3)))
19.0 + 57.0 / (1 + 2.5 * exp(-2.0 * (x + -0.5)))
29.5 + 88.5 / (1 + 17.0 * exp(-0.29411764705882354 * (x + -3.4)))
3.5 + 10.5 / (1 + 36.5 * exp(-0.136986301369863 * (x + -7.3)))
36.5 + 109.5 / (1 + 2.0 * exp(-2.5 * (x + -0.4)))
37.5 + 112.5 / (1 + 13.5 * exp(-0.37037037037037035 * (x + -2.7)))
35.0 + 105.0 / (1 + 3.0 * exp(-1.6666666666666667 * (x + -0.6)))
42.5 + 127.5 / (1 + 6.5 * exp(-0.7692307692307693 * (x + -1.3)))
32.5 + 97.5 / (1 + 13.5 * exp(-0.37037037037037035 * (x + -2.7)))
10.5 + 31.5 / (1 + 1.5 * exp(-3.3333333333333335 * (x + -0.3)))
16.5 + 49.5 / (1 + 11.5 * exp(-0.43478260869565216 * (x + -2.3)))
20.5 + 61.5 / (1 + 5.5 * exp(-0.9090909090909091 * (x + -1.1)))
15.0 + 45.0 / (1 + 4.0 * exp(-1.25 * (x + -0.8)))
31.0 + 93.0 / (1 + 7.5 * exp(-0.6666666666666666 * (x + -1.5)))
10.0 + 30.0 / (1 + 6.5 * exp(-0.7692307692307693 * (x + -1.3)))
12.0 + 36.0 / (1 + 13.5 * exp(-0.37037037037037035 * (x + -2.7)))
30.0 + 90.0 / (1 + 13.5 * exp(-0.37037037037037035 * (x + -2.7)))
32.0 + 96.0 / (1 + 13.5 * exp(-0.37037037037037035 * (x + -2.7)))
22.0 + 66.0 / (1 + 4.0 * exp(-1.25 * (x + -0.8)))
14.0 + 42.0 / (1 + 0.5 * exp(-10.0 * (x + -0.1)))
27.5 + 82.5 / (1 + 13.5 * exp(-0.37037037037037035 * (x + -2.7)))
31.5 + 94.5 / (1 + 2.5 * exp(-2.0 * (x + -0.5)))
32.0 + 96.0 / (1 + 13.5 * exp(-0.37037037037037035 * (x + -2.7)))
32.5 + 97.5 / (1 + 13.5 * exp(-0.37037037037037035 * (x + -2.7)))
35.5 + 106.5 / (1 + 2.0 * exp(-2.5 * (x + -0.4)))
55.0 + 165.0 / (1 + 3.0 * exp(-1.6666666666666667 * (x + -0.6)))
29.0 + 87.0 / (1 + 3.0 * exp(-1.6666666666666667 * (x + -0.6)))
50.0 + 150.0 / (1 + 3.0 * exp(-1.6666666666666667 * (x + -0.6)))
35.5 + 106.5 / (1 + 3.0 * exp(-1.6666666666666667 * (x + -0.6)))
42.0 + 126.0 / (1 + 1.5 * exp(-3.3333333333333335 * (x + -0.3)))
53.5 + 160.5 / (1 + 3.0 * exp(-1.6666666666666667 * (x + -0.6)))
31.5 + 94.5 / (1 + 3.0 * exp(-1.6666666666666667 * (x + -0.6)))
45.5 + 136.5 / (1 + 3.0 * exp(-1.6666666666666667 * (x + -0.6)))
19.5 + 58.5 / (1 + 3.0 * exp(-1.6666666666666667 * (x + -0.6)))
33.0 + 99.0 / (1 + 3.0 * exp(-1.6666666666666667 * (x + -0.6)))
39.0 + 117.0 / (1 + 3.0 * exp(-1.6666666666666667 * (x + -0.6)))
61.5 + 184.5 / (1 + 3.0 * exp(-1.6666666666666667 * (x + -0.6)))
5.0 + 15.0 / (1 + 3.0 * exp(-1.6666666666666667 * (x + -0.6)))
21.0 + 63.0 / (1 + 3.0 * exp(-1.6666666666666667 * (x + -0.6)))
48.5 + 145.5 / (1 + 0.5 * exp(-10.0 * (x + -0.1)))
13.5 + 40.5 / (1 + 3.0 * exp(-1.6666666666666667 * (x + -0.6)))
18.5 + 55.5 / (1 + 2.5 * exp(-2.0 * (x + -0.5)))
59.5 + 178.5 / (1 + 3.0 * exp(-1.6666666666666667 * (x + -0.6)))
37.0 + 111.0 / (1 + 3.0 * exp(-1.6666666666666667 * (x + -0.6)))
67.0 + 201.0 / (1 + 2.0 * exp(-2.5 * (x + -0.4)))
43.0 + 129.0 / (1 + 51.5 * exp(-0.0970873786407767 * (x + -10.3)))
33.5 + 100.5 / (1 + 3.0 * exp(-1.6666666666666667 * (x + -0.6)))
45.0 + 135.0 / (1 + 6.5 * exp(-0.7692307692307693 * (x + -1.3)))
35.0 + 105.0 / (1 + 51.5 * exp(-0.0970873786407767 * (x + -10.3)))
15.0 + 45.0 / (1 + 1.5 * exp(-3.3333333333333335 * (x + -0.3)))
20.5 + 61.5 / (1 + 11.5 * exp(-0.43478260869565216 * (x + -2.3)))
22.0 + 66.0 / (1 + 5.5 * exp(-0.9090909090909091 * (x + -1.1)))
16.0 + 48.0 / (1 + 4.0 * exp(-1.25 * (x + -0.8)))
27.5 + 82.5 / (1 + 7.5 * exp(-0.6666666666666666 * (x + -1.5)))
14.0 + 42.0 / (1 + 6.5 * exp(-0.7692307692307693 * (x + -1.3)))
7.5 + 22.5 / (1 + 30.0 * exp(-0.16666666666666666 * (x + -6.0)))
34.5 + 103.5 / (1 + 47.0 * exp(-0.10638297872340426 * (x + -9.4)))
29.0 + 87.0 / (1 + 46.0 * exp(-0.10869565217391304 * (x + -9.2)))
23.5 + 70.5 / (1 + 4.0 * exp(-1.25 * (x + -0.8)))
14.0 + 42.0 / (1 + 0.5 * exp(-10.0 * (x + -0.1)))
24.0 + 72.0 / (1 + 42.5 * exp(-0.11764705882352941 * (x + -8.5)))
30.5 + 91.5 / (1 + 2.5 * exp(-2.0 * (x + -0.5)))
38.0 + 114.0 / (1 + 17.0 * exp(-0.29411764705882354 * (x + -3.4)))
33.5 + 100.5 / (1 + 51.5 * exp(-0.0970873786407767 * (x + -10.3)))
40.0 + 120.0 / (1 + 2.0 * exp(-2.5 * (x + -0.4)))
17.0 + 51.0 / (1 + 28.5 * exp(-0.17543859649122806 * (x + -5.7)))
17.0 + 51.0 / (1 + 3.0 * exp(-1.6666666666666667 * (x + -0.6)))
18.5 + 55.5 / (1 + 6.5 * exp(-0.7692307692307693 * (x + -1.3)))
8.0 + 24.0 / (1 + 28.5 * exp(-0.17543859649122806 * (x + -5.7)))
18.5 + 55.5 / (1 + 1.5 * exp(-3.3333333333333335 * (x + -0.3)))
29.5 + 88.5 / (1 + 11.5 * exp(-0.43478260869565216 * (x + -2.3)))
7.5 + 22.5 / (1 + 5.5 * exp(-0.9090909090909091 * (x + -1.1)))
38.0 + 114.0 / (1 + 4.0 * exp(-1.25 * (x + -0.8)))
19.5 + 58.5 / (1 + 7.5 * exp(-0.6666666666666666 * (x + -1.5)))
15.5 + 46.5 / (1 + 6.5 * exp(-0.7692307692307693 * (x + -1.3)))
33.5 + 100.5 / (1 + 28.5 * exp(-0.17543859649122806 * (x + -5.7)))
26.5 + 79.5 / (1 + 28.5 * exp(-0.17543859649122806 * (x + -5.7)))
30.0 + 90.0 / (1 + 28.5 * exp(-0.17543859649122806 * (x + -5.7)))
18.0 + 54.0 / (1 + 4.0 * exp(-1.25 * (x + -0.8)))
38.5 + 115.5 / (1 + 0.5 * exp(-10.0 * (x + -0.1)))
23.0 + 69.0 / (1 + 28.5 * exp(-0.17543859649122806 * (x + -5.7)))
20.5 + 61.5 / (1 + 2.5 * exp(-2.0 * (x + -0.5)))
21.5 + 64.5 / (1 + 17.0 * exp(-0.29411764705882354 * (x + -3.4)))
10.5 + 31.5 / (1 + 28.5 * exp(-0.17543859649122806 * (x + -5.7)))
29.5 + 88.5 / (1 + 2.0 * exp(-2.5 * (x + -0.4)))
44.5 + 133.5 / (1 + 51.5 * exp(-0.0970873786407767 * (x + -10.3)))
27.5 + 82.5 / (1 + 3.0 * exp(-1.6666666666666667 * (x + -0.6)))
43.5 + 130.5 / (1 + 6.5 * exp(-0.7692307692307693 * (x + -1.3)))
30.0 + 90.0 / (1 + 51.5 * exp(-0.0970873786407767 * (x + -10.3)))
21.5 + 64.5 / (1 + 1.5 * exp(-3.3333333333333335 * (x + -0.3)))
31.0 + 93.0 / (1 + 11.5 * exp(-0.43478260869565216 * (x + -2.3)))
16.5 + 49.5 / (1 + 5.5 * exp(-0.9090909090909091 * (x + -1.1)))
24.5 + 73.5 / (1 + 4.0 * exp(-1.25 * (x + -0.8)))
21.5 + 64.5 / (1 + 7.5 * exp(-0.6666666666666666 * (x + -1.5)))
12.5 + 37.5 / (1 + 6.5 * exp(-0.7692307692307693 * (x + -1.3)))
16.0 + 48.0 / (1 + 30.0 * exp(-0.16666666666666666 * (x + -6.0)))
40.0 + 120.0 / (1 + 47.0 * exp(-0.10638297872340426 * (x + -9.4)))
18.0 + 54.0 / (1 + 46.0 * exp(-0.10869565217391304 * (x + -9.2)))
15.5 + 46.5 / (1 + 4.0 * exp(-1.25 * (x + -0.8)))
22.5 + 67.5 / (1 + 0.5 * exp(-10.0 * (x + -0.1)))
17.0 + 51.0 / (1 + 42.5 * exp(-0.11764705882352941 * (x + -8.5)))
23.5 + 70.5 / (1 + 2.5 * exp(-2.0 * (x + -0.5)))
39.0 + 117.0 / (1 + 17.0 * exp(-0.29411764705882354 * (x + -3.4)))
30.0 + 90.0 / (1 + 51.5 * exp(-0.0970873786407767 * (x + -10.3)))
47.5 + 142.5 / (1 + 2.0 * exp(-2.5 * (x + -0.4)))
23.5 + 70.5 / (1 + 6.0 * exp(-0.8333333333333334 * (x + -1.2)))
33.5 + 100.5 / (1 + 3.0 * exp(-1.6666666666666667 * (x + -0.6)))
31.5 + 94.5 / (1 + 6.0 * exp(-0.8333333333333334 * (x + -1.2)))
25.0 + 75.0 / (1 + 6.0 * exp(-0.8333333333333334 * (x + -1.2)))
6.5 + 19.5 / (1 + 1.5 * exp(-3.3333333333333335 * (x + -0.3)))
11.5 + 34.5 / (1 + 6.0 * exp(-0.8333333333333334 * (x + -1.2)))
18.0 + 54.0 / (1 + 5.5 * exp(-0.9090909090909091 * (x + -1.1)))
29.5 + 88.5 / (1 + 4.0 * exp(-1.25 * (x + -0.8)))
33.5 + 100.5 / (1 + 6.0 * exp(-0.8333333333333334 * (x + -1.2)))
16.5 + 49.5 / (1 + 6.0 * exp(-0.8333333333333334 * (x + -1.2)))
26.0 + 78.0 / (1 + 6.0 * exp(-0.8333333333333334 * (x + -1.2)))
15.5 + 46.5 / (1 + 6.0 * exp(-0.8333333333333334 * (x + -1.2)))
39.5 + 118.5 / (1 + 6.0 * exp(-0.8333333333333334 * (x + -1.2)))
29.0 + 87.0 / (1 + 4.0 * exp(-1.25 * (x + -0.8)))
27.5 + 82.5 / (1 + 0.5 * exp(-10.0 * (x + -0.1)))
35.5 + 106.5 / (1 + 6.0 * exp(-0.8333333333333334 * (x + -1.2)))
33.0 + 99.0 / (1 + 2.5 * exp(-2.0 * (x + -0.5)))
15.5 + 46.5 / (1 + 6.0 * exp(-0.8333333333333334 * (x + -1.2)))
26.5 + 79.5 / (1 + 6.0 * exp(-0.8333333333333334 * (x + -1.2)))
20.0 + 60.0 / (1 + 2.0 * exp(-2.5 * (x + -0.4)))
31.5 + 94.5 / (1 + 9.5 * exp(-0.5263157894736842 * (x + -1.9)))
6.5 + 19.5 / (1 + 3.0 * exp(-1.6666666666666667 * (x + -0.6)))
27.0 + 81.0 / (1 + 6.5 * exp(-0.7692307692307693 * (x + -1.3)))
14.0 + 42.0 / (1 + 9.5 * exp(-0.5263157894736842 * (x + -1.9)))
34.0 + 102.0 / (1 + 1.5 * exp(-3.3333333333333335 * (x + -0.3)))
41.5 + 124.5 / (1 + 9.5 * exp(-0.5263157894736842 * (x + -1.9)))
14.5 + 43.5 / (1 + 5.5 * exp(-0.9090909090909091 * (x + -1.1)))
45.5 + 136.5 / (1 + 4.0 * exp(-1.25 * (x + -0.8)))
6.5 + 19.5 / (1 + 7.5 * exp(-0.6666666666666666 * (x + -1.5)))
22.0 + 66.0 / (1 + 6.5 * exp(-0.7692307692307693 * (x + -1.3)))
38.5 + 115.5 / (1 + 9.5 * exp(-0.5263157894736842 * (x + -1.9)))
45.5 + 136.5 / (1 + 9.5 * exp(-0.5263157894736842 * (x + -1.9)))
20.0 + 60.0 / (1 + 9.5 * exp(-0.5263157894736842 * (x + -1.9)))
11.5 + 34.5 / (1 + 4.0 * exp(-1.25 * (x + -0.8)))
45.5 + 136.5 / (1 + 0.5 * exp(-10.0 * (x + -0.1)))
11.5 + 34.5 / (1 + 9.5 * exp(-0.5263157894736842 * (x + -1.9)))
6.5 + 19.5 / (1 + 2.5 * exp(-2.0 * (x + -0.5)))
41.0 + 123.0 / (1 + 9.5 * exp(-0.5263157894736842 * (x + -1.9)))
13.0 + 39.0 / (1 + 9.5 * exp(-0.5263157894736842 * (x + -1.9)))
46.5 + 139.5 / (1 + 2.0 * exp(-2.5 * (x + -0.4)))
15.0 + 45.0 / (1 + 21.5 * exp(-0.23255813953488372 * (x + -4.3)))
14.5 + 43.5 / (1 + 3.0 * exp(-1.6666666666666667 * (x + -0.6)))
12.5 + 37.5 / (1 + 6.5 * exp(-0.7692307692307693 * (x + -1.3)))
6.5 + 19.5 / (1 + 21.5 * exp(-0.23255813953488372 * (x + -4.3)))
23.5 + 70.5 / (1 + 1.5 * exp(-3.3333333333333335 * (x + -0.3)))
33.0 + 99.0 / (1 + 11.5 * exp(-0.43478260869565216 * (x + -2.3)))
11.0 + 33.0 / (1 + 5.5 * exp(-0.9090909090909091 * (x + -1.1)))
44.5 + 133.5 / (1 + 4.0 * exp(-1.25 * (x + -0.8)))
21.0 + 63.0 / (1 + 7.5 * exp(-0.6666666666666666 * (x + -1.5)))
18.0 + 54.0 / (1 + 6.5 * exp(-0.7692307692307693 * (x + -1.3)))
40.0 + 120.0 / (1 + 21.5 * exp(-0.23255813953488372 * (x + -4.3)))
31.5 + 94.5 / (1 + 21.5 * exp(-0.23255813953488372 * (x + -4.3)))
33.0 + 99.0 / (1 + 21.5 * exp(-0.23255813953488372 * (x + -4.3)))
20.5 + 61.5 / (1 + 4.0 * exp(-1.25 * (x + -0.8)))
41.0 + 123.0 / (1 + 0.5 * exp(-10.0 * (x + -0.1)))
26.5 + 79.5 / (1 + 21.5 * exp(-0.23255813953488372 * (x + -4.3)))
21.5 + 64.5 / (1 + 2.5 * exp(-2.0 * (x + -0.5)))
22.5 + 67.5 / (1 + 17.0 * exp(-0.29411764705882354 * (x + -3.4)))
6.0 + 18.0 / (1 + 21.5 * exp(-0.23255813953488372 * (x + -4.3)))
32.0 + 96.0 / (1 + 2.0 * exp(-2.5 * (x + -0.4)))
47.5 + 142.5 / (1 + 3.5 * exp(-1.4285714285714286 * (x + -0.7)))
23.5 + 70.5 / (1 + 3.0 * exp(-1.6666666666666667 * (x + -0.6)))
44.5 + 133.5 / (1 + 3.5 * exp(-1.4285714285714286 * (x + -0.7)))
30.5 + 91.5 / (1 + 3.5 * exp(-1.4285714285714286 * (x + -0.7)))
36.5 + 109.5 / (1 + 1.5 * exp(-3.3333333333333335 * (x + -0.3)))
47.0 + 141.0 / (1 + 3.5 * exp(-1.4285714285714286 * (x + -0.7)))
25.0 + 75.0 / (1 + 3.5 * exp(-1.4285714285714286 * (x + -0.7)))
42.0 + 126.0 / (1 + 3.5 * exp(-1.4285714285714286 * (x + -0.7)))
13.0 + 39.0 / (1 + 3.5 * exp(-1.4285714285714286 * (x + -0.7)))
24.0 + 72.0 / (1 + 3.5 * exp(-1.4285714285714286 * (x + -0.7)))
34.5 + 103.5 / (1 + 3.5 * exp(-1.4285714285714286 * (x + -0.7)))
56.5 + 169.5 / (1 + 3.5 * exp(-1.4285714285714286 * (x + -0.7)))
1.0 + 3.0 / (1 + 3.5 * exp(-1.4285714285714286 * (x + -0.7)))
12.5 + 37.5 / (1 + 3.5 * exp(-1.4285714285714286 * (x + -0.7)))
44.5 + 133.5 / (1 + 0.5 * exp(-10.0 * (x + -0.1)))
6.0 + 18.0 / (1 + 3.5 * exp(-1.4285714285714286 * (x + -0.7)))
14.5 + 43.5 / (1 + 2.5 * exp(-2.0 * (x + -0.5)))
51.0 + 153.0 / (1 + 3.5 * exp(-1.4285714285714286 * (x + -0.7)))
31.5 + 94.5 / (1 + 3.5 * exp(-1.4285714285714286 * (x + -0.7)))
61.5 + 184.5 / (1 + 2.0 * exp(-2.5 * (x + -0.4)))
14.0 + 42.0 / (1 + 14.0 * exp(-0.35714285714285715 * (x + -2.8)))
26.5 + 79.5 / (1 + 3.0 * exp(-1.6666666666666667 * (x + -0.6)))
19.5 + 58.5 / (1 + 6.5 * exp(-0.7692307692307693 * (x + -1.3)))
19.0 + 57.0 / (1 + 14.0 * exp(-0.35714285714285715 * (x + -2.8)))
17.0 + 51.0 / (1 + 1.5 * exp(-3.3333333333333335 * (x + -0.3)))
23.5 + 70.5 / (1 + 11.5 * exp(-0.43478260869565216 * (x + -2.3)))
16.0 + 48.0 / (1 + 5.5 * exp(-0.9090909090909091 * (x + -1.1)))
37.5 + 112.5 / (1 + 4.0 * exp(-1.25 * (x + -0.8)))
31.5 + 94.5 / (1 + 7.5 * exp(-0.6666666666666666 * (x + -1.5)))
18.0 + 54.0 / (1 + 6.5 * exp(-0.7692307692307693 * (x + -1.3)))
36.5 + 109.5 / (1 + 14.0 * exp(-0.35714285714285715 * (x + -2.8)))
17.0 + 51.0 / (1 + 14.0 * exp(-0.35714285714285715 * (x + -2.8)))
41.0 + 123.0 / (1 + 14.0 * exp(-0.35714285714285715 * (x + -2.8)))
28.5 + 85.5 / (1 + 4.0 * exp(-1.25 * (x + -0.8)))
38.0 + 114.0 / (1 + 0.5 * exp(-10.0 * (x + -0.1)))
33.5 + 100.5 / (1 + 14.0 * exp(-0.35714285714285715 * (x + -2.8)))
31.5 + 94.5 / (1 + 2.5 * exp(-2.0 * (x + -0.5)))
13.0 + 39.0 / (1 + 14.0 * exp(-0.35714285714285715 * (x + -2.8)))
18.0 + 54.0 / (1 + 14.0 * exp(-0.35714285714285715 * (x + -2.8)))
19.0 + 57.0 / (1 + 2.0 * exp(-2.5 * (x + -0.4)))
21.0 + 63.0 / (1 + 34.0 * exp(-0.14705882352941177 * (x + -6.8)))
28.0 + 84.0 / (1 + 3.0 * exp(-1.6666666666666667 * (x + -0.6)))
26.0 + 78.0 / (1 + 6.5 * exp(-0.7692307692307693 * (x + -1.3)))
19.0 + 57.0 / (1 + 34.0 * exp(-0.14705882352941177 * (x + -6.8)))
12.0 + 36.0 / (1 + 1.5 * exp(-3.3333333333333335 * (x + -0.3)))
19.5 + 58.5 / (1 + 11.5 * exp(-0.43478260869565216 * (x + -2.3)))
14.5 + 43.5 / (1 + 5.5 * exp(-0.9090909090909091 * (x + -1.1)))
31.5 + 94.5 / (1 + 4.0 * exp(-1.25 * (x + -0.8)))
27.5 + 82.5 / (1 + 7.5 * exp(-0.6666666666666666 * (x + -1.5)))
14.5 + 43.5 / (1 + 6.5 * exp(-0.7692307692307693 * (x + -1.3)))
28.5 + 85.5 / (1 + 30.0 * exp(-0.16666666666666666 * (x + -6.0)))
18.5 + 55.5 / (1 + 34.0 * exp(-0.14705882352941177 * (x + -6.8)))
38.0 + 114.0 / (1 + 34.0 * exp(-0.14705882352941177 * (x + -6.8)))
25.5 + 76.5 / (1 + 4.0 * exp(-1.25 * (x + -0.8)))
31.5 + 94.5 / (1 + 0.5 * exp(-10.0 * (x + -0.1)))
30.5 + 91.5 / (1 + 34.0 * exp(-0.14705882352941177 * (x + -6.8)))
31.0 + 93.0 / (1 + 2.5 * exp(-2.0 * (x + -0.5)))
15.5 + 46.5 / (1 + 17.0 * exp(-0.29411764705882354 * (x + -3.4)))
21.0 + 63.0 / (1 + 34.0 * exp(-0.14705882352941177 * (x + -6.8)))
24.0 + 72.0 / (1 + 2.0 * exp(-2.5 * (x + -0.4)))
10.0 + 30.0 / (1 + 4.5 * exp(-1.1111111111111112 * (x + -0.9)))
34.0 + 102.0 / (1 + 3.0 * exp(-1.6666666666666667 * (x + -0.6)))
20.0 + 60.0 / (1 + 4.5 * exp(-1.1111111111111112 * (x + -0.9)))
22.5 + 67.5 / (1 + 4.5 * exp(-1.1111111111111112 * (x + -0.9)))
24.0 + 72.0 / (1 + 1.5 * exp(-3.3333333333333335 * (x + -0.3)))
26.5 + 79.5 / (1 + 4.5 * exp(-1.1111111111111112 * (x + -0.9)))
26.5 + 79.5 / (1 + 4.5 * exp(-1.1111111111111112 * (x + -0.9)))
45.5 + 136.5 / (1 + 4.0 * exp(-1.25 * (x + -0.8)))
36.5 + 109.5 / (1 + 4.5 * exp(-1.1111111111111112 * (x + -0.9)))
29.0 + 87.0 / (1 + 4.5 * exp(-1.1111111111111112 * (x + -0.9)))
44.0 + 132.0 / (1 + 4.5 * exp(-1.1111111111111112 * (x + -0.9)))
15.5 + 46.5 / (1 + 4.5 * exp(-1.1111111111111112 * (x + -0.9)))
50.5 + 151.5 / (1 + 4.5 * exp(-1.1111111111111112 * (x + -0.9)))
35.0 + 105.0 / (1 + 4.0 * exp(-1.25 * (x + -0.8)))
44.5 + 133.5 / (1 + 0.5 * exp(-10.0 * (x + -0.1)))
43.5 + 130.5 / (1 + 4.5 * exp(-1.1111111111111112 * (x + -0.9)))
40.5 + 121.5 / (1 + 2.5 * exp(-2.0 * (x + -0.5)))
6.5 + 19.5 / (1 + 4.5 * exp(-1.1111111111111112 * (x + -0.9)))
25.0 + 75.0 / (1 + 4.5 * exp(-1.1111111111111112 * (x + -0.9)))
16.0 + 48.0 / (1 + 2.0 * exp(-2.5 * (x + -0.4)))
33.5 + 100.5 / (1 + 80.0 * exp(-0.0625 * (x + -16.0)))
15.0 + 45.0 / (1 + 3.0 * exp(-1.6666666666666667 * (x + -0.6)))
30.5 + 91.5 / (1 + 6.5 * exp(-0.7692307692307693 * (x + -1.3)))
15.5 + 46.5 / (1 + 57.0 * exp(-0.08771929824561403 * (x + -11.4)))
21.5 + 64.5 / (1 + 1.5 * exp(-3.3333333333333335 * (x + -0.3)))
33.5 + 100.5 / (1 + 11.5 * exp(-0.43478260869565216 * (x + -2.3)))
6.0 + 18.0 / (1 + 5.5 * exp(-0.9090909090909091 * (x + -1.1)))
34.5 + 103.5 / (1 + 4.0 * exp(-1.25 * (x + -0.8)))
10.5 + 31.5 / (1 + 7.5 * exp(-0.6666666666666666 * (x + -1.5)))
10.5 + 31.5 / (1 + 6.5 * exp(-0.7692307692307693 * (x + -1.3)))
31.0 + 93.0 / (1 + 30.0 * exp(-0.16666666666666666 * (x + -6.0)))
39.0 + 117.0 / (1 + 47.0 * exp(-0.10638297872340426 * (x + -9.4)))
17.5 + 52.5 / (1 + 46.0 * exp(-0.10869565217391304 * (x + -9.2)))
5.0 + 15.0 / (1 + 4.0 * exp(-1.25 * (x + -0.8)))
35.5 + 106.5 / (1 + 0.5 * exp(-10.0 * (x + -0.1)))
11.0 + 33.0 / (1 + 42.5 * exp(-0.11764705882352941 * (x + -8.5)))
11.0 + 33.0 / (1 + 2.5 * exp(-2.0 * (x + -0.5)))
34.0 + 102.0 / (1 + 17.0 * exp(-0.29411764705882354 * (x + -3.4)))
17.5 + 52.5 / (1 + 80.0 * exp(-0.0625 * (x + -16.0)))
44.0 + 132.0 / (1 + 2.0 * exp(-2.5 * (x + -0.4)))
49.5 + 148.5 / (1 + 31.0 * exp(-0.16129032258064516 * (x + -6.2)))
49.0 + 147.0 / (1 + 3.0 * exp(-1.6666666666666667 * (x + -0.6)))
54.5 + 163.5 / (1 + 6.5 * exp(-0.7692307692307693 * (x + -1.3)))
46.0 + 138.0 / (1 + 31.0 * exp(-0.16129032258064516 * (x + -6.2)))
20.5 + 61.5 / (1 + 1.5 * exp(-3.3333333333333335 * (x + -0.3)))
20.0 + 60.0 / (1 + 11.5 * exp(-0.43478260869565216 * (x + -2.3)))
32.5 + 97.5 / (1 + 5.5 * exp(-0.9090909090909091 * (x + -1.1)))
0.5 + 1.5 / (1 + 4.0 * exp(-1.25 * (x + -0.8)))
42.5 + 127.5 / (1 + 7.5 * exp(-0.6666666666666666 * (x + -1.5)))
23.0 + 69.0 / (1 + 6.5 * exp(-0.7692307692307693 * (x + -1.3)))
5.5 + 16.5 / (1 + 30.0 * exp(-0.16666666666666666 * (x + -6.0)))
38.5 + 115.5 / (1 + 31.0 * exp(-0.16129032258064516 * (x + -6.2)))
41.0 + 123.0 / (1 + 31.0 * exp(-0.16129032258064516 * (x + -6.2)))
36.5 + 109.5 / (1 + 4.0 * exp(-1.25 * (x + -0.8)))
1.5 + 4.5 / (1 + 0.5 * exp(-10.0 * (x + -0.1)))
37.0 + 111.0 / (1 + 31.0 * exp(-0.16129032258064516 * (x + -6.2)))
43.5 + 130.5 / (1 + 2.5 * exp(-2.0 * (x + -0.5)))
39.5 + 118.5 / (1 + 17.0 * exp(-0.29411764705882354 * (x + -3.4)))
46.5 + 139.5 / (1 + 31.0 * exp(-0.16129032258064516 * (x + -6.2)))
46.0 + 138.0 / (1 + 2.0 * exp(-2.5 * (x + -0.4)))
20.0 + 60.0 / (1 + 12.0 * exp(-0.4166666666666667 * (x + -2.4)))
14.5 + 43.5 / (1 + 3.0 * exp(-1.6666666666666667 * (x + -0.6)))
18.5 + 55.5 / (1 + 6.5 * exp(-0.7692307692307693 * (x + -1.3)))
11.0 + 33.0 / (1 + 12.0 * exp(-0.4166666666666667 * (x + -2.4)))
19.5 + 58.5 / (1 + 1.5 * exp(-3.3333333333333335 * (x + -0.3)))
27.5 + 82.5 / (1 + 11.5 * exp(-0.43478260869565216 * (x + -2.3)))
4.5 + 13.5 / (1 + 5.5 * exp(-0.9090909090909091 * (x + -1.1)))
38.5 + 115.5 / (1 + 4.0 * exp(-1.25 * (x + -0.8)))
18.5 + 55.5 / (1 + 7.5 * exp(-0.6666666666666666 * (x + -1.5)))
14.5 + 43.5 / (1 + 6.5 * exp(-0.7692307692307693 * (x + -1.3)))
34.5 + 103.5 / (1 + 12.0 * exp(-0.4166666666666667 * (x + -2.4)))
27.5 + 82.5 / (1 + 12.0 * exp(-0.4166666666666667 * (x + -2.4)))
28.5 + 85.5 / (1 + 12.0 * exp(-0.4166666666666667 * (x + -2.4)))
17.0 + 51.0 / (1 + 4.0 * exp(-1.25 * (x + -0.8)))
38.0 + 114.0 / (1 + 0.5 * exp(-10.0 * (x + -0.1)))
22.0 + 66.0 / (1 + 12.0 * exp(-0.4166666666666667 * (x + -2.4)))
19.0 + 57.0 / (1 + 2.5 * exp(-2.0 * (x + -0.5)))
23.0 + 69.0 / (1 + 12.0 * exp(-0.4166666666666667 * (x + -2.4)))
12.5 + 37.5 / (1 + 12.0 * exp(-0.4166666666666667 * (x + -2.4)))
32.5 + 97.5 / (1 + 2.0 * exp(-2.5 * (x + -0.4)))
49.0 + 147.0 / (1 + 43.0 * exp(-0.11627906976744186 * (x + -8.6)))
48.0 + 144.0 / (1 + 3.0 * exp(-1.6666666666666667 * (x + -0.6)))
54.0 + 162.0 / (1 + 6.5 * exp(-0.7692307692307693 * (x + -1.3)))
45.0 + 135.0 / (1 + 43.0 * exp(-0.11627906976744186 * (x + -8.6)))
19.0 + 57.0 / (1 + 1.5 * exp(-3.3333333333333335 * (x + -0.3)))
17.0 + 51.0 / (1 + 11.5 * exp(-0.43478260869565216 * (x + -2.3)))
32.0 + 96.0 / (1 + 5.5 * exp(-0.9090909090909091 * (x + -1.1)))
4.5 + 13.5 / (1 + 4.0 * exp(-1.25 * (x + -0.8)))
41.0 + 123.0 / (1 + 7.5 * exp(-0.6666666666666666 * (x + -1.5)))
23.5 + 70.5 / (1 + 6.5 * exp(-0.7692307692307693 * (x + -1.3)))
10.5 + 31.5 / (1 + 30.0 * exp(-0.16666666666666666 * (x + -6.0)))
36.0 + 108.0 / (1 + 43.0 * exp(-0.11627906976744186 * (x + -8.6)))
43.0 + 129.0 / (1 + 43.0 * exp(-0.11627906976744186 * (x + -8.6)))
36.5 + 109.5 / (1 + 4.0 * exp(-1.25 * (x + -0.8)))
1.0 + 3.0 / (1 + 0.5 * exp(-10.0 * (x + -0.1)))
40.5 + 121.5 / (1 + 42.5 * exp(-0.11764705882352941 * (x + -8.5)))
43.5 + 130.5 / (1 + 2.5 * exp(-2.0 * (x + -0.5)))
38.0 + 114.0 / (1 + 17.0 * exp(-0.29411764705882354 * (x + -3.4)))
47.0 + 141.0 / (1 + 43.0 * exp(-0.11627906976744186 * (x + -8.6)))
40.0 + 120.0 / (1 + 2.0 * exp(-2.5 * (x + -0.4)))
40.0 + 120.0 / (1 + 24.5 * exp(-0.20408163265306123 * (x + -4.9)))
44.0 + 132.0 / (1 + 3.0 * exp(-1.6666666666666667 * (x + -0.6)))
46.0 + 138.0 / (1 + 6.5 * exp(-0.7692307692307693 * (x + -1.3)))
37.5 + 112.5 / (1 + 24.5 * exp(-0.20408163265306123 * (x + -4.9)))
9.5 + 28.5 / (1 + 1.5 * exp(-3.3333333333333335 * (x + -0.3)))
7.0 + 21.0 / (1 + 11.5 * exp(-0.43478260869565216 * (x + -2.3)))
27.5 + 82.5 / (1 + 5.5 * exp(-0.9090909090909091 * (x + -1.1)))
17.0 + 51.0 / (1 + 4.0 * exp(-1.25 * (x + -0.8)))
42.5 + 127.5 / (1 + 7.5 * exp(-0.6666666666666666 * (x + -1.5)))
21.5 + 64.5 / (1 + 6.5 * exp(-0.7692307692307693 * (x + -1.3)))
17.5 + 52.5 / (1 + 24.5 * exp(-0.20408163265306123 * (x + -4.9)))
25.5 + 76.5 / (1 + 24.5 * exp(-0.20408163265306123 * (x + -4.9)))
44.5 + 133.5 / (1 + 24.5 * exp(-0.20408163265306123 * (x + -4.9)))
37.0 + 111.0 / (1 + 4.0 * exp(-1.25 * (x + -0.8)))
13.5 + 40.5 / (1 + 0.5 * exp(-10.0 * (x + -0.1)))
40.0 + 120.0 / (1 + 24.5 * exp(-0.20408163265306123 * (x + -4.9)))
41.5 + 124.5 / (1 + 2.5 * exp(-2.0 * (x + -0.5)))
27.5 + 82.5 / (1 + 17.0 * exp(-0.29411764705882354 * (x + -3.4)))
42.5 + 127.5 / (1 + 24.5 * exp(-0.20408163265306123 * (x + -4.9)))
31.0 + 93.0 / (1 + 2.0 * exp(-2.5 * (x + -0.4)))
Iteration 1	LB = -1.0e20	UB = 1.0e20	CPU = 355.537773485, #pieces = 1288
Iteration 2	LB = 1207.541822901625	UB = 1434.4025191016121	CPU = 676.3555107230001, #pieces = 1294
Iteration 3	LB = 1281.523131068852	UB = 1434.4025191016121	CPU = 1778.8584916080001, #pieces = 1307
WRITING LOG...
(1207.541822901625, 1434.4025191016121, 0.0, 0.0, 15.815692818364083, 15.815692818364083, 1288, 1, 313.454148917, 669.024035376)
(1281.523131068852, 1434.4025191016121, 0.0, 0.0, 13.875124764191046, 10.658053509869093, 1294, 2, 1400.109556977, 1763.0121435970002)
(1281.523131068852, 1434.4025191016121, -1.0, 0.0, 10.658053509869093, 10.658053509869093, 1307, 3, 3222.269070812, 3601.018079456)
