
Note: the module "julia" cannot be unloaded because it was not loaded.

2023/11/29
gurobi is now 11.0.0
previous version was 10.0.2
solving instance uflp nlass gunluk ../../../../../instances/uflp/gunluk/gunluk-50-100-6.txt sinabc3
The latest version of Julia in the `1.10` channel is 1.10.6+0.x64.linux.gnu. You currently have `1.10.5+0.x64.linux.gnu` installed. Run:

  juliaup update

in your terminal shell to install Julia 1.10.6+0.x64.linux.gnu and update the `1.10` channel to that version.
presolving:
(round 1, fast)       5000 del vars, 5000 del conss, 0 add conss, 5000 chg bounds, 0 chg sides, 0 chg coeffs, 0 upgd conss, 0 impls, 0 clqs
(round 2, exhaustive) 5000 del vars, 5000 del conss, 0 add conss, 5000 chg bounds, 0 chg sides, 0 chg coeffs, 5000 upgd conss, 0 impls, 0 clqs
   (9.4s) probing cycle finished: starting next cycle
   (9.4s) probing: 1/50 (2.0%) - 0 fixings, 0 aggregations, 0 implications, 0 bound changes
   (9.4s) probing aborted: 50/50 successive totally useless probings
   (9.4s) symmetry computation started: requiring (bin +, int +, cont +), (fixed: bin -, int -, cont -)
   (9.6s) no symmetry present (symcode time: 0.06)
presolving (3 rounds: 3 fast, 2 medium, 2 exhaustive):
 5000 deleted vars, 5000 deleted constraints, 0 added constraints, 5000 tightened bounds, 0 added holes, 0 changed sides, 0 changed coefficients
 5000 implications, 0 cliques
presolved problem has 10050 variables (50 bin, 0 int, 0 impl, 10000 cont) and 10100 constraints
   5000 constraints of type <varbound>
    100 constraints of type <linear>
   5000 constraints of type <nonlinear>
Presolving Time: 9.50

 time | node  | left  |LP iter|LP it/n|mem/heur|mdpt |vars |cons |rows |cuts |sepa|confs|strbr|  dualbound   | primalbound  |  gap   | compl. 
t32.7s|     1 |     0 | 93554 |     - |  trysol|   0 |  25k|  10k|  50k|   0 |  0 |   0 |   0 |-5.110541e+03 | 2.899702e+03 |    Inf | unknown
 55.4s|     1 |     0 |143954 |     - |   308M |   0 |  25k|  10k|  50k|   0 |  0 |   0 |   0 |-5.563385e+02 | 2.899702e+03 |    Inf | unknown
  101s|     1 |     0 |155599 |     - |   345M |   0 |  25k|  10k|  52k|2000 |  1 |   0 |   0 |-2.224943e+02 | 2.899702e+03 |    Inf | unknown
  111s|     1 |     0 |164076 |     - |   348M |   0 |  25k|  10k|  54k|4000 |  2 |   0 |   0 |-1.837650e+00 | 2.899702e+03 |    Inf | unknown
  123s|     1 |     0 |172146 |     - |   350M |   0 |  25k|  10k|  56k|6000 |  3 |   0 |   0 | 9.086884e+01 | 2.899702e+03 |3091.09%| unknown
t 123s|     1 |     0 |172146 |     - |  trysol|   0 |  25k|  10k|  56k|6000 |  3 |   0 |   0 | 9.086884e+01 | 1.528084e+03 |1581.64%| unknown
  127s|     1 |     0 |175014 |     - |   363M |   0 |  25k|  10k|  57k|7441 |  4 |   0 |   0 | 1.028857e+02 | 1.528084e+03 |1385.23%| unknown
t 128s|     1 |     0 |175014 |     - |  trysol|   0 |  25k|  10k|  57k|7441 |  4 |   0 |   0 | 1.028857e+02 | 1.498312e+03 |1356.29%| unknown
  128s|     1 |     0 |175014 |     - |   364M |   0 |  25k|  10k|  57k|7441 |  4 |   0 |   0 | 1.028857e+02 | 1.498312e+03 |1356.29%| unknown
  130s|     1 |     0 |176666 |     - |   369M |   0 |  25k|  10k|  58k|7962 |  5 |   0 |   0 | 1.069782e+02 | 1.498312e+03 |1300.58%| unknown
t 130s|     1 |     0 |176666 |     - |  trysol|   0 |  25k|  10k|  58k|7962 |  5 |   0 |   0 | 1.069782e+02 | 1.432588e+03 |1239.14%| unknown
  132s|     1 |     0 |177339 |     - |   376M |   0 |  25k|  10k|  58k|8074 |  6 |   0 |   0 | 1.084078e+02 | 1.432588e+03 |1221.48%| unknown
  133s|     1 |     0 |177755 |     - |   383M |   0 |  25k|  10k|  58k|8162 |  7 |   0 |   0 | 1.096722e+02 | 1.432588e+03 |1206.25%| unknown
t 133s|     1 |     0 |177755 |     - |  trysol|   0 |  25k|  10k|  58k|8162 |  7 |   0 |   0 | 1.096722e+02 | 1.380473e+03 |1158.73%| unknown
  135s|     1 |     0 |178226 |     - |   390M |   0 |  25k|  10k|  58k|8236 |  8 |   0 |   0 | 1.103502e+02 | 1.380473e+03 |1150.99%| unknown
 time | node  | left  |LP iter|LP it/n|mem/heur|mdpt |vars |cons |rows |cuts |sepa|confs|strbr|  dualbound   | primalbound  |  gap   | compl. 
t 135s|     1 |     0 |178226 |     - |  trysol|   0 |  25k|  10k|  58k|8236 |  8 |   0 |   0 | 1.103502e+02 | 1.362364e+03 |1134.58%| unknown
  136s|     1 |     0 |178589 |     - |   399M |   0 |  25k|  10k|  58k|8280 |  9 |   0 |   0 | 1.107577e+02 | 1.362364e+03 |1130.04%| unknown
  137s|     1 |     0 |178924 |     - |   405M |   0 |  25k|  10k|  58k|8375 | 10 |   0 |   0 | 1.115402e+02 | 1.362364e+03 |1121.41%| unknown
  138s|     1 |     0 |179332 |     - |   411M |   0 |  25k|  10k|  58k|8407 | 11 |   0 |   0 | 1.120970e+02 | 1.362364e+03 |1115.34%| unknown
  139s|     1 |     0 |179634 |     - |   418M |   0 |  25k|  10k|  58k|8460 | 12 |   0 |   0 | 1.128495e+02 | 1.362364e+03 |1107.24%| unknown
t 139s|     1 |     0 |179634 |     - |  trysol|   0 |  25k|  10k|  58k|8460 | 12 |   0 |   0 | 1.128495e+02 | 1.358222e+03 |1103.57%| unknown
  140s|     1 |     0 |179906 |     - |   424M |   0 |  25k|  10k|  58k|8490 | 13 |   0 |   0 | 1.131186e+02 | 1.358222e+03 |1100.71%| unknown
  140s|     1 |     0 |179953 |     - |   431M |   0 |  25k|  10k|  58k|8500 | 14 |   0 |   0 | 1.131507e+02 | 1.358222e+03 |1100.37%| unknown
  141s|     1 |     0 |180033 |     - |   437M |   0 |  25k|  10k|  23k|8536 | 15 |   0 |   0 | 1.132493e+02 | 1.358222e+03 |1099.32%| unknown
  141s|     1 |     0 |180088 |     - |   439M |   0 |  25k|  10k|  23k|8553 | 16 |   0 |   0 | 1.133447e+02 | 1.358222e+03 |1098.31%| unknown
  142s|     1 |     0 |180185 |     - |   441M |   0 |  25k|  10k|  23k|8562 | 17 |   0 |   0 | 1.133881e+02 | 1.358222e+03 |1097.85%| unknown
  142s|     1 |     0 |180301 |     - |   444M |   0 |  25k|  10k|  23k|8590 | 18 |   0 |   0 | 1.134725e+02 | 1.358222e+03 |1096.96%| unknown
  143s|     1 |     0 |180354 |     - |   446M |   0 |  25k|  10k|  23k|8691 | 19 |   0 |   0 | 1.134947e+02 | 1.358222e+03 |1096.73%| unknown
  143s|     1 |     0 |180383 |     - |   449M |   0 |  25k|  10k|  23k|8696 | 20 |   0 |   0 | 1.134980e+02 | 1.358222e+03 |1096.69%| unknown
  144s|     1 |     0 |180396 |     - |   451M |   0 |  25k|  10k|  22k|8701 | 21 |   0 |   0 | 1.135003e+02 | 1.358222e+03 |1096.67%| unknown
 time | node  | left  |LP iter|LP it/n|mem/heur|mdpt |vars |cons |rows |cuts |sepa|confs|strbr|  dualbound   | primalbound  |  gap   | compl. 
  144s|     1 |     0 |180397 |     - |   453M |   0 |  25k|  10k|  22k|8702 | 22 |   0 |   0 | 1.135003e+02 | 1.358222e+03 |1096.67%| unknown
  144s|     1 |     0 |180398 |     - |   456M |   0 |  25k|  10k|  22k|8703 | 23 |   0 |   0 | 1.135003e+02 | 1.358222e+03 |1096.67%| unknown
  145s|     1 |     0 |180400 |     - |   456M |   0 |  25k|  10k|  22k|8704 | 24 |   0 |   0 | 1.135003e+02 | 1.358222e+03 |1096.67%| unknown
L 459s|     1 |     0 |214715 |     - |    rens|   0 |  25k|  10k|  22k|8704 | 26 |   0 |   0 | 1.135003e+02 | 2.893307e+02 | 154.92%| unknown
 3043s|     1 |     0 |214715 |     - |   472M |   0 |  25k|  10k|  22k|8704 | 26 |   0 |   0 | 1.135003e+02 | 2.893307e+02 | 154.92%| unknown
 3050s|     1 |     2 |214715 |     - |   473M |   0 |  25k|  10k|  22k|8704 | 28 |   0 |   7 | 1.143281e+02 | 2.893307e+02 | 153.07%| unknown
 3247s|   100 |   101 |253278 |1681.1 |   575M |  25 |  25k|  10k|  23k|  21k|  6 |   0 |  60 | 1.211507e+02 | 2.893307e+02 | 138.82%| unknown
d3566s|   160 |   161 |254477 |1054.3 |    mpec|  50 |  25k|  10k|  23k|  22k|  1 |   0 |  60 | 1.211507e+02 | 2.481875e+02 | 104.86%| unknown
 3579s|   200 |   201 |256376 | 851.9 |   585M |  51 |  25k|  10k|  23k|  23k|  3 |   0 |  61 | 1.212686e+02 | 2.481875e+02 | 104.66%| unknown

SCIP Status        : solving was interrupted [time limit reached]
Solving Time (sec) : 3602.41
Solving Nodes      : 210
Primal Bound       : +2.48187538205438e+02 (10 solutions)
Dual Bound         : +1.21268643155228e+02
Gap                : 104.66 %
Generating Gunluk and Lee data file ../../../../../instances/uflp/gunluk/gunluk-50-100-6.txt
primal_bound = 248.18753820543844, dual_bound = 121.26864315522822, gap = 51.13830290107173, time = 3606.49
