2023/05/23
Julia is now 1.9.0
previous version was 1.7.2
2023/11/29
gurobi is now 11.0.0
previous version was 10.0.2
solving instance uflp nlass holmberg 49 sinabc1
presolving:
(round 1, fast)       2100 del vars, 2100 del conss, 0 add conss, 2100 chg bounds, 0 chg sides, 0 chg coeffs, 0 upgd conss, 0 impls, 0 clqs
(round 2, exhaustive) 2100 del vars, 2100 del conss, 0 add conss, 2100 chg bounds, 0 chg sides, 0 chg coeffs, 2100 upgd conss, 0 impls, 0 clqs
   (1.0s) probing cycle finished: starting next cycle
   (1.0s) symmetry computation started: requiring (bin +, int -, cont -), (fixed: bin -, int +, cont +)
   (1.0s) no symmetry present
presolving (3 rounds: 3 fast, 2 medium, 2 exhaustive):
 2100 deleted vars, 2100 deleted constraints, 0 added constraints, 2100 tightened bounds, 0 added holes, 0 changed sides, 0 changed coefficients
 2100 implications, 0 cliques
presolved problem has 4230 variables (30 bin, 0 int, 0 impl, 4200 cont) and 4270 constraints
   2100 constraints of type <varbound>
     70 constraints of type <linear>
   2100 constraints of type <nonlinear>
Presolving Time: 0.97

 time | node  | left  |LP iter|LP it/n|mem/heur|mdpt |vars |cons |rows |cuts |sepa|confs|strbr|  dualbound   | primalbound  |  gap   | compl. 
t 2.1s|     1 |     0 |  5762 |     - |  trysol|   0 |8430 |4270 |  14k|   0 |  0 |   0 |   0 |-4.005432e-03 | 1.348704e+04 |    Inf | unknown
  2.5s|     1 |     0 |  9397 |     - |   131M |   0 |8430 |4270 |  14k|   0 |  0 |   0 |   0 | 3.670217e+02 | 1.348704e+04 |3574.73%| unknown
L 3.4s|     1 |     0 | 12392 |     - |undercov|   0 |8430 |4270 |  14k|   0 |  0 |   0 |   0 | 3.670217e+02 | 8.856340e+03 |2313.03%| unknown
L 4.3s|     1 |     0 | 12392 |     - |undercov|   0 |8430 |4270 |  14k|   0 |  0 |   0 |   0 | 3.670217e+02 | 8.175248e+03 |2127.46%| unknown
  4.7s|     1 |     0 | 13768 |     - |   144M |   0 |8430 |4270 |  15k| 300 |  1 |   0 |   0 | 4.150831e+02 | 8.175248e+03 |1869.54%| unknown
  4.7s|     1 |     0 | 13768 |     - |   145M |   0 |8430 |4270 |  15k| 300 |  1 |   0 |   0 | 4.150831e+02 | 8.175248e+03 |1869.54%| unknown
  6.6s|     1 |     0 | 16423 |     - |   148M |   0 |8430 |4270 |  15k| 799 |  2 |   0 |   0 | 5.086274e+02 | 8.175248e+03 |1507.32%| unknown
  7.4s|     1 |     0 | 18305 |     - |   150M |   0 |8430 |4270 |  15k|1027 |  3 |   0 |   0 | 5.996039e+02 | 8.175248e+03 |1263.44%| unknown
  8.5s|     1 |     0 | 20164 |     - |   152M |   0 |8430 |4270 |  16k|1298 |  4 |   0 |   0 | 7.133072e+02 | 8.175248e+03 |1046.10%| unknown
  9.8s|     1 |     0 | 22818 |     - |   155M |   0 |8430 |4270 |  16k|1760 |  5 |   0 |   0 | 8.517097e+02 | 8.175248e+03 | 859.86%| unknown
 11.4s|     1 |     0 | 26553 |     - |   157M |   0 |8430 |4270 |  16k|2184 |  6 |   0 |   0 | 1.001186e+03 | 8.175248e+03 | 716.56%| unknown
 12.4s|     1 |     0 | 29132 |     - |   160M |   0 |8430 |4270 |  17k|2447 |  7 |   0 |   0 | 1.137139e+03 | 8.175248e+03 | 618.93%| unknown
 14.4s|     1 |     0 | 33821 |     - |   161M |   0 |8430 |4270 |  17k|2720 |  8 |   0 |   0 | 1.283660e+03 | 8.175248e+03 | 536.87%| unknown
 17.0s|     1 |     0 | 39429 |     - |   163M |   0 |8430 |4270 |  17k|3032 |  9 |   0 |   0 | 1.449370e+03 | 8.175248e+03 | 464.06%| unknown
 20.5s|     1 |     0 | 48533 |     - |   166M |   0 |8430 |4270 |  18k|3452 | 10 |   0 |   0 | 1.633132e+03 | 8.175248e+03 | 400.59%| unknown
 time | node  | left  |LP iter|LP it/n|mem/heur|mdpt |vars |cons |rows |cuts |sepa|confs|strbr|  dualbound   | primalbound  |  gap   | compl. 
 23.3s|     1 |     0 | 55176 |     - |   168M |   0 |8430 |4270 |  18k|3820 | 11 |   0 |   0 | 1.805119e+03 | 8.175248e+03 | 352.89%| unknown
t23.4s|     1 |     0 | 55176 |     - |  trysol|   0 |8430 |4270 |  18k|3820 | 11 |   0 |   0 | 1.805119e+03 | 7.945135e+03 | 340.14%| unknown
 27.4s|     1 |     0 | 63061 |     - |   171M |   0 |8430 |4270 |  18k|4134 | 12 |   0 |   0 | 1.979072e+03 | 7.945135e+03 | 301.46%| unknown
 31.4s|     1 |     0 | 71091 |     - |   174M |   0 |8430 |4270 |  19k|4524 | 13 |   0 |   0 | 2.150701e+03 | 7.945135e+03 | 269.42%| unknown
 34.5s|     1 |     0 | 76313 |     - |   176M |   0 |8430 |4270 |  10k|4812 | 14 |   0 |   0 | 2.282772e+03 | 7.945135e+03 | 248.05%| unknown
 37.7s|     1 |     0 | 81928 |     - |   177M |   0 |8430 |4270 |  10k|5156 | 15 |   0 |   0 | 2.475043e+03 | 7.945135e+03 | 221.01%| unknown
t37.7s|     1 |     0 | 81928 |     - |  trysol|   0 |8430 |4270 |  10k|5156 | 15 |   0 |   0 | 2.475043e+03 | 7.330819e+03 | 196.19%| unknown
 39.4s|     1 |     0 | 84987 |     - |   179M |   0 |8430 |4270 |  10k|5290 | 16 |   0 |   0 | 2.522727e+03 | 7.330819e+03 | 190.59%| unknown
 39.5s|     1 |     0 | 84987 |     - |   179M |   0 |8430 |4270 |  10k|5290 | 16 |   0 |   0 | 2.522727e+03 | 7.330819e+03 | 190.59%| unknown
 41.1s|     1 |     0 | 87223 |     - |   180M |   0 |8430 |4270 |  10k|5393 | 17 |   0 |   0 | 2.544016e+03 | 7.330819e+03 | 188.16%| unknown
 42.9s|     1 |     0 | 90156 |     - |   181M |   0 |8430 |4270 |  10k|5477 | 18 |   0 |   0 | 2.563534e+03 | 7.330819e+03 | 185.97%| unknown
 43.4s|     1 |     0 | 90865 |     - |   182M |   0 |8430 |4270 |  11k|5566 | 19 |   0 |   0 | 2.568428e+03 | 7.330819e+03 | 185.42%| unknown
 44.2s|     1 |     0 | 91686 |     - |   183M |   0 |8430 |4270 |9631 |5608 | 20 |   0 |   0 | 2.578159e+03 | 7.330819e+03 | 184.34%| unknown
 44.4s|     1 |     0 | 92014 |     - |   183M |   0 |8430 |4270 |9650 |5627 | 21 |   0 |   0 | 2.581365e+03 | 7.330819e+03 | 183.99%| unknown
 44.6s|     1 |     0 | 92166 |     - |   184M |   0 |8430 |4270 |9669 |5646 | 22 |   0 |   0 | 2.582415e+03 | 7.330819e+03 | 183.87%| unknown
 time | node  | left  |LP iter|LP it/n|mem/heur|mdpt |vars |cons |rows |cuts |sepa|confs|strbr|  dualbound   | primalbound  |  gap   | compl. 
 44.8s|     1 |     0 | 92367 |     - |   184M |   0 |8430 |4270 |9685 |5662 | 23 |   0 |   0 | 2.585147e+03 | 7.330819e+03 | 183.57%| unknown
 45.0s|     1 |     0 | 92665 |     - |   184M |   0 |8430 |4270 |9729 |5706 | 24 |   0 |   0 | 2.585765e+03 | 7.330819e+03 | 183.51%| unknown
 45.2s|     1 |     0 | 92883 |     - |   184M |   0 |8430 |4270 |9748 |5725 | 25 |   0 |   0 | 2.586217e+03 | 7.330819e+03 | 183.46%| unknown
 45.5s|     1 |     0 | 93327 |     - |   184M |   0 |8430 |4270 |8229 |5778 | 26 |   0 |   0 | 2.592704e+03 | 7.330819e+03 | 182.75%| unknown
 45.7s|     1 |     0 | 93566 |     - |   184M |   0 |8430 |4270 |8290 |5839 | 27 |   0 |   0 | 2.594673e+03 | 7.330819e+03 | 182.53%| unknown
 45.9s|     1 |     0 | 93732 |     - |   184M |   0 |8430 |4270 |8337 |5886 | 28 |   0 |   0 | 2.595732e+03 | 7.330819e+03 | 182.42%| unknown
 46.1s|     1 |     0 | 93927 |     - |   184M |   0 |8430 |4270 |8467 |6016 | 29 |   0 |   0 | 2.596509e+03 | 7.330819e+03 | 182.33%| unknown
 46.4s|     1 |     0 | 94552 |     - |   184M |   0 |8430 |4270 |8573 |6122 | 30 |   0 |   0 | 2.602372e+03 | 7.330819e+03 | 181.70%| unknown
 47.2s|     1 |     0 | 96204 |     - |   184M |   0 |8430 |4270 |8720 |6269 | 31 |   0 |   0 | 2.614013e+03 | 7.330819e+03 | 180.44%| unknown
 47.5s|     1 |     0 | 96608 |     - |   184M |   0 |8430 |4270 |8477 |6390 | 32 |   0 |   0 | 2.617632e+03 | 7.330819e+03 | 180.06%| unknown
 47.8s|     1 |     0 | 96970 |     - |   184M |   0 |8430 |4270 |8516 |6429 | 33 |   0 |   0 | 2.619853e+03 | 7.330819e+03 | 179.82%| unknown
 48.0s|     1 |     0 | 97144 |     - |   184M |   0 |8430 |4270 |8567 |6480 | 34 |   0 |   0 | 2.620679e+03 | 7.330819e+03 | 179.73%| unknown
 48.7s|     1 |     0 | 98664 |     - |   184M |   0 |8430 |4270 |8668 |6581 | 35 |   0 |   0 | 2.637889e+03 | 7.330819e+03 | 177.90%| unknown
 49.1s|     1 |     0 | 99237 |     - |   184M |   0 |8430 |4270 |8746 |6659 | 36 |   0 |   0 | 2.642213e+03 | 7.330819e+03 | 177.45%| unknown
 49.3s|     1 |     0 | 99459 |     - |   184M |   0 |8430 |4270 |8768 |6681 | 37 |   0 |   0 | 2.643335e+03 | 7.330819e+03 | 177.33%| unknown
 time | node  | left  |LP iter|LP it/n|mem/heur|mdpt |vars |cons |rows |cuts |sepa|confs|strbr|  dualbound   | primalbound  |  gap   | compl. 
 49.5s|     1 |     0 | 99759 |     - |   184M |   0 |8430 |4270 |8625 |6722 | 38 |   0 |   0 | 2.645931e+03 | 7.330819e+03 | 177.06%| unknown
 49.6s|     1 |     0 | 99913 |     - |   184M |   0 |8430 |4270 |8638 |6735 | 39 |   0 |   0 | 2.646906e+03 | 7.330819e+03 | 176.96%| unknown
 49.9s|     1 |     0 |100218 |     - |   185M |   0 |8430 |4270 |8663 |6760 | 40 |   0 |   0 | 2.648285e+03 | 7.330819e+03 | 176.81%| unknown
 50.0s|     1 |     0 |100395 |     - |   185M |   0 |8430 |4270 |8694 |6791 | 41 |   0 |   0 | 2.649521e+03 | 7.330819e+03 | 176.68%| unknown
 50.2s|     1 |     0 |100433 |     - |   185M |   0 |8430 |4270 |8698 |6795 | 42 |   0 |   0 | 2.649733e+03 | 7.330819e+03 | 176.66%| unknown
 50.3s|     1 |     0 |100615 |     - |   185M |   0 |8430 |4270 |8726 |6823 | 43 |   0 |   0 | 2.651463e+03 | 7.330819e+03 | 176.48%| unknown
 50.4s|     1 |     0 |100637 |     - |   185M |   0 |8430 |4270 |8343 |6829 | 44 |   0 |   0 | 2.651611e+03 | 7.330819e+03 | 176.47%| unknown
L 115s|     1 |     0 |242113 |     - |    alns|   0 |8430 |4270 |8343 |6829 | 46 |   0 |   0 | 2.651611e+03 | 5.751442e+03 | 116.90%| unknown
L 117s|     1 |     0 |242113 |     - |    alns|   0 |8430 |4270 |8343 |6829 | 46 |   0 |   0 | 2.651611e+03 | 5.540334e+03 | 108.94%| unknown
L 117s|     1 |     0 |242113 |     - |    alns|   0 |8430 |4270 |8343 |6829 | 46 |   0 |   0 | 2.651611e+03 | 5.241400e+03 |  97.67%| unknown
  121s|     1 |     0 |242113 |     - |   191M |   0 |8430 |4270 |8343 |6829 | 46 |   0 |   0 | 2.651611e+03 | 5.241400e+03 |  97.67%| unknown
t 121s|     1 |     0 |242113 |     - |  trysol|   0 |8430 |4270 |8343 |6829 | 46 |   0 |   0 | 2.651611e+03 | 5.238145e+03 |  97.55%| unknown
  121s|     1 |     0 |242214 |     - |   191M |   0 |8430 |4270 |8263 |6850 | 47 |   0 |   0 | 2.652170e+03 | 5.238145e+03 |  97.50%| unknown
  121s|     1 |     0 |242219 |     - |   191M |   0 |8430 |4270 |8265 |6852 | 48 |   0 |   0 | 2.652205e+03 | 5.238145e+03 |  97.50%| unknown
  126s|     1 |     2 |242219 |     - |   191M |   0 |8430 |4270 |8265 |6852 | 48 |   0 |  18 | 2.656780e+03 | 5.238145e+03 |  97.16%| unknown
 time | node  | left  |LP iter|LP it/n|mem/heur|mdpt |vars |cons |rows |cuts |sepa|confs|strbr|  dualbound   | primalbound  |  gap   | compl. 
t 235s|    82 |    81 |371850 |3418.1 |  trysol|  19 |8430 |4270 |   0 |  17k|  0 |   0 | 139 | 2.729005e+03 | 5.205868e+03 |  90.76%| unknown
  248s|   100 |   101 |394589 |3026.3 |   253M |  19 |8430 |4270 |9259 |  20k|  4 |   0 | 139 | 2.746851e+03 | 5.205868e+03 |  89.52%| unknown
L 291s|   158 |   159 |470568 |2392.3 |    alns|  20 |8430 |4270 |9805 |  26k|  3 |   0 | 143 | 2.771182e+03 | 4.912895e+03 |  77.29%| unknown
L 291s|   158 |   159 |470568 |2392.3 |    alns|  20 |8430 |4270 |9805 |  26k|  3 |   0 | 143 | 2.771182e+03 | 4.719902e+03 |  70.32%| unknown
  329s|   200 |   201 |533526 |2203.7 |   289M |  21 |8430 |4270 |9229 |  31k|  5 |   0 | 143 | 2.771182e+03 | 4.719902e+03 |  70.32%| unknown
  389s|   300 |   301 |622421 |1764.0 |   314M |  23 |8430 |4270 |9012 |  39k|  2 |   0 | 151 | 2.771182e+03 | 4.719902e+03 |  70.32%| unknown
L 462s|   358 |   359 |690642 |1668.5 |crossove|  23 |8430 |4270 |9845 |  46k|  7 |   0 | 160 | 2.775224e+03 | 4.522101e+03 |  62.95%| unknown
  489s|   400 |   401 |744470 |1627.8 |   348M |  24 |8430 |4270 |9555 |  52k|  2 |   0 | 163 | 2.784573e+03 | 4.522101e+03 |  62.40%| unknown
  542s|   500 |   501 |831700 |1476.4 |   369M |  40 |8430 |4270 |9956 |  62k|  3 |   0 | 171 | 2.810605e+03 | 4.522101e+03 |  60.89%| unknown
  620s|   600 |   601 |947437 |1423.1 |   387M |  40 |8430 |4270 |  10k|  77k|  6 |   0 | 184 | 2.814753e+03 | 4.522101e+03 |  60.66%| unknown
  679s|   700 |   701 |  1028k|1335.5 |   398M |  40 |8430 |4270 |9945 |  88k|  4 |   0 | 188 | 2.827020e+03 | 4.522101e+03 |  59.96%| unknown
  720s|   800 |   801 |  1097k|1254.3 |   415M |  40 |8430 |4270 |8994 |  99k|  2 |   0 | 195 | 2.827020e+03 | 4.522101e+03 |  59.96%| unknown
  769s|   900 |   901 |  1184k|1212.0 |   444M |  40 |8430 |4270 |9983 | 111k|  6 |   0 | 206 | 2.827020e+03 | 4.522101e+03 |  59.96%| unknown
  823s|  1000 |  1001 |  1273k|1179.9 |   470M |  40 |8430 |4270 |9570 | 123k|  3 |   0 | 213 | 2.827020e+03 | 4.522101e+03 |  59.96%| unknown
  874s|  1100 |  1101 |  1358k|1150.1 |   487M |  40 |8430 |4270 |  10k| 134k|  2 |   0 | 219 | 2.831576e+03 | 4.522101e+03 |  59.70%| unknown
 time | node  | left  |LP iter|LP it/n|mem/heur|mdpt |vars |cons |rows |cuts |sepa|confs|strbr|  dualbound   | primalbound  |  gap   | compl. 
  937s|  1200 |  1201 |  1467k|1144.9 |   510M |  40 |8430 |4270 |9582 | 148k|  3 |   0 | 228 | 2.848137e+03 | 4.522101e+03 |  58.77%| unknown
  985s|  1300 |  1301 |  1542k|1114.5 |   530M |  40 |8430 |4270 |  10k| 161k|  6 |   0 | 233 | 2.848137e+03 | 4.522101e+03 |  58.77%| unknown
 1022s|  1400 |  1401 |  1604k|1079.2 |   550M |  40 |8430 |4270 |9596 | 171k|  5 |   0 | 238 | 2.855341e+03 | 4.522101e+03 |  58.37%| unknown
L1052s|  1469 |  1470 |  1645k|1056.4 |    rins|  40 |8430 |4270 |9907 | 178k|  3 |   0 | 238 | 2.855344e+03 | 4.376957e+03 |  53.29%| unknown
 1061s|  1500 |  1501 |  1653k|1039.9 |   559M |  40 |8430 |4270 |  10k| 180k|  6 |   0 | 240 | 2.855344e+03 | 4.376957e+03 |  53.29%| unknown
 1105s|  1600 |  1601 |  1729k|1022.4 |   578M |  40 |8430 |4270 |  10k| 191k|  8 |   0 | 246 | 2.856896e+03 | 4.376957e+03 |  53.21%| unknown
 1147s|  1700 |  1701 |  1799k|1003.5 |   601M |  40 |8430 |4270 |  10k| 204k|  3 |   0 | 252 | 2.856896e+03 | 4.376957e+03 |  53.21%| unknown
 1197s|  1800 |  1801 |  1891k| 998.6 |   632M |  40 |8430 |4270 |9683 | 218k|  2 |   0 | 255 | 2.857150e+03 | 4.376957e+03 |  53.19%| unknown
 1242s|  1900 |  1901 |  1980k| 993.0 |   653M |  40 |8430 |4270 |9758 | 233k|  4 |   0 | 262 | 2.857232e+03 | 4.376957e+03 |  53.19%| unknown
 1276s|  2000 |  2001 |  2047k| 976.7 |   669M |  40 |8430 |4270 |  10k| 245k|  6 |   0 | 268 | 2.863452e+03 | 4.376957e+03 |  52.86%| unknown
 1322s|  2100 |  2101 |  2118k| 964.0 |   692M |  40 |8430 |4270 |  10k| 257k|  3 |   0 | 274 | 2.870378e+03 | 4.376957e+03 |  52.49%| unknown
 1364s|  2200 |  2201 |  2198k| 956.4 |   719M |  40 |8430 |4270 |9754 | 270k|  2 |   0 | 278 | 2.870874e+03 | 4.376957e+03 |  52.46%| unknown
 1394s|  2300 |  2301 |  2246k| 936.1 |   729M |  40 |8430 |4270 |  10k| 278k|  6 |   0 | 280 | 2.870874e+03 | 4.376957e+03 |  52.46%| unknown
 1431s|  2400 |  2401 |  2316k| 925.8 |   740M |  40 |8430 |4270 |9846 | 289k|  4 |   0 | 284 | 2.870874e+03 | 4.376957e+03 |  52.46%| unknown
 1478s|  2500 |  2501 |  2402k| 923.3 |   763M |  40 |8430 |4270 |  10k| 306k|  6 |   0 | 288 | 2.874756e+03 | 4.376957e+03 |  52.25%| unknown
 time | node  | left  |LP iter|LP it/n|mem/heur|mdpt |vars |cons |rows |cuts |sepa|confs|strbr|  dualbound   | primalbound  |  gap   | compl. 
 1509s|  2600 |  2601 |  2453k| 907.5 |   776M |  40 |8430 |4270 |9808 | 315k|  5 |   0 | 290 | 2.875387e+03 | 4.376957e+03 |  52.22%| unknown
 1546s|  2700 |  2701 |  2517k| 897.4 |   793M |  40 |8430 |4270 |9407 | 325k|  6 |   0 | 295 | 2.875387e+03 | 4.376957e+03 |  52.22%| unknown
 1569s|  2800 |  2801 |  2562k| 881.4 |   805M |  40 |8430 |4270 |  10k| 335k|  2 |   0 | 296 | 2.875387e+03 | 4.376957e+03 |  52.22%| unknown
 1658s|  2900 |  2901 |  2635k| 876.3 |   823M |  40 |8430 |4270 |  10k| 349k|  5 |   0 | 302 | 2.880628e+03 | 4.376957e+03 |  51.94%| unknown
 1690s|  3000 |  3001 |  2693k| 866.4 |   837M |  40 |8430 |4270 |  10k| 360k|  5 |   0 | 302 | 2.880628e+03 | 4.376957e+03 |  51.94%| unknown
 1727s|  3100 |  3101 |  2757k| 859.1 |   849M |  40 |8430 |4270 |  10k| 371k|  4 |   0 | 304 | 2.880628e+03 | 4.376957e+03 |  51.94%| unknown
 1761s|  3200 |  3201 |  2824k| 853.1 |   868M |  40 |8430 |4270 |  10k| 384k|  5 |   0 | 307 | 2.883598e+03 | 4.376957e+03 |  51.79%| unknown
 1802s|  3300 |  3301 |  2909k| 853.2 |   891M |  40 |8430 |4270 |  10k| 400k|  6 |   0 | 314 | 2.885914e+03 | 4.376957e+03 |  51.67%| unknown
 1838s|  3400 |  3401 |  2983k| 849.7 |   905M |  40 |8430 |4270 |9962 | 414k|  5 |   0 | 316 | 2.890002e+03 | 4.376957e+03 |  51.45%| unknown
 1876s|  3500 |  3501 |  3060k| 847.5 |   921M |  40 |8430 |4270 |  10k| 426k|  4 |   0 | 319 | 2.890002e+03 | 4.376957e+03 |  51.45%| unknown
 1908s|  3600 |  3601 |  3120k| 840.6 |   943M |  40 |8430 |4270 |  10k| 439k|  2 |   0 | 322 | 2.890002e+03 | 4.376957e+03 |  51.45%| unknown
 1938s|  3700 |  3701 |  3175k| 832.7 |   953M |  40 |8430 |4270 |  10k| 450k|  4 |   0 | 326 | 2.890002e+03 | 4.376957e+03 |  51.45%| unknown
 1970s|  3800 |  3801 |  3232k| 825.9 |   965M |  47 |8430 |4270 |  10k| 463k|  6 |   0 | 328 | 2.890675e+03 | 4.376957e+03 |  51.42%| unknown
 2005s|  3900 |  3901 |  3310k| 824.7 |   981M |  47 |8430 |4270 |  10k| 478k|  7 |   0 | 330 | 2.890675e+03 | 4.376957e+03 |  51.42%| unknown
 2034s|  4000 |  4001 |  3361k| 816.8 |   995M |  48 |8430 |4270 |  10k| 488k|  5 |   0 | 332 | 2.890675e+03 | 4.376957e+03 |  51.42%| unknown
 time | node  | left  |LP iter|LP it/n|mem/heur|mdpt |vars |cons |rows |cuts |sepa|confs|strbr|  dualbound   | primalbound  |  gap   | compl. 
 2070s|  4100 |  4101 |  3436k| 815.2 |  1013M |  48 |8430 |4270 |  10k| 504k|  7 |   0 | 335 | 2.896681e+03 | 4.376957e+03 |  51.10%| unknown
 2100s|  4200 |  4201 |  3496k| 810.0 |  1032M |  48 |8430 |4270 |  10k| 518k|  4 |   0 | 336 | 2.896840e+03 | 4.376957e+03 |  51.09%| unknown
 2129s|  4300 |  4301 |  3555k| 805.0 |  1045M |  48 |8430 |4270 |  10k| 531k|  6 |   0 | 341 | 2.896840e+03 | 4.376957e+03 |  51.09%| unknown
 2174s|  4400 |  4401 |  3663k| 811.2 |  1064M |  48 |8430 |4270 |  10k| 553k|  5 |   0 | 341 | 2.896840e+03 | 4.376957e+03 |  51.09%| unknown
 2221s|  4500 |  4501 |  3772k| 817.3 |  1084M |  48 |8430 |4270 |  10k| 573k|  5 |   0 | 343 | 2.900907e+03 | 4.376957e+03 |  50.88%| unknown
 2247s|  4600 |  4601 |  3819k| 809.9 |  1106M |  48 |8430 |4270 |  10k| 583k|  5 |   0 | 349 | 2.901118e+03 | 4.376957e+03 |  50.87%| unknown
 2277s|  4700 |  4701 |  3889k| 807.5 |  1121M |  48 |8430 |4270 |  10k| 596k|  3 |   0 | 349 | 2.901118e+03 | 4.376957e+03 |  50.87%| unknown
 2308s|  4800 |  4801 |  3954k| 804.2 |  1130M |  48 |8430 |4270 |  10k| 608k|  6 |   0 | 350 | 2.901118e+03 | 4.376957e+03 |  50.87%| unknown
 2335s|  4900 |  4901 |  4007k| 798.6 |  1137M |  48 |8430 |4270 |9712 | 620k|  6 |   0 | 352 | 2.901118e+03 | 4.376957e+03 |  50.87%| unknown
 2370s|  5000 |  5001 |  4083k| 797.8 |  1156M |  48 |8430 |4270 |  10k| 634k|  8 |   0 | 354 | 2.905495e+03 | 4.376957e+03 |  50.64%| unknown
 2421s|  5100 |  5101 |  4202k| 805.6 |  1185M |  48 |8430 |4270 |  10k| 657k|  5 |   0 | 355 | 2.912370e+03 | 4.376957e+03 |  50.29%| unknown
 2448s|  5200 |  5201 |  4255k| 800.3 |  1195M |  48 |8430 |4270 |  10k| 666k|  2 |   0 | 357 | 2.912370e+03 | 4.376957e+03 |  50.29%| unknown
 2475s|  5300 |  5301 |  4293k| 792.3 |  1204M |  48 |8430 |4270 |  10k| 674k|  6 |   0 | 357 | 2.912370e+03 | 4.376957e+03 |  50.29%| unknown
 2498s|  5400 |  5401 |  4334k| 785.2 |  1216M |  48 |8430 |4270 |  10k| 683k|  5 |   0 | 359 | 2.912370e+03 | 4.376957e+03 |  50.29%| unknown
 2534s|  5500 |  5501 |  4417k| 786.1 |  1236M |  48 |8430 |4270 |  10k| 698k|  5 |   0 | 361 | 2.912370e+03 | 4.376957e+03 |  50.29%| unknown
 time | node  | left  |LP iter|LP it/n|mem/heur|mdpt |vars |cons |rows |cuts |sepa|confs|strbr|  dualbound   | primalbound  |  gap   | compl. 
 2578s|  5600 |  5601 |  4519k| 790.2 |  1266M |  48 |8430 |4270 |9997 | 718k|  6 |   0 | 363 | 2.920211e+03 | 4.376957e+03 |  49.88%| unknown
 2674s|  5700 |  5701 |  4570k| 785.4 |  1279M |  48 |8430 |4270 |9881 | 728k|  6 |   0 | 364 | 2.921924e+03 | 4.376957e+03 |  49.80%| unknown
 2704s|  5800 |  5801 |  4613k| 779.2 |  1285M |  48 |8430 |4270 |9903 | 736k|  2 |   0 | 367 | 2.922257e+03 | 4.376957e+03 |  49.78%| unknown
 2727s|  5900 |  5901 |  4653k| 772.8 |  1297M |  48 |8430 |4270 |9670 | 745k|  2 |   0 | 367 | 2.922556e+03 | 4.376957e+03 |  49.76%| unknown
 2750s|  6000 |  6001 |  4700k| 767.8 |  1309M |  48 |8430 |4270 |  10k| 755k|  6 |   0 | 367 | 2.922699e+03 | 4.376957e+03 |  49.76%| unknown
 2791s|  6100 |  6101 |  4797k| 771.0 |  1328M |  48 |8430 |4270 |  10k| 772k|  2 |   0 | 369 | 2.926111e+03 | 4.376957e+03 |  49.58%| unknown
 2816s|  6200 |  6201 |  4851k| 767.3 |  1337M |  48 |8430 |4270 |  10k| 783k|  7 |   0 | 370 | 2.927280e+03 | 4.376957e+03 |  49.52%| unknown
 2840s|  6300 |  6301 |  4901k| 763.1 |  1350M |  48 |8430 |4270 |  10k| 793k|  6 |   0 | 370 | 2.927280e+03 | 4.376957e+03 |  49.52%| unknown
 2864s|  6400 |  6401 |  4950k| 758.8 |  1359M |  48 |8430 |4270 |  10k| 802k|  4 |   0 | 373 | 2.927280e+03 | 4.376957e+03 |  49.52%| unknown
 2895s|  6500 |  6501 |  5026k| 758.8 |  1385M |  48 |8430 |4270 |  10k| 818k|  6 |   0 | 376 | 2.930300e+03 | 4.376957e+03 |  49.37%| unknown
 2920s|  6600 |  6601 |  5083k| 756.0 |  1396M |  48 |8430 |4270 |  10k| 830k|  5 |   0 | 378 | 2.930300e+03 | 4.376957e+03 |  49.37%| unknown
 2950s|  6700 |  6701 |  5145k| 753.9 |  1415M |  48 |8430 |4270 |  10k| 841k|  6 |   0 | 379 | 2.930569e+03 | 4.376957e+03 |  49.36%| unknown
 2978s|  6800 |  6801 |  5207k| 752.0 |  1428M |  48 |8430 |4270 |  10k| 852k|  5 |   0 | 380 | 2.930569e+03 | 4.376957e+03 |  49.36%| unknown
 3002s|  6900 |  6901 |  5255k| 747.9 |  1438M |  48 |8430 |4270 |  10k| 863k|  8 |   0 | 382 | 2.930569e+03 | 4.376957e+03 |  49.36%| unknown
 3028s|  7000 |  7001 |  5315k| 745.9 |  1449M |  48 |8430 |4270 |9671 | 875k|  5 |   0 | 384 | 2.930889e+03 | 4.376957e+03 |  49.34%| unknown
 time | node  | left  |LP iter|LP it/n|mem/heur|mdpt |vars |cons |rows |cuts |sepa|confs|strbr|  dualbound   | primalbound  |  gap   | compl. 
 3057s|  7100 |  7101 |  5386k| 745.4 |  1462M |  48 |8430 |4270 |  10k| 889k|  5 |   0 | 384 | 2.932719e+03 | 4.376957e+03 |  49.25%| unknown
 3087s|  7200 |  7201 |  5458k| 745.0 |  1476M |  48 |8430 |4270 |9865 | 903k|  3 |   0 | 384 | 2.932719e+03 | 4.376957e+03 |  49.25%| unknown
 3108s|  7300 |  7301 |  5501k| 740.7 |  1484M |  48 |8430 |4270 |  10k| 912k|  5 |   0 | 385 | 2.932719e+03 | 4.376957e+03 |  49.25%| unknown
 3133s|  7400 |  7401 |  5554k| 737.9 |  1499M |  48 |8430 |4270 |  10k| 922k|  6 |   0 | 386 | 2.934891e+03 | 4.376957e+03 |  49.14%| unknown
 3164s|  7500 |  7501 |  5632k| 738.5 |  1513M |  48 |8430 |4270 |  10k| 936k|  6 |   0 | 386 | 2.934891e+03 | 4.376957e+03 |  49.14%| unknown
 3193s|  7600 |  7601 |  5696k| 737.1 |  1528M |  48 |8430 |4270 |  10k| 947k|  2 |   0 | 387 | 2.938238e+03 | 4.376957e+03 |  48.97%| unknown
 3220s|  7700 |  7701 |  5760k| 735.9 |  1542M |  48 |8430 |4270 |  10k| 960k|  6 |   0 | 387 | 2.939299e+03 | 4.376957e+03 |  48.91%| unknown
 3253s|  7800 |  7801 |  5845k| 737.3 |  1555M |  48 |8430 |4270 |  10k| 976k|  7 |   0 | 389 | 2.939805e+03 | 4.376957e+03 |  48.89%| unknown
 3280s|  7900 |  7901 |  5896k| 734.5 |  1573M |  48 |8430 |4270 |9848 | 987k|  5 |   0 | 390 | 2.940563e+03 | 4.376957e+03 |  48.85%| unknown
 3304s|  8000 |  8001 |  5942k| 731.0 |  1590M |  48 |8430 |4270 |  10k| 996k|  6 |   0 | 390 | 2.940563e+03 | 4.376957e+03 |  48.85%| unknown
 3339s|  8100 |  8101 |  6023k| 732.0 |  1610M |  48 |8430 |4270 |9851 |1011k|  6 |   0 | 390 | 2.940608e+03 | 4.376957e+03 |  48.85%| unknown
 3365s|  8200 |  8201 |  6083k| 730.4 |  1619M |  48 |8430 |4270 |  10k|1024k|  6 |   0 | 395 | 2.940608e+03 | 4.376957e+03 |  48.85%| unknown
 3386s|  8300 |  8301 |  6131k| 727.4 |  1628M |  48 |8430 |4270 |  10k|1034k|  6 |   0 | 395 | 2.940836e+03 | 4.376957e+03 |  48.83%| unknown
 3413s|  8400 |  8401 |  6197k| 726.5 |  1645M |  48 |8430 |4270 |  10k|1047k|  2 |   0 | 396 | 2.943428e+03 | 4.376957e+03 |  48.70%| unknown
 3437s|  8500 |  8501 |  6248k| 724.1 |  1655M |  48 |8430 |4270 |  10k|1057k|  6 |   0 | 396 | 2.944375e+03 | 4.376957e+03 |  48.65%| unknown
 time | node  | left  |LP iter|LP it/n|mem/heur|mdpt |vars |cons |rows |cuts |sepa|confs|strbr|  dualbound   | primalbound  |  gap   | compl. 
 3459s|  8600 |  8601 |  6299k| 721.6 |  1667M |  48 |8430 |4270 |  10k|1068k|  3 |   0 | 396 | 2.944375e+03 | 4.376957e+03 |  48.65%| unknown
 3484s|  8700 |  8701 |  6355k| 719.7 |  1678M |  48 |8430 |4270 |  10k|1079k|  5 |   0 | 399 | 2.946246e+03 | 4.376957e+03 |  48.56%| unknown
 3515s|  8800 |  8801 |  6429k| 720.0 |  1705M |  48 |8430 |4270 |  10k|1093k|  6 |   0 | 400 | 2.949012e+03 | 4.376957e+03 |  48.42%| unknown
 3537s|  8900 |  8901 |  6478k| 717.3 |  1711M |  48 |8430 |4270 |  10k|1104k|  5 |   0 | 400 | 2.950128e+03 | 4.376957e+03 |  48.36%| unknown
 3565s|  9000 |  9001 |  6541k| 716.4 |  1724M |  48 |8430 |4270 |  10k|1116k|  4 |   0 | 401 | 2.951050e+03 | 4.376957e+03 |  48.32%| unknown
 3589s|  9100 |  9101 |  6595k| 714.4 |  1735M |  48 |8430 |4270 |  10k|1127k|  7 |   0 | 402 | 2.951261e+03 | 4.376957e+03 |  48.31%| unknown

SCIP Status        : solving was interrupted [time limit reached]
Solving Time (sec) : 3600.01
Solving Nodes      : 9143
Primal Bound       : +4.37695655937385e+03 (165 solutions)
Dual Bound         : +2.95126074631097e+03
Gap                : 48.31 %
reading holmberg data file ../../../../../instances/uflp/holmberg/p49
primal_bound = 4376.956559373845, dual_bound = 2951.260746310969, gap = 32.57276588705354, time = 3603.29
