2023/05/23
Julia is now 1.9.0
previous version was 1.7.2
2023/11/29
gurobi is now 11.0.0
previous version was 10.0.2
solving instance uflp nlass orlib 63 sinabc1
presolving:
(round 1, fast)       751 del vars, 801 del conss, 0 add conss, 800 chg bounds, 0 chg sides, 0 chg coeffs, 0 upgd conss, 0 impls, 0 clqs
(round 2, fast)       802 del vars, 851 del conss, 0 add conss, 800 chg bounds, 0 chg sides, 0 chg coeffs, 0 upgd conss, 0 impls, 0 clqs
(round 3, exhaustive) 803 del vars, 851 del conss, 0 add conss, 815 chg bounds, 1 chg sides, 0 chg coeffs, 0 upgd conss, 0 impls, 0 clqs
(round 4, fast)       818 del vars, 882 del conss, 0 add conss, 830 chg bounds, 1 chg sides, 0 chg coeffs, 0 upgd conss, 0 impls, 0 clqs
(round 5, fast)       833 del vars, 882 del conss, 0 add conss, 830 chg bounds, 1 chg sides, 0 chg coeffs, 0 upgd conss, 0 impls, 0 clqs
(round 6, exhaustive) 833 del vars, 882 del conss, 0 add conss, 830 chg bounds, 1 chg sides, 0 chg coeffs, 735 upgd conss, 0 impls, 0 clqs
   (0.4s) probing cycle finished: starting next cycle
   (0.4s) symmetry computation started: requiring (bin +, int -, cont -), (fixed: bin -, int +, cont +)
   (0.4s) no symmetry present
presolving (7 rounds: 7 fast, 3 medium, 3 exhaustive):
 833 deleted vars, 882 deleted constraints, 0 added constraints, 830 tightened bounds, 0 added holes, 1 changed sides, 0 changed coefficients
 735 implications, 0 cliques
presolved problem has 1583 variables (15 bin, 0 int, 0 impl, 1568 cont) and 1568 constraints
    735 constraints of type <varbound>
     49 constraints of type <linear>
    784 constraints of type <nonlinear>
Presolving Time: 0.40

 time | node  | left  |LP iter|LP it/n|mem/heur|mdpt |vars |cons |rows |cuts |sepa|confs|strbr|  dualbound   | primalbound  |  gap   | compl. 
t 0.6s|     1 |     0 |  3448 |     - |  trysol|   0 |3151 |1568 |5488 |   0 |  0 |   0 |   0 |-1.495362e-03 | 5.713411e+05 |    Inf | unknown
  0.8s|     1 |     0 |  5841 |     - |    52M |   0 |3151 |1568 |5488 |   0 |  0 |   0 |   0 | 5.537298e+04 | 5.713411e+05 | 931.80%| unknown
r 1.6s|     1 |     0 |  5841 |     - |simplero|   0 |3151 |1568 |5488 |   0 |  0 |   0 |   0 | 5.537298e+04 | 5.171043e+05 | 833.86%| unknown
  1.7s|     1 |     0 |  6152 |     - |    58M |   0 |3151 |1568 |5647 | 159 |  1 |   0 |   0 | 7.136761e+04 | 5.171043e+05 | 624.56%| unknown
  1.7s|     1 |     0 |  6152 |     - |    58M |   0 |3151 |1568 |5647 | 159 |  1 |   0 |   0 | 7.136761e+04 | 5.171043e+05 | 624.56%| unknown
  1.8s|     1 |     0 |  6607 |     - |    59M |   0 |3151 |1568 |5871 | 383 |  2 |   0 |   0 | 9.213174e+04 | 5.171043e+05 | 461.27%| unknown
  2.0s|     1 |     0 |  7193 |     - |    59M |   0 |3151 |1568 |6142 | 654 |  3 |   0 |   0 | 1.206086e+05 | 5.171043e+05 | 328.75%| unknown
  2.2s|     1 |     0 |  7678 |     - |    60M |   0 |3151 |1568 |6440 | 952 |  4 |   0 |   0 | 1.461104e+05 | 5.171043e+05 | 253.91%| unknown
  2.4s|     1 |     0 |  8369 |     - |    61M |   0 |3151 |1568 |6873 |1385 |  5 |   0 |   0 | 1.840303e+05 | 5.171043e+05 | 180.99%| unknown
  2.6s|     1 |     0 |  8986 |     - |    64M |   0 |3151 |1568 |7290 |1802 |  6 |   0 |   0 | 2.071461e+05 | 5.171043e+05 | 149.63%| unknown
  2.8s|     1 |     0 |  9503 |     - |    65M |   0 |3151 |1568 |7568 |2080 |  7 |   0 |   0 | 2.355755e+05 | 5.171043e+05 | 119.51%| unknown
  3.0s|     1 |     0 | 10101 |     - |    66M |   0 |3151 |1568 |7798 |2310 |  8 |   0 |   0 | 2.644156e+05 | 5.171043e+05 |  95.56%| unknown
  3.2s|     1 |     0 | 10476 |     - |    67M |   0 |3151 |1568 |7978 |2490 |  9 |   0 |   0 | 2.779437e+05 | 5.171043e+05 |  86.05%| unknown
  3.4s|     1 |     0 | 10720 |     - |    68M |   0 |3151 |1568 |8076 |2588 | 10 |   0 |   0 | 2.834128e+05 | 5.171043e+05 |  82.46%| unknown
  3.5s|     1 |     0 | 10987 |     - |    69M |   0 |3151 |1568 |8206 |2718 | 11 |   0 |   0 | 2.878719e+05 | 5.171043e+05 |  79.63%| unknown
 time | node  | left  |LP iter|LP it/n|mem/heur|mdpt |vars |cons |rows |cuts |sepa|confs|strbr|  dualbound   | primalbound  |  gap   | compl. 
  3.5s|     1 |     0 | 11109 |     - |    70M |   0 |3151 |1568 |8250 |2762 | 12 |   0 |   0 | 2.886475e+05 | 5.171043e+05 |  79.15%| unknown
  3.6s|     1 |     0 | 11317 |     - |    71M |   0 |3151 |1568 |8333 |2845 | 13 |   0 |   0 | 2.890510e+05 | 5.171043e+05 |  78.90%| unknown
  3.7s|     1 |     0 | 11393 |     - |    72M |   0 |3151 |1568 |8378 |2890 | 14 |   0 |   0 | 2.892693e+05 | 5.171043e+05 |  78.76%| unknown
  3.7s|     1 |     0 | 11428 |     - |    72M |   0 |3151 |1568 |4480 |2913 | 15 |   0 |   0 | 2.894130e+05 | 5.171043e+05 |  78.67%| unknown
  3.8s|     1 |     0 | 11484 |     - |    73M |   0 |3151 |1568 |4511 |2944 | 16 |   0 |   0 | 2.895356e+05 | 5.171043e+05 |  78.60%| unknown
 16.8s|     1 |     0 | 86462 |     - |    74M |   0 |3151 |1568 |4511 |2944 | 18 |   0 |   0 | 2.895356e+05 | 5.171043e+05 |  78.60%| unknown
 16.9s|     1 |     0 | 86623 |     - |    74M |   0 |3151 |1568 |4530 |2963 | 19 |   0 |   0 | 2.897821e+05 | 5.171043e+05 |  78.45%| unknown
 17.0s|     1 |     0 | 87016 |     - |    74M |   0 |3151 |1568 |4617 |3050 | 20 |   0 |   0 | 2.908945e+05 | 5.171043e+05 |  77.76%| unknown
 17.1s|     1 |     0 | 87208 |     - |    75M |   0 |3151 |1568 |4661 |3094 | 21 |   0 |   0 | 2.909937e+05 | 5.171043e+05 |  77.70%| unknown
 17.1s|     1 |     0 | 87221 |     - |    75M |   0 |3151 |1568 |3573 |3098 | 22 |   0 |   0 | 2.909949e+05 | 5.171043e+05 |  77.70%| unknown
 24.3s|     1 |     2 | 88325 |     - |    79M |   0 |3151 |1568 |3573 |3098 | 24 |   0 |   8 | 2.919175e+05 | 5.171043e+05 |  77.14%| unknown
r25.0s|     2 |     3 | 88796 |80001.0 |ziroundi|   1 |3151 |1568 |3383 |3465 |  7 |   0 |  14 | 2.919175e+05 | 5.143507e+05 |  76.20%| unknown
 41.4s|   100 |   101 |105063 | 972.4 |    93M |  21 |3151 |1568 |3988 |  10k|  4 |   0 |  39 | 2.975971e+05 | 5.143507e+05 |  72.83%| unknown
 53.3s|   200 |   201 |135486 | 636.6 |   108M |  21 |3151 |1568 |3993 |  18k|  6 |   0 |  61 | 2.985972e+05 | 5.143507e+05 |  72.26%| unknown
L58.9s|   202 |   203 |136145 | 633.6 |    rins|  21 |3151 |1568 |4017 |  18k|  4 |   0 |  61 | 2.985972e+05 | 5.023222e+05 |  68.23%| unknown
 time | node  | left  |LP iter|LP it/n|mem/heur|mdpt |vars |cons |rows |cuts |sepa|confs|strbr|  dualbound   | primalbound  |  gap   | compl. 
 84.3s|   300 |   301 |164304 | 520.1 |   117M |  21 |3151 |1568 |3734 |  24k|  5 |   0 |  75 | 2.989014e+05 | 5.023222e+05 |  68.06%| unknown
 92.5s|   400 |   401 |192748 | 461.0 |   126M |  21 |3151 |1568 |3974 |  31k|  6 |   0 |  86 | 2.989527e+05 | 5.023222e+05 |  68.03%| unknown
  102s|   500 |   501 |224307 | 431.9 |   137M |  21 |3151 |1568 |3885 |  37k|  7 |   0 |  93 | 2.989527e+05 | 5.023222e+05 |  68.03%| unknown
  110s|   600 |   601 |261220 | 421.4 |   147M |  21 |3151 |1568 |4171 |  43k|  8 |   0 | 102 | 2.989740e+05 | 5.023222e+05 |  68.02%| unknown
  132s|   700 |   701 |291035 | 403.8 |   155M |  21 |3151 |1568 |3906 |  50k|  9 |   0 | 107 | 3.002600e+05 | 5.023222e+05 |  67.30%| unknown
  142s|   800 |   801 |331328 | 403.7 |   161M |  21 |3151 |1568 |4016 |  55k|  7 |   0 | 110 | 3.004171e+05 | 5.023222e+05 |  67.21%| unknown
  151s|   900 |   901 |362968 | 394.0 |   170M |  21 |3151 |1568 |4277 |  61k|  5 |   0 | 115 | 3.004171e+05 | 5.023222e+05 |  67.21%| unknown
  162s|  1000 |  1001 |397117 | 388.7 |   180M |  21 |3151 |1568 |3727 |  67k|  5 |   0 | 121 | 3.004323e+05 | 5.023222e+05 |  67.20%| unknown
  171s|  1100 |  1101 |422974 | 376.9 |   184M |  21 |3151 |1568 |3975 |  72k|  4 |   0 | 122 | 3.004435e+05 | 5.023222e+05 |  67.19%| unknown
  181s|  1200 |  1201 |449748 | 367.8 |   192M |  23 |3151 |1568 |3799 |  77k|  4 |   0 | 125 | 3.006732e+05 | 5.023222e+05 |  67.07%| unknown
  199s|  1300 |  1301 |469611 | 354.7 |   200M |  27 |3151 |1568 |4149 |  81k|  6 |   0 | 129 | 3.008120e+05 | 5.023222e+05 |  66.99%| unknown
  210s|  1400 |  1401 |498620 | 350.1 |   206M |  27 |3151 |1568 |3737 |  86k|  4 |   0 | 132 | 3.008595e+05 | 5.023222e+05 |  66.96%| unknown
  219s|  1500 |  1501 |523343 | 343.3 |   213M |  27 |3151 |1568 |3975 |  90k|  4 |   0 | 135 | 3.008595e+05 | 5.023222e+05 |  66.96%| unknown
  229s|  1600 |  1601 |548656 | 337.6 |   219M |  27 |3151 |1568 |4217 |  95k|  5 |   0 | 140 | 3.009807e+05 | 5.023222e+05 |  66.90%| unknown
  239s|  1700 |  1701 |581036 | 336.8 |   225M |  27 |3151 |1568 |3943 |  99k|  6 |   0 | 144 | 3.011748e+05 | 5.023222e+05 |  66.79%| unknown
 time | node  | left  |LP iter|LP it/n|mem/heur|mdpt |vars |cons |rows |cuts |sepa|confs|strbr|  dualbound   | primalbound  |  gap   | compl. 
  248s|  1800 |  1801 |604468 | 331.1 |   232M |  27 |3151 |1568 |3909 | 104k|  6 |   0 | 147 | 3.012750e+05 | 5.023222e+05 |  66.73%| unknown
  273s|  1900 |  1901 |626401 | 325.2 |   237M |  27 |3151 |1568 |4268 | 108k|  2 |   0 | 150 | 3.012771e+05 | 5.023222e+05 |  66.73%| unknown
  287s|  2000 |  2001 |648716 | 320.1 |   242M |  27 |3151 |1568 |3871 | 111k|  2 |   0 | 155 | 3.012771e+05 | 5.023222e+05 |  66.73%| unknown
  296s|  2100 |  2101 |673669 | 316.8 |   244M |  27 |3151 |1568 |3950 | 116k|  5 |   0 | 159 | 3.012771e+05 | 5.023222e+05 |  66.73%| unknown
  307s|  2200 |  2199 |710559 | 319.1 |   252M |  27 |3151 |1568 |4031 | 121k|  5 |   0 | 161 | 3.012771e+05 | 5.023222e+05 |  66.73%| unknown
  316s|  2300 |  2299 |733163 | 315.1 |   260M |  27 |3151 |1568 |3567 | 125k|  2 |   0 | 164 | 3.012771e+05 | 5.023222e+05 |  66.73%| unknown
  326s|  2400 |  2399 |756799 | 311.8 |   266M |  27 |3151 |1568 |3896 | 130k|  5 |   0 | 168 | 3.013312e+05 | 5.023222e+05 |  66.70%| unknown
  335s|  2500 |  2499 |781519 | 309.2 |   275M |  27 |3151 |1568 |3976 | 134k|  5 |   0 | 172 | 3.013312e+05 | 5.023222e+05 |  66.70%| unknown
  345s|  2600 |  2599 |809894 | 308.2 |   279M |  27 |3151 |1568 |3844 | 139k|  3 |   0 | 174 | 3.013312e+05 | 5.023222e+05 |  66.70%| unknown
  354s|  2700 |  2699 |839376 | 307.7 |   286M |  27 |3151 |1568 |4085 | 144k|  5 |   0 | 176 | 3.013482e+05 | 5.023222e+05 |  66.69%| unknown
  362s|  2800 |  2799 |869278 | 307.4 |   294M |  27 |3151 |1568 |3628 | 149k|  3 |   0 | 180 | 3.014054e+05 | 5.023222e+05 |  66.66%| unknown
  377s|  2900 |  2899 |907003 | 309.8 |   300M |  27 |3151 |1568 |4067 | 155k|  5 |   0 | 182 | 3.014054e+05 | 5.023222e+05 |  66.66%| unknown
  387s|  3000 |  2999 |938135 | 309.9 |   305M |  27 |3151 |1568 |4128 | 159k|  2 |   0 | 185 | 3.014054e+05 | 5.023222e+05 |  66.66%| unknown
  396s|  3100 |  3099 |970067 | 310.2 |   313M |  27 |3151 |1568 |3891 | 165k|  6 |   0 | 189 | 3.014611e+05 | 5.023222e+05 |  66.63%| unknown
  404s|  3200 |  3199 |997480 | 309.1 |   319M |  27 |3151 |1568 |4040 | 169k|  4 |   0 | 191 | 3.016116e+05 | 5.023222e+05 |  66.55%| unknown
 time | node  | left  |LP iter|LP it/n|mem/heur|mdpt |vars |cons |rows |cuts |sepa|confs|strbr|  dualbound   | primalbound  |  gap   | compl. 
  421s|  3300 |  3299 |  1018k| 306.2 |   325M |  27 |3151 |1568 |4182 | 173k|  5 |   0 | 193 | 3.016116e+05 | 5.023222e+05 |  66.55%| unknown
  431s|  3400 |  3399 |  1045k| 305.1 |   331M |  27 |3151 |1568 |4087 | 178k|  4 |   0 | 193 | 3.018947e+05 | 5.023222e+05 |  66.39%| unknown
  441s|  3500 |  3499 |  1078k| 305.7 |   339M |  27 |3151 |1568 |4189 | 184k|  2 |   0 | 196 | 3.021073e+05 | 5.023222e+05 |  66.27%| unknown
  453s|  3600 |  3599 |  1107k| 305.4 |   344M |  27 |3151 |1568 |4093 | 189k|  4 |   0 | 198 | 3.021073e+05 | 5.023222e+05 |  66.27%| unknown
  463s|  3700 |  3699 |  1133k| 304.1 |   350M |  27 |3151 |1568 |4198 | 193k|  9 |   0 | 201 | 3.021073e+05 | 5.023222e+05 |  66.27%| unknown
  473s|  3800 |  3799 |  1163k| 304.1 |   355M |  27 |3151 |1568 |3892 | 198k|  5 |   0 | 204 | 3.025177e+05 | 5.023222e+05 |  66.05%| unknown
  483s|  3900 |  3899 |  1196k| 304.7 |   360M |  27 |3151 |1568 |3693 | 202k|  2 |   0 | 205 | 3.025708e+05 | 5.023222e+05 |  66.02%| unknown
  493s|  4000 |  3997 |  1225k| 304.2 |   364M |  27 |3151 |1568 |3991 | 207k|  5 |   0 | 208 | 3.027858e+05 | 5.023222e+05 |  65.90%| unknown
  503s|  4100 |  4097 |  1250k| 303.0 |   370M |  27 |3151 |1568 |4148 | 211k|  3 |   0 | 209 | 3.028232e+05 | 5.023222e+05 |  65.88%| unknown
  514s|  4200 |  4197 |  1279k| 302.7 |   374M |  27 |3151 |1568 |3818 | 215k|  6 |   0 | 212 | 3.030137e+05 | 5.023222e+05 |  65.78%| unknown
  524s|  4300 |  4297 |  1310k| 302.8 |   380M |  27 |3151 |1568 |3981 | 219k|  6 |   0 | 214 | 3.030524e+05 | 5.023222e+05 |  65.75%| unknown
  534s|  4400 |  4397 |  1336k| 301.7 |   387M |  27 |3151 |1568 |4032 | 224k|  6 |   0 | 217 | 3.030524e+05 | 5.023222e+05 |  65.75%| unknown
  544s|  4500 |  4497 |  1364k| 301.3 |   394M |  27 |3151 |1568 |3877 | 228k|  6 |   0 | 220 | 3.030524e+05 | 5.023222e+05 |  65.75%| unknown
  554s|  4600 |  4597 |  1391k| 300.6 |   399M |  27 |3151 |1568 |4102 | 232k|  4 |   0 | 222 | 3.030678e+05 | 5.023222e+05 |  65.75%| unknown
  568s|  4700 |  4697 |  1424k| 301.2 |   406M |  27 |3151 |1568 |4323 | 237k|  5 |   0 | 223 | 3.031303e+05 | 5.023222e+05 |  65.71%| unknown
 time | node  | left  |LP iter|LP it/n|mem/heur|mdpt |vars |cons |rows |cuts |sepa|confs|strbr|  dualbound   | primalbound  |  gap   | compl. 
  577s|  4800 |  4797 |  1449k| 300.3 |   409M |  27 |3151 |1568 |4400 | 240k|  5 |   0 | 223 | 3.031303e+05 | 5.023222e+05 |  65.71%| unknown
  587s|  4900 |  4897 |  1480k| 300.4 |   414M |  27 |3151 |1568 |3992 | 244k|  5 |   0 | 226 | 3.031326e+05 | 5.023222e+05 |  65.71%| unknown
  598s|  5000 |  4997 |  1521k| 302.5 |   421M |  27 |3151 |1568 |3863 | 249k|  2 |   0 | 228 | 3.031326e+05 | 5.023222e+05 |  65.71%| unknown
  608s|  5100 |  5097 |  1547k| 301.8 |   424M |  27 |3151 |1568 |4149 | 253k|  5 |   0 | 231 | 3.034104e+05 | 5.023222e+05 |  65.56%| unknown
  619s|  5200 |  5197 |  1581k| 302.5 |   427M |  27 |3151 |1568 |3926 | 258k|  3 |   0 | 234 | 3.034104e+05 | 5.023222e+05 |  65.56%| unknown
  628s|  5300 |  5297 |  1604k| 301.1 |   430M |  27 |3151 |1568 |4210 | 261k|  5 |   0 | 235 | 3.034104e+05 | 5.023222e+05 |  65.56%| unknown
  639s|  5400 |  5397 |  1639k| 302.0 |   440M |  27 |3151 |1568 |4133 | 266k|  5 |   0 | 235 | 3.034649e+05 | 5.023222e+05 |  65.53%| unknown
  648s|  5500 |  5497 |  1673k| 302.7 |   445M |  27 |3151 |1568 |3987 | 271k|  6 |   0 | 236 | 3.034649e+05 | 5.023222e+05 |  65.53%| unknown
  656s|  5600 |  5597 |  1704k| 302.9 |   451M |  27 |3151 |1568 |3922 | 275k|  5 |   0 | 238 | 3.035457e+05 | 5.023222e+05 |  65.48%| unknown
  666s|  5700 |  5697 |  1741k| 304.1 |   456M |  27 |3151 |1568 |4447 | 281k|  6 |   0 | 239 | 3.035597e+05 | 5.023222e+05 |  65.48%| unknown
  688s|  5800 |  5797 |  1773k| 304.2 |   463M |  27 |3151 |1568 |4143 | 286k|  4 |   0 | 242 | 3.035790e+05 | 5.023222e+05 |  65.47%| unknown
  696s|  5900 |  5897 |  1804k| 304.3 |   466M |  27 |3151 |1568 |3927 | 290k|  5 |   0 | 242 | 3.036194e+05 | 5.023222e+05 |  65.44%| unknown
  706s|  6000 |  5997 |  1836k| 304.7 |   473M |  27 |3151 |1568 |3906 | 294k|  1 |   0 | 243 | 3.036194e+05 | 5.023222e+05 |  65.44%| unknown
  716s|  6100 |  6097 |  1872k| 305.6 |   479M |  27 |3151 |1568 |4088 | 299k|  6 |   0 | 244 | 3.036388e+05 | 5.023222e+05 |  65.43%| unknown
  726s|  6200 |  6197 |  1904k| 305.8 |   485M |  27 |3151 |1568 |4180 | 303k|  8 |   0 | 247 | 3.036388e+05 | 5.023222e+05 |  65.43%| unknown
 time | node  | left  |LP iter|LP it/n|mem/heur|mdpt |vars |cons |rows |cuts |sepa|confs|strbr|  dualbound   | primalbound  |  gap   | compl. 
  737s|  6300 |  6297 |  1938k| 306.4 |   490M |  27 |3151 |1568 |4233 | 309k|  2 |   0 | 248 | 3.036388e+05 | 5.023222e+05 |  65.43%| unknown
  748s|  6400 |  6397 |  1980k| 308.2 |   495M |  27 |3151 |1568 |4050 | 313k|  5 |   0 | 251 | 3.036388e+05 | 5.023222e+05 |  65.43%| unknown
  760s|  6500 |  6497 |  2014k| 308.6 |   499M |  27 |3151 |1568 |3922 | 317k|  6 |   0 | 251 | 3.036691e+05 | 5.023222e+05 |  65.42%| unknown
L 774s|  6596 |  6593 |  2047k| 309.1 |    rins|  29 |3151 |1568 |4104 | 321k|  5 |   0 | 252 | 3.037482e+05 | 5.013690e+05 |  65.06%| unknown
  774s|  6600 |  6597 |  2047k| 308.9 |   501M |  29 |3151 |1568 |4396 | 321k|  1 |   0 | 252 | 3.037482e+05 | 5.013690e+05 |  65.06%| unknown
  784s|  6700 |  6697 |  2091k| 310.9 |   511M |  29 |3151 |1568 |4303 | 327k|  5 |   0 | 252 | 3.038815e+05 | 5.013690e+05 |  64.99%| unknown
  797s|  6800 |  6797 |  2125k| 311.4 |   516M |  29 |3151 |1568 |4151 | 332k|  8 |   0 | 253 | 3.038815e+05 | 5.013690e+05 |  64.99%| unknown
  808s|  6900 |  6897 |  2157k| 311.5 |   518M |  29 |3151 |1568 |4053 | 336k|  4 |   0 | 254 | 3.038815e+05 | 5.013690e+05 |  64.99%| unknown
  819s|  7000 |  6997 |  2198k| 312.8 |   523M |  29 |3151 |1568 |4184 | 341k|  7 |   0 | 255 | 3.039157e+05 | 5.013690e+05 |  64.97%| unknown
  831s|  7100 |  7097 |  2236k| 313.8 |   528M |  29 |3151 |1568 |3967 | 346k|  4 |   0 | 259 | 3.039157e+05 | 5.013690e+05 |  64.97%| unknown
  841s|  7200 |  7197 |  2261k| 313.0 |   534M |  29 |3151 |1568 |3953 | 349k|  2 |   0 | 259 | 3.039157e+05 | 5.013690e+05 |  64.97%| unknown
  853s|  7300 |  7297 |  2300k| 314.0 |   537M |  29 |3151 |1568 |4069 | 354k|  5 |   0 | 264 | 3.040148e+05 | 5.013690e+05 |  64.92%| unknown
  865s|  7400 |  7397 |  2341k| 315.3 |   542M |  29 |3151 |1568 |4095 | 359k|  5 |   0 | 266 | 3.040148e+05 | 5.013690e+05 |  64.92%| unknown
  876s|  7500 |  7497 |  2375k| 315.6 |   547M |  29 |3151 |1568 |4262 | 364k|  4 |   0 | 267 | 3.040647e+05 | 5.013690e+05 |  64.89%| unknown
  886s|  7600 |  7597 |  2396k| 314.2 |   550M |  29 |3151 |1568 |3974 | 367k|  6 |   0 | 267 | 3.040647e+05 | 5.013690e+05 |  64.89%| unknown
 time | node  | left  |LP iter|LP it/n|mem/heur|mdpt |vars |cons |rows |cuts |sepa|confs|strbr|  dualbound   | primalbound  |  gap   | compl. 
  896s|  7700 |  7697 |  2431k| 314.7 |   554M |  29 |3151 |1568 |4119 | 372k|  5 |   0 | 268 | 3.042042e+05 | 5.013690e+05 |  64.81%| unknown
  907s|  7800 |  7797 |  2461k| 314.5 |   558M |  29 |3151 |1568 |4366 | 376k|  5 |   0 | 270 | 3.042455e+05 | 5.013690e+05 |  64.79%| unknown
  918s|  7900 |  7897 |  2488k| 313.9 |   563M |  29 |3151 |1568 |4011 | 380k|  5 |   0 | 270 | 3.042455e+05 | 5.013690e+05 |  64.79%| unknown
  932s|  8000 |  7997 |  2517k| 313.6 |   569M |  29 |3151 |1568 |4034 | 385k|  5 |   0 | 273 | 3.042864e+05 | 5.013690e+05 |  64.77%| unknown
  940s|  8100 |  8097 |  2547k| 313.5 |   572M |  29 |3151 |1568 |4155 | 389k|  5 |   0 | 274 | 3.042864e+05 | 5.013690e+05 |  64.77%| unknown
  977s|  8200 |  8197 |  2576k| 313.2 |   576M |  29 |3151 |1568 |4329 | 393k|  5 |   0 | 275 | 3.042973e+05 | 5.013690e+05 |  64.76%| unknown
  985s|  8300 |  8297 |  2611k| 313.7 |   583M |  29 |3151 |1568 |3951 | 398k|  2 |   0 | 275 | 3.043023e+05 | 5.013690e+05 |  64.76%| unknown
  999s|  8400 |  8395 |  2629k| 312.0 |   588M |  29 |3151 |1568 |4056 | 402k|  8 |   0 | 275 | 3.043023e+05 | 5.013690e+05 |  64.76%| unknown
 1027s|  8500 |  8493 |  2668k| 313.0 |   593M |  29 |3151 |1568 |4094 | 407k|  6 |   0 | 276 | 3.045346e+05 | 5.013690e+05 |  64.63%| unknown
 1037s|  8600 |  8593 |  2694k| 312.3 |   596M |  29 |3151 |1568 |3983 | 411k|  9 |   0 | 277 | 3.045625e+05 | 5.013690e+05 |  64.62%| unknown
 1050s|  8700 |  8691 |  2727k| 312.5 |   600M |  29 |3151 |1568 |3990 | 415k|  5 |   0 | 277 | 3.045625e+05 | 5.013690e+05 |  64.62%| unknown
 1061s|  8800 |  8789 |  2761k| 312.8 |   604M |  29 |3151 |1568 |4179 | 419k|  5 |   0 | 278 | 3.045625e+05 | 5.013690e+05 |  64.62%| unknown
 1072s|  8900 |  8889 |  2798k| 313.5 |   609M |  29 |3151 |1568 |4249 | 424k| 11 |   0 | 278 | 3.045625e+05 | 5.013690e+05 |  64.62%| unknown
 1083s|  9000 |  8989 |  2830k| 313.6 |   614M |  29 |3151 |1568 |4142 | 429k|  8 |   0 | 279 | 3.045951e+05 | 5.013690e+05 |  64.60%| unknown
 1095s|  9100 |  9089 |  2875k| 315.1 |   621M |  29 |3151 |1568 |3923 | 435k|  4 |   0 | 281 | 3.047886e+05 | 5.013690e+05 |  64.50%| unknown
 time | node  | left  |LP iter|LP it/n|mem/heur|mdpt |vars |cons |rows |cuts |sepa|confs|strbr|  dualbound   | primalbound  |  gap   | compl. 
 1106s|  9200 |  9189 |  2909k| 315.4 |   626M |  29 |3151 |1568 |4068 | 441k|  6 |   0 | 281 | 3.047886e+05 | 5.013690e+05 |  64.50%| unknown
 1118s|  9300 |  9289 |  2949k| 316.3 |   631M |  29 |3151 |1568 |4057 | 446k|  6 |   0 | 285 | 3.050085e+05 | 5.013690e+05 |  64.38%| unknown
 1127s|  9400 |  9387 |  2972k| 315.3 |   636M |  29 |3151 |1568 |3833 | 450k|  2 |   0 | 285 | 3.050199e+05 | 5.013690e+05 |  64.37%| unknown
 1138s|  9500 |  9487 |  3005k| 315.5 |   641M |  29 |3151 |1568 |4251 | 455k|  5 |   0 | 285 | 3.050199e+05 | 5.013690e+05 |  64.37%| unknown
 1148s|  9600 |  9587 |  3041k| 316.0 |   650M |  29 |3151 |1568 |3990 | 460k|  5 |   0 | 285 | 3.050261e+05 | 5.013690e+05 |  64.37%| unknown
 1158s|  9700 |  9687 |  3066k| 315.3 |   656M |  29 |3151 |1568 |3995 | 464k|  4 |   0 | 285 | 3.050557e+05 | 5.013690e+05 |  64.35%| unknown
 1169s|  9800 |  9787 |  3098k| 315.3 |   662M |  29 |3151 |1568 |4129 | 468k|  5 |   0 | 286 | 3.050557e+05 | 5.013690e+05 |  64.35%| unknown
 1179s|  9900 |  9885 |  3127k| 315.0 |   667M |  29 |3151 |1568 |4228 | 473k|  5 |   0 | 287 | 3.050916e+05 | 5.013690e+05 |  64.33%| unknown
 1190s| 10000 |  9985 |  3154k| 314.6 |   675M |  29 |3151 |1568 |4125 | 478k|  6 |   0 | 289 | 3.051651e+05 | 5.013690e+05 |  64.29%| unknown
 1201s| 10100 | 10083 |  3196k| 315.6 |   680M |  29 |3151 |1568 |4174 | 483k|  6 |   0 | 290 | 3.051651e+05 | 5.013690e+05 |  64.29%| unknown
 1214s| 10200 | 10183 |  3243k| 317.2 |   687M |  29 |3151 |1568 |4201 | 489k|  2 |   0 | 291 | 3.054486e+05 | 5.013690e+05 |  64.14%| unknown
 1225s| 10300 | 10283 |  3279k| 317.5 |   692M |  29 |3151 |1568 |4103 | 494k|  5 |   0 | 292 | 3.055901e+05 | 5.013690e+05 |  64.07%| unknown
 1236s| 10400 | 10383 |  3309k| 317.4 |   698M |  29 |3151 |1568 |4003 | 498k|  4 |   0 | 292 | 3.056663e+05 | 5.013690e+05 |  64.02%| unknown
 1245s| 10500 | 10483 |  3329k| 316.3 |   702M |  29 |3151 |1568 |4087 | 502k|  4 |   0 | 293 | 3.056663e+05 | 5.013690e+05 |  64.02%| unknown
 1270s| 10600 | 10583 |  3364k| 316.6 |   705M |  29 |3151 |1568 |3994 | 507k|  5 |   0 | 293 | 3.059478e+05 | 5.013690e+05 |  63.87%| unknown
 time | node  | left  |LP iter|LP it/n|mem/heur|mdpt |vars |cons |rows |cuts |sepa|confs|strbr|  dualbound   | primalbound  |  gap   | compl. 
 1296s| 10700 | 10683 |  3402k| 317.2 |   707M |  29 |3151 |1568 |4008 | 511k|  6 |   0 | 293 | 3.059481e+05 | 5.013690e+05 |  63.87%| unknown
 1305s| 10800 | 10783 |  3436k| 317.4 |   713M |  29 |3151 |1568 |3984 | 516k|  6 |   0 | 295 | 3.059481e+05 | 5.013690e+05 |  63.87%| unknown
 1317s| 10900 | 10883 |  3477k| 318.2 |   717M |  29 |3151 |1568 |4156 | 521k|  3 |   0 | 298 | 3.059975e+05 | 5.013690e+05 |  63.85%| unknown
 1329s| 11000 | 10983 |  3512k| 318.5 |   718M |  29 |3151 |1568 |4341 | 526k|  2 |   0 | 298 | 3.060019e+05 | 5.013690e+05 |  63.85%| unknown
 1340s| 11100 | 11083 |  3550k| 319.1 |   722M |  29 |3151 |1568 |4181 | 531k|  6 |   0 | 298 | 3.060472e+05 | 5.013690e+05 |  63.82%| unknown
 1370s| 11200 | 11181 |  3583k| 319.2 |   728M |  29 |3151 |1568 |4294 | 536k|  2 |   0 | 298 | 3.060472e+05 | 5.013690e+05 |  63.82%| unknown
 1380s| 11300 | 11281 |  3616k| 319.3 |   733M |  29 |3151 |1568 |4044 | 540k|  3 |   0 | 298 | 3.060504e+05 | 5.013690e+05 |  63.82%| unknown
 1390s| 11400 | 11381 |  3647k| 319.2 |   738M |  29 |3151 |1568 |4225 | 544k|  5 |   0 | 298 | 3.060883e+05 | 5.013690e+05 |  63.80%| unknown
 1401s| 11500 | 11479 |  3673k| 318.7 |   742M |  29 |3151 |1568 |4232 | 548k| 11 |   0 | 298 | 3.061336e+05 | 5.013690e+05 |  63.77%| unknown
 1411s| 11600 | 11577 |  3702k| 318.4 |   745M |  29 |3151 |1568 |4193 | 552k|  8 |   0 | 298 | 3.061384e+05 | 5.013690e+05 |  63.77%| unknown
 1431s| 11700 | 11677 |  3739k| 318.9 |   750M |  29 |3151 |1568 |4294 | 557k|  4 |   0 | 299 | 3.061409e+05 | 5.013690e+05 |  63.77%| unknown
 1442s| 11800 | 11777 |  3769k| 318.7 |   756M |  29 |3151 |1568 |4273 | 561k|  7 |   0 | 300 | 3.061831e+05 | 5.013690e+05 |  63.75%| unknown
 1451s| 11900 | 11877 |  3802k| 318.9 |   763M |  29 |3151 |1568 |4323 | 566k|  9 |   0 | 302 | 3.061831e+05 | 5.013690e+05 |  63.75%| unknown
 1462s| 12000 | 11975 |  3838k| 319.2 |   766M |  29 |3151 |1568 |4404 | 570k|  3 |   0 | 302 | 3.062278e+05 | 5.013690e+05 |  63.72%| unknown
 1473s| 12100 | 12075 |  3872k| 319.4 |   774M |  29 |3151 |1568 |4304 | 575k|  5 |   0 | 303 | 3.063292e+05 | 5.013690e+05 |  63.67%| unknown
 time | node  | left  |LP iter|LP it/n|mem/heur|mdpt |vars |cons |rows |cuts |sepa|confs|strbr|  dualbound   | primalbound  |  gap   | compl. 
 1492s| 12200 | 12175 |  3911k| 319.9 |   785M |  29 |3151 |1568 |4068 | 580k|  3 |   0 | 303 | 3.063292e+05 | 5.013690e+05 |  63.67%| unknown
 1501s| 12300 | 12275 |  3948k| 320.4 |   791M |  29 |3151 |1568 |4121 | 584k|  6 |   0 | 303 | 3.063334e+05 | 5.013690e+05 |  63.67%| unknown
 1512s| 12400 | 12373 |  3985k| 320.7 |   797M |  29 |3151 |1568 |4134 | 588k|  6 |   0 | 303 | 3.065537e+05 | 5.013690e+05 |  63.55%| unknown
 1522s| 12500 | 12473 |  4019k| 320.9 |   800M |  29 |3151 |1568 |4079 | 592k|  4 |   0 | 303 | 3.066405e+05 | 5.013690e+05 |  63.50%| unknown
 1533s| 12600 | 12573 |  4047k| 320.6 |   803M |  29 |3151 |1568 |4420 | 596k|  3 |   0 | 303 | 3.067098e+05 | 5.013690e+05 |  63.47%| unknown
 1543s| 12700 | 12671 |  4081k| 320.7 |   808M |  29 |3151 |1568 |3919 | 601k|  4 |   0 | 303 | 3.068305e+05 | 5.013690e+05 |  63.40%| unknown
 1553s| 12800 | 12769 |  4117k| 321.0 |   813M |  29 |3151 |1568 |4364 | 606k|  5 |   0 | 305 | 3.068305e+05 | 5.013690e+05 |  63.40%| unknown
 1568s| 12900 | 12869 |  4158k| 321.7 |   817M |  29 |3151 |1568 |3994 | 611k|  4 |   0 | 306 | 3.068305e+05 | 5.013690e+05 |  63.40%| unknown
 1576s| 13000 | 12969 |  4193k| 321.9 |   822M |  29 |3151 |1568 |4118 | 616k|  4 |   0 | 306 | 3.068305e+05 | 5.013690e+05 |  63.40%| unknown
 1584s| 13100 | 13069 |  4224k| 321.8 |   828M |  29 |3151 |1568 |4283 | 620k|  4 |   0 | 306 | 3.068385e+05 | 5.013690e+05 |  63.40%| unknown
 1592s| 13200 | 13169 |  4263k| 322.3 |   830M |  29 |3151 |1568 |3956 | 624k|  5 |   0 | 306 | 3.068385e+05 | 5.013690e+05 |  63.40%| unknown
 1611s| 13300 | 13269 |  4305k| 323.1 |   836M |  29 |3151 |1568 |4308 | 630k|  2 |   0 | 306 | 3.070387e+05 | 5.013690e+05 |  63.29%| unknown
 1619s| 13400 | 13369 |  4342k| 323.4 |   841M |  29 |3151 |1568 |4134 | 635k|  7 |   0 | 307 | 3.071153e+05 | 5.013690e+05 |  63.25%| unknown
 1629s| 13500 | 13469 |  4371k| 323.2 |   844M |  29 |3151 |1568 |4357 | 639k|  5 |   0 | 308 | 3.071153e+05 | 5.013690e+05 |  63.25%| unknown
 1638s| 13600 | 13567 |  4410k| 323.7 |   848M |  29 |3151 |1568 |4295 | 644k|  5 |   0 | 308 | 3.071153e+05 | 5.013690e+05 |  63.25%| unknown
 time | node  | left  |LP iter|LP it/n|mem/heur|mdpt |vars |cons |rows |cuts |sepa|confs|strbr|  dualbound   | primalbound  |  gap   | compl. 
 1648s| 13700 | 13667 |  4448k| 324.1 |   854M |  29 |3151 |1568 |4102 | 649k|  4 |   0 | 309 | 3.072145e+05 | 5.013690e+05 |  63.20%| unknown
 1656s| 13800 | 13767 |  4479k| 324.0 |   861M |  29 |3151 |1568 |3942 | 654k|  8 |   0 | 309 | 3.072598e+05 | 5.013690e+05 |  63.17%| unknown
 1666s| 13900 | 13867 |  4510k| 323.9 |   865M |  29 |3151 |1568 |4266 | 659k|  6 |   0 | 309 | 3.073350e+05 | 5.013690e+05 |  63.13%| unknown
 1797s| 14000 | 13965 |  4546k| 324.1 |   872M |  30 |3151 |1568 |4133 | 663k|  6 |   0 | 309 | 3.073466e+05 | 5.013690e+05 |  63.13%| unknown
 1902s| 14100 | 14057 |  4580k| 324.3 |   877M |  30 |3151 |1568 |4214 | 668k|  6 |   0 | 309 | 3.074026e+05 | 5.013690e+05 |  63.10%| unknown
 1912s| 14200 | 14149 |  4624k| 325.1 |   884M |  30 |3151 |1568 |4088 | 674k|  5 |   0 | 309 | 3.074026e+05 | 5.013690e+05 |  63.10%| unknown
 1921s| 14300 | 14245 |  4662k| 325.5 |   887M |  30 |3151 |1568 |4346 | 679k|  6 |   0 | 309 | 3.074026e+05 | 5.013690e+05 |  63.10%| unknown
 1930s| 14400 | 14333 |  4704k| 326.1 |   893M |  30 |3151 |1568 |4494 | 685k|  4 |   0 | 309 | 3.074231e+05 | 5.013690e+05 |  63.09%| unknown
 1947s| 14500 | 14425 |  4742k| 326.5 |   901M |  30 |3151 |1568 |4080 | 692k|  6 |   0 | 309 | 3.074655e+05 | 5.013690e+05 |  63.07%| unknown
 1955s| 14600 | 14519 |  4784k| 327.2 |   907M |  30 |3151 |1568 |4047 | 698k|  6 |   0 | 309 | 3.075653e+05 | 5.013690e+05 |  63.01%| unknown
 1964s| 14700 | 14615 |  4821k| 327.4 |   914M |  30 |3151 |1568 |4372 | 704k|  2 |   0 | 309 | 3.075804e+05 | 5.013690e+05 |  63.00%| unknown
 1975s| 14800 | 14713 |  4856k| 327.6 |   920M |  30 |3151 |1568 |4113 | 709k|  6 |   0 | 309 | 3.077266e+05 | 5.013690e+05 |  62.93%| unknown
 1985s| 14900 | 14801 |  4905k| 328.7 |   927M |  30 |3151 |1568 |4025 | 715k|  5 |   0 | 310 | 3.077856e+05 | 5.013690e+05 |  62.90%| unknown
 1993s| 15000 | 14893 |  4944k| 329.0 |   932M |  30 |3151 |1568 |4126 | 721k|  3 |   0 | 313 | 3.077856e+05 | 5.013690e+05 |  62.90%| unknown
 2002s| 15100 | 14991 |  4984k| 329.5 |   935M |  30 |3151 |1568 |4203 | 726k|  3 |   0 | 313 | 3.077990e+05 | 5.013690e+05 |  62.89%| unknown
 time | node  | left  |LP iter|LP it/n|mem/heur|mdpt |vars |cons |rows |cuts |sepa|confs|strbr|  dualbound   | primalbound  |  gap   | compl. 
 2041s| 15200 | 15079 |  5034k| 330.7 |   942M |  30 |3151 |1568 |3959 | 734k|  5 |   0 | 313 | 3.078902e+05 | 5.013690e+05 |  62.84%| unknown
 2050s| 15300 | 15175 |  5084k| 331.8 |   946M |  30 |3151 |1568 |4145 | 740k|  4 |   0 | 314 | 3.079715e+05 | 5.013690e+05 |  62.80%| unknown
 2103s| 15400 | 15263 |  5125k| 332.3 |   952M |  30 |3151 |1568 |4308 | 746k|  4 |   0 | 314 | 3.080651e+05 | 5.013690e+05 |  62.75%| unknown
 2118s| 15500 | 15361 |  5162k| 332.5 |   958M |  30 |3151 |1568 |4121 | 751k|  4 |   0 | 315 | 3.081392e+05 | 5.013690e+05 |  62.71%| unknown
 2127s| 15600 | 15461 |  5195k| 332.5 |   962M |  30 |3151 |1568 |4276 | 756k|  6 |   0 | 315 | 3.081498e+05 | 5.013690e+05 |  62.70%| unknown
 2134s| 15700 | 15559 |  5232k| 332.7 |   968M |  30 |3151 |1568 |4552 | 763k|  5 |   0 | 316 | 3.081752e+05 | 5.013690e+05 |  62.69%| unknown
 2153s| 15800 | 15659 |  5272k| 333.2 |   978M |  30 |3151 |1568 |4333 | 769k|  8 |   0 | 316 | 3.082087e+05 | 5.013690e+05 |  62.67%| unknown
 2164s| 15900 | 15749 |  5312k| 333.6 |   988M |  30 |3151 |1568 |4244 | 775k|  8 |   0 | 316 | 3.082215e+05 | 5.013690e+05 |  62.67%| unknown
 2178s| 16000 | 15841 |  5347k| 333.7 |   994M |  30 |3151 |1568 |4379 | 779k|  7 |   0 | 316 | 3.082215e+05 | 5.013690e+05 |  62.67%| unknown
 2193s| 16100 | 15939 |  5390k| 334.3 |   999M |  30 |3151 |1568 |4232 | 785k|  7 |   0 | 316 | 3.082427e+05 | 5.013690e+05 |  62.65%| unknown
 2211s| 16200 | 16037 |  5424k| 334.4 |  1007M |  30 |3151 |1568 |4303 | 791k|  4 |   0 | 317 | 3.082607e+05 | 5.013690e+05 |  62.64%| unknown
 2219s| 16300 | 16129 |  5467k| 334.9 |  1017M |  30 |3151 |1568 |4474 | 798k|  5 |   0 | 318 | 3.085268e+05 | 5.013690e+05 |  62.50%| unknown
 2229s| 16400 | 16221 |  5508k| 335.4 |  1024M |  30 |3151 |1568 |4254 | 804k|  4 |   0 | 318 | 3.085490e+05 | 5.013690e+05 |  62.49%| unknown
 2261s| 16500 | 16311 |  5548k| 335.7 |  1034M |  30 |3151 |1568 |4298 | 810k|  4 |   0 | 319 | 3.089180e+05 | 5.013690e+05 |  62.30%| unknown
 2280s| 16600 | 16397 |  5588k| 336.1 |  1040M |  30 |3151 |1568 |4242 | 817k|  5 |   0 | 321 | 3.089579e+05 | 5.013690e+05 |  62.28%| unknown
 time | node  | left  |LP iter|LP it/n|mem/heur|mdpt |vars |cons |rows |cuts |sepa|confs|strbr|  dualbound   | primalbound  |  gap   | compl. 
 2326s| 16700 | 16491 |  5615k| 335.8 |  1045M |  30 |3151 |1568 |4132 | 821k|  2 |   0 | 321 | 3.089931e+05 | 5.013690e+05 |  62.26%| unknown
 2333s| 16800 | 16589 |  5650k| 335.8 |  1050M |  30 |3151 |1568 |3793 | 826k|  5 |   0 | 322 | 3.090115e+05 | 5.013690e+05 |  62.25%| unknown
 2341s| 16900 | 16677 |  5687k| 336.0 |  1056M |  30 |3151 |1568 |4117 | 832k|  5 |   0 | 323 | 3.091168e+05 | 5.013690e+05 |  62.19%| unknown
 2351s| 17000 | 16769 |  5726k| 336.4 |  1060M |  30 |3151 |1568 |4083 | 839k|  0 |   0 | 323 | 3.091851e+05 | 5.013690e+05 |  62.16%| unknown
 2359s| 17100 | 16855 |  5765k| 336.7 |  1066M |  30 |3151 |1568 |4170 | 845k|  5 |   0 | 323 | 3.092448e+05 | 5.013690e+05 |  62.13%| unknown
 2367s| 17200 | 16949 |  5800k| 336.8 |  1072M |  30 |3151 |1568 |4256 | 850k|  6 |   0 | 324 | 3.093528e+05 | 5.013690e+05 |  62.07%| unknown
 2375s| 17300 | 17037 |  5835k| 336.8 |  1077M |  30 |3151 |1568 |4061 | 855k|  0 |   0 | 324 | 3.094506e+05 | 5.013690e+05 |  62.02%| unknown
 2395s| 17400 | 17133 |  5874k| 337.1 |  1082M |  30 |3151 |1568 |4289 | 861k|  6 |   0 | 324 | 3.094707e+05 | 5.013690e+05 |  62.01%| unknown
 2404s| 17500 | 17221 |  5911k| 337.3 |  1089M |  30 |3151 |1568 |4142 | 866k|  5 |   0 | 324 | 3.095697e+05 | 5.013690e+05 |  61.96%| unknown
 2413s| 17600 | 17317 |  5951k| 337.7 |  1095M |  30 |3151 |1568 |4485 | 872k|  4 |   0 | 324 | 3.096145e+05 | 5.013690e+05 |  61.93%| unknown
 2423s| 17700 | 17403 |  5988k| 337.8 |  1101M |  30 |3151 |1568 |4282 | 878k|  7 |   0 | 324 | 3.096334e+05 | 5.013690e+05 |  61.92%| unknown
 2433s| 17800 | 17497 |  6026k| 338.1 |  1108M |  30 |3151 |1568 |4269 | 885k|  6 |   0 | 324 | 3.096619e+05 | 5.013690e+05 |  61.91%| unknown
 2443s| 17900 | 17583 |  6066k| 338.4 |  1112M |  30 |3151 |1568 |3982 | 890k|  4 |   0 | 324 | 3.097087e+05 | 5.013690e+05 |  61.88%| unknown
 2454s| 18000 | 17667 |  6110k| 339.0 |  1121M |  30 |3151 |1568 |3813 | 897k|  4 |   0 | 324 | 3.097650e+05 | 5.013690e+05 |  61.85%| unknown
 2467s| 18100 | 17753 |  6143k| 339.0 |  1126M |  30 |3151 |1568 |4501 | 902k|  6 |   0 | 324 | 3.097897e+05 | 5.013690e+05 |  61.84%| unknown
 time | node  | left  |LP iter|LP it/n|mem/heur|mdpt |vars |cons |rows |cuts |sepa|confs|strbr|  dualbound   | primalbound  |  gap   | compl. 
 2476s| 18200 | 17849 |  6176k| 338.9 |  1129M |  30 |3151 |1568 |4297 | 907k|  4 |   0 | 324 | 3.097937e+05 | 5.013690e+05 |  61.84%| unknown
 2486s| 18300 | 17947 |  6220k| 339.5 |  1135M |  30 |3151 |1568 |4446 | 914k| 10 |   0 | 325 | 3.098107e+05 | 5.013690e+05 |  61.83%| unknown
 2497s| 18400 | 18039 |  6264k| 340.0 |  1142M |  30 |3151 |1568 |4413 | 921k|  6 |   0 | 327 | 3.098719e+05 | 5.013690e+05 |  61.80%| unknown
 2508s| 18500 | 18133 |  6318k| 341.1 |  1150M |  30 |3151 |1568 |4179 | 929k|  5 |   0 | 329 | 3.099876e+05 | 5.013690e+05 |  61.74%| unknown
 2518s| 18600 | 18227 |  6357k| 341.3 |  1156M |  30 |3151 |1568 |4039 | 935k|  5 |   0 | 329 | 3.100849e+05 | 5.013690e+05 |  61.69%| unknown
 2528s| 18700 | 18321 |  6403k| 342.0 |  1162M |  30 |3151 |1568 |4082 | 942k|  6 |   0 | 329 | 3.101023e+05 | 5.013690e+05 |  61.68%|   2.33%
 2538s| 18800 | 18419 |  6442k| 342.3 |  1171M |  30 |3151 |1568 |4078 | 948k|  4 |   0 | 330 | 3.101023e+05 | 5.013690e+05 |  61.68%|   2.33%
 2546s| 18900 | 18519 |  6485k| 342.7 |  1178M |  30 |3151 |1568 |4143 | 957k|  1 |   0 | 330 | 3.101023e+05 | 5.013690e+05 |  61.68%|   2.33%
 2556s| 19000 | 18605 |  6529k| 343.2 |  1184M |  30 |3151 |1568 |4244 | 963k|  5 |   0 | 330 | 3.101211e+05 | 5.013690e+05 |  61.67%|   2.34%
 2565s| 19100 | 18701 |  6574k| 343.8 |  1193M |  30 |3151 |1568 |4219 | 971k|  5 |   0 | 330 | 3.101249e+05 | 5.013690e+05 |  61.67%|   2.34%
 2576s| 19200 | 18791 |  6624k| 344.6 |  1198M |  30 |3151 |1568 |4133 | 979k|  4 |   0 | 330 | 3.102326e+05 | 5.013690e+05 |  61.61%|   2.35%
 2593s| 19300 | 18877 |  6664k| 344.9 |  1205M |  30 |3151 |1568 |4520 | 986k|  6 |   0 | 331 | 3.102971e+05 | 5.013690e+05 |  61.58%|   2.36%
 2602s| 19400 | 18963 |  6704k| 345.2 |  1211M |  30 |3151 |1568 |4160 | 991k|  5 |   0 | 331 | 3.103474e+05 | 5.013690e+05 |  61.55%|   2.37%
 2612s| 19500 | 19061 |  6753k| 345.9 |  1218M |  30 |3151 |1568 |4064 |1000k|  6 |   0 | 332 | 3.103943e+05 | 5.013690e+05 |  61.53%|   2.37%
 2627s| 19600 | 19147 |  6798k| 346.4 |  1228M |  30 |3151 |1568 |4428 |1006k|  7 |   0 | 332 | 3.105394e+05 | 5.013690e+05 |  61.45%|   2.38%
 time | node  | left  |LP iter|LP it/n|mem/heur|mdpt |vars |cons |rows |cuts |sepa|confs|strbr|  dualbound   | primalbound  |  gap   | compl. 
 2637s| 19700 | 19241 |  6843k| 346.9 |  1234M |  30 |3151 |1568 |4013 |1012k|  2 |   0 | 332 | 3.106390e+05 | 5.013690e+05 |  61.40%|   2.38%
 2646s| 19800 | 19333 |  6878k| 347.0 |  1239M |  30 |3151 |1568 |4096 |1019k|  5 |   0 | 332 | 3.107401e+05 | 5.013690e+05 |  61.35%|   2.38%
 2656s| 19900 | 19415 |  6919k| 347.3 |  1246M |  30 |3151 |1568 |4428 |1026k|  9 |   0 | 333 | 3.108470e+05 | 5.013690e+05 |  61.29%|   2.39%
 2665s| 20000 | 19507 |  6959k| 347.6 |  1254M |  30 |3151 |1568 |4328 |1031k|  2 |   0 | 333 | 3.109081e+05 | 5.013690e+05 |  61.26%|   2.40%
 2674s| 20100 | 19593 |  6997k| 347.7 |  1258M |  30 |3151 |1568 |4358 |1038k|  9 |   0 | 333 | 3.109838e+05 | 5.013690e+05 |  61.22%|   2.41%
 2685s| 20200 | 19689 |  7038k| 348.0 |  1263M |  30 |3151 |1568 |4126 |1043k|  7 |   0 | 333 | 3.109838e+05 | 5.013690e+05 |  61.22%|   2.41%
 2694s| 20300 | 19777 |  7071k| 347.9 |  1269M |  30 |3151 |1568 |4667 |1049k|  4 |   0 | 333 | 3.110308e+05 | 5.013690e+05 |  61.20%|   2.42%
 2705s| 20400 | 19873 |  7109k| 348.1 |  1275M |  30 |3151 |1568 |4590 |1055k|  7 |   0 | 333 | 3.110523e+05 | 5.013690e+05 |  61.18%|   2.42%
 2717s| 20500 | 19963 |  7155k| 348.7 |  1289M |  30 |3151 |1568 |4539 |1062k|  4 |   0 | 334 | 3.110523e+05 | 5.013690e+05 |  61.18%|   2.42%
 2728s| 20600 | 20049 |  7193k| 348.8 |  1297M |  30 |3151 |1568 |4017 |1068k|  4 |   0 | 334 | 3.112734e+05 | 5.013690e+05 |  61.07%|   2.43%
 2738s| 20700 | 20129 |  7229k| 348.8 |  1305M |  30 |3151 |1568 |4050 |1074k|  6 |   0 | 334 | 3.113180e+05 | 5.013690e+05 |  61.05%|   2.44%
 2748s| 20800 | 20215 |  7275k| 349.4 |  1310M |  30 |3151 |1568 |5012 |1081k|  6 |   0 | 334 | 3.113180e+05 | 5.013690e+05 |  61.05%|   2.45%
 2759s| 20900 | 20309 |  7313k| 349.5 |  1318M |  30 |3151 |1568 |4565 |1088k|  7 |   0 | 334 | 3.114350e+05 | 5.013690e+05 |  60.99%|   2.45%
 2771s| 21000 | 20403 |  7365k| 350.3 |  1327M |  30 |3151 |1568 |4153 |1097k|  6 |   0 | 334 | 3.114406e+05 | 5.013690e+05 |  60.98%|   2.46%
 2781s| 21100 | 20499 |  7404k| 350.5 |  1336M |  30 |3151 |1568 |4356 |1104k|  8 |   0 | 335 | 3.115251e+05 | 5.013690e+05 |  60.94%|   2.46%
 time | node  | left  |LP iter|LP it/n|mem/heur|mdpt |vars |cons |rows |cuts |sepa|confs|strbr|  dualbound   | primalbound  |  gap   | compl. 
 2799s| 21200 | 20589 |  7448k| 350.9 |  1347M |  30 |3151 |1568 |4063 |1109k|  5 |   0 | 335 | 3.115654e+05 | 5.013690e+05 |  60.92%|   2.47%
 2809s| 21300 | 20681 |  7487k| 351.1 |  1351M |  30 |3151 |1568 |4394 |1116k|  1 |   0 | 335 | 3.115816e+05 | 5.013690e+05 |  60.91%|   2.48%
 2819s| 21400 | 20773 |  7528k| 351.4 |  1357M |  30 |3151 |1568 |4264 |1124k|  5 |   0 | 335 | 3.115816e+05 | 5.013690e+05 |  60.91%|   2.48%
 2843s| 21500 | 20853 |  7574k| 351.9 |  1362M |  30 |3151 |1568 |4400 |1130k|  5 |   0 | 335 | 3.116453e+05 | 5.013690e+05 |  60.88%|   2.49%
 2854s| 21600 | 20947 |  7608k| 351.9 |  1367M |  30 |3151 |1568 |4221 |1135k|  5 |   0 | 335 | 3.117051e+05 | 5.013690e+05 |  60.85%|   2.49%
 2866s| 21700 | 21035 |  7649k| 352.1 |  1375M |  30 |3151 |1568 |4006 |1142k|  0 |   0 | 335 | 3.117051e+05 | 5.013690e+05 |  60.85%|   2.49%
 2877s| 21800 | 21123 |  7691k| 352.5 |  1382M |  30 |3151 |1568 |4402 |1150k|  3 |   0 | 336 | 3.119029e+05 | 5.013690e+05 |  60.75%|   2.50%
 2887s| 21900 | 21203 |  7727k| 352.5 |  1388M |  30 |3151 |1568 |4239 |1155k|  4 |   0 | 337 | 3.119830e+05 | 5.013690e+05 |  60.70%|   2.52%
 2906s| 22000 | 21285 |  7767k| 352.7 |  1395M |  30 |3151 |1568 |4551 |1160k|  5 |   0 | 338 | 3.119830e+05 | 5.013690e+05 |  60.70%|   2.52%
 2918s| 22100 | 21375 |  7809k| 353.0 |  1401M |  30 |3151 |1568 |4286 |1166k|  5 |   0 | 339 | 3.120206e+05 | 5.013690e+05 |  60.68%|   2.53%
 2928s| 22200 | 21467 |  7842k| 352.9 |  1407M |  30 |3151 |1568 |4249 |1171k|  6 |   0 | 339 | 3.120312e+05 | 5.013690e+05 |  60.68%|   2.53%
 2946s| 22300 | 21557 |  7873k| 352.7 |  1411M |  30 |3151 |1568 |4692 |1176k|  4 |   0 | 339 | 3.120593e+05 | 5.013690e+05 |  60.66%|   2.54%
 2959s| 22400 | 21641 |  7921k| 353.3 |  1416M |  30 |3151 |1568 |4051 |1183k|  2 |   0 | 340 | 3.121447e+05 | 5.013690e+05 |  60.62%|   2.55%
 2972s| 22500 | 21735 |  7975k| 354.1 |  1426M |  30 |3151 |1568 |4407 |1191k|  5 |   0 | 340 | 3.123128e+05 | 5.013690e+05 |  60.53%|   2.55%
 2983s| 22600 | 21821 |  8014k| 354.2 |  1431M |  30 |3151 |1568 |4426 |1197k|  5 |   0 | 341 | 3.123128e+05 | 5.013690e+05 |  60.53%|   2.55%
 time | node  | left  |LP iter|LP it/n|mem/heur|mdpt |vars |cons |rows |cuts |sepa|confs|strbr|  dualbound   | primalbound  |  gap   | compl. 
 2994s| 22700 | 21911 |  8050k| 354.3 |  1435M |  30 |3151 |1568 |4562 |1202k|  5 |   0 | 341 | 3.125013e+05 | 5.013690e+05 |  60.44%|   2.56%
 3005s| 22800 | 21993 |  8096k| 354.8 |  1442M |  30 |3151 |1568 |4099 |1209k|  5 |   0 | 341 | 3.125013e+05 | 5.013690e+05 |  60.44%|   2.56%
 3017s| 22900 | 22089 |  8131k| 354.7 |  1447M |  30 |3151 |1568 |3959 |1215k|  6 |   0 | 341 | 3.125943e+05 | 5.013690e+05 |  60.39%|   2.57%
 3026s| 23000 | 22177 |  8157k| 354.3 |  1451M |  30 |3151 |1568 |4468 |1220k|  6 |   0 | 341 | 3.126068e+05 | 5.013690e+05 |  60.38%|   2.57%
 3039s| 23100 | 22273 |  8208k| 355.0 |  1457M |  30 |3151 |1568 |4299 |1227k|  7 |   0 | 343 | 3.127716e+05 | 5.013690e+05 |  60.30%|   2.58%
 3049s| 23200 | 22347 |  8239k| 354.8 |  1462M |  30 |3151 |1568 |4123 |1231k|  7 |   0 | 343 | 3.128458e+05 | 5.013690e+05 |  60.26%|   2.58%
 3060s| 23300 | 22439 |  8272k| 354.7 |  1466M |  30 |3151 |1568 |4447 |1237k|  3 |   0 | 343 | 3.128458e+05 | 5.013690e+05 |  60.26%|   2.59%
 3071s| 23400 | 22527 |  8307k| 354.7 |  1471M |  30 |3151 |1568 |4246 |1242k|  7 |   0 | 343 | 3.128458e+05 | 5.013690e+05 |  60.26%|   2.59%
 3082s| 23500 | 22613 |  8355k| 355.2 |  1475M |  30 |3151 |1568 |4308 |1249k|  6 |   0 | 343 | 3.129045e+05 | 5.013690e+05 |  60.23%|   2.60%
 3093s| 23600 | 22707 |  8394k| 355.4 |  1482M |  30 |3151 |1568 |4187 |1256k|  3 |   0 | 344 | 3.130616e+05 | 5.013690e+05 |  60.15%|   2.60%
 3105s| 23700 | 22793 |  8443k| 355.9 |  1488M |  30 |3151 |1568 |4524 |1263k|  8 |   0 | 344 | 3.131714e+05 | 5.013690e+05 |  60.09%|   2.61%
 3116s| 23800 | 22877 |  8480k| 356.0 |  1493M |  30 |3151 |1568 |4326 |1269k|  4 |   0 | 344 | 3.132134e+05 | 5.013690e+05 |  60.07%|   2.62%
 3127s| 23900 | 22965 |  8515k| 355.9 |  1498M |  30 |3151 |1568 |4260 |1275k|  5 |   0 | 344 | 3.133080e+05 | 5.013690e+05 |  60.02%|   2.62%
 3138s| 24000 | 23055 |  8556k| 356.2 |  1504M |  30 |3151 |1568 |4022 |1281k|  2 |   0 | 344 | 3.133129e+05 | 5.013690e+05 |  60.02%|   2.63%
 3149s| 24100 | 23137 |  8598k| 356.4 |  1509M |  30 |3151 |1568 |4023 |1287k|  6 |   0 | 344 | 3.136190e+05 | 5.013690e+05 |  59.87%|   2.63%
 time | node  | left  |LP iter|LP it/n|mem/heur|mdpt |vars |cons |rows |cuts |sepa|confs|strbr|  dualbound   | primalbound  |  gap   | compl. 
 3160s| 24200 | 23223 |  8634k| 356.5 |  1514M |  30 |3151 |1568 |4191 |1293k|  5 |   0 | 345 | 3.137459e+05 | 5.013690e+05 |  59.80%|   2.64%
 3171s| 24300 | 23317 |  8671k| 356.5 |  1520M |  30 |3151 |1568 |4229 |1300k|  2 |   0 | 345 | 3.137459e+05 | 5.013690e+05 |  59.80%|   2.64%
 3182s| 24400 | 23411 |  8710k| 356.7 |  1526M |  30 |3151 |1568 |4382 |1306k|  5 |   0 | 345 | 3.137940e+05 | 5.013690e+05 |  59.78%|   2.65%
 3193s| 24500 | 23501 |  8749k| 356.8 |  1533M |  30 |3151 |1568 |4233 |1312k|  2 |   0 | 345 | 3.138804e+05 | 5.013690e+05 |  59.73%|   2.66%
 3213s| 24600 | 23599 |  8797k| 357.3 |  1542M |  30 |3151 |1568 |4219 |1321k|  4 |   0 | 345 | 3.138983e+05 | 5.013690e+05 |  59.72%|   2.66%
slurmstepd: error: *** JOB 465998 ON optimum06 CANCELLED AT 2023-12-03T04:02:54 DUE TO TIME LIMIT ***
