solving instance uflp nldep gunluk ../../../../../instances/uflp/gunluk/gunluk-10-20-4.txt sinabc2
The latest version of Julia in the `1.10` channel is 1.10.6+0.x64.linux.gnu. You currently have `1.10.5+0.x64.linux.gnu` installed. Run:

  juliaup update

in your terminal shell to install Julia 1.10.6+0.x64.linux.gnu and update the `1.10` channel to that version.
Set parameter TokenServer to value "licences.gerad.lan"
Set parameter TokenServer to value "licences.gerad.lan"
Set parameter TokenServer to value "licences.gerad.lan"
Set parameter FeasibilityTol to value 1e-09
Set parameter MIPGap to value 1e-09
Set parameter Threads to value 1
Set parameter OptimalityTol to value 1e-09
Set parameter IntFeasTol to value 1e-09
Set parameter TimeLimit to value 3582.205530437
reading gunluk data file ../../../../../instances/uflp/gunluk/gunluk-10-20-4.txt
0.5511229890226343 * (sin(0.005434782608695652x) + 0.005434782608695652x) ^ 2
1.6533689670679028 * (sin(0.005434782608695652x) + 0.005434782608695652x) ^ 2
3.674153260150895 * (sin(0.005434782608695652x) + 0.005434782608695652x) ^ 2
5.143814564211254 * (sin(0.005434782608695652x) + 0.005434782608695652x) ^ 2
4.960106901203709 * (sin(0.005434782608695652x) + 0.005434782608695652x) ^ 2
4.837635125865345 * (sin(0.005434782608695652x) + 0.005434782608695652x) ^ 2
4.041568586165985 * (sin(0.005434782608695652x) + 0.005434782608695652x) ^ 2
1.469661304060358 * (sin(0.005434782608695652x) + 0.005434782608695652x) ^ 2
0.4898871013534527 * (sin(0.005434782608695652x) + 0.005434782608695652x) ^ 2
2.6943790574439896 * (sin(0.005434782608695652x) + 0.005434782608695652x) ^ 2
0.5511229890226343 * (sin(0.005434782608695652x) + 0.005434782608695652x) ^ 2
1.6533689670679028 * (sin(0.005434782608695652x) + 0.005434782608695652x) ^ 2
3.674153260150895 * (sin(0.005434782608695652x) + 0.005434782608695652x) ^ 2
5.143814564211254 * (sin(0.005434782608695652x) + 0.005434782608695652x) ^ 2
4.960106901203709 * (sin(0.005434782608695652x) + 0.005434782608695652x) ^ 2
4.837635125865345 * (sin(0.005434782608695652x) + 0.005434782608695652x) ^ 2
4.041568586165985 * (sin(0.005434782608695652x) + 0.005434782608695652x) ^ 2
1.469661304060358 * (sin(0.005434782608695652x) + 0.005434782608695652x) ^ 2
0.4898871013534527 * (sin(0.005434782608695652x) + 0.005434782608695652x) ^ 2
2.6943790574439896 * (sin(0.005434782608695652x) + 0.005434782608695652x) ^ 2
construct_constant_piece in x1, x2 = 0.0, 0.001277904692647739
construct_constant_piece in x1, x2 = 0.0, 0.0012779046926477387
construct_constant_piece in x1, x2 = 0.0, 0.001277904692647739
construct_constant_piece in x1, x2 = 0.0, 0.001277904692647739
construct_constant_piece in x1, x2 = 0.0, 0.001277904692647739
construct_constant_piece in x1, x2 = 0.0, 0.001277904692647739
construct_constant_piece in x1, x2 = 0.0, 0.001277904692647739
construct_constant_piece in x1, x2 = 0.0, 0.001277904692647739
construct_constant_piece in x1, x2 = 0.0, 0.001277904692647739
construct_constant_piece in x1, x2 = 0.0, 0.001277904692647739
Iteration 1	LB = -1.0e20	UB = 1.0e20	CPU = 18.794469563, #pieces = 110
cutoff = 1.0e20
Iteration 2	LB = 238.79208951511345	UB = 242.52550416805178	CPU = 23.774737788000003, #pieces = 114
Iteration 3	LB = 240.5028840952184	UB = 242.02251149761	CPU = 26.544070189000003, #pieces = 116
Iteration 4	LB = 241.12718585041725	UB = 242.02251149761	CPU = 29.959298466000003, #pieces = 120
Iteration 5	LB = 241.71160099038525	UB = 242.02251149761	CPU = 32.306121440000005, #pieces = 128
Iteration 6	LB = 241.92971959559407	UB = 242.02251149761	CPU = 35.937413848000006, #pieces = 135
Iteration 7	LB = 241.98161103425278	UB = 242.02251149761	CPU = 39.315655607000004, #pieces = 140
Iteration 8	LB = 242.0015154161777	UB = 242.02251149761	CPU = 42.834493961, #pieces = 149
Iteration 9	LB = 242.01452515657544	UB = 242.02128971733956	CPU = 42.952296464, #pieces = 156
Iteration 10	LB = 242.0161128207697	UB = 242.0191533133589	CPU = 43.092083295, #pieces = 161
Iteration 11	LB = 242.01716800085973	UB = 242.0191533133589	CPU = 43.190908868, #pieces = 161
Iteration 12	LB = 242.0175562390325	UB = 242.01852315721584	CPU = 43.580503215, #pieces = 195
Iteration 13	LB = 242.0179134960233	UB = 242.01852315721584	CPU = 43.749355123, #pieces = 198
Iteration 14	LB = 242.0179134960233	UB = 242.01842145290573	CPU = 43.921425512000006, #pieces = 201
Iteration 15	LB = 242.0179134960233	UB = 242.01819723976956	CPU = 44.107876037000004, #pieces = 203
Iteration 16	LB = 242.0179134960233	UB = 242.01819723976956	CPU = 44.277098656, #pieces = 204
Iteration 17	LB = 242.0179134960233	UB = 242.01819723976953	CPU = 44.509636551, #pieces = 205
WRITING LOG...
(238.79208951511345, 242.52550416805178, 185.50930891313118, 185.50930891313118, 6.547989805784411, 1.5393905336864542, 110, 1, 0.08375114700000001, 18.91614873)
(240.5028840952184, 242.02251149761, 187.41674989734958, 187.41674989734958, 2.7829067077499468, 0.6278867998634905, 114, 2, 0.11132859400000002, 23.802471576000002)
(241.12718585041725, 242.02251149761, 187.41674989734966, 187.41674989734958, 1.6396175439269696, 0.3699348633532341, 116, 3, 0.14126744600000002, 26.574171663)
(241.71160099038525, 242.02251149761, 187.41674989734958, 187.41674989734958, 0.5693730809960255, 0.12846346618786228, 120, 4, 0.18115956500000002, 29.999360004000003)
(241.92971959559407, 242.02251149761, 187.41674989734958, 187.41674989734958, 0.16993060676492736, 0.03834019465451608, 128, 5, 0.23777850900000003, 32.362896716)
(241.98161103425278, 242.02251149761, 187.41674989734958, 187.41674989734958, 0.07490136966979512, 0.01689944588382721, 135, 6, 0.310703137, 36.010487958)
(242.0015154161777, 242.02251149761, 187.41674989734958, 187.41674989734958, 0.038450304174837836, 0.008675259711324112, 140, 7, 0.365388987, 39.370524290000006)
(242.01452515657544, 242.02128971733956, 187.41963953833238, 187.41963953833238, 0.012388930997385724, 0.0027950271531944873, 149, 8, 0.456753502, 42.925998599)
(242.0161128207697, 242.0191533133589, 187.33017929574635, 187.33017929574635, 0.005559608026707437, 0.0012563024651484494, 156, 9, 0.555966242, 43.05167491)
(242.01716800085973, 242.0191533133589, 187.29000185225385, 187.33017929574635, 0.005817506072779266, 0.0008203121414181439, 161, 10, 0.650169003, 43.186441589000005)
(242.0175562390325, 242.01852315721584, 187.33178698155584, 187.33178698155584, 0.0017681036590509501, 0.00039952238808980403, 161, 11, 0.7425442600000001, 43.283441196000005)
(242.0179134960233, 242.01852315721584, 187.33017929574635, 187.33178698155584, 0.0022670334521224943, 0.00025190683116895895, 195, 12, 0.8993374510000001, 43.737459909)
(242.0179134960233, 242.01842145290573, 187.35624975943512, 187.35624975943512, 0.0012384184041834923, 0.0002098835614935313, 198, 13, 1.0586093280000002, 43.908772642)
(242.0179134960233, 242.01819723976956, 187.35546589121012, 187.35546589121012, 0.0007926335142481878, 0.00011724066598621202, 201, 14, 1.2133283070000003, 44.076301478000005)
(242.0179134960233, 242.01819723976956, 187.37988004864877, 187.35546589121012, 0.0017981181960052203, 0.00011724066598621202, 203, 15, 1.3746806610000002, 44.269393455)
(242.0179134960233, 242.01819723976953, 187.3554658912101, 187.3554658912101, 0.0006470723537012911, 0.00011724066597446841, 204, 16, 1.6039094480000002, 44.506478364)
(242.01799053078227, 242.01819723976953, 187.35469870359626, 187.3554658912101, 0.00039919135328464337, 8.541051442472683e-5, 205, 17, 1.8654243130000003, 44.771322019)
