solving instance uflp nldep orlib 61 sqrt
The latest version of Julia in the `1.10` channel is 1.10.6+0.x64.linux.gnu. You currently have `1.10.5+0.x64.linux.gnu` installed. Run:

  juliaup update

in your terminal shell to install Julia 1.10.6+0.x64.linux.gnu and update the `1.10` channel to that version.
Set parameter TokenServer to value "licences.gerad.lan"
Set parameter TokenServer to value "licences.gerad.lan"
Set parameter TokenServer to value "licences.gerad.lan"
Set parameter FeasibilityTol to value 1e-09
Set parameter MIPGap to value 1e-09
Set parameter Threads to value 1
Set parameter OptimalityTol to value 1e-09
Set parameter IntFeasTol to value 1e-09
Set parameter TimeLimit to value 3600.772397823
reading orlib data file ../../../../../instances/uflp/orlib/cap61.txt
7500.0 * sqrt(1.7162078670968627e-5x)
7500.0 * sqrt(1.7162078670968627e-5x)
7500.0 * sqrt(1.7162078670968627e-5x)
7500.0 * sqrt(1.7162078670968627e-5x)
7500.0 * sqrt(1.7162078670968627e-5x)
7500.0 * sqrt(1.7162078670968627e-5x)
7500.0 * sqrt(1.7162078670968627e-5x)
7500.0 * sqrt(1.7162078670968627e-5x)
7500.0 * sqrt(1.7162078670968627e-5x)
7500.0 * sqrt(1.7162078670968627e-5x)
0.0x
7500.0 * sqrt(1.7162078670968627e-5x)
7500.0 * sqrt(1.7162078670968627e-5x)
7500.0 * sqrt(1.7162078670968627e-5x)
7500.0 * sqrt(1.7162078670968627e-5x)
7500.0 * sqrt(1.7162078670968627e-5x)
7500.0 * sqrt(1.7162078670968627e-5x)
7500.0 * sqrt(1.7162078670968627e-5x)
7500.0 * sqrt(1.7162078670968627e-5x)
7500.0 * sqrt(1.7162078670968627e-5x)
7500.0 * sqrt(1.7162078670968627e-5x)
7500.0 * sqrt(1.7162078670968627e-5x)
7500.0 * sqrt(1.7162078670968627e-5x)
7500.0 * sqrt(1.7162078670968627e-5x)
7500.0 * sqrt(1.7162078670968627e-5x)
7500.0 * sqrt(1.7162078670968627e-5x)
0.0x
7500.0 * sqrt(1.7162078670968627e-5x)
7500.0 * sqrt(1.7162078670968627e-5x)
7500.0 * sqrt(1.7162078670968627e-5x)
7500.0 * sqrt(1.7162078670968627e-5x)
7500.0 * sqrt(1.7162078670968627e-5x)
construct_constant_piece in x1, x2 = 0.0, 1.0049766418133903e-5
construct_constant_piece in x1, x2 = 0.0, 1.0049766418133903e-5
construct_constant_piece in x1, x2 = 0.0, 1.0049766418133903e-5
construct_constant_piece in x1, x2 = 0.0, 1.0049766418133903e-5
construct_constant_piece in x1, x2 = 0.0, 1.0049766418133903e-5
construct_constant_piece in x1, x2 = 0.0, 1.0049766418133903e-5
construct_constant_piece in x1, x2 = 0.0, 1.0049766418133903e-5
construct_constant_piece in x1, x2 = 0.0, 1.0049766418133903e-5
construct_constant_piece in x1, x2 = 0.0, 1.0049766418133903e-5
construct_constant_piece in x1, x2 = 0.0, 1.0049766418133903e-5
construct_constant_piece in x1, x2 = 0.0, 1.0049766418133903e-5
construct_constant_piece in x1, x2 = 0.0, 1.0049766418133903e-5
construct_constant_piece in x1, x2 = 0.0, 1.0049766418133903e-5
construct_constant_piece in x1, x2 = 0.0, 1.0049766418133903e-5
construct_constant_piece in x1, x2 = 0.0, 1.0049766418133903e-5
Iteration 1	LB = -1.0e20	UB = 1.0e20	CPU = 0.22760217700000002, #pieces = 121
cutoff = 1.0e20
Iteration 2	LB = 861299.371681102	UB = 862940.4530195064	CPU = 0.452526056, #pieces = 139
Iteration 3	LB = 862173.2288512436	UB = 862940.4530195064	CPU = 0.684384964, #pieces = 150
Iteration 4	LB = 862601.503959212	UB = 862940.4530195064	CPU = 0.7927152110000001, #pieces = 169
Iteration 5	LB = 862827.352738611	UB = 862940.4530195064	CPU = 0.950712204, #pieces = 187
Iteration 6	LB = 862909.9048430807	UB = 862940.4530195064	CPU = 1.0737531790000001, #pieces = 202
Iteration 7	LB = 862931.7107107403	UB = 862940.4530195064	CPU = 1.2547061480000001, #pieces = 217
Iteration 8	LB = 862937.3364427467	UB = 862940.4530195064	CPU = 1.3905875950000002, #pieces = 233
Iteration 9	LB = 862939.3426225329	UB = 862940.4530195064	CPU = 1.520070287, #pieces = 244
WRITING LOG...
(861299.371681102, 862940.4530195064, 837970.1874999999, 837970.1874999999, 6.572142122887913, 0.19017318433295757, 121, 1, 0.104284842, 0.38278007900000005)
(862173.2288512436, 862940.4530195064, 837970.1874999999, 837970.1874999999, 3.0725511014828637, 0.08890812402851288, 139, 2, 0.158828323, 0.507251776)
(862601.503959212, 862940.4530195064, 837970.1874999999, 837970.1874999999, 1.357410717277492, 0.03927838347459718, 150, 3, 0.216542731, 0.742250621)
(862827.352738611, 862940.4530195064, 837970.1874999999, 837970.1874999999, 0.45293984081591243, 0.01310638300703316, 169, 4, 0.2858246, 0.8621616080000001)
(862909.9048430807, 862940.4530195064, 837970.1874999999, 837970.1874999999, 0.12233821223037475, 0.003540009779220706, 187, 5, 0.360943314, 1.0260468870000001)
(862931.7107107403, 862940.4530195064, 837970.1874999999, 837970.1874999999, 0.03501087627316597, 0.0010130836647563955, 202, 6, 0.438247002, 1.151220217)
(862937.3364427467, 862940.4530195064, 837970.1874999999, 837970.1874999999, 0.012481151861569516, 0.0003611578004973063, 217, 7, 0.515909379, 1.3325243610000002)
(862939.3426225329, 862940.4530195064, 837970.1874999999, 837970.1874999999, 0.00444687691722171, 0.0001286759671157527, 233, 8, 0.599484855, 1.474319613)
(862940.0908161106, 862940.4530195064, 837970.1874999999, 837970.1874999999, 0.0014505388239708429, 4.197316217378205e-5, 244, 9, 0.690193397, 1.610934499)
