solving instance uflp nldep holmberg 5 sinabc3
The latest version of Julia in the `1.10` channel is 1.10.6+0.x64.linux.gnu. You currently have `1.10.5+0.x64.linux.gnu` installed. Run:

  juliaup update

in your terminal shell to install Julia 1.10.6+0.x64.linux.gnu and update the `1.10` channel to that version.
Set parameter TokenServer to value "licences.gerad.lan"
Set parameter TokenServer to value "licences.gerad.lan"
Set parameter TokenServer to value "licences.gerad.lan"
Set parameter FeasibilityTol to value 1e-09
Set parameter MIPGap to value 1e-09
Set parameter Threads to value 1
Set parameter OptimalityTol to value 1e-09
Set parameter IntFeasTol to value 1e-09
Set parameter TimeLimit to value 3590.384283803
reading holmberg data file ../../../../../instances/uflp/holmberg/p5
14.324202893332435 * (sin(0.006868131868131868x) + 0.003434065934065934x) ^ 2
12.289070241820724 * (sin(0.006868131868131868x) + 0.003434065934065934x) ^ 2
19.725131853113517 * (sin(0.006868131868131868x) + 0.003434065934065934x) ^ 2
19.725131853113517 * (sin(0.006868131868131868x) + 0.003434065934065934x) ^ 2
22.699556497630635 * (sin(0.006868131868131868x) + 0.003434065934065934x) ^ 2
16.241924045718473 * (sin(0.006868131868131868x) + 0.003434065934065934x) ^ 2
17.846547867102707 * (sin(0.006868131868131868x) + 0.003434065934065934x) ^ 2
21.486304339998654 * (sin(0.006868131868131868x) + 0.003434065934065934x) ^ 2
12.132521576319823 * (sin(0.006868131868131868x) + 0.003434065934065934x) ^ 2
12.367344574571174 * (sin(0.006868131868131868x) + 0.003434065934065934x) ^ 2
14.324202893332435 * (sin(0.006868131868131868x) + 0.003434065934065934x) ^ 2
12.289070241820724 * (sin(0.006868131868131868x) + 0.003434065934065934x) ^ 2
19.725131853113517 * (sin(0.006868131868131868x) + 0.003434065934065934x) ^ 2
19.725131853113517 * (sin(0.006868131868131868x) + 0.003434065934065934x) ^ 2
22.699556497630635 * (sin(0.006868131868131868x) + 0.003434065934065934x) ^ 2
16.241924045718473 * (sin(0.006868131868131868x) + 0.003434065934065934x) ^ 2
17.846547867102707 * (sin(0.006868131868131868x) + 0.003434065934065934x) ^ 2
21.486304339998654 * (sin(0.006868131868131868x) + 0.003434065934065934x) ^ 2
12.132521576319823 * (sin(0.006868131868131868x) + 0.003434065934065934x) ^ 2
12.367344574571174 * (sin(0.006868131868131868x) + 0.003434065934065934x) ^ 2
construct_constant_piece in x1, x2 = 0.0, 0.001065662142838173
construct_constant_piece in x1, x2 = 0.0, 0.001065662142838173
construct_constant_piece in x1, x2 = 0.0, 0.001065662142838173
construct_constant_piece in x1, x2 = 0.0, 0.001065662142838173
construct_constant_piece in x1, x2 = 0.0, 0.001065662142838173
construct_constant_piece in x1, x2 = 0.0, 0.001065662142838173
construct_constant_piece in x1, x2 = 0.0, 0.001065662142838173
construct_constant_piece in x1, x2 = 0.0, 0.001065662142838173
construct_constant_piece in x1, x2 = 0.0, 0.001065662142838173
construct_constant_piece in x1, x2 = 0.0, 0.001065662142838173
Iteration 1	LB = -1.0e20	UB = 1.0e20	CPU = 10.615716197000001, #pieces = 150
cutoff = 1.0e20
Iteration 2	LB = 5009.052851712923	UB = 5028.248321705586	CPU = 29.394010628, #pieces = 162
Iteration 3	LB = 5018.247007636986	UB = 5028.135416138127	CPU = 42.868639336, #pieces = 176
Iteration 4	LB = 5024.897076850164	UB = 5028.135416138127	CPU = 57.686602177000005, #pieces = 182
Iteration 5	LB = 5026.650445379648	UB = 5028.135416138127	CPU = 60.576666742, #pieces = 184
Iteration 6	LB = 5027.272654945942	UB = 5028.135416138127	CPU = 66.27501957300001, #pieces = 191
Iteration 7	LB = 5027.702501057537	UB = 5028.135416138127	CPU = 68.799118788, #pieces = 206
Iteration 8	LB = 5027.933267579012	UB = 5028.135416138127	CPU = 68.92004128800001, #pieces = 209
Iteration 9	LB = 5028.002988393936	UB = 5028.135416138127	CPU = 74.81278937500001, #pieces = 219
Iteration 10	LB = 5028.084187969828	UB = 5028.135416138127	CPU = 76.840093769, #pieces = 231
Iteration 11	LB = 5028.121599332515	UB = 5028.135416138127	CPU = 81.379395228, #pieces = 239
WRITING LOG...
(5009.052851712923, 5028.248321705586, 4728.0, 4728.0, 6.393198098034744, 0.3817526256569534, 150, 1, 0.069572098, 10.717123092000001)
(5018.247007636986, 5028.135416138127, 4727.0, 4727.0, 3.2837082492498295, 0.19666153917420334, 162, 2, 0.124022308, 29.448626131)
(5024.897076850164, 5028.135416138127, 4728.0, 4727.0, 1.1161577311689803, 0.06440437696982433, 176, 3, 0.195983969, 42.940738909000004)
(5026.650445379648, 5028.135416138127, 4727.423327767245, 4727.0, 0.5850873105405773, 0.029533229230718088, 182, 4, 0.264863329, 57.75566091)
(5027.272654945942, 5028.135416138127, 4728.0, 4727.0, 0.3249532767082735, 0.017158670576286523, 184, 5, 0.339587482, 60.65150581100001)
(5027.702501057537, 5028.135416138127, 4727.0, 4727.0, 0.14376093192278805, 0.008609853250973869, 191, 6, 0.42766761799999997, 66.36321832)
(5027.933267579012, 5028.135416138127, 4727.58319769992, 4727.0, 0.1634879363203308, 0.004020348347542393, 206, 7, 0.536712671, 68.908317971)
(5028.002988393936, 5028.135416138127, 4727.0, 4727.0, 0.043976143985043785, 0.0026337346397996364, 209, 8, 0.652746454, 69.036183381)
(5028.084187969828, 5028.135416138127, 4727.0, 4727.0, 0.017011671677675942, 0.0010188303229503562, 219, 9, 0.802101147, 74.962270227)
(5028.121599332515, 5028.135416138127, 4727.0, 4727.0, 0.004588236677401671, 0.00027478984689930497, 231, 10, 0.97422684, 77.012334233)
(5028.1321950197125, 5028.135416138127, 4727.0, 4727.0, 0.0010696577824154763, 6.406188671833131e-5, 239, 11, 1.158490788, 81.563777304)
