solving instance uflp nldep gunluk ../../../../../instances/uflp/gunluk/gunluk-20-40-3.txt exp
The latest version of Julia in the `1.10` channel is 1.10.6+0.x64.linux.gnu. You currently have `1.10.5+0.x64.linux.gnu` installed. Run:

  juliaup update

in your terminal shell to install Julia 1.10.6+0.x64.linux.gnu and update the `1.10` channel to that version.
Set parameter TokenServer to value "licences.gerad.lan"
Set parameter TokenServer to value "licences.gerad.lan"
Set parameter TokenServer to value "licences.gerad.lan"
Set parameter FeasibilityTol to value 1e-09
Set parameter MIPGap to value 1e-09
Set parameter Threads to value 1
Set parameter OptimalityTol to value 1e-09
Set parameter IntFeasTol to value 1e-09
Set parameter TimeLimit to value 3597.756072205
reading gunluk data file ../../../../../instances/uflp/gunluk/gunluk-20-40-3.txt
28.0 + 84.0 / (1 + 968.5 * exp(-0.005162622612287042 * (x + -193.7)))
6.0 + 18.0 / (1 + 968.5 * exp(-0.005162622612287042 * (x + -193.7)))
39.5 + 118.5 / (1 + 968.5 * exp(-0.005162622612287042 * (x + -193.7)))
5.0 + 15.0 / (1 + 968.5 * exp(-0.005162622612287042 * (x + -193.7)))
2.0 + 6.0 / (1 + 968.5 * exp(-0.005162622612287042 * (x + -193.7)))
47.5 + 142.5 / (1 + 968.5 * exp(-0.005162622612287042 * (x + -193.7)))
20.0 + 60.0 / (1 + 968.5 * exp(-0.005162622612287042 * (x + -193.7)))
37.0 + 111.0 / (1 + 968.5 * exp(-0.005162622612287042 * (x + -193.7)))
11.5 + 34.5 / (1 + 968.5 * exp(-0.005162622612287042 * (x + -193.7)))
45.0 + 135.0 / (1 + 968.5 * exp(-0.005162622612287042 * (x + -193.7)))
45.5 + 136.5 / (1 + 968.5 * exp(-0.005162622612287042 * (x + -193.7)))
47.0 + 141.0 / (1 + 968.5 * exp(-0.005162622612287042 * (x + -193.7)))
28.5 + 85.5 / (1 + 968.5 * exp(-0.005162622612287042 * (x + -193.7)))
19.0 + 57.0 / (1 + 968.5 * exp(-0.005162622612287042 * (x + -193.7)))
34.0 + 102.0 / (1 + 968.5 * exp(-0.005162622612287042 * (x + -193.7)))
43.5 + 130.5 / (1 + 968.5 * exp(-0.005162622612287042 * (x + -193.7)))
22.0 + 66.0 / (1 + 968.5 * exp(-0.005162622612287042 * (x + -193.7)))
22.0 + 66.0 / (1 + 968.5 * exp(-0.005162622612287042 * (x + -193.7)))
4.0 + 12.0 / (1 + 968.5 * exp(-0.005162622612287042 * (x + -193.7)))
41.5 + 124.5 / (1 + 968.5 * exp(-0.005162622612287042 * (x + -193.7)))
28.0 + 84.0 / (1 + 968.5 * exp(-0.005162622612287042 * (x + -193.7)))
6.0 + 18.0 / (1 + 968.5 * exp(-0.005162622612287042 * (x + -193.7)))
39.5 + 118.5 / (1 + 968.5 * exp(-0.005162622612287042 * (x + -193.7)))
5.0 + 15.0 / (1 + 968.5 * exp(-0.005162622612287042 * (x + -193.7)))
2.0 + 6.0 / (1 + 968.5 * exp(-0.005162622612287042 * (x + -193.7)))
47.5 + 142.5 / (1 + 968.5 * exp(-0.005162622612287042 * (x + -193.7)))
20.0 + 60.0 / (1 + 968.5 * exp(-0.005162622612287042 * (x + -193.7)))
37.0 + 111.0 / (1 + 968.5 * exp(-0.005162622612287042 * (x + -193.7)))
11.5 + 34.5 / (1 + 968.5 * exp(-0.005162622612287042 * (x + -193.7)))
45.0 + 135.0 / (1 + 968.5 * exp(-0.005162622612287042 * (x + -193.7)))
45.5 + 136.5 / (1 + 968.5 * exp(-0.005162622612287042 * (x + -193.7)))
47.0 + 141.0 / (1 + 968.5 * exp(-0.005162622612287042 * (x + -193.7)))
28.5 + 85.5 / (1 + 968.5 * exp(-0.005162622612287042 * (x + -193.7)))
19.0 + 57.0 / (1 + 968.5 * exp(-0.005162622612287042 * (x + -193.7)))
34.0 + 102.0 / (1 + 968.5 * exp(-0.005162622612287042 * (x + -193.7)))
43.5 + 130.5 / (1 + 968.5 * exp(-0.005162622612287042 * (x + -193.7)))
22.0 + 66.0 / (1 + 968.5 * exp(-0.005162622612287042 * (x + -193.7)))
22.0 + 66.0 / (1 + 968.5 * exp(-0.005162622612287042 * (x + -193.7)))
4.0 + 12.0 / (1 + 968.5 * exp(-0.005162622612287042 * (x + -193.7)))
41.5 + 124.5 / (1 + 968.5 * exp(-0.005162622612287042 * (x + -193.7)))
Iteration 1	LB = -1.0e20	UB = 1.0e20	CPU = 3.2439277950000003, #pieces = 80
cutoff = 1.0e20
Iteration 2	LB = 406.56275790537376	UB = 409.4229261057104	CPU = 3.405062258, #pieces = 87
Iteration 3	LB = 408.99828903873083	UB = 409.4229261057104	CPU = 3.4823618310000004, #pieces = 92
Iteration 4	LB = 409.3202518890105	UB = 409.4229261057104	CPU = 3.7954466630000003, #pieces = 128
Iteration 5	LB = 409.39894187777753	UB = 409.4229261057104	CPU = 3.951564727, #pieces = 143
Iteration 6	LB = 409.4186909552226	UB = 409.4229261057104	CPU = 4.1098882240000005, #pieces = 153
Iteration 7	LB = 409.42211661217465	UB = 409.4229261057104	CPU = 4.392567860000001, #pieces = 175
WRITING LOG...
(406.56275790537376, 409.4229261057104, 311.17226327239337, 311.17226327239337, 2.9110930327146542, 0.6985852569472824, 80, 1, 0.075814298, 3.348255564)
(408.99828903873083, 409.4229261057104, 311.17226327239337, 311.17226327239337, 0.43219766130228043, 0.10371599632159986, 87, 2, 0.130170651, 3.459580122)
(409.3202518890105, 409.4229261057104, 311.17226327239337, 311.17226327239337, 0.10450231452802095, 0.02507778879813597, 92, 3, 0.183616647, 3.5359497660000003)
(409.39894187777753, 409.4229261057104, 311.17226327239337, 311.17226327239337, 0.024411263233485636, 0.005858056890222333, 128, 4, 0.280410441, 3.892398947)
(409.4186909552226, 409.4229261057104, 311.17226327239337, 311.17226327239337, 0.004310556657530855, 0.001034419476240139, 143, 5, 0.39611682800000003, 4.0674026990000005)
(409.42211661217465, 409.4229261057104, 311.17226327239337, 311.17226327239337, 0.0008239064372952788, 0.0001977157321082633, 153, 6, 0.532708641, 4.246626234)
(409.4226101098334, 409.4227325388072, 311.16773599166515, 311.16773599166515, 0.00012460330582792303, 2.9902827593298375e-5, 175, 7, 0.7001395810000001, 4.5601463650000005)
