solving instance uflp nldep orlib 61 sincos
Set parameter TokenServer to value "licences.gerad.lan"
Set parameter TokenServer to value "licences.gerad.lan"
Set parameter TokenServer to value "licences.gerad.lan"
Set parameter FeasibilityTol to value 1e-09
Set parameter MIPGap to value 1e-09
Set parameter Threads to value 1
Set parameter OptimalityTol to value 1e-09
Set parameter IntFeasTol to value 1e-09
Set parameter TimeLimit to value 3543.290529533
reading orlib data file ../../../../../instances/uflp/orlib/cap61.txt
(C * ((7.5 * sin((pi * ((x * 100) / Q - 10.0)) / 40.0) - 15.0 * cos((pi * ((x * 100) / Q - 10.0)) / 80.0)) + 19.5)) / 38.66
(C * ((7.5 * sin((pi * ((x * 100) / Q - 10.0)) / 40.0) - 15.0 * cos((pi * ((x * 100) / Q - 10.0)) / 80.0)) + 19.5)) / 38.66
(C * ((7.5 * sin((pi * ((x * 100) / Q - 10.0)) / 40.0) - 15.0 * cos((pi * ((x * 100) / Q - 10.0)) / 80.0)) + 19.5)) / 38.66
(C * ((7.5 * sin((pi * ((x * 100) / Q - 10.0)) / 40.0) - 15.0 * cos((pi * ((x * 100) / Q - 10.0)) / 80.0)) + 19.5)) / 38.66
(C * ((7.5 * sin((pi * ((x * 100) / Q - 10.0)) / 40.0) - 15.0 * cos((pi * ((x * 100) / Q - 10.0)) / 80.0)) + 19.5)) / 38.66
(C * ((7.5 * sin((pi * ((x * 100) / Q - 10.0)) / 40.0) - 15.0 * cos((pi * ((x * 100) / Q - 10.0)) / 80.0)) + 19.5)) / 38.66
(C * ((7.5 * sin((pi * ((x * 100) / Q - 10.0)) / 40.0) - 15.0 * cos((pi * ((x * 100) / Q - 10.0)) / 80.0)) + 19.5)) / 38.66
(C * ((7.5 * sin((pi * ((x * 100) / Q - 10.0)) / 40.0) - 15.0 * cos((pi * ((x * 100) / Q - 10.0)) / 80.0)) + 19.5)) / 38.66
(C * ((7.5 * sin((pi * ((x * 100) / Q - 10.0)) / 40.0) - 15.0 * cos((pi * ((x * 100) / Q - 10.0)) / 80.0)) + 19.5)) / 38.66
(C * ((7.5 * sin((pi * ((x * 100) / Q - 10.0)) / 40.0) - 15.0 * cos((pi * ((x * 100) / Q - 10.0)) / 80.0)) + 19.5)) / 38.66
0.0x
(C * ((7.5 * sin((pi * ((x * 100) / Q - 10.0)) / 40.0) - 15.0 * cos((pi * ((x * 100) / Q - 10.0)) / 80.0)) + 19.5)) / 38.66
(C * ((7.5 * sin((pi * ((x * 100) / Q - 10.0)) / 40.0) - 15.0 * cos((pi * ((x * 100) / Q - 10.0)) / 80.0)) + 19.5)) / 38.66
(C * ((7.5 * sin((pi * ((x * 100) / Q - 10.0)) / 40.0) - 15.0 * cos((pi * ((x * 100) / Q - 10.0)) / 80.0)) + 19.5)) / 38.66
(C * ((7.5 * sin((pi * ((x * 100) / Q - 10.0)) / 40.0) - 15.0 * cos((pi * ((x * 100) / Q - 10.0)) / 80.0)) + 19.5)) / 38.66
(C * ((7.5 * sin((pi * ((x * 100) / Q - 10.0)) / 40.0) - 15.0 * cos((pi * ((x * 100) / Q - 10.0)) / 80.0)) + 19.5)) / 38.66
translating piece by -2.5096194804063998e-5
Iteration 1	LB = -1.0e20	UB = 1.0e20	CPU = 57.709470467, #pieces = 92
cutoff = 1.0e20
Iteration 2	LB = 846199.8562052922	UB = 846866.4321839986	CPU = 82.055495506, #pieces = 96
translating piece by -0.00010033370563178323
translating piece by -0.00010033370563178323
Iteration 3	LB = 846697.1291433787	UB = 846858.955772872	CPU = 92.711567868, #pieces = 108
Iteration 4	LB = 846826.9028827252	UB = 846858.955772872	CPU = 97.27740644100001, #pieces = 118
translating piece by -4.1659198814159026e-5
Iteration 5	LB = 846843.0100045855	UB = 846858.955772872	CPU = 102.136436219, #pieces = 139
translating piece by -3.078555982938269e-5
translating piece by -6.578685224667424e-5
translating piece by -7.210461717477301e-5
translating piece by -7.210461717477301e-5
Iteration 6	LB = 846854.0373191071	UB = 846858.955772872	CPU = 106.540905514, #pieces = 192
translating piece by -3.944642617170757e-5
Iteration 7	LB = 846857.6748123125	UB = 846858.955772872	CPU = 110.94504697100001, #pieces = 207
WRITING LOG...
(846199.8562052922, 846866.4321839986, 837978.7400266284, 837978.7400266284, 7.4999895012532, 0.07871087498266167, 92, 1, 0.084669794, 57.824958887)
(846697.1291433787, 846858.955772872, 837970.1874999999, 837970.1874999999, 1.8205742857213751, 0.019109041522219095, 96, 2, 0.12538512000000002, 82.09640651000001)
(846826.9028827252, 846858.955772872, 837970.1874999999, 837970.1874999999, 0.36059990723975227, 0.003784914822974354, 108, 3, 0.167057424, 92.75339942800001)
(846843.0100045855, 846858.955772872, 837970.1874999999, 837970.1874999999, 0.1793923274514811, 0.001882930820743509, 118, 4, 0.216576659, 97.32707972600001)
(846854.0373191071, 846858.955772872, 837970.1874999999, 837970.1874999999, 0.055333355689783106, 0.000580787831473088, 139, 5, 0.276551739, 102.196573318)
(846857.6748123125, 846858.955772872, 837970.1874999999, 837970.1874999999, 0.014411001841561438, 0.00015126020109531427, 192, 6, 0.34902614600000004, 106.6135347)
(846858.7199338033, 846858.955772872, 837970.1874999999, 837970.1874999999, 0.002653225524806987, 2.784868330778324e-5, 207, 7, 0.42988850300000003, 111.02607735000001)
