solving instance uflp nldep orlib 92 square
The latest version of Julia in the `1.10` channel is 1.10.6+0.x64.linux.gnu. You currently have `1.10.5+0.x64.linux.gnu` installed. Run:

  juliaup update

in your terminal shell to install Julia 1.10.6+0.x64.linux.gnu and update the `1.10` channel to that version.
Set parameter TokenServer to value "licences.gerad.lan"
Set parameter TokenServer to value "licences.gerad.lan"
Set parameter TokenServer to value "licences.gerad.lan"
Set parameter FeasibilityTol to value 1e-09
Set parameter MIPGap to value 1e-09
Set parameter Threads to value 1
Set parameter OptimalityTol to value 1e-09
Set parameter IntFeasTol to value 1e-09
Set parameter TimeLimit to value 3600.587251691
reading orlib data file ../../../../../instances/uflp/orlib/cap92.txt
3.6817118038564536e-6 * x * x
3.6817118038564536e-6 * x * x
3.6817118038564536e-6 * x * x
3.6817118038564536e-6 * x * x
3.6817118038564536e-6 * x * x
3.6817118038564536e-6 * x * x
3.6817118038564536e-6 * x * x
3.6817118038564536e-6 * x * x
3.6817118038564536e-6 * x * x
3.6817118038564536e-6 * x * x
0.0x
3.6817118038564536e-6 * x * x
3.6817118038564536e-6 * x * x
3.6817118038564536e-6 * x * x
3.6817118038564536e-6 * x * x
3.6817118038564536e-6 * x * x
3.6817118038564536e-6 * x * x
3.6817118038564536e-6 * x * x
3.6817118038564536e-6 * x * x
3.6817118038564536e-6 * x * x
3.6817118038564536e-6 * x * x
3.6817118038564536e-6 * x * x
3.6817118038564536e-6 * x * x
3.6817118038564536e-6 * x * x
3.6817118038564536e-6 * x * x
3.6817118038564536e-6 * x * x
3.6817118038564536e-6 * x * x
3.6817118038564536e-6 * x * x
3.6817118038564536e-6 * x * x
3.6817118038564536e-6 * x * x
3.6817118038564536e-6 * x * x
3.6817118038564536e-6 * x * x
3.6817118038564536e-6 * x * x
3.6817118038564536e-6 * x * x
3.6817118038564536e-6 * x * x
0.0x
3.6817118038564536e-6 * x * x
3.6817118038564536e-6 * x * x
3.6817118038564536e-6 * x * x
3.6817118038564536e-6 * x * x
3.6817118038564536e-6 * x * x
3.6817118038564536e-6 * x * x
3.6817118038564536e-6 * x * x
3.6817118038564536e-6 * x * x
3.6817118038564536e-6 * x * x
3.6817118038564536e-6 * x * x
3.6817118038564536e-6 * x * x
3.6817118038564536e-6 * x * x
3.6817118038564536e-6 * x * x
3.6817118038564536e-6 * x * x
construct_constant_piece in x1, x2 = 0.0, 0.0031622763662718582
construct_constant_piece in x1, x2 = 0.0, 0.0031622763662718582
construct_constant_piece in x1, x2 = 0.0, 0.0031622763662718582
construct_constant_piece in x1, x2 = 0.0, 0.0031622763662718582
construct_constant_piece in x1, x2 = 0.0, 0.0031622763662718582
construct_constant_piece in x1, x2 = 0.0, 0.0031622763662718582
construct_constant_piece in x1, x2 = 0.0, 0.0031622763662718582
construct_constant_piece in x1, x2 = 0.0, 0.0031622763662718582
construct_constant_piece in x1, x2 = 0.0, 0.0031622763662718582
construct_constant_piece in x1, x2 = 0.0, 0.0031622763662718582
construct_constant_piece in x1, x2 = 0.0, 0.0031622763662718582
construct_constant_piece in x1, x2 = 0.0, 0.0031622763662718582
construct_constant_piece in x1, x2 = 0.0, 0.0031622763662718582
construct_constant_piece in x1, x2 = 0.0, 0.0031622763662718582
construct_constant_piece in x1, x2 = 0.0, 0.0031622763662718582
construct_constant_piece in x1, x2 = 0.0, 0.0031622763662718582
construct_constant_piece in x1, x2 = 0.0, 0.0031622763662718582
construct_constant_piece in x1, x2 = 0.0, 0.0031622763662718582
construct_constant_piece in x1, x2 = 0.0, 0.0031622763662718582
construct_constant_piece in x1, x2 = 0.0, 0.0031622763662718582
construct_constant_piece in x1, x2 = 0.0, 0.0031622763662718582
construct_constant_piece in x1, x2 = 0.0, 0.0031622763662718582
construct_constant_piece in x1, x2 = 0.0, 0.0031622763662718582
construct_constant_piece in x1, x2 = 0.0, 0.0031622763662718582
Iteration 1	LB = -1.0e20	UB = 1.0e20	CPU = 0.41274830900000004, #pieces = 241
cutoff = 1.0e20
Iteration 2	LB = 653344.6912702408	UB = 653357.0864912418	CPU = 0.593507227, #pieces = 259
Iteration 3	LB = 653355.148580315	UB = 653357.0864912418	CPU = 0.936338497, #pieces = 329
WRITING LOG...
(653344.6912702408, 653357.0864912418, 652291.1499999999, 652291.1499999999, 1.1628479841759987, 0.0018971587294735947, 241, 1, 0.074708328, 0.5272784580000001)
(653355.148580315, 653357.0864912418, 652291.1499999999, 652291.1499999999, 0.18180360112292113, 0.00029660823565385533, 259, 2, 0.112815993, 0.631789695)
(653356.6389563364, 653357.0864912418, 652291.1499999999, 652291.1499999999, 0.041985137864631594, 6.849775025794143e-5, 329, 3, 0.180227982, 1.0039584910000001)
