solving instance uflp nldep gunluk ../../../../../instances/uflp/gunluk/gunluk-40-80-9.txt sqrt
The latest version of Julia in the `1.10` channel is 1.10.6+0.x64.linux.gnu. You currently have `1.10.5+0.x64.linux.gnu` installed. Run:

  juliaup update

in your terminal shell to install Julia 1.10.6+0.x64.linux.gnu and update the `1.10` channel to that version.
Set parameter TokenServer to value "licences.gerad.lan"
Set parameter TokenServer to value "licences.gerad.lan"
Set parameter TokenServer to value "licences.gerad.lan"
Set parameter FeasibilityTol to value 1e-09
Set parameter MIPGap to value 1e-09
Set parameter Threads to value 1
Set parameter OptimalityTol to value 1e-09
Set parameter IntFeasTol to value 1e-09
Set parameter TimeLimit to value 3600.617910938
reading gunluk data file ../../../../../instances/uflp/gunluk/gunluk-40-80-9.txt
84.0 * sqrt(0.00024009603841536616x)
8.0 * sqrt(0.00024009603841536616x)
100.0 * sqrt(0.00024009603841536616x)
27.0 * sqrt(0.00024009603841536616x)
62.0 * sqrt(0.00024009603841536616x)
89.0 * sqrt(0.00024009603841536616x)
6.0 * sqrt(0.00024009603841536616x)
68.0 * sqrt(0.00024009603841536616x)
100.0 * sqrt(0.00024009603841536616x)
78.0 * sqrt(0.00024009603841536616x)
87.0 * sqrt(0.00024009603841536616x)
25.0 * sqrt(0.00024009603841536616x)
87.0 * sqrt(0.00024009603841536616x)
58.0 * sqrt(0.00024009603841536616x)
53.0 * sqrt(0.00024009603841536616x)
7.0 * sqrt(0.00024009603841536616x)
76.0 * sqrt(0.00024009603841536616x)
44.0 * sqrt(0.00024009603841536616x)
27.0 * sqrt(0.00024009603841536616x)
73.0 * sqrt(0.00024009603841536616x)
31.0 * sqrt(0.00024009603841536616x)
16.0 * sqrt(0.00024009603841536616x)
13.0 * sqrt(0.00024009603841536616x)
20.0 * sqrt(0.00024009603841536616x)
88.0 * sqrt(0.00024009603841536616x)
28.0 * sqrt(0.00024009603841536616x)
2.0 * sqrt(0.00024009603841536616x)
35.0 * sqrt(0.00024009603841536616x)
56.0 * sqrt(0.00024009603841536616x)
28.0 * sqrt(0.00024009603841536616x)
18.0 * sqrt(0.00024009603841536616x)
69.0 * sqrt(0.00024009603841536616x)
71.0 * sqrt(0.00024009603841536616x)
6.0 * sqrt(0.00024009603841536616x)
55.0 * sqrt(0.00024009603841536616x)
51.0 * sqrt(0.00024009603841536616x)
6.0 * sqrt(0.00024009603841536616x)
31.0 * sqrt(0.00024009603841536616x)
68.0 * sqrt(0.00024009603841536616x)
20.0 * sqrt(0.00024009603841536616x)
84.0 * sqrt(0.00024009603841536616x)
8.0 * sqrt(0.00024009603841536616x)
100.0 * sqrt(0.00024009603841536616x)
27.0 * sqrt(0.00024009603841536616x)
62.0 * sqrt(0.00024009603841536616x)
89.0 * sqrt(0.00024009603841536616x)
6.0 * sqrt(0.00024009603841536616x)
68.0 * sqrt(0.00024009603841536616x)
100.0 * sqrt(0.00024009603841536616x)
78.0 * sqrt(0.00024009603841536616x)
87.0 * sqrt(0.00024009603841536616x)
25.0 * sqrt(0.00024009603841536616x)
87.0 * sqrt(0.00024009603841536616x)
58.0 * sqrt(0.00024009603841536616x)
53.0 * sqrt(0.00024009603841536616x)
7.0 * sqrt(0.00024009603841536616x)
76.0 * sqrt(0.00024009603841536616x)
44.0 * sqrt(0.00024009603841536616x)
27.0 * sqrt(0.00024009603841536616x)
73.0 * sqrt(0.00024009603841536616x)
31.0 * sqrt(0.00024009603841536616x)
16.0 * sqrt(0.00024009603841536616x)
13.0 * sqrt(0.00024009603841536616x)
20.0 * sqrt(0.00024009603841536616x)
88.0 * sqrt(0.00024009603841536616x)
28.0 * sqrt(0.00024009603841536616x)
2.0 * sqrt(0.00024009603841536616x)
35.0 * sqrt(0.00024009603841536616x)
56.0 * sqrt(0.00024009603841536616x)
28.0 * sqrt(0.00024009603841536616x)
18.0 * sqrt(0.00024009603841536616x)
69.0 * sqrt(0.00024009603841536616x)
71.0 * sqrt(0.00024009603841536616x)
6.0 * sqrt(0.00024009603841536616x)
55.0 * sqrt(0.00024009603841536616x)
51.0 * sqrt(0.00024009603841536616x)
6.0 * sqrt(0.00024009603841536616x)
31.0 * sqrt(0.00024009603841536616x)
68.0 * sqrt(0.00024009603841536616x)
20.0 * sqrt(0.00024009603841536616x)
construct_constant_piece in x1, x2 = 0.0, 1.0049766418133903e-5
construct_constant_piece in x1, x2 = 0.0, 1.0049766418133903e-5
construct_constant_piece in x1, x2 = 0.0, 1.0049766418133903e-5
construct_constant_piece in x1, x2 = 0.0, 1.0049766418133903e-5
construct_constant_piece in x1, x2 = 0.0, 1.0049766418133903e-5
construct_constant_piece in x1, x2 = 0.0, 1.0049766418133903e-5
construct_constant_piece in x1, x2 = 0.0, 1.0049766418133903e-5
construct_constant_piece in x1, x2 = 0.0, 1.0049766418133903e-5
construct_constant_piece in x1, x2 = 0.0, 1.0049766418133903e-5
construct_constant_piece in x1, x2 = 0.0, 1.0049766418133903e-5
construct_constant_piece in x1, x2 = 0.0, 1.0049766418133903e-5
construct_constant_piece in x1, x2 = 0.0, 1.0049766418133903e-5
construct_constant_piece in x1, x2 = 0.0, 1.0049766418133903e-5
construct_constant_piece in x1, x2 = 0.0, 1.0049766418133903e-5
construct_constant_piece in x1, x2 = 0.0, 1.0049766418133903e-5
construct_constant_piece in x1, x2 = 0.0, 1.0049766418133903e-5
construct_constant_piece in x1, x2 = 0.0, 1.0049766418133903e-5
construct_constant_piece in x1, x2 = 0.0, 1.0049766418133903e-5
construct_constant_piece in x1, x2 = 0.0, 1.0049766418133903e-5
construct_constant_piece in x1, x2 = 0.0, 1.0049766418133903e-5
construct_constant_piece in x1, x2 = 0.0, 1.0049766418133903e-5
construct_constant_piece in x1, x2 = 0.0, 1.0049766418133903e-5
construct_constant_piece in x1, x2 = 0.0, 1.0049766418133903e-5
construct_constant_piece in x1, x2 = 0.0, 1.0049766418133903e-5
construct_constant_piece in x1, x2 = 0.0, 1.0049766418133903e-5
construct_constant_piece in x1, x2 = 0.0, 1.0049766418133903e-5
construct_constant_piece in x1, x2 = 0.0, 1.0049766418133903e-5
construct_constant_piece in x1, x2 = 0.0, 1.0049766418133903e-5
construct_constant_piece in x1, x2 = 0.0, 1.0049766418133903e-5
construct_constant_piece in x1, x2 = 0.0, 1.0049766418133903e-5
construct_constant_piece in x1, x2 = 0.0, 1.0049766418133903e-5
construct_constant_piece in x1, x2 = 0.0, 1.0049766418133903e-5
construct_constant_piece in x1, x2 = 0.0, 1.0049766418133903e-5
construct_constant_piece in x1, x2 = 0.0, 1.0049766418133903e-5
construct_constant_piece in x1, x2 = 0.0, 1.0049766418133903e-5
construct_constant_piece in x1, x2 = 0.0, 1.0049766418133903e-5
construct_constant_piece in x1, x2 = 0.0, 1.0049766418133903e-5
construct_constant_piece in x1, x2 = 0.0, 1.0049766418133903e-5
construct_constant_piece in x1, x2 = 0.0, 1.0049766418133903e-5
construct_constant_piece in x1, x2 = 0.0, 1.0049766418133903e-5
Iteration 1	LB = -1.0e20	UB = 1.0e20	CPU = 0.38208906200000003, #pieces = 320
cutoff = 1.0e20
Iteration 2	LB = 478.1244168517742	UB = 491.8847485023754	CPU = 0.7661649530000001, #pieces = 348
Iteration 3	LB = 485.49986127835973	UB = 491.4206535123127	CPU = 1.535859008, #pieces = 381
Iteration 4	LB = 487.1662651214832	UB = 490.1309620062567	CPU = 2.439160483, #pieces = 409
Iteration 5	LB = 488.0683232763491	UB = 489.6609830530086	CPU = 3.4770298380000004, #pieces = 439
Iteration 6	LB = 488.3079197879949	UB = 489.4593313240074	CPU = 4.637220282, #pieces = 457
Iteration 7	LB = 488.3586447492157	UB = 489.18236140938325	CPU = 6.009541681, #pieces = 478
Iteration 8	LB = 488.42106614731125	UB = 488.9858961735699	CPU = 7.523503579000001, #pieces = 495
Iteration 9	LB = 488.4353016774004	UB = 488.84666530726935	CPU = 9.441949154000001, #pieces = 520
Iteration 10	LB = 488.4563396667254	UB = 488.74805973563065	CPU = 11.536001692000001, #pieces = 542
Iteration 11	LB = 488.4698737470863	UB = 488.6782578268719	CPU = 13.465397786, #pieces = 564
Iteration 12	LB = 488.4839204114224	UB = 488.6288618017416	CPU = 15.880880036, #pieces = 587
Iteration 13	LB = 488.4922638907183	UB = 488.5821457027389	CPU = 18.723759128, #pieces = 612
Iteration 14	LB = 488.5006686077981	UB = 488.56087130218333	CPU = 21.218508785, #pieces = 636
Iteration 15	LB = 488.5047331429523	UB = 488.5458231997867	CPU = 24.784729607000003, #pieces = 653
Iteration 16	LB = 488.5051620208684	UB = 488.53518017633	CPU = 28.272833932, #pieces = 675
Iteration 17	LB = 488.50692760611037	UB = 488.52765321695165	CPU = 33.779060773000005, #pieces = 692
Iteration 18	LB = 488.50743480939775	UB = 488.5246878805016	CPU = 37.788177311000005, #pieces = 694
Iteration 19	LB = 488.507435272856	UB = 488.5198754213037	CPU = 44.219561568, #pieces = 696
Iteration 20	LB = 488.5074355273973	UB = 488.5165451872978	CPU = 49.445580386, #pieces = 698
Iteration 21	LB = 488.5074356637842	UB = 488.5146187549667	CPU = 54.159840278000004, #pieces = 701
Iteration 22	LB = 488.5074358227738	UB = 488.5124195239767	CPU = 58.737512086, #pieces = 702
Iteration 23	LB = 488.50743582771725	UB = 488.5115577933502	CPU = 64.378929447, #pieces = 703
Iteration 24	LB = 488.50743582771725	UB = 488.51094845774514	CPU = 68.476032069, #pieces = 713
Iteration 25	LB = 488.5080854413422	UB = 488.50947739134153	CPU = 72.308028598, #pieces = 739
WRITING LOG...
(478.1244168517742, 491.8847485023754, 355.4725089022987, 355.4725089022987, 10.087314518801769, 2.797470686476212, 320, 1, 0.273569863, 0.687803107)
(485.49986127835973, 491.4206535123127, 366.00535151555243, 366.00535151555243, 4.720948831352264, 1.2048317854846975, 348, 2, 0.93723453, 1.430060212)
(487.1662651214832, 490.1309620062567, 363.1217071919831, 363.1217071919831, 2.334236894082086, 0.6048785150479142, 381, 3, 1.7909641020000002, 2.389789467)
(488.0683232763491, 489.6609830530086, 363.1324934679994, 363.1324934679994, 1.2587361011604117, 0.32525764391709516, 409, 4, 2.7714835430000004, 3.4199126140000002)
(488.3079197879949, 489.4593313240074, 363.1379132228093, 363.1379132228093, 0.9114935165548119, 0.2352415128950351, 439, 5, 3.9080964590000002, 4.613851787000001)
(488.3586447492157, 489.18236140938325, 363.140596483418, 363.140596483418, 0.6535267580959032, 0.16838641887951764, 457, 6, 5.212966944000001, 5.942335505)
(488.42106614731125, 488.9858961735699, 363.1419381137136, 363.1419381137136, 0.4488336468168146, 0.11551049440865352, 478, 7, 6.70510095, 7.501870286000001)
(488.4353016774004, 488.84666530726935, 363.14260892887194, 363.14260892887194, 0.32724769726655567, 0.08414982837417778, 495, 8, 8.581398744000001, 9.399988804000001)
(488.4563396667254, 488.74805973563065, 363.14294433644386, 363.14294433644386, 0.23225174227827508, 0.05968720756928303, 520, 9, 10.640058558000002, 11.500841111000002)
(488.4698737470863, 488.6782578268719, 363.1431120402261, 363.1431120402261, 0.1659966047594174, 0.042642388206974996, 542, 10, 12.500295130000001, 13.396478590000001)
(488.4839204114224, 488.6288618017416, 363.14319589212647, 363.14319589212647, 0.1155043400922114, 0.029662879467407963, 564, 11, 14.875947349, 15.841273880000001)
(488.4922638907183, 488.5821457027389, 363.1432376101287, 363.1432376101287, 0.0716538539655198, 0.018396458571228066, 587, 12, 17.665551946, 18.670712243)
(488.5006686077981, 488.56087130218333, 363.14325867707464, 363.14325867707464, 0.04800178629231264, 0.012322455178361754, 612, 13, 20.115567654, 21.173970875000002)
(488.5047331429523, 488.5458231997867, 363.1432692105475, 363.1432692105475, 0.03276652311076827, 0.008410686343658349, 636, 14, 23.618187891999998, 24.721314727000003)
(488.5051620208684, 488.53518017633, 363.14327447728374, 363.14327447728374, 0.023939468256958713, 0.006144522785602492, 653, 15, 27.06142911, 28.228241363000002)
(488.50692760611037, 488.52765321695165, 363.14327711065124, 363.14327711065124, 0.01652965982277649, 0.004242464209508732, 675, 16, 32.540966713, 33.752670445)
(488.50743480939775, 488.5246878805016, 363.1432789990617, 363.1432789990617, 0.013760469959416302, 0.0035316682108077506, 692, 17, 36.546009513, 37.784377671)
(488.507435272856, 488.5198754213037, 363.14327933499453, 363.14327933499453, 0.00992222538816656, 0.0025464979161730766, 694, 18, 42.973154775000005, 44.215679899)
(488.5074355273973, 488.5165451872978, 363.14327953676843, 363.14327953676843, 0.0072660306431638795, 0.0018647597487225468, 696, 19, 48.194995074000005, 49.441747066000005)
(488.5074356637842, 488.5146187549667, 363.14327962806624, 363.14327962806624, 0.005729452387243955, 0.0014703943150837148, 698, 20, 52.904014885, 54.154937000000004)
(488.5074358227738, 488.5124195239767, 363.1432797570166, 363.1432797570166, 0.003975221663124336, 0.0010201790177095423, 701, 21, 57.478598959, 58.734698624)
(488.50743582771725, 488.5115577933502, 363.1432797505184, 363.1432797505184, 0.0032878856576203292, 0.0008437805753450595, 702, 22, 63.11697877, 64.37616520600001)
(488.50743582771725, 488.51094845774514, 363.1432797472693, 363.1432797472693, 0.0028018656563536795, 0.0007190483732224385, 703, 23, 67.182061123, 68.444293392)
(488.5080854413422, 488.50947739134153, 363.1432797440201, 363.1432797440201, 0.0011103072642122433, 0.0002849381769987252, 713, 24, 70.866901598, 72.16108709400001)
(488.50900518942217, 488.50947739134153, 363.1432797440201, 363.1432797440201, 0.00037665808505529244, 9.666177243614791e-5, 739, 25, 75.858921348, 77.30032374800001)
