solving instance uflp nldep gunluk ../../../../../instances/uflp/gunluk/gunluk-20-40-1.txt pardivexp
The latest version of Julia in the `1.10` channel is 1.10.6+0.x64.linux.gnu. You currently have `1.10.5+0.x64.linux.gnu` installed. Run:

  juliaup update

in your terminal shell to install Julia 1.10.6+0.x64.linux.gnu and update the `1.10` channel to that version.
Set parameter TokenServer to value "licences.gerad.lan"
Set parameter TokenServer to value "licences.gerad.lan"
Set parameter TokenServer to value "licences.gerad.lan"
Set parameter FeasibilityTol to value 1e-09
Set parameter MIPGap to value 1e-09
Set parameter Threads to value 1
Set parameter OptimalityTol to value 1e-09
Set parameter IntFeasTol to value 1e-09
Set parameter TimeLimit to value 3589.843401872
reading gunluk data file ../../../../../instances/uflp/gunluk/gunluk-20-40-1.txt
66.01832471173384 / (1 + 44.742557 * exp(-0.006825829596412556 * (x + -473.42456229999993)))
85.023600007536 / (1 + 44.742557 * exp(-0.006825829596412556 * (x + -473.42456229999993)))
12.003331765769788 / (1 + 44.742557 * exp(-0.006825829596412556 * (x + -473.42456229999993)))
3.000832941442447 / (1 + 44.742557 * exp(-0.006825829596412556 * (x + -473.42456229999993)))
7.001943530032376 / (1 + 44.742557 * exp(-0.006825829596412556 * (x + -473.42456229999993)))
98.02720942045327 / (1 + 44.742557 * exp(-0.006825829596412556 * (x + -473.42456229999993)))
69.01915765317628 / (1 + 44.742557 * exp(-0.006825829596412556 * (x + -473.42456229999993)))
7.001943530032376 / (1 + 44.742557 * exp(-0.006825829596412556 * (x + -473.42456229999993)))
79.02193412465111 / (1 + 44.742557 * exp(-0.006825829596412556 * (x + -473.42456229999993)))
20.005552942949645 / (1 + 44.742557 * exp(-0.006825829596412556 * (x + -473.42456229999993)))
40.01110588589929 / (1 + 44.742557 * exp(-0.006825829596412556 * (x + -473.42456229999993)))
88.02443294897844 / (1 + 44.742557 * exp(-0.006825829596412556 * (x + -473.42456229999993)))
34.0094400030144 / (1 + 44.742557 * exp(-0.006825829596412556 * (x + -473.42456229999993)))
66.01832471173384 / (1 + 44.742557 * exp(-0.006825829596412556 * (x + -473.42456229999993)))
29.008051767276985 / (1 + 44.742557 * exp(-0.006825829596412556 * (x + -473.42456229999993)))
97.02693177330578 / (1 + 44.742557 * exp(-0.006825829596412556 * (x + -473.42456229999993)))
48.01332706307915 / (1 + 44.742557 * exp(-0.006825829596412556 * (x + -473.42456229999993)))
82.02276706609355 / (1 + 44.742557 * exp(-0.006825829596412556 * (x + -473.42456229999993)))
93.02582118471585 / (1 + 44.742557 * exp(-0.006825829596412556 * (x + -473.42456229999993)))
87.02415530183096 / (1 + 44.742557 * exp(-0.006825829596412556 * (x + -473.42456229999993)))
66.01832471173384 / (1 + 44.742557 * exp(-0.006825829596412556 * (x + -473.42456229999993)))
85.023600007536 / (1 + 44.742557 * exp(-0.006825829596412556 * (x + -473.42456229999993)))
12.003331765769788 / (1 + 44.742557 * exp(-0.006825829596412556 * (x + -473.42456229999993)))
3.000832941442447 / (1 + 44.742557 * exp(-0.006825829596412556 * (x + -473.42456229999993)))
7.001943530032376 / (1 + 44.742557 * exp(-0.006825829596412556 * (x + -473.42456229999993)))
98.02720942045327 / (1 + 44.742557 * exp(-0.006825829596412556 * (x + -473.42456229999993)))
69.01915765317628 / (1 + 44.742557 * exp(-0.006825829596412556 * (x + -473.42456229999993)))
7.001943530032376 / (1 + 44.742557 * exp(-0.006825829596412556 * (x + -473.42456229999993)))
79.02193412465111 / (1 + 44.742557 * exp(-0.006825829596412556 * (x + -473.42456229999993)))
20.005552942949645 / (1 + 44.742557 * exp(-0.006825829596412556 * (x + -473.42456229999993)))
40.01110588589929 / (1 + 44.742557 * exp(-0.006825829596412556 * (x + -473.42456229999993)))
88.02443294897844 / (1 + 44.742557 * exp(-0.006825829596412556 * (x + -473.42456229999993)))
34.0094400030144 / (1 + 44.742557 * exp(-0.006825829596412556 * (x + -473.42456229999993)))
66.01832471173384 / (1 + 44.742557 * exp(-0.006825829596412556 * (x + -473.42456229999993)))
29.008051767276985 / (1 + 44.742557 * exp(-0.006825829596412556 * (x + -473.42456229999993)))
97.02693177330578 / (1 + 44.742557 * exp(-0.006825829596412556 * (x + -473.42456229999993)))
48.01332706307915 / (1 + 44.742557 * exp(-0.006825829596412556 * (x + -473.42456229999993)))
82.02276706609355 / (1 + 44.742557 * exp(-0.006825829596412556 * (x + -473.42456229999993)))
93.02582118471585 / (1 + 44.742557 * exp(-0.006825829596412556 * (x + -473.42456229999993)))
87.02415530183096 / (1 + 44.742557 * exp(-0.006825829596412556 * (x + -473.42456229999993)))
Iteration 1	LB = -1.0e20	UB = 1.0e20	CPU = 11.156598128, #pieces = 180
cutoff = 1.0e20
Iteration 2	LB = 257.4055538063529	UB = 257.5028012743428	CPU = 11.444254267000002, #pieces = 189
Iteration 3	LB = 257.4667377232395	UB = 257.5028012743428	CPU = 11.509603177, #pieces = 199
Iteration 4	LB = 257.49381903027773	UB = 257.5028012743428	CPU = 11.646200848000001, #pieces = 221
Iteration 5	LB = 257.50152485751266	UB = 257.5028012743428	CPU = 11.890497303, #pieces = 246
Iteration 6	LB = 257.5024424729119	UB = 257.5028012743428	CPU = 12.000030848000002, #pieces = 255
WRITING LOG...
(257.4055538063529, 257.5028012743428, 255.2009776760669, 255.2009776760669, 4.224801069150423, 0.03776559614445098, 180, 1, 0.06950728, 11.261557788000001)
(257.4667377232395, 257.5028012743428, 255.2009776760669, 255.2009776760669, 1.5667382648408625, 0.014005110206511169, 189, 2, 0.09425934000000001, 11.46917769)
(257.49381903027773, 257.5028012743428, 255.2009776760669, 255.2009776760669, 0.3902229550428758, 0.003488212175018929, 199, 3, 0.13960735300000002, 11.555107004)
(257.50152485751266, 257.5028012743428, 255.2009776760669, 255.2009776760669, 0.05545241742648794, 0.0004956904638786663, 221, 4, 0.187430899, 11.694198967)
(257.5024424729119, 257.5028012743428, 255.2009776760669, 255.2009776760669, 0.015587703208285356, 0.00013933884567541227, 246, 5, 0.24574335500000002, 11.948973998000001)
(257.5026458140562, 257.5028012743428, 255.2009776760669, 255.2009776760669, 0.0067537880267859625, 6.037227005249693e-5, 255, 6, 0.31245732200000004, 12.066902393000001)
