solving instance uflp nldep gunluk ../../../../../instances/uflp/gunluk/gunluk-20-40-9.txt cubic
The latest version of Julia in the `1.10` channel is 1.10.6+0.x64.linux.gnu. You currently have `1.10.5+0.x64.linux.gnu` installed. Run:

  juliaup update

in your terminal shell to install Julia 1.10.6+0.x64.linux.gnu and update the `1.10` channel to that version.
Set parameter TokenServer to value "licences.gerad.lan"
Set parameter TokenServer to value "licences.gerad.lan"
Set parameter TokenServer to value "licences.gerad.lan"
Set parameter FeasibilityTol to value 1e-09
Set parameter MIPGap to value 1e-09
Set parameter Threads to value 1
Set parameter OptimalityTol to value 1e-09
Set parameter IntFeasTol to value 1e-09
Set parameter TimeLimit to value 3587.797647959
reading gunluk data file ../../../../../instances/uflp/gunluk/gunluk-20-40-9.txt
3.2101665331795624e-8 * x ^ 3 + -6.698547499024228e-5 * x ^ 2 + 0.046126198079524436 * x ^ 1 + 20.999999999951555
3.057301460171012e-9 * x ^ 3 + -6.379569046689741e-6 * x ^ 2 + 0.004392971245668994 * x ^ 1 + 1.9999999999953864
3.821626825213765e-8 * x ^ 3 + -7.974461308362177e-5 * x ^ 2 + 0.05491214057086242 * x ^ 1 + 24.99999999994233
1.0318392428077165e-8 * x ^ 3 + -2.1531045532577875e-5 * x ^ 2 + 0.014826277954132853 * x ^ 1 + 6.749999999984429
2.3694086316325342e-8 * x ^ 3 + -4.944166011184549e-5 * x ^ 2 + 0.034045527153934704 * x ^ 1 + 15.499999999964244
3.4012478744402505e-8 * x ^ 3 + -7.097270564442337e-5 * x ^ 2 + 0.04887180510806755 * x ^ 1 + 22.249999999948674
2.2929760951282586e-9 * x ^ 3 + -4.784676785017306e-6 * x ^ 2 + 0.003294728434251745 * x ^ 1 + 1.4999999999965397
2.59870624114536e-8 * x ^ 3 + -5.42263368968628e-5 * x ^ 2 + 0.03734025558818645 * x ^ 1 + 16.999999999960785
3.821626825213765e-8 * x ^ 3 + -7.974461308362177e-5 * x ^ 2 + 0.05491214057086242 * x ^ 1 + 24.99999999994233
2.980868923666737e-8 * x ^ 3 + -6.220079820522497e-5 * x ^ 2 + 0.042831469645272686 * x ^ 1 + 19.499999999955016
3.324815337935975e-8 * x ^ 3 + -6.937781338275093e-5 * x ^ 2 + 0.04777356229665031 * x ^ 1 + 21.749999999949825
9.554067063034412e-9 * x ^ 3 + -1.9936153270905442e-5 * x ^ 2 + 0.013728035142715605 * x ^ 1 + 6.249999999985582
3.324815337935975e-8 * x ^ 3 + -6.937781338275093e-5 * x ^ 2 + 0.04777356229665031 * x ^ 1 + 21.749999999949825
2.2165435586239834e-8 * x ^ 3 + -4.6251875588500624e-5 * x ^ 2 + 0.03184904153110021 * x ^ 1 + 14.499999999966551
2.0254622173632953e-8 * x ^ 3 + -4.226464493431953e-5 * x ^ 2 + 0.029103434502557084 * x ^ 1 + 13.249999999969434
2.6751387776496352e-9 * x ^ 3 + -5.5821229158535234e-6 * x ^ 2 + 0.0038438498399603694 * x ^ 1 + 1.749999999995963
2.9044363871624612e-8 * x ^ 3 + -6.060590594355254e-5 * x ^ 2 + 0.04173322683385544 * x ^ 1 + 18.99999999995617
1.6815158030940565e-8 * x ^ 3 + -3.508762975679357e-5 * x ^ 2 + 0.024161341851179467 * x ^ 1 + 10.999999999974625
1.0318392428077165e-8 * x ^ 3 + -2.1531045532577875e-5 * x ^ 2 + 0.014826277954132853 * x ^ 1 + 6.749999999984429
2.7897875824060483e-8 * x ^ 3 + -5.821356755104389e-5 * x ^ 2 + 0.04008586261672957 * x ^ 1 + 18.2499999999579
3.2101665331795624e-8 * x ^ 3 + -6.698547499024228e-5 * x ^ 2 + 0.046126198079524436 * x ^ 1 + 20.999999999951555
3.057301460171012e-9 * x ^ 3 + -6.379569046689741e-6 * x ^ 2 + 0.004392971245668994 * x ^ 1 + 1.9999999999953864
3.821626825213765e-8 * x ^ 3 + -7.974461308362177e-5 * x ^ 2 + 0.05491214057086242 * x ^ 1 + 24.99999999994233
1.0318392428077165e-8 * x ^ 3 + -2.1531045532577875e-5 * x ^ 2 + 0.014826277954132853 * x ^ 1 + 6.749999999984429
2.3694086316325342e-8 * x ^ 3 + -4.944166011184549e-5 * x ^ 2 + 0.034045527153934704 * x ^ 1 + 15.499999999964244
3.4012478744402505e-8 * x ^ 3 + -7.097270564442337e-5 * x ^ 2 + 0.04887180510806755 * x ^ 1 + 22.249999999948674
2.2929760951282586e-9 * x ^ 3 + -4.784676785017306e-6 * x ^ 2 + 0.003294728434251745 * x ^ 1 + 1.4999999999965397
2.59870624114536e-8 * x ^ 3 + -5.42263368968628e-5 * x ^ 2 + 0.03734025558818645 * x ^ 1 + 16.999999999960785
3.821626825213765e-8 * x ^ 3 + -7.974461308362177e-5 * x ^ 2 + 0.05491214057086242 * x ^ 1 + 24.99999999994233
2.980868923666737e-8 * x ^ 3 + -6.220079820522497e-5 * x ^ 2 + 0.042831469645272686 * x ^ 1 + 19.499999999955016
3.324815337935975e-8 * x ^ 3 + -6.937781338275093e-5 * x ^ 2 + 0.04777356229665031 * x ^ 1 + 21.749999999949825
9.554067063034412e-9 * x ^ 3 + -1.9936153270905442e-5 * x ^ 2 + 0.013728035142715605 * x ^ 1 + 6.249999999985582
3.324815337935975e-8 * x ^ 3 + -6.937781338275093e-5 * x ^ 2 + 0.04777356229665031 * x ^ 1 + 21.749999999949825
2.2165435586239834e-8 * x ^ 3 + -4.6251875588500624e-5 * x ^ 2 + 0.03184904153110021 * x ^ 1 + 14.499999999966551
2.0254622173632953e-8 * x ^ 3 + -4.226464493431953e-5 * x ^ 2 + 0.029103434502557084 * x ^ 1 + 13.249999999969434
2.6751387776496352e-9 * x ^ 3 + -5.5821229158535234e-6 * x ^ 2 + 0.0038438498399603694 * x ^ 1 + 1.749999999995963
2.9044363871624612e-8 * x ^ 3 + -6.060590594355254e-5 * x ^ 2 + 0.04173322683385544 * x ^ 1 + 18.99999999995617
1.6815158030940565e-8 * x ^ 3 + -3.508762975679357e-5 * x ^ 2 + 0.024161341851179467 * x ^ 1 + 10.999999999974625
1.0318392428077165e-8 * x ^ 3 + -2.1531045532577875e-5 * x ^ 2 + 0.014826277954132853 * x ^ 1 + 6.749999999984429
2.7897875824060483e-8 * x ^ 3 + -5.821356755104389e-5 * x ^ 2 + 0.04008586261672957 * x ^ 1 + 18.2499999999579
Iteration 1	LB = -1.0e20	UB = 1.0e20	CPU = 13.202352041000001, #pieces = 100
cutoff = 1.0e20
Iteration 2	LB = 369.26457179671894	UB = 375.7457166459359	CPU = 13.345006408000001, #pieces = 105
Iteration 3	LB = 373.3930591748613	UB = 375.7457166459359	CPU = 13.481470964000001, #pieces = 113
Iteration 4	LB = 374.9540289916539	UB = 375.7457166459359	CPU = 13.628301926, #pieces = 119
Iteration 5	LB = 375.51840597533476	UB = 375.7457166459359	CPU = 13.837543467000001, #pieces = 132
Iteration 6	LB = 375.6589756687242	UB = 375.7457166459359	CPU = 14.107393014000001, #pieces = 143
Iteration 7	LB = 375.7315013069864	UB = 375.7457166459359	CPU = 14.412162035000001, #pieces = 148
Iteration 8	LB = 375.73790496585093	UB = 375.7457166459359	CPU = 14.921410365000002, #pieces = 166
Iteration 9	LB = 375.742319797473	UB = 375.7457166459359	CPU = 15.247376733000001, #pieces = 172
Iteration 10	LB = 375.7444140620012	UB = 375.7457166459359	CPU = 15.611619261000001, #pieces = 180
Iteration 11	LB = 375.7451689724617	UB = 375.7457166459359	CPU = 16.024337738, #pieces = 186
WRITING LOG...
(369.26457179671894, 375.7457166459359, 304.43996228145795, 304.43996228145795, 9.089231166518069, 1.7248752446389455, 100, 1, 0.07419618, 13.305114895)
(373.3930591748613, 375.7457166459359, 304.43996228145795, 304.43996228145795, 3.2993935651378195, 0.6261302170189388, 105, 2, 0.183817448, 13.454770098000001)
(374.9540289916539, 375.7457166459359, 304.55114643405125, 304.43996228145795, 1.1808602073411611, 0.21069771901830922, 113, 3, 0.312056445, 13.609853541000001)
(375.51840597533476, 375.7457166459359, 304.55114643405125, 304.43996228145795, 0.38868741526142403, 0.060495878071531506, 119, 4, 0.46009805300000006, 13.776497115000002)
(375.6589756687242, 375.7457166459359, 304.43996228145795, 304.43996228145795, 0.12164653187495482, 0.023085020898161668, 132, 5, 0.6741861640000001, 14.051775718)
(375.7315013069864, 375.7457166459359, 304.44533449762633, 304.43996228145795, 0.026912819875018583, 0.0037832337987482537, 143, 6, 0.9436061950000001, 14.376957350000001)
(375.73790496585093, 375.7457166459359, 304.43996228145795, 304.43996228145795, 0.010955188896854593, 0.0020789804750633045, 148, 7, 1.2767289430000002, 14.745419747000001)
(375.742319797473, 375.7457166459359, 304.43996228145795, 304.43996228145795, 0.004763778874753414, 0.0009040285257860707, 166, 8, 1.5681517510000003, 15.212970465000001)
(375.7444140620012, 375.7457166459359, 304.43996228145795, 304.43996228145795, 0.0018267585081584293, 0.0003466663429425258, 172, 9, 1.8797658980000003, 15.559152342)
(375.7451689724617, 375.7457166459359, 304.43996228145795, 304.43996228145795, 0.0007680635020839421, 0.00014575641182232129, 180, 10, 2.2528616580000005, 15.984856301)
(375.74559595826486, 375.7457166459359, 304.43996228145795, 304.43996228145795, 0.00016925376093992445, 3.211950680523309e-5, 186, 11, 2.6893552690000004, 16.460972126)
