solving instance uflp nldep gunluk ../../../../../instances/uflp/gunluk/gunluk-30-60-5.txt pardivexp
The latest version of Julia in the `1.10` channel is 1.10.6+0.x64.linux.gnu. You currently have `1.10.5+0.x64.linux.gnu` installed. Run:

  juliaup update

in your terminal shell to install Julia 1.10.6+0.x64.linux.gnu and update the `1.10` channel to that version.
Set parameter TokenServer to value "licences.gerad.lan"
Set parameter TokenServer to value "licences.gerad.lan"
Set parameter TokenServer to value "licences.gerad.lan"
Set parameter FeasibilityTol to value 1e-09
Set parameter MIPGap to value 1e-09
Set parameter Threads to value 1
Set parameter OptimalityTol to value 1e-09
Set parameter IntFeasTol to value 1e-09
Set parameter TimeLimit to value 3586.207912868
reading gunluk data file ../../../../../instances/uflp/gunluk/gunluk-30-60-5.txt
68.0188800060288 / (1 + 44.742557 * exp(-0.00524159779614325 * (x + -616.5134210399999)))
25.006941178687057 / (1 + 44.742557 * exp(-0.00524159779614325 * (x + -616.5134210399999)))
71.01971294747125 / (1 + 44.742557 * exp(-0.00524159779614325 * (x + -616.5134210399999)))
94.02609883186334 / (1 + 44.742557 * exp(-0.00524159779614325 * (x + -616.5134210399999)))
5.001388235737411 / (1 + 44.742557 * exp(-0.00524159779614325 * (x + -616.5134210399999)))
8.002221177179859 / (1 + 44.742557 * exp(-0.00524159779614325 * (x + -616.5134210399999)))
71.01971294747125 / (1 + 44.742557 * exp(-0.00524159779614325 * (x + -616.5134210399999)))
58.01610353455397 / (1 + 44.742557 * exp(-0.00524159779614325 * (x + -616.5134210399999)))
41.011383533046775 / (1 + 44.742557 * exp(-0.00524159779614325 * (x + -616.5134210399999)))
5.001388235737411 / (1 + 44.742557 * exp(-0.00524159779614325 * (x + -616.5134210399999)))
13.00360941291727 / (1 + 44.742557 * exp(-0.00524159779614325 * (x + -616.5134210399999)))
47.01304941593167 / (1 + 44.742557 * exp(-0.00524159779614325 * (x + -616.5134210399999)))
5.001388235737411 / (1 + 44.742557 * exp(-0.00524159779614325 * (x + -616.5134210399999)))
58.01610353455397 / (1 + 44.742557 * exp(-0.00524159779614325 * (x + -616.5134210399999)))
38.01055059160433 / (1 + 44.742557 * exp(-0.00524159779614325 * (x + -616.5134210399999)))
99.02748706760075 / (1 + 44.742557 * exp(-0.00524159779614325 * (x + -616.5134210399999)))
29.008051767276985 / (1 + 44.742557 * exp(-0.00524159779614325 * (x + -616.5134210399999)))
38.01055059160433 / (1 + 44.742557 * exp(-0.00524159779614325 * (x + -616.5134210399999)))
3.000832941442447 / (1 + 44.742557 * exp(-0.00524159779614325 * (x + -616.5134210399999)))
98.02720942045327 / (1 + 44.742557 * exp(-0.00524159779614325 * (x + -616.5134210399999)))
16.004442354359718 / (1 + 44.742557 * exp(-0.00524159779614325 * (x + -616.5134210399999)))
83.02304471324103 / (1 + 44.742557 * exp(-0.00524159779614325 * (x + -616.5134210399999)))
52.01443765166908 / (1 + 44.742557 * exp(-0.00524159779614325 * (x + -616.5134210399999)))
97.02693177330578 / (1 + 44.742557 * exp(-0.00524159779614325 * (x + -616.5134210399999)))
18.00499764865468 / (1 + 44.742557 * exp(-0.00524159779614325 * (x + -616.5134210399999)))
57.01582588740649 / (1 + 44.742557 * exp(-0.00524159779614325 * (x + -616.5134210399999)))
48.01332706307915 / (1 + 44.742557 * exp(-0.00524159779614325 * (x + -616.5134210399999)))
41.011383533046775 / (1 + 44.742557 * exp(-0.00524159779614325 * (x + -616.5134210399999)))
53.01471529881656 / (1 + 44.742557 * exp(-0.00524159779614325 * (x + -616.5134210399999)))
43.01193882734174 / (1 + 44.742557 * exp(-0.00524159779614325 * (x + -616.5134210399999)))
68.0188800060288 / (1 + 44.742557 * exp(-0.00524159779614325 * (x + -616.5134210399999)))
25.006941178687057 / (1 + 44.742557 * exp(-0.00524159779614325 * (x + -616.5134210399999)))
71.01971294747125 / (1 + 44.742557 * exp(-0.00524159779614325 * (x + -616.5134210399999)))
94.02609883186334 / (1 + 44.742557 * exp(-0.00524159779614325 * (x + -616.5134210399999)))
5.001388235737411 / (1 + 44.742557 * exp(-0.00524159779614325 * (x + -616.5134210399999)))
8.002221177179859 / (1 + 44.742557 * exp(-0.00524159779614325 * (x + -616.5134210399999)))
71.01971294747125 / (1 + 44.742557 * exp(-0.00524159779614325 * (x + -616.5134210399999)))
58.01610353455397 / (1 + 44.742557 * exp(-0.00524159779614325 * (x + -616.5134210399999)))
41.011383533046775 / (1 + 44.742557 * exp(-0.00524159779614325 * (x + -616.5134210399999)))
5.001388235737411 / (1 + 44.742557 * exp(-0.00524159779614325 * (x + -616.5134210399999)))
13.00360941291727 / (1 + 44.742557 * exp(-0.00524159779614325 * (x + -616.5134210399999)))
47.01304941593167 / (1 + 44.742557 * exp(-0.00524159779614325 * (x + -616.5134210399999)))
5.001388235737411 / (1 + 44.742557 * exp(-0.00524159779614325 * (x + -616.5134210399999)))
58.01610353455397 / (1 + 44.742557 * exp(-0.00524159779614325 * (x + -616.5134210399999)))
38.01055059160433 / (1 + 44.742557 * exp(-0.00524159779614325 * (x + -616.5134210399999)))
99.02748706760075 / (1 + 44.742557 * exp(-0.00524159779614325 * (x + -616.5134210399999)))
29.008051767276985 / (1 + 44.742557 * exp(-0.00524159779614325 * (x + -616.5134210399999)))
38.01055059160433 / (1 + 44.742557 * exp(-0.00524159779614325 * (x + -616.5134210399999)))
3.000832941442447 / (1 + 44.742557 * exp(-0.00524159779614325 * (x + -616.5134210399999)))
98.02720942045327 / (1 + 44.742557 * exp(-0.00524159779614325 * (x + -616.5134210399999)))
16.004442354359718 / (1 + 44.742557 * exp(-0.00524159779614325 * (x + -616.5134210399999)))
83.02304471324103 / (1 + 44.742557 * exp(-0.00524159779614325 * (x + -616.5134210399999)))
52.01443765166908 / (1 + 44.742557 * exp(-0.00524159779614325 * (x + -616.5134210399999)))
97.02693177330578 / (1 + 44.742557 * exp(-0.00524159779614325 * (x + -616.5134210399999)))
18.00499764865468 / (1 + 44.742557 * exp(-0.00524159779614325 * (x + -616.5134210399999)))
57.01582588740649 / (1 + 44.742557 * exp(-0.00524159779614325 * (x + -616.5134210399999)))
48.01332706307915 / (1 + 44.742557 * exp(-0.00524159779614325 * (x + -616.5134210399999)))
41.011383533046775 / (1 + 44.742557 * exp(-0.00524159779614325 * (x + -616.5134210399999)))
53.01471529881656 / (1 + 44.742557 * exp(-0.00524159779614325 * (x + -616.5134210399999)))
43.01193882734174 / (1 + 44.742557 * exp(-0.00524159779614325 * (x + -616.5134210399999)))
Iteration 1	LB = -1.0e20	UB = 1.0e20	CPU = 14.792087132, #pieces = 270
cutoff = 1.0e20
Iteration 2	LB = 296.20325943586545	UB = 296.2643153298497	CPU = 15.150513009, #pieces = 295
Iteration 3	LB = 296.25760455853293	UB = 296.2643153298497	CPU = 15.350100647000001, #pieces = 327
Iteration 4	LB = 296.2628255311434	UB = 296.2643153298497	CPU = 15.837737970000001, #pieces = 381
Iteration 5	LB = 296.2638720884163	UB = 296.2643153298497	CPU = 16.049496529000002, #pieces = 401
WRITING LOG...
(296.20325943586545, 296.2643153298497, 294.54859397813914, 294.54859397813914, 3.5586136363794845, 0.020608588623394923, 270, 1, 0.07860905800000001, 14.901200149000001)
(296.25760455853293, 296.2643153298497, 294.54859397813914, 294.54859397813914, 0.3911341028699677, 0.002265129807918325, 295, 2, 0.138651941, 15.210757483)
(296.2628255311434, 296.2643153298497, 294.54859397813914, 294.54859397813914, 0.0868322064545602, 0.0005028613400988217, 327, 3, 0.21357029700000002, 15.425253372)
(296.2638720884163, 296.2643153298497, 294.54859397813914, 294.54859397813914, 0.02583411536844264, 0.00014961013205671428, 381, 4, 0.31909283800000005, 15.943458260000002)
(296.26410426321246, 296.2643153298497, 294.54859397813914, 294.54859397813914, 0.012301918200420436, 7.12426796995739e-5, 401, 5, 0.4326882900000001, 16.163314358)
