solving instance uflp nldep holmberg 18 pardivexp
The latest version of Julia in the `1.10` channel is 1.10.6+0.x64.linux.gnu. You currently have `1.10.5+0.x64.linux.gnu` installed. Run:

  juliaup update

in your terminal shell to install Julia 1.10.6+0.x64.linux.gnu and update the `1.10` channel to that version.
Set parameter TokenServer to value "licences.gerad.lan"
Set parameter TokenServer to value "licences.gerad.lan"
Set parameter TokenServer to value "licences.gerad.lan"
Set parameter FeasibilityTol to value 1e-09
Set parameter MIPGap to value 1e-09
Set parameter Threads to value 1
Set parameter OptimalityTol to value 1e-09
Set parameter IntFeasTol to value 1e-09
Set parameter TimeLimit to value 3590.167586103
reading holmberg data file ../../../../../instances/uflp/holmberg/p18
300.0832941442447 / (1 + 44.742557 * exp(-0.005331558669001751 * (x + -606.11081855)))
300.0832941442447 / (1 + 44.742557 * exp(-0.005331558669001751 * (x + -606.11081855)))
300.0832941442447 / (1 + 44.742557 * exp(-0.005331558669001751 * (x + -606.11081855)))
300.0832941442447 / (1 + 44.742557 * exp(-0.005331558669001751 * (x + -606.11081855)))
300.0832941442447 / (1 + 44.742557 * exp(-0.005331558669001751 * (x + -606.11081855)))
300.0832941442447 / (1 + 44.742557 * exp(-0.005331558669001751 * (x + -606.11081855)))
300.0832941442447 / (1 + 44.742557 * exp(-0.005331558669001751 * (x + -606.11081855)))
300.0832941442447 / (1 + 44.742557 * exp(-0.005331558669001751 * (x + -606.11081855)))
300.0832941442447 / (1 + 44.742557 * exp(-0.005331558669001751 * (x + -606.11081855)))
300.0832941442447 / (1 + 44.742557 * exp(-0.005331558669001751 * (x + -606.11081855)))
300.0832941442447 / (1 + 44.742557 * exp(-0.005331558669001751 * (x + -606.11081855)))
300.0832941442447 / (1 + 44.742557 * exp(-0.005331558669001751 * (x + -606.11081855)))
300.0832941442447 / (1 + 44.742557 * exp(-0.005331558669001751 * (x + -606.11081855)))
300.0832941442447 / (1 + 44.742557 * exp(-0.005331558669001751 * (x + -606.11081855)))
300.0832941442447 / (1 + 44.742557 * exp(-0.005331558669001751 * (x + -606.11081855)))
300.0832941442447 / (1 + 44.742557 * exp(-0.005331558669001751 * (x + -606.11081855)))
300.0832941442447 / (1 + 44.742557 * exp(-0.005331558669001751 * (x + -606.11081855)))
300.0832941442447 / (1 + 44.742557 * exp(-0.005331558669001751 * (x + -606.11081855)))
300.0832941442447 / (1 + 44.742557 * exp(-0.005331558669001751 * (x + -606.11081855)))
300.0832941442447 / (1 + 44.742557 * exp(-0.005331558669001751 * (x + -606.11081855)))
300.0832941442447 / (1 + 44.742557 * exp(-0.005331558669001751 * (x + -606.11081855)))
300.0832941442447 / (1 + 44.742557 * exp(-0.005331558669001751 * (x + -606.11081855)))
300.0832941442447 / (1 + 44.742557 * exp(-0.005331558669001751 * (x + -606.11081855)))
300.0832941442447 / (1 + 44.742557 * exp(-0.005331558669001751 * (x + -606.11081855)))
300.0832941442447 / (1 + 44.742557 * exp(-0.005331558669001751 * (x + -606.11081855)))
300.0832941442447 / (1 + 44.742557 * exp(-0.005331558669001751 * (x + -606.11081855)))
300.0832941442447 / (1 + 44.742557 * exp(-0.005331558669001751 * (x + -606.11081855)))
300.0832941442447 / (1 + 44.742557 * exp(-0.005331558669001751 * (x + -606.11081855)))
300.0832941442447 / (1 + 44.742557 * exp(-0.005331558669001751 * (x + -606.11081855)))
300.0832941442447 / (1 + 44.742557 * exp(-0.005331558669001751 * (x + -606.11081855)))
300.0832941442447 / (1 + 44.742557 * exp(-0.005331558669001751 * (x + -606.11081855)))
300.0832941442447 / (1 + 44.742557 * exp(-0.005331558669001751 * (x + -606.11081855)))
300.0832941442447 / (1 + 44.742557 * exp(-0.005331558669001751 * (x + -606.11081855)))
300.0832941442447 / (1 + 44.742557 * exp(-0.005331558669001751 * (x + -606.11081855)))
300.0832941442447 / (1 + 44.742557 * exp(-0.005331558669001751 * (x + -606.11081855)))
300.0832941442447 / (1 + 44.742557 * exp(-0.005331558669001751 * (x + -606.11081855)))
300.0832941442447 / (1 + 44.742557 * exp(-0.005331558669001751 * (x + -606.11081855)))
300.0832941442447 / (1 + 44.742557 * exp(-0.005331558669001751 * (x + -606.11081855)))
300.0832941442447 / (1 + 44.742557 * exp(-0.005331558669001751 * (x + -606.11081855)))
300.0832941442447 / (1 + 44.742557 * exp(-0.005331558669001751 * (x + -606.11081855)))
Iteration 1	LB = -1.0e20	UB = 1.0e20	CPU = 10.832413897, #pieces = 180
cutoff = 1.0e20
Iteration 2	LB = 3192.392763145845	UB = 3192.658184285099	CPU = 11.052251336000001, #pieces = 204
Iteration 3	LB = 3192.6216792840783	UB = 3192.658184285099	CPU = 11.437358182, #pieces = 264
Iteration 4	LB = 3192.651766387908	UB = 3192.658184285099	CPU = 11.907812223, #pieces = 328
WRITING LOG...
(3192.392763145845, 3192.658184285099, 3180.0, 3180.0, 2.0968342163149223, 0.00831348437363618, 180, 1, 0.073605153, 10.938804837000001)
(3192.6216792840783, 3192.658184285099, 3180.0, 3180.0, 0.2883905005547602, 0.001143404615020376, 204, 2, 0.10307178900000001, 11.081881468)
(3192.651766387908, 3192.658184285099, 3180.0, 3180.0, 0.05070156229806385, 0.00020102049203712033, 264, 3, 0.15017459100000002, 11.484631773)
(3192.6559551930372, 3192.658184285099, 3180.0, 3180.0, 0.017609887893452122, 6.981931460513306e-5, 328, 4, 0.209482771, 11.967308445)
