solving instance uflp nldep orlib 81 sinabc3
The latest version of Julia in the `1.10` channel is 1.10.6+0.x64.linux.gnu. You currently have `1.10.5+0.x64.linux.gnu` installed. Run:

  juliaup update

in your terminal shell to install Julia 1.10.6+0.x64.linux.gnu and update the `1.10` channel to that version.
Set parameter TokenServer to value "licences.gerad.lan"
Set parameter TokenServer to value "licences.gerad.lan"
Set parameter TokenServer to value "licences.gerad.lan"
Set parameter FeasibilityTol to value 1e-09
Set parameter MIPGap to value 1e-09
Set parameter Threads to value 1
Set parameter OptimalityTol to value 1e-09
Set parameter IntFeasTol to value 1e-09
Set parameter TimeLimit to value 3575.32700165
reading orlib data file ../../../../../instances/uflp/orlib/cap81.txt
293.5287478141893 * (sin(0.0001716207867096863x) + 8.581039335484314e-5x) ^ 2
293.5287478141893 * (sin(0.0001716207867096863x) + 8.581039335484314e-5x) ^ 2
293.5287478141893 * (sin(0.0001716207867096863x) + 8.581039335484314e-5x) ^ 2
293.5287478141893 * (sin(0.0001716207867096863x) + 8.581039335484314e-5x) ^ 2
293.5287478141893 * (sin(0.0001716207867096863x) + 8.581039335484314e-5x) ^ 2
293.5287478141893 * (sin(0.0001716207867096863x) + 8.581039335484314e-5x) ^ 2
293.5287478141893 * (sin(0.0001716207867096863x) + 8.581039335484314e-5x) ^ 2
293.5287478141893 * (sin(0.0001716207867096863x) + 8.581039335484314e-5x) ^ 2
293.5287478141893 * (sin(0.0001716207867096863x) + 8.581039335484314e-5x) ^ 2
293.5287478141893 * (sin(0.0001716207867096863x) + 8.581039335484314e-5x) ^ 2
0.0x
293.5287478141893 * (sin(0.0001716207867096863x) + 8.581039335484314e-5x) ^ 2
293.5287478141893 * (sin(0.0001716207867096863x) + 8.581039335484314e-5x) ^ 2
293.5287478141893 * (sin(0.0001716207867096863x) + 8.581039335484314e-5x) ^ 2
293.5287478141893 * (sin(0.0001716207867096863x) + 8.581039335484314e-5x) ^ 2
293.5287478141893 * (sin(0.0001716207867096863x) + 8.581039335484314e-5x) ^ 2
293.5287478141893 * (sin(0.0001716207867096863x) + 8.581039335484314e-5x) ^ 2
293.5287478141893 * (sin(0.0001716207867096863x) + 8.581039335484314e-5x) ^ 2
293.5287478141893 * (sin(0.0001716207867096863x) + 8.581039335484314e-5x) ^ 2
293.5287478141893 * (sin(0.0001716207867096863x) + 8.581039335484314e-5x) ^ 2
293.5287478141893 * (sin(0.0001716207867096863x) + 8.581039335484314e-5x) ^ 2
293.5287478141893 * (sin(0.0001716207867096863x) + 8.581039335484314e-5x) ^ 2
293.5287478141893 * (sin(0.0001716207867096863x) + 8.581039335484314e-5x) ^ 2
293.5287478141893 * (sin(0.0001716207867096863x) + 8.581039335484314e-5x) ^ 2
293.5287478141893 * (sin(0.0001716207867096863x) + 8.581039335484314e-5x) ^ 2
293.5287478141893 * (sin(0.0001716207867096863x) + 8.581039335484314e-5x) ^ 2
293.5287478141893 * (sin(0.0001716207867096863x) + 8.581039335484314e-5x) ^ 2
293.5287478141893 * (sin(0.0001716207867096863x) + 8.581039335484314e-5x) ^ 2
293.5287478141893 * (sin(0.0001716207867096863x) + 8.581039335484314e-5x) ^ 2
293.5287478141893 * (sin(0.0001716207867096863x) + 8.581039335484314e-5x) ^ 2
293.5287478141893 * (sin(0.0001716207867096863x) + 8.581039335484314e-5x) ^ 2
293.5287478141893 * (sin(0.0001716207867096863x) + 8.581039335484314e-5x) ^ 2
293.5287478141893 * (sin(0.0001716207867096863x) + 8.581039335484314e-5x) ^ 2
293.5287478141893 * (sin(0.0001716207867096863x) + 8.581039335484314e-5x) ^ 2
293.5287478141893 * (sin(0.0001716207867096863x) + 8.581039335484314e-5x) ^ 2
0.0x
293.5287478141893 * (sin(0.0001716207867096863x) + 8.581039335484314e-5x) ^ 2
293.5287478141893 * (sin(0.0001716207867096863x) + 8.581039335484314e-5x) ^ 2
293.5287478141893 * (sin(0.0001716207867096863x) + 8.581039335484314e-5x) ^ 2
293.5287478141893 * (sin(0.0001716207867096863x) + 8.581039335484314e-5x) ^ 2
293.5287478141893 * (sin(0.0001716207867096863x) + 8.581039335484314e-5x) ^ 2
293.5287478141893 * (sin(0.0001716207867096863x) + 8.581039335484314e-5x) ^ 2
293.5287478141893 * (sin(0.0001716207867096863x) + 8.581039335484314e-5x) ^ 2
293.5287478141893 * (sin(0.0001716207867096863x) + 8.581039335484314e-5x) ^ 2
293.5287478141893 * (sin(0.0001716207867096863x) + 8.581039335484314e-5x) ^ 2
293.5287478141893 * (sin(0.0001716207867096863x) + 8.581039335484314e-5x) ^ 2
293.5287478141893 * (sin(0.0001716207867096863x) + 8.581039335484314e-5x) ^ 2
293.5287478141893 * (sin(0.0001716207867096863x) + 8.581039335484314e-5x) ^ 2
293.5287478141893 * (sin(0.0001716207867096863x) + 8.581039335484314e-5x) ^ 2
293.5287478141893 * (sin(0.0001716207867096863x) + 8.581039335484314e-5x) ^ 2
construct_constant_piece in x1, x2 = 0.0, 0.001065662142838173
construct_constant_piece in x1, x2 = 0.0, 0.001065662142838173
construct_constant_piece in x1, x2 = 0.0, 0.001065662142838173
construct_constant_piece in x1, x2 = 0.0, 0.001065662142838173
construct_constant_piece in x1, x2 = 0.0, 0.001065662142838173
construct_constant_piece in x1, x2 = 0.0, 0.001065662142838173
construct_constant_piece in x1, x2 = 0.0, 0.001065662142838173
construct_constant_piece in x1, x2 = 0.0, 0.001065662142838173
construct_constant_piece in x1, x2 = 0.0, 0.001065662142838173
construct_constant_piece in x1, x2 = 0.0, 0.001065662142838173
construct_constant_piece in x1, x2 = 0.0, 0.001065662142838173
construct_constant_piece in x1, x2 = 0.0, 0.001065662142838173
construct_constant_piece in x1, x2 = 0.0, 0.001065662142838173
construct_constant_piece in x1, x2 = 0.0, 0.001065662142838173
construct_constant_piece in x1, x2 = 0.0, 0.001065662142838173
construct_constant_piece in x1, x2 = 0.0, 0.001065662142838173
construct_constant_piece in x1, x2 = 0.0, 0.001065662142838173
construct_constant_piece in x1, x2 = 0.0, 0.001065662142838173
construct_constant_piece in x1, x2 = 0.0, 0.001065662142838173
construct_constant_piece in x1, x2 = 0.0, 0.001065662142838173
construct_constant_piece in x1, x2 = 0.0, 0.001065662142838173
construct_constant_piece in x1, x2 = 0.0, 0.001065662142838173
construct_constant_piece in x1, x2 = 0.0, 0.001065662142838173
construct_constant_piece in x1, x2 = 0.0, 0.001065662142838173
Iteration 1	LB = -1.0e20	UB = 1.0e20	CPU = 25.67299835, #pieces = 361
cutoff = 1.0e20
Iteration 2	LB = 655323.9440957162	UB = 655519.4143628337	CPU = 29.070420339, #pieces = 365
Iteration 3	LB = 655444.595131588	UB = 655519.4143628337	CPU = 33.730592019, #pieces = 380
Iteration 4	LB = 655497.5051805713	UB = 655519.4143628337	CPU = 37.729476139, #pieces = 392
Iteration 5	LB = 655511.2531898073	UB = 655519.4143628337	CPU = 41.23977931, #pieces = 413
Iteration 6	LB = 655516.2204071967	UB = 655519.4143628337	CPU = 41.455157587, #pieces = 437
Iteration 7	LB = 655517.8985093865	UB = 655519.4143628337	CPU = 43.145862629, #pieces = 453
Iteration 8	LB = 655518.6928239086	UB = 655519.4143628337	CPU = 43.383800954, #pieces = 472
WRITING LOG...
(655323.9440957162, 655519.4143628337, 652291.1499999999, 652291.1499999999, 6.0549646852930845, 0.02981914232204498, 361, 1, 0.110799591, 25.828101136)
(655444.595131588, 655519.4143628337, 652291.1499999999, 652291.1499999999, 2.3176302445066628, 0.011413732317660064, 365, 2, 0.17382644600000002, 29.133699863)
(655497.5051805713, 655519.4143628337, 652291.3618681366, 652291.1499999999, 0.6832071041371498, 0.0033422629112624925, 380, 3, 0.251748442, 33.808750139000004)
(655511.2531898073, 655519.4143628337, 652291.3618681366, 652291.1499999999, 0.25733462965312864, 0.0012449933362171086, 392, 4, 0.33728291600000004, 37.815263293)
(655516.2204071967, 655519.4143628337, 652291.6218572624, 652291.1499999999, 0.11113154714767791, 0.00048724043362673885, 413, 5, 0.43098419000000004, 41.333738119)
(655517.8985093865, 655519.4143628337, 652291.3618681367, 652291.1499999999, 0.05148237538867471, 0.00023124463044789514, 437, 6, 0.530753745, 41.555185271)
(655518.6928239086, 655519.4143628337, 652291.3618681367, 652291.1499999999, 0.02687687176457254, 0.00011007132805961263, 453, 7, 0.6335306100000001, 43.248861186)
(655519.081190319, 655519.4143628337, 652291.3618681366, 652291.1499999999, 0.014846434381873054, 5.082572802352071e-5, 472, 8, 0.8455002570000001, 43.595970560000005)
