solving instance uflp nldep orlib 82 log
The latest version of Julia in the `1.10` channel is 1.10.6+0.x64.linux.gnu. You currently have `1.10.5+0.x64.linux.gnu` installed. Run:

  juliaup update

in your terminal shell to install Julia 1.10.6+0.x64.linux.gnu and update the `1.10` channel to that version.
Set parameter TokenServer to value "licences.gerad.lan"
Set parameter TokenServer to value "licences.gerad.lan"
Set parameter TokenServer to value "licences.gerad.lan"
Set parameter FeasibilityTol to value 1e-09
Set parameter MIPGap to value 1e-09
Set parameter Threads to value 1
Set parameter OptimalityTol to value 1e-09
Set parameter IntFeasTol to value 1e-09
Set parameter TimeLimit to value 3600.761035541
reading orlib data file ../../../../../instances/uflp/orlib/cap82.txt
4166.666666666667 * log(1.0 + 0.00032754748615342326x)
4166.666666666667 * log(1.0 + 0.00032754748615342326x)
4166.666666666667 * log(1.0 + 0.00032754748615342326x)
4166.666666666667 * log(1.0 + 0.00032754748615342326x)
4166.666666666667 * log(1.0 + 0.00032754748615342326x)
4166.666666666667 * log(1.0 + 0.00032754748615342326x)
4166.666666666667 * log(1.0 + 0.00032754748615342326x)
4166.666666666667 * log(1.0 + 0.00032754748615342326x)
4166.666666666667 * log(1.0 + 0.00032754748615342326x)
4166.666666666667 * log(1.0 + 0.00032754748615342326x)
0.0x
4166.666666666667 * log(1.0 + 0.00032754748615342326x)
4166.666666666667 * log(1.0 + 0.00032754748615342326x)
4166.666666666667 * log(1.0 + 0.00032754748615342326x)
4166.666666666667 * log(1.0 + 0.00032754748615342326x)
4166.666666666667 * log(1.0 + 0.00032754748615342326x)
4166.666666666667 * log(1.0 + 0.00032754748615342326x)
4166.666666666667 * log(1.0 + 0.00032754748615342326x)
4166.666666666667 * log(1.0 + 0.00032754748615342326x)
4166.666666666667 * log(1.0 + 0.00032754748615342326x)
4166.666666666667 * log(1.0 + 0.00032754748615342326x)
4166.666666666667 * log(1.0 + 0.00032754748615342326x)
4166.666666666667 * log(1.0 + 0.00032754748615342326x)
4166.666666666667 * log(1.0 + 0.00032754748615342326x)
4166.666666666667 * log(1.0 + 0.00032754748615342326x)
4166.666666666667 * log(1.0 + 0.00032754748615342326x)
4166.666666666667 * log(1.0 + 0.00032754748615342326x)
4166.666666666667 * log(1.0 + 0.00032754748615342326x)
4166.666666666667 * log(1.0 + 0.00032754748615342326x)
4166.666666666667 * log(1.0 + 0.00032754748615342326x)
4166.666666666667 * log(1.0 + 0.00032754748615342326x)
4166.666666666667 * log(1.0 + 0.00032754748615342326x)
4166.666666666667 * log(1.0 + 0.00032754748615342326x)
4166.666666666667 * log(1.0 + 0.00032754748615342326x)
4166.666666666667 * log(1.0 + 0.00032754748615342326x)
0.0x
4166.666666666667 * log(1.0 + 0.00032754748615342326x)
4166.666666666667 * log(1.0 + 0.00032754748615342326x)
4166.666666666667 * log(1.0 + 0.00032754748615342326x)
4166.666666666667 * log(1.0 + 0.00032754748615342326x)
4166.666666666667 * log(1.0 + 0.00032754748615342326x)
4166.666666666667 * log(1.0 + 0.00032754748615342326x)
4166.666666666667 * log(1.0 + 0.00032754748615342326x)
4166.666666666667 * log(1.0 + 0.00032754748615342326x)
4166.666666666667 * log(1.0 + 0.00032754748615342326x)
4166.666666666667 * log(1.0 + 0.00032754748615342326x)
4166.666666666667 * log(1.0 + 0.00032754748615342326x)
4166.666666666667 * log(1.0 + 0.00032754748615342326x)
4166.666666666667 * log(1.0 + 0.00032754748615342326x)
4166.666666666667 * log(1.0 + 0.00032754748615342326x)
construct_constant_piece in x1, x2 = 0.0, 1.0014485637185238e-5
construct_constant_piece in x1, x2 = 0.0, 1.0014485637185238e-5
construct_constant_piece in x1, x2 = 0.0, 1.0014485637185238e-5
construct_constant_piece in x1, x2 = 0.0, 1.0014485637185238e-5
construct_constant_piece in x1, x2 = 0.0, 1.0014485637185238e-5
construct_constant_piece in x1, x2 = 0.0, 1.0014485637185238e-5
construct_constant_piece in x1, x2 = 0.0, 1.0014485637185238e-5
construct_constant_piece in x1, x2 = 0.0, 1.0014485637185238e-5
construct_constant_piece in x1, x2 = 0.0, 1.0014485637185238e-5
construct_constant_piece in x1, x2 = 0.0, 1.0014485637185238e-5
construct_constant_piece in x1, x2 = 0.0, 1.0014485637185238e-5
construct_constant_piece in x1, x2 = 0.0, 1.0014485637185238e-5
construct_constant_piece in x1, x2 = 0.0, 1.0014485637185238e-5
construct_constant_piece in x1, x2 = 0.0, 1.0014485637185238e-5
construct_constant_piece in x1, x2 = 0.0, 1.0014485637185238e-5
construct_constant_piece in x1, x2 = 0.0, 1.0014485637185238e-5
construct_constant_piece in x1, x2 = 0.0, 1.0014485637185238e-5
construct_constant_piece in x1, x2 = 0.0, 1.0014485637185238e-5
construct_constant_piece in x1, x2 = 0.0, 1.0014485637185238e-5
construct_constant_piece in x1, x2 = 0.0, 1.0014485637185238e-5
construct_constant_piece in x1, x2 = 0.0, 1.0014485637185238e-5
construct_constant_piece in x1, x2 = 0.0, 1.0014485637185238e-5
construct_constant_piece in x1, x2 = 0.0, 1.0014485637185238e-5
construct_constant_piece in x1, x2 = 0.0, 1.0014485637185238e-5
Iteration 1	LB = -1.0e20	UB = 1.0e20	CPU = 0.23896445900000002, #pieces = 121
cutoff = 1.0e20
Iteration 2	LB = 699407.1757572921	UB = 702823.537040778	CPU = 0.6160536830000001, #pieces = 147
Iteration 3	LB = 701432.5846938774	UB = 702823.537040778	CPU = 0.749633588, #pieces = 172
Iteration 4	LB = 702279.3589499504	UB = 702798.9216785565	CPU = 0.8873974800000001, #pieces = 194
Iteration 5	LB = 702609.7549587754	UB = 702798.9216785565	CPU = 1.0490842930000002, #pieces = 212
Iteration 6	LB = 702734.6591174728	UB = 702798.9216785565	CPU = 1.3374873630000002, #pieces = 252
Iteration 7	LB = 702781.0270048028	UB = 702798.9216785565	CPU = 1.5699641020000001, #pieces = 284
Iteration 8	LB = 702794.1385756771	UB = 702798.9216785565	CPU = 1.9576356970000002, #pieces = 310
Iteration 9	LB = 702797.3709902717	UB = 702798.9216785565	CPU = 2.287637864, #pieces = 326
WRITING LOG...
(699407.1757572921, 702823.537040778, 652291.1499999999, 652291.1499999999, 6.7607360022968965, 0.4860909038235121, 121, 1, 0.10057210800000001, 0.38380667100000004)
(701432.5846938774, 702823.537040778, 652291.1499999999, 652291.1499999999, 2.75259576749885, 0.19790918681482506, 147, 2, 0.1628713, 0.6785465970000001)
(702279.3589499504, 702798.9216785565, 652607.0874999999, 652607.0874999999, 1.0351538992532385, 0.07392765022534906, 172, 3, 0.23780152799999998, 0.8247372230000001)
(702609.7549587754, 702798.9216785565, 652607.0874999999, 652607.0874999999, 0.37688744170647587, 0.0269161937996881, 194, 4, 0.32191561599999996, 0.9716917850000001)
(702734.6591174728, 702798.9216785565, 652607.0874999999, 652607.0874999999, 0.12803389661960138, 0.009143804735808492, 212, 5, 0.41231330499999996, 1.139661398)
(702781.0270048028, 702798.9216785565, 652607.0874999999, 652607.0874999999, 0.03565255991639241, 0.002546201082794319, 252, 6, 0.519443343, 1.4447991370000002)
(702794.1385756771, 702798.9216785565, 652607.0874999999, 652607.0874999999, 0.00952964353205608, 0.000680579143177002, 284, 7, 0.7699067479999999, 1.820637762)
(702797.3709902717, 702798.9216785565, 652607.0874999999, 652607.0874999999, 0.0030895230472789237, 0.0002206446590861124, 310, 8, 1.0421734699999998, 2.230087289)
(702798.2361614571, 702798.9216785565, 652607.0874999999, 652607.0874999999, 0.0013657940789691128, 9.754100044710375e-5, 326, 9, 1.3997617719999997, 2.645403132)
