solving instance uflp nldep orlib 121 sqrt
The latest version of Julia in the `1.10` channel is 1.10.6+0.x64.linux.gnu. You currently have `1.10.5+0.x64.linux.gnu` installed. Run:

  juliaup update

in your terminal shell to install Julia 1.10.6+0.x64.linux.gnu and update the `1.10` channel to that version.
Set parameter TokenServer to value "licences.gerad.lan"
Set parameter TokenServer to value "licences.gerad.lan"
Set parameter TokenServer to value "licences.gerad.lan"
Set parameter FeasibilityTol to value 1e-09
Set parameter MIPGap to value 1e-09
Set parameter Threads to value 1
Set parameter OptimalityTol to value 1e-09
Set parameter IntFeasTol to value 1e-09
Set parameter TimeLimit to value 3600.441343732
reading orlib data file ../../../../../instances/uflp/orlib/cap121.txt
7500.0 * sqrt(1.7162078670968627e-5x)
7500.0 * sqrt(1.7162078670968627e-5x)
7500.0 * sqrt(1.7162078670968627e-5x)
7500.0 * sqrt(1.7162078670968627e-5x)
7500.0 * sqrt(1.7162078670968627e-5x)
7500.0 * sqrt(1.7162078670968627e-5x)
7500.0 * sqrt(1.7162078670968627e-5x)
7500.0 * sqrt(1.7162078670968627e-5x)
7500.0 * sqrt(1.7162078670968627e-5x)
7500.0 * sqrt(1.7162078670968627e-5x)
7500.0 * sqrt(1.7162078670968627e-5x)
7500.0 * sqrt(1.7162078670968627e-5x)
7500.0 * sqrt(1.7162078670968627e-5x)
7500.0 * sqrt(1.7162078670968627e-5x)
7500.0 * sqrt(1.7162078670968627e-5x)
7500.0 * sqrt(1.7162078670968627e-5x)
7500.0 * sqrt(1.7162078670968627e-5x)
7500.0 * sqrt(1.7162078670968627e-5x)
7500.0 * sqrt(1.7162078670968627e-5x)
7500.0 * sqrt(1.7162078670968627e-5x)
7500.0 * sqrt(1.7162078670968627e-5x)
7500.0 * sqrt(1.7162078670968627e-5x)
0.0x
7500.0 * sqrt(1.7162078670968627e-5x)
7500.0 * sqrt(1.7162078670968627e-5x)
7500.0 * sqrt(1.7162078670968627e-5x)
7500.0 * sqrt(1.7162078670968627e-5x)
7500.0 * sqrt(1.7162078670968627e-5x)
7500.0 * sqrt(1.7162078670968627e-5x)
7500.0 * sqrt(1.7162078670968627e-5x)
7500.0 * sqrt(1.7162078670968627e-5x)
7500.0 * sqrt(1.7162078670968627e-5x)
7500.0 * sqrt(1.7162078670968627e-5x)
7500.0 * sqrt(1.7162078670968627e-5x)
7500.0 * sqrt(1.7162078670968627e-5x)
7500.0 * sqrt(1.7162078670968627e-5x)
7500.0 * sqrt(1.7162078670968627e-5x)
7500.0 * sqrt(1.7162078670968627e-5x)
7500.0 * sqrt(1.7162078670968627e-5x)
7500.0 * sqrt(1.7162078670968627e-5x)
7500.0 * sqrt(1.7162078670968627e-5x)
7500.0 * sqrt(1.7162078670968627e-5x)
7500.0 * sqrt(1.7162078670968627e-5x)
7500.0 * sqrt(1.7162078670968627e-5x)
7500.0 * sqrt(1.7162078670968627e-5x)
7500.0 * sqrt(1.7162078670968627e-5x)
7500.0 * sqrt(1.7162078670968627e-5x)
7500.0 * sqrt(1.7162078670968627e-5x)
7500.0 * sqrt(1.7162078670968627e-5x)
7500.0 * sqrt(1.7162078670968627e-5x)
7500.0 * sqrt(1.7162078670968627e-5x)
7500.0 * sqrt(1.7162078670968627e-5x)
7500.0 * sqrt(1.7162078670968627e-5x)
7500.0 * sqrt(1.7162078670968627e-5x)
7500.0 * sqrt(1.7162078670968627e-5x)
7500.0 * sqrt(1.7162078670968627e-5x)
7500.0 * sqrt(1.7162078670968627e-5x)
7500.0 * sqrt(1.7162078670968627e-5x)
7500.0 * sqrt(1.7162078670968627e-5x)
7500.0 * sqrt(1.7162078670968627e-5x)
7500.0 * sqrt(1.7162078670968627e-5x)
7500.0 * sqrt(1.7162078670968627e-5x)
7500.0 * sqrt(1.7162078670968627e-5x)
7500.0 * sqrt(1.7162078670968627e-5x)
7500.0 * sqrt(1.7162078670968627e-5x)
7500.0 * sqrt(1.7162078670968627e-5x)
7500.0 * sqrt(1.7162078670968627e-5x)
7500.0 * sqrt(1.7162078670968627e-5x)
7500.0 * sqrt(1.7162078670968627e-5x)
7500.0 * sqrt(1.7162078670968627e-5x)
7500.0 * sqrt(1.7162078670968627e-5x)
7500.0 * sqrt(1.7162078670968627e-5x)
0.0x
7500.0 * sqrt(1.7162078670968627e-5x)
7500.0 * sqrt(1.7162078670968627e-5x)
7500.0 * sqrt(1.7162078670968627e-5x)
7500.0 * sqrt(1.7162078670968627e-5x)
7500.0 * sqrt(1.7162078670968627e-5x)
7500.0 * sqrt(1.7162078670968627e-5x)
7500.0 * sqrt(1.7162078670968627e-5x)
7500.0 * sqrt(1.7162078670968627e-5x)
7500.0 * sqrt(1.7162078670968627e-5x)
7500.0 * sqrt(1.7162078670968627e-5x)
7500.0 * sqrt(1.7162078670968627e-5x)
7500.0 * sqrt(1.7162078670968627e-5x)
7500.0 * sqrt(1.7162078670968627e-5x)
7500.0 * sqrt(1.7162078670968627e-5x)
7500.0 * sqrt(1.7162078670968627e-5x)
7500.0 * sqrt(1.7162078670968627e-5x)
7500.0 * sqrt(1.7162078670968627e-5x)
7500.0 * sqrt(1.7162078670968627e-5x)
7500.0 * sqrt(1.7162078670968627e-5x)
7500.0 * sqrt(1.7162078670968627e-5x)
7500.0 * sqrt(1.7162078670968627e-5x)
7500.0 * sqrt(1.7162078670968627e-5x)
7500.0 * sqrt(1.7162078670968627e-5x)
7500.0 * sqrt(1.7162078670968627e-5x)
7500.0 * sqrt(1.7162078670968627e-5x)
7500.0 * sqrt(1.7162078670968627e-5x)
7500.0 * sqrt(1.7162078670968627e-5x)
construct_constant_piece in x1, x2 = 0.0, 1.0049766418133903e-5
construct_constant_piece in x1, x2 = 0.0, 1.0049766418133903e-5
construct_constant_piece in x1, x2 = 0.0, 1.0049766418133903e-5
construct_constant_piece in x1, x2 = 0.0, 1.0049766418133903e-5
construct_constant_piece in x1, x2 = 0.0, 1.0049766418133903e-5
construct_constant_piece in x1, x2 = 0.0, 1.0049766418133903e-5
construct_constant_piece in x1, x2 = 0.0, 1.0049766418133903e-5
construct_constant_piece in x1, x2 = 0.0, 1.0049766418133903e-5
construct_constant_piece in x1, x2 = 0.0, 1.0049766418133903e-5
construct_constant_piece in x1, x2 = 0.0, 1.0049766418133903e-5
construct_constant_piece in x1, x2 = 0.0, 1.0049766418133903e-5
construct_constant_piece in x1, x2 = 0.0, 1.0049766418133903e-5
construct_constant_piece in x1, x2 = 0.0, 1.0049766418133903e-5
construct_constant_piece in x1, x2 = 0.0, 1.0049766418133903e-5
construct_constant_piece in x1, x2 = 0.0, 1.0049766418133903e-5
construct_constant_piece in x1, x2 = 0.0, 1.0049766418133903e-5
construct_constant_piece in x1, x2 = 0.0, 1.0049766418133903e-5
construct_constant_piece in x1, x2 = 0.0, 1.0049766418133903e-5
construct_constant_piece in x1, x2 = 0.0, 1.0049766418133903e-5
construct_constant_piece in x1, x2 = 0.0, 1.0049766418133903e-5
construct_constant_piece in x1, x2 = 0.0, 1.0049766418133903e-5
construct_constant_piece in x1, x2 = 0.0, 1.0049766418133903e-5
construct_constant_piece in x1, x2 = 0.0, 1.0049766418133903e-5
construct_constant_piece in x1, x2 = 0.0, 1.0049766418133903e-5
construct_constant_piece in x1, x2 = 0.0, 1.0049766418133903e-5
construct_constant_piece in x1, x2 = 0.0, 1.0049766418133903e-5
construct_constant_piece in x1, x2 = 0.0, 1.0049766418133903e-5
construct_constant_piece in x1, x2 = 0.0, 1.0049766418133903e-5
construct_constant_piece in x1, x2 = 0.0, 1.0049766418133903e-5
construct_constant_piece in x1, x2 = 0.0, 1.0049766418133903e-5
construct_constant_piece in x1, x2 = 0.0, 1.0049766418133903e-5
construct_constant_piece in x1, x2 = 0.0, 1.0049766418133903e-5
construct_constant_piece in x1, x2 = 0.0, 1.0049766418133903e-5
construct_constant_piece in x1, x2 = 0.0, 1.0049766418133903e-5
construct_constant_piece in x1, x2 = 0.0, 1.0049766418133903e-5
construct_constant_piece in x1, x2 = 0.0, 1.0049766418133903e-5
construct_constant_piece in x1, x2 = 0.0, 1.0049766418133903e-5
construct_constant_piece in x1, x2 = 0.0, 1.0049766418133903e-5
construct_constant_piece in x1, x2 = 0.0, 1.0049766418133903e-5
construct_constant_piece in x1, x2 = 0.0, 1.0049766418133903e-5
construct_constant_piece in x1, x2 = 0.0, 1.0049766418133903e-5
construct_constant_piece in x1, x2 = 0.0, 1.0049766418133903e-5
construct_constant_piece in x1, x2 = 0.0, 1.0049766418133903e-5
construct_constant_piece in x1, x2 = 0.0, 1.0049766418133903e-5
construct_constant_piece in x1, x2 = 0.0, 1.0049766418133903e-5
construct_constant_piece in x1, x2 = 0.0, 1.0049766418133903e-5
construct_constant_piece in x1, x2 = 0.0, 1.0049766418133903e-5
construct_constant_piece in x1, x2 = 0.0, 1.0049766418133903e-5
construct_constant_piece in x1, x2 = 0.0, 1.0049766418133903e-5
Iteration 1	LB = -1.0e20	UB = 1.0e20	CPU = 0.558656268, #pieces = 393
cutoff = 1.0e20
Iteration 2	LB = 663286.691417196	UB = 666465.8563132589	CPU = 0.95229425, #pieces = 431
Iteration 3	LB = 665100.1260494947	UB = 666465.8563132589	CPU = 1.299478181, #pieces = 467
Iteration 4	LB = 665823.8468933888	UB = 666458.2365706449	CPU = 1.8208155750000001, #pieces = 518
Iteration 5	LB = 666180.0225218202	UB = 666432.7681541782	CPU = 2.539518191, #pieces = 566
Iteration 6	LB = 666312.7616602753	UB = 666409.2145831576	CPU = 3.3259056100000004, #pieces = 600
Iteration 7	LB = 666348.8078171469	UB = 666409.179807175	CPU = 4.321006157, #pieces = 607
Iteration 8	LB = 666352.6918127737	UB = 666400.2679543573	CPU = 5.455502742, #pieces = 620
Iteration 9	LB = 666360.2982495844	UB = 666393.8598244115	CPU = 6.451643888, #pieces = 633
Iteration 10	LB = 666364.4410140491	UB = 666389.2753572413	CPU = 7.79776786, #pieces = 656
Iteration 11	LB = 666367.1459192773	UB = 666386.0070350966	CPU = 9.102995382000001, #pieces = 674
Iteration 12	LB = 666370.1493981661	UB = 666383.6826763	CPU = 10.712022459, #pieces = 703
Iteration 13	LB = 666372.9265535147	UB = 666382.0324535272	CPU = 12.652247278, #pieces = 725
Iteration 14	LB = 666374.3734642521	UB = 666380.8622434535	CPU = 14.797986195000002, #pieces = 743
Iteration 15	LB = 666375.564158732	UB = 666380.0331167993	CPU = 16.824449847, #pieces = 767
Iteration 16	LB = 666376.5455385747	UB = 666379.4460041358	CPU = 18.740693292, #pieces = 784
Iteration 17	LB = 666376.9443401899	UB = 666379.0304369987	CPU = 21.227092998, #pieces = 799
Iteration 18	LB = 666377.2299436427	UB = 666378.7363787626	CPU = 23.509761691, #pieces = 811
Iteration 19	LB = 666377.4428718691	UB = 666378.5283442424	CPU = 25.385792291, #pieces = 834
Iteration 20	LB = 666377.5972033297	UB = 666378.3811896484	CPU = 27.656190071, #pieces = 849
WRITING LOG...
(663286.691417196, 666465.8563132589, 624997.9785436598, 624997.9785436598, 7.6665724581488774, 0.4770184197656214, 393, 1, 0.20435287300000002, 0.8081700900000001)
(665100.1260494947, 666465.8563132589, 624997.978543657, 624997.9785436598, 3.293465538258325, 0.20492126503210106, 431, 2, 0.47202861100000004, 1.220274373)
(665823.8468933888, 666458.2365706449, 624266.7640364622, 624266.7640364622, 1.5035969098782762, 0.09518821172058053, 467, 3, 0.8330244580000001, 1.6607818230000002)
(666180.0225218202, 666432.7681541782, 625001.457253599, 625001.457253599, 0.6100353256128288, 0.037925150808241694, 518, 4, 1.3992726690000001, 2.3873761030000002)
(666312.7616602753, 666409.2145831576, 624902.9964715153, 624902.9964715153, 0.23238186293639898, 0.01447352779217064, 566, 5, 2.0879141310000002, 3.2284326360000004)
(666348.8078171469, 666409.179807175, 625002.6178910419, 625002.6178910419, 0.14580295304485988, 0.00905929747929626, 600, 6, 3.0686983380000004, 4.307014938)
(666352.6918127737, 666400.2679543573, 625002.9589455219, 625002.9589455219, 0.11492568653064532, 0.0071392740776742, 607, 7, 4.134152407, 5.386751642)
(666360.2982495844, 666393.8598244115, 625003.1294727606, 625003.1294727606, 0.08108476110938247, 0.005036297128534155, 620, 8, 5.093883910000001, 6.415507342000001)
(666364.4410140491, 666389.2753572413, 625003.2147363764, 625003.2147363764, 0.06000654041386897, 0.003726702110992747, 633, 9, 6.301121521000001, 7.659149502000001)
(666367.1459192773, 666386.0070350966, 625003.2573681902, 625003.2573681902, 0.04557724165533651, 0.002830358924135624, 656, 10, 7.513015188000001, 9.009999579)
(666370.1493981661, 666383.6826763, 625003.2786840951, 625003.2786840951, 0.032704557781751804, 0.0020308537687479455, 674, 11, 9.041806900000001, 10.632105957)
(666372.9265535147, 666382.0324535272, 625003.2893420475, 625003.2893420475, 0.02200622669472173, 0.0013664684173749543, 703, 12, 10.924535457000001, 12.595035944000001)
(666374.3734642521, 666380.8622434535, 625003.2946710238, 625003.2946710238, 0.01568187687699813, 0.0009737343265771237, 725, 13, 12.970487053000001, 14.698557240000001)
(666375.564158732, 666380.0331167993, 625003.2973355119, 625003.2973355119, 0.010800653997891135, 0.0006706320485708757, 743, 14, 14.920939186000002, 16.748722988)
(666376.5455385747, 666379.4460041358, 625003.298667756, 625003.298667756, 0.007009994278821559, 0.00043525735652101696, 767, 15, 16.776896358000002, 18.680664194000002)
(666376.9443401899, 666379.0304369987, 625003.299333878, 625003.299333878, 0.005041836731732441, 0.0003130495879217511, 784, 16, 19.214605562000003, 21.178724197)
(666377.2299436427, 666378.7363787626, 625003.299666939, 625003.299666939, 0.003640892373869997, 0.0002260629035197717, 799, 17, 21.460354815000002, 23.473099608000002)
(666377.4428718691, 666378.5283442424, 625003.2998334696, 625003.2998334696, 0.0026234836938948316, 0.00016289125881485626, 811, 18, 23.258804131, 25.308519276000002)
(666377.5972033297, 666378.3811896484, 625003.2999167348, 625003.2999167348, 0.0018948272598398562, 0.00011764882248137387, 834, 19, 25.470144005, 27.597475032000002)
(666377.7339253179, 666378.0257495824, 625003.3, 625003.3, 0.0007053201182154594, 4.3792600189661876e-5, 849, 20, 28.004875584, 30.191202232000002)
