solving instance uflp nldep gunluk ../../../../../instances/uflp/gunluk/gunluk-40-80-9.txt log
The latest version of Julia in the `1.10` channel is 1.10.6+0.x64.linux.gnu. You currently have `1.10.5+0.x64.linux.gnu` installed. Run:

  juliaup update

in your terminal shell to install Julia 1.10.6+0.x64.linux.gnu and update the `1.10` channel to that version.
Set parameter TokenServer to value "licences.gerad.lan"
Set parameter TokenServer to value "licences.gerad.lan"
Set parameter TokenServer to value "licences.gerad.lan"
Set parameter FeasibilityTol to value 1e-09
Set parameter MIPGap to value 1e-09
Set parameter Threads to value 1
Set parameter OptimalityTol to value 1e-09
Set parameter IntFeasTol to value 1e-09
Set parameter TimeLimit to value 3600.761471641
reading gunluk data file ../../../../../instances/uflp/gunluk/gunluk-40-80-9.txt
28.0 * log(1.0 + 0.004582361806287555x)
2.6666666666666665 * log(1.0 + 0.004582361806287555x)
33.333333333333336 * log(1.0 + 0.004582361806287555x)
9.0 * log(1.0 + 0.004582361806287555x)
20.666666666666668 * log(1.0 + 0.004582361806287555x)
29.666666666666668 * log(1.0 + 0.004582361806287555x)
2.0 * log(1.0 + 0.004582361806287555x)
22.666666666666668 * log(1.0 + 0.004582361806287555x)
33.333333333333336 * log(1.0 + 0.004582361806287555x)
26.0 * log(1.0 + 0.004582361806287555x)
29.0 * log(1.0 + 0.004582361806287555x)
8.333333333333334 * log(1.0 + 0.004582361806287555x)
29.0 * log(1.0 + 0.004582361806287555x)
19.333333333333332 * log(1.0 + 0.004582361806287555x)
17.666666666666668 * log(1.0 + 0.004582361806287555x)
2.3333333333333335 * log(1.0 + 0.004582361806287555x)
25.333333333333332 * log(1.0 + 0.004582361806287555x)
14.666666666666666 * log(1.0 + 0.004582361806287555x)
9.0 * log(1.0 + 0.004582361806287555x)
24.333333333333332 * log(1.0 + 0.004582361806287555x)
10.333333333333334 * log(1.0 + 0.004582361806287555x)
5.333333333333333 * log(1.0 + 0.004582361806287555x)
4.333333333333333 * log(1.0 + 0.004582361806287555x)
6.666666666666667 * log(1.0 + 0.004582361806287555x)
29.333333333333332 * log(1.0 + 0.004582361806287555x)
9.333333333333334 * log(1.0 + 0.004582361806287555x)
0.6666666666666666 * log(1.0 + 0.004582361806287555x)
11.666666666666666 * log(1.0 + 0.004582361806287555x)
18.666666666666668 * log(1.0 + 0.004582361806287555x)
9.333333333333334 * log(1.0 + 0.004582361806287555x)
6.0 * log(1.0 + 0.004582361806287555x)
23.0 * log(1.0 + 0.004582361806287555x)
23.666666666666668 * log(1.0 + 0.004582361806287555x)
2.0 * log(1.0 + 0.004582361806287555x)
18.333333333333332 * log(1.0 + 0.004582361806287555x)
17.0 * log(1.0 + 0.004582361806287555x)
2.0 * log(1.0 + 0.004582361806287555x)
10.333333333333334 * log(1.0 + 0.004582361806287555x)
22.666666666666668 * log(1.0 + 0.004582361806287555x)
6.666666666666667 * log(1.0 + 0.004582361806287555x)
28.0 * log(1.0 + 0.004582361806287555x)
2.6666666666666665 * log(1.0 + 0.004582361806287555x)
33.333333333333336 * log(1.0 + 0.004582361806287555x)
9.0 * log(1.0 + 0.004582361806287555x)
20.666666666666668 * log(1.0 + 0.004582361806287555x)
29.666666666666668 * log(1.0 + 0.004582361806287555x)
2.0 * log(1.0 + 0.004582361806287555x)
22.666666666666668 * log(1.0 + 0.004582361806287555x)
33.333333333333336 * log(1.0 + 0.004582361806287555x)
26.0 * log(1.0 + 0.004582361806287555x)
29.0 * log(1.0 + 0.004582361806287555x)
8.333333333333334 * log(1.0 + 0.004582361806287555x)
29.0 * log(1.0 + 0.004582361806287555x)
19.333333333333332 * log(1.0 + 0.004582361806287555x)
17.666666666666668 * log(1.0 + 0.004582361806287555x)
2.3333333333333335 * log(1.0 + 0.004582361806287555x)
25.333333333333332 * log(1.0 + 0.004582361806287555x)
14.666666666666666 * log(1.0 + 0.004582361806287555x)
9.0 * log(1.0 + 0.004582361806287555x)
24.333333333333332 * log(1.0 + 0.004582361806287555x)
10.333333333333334 * log(1.0 + 0.004582361806287555x)
5.333333333333333 * log(1.0 + 0.004582361806287555x)
4.333333333333333 * log(1.0 + 0.004582361806287555x)
6.666666666666667 * log(1.0 + 0.004582361806287555x)
29.333333333333332 * log(1.0 + 0.004582361806287555x)
9.333333333333334 * log(1.0 + 0.004582361806287555x)
0.6666666666666666 * log(1.0 + 0.004582361806287555x)
11.666666666666666 * log(1.0 + 0.004582361806287555x)
18.666666666666668 * log(1.0 + 0.004582361806287555x)
9.333333333333334 * log(1.0 + 0.004582361806287555x)
6.0 * log(1.0 + 0.004582361806287555x)
23.0 * log(1.0 + 0.004582361806287555x)
23.666666666666668 * log(1.0 + 0.004582361806287555x)
2.0 * log(1.0 + 0.004582361806287555x)
18.333333333333332 * log(1.0 + 0.004582361806287555x)
17.0 * log(1.0 + 0.004582361806287555x)
2.0 * log(1.0 + 0.004582361806287555x)
10.333333333333334 * log(1.0 + 0.004582361806287555x)
22.666666666666668 * log(1.0 + 0.004582361806287555x)
6.666666666666667 * log(1.0 + 0.004582361806287555x)
construct_constant_piece in x1, x2 = 0.0, 1.0014485637185238e-5
construct_constant_piece in x1, x2 = 0.0, 1.0014485637185235e-5
construct_constant_piece in x1, x2 = 0.0, 1.0014485637185238e-5
construct_constant_piece in x1, x2 = 0.0, 1.0014485637185238e-5
construct_constant_piece in x1, x2 = 0.0, 1.0014485637185235e-5
construct_constant_piece in x1, x2 = 0.0, 1.0014485637185238e-5
construct_constant_piece in x1, x2 = 0.0, 1.0014485637185235e-5
construct_constant_piece in x1, x2 = 0.0, 1.0014485637185238e-5
construct_constant_piece in x1, x2 = 0.0, 1.0014485637185238e-5
construct_constant_piece in x1, x2 = 0.0, 1.0014485637185238e-5
construct_constant_piece in x1, x2 = 0.0, 1.0014485637185242e-5
construct_constant_piece in x1, x2 = 0.0, 1.0014485637185238e-5
construct_constant_piece in x1, x2 = 0.0, 1.0014485637185242e-5
construct_constant_piece in x1, x2 = 0.0, 1.0014485637185238e-5
construct_constant_piece in x1, x2 = 0.0, 1.0014485637185238e-5
construct_constant_piece in x1, x2 = 0.0, 1.0014485637185238e-5
construct_constant_piece in x1, x2 = 0.0, 1.0014485637185238e-5
construct_constant_piece in x1, x2 = 0.0, 1.0014485637185238e-5
construct_constant_piece in x1, x2 = 0.0, 1.0014485637185238e-5
construct_constant_piece in x1, x2 = 0.0, 1.0014485637185238e-5
construct_constant_piece in x1, x2 = 0.0, 1.0014485637185235e-5
construct_constant_piece in x1, x2 = 0.0, 1.0014485637185235e-5
construct_constant_piece in x1, x2 = 0.0, 1.0014485637185242e-5
construct_constant_piece in x1, x2 = 0.0, 1.0014485637185238e-5
construct_constant_piece in x1, x2 = 0.0, 1.0014485637185238e-5
construct_constant_piece in x1, x2 = 0.0, 1.0014485637185238e-5
construct_constant_piece in x1, x2 = 0.0, 1.0014485637185235e-5
construct_constant_piece in x1, x2 = 0.0, 1.0014485637185238e-5
construct_constant_piece in x1, x2 = 0.0, 1.0014485637185238e-5
construct_constant_piece in x1, x2 = 0.0, 1.0014485637185238e-5
construct_constant_piece in x1, x2 = 0.0, 1.0014485637185235e-5
construct_constant_piece in x1, x2 = 0.0, 1.0014485637185235e-5
construct_constant_piece in x1, x2 = 0.0, 1.0014485637185238e-5
construct_constant_piece in x1, x2 = 0.0, 1.0014485637185235e-5
construct_constant_piece in x1, x2 = 0.0, 1.0014485637185238e-5
construct_constant_piece in x1, x2 = 0.0, 1.0014485637185242e-5
construct_constant_piece in x1, x2 = 0.0, 1.0014485637185235e-5
construct_constant_piece in x1, x2 = 0.0, 1.0014485637185235e-5
construct_constant_piece in x1, x2 = 0.0, 1.0014485637185238e-5
construct_constant_piece in x1, x2 = 0.0, 1.0014485637185238e-5
Iteration 1	LB = -1.0e20	UB = 1.0e20	CPU = 0.23852835900000002, #pieces = 200
cutoff = 1.0e20
Iteration 2	LB = 474.6858307346113	UB = 480.313517150007	CPU = 0.766638934, #pieces = 227
Iteration 3	LB = 478.1468996786217	UB = 480.313517150007	CPU = 1.313900249, #pieces = 240
Iteration 4	LB = 479.0057671275057	UB = 480.313517150007	CPU = 1.9044565210000002, #pieces = 241
Iteration 5	LB = 479.2357602200422	UB = 480.27672042102677	CPU = 2.5289641040000004, #pieces = 262
Iteration 6	LB = 479.70258739184226	UB = 480.27672042102677	CPU = 3.210127599, #pieces = 267
Iteration 7	LB = 479.80170962614	UB = 480.27672042102677	CPU = 3.942334766, #pieces = 294
Iteration 8	LB = 480.07191198404087	UB = 480.27672042102677	CPU = 8.632941924, #pieces = 336
Iteration 9	LB = 480.1793765015399	UB = 480.26273194181783	CPU = 10.108889757, #pieces = 372
Iteration 10	LB = 480.22056674331327	UB = 480.2546207612503	CPU = 11.690149014000001, #pieces = 422
Iteration 11	LB = 480.2385770411265	UB = 480.2505656626573	CPU = 15.200810564000001, #pieces = 458
Iteration 12	LB = 480.24345011150433	UB = 480.2485380273067	CPU = 18.408507568, #pieces = 484
Iteration 13	LB = 480.24508877154597	UB = 480.2475241881169	CPU = 22.181213397, #pieces = 510
Iteration 14	LB = 480.2457852550749	UB = 480.24701726314356	CPU = 25.304739901, #pieces = 543
Iteration 15	LB = 480.2461657283816	UB = 480.24676379931225	CPU = 29.448649367, #pieces = 567
WRITING LOG...
(474.6858307346113, 480.313517150007, 345.38303225776514, 345.38303225776514, 4.170804262572759, 1.1716693814465624, 200, 1, 0.38593133300000004, 0.6604419850000001)
(478.1468996786217, 480.313517150007, 345.9525594048199, 345.38303225776514, 1.6311306804987804, 0.45108400951135885, 227, 2, 0.8942395000000001, 1.275155791)
(479.0057671275057, 480.313517150007, 340.6043205110825, 345.38303225776514, 1.331514133692886, 0.27227008522703544, 240, 3, 1.480634175, 1.900518775)
(479.2357602200422, 480.27672042102677, 346.45732867968616, 346.45732867968616, 0.7778844212628229, 0.21674175672558443, 241, 4, 2.016824615, 2.4408575640000003)
(479.70258739184226, 480.27672042102677, 347.6806358263492, 346.45732867968616, 1.376730435528612, 0.11954213160304844, 262, 5, 2.682798832, 3.195157898)
(479.80170962614, 480.27672042102677, 345.38303225776485, 346.45732867968616, 0.37931200223265354, 0.09890356427651964, 267, 6, 3.3323068200000003, 3.8598333790000003)
(480.07191198404087, 480.27672042102677, 346.78259245072945, 346.45732867968616, 0.1816986477999566, 0.04264384016080517, 294, 7, 4.304580143000001, 4.9148400720000005)
(480.1793765015399, 480.26273194181783, 346.4620793615124, 346.4620793615124, 0.06229823148876395, 0.017356216656855588, 336, 8, 5.603006289000001, 9.931632658)
(480.22056674331327, 480.2546207612503, 346.46536542153046, 346.46536542153046, 0.025453477448957436, 0.007090825671400046, 372, 9, 7.011555407000001, 11.517665623000001)
(480.2385770411265, 480.2505656626573, 346.46702229797233, 346.46702229797233, 0.008961207955244604, 0.002496326373767447, 422, 10, 10.340573792, 15.019422201000001)
(480.24345011150433, 480.2485380273067, 346.4678507361932, 346.4678507361932, 0.0038031766059926134, 0.0010594338971423305, 458, 11, 13.417115661, 18.277638952)
(480.24508877154597, 480.2475241881169, 346.46826495530365, 346.46826495530365, 0.0018204739545782049, 0.0005071169445544193, 484, 12, 17.091737978, 22.083334991)
(480.2457852550749, 480.24701726314356, 346.4684720648589, 346.4684720648589, 0.0009209309809946821, 0.00025653632909081, 510, 13, 20.080478289000002, 25.170205692000003)
(480.2461657283816, 480.24676379931225, 346.4685756196365, 346.4685756196365, 0.00044706161654756914, 0.0001245340886698889, 543, 14, 24.147345946, 29.371888975)
(480.24632050223204, 480.2466370670601, 346.4686273970252, 346.4686273970252, 0.00023663442805055274, 6.591713582283681e-5, 567, 15, 29.185844616, 34.487407793)
