solving instance uflp nldep holmberg 57 square
The latest version of Julia in the `1.10` channel is 1.10.6+0.x64.linux.gnu. You currently have `1.10.5+0.x64.linux.gnu` installed. Run:

  juliaup update

in your terminal shell to install Julia 1.10.6+0.x64.linux.gnu and update the `1.10` channel to that version.
Set parameter TokenServer to value "licences.gerad.lan"
Set parameter TokenServer to value "licences.gerad.lan"
Set parameter TokenServer to value "licences.gerad.lan"
Set parameter FeasibilityTol to value 1e-09
Set parameter MIPGap to value 1e-09
Set parameter Threads to value 1
Set parameter OptimalityTol to value 1e-09
Set parameter IntFeasTol to value 1e-09
Set parameter TimeLimit to value 3600.528386911
reading holmberg data file ../../../../../instances/uflp/holmberg/p57
2.166977772442197e-5 * x * x
2.166977772442197e-5 * x * x
2.166977772442197e-5 * x * x
2.166977772442197e-5 * x * x
2.166977772442197e-5 * x * x
2.166977772442197e-5 * x * x
2.166977772442197e-5 * x * x
2.166977772442197e-5 * x * x
2.166977772442197e-5 * x * x
2.166977772442197e-5 * x * x
2.166977772442197e-5 * x * x
2.166977772442197e-5 * x * x
2.166977772442197e-5 * x * x
2.166977772442197e-5 * x * x
2.166977772442197e-5 * x * x
2.166977772442197e-5 * x * x
2.166977772442197e-5 * x * x
2.166977772442197e-5 * x * x
2.166977772442197e-5 * x * x
2.166977772442197e-5 * x * x
2.166977772442197e-5 * x * x
2.166977772442197e-5 * x * x
2.166977772442197e-5 * x * x
2.166977772442197e-5 * x * x
2.166977772442197e-5 * x * x
2.166977772442197e-5 * x * x
2.166977772442197e-5 * x * x
2.166977772442197e-5 * x * x
2.166977772442197e-5 * x * x
2.166977772442197e-5 * x * x
2.166977772442197e-5 * x * x
2.166977772442197e-5 * x * x
2.166977772442197e-5 * x * x
2.166977772442197e-5 * x * x
2.166977772442197e-5 * x * x
2.166977772442197e-5 * x * x
2.166977772442197e-5 * x * x
2.166977772442197e-5 * x * x
2.166977772442197e-5 * x * x
2.166977772442197e-5 * x * x
2.166977772442197e-5 * x * x
2.166977772442197e-5 * x * x
2.166977772442197e-5 * x * x
2.166977772442197e-5 * x * x
2.166977772442197e-5 * x * x
2.166977772442197e-5 * x * x
2.166977772442197e-5 * x * x
2.166977772442197e-5 * x * x
2.166977772442197e-5 * x * x
2.166977772442197e-5 * x * x
2.166977772442197e-5 * x * x
2.166977772442197e-5 * x * x
2.166977772442197e-5 * x * x
2.166977772442197e-5 * x * x
2.166977772442197e-5 * x * x
2.166977772442197e-5 * x * x
2.166977772442197e-5 * x * x
2.166977772442197e-5 * x * x
2.166977772442197e-5 * x * x
2.166977772442197e-5 * x * x
construct_constant_piece in x1, x2 = 0.0, 0.0031622763662718582
construct_constant_piece in x1, x2 = 0.0, 0.0031622763662718582
construct_constant_piece in x1, x2 = 0.0, 0.0031622763662718582
construct_constant_piece in x1, x2 = 0.0, 0.0031622763662718582
construct_constant_piece in x1, x2 = 0.0, 0.0031622763662718582
construct_constant_piece in x1, x2 = 0.0, 0.0031622763662718582
construct_constant_piece in x1, x2 = 0.0, 0.0031622763662718582
construct_constant_piece in x1, x2 = 0.0, 0.0031622763662718582
construct_constant_piece in x1, x2 = 0.0, 0.0031622763662718582
construct_constant_piece in x1, x2 = 0.0, 0.0031622763662718582
construct_constant_piece in x1, x2 = 0.0, 0.0031622763662718582
construct_constant_piece in x1, x2 = 0.0, 0.0031622763662718582
construct_constant_piece in x1, x2 = 0.0, 0.0031622763662718582
construct_constant_piece in x1, x2 = 0.0, 0.0031622763662718582
construct_constant_piece in x1, x2 = 0.0, 0.0031622763662718582
construct_constant_piece in x1, x2 = 0.0, 0.0031622763662718582
construct_constant_piece in x1, x2 = 0.0, 0.0031622763662718582
construct_constant_piece in x1, x2 = 0.0, 0.0031622763662718582
construct_constant_piece in x1, x2 = 0.0, 0.0031622763662718582
construct_constant_piece in x1, x2 = 0.0, 0.0031622763662718582
construct_constant_piece in x1, x2 = 0.0, 0.0031622763662718582
construct_constant_piece in x1, x2 = 0.0, 0.0031622763662718582
construct_constant_piece in x1, x2 = 0.0, 0.0031622763662718582
construct_constant_piece in x1, x2 = 0.0, 0.0031622763662718582
construct_constant_piece in x1, x2 = 0.0, 0.0031622763662718582
construct_constant_piece in x1, x2 = 0.0, 0.0031622763662718582
construct_constant_piece in x1, x2 = 0.0, 0.0031622763662718582
construct_constant_piece in x1, x2 = 0.0, 0.0031622763662718582
construct_constant_piece in x1, x2 = 0.0, 0.0031622763662718582
construct_constant_piece in x1, x2 = 0.0, 0.0031622763662718582
Iteration 1	LB = -1.0e20	UB = 1.0e20	CPU = 0.47161308900000004, #pieces = 300
cutoff = 1.0e20
Iteration 2	LB = 8910.252564160854	UB = 8911.663802066516	CPU = 0.6965569340000001, #pieces = 325
Iteration 3	LB = 8911.335106073204	UB = 8911.60217321867	CPU = 0.9906266570000001, #pieces = 346
Iteration 4	LB = 8911.47588527442	UB = 8911.60217321867	CPU = 1.227860194, #pieces = 369
Iteration 5	LB = 8911.547175397674	UB = 8911.60217321867	CPU = 1.4630866550000001, #pieces = 377
Iteration 6	LB = 8911.56828816734	UB = 8911.60217321867	CPU = 1.845356876, #pieces = 404
Iteration 7	LB = 8911.58757839588	UB = 8911.60217321867	CPU = 2.27447926, #pieces = 447
WRITING LOG...
(8910.252564160854, 8911.663802066516, 8882.0, 8882.0, 4.757441080876587, 0.01583585217089424, 300, 1, 0.10151787400000001, 0.614558319)
(8911.335106073204, 8911.60217321867, 8882.0, 8882.0, 0.9021876316054778, 0.0029968477078999075, 325, 2, 0.26906000100000005, 0.8643336530000001)
(8911.47588527442, 8911.60217321867, 8882.0, 8882.0, 0.4266171382634323, 0.0014171182891084782, 346, 3, 0.46066851700000006, 1.182499691)
(8911.547175397674, 8911.60217321867, 8882.0, 8882.0, 0.18578980870228956, 0.0006171485208346299, 369, 4, 0.6774081350000001, 1.4448284020000002)
(8911.56828816734, 8911.60217321867, 8882.0, 8882.0, 0.11446812056220826, 0.00038023523346690627, 377, 5, 0.9171149970000001, 1.703007227)
(8911.58757839588, 8911.60217321867, 8882.0, 8882.0, 0.04930321392736462, 0.00016377327561827365, 404, 6, 1.2122444220000002, 2.140696723)
(8911.59570699241, 8911.60217321867, 8882.0, 8882.0, 0.021843755225663116, 7.255963780334944e-5, 447, 7, 1.5654168110000002, 2.627862478)
