solving instance uflp nldep orlib 103 square
The latest version of Julia in the `1.10` channel is 1.10.6+0.x64.linux.gnu. You currently have `1.10.5+0.x64.linux.gnu` installed. Run:

  juliaup update

in your terminal shell to install Julia 1.10.6+0.x64.linux.gnu and update the `1.10` channel to that version.
Set parameter TokenServer to value "licences.gerad.lan"
Set parameter TokenServer to value "licences.gerad.lan"
Set parameter TokenServer to value "licences.gerad.lan"
Set parameter FeasibilityTol to value 1e-09
Set parameter MIPGap to value 1e-09
Set parameter Threads to value 1
Set parameter OptimalityTol to value 1e-09
Set parameter IntFeasTol to value 1e-09
Set parameter TimeLimit to value 3600.558346015
reading orlib data file ../../../../../instances/uflp/orlib/cap103.txt
5.154396525399035e-6 * x * x
5.154396525399035e-6 * x * x
5.154396525399035e-6 * x * x
5.154396525399035e-6 * x * x
5.154396525399035e-6 * x * x
5.154396525399035e-6 * x * x
5.154396525399035e-6 * x * x
5.154396525399035e-6 * x * x
5.154396525399035e-6 * x * x
5.154396525399035e-6 * x * x
0.0x
5.154396525399035e-6 * x * x
5.154396525399035e-6 * x * x
5.154396525399035e-6 * x * x
5.154396525399035e-6 * x * x
5.154396525399035e-6 * x * x
5.154396525399035e-6 * x * x
5.154396525399035e-6 * x * x
5.154396525399035e-6 * x * x
5.154396525399035e-6 * x * x
5.154396525399035e-6 * x * x
5.154396525399035e-6 * x * x
5.154396525399035e-6 * x * x
5.154396525399035e-6 * x * x
5.154396525399035e-6 * x * x
5.154396525399035e-6 * x * x
5.154396525399035e-6 * x * x
5.154396525399035e-6 * x * x
5.154396525399035e-6 * x * x
5.154396525399035e-6 * x * x
5.154396525399035e-6 * x * x
5.154396525399035e-6 * x * x
5.154396525399035e-6 * x * x
5.154396525399035e-6 * x * x
5.154396525399035e-6 * x * x
0.0x
5.154396525399035e-6 * x * x
5.154396525399035e-6 * x * x
5.154396525399035e-6 * x * x
5.154396525399035e-6 * x * x
5.154396525399035e-6 * x * x
5.154396525399035e-6 * x * x
5.154396525399035e-6 * x * x
5.154396525399035e-6 * x * x
5.154396525399035e-6 * x * x
5.154396525399035e-6 * x * x
5.154396525399035e-6 * x * x
5.154396525399035e-6 * x * x
5.154396525399035e-6 * x * x
5.154396525399035e-6 * x * x
construct_constant_piece in x1, x2 = 0.0, 0.0031622763662718587
construct_constant_piece in x1, x2 = 0.0, 0.0031622763662718587
construct_constant_piece in x1, x2 = 0.0, 0.0031622763662718587
construct_constant_piece in x1, x2 = 0.0, 0.0031622763662718587
construct_constant_piece in x1, x2 = 0.0, 0.0031622763662718587
construct_constant_piece in x1, x2 = 0.0, 0.0031622763662718587
construct_constant_piece in x1, x2 = 0.0, 0.0031622763662718587
construct_constant_piece in x1, x2 = 0.0, 0.0031622763662718587
construct_constant_piece in x1, x2 = 0.0, 0.0031622763662718587
construct_constant_piece in x1, x2 = 0.0, 0.0031622763662718587
construct_constant_piece in x1, x2 = 0.0, 0.0031622763662718587
construct_constant_piece in x1, x2 = 0.0, 0.0031622763662718587
construct_constant_piece in x1, x2 = 0.0, 0.0031622763662718587
construct_constant_piece in x1, x2 = 0.0, 0.0031622763662718587
construct_constant_piece in x1, x2 = 0.0, 0.0031622763662718587
construct_constant_piece in x1, x2 = 0.0, 0.0031622763662718587
construct_constant_piece in x1, x2 = 0.0, 0.0031622763662718587
construct_constant_piece in x1, x2 = 0.0, 0.0031622763662718587
construct_constant_piece in x1, x2 = 0.0, 0.0031622763662718587
construct_constant_piece in x1, x2 = 0.0, 0.0031622763662718587
construct_constant_piece in x1, x2 = 0.0, 0.0031622763662718587
construct_constant_piece in x1, x2 = 0.0, 0.0031622763662718587
construct_constant_piece in x1, x2 = 0.0, 0.0031622763662718587
construct_constant_piece in x1, x2 = 0.0, 0.0031622763662718587
Iteration 1	LB = -1.0e20	UB = 1.0e20	CPU = 0.441653985, #pieces = 241
cutoff = 1.0e20
Iteration 2	LB = 653766.1077783372	UB = 653783.4610877385	CPU = 0.658800104, #pieces = 259
Iteration 3	LB = 653780.7480124412	UB = 653783.4610877385	CPU = 1.0349697070000001, #pieces = 329
WRITING LOG...
(653766.1077783372, 653783.4610877385, 652291.1499999999, 652291.1499999999, 1.1628479841698123, 0.0026542900569003756, 241, 1, 0.103597016, 0.5893146960000001)
(653780.7480124412, 653783.4610877385, 652291.1499999999, 652291.1499999999, 0.18180360111200822, 0.0004149807174364218, 259, 2, 0.14250991000000002, 0.697915458)
(653782.834538871, 653783.4610877385, 652291.1499999999, 652291.1499999999, 0.04198513786463356, 9.583430980554934e-5, 329, 3, 0.209087874, 1.1017615010000001)
