solving instance uflp nldep holmberg 60 pardivexp
The latest version of Julia in the `1.10` channel is 1.10.6+0.x64.linux.gnu. You currently have `1.10.5+0.x64.linux.gnu` installed. Run:

  juliaup update

in your terminal shell to install Julia 1.10.6+0.x64.linux.gnu and update the `1.10` channel to that version.
Set parameter TokenServer to value "licences.gerad.lan"
Set parameter TokenServer to value "licences.gerad.lan"
Set parameter TokenServer to value "licences.gerad.lan"
Set parameter FeasibilityTol to value 1e-09
Set parameter MIPGap to value 1e-09
Set parameter Threads to value 1
Set parameter OptimalityTol to value 1e-09
Set parameter IntFeasTol to value 1e-09
Set parameter TimeLimit to value 3584.251505497
reading holmberg data file ../../../../../instances/uflp/holmberg/p60
500.13882357374115 / (1 + 44.742557 * exp(-0.0025052007899934166 * (x + -1289.92270876)))
500.13882357374115 / (1 + 44.742557 * exp(-0.0025052007899934166 * (x + -1289.92270876)))
500.13882357374115 / (1 + 44.742557 * exp(-0.0025052007899934166 * (x + -1289.92270876)))
500.13882357374115 / (1 + 44.742557 * exp(-0.0025052007899934166 * (x + -1289.92270876)))
500.13882357374115 / (1 + 44.742557 * exp(-0.0025052007899934166 * (x + -1289.92270876)))
500.13882357374115 / (1 + 44.742557 * exp(-0.0025052007899934166 * (x + -1289.92270876)))
500.13882357374115 / (1 + 44.742557 * exp(-0.0025052007899934166 * (x + -1289.92270876)))
500.13882357374115 / (1 + 44.742557 * exp(-0.0025052007899934166 * (x + -1289.92270876)))
500.13882357374115 / (1 + 44.742557 * exp(-0.0025052007899934166 * (x + -1289.92270876)))
500.13882357374115 / (1 + 44.742557 * exp(-0.0025052007899934166 * (x + -1289.92270876)))
500.13882357374115 / (1 + 44.742557 * exp(-0.0025052007899934166 * (x + -1289.92270876)))
500.13882357374115 / (1 + 44.742557 * exp(-0.0025052007899934166 * (x + -1289.92270876)))
500.13882357374115 / (1 + 44.742557 * exp(-0.0025052007899934166 * (x + -1289.92270876)))
500.13882357374115 / (1 + 44.742557 * exp(-0.0025052007899934166 * (x + -1289.92270876)))
500.13882357374115 / (1 + 44.742557 * exp(-0.0025052007899934166 * (x + -1289.92270876)))
500.13882357374115 / (1 + 44.742557 * exp(-0.0025052007899934166 * (x + -1289.92270876)))
500.13882357374115 / (1 + 44.742557 * exp(-0.0025052007899934166 * (x + -1289.92270876)))
500.13882357374115 / (1 + 44.742557 * exp(-0.0025052007899934166 * (x + -1289.92270876)))
500.13882357374115 / (1 + 44.742557 * exp(-0.0025052007899934166 * (x + -1289.92270876)))
500.13882357374115 / (1 + 44.742557 * exp(-0.0025052007899934166 * (x + -1289.92270876)))
500.13882357374115 / (1 + 44.742557 * exp(-0.0025052007899934166 * (x + -1289.92270876)))
500.13882357374115 / (1 + 44.742557 * exp(-0.0025052007899934166 * (x + -1289.92270876)))
500.13882357374115 / (1 + 44.742557 * exp(-0.0025052007899934166 * (x + -1289.92270876)))
500.13882357374115 / (1 + 44.742557 * exp(-0.0025052007899934166 * (x + -1289.92270876)))
500.13882357374115 / (1 + 44.742557 * exp(-0.0025052007899934166 * (x + -1289.92270876)))
500.13882357374115 / (1 + 44.742557 * exp(-0.0025052007899934166 * (x + -1289.92270876)))
500.13882357374115 / (1 + 44.742557 * exp(-0.0025052007899934166 * (x + -1289.92270876)))
500.13882357374115 / (1 + 44.742557 * exp(-0.0025052007899934166 * (x + -1289.92270876)))
500.13882357374115 / (1 + 44.742557 * exp(-0.0025052007899934166 * (x + -1289.92270876)))
500.13882357374115 / (1 + 44.742557 * exp(-0.0025052007899934166 * (x + -1289.92270876)))
500.13882357374115 / (1 + 44.742557 * exp(-0.0025052007899934166 * (x + -1289.92270876)))
500.13882357374115 / (1 + 44.742557 * exp(-0.0025052007899934166 * (x + -1289.92270876)))
500.13882357374115 / (1 + 44.742557 * exp(-0.0025052007899934166 * (x + -1289.92270876)))
500.13882357374115 / (1 + 44.742557 * exp(-0.0025052007899934166 * (x + -1289.92270876)))
500.13882357374115 / (1 + 44.742557 * exp(-0.0025052007899934166 * (x + -1289.92270876)))
500.13882357374115 / (1 + 44.742557 * exp(-0.0025052007899934166 * (x + -1289.92270876)))
500.13882357374115 / (1 + 44.742557 * exp(-0.0025052007899934166 * (x + -1289.92270876)))
500.13882357374115 / (1 + 44.742557 * exp(-0.0025052007899934166 * (x + -1289.92270876)))
500.13882357374115 / (1 + 44.742557 * exp(-0.0025052007899934166 * (x + -1289.92270876)))
500.13882357374115 / (1 + 44.742557 * exp(-0.0025052007899934166 * (x + -1289.92270876)))
500.13882357374115 / (1 + 44.742557 * exp(-0.0025052007899934166 * (x + -1289.92270876)))
500.13882357374115 / (1 + 44.742557 * exp(-0.0025052007899934166 * (x + -1289.92270876)))
500.13882357374115 / (1 + 44.742557 * exp(-0.0025052007899934166 * (x + -1289.92270876)))
500.13882357374115 / (1 + 44.742557 * exp(-0.0025052007899934166 * (x + -1289.92270876)))
500.13882357374115 / (1 + 44.742557 * exp(-0.0025052007899934166 * (x + -1289.92270876)))
500.13882357374115 / (1 + 44.742557 * exp(-0.0025052007899934166 * (x + -1289.92270876)))
500.13882357374115 / (1 + 44.742557 * exp(-0.0025052007899934166 * (x + -1289.92270876)))
500.13882357374115 / (1 + 44.742557 * exp(-0.0025052007899934166 * (x + -1289.92270876)))
500.13882357374115 / (1 + 44.742557 * exp(-0.0025052007899934166 * (x + -1289.92270876)))
500.13882357374115 / (1 + 44.742557 * exp(-0.0025052007899934166 * (x + -1289.92270876)))
500.13882357374115 / (1 + 44.742557 * exp(-0.0025052007899934166 * (x + -1289.92270876)))
500.13882357374115 / (1 + 44.742557 * exp(-0.0025052007899934166 * (x + -1289.92270876)))
500.13882357374115 / (1 + 44.742557 * exp(-0.0025052007899934166 * (x + -1289.92270876)))
500.13882357374115 / (1 + 44.742557 * exp(-0.0025052007899934166 * (x + -1289.92270876)))
500.13882357374115 / (1 + 44.742557 * exp(-0.0025052007899934166 * (x + -1289.92270876)))
500.13882357374115 / (1 + 44.742557 * exp(-0.0025052007899934166 * (x + -1289.92270876)))
500.13882357374115 / (1 + 44.742557 * exp(-0.0025052007899934166 * (x + -1289.92270876)))
500.13882357374115 / (1 + 44.742557 * exp(-0.0025052007899934166 * (x + -1289.92270876)))
500.13882357374115 / (1 + 44.742557 * exp(-0.0025052007899934166 * (x + -1289.92270876)))
500.13882357374115 / (1 + 44.742557 * exp(-0.0025052007899934166 * (x + -1289.92270876)))
Iteration 1	LB = -1.0e20	UB = 1.0e20	CPU = 16.748494503, #pieces = 270
cutoff = 1.0e20
Iteration 2	LB = 8903.83348665389	UB = 8904.286904154236	CPU = 17.172229942, #pieces = 296
Iteration 3	LB = 8904.191102731267	UB = 8904.286904154236	CPU = 17.752717230000002, #pieces = 371
Iteration 4	LB = 8904.266879484081	UB = 8904.286904154236	CPU = 18.01549473, #pieces = 375
Iteration 5	LB = 8904.275267045521	UB = 8904.286904154236	CPU = 19.183722279, #pieces = 529
WRITING LOG...
(8903.83348665389, 8904.286904154236, 8882.0, 8882.0, 2.0344570838934555, 0.005092125907745238, 270, 1, 0.129682124, 16.909621246)
(8904.191102731267, 8904.286904154236, 8882.0, 8882.0, 0.4298552293584443, 0.0010759022479879144, 296, 2, 0.2705322, 17.313270911)
(8904.266879484081, 8904.286904154236, 8882.0, 8882.0, 0.10981773227663014, 0.00022488797104951912, 371, 3, 0.509601362, 17.992043804)
(8904.275267045521, 8904.286904154236, 8882.0, 8882.0, 0.052215007677220454, 0.00013069107993049964, 375, 4, 0.7224542979999999, 18.22861413)
(8904.28467173591, 8904.286904154236, 8882.0, 8882.0, 0.0100167269128446, 2.5071275785326997e-5, 529, 5, 0.993781421, 19.455272573000002)
