solving instance uflp nldep holmberg 10 exp
The latest version of Julia in the `1.10` channel is 1.10.6+0.x64.linux.gnu. You currently have `1.10.5+0.x64.linux.gnu` installed. Run:

  juliaup update

in your terminal shell to install Julia 1.10.6+0.x64.linux.gnu and update the `1.10` channel to that version.
Set parameter TokenServer to value "licences.gerad.lan"
Set parameter TokenServer to value "licences.gerad.lan"
Set parameter TokenServer to value "licences.gerad.lan"
Set parameter FeasibilityTol to value 1e-09
Set parameter MIPGap to value 1e-09
Set parameter Threads to value 1
Set parameter OptimalityTol to value 1e-09
Set parameter IntFeasTol to value 1e-09
Set parameter TimeLimit to value 3598.773901944
reading holmberg data file ../../../../../instances/uflp/holmberg/p10
150.0 + 450.0 / (1 + 728.0 * exp(-0.006868131868131868 * (x + -145.6)))
150.0 + 450.0 / (1 + 728.0 * exp(-0.006868131868131868 * (x + -145.6)))
150.0 + 450.0 / (1 + 728.0 * exp(-0.006868131868131868 * (x + -145.6)))
150.0 + 450.0 / (1 + 728.0 * exp(-0.006868131868131868 * (x + -145.6)))
150.0 + 450.0 / (1 + 728.0 * exp(-0.006868131868131868 * (x + -145.6)))
150.0 + 450.0 / (1 + 728.0 * exp(-0.006868131868131868 * (x + -145.6)))
150.0 + 450.0 / (1 + 728.0 * exp(-0.006868131868131868 * (x + -145.6)))
150.0 + 450.0 / (1 + 728.0 * exp(-0.006868131868131868 * (x + -145.6)))
150.0 + 450.0 / (1 + 728.0 * exp(-0.006868131868131868 * (x + -145.6)))
150.0 + 450.0 / (1 + 728.0 * exp(-0.006868131868131868 * (x + -145.6)))
150.0 + 450.0 / (1 + 728.0 * exp(-0.006868131868131868 * (x + -145.6)))
150.0 + 450.0 / (1 + 728.0 * exp(-0.006868131868131868 * (x + -145.6)))
150.0 + 450.0 / (1 + 728.0 * exp(-0.006868131868131868 * (x + -145.6)))
150.0 + 450.0 / (1 + 728.0 * exp(-0.006868131868131868 * (x + -145.6)))
150.0 + 450.0 / (1 + 728.0 * exp(-0.006868131868131868 * (x + -145.6)))
150.0 + 450.0 / (1 + 728.0 * exp(-0.006868131868131868 * (x + -145.6)))
150.0 + 450.0 / (1 + 728.0 * exp(-0.006868131868131868 * (x + -145.6)))
150.0 + 450.0 / (1 + 728.0 * exp(-0.006868131868131868 * (x + -145.6)))
150.0 + 450.0 / (1 + 728.0 * exp(-0.006868131868131868 * (x + -145.6)))
150.0 + 450.0 / (1 + 728.0 * exp(-0.006868131868131868 * (x + -145.6)))
Iteration 1	LB = -1.0e20	UB = 1.0e20	CPU = 2.226098056, #pieces = 40
cutoff = 1.0e20
Iteration 2	LB = 6141.2835831403	UB = 6232.686716634649	CPU = 2.485299001, #pieces = 50
Iteration 3	LB = 6215.803324397903	UB = 6232.686716634649	CPU = 2.561504057, #pieces = 64
Iteration 4	LB = 6230.207701884801	UB = 6232.686716634649	CPU = 2.628878753, #pieces = 76
Iteration 5	LB = 6232.3949990105775	UB = 6232.686716634649	CPU = 2.789675398, #pieces = 99
Iteration 6	LB = 6232.6513081051335	UB = 6232.686716634649	CPU = 2.9554264270000004, #pieces = 124
WRITING LOG...
(6141.2835831403, 6232.686716634649, 4726.0, 4726.0, 6.066498926764831, 1.4665125595098507, 40, 1, 0.05287801, 2.311775937)
(6215.803324397903, 6232.686716634649, 4726.0, 4726.0, 1.1205642188481402, 0.2708846602490871, 50, 2, 0.070776692, 2.5033233160000004)
(6230.207701884801, 6232.686716634649, 4726.0, 4726.0, 0.16453418766344954, 0.03977441611547048, 64, 3, 0.091144235, 2.582007511)
(6232.3949990105775, 6232.686716634649, 4726.0, 4726.0, 0.019361531554699263, 0.004680447411115721, 76, 4, 0.11559487900000001, 2.6534772920000003)
(6232.6513081051335, 6232.686716634649, 4726.0, 4726.0, 0.0023500923665686485, 0.0005681102087360104, 99, 5, 0.149571592, 2.823804565)
(6232.681859960603, 6232.686716634649, 4726.0, 4726.0, 0.0003223413329708975, 7.79226402176355e-5, 124, 6, 0.191366604, 2.9973631700000003)
