2023/11/29
gurobi is now 11.0.0
previous version was 10.0.3
solving instance knapsack 500 6 sinabc1
Set parameter TokenServer to value "licences.gerad.lan"
Set parameter MIPGap to value 1e-06
Set parameter FuncPieceError to value 1e-06
Set parameter Threads to value 1
Set parameter FuncPieces to value -2
Set parameter TimeLimit to value 3600
Gurobi Optimizer version 12.0.0 build v12.0.0rc1 (linux64 - "AlmaLinux 9.6 (Sage Margay)")

CPU model: Intel(R) Xeon(R) Gold 6258R CPU @ 2.70GHz, instruction set [SSE2|AVX|AVX2|AVX512]
Thread count: 56 physical cores, 56 logical processors, using up to 1 threads

Non-default parameters:
TimeLimit  3600
MIPGap  1e-06
Threads  1
FuncPieces  -2
FuncPieceError  1e-06

Optimize a model with 2501 rows, 3500 columns and 5500 nonzeros
Model fingerprint: 0x27980974
Model has 1000 function constraints treated as nonlinear
  500 POW, 500 SIN
Variable types: 3000 continuous, 500 integer (500 binary)
Coefficient statistics:
  Matrix range     [8e-03, 1e+02]
  Objective range  [1e+00, 1e+00]
  Bounds range     [1e+00, 1e+10]
  RHS range        [1e+02, 1e+06]
Warning: Model contains large bounds
         Consider reformulating model or setting NumericFocus parameter
         to avoid numerical issues.
Presolve removed 2000 rows and 2000 columns
Presolve time: 0.01s
Presolved: 3502 rows, 2002 columns, 8501 nonzeros
Presolved model has 500 bilinear constraint(s)
Presolved model has 500 nonlinear constraint(s)

Solving non-convex MINLP

Variable types: 2002 continuous, 0 integer (0 binary)
Found heuristic solution: objective -15830.40332

Root relaxation: objective -1.714087e+04, 2702 iterations, 0.05 seconds (0.10 work units)

    Nodes    |    Current Node    |     Objective Bounds      |     Work
 Expl Unexpl |  Obj  Depth IntInf | Incumbent    BestBd   Gap | It/Node Time

     0     0 -17140.866    0  683 -15830.403 -17140.866  8.28%     -    0s
     0     0 -16691.268    0  620 -15830.403 -16691.268  5.44%     -    0s
     0     0 -16204.666    0  590 -15830.403 -16204.666  2.36%     -    0s
     0     0 -16174.633    0  595 -15830.403 -16174.633  2.17%     -    0s
     0     0 -16133.808    0  594 -15830.403 -16133.808  1.92%     -    0s
     0     0 -16132.758    0  592 -15830.403 -16132.758  1.91%     -    0s
     0     0 -16119.852    0  594 -15830.403 -16119.852  1.83%     -    0s
     0     0 -16119.689    0  594 -15830.403 -16119.689  1.83%     -    0s
     0     0 -16115.598    0  594 -15830.403 -16115.598  1.80%     -    0s
     0     0 -16114.935    0  594 -15830.403 -16114.935  1.80%     -    0s
H    0     0                    -15880.74693 -16114.935  1.47%     -    0s
     0     2 -16114.935    0  594 -15880.747 -16114.935  1.47%     -    0s
  1031  1007 -15887.043  464    0 -15880.747 -16075.750  1.23%  22.1    5s
H 1031   956                    -15883.40660 -16075.750  1.21%  22.1    5s
H 1031   908                    -15884.73855 -16075.750  1.20%  22.1    5s
H 1084   899                    -15884.73867 -16074.253  1.19%  25.0    7s
H 1550  1165                    -15885.25182 -16074.253  1.19%  30.5    8s
H 1550  1124                    -15886.71975 -16074.253  1.18%  30.5    8s
H 1550  1085                    -15887.54759 -16074.253  1.18%  30.5    8s
  1852  1289 -15903.522  432  547 -15887.548 -16074.253  1.18%  29.5   10s
  3216  2116 -16027.833  117  560 -15887.548 -16072.908  1.17%  34.5   15s
  4769  3611 -15909.468  405  546 -15887.548 -16072.908  1.17%  36.1   20s
  6073  4829 -16026.570  114  560 -15887.548 -16071.230  1.16%  37.3   25s
H 6597  5333                    -15888.57655 -16071.230  1.15%  39.6   26s
  7551  6253 -15910.687  381  550 -15888.577 -16070.731  1.15%  39.3   30s
  8806  7402 -16059.342   38  586 -15888.577 -16070.607  1.15%  40.3   35s
 10233  8817 -15894.465  384  554 -15888.577 -16070.607  1.15%  39.7   40s
 11737 10281 -15898.905  386  543 -15888.577 -16070.607  1.15%  38.7   45s
 13099 11555 -15925.613  315  550 -15888.577 -16070.109  1.14%  39.8   50s
 14407 12769 -15950.557  235  551 -15888.577 -16070.109  1.14%  39.9   55s
 15554 13862 -16043.846   71  570 -15888.577 -16070.085  1.14%  39.2   60s
 16980 15286 -15890.932  401  551 -15888.577 -16070.085  1.14%  38.9   65s
H17747 15969                    -15888.83599 -16070.085  1.14%  38.7   67s
 18390 16584 -15891.428  357  558 -15888.836 -16070.085  1.14%  38.4   70s
 19822 17990 -15894.111  387  548 -15888.836 -16069.682  1.14%  38.7   75s
H20386 18504                    -15888.83608 -16069.682  1.14%  39.0   77s
 21292 19412 -15908.332  385  546 -15888.836 -16069.682  1.14%  38.3   80s
 22469 20399 -15960.832  247  546 -15888.836 -16069.447  1.14%  38.1   85s
 23824 21692 -15889.759  851  346 -15888.836 -16069.447  1.14%  38.0   90s
 25155 22975 -15892.366  365  557 -15888.836 -16069.447  1.14%  38.1   95s
 26516 23990 -15993.720  125  559 -15888.836 -16068.038  1.13%  38.2  100s
 27865 25263 -15978.302  176  541 -15888.836 -16067.816  1.13%  38.2  105s
 29199 26505 -15923.254  307  547 -15888.836 -16067.403  1.12%  38.8  110s
 30453 27563 -15930.918   38  585 -15888.836 -16066.960  1.12%  38.9  115s
 31884 28950 -15911.815  382  539 -15888.836 -16066.899  1.12%  39.0  120s
 32883 29907 -15890.915  501  513 -15888.836 -16066.899  1.12%  38.8  125s
 34067 30727 infeasible   58      -15888.836 -16066.728  1.12%  38.4  130s
 35223 31789 -15910.483  321  551 -15888.836 -16066.680  1.12%  39.0  135s
 36244 32732 -15899.199  449  511 -15888.836 -16066.663  1.12%  39.3  140s
 37354 33698 infeasible   60      -15888.836 -16066.618  1.12%  39.7  145s
 38569 34701 -16024.221   97  559 -15888.836 -16066.421  1.12%  39.5  150s
 39767 35899 -15904.707  390  540 -15888.836 -16066.421  1.12%  39.4  155s
 40808 36704 -15934.893  324  521 -15888.836 -16066.366  1.12%  39.7  160s
 41985 37691 -15923.461  326  550 -15888.836 -16066.290  1.12%  40.0  165s
 43245 38895 -15921.207  324  545 -15888.836 -16066.290  1.12%  40.8  170s
 44367 39763 -15896.889   47  570 -15888.836 -16066.128  1.12%  40.3  175s
 45700 40882 -15968.901  205  549 -15888.836 -16066.062  1.12%  40.4  180s
 46858 42028 -15892.348  422  533 -15888.836 -16066.062  1.12%  40.5  185s
 48020 42906 -16016.594  111  562 -15888.836 -16065.901  1.11%  40.8  190s
 49213 43999 -15909.861  410  507 -15888.836 -16065.815  1.11%  41.5  195s
 50537 45273 -15925.619  309  546 -15888.836 -16065.815  1.11%  41.6  200s
 51579 46213 -15890.490   58  565 -15888.836 -16065.812  1.11%  41.4  205s
 52863 47177 -15967.910  209  551 -15888.836 -16065.696  1.11%  41.6  210s
 54010 48252 -15907.452   43  584 -15888.836 -16065.596  1.11%  41.7  215s
 55248 49376 -15925.631  304  544 -15888.836 -16065.565  1.11%  42.4  220s
 56499 50431 -15893.180  686  451 -15888.836 -16065.417  1.11%  42.3  225s
 57774 51620 -15912.569  350  549 -15888.836 -16065.404  1.11%  42.4  230s
 58823 52455 -15949.565  271  536 -15888.836 -16065.349  1.11%  42.8  235s
 59941 53295 -15993.170  104  561 -15888.836 -16065.254  1.11%  42.8  240s
 61199 54553 -15904.304  400  531 -15888.836 -16065.254  1.11%  43.0  245s
 62238 55490 -15929.558  311  533 -15888.836 -16065.254  1.11%  43.4  250s
 63473 56469 -15897.182  438  510 -15888.836 -16065.146  1.11%  43.6  255s
 64705 57563 -15914.121  337  543 -15888.836 -16065.112  1.11%  44.0  260s
 65821 58451 -15930.015  326  520 -15888.836 -16065.044  1.11%  44.0  265s
 67094 59492 -15905.383  377  542 -15888.836 -16064.997  1.11%  44.1  270s
 68348 60646 -15909.643  333  548 -15888.836 -16064.980  1.11%  44.2  275s
 69481 61451 -15943.450  288  528 -15888.836 -16064.902  1.11%  44.4  280s
 70787 62607 -15926.699  302  543 -15888.836 -16064.818  1.11%  44.6  285s
 71840 63582 -16063.610   32  588 -15888.836 -16064.779  1.11%  44.5  290s
 73100 64658 -15932.258  278  543 -15888.836 -16064.728  1.11%  44.9  295s
 74254 65680 -15893.982  660  451 -15888.836 -16064.704  1.11%  45.0  300s
 75560 66942 -15908.605  365  538 -15888.836 -16064.672  1.11%  45.0  305s
 76694 67772 -15926.923  272  560 -15888.836 -16064.648  1.11%  44.8  310s
 77868 68780 -16002.523  140  554 -15888.836 -16064.596  1.11%  45.1  315s
 79128 70034 -15892.564  395  531 -15888.836 -16064.596  1.11%  45.1  320s
 80291 71049 -15962.113  165  551 -15888.836 -16064.571  1.11%  45.3  325s
 81597 72097 -15921.575  379  513 -15888.836 -16064.511  1.11%  45.4  330s
 82901 73311 -15931.484  316  541 -15888.836 -16064.454  1.11%  45.5  335s
 84054 74454 -15894.756  467  510 -15888.836 -16064.454  1.11%  45.1  340s
 85125 75237 -15946.008  257  535 -15888.836 -16064.416  1.11%  45.0  345s
 86449 76291 -15931.012  295  548 -15888.836 -16064.351  1.10%  45.1  350s
 87511 77299 -15972.036  182  540 -15888.836 -16064.351  1.10%  45.1  355s
 88753 78231 infeasible  580      -15888.836 -16064.328  1.10%  45.1  360s
 90021 79399 -15904.456  351  548 -15888.836 -16064.303  1.10%  45.2  365s
 91070 80232 -15890.531  412  528 -15888.836 -16064.240  1.10%  45.4  370s
 92339 81279 -16006.804   91  561 -15888.836 -16064.184  1.10%  45.6  375s
 93355 82279 -15899.279  355  544 -15888.836 -16064.184  1.10%  45.7  380s
H94236 82836                    -15888.84292 -16064.137  1.10%  45.7  383s
 94505 83107 -15896.855  506  497 -15888.843 -16064.137  1.10%  45.8  385s
 95801 84261 -15908.018  335  545 -15888.843 -16064.098  1.10%  46.0  390s
 96948 85238 -15892.334  566  481 -15888.843 -16064.094  1.10%  46.1  395s
H98078 86198                    -15888.84303 -16063.978  1.10%  46.4  399s
 98264 86386 -15930.635  288  542 -15888.843 -16063.978  1.10%  46.4  400s
 99302 87416 -15892.190  451  523 -15888.843 -16063.978  1.10%  46.2  405s
H100007 87797                    -15888.84357 -16063.907  1.10%  46.1  407s
 100521 88177 -15908.296   47  584 -15888.844 -16063.901  1.10%  46.2  410s
 101708 89200     cutoff  341      -15888.844 -16063.805  1.10%  46.5  415s
 102897 90205 -15935.353   37  580 -15888.844 -16063.781  1.10%  46.7  420s
 104288 91464 -15915.966  312  548 -15888.844 -16063.718  1.10%  46.8  425s
 105423 92387 -15889.397  429  507 -15888.844 -16063.688  1.10%  46.8  430s
 106679 93417 -16036.061   72  566 -15888.844 -16063.666  1.10%  46.9  435s
 107904 94604 -15890.946  380  542 -15888.844 -16063.666  1.10%  47.0  440s
 109021 95517 -15888.990  371  520 -15888.844 -16063.610  1.10%  47.4  445s
 110398 96824 -15912.366  374  538 -15888.844 -16063.583  1.10%  47.5  450s
 111473 97789 -15889.464  512  506 -15888.844 -16063.583  1.10%  47.1  455s
H111939 98091                    -15888.84362 -16063.563  1.10%  47.1  456s
 112723 98827 -15932.526  242  545 -15888.844 -16063.522  1.10%  47.4  460s
 113961 99903 -15943.164  280  548 -15888.844 -16063.480  1.10%  47.5  465s
 115084 101018 -15889.666  453  521 -15888.844 -16063.480  1.10%  47.4  470s
 116341 101993 -15922.080  352  521 -15888.844 -16063.438  1.10%  47.4  475s
 117646 103190 -15912.179  319  550 -15888.844 -16063.399  1.10%  47.5  480s
 118767 104149 -15901.826  457  507 -15888.844 -16063.385  1.10%  47.6  485s
 119980 105174 -16007.632   36  585 -15888.844 -16063.333  1.10%  47.9  490s
 121354 106432 -15929.288  310  543 -15888.844 -16063.301  1.10%  48.1  495s
H122293 107359                    -15888.84365 -16063.301  1.10%  48.0  499s
 122414 107482 -15891.785  460  524 -15888.844 -16063.301  1.10%  48.0  500s
 123628 108252 -16027.122   79  564 -15888.844 -16063.240  1.10%  48.0  505s
 124883 109507 -15902.107  387  541 -15888.844 -16063.240  1.10%  48.0  510s
 126009 110535 -15895.066  421  533 -15888.844 -16063.232  1.10%  48.2  515s
 127225 111485 -16057.355   35  584 -15888.844 -16063.209  1.10%  48.4  520s
 128596 112852 -15907.302  345  546 -15888.844 -16063.209  1.10%  48.4  525s
H129520 113582                    -15888.92076 -16063.170  1.10%  48.5  529s
 129687 113751 -15919.604  350  522 -15888.921 -16063.170  1.10%  48.6  530s
 130884 114752 -15890.461  446  526 -15888.921 -16063.162  1.10%  48.8  535s
 132185 116001 -15902.632  363  539 -15888.921 -16063.154  1.10%  48.8  540s
 133347 116873 -16029.090   77  568 -15888.921 -16063.101  1.10%  48.8  545s
 134689 118141 -15921.259  305  552 -15888.921 -16063.089  1.10%  49.0  550s
 135793 119091 -15935.605  298  528 -15888.921 -16063.068  1.10%  49.1  555s
 136971 120129 -15890.365   42  576 -15888.921 -16063.052  1.10%  49.3  560s
 138326 121426 -15905.711  377  538 -15888.921 -16063.028  1.10%  49.3  565s
 139531 122385 -15905.631  452  508 -15888.921 -16062.989  1.10%  49.2  570s
 140795 123493 -15919.461  312  550 -15888.921 -16062.969  1.10%  49.3  575s
 141889 124419 -15930.502  322  527 -15888.921 -16062.962  1.10%  49.4  580s
 142994 125298 -16027.461   79  564 -15888.921 -16062.936  1.10%  49.4  585s
 144134 126438 -15905.479  365  535 -15888.921 -16062.936  1.10%  49.4  590s
 145216 127362 -15891.635  600  465 -15888.921 -16062.891  1.09%  49.4  595s
 146387 128331 -15928.979  317  542 -15888.921 -16062.873  1.09%  49.4  600s
 147327 129265 -15894.041  453  526 -15888.921 -16062.873  1.09%  49.3  605s
 148394 129950 -15898.959   58  577 -15888.921 -16062.846  1.09%  49.3  610s
 149532 130928 -15930.128  241  548 -15888.921 -16062.835  1.09%  49.4  615s
 150561 131721 -15926.223  325  533 -15888.921 -16062.819  1.09%  49.4  620s
 151654 132722 -15896.621  442  521 -15888.921 -16062.809  1.09%  49.5  625s
 152814 133758 -15909.563  279  542 -15888.921 -16062.799  1.09%  49.7  630s
 153839 134721 -15894.381  597  468 -15888.921 -16062.799  1.09%  49.7  635s
 154996 135528 -16031.530   77  566 -15888.921 -16062.733  1.09%  49.7  640s
 156166 136690 -15901.079  372  541 -15888.921 -16062.733  1.09%  49.7  645s
 157253 137543 -16015.692   59  579 -15888.921 -16062.711  1.09%  49.8  650s
 158451 138567 -15942.663  210  543 -15888.921 -16062.643  1.09%  50.0  655s
 159598 139714 -15898.703  438  526 -15888.921 -16062.643  1.09%  50.0  660s
 160622 140442 -16034.483   31  589 -15888.921 -16062.617  1.09%  49.9  665s
 162002 141706 -15925.674  312  542 -15888.921 -16062.593  1.09%  49.9  670s
 163065 142655 -16042.301   54  578 -15888.921 -16062.582  1.09%  49.7  675s
 164259 143801 -15889.594  490  501 -15888.921 -16062.582  1.09%  50.0  680s
 165560 144842 -15889.022  692  447 -15888.921 -16062.539  1.09%  49.9  685s
 166742 145970 -15916.018  363  533 -15888.921 -16062.529  1.09%  50.1  690s
 167796 146994 -15889.441  499  504 -15888.921 -16062.529  1.09%  49.9  695s
 168972 147752 -16039.096   63  573 -15888.921 -16062.490  1.09%  49.9  700s
 170183 148945 -15895.091  370  537 -15888.921 -16062.490  1.09%  50.0  705s
 171311 149777 -16003.152  124  549 -15888.921 -16062.444  1.09%  50.0  710s
 172684 151106 -15922.603  294  553 -15888.921 -16062.440  1.09%  50.0  715s
 173768 151934 -15941.347  233  548 -15888.921 -16062.430  1.09%  50.0  720s
 174965 152911 -16057.199   37  588 -15888.921 -16062.392  1.09%  50.1  725s
 175908 153854 -15915.821  327  548 -15888.921 -16062.392  1.09%  50.2  730s
 176992 154842 -15931.135  322  520 -15888.921 -16062.390  1.09%  50.2  735s
 178155 155609 -15889.259   69  561 -15888.921 -16062.346  1.09%  50.2  740s
 179459 156899 -15903.956  373  539 -15888.921 -16062.346  1.09%  50.2  745s
 180503 157755 -15889.524  486  504 -15888.921 -16062.331  1.09%  50.3  750s
 181832 158790 -15917.575  329  547 -15888.921 -16062.312  1.09%  50.3  755s
 182955 159597 -15996.459  144  550 -15888.921 -16062.258  1.09%  50.2  760s
 184328 160852 -15925.443  312  548 -15888.921 -16062.235  1.09%  50.3  765s
 185351 161787 -16019.462   58  577 -15888.921 -16062.235  1.09%  50.2  770s
 186532 162884 -15914.445  395  516 -15888.921 -16062.229  1.09%  50.3  775s
 187733 163753 -15893.621  501  492 -15888.921 -16062.194  1.09%  50.3  780s
 189022 165020 -15905.527  364  539 -15888.921 -16062.185  1.09%  50.3  785s
 190155 165869 -16025.458   83  570 -15888.921 -16062.128  1.09%  50.3  790s
H191179 166849                    -15888.92105 -16062.124  1.09%  50.5  794s
 191310 166906 -16059.447   33  584 -15888.921 -16062.110  1.09%  50.5  795s
 192487 168069 -15906.273  362  539 -15888.921 -16062.110  1.09%  50.6  800s
 193703 168947 -16022.594   83  557 -15888.921 -16062.076  1.09%  50.5  805s
 195060 170210 -15931.539  278  545 -15888.921 -16062.070  1.09%  50.6  810s
 196186 171120 infeasible   74      -15888.921 -16062.057  1.09%  50.4  815s
 197400 172276 -15894.223  418  532 -15888.921 -16062.048  1.09%  50.6  820s
 198694 173428 -15909.148  341  547 -15888.921 -16062.024  1.09%  50.7  825s
H199202 173886                    -15888.92116 -16062.024  1.09%  50.6  827s
 199814 174328 -15907.979   43  584 -15888.921 -16062.016  1.09%  50.6  830s
 201198 175482 -15927.611  235  555 -15888.921 -16062.001  1.09%  50.7  835s
 202339 176473 -16034.274   33  587 -15888.921 -16061.984  1.09%  50.6  840s
H203466 177550                    -15888.92146 -16061.984  1.09%  50.8  844s
 203522 177608 -15914.670  396  512 -15888.921 -16061.984  1.09%  50.8  845s
 204890 178776 -15923.671  319  544 -15888.921 -16061.972  1.09%  50.8  850s
 205975 179669 -15889.996   72  561 -15888.921 -16061.959  1.09%  50.7  855s
 207376 180888 -15918.740  279  541 -15888.921 -16061.905  1.09%  50.8  860s
 208488 181978 -15889.788  454  519 -15888.921 -16061.905  1.09%  50.6  865s
 209795 182893 -15909.053  356  530 -15888.921 -16061.870  1.09%  50.6  870s
 211061 184111 -15911.216  366  536 -15888.921 -16061.867  1.09%  50.7  875s
 212227 185035 -15924.620  319  534 -15888.921 -16061.859  1.09%  50.7  880s
H212748 185478                    -15888.92233 -16061.849  1.09%  50.7  882s
 213361 186085 -15889.477  481  518 -15888.922 -16061.849  1.09%  50.8  885s
 214577 187237 -15915.969  360  535 -15888.922 -16061.848  1.09%  51.0  890s
 215575 188119 -16004.556   40  584 -15888.922 -16061.847  1.09%  50.8  895s
 216827 189153 -16012.066  110  554 -15888.922 -16061.839  1.09%  50.9  900s
 218018 190296 -15907.263  305  539 -15888.922 -16061.831  1.09%  51.1  905s
 219157 191179 -16060.591   33  585 -15888.922 -16061.803  1.09%  51.1  910s
 220479 192319 -15899.265  345  550 -15888.922 -16061.786  1.09%  51.1  915s
 221693 193213 -15928.416  262  548 -15888.922 -16061.755  1.09%  51.2  920s
 222902 194334 -15910.176  345  542 -15888.922 -16061.743  1.09%  51.2  925s
 224028 195338 -15900.508  312  543 -15888.922 -16061.737  1.09%  51.3  930s
H224506 195748                    -15888.92234 -16061.730  1.09%  51.4  932s
 225240 196260 -16012.501  109  556 -15888.922 -16061.716  1.09%  51.3  935s
 226439 197451 -15889.787  402  532 -15888.922 -16061.716  1.09%  51.3  940s
 227593 198401 -15935.616  330  520 -15888.922 -16061.683  1.09%  51.3  945s
 228883 199591 -15903.266  366  540 -15888.922 -16061.681  1.09%  51.3  950s
 230110 200772 -15889.459  360  538 -15888.922 -16061.680  1.09%  51.4  955s
 231253 201697 -15899.056   58  567 -15888.922 -16061.663  1.09%  51.4  960s
 232571 202837 -15929.948  274  553 -15888.922 -16061.647  1.09%  51.4  965s
 233638 203608 -16010.490  108  555 -15888.922 -16061.619  1.09%  51.4  970s
 234846 204670 -16030.631   71  570 -15888.922 -16061.610  1.09%  51.6  975s
 236080 205888 -15896.339  385  536 -15888.922 -16061.610  1.09%  51.6  980s
 237268 206712 -15917.424  270  535 -15888.922 -16061.593  1.09%  51.6  985s
 238393 207783 -15904.121  321  551 -15888.922 -16061.588  1.09%  51.6  990s
 239387 208579 -15938.874  256  544 -15888.922 -16061.585  1.09%  51.7  995s
 240544 209484 -15933.970  286  547 -15888.922 -16061.569  1.09%  51.7 1000s
 241467 210349 -15890.842  447  526 -15888.922 -16061.569  1.09%  51.7 1005s
 242580 211154 -15921.174  332  532 -15888.922 -16061.524  1.09%  51.8 1010s
 243725 212197 -15909.663  316  551 -15888.922 -16061.512  1.09%  51.8 1015s
 244698 213106 -15935.084  251  551 -15888.922 -16061.511  1.09%  51.9 1020s
 245733 213967 -15893.020   62  569 -15888.922 -16061.495  1.09%  51.9 1025s
 246869 214901 -15917.966  320  542 -15888.922 -16061.474  1.09%  51.9 1030s
 247829 215583 -15890.243   70  561 -15888.922 -16061.444  1.09%  51.9 1035s
 248994 216642 -15943.896  263  546 -15888.922 -16061.430  1.09%  51.9 1040s
 250118 217696 -15937.851  276  549 -15888.922 -16061.428  1.09%  51.9 1045s
 251087 218599 -15891.863  436  531 -15888.922 -16061.428  1.09%  51.9 1050s
 252231 219519 -15891.254   51  574 -15888.922 -16061.400  1.09%  51.9 1055s
 253512 220768 -15924.972  295  550 -15888.922 -16061.396  1.09%  51.9 1060s
 254539 221571 -15976.329  127  548 -15888.922 -16061.386  1.09%  51.9 1065s
 255855 222773 -15918.010  331  545 -15888.922 -16061.367  1.09%  52.0 1070s
 256966 223744 -15919.355  351  525 -15888.922 -16061.362  1.09%  51.9 1075s
 258191 224707 -15998.561  137  554 -15888.922 -16061.343  1.09%  51.9 1080s
 259380 225882 -15898.768  415  531 -15888.922 -16061.343  1.09%  51.9 1085s
H259888 226232                    -15888.92234 -16061.329  1.09%  51.9 1087s
 260455 226755 -16034.866   34  584 -15888.922 -16061.313  1.08%  52.0 1090s
 261684 227742 -15936.089  277  546 -15888.922 -16061.304  1.08%  52.1 1095s
 262775 228757 -15977.995  176  548 -15888.922 -16061.303  1.08%  52.1 1100s
 264087 229715 -15993.035   64  576 -15888.922 -16061.278  1.08%  52.1 1105s
 265237 230707 -15970.745  199  546 -15888.922 -16061.260  1.08%  52.1 1110s
 266496 231758 -15925.678  243  549 -15888.922 -16061.249  1.08%  52.2 1115s
 267598 232642 -15900.705  457  509 -15888.922 -16061.225  1.08%  52.2 1120s
 268753 233649 -16053.268   38  586 -15888.922 -16061.205  1.08%  52.3 1125s
 270094 234980 -15898.494  344  547 -15888.922 -16061.205  1.08%  52.3 1130s
 271159 235825 infeasible   40      -15888.922 -16061.199  1.08%  52.3 1135s
 272478 236972 -15929.837  264  557 -15888.922 -16061.194  1.08%  52.4 1140s
 273437 237761 -15985.893  121  552 -15888.922 -16061.188  1.08%  52.4 1145s
 274494 238762 -15914.618  355  528 -15888.922 -16061.185  1.08%  52.5 1150s
H275506 239668                    -15888.92235 -16061.183  1.08%  52.5 1154s
 275589 239753 -15919.317  322  545 -15888.922 -16061.183  1.08%  52.5 1155s
 276608 240624 -15930.485  233  543 -15888.922 -16061.183  1.08%  52.4 1160s
 277876 241716 -15996.500  145  556 -15888.922 -16061.171  1.08%  52.4 1165s
 279066 242896 -15902.880  407  533 -15888.922 -16061.171  1.08%  52.5 1170s
 280232 243930 -15908.859  370  540 -15888.922 -16061.165  1.08%  52.5 1175s
 281503 244913 -15994.035  145  554 -15888.922 -16061.146  1.08%  52.4 1180s
H282533 245884                    -15888.96595 -16061.146  1.08%  52.4 1184s
 282703 246048 -15899.128  417  528 -15888.966 -16061.146  1.08%  52.4 1185s
 283782 246881 -15897.323   62  571 -15888.966 -16061.139  1.08%  52.4 1190s
H284626 247561                    -15888.96599 -16061.130  1.08%  52.4 1193s
 284972 247909 -15924.878  307  544 -15888.966 -16061.130  1.08%  52.5 1195s
 286066 248949 -15905.264  310  539 -15888.966 -16061.128  1.08%  52.6 1200s
 287163 249768 infeasible   56      -15888.966 -16061.114  1.08%  52.6 1205s
 288492 250903 -15917.926  342  539 -15888.966 -16061.111  1.08%  52.7 1210s
 289281 251612 infeasible  478      -15888.966 -16061.111  1.08%  52.6 1215s
 290559 252540 -15963.677  151  549 -15888.966 -16061.087  1.08%  52.6 1220s
 291732 253677 -15892.962  417  535 -15888.966 -16061.087  1.08%  52.5 1225s
 292897 254502 -15910.712  385  522 -15888.966 -16061.059  1.08%  52.6 1230s
 294057 255498 -15900.212   51  578 -15888.966 -16061.046  1.08%  52.6 1235s
 295189 256486 -16023.355   84  561 -15888.966 -16061.032  1.08%  52.8 1240s
H295549 256844                    -15888.96656 -16061.032  1.08%  52.8 1241s
 296395 257506 -15959.675  161  547 -15888.967 -16061.013  1.08%  52.9 1245s
 297533 258626 -15894.367  416  527 -15888.967 -16061.013  1.08%  52.8 1250s
 298672 259397 -16002.602  122  556 -15888.967 -16060.992  1.08%  52.8 1255s
 300007 260700 -15920.163  326  534 -15888.967 -16060.985  1.08%  52.9 1260s
 301089 261688 -15979.748  152  551 -15888.967 -16060.985  1.08%  52.8 1265s
 302270 262719 -15897.278  511  497 -15888.967 -16060.969  1.08%  52.9 1270s
 303449 263656 -15892.179  299  548 -15888.967 -16060.961  1.08%  52.9 1275s
 304691 264666 -15901.337  387  523 -15888.967 -16060.929  1.08%  52.9 1280s
 305948 265805 -15913.291  348  547 -15888.967 -16060.927  1.08%  52.9 1285s
 307087 266748 -15907.200  413  509 -15888.967 -16060.914  1.08%  52.9 1290s
 308317 267742 -15957.339  226  550 -15888.967 -16060.906  1.08%  52.9 1295s
 309319 268724 -15894.879  422  533 -15888.967 -16060.906  1.08%  52.8 1300s
 310359 269586 -15894.001  401  538 -15888.967 -16060.897  1.08%  52.9 1305s
 311452 270511 -15949.693  199  547 -15888.967 -16060.882  1.08%  52.9 1310s
 312332 271259 -15893.833   64  568 -15888.967 -16060.880  1.08%  53.0 1315s
H312486 271395                    -15888.96658 -16060.877  1.08%  53.0 1315s
 313416 272085 -15907.564  366  528 -15888.967 -16060.869  1.08%  53.0 1320s
 314475 273130 -15913.934  335  542 -15888.967 -16060.869  1.08%  53.1 1325s
 315458 273955 -15952.649  180  549 -15888.967 -16060.866  1.08%  53.1 1330s
 316466 274867 -15940.821  282  530 -15888.967 -16060.856  1.08%  53.2 1335s
 317703 275938 -15925.782  300  547 -15888.967 -16060.847  1.08%  53.2 1340s
 318858 276955 -15931.084  340  522 -15888.967 -16060.843  1.08%  53.2 1345s
 320037 277754 -15998.604  133  547 -15888.967 -16060.828  1.08%  53.1 1350s
 321292 278939 -15916.928  274  545 -15888.967 -16060.826  1.08%  53.1 1355s
 322342 279715 -15919.387  299  547 -15888.967 -16060.812  1.08%  53.2 1360s
 323634 280847 -15919.439  326  546 -15888.967 -16060.791  1.08%  53.2 1365s
 324744 281855 -15922.226  342  523 -15888.967 -16060.790  1.08%  53.2 1370s
 325946 282761 -15897.975  675  440 -15888.967 -16060.781  1.08%  53.1 1375s
 326970 283651 -15945.506  259  548 -15888.967 -16060.774  1.08%  53.1 1380s
 327893 284564 -15891.752  417  528 -15888.967 -16060.774  1.08%  53.1 1385s
 329004 285297 -16040.820   57  576 -15888.967 -16060.749  1.08%  53.0 1390s
 330203 286494 -15905.478  365  538 -15888.967 -16060.749  1.08%  53.0 1395s
 331300 287333 -15916.484  260  545 -15888.967 -16060.737  1.08%  53.1 1400s
 332444 288409 -15893.698  468  506 -15888.967 -16060.736  1.08%  53.1 1405s
 333718 289501 -15889.608  338  547 -15888.967 -16060.724  1.08%  53.1 1410s
H334429 289969                    -15889.01106 -16060.717  1.08%  53.1 1413s
 334717 290259 -15916.705  370  527 -15889.011 -16060.717  1.08%  53.1 1415s
 335929 291175 -16010.184  113  556 -15889.011 -16060.696  1.08%  53.1 1420s
 337169 292403 -15899.033  405  535 -15889.011 -16060.696  1.08%  53.0 1425s
 338307 293411 -15897.151  430  530 -15889.011 -16060.687  1.08%  53.1 1430s
 339602 294362 -16003.681  125  557 -15889.011 -16060.668  1.08%  53.1 1435s
 340894 295648 -15904.590  371  540 -15889.011 -16060.668  1.08%  53.0 1440s
 342024 296456 -15889.114   63  573 -15889.011 -16060.662  1.08%  53.0 1445s
 343210 297538 -15914.427  349  541 -15889.011 -16060.655  1.08%  53.2 1450s
 344424 298710 -15890.005  336  549 -15889.011 -16060.653  1.08%  53.2 1455s
 345523 299575 -16034.014   36  585 -15889.011 -16060.644  1.08%  53.2 1460s
 346769 300703 -15912.068  348  542 -15889.011 -16060.639  1.08%  53.2 1465s
 347749 301573 -15906.654  412  513 -15889.011 -16060.636  1.08%  53.2 1470s
 348798 302542 -15894.891  449  523 -15889.011 -16060.620  1.08%  53.2 1475s
 349910 303550 -15966.041  194  558 -15889.011 -16060.619  1.08%  53.2 1480s
 350894 304436 -15900.576   50  574 -15889.011 -16060.610  1.08%  53.2 1485s
 352147 305395 -15963.496  223  545 -15889.011 -16060.600  1.08%  53.2 1490s
 353263 306501 -15897.783  435  525 -15889.011 -16060.600  1.08%  53.2 1495s
 354435 307319 -15962.387  216  550 -15889.011 -16060.595  1.08%  53.2 1500s
 355543 308227 -15889.803   45  578 -15889.011 -16060.589  1.08%  53.2 1505s
 356711 309273 -15980.119   42  575 -15889.011 -16060.586  1.08%  53.2 1510s
 357937 310189 -15915.863  408  510 -15889.011 -16060.563  1.08%  53.1 1515s
 359141 311367 -15916.343  322  548 -15889.011 -16060.562  1.08%  53.2 1520s
 360199 312325 -15960.680  212  543 -15889.011 -16060.560  1.08%  53.2 1525s
 361332 313262 -15917.365  355  532 -15889.011 -16060.549  1.08%  53.2 1530s
 362562 314302 -15920.358  315  547 -15889.011 -16060.532  1.08%  53.2 1535s
 363646 315238 -15926.526  307  540 -15889.011 -16060.531  1.08%  53.2 1540s
 364803 316067 -16034.432   64  568 -15889.011 -16060.515  1.08%  53.2 1545s
 365956 317210 -15893.002  359  540 -15889.011 -16060.515  1.08%  53.2 1550s
 367079 318123 -15893.258  629  470 -15889.011 -16060.509  1.08%  53.2 1555s
 368341 319161 -15921.979  322  542 -15889.011 -16060.504  1.08%  53.2 1560s
 369396 320116 -15971.442  191  545 -15889.011 -16060.503  1.08%  53.1 1565s
 370518 321104 -15916.411  202  548 -15889.011 -16060.491  1.08%  53.2 1570s
 371584 321998 -15992.334  148  552 -15889.011 -16060.483  1.08%  53.3 1575s
 372634 323030 -15896.336  383  541 -15889.011 -16060.483  1.08%  53.3 1580s
 373768 323858 -15900.670   52  578 -15889.011 -16060.470  1.08%  53.3 1585s
 374871 324785     cutoff  321      -15889.011 -16060.458  1.08%  53.3 1590s
 376088 325628 -15989.726  110  557 -15889.011 -16060.434  1.08%  53.3 1595s
H377069 326593                    -15889.01513 -16060.434  1.08%  53.2 1599s
 377228 326742 -15894.556  371  536 -15889.015 -16060.434  1.08%  53.3 1600s
 378331 327441 -16001.581  128  550 -15889.015 -16060.417  1.08%  53.3 1605s
 379559 328569 -15921.698  308  543 -15889.015 -16060.413  1.08%  53.3 1610s
 380671 329553 -15908.738  309  562 -15889.015 -16060.409  1.08%  53.3 1615s
 381947 330667 -15928.564  281  552 -15889.015 -16060.396  1.08%  53.3 1620s
 382997 331609 -15959.864  213  544 -15889.015 -16060.388  1.08%  53.3 1625s
 384216 332590 -15911.968  347  542 -15889.015 -16060.377  1.08%  53.4 1630s
 385512 333806 -15925.992  277  549 -15889.015 -16060.368  1.08%  53.4 1635s
 386500 334660 -15891.811   49  572 -15889.015 -16060.361  1.08%  53.4 1640s
 387833 335753 -15929.355  270  554 -15889.015 -16060.344  1.08%  53.4 1645s
H387985 335601                    -15889.14577 -16060.344  1.08%  53.4 1645s
 388853 336391 -15938.011  317  524 -15889.146 -16060.343  1.08%  53.4 1650s
 390032 337474 -15922.455  313  544 -15889.146 -16060.339  1.08%  53.4 1655s
 391244 338544 -15954.945  231  548 -15889.146 -16060.329  1.08%  53.4 1660s
H391466 338606                    -15889.20135 -16060.329  1.08%  53.5 1662s
 392051 339191 -15902.346  387  540 -15889.201 -16060.329  1.08%  53.4 1665s
 393209 340129 -15907.532  303  529 -15889.201 -16060.328  1.08%  53.4 1670s
 394374 341108 -15897.932  316  542 -15889.201 -16060.321  1.08%  53.5 1675s
 395501 342119 -15891.306  482  525 -15889.201 -16060.315  1.08%  53.5 1680s
 396769 343043 -15958.428  165  548 -15889.201 -16060.302  1.08%  53.5 1685s
 397884 344152 -15905.379  388  542 -15889.201 -16060.302  1.08%  53.5 1690s
 399039 345089 -16053.381   44  582 -15889.201 -16060.299  1.08%  53.5 1695s
 400405 346175 -15933.220  263  556 -15889.201 -16060.291  1.08%  53.5 1700s
 401441 346931 -16037.536   59  578 -15889.201 -16060.276  1.08%  53.5 1705s
H401472 346960                    -15889.20156 -16060.276  1.08%  53.5 1705s
 402571 347829 -15964.946  195  556 -15889.202 -16060.273  1.08%  53.5 1710s
 403658 348836 -16008.598   65  570 -15889.202 -16060.270  1.08%  53.5 1715s
 404857 349885 -15894.582  400  540 -15889.202 -16060.257  1.08%  53.6 1720s
 406160 351048 -15957.082  226  550 -15889.202 -16060.253  1.08%  53.6 1725s
 407238 352086 -15891.858  433  529 -15889.202 -16060.253  1.08%  53.5 1730s
 408505 353029 -15960.866  129  554 -15889.202 -16060.225  1.08%  53.5 1735s
 409544 353984 -16004.043  120  552 -15889.202 -16060.223  1.08%  53.6 1740s
 410723 354981 -16059.132   33  590 -15889.202 -16060.214  1.08%  53.6 1745s
 412127 356255 -15924.133  301  550 -15889.202 -16060.204  1.08%  53.6 1750s
 413213 357161 -15994.146  138  549 -15889.202 -16060.202  1.08%  53.5 1755s
 414369 358123 -16014.249   63  573 -15889.202 -16060.193  1.08%  53.5 1760s
 415291 359037 -15899.240  337  540 -15889.202 -16060.193  1.08%  53.6 1765s
 416251 359919 -15906.941  378  540 -15889.202 -16060.190  1.08%  53.7 1770s
 417263 360703 -15889.533   40  580 -15889.202 -16060.179  1.08%  53.7 1775s
 418267 361565     cutoff  319      -15889.202 -16060.174  1.08%  53.7 1780s
 419336 362356 -15960.114  213  543 -15889.202 -16060.152  1.08%  53.8 1785s
 420379 363269 -15909.446  423  514 -15889.202 -16060.152  1.08%  53.8 1790s
 421382 364232 -15904.560  310  541 -15889.202 -16060.149  1.08%  53.8 1795s
 422352 364880 -15916.825  311  546 -15889.202 -16060.140  1.08%  53.8 1800s
 423477 365851 -15923.240  310  545 -15889.202 -16060.131  1.08%  53.9 1805s
 424367 366615 -16052.137   39  587 -15889.202 -16060.129  1.08%  53.8 1810s
H424637 366878                    -15889.20382 -16060.129  1.08%  53.8 1811s
 425523 367656 -15935.816  230  553 -15889.204 -16060.123  1.08%  53.8 1815s
 426620 368585 -15999.178   94  562 -15889.204 -16060.117  1.08%  53.9 1820s
 427842 369807 -15908.247  405  525 -15889.204 -16060.117  1.08%  53.9 1825s
 428863 370822 -15892.446  525  508 -15889.204 -16060.117  1.08%  53.8 1830s
 429949 371618 -15890.436   42  585 -15889.204 -16060.110  1.08%  53.8 1835s
H430276 371786                    -15889.20645 -16060.100  1.08%  53.8 1836s
 431121 372633 -15914.805  339  540 -15889.206 -16060.100  1.08%  53.8 1840s
 432164 373570 -15920.167  314  541 -15889.206 -16060.096  1.08%  53.9 1845s
 433310 374508 -16032.816   36  584 -15889.206 -16060.090  1.08%  53.9 1850s
 434536 375504 -15931.845  209  546 -15889.206 -16060.080  1.08%  53.9 1855s
 435636 376418     cutoff   60      -15889.206 -16060.073  1.08%  53.9 1860s
 436714 377316 -15892.821  320  544 -15889.206 -16060.065  1.08%  54.0 1865s
 437857 378181 -15908.043  307  561 -15889.206 -16060.058  1.08%  54.1 1870s
 439077 379297 -15902.000  339  547 -15889.206 -16060.056  1.08%  54.1 1875s
 440179 380163 -15903.559   47  580 -15889.206 -16060.050  1.08%  54.0 1880s
 441515 381325 -15936.158  282  550 -15889.206 -16060.047  1.08%  54.1 1885s
 442569 382307 -15890.094  455  525 -15889.206 -16060.047  1.08%  54.0 1890s
 443646 383002 -16014.206  103  560 -15889.206 -16060.032  1.08%  54.0 1895s
 444668 384020 -15905.179  359  545 -15889.206 -16060.032  1.08%  54.0 1900s
 445665 384799 -16013.606   59  579 -15889.206 -16060.027  1.08%  54.0 1905s
 446662 385646 -15943.199  287  531 -15889.206 -16060.017  1.08%  54.1 1910s
 447849 386673 -15934.789  275  549 -15889.206 -16060.010  1.07%  54.1 1915s
H448436 387239                    -15889.21240 -16060.010  1.07%  54.1 1918s
 448761 387518 -15890.680  418  539 -15889.212 -16060.010  1.07%  54.1 1920s
 449933 388402     cutoff  377      -15889.212 -16059.992  1.07%  54.1 1925s
 451182 389511 -15942.665  267  540 -15889.212 -16059.977  1.07%  54.1 1930s
 452326 390501 infeasible   40      -15889.212 -16059.974  1.07%  54.2 1935s
 453539 391468 -15912.198  225  550 -15889.212 -16059.956  1.07%  54.2 1940s
 454591 392266 -15899.847   64  563 -15889.212 -16059.939  1.07%  54.2 1945s
 455835 393318 -15988.146  162  553 -15889.212 -16059.937  1.07%  54.3 1950s
 457043 394512 -15900.671  413  533 -15889.212 -16059.937  1.07%  54.2 1955s
 458129 395312 -15890.534  464  513 -15889.212 -16059.930  1.07%  54.2 1960s
 459452 396453 -15902.859  343  546 -15889.212 -16059.926  1.07%  54.2 1965s
 460537 397290 -15895.487   60  578 -15889.212 -16059.921  1.07%  54.2 1970s
 461557 398200 -15897.372   57  573 -15889.212 -16059.919  1.07%  54.3 1975s
 462661 399234 -15910.961  274  548 -15889.212 -16059.917  1.07%  54.3 1980s
 463598 399933 -15895.197  405  521 -15889.212 -16059.907  1.07%  54.4 1985s
 464743 400882 -15905.400  307  553 -15889.212 -16059.903  1.07%  54.3 1990s
 465734 401727 -15904.029   51  569 -15889.212 -16059.900  1.07%  54.3 1995s
 466979 402696 -15961.058  206  545 -15889.212 -16059.883  1.07%  54.3 2000s
 468208 403809 -15913.916  301  555 -15889.212 -16059.876  1.07%  54.3 2005s
 469267 404664 -15890.761  474  508 -15889.212 -16059.872  1.07%  54.4 2010s
H470229 405378                    -15889.21793 -16059.860  1.07%  54.4 2014s
H470229 405371                    -15889.21889 -16059.860  1.07%  54.4 2014s
H470229 405371                    -15889.21909 -16059.860  1.07%  54.4 2014s
 470400 405544 -15920.810  321  540 -15889.219 -16059.860  1.07%  54.4 2015s
 471491 406555 -15947.356  246  541 -15889.219 -16059.859  1.07%  54.4 2020s
 472744 407596 infeasible  405      -15889.219 -16059.850  1.07%  54.4 2025s
 473892 408614 -15892.225  343  535 -15889.219 -16059.841  1.07%  54.4 2030s
 475119 409511 -15955.047  221  545 -15889.219 -16059.828  1.07%  54.4 2035s
 476447 410783 -15932.606  281  543 -15889.219 -16059.826  1.07%  54.4 2040s
 477569 411901 -15892.373  448  520 -15889.219 -16059.826  1.07%  54.4 2045s
 478633 412587 -15955.422  229  545 -15889.219 -16059.818  1.07%  54.3 2050s
 479954 413768 -15924.461  285  550 -15889.219 -16059.809  1.07%  54.3 2055s
 480991 414627 -15922.966  322  538 -15889.219 -16059.808  1.07%  54.3 2060s
 482150 415540 -15890.416   69  561 -15889.219 -16059.801  1.07%  54.4 2065s
 483383 416655 -15937.288  278  543 -15889.219 -16059.796  1.07%  54.4 2070s
 484283 417529 -15895.925  433  529 -15889.219 -16059.796  1.07%  54.4 2075s
 485347 418337 -15916.258  342  534 -15889.219 -16059.788  1.07%  54.4 2080s
 486513 419319 -15924.671  314  546 -15889.219 -16059.782  1.07%  54.4 2085s
 487495 420233 infeasible  463      -15889.219 -16059.782  1.07%  54.4 2090s
 488760 421408 -15931.194  268  556 -15889.219 -16059.778  1.07%  54.4 2095s
 489807 422175 -15983.771  116  557 -15889.219 -16059.769  1.07%  54.4 2100s
 490945 423153 -15915.550  332  539 -15889.219 -16059.761  1.07%  54.4 2105s
 492125 424127 -15915.922  312  534 -15889.219 -16059.748  1.07%  54.5 2110s
 493290 425212 -15891.369  606  481 -15889.219 -16059.748  1.07%  54.4 2115s
 494470 426040 -15982.996  171  550 -15889.219 -16059.707  1.07%  54.4 2120s
 495633 427179 -15896.061  428  528 -15889.219 -16059.707  1.07%  54.4 2125s
 496731 428103 -15896.639  400  521 -15889.219 -16059.704  1.07%  54.4 2130s
 497563 428787 -15923.223  315  544 -15889.219 -16059.699  1.07%  54.5 2135s
 498743 429833 -15925.235  294  545 -15889.219 -16059.697  1.07%  54.5 2140s
 499740 430614 -15908.866   44  577 -15889.219 -16059.684  1.07%  54.5 2145s
 500970 431570 -15921.492  239  551 -15889.219 -16059.668  1.07%  54.5 2150s
 501974 432342 infeasible   73      -15889.219 -16059.654  1.07%  54.5 2155s
 503203 433341 -15938.660  293  531 -15889.219 -16059.639  1.07%  54.5 2160s
 504324 434438 -15909.950  312  541 -15889.219 -16059.635  1.07%  54.5 2165s
 505421 435213 -15920.553  354  534 -15889.219 -16059.629  1.07%  54.5 2170s
 506542 436128 -15896.690  293  540 -15889.219 -16059.617  1.07%  54.6 2175s
 507611 437075 -15894.710  483  500 -15889.219 -16059.614  1.07%  54.6 2180s
 508825 437907 -15993.625  137  554 -15889.219 -16059.604  1.07%  54.6 2185s
 509954 439000 -15893.043  380  539 -15889.219 -16059.604  1.07%  54.5 2190s
 511090 439736 -15987.272  157  552 -15889.219 -16059.594  1.07%  54.5 2195s
 512368 440976 -15924.296  300  551 -15889.219 -16059.593  1.07%  54.5 2200s
 513349 441857 -15974.960  175  545 -15889.219 -16059.593  1.07%  54.6 2205s
 514490 442680 -15915.930  368  522 -15889.219 -16059.580  1.07%  54.6 2210s
 515692 443818 -15915.960  326  547 -15889.219 -16059.576  1.07%  54.6 2215s
 516773 444737 -15944.627  261  538 -15889.219 -16059.565  1.07%  54.6 2220s
 517903 445771 -15897.685  394  538 -15889.219 -16059.559  1.07%  54.6 2225s
 519083 446777 -15923.261  310  546 -15889.219 -16059.557  1.07%  54.6 2230s
 520083 447673 -16007.276  107  562 -15889.219 -16059.556  1.07%  54.6 2235s
 521215 448463 -16028.427   71  564 -15889.219 -16059.541  1.07%  54.6 2240s
 522361 449587 -15896.324  370  542 -15889.219 -16059.541  1.07%  54.6 2245s
 523499 450531 -15960.152  166  549 -15889.219 -16059.536  1.07%  54.6 2250s
H524350 451160                    -15889.21927 -16059.535  1.07%  54.7 2253s
 524636 451398 -15913.343  261  541 -15889.219 -16059.534  1.07%  54.7 2255s
 525774 452506 -15911.173  347  546 -15889.219 -16059.533  1.07%  54.7 2260s
 526903 453383 -15915.691  335  538 -15889.219 -16059.521  1.07%  54.7 2265s
 528146 454514 -15908.738  331  549 -15889.219 -16059.509  1.07%  54.7 2270s
 529235 455525 -15914.035  337  550 -15889.219 -16059.506  1.07%  54.7 2275s
 530399 456445 -15926.425  278  546 -15889.219 -16059.497  1.07%  54.8 2280s
 531610 457590 -15911.778  338  549 -15889.219 -16059.493  1.07%  54.8 2285s
 532706 458434 -15922.609  364  523 -15889.219 -16059.486  1.07%  54.8 2290s
 533877 459447 -16058.341   36  582 -15889.219 -16059.477  1.07%  54.8 2295s
 534956 460422 -15889.436  345  549 -15889.219 -16059.474  1.07%  54.8 2300s
 536139 461237 -15895.014   61  575 -15889.219 -16059.463  1.07%  54.9 2305s
 537318 462398 -15905.908  350  548 -15889.219 -16059.462  1.07%  54.9 2310s
 538321 463195 -15890.038  482  505 -15889.219 -16059.455  1.07%  54.9 2315s
 539308 463918 -16015.595   55  573 -15889.219 -16059.450  1.07%  54.9 2320s
 540304 464716 -15900.308   58  574 -15889.219 -16059.442  1.07%  54.9 2325s
 541400 465692 -15944.453  160  551 -15889.219 -16059.435  1.07%  54.9 2330s
H541952 466219                    -15889.22154 -16059.435  1.07%  54.9 2332s
 542403 466518 -15976.749  160  549 -15889.222 -16059.433  1.07%  55.0 2335s
 543619 467556 -16015.356   57  572 -15889.222 -16059.422  1.07%  55.0 2340s
 544729 468660 -15903.666  332  541 -15889.222 -16059.422  1.07%  55.0 2345s
 545804 469449 -15893.181  511  492 -15889.222 -16059.414  1.07%  55.0 2350s
 546985 470462 -15923.473  328  538 -15889.222 -16059.406  1.07%  55.1 2355s
 547990 471427 -15891.454  488  517 -15889.222 -16059.406  1.07%  55.1 2360s
 549163 472278 infeasible   46      -15889.222 -16059.394  1.07%  55.0 2365s
 550381 473388 -15908.286  271  547 -15889.222 -16059.392  1.07%  55.1 2370s
 551473 474254 -15897.176  509  497 -15889.222 -16059.388  1.07%  55.1 2375s
 552531 475204 -15892.074  448  524 -15889.222 -16059.377  1.07%  55.1 2380s
 553835 476422 -15918.300  312  554 -15889.222 -16059.372  1.07%  55.2 2385s
 554817 477316 -15916.095  316  546 -15889.222 -16059.364  1.07%  55.2 2390s
 555836 478023 -16058.218   36  582 -15889.222 -16059.355  1.07%  55.2 2395s
 556957 479138 -15905.371  350  544 -15889.222 -16059.355  1.07%  55.2 2400s
 557920 479913 infeasible  485      -15889.222 -16059.342  1.07%  55.2 2405s
 558988 480779 -16019.815   85  566 -15889.222 -16059.337  1.07%  55.2 2410s
 560186 481977 -15903.929  381  540 -15889.222 -16059.337  1.07%  55.2 2415s
 561258 482729 -15899.161  329  528 -15889.222 -16059.327  1.07%  55.2 2420s
 562456 483785 -15912.793  345  546 -15889.222 -16059.324  1.07%  55.2 2425s
 563556 484771 -15949.548  237  550 -15889.222 -16059.316  1.07%  55.2 2430s
 564697 485700 -15958.228  194  566 -15889.222 -16059.308  1.07%  55.2 2435s
 565999 486928 -15921.708  299  552 -15889.222 -16059.305  1.07%  55.2 2440s
 567079 487778 -15950.962  176  548 -15889.222 -16059.298  1.07%  55.2 2445s
 568163 488690 -15891.468  384  537 -15889.222 -16059.289  1.07%  55.2 2450s
H569049 489480                    -15889.22198 -16059.288  1.07%  55.3 2454s
 569255 489688 -15921.413  300  546 -15889.222 -16059.288  1.07%  55.3 2455s
 570185 490606 -15889.692  444  532 -15889.222 -16059.288  1.07%  55.3 2460s
 571460 491505 -15960.494  211  545 -15889.222 -16059.278  1.07%  55.2 2465s
 572772 492719 -15914.119  302  548 -15889.222 -16059.275  1.07%  55.2 2470s
 573780 493535 -15992.041  149  550 -15889.222 -16059.269  1.07%  55.2 2475s
 575060 494629 -15927.097  276  547 -15889.222 -16059.263  1.07%  55.2 2480s
 576068 495545 -16033.738   64  565 -15889.222 -16059.262  1.07%  55.2 2485s
 577365 496586 -16003.387  114  554 -15889.222 -16059.252  1.07%  55.2 2490s
 578632 497765 -15923.667  317  544 -15889.222 -16059.248  1.07%  55.3 2495s
 579662 498697 infeasible   50      -15889.222 -16059.247  1.07%  55.2 2500s
 580930 499539 -15988.500  112  557 -15889.222 -16059.237  1.07%  55.2 2505s
 582055 500642 -15899.467  374  541 -15889.222 -16059.237  1.07%  55.2 2510s
 583138 501341 -15956.160   40  583 -15889.222 -16059.225  1.07%  55.2 2515s
 584241 502376 -15912.643  344  545 -15889.222 -16059.223  1.07%  55.2 2520s
 585196 503235 -15970.089  192  548 -15889.222 -16059.222  1.07%  55.2 2525s
 586249 504120 -15932.223  289  532 -15889.222 -16059.219  1.07%  55.2 2530s
 587508 505093 -15890.643  733  422 -15889.222 -16059.212  1.07%  55.1 2535s
 588726 506289 -15903.671  350  548 -15889.222 -16059.212  1.07%  55.1 2540s
 589839 507118 -15891.913  518  490 -15889.222 -16059.205  1.07%  55.1 2545s
 591003 508036 -15997.516   98  565 -15889.222 -16059.200  1.07%  55.1 2550s
 592080 509029 -15901.527   49  579 -15889.222 -16059.200  1.07%  55.1 2555s
 593202 509827 -15890.753  415  524 -15889.222 -16059.186  1.07%  55.2 2560s
 594266 510781 -15890.034  340  545 -15889.222 -16059.186  1.07%  55.2 2565s
 595434 511745 -15944.828  235  550 -15889.222 -16059.176  1.07%  55.2 2570s
 596605 512626 -15959.468  197  547 -15889.222 -16059.169  1.07%  55.2 2575s
 597664 513667 -15896.976  412  535 -15889.222 -16059.169  1.07%  55.2 2580s
 598789 514426 -15891.984   63  569 -15889.222 -16059.164  1.07%  55.2 2585s
 600063 515592 -15901.805  239  544 -15889.222 -16059.156  1.07%  55.2 2590s
 601048 516449 -15953.031  211  545 -15889.222 -16059.154  1.07%  55.3 2595s
 602116 517459 -15959.939  200  565 -15889.222 -16059.152  1.07%  55.3 2600s
 603379 518412 -15915.498  299  548 -15889.222 -16059.144  1.07%  55.3 2605s
 604318 519167 -15909.599   45  579 -15889.222 -16059.141  1.07%  55.3 2610s
 605583 520238 -15922.509  288  543 -15889.222 -16059.128  1.07%  55.3 2615s
 606608 521253 -15896.732  457  516 -15889.222 -16059.128  1.07%  55.3 2620s
 607711 522082 -15938.316  294  531 -15889.222 -16059.127  1.07%  55.3 2625s
 608925 523002 -16020.464   85  564 -15889.222 -16059.115  1.07%  55.3 2630s
 610002 524079 -15909.153  372  530 -15889.222 -16059.115  1.07%  55.3 2635s
H610168 524227                    -15889.22201 -16059.115  1.07%  55.3 2635s
H610840 524607                    -15889.22692 -16059.108  1.07%  55.3 2638s
 611123 524870 -15917.655  255  542 -15889.227 -16059.107  1.07%  55.3 2640s
 612176 525731 -15997.350  103  560 -15889.227 -16059.103  1.07%  55.3 2645s
 613347 526902 -15902.830  383  543 -15889.227 -16059.103  1.07%  55.4 2650s
H613876 527259                    -15889.22692 -16059.101  1.07%  55.3 2652s
 614452 527785 -15906.567   49  577 -15889.227 -16059.101  1.07%  55.3 2655s
H615237 528412                    -15889.22739 -16059.094  1.07%  55.4 2658s
 615504 528635 -15889.585  480  508 -15889.227 -16059.094  1.07%  55.4 2660s
 616777 529884 -15917.990  330  541 -15889.227 -16059.092  1.07%  55.4 2665s
 617870 530755 -15998.567  127  552 -15889.227 -16059.082  1.07%  55.3 2670s
 619103 531714 -15924.177  228  551 -15889.227 -16059.077  1.07%  55.4 2675s
 620155 532570 -16033.689   37  585 -15889.227 -16059.067  1.07%  55.4 2680s
 621137 533404 -15956.372  208  551 -15889.227 -16059.061  1.07%  55.4 2685s
 622272 534489 -15892.396  408  537 -15889.227 -16059.061  1.07%  55.4 2690s
 623461 535520 -15939.553  204  545 -15889.227 -16059.053  1.07%  55.4 2695s
 624652 536481 -15927.484  296  541 -15889.227 -16059.044  1.07%  55.4 2700s
 625680 537501 -15895.193  463  521 -15889.227 -16059.044  1.07%  55.4 2705s
H626004 537823                    -15889.22757 -16059.044  1.07%  55.4 2706s
 626793 538370 -15901.051   51  579 -15889.228 -16059.039  1.07%  55.4 2710s
H627278 538775                    -15889.22832 -16059.039  1.07%  55.4 2712s
 627951 539360 -15926.125  308  544 -15889.228 -16059.033  1.07%  55.4 2715s
 629164 540535 -15910.494  308  555 -15889.228 -16059.030  1.07%  55.4 2720s
H629440 540782                    -15889.23014 -16059.030  1.07%  55.4 2721s
H629996 541184                    -15889.23023 -16059.026  1.07%  55.5 2724s
 630177 541319 infeasible   65      -15889.230 -16059.026  1.07%  55.4 2725s
H631031 541981                    -15889.23055 -16059.018  1.07%  55.4 2728s
 631312 542202 -15999.233  125  555 -15889.231 -16059.017  1.07%  55.4 2730s
 632414 543288 -15899.805  385  534 -15889.231 -16059.017  1.07%  55.5 2735s
 633545 544045     cutoff  523      -15889.231 -16059.015  1.07%  55.4 2740s
 634710 545050 -16004.773  121  558 -15889.231 -16059.007  1.07%  55.5 2745s
H635594 545924                    -15889.23058 -16059.007  1.07%  55.5 2748s
 635889 546215 -15899.896  383  541 -15889.231 -16059.007  1.07%  55.5 2750s
 636997 546959 -15989.145   97  557 -15889.231 -16059.000  1.07%  55.5 2755s
H637012 546970                    -15889.23079 -16059.000  1.07%  55.5 2755s
 638174 548076 -15913.387  325  543 -15889.231 -16058.998  1.07%  55.5 2760s
 639301 549043 -15926.536  215  565 -15889.231 -16058.994  1.07%  55.5 2765s
H640239 549887                    -15889.23227 -16058.993  1.07%  55.5 2769s
 640427 550045 -16039.876   56  580 -15889.232 -16058.993  1.07%  55.5 2770s
 641807 551191 -15936.544  278  551 -15889.232 -16058.983  1.07%  55.5 2775s
 642846 552146 -15890.752  439  535 -15889.232 -16058.983  1.07%  55.5 2780s
H643072 552326                    -15889.23288 -16058.983  1.07%  55.5 2781s
 644083 553049 -15899.209  502  495 -15889.233 -16058.974  1.07%  55.5 2785s
 645297 554163 -15914.069  337  550 -15889.233 -16058.971  1.07%  55.5 2790s
 646395 555053 -15968.733  190  548 -15889.233 -16058.966  1.07%  55.4 2795s
 647733 556085 -15932.158  285  544 -15889.233 -16058.957  1.07%  55.4 2800s
 648771 557085 infeasible  460      -15889.233 -16058.957  1.07%  55.4 2805s
 650044 557990 -15981.474  161  552 -15889.233 -16058.953  1.07%  55.4 2810s
 651246 559106 -15950.571  237  552 -15889.233 -16058.953  1.07%  55.4 2815s
 652338 560140 -15890.764  420  533 -15889.233 -16058.953  1.07%  55.4 2820s
 653547 561025 -16048.655   44  583 -15889.233 -16058.942  1.07%  55.4 2825s
 654835 562285 -15914.208  312  553 -15889.233 -16058.939  1.07%  55.4 2830s
H655608 562874                    -15889.23307 -16058.935  1.07%  55.4 2833s
H655608 562874                    -15889.23308 -16058.935  1.07%  55.4 2833s
 655859 563049 -15968.322  189  546 -15889.233 -16058.933  1.07%  55.4 2835s
 656943 563949 -15933.933  267  543 -15889.233 -16058.926  1.07%  55.4 2840s
 657869 564843 -15894.617  422  531 -15889.233 -16058.926  1.07%  55.4 2845s
 658903 565571 infeasible   59      -15889.233 -16058.915  1.07%  55.4 2850s
 659969 566481 -15926.535  178  548 -15889.233 -16058.908  1.07%  55.4 2855s
H660499 567001                    -15889.23314 -16058.908  1.07%  55.4 2858s
 660892 567276 -15995.662   83  569 -15889.233 -16058.906  1.07%  55.4 2860s
 661877 568191 -15907.388  428  514 -15889.233 -16058.904  1.07%  55.4 2865s
 662968 569044 -15911.550  278  543 -15889.233 -16058.899  1.07%  55.4 2870s
 663933 569799 infeasible   62      -15889.233 -16058.892  1.07%  55.4 2875s
 665020 570608 -15999.371   98  565 -15889.233 -16058.879  1.07%  55.4 2880s
H665822 571408                    -15889.23325 -16058.879  1.07%  55.5 2883s
 666046 571634 -15912.155  378  533 -15889.233 -16058.879  1.07%  55.5 2885s
 666953 572535 -15892.150  513  513 -15889.233 -16058.879  1.07%  55.4 2890s
H667854 573132                    -15889.23329 -16058.876  1.07%  55.4 2894s
 667953 573179 -15913.858   45  583 -15889.233 -16058.875  1.07%  55.4 2895s
 669211 574261 -15909.972  351  548 -15889.233 -16058.866  1.07%  55.4 2900s
 670313 575041 -15938.122  240  552 -15889.233 -16058.857  1.07%  55.4 2905s
 671385 576055 -15905.996   44  584 -15889.233 -16058.856  1.07%  55.4 2910s
 672609 577197 -15909.429  350  548 -15889.233 -16058.854  1.07%  55.5 2915s
 673769 578129 -15896.131  522  495 -15889.233 -16058.853  1.07%  55.4 2920s
H675008 579040                    -15889.23358 -16058.840  1.07%  55.4 2925s
 676128 580116 -15891.701  356  550 -15889.234 -16058.840  1.07%  55.4 2930s
H676665 580453                    -15889.23378 -16058.832  1.07%  55.4 2932s
 677254 581014 -15889.596  479  525 -15889.234 -16058.832  1.07%  55.4 2935s
 678454 582090 -15915.924  265  551 -15889.234 -16058.824  1.07%  55.4 2940s
H679125 582635                    -15889.23402 -16058.824  1.07%  55.4 2943s
 679505 582855 -15895.986   65  570 -15889.234 -16058.820  1.07%  55.4 2945s
 680746 583894 -15943.196  254  551 -15889.234 -16058.819  1.07%  55.5 2950s
H681396 584492                    -15889.23896 -16058.819  1.07%  55.4 2952s
 681824 584780 -15893.109   61  575 -15889.239 -16058.819  1.07%  55.4 2955s
 682969 585789 -15889.297  429  521 -15889.239 -16058.816  1.07%  55.5 2960s
H683656 586324                    -15889.23940 -16058.811  1.07%  55.5 2962s
 684212 586874 -15904.773  337  547 -15889.239 -16058.811  1.07%  55.5 2965s
 685238 587592 -15903.661   55  571 -15889.239 -16058.802  1.07%  55.5 2970s
 686435 588693 -15913.143  270  548 -15889.239 -16058.797  1.07%  55.5 2975s
 687717 589941 -15911.205  328  548 -15889.239 -16058.797  1.07%  55.5 2980s
H687942 590156                    -15889.23971 -16058.797  1.07%  55.5 2981s
 688850 590894 -15915.763  408  512 -15889.240 -16058.789  1.07%  55.5 2985s
 690057 591849 -15903.029  286  546 -15889.240 -16058.785  1.07%  55.5 2990s
 691190 592550 -16014.855   57  571 -15889.240 -16058.768  1.07%  55.5 2995s
H691298 592497                    -15889.27704 -16058.768  1.07%  55.5 2995s
 692368 593427 -15903.646  343  527 -15889.277 -16058.760  1.07%  55.5 3000s
H693599 594314                    -15889.27721 -16058.753  1.07%  55.5 3005s
 694628 595341 -15902.217  381  538 -15889.277 -16058.753  1.07%  55.5 3010s
 695812 596301 -15913.527  346  542 -15889.277 -16058.747  1.07%  55.5 3015s
H696701 597042                    -15889.27724 -16058.743  1.07%  55.5 3018s
 696969 597224 -16022.987   47  583 -15889.277 -16058.739  1.07%  55.5 3020s
H697701 597952                    -15889.27761 -16058.739  1.07%  55.5 3022s
 698121 598374 -15904.740  367  538 -15889.278 -16058.739  1.07%  55.5 3025s
 699277 599212 -15903.211   51  574 -15889.278 -16058.721  1.07%  55.5 3030s
 700617 600466 -15930.582  285  549 -15889.278 -16058.718  1.07%  55.5 3035s
 701665 601396 -15979.366   84  562 -15889.278 -16058.717  1.07%  55.5 3040s
 702786 602325 -15898.121   66  565 -15889.278 -16058.699  1.07%  55.5 3045s
 703960 603241 -16055.585   38  582 -15889.278 -16058.689  1.07%  55.5 3050s
 705186 604233 -16008.915  112  556 -15889.278 -16058.678  1.07%  55.6 3055s
 706386 605339 -15945.887  204  553 -15889.278 -16058.677  1.07%  55.6 3060s
 707500 606381 -16031.619   38  584 -15889.278 -16058.677  1.07%  55.6 3065s
 708684 607217 -16032.496   36  587 -15889.278 -16058.655  1.07%  55.6 3070s
 709749 608250 -15892.691  361  529 -15889.278 -16058.655  1.07%  55.6 3075s
 710827 608906 -15889.969   63  576 -15889.278 -16058.640  1.07%  55.6 3080s
 711861 609922 -15909.850  348  542 -15889.278 -16058.639  1.07%  55.6 3085s
 712844 610719 -15896.436  334  532 -15889.278 -16058.635  1.07%  55.6 3090s
 713900 611469 -15986.740  107  558 -15889.278 -16058.624  1.07%  55.6 3095s
 714842 612281 infeasible   59      -15889.278 -16058.619  1.07%  55.7 3100s
 715876 613161 -15981.643  159  550 -15889.278 -16058.615  1.07%  55.7 3105s
H716906 614031                    -15889.27832 -16058.608  1.07%  55.7 3109s
 716963 614090 -15942.695  269  548 -15889.278 -16058.608  1.07%  55.7 3110s
 717886 614997 -15894.542  421  531 -15889.278 -16058.608  1.07%  55.7 3115s
 718939 615756 -15990.515   92  567 -15889.278 -16058.595  1.07%  55.7 3120s
H719861 616524                    -15889.27975 -16058.589  1.07%  55.7 3124s
H719861 616524                    -15889.27975 -16058.589  1.07%  55.7 3124s
 720025 616690 -16000.842  124  559 -15889.280 -16058.589  1.07%  55.7 3125s
 721042 617585 -15908.070   53  582 -15889.280 -16058.583  1.07%  55.7 3130s
H721788 618163                    -15889.28025 -16058.577  1.07%  55.6 3133s
 722185 618338 -16008.299   77  569 -15889.280 -16058.552  1.07%  55.6 3135s
 723157 619310 -15897.746  356  538 -15889.280 -16058.552  1.07%  55.7 3140s
 724151 620236 -15905.918  322  530 -15889.280 -16058.551  1.07%  55.6 3145s
 725192 620963 -16000.242   86  567 -15889.280 -16058.534  1.07%  55.6 3150s
H725369 621138                    -15889.28062 -16058.534  1.07%  55.7 3150s
 726065 621836 -15917.688  338  538 -15889.281 -16058.534  1.07%  55.7 3155s
 727017 622584 -15890.982   64  573 -15889.281 -16058.532  1.07%  55.7 3160s
H727181 622739                    -15889.28083 -16058.532  1.07%  55.7 3160s
 728271 623545 -15935.975  262  551 -15889.281 -16058.523  1.07%  55.7 3165s
 729365 624469 -15899.271   57  571 -15889.281 -16058.519  1.07%  55.6 3170s
 730522 625454 -15919.304  385  518 -15889.281 -16058.515  1.07%  55.7 3175s
 731726 626500 -15900.898  295  550 -15889.281 -16058.510  1.07%  55.7 3180s
 732798 627152 -15895.899   66  567 -15889.281 -16058.501  1.06%  55.7 3185s
 734113 628393 -15920.936  329  538 -15889.281 -16058.500  1.06%  55.7 3190s
 735095 629269 -15898.705   56  568 -15889.281 -16058.498  1.06%  55.7 3195s
 736330 630348 -15926.827  231  544 -15889.281 -16058.495  1.06%  55.7 3200s
 737541 631347 -15917.480  321  544 -15889.281 -16058.487  1.06%  55.7 3205s
 738574 632240 -15955.855  219  543 -15889.281 -16058.486  1.06%  55.7 3210s
H739397 632778                    -15889.28610 -16058.468  1.06%  55.7 3213s
 739740 633103 -15999.341   95  561 -15889.286 -16058.468  1.06%  55.7 3215s
 740809 634114 -15945.838  202  549 -15889.286 -16058.467  1.06%  55.8 3220s
 741955 635042 -15903.799  314  561 -15889.286 -16058.463  1.06%  55.8 3225s
 743179 635966 -15941.903  212  549 -15889.286 -16058.458  1.06%  55.8 3230s
 744235 636922 -15890.682  414  527 -15889.286 -16058.456  1.06%  55.8 3235s
 745460 637887 -15890.466  387  515 -15889.286 -16058.447  1.06%  55.8 3240s
 746519 638800     cutoff  333      -15889.286 -16058.445  1.06%  55.8 3245s
 747760 639655 -15923.263  169  550 -15889.286 -16058.431  1.06%  55.8 3250s
H748679 640367                    -15889.28820 -16058.426  1.06%  55.8 3254s
 748920 640610 -15941.713  250  550 -15889.288 -16058.426  1.06%  55.8 3255s
 750036 641538 -15903.172   46  584 -15889.288 -16058.420  1.06%  55.8 3260s
 751197 642583 -15892.483  313  555 -15889.288 -16058.417  1.06%  55.8 3265s
H751919 643019                    -15889.28922 -16058.406  1.06%  55.8 3267s
 752503 643499 -16034.198   64  574 -15889.289 -16058.402  1.06%  55.8 3270s
 753732 644728 -15909.207  393  530 -15889.289 -16058.402  1.06%  55.8 3275s
 754766 645706 -15890.422  530  508 -15889.289 -16058.402  1.06%  55.8 3280s
H755884 646446                    -15889.29452 -16058.398  1.06%  55.8 3285s
 757109 647481 -15928.055  305  546 -15889.295 -16058.392  1.06%  55.8 3290s
 758090 648446 -15893.337  454  525 -15889.295 -16058.392  1.06%  55.8 3295s
 759324 649308 -16016.115  100  558 -15889.295 -16058.384  1.06%  55.7 3300s
 760594 650476 -15922.010  306  548 -15889.295 -16058.378  1.06%  55.8 3305s
 761650 651266 -15899.616   56  569 -15889.295 -16058.375  1.06%  55.7 3310s
H762723 652050                    -15889.29831 -16058.372  1.06%  55.7 3314s
 762861 652190 -15977.530  169  550 -15889.298 -16058.372  1.06%  55.7 3315s
 764016 653289 -15893.061  420  530 -15889.298 -16058.372  1.06%  55.7 3320s
 765184 654213 -15990.655  132  556 -15889.298 -16058.366  1.06%  55.7 3325s
 766358 655181     cutoff   57      -15889.298 -16058.361  1.06%  55.8 3330s
H766891 655704                    -15889.29870 -16058.361  1.06%  55.8 3332s
 767532 656343 -15904.636  368  536 -15889.299 -16058.361  1.06%  55.8 3335s
 768680 657223 -15889.587   47  578 -15889.299 -16058.359  1.06%  55.8 3340s
H769517 657812                    -15889.30008 -16058.348  1.06%  55.8 3343s
 769879 658176 -15913.927  322  545 -15889.300 -16058.348  1.06%  55.8 3345s
 770883 659008 -16031.251   35  587 -15889.300 -16058.347  1.06%  55.8 3350s
 772118 660039 -15951.925  222  545 -15889.300 -16058.341  1.06%  55.8 3355s
 773343 661140 -15922.998  309  547 -15889.300 -16058.335  1.06%  55.8 3360s
 774392 661999 -16052.487   42  586 -15889.300 -16058.334  1.06%  55.8 3365s
 775641 662984 -15890.142  399  513 -15889.300 -16058.326  1.06%  55.7 3370s
 776697 663974 -15892.835  346  539 -15889.300 -16058.324  1.06%  55.8 3375s
 777924 664799 -16032.625   65  568 -15889.300 -16058.315  1.06%  55.8 3380s
 779084 665937 -15892.621  364  544 -15889.300 -16058.315  1.06%  55.8 3385s
 780241 666806 -15942.228  239  549 -15889.300 -16058.307  1.06%  55.8 3390s
H780442 667003                    -15889.30051 -16058.307  1.06%  55.8 3391s
 781380 667855 -15984.537  108  557 -15889.301 -16058.306  1.06%  55.9 3395s
H781442 667913                    -15889.30085 -16058.306  1.06%  55.9 3395s
 782384 668677 -16014.566   95  560 -15889.301 -16058.299  1.06%  55.9 3400s
 783648 669731 -15927.118  287  544 -15889.301 -16058.295  1.06%  55.9 3405s
 784702 670737 -15890.843  461  520 -15889.301 -16058.295  1.06%  55.9 3410s
 786005 671790 -15912.721  330  551 -15889.301 -16058.286  1.06%  55.9 3415s
 787149 672694 -15942.500  151  548 -15889.301 -16058.279  1.06%  55.9 3420s
 788213 673556 -16037.486   57  577 -15889.301 -16058.270  1.06%  55.9 3425s
 789421 674472 -15957.714  225  550 -15889.301 -16058.260  1.06%  55.9 3430s
 790515 675548 -15895.509  426  532 -15889.301 -16058.260  1.06%  55.9 3435s
 791618 676497 -15893.506  441  528 -15889.301 -16058.256  1.06%  56.0 3440s
 792866 677409 -15989.149  142  552 -15889.301 -16058.244  1.06%  56.0 3445s
 793973 678488 -15892.226  387  542 -15889.301 -16058.244  1.06%  55.9 3450s
 795007 679182 -15950.675  226  546 -15889.301 -16058.236  1.06%  56.0 3455s
 795991 680142 -15898.609  300  547 -15889.301 -16058.235  1.06%  56.0 3460s
 797016 680803 -15902.463   56  568 -15889.301 -16058.224  1.06%  56.0 3465s
 798152 681849 -15926.752  295  546 -15889.301 -16058.221  1.06%  56.0 3470s
 799021 682646 -15891.008  435  524 -15889.301 -16058.221  1.06%  56.0 3475s
H800059 683386                    -15889.30144 -16058.209  1.06%  56.0 3479s
 800105 683434 -15960.292  150  553 -15889.301 -16058.209  1.06%  56.0 3480s
 801132 684325 -16011.676  106  561 -15889.301 -16058.208  1.06%  56.0 3485s
 802153 685346 -15909.703  382  530 -15889.301 -16058.208  1.06%  56.0 3490s
 803047 686232 -15891.519  515  511 -15889.301 -16058.208  1.06%  56.0 3495s
 803996 686945 -15939.834  257  542 -15889.301 -16058.200  1.06%  56.0 3500s
H804397 687164                    -15889.30186 -16058.194  1.06%  56.0 3502s
 805112 687835 -15921.825  286  545 -15889.302 -16058.193  1.06%  56.0 3505s
 806009 688658 -15973.324  141  544 -15889.302 -16058.193  1.06%  56.0 3510s
H806108 688755                    -15889.30212 -16058.193  1.06%  56.0 3510s
 807057 689550 -15900.260   57  573 -15889.302 -16058.186  1.06%  56.0 3515s
 808138 690431 -15965.271  204  554 -15889.302 -16058.177  1.06%  56.0 3520s
 809141 691402 -15894.173  390  541 -15889.302 -16058.177  1.06%  56.0 3525s
 810152 692001 -16010.163   37  583 -15889.302 -16058.169  1.06%  56.0 3530s
 811194 693011 -15906.583  343  539 -15889.302 -16058.168  1.06%  56.0 3535s
 812155 693878 -15936.545  184  550 -15889.302 -16058.168  1.06%  56.0 3540s
 813186 694609 -15897.262   52  582 -15889.302 -16058.154  1.06%  56.0 3545s
 814204 695419 -15983.431  113  553 -15889.302 -16058.151  1.06%  56.0 3550s
H814409 695617                    -15889.30268 -16058.151  1.06%  56.0 3551s
 815304 696292 -15917.972  328  548 -15889.303 -16058.146  1.06%  56.1 3555s
 816499 697425 -15933.422  222  549 -15889.303 -16058.144  1.06%  56.1 3560s
 817546 698242 -15917.639  318  541 -15889.303 -16058.139  1.06%  56.1 3565s
 818822 699358 -15929.962  299  542 -15889.303 -16058.129  1.06%  56.1 3570s
H819163 699697                    -15889.30287 -16058.129  1.06%  56.1 3571s
H819163 699697                    -15889.30288 -16058.129  1.06%  56.1 3571s
 819845 700365 -15896.222  458  523 -15889.303 -16058.129  1.06%  56.1 3575s
 821028 701312 -15943.022   64  574 -15889.303 -16058.128  1.06%  56.1 3580s
 822293 702413 -15995.331   83  560 -15889.303 -16058.118  1.06%  56.1 3585s
 823245 703307 -15934.174  283  546 -15889.303 -16058.114  1.06%  56.1 3590s
 824266 704266 -15890.083  455  524 -15889.303 -16058.114  1.06%  56.1 3595s
 825516 705114 -16001.579  122  553 -15889.303 -16058.101  1.06%  56.1 3600s

Cutting planes:
  RLT: 241

Explored 825517 nodes (46291701 simplex iterations) in 3600.00 seconds (2685.43 work units)
Thread count was 1 (of 56 available processors)

Solution count 10: -15889.3 -15889.3 -15889.3 ... -15889.3

Time limit reached
Best objective -1.588930287527e+04, best bound -1.605810099408e+04, gap 1.0623%

User-callback calls 2965329, time in user-callback 2.34 sec
primal_bound = -15889.30287527127, dual_bound = 0.0, gap = 100.0, time = 3600.28
