2023/11/29
gurobi is now 11.0.0
previous version was 10.0.3
solving instance knapsack 500 8 sinabc1
Set parameter TokenServer to value "licences.gerad.lan"
Set parameter MIPGap to value 1e-06
Set parameter FuncPieceError to value 1e-06
Set parameter Threads to value 1
Set parameter FuncPieces to value -2
Set parameter TimeLimit to value 3600
Gurobi Optimizer version 12.0.0 build v12.0.0rc1 (linux64 - "AlmaLinux 9.6 (Sage Margay)")

CPU model: Intel(R) Xeon(R) Gold 6258R CPU @ 2.70GHz, instruction set [SSE2|AVX|AVX2|AVX512]
Thread count: 56 physical cores, 56 logical processors, using up to 1 threads

Non-default parameters:
TimeLimit  3600
MIPGap  1e-06
Threads  1
FuncPieces  -2
FuncPieceError  1e-06

Optimize a model with 2501 rows, 3500 columns and 5500 nonzeros
Model fingerprint: 0x6b65c2c9
Model has 1000 function constraints treated as nonlinear
  500 POW, 500 SIN
Variable types: 3000 continuous, 500 integer (500 binary)
Coefficient statistics:
  Matrix range     [2e-03, 1e+02]
  Objective range  [1e+00, 1e+00]
  Bounds range     [1e+00, 1e+10]
  RHS range        [1e+02, 1e+06]
Warning: Model contains large bounds
         Consider reformulating model or setting NumericFocus parameter
         to avoid numerical issues.
Presolve removed 2000 rows and 2000 columns
Presolve time: 0.01s
Presolved: 3502 rows, 2002 columns, 8501 nonzeros
Presolved model has 500 bilinear constraint(s)
Presolved model has 500 nonlinear constraint(s)

Solving non-convex MINLP

Variable types: 2002 continuous, 0 integer (0 binary)
Found heuristic solution: objective -16112.60006

Root relaxation: objective -1.757905e+04, 2683 iterations, 0.04 seconds (0.07 work units)

    Nodes    |    Current Node    |     Objective Bounds      |     Work
 Expl Unexpl |  Obj  Depth IntInf | Incumbent    BestBd   Gap | It/Node Time

     0     0 -17579.048    0  708 -16112.600 -17579.048  9.10%     -    0s
     0     0 -17033.722    0  648 -16112.600 -17033.722  5.72%     -    0s
     0     0 -16584.987    0  628 -16112.600 -16584.987  2.93%     -    0s
     0     0 -16554.941    0  629 -16112.600 -16554.941  2.75%     -    0s
     0     0 -16505.949    0  628 -16112.600 -16505.949  2.44%     -    0s
     0     0 -16504.032    0  628 -16112.600 -16504.032  2.43%     -    0s
     0     0 -16492.035    0  628 -16112.600 -16492.035  2.35%     -    0s
     0     0 -16491.519    0  630 -16112.600 -16491.519  2.35%     -    0s
     0     0 -16478.574    0  628 -16112.600 -16478.574  2.27%     -    0s
     0     0 -16478.570    0  628 -16112.600 -16478.570  2.27%     -    0s
     0     0 -16478.532    0  628 -16112.600 -16478.532  2.27%     -    0s
     0     0 -16477.731    0  628 -16112.600 -16477.731  2.27%     -    0s
H    0     0                    -16176.91928 -16477.731  1.86%     -    0s
     0     2 -16477.731    0  628 -16176.919 -16477.731  1.86%     -    0s
  1380  1361 -16279.244  259    0 -16176.919 -16475.766  1.85%  28.0    5s
H 1405  1309                    -16178.35645 -16422.477  1.51%  30.3    6s
H 1405  1244                    -16180.15055 -16422.477  1.50%  30.3    6s
H 1406  1181                    -16180.15056 -16422.477  1.50%  30.3    6s
H 1432  1140                    -16180.15113 -16420.545  1.49%  32.7    8s
H 1581  1183                    -16180.62187 -16420.545  1.48%  33.1    8s
H 1581  1129                    -16180.62188 -16420.545  1.48%  33.1    8s
  1952  1378 -16254.043  298  597 -16180.622 -16420.545  1.48%  35.3   10s
  3477  2333 -16184.653  448  596 -16180.622 -16420.545  1.48%  27.8   15s
  5224  3698 -16207.840  387  595 -16180.622 -16419.287  1.48%  25.6   20s
  6709  5043 -16389.961   42  615 -16180.622 -16418.822  1.47%  24.4   25s
  8195  6473 -16241.179  319  589 -16180.622 -16418.039  1.47%  26.2   30s
  9745  7961 -16185.699  483  591 -16180.622 -16418.039  1.47%  25.2   35s
 11524  9680 -16200.337  404  586 -16180.622 -16416.683  1.46%  24.0   40s
 13109 11167 -16261.653  259  597 -16180.622 -16416.683  1.46%  22.7   45s
 14342 12398 -16185.067  438  593 -16180.622 -16416.683  1.46%  22.1   50s
 15963 13959 -16206.909  372  595 -16180.622 -16415.791  1.45%  21.7   55s
 17449 15395 -16238.481  291  591 -16180.622 -16415.791  1.45%  21.6   60s
 18871 16739 -16363.347  123  606 -16180.622 -16415.576  1.45%  21.2   65s
 20510 18378 -16186.735  454  581 -16180.622 -16415.576  1.45%  20.6   70s
 22169 19925 -16205.582  358  594 -16180.622 -16415.576  1.45%  20.1   75s
 23852 21530 -16219.797  324  598 -16180.622 -16414.883  1.45%  19.8   80s
 25412 23044 -16238.534  298  597 -16180.622 -16414.883  1.45%  19.8   85s
 26818 24318 -16292.600  226  596 -16180.622 -16414.649  1.45%  19.9   90s
 28262 25686 -16184.226  714  479 -16180.622 -16414.552  1.45%  20.0   95s
 29913 27291 -16200.410  407  585 -16180.622 -16414.552  1.45%  20.0  100s
 31229 28271 -16249.990  323  574 -16180.622 -16414.506  1.45%  20.1  105s
 32795 29683 -16244.791  311  587 -16180.622 -16414.265  1.44%  20.5  110s
 34129 31005 -16186.845  508  559 -16180.622 -16414.265  1.44%  20.2  115s
 35415 32103 -16391.271   45  606 -16180.622 -16414.047  1.44%  20.4  120s
 36892 33322 -16357.594   96  592 -16180.622 -16413.631  1.44%  20.6  125s
 38295 34569 -16294.671  217  591 -16180.622 -16413.445  1.44%  20.9  130s
 39748 36022 -16197.809  448  570 -16180.622 -16413.445  1.44%  20.9  135s
 40910 37092 -16180.936  547  557 -16180.622 -16413.445  1.44%  20.7  140s
 42344 38058 -16337.589  109  597 -16180.622 -16413.094  1.44%  21.1  145s
 43894 39608 -16205.673  441  567 -16180.622 -16413.094  1.44%  21.3  150s
 45076 40790 -16183.377  548  551 -16180.622 -16413.094  1.44%  21.0  155s
 46195 41761 -16188.306  563  508 -16180.622 -16413.094  1.44%  20.9  160s
 47558 42872 -16397.706   50  596 -16180.622 -16412.951  1.44%  21.3  165s
 48859 44057 -16313.106  157  601 -16180.622 -16412.889  1.44%  21.7  170s
 50338 45536 -16193.054  420  585 -16180.622 -16412.889  1.44%  21.6  175s
 51659 46465 -16396.862   41  609 -16180.622 -16412.511  1.43%  21.8  180s
 53157 47885 -16257.919  275  596 -16180.622 -16412.437  1.43%  22.2  185s
 54483 49173 -16186.419  462  577 -16180.622 -16412.437  1.43%  21.9  190s
 55832 50198 -16359.873   68  603 -16180.622 -16411.995  1.43%  22.1  195s
 57331 51697 -16205.256  417  578 -16180.622 -16411.995  1.43%  22.2  200s
 58481 52709     cutoff  549      -16180.622 -16411.995  1.43%  22.0  205s
 59934 53982 -16226.239  337  589 -16180.622 -16411.858  1.43%  22.2  210s
 61250 55182 -16320.091  140  605 -16180.622 -16411.729  1.43%  22.5  215s
 62773 56705 -16206.095  377  584 -16180.622 -16411.729  1.43%  22.4  220s
 63986 57708 -16240.076  347  574 -16180.622 -16411.644  1.43%  22.5  225s
 65432 59046 -16244.512  301  589 -16180.622 -16411.401  1.43%  22.7  230s
 66663 60269 -16190.756  475  570 -16180.622 -16411.401  1.43%  22.6  235s
 67901 61329 -16184.416  530  536 -16180.622 -16411.358  1.43%  22.5  240s
 69206 62472 -16372.665   79  600 -16180.622 -16411.136  1.42%  22.7  245s
 70673 63899 -16238.522  320  585 -16180.622 -16411.107  1.42%  23.0  250s
 71940 65140 -16184.493  504  561 -16180.622 -16411.107  1.42%  22.9  255s
 73136 66112 -16182.002  654  452 -16180.622 -16410.997  1.42%  23.0  260s
H74540 67340                    -16180.62198 -16410.926  1.42%  23.2  264s
 74627 67429 -16216.597  349  588 -16180.622 -16410.926  1.42%  23.2  265s
 75778 68464 -16286.119  230  580 -16180.622 -16410.922  1.42%  23.1  270s
 77002 69546 -16186.842  373  595 -16180.622 -16410.894  1.42%  23.3  275s
 78511 70927 -16230.090  298  587 -16180.622 -16410.846  1.42%  23.5  280s
 79737 72039 -16357.101   39  614 -16180.622 -16410.819  1.42%  23.4  285s
 81181 73291 -16230.943  285  600 -16180.622 -16410.646  1.42%  23.5  290s
 82577 74621 -16216.908  343  587 -16180.622 -16410.631  1.42%  23.7  295s
 83561 75469 -16185.207   86  592 -16180.622 -16410.581  1.42%  23.6  300s
 84917 76663 -16285.262  217  598 -16180.622 -16410.432  1.42%  23.9  305s
 86282 77990 -16183.425  462  569 -16180.622 -16410.432  1.42%  23.8  310s
 87585 79135 -16281.919  206  593 -16180.622 -16410.379  1.42%  24.0  315s
 88794 80238 -16194.092  491  559 -16180.622 -16410.361  1.42%  24.0  320s
 90143 81487 -16227.161  347  583 -16180.622 -16410.345  1.42%  24.2  325s
 91277 82605 -16185.455  501  555 -16180.622 -16410.345  1.42%  24.1  330s
 92546 83632 -16265.826  264  582 -16180.622 -16410.311  1.42%  24.1  335s
 93907 84889 -16242.439  293  589 -16180.622 -16410.250  1.42%  24.3  340s
 95186 86152 -16184.855  476  566 -16180.622 -16410.250  1.42%  24.1  345s
 96535 87367 -16229.160  283  593 -16180.622 -16410.220  1.42%  24.3  350s
 97783 88437 -16363.353   88  600 -16180.622 -16410.110  1.42%  24.4  355s
 99307 89961 -16201.160  438  570 -16180.622 -16410.110  1.42%  24.5  360s
 100394 90990 -16183.282  554  540 -16180.622 -16410.110  1.42%  24.4  365s
 101609 91945 -16266.805   59  607 -16180.622 -16409.962  1.42%  24.5  370s
 103024 93332 -16210.214  375  577 -16180.622 -16409.947  1.42%  24.7  375s
 104132 94410 -16183.441  523  555 -16180.622 -16409.947  1.42%  24.6  380s
 105429 95459 -16214.566  391  575 -16180.622 -16409.862  1.42%  24.7  385s
 106775 96723 -16224.546  346  586 -16180.622 -16409.847  1.42%  25.0  390s
 107928 97784 infeasible  504      -16180.622 -16409.847  1.42%  24.8  395s
 109163 98731 -16327.472  154  602 -16180.622 -16409.788  1.42%  25.1  400s
 110551 100051 -16269.014  253  589 -16180.622 -16409.708  1.42%  25.2  405s
 111885 101385 -16193.652  465  562 -16180.622 -16409.708  1.42%  25.2  410s
 113058 102248 -16349.473  118  594 -16180.622 -16409.580  1.42%  25.1  415s
 114465 103537 -16239.047  297  587 -16180.622 -16409.564  1.41%  25.3  420s
 115690 104728 -16183.142  475  564 -16180.622 -16409.564  1.41%  25.2  425s
 117103 105865 -16220.967  422  553 -16180.622 -16409.457  1.41%  25.3  430s
 118583 107311 -16222.215  354  583 -16180.622 -16409.439  1.41%  25.3  435s
 119701 108375 -16182.467  510  557 -16180.622 -16409.439  1.41%  25.2  440s
 120995 109393 -16182.801   89  595 -16180.622 -16409.404  1.41%  25.3  445s
 122521 110831 -16206.525  370  583 -16180.622 -16409.315  1.41%  25.3  450s
 123696 111874     cutoff  606      -16180.622 -16409.309  1.41%  25.3  455s
 124959 112839 -16379.611   41  616 -16180.622 -16409.290  1.41%  25.5  460s
 126418 114294 -16203.648  389  577 -16180.622 -16409.290  1.41%  25.5  465s
 127643 115339 -16196.440  545  525 -16180.622 -16409.247  1.41%  25.5  470s
 128891 116453 -16189.180  471  566 -16180.622 -16409.223  1.41%  25.6  475s
 130275 117789 -16211.250  355  586 -16180.622 -16409.193  1.41%  25.7  480s
 131518 118954 -16189.315  694  431 -16180.622 -16409.179  1.41%  25.7  485s
 132690 119846 -16379.390   65  604 -16180.622 -16409.061  1.41%  25.8  490s
 134130 121286 -16195.835  392  579 -16180.622 -16409.061  1.41%  25.8  495s
 135335 122313 -16386.593   59  608 -16180.622 -16409.015  1.41%  25.8  500s
 136615 123479 -16319.546  126  591 -16180.622 -16409.002  1.41%  26.0  505s
 138082 124946 -16201.226  458  569 -16180.622 -16409.002  1.41%  26.0  510s
 139234 126068 -16183.162  579  538 -16180.622 -16409.002  1.41%  25.9  515s
 140544 127104 -16190.307  509  550 -16180.622 -16408.936  1.41%  25.9  520s
 141967 128449 -16217.009  367  580 -16180.622 -16408.887  1.41%  26.1  525s
 143091 129547 -16182.655  526  548 -16180.622 -16408.887  1.41%  26.0  530s
 144391 130701 -16261.515  261  590 -16180.622 -16408.863  1.41%  26.1  535s
 145661 131821 -16211.098  499  541 -16180.622 -16408.840  1.41%  26.1  540s
 146998 133118 -16238.654  296  588 -16180.622 -16408.840  1.41%  26.2  545s
 148146 134234 -16183.255  478  561 -16180.622 -16408.840  1.41%  26.2  550s
 149422 135232 -16311.461  143  601 -16180.622 -16408.787  1.41%  26.3  555s
 150827 136637 -16199.576  424  577 -16180.622 -16408.787  1.41%  26.3  560s
 152048 137708 -16218.365  351  586 -16180.622 -16408.779  1.41%  26.3  565s
 153249 138687 -16389.818   56  596 -16180.622 -16408.740  1.41%  26.3  570s
 154736 140110 -16267.363  239  594 -16180.622 -16408.673  1.41%  26.4  575s
 156080 141424 -16184.396  426  577 -16180.622 -16408.673  1.41%  26.3  580s
 157341 142421 -16385.057   61  603 -16180.622 -16408.623  1.41%  26.4  585s
 158534 143538 -16367.899   83  602 -16180.622 -16408.617  1.41%  26.5  590s
 159920 144920 -16199.951  391  580 -16180.622 -16408.617  1.41%  26.5  595s
 161141 145893 -16215.466   55  600 -16180.622 -16408.581  1.41%  26.5  600s
 162539 147201 -16253.104  283  588 -16180.622 -16408.564  1.41%  26.6  605s
 163790 148450 -16187.942  481  562 -16180.622 -16408.564  1.41%  26.5  610s
 165040 149514 -16194.103  526  543 -16180.622 -16408.544  1.41%  26.5  615s
 166403 150755 -16325.268  151  604 -16180.622 -16408.508  1.41%  26.6  620s
 167767 152117 -16193.013  423  577 -16180.622 -16408.508  1.41%  26.5  625s
 168982 153108 -16187.191  567  511 -16180.622 -16408.423  1.41%  26.5  630s
 170454 154510 -16210.012  364  585 -16180.622 -16408.409  1.41%  26.5  635s
 171606 155528 -16354.935   43  609 -16180.622 -16408.376  1.41%  26.5  640s
 173016 156714 -16279.926  220  595 -16180.622 -16408.348  1.41%  26.6  645s
 174286 157966 -16184.360  442  572 -16180.622 -16408.348  1.41%  26.6  650s
H174993 158421                    -16180.75048 -16408.318  1.41%  26.6  652s
 175503 158783 infeasible   91      -16180.750 -16408.286  1.41%  26.6  655s
 176974 160242 -16202.256  373  582 -16180.750 -16408.268  1.41%  26.6  660s
 178178 161294 -16181.951   62  583 -16180.750 -16408.254  1.41%  26.6  665s
 179572 162526 -16255.487  245  591 -16180.750 -16408.231  1.41%  26.6  670s
 180850 163756 -16182.168  459  570 -16180.750 -16408.231  1.41%  26.6  675s
 182241 164983 -16215.021  385  576 -16180.750 -16408.209  1.41%  26.7  680s
 183646 166318 -16264.141  274  582 -16180.750 -16408.192  1.41%  26.7  685s
 184991 167663 -16197.374  497  559 -16180.750 -16408.192  1.41%  26.7  690s
 186106 168764 -16181.890  596  539 -16180.750 -16408.192  1.41%  26.6  695s
 187396 169714 -16402.605   45  610 -16180.750 -16408.165  1.41%  26.6  700s
 188696 170966 -16242.831  282  590 -16180.750 -16408.151  1.41%  26.7  705s
 189796 172012 -16185.384   63  591 -16180.750 -16408.151  1.41%  26.6  710s
 191042 173176 -16220.572  346  587 -16180.750 -16408.133  1.41%  26.8  715s
 192485 174507 -16223.999  314  590 -16180.750 -16408.107  1.41%  26.8  720s
 193719 175531 -16363.950   88  599 -16180.750 -16408.093  1.41%  26.7  725s
 195141 176861 -16233.032  303  592 -16180.750 -16408.081  1.40%  26.8  730s
 196314 177910 -16353.572   70  603 -16180.750 -16408.066  1.40%  26.8  735s
 197599 179163 -16187.286  505  549 -16180.750 -16408.046  1.40%  26.8  740s
 198843 180187 -16394.277   52  602 -16180.750 -16408.012  1.40%  26.9  745s
 200276 181620 -16207.619  392  575 -16180.750 -16408.012  1.40%  26.9  750s
 201420 182520 -16306.319  185  584 -16180.750 -16407.994  1.40%  26.9  755s
 202749 183723 -16263.980  255  592 -16180.750 -16407.967  1.40%  26.9  760s
 203943 184915 -16187.981  458  571 -16180.750 -16407.967  1.40%  26.9  765s
 205231 185885 -16333.627  146  586 -16180.750 -16407.924  1.40%  26.9  770s
 206652 187258 -16233.641  297  586 -16180.750 -16407.918  1.40%  27.0  775s
H207026 187630                    -16180.75059 -16407.918  1.40%  27.0  776s
 207822 188352 -16183.972   57  593 -16180.751 -16407.910  1.40%  27.0  780s
 209207 189643 -16203.230  382  581 -16180.751 -16407.877  1.40%  27.1  785s
 210699 191015 -16218.208  345  583 -16180.751 -16407.867  1.40%  27.1  790s
H211405 191607                    -16180.83059 -16407.867  1.40%  27.1  793s
H211405 191592                    -16180.84379 -16407.867  1.40%  27.1  793s
 211873 191976 -16212.550  330  580 -16180.844 -16407.867  1.40%  27.1  795s
 213148 193043 -16359.615   89  602 -16180.844 -16407.831  1.40%  27.1  800s
 214580 194471 -16192.450  410  578 -16180.844 -16407.831  1.40%  27.1  805s
 215846 195481 -16190.801   52  602 -16180.844 -16407.795  1.40%  27.1  810s
 217335 196960 -16198.102  378  582 -16180.844 -16407.795  1.40%  27.1  815s
 218597 198008 -16190.307   53  599 -16180.844 -16407.747  1.40%  27.1  820s
 220091 199474 -16202.453  376  580 -16180.844 -16407.747  1.40%  27.1  825s
 221340 200627 -16210.499  379  580 -16180.844 -16407.747  1.40%  27.1  830s
 222607 201686 -16235.025   60  610 -16180.844 -16407.742  1.40%  27.2  835s
 224024 203003 -16242.053  302  592 -16180.844 -16407.732  1.40%  27.2  840s
 225116 204091 -16190.437  460  569 -16180.844 -16407.732  1.40%  27.2  845s
 226319 205070 -16238.028  266  605 -16180.844 -16407.714  1.40%  27.2  850s
 227500 206123 -16373.754   65  606 -16180.844 -16407.706  1.40%  27.3  855s
 228792 207415 -16204.515  370  584 -16180.844 -16407.706  1.40%  27.3  860s
 229936 208459 infeasible  629      -16180.844 -16407.695  1.40%  27.3  865s
 231306 209593 -16270.605  247  594 -16180.844 -16407.676  1.40%  27.4  870s
H231316 209599                    -16180.84457 -16407.676  1.40%  27.4  870s
 232560 210835 -16189.562  463  568 -16180.845 -16407.676  1.40%  27.4  875s
 233919 211984 -16311.310  165  602 -16180.845 -16407.653  1.40%  27.4  880s
 235379 213340 -16247.663  272  593 -16180.845 -16407.635  1.40%  27.4  885s
 236597 214492 -16331.798  143  600 -16180.845 -16407.635  1.40%  27.4  890s
 237918 215597 -16400.617   42  616 -16180.845 -16407.596  1.40%  27.4  895s
 239469 217148 -16199.281  364  578 -16180.845 -16407.596  1.40%  27.5  900s
 240664 218237 -16303.781  148  599 -16180.845 -16407.593  1.40%  27.5  905s
 242003 219474 -16189.726   53  603 -16180.845 -16407.591  1.40%  27.5  910s
 243457 220822 -16216.637  354  584 -16180.845 -16407.571  1.40%  27.5  915s
 244602 221819 -16352.530  106  590 -16180.845 -16407.553  1.40%  27.5  920s
 245809 222932 -16294.642  199  595 -16180.845 -16407.537  1.40%  27.5  925s
 247047 224164 -16194.377  443  570 -16180.845 -16407.537  1.40%  27.5  930s
 248231 225128 -16255.469   55  590 -16180.845 -16407.516  1.40%  27.5  935s
 249250 226037 -16316.157  163  600 -16180.845 -16407.476  1.40%  27.6  940s
 250551 227322 -16195.453  398  581 -16180.845 -16407.476  1.40%  27.6  945s
 251716 228261 -16366.344   52  611 -16180.845 -16407.461  1.40%  27.6  950s
 253155 229630 -16252.515  259  590 -16180.845 -16407.460  1.40%  27.6  955s
 254456 230925 -16188.281  469  561 -16180.845 -16407.460  1.40%  27.6  960s
 255758 232051 -16195.872  336  598 -16180.845 -16407.440  1.40%  27.6  965s
 257051 233224 -16291.209  210  600 -16180.845 -16407.423  1.40%  27.7  970s
 258358 234519 -16189.850  422  576 -16180.845 -16407.423  1.40%  27.6  975s
 259565 235468 -16183.199   52  591 -16180.845 -16407.403  1.40%  27.6  980s
 260963 236832 -16195.037  366  589 -16180.845 -16407.394  1.40%  27.6  985s
 262172 237863 infeasible   61      -16180.845 -16407.384  1.40%  27.7  990s
 263485 239096 -16255.172  258  589 -16180.845 -16407.361  1.40%  27.7  995s
 264733 240340 -16187.861  468  564 -16180.845 -16407.361  1.40%  27.7 1000s
 265966 241447 -16195.122  403  581 -16180.845 -16407.355  1.40%  27.7 1005s
H266818 242173                    -16180.84470 -16407.337  1.40%  27.7 1008s
H266818 242173                    -16180.84470 -16407.337  1.40%  27.7 1008s
 267171 242468 -16317.392  129  603 -16180.845 -16407.333  1.40%  27.8 1010s
 268563 243852 -16182.103  402  577 -16180.845 -16407.333  1.40%  27.7 1015s
 269869 244990 -16183.327  553  523 -16180.845 -16407.310  1.40%  27.8 1020s
 271107 246128 -16354.694   96  600 -16180.845 -16407.297  1.40%  27.8 1025s
 272459 247480 -16199.611  404  580 -16180.845 -16407.297  1.40%  27.9 1030s
 273597 248430 infeasible  559      -16180.845 -16407.286  1.40%  27.9 1035s
 275146 249833 -16246.916  299  591 -16180.845 -16407.252  1.40%  27.9 1040s
 276374 251043 -16186.957  495  561 -16180.845 -16407.252  1.40%  27.9 1045s
 277578 251977 -16185.586  559  517 -16180.845 -16407.241  1.40%  27.9 1050s
 278859 253092 -16387.964   59  599 -16180.845 -16407.231  1.40%  27.9 1055s
 280239 254472 -16204.661  401  575 -16180.845 -16407.231  1.40%  27.9 1060s
 281343 255438 -16368.230   79  600 -16180.845 -16407.222  1.40%  27.9 1065s
 282577 256538 -16181.296  547  529 -16180.845 -16407.213  1.40%  27.9 1070s
 283911 257782 -16216.066  360  581 -16180.845 -16407.198  1.40%  27.9 1075s
 284987 258758 -16181.263  516  554 -16180.845 -16407.198  1.40%  27.9 1080s
 286217 259772 infeasible   63      -16180.845 -16407.192  1.40%  27.9 1085s
 287660 261145 -16217.720  358  586 -16180.845 -16407.188  1.40%  28.0 1090s
 288809 262184 -16309.116  171  589 -16180.845 -16407.184  1.40%  27.9 1095s
 290124 263309 -16194.184   51  602 -16180.845 -16407.162  1.40%  28.0 1100s
 291500 264673 -16206.406  364  586 -16180.845 -16407.162  1.40%  28.0 1105s
 292738 265811 -16210.478  378  580 -16180.845 -16407.162  1.40%  28.0 1110s
 293899 266710 -16202.823   60  581 -16180.845 -16407.143  1.40%  28.0 1115s
 295235 267992 -16216.427  365  583 -16180.845 -16407.140  1.40%  28.1 1120s
 296378 268955 -16188.703   56  597 -16180.845 -16407.133  1.40%  28.1 1125s
 297701 270168 -16203.205  407  580 -16180.845 -16407.114  1.40%  28.1 1130s
 299066 271441 -16228.426  334  582 -16180.845 -16407.110  1.40%  28.2 1135s
 300118 272463 -16184.393  484  564 -16180.845 -16407.110  1.40%  28.2 1140s
 301411 273532 -16343.842  111  594 -16180.845 -16407.075  1.40%  28.2 1145s
 302846 274953 -16228.505  323  588 -16180.845 -16407.073  1.40%  28.3 1150s
H303238 275261                    -16180.89499 -16407.073  1.40%  28.3 1151s
 303966 275889 -16398.259   46  609 -16180.895 -16407.073  1.40%  28.2 1155s
 305395 277130 -16255.969  257  598 -16180.895 -16407.047  1.40%  28.2 1160s
 306627 278268 -16350.063  102  595 -16180.895 -16407.042  1.40%  28.2 1165s
 307981 279460 -16382.313   61  608 -16180.895 -16407.015  1.40%  28.3 1170s
H308267 279634                    -16180.95037 -16407.015  1.40%  28.3 1171s
H308267 279634                    -16180.95037 -16407.015  1.40%  28.3 1171s
 309402 280757 -16200.495  392  575 -16180.950 -16407.015  1.40%  28.2 1175s
 310620 281857 -16204.718  401  579 -16180.950 -16407.014  1.40%  28.3 1180s
 311855 282922 -16368.770   80  602 -16180.950 -16406.987  1.40%  28.3 1185s
 313227 284294 -16201.552  408  575 -16180.950 -16406.987  1.40%  28.3 1190s
 314428 285347 -16185.198   55  592 -16180.950 -16406.983  1.40%  28.3 1195s
 315868 286661 -16246.090  275  590 -16180.950 -16406.970  1.40%  28.4 1200s
 317037 287736 -16189.316   59  595 -16180.950 -16406.970  1.40%  28.3 1205s
 318324 288863 -16372.438   71  604 -16180.950 -16406.950  1.40%  28.4 1210s
 319801 290332 -16197.681  407  577 -16180.950 -16406.950  1.40%  28.4 1215s
 321009 291366 -16183.880  642  481 -16180.950 -16406.943  1.40%  28.4 1220s
 322200 292465 -16367.658   70  600 -16180.950 -16406.933  1.40%  28.4 1225s
 323633 293898 -16211.736  384  578 -16180.950 -16406.933  1.40%  28.4 1230s
 324711 294836 -16345.811  111  598 -16180.950 -16406.921  1.40%  28.4 1235s
 325940 295899 -16370.328   56  609 -16180.950 -16406.903  1.40%  28.4 1240s
 327335 297290 -16203.571  389  576 -16180.950 -16406.903  1.40%  28.4 1245s
 328649 298470 -16215.203  311  591 -16180.950 -16406.888  1.40%  28.4 1250s
 329815 299460 -16350.535   69  603 -16180.950 -16406.859  1.40%  28.4 1255s
 331099 300742 -16198.311  371  583 -16180.950 -16406.859  1.40%  28.5 1260s
 332317 301800 -16194.382   75  588 -16180.950 -16406.847  1.40%  28.5 1265s
 333808 303147 -16237.131  293  590 -16180.950 -16406.833  1.40%  28.5 1270s
 334952 304173 infeasible   59      -16180.950 -16406.830  1.40%  28.5 1275s
 336287 305428 -16211.531  398  577 -16180.950 -16406.822  1.40%  28.5 1280s
 337741 306780 -16222.897  347  583 -16180.950 -16406.813  1.40%  28.5 1285s
 338853 307858 -16181.922  509  556 -16180.950 -16406.813  1.40%  28.4 1290s
 340099 308934 -16202.568  441  569 -16180.950 -16406.793  1.40%  28.5 1295s
 341312 310039 -16347.600   82  601 -16180.950 -16406.790  1.40%  28.5 1300s
 342684 311411 -16203.312  409  577 -16180.950 -16406.790  1.40%  28.5 1305s
 343842 312395 -16327.257  153  592 -16180.950 -16406.788  1.40%  28.5 1310s
 345094 313459 -16278.899  225  599 -16180.950 -16406.774  1.40%  28.5 1315s
 346320 314671 -16191.454  420  578 -16180.950 -16406.774  1.40%  28.5 1320s
 347521 315550 -16373.522   72  604 -16180.950 -16406.742  1.40%  28.6 1325s
 348997 317018 -16197.554  406  578 -16180.950 -16406.742  1.40%  28.5 1330s
 350199 318072 -16253.996   50  604 -16180.950 -16406.729  1.40%  28.5 1335s
 351656 319411 -16243.568  292  590 -16180.950 -16406.712  1.40%  28.6 1340s
 352549 320298 -16192.362  430  573 -16180.950 -16406.712  1.40%  28.6 1345s
 353805 321402 -16209.432  368  586 -16180.950 -16406.705  1.40%  28.6 1350s
 355015 322488 -16397.215   43  614 -16180.950 -16406.688  1.40%  28.6 1355s
 356416 323881 -16196.176  381  581 -16180.950 -16406.688  1.40%  28.6 1360s
H356927 324306                    -16180.95051 -16406.684  1.40%  28.6 1362s
 357677 324950 -16286.541  215  581 -16180.951 -16406.666  1.39%  28.6 1365s
H358061 325322                    -16180.95453 -16406.666  1.39%  28.6 1366s
 358923 326122 -16249.795  277  588 -16180.955 -16406.662  1.39%  28.7 1370s
 360165 327336 -16184.207  482  566 -16180.955 -16406.662  1.39%  28.6 1375s
H360323 327434                    -16180.95500 -16406.660  1.39%  28.6 1375s
 361443 328440 -16373.800   76  600 -16180.955 -16406.658  1.39%  28.7 1380s
H362451 329344                    -16180.95506 -16406.652  1.39%  28.7 1384s
 362795 329690 -16259.456  247  586 -16180.955 -16406.652  1.39%  28.7 1385s
 364063 330952 -16187.935  480  560 -16180.955 -16406.652  1.39%  28.7 1390s
 365261 331910 -16348.446  101  598 -16180.955 -16406.634  1.39%  28.7 1395s
 366724 333273 -16236.794  306  586 -16180.955 -16406.625  1.39%  28.7 1400s
 367853 334338 -16181.224  497  556 -16180.955 -16406.625  1.39%  28.7 1405s
 369124 335377 -16274.509  206  610 -16180.955 -16406.612  1.39%  28.7 1410s
 370533 336730 -16190.010  352  587 -16180.955 -16406.608  1.39%  28.8 1415s
 371843 337896 -16239.780  288  590 -16180.955 -16406.592  1.39%  28.8 1420s
 373046 338963 -16349.830  104  598 -16180.955 -16406.569  1.39%  28.8 1425s
 374424 340341 -16198.874  415  574 -16180.955 -16406.569  1.39%  28.8 1430s
 375517 341274 -16251.430  278  583 -16180.955 -16406.560  1.39%  28.8 1435s
 376679 342276 -16392.363   42  618 -16180.955 -16406.549  1.39%  28.8 1440s
H377644 343239                    -16180.95509 -16406.549  1.39%  28.8 1443s
 377883 343480 -16205.123  352  586 -16180.955 -16406.549  1.39%  28.8 1445s
H378582 344057                    -16180.95527 -16406.540  1.39%  28.8 1448s
 379078 344555 -16208.906  340  590 -16180.955 -16406.540  1.39%  28.8 1450s
H379852 345227                    -16180.96320 -16406.539  1.39%  28.8 1453s
 380344 345651 -16304.049  175  600 -16180.963 -16406.532  1.39%  28.8 1455s
 381640 346917 -16188.223  400  579 -16180.963 -16406.532  1.39%  28.8 1460s
 382896 347969 -16185.663   56  591 -16180.963 -16406.527  1.39%  28.8 1465s
 384330 349311 -16245.302  294  589 -16180.963 -16406.520  1.39%  28.9 1470s
 385610 350563 -16183.324  503  555 -16180.963 -16406.520  1.39%  28.8 1475s
 386800 351489 -16370.911   79  602 -16180.963 -16406.500  1.39%  28.9 1480s
 388197 352886 -16206.663  401  580 -16180.963 -16406.500  1.39%  28.9 1485s
 389366 353953 -16214.428  368  576 -16180.963 -16406.500  1.39%  28.9 1490s
 390600 354939 -16336.135   97  601 -16180.963 -16406.477  1.39%  28.9 1495s
 391970 356291 -16191.073  393  583 -16180.963 -16406.477  1.39%  28.9 1500s
H392631 356828                    -16180.96372 -16406.471  1.39%  28.9 1502s
 393139 357204 -16382.650   59  608 -16180.964 -16406.457  1.39%  28.9 1505s
H393882 357935                    -16180.96730 -16406.457  1.39%  28.9 1507s
 394379 358434 -16208.305  359  587 -16180.967 -16406.457  1.39%  28.9 1510s
 395533 359450 -16259.096  246  590 -16180.967 -16406.440  1.39%  28.9 1515s
 396806 360655 -16213.864  385  574 -16180.967 -16406.439  1.39%  29.0 1520s
 398181 361886 -16224.159  341  584 -16180.967 -16406.424  1.39%  29.0 1525s
 399304 362871 -16402.139   42  608 -16180.967 -16406.421  1.39%  29.0 1530s
 400653 364092 -16184.634  566  518 -16180.967 -16406.405  1.39%  29.0 1535s
 402039 365454 -16203.682  364  583 -16180.967 -16406.399  1.39%  29.0 1540s
 403261 366572 -16232.819  308  588 -16180.967 -16406.398  1.39%  29.0 1545s
 404446 367641 -16330.094   42  608 -16180.967 -16406.387  1.39%  29.0 1550s
 405913 369048 -16221.119  332  587 -16180.967 -16406.373  1.39%  29.1 1555s
 407109 370158 -16247.068  300  581 -16180.967 -16406.372  1.39%  29.0 1560s
 408239 371094 -16375.851   66  604 -16180.967 -16406.357  1.39%  29.1 1565s
 409482 372295 -16292.379  212  593 -16180.967 -16406.356  1.39%  29.1 1570s
 410718 373527 -16194.611  454  571 -16180.967 -16406.356  1.39%  29.1 1575s
 411827 374484 -16255.008  279  583 -16180.967 -16406.351  1.39%  29.1 1580s
 413160 375699 -16252.687  287  588 -16180.967 -16406.335  1.39%  29.1 1585s
 414360 376899 -16192.525  483  561 -16180.967 -16406.335  1.39%  29.1 1590s
 415531 377940 -16199.572  539  529 -16180.967 -16406.335  1.39%  29.1 1595s
 416762 379007 infeasible  450      -16180.967 -16406.331  1.39%  29.1 1600s
 418180 380377 -16235.881  307  586 -16180.967 -16406.327  1.39%  29.1 1605s
 419221 381404 -16184.830  485  566 -16180.967 -16406.327  1.39%  29.1 1610s
 420625 382566 -16277.519  218  602 -16180.967 -16406.302  1.39%  29.1 1615s
 421790 383693 -16183.906  409  579 -16180.967 -16406.302  1.39%  29.1 1620s
 423013 384736 -16206.177  395  580 -16180.967 -16406.289  1.39%  29.2 1625s
 424213 385762 -16344.634   73  604 -16180.967 -16406.280  1.39%  29.2 1630s
 425575 387110 -16194.614  377  588 -16180.967 -16406.280  1.39%  29.2 1635s
 426865 388166 -16277.098  227  593 -16180.967 -16406.261  1.39%  29.2 1640s
 428340 389601 -16216.590  355  581 -16180.967 -16406.259  1.39%  29.2 1645s
 429451 390594 -16368.167   79  602 -16180.967 -16406.256  1.39%  29.1 1650s
 430643 391652 -16302.253  181  594 -16180.967 -16406.250  1.39%  29.2 1655s
 432023 392970 -16201.219  314  589 -16180.967 -16406.246  1.39%  29.2 1660s
 433221 394100 -16220.806  350  584 -16180.967 -16406.245  1.39%  29.2 1665s
 434437 395120 -16387.328   59  606 -16180.967 -16406.227  1.39%  29.2 1670s
 435846 396529 -16203.071  408  576 -16180.967 -16406.227  1.39%  29.2 1675s
 436906 397537 -16181.845  546  550 -16180.967 -16406.227  1.39%  29.2 1680s
 438134 398539 -16321.586  119  601 -16180.967 -16406.211  1.39%  29.2 1685s
 439477 399858 -16189.733  403  576 -16180.967 -16406.211  1.39%  29.2 1690s
H440538 400789                    -16180.96738 -16406.204  1.39%  29.2 1694s
 440680 400891 -16404.762   37  620 -16180.967 -16406.197  1.39%  29.2 1695s
 442009 402170 -16206.302  418  572 -16180.967 -16406.189  1.39%  29.3 1700s
 443369 403396 -16220.965  350  584 -16180.967 -16406.186  1.39%  29.3 1705s
 444496 404461 -16181.179  512  553 -16180.967 -16406.186  1.39%  29.3 1710s
 445771 405464 -16280.705  163  599 -16180.967 -16406.167  1.39%  29.3 1715s
 447072 406749 -16188.899  406  579 -16180.967 -16406.167  1.39%  29.3 1720s
 448346 407791 -16340.666  129  606 -16180.967 -16406.147  1.39%  29.3 1725s
 449732 409175 -16194.992  408  576 -16180.967 -16406.147  1.39%  29.3 1730s
 451063 410242 -16268.631  236  587 -16180.967 -16406.125  1.39%  29.3 1735s
 452125 411290 -16239.872  305  588 -16180.967 -16406.124  1.39%  29.4 1740s
 453249 412406 -16186.261  484  559 -16180.967 -16406.124  1.39%  29.3 1745s
 454425 413342 -16184.833  518  551 -16180.967 -16406.117  1.39%  29.3 1750s
 455719 414488 -16224.561  330  588 -16180.967 -16406.109  1.39%  29.4 1755s
 456748 415425 -16355.488  104  596 -16180.967 -16406.105  1.39%  29.4 1760s
 458005 416550 -16232.941  306  589 -16180.967 -16406.097  1.39%  29.4 1765s
 459205 417658 -16317.488  157  600 -16180.967 -16406.091  1.39%  29.4 1770s
 460537 418986 -16190.765  411  577 -16180.967 -16406.091  1.39%  29.4 1775s
 461669 419922 infeasible   68      -16180.967 -16406.080  1.39%  29.4 1780s
 463055 421268 -16215.171  380  582 -16180.967 -16406.079  1.39%  29.5 1785s
 464183 422302 -16316.353  162  586 -16180.967 -16406.078  1.39%  29.5 1790s
 465388 423429 -16204.460  343  589 -16180.967 -16406.073  1.39%  29.5 1795s
 466622 424523 -16308.677  147  601 -16180.967 -16406.066  1.39%  29.5 1800s
 467930 425827 -16197.085  415  577 -16180.967 -16406.066  1.39%  29.5 1805s
 469153 426922 -16225.923  341  581 -16180.967 -16406.062  1.39%  29.5 1810s
 470493 428094 -16231.669  311  585 -16180.967 -16406.052  1.39%  29.6 1815s
 471573 429082 -16183.253   63  591 -16180.967 -16406.049  1.39%  29.6 1820s
H472246 429506                    -16181.04703 -16406.049  1.39%  29.6 1822s
H472246 429437                    -16181.07667 -16406.049  1.39%  29.6 1822s
H472246 429435                    -16181.07811 -16406.049  1.39%  29.6 1822s
 472789 429858 -16327.689  135  593 -16181.078 -16406.046  1.39%  29.6 1825s
 474189 431146 -16227.735  305  592 -16181.078 -16406.037  1.39%  29.6 1830s
 475354 432215 -16303.565  184  598 -16181.078 -16406.030  1.39%  29.6 1835s
 476669 433414 -16333.724  141  598 -16181.078 -16406.021  1.39%  29.6 1840s
 478017 434762 -16201.269  419  571 -16181.078 -16406.021  1.39%  29.6 1845s
 479250 435855 -16184.835  595  484 -16181.078 -16406.011  1.39%  29.6 1850s
 480643 437096 -16209.217  342  585 -16181.078 -16406.002  1.39%  29.6 1855s
 481815 438194 -16215.160  361  584 -16181.078 -16405.999  1.39%  29.6 1860s
 483111 439358 -16260.138  252  588 -16181.078 -16405.989  1.39%  29.7 1865s
 484493 440702 -16217.982  336  589 -16181.078 -16405.986  1.39%  29.7 1870s
 485567 441654 -16306.178  175  598 -16181.078 -16405.981  1.39%  29.7 1875s
 486902 442857 -16259.047  255  589 -16181.078 -16405.974  1.39%  29.7 1880s
H487737 443476                    -16181.14567 -16405.974  1.39%  29.7 1883s
 488037 443770 -16191.120  412  579 -16181.146 -16405.974  1.39%  29.7 1885s
 489353 444986 -16243.545  292  589 -16181.146 -16405.972  1.39%  29.7 1890s
 490537 446032 -16326.733   74  603 -16181.146 -16405.962  1.39%  29.7 1895s
 491824 447199 -16186.562   55  598 -16181.146 -16405.957  1.39%  29.7 1900s
H492479 447754                    -16181.15581 -16405.953  1.39%  29.7 1902s
H492479 447674                    -16181.17590 -16405.953  1.39%  29.7 1902s
 493129 448190 -16348.365   70  603 -16181.176 -16405.940  1.39%  29.7 1905s
 494484 449541 -16197.530  376  582 -16181.176 -16405.940  1.39%  29.7 1910s
 495751 450734 -16182.206  514  557 -16181.176 -16405.940  1.39%  29.7 1915s
 497025 451778 -16325.025  110  597 -16181.176 -16405.923  1.39%  29.7 1920s
 498421 453174 -16196.764  415  577 -16181.176 -16405.923  1.39%  29.7 1925s
 499596 454141 -16194.205   53  604 -16181.176 -16405.920  1.39%  29.7 1930s
H500543 454980                    -16181.17792 -16405.907  1.39%  29.8 1933s
 500946 455345 -16288.749  219  592 -16181.178 -16405.907  1.39%  29.8 1935s
 502303 456662 -16207.516  310  587 -16181.178 -16405.906  1.39%  29.8 1940s
 503496 457685 -16193.955  543  529 -16181.178 -16405.885  1.39%  29.8 1945s
 504908 458947 -16216.054  328  582 -16181.178 -16405.864  1.39%  29.8 1950s
H505049 459084                    -16181.17855 -16405.864  1.39%  29.8 1950s
 506033 459962 infeasible  496      -16181.179 -16405.864  1.39%  29.8 1955s
 507441 461208 -16216.001  366  582 -16181.179 -16405.856  1.39%  29.8 1960s
 508738 462413 -16283.206  223  594 -16181.179 -16405.854  1.39%  29.8 1965s
 510056 463723 -16192.502  456  571 -16181.179 -16405.854  1.39%  29.8 1970s
 511228 464693 -16183.199  570  515 -16181.179 -16405.842  1.39%  29.8 1975s
 512650 466009 -16217.918  370  584 -16181.179 -16405.837  1.39%  29.8 1980s
 513774 467019 -16373.677   64  603 -16181.179 -16405.837  1.39%  29.8 1985s
 515111 468288 -16183.419  440  577 -16181.179 -16405.829  1.39%  29.8 1990s
 516435 469444 -16254.327  243  593 -16181.179 -16405.816  1.39%  29.9 1995s
 517624 470621 -16186.781  432  577 -16181.179 -16405.816  1.39%  29.8 2000s
 518843 471610 -16300.488  178  600 -16181.179 -16405.804  1.39%  29.9 2005s
 520050 472809 -16185.681  406  579 -16181.179 -16405.804  1.39%  29.9 2010s
 521216 473801 -16244.291  268  606 -16181.179 -16405.793  1.39%  29.9 2015s
 522519 475032 -16222.171  341  586 -16181.179 -16405.791  1.39%  29.9 2020s
 523605 475976 -16380.199   60  607 -16181.179 -16405.785  1.39%  29.9 2025s
 524787 476980 -16344.606   86  601 -16181.179 -16405.767  1.39%  29.9 2030s
 526087 478280 -16203.975  374  580 -16181.179 -16405.767  1.39%  29.9 2035s
 527220 479241 -16184.059   53  605 -16181.179 -16405.757  1.39%  29.9 2040s
 528578 480555 -16210.853  361  585 -16181.179 -16405.751  1.39%  29.9 2045s
 529735 481604 -16399.760   36  622 -16181.179 -16405.748  1.39%  29.9 2050s
 531089 482822 -16195.219  416  575 -16181.179 -16405.739  1.39%  29.9 2055s
 532425 484124 -16214.680  356  586 -16181.179 -16405.739  1.39%  29.9 2060s
 533585 485160 -16255.581  263  593 -16181.179 -16405.727  1.39%  29.9 2065s
 535033 486468 -16244.407  259  595 -16181.179 -16405.719  1.39%  29.9 2070s
 536186 487597     cutoff  441      -16181.179 -16405.719  1.39%  29.9 2075s
 537533 488904 -16193.972  395  580 -16181.179 -16405.716  1.39%  29.9 2080s
 538842 489979 -16310.214  167  597 -16181.179 -16405.706  1.39%  29.9 2085s
 540162 491289 -16190.772  411  580 -16181.179 -16405.706  1.39%  29.9 2090s
 541389 492306 -16316.651  168  600 -16181.179 -16405.689  1.39%  29.9 2095s
 542633 493512 -16270.229  249  590 -16181.179 -16405.685  1.39%  29.9 2100s
 544027 494904 -16192.432  476  558 -16181.179 -16405.685  1.39%  29.9 2105s
H544685 495382                    -16181.21053 -16405.685  1.39%  29.9 2108s
 545077 495620 -16302.398  186  594 -16181.211 -16405.676  1.39%  29.9 2110s
 546397 496846 -16241.999  304  591 -16181.211 -16405.673  1.39%  29.9 2115s
 547570 498011 -16181.782  492  559 -16181.211 -16405.673  1.39%  29.9 2120s
 548806 498993 -16393.692   49  612 -16181.211 -16405.668  1.39%  29.9 2125s
 550087 500168 -16259.546  248  590 -16181.211 -16405.667  1.39%  30.0 2131s
 551244 501303 -16228.312  320  585 -16181.211 -16405.666  1.39%  30.0 2135s
 552332 502261 -16186.333   54  605 -16181.211 -16405.661  1.39%  30.0 2140s
 553800 503585 -16240.757  275  589 -16181.211 -16405.648  1.39%  30.0 2145s
 554943 504646 -16386.229   58  604 -16181.211 -16405.644  1.39%  30.0 2150s
 556281 505934 -16197.616  447  572 -16181.211 -16405.642  1.39%  30.0 2155s
 557544 507061 -16267.710  220  599 -16181.211 -16405.628  1.39%  30.0 2160s
 558687 508196 -16193.162  403  582 -16181.211 -16405.628  1.39%  30.0 2165s
 559725 509120 -16181.364  614  486 -16181.211 -16405.625  1.39%  30.0 2170s
 561043 510318 -16219.968  343  582 -16181.211 -16405.618  1.39%  30.0 2175s
 562220 511403 -16253.386  305  580 -16181.211 -16405.618  1.39%  30.0 2180s
 563337 512364 -16327.282  136  588 -16181.211 -16405.610  1.39%  30.1 2185s
 564691 513656 -16242.490  299  582 -16181.211 -16405.605  1.39%  30.1 2190s
 565885 514842 -16181.805  492  557 -16181.211 -16405.605  1.39%  30.1 2195s
 567199 515946 -16282.841  219  596 -16181.211 -16405.594  1.39%  30.1 2200s
 568485 517170 -16247.984  239  595 -16181.211 -16405.593  1.39%  30.1 2205s
 569678 518263 -16187.409   55  606 -16181.211 -16405.592  1.39%  30.1 2210s
 571120 519567 -16227.289  266  595 -16181.211 -16405.584  1.39%  30.1 2215s
 572254 520669 -16183.530  435  577 -16181.211 -16405.584  1.39%  30.1 2220s
 573541 521856 -16205.177  365  580 -16181.211 -16405.578  1.39%  30.1 2225s
H574300 522519                    -16181.21104 -16405.573  1.39%  30.1 2228s
 574736 522913 -16317.769  159  599 -16181.211 -16405.573  1.39%  30.1 2230s
 576049 524226 -16197.027  433  575 -16181.211 -16405.573  1.39%  30.1 2235s
 577277 525208 -16240.233  288  587 -16181.211 -16405.563  1.39%  30.1 2240s
H578072 525872                    -16181.22148 -16405.557  1.39%  30.2 2242s
 578687 526489 -16216.026  342  585 -16181.221 -16405.557  1.39%  30.2 2245s
 579753 527453 -16245.499   54  610 -16181.221 -16405.557  1.39%  30.1 2250s
 581051 528693 -16202.844  427  575 -16181.221 -16405.556  1.39%  30.2 2255s
 582260 529740 -16337.922  119  603 -16181.221 -16405.546  1.39%  30.2 2260s
 583681 531137 -16191.616  401  576 -16181.221 -16405.546  1.39%  30.2 2265s
 584925 532143 -16324.347  111  595 -16181.221 -16405.532  1.39%  30.2 2270s
H585624 532830                    -16181.22420 -16405.532  1.39%  30.2 2272s
 586370 533578 -16203.349  438  569 -16181.224 -16405.532  1.39%  30.2 2275s
 587401 534577 -16182.753  555  549 -16181.224 -16405.532  1.39%  30.1 2280s
 588741 535663 -16208.248  394  579 -16181.224 -16405.528  1.39%  30.2 2285s
 590102 536956 -16212.998  347  583 -16181.224 -16405.521  1.39%  30.2 2290s
 591264 538020 -16350.227   95  600 -16181.224 -16405.518  1.39%  30.2 2295s
H591414 538037                    -16181.25252 -16405.518  1.39%  30.2 2295s
 592611 539150 -16191.961  421  578 -16181.253 -16405.512  1.39%  30.2 2300s
 594016 540479 -16211.933  351  586 -16181.253 -16405.511  1.39%  30.2 2305s
 595224 541505 -16226.009  336  582 -16181.253 -16405.501  1.39%  30.2 2310s
 596732 542957 -16217.670  344  579 -16181.253 -16405.497  1.39%  30.2 2315s
 597866 544043 -16183.356  529  552 -16181.253 -16405.497  1.39%  30.2 2320s
H598620 544665                    -16181.26563 -16405.492  1.39%  30.2 2323s
 599113 545110 -16293.562  188  596 -16181.266 -16405.489  1.39%  30.2 2325s
 600379 546236 -16377.566   57  612 -16181.266 -16405.486  1.39%  30.2 2330s
 601847 547704 -16197.268  395  578 -16181.266 -16405.486  1.39%  30.2 2335s
 603098 548691 -16368.969   74  603 -16181.266 -16405.473  1.39%  30.2 2340s
H604009 549569                    -16181.27587 -16405.473  1.39%  30.2 2343s
 604452 550014 -16198.972  388  584 -16181.276 -16405.473  1.39%  30.2 2345s
 605546 550916 -16404.368   39  618 -16181.276 -16405.463  1.39%  30.2 2350s
 607025 552317 -16216.919  337  581 -16181.276 -16405.462  1.39%  30.2 2355s
 608280 553552 -16197.493  520  562 -16181.276 -16405.462  1.39%  30.2 2360s
 609412 554642 -16187.547  607  548 -16181.276 -16405.462  1.39%  30.1 2365s
 610616 555540 -16274.885  235  589 -16181.276 -16405.460  1.39%  30.1 2370s
 611863 556691 -16186.760  417  579 -16181.276 -16405.451  1.39%  30.1 2375s
 613285 558075 -16204.098  382  580 -16181.276 -16405.451  1.39%  30.1 2380s
 614488 559118 -16371.407   45  613 -16181.276 -16405.440  1.39%  30.1 2385s
 615959 560483 -16245.802  274  590 -16181.276 -16405.433  1.39%  30.1 2390s
 617052 561568 -16184.207  449  570 -16181.276 -16405.433  1.39%  30.1 2395s
 618151 562483 -16307.635  146  601 -16181.276 -16405.430  1.39%  30.2 2400s
 619470 563692 -16263.054  244  591 -16181.276 -16405.427  1.39%  30.2 2405s
 620630 564838 -16188.436  430  575 -16181.276 -16405.427  1.39%  30.1 2410s
 621806 565832 -16183.763  541  534 -16181.276 -16405.416  1.39%  30.1 2415s
 623143 567105 -16217.733  354  582 -16181.276 -16405.414  1.39%  30.2 2420s
 624204 568152 -16186.237  518  551 -16181.276 -16405.414  1.39%  30.1 2425s
 625283 569087 -16351.236  105  597 -16181.276 -16405.410  1.39%  30.1 2430s
 626448 570120 -16303.514  181  583 -16181.276 -16405.389  1.39%  30.1 2435s
 627704 571310 -16253.898  277  590 -16181.276 -16405.387  1.39%  30.2 2440s
H628877 572475                    -16181.27592 -16405.387  1.39%  30.1 2444s
 628893 572493 -16187.210  474  561 -16181.276 -16405.387  1.39%  30.1 2445s
 629964 573320 -16211.648  411  573 -16181.276 -16405.379  1.38%  30.2 2450s
 631401 574635 -16211.774  346  581 -16181.276 -16405.377  1.38%  30.2 2455s
 632518 575662 -16362.847   83  602 -16181.276 -16405.377  1.38%  30.1 2460s
 633892 576980 -16215.665   73  598 -16181.276 -16405.375  1.38%  30.1 2465s
 635312 578256 -16246.819  274  593 -16181.276 -16405.368  1.38%  30.2 2470s
 636495 579347 -16379.756   39  619 -16181.276 -16405.367  1.38%  30.1 2475s
 637884 580610 -16219.423  341  583 -16181.276 -16405.362  1.38%  30.2 2480s
 639236 581910 -16214.847  346  582 -16181.276 -16405.357  1.38%  30.2 2485s
 640353 582955 -16224.791  345  581 -16181.276 -16405.357  1.38%  30.2 2490s
 641526 583842 -16400.094   42  616 -16181.276 -16405.348  1.38%  30.2 2495s
 642856 585172 -16200.824  366  587 -16181.276 -16405.348  1.38%  30.2 2500s
 643942 586126 -16182.288  471  565 -16181.276 -16405.344  1.38%  30.2 2505s
 645077 587089 -16379.313   41  617 -16181.276 -16405.331  1.38%  30.2 2510s
 646520 588532 -16204.685  375  586 -16181.276 -16405.331  1.38%  30.2 2515s
 647646 589470 -16191.043   54  597 -16181.276 -16405.316  1.38%  30.2 2520s
H648110 589862                    -16181.27729 -16405.314  1.38%  30.2 2521s
H648110 589858                    -16181.27743 -16405.314  1.38%  30.2 2521s
 649066 590816 -16218.839  330  588 -16181.277 -16405.314  1.38%  30.2 2525s
 650161 591797 -16274.504  233  591 -16181.277 -16405.311  1.38%  30.2 2530s
 651546 593014 -16297.978  186  600 -16181.277 -16405.305  1.38%  30.2 2535s
 652921 594377 -16193.705  403  576 -16181.277 -16405.305  1.38%  30.2 2540s
 654126 595320 -16398.244   38  618 -16181.277 -16405.277  1.38%  30.2 2545s
 655556 596742 -16196.442  379  582 -16181.277 -16405.277  1.38%  30.2 2550s
 656730 597688 -16347.837  100  597 -16181.277 -16405.270  1.38%  30.2 2555s
 658159 599075 -16225.914  314  587 -16181.277 -16405.265  1.38%  30.2 2560s
 659275 600125 -16182.856  494  564 -16181.277 -16405.265  1.38%  30.2 2565s
 660642 601286 -16231.217  301  591 -16181.277 -16405.257  1.38%  30.2 2570s
 661796 602360 -16288.680  205  598 -16181.277 -16405.251  1.38%  30.2 2575s
 662679 603243 -16209.947  354  583 -16181.277 -16405.251  1.38%  30.2 2580s
H663088 603615                    -16181.28008 -16405.251  1.38%  30.2 2582s
 663747 604238 -16194.638  554  521 -16181.280 -16405.250  1.38%  30.2 2585s
 664952 605171 -16331.247  135  608 -16181.280 -16405.237  1.38%  30.2 2590s
 666273 606482 -16189.995  388  582 -16181.280 -16405.237  1.38%  30.2 2595s
 667613 607686 -16244.514  296  589 -16181.280 -16405.230  1.38%  30.2 2600s
 668900 608811 -16274.562  234  590 -16181.280 -16405.223  1.38%  30.2 2605s
H669460 609113                    -16181.32827 -16405.223  1.38%  30.2 2606s
 670154 609801 -16189.205  463  565 -16181.328 -16405.223  1.38%  30.2 2610s
 671301 610704 -16202.933  460  569 -16181.328 -16405.215  1.38%  30.2 2615s
 672701 612044 -16214.127  347  583 -16181.328 -16405.207  1.38%  30.2 2620s
 673920 613163 -16271.502  218  597 -16181.328 -16405.204  1.38%  30.2 2625s
 675156 614283 -16268.561  220  608 -16181.328 -16405.199  1.38%  30.2 2630s
 676510 615541 -16257.747  256  593 -16181.328 -16405.197  1.38%  30.3 2635s
 677709 616726 -16187.318  448  575 -16181.328 -16405.197  1.38%  30.2 2640s
 679000 617827 -16259.899  250  594 -16181.328 -16405.183  1.38%  30.3 2645s
 680399 619188 -16215.131  333  586 -16181.328 -16405.183  1.38%  30.3 2650s
 681608 620327 -16199.622  423  577 -16181.328 -16405.180  1.38%  30.3 2655s
 682822 621369 -16284.701  199  595 -16181.328 -16405.176  1.38%  30.3 2660s
 683989 622530 -16196.429  397  575 -16181.328 -16405.176  1.38%  30.3 2665s
 685113 623454 -16209.763   50  604 -16181.328 -16405.165  1.38%  30.3 2670s
 686378 624705 -16208.120  355  583 -16181.328 -16405.165  1.38%  30.3 2675s
 687458 625663 -16192.772   51  599 -16181.328 -16405.152  1.38%  30.3 2680s
 688669 626730 -16343.243  110  603 -16181.328 -16405.143  1.38%  30.3 2685s
 690006 628059 -16186.194  389  582 -16181.328 -16405.143  1.38%  30.3 2690s
 691211 629024 -16376.566   70  604 -16181.328 -16405.118  1.38%  30.3 2695s
 692591 630404 -16203.769  394  582 -16181.328 -16405.118  1.38%  30.3 2700s
 693773 631386 -16212.765  395  579 -16181.328 -16405.115  1.38%  30.3 2705s
 695159 632708 -16221.985  340  583 -16181.328 -16405.107  1.38%  30.3 2710s
 696191 633648 -16349.684  103  598 -16181.328 -16405.106  1.38%  30.3 2715s
 697517 634918 -16189.802  516  554 -16181.328 -16405.105  1.38%  30.3 2720s
 698732 635989 -16285.403  204  598 -16181.328 -16405.098  1.38%  30.3 2725s
 699949 637206 -16198.236  417  575 -16181.328 -16405.098  1.38%  30.4 2730s
H700354 637544                    -16181.33060 -16405.098  1.38%  30.3 2731s
 701139 638177 infeasible  531      -16181.331 -16405.091  1.38%  30.3 2735s
 702375 639293 -16335.249  136  602 -16181.331 -16405.086  1.38%  30.4 2740s
 703821 640735 -16199.283  434  574 -16181.331 -16405.086  1.38%  30.4 2745s
 705002 641728     cutoff   59      -16181.331 -16405.077  1.38%  30.4 2750s
H705817 642411                    -16181.33072 -16405.069  1.38%  30.4 2753s
 706458 643054 -16245.713  276  589 -16181.331 -16405.069  1.38%  30.4 2755s
 707584 644168 -16186.690  453  572 -16181.331 -16405.069  1.38%  30.4 2760s
 708921 645359 -16223.710  339  586 -16181.331 -16405.065  1.38%  30.4 2765s
 710338 646646 -16238.182  295  596 -16181.331 -16405.058  1.38%  30.4 2770s
H710504 646761                    -16181.34095 -16405.058  1.38%  30.4 2770s
H710504 646761                    -16181.34097 -16405.058  1.38%  30.4 2770s
 711465 647662 -16181.726  465  573 -16181.341 -16405.058  1.38%  30.4 2775s
 712764 648781 infeasible  620      -16181.341 -16405.053  1.38%  30.4 2780s
 714104 650043 -16200.346  345  588 -16181.341 -16405.052  1.38%  30.4 2785s
 715293 651134 -16224.884  327  588 -16181.341 -16405.050  1.38%  30.4 2790s
 716525 652278 -16189.130   56  594 -16181.341 -16405.046  1.38%  30.4 2795s
 717906 653551 -16211.538  353  581 -16181.341 -16405.043  1.38%  30.4 2800s
 719115 654578 -16229.393  323  587 -16181.341 -16405.040  1.38%  30.4 2805s
 720463 655866 -16211.362  336  589 -16181.341 -16405.038  1.38%  30.4 2810s
 721659 656946 -16184.938  505  562 -16181.341 -16405.032  1.38%  30.4 2815s
 722989 658130 -16255.096  254  590 -16181.341 -16405.024  1.38%  30.4 2820s
 724050 659165 -16188.194  415  571 -16181.341 -16405.024  1.38%  30.4 2825s
H725177 659987                    -16181.35946 -16405.016  1.38%  30.4 2829s
 725189 660001 -16317.928  151  602 -16181.359 -16405.016  1.38%  30.4 2830s
 726407 661131 -16263.652  239  593 -16181.359 -16405.016  1.38%  30.4 2835s
 727555 662265 -16190.658  419  576 -16181.359 -16405.016  1.38%  30.4 2840s
 728707 663243 -16221.408  313  599 -16181.359 -16405.013  1.38%  30.4 2845s
 730017 664399 -16298.005  183  594 -16181.359 -16405.008  1.38%  30.5 2850s
 731476 665856 -16196.422  445  573 -16181.359 -16405.008  1.38%  30.4 2855s
 732666 666802 infeasible   64      -16181.359 -16405.003  1.38%  30.4 2860s
 734092 668174 -16202.768  376  583 -16181.359 -16404.999  1.38%  30.4 2865s
 735230 669192 -16257.390  253  590 -16181.359 -16404.998  1.38%  30.4 2870s
 736526 670318 -16297.520  190  597 -16181.359 -16404.982  1.38%  30.5 2875s
 737849 671629 -16186.129  428  574 -16181.359 -16404.982  1.38%  30.4 2880s
 738977 672651 -16186.974  483  569 -16181.359 -16404.981  1.38%  30.4 2885s
 740141 673641 -16336.001  126  606 -16181.359 -16404.973  1.38%  30.5 2890s
 741364 674852 -16190.105  389  580 -16181.359 -16404.973  1.38%  30.4 2895s
 742603 675949 -16218.717  335  587 -16181.359 -16404.967  1.38%  30.5 2900s
 743768 677028 -16387.090   53  608 -16181.359 -16404.959  1.38%  30.5 2905s
 745057 678317 -16198.945  369  583 -16181.359 -16404.959  1.38%  30.5 2910s
 746169 679219 -16250.038   54  598 -16181.359 -16404.945  1.38%  30.5 2915s
 747551 680525 -16223.463  300  589 -16181.359 -16404.941  1.38%  30.5 2920s
 748568 681390 -16185.347   59  593 -16181.359 -16404.935  1.38%  30.5 2925s
H749751 682535                    -16181.36178 -16404.933  1.38%  30.5 2929s
 749844 682622 -16184.801  451  571 -16181.362 -16404.933  1.38%  30.5 2930s
 751306 683998 -16210.506  360  587 -16181.362 -16404.930  1.38%  30.5 2935s
 752477 685073 -16181.513  589  492 -16181.362 -16404.928  1.38%  30.5 2940s
 753870 686282 -16250.390  260  592 -16181.362 -16404.923  1.38%  30.5 2945s
 755086 687494 -16185.710  461  565 -16181.362 -16404.923  1.38%  30.5 2950s
H755291 687549                    -16181.37513 -16404.923  1.38%  30.5 2951s
 756345 688523 -16221.754  339  588 -16181.375 -16404.923  1.38%  30.5 2955s
 757478 689514 -16354.793   97  599 -16181.375 -16404.914  1.38%  30.5 2960s
 758825 690861 -16202.395  399  575 -16181.375 -16404.914  1.38%  30.6 2965s
 760000 691950 -16181.473  480  564 -16181.375 -16404.914  1.38%  30.5 2970s
 761448 693228 -16257.027  255  598 -16181.375 -16404.900  1.38%  30.5 2975s
 762606 694364 -16187.555  420  582 -16181.375 -16404.900  1.38%  30.5 2980s
 763767 695251 -16353.556   85  604 -16181.375 -16404.891  1.38%  30.6 2985s
 765131 696595 infeasible  399      -16181.375 -16404.891  1.38%  30.6 2990s
 766298 697572 infeasible  664      -16181.375 -16404.884  1.38%  30.6 2995s
 767506 698586 -16189.538   58  598 -16181.375 -16404.883  1.38%  30.6 3000s
 768750 699816 -16208.776  357  584 -16181.375 -16404.881  1.38%  30.6 3005s
 769810 700754 -16393.341   48  611 -16181.375 -16404.878  1.38%  30.6 3010s
 771042 701826 -16197.622  503  559 -16181.375 -16404.873  1.38%  30.6 3015s
 772216 702936 -16224.140  329  586 -16181.375 -16404.871  1.38%  30.6 3020s
 773240 703830 -16402.696   37  620 -16181.375 -16404.868  1.38%  30.6 3025s
 774578 704988 -16257.225  209  600 -16181.375 -16404.862  1.38%  30.6 3030s
 775738 706112 -16185.958  404  579 -16181.375 -16404.862  1.38%  30.6 3035s
 776975 707179 -16222.455  310  591 -16181.375 -16404.853  1.38%  30.6 3040s
 778329 708485 -16210.839  353  581 -16181.375 -16404.848  1.38%  30.6 3045s
 779558 709628 -16205.453  327  585 -16181.375 -16404.846  1.38%  30.6 3050s
 780690 710592 -16189.951   54  595 -16181.375 -16404.842  1.38%  30.6 3055s
 781749 711605 -16208.290  321  592 -16181.375 -16404.838  1.38%  30.6 3060s
 782856 712618 -16223.195  340  584 -16181.375 -16404.837  1.38%  30.6 3065s
 784077 713573 -16347.255  108  604 -16181.375 -16404.828  1.38%  30.6 3070s
 785442 714928 -16193.665  403  579 -16181.375 -16404.828  1.38%  30.6 3075s
 786633 715839 -16393.337   48  614 -16181.375 -16404.821  1.38%  30.6 3080s
 787995 717201 -16201.744  368  592 -16181.375 -16404.821  1.38%  30.6 3085s
 789127 718155 -16214.093  407  574 -16181.375 -16404.815  1.38%  30.6 3090s
 790237 719197 -16185.215  470  569 -16181.375 -16404.812  1.38%  30.7 3095s
H791020 719898                    -16181.37584 -16404.811  1.38%  30.7 3097s
 791596 720476 -16209.034  352  583 -16181.376 -16404.811  1.38%  30.7 3100s
 792754 721536 -16186.958  538  537 -16181.376 -16404.808  1.38%  30.7 3105s
 794049 722629 -16286.167  178  599 -16181.376 -16404.800  1.38%  30.7 3110s
 795327 723907 -16197.394  429  575 -16181.376 -16404.800  1.38%  30.7 3115s
 796526 724934 -16200.777  340  586 -16181.376 -16404.797  1.38%  30.7 3120s
 797747 725985 -16326.862  138  604 -16181.376 -16404.793  1.38%  30.7 3125s
 799087 727311 -16188.856  406  582 -16181.376 -16404.793  1.38%  30.7 3130s
 800324 728342 -16199.596  399  581 -16181.376 -16404.789  1.38%  30.7 3135s
 801721 729637 -16220.396  323  588 -16181.376 -16404.788  1.38%  30.7 3140s
 802828 730658 -16313.754  163  599 -16181.376 -16404.788  1.38%  30.7 3145s
 804058 731794 -16181.759  559  520 -16181.376 -16404.786  1.38%  30.7 3150s
 805293 732933 -16215.182  338  591 -16181.376 -16404.783  1.38%  30.7 3155s
 806289 733869 -16242.447  297  587 -16181.376 -16404.783  1.38%  30.7 3160s
 807383 734833 -16181.596  663  452 -16181.376 -16404.779  1.38%  30.7 3165s
 808570 735924 -16184.363  444  575 -16181.376 -16404.777  1.38%  30.8 3170s
 810016 737354 -16210.170  331  588 -16181.376 -16404.777  1.38%  30.8 3175s
 811196 738386 -16209.313  418  575 -16181.376 -16404.775  1.38%  30.8 3180s
 812545 739607 -16225.600  321  584 -16181.376 -16404.765  1.38%  30.8 3185s
 813555 740525 -16259.502   49  606 -16181.376 -16404.761  1.38%  30.8 3190s
 814776 741552 -16302.750  195  598 -16181.376 -16404.753  1.38%  30.8 3195s
 816242 743018 -16205.519  441  569 -16181.376 -16404.753  1.38%  30.8 3200s
 817211 743973 -16183.272  554  546 -16181.376 -16404.753  1.38%  30.8 3205s
 818357 744835 -16376.260   68  601 -16181.376 -16404.743  1.38%  30.8 3210s
 819755 746213 -16222.781  325  584 -16181.376 -16404.741  1.38%  30.8 3215s
 820854 747174 -16363.577   86  601 -16181.376 -16404.737  1.38%  30.8 3220s
 822185 748423 -16322.766  132  610 -16181.376 -16404.733  1.38%  30.8 3225s
 823602 749760 -16223.802  332  587 -16181.376 -16404.731  1.38%  30.8 3230s
 824707 750779 -16346.629  115  604 -16181.376 -16404.728  1.38%  30.8 3235s
 825993 751883 -16339.312  129  605 -16181.376 -16404.719  1.38%  30.8 3240s
 827317 753197 -16197.984  408  577 -16181.376 -16404.719  1.38%  30.8 3245s
 828510 754306 -16189.398  418  577 -16181.376 -16404.719  1.38%  30.8 3250s
 829699 755287 -16316.977  119  603 -16181.376 -16404.711  1.38%  30.8 3255s
 831006 756566 -16192.820  388  586 -16181.376 -16404.711  1.38%  30.8 3260s
 832322 757670 -16204.843  398  579 -16181.376 -16404.700  1.38%  30.8 3265s
 833467 758761 -16345.976   75  604 -16181.376 -16404.697  1.38%  30.8 3270s
 834786 760076 -16200.735  395  580 -16181.376 -16404.697  1.38%  30.8 3275s
 835917 761063 -16393.938   48  614 -16181.376 -16404.694  1.38%  30.8 3280s
 837361 762463 -16221.691  336  586 -16181.376 -16404.690  1.38%  30.8 3285s
 838420 763404 -16185.811   59  593 -16181.376 -16404.687  1.38%  30.8 3290s
 839794 764634 -16239.671  262  591 -16181.376 -16404.680  1.38%  30.8 3295s
 840905 765649 -16195.202   52  605 -16181.376 -16404.679  1.38%  30.8 3300s
 842133 766687 -16192.594  445  573 -16181.376 -16404.674  1.38%  30.8 3305s
 843504 768034 -16203.735  359  582 -16181.376 -16404.674  1.38%  30.8 3310s
 844660 769074 -16203.015  373  585 -16181.376 -16404.672  1.38%  30.8 3315s
 845858 770092 -16316.911  158  602 -16181.376 -16404.667  1.38%  30.8 3320s
H846612 770810                    -16181.38118 -16404.667  1.38%  30.8 3322s
 847110 771306 -16196.248  404  579 -16181.381 -16404.667  1.38%  30.8 3325s
 848428 772448 -16190.567  389  590 -16181.381 -16404.663  1.38%  30.8 3330s
 849886 773760 -16241.716  270  596 -16181.381 -16404.659  1.38%  30.8 3335s
 851032 774810 -16215.469   76  604 -16181.381 -16404.658  1.38%  30.8 3340s
 852438 776044 -16249.446  265  594 -16181.381 -16404.646  1.38%  30.8 3345s
 853574 777164 -16182.999  442  575 -16181.381 -16404.646  1.38%  30.8 3350s
 854841 778205 infeasible  497      -16181.381 -16404.640  1.38%  30.8 3355s
 856225 779551 -16205.780  360  584 -16181.381 -16404.636  1.38%  30.8 3360s
 857415 780543 -16187.416   92  593 -16181.381 -16404.634  1.38%  30.8 3365s
 858837 781849 -16214.091  353  588 -16181.381 -16404.625  1.38%  30.8 3370s
 859847 782723 -16339.616  114  598 -16181.381 -16404.619  1.38%  30.8 3375s
 861038 783860 -16199.771  405  578 -16181.381 -16404.618  1.38%  30.8 3380s
 862249 785003 -16213.569  334  582 -16181.381 -16404.617  1.38%  30.9 3385s
 863363 786017 -16196.058  420  582 -16181.381 -16404.612  1.38%  30.9 3390s
 864581 787043 -16294.322  174  600 -16181.381 -16404.602  1.38%  30.9 3395s
H865411 787859                    -16181.38342 -16404.602  1.38%  30.9 3398s
 865741 788181 -16192.096  379  583 -16181.383 -16404.602  1.38%  30.9 3400s
 866915 789159 -16361.708   82  602 -16181.383 -16404.596  1.38%  30.9 3405s
 868361 790493 -16233.324  305  590 -16181.383 -16404.587  1.38%  30.9 3410s
 869444 791510 -16182.830  472  575 -16181.383 -16404.587  1.38%  30.9 3415s
 870778 792666 -16327.296  101  599 -16181.383 -16404.579  1.38%  30.9 3420s
 872280 794102 -16241.928  287  592 -16181.383 -16404.578  1.38%  30.9 3425s
 873448 795224 -16181.935  462  569 -16181.383 -16404.578  1.38%  30.9 3430s
 874771 796311 -16338.379   80  603 -16181.383 -16404.567  1.38%  30.9 3435s
 876131 797671 -16201.301  407  577 -16181.383 -16404.567  1.38%  30.9 3440s
 877287 798671 -16403.157   39  617 -16181.383 -16404.564  1.38%  30.9 3445s
 878498 799754 -16329.888  145  600 -16181.383 -16404.559  1.38%  30.9 3450s
 879746 800922 -16246.844  298  586 -16181.383 -16404.557  1.38%  30.9 3455s
 880842 802014 -16193.991  477  567 -16181.383 -16404.557  1.38%  30.9 3460s
 881859 802855 -16352.396   97  605 -16181.383 -16404.557  1.38%  30.9 3465s
H881960 802947                    -16181.38423 -16404.557  1.38%  30.9 3465s
 883203 804046 -16248.232  268  592 -16181.384 -16404.551  1.38%  30.9 3470s
 884342 805123 infeasible  446      -16181.384 -16404.551  1.38%  30.9 3475s
 885685 806310 -16218.192  383  580 -16181.384 -16404.549  1.38%  30.9 3480s
 887076 807607 -16240.587  283  594 -16181.384 -16404.543  1.38%  30.9 3485s
 888238 808685 -16377.183   43  614 -16181.384 -16404.542  1.38%  30.9 3490s
 889401 809684 -16208.368  363  584 -16181.384 -16404.534  1.38%  30.9 3495s
 890658 810925 -16204.104  344  582 -16181.384 -16404.533  1.38%  30.9 3500s
 891848 812051 -16235.224  308  587 -16181.384 -16404.533  1.38%  30.9 3505s
 892971 813006 -16196.022   66  584 -16181.384 -16404.528  1.38%  30.9 3510s
 894312 814293 -16210.034  354  589 -16181.384 -16404.524  1.38%  30.9 3515s
 895365 815168 -16274.780  231  591 -16181.384 -16404.523  1.38%  30.9 3520s
 896534 816185 -16319.434  117  597 -16181.384 -16404.517  1.38%  30.9 3525s
 897680 817315 -16191.869  388  573 -16181.384 -16404.517  1.38%  30.9 3530s
 898748 818189 -16182.011  579  500 -16181.384 -16404.515  1.38%  30.9 3535s
 900137 819454 -16213.103  351  586 -16181.384 -16404.511  1.38%  30.9 3540s
 901261 820520 -16200.794  491  562 -16181.384 -16404.510  1.38%  30.9 3545s
 902445 821566 -16268.200  245  592 -16181.384 -16404.506  1.38%  30.9 3550s
 903791 822788 -16304.221  135  603 -16181.384 -16404.503  1.38%  31.0 3555s
 905066 824057 -16194.270  391  585 -16181.384 -16404.503  1.38%  30.9 3560s
 906183 824944 -16186.925   59  593 -16181.384 -16404.500  1.38%  31.0 3565s
 907461 826178 -16207.595  352  589 -16181.384 -16404.499  1.38%  31.0 3570s
 908631 827266 -16240.499  295  592 -16181.384 -16404.498  1.38%  31.0 3575s
 909744 828257 -16190.314   74  587 -16181.384 -16404.492  1.38%  31.0 3580s
 911127 829580 -16200.779  356  587 -16181.384 -16404.489  1.38%  31.0 3585s
H911635 829952                    -16181.38440 -16404.489  1.38%  31.0 3587s
 912343 830524 -16392.699   49  612 -16181.384 -16404.485  1.38%  31.0 3590s
H912933 831076                    -16181.38462 -16404.485  1.38%  31.0 3592s
 913687 831832 -16215.753  306  588 -16181.385 -16404.485  1.38%  31.0 3595s

Cutting planes:
  RLT: 267

Explored 914834 nodes (28336052 simplex iterations) in 3600.00 seconds (2948.47 work units)
Thread count was 1 (of 56 available processors)

Solution count 10: -16181.4 -16181.4 -16181.4 ... -16181.3

Time limit reached
Best objective -1.618138462245e+04, best bound -1.640448459106e+04, gap 1.3787%

User-callback calls 3235208, time in user-callback 1.42 sec
primal_bound = -16181.384622450854, dual_bound = 0.0, gap = 100.0, time = 3600.2
