2023/11/29
gurobi is now 11.0.0
previous version was 10.0.3
solving instance knapsack 1000 3 sincos
Set parameter TokenServer to value "licences.gerad.lan"
Set parameter MIPGap to value 1e-06
Set parameter FuncPieceError to value 1e-06
Set parameter Threads to value 1
Set parameter FuncPieces to value -2
Set parameter TimeLimit to value 3600
Gurobi Optimizer version 12.0.0 build v12.0.0rc1 (linux64 - "AlmaLinux 9.6 (Sage Margay)")

CPU model: Intel(R) Xeon(R) Gold 6258R CPU @ 2.70GHz, instruction set [SSE2|AVX|AVX2|AVX512]
Thread count: 56 physical cores, 56 logical processors, using up to 1 threads

Non-default parameters:
TimeLimit  3600
MIPGap  1e-06
Threads  1
FuncPieces  -2
FuncPieceError  1e-06

Optimize a model with 5001 rows, 7000 columns and 12000 nonzeros
Model fingerprint: 0x10bb942c
Model has 2000 function constraints treated as nonlinear
  1000 SIN, 1000 COS
Variable types: 6000 continuous, 1000 integer (1000 binary)
Coefficient statistics:
  Matrix range     [4e-05, 1e+02]
  Objective range  [1e+00, 1e+00]
  Bounds range     [1e+00, 1e+10]
  RHS range        [2e-03, 2e+06]
Warning: Model contains large bounds
         Consider reformulating model or setting NumericFocus parameter
         to avoid numerical issues.
Presolve removed 4000 rows and 3000 columns
Presolve time: 0.02s
Presolved: 17001 rows, 4001 columns, 35000 nonzeros
Presolved model has 2000 nonlinear constraint(s)

Solving non-convex MINLP

Variable types: 4001 continuous, 0 integer (0 binary)
Found heuristic solution: objective -18634.57791

Root relaxation: objective -3.590541e+04, 5166 iterations, 0.14 seconds (0.23 work units)

    Nodes    |    Current Node    |     Objective Bounds      |     Work
 Expl Unexpl |  Obj  Depth IntInf | Incumbent    BestBd   Gap | It/Node Time

     0     0 -35905.410    0 1604 -18634.578 -35905.410  92.7%     -    0s
H    0     0                    -27082.75355 -35905.410  32.6%     -    0s
     0     0 -35822.286    0 1602 -27082.754 -35822.286  32.3%     -    0s
H    0     0                    -27192.02830 -35822.286  31.7%     -    0s
     0     0 -35801.883    0 1602 -27192.028 -35801.883  31.7%     -    0s
     0     0 -35796.875    0 1602 -27192.028 -35796.875  31.6%     -    0s
     0     0 -35795.661    0 1602 -27192.028 -35795.661  31.6%     -    0s
     0     0 -35795.647    0 1602 -27192.028 -35795.647  31.6%     -    0s
     0     0 -35795.647    0 1602 -27192.028 -35795.647  31.6%     -    0s
H    0     0                    -31219.34860 -35795.647  14.7%     -    1s
H    0     0                    -31220.99794 -35795.647  14.7%     -    1s
H    0     0                    -31396.23481 -35795.647  14.0%     -    1s
     0     2 -35795.647    0 1602 -31396.235 -35795.647  14.0%     -    1s
   337   339 -35391.368  171 1596 -31396.235 -35790.885  14.0%   157    5s
   716   718 -34991.588  362 1530 -31396.235 -35790.885  14.0%   231   10s
  1369  1371 -34200.184  696 1390 -31396.235 -35790.885  14.0%   142   15s
  2021  2023 -33317.214 1031 1125 -31396.235 -35790.885  14.0%   113   20s
  2551  2552 -35696.273   35    0 -31396.235 -35790.885  14.0%  97.6   25s
H 2552  2425                    -31488.97848 -35790.885  13.7%  97.6   25s
H 2552  2304                    -31496.02400 -35790.885  13.6%  97.6   25s
H 2552  2188                    -31497.12357 -35790.885  13.6%  97.6   25s
H 2552  2079                    -31497.33701 -35790.885  13.6%  97.6   25s
H 2552  1975                    -31525.33727 -35790.885  13.5%  97.6   25s
H 2554  1877                    -31969.99407 -35790.885  12.0%  97.5   29s
  2556  1880 -35786.548   12 1600 -31969.994 -35790.885  12.0%   100   43s
  2820  2056 -35662.456  144 1580 -31969.994 -35786.548  11.9%  93.1   45s
  3279  2362 -35102.480  373 1508 -31969.994 -35786.548  11.9%  86.3   50s
  3856  2747 -34376.923  662 1338 -31969.994 -35786.548  11.9%  81.3   55s
  4422  3124 -33531.191  945 1134 -31969.994 -35786.548  11.9%  76.3   60s
  5093  3572 -32798.295 1280  915 -31969.994 -35786.548  11.9%  70.2   65s
  5760  4016 -32409.529 1614  719 -31969.994 -35786.548  11.9%  66.0   70s
  6440  4470 -32057.558 1954  532 -31969.994 -35786.548  11.9%  61.4   75s
  6667  4509     cutoff 2015      -31969.994 -35786.548  11.9%  60.7   80s
  7077  4762 -35308.970  210 1550 -31969.994 -35786.548  11.9%  64.8   85s
  7577  5096 -34659.956  460 1380 -31969.994 -35786.548  11.9%  69.7   90s
H 7976  5269                    -32004.23328 -35786.548  11.8%  69.4   94s
H 7976  5253                    -32018.57471 -35786.548  11.8%  69.4   94s
  8017  5296 -34068.154  680 1236 -32018.575 -35786.548  11.8%  69.1   95s
H 8348  5501                    -32065.09378 -35786.548  11.6%  68.6   98s
  8495  5650 -33494.714  919 1087 -32065.094 -35786.548  11.6%  68.0  100s
  9150  6305 -32844.641 1246  865 -32065.094 -35786.548  11.6%  64.2  105s
  9839  6994 -32368.291 1591  625 -32065.094 -35786.548  11.6%  60.3  110s
 10372  7527 -32081.541 1857  532 -32065.094 -35786.548  11.6%  59.7  115s
 10535  7568 -35618.563   26 1588 -32065.094 -35782.940  11.6%  60.4  120s
 11024  8057 -34985.176  271 1476 -32065.094 -35782.940  11.6%  62.9  125s
 11616  8649 -34255.545  567 1252 -32065.094 -35782.940  11.6%  63.3  130s
 12141  9174 -33636.069  829 1112 -32065.094 -35782.940  11.6%  63.3  135s
 12812  9845 -32906.468 1165  900 -32065.094 -35782.940  11.6%  61.2  140s
 13513 10546 -32436.294 1515  678 -32065.094 -35782.940  11.6%  58.6  145s
 14105 11138 -32096.211 1811  536 -32065.094 -35782.940  11.6%  57.8  150s
 14397 11344 -35382.367  136 1552 -32065.094 -35782.940  11.6%  58.1  155s
 14955 11902 -34603.102  415 1356 -32065.094 -35782.940  11.6%  58.2  160s
 15531 12478 -33965.675  703 1194 -32065.094 -35782.940  11.6%  59.0  165s
 16121 13068 -33311.524  998 1009 -32065.094 -35782.940  11.6%  57.9  170s
 16543 13490 -32930.806 1209  876 -32065.094 -35782.940  11.6%  57.1  175s
 17257 14204 -32425.332 1566  660 -32065.094 -35782.940  11.6%  55.3  180s
 17757 14704 -32158.977 1816  532 -32065.094 -35782.940  11.6%  56.0  185s
 18020 14897     cutoff 1916      -32065.094 -35782.940  11.6%  56.0  190s
 18177 14918     cutoff 1929      -32065.094 -35782.940  11.6%  55.6  195s
 18577 15272 -34996.601  253 1478 -32065.094 -35775.301  11.6%  56.7  200s
 19093 15788 -34376.000  511 1290 -32065.094 -35775.301  11.6%  57.0  205s
 19696 16391 -33635.643  813 1098 -32065.094 -35775.301  11.6%  57.0  210s
 20237 16932 -33092.160 1083  943 -32065.094 -35775.301  11.6%  57.0  215s
 20889 17584 -32583.252 1409  760 -32065.094 -35775.301  11.6%  55.9  220s
 21498 18193 -32198.598 1714  574 -32065.094 -35775.301  11.6%  55.3  225s
 21803 18452 -32069.407 1845  479 -32065.094 -35775.301  11.6%  55.6  230s
 22099 18682 -35194.479  198 1500 -32065.094 -35775.301  11.6%  56.0  235s
 22634 19217 -34461.364  465 1318 -32065.094 -35775.301  11.6%  56.3  240s
 23134 19717 -33929.800  715 1181 -32065.094 -35775.301  11.6%  56.1  245s
 23739 20322 -33274.419 1018  996 -32065.094 -35775.301  11.6%  55.1  250s
 24347 20930 -32763.023 1322  814 -32065.094 -35775.301  11.6%  54.0  255s
 24959 21542 -32350.836 1628  626 -32065.094 -35775.301  11.6%  53.2  260s
 25482 22065 -32087.477 1889  469 -32065.094 -35775.301  11.6%  53.6  265s
 25647 22098     cutoff 1910      -32065.094 -35775.301  11.6%  53.5  270s
 25808 22113 -35635.489   89 1580 -32065.094 -35774.938  11.6%  53.3  275s
 26269 22574 -34820.878  319 1408 -32065.094 -35774.938  11.6%  54.1  280s
 26821 23126 -34150.404  595 1244 -32065.094 -35774.938  11.6%  54.0  285s
 27325 23630 -33579.028  847 1097 -32065.094 -35774.938  11.6%  54.1  290s
 27906 24211 -33000.381 1138  929 -32065.094 -35774.938  11.6%  53.5  295s
 28492 24797 -32563.967 1431  773 -32065.094 -35774.938  11.6%  52.6  300s
 29054 25359 -32201.888 1712  578 -32065.094 -35774.938  11.6%  52.2  305s
 29387 25646     cutoff 1860      -32065.094 -35774.938  11.6%  52.7  310s
 29740 25947 -35250.273  168 1514 -32065.094 -35774.938  11.6%  53.1  315s
 30248 26455 -34609.799  422 1360 -32065.094 -35774.938  11.6%  53.0  320s
 30805 27012 -33933.432  701 1191 -32065.094 -35774.938  11.6%  52.8  325s
 31364 27571 -33308.055  980 1023 -32065.094 -35774.938  11.6%  52.2  330s
 31907 28114 -32859.271 1252  853 -32065.094 -35774.938  11.6%  51.9  335s
 32483 28690 -32451.619 1540  692 -32065.094 -35774.938  11.6%  51.6  340s
 33050 29257 -32137.387 1823  512 -32065.094 -35774.938  11.6%  51.8  345s
 33345 29494 -35577.053   51 1572 -32065.094 -35770.433  11.6%  51.9  350s
 33839 29988 -35188.412  185 1512 -32065.094 -35770.433  11.6%  52.8  355s
 34253 30402 -34898.909  284 1460 -32065.094 -35770.433  11.6%  53.7  360s
 34801 30950 -34641.922  400 1390 -32065.094 -35770.433  11.6%  54.0  365s
 35373 31522 -34400.461  510 1344 -32065.094 -35770.433  11.6%  53.7  370s
 35934 32083 -34211.552  597 1290 -32065.094 -35770.433  11.6%  53.4  375s
 36514 32663 -34054.086  667 1264 -32065.094 -35770.433  11.6%  53.3  380s
 37111 33260 -33930.195  714 1239 -32065.094 -35770.433  11.6%  52.7  385s
 37738 33887 -33820.737  762 1220 -32065.094 -35770.433  11.6%  52.3  390s
 38352 34501 -33682.690  826 1173 -32065.094 -35770.433  11.6%  51.8  395s
 38886 35035 -33594.714  853 1155 -32065.094 -35770.433  11.6%  51.7  400s
 39432 35581 -33513.648  886 1132 -32065.094 -35770.433  11.6%  51.8  405s
 39997 36146 -33417.267  919 1110 -32065.094 -35770.433  11.6%  51.6  410s
 40614 36763 -33319.597  974 1101 -32065.094 -35770.433  11.6%  51.2  415s
 41235 37384 -33163.987 1045 1044 -32065.094 -35770.433  11.6%  50.6  420s
 41860 38009 -33066.965 1110 1008 -32065.094 -35770.433  11.6%  50.2  425s
 42460 38609 -32980.387 1149  988 -32065.094 -35770.433  11.6%  49.8  430s
 43071 39220 -32895.839 1193  966 -32065.094 -35770.433  11.6%  49.4  435s
 43414 39563 -32852.476 1220  941 -32065.094 -35770.433  11.6%  49.1  440s
 43916 40065 -32787.249 1263  908 -32065.094 -35770.433  11.6%  48.6  445s
 44537 40686 -32698.417 1309  870 -32065.094 -35770.433  11.6%  48.3  450s
 44991 41140 -32690.232 1326  857 -32065.094 -35770.433  11.6%  47.9  455s
 45617 41766 -32641.336 1359  832 -32065.094 -35770.433  11.6%  47.6  460s
 46195 42344 -32613.175 1378  828 -32065.094 -35770.433  11.6%  47.4  465s
 46826 42975 -32570.868 1412  803 -32065.094 -35770.433  11.6%  47.2  470s
 47415 43564 -32525.901 1439  789 -32065.094 -35770.433  11.6%  47.1  475s
 48002 44151 -32501.556 1459  778 -32065.094 -35770.433  11.6%  46.9  480s
 48659 44808 -32471.516 1479  763 -32065.094 -35770.433  11.6%  46.4  485s
 49259 45408 -32458.169 1486  771 -32065.094 -35770.433  11.6%  46.0  490s
 49872 46021 -32437.846 1509  759 -32065.094 -35770.433  11.6%  45.5  495s
 50521 46670 -32391.727 1528  751 -32065.094 -35770.433  11.6%  45.2  500s
 51117 47266 -32357.338 1557  720 -32065.094 -35770.433  11.6%  44.9  505s
 51813 47962 -32325.080 1582  703 -32065.094 -35770.433  11.6%  44.4  510s
 52415 48564 -32283.343 1608  684 -32065.094 -35770.433  11.6%  44.3  515s
 53032 49181 -32259.132 1628  681 -32065.094 -35770.433  11.6%  43.9  520s
 53709 49858 -32227.750 1646  676 -32065.094 -35770.433  11.6%  43.5  525s
 54333 50482 -32193.346 1670  664 -32065.094 -35770.433  11.6%  43.1  530s
 54986 51135 -32177.373 1682  659 -32065.094 -35770.433  11.6%  42.7  535s
 55662 51811 -32154.807 1701  661 -32065.094 -35770.433  11.6%  42.3  540s
 56320 52469 -32134.055 1715  643 -32065.094 -35770.433  11.6%  41.9  545s
 56907 53056 -32122.445 1725  639 -32065.094 -35770.433  11.6%  42.1  550s
 57405 53554 -32111.106 1733  619 -32065.094 -35770.433  11.6%  41.8  555s
 57778 53927 -32103.887 1738  617 -32065.094 -35770.433  11.6%  41.6  560s
 58110 54259 -32098.358 1742  615 -32065.094 -35770.433  11.6%  41.4  565s
 58412 54561 -32089.623 1747  616 -32065.094 -35770.433  11.6%  41.2  570s
 58686 54835 -32086.682 1747  616 -32065.094 -35770.433  11.6%  41.0  575s
 58909 55058 -32079.782 1757  607 -32065.094 -35770.433  11.6%  40.9  580s
 59093 55220 -32074.024 1762  611 -32065.094 -35770.433  11.6%  40.9  585s
 59225 55212     cutoff 1762      -32065.094 -35770.433  11.6%  41.0  590s
 59727 55662 -35378.753  138 1580 -32065.094 -35770.433  11.6%  41.0  595s
 60196 56131 -35086.265  204 1550 -32065.094 -35770.433  11.6%  41.1  600s
 60714 56649 -34751.642  315 1504 -32065.094 -35770.433  11.6%  41.5  605s
 61135 57070 -34579.256  403 1460 -32065.094 -35770.433  11.6%  41.9  610s
 61734 57669 -34270.811  508 1394 -32065.094 -35770.433  11.6%  41.8  615s
 62289 58224 -34111.777  613 1336 -32065.094 -35770.433  11.6%  41.6  620s
 62861 58796 -33941.095  683 1248 -32065.094 -35770.433  11.6%  41.6  625s
 63440 59375 -33796.791  737 1197 -32065.094 -35770.433  11.6%  41.7  630s
 64022 59957 -33643.590  801 1167 -32065.094 -35770.433  11.6%  41.6  635s
 64602 60537 -33531.890  855 1145 -32065.094 -35770.433  11.6%  41.5  640s
 65176 61111 -33412.814  902 1112 -32065.094 -35770.433  11.6%  41.3  645s
 65738 61673 -33313.180  956 1080 -32065.094 -35770.433  11.6%  41.5  650s
 66338 62273 -33142.625 1005 1032 -32065.094 -35770.433  11.6%  41.4  655s
 66916 62851 -33104.846 1048 1013 -32065.094 -35770.433  11.6%  41.3  660s
 67526 63461 -33002.308 1097  978 -32065.094 -35770.433  11.6%  41.2  665s
 68103 64038 -32930.742 1147  957 -32065.094 -35770.433  11.6%  41.1  670s
 68689 64624 -32838.327 1205  925 -32065.094 -35770.433  11.6%  41.1  675s
 69258 65193 -32771.334 1231  906 -32065.094 -35770.433  11.6%  40.9  680s
 69856 65791 -32717.112 1267  883 -32065.094 -35770.433  11.6%  40.7  685s
 70507 66442 -32658.126 1309  857 -32065.094 -35770.433  11.6%  40.4  690s
 71132 67067 -32611.298 1329  844 -32065.094 -35770.433  11.6%  40.1  695s
 71784 67719 -32562.110 1373  823 -32065.094 -35770.433  11.6%  39.8  700s
 72388 68323 -32502.083 1406  805 -32065.094 -35770.433  11.6%  39.7  705s
 72997 68932 -32451.854 1443  786 -32065.094 -35770.433  11.6%  39.5  710s
H73031 66930                    -32105.46408 -35770.433  11.4%  39.5  710s
 73537 67438 -32429.809 1457  778 -32105.464 -35770.433  11.4%  39.2  715s
 74031 67932 -32404.227 1474  768 -32105.464 -35770.433  11.4%  39.1  720s
 74666 68567 -32380.354 1493  756 -32105.464 -35770.433  11.4%  38.9  725s
 75259 69160 -32358.770 1518  737 -32105.464 -35770.433  11.4%  38.8  730s
 75904 69805 -32330.170 1544  723 -32105.464 -35770.433  11.4%  38.6  735s
 76599 70500 -32304.035 1559  715 -32105.464 -35770.433  11.4%  38.3  740s
 77229 71130 -32274.663 1585  713 -32105.464 -35770.433  11.4%  38.0  745s
 77892 71793 -32246.564 1600  705 -32105.464 -35770.433  11.4%  37.8  750s
 78582 72483 -32214.756 1628  688 -32105.464 -35770.433  11.4%  37.5  755s
 79254 73155 -32186.918 1650  678 -32105.464 -35770.433  11.4%  37.3  760s
 79934 73835 -32170.594 1660  669 -32105.464 -35770.433  11.4%  37.0  765s
 80420 74321 -32150.703 1674  663 -32105.464 -35770.433  11.4%  36.8  770s
 80777 74678 -32143.399 1682  655 -32105.464 -35770.433  11.4%  36.7  775s
 81101 75002 -32136.127 1682  653 -32105.464 -35770.433  11.4%  36.6  780s
 81388 75289 -32128.326 1690  649 -32105.464 -35770.433  11.4%  36.5  785s
 81618 75519 -32124.498 1693  649 -32105.464 -35770.433  11.4%  36.4  790s
 81808 75709 -32117.952 1697  651 -32105.464 -35770.433  11.4%  36.3  795s
 81984 75867 -32113.004 1698  645 -32105.464 -35770.433  11.4%  36.2  800s
 82189 75902 -35636.471   90 1590 -32105.464 -35770.313  11.4%  36.2  805s
 82754 76467 -35227.831  161 1568 -32105.464 -35770.313  11.4%  36.2  810s
 83279 76992 -34918.234  245 1528 -32105.464 -35770.313  11.4%  36.3  815s
 83745 77458 -34670.248  358 1484 -32105.464 -35770.313  11.4%  36.8  820s
 84215 77928 -34459.018  439 1438 -32105.464 -35770.313  11.4%  37.0  825s
 84754 78467 -34235.411  543 1374 -32105.464 -35770.313  11.4%  37.0  830s
 85336 79049 -34020.581  645 1327 -32105.464 -35770.313  11.4%  37.0  835s
 85846 79559 -33903.093  705 1296 -32105.464 -35770.313  11.4%  37.1  840s
 86383 80096 -33737.365  777 1210 -32105.464 -35770.313  11.4%  37.1  845s
 86916 80629 -33630.121  821 1162 -32105.464 -35770.313  11.4%  37.0  850s
 87514 81227 -33509.242  872 1118 -32105.464 -35770.313  11.4%  36.8  855s
 88079 81792 -33395.943  919 1088 -32105.464 -35770.313  11.4%  36.7  860s
 88660 82373 -33294.554  968 1059 -32105.464 -35770.313  11.4%  36.5  865s
 89207 82920 -33186.711 1017 1033 -32105.464 -35770.313  11.4%  36.5  870s
 89756 83469 -33106.320 1055  998 -32105.464 -35770.313  11.4%  36.3  875s
 90298 84011 -33025.580 1095  978 -32105.464 -35770.313  11.4%  36.4  880s
 90847 84560 -32943.722 1133  955 -32105.464 -35770.313  11.4%  36.4  885s
 91463 85176 -32846.545 1184  920 -32105.464 -35770.313  11.4%  36.2  890s
 92044 85757 -32768.711 1240  880 -32105.464 -35770.313  11.4%  36.1  895s
 92359 86072 -32731.146 1256  862 -32105.464 -35770.313  11.4%  36.1  902s
 92656 86369 -32718.339 1263  854 -32105.464 -35770.313  11.4%  36.1  905s
 93207 86920 -32673.591 1287  839 -32105.464 -35770.313  11.4%  36.0  910s
 93796 87509 -32626.515 1318  813 -32105.464 -35770.313  11.4%  35.8  915s
 94426 88139 -32574.517 1353  797 -32105.464 -35770.313  11.4%  35.7  920s
 94991 88704 -32523.671 1380  785 -32105.464 -35770.313  11.4%  35.7  925s
 95638 89351 -32460.516 1421  772 -32105.464 -35770.313  11.4%  35.6  930s
 96237 89950 -32394.465 1453  749 -32105.464 -35770.313  11.4%  35.4  935s
H96238 87231                    -32133.88007 -35770.313  11.3%  35.4  935s
 96718 87713 -32398.348 1468  739 -32133.880 -35770.313  11.3%  35.3  940s
 97383 88378 -32342.351 1506  722 -32133.880 -35770.313  11.3%  35.1  945s
 98030 89025 -32314.576 1527  712 -32133.880 -35770.313  11.3%  35.0  950s
 98709 89704 -32287.687 1557  688 -32133.880 -35770.313  11.3%  34.8  955s
 99401 90396 -32265.242 1577  676 -32133.880 -35770.313  11.3%  34.6  960s
 100081 91076 -32236.436 1593  666 -32133.880 -35770.313  11.3%  34.4  965s
 100751 91746 -32211.077 1613  652 -32133.880 -35770.313  11.3%  34.2  970s
 101347 92342 -32179.551 1632  640 -32133.880 -35770.313  11.3%  34.1  975s
 101673 92668 -32164.871 1650  632 -32133.880 -35770.313  11.3%  34.1  980s
 101899 92894 -32146.721 1659  627 -32133.880 -35770.313  11.3%  34.1  985s
 102079 93054     cutoff 1667      -32133.880 -35770.313  11.3%  34.1  990s
 102472 93349 -35370.920  114 1532 -32133.880 -35770.313  11.3%  34.1  995s
 102937 93814 -35051.498  229 1494 -32133.880 -35770.313  11.3%  34.2 1000s
 103496 94373 -34702.081  365 1433 -32133.880 -35770.313  11.3%  34.4 1005s
 104027 94904 -34474.056  477 1374 -32133.880 -35770.313  11.3%  34.4 1010s
 104638 95515 -34243.906  571 1310 -32133.880 -35770.313  11.3%  34.5 1015s
 105251 96128 -34045.289  644 1254 -32133.880 -35770.313  11.3%  34.3 1020s
 105860 96737 -33886.754  711 1200 -32133.880 -35770.313  11.3%  34.4 1025s
 106409 97286 -33755.870  771 1174 -32133.880 -35770.313  11.3%  34.6 1030s
 106966 97843 -33607.275  812 1150 -32133.880 -35770.313  11.3%  34.6 1035s
 107539 98416 -33527.629  867 1123 -32133.880 -35770.313  11.3%  34.8 1040s
 108086 98963 -33379.128  911 1096 -32133.880 -35770.313  11.3%  34.8 1045s
 108704 99581 -33322.633  962 1058 -32133.880 -35770.313  11.3%  34.7 1050s
 109297 100174 -33226.950 1008 1029 -32133.880 -35770.313  11.3%  34.5 1055s
 109859 100736 -33143.333 1049 1012 -32133.880 -35770.313  11.3%  34.4 1060s
 110450 101327 -33074.825 1080  985 -32133.880 -35770.313  11.3%  34.3 1065s
 110994 101871 -32958.834 1124  953 -32133.880 -35770.313  11.3%  34.2 1070s
 111553 102430 -32931.318 1168  926 -32133.880 -35770.313  11.3%  34.1 1075s
 112102 102979 -32868.964 1201  915 -32133.880 -35770.313  11.3%  34.0 1080s
 112670 103547 -32813.276 1232  898 -32133.880 -35770.313  11.3%  33.9 1085s
 113268 104145 -32742.186 1277  876 -32133.880 -35770.313  11.3%  33.8 1090s
 113847 104724 -32694.439 1304  855 -32133.880 -35770.313  11.3%  33.7 1095s
 114486 105363 -32618.044 1356  830 -32133.880 -35770.313  11.3%  33.6 1100s
 115115 105992 -32569.976 1394  815 -32133.880 -35770.313  11.3%  33.4 1105s
 115733 106610 -32522.993 1427  795 -32133.880 -35770.313  11.3%  33.3 1110s
 116392 107269 -32451.668 1460  787 -32133.880 -35770.313  11.3%  33.2 1115s
 116972 107849 -32446.091 1478  775 -32133.880 -35770.313  11.3%  33.3 1120s
 117631 108508 -32410.946 1507  764 -32133.880 -35770.313  11.3%  33.2 1125s
 118235 109112 -32382.883 1528  749 -32133.880 -35770.313  11.3%  33.0 1130s
 118834 109711 -32352.285 1547  745 -32133.880 -35770.313  11.3%  33.0 1135s
 119502 110379 -32327.902 1572  729 -32133.880 -35770.313  11.3%  32.9 1140s
 120143 111020 -32314.076 1582  725 -32133.880 -35770.313  11.3%  32.7 1145s
 120778 111655 -32290.527 1595  720 -32133.880 -35770.313  11.3%  32.6 1150s
 121455 112332 -32266.757 1616  708 -32133.880 -35770.313  11.3%  32.4 1155s
 122114 112991 -32243.453 1633  693 -32133.880 -35770.313  11.3%  32.3 1160s
 122763 113640 -32224.855 1647  688 -32133.880 -35770.313  11.3%  32.1 1165s
 123411 114288 -32201.653 1660  681 -32133.880 -35770.313  11.3%  32.1 1170s
 123943 114820 -32178.706 1683  673 -32133.880 -35770.313  11.3%  32.0 1175s
 124266 115143 -32169.234 1693  655 -32133.880 -35770.313  11.3%  32.3 1180s
 124520 115397 -32163.088 1694  651 -32133.880 -35770.313  11.3%  32.5 1185s
 124778 115655 -32158.509 1698  651 -32133.880 -35770.313  11.3%  32.5 1190s
 125030 115907 -32157.037 1699  653 -32133.880 -35770.313  11.3%  32.6 1195s
 125214 116091 -32152.104 1703  651 -32133.880 -35770.313  11.3%  32.6 1200s
 125433 116310 -32149.425 1705  655 -32133.880 -35770.313  11.3%  32.5 1205s
 125628 116505 -32146.440 1707  653 -32133.880 -35770.313  11.3%  32.5 1210s
 125810 116687 -32143.753 1708  652 -32133.880 -35770.313  11.3%  32.5 1215s
 125982 116859 -32141.471 1710  652 -32133.880 -35770.313  11.3%  32.6 1220s
 126132 116905     cutoff 1711      -32133.880 -35770.313  11.3%  32.7 1225s
 126291 116844 -35660.929   37 1583 -32133.880 -35767.188  11.3%  32.8 1230s
 126770 117323 -35195.995  163 1508 -32133.880 -35767.188  11.3%  32.8 1235s
 127332 117885 -34827.870  307 1442 -32133.880 -35767.188  11.3%  32.9 1240s
 127765 118318 -34602.842  401 1394 -32133.880 -35767.188  11.3%  33.1 1245s
 128365 118918 -34290.734  521 1318 -32133.880 -35767.188  11.3%  33.1 1250s
 128893 119446 -34178.242  580 1290 -32133.880 -35767.188  11.3%  33.0 1255s
 129436 119989 -34020.524  645 1260 -32133.880 -35767.188  11.3%  33.2 1260s
 129922 120475 -33926.453  679 1255 -32133.880 -35767.188  11.3%  33.4 1265s
 130553 121106 -33760.662  744 1212 -32133.880 -35767.188  11.3%  33.3 1270s
 131154 121707 -33651.202  798 1168 -32133.880 -35767.188  11.3%  33.2 1275s
 131768 122321 -33515.349  871 1128 -32133.880 -35767.188  11.3%  33.2 1280s
 132363 122916 -33401.412  918 1094 -32133.880 -35767.188  11.3%  33.2 1285s
 132858 123411 -33331.338  953 1085 -32133.880 -35767.188  11.3%  33.4 1290s
 133480 124033 -33233.064  997 1062 -32133.880 -35767.188  11.3%  33.3 1295s
 134100 124653 -33148.627 1037 1039 -32133.880 -35767.188  11.3%  33.2 1300s
 134697 125250 -33075.750 1082 1005 -32133.880 -35767.188  11.3%  33.1 1305s
 135328 125881 -32991.629 1132  970 -32133.880 -35767.188  11.3%  33.0 1310s
 135925 126478 -32899.207 1183  925 -32133.880 -35767.188  11.3%  32.9 1315s
 136531 127084 -32835.639 1219  903 -32133.880 -35767.188  11.3%  32.9 1320s
 137065 127618 -32772.644 1253  890 -32133.880 -35767.188  11.3%  33.0 1325s
 137640 128193 -32710.295 1293  864 -32133.880 -35767.188  11.3%  33.0 1330s
 138283 128836 -32638.662 1342  847 -32133.880 -35767.188  11.3%  32.9 1335s
 138907 129460 -32588.222 1380  829 -32133.880 -35767.188  11.3%  32.8 1340s
 139535 130088 -32550.233 1401  813 -32133.880 -35767.188  11.3%  32.8 1345s
 140120 130673 -32521.562 1425  804 -32133.880 -35767.188  11.3%  32.7 1350s
 140745 131298 -32474.633 1452  792 -32133.880 -35767.188  11.3%  32.6 1355s
 141363 131916 -32455.279 1470  772 -32133.880 -35767.188  11.3%  32.6 1360s
 141964 132517 -32417.350 1501  756 -32133.880 -35767.188  11.3%  32.5 1365s
 142598 133151 -32382.509 1530  742 -32133.880 -35767.188  11.3%  32.4 1370s
 143273 133826 -32354.132 1553  734 -32133.880 -35767.188  11.3%  32.3 1375s
 143904 134457 -32337.732 1564  727 -32133.880 -35767.188  11.3%  32.2 1380s
 144525 135078 -32319.488 1579  718 -32133.880 -35767.188  11.3%  32.3 1385s
 145135 135688 -32293.109 1600  703 -32133.880 -35767.188  11.3%  32.2 1390s
 145742 136295 -32285.685 1611  706 -32133.880 -35767.188  11.3%  32.2 1395s
 146381 136934 -32259.720 1628  685 -32133.880 -35767.188  11.3%  32.2 1400s
 146994 137547 -32243.245 1640  682 -32133.880 -35767.188  11.3%  32.2 1405s
 147619 138172 -32226.073 1656  684 -32133.880 -35767.188  11.3%  32.2 1410s
 148302 138855 -32198.373 1679  672 -32133.880 -35767.188  11.3%  32.0 1415s
 148819 139372 -32190.134 1683  666 -32133.880 -35767.188  11.3%  32.0 1420s
 149193 139746 -32178.489 1694  663 -32133.880 -35767.188  11.3%  32.1 1425s
 149548 140101 -32169.375 1702  657 -32133.880 -35767.188  11.3%  32.1 1430s
 149851 140404 -32167.838 1708  642 -32133.880 -35767.188  11.3%  32.2 1435s
 150077 140630 -32164.182 1709  643 -32133.880 -35767.188  11.3%  32.7 1440s
 150311 140864 -32161.637 1711  638 -32133.880 -35767.188  11.3%  32.9 1445s
 150531 141084 -32157.613 1712  640 -32133.880 -35767.188  11.3%  33.1 1450s
 150743 141296 -32153.076 1717  636 -32133.880 -35767.188  11.3%  33.1 1455s
 150941 141490 -32144.000 1723  633 -32133.880 -35767.188  11.3%  33.1 1460s
 151078 141493 -35737.547   85 1594 -32133.880 -35767.188  11.3%  33.1 1465s
 151556 141971 -35388.913  137 1592 -32133.880 -35767.188  11.3%  33.1 1470s
 152072 142487 -35112.004  193 1574 -32133.880 -35767.188  11.3%  33.2 1475s
 152547 142962 -34812.418  287 1528 -32133.880 -35767.188  11.3%  33.2 1480s
 152948 143363 -34583.758  376 1490 -32133.880 -35767.188  11.3%  33.5 1485s
 153480 143895 -34370.330  475 1428 -32133.880 -35767.188  11.3%  33.6 1490s
 153890 144305 -34193.527  557 1376 -32133.880 -35767.188  11.3%  33.6 1495s
 154464 144879 -33974.443  653 1304 -32133.880 -35767.188  11.3%  33.5 1500s
 154993 145408 -33821.763  730 1216 -32133.880 -35767.188  11.3%  33.6 1505s
 155532 145947 -33689.587  783 1184 -32133.880 -35767.188  11.3%  33.6 1510s
 156095 146510 -33556.210  840 1149 -32133.880 -35767.188  11.3%  33.6 1515s
 156645 147060 -33443.870  887 1123 -32133.880 -35767.188  11.3%  33.6 1520s
 157229 147644 -33315.677  951 1078 -32133.880 -35767.188  11.3%  33.6 1525s
 157725 148140 -33234.123  992 1045 -32133.880 -35767.188  11.3%  33.7 1530s
 158326 148741 -33131.215 1038 1005 -32133.880 -35767.188  11.3%  33.7 1535s
 158833 149248 -33063.331 1068  991 -32133.880 -35767.188  11.3%  33.8 1540s
 159432 149847 -32966.922 1119  954 -32133.880 -35767.188  11.3%  33.8 1545s
 160007 150422 -32916.249 1142  939 -32133.880 -35767.188  11.3%  33.8 1550s
 160520 150935 -32836.870 1190  910 -32133.880 -35767.188  11.3%  34.0 1555s
 161078 151493 -32709.649 1235  881 -32133.880 -35767.188  11.3%  34.1 1560s
 161665 152080 -32693.502 1268  865 -32133.880 -35767.188  11.3%  34.0 1565s
 162285 152700 -32649.298 1291  844 -32133.880 -35767.188  11.3%  34.0 1570s
 162889 153304 -32595.801 1319  824 -32133.880 -35767.188  11.3%  33.9 1575s
 163511 153926 -32532.279 1366  790 -32133.880 -35767.188  11.3%  33.8 1580s
 164155 154570 -32470.464 1416  770 -32133.880 -35767.188  11.3%  33.7 1585s
 164763 155178 -32415.944 1451  756 -32133.880 -35767.188  11.3%  33.6 1590s
 165402 155817 -32387.797 1472  744 -32133.880 -35767.188  11.3%  33.5 1595s
 166018 156433 -32329.106 1500  731 -32133.880 -35767.188  11.3%  33.5 1600s
 166625 157040 -32312.395 1526  729 -32133.880 -35767.188  11.3%  33.4 1605s
 167285 157700 -32271.079 1560  709 -32133.880 -35767.188  11.3%  33.3 1610s
 167886 158301 -32242.455 1578  700 -32133.880 -35767.188  11.3%  33.3 1615s
 168535 158950 -32226.951 1599  692 -32133.880 -35767.188  11.3%  33.2 1620s
 169206 159621 -32193.735 1625  684 -32133.880 -35767.188  11.3%  33.1 1625s
 169594 160009 -32176.001 1633  662 -32133.880 -35767.188  11.3%  33.1 1630s
 169952 160367 -32170.835 1640  676 -32133.880 -35767.188  11.3%  33.0 1635s
 170248 160663 -32162.717 1649  666 -32133.880 -35767.188  11.3%  33.0 1640s
 170505 160920 -32155.484 1656  660 -32133.880 -35767.188  11.3%  32.9 1645s
 170709 161124 -32143.756 1663  660 -32133.880 -35767.188  11.3%  32.9 1650s
 170866 161169     cutoff 1666      -32133.880 -35767.188  11.3%  32.9 1655s
 171341 161576 -35367.120  132 1584 -32133.880 -35762.970  11.3%  32.9 1660s
 171801 162036 -35062.533  182 1572 -32133.880 -35762.970  11.3%  32.9 1665s
 172237 162472 -34836.957  263 1530 -32133.880 -35762.970  11.3%  33.2 1670s
 172485 162720 -34658.417  324 1506 -32133.880 -35762.970  11.3%  33.3 1679s
 172508 162743 -34682.777  328 1504 -32133.880 -35762.970  11.3%  33.3 1680s
 172931 163166 -34465.050  417 1450 -32133.880 -35762.970  11.3%  33.6 1685s
 173466 163701 -34232.059  522 1400 -32133.880 -35762.970  11.3%  33.6 1690s
 173973 164208 -34022.524  620 1334 -32133.880 -35762.970  11.3%  33.6 1695s
 174530 164765 -33874.664  693 1268 -32133.880 -35762.970  11.3%  33.6 1700s
 175104 165339 -33742.674  749 1204 -32133.880 -35762.970  11.3%  33.6 1705s
 175701 165936 -33587.824  803 1179 -32133.880 -35762.970  11.3%  33.6 1710s
 176301 166536 -33442.964  880 1118 -32133.880 -35762.970  11.3%  33.5 1715s
 176889 167124 -33313.701  918 1085 -32133.880 -35762.970  11.3%  33.4 1720s
 177376 167611 -33268.852  960 1063 -32133.880 -35762.970  11.3%  33.4 1725s
 177966 168201 -33158.328 1006 1037 -32133.880 -35762.970  11.3%  33.3 1730s
 178563 168798 -33081.294 1044 1011 -32133.880 -35762.970  11.3%  33.2 1735s
 179152 169387 -33000.851 1086  977 -32133.880 -35762.970  11.3%  33.2 1740s
 179679 169914 -32932.088 1120  963 -32133.880 -35762.970  11.3%  33.2 1745s
 180276 170511 -32844.778 1169  922 -32133.880 -35762.970  11.3%  33.2 1750s
 180850 171085 -32765.036 1219  896 -32133.880 -35762.970  11.3%  33.1 1755s
 181454 171689 -32685.760 1266  867 -32133.880 -35762.970  11.3%  33.0 1760s
 182041 172276 -32634.513 1291  844 -32133.880 -35762.970  11.3%  33.0 1765s
 182634 172869 -32596.629 1316  830 -32133.880 -35762.970  11.3%  32.9 1770s
 183252 173487 -32537.051 1354  802 -32133.880 -35762.970  11.3%  32.8 1775s
 183821 174056 -32477.965 1398  783 -32133.880 -35762.970  11.3%  32.8 1780s
 184416 174651 -32429.558 1424  766 -32133.880 -35762.970  11.3%  32.7 1785s
 184994 175229 -32380.721 1461  754 -32133.880 -35762.970  11.3%  32.7 1790s
 185582 175817 -32351.477 1486  735 -32133.880 -35762.970  11.3%  32.6 1795s
 186183 176418 -32306.714 1514  726 -32133.880 -35762.970  11.3%  32.6 1800s
 186784 177019 -32293.657 1525  717 -32133.880 -35762.970  11.3%  32.6 1805s
 187436 177671 -32262.915 1552  702 -32133.880 -35762.970  11.3%  32.5 1810s
 188041 178276 -32231.162 1571  683 -32133.880 -35762.970  11.3%  32.5 1815s
 188658 178893 -32206.781 1601  671 -32133.880 -35762.970  11.3%  32.4 1820s
 189265 179500 -32190.577 1614  669 -32133.880 -35762.970  11.3%  32.3 1825s
 189612 179847 -32172.468 1625  665 -32133.880 -35762.970  11.3%  32.3 1830s
 189876 180111 -32157.197 1632  662 -32133.880 -35762.970  11.3%  32.3 1835s
 190098 180333 -32153.039 1639  661 -32133.880 -35762.970  11.3%  32.2 1840s
 190326 180561 -32147.086 1646  654 -32133.880 -35762.970  11.3%  32.2 1845s
 190499 180734 -32135.350 1648  656 -32133.880 -35762.970  11.3%  32.2 1850s
 190698 180795 -35665.927   88 1596 -32133.880 -35762.970  11.3%  32.2 1855s
 191273 181370 -35261.376  159 1578 -32133.880 -35762.970  11.3%  32.2 1860s
 191716 181813 -35004.429  228 1544 -32133.880 -35762.970  11.3%  32.2 1865s
 192236 182333 -34692.117  341 1500 -32133.880 -35762.970  11.3%  32.3 1870s
 192680 182777 -34490.827  427 1434 -32133.880 -35762.970  11.3%  32.4 1875s
 193241 183338 -34255.276  549 1366 -32133.880 -35762.970  11.3%  32.4 1880s
 193783 183880 -34053.125  633 1293 -32133.880 -35762.970  11.3%  32.4 1885s
 194382 184479 -33856.066  720 1209 -32133.880 -35762.970  11.3%  32.3 1890s
 194945 185042 -33763.478  763 1188 -32133.880 -35762.970  11.3%  32.3 1895s
 195495 185592 -33630.842  817 1132 -32133.880 -35762.970  11.3%  32.3 1900s
 196125 186222 -33493.627  883 1076 -32133.880 -35762.970  11.3%  32.2 1905s
 196696 186793 -33370.739  938 1046 -32133.880 -35762.970  11.3%  32.2 1910s
 197297 187394 -33262.554  992 1002 -32133.880 -35762.970  11.3%  32.2 1915s
 197861 187958 -33172.427 1033  983 -32133.880 -35762.970  11.3%  32.2 1920s
 198422 188519 -33083.527 1057  970 -32133.880 -35762.970  11.3%  32.1 1925s
 199034 189131 -33023.934 1105  943 -32133.880 -35762.970  11.3%  32.0 1930s
 199606 189703 -32920.700 1139  915 -32133.880 -35762.970  11.3%  32.0 1935s
 200219 190316 -32869.718 1195  886 -32133.880 -35762.970  11.3%  31.9 1940s
 200817 190914 -32785.880 1241  853 -32133.880 -35762.970  11.3%  31.9 1945s
 201408 191505 -32699.558 1272  826 -32133.880 -35762.970  11.3%  31.8 1950s
 202034 192131 -32676.369 1302  811 -32133.880 -35762.970  11.3%  31.8 1955s
 202602 192699 -32641.534 1325  802 -32133.880 -35762.970  11.3%  31.7 1960s
 203228 193325 -32556.413 1363  778 -32133.880 -35762.970  11.3%  31.6 1965s
 203624 193721 -32533.927 1397  762 -32133.880 -35762.970  11.3%  31.6 1970s
 204252 194349 -32482.495 1432  758 -32133.880 -35762.970  11.3%  31.6 1975s
 204802 194899 -32448.820 1456  748 -32133.880 -35762.970  11.3%  31.5 1980s
 205382 195479 -32430.075 1473  734 -32133.880 -35762.970  11.3%  31.5 1985s
 205967 196064 -32386.856 1497  727 -32133.880 -35762.970  11.3%  31.4 1990s
 206526 196623 -32370.010 1510  717 -32133.880 -35762.970  11.3%  31.3 1995s
 207133 197230 -32350.026 1524  710 -32133.880 -35762.970  11.3%  31.3 2000s
 207705 197802 -32319.855 1551  694 -32133.880 -35762.970  11.3%  31.2 2005s
 208323 198420 -32292.856 1570  673 -32133.880 -35762.970  11.3%  31.1 2010s
 208874 198971 -32257.997 1601  667 -32133.880 -35762.970  11.3%  31.1 2015s
 209418 199515 -32240.412 1611  664 -32133.880 -35762.970  11.3%  31.1 2020s
 209995 200092 -32219.614 1629  654 -32133.880 -35762.970  11.3%  31.1 2025s
 210522 200619 -32209.009 1636  655 -32133.880 -35762.970  11.3%  31.2 2030s
 211082 201179 -32190.105 1655  644 -32133.880 -35762.970  11.3%  31.2 2035s
 211448 201545 -32181.892 1662  631 -32133.880 -35762.970  11.3%  31.1 2040s
 211778 201875 -32172.757 1674  631 -32133.880 -35762.970  11.3%  31.1 2045s
 212023 202120 -32161.491 1678  622 -32133.880 -35762.970  11.3%  31.2 2050s
 212242 202339 -32153.142 1683  618 -32133.880 -35762.970  11.3%  31.3 2055s
 212446 202543 -32152.170 1684  618 -32133.880 -35762.970  11.3%  31.2 2060s
 212632 202729 -32148.172 1689  618 -32133.880 -35762.970  11.3%  31.2 2065s
 212800 202895 -32138.171 1691  616 -32133.880 -35762.970  11.3%  31.2 2070s
 212965 202974 -34582.446  157 1618 -32133.880 -35762.672  11.3%  31.3 2075s
 213316 203275 -35433.849  107 1548 -32133.880 -35762.577  11.3%  31.4 2080s
 213742 203701 -34759.918  320 1410 -32133.880 -35762.577  11.3%  31.4 2085s
 214268 204227 -34125.849  583 1234 -32133.880 -35762.577  11.3%  31.4 2090s
 214656 204615 -33706.213  777 1126 -32133.880 -35762.577  11.3%  31.5 2095s
 215219 205178 -33115.393 1058  954 -32133.880 -35762.577  11.3%  31.5 2100s
 215771 205730 -32646.438 1334  804 -32133.880 -35762.577  11.3%  31.5 2105s
 216349 206308 -32278.111 1623  635 -32133.880 -35762.577  11.3%  31.4 2110s
 216628 206539     cutoff 1742      -32133.880 -35762.577  11.3%  31.5 2115s
 217019 206836     cutoff  234      -32133.880 -35762.172  11.3%  31.5 2120s
 217535 207336 -35332.407  138 1562 -32133.880 -35760.463  11.3%  31.4 2125s
 218055 207856 -34999.588  216 1522 -32133.880 -35760.463  11.3%  31.5 2130s
 218514 208315 -34747.717  320 1484 -32133.880 -35760.463  11.3%  31.5 2135s
 219044 208845 -34496.309  422 1422 -32133.880 -35760.463  11.3%  31.6 2140s
 219547 209348 -34267.500  527 1363 -32133.880 -35760.463  11.3%  31.6 2145s
 220081 209882 -34073.872  610 1328 -32133.880 -35760.463  11.3%  31.7 2150s
 220655 210456 -33857.815  717 1214 -32133.880 -35760.463  11.3%  31.7 2155s
 221223 211024 -33744.841  759 1197 -32133.880 -35760.463  11.3%  31.7 2160s
 221699 211500 -33631.156  814 1157 -32133.880 -35760.463  11.3%  31.7 2165s
 222247 212048 -33473.105  868 1113 -32133.880 -35760.463  11.3%  31.8 2170s
 222790 212591 -33417.707  912 1093 -32133.880 -35760.463  11.3%  31.8 2175s
 223371 213172 -33280.339  981 1045 -32133.880 -35760.463  11.3%  31.7 2180s
 223950 213751 -33215.970 1005 1023 -32133.880 -35760.463  11.3%  31.8 2185s
 224531 214332 -33097.236 1052  993 -32133.880 -35760.463  11.3%  31.7 2190s
 225131 214932 -33030.319 1097  965 -32133.880 -35760.463  11.3%  31.7 2195s
 225689 215490 -32959.995 1132  935 -32133.880 -35760.463  11.3%  31.6 2200s
 226312 216113 -32876.499 1193  893 -32133.880 -35760.463  11.3%  31.6 2205s
 226885 216686 -32824.184 1210  881 -32133.880 -35760.463  11.3%  31.5 2210s
 227422 217223 -32770.566 1247  848 -32133.880 -35760.463  11.3%  31.6 2215s
 228033 217834 -32690.432 1299  827 -32133.880 -35760.463  11.3%  31.5 2220s
 228615 218416 -32634.817 1332  813 -32133.880 -35760.463  11.3%  31.5 2225s
 229248 219049 -32581.265 1374  794 -32133.880 -35760.463  11.3%  31.4 2230s
 229823 219624 -32513.264 1416  772 -32133.880 -35760.463  11.3%  31.4 2235s
 230397 220198 -32451.739 1451  755 -32133.880 -35760.463  11.3%  31.3 2240s
 231033 220834 -32433.438 1472  750 -32133.880 -35760.463  11.3%  31.3 2245s
 231628 221429 -32393.288 1499  733 -32133.880 -35760.463  11.3%  31.2 2250s
 232255 222056 -32372.625 1515  727 -32133.880 -35760.463  11.3%  31.2 2255s
 232837 222638 -32346.571 1538  709 -32133.880 -35760.463  11.3%  31.1 2260s
 233385 223186 -32313.410 1567  699 -32133.880 -35760.463  11.3%  31.1 2265s
 233989 223790 -32293.429 1580  687 -32133.880 -35760.463  11.3%  31.1 2270s
 234585 224386 -32276.439 1595  695 -32133.880 -35760.463  11.3%  31.1 2275s
 235138 224939 -32248.486 1616  688 -32133.880 -35760.463  11.3%  31.0 2280s
 235672 225473 -32226.202 1640  674 -32133.880 -35760.463  11.3%  31.0 2285s
 236295 226096 -32204.874 1650  663 -32133.880 -35760.463  11.3%  30.9 2290s
 236924 226725 -32190.090 1661  662 -32133.880 -35760.463  11.3%  30.9 2295s
 237294 227095 -32180.071 1675  658 -32133.880 -35760.463  11.3%  30.8 2300s
 237622 227423 -32168.894 1680  647 -32133.880 -35760.463  11.3%  30.8 2305s
 237893 227694 -32160.784 1686  645 -32133.880 -35760.463  11.3%  30.8 2310s
 238129 227930 -32153.029 1690  641 -32133.880 -35760.463  11.3%  30.8 2315s
 238325 228126 -32147.288 1690  637 -32133.880 -35760.463  11.3%  30.7 2320s
 238514 228315 -32141.981 1699  637 -32133.880 -35760.463  11.3%  30.7 2325s
 238660 228361     cutoff 1702      -32133.880 -35760.463  11.3%  30.7 2330s
 239156 228781 -35036.874  106 1570 -32133.880 -35758.657  11.3%  30.7 2335s
 239631 229256 -32889.015  231 1506 -32133.880 -35758.657  11.3%  30.7 2340s
 240141 229694 -35105.147   38 1584 -32133.880 -35758.615  11.3%  30.7 2345s
 240619 230096 -34512.314  179 1610 -32133.880 -35758.227  11.3%  30.7 2350s
 241148 230569 -35439.509   97 1581 -32133.880 -35758.202  11.3%  30.7 2355s
 241638 231059 -35066.650  171 1548 -32133.880 -35758.202  11.3%  30.7 2360s
 242142 231563 -34793.261  270 1504 -32133.880 -35758.202  11.3%  30.8 2365s
 242557 231978 -34567.410  369 1450 -32133.880 -35758.202  11.3%  31.0 2370s
 243101 232522 -34316.407  480 1392 -32133.880 -35758.202  11.3%  31.0 2375s
 243607 233028 -34116.326  573 1332 -32133.880 -35758.202  11.3%  31.0 2380s
 244184 233605 -33907.253  663 1260 -32133.880 -35758.202  11.3%  31.0 2385s
 244709 234130 -33802.593  708 1224 -32133.880 -35758.202  11.3%  31.0 2390s
 245265 234686 -33651.698  776 1161 -32133.880 -35758.202  11.3%  31.0 2395s
 245848 235269 -33501.334  839 1118 -32133.880 -35758.202  11.3%  30.9 2400s
 246393 235814 -33391.507  890 1089 -32133.880 -35758.202  11.3%  30.9 2405s
 246999 236420 -33276.080  946 1058 -32133.880 -35758.202  11.3%  30.9 2410s
 247570 236991 -33145.340  982 1033 -32133.880 -35758.202  11.3%  30.8 2415s
 248172 237593 -33091.660 1026 1011 -32133.880 -35758.202  11.3%  30.8 2420s
 248741 238162 -32996.455 1079  973 -32133.880 -35758.202  11.3%  30.8 2425s
 249253 238674 -32943.361 1103  959 -32133.880 -35758.202  11.3%  30.8 2430s
 249821 239242 -32856.626 1151  928 -32133.880 -35758.202  11.3%  30.8 2435s
 250340 239761 -32775.441 1200  903 -32133.880 -35758.202  11.3%  30.8 2440s
 250944 240365 -32716.095 1231  882 -32133.880 -35758.202  11.3%  30.7 2445s
 251510 240931 -32671.289 1257  870 -32133.880 -35758.202  11.3%  30.7 2450s
 252126 241547 -32578.141 1300  840 -32133.880 -35758.202  11.3%  30.6 2455s
 252720 242141 -32540.947 1347  817 -32133.880 -35758.202  11.3%  30.6 2460s
 253322 242743 -32514.410 1361  811 -32133.880 -35758.202  11.3%  30.5 2465s
 253933 243354 -32450.182 1404  792 -32133.880 -35758.202  11.3%  30.5 2470s
 254500 243921 -32408.809 1432  772 -32133.880 -35758.202  11.3%  30.5 2475s
 255127 244548 -32376.503 1459  760 -32133.880 -35758.202  11.3%  30.4 2480s
 255696 245117 -32337.455 1479  754 -32133.880 -35758.202  11.3%  30.4 2485s
 256283 245704 -32309.889 1505  745 -32133.880 -35758.202  11.3%  30.3 2490s
 256911 246332 -32285.054 1530  732 -32133.880 -35758.202  11.3%  30.3 2495s
 257517 246938 -32260.361 1554  714 -32133.880 -35758.202  11.3%  30.2 2500s
 258105 247526 -32237.770 1568  708 -32133.880 -35758.202  11.3%  30.3 2505s
 258641 248062 -32215.618 1584  708 -32133.880 -35758.202  11.3%  30.3 2510s
 259223 248644 -32186.848 1607  690 -32133.880 -35758.202  11.3%  30.3 2515s
 259562 248983 -32151.329 1623  681 -32133.880 -35758.202  11.3%  30.3 2520s
 259849 249270 -32160.674 1632  672 -32133.880 -35758.202  11.3%  30.2 2525s
 260075 249496 -32152.669 1636  675 -32133.880 -35758.202  11.3%  30.2 2530s
 260269 249690 -32148.599 1637  675 -32133.880 -35758.202  11.3%  30.2 2535s
 260459 249880 -32147.334 1639  672 -32133.880 -35758.202  11.3%  30.2 2540s
 260646 250017 -32144.384 1642  666 -32133.880 -35758.202  11.3%  30.2 2545s
 260796 250079     cutoff 1646      -32133.880 -35758.202  11.3%  30.2 2550s
 261126 250273 -35697.211   57 1600 -32133.880 -35757.890  11.3%  30.2 2555s
 261522 250573 -35677.631   87 1584 -32133.880 -35757.739  11.3%  30.2 2560s
 262049 251100 -34718.914  350 1392 -32133.880 -35757.739  11.3%  30.3 2565s
 262519 251570 -34206.591  585 1232 -32133.880 -35757.739  11.3%  30.3 2570s
 263038 252089 -33626.187  845 1087 -32133.880 -35757.739  11.3%  30.4 2575s
 263556 252607 -33104.233 1104  931 -32133.880 -35757.739  11.3%  30.4 2580s
 264150 253201 -32618.034 1401  777 -32133.880 -35757.739  11.3%  30.4 2585s
 264706 253757 -32276.620 1679  622 -32133.880 -35757.739  11.3%  30.4 2590s
 265020 254011 -32139.742 1808  550 -32133.880 -35757.739  11.3%  30.4 2595s
 265232 254125 -35395.134  106 1575 -32133.880 -35757.736  11.3%  30.4 2600s
 265804 254697 -33430.595  248 1488 -32133.880 -35757.736  11.3%  30.4 2605s
 266293 255102 -32147.272  287 1628 -32133.880 -35757.640  11.3%  30.3 2610s
 266793 255528 -35582.310   48 1580 -32133.880 -35757.260  11.3%  30.3 2615s
 267298 256033 -35171.116  179 1522 -32133.880 -35757.260  11.3%  30.4 2620s
 267874 256609 -34811.031  310 1452 -32133.880 -35757.260  11.3%  30.4 2625s
 268386 257121 -34556.008  421 1372 -32133.880 -35757.260  11.3%  30.4 2630s
 268940 257675 -34332.299  526 1328 -32133.880 -35757.260  11.3%  30.4 2635s
 269450 258185 -34151.333  601 1280 -32133.880 -35757.260  11.3%  30.4 2640s
 269946 258681 -33993.891  667 1240 -32133.880 -35757.260  11.3%  30.5 2645s
 270415 259150 -33883.533  710 1214 -32133.880 -35757.260  11.3%  30.6 2650s
 270969 259704 -33757.918  763 1180 -32133.880 -35757.260  11.3%  30.6 2655s
 271528 260263 -33628.626  825 1127 -32133.880 -35757.260  11.3%  30.6 2660s
 272133 260868 -33455.394  884 1092 -32133.880 -35757.260  11.3%  30.5 2665s
 272671 261406 -33336.106  933 1066 -32133.880 -35757.260  11.3%  30.5 2670s
 273247 261982 -33307.075  970 1040 -32133.880 -35757.260  11.3%  30.5 2675s
 273850 262585 -33230.363 1010 1020 -32133.880 -35757.260  11.3%  30.4 2680s
 274365 263100 -33150.734 1052 1001 -32133.880 -35757.260  11.3%  30.5 2685s
 274922 263657 -33091.475 1076  985 -32133.880 -35757.260  11.3%  30.5 2690s
 275455 264190 -32990.822 1119  956 -32133.880 -35757.260  11.3%  30.5 2695s
 276006 264741 -32928.675 1166  943 -32133.880 -35757.260  11.3%  30.5 2700s
 276552 265287 -32864.585 1201  905 -32133.880 -35757.260  11.3%  30.5 2705s
 277141 265876 -32763.940 1237  890 -32133.880 -35757.260  11.3%  30.5 2710s
 277666 266401 -32731.501 1266  870 -32133.880 -35757.260  11.3%  30.5 2715s
 278193 266928 -32652.089 1311  845 -32133.880 -35757.260  11.3%  30.5 2720s
 278767 267502 -32584.205 1350  821 -32133.880 -35757.260  11.3%  30.5 2725s
 279290 268025 -32569.234 1372  810 -32133.880 -35757.260  11.3%  30.6 2730s
 279884 268619 -32515.716 1409  798 -32133.880 -35757.260  11.3%  30.5 2735s
 280447 269182 -32470.882 1437  783 -32133.880 -35757.260  11.3%  30.5 2740s
 281060 269795 -32442.228 1459  781 -32133.880 -35757.260  11.3%  30.4 2745s
 281619 270354 -32407.859 1489  759 -32133.880 -35757.260  11.3%  30.4 2750s
 282197 270932 -32372.303 1510  739 -32133.880 -35757.260  11.3%  30.4 2755s
 282792 271527 -32338.444 1541  733 -32133.880 -35757.260  11.3%  30.4 2760s
 283361 272096 -32309.137 1566  713 -32133.880 -35757.260  11.3%  30.3 2765s
 283984 272719 -32281.871 1598  705 -32133.880 -35757.260  11.3%  30.3 2770s
 284577 273312 -32267.320 1606  703 -32133.880 -35757.260  11.3%  30.2 2775s
 285163 273898 -32242.459 1622  693 -32133.880 -35757.260  11.3%  30.2 2780s
 285775 274510 -32222.520 1643  703 -32133.880 -35757.260  11.3%  30.1 2785s
 286327 275062 -32201.257 1656  688 -32133.880 -35757.260  11.3%  30.1 2790s
 286797 275532 -32181.539 1669  671 -32133.880 -35757.260  11.3%  30.2 2795s
 287111 275846 -32171.696 1674  686 -32133.880 -35757.260  11.3%  30.2 2800s
 287369 276104 -32162.336 1681  685 -32133.880 -35757.260  11.3%  30.2 2805s
 287595 276330 -32156.100 1690  673 -32133.880 -35757.260  11.3%  30.3 2810s
 287815 276550 -32155.317 1693  678 -32133.880 -35757.260  11.3%  30.3 2815s
 288029 276764 -32147.577 1700  676 -32133.880 -35757.260  11.3%  30.3 2820s
 288215 276950 -32145.064 1701  674 -32133.880 -35757.260  11.3%  30.3 2825s
 288387 277122 -32142.972 1703  672 -32133.880 -35757.260  11.3%  30.3 2830s
 288554 277289 -32140.248 1705  666 -32133.880 -35757.260  11.3%  30.2 2835s
 288690 277281     cutoff 1706      -32133.880 -35757.260  11.3%  30.3 2840s
 289112 277583 -34281.997  116 1596 -32133.880 -35755.436  11.3%  30.3 2845s
 289502 277899     cutoff  243      -32133.880 -35755.249  11.3%  30.3 2850s
 290058 278429 -34324.875  192 1526 -32133.880 -35755.111  11.3%  30.3 2855s
 290574 278945 -32616.853  312 1460 -32133.880 -35755.111  11.3%  30.3 2860s
 291104 279371     cutoff  163      -32133.880 -35755.095  11.3%  30.2 2865s
 291613 279874 -35205.771  148 1530 -32133.880 -35754.981  11.3%  30.3 2870s
 292121 280382 -34880.982  251 1488 -32133.880 -35754.981  11.3%  30.3 2875s
 292631 280892 -34590.769  365 1440 -32133.880 -35754.981  11.3%  30.4 2880s
 293166 281427 -34330.256  470 1378 -32133.880 -35754.981  11.3%  30.4 2885s
 293725 281986 -34127.578  571 1304 -32133.880 -35754.981  11.3%  30.4 2890s
 294241 282502 -33945.079  654 1228 -32133.880 -35754.981  11.3%  30.4 2895s
 294789 283050 -33823.041  707 1210 -32133.880 -35754.981  11.3%  30.4 2900s
 295333 283594 -33699.017  761 1189 -32133.880 -35754.981  11.3%  30.4 2905s
 295902 284163 -33536.336  831 1132 -32133.880 -35754.981  11.3%  30.4 2910s
 296437 284698 -33432.154  893 1099 -32133.880 -35754.981  11.3%  30.5 2915s
 297012 285273 -33317.584  942 1060 -32133.880 -35754.981  11.3%  30.5 2920s
 297571 285832 -33242.364  980 1025 -32133.880 -35754.981  11.3%  30.4 2925s
 298163 286424 -33143.799 1028  998 -32133.880 -35754.981  11.3%  30.4 2930s
 298713 286974 -33067.732 1067  977 -32133.880 -35754.981  11.3%  30.4 2935s
 299240 287501 -33015.103 1078  980 -32133.880 -35754.981  11.3%  30.4 2940s
 299840 288101 -32945.515 1128  948 -32133.880 -35754.981  11.3%  30.4 2945s
 300377 288638 -32877.253 1170  922 -32133.880 -35754.981  11.3%  30.4 2950s
 301002 289263 -32769.265 1212  892 -32133.880 -35754.981  11.3%  30.3 2955s
 301581 289842 -32732.534 1249  865 -32133.880 -35754.981  11.3%  30.3 2960s
 302160 290421 -32671.162 1282  852 -32133.880 -35754.981  11.3%  30.3 2965s
 302762 291023 -32576.351 1328  828 -32133.880 -35754.981  11.3%  30.3 2970s
 303311 291572 -32565.096 1358  813 -32133.880 -35754.981  11.3%  30.2 2975s
 303930 292191 -32514.877 1389  790 -32133.880 -35754.981  11.3%  30.2 2980s
 304526 292787 -32458.039 1422  772 -32133.880 -35754.981  11.3%  30.2 2985s
 305085 293346 -32431.068 1451  769 -32133.880 -35754.981  11.3%  30.2 2990s
 305661 293922 -32403.271 1473  757 -32133.880 -35754.981  11.3%  30.2 2995s
 306256 294517 -32370.127 1501  743 -32133.880 -35754.981  11.3%  30.1 3000s
 306843 295104 -32340.597 1523  728 -32133.880 -35754.981  11.3%  30.1 3005s
 307427 295688 -32302.659 1557  713 -32133.880 -35754.981  11.3%  30.1 3010s
 308060 296321 -32281.113 1577  709 -32133.880 -35754.981  11.3%  30.0 3015s
 308673 296934 -32258.915 1591  706 -32133.880 -35754.981  11.3%  30.0 3020s
 309289 297550 -32236.993 1602  696 -32133.880 -35754.981  11.3%  29.9 3025s
 309942 298203 -32214.093 1628  683 -32133.880 -35754.981  11.3%  29.9 3030s
 310555 298816 -32191.580 1642  673 -32133.880 -35754.981  11.3%  29.8 3035s
 310930 299191 -32179.192 1653  674 -32133.880 -35754.981  11.3%  29.9 3040s
 311238 299499 -32170.788 1661  669 -32133.880 -35754.981  11.3%  29.9 3045s
 311506 299767 -32159.335 1666  666 -32133.880 -35754.981  11.3%  29.9 3050s
 311742 300003 -32152.201 1675  662 -32133.880 -35754.981  11.3%  29.9 3055s
 311942 300203 -32149.796 1676  662 -32133.880 -35754.981  11.3%  29.9 3060s
 312119 300380 -32144.953 1678  664 -32133.880 -35754.981  11.3%  29.9 3065s
 312276 300537 -32138.902 1680  661 -32133.880 -35754.981  11.3%  30.0 3070s
 312408 300585     cutoff 1682      -32133.880 -35754.981  11.3%  30.0 3075s
 312580 300573 -33622.426  130 1500 -32133.880 -35754.715  11.3%  30.1 3080s
 313061 301022 -34970.116  255 1444 -32133.880 -35754.307  11.3%  30.1 3085s
 313526 301487 -34428.333  488 1300 -32133.880 -35754.307  11.3%  30.2 3090s
 314025 301986 -33831.280  737 1148 -32133.880 -35754.307  11.3%  30.3 3095s
 314489 302450 -33344.206  969 1028 -32133.880 -35754.307  11.3%  30.3 3100s
 315058 303019 -32824.419 1254  861 -32133.880 -35754.307  11.3%  30.3 3105s
 315661 303622 -32418.569 1555  693 -32133.880 -35754.307  11.3%  30.2 3110s
 316147 304108 -32144.089 1798  544 -32133.880 -35754.307  11.3%  30.2 3115s
 316310 304125 -35306.985   80 1604 -32133.880 -35754.307  11.3%  30.2 3120s
 316820 304549 -34134.999  100 1588 -32133.880 -35753.566  11.3%  30.2 3125s
 317225 304880 -34938.261  108 1608 -32133.880 -35753.302  11.3%  30.3 3130s
 317764 305397 -33625.738  190 1516 -32133.880 -35753.302  11.3%  30.3 3135s
 318291 305894 -35663.935   64 1598 -32133.880 -35753.186  11.3%  30.2 3140s
 318856 306459 -35149.250  164 1532 -32133.880 -35753.186  11.3%  30.2 3145s
 319341 306944 -34886.640  259 1488 -32133.880 -35753.186  11.3%  30.3 3150s
 319889 307492 -34578.969  388 1426 -32133.880 -35753.186  11.3%  30.3 3155s
 320422 308025 -34363.796  483 1378 -32133.880 -35753.186  11.3%  30.3 3160s
 320967 308570 -34173.445  566 1324 -32133.880 -35753.186  11.3%  30.3 3165s
 321461 309064 -33979.540  647 1237 -32133.880 -35753.186  11.3%  30.3 3170s
 322031 309634 -33842.319  701 1203 -32133.880 -35753.186  11.3%  30.3 3175s
 322592 310195 -33702.004  741 1178 -32133.880 -35753.186  11.3%  30.3 3180s
 323122 310725 -33598.905  795 1146 -32133.880 -35753.186  11.3%  30.3 3185s
 323698 311301 -33505.111  853 1110 -32133.880 -35753.186  11.3%  30.3 3190s
 324275 311878 -33400.344  909 1078 -32133.880 -35753.186  11.3%  30.3 3195s
 324877 312480 -33290.549  956 1046 -32133.880 -35753.186  11.3%  30.2 3200s
 325443 313046 -33213.755  993 1024 -32133.880 -35753.186  11.3%  30.2 3205s
 326019 313622 -33114.092 1050  992 -32133.880 -35753.186  11.3%  30.2 3210s
 326590 314193 -33035.117 1083  969 -32133.880 -35753.186  11.3%  30.2 3215s
 327028 314631 -32955.673 1126  950 -32133.880 -35753.186  11.3%  30.3 3220s
 327507 315110 -32884.242 1170  923 -32133.880 -35753.186  11.3%  30.4 3225s
 328019 315622 -32815.698 1206  899 -32133.880 -35753.186  11.3%  30.4 3230s
 328587 316190 -32765.936 1231  889 -32133.880 -35753.186  11.3%  30.4 3235s
 329144 316747 -32701.600 1271  873 -32133.880 -35753.186  11.3%  30.4 3240s
 329762 317365 -32605.232 1310  859 -32133.880 -35753.186  11.3%  30.4 3245s
 330348 317951 -32567.712 1343  838 -32133.880 -35753.186  11.3%  30.3 3250s
 330938 318541 -32534.856 1373  817 -32133.880 -35753.186  11.3%  30.3 3255s
 331485 319088 -32494.102 1404  809 -32133.880 -35753.186  11.3%  30.3 3260s
 332076 319679 -32455.372 1428  792 -32133.880 -35753.186  11.3%  30.3 3265s
 332691 320294 -32426.729 1448  783 -32133.880 -35753.186  11.3%  30.2 3270s
 333226 320829 -32391.066 1479  765 -32133.880 -35753.186  11.3%  30.2 3275s
 333857 321460 -32363.678 1506  751 -32133.880 -35753.186  11.3%  30.2 3280s
 334455 322058 -32338.724 1522  743 -32133.880 -35753.186  11.3%  30.2 3285s
 335013 322616 -32310.629 1540  730 -32133.880 -35753.186  11.3%  30.2 3290s
 335650 323253 -32272.137 1581  711 -32133.880 -35753.186  11.3%  30.1 3295s
 336262 323865 -32255.361 1589  708 -32133.880 -35753.186  11.3%  30.1 3300s
 336906 324509 -32240.489 1602  701 -32133.880 -35753.186  11.3%  30.0 3305s
 337520 325123 -32218.982 1620  693 -32133.880 -35753.186  11.3%  30.0 3310s
 338133 325736 -32196.644 1638  679 -32133.880 -35753.186  11.3%  30.0 3315s
 338607 326210 -32185.370 1646  669 -32133.880 -35753.186  11.3%  29.9 3320s
 338953 326556 -32173.858 1651  664 -32133.880 -35753.186  11.3%  29.9 3325s
 339226 326829 -32162.569 1664  666 -32133.880 -35753.186  11.3%  29.9 3330s
 339484 327087 -32156.098 1672  661 -32133.880 -35753.186  11.3%  29.9 3335s
 339686 327289 -32145.402 1678  659 -32133.880 -35753.186  11.3%  29.9 3340s
 339858 327421     cutoff 1689      -32133.880 -35753.186  11.3%  29.9 3345s
 340067 327496 -35407.189   61 1600 -32133.880 -35752.914  11.3%  29.9 3350s
 340540 327895 -34619.339  104 1598 -32133.880 -35752.814  11.3%  29.9 3355s
 341002 328279 -32170.926   92 1564 -32133.880 -35752.666  11.3%  29.9 3360s
 341532 328789 -34942.857  276 1446 -32133.880 -35752.154  11.3%  30.0 3365s
 342025 329282 -34364.171  523 1304 -32133.880 -35752.154  11.3%  30.0 3370s
 342582 329839 -33711.471  801 1118 -32133.880 -35752.154  11.3%  30.0 3375s
 343127 330384 -33153.569 1074  954 -32133.880 -35752.154  11.3%  30.0 3380s
 343726 330983 -32649.867 1373  790 -32133.880 -35752.154  11.3%  30.0 3385s
 344302 331559 -32281.064 1661  612 -32133.880 -35752.154  11.3%  30.0 3390s
 344674 331893 -35659.198   91 1592 -32133.880 -35752.063  11.3%  30.0 3395s
 345204 332423 -35285.548  159 1556 -32133.880 -35752.063  11.3%  30.0 3400s
 345742 332961 -34970.615  248 1502 -32133.880 -35752.063  11.3%  30.1 3405s
 346265 333484 -34661.088  368 1448 -32133.880 -35752.063  11.3%  30.1 3410s
 346826 334045 -34441.168  468 1392 -32133.880 -35752.063  11.3%  30.1 3415s
 347321 334540 -34183.333  555 1346 -32133.880 -35752.063  11.3%  30.1 3420s
 347897 335116 -33982.143  655 1256 -32133.880 -35752.063  11.3%  30.1 3425s
 348390 335609 -33924.589  690 1240 -32133.880 -35752.063  11.3%  30.1 3430s
 348946 336165 -33795.302  741 1216 -32133.880 -35752.063  11.3%  30.1 3435s
 349483 336702 -33640.839  808 1163 -32133.880 -35752.063  11.3%  30.1 3440s
 350045 337264 -33493.918  879 1108 -32133.880 -35752.063  11.3%  30.1 3445s
 350624 337843 -33384.255  934 1078 -32133.880 -35752.063  11.3%  30.1 3450s
 351112 338331 -33302.833  970 1064 -32133.880 -35752.063  11.3%  30.2 3455s
 351718 338937 -33227.555 1002 1053 -32133.880 -35752.063  11.3%  30.1 3460s
 352301 339520 -33130.746 1048 1024 -32133.880 -35752.063  11.3%  30.1 3465s
 352913 340132 -33042.512 1090 1003 -32133.880 -35752.063  11.3%  30.0 3470s
 353477 340696 -32962.091 1142  968 -32133.880 -35752.063  11.3%  30.0 3475s
 354006 341225 -32881.068 1190  920 -32133.880 -35752.063  11.3%  30.0 3480s
 354590 341809 -32798.199 1237  889 -32133.880 -35752.063  11.3%  30.0 3485s
 355138 342357 -32750.316 1262  874 -32133.880 -35752.063  11.3%  30.0 3490s
 355710 342929 -32697.161 1294  866 -32133.880 -35752.063  11.3%  30.0 3495s
 356215 343434 -32649.742 1316  855 -32133.880 -35752.063  11.3%  30.0 3500s
 356799 344018 -32594.803 1361  848 -32133.880 -35752.063  11.3%  30.0 3505s
 357363 344582 -32543.178 1379  835 -32133.880 -35752.063  11.3%  30.0 3510s
 357926 345145 -32508.380 1418  807 -32133.880 -35752.063  11.3%  29.9 3515s
 358523 345742 -32472.691 1444  790 -32133.880 -35752.063  11.3%  29.9 3520s
 359085 346304 -32444.920 1458  788 -32133.880 -35752.063  11.3%  29.9 3525s
 359700 346919 -32407.426 1487  772 -32133.880 -35752.063  11.3%  29.8 3530s
 360253 347472 -32385.622 1501  758 -32133.880 -35752.063  11.3%  29.8 3535s
 360863 348082 -32365.195 1519  747 -32133.880 -35752.063  11.3%  29.8 3540s
 361427 348646 -32339.996 1536  734 -32133.880 -35752.063  11.3%  29.7 3545s
 362010 349229 -32323.189 1545  725 -32133.880 -35752.063  11.3%  29.7 3550s
 362638 349857 -32289.818 1573  709 -32133.880 -35752.063  11.3%  29.7 3555s
 363226 350445 -32276.795 1598  696 -32133.880 -35752.063  11.3%  29.6 3560s
 363836 351055 -32254.354 1613  692 -32133.880 -35752.063  11.3%  29.6 3565s
 364378 351597 -32235.332 1622  681 -32133.880 -35752.063  11.3%  29.6 3570s
 364877 352096 -32222.494 1631  678 -32133.880 -35752.063  11.3%  29.7 3575s
 365420 352639 -32207.839 1641  676 -32133.880 -35752.063  11.3%  29.8 3580s
 365972 353191 -32189.543 1665  662 -32133.880 -35752.063  11.3%  29.8 3585s
 366320 353539 -32183.035 1669  654 -32133.880 -35752.063  11.3%  29.8 3590s
 366639 353858 -32175.631 1671  654 -32133.880 -35752.063  11.3%  29.9 3595s

Explored 366915 nodes (10981055 simplex iterations) in 3600.01 seconds (2113.76 work units)
Thread count was 1 (of 56 available processors)

Solution count 10: -32133.9 -32105.5 -32065.1 ... -31496

Time limit reached
Best objective -3.213388007439e+04, best bound -3.575206286853e+04, gap 11.2597%

User-callback calls 1315331, time in user-callback 2.10 sec
primal_bound = -32133.88007439438, dual_bound = 0.0, gap = 100.0, time = 3600.3
