2023/11/29
gurobi is now 11.0.0
previous version was 10.0.3
solving instance knapsack 1000 5 sinabc3
Set parameter TokenServer to value "licences.gerad.lan"
Set parameter MIPGap to value 1e-06
Set parameter FuncPieceError to value 1e-06
Set parameter Threads to value 1
Set parameter FuncPieces to value -2
Set parameter TimeLimit to value 3600
Gurobi Optimizer version 12.0.0 build v12.0.0rc1 (linux64 - "AlmaLinux 9.6 (Sage Margay)")

CPU model: Intel(R) Xeon(R) Gold 6258R CPU @ 2.70GHz, instruction set [SSE2|AVX|AVX2|AVX512]
Thread count: 56 physical cores, 56 logical processors, using up to 1 threads

Non-default parameters:
TimeLimit  3600
MIPGap  1e-06
Threads  1
FuncPieces  -2
FuncPieceError  1e-06

Optimize a model with 5001 rows, 7000 columns and 11000 nonzeros
Model fingerprint: 0x942e5cfc
Model has 2000 function constraints treated as nonlinear
  1000 POW, 1000 SIN
Variable types: 6000 continuous, 1000 integer (1000 binary)
Coefficient statistics:
  Matrix range     [2e-04, 1e+02]
  Objective range  [1e+00, 1e+00]
  Bounds range     [1e+00, 1e+10]
  RHS range        [1e+02, 3e+06]
Warning: Model contains large bounds
         Consider reformulating model or setting NumericFocus parameter
         to avoid numerical issues.
Presolve removed 4000 rows and 4000 columns
Presolve time: 0.02s
Presolved: 10002 rows, 4002 columns, 23001 nonzeros
Presolved model has 1000 bilinear constraint(s)
Presolved model has 1000 nonlinear constraint(s)

Solving non-convex MINLP

Variable types: 4002 continuous, 0 integer (0 binary)
Found heuristic solution: objective -30149.52757

Root relaxation: objective -4.360553e+04, 11555 iterations, 0.57 seconds (1.21 work units)

    Nodes    |    Current Node    |     Objective Bounds      |     Work
 Expl Unexpl |  Obj  Depth IntInf | Incumbent    BestBd   Gap | It/Node Time

     0     0 -43605.526    0 1812 -30149.528 -43605.526  44.6%     -    0s
     0     0 -38629.380    0 1565 -30149.528 -38629.380  28.1%     -    0s
     0     0 -38618.278    0 1565 -30149.528 -38618.278  28.1%     -    0s
     0     0 -38568.127    0 1584 -30149.528 -38568.127  27.9%     -    0s
     0     0 -35625.486    0 1539 -30149.528 -35625.486  18.2%     -    1s
     0     0 -35582.373    0 1539 -30149.528 -35582.373  18.0%     -    1s
     0     0 -35083.181    0 1493 -30149.528 -35083.181  16.4%     -    1s
     0     0 -35079.413    0 1493 -30149.528 -35079.413  16.4%     -    1s
     0     0 -35034.384    0 1476 -30149.528 -35034.384  16.2%     -    1s
     0     0 -35034.363    0 1476 -30149.528 -35034.363  16.2%     -    1s
     0     0 -35025.537    0 1462 -30149.528 -35025.537  16.2%     -    1s
     0     0 -34995.945    0 1409 -30149.528 -34995.945  16.1%     -    1s
H    0     0                    -34745.47140 -34995.945  0.72%     -    1s
     0     2 -34995.945    0 1409 -34745.471 -34995.945  0.72%     -    1s
   602   604 -34890.674  304 1288 -34745.471 -34994.978  0.72%  40.6    5s
  1392  1392 -34851.739  706 1190 -34745.471 -34994.978  0.72%  55.8   10s
  1907  1907 -34825.809  963 1204 -34745.471 -34994.978  0.72%  87.3   15s
H 2550  2547                    -34745.76245 -34994.978  0.72%  81.5   20s
H 2565  2430                    -34745.89457 -34906.785  0.46%  83.7   23s
  2575  2439 -34900.656  205    0 -34745.895 -34906.700  0.46%  86.0   25s
H 2580  2319                    -34784.96364 -34905.866  0.35%  85.8   27s
H 2580  2203                    -34803.45532 -34905.866  0.29%  85.8   27s
  2582  2206 -34904.977   36 1444 -34803.455 -34904.977  0.29%  88.4   37s
  2956  2456 -34886.842  223 1325 -34803.455 -34904.289  0.29%  84.6   40s
  3352  2720 -34832.686  421 1311 -34803.455 -34904.289  0.29%  94.7   45s
  3662  2914 -34865.331  576 1309 -34803.455 -34904.289  0.29%   108   50s
  3977  3106 -34856.383  733 1287 -34803.455 -34904.289  0.29%   122   55s
  4302  3279 -34847.849  896 1270 -34803.455 -34904.289  0.29%   137   60s
  4730  3512 -34831.214 1110 1255 -34803.455 -34904.289  0.29%   143   65s
  5258  3850 -34821.178 1374 1235 -34803.455 -34904.289  0.29%   131   70s
  5784  4181 -34812.098 1637 1174 -34803.455 -34904.289  0.29%   121   75s
  6206  4362 -34896.290   51 1426 -34803.455 -34904.289  0.29%   115   80s
  6595  4622 -34865.159  246 1354 -34803.455 -34904.289  0.29%   125   85s
  6931  4826 -34858.361  414 1340 -34803.455 -34904.289  0.29%   130   90s
  7252  4978 -34843.399  574 1327 -34803.455 -34904.289  0.29%   138   95s
  7595  5126 -34810.303  746 1294 -34803.455 -34904.289  0.29%   146  100s
  7954  5212     cutoff  925      -34803.455 -34904.289  0.29%   152  105s
H 8177  5134                    -34803.45541 -34904.289  0.29%   149  107s
  8420  5224 -34861.610   94 1374 -34803.455 -34903.384  0.29%   146  110s
  8880  5531 -34869.634  324 1351 -34803.455 -34903.384  0.29%   149  115s
  9147  5776 -34831.936  457 1346 -34803.455 -34903.384  0.29%   156  120s
  9406  5989     cutoff  587      -34803.455 -34903.384  0.29%   160  125s
  9712  6231 -34817.759  740 1291 -34803.455 -34903.384  0.29%   168  130s
  9951  6400 -34820.739  859 1286 -34803.455 -34903.384  0.29%   177  135s
 10399  6718 -34803.616 1083 1267 -34803.455 -34903.384  0.29%   171  140s
 10900  7067 -34888.279  114 1367 -34803.455 -34903.384  0.29%   166  145s
 11298  7463 -34835.542  313 1354 -34803.455 -34903.384  0.29%   167  150s
 11695  7816 -34852.916  512 1331 -34803.455 -34903.384  0.29%   170  155s
 11946  8025     cutoff  637      -34803.455 -34903.384  0.29%   179  160s
 12227  8234 -34831.992  778 1294 -34803.455 -34903.384  0.29%   184  165s
 12663  8524 -34814.832  996 1286 -34803.455 -34903.384  0.29%   181  170s
 13142  8803 -34891.199   66 1404 -34803.455 -34903.043  0.29%   175  175s
 13614  9275 -34851.460  302 1331 -34803.455 -34903.043  0.29%   176  180s
H13743  9396                    -34803.45555 -34903.043  0.29%   177  182s
 13958  9595 -34851.003  474 1345 -34803.456 -34903.043  0.29%   178  185s
 14192  9797 -34831.034  591 1338 -34803.456 -34903.043  0.29%   180  190s
 14564 10101 -34839.469  777 1307 -34803.456 -34903.043  0.29%   183  195s
 14918 10387 -34827.836  954 1282 -34803.456 -34903.043  0.29%   186  200s
 15280 10691     cutoff 1135      -34803.456 -34903.043  0.29%   185  205s
 15638 10953 -34813.400 1314 1257 -34803.456 -34903.043  0.29%   185  210s
 16064 11285 -34807.775 1527 1233 -34803.456 -34903.043  0.29%   181  215s
 16562 11697 -34857.860  148 1365 -34803.456 -34903.043  0.29%   178  220s
 16931 12062 -34844.337  333 1355 -34803.456 -34903.043  0.29%   180  225s
 17255 12350 -34833.198  495 1332 -34803.456 -34903.043  0.29%   182  230s
 17532 12579 -34818.219  633 1320 -34803.456 -34903.043  0.29%   188  235s
 17857 12824 -34830.201  796 1300 -34803.456 -34903.043  0.29%   191  240s
 18208 13057 -34815.460  971 1289 -34803.456 -34903.043  0.29%   191  245s
 18686 13331 -34803.833 1210 1300 -34803.456 -34903.043  0.29%   187  250s
 19073 13690 -34866.207  219 1355 -34803.456 -34902.722  0.29%   187  255s
 19378 13977 -34862.826  372 1350 -34803.456 -34902.722  0.29%   191  260s
 19691 14248 -34849.108  528 1329 -34803.456 -34902.722  0.29%   195  265s
 20019 14512 -34806.941  692 1301 -34803.456 -34902.722  0.29%   196  270s
 20387 14736 -34820.020  876 1296 -34803.456 -34902.722  0.29%   197  275s
 20923 15018 -34875.966   73 1400 -34803.456 -34902.722  0.29%   193  280s
 21378 15469 -34849.885  300 1351 -34803.456 -34902.722  0.29%   191  285s
 21695 15760 -34855.361  459 1340 -34803.456 -34902.722  0.29%   194  290s
 22004 16011 -34821.764  613 1321 -34803.456 -34902.722  0.29%   196  295s
 22371 16294 -34816.815  797 1276 -34803.456 -34902.722  0.29%   198  300s
 22742 16481     cutoff  982      -34803.456 -34902.722  0.29%   198  305s
 23177 16732 -34806.176 1200 1280 -34803.456 -34902.722  0.29%   195  310s
 23653 17160 -34868.167  219 1357 -34803.456 -34902.631  0.28%   195  315s
 23981 17474 -34866.290  357 1346 -34803.456 -34902.631  0.28%   196  320s
 24324 17785 -34830.856  503 1335 -34803.456 -34902.631  0.28%   198  325s
 24691 18080 -34839.303  660 1320 -34803.456 -34902.631  0.28%   199  330s
 24979 18290 -34830.111  786 1306 -34803.456 -34902.631  0.28%   201  335s
 25351 18560 -34817.822  923 1299 -34803.456 -34902.631  0.28%   200  340s
 25727 18764 -34808.269 1056 1294 -34803.456 -34902.631  0.28%   199  345s
 26203 19082 -34818.179  135 1390 -34803.456 -34902.631  0.28%   197  350s
 26567 19442 -34855.227  283 1355 -34803.456 -34902.631  0.28%   198  355s
 26919 19762 -34812.317  435 1341 -34803.456 -34902.631  0.28%   199  360s
 27231 20022     cutoff  566      -34803.456 -34902.631  0.28%   200  365s
 27513 20238 -34811.803  691 1324 -34803.456 -34902.631  0.28%   203  370s
 27919 20530 -34815.442  856 1307 -34803.456 -34902.631  0.28%   201  375s
 28377 20810 -34838.300  112 1394 -34803.456 -34902.164  0.28%   199  380s
 28777 21206 -34872.025  278 1355 -34803.456 -34902.164  0.28%   199  385s
 29105 21494 infeasible  425      -34803.456 -34902.164  0.28%   200  390s
 29459 21796 -34821.113  562 1336 -34803.456 -34902.164  0.28%   201  395s
 29810 22067 -34828.920  709 1328 -34803.456 -34902.164  0.28%   202  400s
 30206 22343 -34808.598  853 1321 -34803.456 -34902.164  0.28%   200  405s
 30668 22737 -34854.205  173 1358 -34803.456 -34902.164  0.28%   199  410s
 30990 23047 -34849.223  319 1349 -34803.456 -34902.164  0.28%   200  415s
 31326 23351 -34845.784  468 1343 -34803.456 -34902.164  0.28%   201  420s
 31638 23597 -34822.400  605 1318 -34803.456 -34902.164  0.28%   203  425s
 31956 23849 -34805.603  738 1310 -34803.456 -34902.164  0.28%   203  430s
 32294 24053 -34820.708  889 1302 -34803.456 -34902.164  0.28%   204  435s
 32587 24242 -34809.289  993 1303 -34803.456 -34902.164  0.28%   203  441s
 32913 24370 -34805.645 1106 1299 -34803.456 -34902.164  0.28%   201  445s
 33355 24760 -34862.074  179 1367 -34803.456 -34901.642  0.28%   200  450s
 33715 25114 -34807.349  331 1352 -34803.456 -34901.642  0.28%   200  455s
 34068 25413 -34851.342  482 1335 -34803.456 -34901.642  0.28%   201  460s
 34381 25652 -34817.653  628 1329 -34803.456 -34901.642  0.28%   202  465s
 34837 26002 -34807.498  796 1319 -34803.456 -34901.642  0.28%   201  470s
 35216 26247 -34886.303  104 1367 -34803.456 -34901.642  0.28%   200  475s
 35633 26656 -34868.005  307 1356 -34803.456 -34901.642  0.28%   200  480s
 35928 26929 -34842.411  422 1347 -34803.456 -34901.642  0.28%   201  485s
 36224 27179 -34826.891  555 1331 -34803.456 -34901.642  0.28%   203  490s
 36574 27465 -34817.226  709 1318 -34803.456 -34901.642  0.28%   203  495s
 36850 27665 -34820.891  825 1311 -34803.456 -34901.642  0.28%   205  500s
 37186 27899 -34811.148  956 1296 -34803.456 -34901.642  0.28%   204  505s
 37446 28023 -34804.010 1043 1308 -34803.456 -34901.642  0.28%   205  510s
 37886 28375 -34865.701  180 1363 -34803.456 -34901.638  0.28%   204  515s
 38203 28682 -34822.878  328 1358 -34803.456 -34901.638  0.28%   204  520s
 38504 28963 -34856.511  449 1346 -34803.456 -34901.638  0.28%   206  525s
 38855 29246 -34824.704  606 1319 -34803.456 -34901.638  0.28%   207  530s
 39153 29496 -34834.844  726 1303 -34803.456 -34901.638  0.28%   207  535s
 39459 29716 -34824.106  859 1306 -34803.456 -34901.638  0.28%   208  540s
 39873 29992 -34811.073 1007 1304 -34803.456 -34901.638  0.28%   207  545s
 40269 30208 -34807.586 1134 1292 -34803.456 -34901.638  0.28%   205  550s
 40714 30527 -34851.499  105 1369 -34803.456 -34901.638  0.28%   203  555s
 41044 30855 -34848.192  255 1359 -34803.456 -34901.638  0.28%   204  560s
 41378 31169 -34860.200  395 1348 -34803.456 -34901.638  0.28%   204  565s
 41649 31398 -34848.921  516 1333 -34803.456 -34901.638  0.28%   206  570s
 41907 31614 -34828.088  626 1319 -34803.456 -34901.638  0.28%   207  575s
 42185 31812 -34828.964  749 1299 -34803.456 -34901.638  0.28%   209  580s
 42569 32106 -34814.842  898 1293 -34803.456 -34901.638  0.28%   208  585s
 42871 32222 -34894.143   56 1427 -34803.456 -34901.635  0.28%   208  590s
 43129 32368 -34805.231  150 1350 -34803.456 -34901.635  0.28%   208  595s
 43634 32849 -34848.644  280 1354 -34803.456 -34901.627  0.28%   207  600s
 43868 33071 -34845.548  397 1346 -34803.456 -34901.627  0.28%   209  605s
 44208 33359 -34827.587  567 1319 -34803.456 -34901.627  0.28%   209  610s
 44560 33643 -34821.958  743 1282 -34803.456 -34901.627  0.28%   209  615s
 44885 33876 -34804.537  905 1276 -34803.456 -34901.627  0.28%   210  620s
 45281 34196 -34816.540 1103 1266 -34803.456 -34901.627  0.28%   209  625s
 45722 34499 -34807.923 1324 1256 -34803.456 -34901.627  0.28%   207  630s
 46092 34669 -34804.791  159 1346 -34803.456 -34901.627  0.28%   206  635s
 46271 34810 -34814.866  196 1313 -34803.456 -34901.558  0.28%   208  640s
 46564 35047 -34885.773  100 1380 -34803.456 -34901.558  0.28%   208  645s
 46865 35348 -34874.344  233 1360 -34803.456 -34901.558  0.28%   209  650s
 47224 35671 infeasible  392      -34803.456 -34901.558  0.28%   209  655s
 47583 35982 -34824.197  536 1329 -34803.456 -34901.558  0.28%   210  660s
 47817 36156     cutoff  644      -34803.456 -34901.558  0.28%   212  665s
 48161 36404 -34820.168  773 1309 -34803.456 -34901.558  0.28%   211  670s
 48497 36574 -34817.403   87 1383 -34803.456 -34901.526  0.28%   211  675s
 48945 36820 -34891.478   52 1428 -34803.456 -34901.195  0.28%   210  680s
 49407 37178 -34803.830  200 1362 -34803.456 -34901.171  0.28%   209  685s
 49790 37445 -34819.103   74 1399 -34803.456 -34901.052  0.28%   209  690s
 50198 37751 -34845.523  105 1385 -34803.456 -34901.039  0.28%   209  695s
 50532 38085 -34853.297  258 1353 -34803.456 -34901.039  0.28%   209  700s
 50852 38373 -34860.504  395 1337 -34803.456 -34901.039  0.28%   210  705s
 51106 38593 -34850.272  513 1325 -34803.456 -34901.039  0.28%   211  710s
 51431 38866     cutoff  652      -34803.456 -34901.039  0.28%   211  715s
 51710 39051 -34821.305  774 1287 -34803.456 -34901.039  0.28%   212  720s
 52109 39324 -34812.175  922 1301 -34803.456 -34901.039  0.28%   211  725s
 52418 39489 -34805.493  141 1346 -34803.456 -34900.979  0.28%   211  730s
 52808 39815 -34805.480  173 1318 -34803.456 -34900.926  0.28%   211  735s
 53040 39977 -34804.237  216 1324 -34803.456 -34900.926  0.28%   212  740s
 53543 40466 -34843.613  294 1350 -34803.456 -34900.894  0.28%   211  745s
 53844 40741 -34857.416  444 1346 -34803.456 -34900.894  0.28%   211  750s
 54164 41001 -34845.098  604 1319 -34803.456 -34900.894  0.28%   212  755s
 54506 41273 -34827.345  775 1298 -34803.456 -34900.894  0.28%   212  760s
 54812 41483     cutoff  928      -34803.456 -34900.894  0.28%   213  765s
 55083 41632 -34814.807 1064 1252 -34803.456 -34900.894  0.28%   213  770s
 55504 41927 -34804.262 1274 1277 -34803.456 -34900.894  0.28%   212  775s
 55838 42133 -34845.807   71 1404 -34803.456 -34900.879  0.28%   211  780s
 56130 42327 -34900.742   45 1438 -34803.456 -34900.871  0.28%   212  785s
 56445 42618 -34811.949  176 1288 -34803.456 -34900.859  0.28%   212  790s
 56673 42802 -34807.421  153 1311 -34803.456 -34900.839  0.28%   213  795s
 57036 43137 -34879.230  172 1370 -34803.456 -34900.825  0.28%   213  800s
 57389 43478 -34861.351  318 1348 -34803.456 -34900.825  0.28%   213  805s
 57721 43762 -34842.707  464 1331 -34803.456 -34900.825  0.28%   213  810s
 58019 44016 -34839.959  590 1326 -34803.456 -34900.825  0.28%   214  815s
 58353 44250 -34820.661  724 1320 -34803.456 -34900.825  0.28%   214  820s
 58772 44513 -34808.667  881 1307 -34803.456 -34900.825  0.28%   213  825s
 59130 44757 -34812.119  128 1332 -34803.456 -34900.802  0.28%   213  830s
 59561 44976 -34894.432   57 1429 -34803.456 -34900.777  0.28%   212  835s
 59900 45279 -34819.476   76 1397 -34803.456 -34900.775  0.28%   212  840s
 60276 45563 -34807.217  195 1270 -34803.456 -34900.769  0.28%   212  845s
 60628 45809 -34813.093   97 1367 -34803.456 -34900.742  0.28%   212  850s
 60857 46002 -34886.370   69 1405 -34803.456 -34900.706  0.28%   213  855s
 61249 46394 -34870.439  251 1353 -34803.456 -34900.706  0.28%   213  860s
 61552 46665 -34849.386  368 1345 -34803.456 -34900.706  0.28%   213  865s
 61803 46876 -34835.405  485 1336 -34803.456 -34900.706  0.28%   215  870s
 62061 47086 -34811.849  589 1324 -34803.456 -34900.706  0.28%   215  875s
 62378 47303 -34826.664  730 1323 -34803.456 -34900.706  0.28%   216  880s
 62736 47567 -34812.148  852 1301 -34803.456 -34900.706  0.28%   215  885s
 63065 47798 -34832.056  232 1229 -34803.456 -34900.706  0.28%   215  890s
 63178 47875 -34889.562   49 1430 -34803.456 -34900.702  0.28%   217  895s
 63570 48267 -34834.748  245 1357 -34803.456 -34900.702  0.28%   217  900s
 63830 48511 -34851.135  375 1352 -34803.456 -34900.702  0.28%   217  905s
 64197 48828     cutoff  559      -34803.456 -34900.702  0.28%   217  910s
 64560 49113 -34828.150  740 1301 -34803.456 -34900.702  0.28%   217  915s
 64894 49319 -34818.225  907 1281 -34803.456 -34900.702  0.28%   218  920s
 65204 49471 -34812.216 1062 1269 -34803.456 -34900.702  0.28%   218  925s
 65631 49714 -34896.960   47 1432 -34803.456 -34900.702  0.28%   217  930s
 65988 50017 -34883.002   55 1436 -34803.456 -34900.624  0.28%   217  935s
 66403 50356 -34809.994  159 1298 -34803.456 -34900.562  0.28%   216  940s
 66793 50658 -34886.826   89 1374 -34803.456 -34900.551  0.28%   216  945s
 67132 50997 -34873.827  246 1359 -34803.456 -34900.551  0.28%   216  950s
 67489 51326 -34858.234  399 1348 -34803.456 -34900.551  0.28%   216  955s
 67799 51594 -34848.528  539 1333 -34803.456 -34900.551  0.28%   217  960s
 68089 51824 -34838.883  664 1321 -34803.456 -34900.551  0.28%   218  965s
 68391 52036 -34829.311  800 1307 -34803.456 -34900.551  0.28%   218  970s
 68767 52298 -34815.846  949 1295 -34803.456 -34900.551  0.28%   218  975s
 69094 52495 -34809.448 1059 1304 -34803.456 -34900.551  0.28%   217  980s
 69469 52704 -34804.606 1176 1304 -34803.456 -34900.551  0.28%   217  985s
 69792 52963     cutoff  166      -34803.456 -34900.509  0.28%   217  990s
 70140 53263 -34814.648  117 1332 -34803.456 -34900.492  0.28%   217  995s
 70460 53501 -34816.016   95 1375 -34803.456 -34900.468  0.28%   217 1000s
 70811 53800 -34886.580   81 1397 -34803.456 -34900.453  0.28%   217 1005s
 71246 54229 -34850.306  299 1351 -34803.456 -34900.453  0.28%   217 1010s
 71556 54513 -34826.026  454 1347 -34803.456 -34900.453  0.28%   217 1015s
 71897 54788 -34834.417  624 1307 -34803.456 -34900.453  0.28%   217 1020s
 72179 54994 -34814.280  765 1300 -34803.456 -34900.453  0.28%   218 1025s
 72641 55312 -34815.654  996 1287 -34803.456 -34900.453  0.28%   217 1030s
 72981 55510 -34808.451 1166 1263 -34803.456 -34900.453  0.28%   217 1035s
 73453 55852 -34882.430   90 1387 -34803.456 -34900.449  0.28%   216 1040s
 73890 56279 -34867.160  293 1327 -34803.456 -34900.449  0.28%   216 1045s
 74091 56458 -34829.091  394 1273 -34803.456 -34900.449  0.28%   217 1050s
 74318 56661     cutoff  502      -34803.456 -34900.449  0.28%   218 1055s
 74696 56979 -34838.096  671 1329 -34803.456 -34900.449  0.28%   218 1060s
 74998 57211 -34831.963  801 1311 -34803.456 -34900.449  0.28%   218 1065s
 75276 57425     cutoff  911      -34803.456 -34900.449  0.28%   219 1070s
 75734 57825 -34815.388 1061 1278 -34803.456 -34900.449  0.28%   218 1075s
 76074 58097     cutoff 1173      -34803.456 -34900.449  0.28%   218 1080s
 76505 58446 -34812.420 1289 1272 -34803.456 -34900.449  0.28%   217 1085s
 76932 58743     cutoff 1405      -34803.456 -34900.449  0.28%   216 1090s
 77289 58882 infeasible 1510      -34803.456 -34900.449  0.28%   215 1095s
 77674 59119 -34813.394   88 1391 -34803.456 -34900.436  0.28%   215 1100s
 77963 59356 -34805.892  123 1357 -34803.456 -34900.405  0.28%   215 1105s
 78268 59615 -34877.863   82 1392 -34803.456 -34900.398  0.28%   215 1110s
 78618 59901 -34804.058  154 1347 -34803.456 -34900.398  0.28%   215 1115s
 78922 60141     cutoff  197      -34803.456 -34900.377  0.28%   215 1120s
 79409 60624 -34845.411  258 1350 -34803.456 -34900.373  0.28%   215 1125s
 79752 60947 -34824.345  406 1349 -34803.456 -34900.373  0.28%   215 1130s
 80020 61181     cutoff  528      -34803.456 -34900.373  0.28%   216 1135s
 80298 61409 -34841.534  652 1316 -34803.456 -34900.373  0.28%   217 1140s
 80628 61659 -34831.293  796 1302 -34803.456 -34900.373  0.28%   217 1145s
 80965 61908 -34806.147  926 1295 -34803.456 -34900.373  0.28%   217 1150s
 81299 62134 -34810.637 1045 1289 -34803.456 -34900.373  0.28%   216 1155s
 81754 62413 -34806.357 1192 1296 -34803.456 -34900.373  0.28%   215 1160s
 82113 62680 -34803.811  141 1381 -34803.456 -34900.345  0.28%   215 1165s
 82631 63008 -34813.627   99 1365 -34803.456 -34900.335  0.28%   214 1170s
 82982 63315 -34887.942   66 1405 -34803.456 -34900.303  0.28%   214 1175s
 83459 63792 -34844.933  305 1352 -34803.456 -34900.303  0.28%   214 1180s
 83842 64127 -34834.105  496 1339 -34803.456 -34900.303  0.28%   214 1185s
 84223 64442 -34833.786  687 1317 -34803.456 -34900.303  0.28%   214 1190s
 84507 64650 -34820.577  829 1289 -34803.456 -34900.303  0.28%   214 1195s
 84914 64983 -34819.798 1032 1272 -34803.456 -34900.303  0.28%   214 1200s
 85398 65401 -34808.332 1274 1261 -34803.456 -34900.303  0.28%   213 1205s
 85807 65652 -34806.171 1479 1250 -34803.456 -34900.303  0.28%   212 1210s
 86254 65955 -34814.691  115 1348 -34803.456 -34900.297  0.28%   211 1215s
 86597 66266 -34804.080  309 1316 -34803.456 -34900.292  0.28%   211 1220s
 86921 66564 -34872.423  112 1381 -34803.456 -34900.290  0.28%   211 1225s
 87242 66885 -34821.087  250 1369 -34803.456 -34900.290  0.28%   212 1230s
 87590 67205 -34850.426  401 1345 -34803.456 -34900.290  0.28%   212 1235s
 87806 67391 -34833.776  496 1337 -34803.456 -34900.290  0.28%   213 1240s
 88121 67644 -34813.626  634 1321 -34803.456 -34900.290  0.28%   213 1245s
 88528 67963 -34810.548  797 1320 -34803.456 -34900.290  0.28%   213 1250s
 88896 68183 -34809.505   99 1379 -34803.456 -34900.290  0.28%   213 1255s
 89208 68449 -34814.820   92 1380 -34803.456 -34900.266  0.28%   213 1260s
 89630 68797 -34821.295  178 1286 -34803.456 -34900.259  0.28%   213 1265s
 90018 69041 -34804.819  140 1351 -34803.456 -34900.256  0.28%   213 1270s
 90440 69415 -34868.041  142 1362 -34803.456 -34900.227  0.28%   212 1275s
 90751 69726 -34852.048  277 1353 -34803.456 -34900.227  0.28%   213 1280s
 91095 70036 -34836.801  427 1343 -34803.456 -34900.227  0.28%   213 1285s
 91359 70258 -34833.244  548 1330 -34803.456 -34900.227  0.28%   214 1290s
 91650 70479 -34833.873  677 1324 -34803.456 -34900.227  0.28%   214 1295s
 92026 70749 -34818.983  818 1301 -34803.456 -34900.227  0.28%   214 1300s
 92380 70901 infeasible  951      -34803.456 -34900.227  0.28%   214 1305s
 92777 71196 -34813.338  190 1255 -34803.456 -34900.219  0.28%   214 1310s
 93130 71435     cutoff  226      -34803.456 -34900.217  0.28%   214 1315s
 93587 71892 -34856.555  272 1347 -34803.456 -34900.198  0.28%   213 1320s
 93902 72179 -34857.967  430 1348 -34803.456 -34900.198  0.28%   213 1325s
 94215 72444 -34833.168  586 1321 -34803.456 -34900.198  0.28%   214 1330s
 94540 72693 -34832.389  749 1306 -34803.456 -34900.198  0.28%   214 1335s
 94884 72931 -34821.701  921 1287 -34803.456 -34900.198  0.28%   214 1340s
 95368 73365 -34814.295 1163 1271 -34803.456 -34900.198  0.28%   213 1345s
 95786 73669 -34806.802 1372 1263 -34803.456 -34900.198  0.28%   212 1350s
 96166 73893 -34899.032   46 1434 -34803.456 -34900.182  0.28%   212 1355s
 96581 74156 -34805.318  123 1389 -34803.456 -34900.182  0.28%   212 1360s
 97009 74450 -34849.690  192 1258 -34803.456 -34900.158  0.28%   212 1365s
 97295 74682 -34804.496  236 1272 -34803.456 -34900.135  0.28%   212 1370s
 97696 75071 -34863.626  222 1357 -34803.456 -34900.135  0.28%   212 1375s
 97996 75355 -34851.889  348 1344 -34803.456 -34900.135  0.28%   212 1380s
 98311 75626 -34851.740  491 1338 -34803.456 -34900.135  0.28%   212 1385s
 98660 75913 -34826.710  642 1326 -34803.456 -34900.135  0.28%   213 1390s
 99020 76195 -34815.855  770 1303 -34803.456 -34900.135  0.28%   213 1395s
 99427 76448 -34806.497  914 1318 -34803.456 -34900.135  0.28%   212 1400s
 99706 76633 -34891.705   58 1422 -34803.456 -34900.116  0.28%   212 1405s
 100071 76888     cutoff  234      -34803.456 -34900.108  0.28%   212 1410s
 100528 77257 -34806.444  166 1314 -34803.456 -34900.098  0.28%   212 1415s
 100850 77515 -34813.340   88 1395 -34803.456 -34900.085  0.28%   212 1420s
 101335 77782 -34887.742   86 1384 -34803.456 -34900.059  0.28%   211 1425s
 101725 78172 -34847.241  274 1350 -34803.456 -34900.059  0.28%   211 1430s
 102051 78474 -34845.588  412 1347 -34803.456 -34900.059  0.28%   211 1435s
 102309 78694 -34824.993  525 1333 -34803.456 -34900.059  0.28%   212 1440s
 102649 78980 -34815.707  667 1316 -34803.456 -34900.059  0.28%   212 1445s
 102975 79212 -34824.521  806 1298 -34803.456 -34900.059  0.28%   212 1450s
 103362 79461 -34812.662  952 1315 -34803.456 -34900.059  0.28%   212 1455s
 103589 79560 -34805.262 1028 1321 -34803.456 -34900.059  0.28%   212 1460s
 103903 79830 -34811.897  110 1358 -34803.456 -34900.059  0.28%   212 1465s
 104271 80100 -34804.308  226 1296 -34803.456 -34900.040  0.28%   212 1470s
 104601 80368 -34804.484  176 1344 -34803.456 -34900.033  0.28%   212 1475s
 105006 80763 -34819.140  436 1370 -34803.456 -34900.033  0.28%   212 1480s
 105391 81064 -34814.064  194 1279 -34803.456 -34900.023  0.28%   212 1485s
 105747 81288 -34897.827   44 1438 -34803.456 -34899.999  0.28%   212 1490s
 106205 81722 -34851.729  187 1352 -34803.456 -34899.992  0.28%   212 1495s
 106485 82000 -34865.876  310 1345 -34803.456 -34899.992  0.28%   212 1500s
 106763 82246 -34857.676  426 1342 -34803.456 -34899.992  0.28%   213 1505s
 107059 82502 -34834.404  560 1326 -34803.456 -34899.992  0.28%   213 1510s
 107362 82743 -34834.759  690 1316 -34803.456 -34899.992  0.28%   214 1515s
 107737 83006 -34816.850  840 1286 -34803.456 -34899.992  0.28%   213 1520s
 108125 83172     cutoff  990      -34803.456 -34899.992  0.28%   213 1525s
 108429 83416     cutoff  178      -34803.456 -34899.973  0.28%   213 1530s
 108732 83669 -34816.330  103 1355 -34803.456 -34899.965  0.28%   213 1535s
 109048 83905 -34817.144   81 1399 -34803.456 -34899.950  0.28%   213 1540s
 109404 84135 -34809.741  176 1278 -34803.456 -34899.948  0.28%   213 1545s
 109795 84438 -34864.010  189 1359 -34803.456 -34899.928  0.28%   213 1550s
 110116 84753 -34847.928  350 1355 -34803.456 -34899.928  0.28%   213 1555s
 110420 85013 -34821.092  502 1331 -34803.456 -34899.928  0.28%   214 1560s
 110670 85213 -34842.053  627 1315 -34803.456 -34899.928  0.28%   214 1565s
 111064 85521 -34826.081  824 1293 -34803.456 -34899.928  0.28%   214 1570s
 111344 85695     cutoff  964      -34803.456 -34899.928  0.28%   215 1575s
 111683 85912 -34808.867 1133 1265 -34803.456 -34899.928  0.28%   214 1580s
 112126 86211 -34803.657 1355 1289 -34803.456 -34899.928  0.28%   214 1585s
 112528 86573 -34866.069  131 1359 -34803.456 -34899.926  0.28%   214 1590s
 112882 86923 -34844.075  299 1352 -34803.456 -34899.926  0.28%   214 1595s
 113225 87234 -34815.000  437 1349 -34803.456 -34899.926  0.28%   214 1600s
 113525 87474 -34843.840  575 1331 -34803.456 -34899.926  0.28%   214 1605s
 113842 87721 -34809.728  703 1306 -34803.456 -34899.926  0.28%   214 1610s
 114115 87898 -34824.491  829 1303 -34803.456 -34899.926  0.28%   215 1615s
 114499 88146 -34811.093  977 1306 -34803.456 -34899.926  0.28%   214 1620s
 114793 88236 -34804.655 1071 1298 -34803.456 -34899.926  0.28%   214 1625s
 115162 88515 -34815.313  106 1356 -34803.456 -34899.911  0.28%   214 1630s
 115524 88805 -34890.573   61 1421 -34803.456 -34899.891  0.28%   214 1635s
 115948 89117 -34815.960  265 1225 -34803.456 -34899.886  0.28%   214 1640s
 116321 89370 -34804.533  177 1323 -34803.456 -34899.872  0.28%   214 1645s
 116690 89687 -34857.076  116 1392 -34803.456 -34899.863  0.28%   214 1650s
 117019 90016 -34869.123  261 1344 -34803.456 -34899.863  0.28%   214 1655s
 117382 90335 -34852.525  422 1332 -34803.456 -34899.863  0.28%   214 1660s
 117637 90550 -34842.938  529 1324 -34803.456 -34899.863  0.28%   215 1665s
 117890 90739 -34816.476  642 1314 -34803.456 -34899.863  0.28%   215 1670s
 118242 90965 -34816.257  792 1312 -34803.456 -34899.863  0.28%   215 1675s
 118634 91193 -34809.985  116 1355 -34803.456 -34899.863  0.28%   215 1680s
 119002 91513 -34812.906  211 1247 -34803.456 -34899.860  0.28%   215 1685s
 119402 91787 -34807.483  140 1323 -34803.456 -34899.844  0.28%   215 1690s
 119782 92155 -34828.149  216 1351 -34803.456 -34899.842  0.28%   214 1695s
 120121 92482 -34842.763  386 1346 -34803.456 -34899.842  0.28%   215 1700s
 120419 92730 -34847.108  535 1337 -34803.456 -34899.842  0.28%   215 1705s
 120760 92991 -34832.920  705 1311 -34803.456 -34899.842  0.28%   215 1710s
 121082 93211 -34810.540  866 1284 -34803.456 -34899.842  0.28%   215 1715s
 121578 93575 -34806.172 1114 1276 -34803.456 -34899.842  0.28%   215 1720s
 121682 93657 -34810.979 1166 1275 -34803.456 -34899.842  0.28%   214 1725s
 122007 93872 -34804.787 1329 1278 -34803.456 -34899.842  0.28%   214 1730s
 122309 94082 -34815.169   81 1403 -34803.456 -34899.836  0.28%   214 1735s
 122679 94332 infeasible  233      -34803.456 -34899.829  0.28%   214 1740s
 123145 94724 -34872.918  122 1368 -34803.456 -34899.819  0.28%   214 1745s
 123475 95054 -34844.699  279 1363 -34803.456 -34899.819  0.28%   214 1750s
 123770 95317 -34859.958  395 1343 -34803.456 -34899.819  0.28%   214 1755s
 124106 95609 -34826.200  552 1323 -34803.456 -34899.819  0.28%   214 1760s
 124428 95867 -34834.556  694 1313 -34803.456 -34899.819  0.28%   214 1765s
 124786 96137 -34822.233  829 1308 -34803.456 -34899.819  0.28%   214 1770s
 125190 96337 -34808.259  977 1298 -34803.456 -34899.819  0.28%   214 1775s
 125547 96558 -34804.436  157 1337 -34803.456 -34899.808  0.28%   214 1780s
 125901 96864 -34850.068  222 1373 -34803.456 -34899.803  0.28%   214 1785s
 126320 97227 -34806.777   85 1389 -34803.456 -34899.789  0.28%   214 1790s
 126699 97512 -34804.552  197 1316 -34803.456 -34899.786  0.28%   214 1795s
 127053 97816 -34883.651  126 1362 -34803.456 -34899.785  0.28%   214 1800s
 127437 98196 -34860.852  308 1355 -34803.456 -34899.785  0.28%   214 1805s
 127687 98422 -34846.982  409 1342 -34803.456 -34899.785  0.28%   214 1810s
 128024 98711 -34845.907  555 1323 -34803.456 -34899.785  0.28%   214 1815s
 128361 98974 -34823.650  701 1305 -34803.456 -34899.785  0.28%   215 1820s
 128656 99167 -34822.393  827 1295 -34803.456 -34899.785  0.28%   215 1825s
 129064 99447 -34812.273  984 1300 -34803.456 -34899.785  0.28%   214 1830s
 129472 99637 -34805.619 1117 1298 -34803.456 -34899.785  0.28%   214 1835s
 129806 99903 -34810.507  162 1302 -34803.456 -34899.777  0.28%   214 1840s
 130202 100257 -34813.380  187 1366 -34803.456 -34899.775  0.28%   214 1845s
 130496 100539 -34841.035  334 1343 -34803.456 -34899.775  0.28%   214 1850s
 130774 100775 -34828.053  473 1331 -34803.456 -34899.775  0.28%   214 1855s
 131141 101088 -34832.569  657 1308 -34803.456 -34899.775  0.28%   214 1860s
 131430 101279 -34811.948  801 1279 -34803.456 -34899.775  0.28%   215 1865s
 131721 101390 -34807.938  947 1248 -34803.456 -34899.775  0.28%   215 1870s
 132133 101582 -34813.379  102 1365 -34803.456 -34899.771  0.28%   214 1875s
 132454 101809 -34804.476  177 1337 -34803.456 -34899.771  0.28%   215 1880s
 132766 102059     cutoff  161      -34803.456 -34899.764  0.28%   215 1885s
 133183 102300 -34804.389  144 1383 -34803.456 -34899.756  0.28%   215 1890s
 133601 102684 -34864.615  160 1358 -34803.456 -34899.749  0.28%   214 1895s
 133967 103034 -34841.469  333 1352 -34803.456 -34899.749  0.28%   214 1900s
 134222 103275 -34854.848  439 1348 -34803.456 -34899.749  0.28%   215 1905s
 134553 103546 -34839.462  574 1326 -34803.456 -34899.749  0.28%   215 1910s
 134809 103748 -34819.157  685 1310 -34803.456 -34899.749  0.28%   216 1915s
 135113 103940     cutoff  815      -34803.456 -34899.749  0.28%   216 1920s
 135511 104190 -34810.859  971 1301 -34803.456 -34899.749  0.28%   216 1925s
 135845 104310 -34805.166 1076 1296 -34803.456 -34899.749  0.28%   215 1930s
 136237 104552 -34805.311  168 1316 -34803.456 -34899.743  0.28%   215 1935s
 136617 104836 -34809.103  158 1311 -34803.456 -34899.722  0.28%   215 1940s
 136921 105022 -34895.641   50 1440 -34803.456 -34899.721  0.28%   215 1945s
 137331 105362 -34876.297   96 1366 -34803.456 -34899.709  0.28%   215 1950s
 137688 105719 -34833.710  268 1352 -34803.456 -34899.709  0.28%   215 1955s
 137980 105987 -34859.660  391 1344 -34803.456 -34899.709  0.28%   215 1960s
 138271 106232 -34849.502  522 1332 -34803.456 -34899.709  0.28%   215 1965s
 138609 106514 -34838.334  660 1317 -34803.456 -34899.709  0.28%   216 1970s
 138953 106750 -34826.041  808 1314 -34803.456 -34899.709  0.28%   216 1975s
 139319 106976 -34811.424  949 1308 -34803.456 -34899.709  0.28%   215 1980s
 139596 107117 -34815.960  120 1342 -34803.456 -34899.699  0.28%   215 1985s
 139941 107402 -34803.888  156 1371 -34803.456 -34899.696  0.28%   215 1990s
 140363 107700 -34806.204  149 1327 -34803.456 -34899.647  0.28%   215 1995s
 140704 107987     cutoff  140      -34803.456 -34899.637  0.28%   215 2000s
 141074 108347 -34816.694  205 1361 -34803.456 -34899.637  0.28%   215 2005s
 141394 108653 -34864.156  330 1352 -34803.456 -34899.637  0.28%   215 2010s
 141621 108846 -34853.648  436 1340 -34803.456 -34899.637  0.28%   216 2015s
 141905 109086 -34843.546  558 1334 -34803.456 -34899.637  0.28%   216 2020s
 142176 109291     cutoff  677      -34803.456 -34899.637  0.28%   217 2025s
 142574 109575 -34816.639  823 1317 -34803.456 -34899.637  0.28%   216 2030s
 142949 109788 -34807.901  107 1396 -34803.456 -34899.626  0.28%   216 2035s
 143348 110099 -34814.164  182 1269 -34803.456 -34899.621  0.28%   216 2040s
 143695 110354 -34813.415   98 1373 -34803.456 -34899.615  0.28%   216 2045s
 144210 110857 -34825.285  279 1345 -34803.456 -34899.614  0.28%   216 2050s
 144512 111127 -34851.908  430 1349 -34803.456 -34899.614  0.28%   216 2055s
 144770 111343 -34846.621  559 1333 -34803.456 -34899.614  0.28%   216 2060s
 145085 111588 -34832.825  717 1307 -34803.456 -34899.614  0.28%   216 2065s
 145447 111840 -34816.969  898 1275 -34803.456 -34899.614  0.28%   216 2070s
 145760 112017     cutoff 1054      -34803.456 -34899.614  0.28%   216 2075s
 146214 112321 -34807.010 1281 1261 -34803.456 -34899.614  0.28%   216 2080s
 146559 112566 -34807.864  123 1338 -34803.456 -34899.608  0.28%   216 2085s
 146904 112897 -34880.085  186 1356 -34803.456 -34899.607  0.28%   216 2090s
 147215 113200 -34858.415  310 1344 -34803.456 -34899.607  0.28%   216 2095s
 147545 113476 -34833.325  461 1334 -34803.456 -34899.607  0.28%   216 2100s
 147833 113726 -34839.978  579 1321 -34803.456 -34899.607  0.28%   216 2105s
 148213 114008 -34815.718  746 1306 -34803.456 -34899.607  0.28%   216 2110s
 148572 114257 -34808.526  871 1298 -34803.456 -34899.607  0.28%   216 2115s
 148928 114475 -34809.027  121 1351 -34803.456 -34899.599  0.28%   216 2120s
 149332 114729 -34806.463  150 1320 -34803.456 -34899.596  0.28%   216 2125s
 149648 114979 -34809.541  119 1353 -34803.456 -34899.591  0.28%   216 2130s
 150060 115295 -34807.816  106 1374 -34803.456 -34899.585  0.28%   216 2135s
 150380 115539 -34808.290  135 1337 -34803.456 -34899.576  0.28%   216 2140s
 150718 115857 -34859.693  165 1360 -34803.456 -34899.576  0.28%   216 2145s
 150976 116115 -34851.191  275 1360 -34803.456 -34899.576  0.28%   216 2150s
 151285 116392 -34840.229  408 1337 -34803.456 -34899.576  0.28%   216 2155s
 151589 116640 -34844.384  541 1327 -34803.456 -34899.576  0.28%   216 2160s
 151893 116870 -34833.460  675 1313 -34803.456 -34899.576  0.28%   216 2165s
 152233 117110 -34820.198  809 1310 -34803.456 -34899.576  0.28%   216 2170s
 152622 117315 -34813.851   88 1386 -34803.456 -34899.573  0.28%   216 2175s
 153063 117636 -34806.412  295 1237 -34803.456 -34899.568  0.28%   216 2180s
 153366 117855 -34818.302   73 1416 -34803.456 -34899.562  0.28%   216 2185s
 153689 118114 -34806.339  138 1341 -34803.456 -34899.560  0.28%   216 2190s
 154021 118402 -34803.875  195 1338 -34803.456 -34899.553  0.28%   216 2195s
 154467 118836 -34873.382  248 1356 -34803.456 -34899.548  0.28%   216 2200s
 154697 119052 -34809.911  344 1357 -34803.456 -34899.548  0.28%   216 2205s
 155014 119333 -34851.988  480 1341 -34803.456 -34899.548  0.28%   216 2210s
 155310 119579 -34841.540  608 1328 -34803.456 -34899.548  0.28%   217 2215s
 155535 119750 -34834.037  707 1315 -34803.456 -34899.548  0.28%   217 2220s
 155892 119999 -34819.088  860 1309 -34803.456 -34899.548  0.28%   217 2225s
 156241 120200 -34810.344  975 1313 -34803.456 -34899.548  0.28%   217 2230s
 156521 120334 -34898.057   49 1434 -34803.456 -34899.539  0.28%   217 2235s
 156814 120569 -34891.474   55 1434 -34803.456 -34899.538  0.28%   217 2240s
 157161 120862 -34804.202  197 1318 -34803.456 -34899.536  0.28%   217 2245s
 157586 121145 -34812.965  133 1377 -34803.456 -34899.531  0.28%   217 2250s
 158017 121404 -34809.106  117 1359 -34803.456 -34899.520  0.28%   216 2255s
 158467 121836 -34856.420  213 1355 -34803.456 -34899.517  0.28%   216 2260s
 158733 122090 -34840.641  329 1359 -34803.456 -34899.517  0.28%   216 2265s
 159061 122384 -34839.549  468 1340 -34803.456 -34899.517  0.28%   216 2270s
 159329 122608 -34812.470  583 1329 -34803.456 -34899.517  0.28%   217 2275s
 159620 122827 -34832.969  705 1327 -34803.456 -34899.517  0.28%   217 2280s
 159973 123086 -34820.378  836 1307 -34803.456 -34899.517  0.28%   217 2285s
 160324 123257 -34807.540  969 1316 -34803.456 -34899.517  0.28%   217 2290s
 160585 123432 -34807.306  127 1337 -34803.456 -34899.500  0.28%   217 2295s
 161002 123839 -34814.515  425 1359 -34803.456 -34899.498  0.28%   217 2300s
 161367 124122 -34806.043  153 1323 -34803.456 -34899.491  0.28%   217 2305s
 161685 124370 -34816.190  119 1351 -34803.456 -34899.489  0.28%   217 2310s
 162169 124816 -34875.598  201 1357 -34803.456 -34899.480  0.28%   216 2315s
 162466 125107 -34814.658  327 1354 -34803.456 -34899.480  0.28%   217 2320s
 162717 125334 -34858.601  436 1341 -34803.456 -34899.480  0.28%   217 2325s
 163044 125617 -34827.034  580 1328 -34803.456 -34899.480  0.28%   217 2330s
 163377 125876 -34833.539  729 1319 -34803.456 -34899.480  0.28%   217 2335s
 163747 126174 -34820.454  857 1312 -34803.456 -34899.480  0.28%   217 2340s
 164111 126360 -34807.132  993 1307 -34803.456 -34899.480  0.28%   217 2345s
 164473 126602 infeasible  100      -34803.456 -34899.463  0.28%   217 2350s
 164869 126918 -34806.215  120 1370 -34803.456 -34899.455  0.28%   216 2355s
 165212 127201 -34885.360  108 1354 -34803.456 -34899.453  0.28%   216 2360s
 165588 127577 -34868.738  296 1356 -34803.456 -34899.453  0.28%   216 2365s
 165879 127840 -34840.716  442 1347 -34803.456 -34899.453  0.28%   217 2370s
 166241 128128 -34825.274  623 1319 -34803.456 -34899.453  0.28%   217 2375s
 166552 128367 -34809.495  778 1302 -34803.456 -34899.453  0.28%   217 2380s
 166994 128675 -34816.824  999 1280 -34803.456 -34899.453  0.28%   216 2385s
 167451 129044 -34806.685 1228 1265 -34803.456 -34899.453  0.28%   216 2390s
 167817 129266 -34895.985   55 1426 -34803.456 -34899.451  0.28%   215 2395s
 168233 129682 -34807.645  246 1359 -34803.456 -34899.451  0.28%   215 2400s
 168496 129929 -34863.812  363 1350 -34803.456 -34899.451  0.28%   216 2405s
 168778 130179 -34851.512  487 1335 -34803.456 -34899.451  0.28%   216 2410s
 169034 130393 -34842.388  595 1325 -34803.456 -34899.451  0.28%   216 2415s
 169358 130629     cutoff  740      -34803.456 -34899.451  0.28%   216 2420s
 169730 130897 -34813.205  888 1279 -34803.456 -34899.451  0.28%   216 2425s
 170036 131029 -34806.401 1000 1306 -34803.456 -34899.451  0.28%   216 2430s
 170420 131317 -34819.561   71 1418 -34803.456 -34899.448  0.28%   216 2435s
 170786 131567 -34892.800   54 1438 -34803.456 -34899.445  0.28%   216 2440s
 171173 131872 -34812.868  104 1363 -34803.456 -34899.429  0.28%   216 2445s
 171487 132098 -34889.887   62 1420 -34803.456 -34899.428  0.28%   216 2450s
 171903 132514 -34872.782  247 1339 -34803.456 -34899.428  0.28%   216 2455s
 172144 132739 -34851.272  367 1341 -34803.456 -34899.428  0.28%   216 2460s
 172484 133039 -34850.859  510 1348 -34803.456 -34899.428  0.28%   216 2465s
 172829 133320 -34838.840  667 1322 -34803.456 -34899.428  0.28%   216 2470s
 173099 133522 -34832.605  786 1311 -34803.456 -34899.428  0.28%   216 2475s
 173346 133691 -34818.890  888 1301 -34803.456 -34899.428  0.28%   217 2480s
 173618 133855 -34813.935 1012 1292 -34803.456 -34899.428  0.28%   217 2485s
 173913 134070 -34813.026 1114 1295 -34803.456 -34899.428  0.28%   217 2490s
 174386 134405 infeasible 1246      -34803.456 -34899.428  0.28%   216 2495s
 174646 134611 -34806.430 1295 1269 -34803.456 -34899.428  0.28%   216 2500s
 175005 134834 -34884.075   53 1425 -34803.456 -34899.426  0.28%   216 2505s
 175350 135097 -34848.571   95 1374 -34803.456 -34899.411  0.28%   216 2510s
 175689 135350 -34805.676  195 1301 -34803.456 -34899.410  0.28%   216 2515s
 176107 135706 -34844.009  172 1353 -34803.456 -34899.404  0.28%   216 2520s
 176392 135989 -34851.405  314 1351 -34803.456 -34899.404  0.28%   216 2525s
 176618 136191 -34852.515  427 1336 -34803.456 -34899.404  0.28%   216 2530s
 176944 136471 -34827.173  590 1323 -34803.456 -34899.404  0.28%   216 2535s
 177300 136739 -34828.383  768 1304 -34803.456 -34899.404  0.28%   216 2540s
 177608 136937 -34804.722  922 1298 -34803.456 -34899.404  0.28%   216 2545s
 178070 137317 -34811.335 1153 1266 -34803.456 -34899.404  0.28%   216 2550s
 178469 137568 -34804.237 1353 1295 -34803.456 -34899.404  0.28%   216 2555s
 178863 137834 -34893.340   56 1436 -34803.456 -34899.401  0.28%   215 2560s
 179271 138242 -34816.131  230 1307 -34803.456 -34899.401  0.28%   215 2565s
 179477 138438 -34842.294  331 1334 -34803.456 -34899.401  0.28%   216 2570s
 179747 138676 -34810.936  462 1316 -34803.456 -34899.401  0.28%   216 2575s
 180070 138959 -34826.352  598 1342 -34803.456 -34899.401  0.28%   216 2580s
 180386 139205 -34835.276  742 1311 -34803.456 -34899.401  0.28%   216 2585s
 180623 139388 -34804.103  845 1303 -34803.456 -34899.401  0.28%   217 2590s
 180876 139539 -34818.957  955 1269 -34803.456 -34899.401  0.28%   217 2595s
 181163 139724 -34816.048 1078 1283 -34803.456 -34899.401  0.28%   217 2600s
 181609 140038 -34811.173 1216 1277 -34803.456 -34899.401  0.28%   217 2605s
 182062 140351 -34807.274 1344 1263 -34803.456 -34899.401  0.28%   216 2610s
 182423 140522 -34898.222   48 1430 -34803.456 -34899.400  0.28%   216 2615s
 182797 140846 -34834.452  256 1377 -34803.456 -34899.400  0.28%   216 2620s
 183167 141174 -34829.563   81 1391 -34803.456 -34899.397  0.28%   216 2625s
 183522 141439 -34830.011   95 1370 -34803.456 -34899.395  0.28%   216 2630s
 183868 141693 -34804.169  179 1334 -34803.456 -34899.395  0.28%   216 2635s
 184302 142067 -34880.733  117 1347 -34803.456 -34899.392  0.28%   216 2640s
 184705 142460 -34852.761  304 1334 -34803.456 -34899.392  0.28%   215 2645s
 184958 142679 -34854.191  428 1350 -34803.456 -34899.392  0.28%   216 2650s
 185242 142927 -34807.104  540 1323 -34803.456 -34899.392  0.28%   216 2655s
 185512 143145 -34813.807  663 1318 -34803.456 -34899.392  0.28%   216 2660s
 185790 143345 -34828.210  788 1299 -34803.456 -34899.392  0.28%   217 2665s
 186088 143513 -34820.346  918 1285 -34803.456 -34899.392  0.28%   217 2670s
 186374 143675     cutoff 1044      -34803.456 -34899.392  0.28%   217 2675s
 186737 143934 -34807.810 1154 1288 -34803.456 -34899.392  0.28%   216 2680s
 187093 144136 infeasible 1254      -34803.456 -34899.392  0.28%   216 2685s
 187455 144410 -34804.900  165 1339 -34803.456 -34899.390  0.28%   216 2690s
 187827 144768 -34849.360  222 1365 -34803.456 -34899.385  0.28%   216 2695s
 188127 145052 -34849.693  372 1349 -34803.456 -34899.385  0.28%   216 2700s
 188398 145283 -34833.764  507 1334 -34803.456 -34899.385  0.28%   217 2705s
 188678 145495 -34805.635  647 1322 -34803.456 -34899.385  0.28%   217 2710s
 188992 145705     cutoff  804      -34803.456 -34899.385  0.28%   217 2715s
 189272 145849 -34813.599  944 1278 -34803.456 -34899.385  0.28%   217 2720s
 189650 146035 -34815.590   85 1388 -34803.456 -34899.384  0.28%   217 2725s
 190095 146308 -34804.075  151 1372 -34803.456 -34899.381  0.28%   217 2730s
 190433 146540 -34878.672   71 1409 -34803.456 -34899.371  0.28%   216 2735s
 190863 146952 -34840.438  186 1342 -34803.456 -34899.371  0.28%   216 2740s
 191165 147246 -34813.555  323 1339 -34803.456 -34899.371  0.28%   216 2745s
 191427 147476 -34856.248  436 1346 -34803.456 -34899.371  0.28%   217 2750s
 191739 147738 -34837.490  571 1324 -34803.456 -34899.371  0.28%   217 2755s
 192024 147957     cutoff  695      -34803.456 -34899.371  0.28%   217 2760s
 192254 148115 -34826.761  796 1301 -34803.456 -34899.371  0.28%   217 2765s
 192582 148313 -34812.812  936 1296 -34803.456 -34899.371  0.28%   217 2770s
 192953 148502 -34806.390 1065 1304 -34803.456 -34899.371  0.28%   217 2775s
 193313 148738 infeasible  129      -34803.456 -34899.366  0.28%   217 2780s
 193642 148973 -34813.365   89 1400 -34803.456 -34899.358  0.28%   217 2785s
 193981 149246 -34804.112  154 1374 -34803.456 -34899.356  0.28%   217 2790s
 194388 149519 -34810.242  142 1330 -34803.456 -34899.349  0.28%   217 2795s
 194831 149864 -34857.415  176 1337 -34803.456 -34899.348  0.28%   217 2800s
 195215 150240 -34856.533  353 1348 -34803.456 -34899.348  0.28%   217 2805s
 195465 150468 -34824.171  451 1343 -34803.456 -34899.348  0.28%   217 2810s
 195821 150762 -34837.365  613 1314 -34803.456 -34899.348  0.28%   217 2815s
 196149 151018 -34832.217  748 1312 -34803.456 -34899.348  0.28%   217 2820s
 196361 151144 -34817.801  844 1302 -34803.456 -34899.348  0.28%   218 2825s
 196717 151406 -34813.560  976 1307 -34803.456 -34899.348  0.28%   217 2830s
 197067 151566 infeasible 1099      -34803.456 -34899.348  0.28%   217 2835s
 197453 151868 -34827.685  175 1360 -34803.456 -34899.347  0.28%   217 2840s
 197753 152160 -34850.237  325 1363 -34803.456 -34899.347  0.28%   217 2845s
 198040 152415 -34827.273  469 1343 -34803.456 -34899.347  0.28%   217 2850s
 198390 152695 -34829.469  644 1304 -34803.456 -34899.347  0.28%   217 2855s
 198674 152893 -34823.740  786 1296 -34803.456 -34899.347  0.28%   217 2860s
 199116 153151 -34812.908 1007 1273 -34803.456 -34899.347  0.28%   217 2865s
 199561 153436 -34806.390 1229 1269 -34803.456 -34899.347  0.28%   216 2870s
 199941 153706 -34815.612   84 1400 -34803.456 -34899.345  0.28%   216 2875s
 200364 154023 -34813.194   98 1381 -34803.456 -34899.336  0.28%   216 2880s
 200695 154288 -34863.727   62 1414 -34803.456 -34899.322  0.28%   216 2885s
 201196 154745 -34862.740  163 1358 -34803.456 -34899.319  0.28%   216 2890s
 201470 155019 -34856.039  283 1348 -34803.456 -34899.319  0.28%   216 2895s
 201787 155296 -34841.383  425 1341 -34803.456 -34899.319  0.28%   216 2900s
 202060 155519 -34845.399  549 1329 -34803.456 -34899.319  0.28%   216 2905s
 202374 155777 -34833.904  679 1324 -34803.456 -34899.319  0.28%   217 2910s
 202672 155973 -34823.598  804 1316 -34803.456 -34899.319  0.28%   217 2915s
 203067 156192 -34808.294  964 1309 -34803.456 -34899.319  0.28%   216 2920s
 203394 156445 -34837.566  269 1371 -34803.456 -34899.319  0.28%   216 2925s
 203704 156715 -34805.206  118 1364 -34803.456 -34899.318  0.28%   217 2930s
 204078 157017 -34818.571   74 1412 -34803.456 -34899.316  0.28%   216 2935s
 204423 157314 -34881.243  125 1361 -34803.456 -34899.315  0.28%   216 2940s
 204820 157703 -34827.586  323 1348 -34803.456 -34899.315  0.28%   216 2945s
 205096 157945 -34821.621  461 1345 -34803.456 -34899.315  0.28%   216 2950s
 205388 158181 -34836.654  607 1321 -34803.456 -34899.315  0.28%   217 2955s
 205687 158404 -34816.753  757 1281 -34803.456 -34899.315  0.28%   217 2960s
 206099 158622 -34811.338  963 1277 -34803.456 -34899.315  0.28%   217 2965s
 206482 158823 -34805.174 1154 1274 -34803.456 -34899.315  0.28%   216 2970s
 206890 159121 -34871.373   97 1374 -34803.456 -34899.309  0.28%   216 2975s
 207282 159507 -34853.175  288 1355 -34803.456 -34899.309  0.28%   216 2980s
 207519 159724 -34812.547  391 1355 -34803.456 -34899.309  0.28%   216 2985s
 207843 160000 -34843.021  535 1338 -34803.456 -34899.309  0.28%   216 2990s
 208140 160223 -34832.744  664 1322 -34803.456 -34899.309  0.28%   217 2995s
 208391 160378 -34824.482  776 1302 -34803.456 -34899.309  0.28%   217 3000s
 208758 160571 -34811.281  939 1300 -34803.456 -34899.309  0.28%   217 3005s
 209119 160736 -34804.736  127 1351 -34803.456 -34899.300  0.28%   217 3010s
 209471 161000 -34805.475  114 1373 -34803.456 -34899.286  0.28%   217 3015s
 209886 161321 -34820.650   99 1375 -34803.456 -34899.276  0.28%   217 3020s
 210211 161574 -34815.288   82 1397 -34803.456 -34899.274  0.28%   217 3025s
 210634 161969 -34842.955  189 1346 -34803.456 -34899.273  0.28%   217 3030s
 210931 162266 -34852.271  324 1345 -34803.456 -34899.273  0.28%   217 3035s
 211262 162567 -34857.233  461 1345 -34803.456 -34899.273  0.28%   217 3040s
 211526 162785 -34846.622  584 1331 -34803.456 -34899.273  0.28%   217 3045s
 211873 163058     cutoff  733      -34803.456 -34899.273  0.28%   217 3050s
 212247 163326 -34815.011  888 1303 -34803.456 -34899.273  0.28%   217 3055s
 212586 163565 -34811.494 1006 1308 -34803.456 -34899.273  0.28%   217 3060s
 213013 163752 -34814.745   84 1395 -34803.456 -34899.273  0.28%   216 3065s
 213373 164048 -34804.276  180 1335 -34803.456 -34899.271  0.28%   216 3070s
 213802 164447 -34875.042  212 1345 -34803.456 -34899.268  0.28%   216 3075s
 214089 164720 -34838.282  356 1352 -34803.456 -34899.268  0.28%   216 3080s
 214363 164956 -34830.593  493 1348 -34803.456 -34899.268  0.28%   217 3085s
 214722 165241 -34834.698  672 1320 -34803.456 -34899.268  0.28%   217 3090s
 215125 165504     cutoff  874      -34803.456 -34899.268  0.28%   217 3095s
 215498 165721 -34804.920 1060 1291 -34803.456 -34899.268  0.28%   216 3100s
 215962 166025 -34804.719 1292 1281 -34803.456 -34899.268  0.28%   216 3105s
 216349 166256 -34892.887   59 1436 -34803.456 -34899.265  0.28%   216 3110s
 216697 166568 -34883.520  107 1366 -34803.456 -34899.262  0.28%   216 3115s
 217096 166965 -34854.098  299 1353 -34803.456 -34899.262  0.28%   216 3120s
 217396 167229 -34856.681  430 1348 -34803.456 -34899.262  0.28%   216 3125s
 217754 167519 -34842.634  588 1328 -34803.456 -34899.262  0.28%   216 3130s
 218091 167778 -34808.086  723 1305 -34803.456 -34899.262  0.28%   216 3135s
 218349 167936 -34823.324  839 1288 -34803.456 -34899.262  0.28%   216 3140s
 218739 168194 -34811.528  989 1307 -34803.456 -34899.262  0.28%   216 3145s
 219131 168370 -34806.554  115 1373 -34803.456 -34899.261  0.28%   216 3150s
 219454 168637 -34809.802  106 1376 -34803.456 -34899.252  0.28%   216 3155s
 219835 168886 -34809.142  113 1359 -34803.456 -34899.245  0.28%   216 3160s
 220193 169164 -34805.140  122 1376 -34803.456 -34899.241  0.28%   216 3165s
 220582 169503 -34844.149  137 1361 -34803.456 -34899.240  0.28%   215 3170s
 220920 169837 -34804.080  289 1355 -34803.456 -34899.240  0.28%   215 3175s
 221244 170131 -34841.830  433 1340 -34803.456 -34899.240  0.28%   216 3180s
 221449 170302 -34848.042  530 1332 -34803.456 -34899.240  0.28%   216 3185s
 221728 170531 -34815.183  647 1314 -34803.456 -34899.240  0.28%   216 3190s
 221984 170707 -34826.586  763 1305 -34803.456 -34899.240  0.28%   216 3195s
 222337 170954 -34813.867  901 1311 -34803.456 -34899.240  0.28%   216 3200s
 222658 171055 -34893.371   52 1438 -34803.456 -34899.240  0.28%   216 3205s
 223010 171327 -34896.305   51 1438 -34803.456 -34899.231  0.28%   216 3210s
 223337 171586 -34812.866  109 1365 -34803.456 -34899.225  0.28%   216 3215s
 223758 171889 -34811.375  119 1353 -34803.456 -34899.221  0.28%   216 3220s
 224096 172157 -34804.476  254 1323 -34803.456 -34899.220  0.28%   216 3225s
 224522 172563 -34859.844  208 1316 -34803.456 -34899.220  0.28%   216 3230s
 224798 172829 -34808.207  343 1299 -34803.456 -34899.220  0.28%   216 3235s
 225125 173116 -34845.432  485 1345 -34803.456 -34899.220  0.28%   216 3240s
 225394 173337 -34840.299  600 1320 -34803.456 -34899.220  0.28%   216 3245s
 225691 173554 -34834.212  741 1311 -34803.456 -34899.220  0.28%   217 3250s
 225970 173755 -34825.770  844 1289 -34803.456 -34899.220  0.28%   217 3255s
 226298 173951 -34813.453  992 1283 -34803.456 -34899.220  0.28%   217 3260s
 226644 174215 -34810.131 1124 1294 -34803.456 -34899.220  0.28%   217 3265s
 227108 174517 -34806.014 1251 1285 -34803.456 -34899.220  0.28%   216 3270s
 227477 174764 -34811.629  108 1362 -34803.456 -34899.209  0.28%   216 3275s
 227840 175011 -34817.189   80 1406 -34803.456 -34899.203  0.28%   216 3280s
 228205 175290 -34834.058  126 1331 -34803.456 -34899.201  0.28%   216 3285s
 228488 175515 -34807.072  138 1327 -34803.456 -34899.198  0.28%   216 3290s
 228831 175738 -34804.534  125 1371 -34803.456 -34899.190  0.28%   216 3295s
 229228 176121 -34860.206  215 1357 -34803.456 -34899.186  0.28%   216 3300s
 229462 176347 -34843.484  315 1358 -34803.456 -34899.186  0.28%   216 3305s
 229796 176627     cutoff  458      -34803.456 -34899.186  0.28%   216 3310s
 230110 176895 -34830.194  589 1329 -34803.456 -34899.186  0.28%   216 3315s
 230380 177087 -34828.410  715 1314 -34803.456 -34899.186  0.28%   217 3320s
 230806 177399     cutoff  873      -34803.456 -34899.186  0.28%   216 3325s
 231138 177581     cutoff  202      -34803.456 -34899.185  0.28%   216 3330s
 231537 177862 -34809.980  131 1341 -34803.456 -34899.178  0.28%   216 3335s
 231878 178137 -34814.553   85 1398 -34803.456 -34899.168  0.28%   216 3340s
 232262 178439 -34892.276   59 1420 -34803.456 -34899.161  0.27%   216 3345s
 232556 178697 -34811.080  141 1312 -34803.456 -34899.160  0.27%   216 3350s
 233037 179086 -34809.200  189 1332 -34803.456 -34899.159  0.27%   216 3355s
 233352 179373 -34830.805  334 1351 -34803.456 -34899.159  0.27%   216 3360s
 233685 179666 -34837.721  471 1346 -34803.456 -34899.159  0.27%   216 3365s
 233996 179907 -34830.909  608 1326 -34803.456 -34899.159  0.27%   216 3370s
 234303 180086     cutoff  738      -34803.456 -34899.159  0.27%   216 3375s
 234499 180158 -34815.081  825 1300 -34803.456 -34899.159  0.27%   217 3380s
 234844 180297 -34897.108   52 1440 -34803.456 -34899.158  0.27%   217 3385s
 235102 180523 -34811.505  139 1312 -34803.456 -34899.153  0.27%   217 3390s
 235447 180802 -34808.243  226 1254 -34803.456 -34899.149  0.27%   217 3395s
 235814 181079 -34806.904  181 1294 -34803.456 -34899.148  0.27%   217 3400s
 236219 181432 -34835.447  203 1359 -34803.456 -34899.148  0.27%   217 3405s
 236451 181650 -34804.535  319 1355 -34803.456 -34899.148  0.27%   217 3410s
 236750 181911 -34842.255  468 1336 -34803.456 -34899.148  0.27%   217 3415s
 237079 182168 -34833.550  633 1314 -34803.456 -34899.148  0.27%   217 3420s
 237287 182318 -34825.468  737 1294 -34803.456 -34899.148  0.27%   217 3431s
 237476 182421 -34809.089  831 1281 -34803.456 -34899.148  0.27%   217 3435s
 237749 182510 -34808.966  968 1265 -34803.456 -34899.148  0.27%   218 3440s
 238082 182683 -34804.426  202 1307 -34803.456 -34899.148  0.27%   217 3445s
 238436 183025 -34822.645  383 1361 -34803.456 -34899.143  0.27%   218 3450s
 238883 183446 -34845.650  202 1368 -34803.456 -34899.140  0.27%   217 3455s
 239194 183719 -34854.110  338 1355 -34803.456 -34899.140  0.27%   217 3460s
 239484 183963 -34842.713  461 1339 -34803.456 -34899.140  0.27%   217 3465s
 239761 184176 -34831.375  584 1327 -34803.456 -34899.140  0.27%   218 3470s
 240053 184336 -34821.181  709 1314 -34803.456 -34899.140  0.27%   218 3475s
 240312 184449 infeasible  824      -34803.456 -34899.140  0.27%   218 3480s
 240689 184708 -34829.987   90 1403 -34803.456 -34899.139  0.27%   218 3485s
 241058 184975 -34804.385   86 1394 -34803.456 -34899.136  0.27%   218 3490s
 241461 185222 -34806.291  277 1304 -34803.456 -34899.134  0.27%   218 3495s
 241890 185505 -34886.559   81 1388 -34803.456 -34899.129  0.27%   218 3500s
 242271 185886 -34816.172  261 1359 -34803.456 -34899.129  0.27%   218 3505s
 242529 186118 -34822.959  375 1358 -34803.456 -34899.129  0.27%   218 3510s
 242791 186352 -34832.436  486 1336 -34803.456 -34899.129  0.27%   218 3515s
 243098 186595 -34832.652  614 1322 -34803.456 -34899.129  0.27%   218 3520s
 243371 186780 -34829.001  735 1309 -34803.456 -34899.129  0.27%   218 3525s
 243671 186966 -34817.655  859 1308 -34803.456 -34899.129  0.27%   218 3530s
 244060 187127 infeasible  998      -34803.456 -34899.129  0.27%   218 3535s
 244332 187329     cutoff  178      -34803.456 -34899.128  0.27%   218 3540s
 244643 187542 -34878.067   95 1380 -34803.456 -34899.124  0.27%   218 3545s
 245093 187978 -34857.238  239 1352 -34803.456 -34899.124  0.27%   218 3550s
 245331 188210 -34859.037  358 1354 -34803.456 -34899.124  0.27%   218 3555s
 245611 188460 -34832.171  498 1340 -34803.456 -34899.124  0.27%   218 3560s
 245882 188675 -34808.080  634 1315 -34803.456 -34899.124  0.27%   219 3565s
 246247 188940 -34826.732  816 1296 -34803.456 -34899.124  0.27%   219 3570s
 246489 189074 -34816.412  937 1261 -34803.456 -34899.124  0.27%   219 3575s
 246894 189361 -34806.102 1140 1255 -34803.456 -34899.124  0.27%   219 3580s
 247316 189631 -34815.015   84 1398 -34803.456 -34899.120  0.27%   219 3585s
 247769 189850 -34811.701  108 1354 -34803.456 -34899.114  0.27%   219 3590s
 248198 190069 -34890.783   65 1417 -34803.456 -34899.107  0.27%   218 3595s

Cutting planes:
  RLT: 314

Explored 248575 nodes (54291347 simplex iterations) in 3600.00 seconds (3923.57 work units)
Thread count was 1 (of 56 available processors)

Solution count 8: -34803.5 -34803.5 -34803.5 ... -30149.5

Time limit reached
Best objective -3.480345554679e+04, best bound -3.489910743117e+04, gap 0.2748%

User-callback calls 1089513, time in user-callback 1.05 sec
primal_bound = -34803.45554678943, dual_bound = 0.0, gap = 100.0, time = 3600.31
