2023/11/29
gurobi is now 11.0.0
previous version was 10.0.3
solving instance knapsack 500 10 cubic
Set parameter TokenServer to value "licences.gerad.lan"
Set parameter MIPGap to value 1e-06
Set parameter FuncPieceError to value 1e-06
Set parameter Threads to value 1
Set parameter FuncPieces to value -2
Set parameter TimeLimit to value 3600
Gurobi Optimizer version 12.0.0 build v12.0.0rc1 (linux64 - "AlmaLinux 9.6 (Sage Margay)")

CPU model: Intel(R) Xeon(R) Gold 6258R CPU @ 2.70GHz, instruction set [SSE2|AVX|AVX2|AVX512]
Thread count: 56 physical cores, 56 logical processors, using up to 1 threads

Non-default parameters:
TimeLimit  3600
MIPGap  1e-06
Threads  1
FuncPieces  -2
FuncPieceError  1e-06

Optimize a model with 1501 rows, 2000 columns and 3500 nonzeros
Model fingerprint: 0x6d9c7700
Model has 500 function constraints treated as nonlinear
  500 POLY
Variable types: 1500 continuous, 500 integer (500 binary)
Coefficient statistics:
  Matrix range     [2e-02, 1e+02]
  Objective range  [1e+00, 1e+00]
  Bounds range     [1e+02, 1e+10]
  RHS range        [1e+02, 1e+06]
Warning: Model contains large bounds
         Consider reformulating model or setting NumericFocus parameter
         to avoid numerical issues.
Found heuristic solution: objective 0.0000000
Presolve removed 1500 rows and 1000 columns
Presolve time: 0.01s
Presolved: 4001 rows, 1001 columns, 8500 nonzeros
Presolved model has 500 nonlinear constraint(s)

Solving non-convex MINLP

Found heuristic solution: objective -4591.482186
Variable types: 1001 continuous, 0 integer (0 binary)
Found heuristic solution: objective -15195.90503

Root relaxation: objective -1.667760e+04, 954 iterations, 0.01 seconds (0.01 work units)

    Nodes    |    Current Node    |     Objective Bounds      |     Work
 Expl Unexpl |  Obj  Depth IntInf | Incumbent    BestBd   Gap | It/Node Time

     0     0 -16677.598    0   33 -15195.905 -16677.598  9.75%     -    0s
H    0     0                    -16673.50229 -16677.598  0.02%     -    0s
     0     0 -16677.598    0   33 -16673.502 -16677.598  0.02%     -    0s
H    0     0                    -16675.90580 -16677.598  0.01%     -    0s
     0     2 -16677.598    0   33 -16675.906 -16677.598  0.01%     -    0s
H   88    88                    -16676.12269 -16677.598  0.01%  19.6    0s
*  439   383             226    -16677.38379 -16677.598  0.00%  10.6    2s
*  440   368             226    -16677.38379 -16677.598  0.00%  10.6    2s
   555   427 -16677.385  140    0 -16677.384 -16677.598  0.00%  13.1    5s
H  558   409                    -16677.39531 -16677.598  0.00%  14.1    5s
  1175   766 -16677.515   66   34 -16677.395 -16677.598  0.00%  10.5   10s
  2250  1526 -16677.491   72   31 -16677.395 -16677.598  0.00%   7.3   15s
H 2762  1702                    -16677.41637 -16677.598  0.00%   6.5   17s
  3280  2102 -16677.521   65   33 -16677.416 -16677.598  0.00%   6.2   20s
  4439  2917 -16677.598   54   34 -16677.416 -16677.598  0.00%   5.8   25s
  5619  3713 -16677.500   69   33 -16677.416 -16677.598  0.00%   5.5   30s
  6779  4485 -16677.597   56   34 -16677.416 -16677.598  0.00%   5.1   35s
H 6807  4409                    -16677.41989 -16677.598  0.00%   5.1   35s
  7855  5153 -16677.499   51   24 -16677.420 -16677.598  0.00%   5.0   40s
H 8869  5821                    -16677.41990 -16677.598  0.00%   4.8   44s
  9018  5922 -16677.543   62   32 -16677.420 -16677.598  0.00%   4.8   45s
 10167  6771 -16677.470   75   34 -16677.420 -16677.598  0.00%   4.7   50s
 11289  7523 -16677.420   83   30 -16677.420 -16677.598  0.00%   4.6   55s
 12456  8270     cutoff   78      -16677.420 -16677.598  0.00%   4.5   60s
 13575  8933 -16677.556   59   31 -16677.420 -16677.598  0.00%   4.4   65s
 14732  9720 -16677.464   64   20 -16677.420 -16677.598  0.00%   4.4   70s
 15972 10564 -16677.578   56   28 -16677.420 -16677.598  0.00%   4.3   75s
 17195 11365 -16677.593   54   33 -16677.420 -16677.598  0.00%   4.3   80s
 18384 12182 -16677.420   81   17 -16677.420 -16677.598  0.00%   4.3   85s
 19479 13015     cutoff   73      -16677.420 -16677.598  0.00%   4.2   90s
 20653 13801 -16677.446   69   20 -16677.420 -16677.598  0.00%   4.2   95s
 21794 14582 -16677.421   77   29 -16677.420 -16677.598  0.00%   4.2  100s
 22874 15284 -16677.423   71   30 -16677.420 -16677.598  0.00%   4.1  105s
 23922 15996 -16677.439   75   28 -16677.420 -16677.598  0.00%   4.1  110s
 24975 16735 -16677.534   56   29 -16677.420 -16677.598  0.00%   4.1  115s
 26008 17386 -16677.546   54   20 -16677.420 -16677.598  0.00%   4.1  120s
 27078 18076 -16677.421   69   27 -16677.420 -16677.598  0.00%   4.1  125s
 28082 18734 -16677.482   65   20 -16677.420 -16677.598  0.00%   4.1  130s
 29145 19409 -16677.567   54   21 -16677.420 -16677.598  0.00%   4.1  135s
 30148 20092 -16677.421   77   28 -16677.420 -16677.598  0.00%   4.1  140s
 31202 20834 -16677.458   69   31 -16677.420 -16677.598  0.00%   4.1  145s
 32200 21488 -16677.420  108   21 -16677.420 -16677.598  0.00%   4.0  150s
 33263 22157 -16677.525   61   30 -16677.420 -16677.598  0.00%   4.0  155s
 34297 22827 -16677.440   87   31 -16677.420 -16677.598  0.00%   4.0  160s
 35368 23500 -16677.422   73   26 -16677.420 -16677.598  0.00%   4.0  165s
 36414 24144 -16677.478   58   21 -16677.420 -16677.598  0.00%   4.1  170s
 37452 24800 -16677.422   72   16 -16677.420 -16677.598  0.00%   4.1  175s
 38465 25451 -16677.427   90   31 -16677.420 -16677.598  0.00%   4.1  180s
 39540 26106 -16677.431   67   16 -16677.420 -16677.598  0.00%   4.1  185s
 40544 26834 -16677.426   78   27 -16677.420 -16677.598  0.00%   4.0  190s
 41579 27505 -16677.470   73   34 -16677.420 -16677.598  0.00%   4.0  195s
 42551 28163 -16677.585   54   33 -16677.420 -16677.598  0.00%   4.0  200s
 43609 28885 -16677.507   72   33 -16677.420 -16677.598  0.00%   4.0  205s
 44635 29615 -16677.460   72   32 -16677.420 -16677.598  0.00%   4.0  210s
 45700 30288 -16677.524   59   17 -16677.420 -16677.598  0.00%   4.0  215s
 46762 30932     cutoff   72      -16677.420 -16677.598  0.00%   4.0  220s
 47831 31595 -16677.426   63   21 -16677.420 -16677.598  0.00%   4.0  225s
 48859 32235 -16677.439   66   21 -16677.420 -16677.598  0.00%   4.0  230s
 49950 32910 -16677.526   66   34 -16677.420 -16677.598  0.00%   4.0  235s
 50894 33628     cutoff   90      -16677.420 -16677.598  0.00%   4.0  240s
 51957 34293 -16677.546   53   22 -16677.420 -16677.598  0.00%   4.0  245s
 52992 34958 -16677.445   68   22 -16677.420 -16677.598  0.00%   4.0  250s
 54058 35586 -16677.433   73   19 -16677.420 -16677.598  0.00%   4.0  255s
 55112 36250 -16677.503   74   31 -16677.420 -16677.598  0.00%   4.0  260s
H55790 36708                    -16677.41990 -16677.598  0.00%   4.0  263s
 56082 36914 -16677.425   87   23 -16677.420 -16677.598  0.00%   4.0  265s
 57090 37582 -16677.426   79   28 -16677.420 -16677.598  0.00%   4.0  270s
 58175 38251 -16677.577   62   34 -16677.420 -16677.598  0.00%   4.0  275s
 59225 38933 -16677.538   54   30 -16677.420 -16677.598  0.00%   4.0  280s
 60352 39704 -16677.446   58   19 -16677.420 -16677.598  0.00%   3.9  285s
 61383 40459 -16677.463   65   29 -16677.420 -16677.598  0.00%   3.9  290s
 62492 41144 -16677.481   62   21 -16677.420 -16677.598  0.00%   3.9  295s
 63606 41884 -16677.421   87   32 -16677.420 -16677.598  0.00%   3.9  300s
 64719 42635 -16677.445   79   29 -16677.420 -16677.598  0.00%   3.9  305s
 65840 43306 -16677.446   71   25 -16677.420 -16677.598  0.00%   3.9  310s
 66956 44066 -16677.509   52   17 -16677.420 -16677.598  0.00%   3.9  315s
 68062 44780 -16677.546   58   20 -16677.420 -16677.598  0.00%   3.9  320s
 69112 45426 -16677.447   67   28 -16677.420 -16677.598  0.00%   3.9  325s
 70168 46080 -16677.420   82   29 -16677.420 -16677.598  0.00%   3.9  330s
 71234 46778 -16677.512   62   30 -16677.420 -16677.598  0.00%   3.9  335s
 72204 47478 -16677.431   68   18 -16677.420 -16677.598  0.00%   3.9  340s
 73272 48144     cutoff   95      -16677.420 -16677.598  0.00%   3.9  345s
 74327 48761 -16677.451   79   29 -16677.420 -16677.598  0.00%   3.9  350s
 75380 49488 -16677.440   76   30 -16677.420 -16677.598  0.00%   3.9  355s
 76462 50136 -16677.429   66   19 -16677.420 -16677.598  0.00%   3.9  360s
 77474 50816 -16677.513   54   20 -16677.420 -16677.598  0.00%   3.9  365s
 78527 51483 -16677.489   66   29 -16677.420 -16677.598  0.00%   3.9  370s
 79598 52100 -16677.580   56   20 -16677.420 -16677.598  0.00%   3.9  375s
 80611 52799 -16677.561   58   21 -16677.420 -16677.598  0.00%   3.9  380s
 81655 53485 -16677.494   66   30 -16677.420 -16677.598  0.00%   3.9  385s
 82622 54154 -16677.536   62   31 -16677.420 -16677.598  0.00%   3.9  390s
 83632 54870     cutoff   89      -16677.420 -16677.598  0.00%   3.9  395s
 84745 55543 -16677.456   74   32 -16677.420 -16677.598  0.00%   3.9  400s
 85807 56221 -16677.529   62   31 -16677.420 -16677.598  0.00%   3.9  405s
 86882 56890 -16677.520   55   20 -16677.420 -16677.598  0.00%   3.9  410s
 87933 57541 -16677.455   63   18 -16677.420 -16677.598  0.00%   3.9  415s
 88956 58212 -16677.541   58   18 -16677.420 -16677.598  0.00%   3.9  420s
 90022 58942 -16677.422   73   15 -16677.420 -16677.598  0.00%   3.9  425s
 91176 59694 -16677.437   76   23 -16677.420 -16677.598  0.00%   3.9  430s
 92235 60417 -16677.541   60   30 -16677.420 -16677.598  0.00%   3.9  435s
 93347 61165     cutoff   64      -16677.420 -16677.598  0.00%   3.9  440s
 94490 61916 -16677.484   72   32 -16677.420 -16677.598  0.00%   3.9  445s
 95580 62650     cutoff   80      -16677.420 -16677.598  0.00%   3.9  450s
 96712 63390 -16677.527   54   29 -16677.420 -16677.598  0.00%   3.9  455s
 97818 64070 -16677.579   59   32 -16677.420 -16677.598  0.00%   3.9  460s
 98927 64739 -16677.513   63   30 -16677.420 -16677.598  0.00%   3.8  465s
 99981 65439 -16677.485   67   31 -16677.420 -16677.598  0.00%   3.8  470s
 101023 66125 -16677.555   56   21 -16677.420 -16677.597  0.00%   3.8  475s
 102078 66788 -16677.568   58   30 -16677.420 -16677.597  0.00%   3.8  480s
 103138 67484 -16677.433   79   31 -16677.420 -16677.597  0.00%   3.8  485s
 104200 68200 -16677.439   80   33 -16677.420 -16677.597  0.00%   3.8  490s
 105264 68824 -16677.454   61   20 -16677.420 -16677.597  0.00%   3.8  495s
 106343 69501 -16677.473   71   27 -16677.420 -16677.597  0.00%   3.8  500s
 107418 70208 -16677.427   75   27 -16677.420 -16677.596  0.00%   3.8  505s
 108520 70898 -16677.481   71   30 -16677.420 -16677.596  0.00%   3.8  510s
 109600 71558 -16677.549   60   32 -16677.420 -16677.596  0.00%   3.8  515s
 110644 72236 -16677.441   84   31 -16677.420 -16677.596  0.00%   3.8  520s
 111663 72959 -16677.438   87   32 -16677.420 -16677.596  0.00%   3.8  525s
 112661 73609 -16677.436   64   16 -16677.420 -16677.595  0.00%   3.8  530s
 113692 74272 -16677.455   67   27 -16677.420 -16677.595  0.00%   3.8  535s
 114709 74897 -16677.522   53   20 -16677.420 -16677.595  0.00%   3.8  540s
 115766 75586 -16677.503   61   29 -16677.420 -16677.595  0.00%   3.8  545s
 116821 76279     cutoff   82      -16677.420 -16677.595  0.00%   3.8  550s
 117875 77003 -16677.424   78   25 -16677.420 -16677.595  0.00%   3.8  555s
 118913 77685 -16677.457   63   19 -16677.420 -16677.594  0.00%   3.8  560s
 119953 78341 -16677.566   60   34 -16677.420 -16677.594  0.00%   3.8  565s
 120996 79044 -16677.525   57   19 -16677.420 -16677.594  0.00%   3.8  570s
 121981 79745 -16677.420   75   18 -16677.420 -16677.594  0.00%   3.8  575s
 123045 80361 -16677.536   63   32 -16677.420 -16677.594  0.00%   3.8  580s
 124095 81047 -16677.496   68   30 -16677.420 -16677.593  0.00%   3.8  585s
 125165 81739 -16677.566   60   32 -16677.420 -16677.593  0.00%   3.8  590s
 126236 82414 -16677.457   75   30 -16677.420 -16677.593  0.00%   3.8  595s
 127335 83121 -16677.431   86   31 -16677.420 -16677.593  0.00%   3.8  600s
 128386 83770 -16677.428   73   26 -16677.420 -16677.593  0.00%   3.8  605s
 129494 84446 -16677.483   74   31 -16677.420 -16677.592  0.00%   3.8  610s
 130527 85115 -16677.444   80   31 -16677.420 -16677.592  0.00%   3.8  615s
 131582 85736 -16677.457   76   28 -16677.420 -16677.592  0.00%   3.8  620s
 132628 86448 -16677.505   62   30 -16677.420 -16677.592  0.00%   3.8  625s
 133770 87218 -16677.422   78   30 -16677.420 -16677.592  0.00%   3.8  630s
 134934 87928 -16677.441   74   30 -16677.420 -16677.592  0.00%   3.8  635s
 136081 88663 -16677.443   76   30 -16677.420 -16677.592  0.00%   3.8  640s
 137180 89424 -16677.422   78   25 -16677.420 -16677.591  0.00%   3.8  645s
 138308 90116 -16677.430   80   29 -16677.420 -16677.591  0.00%   3.8  650s
 139392 90778 -16677.442   75   29 -16677.420 -16677.591  0.00%   3.8  655s
 140487 91487 -16677.513   60   29 -16677.420 -16677.591  0.00%   3.8  660s
 141559 92159 -16677.550   54   33 -16677.420 -16677.591  0.00%   3.8  665s
 142586 92882 -16677.474   74   29 -16677.420 -16677.591  0.00%   3.8  670s
 143661 93567 -16677.507   61   30 -16677.420 -16677.590  0.00%   3.8  675s
 144723 94255 -16677.438   64   18 -16677.420 -16677.590  0.00%   3.8  680s
 145767 94929 -16677.463   76   30 -16677.420 -16677.590  0.00%   3.8  685s
 146823 95651 -16677.479   63   20 -16677.420 -16677.590  0.00%   3.8  690s
 147887 96345 -16677.489   61   20 -16677.420 -16677.590  0.00%   3.8  695s
 148918 96978 -16677.448   66   21 -16677.420 -16677.590  0.00%   3.8  700s
 150007 97647 -16677.472   73   29 -16677.420 -16677.589  0.00%   3.8  705s
 151057 98313 -16677.446   75   17 -16677.420 -16677.589  0.00%   3.8  710s
 152129 98977 -16677.505   65   31 -16677.420 -16677.589  0.00%   3.8  715s
 153163 99659 -16677.463   72   26 -16677.420 -16677.589  0.00%   3.8  720s
 154166 100266 -16677.567   54   32 -16677.420 -16677.589  0.00%   3.8  725s
 155232 100940 -16677.420   85   30 -16677.420 -16677.589  0.00%   3.8  730s
 156295 101575 -16677.535   63   32 -16677.420 -16677.589  0.00%   3.8  735s
 157371 102255 -16677.424   83   26 -16677.420 -16677.588  0.00%   3.7  740s
 158408 102878 -16677.542   59   30 -16677.420 -16677.588  0.00%   3.7  745s
 159456 103540 -16677.442   75   27 -16677.420 -16677.588  0.00%   3.7  750s
 160498 104188 -16677.492   57   25 -16677.420 -16677.588  0.00%   3.7  755s
 161544 104830 -16677.485   65   30 -16677.420 -16677.588  0.00%   3.7  760s
 162578 105490 -16677.505   63   30 -16677.420 -16677.588  0.00%   3.7  765s
 163625 106167 -16677.434   72   27 -16677.420 -16677.588  0.00%   3.7  770s
 164681 106785     cutoff   76      -16677.420 -16677.587  0.00%   3.7  775s
 165709 107445 -16677.476   55   18 -16677.420 -16677.587  0.00%   3.7  780s
 166767 108135 -16677.498   69   32 -16677.420 -16677.587  0.00%   3.7  785s
 167838 108782     cutoff   77      -16677.420 -16677.587  0.00%   3.7  790s
 168877 109475 -16677.556   51   29 -16677.420 -16677.587  0.00%   3.7  795s
 169942 110174 -16677.557   56   30 -16677.420 -16677.587  0.00%   3.7  800s
 170960 110854 -16677.485   63   20 -16677.420 -16677.587  0.00%   3.7  805s
 172027 111521 -16677.559   55   32 -16677.420 -16677.586  0.00%   3.7  810s
 173091 112147 -16677.426   84   22 -16677.420 -16677.586  0.00%   3.7  815s
 174122 112768 -16677.571   58   22 -16677.420 -16677.586  0.00%   3.7  820s
 175145 113387 -16677.476   69   29 -16677.420 -16677.586  0.00%   3.7  825s
 176195 114085 -16677.425   71   23 -16677.420 -16677.586  0.00%   3.7  830s
 177224 114746 -16677.508   65   32 -16677.420 -16677.586  0.00%   3.7  835s
 178248 115446 -16677.451   77   29 -16677.420 -16677.586  0.00%   3.7  840s
 179263 116071 -16677.468   65   31 -16677.420 -16677.585  0.00%   3.7  845s
 180289 116703 -16677.421   77   27 -16677.420 -16677.585  0.00%   3.7  850s
 181361 117337 -16677.481   54   19 -16677.420 -16677.585  0.00%   3.7  855s
 182407 117969 -16677.440   73   26 -16677.420 -16677.585  0.00%   3.7  860s
 183464 118608 -16677.421   83   27 -16677.420 -16677.585  0.00%   3.7  865s
 184507 119239 -16677.439   77   26 -16677.420 -16677.585  0.00%   3.7  870s
 185561 119901 -16677.553   59   32 -16677.420 -16677.584  0.00%   3.7  875s
 186587 120577 -16677.460   63   19 -16677.420 -16677.584  0.00%   3.7  880s
 187672 121230 -16677.420   59   18 -16677.420 -16677.584  0.00%   3.7  885s
 188745 121867 -16677.560   54   30 -16677.420 -16677.584  0.00%   3.7  890s
 189725 122549 -16677.528   59   31 -16677.420 -16677.584  0.00%   3.7  895s
 190742 123196 -16677.522   57   27 -16677.420 -16677.584  0.00%   3.7  900s
 191805 123863 -16677.496   66   31 -16677.420 -16677.584  0.00%   3.7  905s
 192852 124524     cutoff   68      -16677.420 -16677.583  0.00%   3.7  910s
 193875 125171 -16677.539   60   31 -16677.420 -16677.583  0.00%   3.7  915s
 194903 125783 -16677.447   73   28 -16677.420 -16677.583  0.00%   3.7  920s
 195950 126444 -16677.534   62   31 -16677.420 -16677.583  0.00%   3.7  925s
 196973 127055     cutoff   66      -16677.420 -16677.583  0.00%   3.7  930s
 198019 127683 -16677.420   60   18 -16677.420 -16677.583  0.00%   3.7  935s
 199045 128321 -16677.457   72   28 -16677.420 -16677.583  0.00%   3.7  940s
 200116 128960 -16677.539   58   23 -16677.420 -16677.582  0.00%   3.7  945s
 201164 129596 -16677.528   59   31 -16677.420 -16677.582  0.00%   3.7  950s
 202231 130241 -16677.512   59   21 -16677.420 -16677.582  0.00%   3.7  955s
 203272 130884     cutoff   80      -16677.420 -16677.582  0.00%   3.7  960s
 204304 131546 -16677.484   62   19 -16677.420 -16677.582  0.00%   3.7  965s
 205329 132225 -16677.426   79   29 -16677.420 -16677.582  0.00%   3.7  970s
 206385 132845 -16677.458   66   19 -16677.420 -16677.582  0.00%   3.7  975s
 207422 133466 -16677.529   61   32 -16677.420 -16677.582  0.00%   3.7  980s
 208403 134149 -16677.466   67   33 -16677.420 -16677.582  0.00%   3.7  985s
 209423 134777 -16677.445   78   31 -16677.420 -16677.581  0.00%   3.7  990s
 210464 135402     cutoff   63      -16677.420 -16677.581  0.00%   3.7  995s
 211523 136089 -16677.450   76   31 -16677.420 -16677.581  0.00%   3.7 1000s
 212624 136732 -16677.509   62   30 -16677.420 -16677.581  0.00%   3.7 1005s
 213675 137399     cutoff   74      -16677.420 -16677.581  0.00%   3.7 1010s
 214744 138042 -16677.422   76   18 -16677.420 -16677.581  0.00%   3.7 1015s
 215790 138704 -16677.434   68   27 -16677.420 -16677.581  0.00%   3.7 1020s
 216845 139361 -16677.448   73   31 -16677.420 -16677.581  0.00%   3.7 1025s
 217836 140058 -16677.430   74   26 -16677.420 -16677.581  0.00%   3.7 1030s
 218866 140654 -16677.503   71   33 -16677.420 -16677.580  0.00%   3.7 1035s
 219917 141343 -16677.488   65   30 -16677.420 -16677.580  0.00%   3.7 1040s
 220962 141968 -16677.451   62   18 -16677.420 -16677.580  0.00%   3.7 1045s
 221985 142605 -16677.482   63   28 -16677.420 -16677.580  0.00%   3.7 1050s
 223032 143266 -16677.486   62   27 -16677.420 -16677.580  0.00%   3.7 1055s
 224111 143959 -16677.421   76   28 -16677.420 -16677.580  0.00%   3.7 1060s
 225164 144636 -16677.420   75   16 -16677.420 -16677.580  0.00%   3.7 1065s
 226222 145280 -16677.505   59   28 -16677.420 -16677.580  0.00%   3.7 1070s
H226651 145585                    -16677.41990 -16677.580  0.00%   3.7 1072s
 227224 145962     cutoff   76      -16677.420 -16677.580  0.00%   3.7 1075s
 228289 146621 -16677.544   56   32 -16677.420 -16677.579  0.00%   3.7 1080s
 229372 147310 -16677.450   75   28 -16677.420 -16677.579  0.00%   3.7 1085s
 230423 147957 -16677.486   65   21 -16677.420 -16677.579  0.00%   3.7 1090s
 231523 148617 -16677.420   77   17 -16677.420 -16677.579  0.00%   3.7 1095s
 232529 149259 -16677.474   69   29 -16677.420 -16677.579  0.00%   3.7 1100s
 233622 149970 -16677.517   63   32 -16677.420 -16677.579  0.00%   3.7 1105s
 234717 150589 -16677.420   80   29 -16677.420 -16677.579  0.00%   3.7 1110s
 235835 151249 -16677.468   72   29 -16677.420 -16677.579  0.00%   3.7 1115s
 236860 151948 -16677.519   64   31 -16677.420 -16677.579  0.00%   3.7 1120s
 237973 152625 -16677.543   60   31 -16677.420 -16677.579  0.00%   3.7 1125s
 239058 153294 -16677.508   59   28 -16677.420 -16677.579  0.00%   3.7 1130s
 240084 153898 -16677.536   60   31 -16677.420 -16677.578  0.00%   3.7 1135s
 241099 154555 -16677.448   67   26 -16677.420 -16677.578  0.00%   3.7 1140s
 242131 155169 -16677.535   59   27 -16677.420 -16677.578  0.00%   3.7 1145s
 243179 155813 -16677.561   56   30 -16677.420 -16677.578  0.00%   3.7 1150s
 244183 156453 -16677.495   70   30 -16677.420 -16677.578  0.00%   3.7 1155s
 245198 157044 -16677.533   63   21 -16677.420 -16677.578  0.00%   3.7 1160s
 246147 157679 -16677.477   63   29 -16677.420 -16677.578  0.00%   3.7 1165s
 247155 158249 -16677.495   68   32 -16677.420 -16677.578  0.00%   3.7 1170s
 248174 158872 -16677.431   60   18 -16677.420 -16677.578  0.00%   3.7 1175s
 249167 159453 -16677.447   73   26 -16677.420 -16677.578  0.00%   3.7 1180s
 250165 160039 -16677.514   57   18 -16677.420 -16677.577  0.00%   3.7 1185s
 251202 160704 -16677.555   60   31 -16677.420 -16677.577  0.00%   3.7 1190s
 252222 161332 -16677.554   59   31 -16677.420 -16677.577  0.00%   3.7 1195s
 253214 161976 -16677.540   64   20 -16677.420 -16677.577  0.00%   3.7 1200s
 254238 162606 -16677.537   61   29 -16677.420 -16677.577  0.00%   3.7 1205s
 255257 163237 -16677.552   60   30 -16677.420 -16677.577  0.00%   3.7 1210s
 256272 163874 -16677.448   81   30 -16677.420 -16677.577  0.00%   3.6 1215s
 257297 164459 -16677.508   65   32 -16677.420 -16677.577  0.00%   3.6 1220s
 258348 165126 -16677.421   75   27 -16677.420 -16677.577  0.00%   3.6 1225s
 259436 165800 -16677.551   55   30 -16677.420 -16677.577  0.00%   3.6 1230s
 260478 166470 -16677.437   77   28 -16677.420 -16677.577  0.00%   3.6 1235s
 261554 167120 -16677.502   60   20 -16677.420 -16677.576  0.00%   3.6 1240s
 262604 167800 -16677.433   84   30 -16677.420 -16677.576  0.00%   3.6 1245s
 263673 168435 -16677.424   73   28 -16677.420 -16677.576  0.00%   3.6 1250s
 264685 169117 -16677.439   77   27 -16677.420 -16677.576  0.00%   3.6 1255s
 265715 169733 -16677.437   76   20 -16677.420 -16677.576  0.00%   3.6 1260s
 266770 170390 -16677.434   74   26 -16677.420 -16677.576  0.00%   3.6 1265s
 267826 171044 -16677.470   71   29 -16677.420 -16677.576  0.00%   3.6 1270s
 268919 171673 -16677.422   64   19 -16677.420 -16677.576  0.00%   3.6 1275s
 269956 172334 -16677.524   57   30 -16677.420 -16677.576  0.00%   3.6 1280s
 270977 172949 -16677.445   61   15 -16677.420 -16677.576  0.00%   3.6 1285s
 272029 173599 -16677.516   64   20 -16677.420 -16677.576  0.00%   3.6 1290s
H272254 173762                    -16677.41990 -16677.576  0.00%   3.6 1291s
 273032 174224 -16677.434   81   30 -16677.420 -16677.576  0.00%   3.6 1295s
 274034 174846 -16677.491   69   31 -16677.420 -16677.575  0.00%   3.6 1300s
 275138 175578 -16677.448   75   29 -16677.420 -16677.575  0.00%   3.6 1305s
 276220 176210 -16677.422   74   25 -16677.420 -16677.575  0.00%   3.6 1310s
 277320 176904 -16677.430   79   20 -16677.420 -16677.575  0.00%   3.6 1315s
 278375 177601 -16677.469   70   28 -16677.420 -16677.575  0.00%   3.6 1320s
 279451 178263 -16677.469   66   28 -16677.420 -16677.575  0.00%   3.6 1325s
 280555 178933 -16677.439   74   27 -16677.420 -16677.575  0.00%   3.6 1330s
 281633 179583 -16677.484   68   32 -16677.420 -16677.575  0.00%   3.6 1335s
 282742 180218 -16677.431   81   33 -16677.420 -16677.575  0.00%   3.6 1340s
 283779 180925 -16677.434   70   23 -16677.420 -16677.575  0.00%   3.6 1345s
 284844 181590 -16677.555   60   31 -16677.420 -16677.575  0.00%   3.6 1350s
 285869 182207 -16677.462   82   33 -16677.420 -16677.574  0.00%   3.6 1355s
 286886 182844 -16677.486   73   30 -16677.420 -16677.574  0.00%   3.6 1360s
 287852 183462 -16677.449   70   29 -16677.420 -16677.574  0.00%   3.6 1365s
 288877 184037 -16677.489   64   29 -16677.420 -16677.574  0.00%   3.6 1370s
 289919 184597 -16677.495   63   29 -16677.420 -16677.574  0.00%   3.6 1375s
 290894 185220 -16677.511   65   31 -16677.420 -16677.574  0.00%   3.6 1380s
 291888 185814 -16677.523   55   19 -16677.420 -16677.574  0.00%   3.6 1385s
 292829 186421 -16677.438   62   20 -16677.420 -16677.574  0.00%   3.6 1390s
 293742 187006 -16677.420   82   27 -16677.420 -16677.574  0.00%   3.6 1395s
 294753 187633 -16677.428   67   19 -16677.420 -16677.574  0.00%   3.6 1400s
 295763 188219 -16677.420   81   26 -16677.420 -16677.574  0.00%   3.6 1405s
 296743 188805 -16677.463   70   26 -16677.420 -16677.574  0.00%   3.6 1410s
 297752 189436 -16677.542   62   32 -16677.420 -16677.574  0.00%   3.6 1415s
 298723 190023     cutoff   76      -16677.420 -16677.574  0.00%   3.6 1420s
 299722 190638 -16677.550   57   27 -16677.420 -16677.574  0.00%   3.6 1425s
 300729 191235 -16677.540   59   31 -16677.420 -16677.573  0.00%   3.6 1430s
 301733 191905 -16677.480   79   32 -16677.420 -16677.573  0.00%   3.6 1435s
 302711 192555 -16677.480   71   28 -16677.420 -16677.573  0.00%   3.6 1440s
 303760 193180 -16677.497   62   29 -16677.420 -16677.573  0.00%   3.6 1445s
 304797 193793 -16677.492   72   32 -16677.420 -16677.573  0.00%   3.6 1450s
 305842 194420 -16677.527   60   17 -16677.420 -16677.573  0.00%   3.6 1455s
 306843 195063 -16677.443   63   27 -16677.420 -16677.573  0.00%   3.6 1460s
 307877 195699 -16677.422   71   25 -16677.420 -16677.573  0.00%   3.6 1465s
H308369 195986                    -16677.41991 -16677.573  0.00%   3.6 1467s
H308395 196006                    -16677.41991 -16677.573  0.00%   3.6 1467s
 308874 196299 -16677.523   60   30 -16677.420 -16677.573  0.00%   3.6 1470s
 309920 196963 -16677.432   79   28 -16677.420 -16677.573  0.00%   3.6 1475s
 311001 197608 -16677.485   64   17 -16677.420 -16677.573  0.00%   3.6 1480s
 312061 198274 -16677.478   61   27 -16677.420 -16677.573  0.00%   3.6 1485s
 313128 198907     cutoff   79      -16677.420 -16677.573  0.00%   3.6 1490s
 314242 199547 -16677.556   62   33 -16677.420 -16677.573  0.00%   3.6 1495s
 315273 200194     cutoff   84      -16677.420 -16677.573  0.00%   3.6 1500s
 316327 200808     cutoff   76      -16677.420 -16677.572  0.00%   3.6 1505s
 317378 201457     cutoff   77      -16677.420 -16677.572  0.00%   3.6 1510s
 318461 202110     cutoff   80      -16677.420 -16677.572  0.00%   3.6 1515s
 319513 202738 -16677.511   63   31 -16677.420 -16677.572  0.00%   3.6 1520s
 320543 203416 -16677.484   66   29 -16677.420 -16677.572  0.00%   3.6 1525s
 321555 204042 -16677.493   68   31 -16677.420 -16677.572  0.00%   3.6 1530s
 322563 204648 -16677.503   71   15 -16677.420 -16677.572  0.00%   3.6 1535s
 323585 205258 -16677.463   78   30 -16677.420 -16677.572  0.00%   3.6 1540s
 324593 205866 -16677.423   82   30 -16677.420 -16677.572  0.00%   3.6 1545s
 325639 206452 -16677.525   63   31 -16677.420 -16677.572  0.00%   3.6 1550s
 326645 207032 -16677.531   55   22 -16677.420 -16677.572  0.00%   3.6 1555s
 327672 207667 -16677.487   71   31 -16677.420 -16677.572  0.00%   3.6 1560s
 328682 208249 -16677.495   67   32 -16677.420 -16677.572  0.00%   3.6 1565s
 329636 208913 -16677.552   59   31 -16677.420 -16677.572  0.00%   3.6 1570s
 330686 209543 -16677.510   66   31 -16677.420 -16677.572  0.00%   3.6 1575s
 331737 210164 -16677.450   73   31 -16677.420 -16677.571  0.00%   3.6 1580s
 332728 210807 -16677.427   67   20 -16677.420 -16677.571  0.00%   3.6 1585s
 333794 211403 -16677.496   62   19 -16677.420 -16677.571  0.00%   3.6 1590s
 334819 212016 -16677.520   64   32 -16677.420 -16677.571  0.00%   3.6 1595s
 335875 212622 -16677.534   58   20 -16677.420 -16677.571  0.00%   3.6 1600s
 336917 213240 -16677.437   63   20 -16677.420 -16677.571  0.00%   3.6 1605s
 337925 213864 -16677.461   69   30 -16677.420 -16677.571  0.00%   3.6 1610s
 338961 214504 -16677.541   62   30 -16677.420 -16677.571  0.00%   3.6 1615s
 340004 215165 -16677.466   59   18 -16677.420 -16677.571  0.00%   3.6 1620s
 341061 215752 -16677.538   55   27 -16677.420 -16677.571  0.00%   3.6 1625s
 342094 216385 -16677.468   63   28 -16677.420 -16677.571  0.00%   3.6 1630s
 343162 217017 -16677.455   74   29 -16677.420 -16677.571  0.00%   3.6 1635s
 344201 217664 -16677.551   53   31 -16677.420 -16677.571  0.00%   3.6 1640s
 345261 218290     cutoff   68      -16677.420 -16677.571  0.00%   3.6 1645s
 346308 218961 -16677.424   65   18 -16677.420 -16677.571  0.00%   3.6 1650s
 347272 219563 -16677.488   66   31 -16677.420 -16677.570  0.00%   3.6 1655s
 348345 220202 -16677.431   71   27 -16677.420 -16677.570  0.00%   3.6 1660s
 349394 220827 -16677.449   71   28 -16677.420 -16677.570  0.00%   3.6 1665s
 350454 221435 -16677.430   67   21 -16677.420 -16677.570  0.00%   3.6 1670s
 351476 222081 -16677.421   70   25 -16677.420 -16677.570  0.00%   3.6 1675s
 352528 222725 -16677.429   76   29 -16677.420 -16677.570  0.00%   3.6 1680s
 353565 223368 -16677.535   62   30 -16677.420 -16677.570  0.00%   3.6 1685s
 354590 224031 -16677.488   64   31 -16677.420 -16677.570  0.00%   3.6 1690s
 355677 224672 -16677.481   61   20 -16677.420 -16677.570  0.00%   3.6 1695s
 356701 225344 -16677.450   61   24 -16677.420 -16677.570  0.00%   3.6 1700s
 357751 226008 -16677.463   73   27 -16677.420 -16677.570  0.00%   3.6 1705s
 358816 226613 -16677.538   57   29 -16677.420 -16677.570  0.00%   3.6 1710s
 359912 227255 -16677.469   70   34 -16677.420 -16677.570  0.00%   3.6 1715s
 360948 227883     cutoff   59      -16677.420 -16677.570  0.00%   3.6 1720s
 362010 228551 -16677.496   70   31 -16677.420 -16677.570  0.00%   3.6 1725s
 363039 229168 -16677.431   91   29 -16677.420 -16677.570  0.00%   3.6 1730s
 364100 229791     cutoff   61      -16677.420 -16677.569  0.00%   3.6 1735s
 365198 230435     cutoff   74      -16677.420 -16677.569  0.00%   3.6 1740s
 366153 231060     cutoff   84      -16677.420 -16677.569  0.00%   3.6 1745s
 367104 231669 -16677.422   78   27 -16677.420 -16677.569  0.00%   3.6 1750s
 368139 232244 -16677.426   75   31 -16677.420 -16677.569  0.00%   3.6 1755s
 369211 232878     cutoff   86      -16677.420 -16677.569  0.00%   3.6 1760s
 370224 233465 -16677.535   60   28 -16677.420 -16677.569  0.00%   3.6 1765s
 371290 234095 -16677.554   60   30 -16677.420 -16677.569  0.00%   3.6 1770s
 372354 234757 -16677.430   78   28 -16677.420 -16677.569  0.00%   3.6 1775s
 373413 235360 -16677.485   64   29 -16677.420 -16677.569  0.00%   3.6 1780s
 374417 236022     cutoff   77      -16677.420 -16677.569  0.00%   3.6 1785s
 375463 236714 -16677.470   69   28 -16677.420 -16677.569  0.00%   3.6 1790s
 376495 237308 -16677.500   61   32 -16677.420 -16677.569  0.00%   3.6 1795s
 377535 237936 -16677.459   71   27 -16677.420 -16677.569  0.00%   3.6 1800s
 378574 238543 -16677.483   70   28 -16677.420 -16677.569  0.00%   3.6 1805s
 379628 239185 -16677.471   72   29 -16677.420 -16677.569  0.00%   3.6 1810s
 380675 239816 -16677.469   72   29 -16677.420 -16677.569  0.00%   3.6 1815s
 381743 240464 -16677.492   62   28 -16677.420 -16677.568  0.00%   3.6 1820s
 382737 241118 -16677.562   56   29 -16677.420 -16677.568  0.00%   3.6 1825s
 383722 241713 -16677.450   69   31 -16677.420 -16677.568  0.00%   3.6 1830s
 384784 242363 -16677.508   55   15 -16677.420 -16677.568  0.00%   3.6 1835s
 385833 242992 -16677.458   69   20 -16677.420 -16677.568  0.00%   3.6 1840s
 386886 243627 -16677.524   56   20 -16677.420 -16677.568  0.00%   3.6 1845s
 387954 244289 -16677.431   78   28 -16677.420 -16677.568  0.00%   3.6 1850s
 388970 244891 -16677.447   66   19 -16677.420 -16677.568  0.00%   3.6 1855s
 390017 245516 -16677.540   54   28 -16677.420 -16677.568  0.00%   3.6 1860s
 391052 246157 -16677.457   68   27 -16677.420 -16677.568  0.00%   3.6 1865s
 392044 246801 -16677.509   65   31 -16677.420 -16677.568  0.00%   3.6 1870s
 393025 247442 -16677.544   57   28 -16677.420 -16677.568  0.00%   3.6 1875s
 394071 248076 -16677.554   57   29 -16677.420 -16677.568  0.00%   3.6 1880s
 395106 248733 -16677.510   60   19 -16677.420 -16677.568  0.00%   3.6 1885s
 396175 249356 -16677.493   70   32 -16677.420 -16677.568  0.00%   3.6 1890s
 397241 249964 -16677.494   60   29 -16677.420 -16677.568  0.00%   3.6 1895s
 398274 250579 -16677.526   58   30 -16677.420 -16677.568  0.00%   3.6 1900s
 399262 251179 -16677.478   67   31 -16677.420 -16677.568  0.00%   3.6 1905s
 400452 251951 -16677.458   75   29 -16677.420 -16677.567  0.00%   3.6 1910s
 401681 252708 -16677.438   78   30 -16677.420 -16677.567  0.00%   3.6 1915s
 402885 253446 -16677.482   62   27 -16677.420 -16677.567  0.00%   3.6 1920s
 404034 254133 -16677.497   63   31 -16677.420 -16677.567  0.00%   3.6 1925s
 405208 254845 -16677.498   67   30 -16677.420 -16677.567  0.00%   3.6 1930s
 406363 255504 -16677.435   73   26 -16677.420 -16677.567  0.00%   3.6 1935s
 407534 256213 -16677.474   61   19 -16677.420 -16677.567  0.00%   3.6 1940s
 408665 256902     cutoff   77      -16677.420 -16677.567  0.00%   3.6 1945s
 409772 257587 -16677.464   61   21 -16677.420 -16677.567  0.00%   3.6 1950s
 410878 258263     cutoff   78      -16677.420 -16677.567  0.00%   3.6 1955s
 412065 258972 -16677.459   73   28 -16677.420 -16677.567  0.00%   3.6 1960s
 413228 259647 -16677.521   57   18 -16677.420 -16677.567  0.00%   3.6 1965s
 414388 260335 -16677.448   66   19 -16677.420 -16677.567  0.00%   3.6 1970s
 415548 261083 -16677.462   74   32 -16677.420 -16677.567  0.00%   3.6 1975s
 416716 261757 -16677.547   60   32 -16677.420 -16677.567  0.00%   3.6 1980s
 417840 262453 -16677.519   60   22 -16677.420 -16677.567  0.00%   3.6 1985s
 418959 263112 -16677.424   82   27 -16677.420 -16677.567  0.00%   3.6 1990s
 420061 263760     cutoff   73      -16677.420 -16677.567  0.00%   3.6 1995s
 421171 264430 -16677.513   64   31 -16677.420 -16677.566  0.00%   3.6 2000s
 422303 265136     cutoff   81      -16677.420 -16677.566  0.00%   3.6 2005s
 423423 265778 -16677.450   70   30 -16677.420 -16677.566  0.00%   3.6 2010s
 424547 266442 -16677.540   59   30 -16677.420 -16677.566  0.00%   3.6 2015s
 425636 267135     cutoff   73      -16677.420 -16677.566  0.00%   3.6 2020s
 426764 267811 -16677.526   55   18 -16677.420 -16677.566  0.00%   3.6 2025s
 427853 268478 -16677.478   68   31 -16677.420 -16677.566  0.00%   3.6 2030s
 428966 269177 -16677.428   73   19 -16677.420 -16677.566  0.00%   3.6 2035s
 430105 269850 -16677.509   66   32 -16677.420 -16677.566  0.00%   3.6 2040s
 431228 270571 -16677.425   68   15 -16677.420 -16677.566  0.00%   3.6 2045s
 432388 271265 -16677.440   73   26 -16677.420 -16677.566  0.00%   3.6 2050s
 433539 271954 -16677.517   61   28 -16677.420 -16677.566  0.00%   3.6 2055s
 434668 272661 -16677.430   75   27 -16677.420 -16677.566  0.00%   3.6 2060s
 435792 273339 -16677.540   56   20 -16677.420 -16677.566  0.00%   3.6 2065s
 436904 273997 -16677.486   60   17 -16677.420 -16677.566  0.00%   3.6 2070s
 438015 274660 -16677.499   68   32 -16677.420 -16677.566  0.00%   3.6 2075s
H438083 274689                    -16677.41991 -16677.566  0.00%   3.6 2075s
 439130 275362 -16677.458   72   28 -16677.420 -16677.566  0.00%   3.6 2080s
 440288 275996     cutoff   77      -16677.420 -16677.566  0.00%   3.6 2085s
 441452 276706 -16677.504   61   29 -16677.420 -16677.566  0.00%   3.6 2090s
 442609 277365 -16677.505   59   28 -16677.420 -16677.565  0.00%   3.6 2095s
 443762 278066 -16677.430   69   16 -16677.420 -16677.565  0.00%   3.6 2100s
 444918 278760 -16677.533   60   30 -16677.420 -16677.565  0.00%   3.6 2105s
 446058 279488 -16677.510   58   17 -16677.420 -16677.565  0.00%   3.6 2110s
 447160 280190 -16677.420   76   30 -16677.420 -16677.565  0.00%   3.6 2115s
 448268 280870 -16677.429   82   28 -16677.420 -16677.565  0.00%   3.6 2120s
 449451 281493 -16677.433   76   27 -16677.420 -16677.565  0.00%   3.6 2125s
 450577 282169 -16677.483   62   28 -16677.420 -16677.565  0.00%   3.6 2130s
 451670 282814 -16677.514   61   30 -16677.420 -16677.565  0.00%   3.6 2135s
 452746 283526 -16677.432   78   29 -16677.420 -16677.565  0.00%   3.6 2140s
 453844 284168 -16677.496   62   28 -16677.420 -16677.565  0.00%   3.6 2145s
 454856 284868 -16677.441   79   27 -16677.420 -16677.565  0.00%   3.6 2150s
 455946 285510 -16677.513   61   29 -16677.420 -16677.565  0.00%   3.6 2155s
 457020 286168 -16677.514   57   18 -16677.420 -16677.565  0.00%   3.6 2160s
 458130 286780     cutoff   77      -16677.420 -16677.565  0.00%   3.6 2165s
 459207 287473 -16677.432   71   27 -16677.420 -16677.565  0.00%   3.6 2170s
 460282 288142 -16677.425   71   25 -16677.420 -16677.565  0.00%   3.6 2175s
 461366 288740 -16677.534   59   30 -16677.420 -16677.565  0.00%   3.6 2180s
 462458 289410 -16677.533   64   31 -16677.420 -16677.565  0.00%   3.6 2185s
 463546 290126 -16677.494   68   30 -16677.420 -16677.565  0.00%   3.6 2190s
 464627 290789 -16677.438   83   31 -16677.420 -16677.565  0.00%   3.6 2195s
 465731 291431 -16677.452   69   28 -16677.420 -16677.565  0.00%   3.6 2200s
 466834 292100     cutoff   81      -16677.420 -16677.564  0.00%   3.6 2205s
 467980 292780 -16677.545   60   30 -16677.420 -16677.564  0.00%   3.6 2210s
 469081 293433 -16677.481   66   29 -16677.420 -16677.564  0.00%   3.6 2215s
 470205 294069 -16677.437   63   17 -16677.420 -16677.564  0.00%   3.6 2220s
 471311 294761 -16677.474   67   28 -16677.420 -16677.564  0.00%   3.6 2225s
 472426 295434 -16677.443   74   29 -16677.420 -16677.564  0.00%   3.6 2230s
 473511 296081 -16677.486   67   30 -16677.420 -16677.564  0.00%   3.6 2235s
 474643 296797 -16677.432   78   29 -16677.420 -16677.564  0.00%   3.6 2240s
 475766 297426 -16677.466   72   29 -16677.420 -16677.564  0.00%   3.6 2245s
 476910 298054 -16677.435   58   21 -16677.420 -16677.564  0.00%   3.6 2250s
 478026 298738 -16677.552   57   20 -16677.420 -16677.564  0.00%   3.6 2255s
 479134 299460 -16677.543   55   28 -16677.420 -16677.564  0.00%   3.6 2260s
 480204 300122 -16677.470   62   20 -16677.420 -16677.564  0.00%   3.6 2265s
 481298 300798 -16677.429   86   33 -16677.420 -16677.564  0.00%   3.6 2270s
 482407 301445 -16677.523   71   16 -16677.420 -16677.564  0.00%   3.6 2275s
 483492 302138 -16677.423   78   27 -16677.420 -16677.564  0.00%   3.6 2280s
 484586 302752 -16677.463   69   29 -16677.420 -16677.564  0.00%   3.6 2285s
 485690 303438 -16677.471   71   26 -16677.420 -16677.564  0.00%   3.6 2290s
 486796 304126 -16677.430   80   31 -16677.420 -16677.564  0.00%   3.6 2295s
 487900 304754 -16677.495   68   31 -16677.420 -16677.563  0.00%   3.6 2300s
 488980 305404 -16677.525   59   29 -16677.420 -16677.563  0.00%   3.5 2305s
 490021 306055     cutoff   59      -16677.420 -16677.563  0.00%   3.5 2310s
 491148 306742 -16677.504   65   31 -16677.420 -16677.563  0.00%   3.5 2315s
 492242 307378 -16677.444   63   18 -16677.420 -16677.563  0.00%   3.5 2320s
 493334 308016 -16677.520   64   32 -16677.420 -16677.563  0.00%   3.5 2325s
 494439 308689 -16677.545   53   20 -16677.420 -16677.563  0.00%   3.5 2330s
 495512 309350 -16677.500   70   33 -16677.420 -16677.563  0.00%   3.5 2335s
 496641 309999 -16677.508   64   29 -16677.420 -16677.563  0.00%   3.5 2340s
 497755 310629 -16677.426   83   31 -16677.420 -16677.563  0.00%   3.5 2345s
 498845 311303 -16677.444   70   23 -16677.420 -16677.563  0.00%   3.5 2350s
 499956 311950 -16677.429   77   27 -16677.420 -16677.563  0.00%   3.5 2355s
/var/spool/slurmd/job2443342/slurm_script : ligne 13 : 1717969 Processus arrêté      julia +1.10 script.jl ${obj} ${k} ${g}
slurmstepd: error: Detected 1 oom-kill event(s) in StepId=2443342.batch. Some of your processes may have been killed by the cgroup out-of-memory handler.
