2023/11/29
gurobi is now 11.0.0
previous version was 10.0.3
solving instance knapsack 500 2 cubic
Set parameter TokenServer to value "licences.gerad.lan"
Set parameter MIPGap to value 1e-06
Set parameter FuncPieceError to value 1e-06
Set parameter Threads to value 1
Set parameter FuncPieces to value -2
Set parameter TimeLimit to value 3600
Gurobi Optimizer version 12.0.0 build v12.0.0rc1 (linux64 - "AlmaLinux 9.6 (Sage Margay)")

CPU model: Intel(R) Xeon(R) Gold 6258R CPU @ 2.70GHz, instruction set [SSE2|AVX|AVX2|AVX512]
Thread count: 56 physical cores, 56 logical processors, using up to 1 threads

Non-default parameters:
TimeLimit  3600
MIPGap  1e-06
Threads  1
FuncPieces  -2
FuncPieceError  1e-06

Optimize a model with 1501 rows, 2000 columns and 3500 nonzeros
Model fingerprint: 0xfae2ad12
Model has 500 function constraints treated as nonlinear
  500 POLY
Variable types: 1500 continuous, 500 integer (500 binary)
Coefficient statistics:
  Matrix range     [3e-04, 1e+02]
  Objective range  [1e+00, 1e+00]
  Bounds range     [1e+02, 1e+10]
  RHS range        [1e+02, 1e+06]
Warning: Model contains large bounds
         Consider reformulating model or setting NumericFocus parameter
         to avoid numerical issues.
Found heuristic solution: objective 0.0000000
Presolve removed 1500 rows and 1000 columns
Presolve time: 0.01s
Presolved: 4001 rows, 1001 columns, 8509 nonzeros
Presolved model has 500 nonlinear constraint(s)

Solving non-convex MINLP

Found heuristic solution: objective -4677.180760
Variable types: 1001 continuous, 0 integer (0 binary)
Found heuristic solution: objective -15346.42067

Root relaxation: objective -1.695678e+04, 982 iterations, 0.01 seconds (0.01 work units)

    Nodes    |    Current Node    |     Objective Bounds      |     Work
 Expl Unexpl |  Obj  Depth IntInf | Incumbent    BestBd   Gap | It/Node Time

     0     0 -16956.781    0   34 -15346.421 -16956.781  10.5%     -    0s
H    0     0                    -16953.71836 -16956.781  0.02%     -    0s
     0     0 -16956.781    0   34 -16953.718 -16956.781  0.02%     -    0s
H    0     0                    -16956.30048 -16956.781  0.00%     -    0s
     0     2 -16956.781    0   34 -16956.300 -16956.781  0.00%     -    0s
H  282   232                    -16956.57150 -16956.781  0.00%  12.2    1s
H  282   232                    -16956.57157 -16956.781  0.00%  12.2    1s
*  440   378             227    -16956.57164 -16956.781  0.00%  11.1    3s
   579   421 -16956.572  205    0 -16956.572 -16956.781  0.00%  15.1    5s
  1089   720 -16956.713   75   34 -16956.572 -16956.781  0.00%  12.4   10s
  2190  1333 -16956.672   50   33 -16956.572 -16956.781  0.00%   8.7   15s
  3442  2207 -16956.693   80   27 -16956.572 -16956.781  0.00%   7.3   20s
* 4119  2151             199    -16956.60765 -16956.781  0.00%   6.7   22s
* 4622  1945             210    -16956.61671 -16956.781  0.00%   6.4   23s
  4938  2155 -16956.712   58   24 -16956.617 -16956.781  0.00%   6.2   25s
H 5422  2201                    -16956.62167 -16956.781  0.00%   6.1   26s
  6174  2821 -16956.623  130   28 -16956.622 -16956.781  0.00%   6.1   30s
  7495  3668 -16956.781   65   31 -16956.622 -16956.781  0.00%   6.1   35s
  8523  4566 -16956.751   52   30 -16956.622 -16956.781  0.00%   5.9   40s
  9661  5356 -16956.753   58   28 -16956.622 -16956.781  0.00%   5.8   45s
 10910  6213 -16956.781   66   33 -16956.622 -16956.781  0.00%   5.6   50s
 11943  7018 -16956.781   60   29 -16956.622 -16956.781  0.00%   5.5   55s
 13202  7775 -16956.697   75   29 -16956.622 -16956.781  0.00%   5.4   60s
 14367  8678 -16956.770   62   25 -16956.622 -16956.781  0.00%   5.3   65s
 15733  9570 -16956.647   82   20 -16956.622 -16956.781  0.00%   5.3   70s
 16869 10414 -16956.682   79   26 -16956.622 -16956.781  0.00%   5.2   75s
 18106 11281 -16956.625   97   27 -16956.622 -16956.781  0.00%   5.1   80s
 19291 12146     cutoff   85      -16956.622 -16956.781  0.00%   5.1   85s
 20445 13054 -16956.648   82   17 -16956.622 -16956.781  0.00%   5.0   90s
 21552 13901 -16956.781   64   31 -16956.622 -16956.781  0.00%   4.9   95s
 22560 14719 -16956.623  142   31 -16956.622 -16956.781  0.00%   4.9  100s
 23605 15458 -16956.781   62   28 -16956.622 -16956.781  0.00%   4.8  105s
 24749 16334 -16956.651   80   23 -16956.622 -16956.781  0.00%   4.8  110s
 25800 17075 -16956.658   59   30 -16956.622 -16956.781  0.00%   4.8  115s
 26886 17863 -16956.781   60   28 -16956.622 -16956.781  0.00%   4.7  120s
 28014 18673 -16956.781   61   29 -16956.622 -16956.781  0.00%   4.7  125s
 29104 19471 -16956.781   56   31 -16956.622 -16956.781  0.00%   4.7  130s
 30065 20224 -16956.781   64   29 -16956.622 -16956.781  0.00%   4.6  135s
 31165 21034 -16956.707   62   29 -16956.622 -16956.781  0.00%   4.6  140s
 32250 21793 -16956.649   78   22 -16956.622 -16956.781  0.00%   4.6  145s
 33395 22626 -16956.694   83   30 -16956.622 -16956.781  0.00%   4.6  150s
 34457 23474 -16956.781   64   30 -16956.622 -16956.781  0.00%   4.5  155s
 35522 24339 -16956.781   58   26 -16956.622 -16956.781  0.00%   4.5  160s
 36649 25162 -16956.722   72   26 -16956.622 -16956.781  0.00%   4.5  165s
 37709 26030 -16956.626  100   22 -16956.622 -16956.781  0.00%   4.5  170s
 38756 26843 -16956.781   62   31 -16956.622 -16956.781  0.00%   4.4  175s
 39866 27647 -16956.669   68   24 -16956.622 -16956.781  0.00%   4.4  180s
 40961 28460 -16956.646   77   19 -16956.622 -16956.781  0.00%   4.4  185s
 42079 29226 -16956.672   78   29 -16956.622 -16956.781  0.00%   4.4  190s
 43150 30073 -16956.637  102   29 -16956.622 -16956.781  0.00%   4.4  195s
 44082 30869 -16956.622  137   29 -16956.622 -16956.781  0.00%   4.4  200s
 45093 31554 -16956.781   68   30 -16956.622 -16956.781  0.00%   4.4  205s
 46246 32301 -16956.773   67   31 -16956.622 -16956.781  0.00%   4.3  210s
 47392 33113 -16956.627   91   28 -16956.622 -16956.781  0.00%   4.3  215s
 48473 33882 -16956.767   57   27 -16956.622 -16956.781  0.00%   4.3  220s
 49526 34677 -16956.646   92   29 -16956.622 -16956.781  0.00%   4.3  225s
 50530 35475 -16956.624   82   24 -16956.622 -16956.781  0.00%   4.3  230s
 51564 36283 -16956.642   85   22 -16956.622 -16956.781  0.00%   4.3  235s
 52708 37117 -16956.634   94   25 -16956.622 -16956.781  0.00%   4.3  240s
 53848 37977 -16956.627  109   30 -16956.622 -16956.781  0.00%   4.2  245s
 55013 38782 -16956.674   66   24 -16956.622 -16956.781  0.00%   4.2  250s
 56110 39629 -16956.632   90   27 -16956.622 -16956.781  0.00%   4.2  255s
 57245 40420 -16956.781   59   27 -16956.622 -16956.781  0.00%   4.2  260s
 58365 41228 -16956.678   82   28 -16956.622 -16956.781  0.00%   4.2  265s
 59419 41996 -16956.781   58   27 -16956.622 -16956.781  0.00%   4.2  270s
 60582 42775 -16956.665   78   24 -16956.622 -16956.781  0.00%   4.2  275s
 61694 43579 -16956.712   72   26 -16956.622 -16956.781  0.00%   4.2  280s
 62789 44374 -16956.710   73   29 -16956.622 -16956.781  0.00%   4.2  285s
 63926 45277 -16956.692   86   33 -16956.622 -16956.781  0.00%   4.2  290s
 64705 46044 -16956.622  148   26 -16956.622 -16956.781  0.00%   4.1  295s
 65726 46791 -16956.663   81   30 -16956.622 -16956.781  0.00%   4.1  300s
 66825 47522 -16956.739   75   30 -16956.622 -16956.781  0.00%   4.1  305s
 67945 48260 -16956.776   68   29 -16956.622 -16956.781  0.00%   4.1  310s
 69132 49015 -16956.639   92   25 -16956.622 -16956.781  0.00%   4.1  315s
 70252 49719 -16956.725   68   29 -16956.622 -16956.781  0.00%   4.1  320s
 71394 50537 -16956.736   74   29 -16956.622 -16956.781  0.00%   4.1  325s
 72517 51306 -16956.646   87   25 -16956.622 -16956.781  0.00%   4.1  330s
 73620 52065 -16956.646   86   24 -16956.622 -16956.781  0.00%   4.1  335s
 74711 52828     cutoff   95      -16956.622 -16956.781  0.00%   4.1  340s
 75852 53607 -16956.719   77   30 -16956.622 -16956.781  0.00%   4.1  345s
 76973 54442 -16956.631   84   27 -16956.622 -16956.781  0.00%   4.1  350s
 78055 55306 -16956.667   85   30 -16956.622 -16956.781  0.00%   4.1  355s
 79031 56068 -16956.648   90   29 -16956.622 -16956.781  0.00%   4.1  360s
 80154 56855 -16956.672   86   31 -16956.622 -16956.781  0.00%   4.1  365s
 81252 57583 -16956.781   64   30 -16956.622 -16956.781  0.00%   4.1  370s
 82390 58383     cutoff   88      -16956.622 -16956.781  0.00%   4.1  375s
 83536 59141 -16956.623   87   26 -16956.622 -16956.781  0.00%   4.0  380s
 84640 59893 -16956.665   67   23 -16956.622 -16956.781  0.00%   4.0  385s
 85702 60673 -16956.781   59   31 -16956.622 -16956.781  0.00%   4.0  390s
 86788 61447 -16956.781   62   31 -16956.622 -16956.781  0.00%   4.0  395s
 87917 62262 -16956.655   84   30 -16956.622 -16956.781  0.00%   4.0  400s
 89016 63023 -16956.624   81   26 -16956.622 -16956.781  0.00%   4.0  405s
 90164 63807 -16956.624   93   24 -16956.622 -16956.781  0.00%   4.0  410s
 91149 64580 -16956.622  146   26 -16956.622 -16956.781  0.00%   4.0  415s
 92214 65313 -16956.625   83   14 -16956.622 -16956.781  0.00%   4.0  420s
 93254 66117 -16956.781   65   29 -16956.622 -16956.781  0.00%   4.0  425s
 94397 66910 -16956.781   61   27 -16956.622 -16956.781  0.00%   4.0  430s
 95509 67714 -16956.648   82   26 -16956.622 -16956.781  0.00%   4.0  435s
 96685 68502 -16956.725   66   29 -16956.622 -16956.781  0.00%   4.0  440s
 97823 69358 -16956.636   90   26 -16956.622 -16956.781  0.00%   4.0  445s
 99005 70132 -16956.723   75   29 -16956.622 -16956.781  0.00%   4.0  450s
 100112 70895 -16956.772   63   28 -16956.622 -16956.781  0.00%   4.0  455s
 101267 71656 -16956.657   82   27 -16956.622 -16956.781  0.00%   4.0  460s
H102335 72436                    -16956.62168 -16956.781  0.00%   4.0  464s
 102401 72478 -16956.644   83   26 -16956.622 -16956.781  0.00%   4.0  465s
 103603 73356 -16956.702   77   29 -16956.622 -16956.781  0.00%   4.0  470s
 104760 74193 -16956.651   88   27 -16956.622 -16956.781  0.00%   4.0  475s
 105962 75031 -16956.646   80   25 -16956.622 -16956.781  0.00%   4.0  480s
 107065 75770 -16956.655   68   27 -16956.622 -16956.781  0.00%   4.0  485s
H107406 75985                    -16956.62168 -16956.781  0.00%   4.0  486s
 108210 76553     cutoff   75      -16956.622 -16956.781  0.00%   3.9  490s
 109357 77376 -16956.660   79   27 -16956.622 -16956.781  0.00%   3.9  495s
 110555 78228 -16956.632   90   27 -16956.622 -16956.781  0.00%   3.9  500s
 111722 79019 -16956.627   86   27 -16956.622 -16956.781  0.00%   3.9  505s
 112906 79835 -16956.648   82   26 -16956.622 -16956.781  0.00%   3.9  510s
 114125 80582 -16956.756   67   28 -16956.622 -16956.781  0.00%   3.9  515s
 115205 81388 -16956.628   85   20 -16956.622 -16956.781  0.00%   3.9  520s
 116318 82109 -16956.781   57   29 -16956.622 -16956.781  0.00%   3.9  525s
 117524 82927 -16956.625   93   22 -16956.622 -16956.781  0.00%   3.9  530s
 118626 83797 -16956.675   78   26 -16956.622 -16956.781  0.00%   3.9  535s
 119754 84631 -16956.693   82   28 -16956.622 -16956.781  0.00%   3.9  540s
 120881 85418 -16956.781   59   28 -16956.622 -16956.781  0.00%   3.9  545s
 121952 86185 -16956.720   77   28 -16956.622 -16956.781  0.00%   3.9  550s
 123024 86947 -16956.676   79   27 -16956.622 -16956.781  0.00%   3.9  555s
 124092 87693 -16956.781   61   30 -16956.622 -16956.781  0.00%   3.9  560s
 125230 88477 -16956.706   64   27 -16956.622 -16956.781  0.00%   3.9  565s
 126344 89279 -16956.623   87   28 -16956.622 -16956.781  0.00%   3.9  570s
 127387 89980 -16956.714   75   29 -16956.622 -16956.781  0.00%   3.9  575s
 128488 90755 -16956.684   70   25 -16956.622 -16956.781  0.00%   3.9  580s
 129602 91483 -16956.781   63   29 -16956.622 -16956.781  0.00%   3.9  585s
 130589 92180 -16956.637   79   27 -16956.622 -16956.781  0.00%   3.9  590s
 131710 92981 -16956.694   76   26 -16956.622 -16956.781  0.00%   3.9  595s
 132763 93748     cutoff   94      -16956.622 -16956.781  0.00%   3.9  600s
 133917 94524 -16956.648   83   29 -16956.622 -16956.781  0.00%   3.9  605s
 135060 95331 -16956.684   75   27 -16956.622 -16956.781  0.00%   3.9  610s
 136203 96102 -16956.705   72   27 -16956.622 -16956.781  0.00%   3.9  615s
 137307 96830 -16956.623   87   26 -16956.622 -16956.781  0.00%   3.9  620s
 138422 97607 -16956.705   64   26 -16956.622 -16956.781  0.00%   3.9  625s
 139517 98370 -16956.715   76   30 -16956.622 -16956.781  0.00%   3.9  630s
 140652 99143 -16956.709   77   29 -16956.622 -16956.781  0.00%   3.9  635s
 141786 99933     cutoff   95      -16956.622 -16956.781  0.00%   3.9  640s
 142913 100734 -16956.623   91   21 -16956.622 -16956.781  0.00%   3.9  645s
 143888 101441 -16956.634   85   23 -16956.622 -16956.781  0.00%   3.9  650s
 144977 102248 -16956.641   80   26 -16956.622 -16956.781  0.00%   3.9  655s
 146104 102955 -16956.649   71   27 -16956.622 -16956.781  0.00%   3.9  660s
 147263 103676 -16956.760   68   29 -16956.622 -16956.781  0.00%   3.9  665s
 148377 104482 -16956.623   83   23 -16956.622 -16956.781  0.00%   3.9  670s
 149527 105222 -16956.781   61   30 -16956.622 -16956.781  0.00%   3.9  675s
 150658 105991 -16956.663   78   26 -16956.622 -16956.781  0.00%   3.9  680s
 151795 106774 -16956.762   67   30 -16956.622 -16956.781  0.00%   3.9  685s
 152924 107521 -16956.747   64   27 -16956.622 -16956.781  0.00%   3.9  690s
 154044 108263 -16956.659   79   28 -16956.622 -16956.781  0.00%   3.9  695s
 155191 109056 -16956.781   67   31 -16956.622 -16956.781  0.00%   3.9  700s
 156344 109797 -16956.781   65   28 -16956.622 -16956.781  0.00%   3.9  705s
 157359 110650 -16956.637   89   26 -16956.622 -16956.781  0.00%   3.9  710s
 158451 111404 -16956.681   76   28 -16956.622 -16956.781  0.00%   3.9  715s
 159548 112161     cutoff   88      -16956.622 -16956.781  0.00%   3.9  720s
 160652 112873 -16956.781   61   26 -16956.622 -16956.781  0.00%   3.9  725s
 161774 113589 -16956.700   76   29 -16956.622 -16956.781  0.00%   3.9  730s
 162932 114363 -16956.660   78   30 -16956.622 -16956.781  0.00%   3.9  735s
 164039 115124 -16956.698   78   29 -16956.622 -16956.781  0.00%   3.9  740s
 165173 115916 -16956.651   80   27 -16956.622 -16956.781  0.00%   3.9  745s
 166304 116635 -16956.720   75   29 -16956.622 -16956.781  0.00%   3.9  750s
 167439 117396 -16956.747   72   30 -16956.622 -16956.781  0.00%   3.9  755s
 168565 118140 -16956.677   75   26 -16956.622 -16956.781  0.00%   3.9  760s
 169605 118856 -16956.727   75   30 -16956.622 -16956.781  0.00%   3.9  765s
 170688 119607 -16956.653   85   23 -16956.622 -16956.781  0.00%   3.9  770s
 171820 120337 -16956.692   70   26 -16956.622 -16956.781  0.00%   3.8  775s
 172942 121039 -16956.644   78   28 -16956.622 -16956.781  0.00%   3.8  780s
 174063 121780 -16956.776   63   27 -16956.622 -16956.781  0.00%   3.8  785s
 175119 122518 -16956.637  102   30 -16956.622 -16956.781  0.00%   3.8  790s
 176149 123288 -16956.625   89   27 -16956.622 -16956.781  0.00%   3.8  795s
 177293 123956 -16956.622   78   25 -16956.622 -16956.781  0.00%   3.8  800s
 178393 124710 -16956.692   74   26 -16956.622 -16956.781  0.00%   3.8  805s
 179483 125460 -16956.699   74   29 -16956.622 -16956.781  0.00%   3.8  810s
 180573 126162 -16956.768   66   30 -16956.622 -16956.781  0.00%   3.8  815s
 181626 126981 -16956.627   79   27 -16956.622 -16956.781  0.00%   3.8  820s
 182780 127693 -16956.672   66   26 -16956.622 -16956.781  0.00%   3.8  825s
 183895 128422 -16956.626   86   27 -16956.622 -16956.781  0.00%   3.8  830s
 185012 129205 -16956.672   71   25 -16956.622 -16956.781  0.00%   3.8  835s
 186106 129961     cutoff  108      -16956.622 -16956.781  0.00%   3.8  840s
 187226 130725 -16956.639   84   20 -16956.622 -16956.781  0.00%   3.8  845s
 188342 131453 -16956.727   73   28 -16956.622 -16956.781  0.00%   3.8  850s
 189483 132164 -16956.653   74   27 -16956.622 -16956.781  0.00%   3.8  855s
 190650 132951 -16956.695   61   22 -16956.622 -16956.781  0.00%   3.8  860s
 191780 133715 -16956.623   95   27 -16956.622 -16956.781  0.00%   3.8  865s
 192910 134507 -16956.642   80   27 -16956.622 -16956.781  0.00%   3.8  870s
 193996 135203 -16956.736   68   28 -16956.622 -16956.781  0.00%   3.8  875s
 195120 135985 -16956.673   78   30 -16956.622 -16956.781  0.00%   3.8  880s
 196274 136747 -16956.675   79   28 -16956.622 -16956.781  0.00%   3.8  885s
 197453 137518 -16956.701   65   27 -16956.622 -16956.781  0.00%   3.8  890s
 198609 138234 -16956.632   76   26 -16956.622 -16956.781  0.00%   3.8  895s
 199779 138972 -16956.627   98   25 -16956.622 -16956.781  0.00%   3.8  900s
 200920 139765 -16956.632   89   25 -16956.622 -16956.781  0.00%   3.8  905s
 202114 140505 -16956.693   74   28 -16956.622 -16956.781  0.00%   3.8  910s
 203227 141286 -16956.765   65   26 -16956.622 -16956.781  0.00%   3.8  915s
 204327 142080 -16956.652   84   29 -16956.622 -16956.781  0.00%   3.8  920s
 205370 142867 -16956.752   69   28 -16956.622 -16956.781  0.00%   3.8  925s
 206498 143637 -16956.781   62   30 -16956.622 -16956.781  0.00%   3.8  930s
 207539 144438 -16956.644   75   26 -16956.622 -16956.781  0.00%   3.8  935s
 208628 145169 -16956.721   72   29 -16956.622 -16956.781  0.00%   3.8  940s
 209807 145836 -16956.686   70   26 -16956.622 -16956.781  0.00%   3.8  945s
 210964 146597 -16956.676   73   26 -16956.622 -16956.781  0.00%   3.8  950s
 212143 147364 -16956.656   83   30 -16956.622 -16956.781  0.00%   3.8  955s
 213302 148101 -16956.636   79   27 -16956.622 -16956.781  0.00%   3.8  960s
 214449 148842 -16956.714   71   30 -16956.622 -16956.781  0.00%   3.8  965s
 215559 149518 -16956.623  104   28 -16956.622 -16956.781  0.00%   3.8  970s
 216709 150198 -16956.781   59   28 -16956.622 -16956.781  0.00%   3.8  975s
 217739 150958 -16956.668   82   29 -16956.622 -16956.781  0.00%   3.8  980s
 218861 151678 -16956.628   77   24 -16956.622 -16956.781  0.00%   3.8  985s
 219997 152446 -16956.694   66   25 -16956.622 -16956.781  0.00%   3.8  990s
 221118 153177 -16956.673   74   27 -16956.622 -16956.781  0.00%   3.8  995s
 222287 153842 -16956.763   60   27 -16956.622 -16956.781  0.00%   3.8 1000s
 223415 154516 -16956.729   73   30 -16956.622 -16956.781  0.00%   3.8 1005s
 224524 155233 -16956.623   96   27 -16956.622 -16956.781  0.00%   3.8 1010s
 225656 155981 -16956.674   79   29 -16956.622 -16956.781  0.00%   3.8 1015s
 226768 156731 -16956.630   82   29 -16956.622 -16956.781  0.00%   3.8 1020s
 227931 157492 -16956.649   95   27 -16956.622 -16956.781  0.00%   3.8 1025s
 228979 158214 -16956.670   80   25 -16956.622 -16956.781  0.00%   3.8 1030s
 230064 158991 -16956.781   56   28 -16956.622 -16956.781  0.00%   3.8 1035s
 231190 159745 -16956.648   76   26 -16956.622 -16956.781  0.00%   3.8 1040s
 232260 160455     cutoff   86      -16956.622 -16956.781  0.00%   3.8 1045s
 233395 161234 -16956.647   85   27 -16956.622 -16956.781  0.00%   3.8 1050s
 234488 161915 -16956.633   79   25 -16956.622 -16956.781  0.00%   3.8 1055s
 235609 162638 -16956.678   70   27 -16956.622 -16956.781  0.00%   3.8 1060s
 236722 163355 -16956.703   73   27 -16956.622 -16956.781  0.00%   3.8 1065s
 237889 164044 -16956.734   69   28 -16956.622 -16956.781  0.00%   3.8 1070s
 238999 164786 -16956.715   70   29 -16956.622 -16956.781  0.00%   3.8 1075s
 240099 165430 -16956.769   65   27 -16956.622 -16956.781  0.00%   3.8 1080s
 241208 166229 -16956.673   82   27 -16956.622 -16956.781  0.00%   3.8 1085s
 242298 166963 -16956.781   61   30 -16956.622 -16956.781  0.00%   3.8 1090s
 243448 167693 -16956.686   75   26 -16956.622 -16956.781  0.00%   3.8 1095s
 244576 168449 -16956.632   83   27 -16956.622 -16956.781  0.00%   3.8 1100s
 245704 169183     cutoff   96      -16956.622 -16956.781  0.00%   3.8 1105s
 246784 169885 -16956.623  108   25 -16956.622 -16956.781  0.00%   3.8 1110s
 247853 170548 -16956.721   76   30 -16956.622 -16956.781  0.00%   3.8 1115s
 248974 171281     cutoff   73      -16956.622 -16956.781  0.00%   3.8 1120s
 250115 172078 -16956.720   68   26 -16956.622 -16956.781  0.00%   3.8 1125s
 251286 172835 -16956.685   77   27 -16956.622 -16956.781  0.00%   3.8 1130s
 252449 173584 -16956.629   81   26 -16956.622 -16956.781  0.00%   3.8 1135s
 253483 174434 -16956.645   88   29 -16956.622 -16956.781  0.00%   3.8 1140s
 254568 175165 -16956.637   84   27 -16956.622 -16956.781  0.00%   3.8 1145s
 255685 175850 -16956.622  100   20 -16956.622 -16956.781  0.00%   3.8 1150s
 256812 176627 -16956.678   77   27 -16956.622 -16956.781  0.00%   3.8 1155s
 257921 177356 -16956.761   61   28 -16956.622 -16956.781  0.00%   3.8 1160s
 259044 178093 -16956.759   70   29 -16956.622 -16956.781  0.00%   3.8 1165s
 260123 178794     cutoff   82      -16956.622 -16956.781  0.00%   3.8 1170s
 261237 179510 -16956.781   60   26 -16956.622 -16956.781  0.00%   3.8 1175s
 262394 180287 -16956.691   78   31 -16956.622 -16956.781  0.00%   3.8 1180s
 263435 181016     cutoff   69      -16956.622 -16956.781  0.00%   3.8 1185s
 264547 181742 -16956.632   77   26 -16956.622 -16956.781  0.00%   3.8 1190s
 265594 182385 -16956.717   71   26 -16956.622 -16956.781  0.00%   3.8 1195s
 266756 183081 -16956.717   69   29 -16956.622 -16956.781  0.00%   3.8 1200s
 267836 183729 -16956.781   63   28 -16956.622 -16956.781  0.00%   3.8 1205s
 268963 184498 -16956.628   77   22 -16956.622 -16956.781  0.00%   3.8 1210s
 270089 185264 -16956.671   74   29 -16956.622 -16956.781  0.00%   3.8 1215s
 271124 185983 -16956.631   97   29 -16956.622 -16956.781  0.00%   3.8 1220s
 272199 186692 -16956.732   72   29 -16956.622 -16956.781  0.00%   3.8 1225s
 273290 187423 -16956.622   87   25 -16956.622 -16956.781  0.00%   3.8 1230s
 274422 188113 -16956.781   63   27 -16956.622 -16956.781  0.00%   3.8 1235s
 275439 188876     cutoff   95      -16956.622 -16956.781  0.00%   3.8 1240s
 276495 189658 -16956.680   78   25 -16956.622 -16956.781  0.00%   3.8 1245s
 277454 190359 -16956.729   72   29 -16956.622 -16956.781  0.00%   3.8 1250s
 278552 191083 -16956.710   66   26 -16956.622 -16956.781  0.00%   3.8 1255s
 279686 191811 -16956.763   59   28 -16956.622 -16956.781  0.00%   3.8 1260s
 280787 192532 -16956.631   74   27 -16956.622 -16956.781  0.00%   3.8 1265s
 281882 193265 -16956.664   81   28 -16956.622 -16956.781  0.00%   3.8 1270s
 282999 193996 -16956.687   68   25 -16956.622 -16956.781  0.00%   3.8 1275s
 284140 194681 -16956.622   77   25 -16956.622 -16956.781  0.00%   3.8 1280s
 285277 195354 -16956.678   73   28 -16956.622 -16956.781  0.00%   3.8 1285s
 286351 196032 -16956.628   78   25 -16956.622 -16956.781  0.00%   3.8 1290s
 287449 196760 -16956.713   70   26 -16956.622 -16956.781  0.00%   3.8 1295s
 288511 197510 -16956.740   66   27 -16956.622 -16956.781  0.00%   3.8 1300s
 289651 198254 -16956.648   67   22 -16956.622 -16956.781  0.00%   3.8 1305s
 290801 198980 -16956.707   73   28 -16956.622 -16956.781  0.00%   3.8 1310s
 291957 199746     cutoff   79      -16956.622 -16956.781  0.00%   3.8 1315s
 293095 200464 -16956.768   69   30 -16956.622 -16956.781  0.00%   3.8 1320s
 294238 201251 -16956.630   84   27 -16956.622 -16956.781  0.00%   3.8 1325s
 295402 202001 -16956.702   73   25 -16956.622 -16956.781  0.00%   3.8 1330s
 296557 202712 -16956.736   68   29 -16956.622 -16956.781  0.00%   3.8 1335s
 297703 203454 -16956.775   62   25 -16956.622 -16956.781  0.00%   3.8 1340s
 298816 204201 -16956.624   85   26 -16956.622 -16956.781  0.00%   3.8 1345s
 299870 204997 -16956.629   80   24 -16956.622 -16956.781  0.00%   3.8 1350s
 301009 205708 -16956.645   73   22 -16956.622 -16956.781  0.00%   3.8 1355s
 302190 206415 -16956.756   65   26 -16956.622 -16956.781  0.00%   3.8 1360s
 303331 207158 -16956.658   79   25 -16956.622 -16956.781  0.00%   3.8 1365s
 304503 207954 -16956.622   98   25 -16956.622 -16956.781  0.00%   3.8 1370s
 305668 208649 -16956.781   63   29 -16956.622 -16956.781  0.00%   3.8 1375s
 306830 209363 -16956.717   69   30 -16956.622 -16956.781  0.00%   3.8 1380s
 307963 210112 -16956.630   79   28 -16956.622 -16956.781  0.00%   3.8 1385s
 309127 210892 -16956.711   74   29 -16956.622 -16956.781  0.00%   3.8 1390s
 310168 211649 -16956.689   78   30 -16956.622 -16956.781  0.00%   3.8 1395s
 311266 212373 -16956.689   74   28 -16956.622 -16956.781  0.00%   3.8 1400s
 312308 213127 -16956.624   87   23 -16956.622 -16956.781  0.00%   3.8 1405s
 313446 213849 -16956.677   71   27 -16956.622 -16956.781  0.00%   3.8 1410s
 314548 214513 -16956.781   64   30 -16956.622 -16956.781  0.00%   3.8 1415s
 315591 215246 -16956.630   88   28 -16956.622 -16956.781  0.00%   3.8 1420s
 316738 216005 -16956.628   83   25 -16956.622 -16956.781  0.00%   3.8 1425s
 317885 216752 -16956.693   74   28 -16956.622 -16956.781  0.00%   3.8 1430s
 319007 217502 -16956.673   78   28 -16956.622 -16956.781  0.00%   3.8 1435s
 320121 218224 -16956.660   72   26 -16956.622 -16956.781  0.00%   3.8 1440s
 321225 218924     cutoff   86      -16956.622 -16956.781  0.00%   3.8 1445s
 322357 219654 -16956.627   85   27 -16956.622 -16956.781  0.00%   3.8 1450s
 323466 220379 -16956.702   74   27 -16956.622 -16956.781  0.00%   3.8 1455s
 324456 221139 -16956.638   78   26 -16956.622 -16956.781  0.00%   3.8 1460s
 325616 221837 -16956.629   86   27 -16956.622 -16956.781  0.00%   3.8 1465s
 326739 222526     cutoff   73      -16956.622 -16956.781  0.00%   3.8 1470s
 327821 223174     cutoff   75      -16956.622 -16956.781  0.00%   3.8 1475s
 328891 223920 -16956.665   66   25 -16956.622 -16956.781  0.00%   3.8 1480s
 330013 224600 -16956.631   94   21 -16956.622 -16956.781  0.00%   3.8 1485s
 331168 225313 -16956.719   72   29 -16956.622 -16956.781  0.00%   3.8 1490s
 332234 226039 -16956.632   79   26 -16956.622 -16956.781  0.00%   3.8 1495s
 333345 226746 -16956.632   72   25 -16956.622 -16956.781  0.00%   3.8 1500s
 334480 227467 -16956.637   81   30 -16956.622 -16956.781  0.00%   3.8 1505s
 335523 228236 -16956.730   67   28 -16956.622 -16956.781  0.00%   3.7 1510s
 336672 228945 -16956.731   68   29 -16956.622 -16956.781  0.00%   3.7 1515s
 337806 229715 -16956.647   79   26 -16956.622 -16956.781  0.00%   3.7 1520s
 338897 230420 -16956.781   63   28 -16956.622 -16956.781  0.00%   3.7 1525s
 340024 231119 -16956.673   73   28 -16956.622 -16956.781  0.00%   3.7 1530s
 341130 231835 -16956.624  109   28 -16956.622 -16956.781  0.00%   3.7 1535s
 342233 232534 -16956.781   58   28 -16956.622 -16956.781  0.00%   3.7 1540s
 343347 233228 -16956.664   75   25 -16956.622 -16956.781  0.00%   3.7 1545s
 344500 233969 -16956.696   76   27 -16956.622 -16956.781  0.00%   3.7 1550s
 345674 234665 -16956.671   76   27 -16956.622 -16956.781  0.00%   3.7 1555s
 346702 235383 -16956.647   82   25 -16956.622 -16956.781  0.00%   3.7 1560s
 347851 236074 -16956.704   72   27 -16956.622 -16956.781  0.00%   3.7 1565s
 348970 236779 -16956.781   63   28 -16956.622 -16956.781  0.00%   3.7 1570s
 350116 237493 -16956.781   64   30 -16956.622 -16956.781  0.00%   3.7 1575s
 351244 238219 -16956.664   76   28 -16956.622 -16956.781  0.00%   3.7 1580s
 352435 238940 -16956.638   79   27 -16956.622 -16956.781  0.00%   3.7 1585s
 353549 239664 -16956.629   78   25 -16956.622 -16956.781  0.00%   3.7 1590s
 354726 240421 -16956.764   70   29 -16956.622 -16956.781  0.00%   3.7 1595s
 355843 241148 -16956.710   67   31 -16956.622 -16956.781  0.00%   3.7 1600s
 356976 241889 -16956.675   70   26 -16956.622 -16956.781  0.00%   3.7 1605s
 358055 242690 -16956.762   71   29 -16956.622 -16956.781  0.00%   3.7 1610s
 359059 243492 -16956.672   76   29 -16956.622 -16956.781  0.00%   3.7 1615s
 360180 244251     cutoff   85      -16956.622 -16956.781  0.00%   3.7 1620s
 361271 244974 -16956.640   68   24 -16956.622 -16956.781  0.00%   3.7 1625s
 362377 245668 -16956.693   70   28 -16956.622 -16956.781  0.00%   3.7 1630s
 363470 246391 -16956.698   74   28 -16956.622 -16956.781  0.00%   3.7 1635s
 364545 247090 -16956.664   77   28 -16956.622 -16956.781  0.00%   3.7 1640s
 365638 247817 -16956.660   74   27 -16956.622 -16956.781  0.00%   3.7 1645s
 366749 248562 -16956.629   81   21 -16956.622 -16956.781  0.00%   3.7 1650s
 367794 249231 -16956.655   74   24 -16956.622 -16956.781  0.00%   3.7 1655s
 368918 249947 -16956.652   72   26 -16956.622 -16956.781  0.00%   3.7 1660s
 370006 250659 -16956.665   75   29 -16956.622 -16956.781  0.00%   3.7 1665s
 371082 251371 -16956.633   76   26 -16956.622 -16956.781  0.00%   3.7 1670s
 372160 252005 -16956.626   87   25 -16956.622 -16956.781  0.00%   3.7 1675s
 373246 252759     cutoff   98      -16956.622 -16956.781  0.00%   3.7 1680s
 374372 253477 -16956.671   76   28 -16956.622 -16956.781  0.00%   3.7 1685s
 375475 254166 -16956.685   76   27 -16956.622 -16956.781  0.00%   3.7 1690s
 376549 254882 -16956.623   68   22 -16956.622 -16956.781  0.00%   3.7 1695s
 377683 255532     cutoff   89      -16956.622 -16956.781  0.00%   3.7 1700s
 378778 256239 -16956.665   76   29 -16956.622 -16956.781  0.00%   3.7 1705s
 379832 256963 -16956.624  109   23 -16956.622 -16956.781  0.00%   3.7 1710s
 380883 257640 -16956.762   68   29 -16956.622 -16956.781  0.00%   3.7 1715s
 381910 258283 -16956.735   67   29 -16956.622 -16956.781  0.00%   3.7 1720s
 382994 258935 -16956.623   95   22 -16956.622 -16956.781  0.00%   3.7 1725s
 384118 259591 -16956.626   86   28 -16956.622 -16956.781  0.00%   3.7 1730s
 385201 260316 -16956.625   72   27 -16956.622 -16956.781  0.00%   3.7 1735s
 386298 261021 -16956.682   72   28 -16956.622 -16956.781  0.00%   3.7 1740s
 387381 261732 -16956.675   76   30 -16956.622 -16956.781  0.00%   3.7 1745s
 388500 262431 -16956.737   70   27 -16956.622 -16956.781  0.00%   3.7 1750s
 389630 263159 -16956.738   64   27 -16956.622 -16956.781  0.00%   3.7 1755s
 390705 263898 -16956.624  103   28 -16956.622 -16956.781  0.00%   3.7 1760s
 391839 264546 -16956.750   64   27 -16956.622 -16956.781  0.00%   3.7 1765s
 392835 265376 -16956.631  102   27 -16956.622 -16956.781  0.00%   3.7 1770s
 393882 266077 -16956.647   80   28 -16956.622 -16956.781  0.00%   3.7 1775s
 395059 266730 -16956.647   80   27 -16956.622 -16956.781  0.00%   3.7 1780s
 396168 267499 -16956.632   70   24 -16956.622 -16956.781  0.00%   3.7 1785s
 397305 268174 -16956.656   73   26 -16956.622 -16956.781  0.00%   3.7 1790s
 398407 268892     cutoff   93      -16956.622 -16956.781  0.00%   3.7 1795s
 399577 269580 -16956.623   85   24 -16956.622 -16956.781  0.00%   3.7 1800s
 400708 270307     cutoff   92      -16956.622 -16956.781  0.00%   3.7 1805s
 401883 271058 -16956.781   63   28 -16956.622 -16956.781  0.00%   3.7 1810s
 403018 271829     cutoff   87      -16956.622 -16956.781  0.00%   3.7 1815s
 404108 272547 -16956.662   82   28 -16956.622 -16956.781  0.00%   3.7 1820s
 405255 273228 -16956.695   66   26 -16956.622 -16956.781  0.00%   3.7 1825s
 406435 273922 -16956.654   76   28 -16956.622 -16956.781  0.00%   3.7 1830s
 407595 274646 -16956.702   74   30 -16956.622 -16956.781  0.00%   3.7 1835s
 408755 275356     cutoff   86      -16956.622 -16956.781  0.00%   3.7 1840s
 409841 276062 -16956.627   74   23 -16956.622 -16956.781  0.00%   3.7 1845s
 410938 276803 -16956.753   63   24 -16956.622 -16956.781  0.00%   3.7 1850s
 412107 277504 -16956.780   61   26 -16956.622 -16956.781  0.00%   3.7 1855s
 413224 278201 -16956.675   76   29 -16956.622 -16956.781  0.00%   3.7 1860s
 414389 278882 -16956.764   67   31 -16956.622 -16956.781  0.00%   3.7 1865s
 415449 279610 -16956.702   70   27 -16956.622 -16956.781  0.00%   3.7 1870s
 416515 280322 -16956.634   74   25 -16956.622 -16956.781  0.00%   3.7 1875s
 417656 280991 -16956.716   66   28 -16956.622 -16956.781  0.00%   3.7 1880s
 418758 281705 -16956.630   73   26 -16956.622 -16956.781  0.00%   3.7 1885s
 419909 282368 -16956.781   60   28 -16956.622 -16956.781  0.00%   3.7 1890s
 421001 283108 -16956.781   62   28 -16956.622 -16956.781  0.00%   3.7 1895s
 422117 283828 -16956.671   79   29 -16956.622 -16956.781  0.00%   3.7 1900s
 423217 284560 -16956.684   75   26 -16956.622 -16956.781  0.00%   3.7 1905s
 424278 285259 -16956.781   56   28 -16956.622 -16956.781  0.00%   3.7 1910s
 425416 285967 -16956.725   61   26 -16956.622 -16956.781  0.00%   3.7 1915s
 426440 286625 -16956.669   74   26 -16956.622 -16956.781  0.00%   3.7 1920s
 427570 287341 -16956.622   99   19 -16956.622 -16956.781  0.00%   3.7 1925s
 428669 288014 -16956.685   66   25 -16956.622 -16956.781  0.00%   3.7 1930s
 429782 288727 -16956.622   81   26 -16956.622 -16956.781  0.00%   3.7 1935s
 430933 289376 -16956.770   62   26 -16956.622 -16956.781  0.00%   3.7 1940s
 431995 290042 -16956.631   77   27 -16956.622 -16956.781  0.00%   3.7 1945s
 433092 290683 -16956.723   62   27 -16956.622 -16956.781  0.00%   3.7 1950s
 434175 291400 -16956.628   79   25 -16956.622 -16956.781  0.00%   3.7 1955s
 435303 292110 -16956.775   67   30 -16956.622 -16956.781  0.00%   3.7 1960s
 436372 292781 -16956.781   63   29 -16956.622 -16956.781  0.00%   3.7 1965s
 437443 293442 -16956.732   70   27 -16956.622 -16956.781  0.00%   3.7 1970s
 438569 294142 -16956.764   62   28 -16956.622 -16956.781  0.00%   3.7 1975s
 439683 294786 -16956.781   60   29 -16956.622 -16956.781  0.00%   3.7 1980s
 440644 295523 -16956.630   95   25 -16956.622 -16956.781  0.00%   3.7 1985s
 441724 296279 -16956.674   77   27 -16956.622 -16956.781  0.00%   3.7 1990s
 442832 296969 -16956.632   80   25 -16956.622 -16956.781  0.00%   3.7 1995s
 443928 297671 -16956.636   71   25 -16956.622 -16956.781  0.00%   3.7 2000s
 445062 298379 -16956.673   75   25 -16956.622 -16956.781  0.00%   3.7 2005s
 446177 299044 -16956.780   62   30 -16956.622 -16956.781  0.00%   3.7 2010s
 447302 299779     cutoff   83      -16956.622 -16956.781  0.00%   3.7 2015s
 448396 300503 -16956.635   80   27 -16956.622 -16956.781  0.00%   3.7 2020s
 449520 301235 -16956.639   84   24 -16956.622 -16956.781  0.00%   3.7 2025s
 450642 301949 -16956.645   83   26 -16956.622 -16956.781  0.00%   3.7 2030s
 451782 302687 -16956.703   68   27 -16956.622 -16956.781  0.00%   3.7 2035s
 452915 303430 -16956.659   70   25 -16956.622 -16956.781  0.00%   3.7 2040s
 454048 304119 -16956.632   79   28 -16956.622 -16956.781  0.00%   3.7 2045s
 455167 304836 -16956.705   73   26 -16956.622 -16956.781  0.00%   3.7 2050s
 456281 305550 -16956.714   68   27 -16956.622 -16956.781  0.00%   3.7 2055s
 457457 306222 -16956.625   85   23 -16956.622 -16956.781  0.00%   3.7 2060s
 458632 306979     cutoff   80      -16956.622 -16956.781  0.00%   3.7 2065s
 459660 307707 -16956.781   63   28 -16956.622 -16956.781  0.00%   3.7 2070s
 460809 308454 -16956.729   65   25 -16956.622 -16956.781  0.00%   3.7 2075s
 461935 309200 -16956.662   87   26 -16956.622 -16956.781  0.00%   3.7 2080s
 463044 309885 -16956.625   93   19 -16956.622 -16956.781  0.00%   3.7 2085s
 464214 310597 -16956.692   69   25 -16956.622 -16956.781  0.00%   3.7 2090s
 465354 311419 -16956.624   98   23 -16956.622 -16956.781  0.00%   3.7 2095s
 466505 312124 -16956.623   98   20 -16956.622 -16956.781  0.00%   3.7 2100s
 467602 312865 -16956.632   96   25 -16956.622 -16956.781  0.00%   3.7 2105s
 468735 313538 -16956.664   74   29 -16956.622 -16956.781  0.00%   3.7 2110s
 469809 314256 -16956.657   74   25 -16956.622 -16956.781  0.00%   3.7 2115s
 470843 314958 -16956.630   83   23 -16956.622 -16956.781  0.00%   3.7 2120s
 471951 315654 -16956.765   66   27 -16956.622 -16956.781  0.00%   3.7 2125s
 473062 316403 -16956.690   72   25 -16956.622 -16956.781  0.00%   3.7 2130s
 474154 317129 -16956.735   72   29 -16956.622 -16956.781  0.00%   3.7 2135s
 475214 317817     cutoff   80      -16956.622 -16956.781  0.00%   3.7 2140s
 476284 318503 -16956.695   71   26 -16956.622 -16956.781  0.00%   3.7 2145s
 477409 319180     cutoff   71      -16956.622 -16956.781  0.00%   3.7 2150s
 478464 319863     cutoff   85      -16956.622 -16956.781  0.00%   3.7 2155s
 479521 320552 -16956.678   76   27 -16956.622 -16956.781  0.00%   3.7 2160s
 480577 321278 -16956.716   70   27 -16956.622 -16956.781  0.00%   3.7 2165s
 481587 322058 -16956.626   81   23 -16956.622 -16956.781  0.00%   3.7 2170s
 482702 322773     cutoff   86      -16956.622 -16956.781  0.00%   3.7 2175s
 483784 323489 -16956.642   79   27 -16956.622 -16956.781  0.00%   3.7 2180s
 484884 324155     cutoff   85      -16956.622 -16956.781  0.00%   3.7 2185s
 485988 324809 -16956.781   59   29 -16956.622 -16956.781  0.00%   3.7 2190s
 487055 325546 -16956.622   86   28 -16956.622 -16956.781  0.00%   3.7 2195s
 488168 326179     cutoff   75      -16956.622 -16956.781  0.00%   3.7 2200s
 489272 326837 -16956.634   79   25 -16956.622 -16956.781  0.00%   3.7 2205s
 490362 327425 -16956.678   77   30 -16956.622 -16956.781  0.00%   3.7 2210s
 491445 328126     cutoff   87      -16956.622 -16956.781  0.00%   3.7 2215s
 492517 328828 -16956.781   62   27 -16956.622 -16956.781  0.00%   3.7 2220s
 493594 329469 -16956.739   67   28 -16956.622 -16956.781  0.00%   3.7 2225s
 494545 330076 -16956.646   76   25 -16956.622 -16956.781  0.00%   3.7 2230s
 495626 330783 -16956.623  101   24 -16956.622 -16956.781  0.00%   3.7 2235s
 496718 331453 -16956.749   69   29 -16956.622 -16956.781  0.00%   3.7 2240s
 497844 332139 -16956.629   83   27 -16956.622 -16956.781  0.00%   3.7 2245s
 498936 332817 -16956.634   79   27 -16956.622 -16956.781  0.00%   3.7 2250s
 500070 333467 -16956.626   76   21 -16956.622 -16956.781  0.00%   3.7 2255s
 501237 334178 -16956.704   77   28 -16956.622 -16956.781  0.00%   3.7 2260s
 502349 334948 -16956.623   82   23 -16956.622 -16956.781  0.00%   3.7 2265s
 503462 335735 -16956.678   79   28 -16956.622 -16956.781  0.00%   3.7 2270s
 504560 336483 -16956.696   78   31 -16956.622 -16956.781  0.00%   3.7 2275s
 505665 337154 -16956.644   74   24 -16956.622 -16956.781  0.00%   3.7 2280s
 506817 337864 -16956.730   69   30 -16956.622 -16956.781  0.00%   3.7 2285s
 507981 338612 -16956.642   79   29 -16956.622 -16956.781  0.00%   3.7 2290s
 509130 339317 -16956.781   65   29 -16956.622 -16956.781  0.00%   3.7 2295s
 510247 340072 -16956.678   77   27 -16956.622 -16956.781  0.00%   3.7 2300s
 511397 340782 -16956.657   86   29 -16956.622 -16956.781  0.00%   3.7 2305s
 512507 341454 -16956.627   81   27 -16956.622 -16956.781  0.00%   3.7 2310s
 513665 342176 -16956.738   69   29 -16956.622 -16956.781  0.00%   3.7 2315s
 514751 342914 -16956.715   73   29 -16956.622 -16956.781  0.00%   3.7 2320s
 515863 343606 -16956.622   94   21 -16956.622 -16956.781  0.00%   3.7 2325s
 516973 344282 -16956.628   85   25 -16956.622 -16956.781  0.00%   3.7 2330s
 518077 344990 -16956.652   74   27 -16956.622 -16956.781  0.00%   3.7 2335s
 519178 345655 -16956.626   85   24 -16956.622 -16956.781  0.00%   3.7 2340s
 520246 346307     cutoff   86      -16956.622 -16956.781  0.00%   3.7 2345s
 521330 346967 -16956.648   89   28 -16956.622 -16956.781  0.00%   3.7 2350s
 522447 347650 -16956.762   64   25 -16956.622 -16956.781  0.00%   3.7 2355s
 523528 348321 -16956.625   83   27 -16956.622 -16956.781  0.00%   3.7 2360s
 524631 349000 -16956.639   92   25 -16956.622 -16956.781  0.00%   3.7 2365s
 525666 349701 -16956.775   62   29 -16956.622 -16956.781  0.00%   3.7 2370s
 526746 350373 -16956.640   77   26 -16956.622 -16956.781  0.00%   3.7 2375s
 527859 351056 -16956.743   63   30 -16956.622 -16956.781  0.00%   3.7 2380s
 528930 351795 -16956.714   73   28 -16956.622 -16956.781  0.00%   3.7 2385s
 530048 352463 -16956.646   77   28 -16956.622 -16956.781  0.00%   3.7 2390s
 531140 353125 -16956.654   80   30 -16956.622 -16956.781  0.00%   3.7 2395s
 532221 353776 -16956.725   73   30 -16956.622 -16956.781  0.00%   3.7 2400s
 533358 354465 -16956.706   72   26 -16956.622 -16956.781  0.00%   3.7 2405s
 534467 355124     cutoff   77      -16956.622 -16956.781  0.00%   3.7 2410s
 535571 355886 -16956.656   84   30 -16956.622 -16956.781  0.00%   3.7 2415s
 536605 356656 -16956.683   74   27 -16956.622 -16956.781  0.00%   3.7 2420s
 537681 357376 -16956.622  101   22 -16956.622 -16956.781  0.00%   3.7 2425s
 538777 358052 -16956.750   67   27 -16956.622 -16956.781  0.00%   3.7 2430s
 539825 358830 -16956.633   80   26 -16956.622 -16956.781  0.00%   3.7 2435s
 540905 359512 -16956.626  100   23 -16956.622 -16956.781  0.00%   3.7 2440s
 542001 360240 -16956.651   77   28 -16956.622 -16956.781  0.00%   3.7 2445s
 543090 360945 -16956.638   82   26 -16956.622 -16956.781  0.00%   3.7 2450s
 544216 361599     cutoff   74      -16956.622 -16956.781  0.00%   3.7 2455s
 545341 362284 -16956.705   73   28 -16956.622 -16956.781  0.00%   3.7 2460s
 546436 363029 -16956.623   91   23 -16956.622 -16956.781  0.00%   3.7 2465s
 547474 363699 -16956.626   86   23 -16956.622 -16956.781  0.00%   3.7 2470s
 548622 364425 -16956.699   63   25 -16956.622 -16956.781  0.00%   3.7 2475s
 549763 365098 -16956.726   67   25 -16956.622 -16956.781  0.00%   3.7 2480s
 550893 365824 -16956.729   71   29 -16956.622 -16956.781  0.00%   3.7 2485s
 552012 366549 -16956.679   78   26 -16956.622 -16956.781  0.00%   3.7 2490s
 553107 367266 -16956.635   85   27 -16956.622 -16956.781  0.00%   3.7 2495s
 554246 367987 -16956.781   61   28 -16956.622 -16956.781  0.00%   3.7 2500s
 555364 368709     cutoff   85      -16956.622 -16956.781  0.00%   3.7 2505s
 556497 369430 -16956.709   73   27 -16956.622 -16956.781  0.00%   3.7 2510s
 557612 370167 -16956.657   71   25 -16956.622 -16956.781  0.00%   3.7 2515s
 558683 370856 -16956.722   75   28 -16956.622 -16956.781  0.00%   3.7 2520s
 559767 371598 -16956.629   90   26 -16956.622 -16956.781  0.00%   3.7 2525s
 560921 372294 -16956.744   72   29 -16956.622 -16956.781  0.00%   3.7 2530s
 562059 373036     cutoff   87      -16956.622 -16956.781  0.00%   3.7 2535s
 563200 373725 -16956.659   79   29 -16956.622 -16956.781  0.00%   3.7 2540s
 564302 374409 -16956.658   84   28 -16956.622 -16956.781  0.00%   3.7 2545s
 565326 375075 -16956.637   86   23 -16956.622 -16956.781  0.00%   3.7 2550s
 566429 375784 -16956.627   76   25 -16956.622 -16956.781  0.00%   3.7 2555s
 567548 376461 -16956.647   73   28 -16956.622 -16956.781  0.00%   3.7 2560s
 568628 377187     cutoff   81      -16956.622 -16956.781  0.00%   3.7 2565s
 569751 377846 -16956.781   64   27 -16956.622 -16956.781  0.00%   3.7 2570s
 570870 378513 -16956.759   65   27 -16956.622 -16956.781  0.00%   3.7 2575s
 571976 379211 -16956.622   87   29 -16956.622 -16956.781  0.00%   3.7 2580s
 573103 379940 -16956.677   78   27 -16956.622 -16956.781  0.00%   3.7 2585s
 574216 380659     cutoff   87      -16956.622 -16956.781  0.00%   3.7 2590s
 575329 381294 -16956.649   75   25 -16956.622 -16956.781  0.00%   3.7 2595s
 576417 382002 -16956.624  104   24 -16956.622 -16956.781  0.00%   3.7 2600s
 577539 382602 -16956.690   74   29 -16956.622 -16956.781  0.00%   3.7 2605s
 578647 383296 -16956.684   75   29 -16956.622 -16956.781  0.00%   3.7 2610s
 579655 384072 -16956.622   78   26 -16956.622 -16956.781  0.00%   3.7 2615s
 580729 384702 -16956.781   59   28 -16956.622 -16956.781  0.00%   3.7 2620s
 581792 385409 -16956.631   79   26 -16956.622 -16956.781  0.00%   3.7 2625s
 582866 386093 -16956.770   58   26 -16956.622 -16956.781  0.00%   3.7 2630s
 583885 386778     cutoff  117      -16956.622 -16956.781  0.00%   3.7 2635s
 584982 387423 -16956.781   61   28 -16956.622 -16956.781  0.00%   3.7 2640s
 586051 388120 -16956.640   84   28 -16956.622 -16956.781  0.00%   3.7 2645s
 587129 388718     cutoff   86      -16956.622 -16956.781  0.00%   3.7 2650s
 588196 389309 -16956.633   84   24 -16956.622 -16956.781  0.00%   3.7 2655s
 589253 390020 -16956.676   72   26 -16956.622 -16956.781  0.00%   3.7 2660s
 590297 390748 -16956.681   78   27 -16956.622 -16956.781  0.00%   3.7 2665s
 591305 391436     cutoff   82      -16956.622 -16956.781  0.00%   3.7 2670s
 592357 392114 -16956.686   67   26 -16956.622 -16956.781  0.00%   3.7 2675s
 593426 392775 -16956.763   66   28 -16956.622 -16956.781  0.00%   3.7 2680s
 594539 393440 -16956.626   69   21 -16956.622 -16956.781  0.00%   3.7 2685s
 595554 394091 -16956.654   78   26 -16956.622 -16956.781  0.00%   3.7 2690s
 596652 394705 -16956.781   58   28 -16956.622 -16956.781  0.00%   3.7 2695s
 597732 395391 -16956.754   65   29 -16956.622 -16956.781  0.00%   3.7 2700s
 598801 396056 -16956.749   64   27 -16956.622 -16956.781  0.00%   3.7 2705s
 599900 396743 -16956.709   73   27 -16956.622 -16956.781  0.00%   3.7 2710s
 600956 397471 -16956.685   75   27 -16956.622 -16956.781  0.00%   3.7 2715s
 601992 398183 -16956.669   77   26 -16956.622 -16956.781  0.00%   3.7 2720s
 603077 398890 -16956.755   63   26 -16956.622 -16956.781  0.00%   3.7 2725s
 604162 399625 -16956.647   78   28 -16956.622 -16956.781  0.00%   3.7 2730s
 605247 400274 -16956.624   80   21 -16956.622 -16956.781  0.00%   3.7 2735s
 606354 400939 -16956.683   70   27 -16956.622 -16956.781  0.00%   3.7 2740s
 607413 401642 -16956.638   80   28 -16956.622 -16956.781  0.00%   3.7 2745s
 608529 402296 -16956.781   62   25 -16956.622 -16956.781  0.00%   3.7 2750s
 609643 403020 -16956.781   65   28 -16956.622 -16956.781  0.00%   3.7 2755s
 610713 403666 -16956.627   95   27 -16956.622 -16956.781  0.00%   3.7 2760s
 611811 404294 -16956.633   72   22 -16956.622 -16956.781  0.00%   3.7 2765s
 612819 405032 -16956.649   83   26 -16956.622 -16956.781  0.00%   3.7 2770s
 613921 405702 -16956.735   70   28 -16956.622 -16956.781  0.00%   3.7 2775s
 614981 406434 -16956.710   70   27 -16956.622 -16956.781  0.00%   3.7 2780s
 616068 407087 -16956.673   74   27 -16956.622 -16956.781  0.00%   3.7 2785s
 617153 407672 -16956.645   76   25 -16956.622 -16956.781  0.00%   3.7 2790s
 618200 408343 -16956.667   75   28 -16956.622 -16956.781  0.00%   3.7 2795s
 619270 409005 -16956.740   72   30 -16956.622 -16956.781  0.00%   3.7 2800s
 620336 409679     cutoff   77      -16956.622 -16956.781  0.00%   3.7 2805s
 621389 410298 -16956.631   81   28 -16956.622 -16956.781  0.00%   3.7 2810s
 622423 410980 -16956.624   95   25 -16956.622 -16956.781  0.00%   3.7 2815s
 623373 411676 -16956.623  105   25 -16956.622 -16956.781  0.00%   3.7 2820s
 624466 412367 -16956.627   86   29 -16956.622 -16956.781  0.00%   3.7 2825s
 625548 413033 -16956.684   74   28 -16956.622 -16956.781  0.00%   3.7 2830s
/var/spool/slurmd/job2442994/slurm_script : ligne 13 : 1711981 Processus arrêté      julia +1.10 script.jl ${obj} ${k} ${g}
slurmstepd: error: Detected 1 oom-kill event(s) in StepId=2442994.batch. Some of your processes may have been killed by the cgroup out-of-memory handler.
