2023/05/23
Julia is now 1.9.0
previous version was 1.7.2
2023/11/29
gurobi is now 11.0.0
previous version was 10.0.2
solving instance uflp nldep holmberg 41 cubic
===========================================================================
 BARON version 23.11.13. Built: LNX-64 Mon Nov 13 23:14:09 EST 2023

 BARON is a product of The Optimization Firm.
 For information on BARON, see https://minlp.com/about-baron
 Licensee: Claudio Contardo at Concordia University, claudio.contardo@concordia.ca.

 If you use this software, please cite publications from
 https://minlp.com/baron-publications, such as: 

 Khajavirad, A. and N. V. Sahinidis,
 A hybrid LP/NLP paradigm for global optimization relaxations,
 Mathematical Programming Computation, 10, 383-421, 2018.
===========================================================================
 This BARON run may utilize the following subsolver(s)
 For LP/MIP/QP: CLP/CBC, ILOG CPLEX                             
 For NLP: IPOPT, FILTERSQP
===========================================================================
 Doing local search
 Preprocessing found feasible solution with value 4327.41
 Solving bounding LP
 Starting multi-start local search
 Done with local search
===========================================================================
  Iteration    Open nodes         Time (s)    Lower bound      Upper bound
          1             1             2.02      3564.95          4327.41       
Failure to change feasibility, error 1014.
Failure to change feasibility, error 1014.
Failure to change feasibility, error 1014.
Failure to change feasibility, error 1014.
Failure to change feasibility, error 1014.
Failure to change feasibility, error 1014.
Failure to change feasibility, error 1014.
Failure to change feasibility, error 1014.
       1721             8            31.83      4139.95          4327.41       
       2263             0            40.45      4327.40          4327.41       

 Calculating duals

                         *** Normal completion ***            

 Wall clock time:                    40.73
 Total CPU time used:                40.46

 Total no. of BaR iterations:    2263
 Best solution found at node:     964
 Max. no. of nodes in memory:      27
 
 All done
===========================================================================
reading holmberg data file ../../../../../instances/uflp/holmberg/p41
primal_bound = 4327.40854981, dual_bound = 4327.40422241, gap = 9.999980242576272e-5, time = 43.87
