2023/05/23
Julia is now 1.9.0
previous version was 1.7.2
2023/11/29
gurobi is now 11.0.0
previous version was 10.0.2
solving instance uflp nldep orlib 131 cubic
===========================================================================
 BARON version 23.11.13. Built: LNX-64 Mon Nov 13 23:14:09 EST 2023

 BARON is a product of The Optimization Firm.
 For information on BARON, see https://minlp.com/about-baron
 Licensee: Claudio Contardo at Concordia University, claudio.contardo@concordia.ca.

 If you use this software, please cite publications from
 https://minlp.com/baron-publications, such as: 

 Khajavirad, A. and N. V. Sahinidis,
 A hybrid LP/NLP paradigm for global optimization relaxations,
 Mathematical Programming Computation, 10, 383-421, 2018.
===========================================================================
 This BARON run may utilize the following subsolver(s)
 For LP/MIP/QP: CLP/CBC, ILOG CPLEX                             
 For NLP: IPOPT, FILTERSQP
===========================================================================
 Doing local search
 Solving bounding LP
 Preprocessing found feasible solution with value 0.490006E+12
 Starting multi-start local search
 Done with local search
===========================================================================
  Iteration    Open nodes         Time (s)    Lower bound      Upper bound
Failure to change feasibility, error 1014.
          1             0            11.22     0.490005E+12     0.490006E+12   

 Calculating duals

                         *** Normal completion ***            

 Wall clock time:                    11.77
 Total CPU time used:                11.72

 Total no. of BaR iterations:       1
 Best solution found at node:      -1
 Max. no. of nodes in memory:       1
 
 All done
===========================================================================
reading orlib data file ../../../../../instances/uflp/orlib/cap131.txt
primal_bound = 4.90005629034e11, dual_bound = 4.90005273531e11, gap = 7.25507992022134e-5, time = 14.3
