2023/05/23
Julia is now 1.9.0
previous version was 1.7.2
2023/11/29
gurobi is now 11.0.0
previous version was 10.0.2
solving instance uflp nldep orlib 44 exp
===========================================================================
 BARON version 23.11.13. Built: LNX-64 Mon Nov 13 23:14:09 EST 2023

 BARON is a product of The Optimization Firm.
 For information on BARON, see https://minlp.com/about-baron
 Licensee: Claudio Contardo at Concordia University, claudio.contardo@concordia.ca.

 If you use this software, please cite publications from
 https://minlp.com/baron-publications, such as: 

 Khajavirad, A. and N. V. Sahinidis,
 A hybrid LP/NLP paradigm for global optimization relaxations,
 Mathematical Programming Computation, 10, 383-421, 2018.
===========================================================================
 This BARON run may utilize the following subsolver(s)
 For LP/MIP/QP: CLP/CBC, ILOG CPLEX                             
 For NLP: IPOPT, FILTERSQP
===========================================================================
 Doing local search
 Solving bounding LP
 Preprocessing found feasible solution with value 0.150005E+12
 Starting multi-start local search
 Preprocessing found feasible solution with value 977814.
 Done with local search
===========================================================================
  Iteration    Open nodes         Time (s)    Lower bound      Upper bound
          1             1             1.65      977805.          977814.       
          3             0             1.68      977813.          977814.       

 Calculating duals

                         *** Normal completion ***            

 Wall clock time:                     1.71
 Total CPU time used:                 1.69

 Total no. of BaR iterations:       3
 Best solution found at node:      -1
 Max. no. of nodes in memory:       2
 
 All done
===========================================================================
reading orlib data file ../../../../../instances/uflp/orlib/cap44.txt
primal_bound = 977813.690225, dual_bound = 977812.712412, gap = 9.999992940893145e-5, time = 4.68
