2023/05/23
Julia is now 1.9.0
previous version was 1.7.2
2023/11/29
gurobi is now 11.0.0
previous version was 10.0.2
solving instance uflp nldep holmberg 38 log
===========================================================================
 BARON version 23.11.13. Built: LNX-64 Mon Nov 13 23:14:09 EST 2023

 BARON is a product of The Optimization Firm.
 For information on BARON, see https://minlp.com/about-baron
 Licensee: Claudio Contardo at Concordia University, claudio.contardo@concordia.ca.

 If you use this software, please cite publications from
 https://minlp.com/baron-publications, such as: 

 Khajavirad, A. and N. V. Sahinidis,
 A hybrid LP/NLP paradigm for global optimization relaxations,
 Mathematical Programming Computation, 10, 383-421, 2018.
===========================================================================
 This BARON run may utilize the following subsolver(s)
 For LP/MIP/QP: CLP/CBC, ILOG CPLEX                             
 For NLP: IPOPT, FILTERSQP
===========================================================================
 Doing local search
 Preprocessing found feasible solution with value 8990.79
 Solving bounding LP
 Starting multi-start local search
 Done with local search
===========================================================================
  Iteration    Open nodes         Time (s)    Lower bound      Upper bound
          1             1             5.39      8210.71          8990.79       
*         4             3             6.39      8269.02          8990.47       
Failure to change feasibility, error 1014.
Failure to change feasibility, error 1014.
Failure to change feasibility, error 1014.
Failure to change feasibility, error 1014.
Failure to change feasibility, error 1014.
       1198           139            36.28      8550.14          8990.47       
Failure to change feasibility, error 1014.
Failure to change feasibility, error 1014.
Failure to change feasibility, error 1014.
Failure to change feasibility, error 1014.
       3095           141            66.17      8550.14          8990.47       
Failure to change feasibility, error 1014.
Failure to change feasibility, error 1014.
Failure to change feasibility, error 1014.
Failure to change feasibility, error 1014.
       5100           137            96.05      8550.14          8990.47       
Failure to change feasibility, error 1014.
Failure to change feasibility, error 1014.
Failure to change feasibility, error 1014.
Failure to change feasibility, error 1014.
Failure to change feasibility, error 1014.
Failure to change feasibility, error 1014.
Failure to change feasibility, error 1014.
Failure to change feasibility, error 1014.
Failure to change feasibility, error 1014.
       7183           128           125.94      8550.14          8990.47       
Failure to change feasibility, error 1014.
Failure to change feasibility, error 1014.
Failure to change feasibility, error 1014.
Failure to change feasibility, error 1014.
Failure to change feasibility, error 1014.
Failure to change feasibility, error 1014.
Failure to change feasibility, error 1014.
Failure to change feasibility, error 1014.
Failure to change feasibility, error 1014.
Failure to change feasibility, error 1014.
Failure to change feasibility, error 1014.
Failure to change feasibility, error 1014.
Failure to change feasibility, error 1014.
Failure to change feasibility, error 1014.
Failure to change feasibility, error 1014.
Failure to change feasibility, error 1014.
       9283           130           155.83      8550.14          8990.47       
Failure to change feasibility, error 1014.
Failure to change feasibility, error 1014.
Failure to change feasibility, error 1014.
      11297           125           185.71      8550.14          8990.47       
Failure to change feasibility, error 1014.
Failure to change feasibility, error 1014.
Failure to change feasibility, error 1014.
      13383           124           215.60      8550.14          8990.47       
Failure to change feasibility, error 1014.
Failure to change feasibility, error 1014.
Failure to change feasibility, error 1014.
Failure to change feasibility, error 1014.
Failure to change feasibility, error 1014.
Failure to change feasibility, error 1014.
Failure to change feasibility, error 1014.
Failure to change feasibility, error 1014.
Failure to change feasibility, error 1014.
      15517           112           245.48      8550.14          8990.47       
      17604           112           275.37      8550.14          8990.47       
Failure to change feasibility, error 1014.
Failure to change feasibility, error 1014.
Failure to change feasibility, error 1014.
Failure to change feasibility, error 1014.
Failure to change feasibility, error 1014.
Failure to change feasibility, error 1014.
      19589           106           305.25      8550.14          8990.47       
Failure to change feasibility, error 1014.
Failure to change feasibility, error 1014.
Failure to change feasibility, error 1014.
Failure to change feasibility, error 1014.
Failure to change feasibility, error 1014.
Failure to change feasibility, error 1014.
Failure to change feasibility, error 1014.
Failure to change feasibility, error 1014.
      21594           107           335.14      8550.14          8990.47       
Failure to change feasibility, error 1014.
Failure to change feasibility, error 1014.
Failure to change feasibility, error 1014.
      23654           104           365.03      8550.14          8990.47       
Failure to change feasibility, error 1014.
Failure to change feasibility, error 1014.
Failure to change feasibility, error 1014.
Failure to change feasibility, error 1014.
Failure to change feasibility, error 1014.
Failure to change feasibility, error 1014.
Failure to change feasibility, error 1014.
Failure to change feasibility, error 1014.
      25644            94           394.91      8550.14          8990.47       
Failure to change feasibility, error 1014.
Failure to change feasibility, error 1014.
Failure to change feasibility, error 1014.
Failure to change feasibility, error 1014.
Failure to change feasibility, error 1014.
Failure to change feasibility, error 1014.
Failure to change feasibility, error 1014.
Failure to change feasibility, error 1014.
Failure to change feasibility, error 1014.
      27774            98           424.80      8550.14          8990.47       
Failure to change feasibility, error 1014.
Failure to change feasibility, error 1014.
Failure to change feasibility, error 1014.
Failure to change feasibility, error 1014.
Failure to change feasibility, error 1014.
Failure to change feasibility, error 1014.
Failure to change feasibility, error 1014.
Failure to change feasibility, error 1014.
Failure to change feasibility, error 1014.
      29778           100           454.69      8550.14          8990.47       
Failure to change feasibility, error 1014.
Failure to change feasibility, error 1014.
Failure to change feasibility, error 1014.
      31921            99           484.57      8550.14          8990.47       
Failure to change feasibility, error 1014.
Failure to change feasibility, error 1014.
Failure to change feasibility, error 1014.
Failure to change feasibility, error 1014.
Failure to change feasibility, error 1014.
Failure to change feasibility, error 1014.
Failure to change feasibility, error 1014.
      33998            85           514.46      8550.14          8990.47       
Failure to change feasibility, error 1014.
Failure to change feasibility, error 1014.
Failure to change feasibility, error 1014.
Failure to change feasibility, error 1014.
Failure to change feasibility, error 1014.
Failure to change feasibility, error 1014.
Failure to change feasibility, error 1014.
Failure to change feasibility, error 1014.
      36128            89           544.35      8550.14          8990.47       
Failure to change feasibility, error 1014.
Failure to change feasibility, error 1014.
Failure to change feasibility, error 1014.
Failure to change feasibility, error 1014.
Failure to change feasibility, error 1014.
Failure to change feasibility, error 1014.
Failure to change feasibility, error 1014.
Failure to change feasibility, error 1014.
Failure to change feasibility, error 1014.
      38169            85           574.24      8550.14          8990.47       
Failure to change feasibility, error 1014.
Failure to change feasibility, error 1014.
Failure to change feasibility, error 1014.
Failure to change feasibility, error 1014.
Failure to change feasibility, error 1014.
Failure to change feasibility, error 1014.
Failure to change feasibility, error 1014.
Failure to change feasibility, error 1014.
Failure to change feasibility, error 1014.
Failure to change feasibility, error 1014.
Failure to change feasibility, error 1014.
Failure to change feasibility, error 1014.
      40228            89           604.13      8550.14          8990.47       
Failure to change feasibility, error 1014.
Failure to change feasibility, error 1014.
      42261            87           634.01      8550.14          8990.47       
Failure to change feasibility, error 1014.
Failure to change feasibility, error 1014.
Failure to change feasibility, error 1014.
Failure to change feasibility, error 1014.
Failure to change feasibility, error 1014.
      44402            83           663.90      8550.14          8990.47       
Failure to change feasibility, error 1014.
Failure to change feasibility, error 1014.
Failure to change feasibility, error 1014.
Failure to change feasibility, error 1014.
Failure to change feasibility, error 1014.
Failure to change feasibility, error 1014.
Failure to change feasibility, error 1014.
      46325            84           693.79      8555.91          8990.47       
Failure to change feasibility, error 1014.
Failure to change feasibility, error 1014.
Failure to change feasibility, error 1014.
Failure to change feasibility, error 1014.
Failure to change feasibility, error 1014.
Failure to change feasibility, error 1014.
      48339            85           723.68      8555.91          8990.47       
Failure to change feasibility, error 1014.
      50325            87           753.56      8555.91          8990.47       
Failure to change feasibility, error 1014.
      52272            81           783.45      8555.91          8990.47       
Failure to change feasibility, error 1014.
Failure to change feasibility, error 1014.
Failure to change feasibility, error 1014.
Failure to change feasibility, error 1014.
Failure to change feasibility, error 1014.
Failure to change feasibility, error 1014.
Failure to change feasibility, error 1014.
Failure to change feasibility, error 1014.
Failure to change feasibility, error 1014.
      54420            81           813.34      8555.91          8990.47       
Failure to change feasibility, error 1014.
Failure to change feasibility, error 1014.
Failure to change feasibility, error 1014.
Failure to change feasibility, error 1014.
Failure to change feasibility, error 1014.
      56454            70           843.23      8555.91          8990.47       
Failure to change feasibility, error 1014.
Failure to change feasibility, error 1014.
Failure to change feasibility, error 1014.
Failure to change feasibility, error 1014.
Failure to change feasibility, error 1014.
Failure to change feasibility, error 1014.
Failure to change feasibility, error 1014.
Failure to change feasibility, error 1014.
      58500            68           873.12      8555.91          8990.47       
      60455            75           903.01      8555.91          8990.47       
Failure to change feasibility, error 1014.
      62492            69           932.90      8555.91          8990.47       
Failure to change feasibility, error 1014.
Failure to change feasibility, error 1014.
Failure to change feasibility, error 1014.
Failure to change feasibility, error 1014.
Failure to change feasibility, error 1014.
Failure to change feasibility, error 1014.
Failure to change feasibility, error 1014.
      64500            71           962.78      8555.91          8990.47       
Failure to change feasibility, error 1014.
Failure to change feasibility, error 1014.
Failure to change feasibility, error 1014.
Failure to change feasibility, error 1014.
      66502            65           992.67      8555.91          8990.47       
Failure to change feasibility, error 1014.
Failure to change feasibility, error 1014.
Failure to change feasibility, error 1014.
Failure to change feasibility, error 1014.
Failure to change feasibility, error 1014.
Failure to change feasibility, error 1014.
Failure to change feasibility, error 1014.
Failure to change feasibility, error 1014.
Failure to change feasibility, error 1014.
Failure to change feasibility, error 1014.
Failure to change feasibility, error 1014.
Failure to change feasibility, error 1014.
Failure to change feasibility, error 1014.
Failure to change feasibility, error 1014.
Failure to change feasibility, error 1014.
Failure to change feasibility, error 1014.
Failure to change feasibility, error 1014.
Failure to change feasibility, error 1014.
Failure to change feasibility, error 1014.
Failure to change feasibility, error 1014.
Failure to change feasibility, error 1014.
      68615            60          1022.56      8555.91          8990.47       
Failure to change feasibility, error 1014.
Failure to change feasibility, error 1014.
Failure to change feasibility, error 1014.
Failure to change feasibility, error 1014.
Failure to change feasibility, error 1014.
Failure to change feasibility, error 1014.
Failure to change feasibility, error 1014.
Failure to change feasibility, error 1014.
Failure to change feasibility, error 1014.
Failure to change feasibility, error 1014.
Failure to change feasibility, error 1014.
Failure to change feasibility, error 1014.
Failure to change feasibility, error 1014.
      70777            58          1052.45      8555.91          8990.47       
Failure to change feasibility, error 1014.
Failure to change feasibility, error 1014.
Failure to change feasibility, error 1014.
Failure to change feasibility, error 1014.
Failure to change feasibility, error 1014.
Failure to change feasibility, error 1014.
Failure to change feasibility, error 1014.
      72870            53          1082.34      8555.91          8990.47       
Failure to change feasibility, error 1014.
Failure to change feasibility, error 1014.
Failure to change feasibility, error 1014.
Failure to change feasibility, error 1014.
Failure to change feasibility, error 1014.
Failure to change feasibility, error 1014.
Failure to change feasibility, error 1014.
Failure to change feasibility, error 1014.
Failure to change feasibility, error 1014.
Failure to change feasibility, error 1014.
Failure to change feasibility, error 1014.
Failure to change feasibility, error 1014.
Failure to change feasibility, error 1014.
Failure to change feasibility, error 1014.
Failure to change feasibility, error 1014.
Failure to change feasibility, error 1014.
Failure to change feasibility, error 1014.
Failure to change feasibility, error 1014.
Failure to change feasibility, error 1014.
Failure to change feasibility, error 1014.
      74868            51          1112.23      8555.91          8990.47       
Failure to change feasibility, error 1014.
Failure to change feasibility, error 1014.
Failure to change feasibility, error 1014.
Failure to change feasibility, error 1014.
      76854            56          1142.12      8555.91          8990.47       
Failure to change feasibility, error 1014.
Failure to change feasibility, error 1014.
Failure to change feasibility, error 1014.
      78930            52          1172.01      8555.91          8990.47       
Failure to change feasibility, error 1014.
Failure to change feasibility, error 1014.
Failure to change feasibility, error 1014.
      81011            44          1201.90      8555.91          8990.47       
Failure to change feasibility, error 1014.
Failure to change feasibility, error 1014.
Failure to change feasibility, error 1014.
Failure to change feasibility, error 1014.
      83018            43          1231.79      8555.91          8990.47       
Failure to change feasibility, error 1014.
Failure to change feasibility, error 1014.
Failure to change feasibility, error 1014.
Failure to change feasibility, error 1014.
      85130            44          1261.68      8555.91          8990.47       
Failure to change feasibility, error 1014.
      87216            44          1291.57      8555.91          8990.47       
Failure to change feasibility, error 1014.
Failure to change feasibility, error 1014.
Failure to change feasibility, error 1014.
Failure to change feasibility, error 1014.
Failure to change feasibility, error 1014.
Failure to change feasibility, error 1014.
Failure to change feasibility, error 1014.
Failure to change feasibility, error 1014.
Failure to change feasibility, error 1014.
      89271            34          1321.45      8555.91          8990.47       
Failure to change feasibility, error 1014.
Failure to change feasibility, error 1014.
Failure to change feasibility, error 1014.
Failure to change feasibility, error 1014.
Failure to change feasibility, error 1014.
Failure to change feasibility, error 1014.
Failure to change feasibility, error 1014.
Failure to change feasibility, error 1014.
Failure to change feasibility, error 1014.
Failure to change feasibility, error 1014.
Failure to change feasibility, error 1014.
Failure to change feasibility, error 1014.
Failure to change feasibility, error 1014.
Failure to change feasibility, error 1014.
Failure to change feasibility, error 1014.
      91373            39          1351.35      8555.91          8990.47       
Failure to change feasibility, error 1014.
Failure to change feasibility, error 1014.
Failure to change feasibility, error 1014.
Failure to change feasibility, error 1014.
Failure to change feasibility, error 1014.
Failure to change feasibility, error 1014.
Failure to change feasibility, error 1014.
Failure to change feasibility, error 1014.
Failure to change feasibility, error 1014.
Failure to change feasibility, error 1014.
Failure to change feasibility, error 1014.
Failure to change feasibility, error 1014.
      93420            34          1381.23      8574.32          8990.47       
Failure to change feasibility, error 1014.
Failure to change feasibility, error 1014.
Failure to change feasibility, error 1014.
Failure to change feasibility, error 1014.
Failure to change feasibility, error 1014.
Failure to change feasibility, error 1014.
Failure to change feasibility, error 1014.
Failure to change feasibility, error 1014.
      95502            34          1411.12      8574.32          8990.47       
Failure to change feasibility, error 1014.
Failure to change feasibility, error 1014.
Failure to change feasibility, error 1014.
Failure to change feasibility, error 1014.
Failure to change feasibility, error 1014.
Failure to change feasibility, error 1014.
Failure to change feasibility, error 1014.
Failure to change feasibility, error 1014.
Failure to change feasibility, error 1014.
      97585            25          1441.01      8574.32          8990.47       
Failure to change feasibility, error 1014.
Failure to change feasibility, error 1014.
Failure to change feasibility, error 1014.
Failure to change feasibility, error 1014.
Failure to change feasibility, error 1014.
Failure to change feasibility, error 1014.
Failure to change feasibility, error 1014.
      99695            28          1470.90      8574.32          8990.47       
Failure to change feasibility, error 1014.
Failure to change feasibility, error 1014.
Failure to change feasibility, error 1014.
Failure to change feasibility, error 1014.
Failure to change feasibility, error 1014.
Failure to change feasibility, error 1014.
Failure to change feasibility, error 1014.
Failure to change feasibility, error 1014.
Failure to change feasibility, error 1014.
Failure to change feasibility, error 1014.
Failure to change feasibility, error 1014.
Failure to change feasibility, error 1014.
Failure to change feasibility, error 1014.
     101719            22          1500.79      8574.32          8990.47       
Failure to change feasibility, error 1014.
Failure to change feasibility, error 1014.
Failure to change feasibility, error 1014.
Failure to change feasibility, error 1014.
Failure to change feasibility, error 1014.
Failure to change feasibility, error 1014.
Failure to change feasibility, error 1014.
Failure to change feasibility, error 1014.
Failure to change feasibility, error 1014.
Failure to change feasibility, error 1014.
Failure to change feasibility, error 1014.
Failure to change feasibility, error 1014.
Failure to change feasibility, error 1014.
Failure to change feasibility, error 1014.
Failure to change feasibility, error 1014.
Failure to change feasibility, error 1014.
     103794            21          1530.68      8574.32          8990.47       
     105918            21          1560.57      8574.32          8990.47       
Failure to change feasibility, error 1014.
Failure to change feasibility, error 1014.
Failure to change feasibility, error 1014.
Failure to change feasibility, error 1014.
Failure to change feasibility, error 1014.
Failure to change feasibility, error 1014.
     108078            19          1590.46      8574.32          8990.47       
Failure to change feasibility, error 1014.
Failure to change feasibility, error 1014.
Failure to change feasibility, error 1014.
Failure to change feasibility, error 1014.
     110261            22          1620.35      8591.78          8990.47       
Failure to change feasibility, error 1014.
Failure to change feasibility, error 1014.
Failure to change feasibility, error 1014.
Failure to change feasibility, error 1014.
Failure to change feasibility, error 1014.
Failure to change feasibility, error 1014.
Failure to change feasibility, error 1014.
     112504            16          1650.24      8591.78          8990.47       
Failure to change feasibility, error 1014.
Failure to change feasibility, error 1014.
Failure to change feasibility, error 1014.
Failure to change feasibility, error 1014.
Failure to change feasibility, error 1014.
Failure to change feasibility, error 1014.
Failure to change feasibility, error 1014.
Failure to change feasibility, error 1014.
Failure to change feasibility, error 1014.
     114647            15          1680.12      8591.78          8990.47       
Failure to change feasibility, error 1014.
Failure to change feasibility, error 1014.
Failure to change feasibility, error 1014.
Failure to change feasibility, error 1014.
Failure to change feasibility, error 1014.
     116861            12          1710.01      8591.78          8990.47       
Failure to change feasibility, error 1014.
Failure to change feasibility, error 1014.
Failure to change feasibility, error 1014.
     118950            13          1739.90      8591.78          8990.47       
Failure to change feasibility, error 1014.
Failure to change feasibility, error 1014.
Failure to change feasibility, error 1014.
Failure to change feasibility, error 1014.
Failure to change feasibility, error 1014.
Failure to change feasibility, error 1014.
Failure to change feasibility, error 1014.
Failure to change feasibility, error 1014.
Failure to change feasibility, error 1014.
Failure to change feasibility, error 1014.
Failure to change feasibility, error 1014.
Failure to change feasibility, error 1014.
Failure to change feasibility, error 1014.
Failure to change feasibility, error 1014.
Failure to change feasibility, error 1014.
Failure to change feasibility, error 1014.
Failure to change feasibility, error 1014.
Failure to change feasibility, error 1014.
Failure to change feasibility, error 1014.
     121029             5          1769.79      8591.78          8990.47       
Failure to change feasibility, error 1014.
Failure to change feasibility, error 1014.
Failure to change feasibility, error 1014.
Failure to change feasibility, error 1014.
Failure to change feasibility, error 1014.
Failure to change feasibility, error 1014.
Failure to change feasibility, error 1014.
     123215             7          1799.68      8591.78          8990.47       
Failure to change feasibility, error 1014.
Failure to change feasibility, error 1014.
Failure to change feasibility, error 1014.
Failure to change feasibility, error 1014.
Failure to change feasibility, error 1014.
Failure to change feasibility, error 1014.
Failure to change feasibility, error 1014.
Failure to change feasibility, error 1014.
Failure to change feasibility, error 1014.
Failure to change feasibility, error 1014.
Failure to change feasibility, error 1014.
Failure to change feasibility, error 1014.
Failure to change feasibility, error 1014.
Failure to change feasibility, error 1014.
Failure to change feasibility, error 1014.
Failure to change feasibility, error 1014.
Failure to change feasibility, error 1014.
Failure to change feasibility, error 1014.
Failure to change feasibility, error 1014.
Failure to change feasibility, error 1014.
     125367             8          1829.57      8620.10          8990.47       
Failure to change feasibility, error 1014.
Failure to change feasibility, error 1014.
Failure to change feasibility, error 1014.
Failure to change feasibility, error 1014.
Failure to change feasibility, error 1014.
Failure to change feasibility, error 1014.
Failure to change feasibility, error 1014.
Failure to change feasibility, error 1014.
     127638             7          1859.46      8711.58          8990.47       
Failure to change feasibility, error 1014.
Failure to change feasibility, error 1014.
Failure to change feasibility, error 1014.
Failure to change feasibility, error 1014.
Failure to change feasibility, error 1014.
     129353             0          1883.26      8990.46          8990.47       

                         *** Normal completion ***            

 Wall clock time:                  1890.46
 Total CPU time used:              1883.26

 Total no. of BaR iterations:  129353
 Best solution found at node:   50196
 Max. no. of nodes in memory:     145
 
 All done
===========================================================================
reading holmberg data file ../../../../../instances/uflp/holmberg/p38
primal_bound = 8990.46548857, dual_bound = 8990.45649811, gap = 9.999993896077406e-5, time = 1893.11
