solving instance uflp nldep holmberg 39 sinabc1
Couenne 0.5.8 -- an Open-Source solver for Mixed Integer Nonlinear Optimization
Mailing list: couenne@list.coin-or.org
Instructions: http://www.coin-or.org/Couenne
couenne: 
ANALYSIS TEST: Reformulating problem: Couenne: new cutoff value 6.8775000000e+04 (6.04237 seconds)
6.0 seconds
NLP0012I 
              Num      Status      Obj             It       time                 Location
NLP0014I             1         OPT 7965.8607       35 3.181937
NLP0014I             2         OPT 7966.6124       41 2.207358
Couenne: new cutoff value 7.9666053108e+03 (11.6095 seconds)
Loaded instance "/tmp/jl_jza8MD/model.nl"
Constraints:         4710
Variables:           4590 (30 integer)
Auxiliaries:          299 (0 integer)

Coin0506I Presolve 4971 (-40) rows, 4671 (-218) columns and 23171 (-258) elements
Clp0006I 0  Obj 0 Primal inf 436.15019 (150)
Clp0006I 174  Obj 7354 Primal inf 197.94967 (140)
Clp0006I 246  Obj 7889
Clp0000I Optimal - objective value 7889
Clp0032I Optimal objective 7889 - 246 iterations time 0.082, Presolve 0.06
Clp0000I Optimal - objective value 7889
NLP Heuristic: NLP0014I             3         OPT 7965.8607       40 3.13787
no solution.
Clp0000I Optimal - objective value 7889
Optimality Based BT: 21 improved bounds
Probing: 0 improved bounds
NLP Heuristic: time limit reached.
Cbc0031I 67 added rows had average density of 2
Cbc0013I At root node, 67 cuts changed objective from 7889 to 7965.7042 in 12 passes
Cbc0014I Cut generator 0 (Couenne convexifier cuts) - 374 row cuts average 2.0 elements, 22 column cuts (22 active)
Cbc0010I After 0 nodes, 1 on tree, 1e+50 best solution, best possible -1.7976931e+308 (31.34 seconds)
Optimality Based BT: 44 improved bounds
Optimality Based BT: 43 improved bounds
Optimality Based BT: 24 improved bounds
Optimality Based BT: 28 improved bounds
Cbc0010I After 100 nodes, 48 on tree, 1e+50 best solution, best possible 7965.8744 (181.67 seconds)
Cbc0010I After 200 nodes, 97 on tree, 1e+50 best solution, best possible 7965.8744 (189.42 seconds)
Cbc0010I After 300 nodes, 147 on tree, 1e+50 best solution, best possible 7965.8744 (196.82 seconds)
Cbc0010I After 400 nodes, 196 on tree, 1e+50 best solution, best possible 7965.8744 (204.00 seconds)
Cbc0010I After 500 nodes, 246 on tree, 1e+50 best solution, best possible 7965.8744 (211.93 seconds)
Cbc0010I After 600 nodes, 296 on tree, 1e+50 best solution, best possible 7965.8744 (219.92 seconds)
Cbc0010I After 700 nodes, 345 on tree, 1e+50 best solution, best possible 7965.8744 (228.09 seconds)
Cbc0010I After 800 nodes, 394 on tree, 1e+50 best solution, best possible 7965.8744 (236.54 seconds)
Cbc0010I After 900 nodes, 441 on tree, 1e+50 best solution, best possible 7965.8744 (244.81 seconds)
Couenne: new cutoff value 7.9658847231e+03 (260.763 seconds)
Cbc0004I Integer solution of 7965.8847 found after 2908 iterations and 962 nodes (248.80 seconds)
Cbc0010I After 1000 nodes, 319 on tree, 7965.8847 best solution, best possible 7965.8786 (252.99 seconds)
Cbc0010I After 1100 nodes, 349 on tree, 7965.8847 best solution, best possible 7965.8796 (261.77 seconds)
Cbc0010I After 1200 nodes, 388 on tree, 7965.8847 best solution, best possible 7965.8796 (270.61 seconds)
Cbc0010I After 1300 nodes, 429 on tree, 7965.8847 best solution, best possible 7965.8796 (278.87 seconds)
Cbc0010I After 1400 nodes, 477 on tree, 7965.8847 best solution, best possible 7965.8796 (287.27 seconds)
Cbc0010I After 1500 nodes, 525 on tree, 7965.8847 best solution, best possible 7965.8796 (296.22 seconds)
Cbc0010I After 1600 nodes, 572 on tree, 7965.8847 best solution, best possible 7965.8796 (306.00 seconds)
Cbc0010I After 1700 nodes, 606 on tree, 7965.8847 best solution, best possible 7965.8796 (314.06 seconds)
Cbc0010I After 1800 nodes, 654 on tree, 7965.8847 best solution, best possible 7965.8796 (322.36 seconds)
Cbc0010I After 1900 nodes, 701 on tree, 7965.8847 best solution, best possible 7965.8796 (330.96 seconds)
Cbc0010I After 2000 nodes, 750 on tree, 7965.8847 best solution, best possible 7965.8796 (340.65 seconds)
Cbc0010I After 2100 nodes, 786 on tree, 7965.8847 best solution, best possible 7965.8796 (349.51 seconds)
Cbc0010I After 2200 nodes, 833 on tree, 7965.8847 best solution, best possible 7965.8796 (357.77 seconds)
Cbc0010I After 2300 nodes, 881 on tree, 7965.8847 best solution, best possible 7965.8796 (365.96 seconds)
Cbc0010I After 2400 nodes, 929 on tree, 7965.8847 best solution, best possible 7965.8796 (375.33 seconds)
Cbc0010I After 2500 nodes, 965 on tree, 7965.8847 best solution, best possible 7965.8796 (384.28 seconds)
Cbc0010I After 2600 nodes, 1011 on tree, 7965.8847 best solution, best possible 7965.8796 (392.34 seconds)
Cbc0010I After 2700 nodes, 1059 on tree, 7965.8847 best solution, best possible 7965.8796 (400.57 seconds)
Cbc0010I After 2800 nodes, 1108 on tree, 7965.8847 best solution, best possible 7965.8796 (409.85 seconds)
Cbc0010I After 2900 nodes, 1149 on tree, 7965.8847 best solution, best possible 7965.8796 (419.19 seconds)
Cbc0010I After 3000 nodes, 1193 on tree, 7965.8847 best solution, best possible 7965.8796 (427.06 seconds)
Cbc0010I After 3100 nodes, 1241 on tree, 7965.8847 best solution, best possible 7965.8796 (435.30 seconds)
Cbc0010I After 3200 nodes, 1290 on tree, 7965.8847 best solution, best possible 7965.8796 (444.60 seconds)
Cbc0010I After 3300 nodes, 1332 on tree, 7965.8847 best solution, best possible 7965.8796 (454.14 seconds)
Cbc0010I After 3400 nodes, 1373 on tree, 7965.8847 best solution, best possible 7965.8796 (462.30 seconds)
Cbc0010I After 3500 nodes, 1420 on tree, 7965.8847 best solution, best possible 7965.8796 (470.60 seconds)
Cbc0010I After 3600 nodes, 1467 on tree, 7965.8847 best solution, best possible 7965.8796 (479.24 seconds)
Cbc0010I After 3700 nodes, 1516 on tree, 7965.8847 best solution, best possible 7965.8796 (488.85 seconds)
Cbc0010I After 3800 nodes, 1553 on tree, 7965.8847 best solution, best possible 7965.8796 (497.31 seconds)
Cbc0010I After 3900 nodes, 1598 on tree, 7965.8847 best solution, best possible 7965.8796 (505.42 seconds)
Cbc0010I After 4000 nodes, 1646 on tree, 7965.8847 best solution, best possible 7965.8796 (513.66 seconds)
Cbc0010I After 4100 nodes, 1694 on tree, 7965.8847 best solution, best possible 7965.8796 (522.90 seconds)
Cbc0010I After 4200 nodes, 1732 on tree, 7965.8847 best solution, best possible 7965.8796 (531.94 seconds)
Cbc0010I After 4300 nodes, 1778 on tree, 7965.8847 best solution, best possible 7965.8796 (540.17 seconds)
Cbc0010I After 4400 nodes, 1825 on tree, 7965.8847 best solution, best possible 7965.8796 (548.50 seconds)
Cbc0010I After 4500 nodes, 1873 on tree, 7965.8847 best solution, best possible 7965.8796 (557.89 seconds)
Cbc0010I After 4600 nodes, 1912 on tree, 7965.8847 best solution, best possible 7965.8796 (567.22 seconds)
Cbc0010I After 4700 nodes, 1956 on tree, 7965.8847 best solution, best possible 7965.8796 (575.35 seconds)
Cbc0010I After 4800 nodes, 2004 on tree, 7965.8847 best solution, best possible 7965.8796 (583.67 seconds)
Cbc0010I After 4900 nodes, 2051 on tree, 7965.8847 best solution, best possible 7965.8796 (592.92 seconds)
Cbc0010I After 5000 nodes, 2093 on tree, 7965.8847 best solution, best possible 7965.8796 (602.68 seconds)
Cbc0010I After 5100 nodes, 2133 on tree, 7965.8847 best solution, best possible 7965.8796 (610.75 seconds)
Cbc0010I After 5200 nodes, 2181 on tree, 7965.8847 best solution, best possible 7965.8796 (618.86 seconds)
Cbc0010I After 5300 nodes, 2230 on tree, 7965.8847 best solution, best possible 7965.8796 (627.57 seconds)
Cbc0010I After 5400 nodes, 2278 on tree, 7965.8847 best solution, best possible 7965.8796 (637.33 seconds)
Cbc0010I After 5500 nodes, 2318 on tree, 7965.8847 best solution, best possible 7965.8796 (645.90 seconds)
Cbc0010I After 5600 nodes, 2365 on tree, 7965.8847 best solution, best possible 7965.8796 (653.95 seconds)
Cbc0010I After 5700 nodes, 2413 on tree, 7965.8847 best solution, best possible 7965.8796 (662.53 seconds)
Cbc0010I After 5800 nodes, 2462 on tree, 7965.8847 best solution, best possible 7965.8796 (672.11 seconds)
Cbc0010I After 5900 nodes, 2498 on tree, 7965.8847 best solution, best possible 7965.8796 (680.67 seconds)
Cbc0010I After 6000 nodes, 2546 on tree, 7965.8847 best solution, best possible 7965.8796 (688.92 seconds)
Cbc0010I After 6100 nodes, 2593 on tree, 7965.8847 best solution, best possible 7965.8796 (697.49 seconds)
Cbc0010I After 6200 nodes, 2642 on tree, 7965.8847 best solution, best possible 7965.8796 (706.97 seconds)
Cbc0010I After 6300 nodes, 2680 on tree, 7965.8847 best solution, best possible 7965.8796 (715.64 seconds)
Cbc0010I After 6400 nodes, 2726 on tree, 7965.8847 best solution, best possible 7965.8796 (723.63 seconds)
Cbc0010I After 6500 nodes, 2773 on tree, 7965.8847 best solution, best possible 7965.8796 (732.21 seconds)
Cbc0010I After 6600 nodes, 2822 on tree, 7965.8847 best solution, best possible 7965.8796 (741.40 seconds)
Cbc0010I After 6700 nodes, 2863 on tree, 7965.8847 best solution, best possible 7965.8796 (750.74 seconds)
Cbc0010I After 6800 nodes, 2909 on tree, 7965.8847 best solution, best possible 7965.8796 (758.97 seconds)
Cbc0010I After 6900 nodes, 2956 on tree, 7965.8847 best solution, best possible 7965.8796 (767.30 seconds)
Cbc0010I After 7000 nodes, 3004 on tree, 7965.8847 best solution, best possible 7965.8796 (776.67 seconds)
Cbc0010I After 7100 nodes, 3041 on tree, 7965.8847 best solution, best possible 7965.8796 (785.95 seconds)
Cbc0010I After 7200 nodes, 3087 on tree, 7965.8847 best solution, best possible 7965.8796 (794.20 seconds)
Cbc0010I After 7300 nodes, 3134 on tree, 7965.8847 best solution, best possible 7965.8796 (802.56 seconds)
Cbc0010I After 7400 nodes, 3182 on tree, 7965.8847 best solution, best possible 7965.8796 (811.96 seconds)
Cbc0010I After 7500 nodes, 3222 on tree, 7965.8847 best solution, best possible 7965.8796 (821.60 seconds)
Cbc0010I After 7600 nodes, 3266 on tree, 7965.8847 best solution, best possible 7965.8796 (829.69 seconds)
Cbc0010I After 7700 nodes, 3314 on tree, 7965.8847 best solution, best possible 7965.8796 (837.97 seconds)
Cbc0010I After 7800 nodes, 3361 on tree, 7965.8847 best solution, best possible 7965.8796 (847.19 seconds)
Cbc0010I After 7900 nodes, 3405 on tree, 7965.8847 best solution, best possible 7965.8796 (857.12 seconds)
Cbc0010I After 8000 nodes, 3449 on tree, 7965.8847 best solution, best possible 7965.8796 (865.49 seconds)
Cbc0010I After 8100 nodes, 3496 on tree, 7965.8847 best solution, best possible 7965.8796 (873.67 seconds)
Cbc0010I After 8200 nodes, 3544 on tree, 7965.8847 best solution, best possible 7965.8796 (882.61 seconds)
Cbc0010I After 8300 nodes, 3591 on tree, 7965.8847 best solution, best possible 7965.8796 (892.29 seconds)
Cbc0010I After 8400 nodes, 3628 on tree, 7965.8847 best solution, best possible 7965.8796 (900.67 seconds)
Cbc0010I After 8500 nodes, 3674 on tree, 7965.8847 best solution, best possible 7965.8796 (908.74 seconds)
Cbc0010I After 8600 nodes, 3720 on tree, 7965.8847 best solution, best possible 7965.8796 (917.40 seconds)
Cbc0010I After 8700 nodes, 3768 on tree, 7965.8847 best solution, best possible 7965.8796 (927.05 seconds)
Cbc0010I After 8800 nodes, 3804 on tree, 7965.8847 best solution, best possible 7965.8796 (935.65 seconds)
Cbc0010I After 8900 nodes, 3852 on tree, 7965.8847 best solution, best possible 7965.8796 (943.71 seconds)
Cbc0010I After 9000 nodes, 3899 on tree, 7965.8847 best solution, best possible 7965.8796 (952.18 seconds)
Cbc0010I After 9100 nodes, 3948 on tree, 7965.8847 best solution, best possible 7965.8796 (961.74 seconds)
Cbc0010I After 9200 nodes, 3985 on tree, 7965.8847 best solution, best possible 7965.8796 (970.60 seconds)
Cbc0010I After 9300 nodes, 4033 on tree, 7965.8847 best solution, best possible 7965.8796 (978.80 seconds)
Cbc0010I After 9400 nodes, 4080 on tree, 7965.8847 best solution, best possible 7965.8796 (987.39 seconds)
Cbc0010I After 9500 nodes, 4127 on tree, 7965.8847 best solution, best possible 7965.8796 (996.83 seconds)
Cbc0010I After 9600 nodes, 4168 on tree, 7965.8847 best solution, best possible 7965.8796 (1006.28 seconds)
Cbc0010I After 9700 nodes, 4213 on tree, 7965.8847 best solution, best possible 7965.8796 (1014.49 seconds)
Cbc0010I After 9800 nodes, 4260 on tree, 7965.8847 best solution, best possible 7965.8796 (1022.96 seconds)
Cbc0010I After 9900 nodes, 4307 on tree, 7965.8847 best solution, best possible 7965.8796 (1031.84 seconds)
Cbc0010I After 10000 nodes, 4347 on tree, 7965.8847 best solution, best possible 7965.8796 (1040.75 seconds)
Cbc0010I After 10100 nodes, 4392 on tree, 7965.8847 best solution, best possible 7965.8796 (1048.92 seconds)
Cbc0010I After 10200 nodes, 4439 on tree, 7965.8847 best solution, best possible 7965.8796 (1057.23 seconds)
Cbc0010I After 10300 nodes, 4488 on tree, 7965.8847 best solution, best possible 7965.8796 (1066.21 seconds)
Cbc0010I After 10400 nodes, 4530 on tree, 7965.8847 best solution, best possible 7965.8796 (1075.43 seconds)
Cbc0010I After 10500 nodes, 4574 on tree, 7965.8847 best solution, best possible 7965.8796 (1083.49 seconds)
Cbc0010I After 10600 nodes, 4621 on tree, 7965.8847 best solution, best possible 7965.8796 (1091.76 seconds)
Cbc0010I After 10700 nodes, 4669 on tree, 7965.8847 best solution, best possible 7965.8796 (1100.75 seconds)
Cbc0010I After 10800 nodes, 4713 on tree, 7965.8847 best solution, best possible 7965.8796 (1110.28 seconds)
Cbc0010I After 10900 nodes, 4756 on tree, 7965.8847 best solution, best possible 7965.8796 (1118.67 seconds)
Cbc0010I After 11000 nodes, 4803 on tree, 7965.8847 best solution, best possible 7965.8796 (1126.87 seconds)
Cbc0010I After 11100 nodes, 4850 on tree, 7965.8847 best solution, best possible 7965.8796 (1135.85 seconds)
Cbc0010I After 11200 nodes, 4898 on tree, 7965.8847 best solution, best possible 7965.8796 (1145.06 seconds)
Cbc0010I After 11300 nodes, 4935 on tree, 7965.8847 best solution, best possible 7965.8796 (1153.23 seconds)
Cbc0010I After 11400 nodes, 4983 on tree, 7965.8847 best solution, best possible 7965.8796 (1161.38 seconds)
Cbc0010I After 11500 nodes, 5030 on tree, 7965.8847 best solution, best possible 7965.8796 (1170.06 seconds)
Cbc0010I After 11600 nodes, 5077 on tree, 7965.8847 best solution, best possible 7965.8796 (1179.15 seconds)
Cbc0010I After 11700 nodes, 5112 on tree, 7965.8847 best solution, best possible 7965.8796 (1187.22 seconds)
Cbc0010I After 11800 nodes, 5159 on tree, 7965.8847 best solution, best possible 7965.8796 (1195.27 seconds)
Cbc0010I After 11900 nodes, 5206 on tree, 7965.8847 best solution, best possible 7965.8796 (1204.02 seconds)
Cbc0010I After 12000 nodes, 5255 on tree, 7965.8847 best solution, best possible 7965.8796 (1213.33 seconds)
Cbc0010I After 12100 nodes, 5294 on tree, 7965.8847 best solution, best possible 7965.8796 (1221.72 seconds)
Cbc0010I After 12200 nodes, 5342 on tree, 7965.8847 best solution, best possible 7965.8796 (1229.94 seconds)
Cbc0010I After 12300 nodes, 5390 on tree, 7965.8847 best solution, best possible 7965.8796 (1239.09 seconds)
Cbc0010I After 12400 nodes, 5434 on tree, 7965.8847 best solution, best possible 7965.8796 (1249.02 seconds)
Cbc0010I After 12500 nodes, 5476 on tree, 7965.8847 best solution, best possible 7965.8796 (1257.14 seconds)
Cbc0010I After 12600 nodes, 5523 on tree, 7965.8847 best solution, best possible 7965.8796 (1265.40 seconds)
Cbc0010I After 12700 nodes, 5572 on tree, 7965.8847 best solution, best possible 7965.8796 (1274.95 seconds)
Cbc0010I After 12800 nodes, 5614 on tree, 7965.8847 best solution, best possible 7965.8796 (1284.88 seconds)
Cbc0010I After 12900 nodes, 5654 on tree, 7965.8847 best solution, best possible 7965.8796 (1293.59 seconds)
Cbc0010I After 13000 nodes, 5695 on tree, 7965.8847 best solution, best possible 7965.8796 (1301.79 seconds)
Cbc0010I After 13100 nodes, 5743 on tree, 7965.8847 best solution, best possible 7965.8796 (1310.20 seconds)
Cbc0010I After 13200 nodes, 5792 on tree, 7965.8847 best solution, best possible 7965.8796 (1319.10 seconds)
Cbc0010I After 13300 nodes, 5839 on tree, 7965.8847 best solution, best possible 7965.8796 (1328.96 seconds)
Cbc0010I After 13400 nodes, 5872 on tree, 7965.8847 best solution, best possible 7965.8796 (1337.54 seconds)
Cbc0010I After 13500 nodes, 5916 on tree, 7965.8847 best solution, best possible 7965.8796 (1345.81 seconds)
Cbc0010I After 13600 nodes, 5963 on tree, 7965.8847 best solution, best possible 7965.8796 (1354.05 seconds)
Cbc0010I After 13700 nodes, 6012 on tree, 7965.8847 best solution, best possible 7965.8796 (1363.36 seconds)
Cbc0010I After 13800 nodes, 6051 on tree, 7965.8847 best solution, best possible 7965.8796 (1372.72 seconds)
Cbc0010I After 13900 nodes, 6093 on tree, 7965.8847 best solution, best possible 7965.8796 (1380.97 seconds)
Cbc0010I After 14000 nodes, 6139 on tree, 7965.8847 best solution, best possible 7965.8796 (1389.10 seconds)
Cbc0010I After 14100 nodes, 6188 on tree, 7965.8847 best solution, best possible 7965.8796 (1397.97 seconds)
Cbc0010I After 14200 nodes, 6236 on tree, 7965.8847 best solution, best possible 7965.8796 (1407.75 seconds)
Cbc0010I After 14300 nodes, 6271 on tree, 7965.8847 best solution, best possible 7965.8796 (1416.29 seconds)
Cbc0010I After 14400 nodes, 6320 on tree, 7965.8847 best solution, best possible 7965.8796 (1424.45 seconds)
Cbc0010I After 14500 nodes, 6366 on tree, 7965.8847 best solution, best possible 7965.8796 (1432.79 seconds)
Cbc0010I After 14600 nodes, 6415 on tree, 7965.8847 best solution, best possible 7965.8796 (1441.91 seconds)
Cbc0010I After 14700 nodes, 6450 on tree, 7965.8847 best solution, best possible 7965.8796 (1450.34 seconds)
Cbc0010I After 14800 nodes, 6498 on tree, 7965.8847 best solution, best possible 7965.8796 (1458.71 seconds)
Cbc0010I After 14900 nodes, 6545 on tree, 7965.8847 best solution, best possible 7965.8796 (1467.19 seconds)
Cbc0010I After 15000 nodes, 6595 on tree, 7965.8847 best solution, best possible 7965.8796 (1476.71 seconds)
Cbc0010I After 15100 nodes, 6628 on tree, 7965.8847 best solution, best possible 7965.8796 (1485.61 seconds)
Cbc0010I After 15200 nodes, 6673 on tree, 7965.8847 best solution, best possible 7965.8796 (1493.69 seconds)
Cbc0010I After 15300 nodes, 6720 on tree, 7965.8847 best solution, best possible 7965.8796 (1501.91 seconds)
Cbc0010I After 15400 nodes, 6769 on tree, 7965.8847 best solution, best possible 7965.8796 (1511.34 seconds)
Cbc0010I After 15500 nodes, 6807 on tree, 7965.8847 best solution, best possible 7965.8796 (1520.78 seconds)
Cbc0010I After 15600 nodes, 6849 on tree, 7965.8847 best solution, best possible 7965.8796 (1528.82 seconds)
Cbc0010I After 15700 nodes, 6897 on tree, 7965.8847 best solution, best possible 7965.8796 (1537.26 seconds)
Cbc0010I After 15800 nodes, 6946 on tree, 7965.8847 best solution, best possible 7965.8796 (1546.49 seconds)
Cbc0010I After 15900 nodes, 6985 on tree, 7965.8847 best solution, best possible 7965.8796 (1556.23 seconds)
Cbc0010I After 16000 nodes, 7025 on tree, 7965.8847 best solution, best possible 7965.8796 (1564.46 seconds)
Cbc0010I After 16100 nodes, 7072 on tree, 7965.8847 best solution, best possible 7965.8796 (1572.74 seconds)
Cbc0010I After 16200 nodes, 7120 on tree, 7965.8847 best solution, best possible 7965.8796 (1581.58 seconds)
Cbc0010I After 16300 nodes, 7169 on tree, 7965.8847 best solution, best possible 7965.8796 (1591.47 seconds)
Cbc0010I After 16400 nodes, 7205 on tree, 7965.8847 best solution, best possible 7965.8796 (1600.20 seconds)
Cbc0010I After 16500 nodes, 7250 on tree, 7965.8847 best solution, best possible 7965.8796 (1608.33 seconds)
Cbc0010I After 16600 nodes, 7297 on tree, 7965.8847 best solution, best possible 7965.8796 (1616.67 seconds)
Cbc0010I After 16700 nodes, 7345 on tree, 7965.8847 best solution, best possible 7965.8796 (1626.14 seconds)
Cbc0010I After 16800 nodes, 7383 on tree, 7965.8847 best solution, best possible 7965.8796 (1635.55 seconds)
Cbc0010I After 16900 nodes, 7427 on tree, 7965.8847 best solution, best possible 7965.8796 (1643.64 seconds)
Cbc0010I After 17000 nodes, 7474 on tree, 7965.8847 best solution, best possible 7965.8796 (1651.82 seconds)
Cbc0010I After 17100 nodes, 7522 on tree, 7965.8847 best solution, best possible 7965.8796 (1660.75 seconds)
Cbc0010I After 17200 nodes, 7564 on tree, 7965.8847 best solution, best possible 7965.8796 (1669.77 seconds)
Cbc0010I After 17300 nodes, 7612 on tree, 7965.8847 best solution, best possible 7965.8796 (1678.14 seconds)
Cbc0010I After 17400 nodes, 7658 on tree, 7965.8847 best solution, best possible 7965.8796 (1686.57 seconds)
Cbc0010I After 17500 nodes, 7707 on tree, 7965.8847 best solution, best possible 7965.8796 (1696.16 seconds)
Cbc0010I After 17600 nodes, 7741 on tree, 7965.8847 best solution, best possible 7965.8796 (1704.92 seconds)
Cbc0010I After 17700 nodes, 7788 on tree, 7965.8847 best solution, best possible 7965.8796 (1713.16 seconds)
Cbc0010I After 17800 nodes, 7835 on tree, 7965.8847 best solution, best possible 7965.8796 (1721.52 seconds)
Cbc0010I After 17900 nodes, 7884 on tree, 7965.8847 best solution, best possible 7965.8796 (1730.61 seconds)
Cbc0010I After 18000 nodes, 7926 on tree, 7965.8847 best solution, best possible 7965.8796 (1740.29 seconds)
Cbc0010I After 18100 nodes, 7962 on tree, 7965.8847 best solution, best possible 7965.8796 (1748.22 seconds)
Cbc0010I After 18200 nodes, 8010 on tree, 7965.8847 best solution, best possible 7965.8796 (1756.52 seconds)
Cbc0010I After 18300 nodes, 8056 on tree, 7965.8847 best solution, best possible 7965.8796 (1764.96 seconds)
Cbc0010I After 18400 nodes, 8106 on tree, 7965.8847 best solution, best possible 7965.8796 (1774.07 seconds)
Cbc0010I After 18500 nodes, 8144 on tree, 7965.8847 best solution, best possible 7965.8796 (1782.60 seconds)
Cbc0010I After 18600 nodes, 8190 on tree, 7965.8847 best solution, best possible 7965.8796 (1790.89 seconds)
Cbc0010I After 18700 nodes, 8236 on tree, 7965.8847 best solution, best possible 7965.8796 (1799.00 seconds)
Cbc0010I After 18800 nodes, 8284 on tree, 7965.8847 best solution, best possible 7965.8796 (1808.05 seconds)
Cbc0010I After 18900 nodes, 8321 on tree, 7965.8847 best solution, best possible 7965.8796 (1816.79 seconds)
Cbc0010I After 19000 nodes, 8364 on tree, 7965.8847 best solution, best possible 7965.8796 (1824.81 seconds)
Cbc0010I After 19100 nodes, 8412 on tree, 7965.8847 best solution, best possible 7965.8796 (1833.15 seconds)
Cbc0010I After 19200 nodes, 8460 on tree, 7965.8847 best solution, best possible 7965.8796 (1842.18 seconds)
Cbc0010I After 19300 nodes, 8503 on tree, 7965.8847 best solution, best possible 7965.8796 (1851.10 seconds)
Cbc0010I After 19400 nodes, 8544 on tree, 7965.8847 best solution, best possible 7965.8796 (1859.14 seconds)
Cbc0010I After 19500 nodes, 8591 on tree, 7965.8847 best solution, best possible 7965.8796 (1867.33 seconds)
Cbc0010I After 19600 nodes, 8638 on tree, 7965.8847 best solution, best possible 7965.8796 (1876.25 seconds)
Cbc0010I After 19700 nodes, 8682 on tree, 7965.8847 best solution, best possible 7965.8796 (1885.62 seconds)
Cbc0010I After 19800 nodes, 8724 on tree, 7965.8847 best solution, best possible 7965.8796 (1893.98 seconds)
Cbc0010I After 19900 nodes, 8771 on tree, 7965.8847 best solution, best possible 7965.8796 (1902.25 seconds)
Cbc0010I After 20000 nodes, 8820 on tree, 7965.8847 best solution, best possible 7965.8796 (1911.07 seconds)
Cbc0010I After 20100 nodes, 8868 on tree, 7965.8847 best solution, best possible 7965.8796 (1920.89 seconds)
Cbc0010I After 20200 nodes, 8905 on tree, 7965.8847 best solution, best possible 7965.8796 (1929.70 seconds)
Cbc0010I After 20300 nodes, 8954 on tree, 7965.8847 best solution, best possible 7965.8796 (1938.04 seconds)
Cbc0010I After 20400 nodes, 9000 on tree, 7965.8847 best solution, best possible 7965.8796 (1946.46 seconds)
Cbc0010I After 20500 nodes, 9049 on tree, 7965.8847 best solution, best possible 7965.8796 (1955.60 seconds)
Cbc0010I After 20600 nodes, 9087 on tree, 7965.8847 best solution, best possible 7965.8796 (1964.21 seconds)
Cbc0010I After 20700 nodes, 9136 on tree, 7965.8847 best solution, best possible 7965.8796 (1972.37 seconds)
Cbc0010I After 20800 nodes, 9182 on tree, 7965.8847 best solution, best possible 7965.8796 (1981.01 seconds)
Cbc0010I After 20900 nodes, 9232 on tree, 7965.8847 best solution, best possible 7965.8796 (1990.95 seconds)
Cbc0010I After 21000 nodes, 9270 on tree, 7965.8847 best solution, best possible 7965.8796 (1999.92 seconds)
Cbc0010I After 21100 nodes, 9318 on tree, 7965.8847 best solution, best possible 7965.8796 (2008.23 seconds)
Cbc0010I After 21200 nodes, 9365 on tree, 7965.8847 best solution, best possible 7965.8796 (2016.55 seconds)
Cbc0010I After 21300 nodes, 9413 on tree, 7965.8847 best solution, best possible 7965.8796 (2025.95 seconds)
Cbc0010I After 21400 nodes, 9450 on tree, 7965.8847 best solution, best possible 7965.8796 (2035.01 seconds)
Cbc0010I After 21500 nodes, 9495 on tree, 7965.8847 best solution, best possible 7965.8796 (2043.14 seconds)
Cbc0010I After 21600 nodes, 9542 on tree, 7965.8847 best solution, best possible 7965.8796 (2051.57 seconds)
Cbc0010I After 21700 nodes, 9590 on tree, 7965.8847 best solution, best possible 7965.8796 (2060.59 seconds)
Cbc0010I After 21800 nodes, 9629 on tree, 7965.8847 best solution, best possible 7965.8796 (2069.79 seconds)
Cbc0010I After 21900 nodes, 9675 on tree, 7965.8847 best solution, best possible 7965.8796 (2077.93 seconds)
Cbc0010I After 22000 nodes, 9722 on tree, 7965.8847 best solution, best possible 7965.8796 (2086.30 seconds)
Cbc0010I After 22100 nodes, 9771 on tree, 7965.8847 best solution, best possible 7965.8796 (2095.94 seconds)
Cbc0010I After 22200 nodes, 9812 on tree, 7965.8847 best solution, best possible 7965.8796 (2105.44 seconds)
Cbc0010I After 22300 nodes, 9857 on tree, 7965.8847 best solution, best possible 7965.8796 (2113.70 seconds)
Cbc0010I After 22400 nodes, 9905 on tree, 7965.8847 best solution, best possible 7965.8796 (2122.05 seconds)
Cbc0010I After 22500 nodes, 9954 on tree, 7965.8847 best solution, best possible 7965.8796 (2131.35 seconds)
Cbc0010I After 22600 nodes, 9993 on tree, 7965.8847 best solution, best possible 7965.8796 (2140.86 seconds)
Cbc0010I After 22700 nodes, 10040 on tree, 7965.8847 best solution, best possible 7965.8796 (2149.23 seconds)
Cbc0010I After 22800 nodes, 10087 on tree, 7965.8847 best solution, best possible 7965.8796 (2157.55 seconds)
Cbc0010I After 22900 nodes, 10136 on tree, 7965.8847 best solution, best possible 7965.8796 (2166.81 seconds)
Cbc0010I After 23000 nodes, 10174 on tree, 7965.8847 best solution, best possible 7965.8796 (2176.06 seconds)
Cbc0010I After 23100 nodes, 10220 on tree, 7965.8847 best solution, best possible 7965.8796 (2184.13 seconds)
Cbc0010I After 23200 nodes, 10266 on tree, 7965.8847 best solution, best possible 7965.8796 (2192.64 seconds)
Cbc0010I After 23300 nodes, 10316 on tree, 7965.8847 best solution, best possible 7965.8796 (2202.15 seconds)
Cbc0010I After 23400 nodes, 10352 on tree, 7965.8847 best solution, best possible 7965.8796 (2211.32 seconds)
Cbc0010I After 23500 nodes, 10397 on tree, 7965.8847 best solution, best possible 7965.8796 (2219.50 seconds)
Cbc0010I After 23600 nodes, 10444 on tree, 7965.8847 best solution, best possible 7965.8796 (2227.70 seconds)
Cbc0010I After 23700 nodes, 10492 on tree, 7965.8847 best solution, best possible 7965.8796 (2236.98 seconds)
Cbc0010I After 23800 nodes, 10533 on tree, 7965.8847 best solution, best possible 7965.8796 (2246.85 seconds)
Cbc0010I After 23900 nodes, 10575 on tree, 7965.8847 best solution, best possible 7965.8796 (2255.05 seconds)
Cbc0010I After 24000 nodes, 10623 on tree, 7965.8847 best solution, best possible 7965.8796 (2263.18 seconds)
Cbc0010I After 24100 nodes, 10670 on tree, 7965.8847 best solution, best possible 7965.8796 (2272.07 seconds)
Cbc0010I After 24200 nodes, 10707 on tree, 7965.8847 best solution, best possible 7965.8796 (2280.88 seconds)
Cbc0010I After 24300 nodes, 10752 on tree, 7965.8847 best solution, best possible 7965.8796 (2289.09 seconds)
Cbc0010I After 24400 nodes, 10800 on tree, 7965.8847 best solution, best possible 7965.8796 (2297.26 seconds)
Cbc0010I After 24500 nodes, 10848 on tree, 7965.8847 best solution, best possible 7965.8796 (2306.45 seconds)
Cbc0010I After 24600 nodes, 10895 on tree, 7965.8847 best solution, best possible 7965.8796 (2316.49 seconds)
Cbc0010I After 24700 nodes, 10933 on tree, 7965.8847 best solution, best possible 7965.8796 (2324.91 seconds)
Cbc0010I After 24800 nodes, 10980 on tree, 7965.8847 best solution, best possible 7965.8796 (2333.07 seconds)
Cbc0010I After 24900 nodes, 11026 on tree, 7965.8847 best solution, best possible 7965.8796 (2341.82 seconds)
Cbc0010I After 25000 nodes, 11072 on tree, 7965.8847 best solution, best possible 7965.8796 (2351.08 seconds)
Cbc0010I After 25100 nodes, 11108 on tree, 7965.8847 best solution, best possible 7965.8796 (2359.25 seconds)
Cbc0010I After 25200 nodes, 11156 on tree, 7965.8847 best solution, best possible 7965.8796 (2367.52 seconds)
Cbc0010I After 25300 nodes, 11204 on tree, 7965.8847 best solution, best possible 7965.8796 (2376.37 seconds)
Cbc0010I After 25400 nodes, 11252 on tree, 7965.8847 best solution, best possible 7965.8796 (2386.38 seconds)
Cbc0010I After 25500 nodes, 11290 on tree, 7965.8847 best solution, best possible 7965.8796 (2394.55 seconds)
Cbc0010I After 25600 nodes, 11338 on tree, 7965.8847 best solution, best possible 7965.8796 (2402.89 seconds)
Cbc0010I After 25700 nodes, 11385 on tree, 7965.8847 best solution, best possible 7965.8796 (2411.83 seconds)
Cbc0010I After 25800 nodes, 11434 on tree, 7965.8847 best solution, best possible 7965.8796 (2421.66 seconds)
Cbc0010I After 25900 nodes, 11471 on tree, 7965.8847 best solution, best possible 7965.8796 (2430.40 seconds)
Cbc0010I After 26000 nodes, 11520 on tree, 7965.8847 best solution, best possible 7965.8796 (2438.56 seconds)
Cbc0010I After 26100 nodes, 11566 on tree, 7965.8847 best solution, best possible 7965.8796 (2447.32 seconds)
Cbc0010I After 26200 nodes, 11616 on tree, 7965.8847 best solution, best possible 7965.8796 (2456.68 seconds)
Cbc0010I After 26300 nodes, 11653 on tree, 7965.8847 best solution, best possible 7965.8796 (2465.01 seconds)
Cbc0010I After 26400 nodes, 11702 on tree, 7965.8847 best solution, best possible 7965.8796 (2473.37 seconds)
Cbc0010I After 26500 nodes, 11749 on tree, 7965.8847 best solution, best possible 7965.8796 (2481.94 seconds)
Cbc0010I After 26600 nodes, 11799 on tree, 7965.8847 best solution, best possible 7965.8796 (2491.78 seconds)
Cbc0010I After 26700 nodes, 11835 on tree, 7965.8847 best solution, best possible 7965.8796 (2500.48 seconds)
Cbc0010I After 26800 nodes, 11881 on tree, 7965.8847 best solution, best possible 7965.8796 (2508.83 seconds)
Cbc0010I After 26900 nodes, 11929 on tree, 7965.8847 best solution, best possible 7965.8796 (2517.13 seconds)
Cbc0010I After 27000 nodes, 11976 on tree, 7965.8847 best solution, best possible 7965.8796 (2526.51 seconds)
Cbc0010I After 27100 nodes, 12011 on tree, 7965.8847 best solution, best possible 7965.8796 (2535.54 seconds)
Cbc0010I After 27200 nodes, 12056 on tree, 7965.8847 best solution, best possible 7965.8796 (2543.66 seconds)
Cbc0010I After 27300 nodes, 12103 on tree, 7965.8847 best solution, best possible 7965.8796 (2551.75 seconds)
Cbc0010I After 27400 nodes, 12151 on tree, 7965.8847 best solution, best possible 7965.8796 (2561.28 seconds)
Cbc0010I After 27500 nodes, 12193 on tree, 7965.8847 best solution, best possible 7965.8796 (2571.05 seconds)
Cbc0010I After 27600 nodes, 12236 on tree, 7965.8847 best solution, best possible 7965.8796 (2579.16 seconds)
Cbc0010I After 27700 nodes, 12284 on tree, 7965.8847 best solution, best possible 7965.8796 (2587.53 seconds)
Cbc0010I After 27800 nodes, 12332 on tree, 7965.8847 best solution, best possible 7965.8796 (2596.57 seconds)
Cbc0010I After 27900 nodes, 12374 on tree, 7965.8847 best solution, best possible 7965.8796 (2605.44 seconds)
Cbc0010I After 28000 nodes, 12414 on tree, 7965.8847 best solution, best possible 7965.8796 (2613.40 seconds)
Cbc0010I After 28100 nodes, 12462 on tree, 7965.8847 best solution, best possible 7965.8796 (2621.80 seconds)
Cbc0010I After 28200 nodes, 12510 on tree, 7965.8847 best solution, best possible 7965.8796 (2630.89 seconds)
Cbc0010I After 28300 nodes, 12558 on tree, 7965.8847 best solution, best possible 7965.8796 (2640.92 seconds)
Cbc0010I After 28400 nodes, 12591 on tree, 7965.8847 best solution, best possible 7965.8796 (2649.13 seconds)
Cbc0010I After 28500 nodes, 12639 on tree, 7965.8847 best solution, best possible 7965.8796 (2657.46 seconds)
Cbc0010I After 28600 nodes, 12685 on tree, 7965.8847 best solution, best possible 7965.8796 (2665.81 seconds)
Cbc0010I After 28700 nodes, 12735 on tree, 7965.8847 best solution, best possible 7965.8796 (2675.58 seconds)
Cbc0010I After 28800 nodes, 12772 on tree, 7965.8847 best solution, best possible 7965.8796 (2684.42 seconds)
Cbc0010I After 28900 nodes, 12817 on tree, 7965.8847 best solution, best possible 7965.8796 (2692.63 seconds)
Cbc0010I After 29000 nodes, 12864 on tree, 7965.8847 best solution, best possible 7965.8796 (2701.05 seconds)
Cbc0010I After 29100 nodes, 12913 on tree, 7965.8847 best solution, best possible 7965.8796 (2710.58 seconds)
Cbc0010I After 29200 nodes, 12950 on tree, 7965.8847 best solution, best possible 7965.8796 (2720.08 seconds)
Cbc0010I After 29300 nodes, 12995 on tree, 7965.8847 best solution, best possible 7965.8796 (2728.24 seconds)
Cbc0010I After 29400 nodes, 13042 on tree, 7965.8847 best solution, best possible 7965.8796 (2736.61 seconds)
Cbc0010I After 29500 nodes, 13091 on tree, 7965.8847 best solution, best possible 7965.8796 (2745.94 seconds)
Cbc0010I After 29600 nodes, 13138 on tree, 7965.8847 best solution, best possible 7965.8796 (2756.04 seconds)
Cbc0010I After 29700 nodes, 13179 on tree, 7965.8847 best solution, best possible 7965.8796 (2764.17 seconds)
Cbc0010I After 29800 nodes, 13226 on tree, 7965.8847 best solution, best possible 7965.8796 (2772.27 seconds)
Cbc0010I After 29900 nodes, 13274 on tree, 7965.8847 best solution, best possible 7965.8796 (2781.18 seconds)
Cbc0010I After 30000 nodes, 13318 on tree, 7965.8847 best solution, best possible 7965.8796 (2790.38 seconds)
Cbc0010I After 30100 nodes, 13360 on tree, 7965.8847 best solution, best possible 7965.8796 (2798.60 seconds)
Cbc0010I After 30200 nodes, 13407 on tree, 7965.8847 best solution, best possible 7965.8796 (2806.91 seconds)
Cbc0010I After 30300 nodes, 13456 on tree, 7965.8847 best solution, best possible 7965.8796 (2815.88 seconds)
Cbc0010I After 30400 nodes, 13499 on tree, 7965.8847 best solution, best possible 7965.8796 (2825.71 seconds)
Cbc0010I After 30500 nodes, 13545 on tree, 7965.8847 best solution, best possible 7965.8796 (2834.00 seconds)
Cbc0010I After 30600 nodes, 13592 on tree, 7965.8847 best solution, best possible 7965.8796 (2842.28 seconds)
Cbc0010I After 30700 nodes, 13640 on tree, 7965.8847 best solution, best possible 7965.8796 (2851.90 seconds)
Cbc0010I After 30800 nodes, 13678 on tree, 7965.8847 best solution, best possible 7965.8796 (2861.50 seconds)
Cbc0010I After 30900 nodes, 13719 on tree, 7965.8847 best solution, best possible 7965.8796 (2869.46 seconds)
Cbc0010I After 31000 nodes, 13765 on tree, 7965.8847 best solution, best possible 7965.8796 (2877.58 seconds)
Cbc0010I After 31100 nodes, 13814 on tree, 7965.8847 best solution, best possible 7965.8796 (2886.81 seconds)
Cbc0010I After 31200 nodes, 13858 on tree, 7965.8847 best solution, best possible 7965.8796 (2896.66 seconds)
Cbc0010I After 31300 nodes, 13896 on tree, 7965.8847 best solution, best possible 7965.8796 (2904.52 seconds)
Cbc0010I After 31400 nodes, 13943 on tree, 7965.8847 best solution, best possible 7965.8796 (2912.70 seconds)
Cbc0010I After 31500 nodes, 13992 on tree, 7965.8847 best solution, best possible 7965.8796 (2921.76 seconds)
Cbc0010I After 31600 nodes, 14041 on tree, 7965.8847 best solution, best possible 7965.8796 (2931.84 seconds)
Cbc0010I After 31700 nodes, 14082 on tree, 7965.8847 best solution, best possible 7965.8796 (2940.45 seconds)
Cbc0010I After 31800 nodes, 14128 on tree, 7965.8847 best solution, best possible 7965.8796 (2948.69 seconds)
Cbc0010I After 31900 nodes, 14176 on tree, 7965.8847 best solution, best possible 7965.8796 (2957.69 seconds)
Cbc0010I After 32000 nodes, 14223 on tree, 7965.8847 best solution, best possible 7965.8796 (2967.46 seconds)
Cbc0010I After 32100 nodes, 14261 on tree, 7965.8847 best solution, best possible 7965.8796 (2976.01 seconds)
Cbc0010I After 32200 nodes, 14309 on tree, 7965.8847 best solution, best possible 7965.8796 (2984.31 seconds)
Cbc0010I After 32300 nodes, 14355 on tree, 7965.8847 best solution, best possible 7965.8796 (2993.46 seconds)
Cbc0010I After 32400 nodes, 14396 on tree, 7965.8847 best solution, best possible 7965.8796 (3003.48 seconds)
Cbc0010I After 32500 nodes, 14437 on tree, 7965.8847 best solution, best possible 7965.8796 (3011.75 seconds)
Cbc0010I After 32600 nodes, 14483 on tree, 7965.8847 best solution, best possible 7965.8796 (3020.01 seconds)
Cbc0010I After 32700 nodes, 14530 on tree, 7965.8847 best solution, best possible 7965.8796 (3028.72 seconds)
Cbc0010I After 32800 nodes, 14579 on tree, 7965.8847 best solution, best possible 7965.8796 (3038.52 seconds)
Cbc0010I After 32900 nodes, 14616 on tree, 7965.8847 best solution, best possible 7965.8796 (3047.16 seconds)
Cbc0010I After 33000 nodes, 14665 on tree, 7965.8847 best solution, best possible 7965.8796 (3055.40 seconds)
Cbc0010I After 33100 nodes, 14711 on tree, 7965.8847 best solution, best possible 7965.8796 (3063.78 seconds)
Cbc0010I After 33200 nodes, 14761 on tree, 7965.8847 best solution, best possible 7965.8796 (3073.00 seconds)
Cbc0010I After 33300 nodes, 14799 on tree, 7965.8847 best solution, best possible 7965.8796 (3081.82 seconds)
Cbc0010I After 33400 nodes, 14848 on tree, 7965.8847 best solution, best possible 7965.8796 (3089.99 seconds)
Cbc0010I After 33500 nodes, 14894 on tree, 7965.8847 best solution, best possible 7965.8796 (3098.70 seconds)
Cbc0010I After 33600 nodes, 14944 on tree, 7965.8847 best solution, best possible 7965.8796 (3108.82 seconds)
Cbc0010I After 33700 nodes, 14981 on tree, 7965.8847 best solution, best possible 7965.8796 (3117.45 seconds)
Cbc0010I After 33800 nodes, 15025 on tree, 7965.8847 best solution, best possible 7965.8796 (3125.52 seconds)
Cbc0010I After 33900 nodes, 15073 on tree, 7965.8847 best solution, best possible 7965.8796 (3134.17 seconds)
Cbc0010I After 34000 nodes, 15121 on tree, 7965.8847 best solution, best possible 7965.8796 (3143.63 seconds)
Cbc0010I After 34100 nodes, 15157 on tree, 7965.8847 best solution, best possible 7965.8796 (3152.81 seconds)
Cbc0010I After 34200 nodes, 15202 on tree, 7965.8847 best solution, best possible 7965.8796 (3161.04 seconds)
Cbc0010I After 34300 nodes, 15250 on tree, 7965.8847 best solution, best possible 7965.8796 (3169.38 seconds)
Cbc0010I After 34400 nodes, 15298 on tree, 7965.8847 best solution, best possible 7965.8796 (3178.32 seconds)
Cbc0010I After 34500 nodes, 15338 on tree, 7965.8847 best solution, best possible 7965.8796 (3186.94 seconds)
Cbc0010I After 34600 nodes, 15383 on tree, 7965.8847 best solution, best possible 7965.8796 (3195.14 seconds)
Cbc0010I After 34700 nodes, 15430 on tree, 7965.8847 best solution, best possible 7965.8796 (3203.47 seconds)
Cbc0010I After 34800 nodes, 15479 on tree, 7965.8847 best solution, best possible 7965.8796 (3212.42 seconds)
Cbc0010I After 34900 nodes, 15521 on tree, 7965.8847 best solution, best possible 7965.8796 (3221.60 seconds)
Cbc0010I After 35000 nodes, 15568 on tree, 7965.8847 best solution, best possible 7965.8796 (3229.86 seconds)
Cbc0010I After 35100 nodes, 15614 on tree, 7965.8847 best solution, best possible 7965.8796 (3238.30 seconds)
Cbc0010I After 35200 nodes, 15663 on tree, 7965.8847 best solution, best possible 7965.8796 (3247.84 seconds)
Cbc0010I After 35300 nodes, 15696 on tree, 7965.8847 best solution, best possible 7965.8796 (3256.65 seconds)
Cbc0010I After 35400 nodes, 15742 on tree, 7965.8847 best solution, best possible 7965.8796 (3264.85 seconds)
Cbc0010I After 35500 nodes, 15789 on tree, 7965.8847 best solution, best possible 7965.8796 (3273.20 seconds)
Cbc0010I After 35600 nodes, 15838 on tree, 7965.8847 best solution, best possible 7965.8796 (3282.17 seconds)
Cbc0010I After 35700 nodes, 15878 on tree, 7965.8847 best solution, best possible 7965.8796 (3290.90 seconds)
Cbc0010I After 35800 nodes, 15922 on tree, 7965.8847 best solution, best possible 7965.8796 (3298.96 seconds)
Cbc0010I After 35900 nodes, 15969 on tree, 7965.8847 best solution, best possible 7965.8796 (3307.33 seconds)
Cbc0010I After 36000 nodes, 16018 on tree, 7965.8847 best solution, best possible 7965.8796 (3316.34 seconds)
Cbc0010I After 36100 nodes, 16058 on tree, 7965.8847 best solution, best possible 7965.8796 (3325.47 seconds)
Cbc0010I After 36200 nodes, 16104 on tree, 7965.8847 best solution, best possible 7965.8796 (3333.82 seconds)
Cbc0010I After 36300 nodes, 16150 on tree, 7965.8847 best solution, best possible 7965.8796 (3342.14 seconds)
Cbc0010I After 36400 nodes, 16198 on tree, 7965.8847 best solution, best possible 7965.8796 (3351.78 seconds)
Cbc0010I After 36500 nodes, 16235 on tree, 7965.8847 best solution, best possible 7965.8796 (3361.09 seconds)
Cbc0010I After 36600 nodes, 16278 on tree, 7965.8847 best solution, best possible 7965.8796 (3369.51 seconds)
Cbc0010I After 36700 nodes, 16324 on tree, 7965.8847 best solution, best possible 7965.8796 (3377.70 seconds)
Cbc0010I After 36800 nodes, 16373 on tree, 7965.8847 best solution, best possible 7965.8796 (3386.72 seconds)
Cbc0010I After 36900 nodes, 16421 on tree, 7965.8847 best solution, best possible 7965.8796 (3395.58 seconds)
Cbc0010I After 37000 nodes, 16458 on tree, 7965.8847 best solution, best possible 7965.8796 (3403.94 seconds)
Cbc0010I After 37100 nodes, 16506 on tree, 7965.8847 best solution, best possible 7965.8796 (3412.17 seconds)
Cbc0010I After 37200 nodes, 16553 on tree, 7965.8847 best solution, best possible 7965.8796 (3421.03 seconds)
Cbc0010I After 37300 nodes, 16600 on tree, 7965.8847 best solution, best possible 7965.8796 (3430.31 seconds)
Cbc0010I After 37400 nodes, 16635 on tree, 7965.8847 best solution, best possible 7965.8796 (3438.49 seconds)
Cbc0010I After 37500 nodes, 16685 on tree, 7965.8847 best solution, best possible 7965.8796 (3446.75 seconds)
Cbc0010I After 37600 nodes, 16732 on tree, 7965.8847 best solution, best possible 7965.8796 (3455.38 seconds)
Cbc0010I After 37700 nodes, 16781 on tree, 7965.8847 best solution, best possible 7965.8796 (3465.32 seconds)
Cbc0010I After 37800 nodes, 16822 on tree, 7965.8847 best solution, best possible 7965.8796 (3474.33 seconds)
Cbc0010I After 37900 nodes, 16871 on tree, 7965.8847 best solution, best possible 7965.8796 (3485.47 seconds)
Cbc0010I After 38000 nodes, 16917 on tree, 7965.8847 best solution, best possible 7965.8796 (3494.21 seconds)
Cbc0010I After 38100 nodes, 16966 on tree, 7965.8847 best solution, best possible 7965.8796 (3503.33 seconds)
Cbc0010I After 38200 nodes, 17002 on tree, 7965.8847 best solution, best possible 7965.8796 (3512.01 seconds)
Cbc0010I After 38300 nodes, 17049 on tree, 7965.8847 best solution, best possible 7965.8796 (3520.38 seconds)
Cbc0010I After 38400 nodes, 17095 on tree, 7965.8847 best solution, best possible 7965.8796 (3528.86 seconds)
Cbc0010I After 38500 nodes, 17143 on tree, 7965.8847 best solution, best possible 7965.8796 (3538.70 seconds)
Cbc0010I After 38600 nodes, 17183 on tree, 7965.8847 best solution, best possible 7965.8796 (3548.11 seconds)
Cbc0010I After 38700 nodes, 17224 on tree, 7965.8847 best solution, best possible 7965.8796 (3556.01 seconds)
Cbc0010I After 38800 nodes, 17272 on tree, 7965.8847 best solution, best possible 7965.8796 (3564.36 seconds)
Cbc0010I After 38900 nodes, 17321 on tree, 7965.8847 best solution, best possible 7965.8796 (3573.43 seconds)
Cbc0010I After 39000 nodes, 17361 on tree, 7965.8847 best solution, best possible 7965.8796 (3582.16 seconds)
Cbc0020I Exiting on maximum time
Cbc0005I Partial search - best objective 7965.8847 (best possible 7965.8796), took 66019 iterations and 39072 nodes (3661.86 seconds)
Cbc0035I Maximum depth 480, 3 variables fixed on reduced cost

 	"Not finished"

Linearization cuts added at root node:       5011
Linearization cuts added in total:           5011  (separation time: 0.039281s)
Total solve time:                         3661.98s (3661.98s in branch-and-bound)
Lower bound:                              7965.88
Upper bound:                              7965.88  (gap: 0.00%)
Branch-and-bound nodes:                     39072
Stats: /tmp/jl_jza8MD/model.nl 4590 [var]   30 [int] 4710 [con]  299 [aux]   5011 [root]     5011 [tot] 0.039281 [sep]  3661.98 [time]  3661.99 [bb]         7.965880e+03 [lower]         7.965885e+03 [upper]   39072 [nodes]
Performance of                           FBBT:	    430.501s,    37548 runs. fix:          0 shrnk:    2.42425 ubd:          0 2ubd:          0 infeas:          0
Performance of                           OBBT:	    9.67119s,        5 runs. fix:          2 shrnk:    89.5648 ubd:          0 2ubd:          0 infeas:          0
ERROR: LoadError: MathOptInterface.GetAttributeNotAllowed{MathOptInterface.ObjectiveBound}: Getting attribute MathOptInterface.ObjectiveBound() cannot be performed: AmplNLWriter.Optimizer does not support getting the attribute MathOptInterface.ObjectiveBound(). You may want to use a `CachingOptimizer` in `AUTOMATIC` mode or you may need to call `reset_optimizer` before doing this operation if the `CachingOptimizer` is in `MANUAL` mode.
Stacktrace:
  [1] get_fallback(model::AmplNLWriter.Optimizer, attr::MathOptInterface.ObjectiveBound)
    @ MathOptInterface ~/.julia/packages/MathOptInterface/gLl4d/src/attributes.jl:409
  [2] get(::AmplNLWriter.Optimizer, ::MathOptInterface.ObjectiveBound)
    @ MathOptInterface ~/.julia/packages/MathOptInterface/gLl4d/src/attributes.jl:390
  [3] _get_model_attribute(model::MathOptInterface.Utilities.CachingOptimizer{AmplNLWriter.Optimizer, MathOptInterface.Utilities.UniversalFallback{MathOptInterface.Utilities.Model{Float64}}}, attr::MathOptInterface.ObjectiveBound)
    @ MathOptInterface.Utilities ~/.julia/packages/MathOptInterface/gLl4d/src/Utilities/cachingoptimizer.jl:865
  [4] get(model::MathOptInterface.Utilities.CachingOptimizer{AmplNLWriter.Optimizer, MathOptInterface.Utilities.UniversalFallback{MathOptInterface.Utilities.Model{Float64}}}, attr::MathOptInterface.ObjectiveBound)
    @ MathOptInterface.Utilities ~/.julia/packages/MathOptInterface/gLl4d/src/Utilities/cachingoptimizer.jl:900
  [5] get(b::MathOptInterface.Bridges.LazyBridgeOptimizer{MathOptInterface.Utilities.CachingOptimizer{AmplNLWriter.Optimizer, MathOptInterface.Utilities.UniversalFallback{MathOptInterface.Utilities.Model{Float64}}}}, attr::MathOptInterface.ObjectiveBound)
    @ MathOptInterface.Bridges ~/.julia/packages/MathOptInterface/gLl4d/src/Bridges/bridge_optimizer.jl:889
  [6] _get_model_attribute(model::MathOptInterface.Utilities.CachingOptimizer{MathOptInterface.Bridges.LazyBridgeOptimizer{MathOptInterface.Utilities.CachingOptimizer{AmplNLWriter.Optimizer, MathOptInterface.Utilities.UniversalFallback{MathOptInterface.Utilities.Model{Float64}}}}, MathOptInterface.Utilities.UniversalFallback{MathOptInterface.Utilities.Model{Float64}}}, attr::MathOptInterface.ObjectiveBound)
    @ MathOptInterface.Utilities ~/.julia/packages/MathOptInterface/gLl4d/src/Utilities/cachingoptimizer.jl:865
  [7] get(model::MathOptInterface.Utilities.CachingOptimizer{MathOptInterface.Bridges.LazyBridgeOptimizer{MathOptInterface.Utilities.CachingOptimizer{AmplNLWriter.Optimizer, MathOptInterface.Utilities.UniversalFallback{MathOptInterface.Utilities.Model{Float64}}}}, MathOptInterface.Utilities.UniversalFallback{MathOptInterface.Utilities.Model{Float64}}}, attr::MathOptInterface.ObjectiveBound)
    @ MathOptInterface.Utilities ~/.julia/packages/MathOptInterface/gLl4d/src/Utilities/cachingoptimizer.jl:900
  [8] _moi_get_result(model::MathOptInterface.Utilities.CachingOptimizer{MathOptInterface.Bridges.LazyBridgeOptimizer{MathOptInterface.Utilities.CachingOptimizer{AmplNLWriter.Optimizer, MathOptInterface.Utilities.UniversalFallback{MathOptInterface.Utilities.Model{Float64}}}}, MathOptInterface.Utilities.UniversalFallback{MathOptInterface.Utilities.Model{Float64}}}, args::MathOptInterface.ObjectiveBound)
    @ JuMP ~/.julia/packages/JuMP/i68GU/src/optimizer_interface.jl:1053
  [9] get(model::JuMP.Model, attr::MathOptInterface.ObjectiveBound)
    @ JuMP ~/.julia/packages/JuMP/i68GU/src/optimizer_interface.jl:1073
 [10] objective_bound(model::JuMP.Model)
    @ JuMP ~/.julia/packages/JuMP/i68GU/src/objective.jl:78
 [11] nl_uflp_nldep(filename::String, cost::Symbol, solver::AmplNLWriter.Optimizer, solver_params::Vector{Any}; solve::Bool, write_nl::Bool, with_cap_constraint::Bool)
    @ IterativePWLB ~/git/ipwlb/code/sources/IterativePWLB/src/nlsolver.jl:783
 [12] top-level scope
    @ ~/git/ipwlb/code/sources/IterativePWLB/test/couenne/uflp_nldep/script.jl:15
in expression starting at /home/ccontard/git/ipwlb/code/sources/IterativePWLB/test/couenne/uflp_nldep/script.jl:15
reading holmberg data file /home/ccontard/git/ipwlb/code/instances/uflp/holmberg/p39
