solving instance uflp nldep holmberg 34 sinabc3
Couenne 0.5.8 -- an Open-Source solver for Mixed Integer Nonlinear Optimization
Mailing list: couenne@list.coin-or.org
Instructions: http://www.coin-or.org/Couenne
couenne: 
ANALYSIS TEST: Reformulating problem: Couenne: new cutoff value 6.8508129312e+04 (6.03476 seconds)
6.0 seconds
NLP0012I 
              Num      Status      Obj             It       time                 Location
NLP0014I             1         OPT 8029.2209       35 3.20971
NLP0014I             2         OPT 8029.4595       39 2.065042
Couenne: new cutoff value 8.0294521371e+03 (11.4168 seconds)
Loaded instance "/tmp/jl_ESUc32/model.nl"
Constraints:         4710
Variables:           4590 (30 integer)
Auxiliaries:          299 (0 integer)

Coin0506I Presolve 5031 (-40) rows, 4671 (-218) columns and 23291 (-258) elements
Clp0006I 0  Obj 0 Primal inf 1957.2627 (210)
Clp0006I 175  Obj 6185 Primal inf 237.03443 (131)
Clp0006I 260  Obj 7889
Clp0000I Optimal - objective value 7889
Clp0032I Optimal objective 7889 - 260 iterations time 0.082, Presolve 0.06
Clp0000I Optimal - objective value 7889
NLP Heuristic: NLP0014I             3         OPT 8029.2209       37 2.919241
no solution.
Clp0000I Optimal - objective value 7889
Optimality Based BT: 20 improved bounds
Probing: 0 improved bounds
NLP Heuristic: no solution.
Cbc0031I 62 added rows had average density of 2
Cbc0013I At root node, 62 cuts changed objective from 7889 to 7953.2907 in 12 passes
Cbc0014I Cut generator 0 (Couenne convexifier cuts) - 272 row cuts average 2.0 elements, 22 column cuts (22 active)
Cbc0010I After 0 nodes, 1 on tree, 1e+50 best solution, best possible -1.7976931e+308 (37.58 seconds)
Optimality Based BT: 28 improved bounds
Optimality Based BT: 28 improved bounds
Optimality Based BT: 26 improved bounds
Optimality Based BT: 26 improved bounds
Optimality Based BT: 21 improved bounds
Cbc0010I After 100 nodes, 34 on tree, 1e+50 best solution, best possible 7987.0339 (240.85 seconds)
Cbc0010I After 200 nodes, 79 on tree, 1e+50 best solution, best possible 7987.0339 (253.43 seconds)
Cbc0010I After 300 nodes, 126 on tree, 1e+50 best solution, best possible 7987.0339 (264.55 seconds)
Cbc0010I After 400 nodes, 176 on tree, 1e+50 best solution, best possible 7987.0339 (274.79 seconds)
Cbc0010I After 500 nodes, 226 on tree, 1e+50 best solution, best possible 7987.0339 (284.47 seconds)
Cbc0010I After 600 nodes, 276 on tree, 1e+50 best solution, best possible 7987.0339 (294.19 seconds)
Cbc0010I After 700 nodes, 325 on tree, 1e+50 best solution, best possible 7987.0339 (304.07 seconds)
Cbc0010I After 800 nodes, 375 on tree, 1e+50 best solution, best possible 7987.0339 (313.67 seconds)
Cbc0010I After 900 nodes, 425 on tree, 1e+50 best solution, best possible 7987.0339 (323.66 seconds)
Cbc0010I After 1000 nodes, 475 on tree, 1e+50 best solution, best possible 7987.0339 (333.70 seconds)
Cbc0010I After 1100 nodes, 525 on tree, 1e+50 best solution, best possible 7987.0339 (343.25 seconds)
Couenne: new cutoff value 8.0292468210e+03 (357.226 seconds)
Cbc0004I Integer solution of 8029.2468 found after 8326 iterations and 1124 nodes (345.46 seconds)
Optimality Based BT: 30 improved bounds
Optimality Based BT: 32 improved bounds
Optimality Based BT: 26 improved bounds
Cbc0010I After 1200 nodes, 442 on tree, 8029.2468 best solution, best possible 7995.5694 (468.75 seconds)
Optimality Based BT: 28 improved bounds
Cbc0010I After 1300 nodes, 472 on tree, 8029.2468 best solution, best possible 8000.3657 (610.46 seconds)
Cbc0010I After 1400 nodes, 497 on tree, 8029.2468 best solution, best possible 8010.7911 (675.15 seconds)
Optimality Based BT: 33 improved bounds
Optimality Based BT: 18 improved bounds
Cbc0010I After 1500 nodes, 494 on tree, 8029.2468 best solution, best possible 8013.9621 (748.69 seconds)
Optimality Based BT: 23 improved bounds
Cbc0010I After 1600 nodes, 491 on tree, 8029.2468 best solution, best possible 8018.5744 (836.18 seconds)
Cbc0010I After 1700 nodes, 506 on tree, 8029.2468 best solution, best possible 8020.1061 (880.13 seconds)
Cbc0010I After 1800 nodes, 517 on tree, 8029.2468 best solution, best possible 8021.4214 (898.93 seconds)
Cbc0010I After 1900 nodes, 537 on tree, 8029.2468 best solution, best possible 8021.7873 (938.76 seconds)
Cbc0010I After 2000 nodes, 540 on tree, 8029.2468 best solution, best possible 8022.8535 (952.50 seconds)
Cbc0010I After 2100 nodes, 555 on tree, 8029.2468 best solution, best possible 8023.3537 (969.10 seconds)
Cbc0010I After 2200 nodes, 556 on tree, 8029.2468 best solution, best possible 8024.2951 (1014.36 seconds)
Cbc0010I After 2300 nodes, 562 on tree, 8029.2468 best solution, best possible 8025.0003 (1029.80 seconds)
Cbc0010I After 2400 nodes, 579 on tree, 8029.2468 best solution, best possible 8025.1424 (1045.92 seconds)
Cbc0010I After 2500 nodes, 591 on tree, 8029.2468 best solution, best possible 8025.2955 (1062.49 seconds)
Cbc0010I After 2600 nodes, 602 on tree, 8029.2468 best solution, best possible 8025.439 (1078.83 seconds)
Cbc0010I After 2700 nodes, 610 on tree, 8029.2468 best solution, best possible 8025.6125 (1094.53 seconds)
Cbc0010I After 2800 nodes, 619 on tree, 8029.2468 best solution, best possible 8025.8015 (1111.45 seconds)
Cbc0010I After 2900 nodes, 626 on tree, 8029.2468 best solution, best possible 8026.0125 (1128.31 seconds)
Cbc0010I After 3000 nodes, 629 on tree, 8029.2468 best solution, best possible 8026.2624 (1145.08 seconds)
Cbc0010I After 3100 nodes, 637 on tree, 8029.2468 best solution, best possible 8026.4466 (1160.64 seconds)
Cbc0010I After 3200 nodes, 639 on tree, 8029.2468 best solution, best possible 8026.6466 (1175.99 seconds)
Cbc0010I After 3300 nodes, 636 on tree, 8029.2468 best solution, best possible 8026.7999 (1190.75 seconds)
Cbc0010I After 3400 nodes, 629 on tree, 8029.2468 best solution, best possible 8026.9434 (1205.65 seconds)
Cbc0010I After 3500 nodes, 617 on tree, 8029.2468 best solution, best possible 8027.1061 (1219.84 seconds)
Cbc0010I After 3600 nodes, 600 on tree, 8029.2468 best solution, best possible 8027.2722 (1234.11 seconds)
Cbc0010I After 3700 nodes, 582 on tree, 8029.2468 best solution, best possible 8027.5363 (1247.89 seconds)
Cbc0010I After 3800 nodes, 552 on tree, 8029.2468 best solution, best possible 8027.8477 (1260.38 seconds)
Cbc0010I After 3900 nodes, 528 on tree, 8029.2468 best solution, best possible 8028.1877 (1273.59 seconds)
Cbc0010I After 4000 nodes, 512 on tree, 8029.2468 best solution, best possible 8028.4052 (1287.04 seconds)
Cbc0010I After 4100 nodes, 516 on tree, 8029.2468 best solution, best possible 8028.5272 (1300.06 seconds)
Cbc0010I After 4200 nodes, 550 on tree, 8029.2468 best solution, best possible 8028.5272 (1309.50 seconds)
Cbc0010I After 4300 nodes, 591 on tree, 8029.2468 best solution, best possible 8028.5272 (1318.85 seconds)
Cbc0010I After 4400 nodes, 639 on tree, 8029.2468 best solution, best possible 8028.5272 (1328.70 seconds)
Cbc0010I After 4500 nodes, 688 on tree, 8029.2468 best solution, best possible 8028.5272 (1338.73 seconds)
Cbc0010I After 4600 nodes, 736 on tree, 8029.2468 best solution, best possible 8028.5272 (1348.35 seconds)
Cbc0010I After 4700 nodes, 784 on tree, 8029.2468 best solution, best possible 8028.5272 (1358.00 seconds)
Cbc0010I After 4800 nodes, 829 on tree, 8029.2468 best solution, best possible 8028.5272 (1367.75 seconds)
Cbc0010I After 4900 nodes, 851 on tree, 8029.2468 best solution, best possible 8028.5272 (1376.41 seconds)
Cbc0010I After 5000 nodes, 823 on tree, 8029.2468 best solution, best possible 8028.7292 (1388.72 seconds)
Cbc0010I After 5100 nodes, 796 on tree, 8029.2468 best solution, best possible 8028.8963 (1401.09 seconds)
Cbc0010I After 5200 nodes, 772 on tree, 8029.2468 best solution, best possible 8029.0502 (1412.85 seconds)
Cbc0010I After 5300 nodes, 762 on tree, 8029.2468 best solution, best possible 8029.1407 (1425.09 seconds)
Cbc0010I After 5400 nodes, 791 on tree, 8029.2468 best solution, best possible 8029.1407 (1435.58 seconds)
Cbc0010I After 5500 nodes, 830 on tree, 8029.2468 best solution, best possible 8029.1407 (1444.83 seconds)
Cbc0010I After 5600 nodes, 878 on tree, 8029.2468 best solution, best possible 8029.1407 (1454.36 seconds)
Cbc0010I After 5700 nodes, 928 on tree, 8029.2468 best solution, best possible 8029.1407 (1464.13 seconds)
Cbc0010I After 5800 nodes, 978 on tree, 8029.2468 best solution, best possible 8029.1407 (1473.58 seconds)
Cbc0010I After 5900 nodes, 1026 on tree, 8029.2468 best solution, best possible 8029.1407 (1483.09 seconds)
Cbc0010I After 6000 nodes, 1076 on tree, 8029.2468 best solution, best possible 8029.1407 (1493.07 seconds)
Cbc0010I After 6100 nodes, 1124 on tree, 8029.2468 best solution, best possible 8029.1407 (1502.41 seconds)
Couenne: new cutoff value 8.0292463561e+03 (1514.97 seconds)
Couenne: new cutoff value 8.0292463506e+03 (1515.08 seconds)
Cbc0004I Integer solution of 8029.2464 found after 169370 iterations and 6110 nodes (1503.32 seconds)
Cbc0010I After 6200 nodes, 995 on tree, 8029.2464 best solution, best possible 8029.1965 (1515.71 seconds)
Cbc0010I After 6300 nodes, 1017 on tree, 8029.2464 best solution, best possible 8029.1965 (1524.11 seconds)
Cbc0010I After 6400 nodes, 1039 on tree, 8029.2464 best solution, best possible 8029.2086 (1534.23 seconds)
Cbc0010I After 6500 nodes, 1071 on tree, 8029.2464 best solution, best possible 8029.2086 (1542.44 seconds)
Cbc0010I After 6600 nodes, 1115 on tree, 8029.2464 best solution, best possible 8029.2086 (1551.53 seconds)
Cbc0010I After 6700 nodes, 1161 on tree, 8029.2464 best solution, best possible 8029.2086 (1561.04 seconds)
Cbc0010I After 6800 nodes, 1209 on tree, 8029.2464 best solution, best possible 8029.2086 (1571.03 seconds)
Cbc0010I After 6900 nodes, 1257 on tree, 8029.2464 best solution, best possible 8029.2086 (1580.85 seconds)
Cbc0010I After 7000 nodes, 1291 on tree, 8029.2464 best solution, best possible 8029.2087 (1591.35 seconds)
Cbc0010I After 7100 nodes, 1319 on tree, 8029.2464 best solution, best possible 8029.2087 (1599.95 seconds)
Cbc0010I After 7200 nodes, 1361 on tree, 8029.2464 best solution, best possible 8029.2087 (1609.26 seconds)
Cbc0010I After 7300 nodes, 1407 on tree, 8029.2464 best solution, best possible 8029.2087 (1618.83 seconds)
Cbc0010I After 7400 nodes, 1442 on tree, 8029.2464 best solution, best possible 8029.2088 (1629.60 seconds)
Cbc0010I After 7500 nodes, 1479 on tree, 8029.2464 best solution, best possible 8029.2088 (1638.90 seconds)
Cbc0010I After 7600 nodes, 1526 on tree, 8029.2464 best solution, best possible 8029.2088 (1648.57 seconds)
Cbc0010I After 7700 nodes, 1574 on tree, 8029.2464 best solution, best possible 8029.2088 (1658.01 seconds)
Cbc0010I After 7800 nodes, 1623 on tree, 8029.2464 best solution, best possible 8029.2088 (1668.00 seconds)
Cbc0010I After 7900 nodes, 1672 on tree, 8029.2464 best solution, best possible 8029.2088 (1677.45 seconds)
Cbc0010I After 8000 nodes, 1722 on tree, 8029.2464 best solution, best possible 8029.2088 (1687.26 seconds)
Cbc0010I After 8100 nodes, 1771 on tree, 8029.2464 best solution, best possible 8029.2088 (1697.01 seconds)
Couenne: new cutoff value 8.0292451644e+03 (1714.53 seconds)
Cbc0004I Integer solution of 8029.2452 found after 174911 iterations and 8166 nodes (1702.77 seconds)
Cbc0010I After 8200 nodes, 1177 on tree, 8029.2452 best solution, best possible 8029.2098 (1715.86 seconds)
Cbc0010I After 8300 nodes, 1211 on tree, 8029.2452 best solution, best possible 8029.2098 (1725.57 seconds)
Cbc0010I After 8400 nodes, 1253 on tree, 8029.2452 best solution, best possible 8029.2098 (1735.35 seconds)
Cbc0010I After 8500 nodes, 1296 on tree, 8029.2452 best solution, best possible 8029.2098 (1745.13 seconds)
Cbc0010I After 8600 nodes, 1342 on tree, 8029.2452 best solution, best possible 8029.2098 (1755.08 seconds)
Cbc0010I After 8700 nodes, 1391 on tree, 8029.2452 best solution, best possible 8029.2098 (1765.77 seconds)
Cbc0010I After 8800 nodes, 1439 on tree, 8029.2452 best solution, best possible 8029.2098 (1775.66 seconds)
Cbc0010I After 8900 nodes, 1484 on tree, 8029.2452 best solution, best possible 8029.2098 (1785.53 seconds)
Cbc0010I After 9000 nodes, 1505 on tree, 8029.2452 best solution, best possible 8029.2112 (1795.70 seconds)
Cbc0010I After 9100 nodes, 1538 on tree, 8029.2452 best solution, best possible 8029.2112 (1804.54 seconds)
Cbc0010I After 9200 nodes, 1583 on tree, 8029.2452 best solution, best possible 8029.2112 (1813.74 seconds)
Cbc0010I After 9300 nodes, 1632 on tree, 8029.2452 best solution, best possible 8029.2112 (1823.03 seconds)
Cbc0010I After 9400 nodes, 1664 on tree, 8029.2452 best solution, best possible 8029.2158 (1832.95 seconds)
Cbc0010I After 9500 nodes, 1678 on tree, 8029.2452 best solution, best possible 8029.2232 (1843.48 seconds)
Cbc0010I After 9600 nodes, 1710 on tree, 8029.2452 best solution, best possible 8029.2232 (1852.33 seconds)
Cbc0010I After 9700 nodes, 1751 on tree, 8029.2452 best solution, best possible 8029.2232 (1861.81 seconds)
Cbc0010I After 9800 nodes, 1776 on tree, 8029.2452 best solution, best possible 8029.2281 (1871.77 seconds)
Cbc0010I After 9900 nodes, 1809 on tree, 8029.2452 best solution, best possible 8029.2281 (1880.69 seconds)
Cbc0010I After 10000 nodes, 1840 on tree, 8029.2452 best solution, best possible 8029.2343 (1890.32 seconds)
Cbc0010I After 10100 nodes, 1859 on tree, 8029.2452 best solution, best possible 8029.2361 (1901.44 seconds)
Cbc0010I After 10200 nodes, 1894 on tree, 8029.2452 best solution, best possible 8029.2361 (1910.55 seconds)
Cbc0010I After 10300 nodes, 1941 on tree, 8029.2452 best solution, best possible 8029.2361 (1920.25 seconds)
Cbc0010I After 10400 nodes, 1990 on tree, 8029.2452 best solution, best possible 8029.2361 (1929.98 seconds)
Cbc0010I After 10500 nodes, 2022 on tree, 8029.2452 best solution, best possible 8029.2361 (1939.90 seconds)
Cbc0010I After 10600 nodes, 2035 on tree, 8029.2452 best solution, best possible 8029.2379 (1949.38 seconds)
Cbc0010I After 10700 nodes, 2063 on tree, 8029.2452 best solution, best possible 8029.2381 (1959.42 seconds)
Cbc0010I After 10800 nodes, 2099 on tree, 8029.2452 best solution, best possible 8029.2381 (1969.01 seconds)
Cbc0010I After 10900 nodes, 2121 on tree, 8029.2452 best solution, best possible 8029.2396 (1980.24 seconds)
Cbc0010I After 11000 nodes, 2151 on tree, 8029.2452 best solution, best possible 8029.2396 (1989.06 seconds)
Cbc0010I After 11100 nodes, 2195 on tree, 8029.2452 best solution, best possible 8029.2396 (1998.53 seconds)
Cbc0010I After 11200 nodes, 2241 on tree, 8029.2452 best solution, best possible 8029.2396 (2007.98 seconds)
Cbc0010I After 11300 nodes, 2270 on tree, 8029.2452 best solution, best possible 8029.2402 (2018.66 seconds)
Cbc0010I After 11400 nodes, 2305 on tree, 8029.2452 best solution, best possible 8029.2402 (2027.74 seconds)
Cbc0010I After 11500 nodes, 2350 on tree, 8029.2452 best solution, best possible 8029.2402 (2037.19 seconds)
Cbc0010I After 11600 nodes, 2397 on tree, 8029.2452 best solution, best possible 8029.2402 (2046.79 seconds)
Cbc0010I After 11700 nodes, 2443 on tree, 8029.2452 best solution, best possible 8029.2402 (2056.90 seconds)
Cbc0010I After 11800 nodes, 2469 on tree, 8029.2452 best solution, best possible 8029.2411 (2066.81 seconds)
Cbc0010I After 11900 nodes, 2507 on tree, 8029.2452 best solution, best possible 8029.2411 (2076.01 seconds)
Cbc0010I After 12000 nodes, 2554 on tree, 8029.2452 best solution, best possible 8029.2411 (2085.77 seconds)
Cbc0010I After 12100 nodes, 2600 on tree, 8029.2452 best solution, best possible 8029.2411 (2095.23 seconds)
Cbc0010I After 12200 nodes, 2632 on tree, 8029.2452 best solution, best possible 8029.2413 (2106.08 seconds)
Cbc0010I After 12300 nodes, 2662 on tree, 8029.2452 best solution, best possible 8029.2413 (2115.05 seconds)
Cbc0010I After 12400 nodes, 2703 on tree, 8029.2452 best solution, best possible 8029.2413 (2124.57 seconds)
Cbc0010I After 12500 nodes, 2750 on tree, 8029.2452 best solution, best possible 8029.2413 (2134.49 seconds)
Cbc0010I After 12600 nodes, 2781 on tree, 8029.2452 best solution, best possible 8029.2413 (2144.23 seconds)
Cbc0010I After 12700 nodes, 2818 on tree, 8029.2452 best solution, best possible 8029.2413 (2156.04 seconds)
Cbc0010I After 12800 nodes, 2864 on tree, 8029.2452 best solution, best possible 8029.2413 (2165.54 seconds)
Cbc0010I After 12900 nodes, 2911 on tree, 8029.2452 best solution, best possible 8029.2413 (2175.06 seconds)
Cbc0010I After 13000 nodes, 2960 on tree, 8029.2452 best solution, best possible 8029.2413 (2184.98 seconds)
Cbc0010I After 13100 nodes, 3009 on tree, 8029.2452 best solution, best possible 8029.2413 (2194.69 seconds)
Cbc0010I After 13200 nodes, 3046 on tree, 8029.2452 best solution, best possible 8029.2414 (2205.09 seconds)
Cbc0010I After 13300 nodes, 3077 on tree, 8029.2452 best solution, best possible 8029.2414 (2214.26 seconds)
Cbc0010I After 13400 nodes, 3122 on tree, 8029.2452 best solution, best possible 8029.2414 (2223.88 seconds)
Cbc0010I After 13500 nodes, 3169 on tree, 8029.2452 best solution, best possible 8029.2414 (2233.29 seconds)
Cbc0010I After 13600 nodes, 3218 on tree, 8029.2452 best solution, best possible 8029.2414 (2243.05 seconds)
Cbc0010I After 13700 nodes, 3248 on tree, 8029.2452 best solution, best possible 8029.2415 (2252.52 seconds)
Cbc0010I After 13800 nodes, 3283 on tree, 8029.2452 best solution, best possible 8029.2415 (2261.36 seconds)
Cbc0010I After 13900 nodes, 3330 on tree, 8029.2452 best solution, best possible 8029.2415 (2271.04 seconds)
Cbc0010I After 14000 nodes, 3377 on tree, 8029.2452 best solution, best possible 8029.2415 (2280.28 seconds)
Cbc0010I After 14100 nodes, 3426 on tree, 8029.2452 best solution, best possible 8029.2415 (2290.09 seconds)
Cbc0010I After 14200 nodes, 3475 on tree, 8029.2452 best solution, best possible 8029.2415 (2299.59 seconds)
Cbc0010I After 14300 nodes, 3525 on tree, 8029.2452 best solution, best possible 8029.2415 (2309.45 seconds)
Cbc0010I After 14400 nodes, 3566 on tree, 8029.2452 best solution, best possible 8029.2415 (2318.83 seconds)
Couenne: new cutoff value 8.0292451508e+03 (2333.56 seconds)
Cbc0004I Integer solution of 8029.2452 found after 189030 iterations and 14434 nodes (2321.80 seconds)
Cbc0010I After 14500 nodes, 3553 on tree, 8029.2452 best solution, best possible 8029.2416 (2329.54 seconds)
Cbc0010I After 14600 nodes, 3582 on tree, 8029.2452 best solution, best possible 8029.2416 (2338.32 seconds)
Cbc0010I After 14700 nodes, 3610 on tree, 8029.2452 best solution, best possible 8029.2416 (2347.85 seconds)
Cbc0010I After 14800 nodes, 3646 on tree, 8029.2452 best solution, best possible 8029.2416 (2357.03 seconds)
Cbc0010I After 14900 nodes, 3693 on tree, 8029.2452 best solution, best possible 8029.2416 (2366.63 seconds)
Cbc0010I After 15000 nodes, 3740 on tree, 8029.2452 best solution, best possible 8029.2416 (2376.47 seconds)
Cbc0010I After 15100 nodes, 3776 on tree, 8029.2452 best solution, best possible 8029.2416 (2386.50 seconds)
Cbc0010I After 15200 nodes, 3810 on tree, 8029.2452 best solution, best possible 8029.2416 (2395.67 seconds)
Cbc0010I After 15300 nodes, 3854 on tree, 8029.2452 best solution, best possible 8029.2416 (2405.12 seconds)
Cbc0010I After 15400 nodes, 3899 on tree, 8029.2452 best solution, best possible 8029.2416 (2414.31 seconds)
Cbc0010I After 15500 nodes, 3949 on tree, 8029.2452 best solution, best possible 8029.2416 (2424.39 seconds)
Cbc0010I After 15600 nodes, 3998 on tree, 8029.2452 best solution, best possible 8029.2416 (2433.93 seconds)
Cbc0010I After 15700 nodes, 4047 on tree, 8029.2452 best solution, best possible 8029.2416 (2443.61 seconds)
Cbc0010I After 15800 nodes, 4097 on tree, 8029.2452 best solution, best possible 8029.2416 (2453.46 seconds)
Couenne: new cutoff value 8.0292450915e+03 (2470.05 seconds)
Cbc0010I After 15900 nodes, 4135 on tree, 8029.2452 best solution, best possible 8029.2417 (2462.70 seconds)
Cbc0010I After 16000 nodes, 4169 on tree, 8029.2452 best solution, best possible 8029.2417 (2471.91 seconds)
Cbc0010I After 16100 nodes, 4215 on tree, 8029.2452 best solution, best possible 8029.2417 (2481.64 seconds)
Cbc0010I After 16200 nodes, 4264 on tree, 8029.2452 best solution, best possible 8029.2417 (2491.58 seconds)
Cbc0010I After 16300 nodes, 4314 on tree, 8029.2452 best solution, best possible 8029.2417 (2501.65 seconds)
Cbc0010I After 16400 nodes, 4363 on tree, 8029.2452 best solution, best possible 8029.2417 (2511.21 seconds)
Cbc0010I After 16500 nodes, 4413 on tree, 8029.2452 best solution, best possible 8029.2417 (2521.16 seconds)
Cbc0010I After 16600 nodes, 4451 on tree, 8029.2452 best solution, best possible 8029.2417 (2530.29 seconds)
Couenne: new cutoff value 8.0292450724e+03 (2542.66 seconds)
Couenne: new cutoff value 8.0292450685e+03 (2542.8 seconds)
Cbc0004I Integer solution of 8029.2451 found after 192935 iterations and 16608 nodes (2531.03 seconds)
Cbc0010I After 16700 nodes, 4276 on tree, 8029.2451 best solution, best possible 8029.2417 (2542.89 seconds)
Cbc0010I After 16800 nodes, 4324 on tree, 8029.2451 best solution, best possible 8029.2417 (2552.65 seconds)
Cbc0010I After 16900 nodes, 4372 on tree, 8029.2451 best solution, best possible 8029.2417 (2562.47 seconds)
Cbc0010I After 17000 nodes, 4421 on tree, 8029.2451 best solution, best possible 8029.2417 (2572.62 seconds)
Cbc0010I After 17100 nodes, 4469 on tree, 8029.2451 best solution, best possible 8029.2417 (2582.38 seconds)
Cbc0010I After 17200 nodes, 4510 on tree, 8029.2451 best solution, best possible 8029.2417 (2592.24 seconds)
Cbc0010I After 17300 nodes, 4558 on tree, 8029.2451 best solution, best possible 8029.2417 (2602.01 seconds)
Cbc0010I After 17400 nodes, 4606 on tree, 8029.2451 best solution, best possible 8029.2417 (2611.53 seconds)
Cbc0010I After 17500 nodes, 4654 on tree, 8029.2451 best solution, best possible 8029.2417 (2621.51 seconds)
Cbc0010I After 17600 nodes, 4702 on tree, 8029.2451 best solution, best possible 8029.2417 (2631.22 seconds)
Cbc0010I After 17700 nodes, 4747 on tree, 8029.2451 best solution, best possible 8029.2417 (2641.12 seconds)
Cbc0010I After 17800 nodes, 4791 on tree, 8029.2451 best solution, best possible 8029.2417 (2650.80 seconds)
Cbc0010I After 17900 nodes, 4839 on tree, 8029.2451 best solution, best possible 8029.2417 (2660.52 seconds)
Cbc0010I After 18000 nodes, 4888 on tree, 8029.2451 best solution, best possible 8029.2417 (2670.43 seconds)
Cbc0010I After 18100 nodes, 4936 on tree, 8029.2451 best solution, best possible 8029.2417 (2680.07 seconds)
Cbc0010I After 18200 nodes, 4976 on tree, 8029.2451 best solution, best possible 8029.2417 (2690.01 seconds)
Cbc0010I After 18300 nodes, 5020 on tree, 8029.2451 best solution, best possible 8029.2417 (2699.38 seconds)
Cbc0010I After 18400 nodes, 5067 on tree, 8029.2451 best solution, best possible 8029.2417 (2708.84 seconds)
Cbc0010I After 18500 nodes, 5115 on tree, 8029.2451 best solution, best possible 8029.2417 (2718.82 seconds)
Cbc0010I After 18600 nodes, 5164 on tree, 8029.2451 best solution, best possible 8029.2417 (2728.46 seconds)
Cbc0010I After 18700 nodes, 5211 on tree, 8029.2451 best solution, best possible 8029.2417 (2738.34 seconds)
Cbc0010I After 18800 nodes, 5255 on tree, 8029.2451 best solution, best possible 8029.2417 (2747.88 seconds)
Cbc0010I After 18900 nodes, 5303 on tree, 8029.2451 best solution, best possible 8029.2417 (2757.64 seconds)
Cbc0010I After 19000 nodes, 5352 on tree, 8029.2451 best solution, best possible 8029.2417 (2767.52 seconds)
Cbc0010I After 19100 nodes, 5400 on tree, 8029.2451 best solution, best possible 8029.2417 (2777.12 seconds)
Cbc0010I After 19200 nodes, 5446 on tree, 8029.2451 best solution, best possible 8029.2417 (2787.09 seconds)
Cbc0010I After 19300 nodes, 5492 on tree, 8029.2451 best solution, best possible 8029.2417 (2796.61 seconds)
Cbc0010I After 19400 nodes, 5540 on tree, 8029.2451 best solution, best possible 8029.2417 (2806.15 seconds)
Cbc0010I After 19500 nodes, 5589 on tree, 8029.2451 best solution, best possible 8029.2417 (2816.23 seconds)
Cbc0010I After 19600 nodes, 5638 on tree, 8029.2451 best solution, best possible 8029.2417 (2825.91 seconds)
Cbc0010I After 19700 nodes, 5682 on tree, 8029.2451 best solution, best possible 8029.2417 (2835.73 seconds)
Cbc0010I After 19800 nodes, 5724 on tree, 8029.2451 best solution, best possible 8029.2417 (2845.11 seconds)
Cbc0010I After 19900 nodes, 5772 on tree, 8029.2451 best solution, best possible 8029.2417 (2854.76 seconds)
Cbc0010I After 20000 nodes, 5820 on tree, 8029.2451 best solution, best possible 8029.2417 (2864.66 seconds)
Cbc0010I After 20100 nodes, 5867 on tree, 8029.2451 best solution, best possible 8029.2417 (2874.22 seconds)
Cbc0010I After 20200 nodes, 5911 on tree, 8029.2451 best solution, best possible 8029.2417 (2884.13 seconds)
Cbc0010I After 20300 nodes, 5947 on tree, 8029.2451 best solution, best possible 8029.2417 (2892.99 seconds)
Cbc0010I After 20400 nodes, 5993 on tree, 8029.2451 best solution, best possible 8029.2417 (2902.55 seconds)
Cbc0010I After 20500 nodes, 6039 on tree, 8029.2451 best solution, best possible 8029.2417 (2911.77 seconds)
Cbc0010I After 20600 nodes, 6088 on tree, 8029.2451 best solution, best possible 8029.2417 (2921.72 seconds)
Cbc0010I After 20700 nodes, 6136 on tree, 8029.2451 best solution, best possible 8029.2417 (2931.20 seconds)
Cbc0010I After 20800 nodes, 6182 on tree, 8029.2451 best solution, best possible 8029.2417 (2941.21 seconds)
Cbc0010I After 20900 nodes, 6226 on tree, 8029.2451 best solution, best possible 8029.2417 (2950.73 seconds)
Cbc0010I After 21000 nodes, 6274 on tree, 8029.2451 best solution, best possible 8029.2417 (2960.29 seconds)
Cbc0010I After 21100 nodes, 6322 on tree, 8029.2451 best solution, best possible 8029.2417 (2970.17 seconds)
Cbc0010I After 21200 nodes, 6369 on tree, 8029.2451 best solution, best possible 8029.2417 (2979.75 seconds)
Cbc0010I After 21300 nodes, 6416 on tree, 8029.2451 best solution, best possible 8029.2417 (2989.76 seconds)
Cbc0010I After 21400 nodes, 6462 on tree, 8029.2451 best solution, best possible 8029.2417 (2999.30 seconds)
Cbc0010I After 21500 nodes, 6510 on tree, 8029.2451 best solution, best possible 8029.2417 (3008.77 seconds)
Cbc0010I After 21600 nodes, 6558 on tree, 8029.2451 best solution, best possible 8029.2417 (3018.72 seconds)
Cbc0010I After 21700 nodes, 6605 on tree, 8029.2451 best solution, best possible 8029.2417 (3028.30 seconds)
Cbc0010I After 21800 nodes, 6650 on tree, 8029.2451 best solution, best possible 8029.2417 (3038.14 seconds)
Cbc0010I After 21900 nodes, 6693 on tree, 8029.2451 best solution, best possible 8029.2417 (3047.43 seconds)
Cbc0010I After 22000 nodes, 6740 on tree, 8029.2451 best solution, best possible 8029.2417 (3057.05 seconds)
Cbc0010I After 22100 nodes, 6788 on tree, 8029.2451 best solution, best possible 8029.2417 (3066.95 seconds)
Cbc0010I After 22200 nodes, 6838 on tree, 8029.2451 best solution, best possible 8029.2417 (3076.60 seconds)
Cbc0010I After 22300 nodes, 6887 on tree, 8029.2451 best solution, best possible 8029.2417 (3086.47 seconds)
Cbc0010I After 22400 nodes, 6933 on tree, 8029.2451 best solution, best possible 8029.2417 (3096.13 seconds)
Cbc0010I After 22500 nodes, 6980 on tree, 8029.2451 best solution, best possible 8029.2417 (3105.89 seconds)
Cbc0010I After 22600 nodes, 7026 on tree, 8029.2451 best solution, best possible 8029.2417 (3115.58 seconds)
Cbc0010I After 22700 nodes, 7074 on tree, 8029.2451 best solution, best possible 8029.2417 (3125.39 seconds)
Cbc0010I After 22800 nodes, 7123 on tree, 8029.2451 best solution, best possible 8029.2417 (3135.10 seconds)
Cbc0010I After 22900 nodes, 7153 on tree, 8029.2451 best solution, best possible 8029.2417 (3144.77 seconds)
Cbc0010I After 23000 nodes, 7201 on tree, 8029.2451 best solution, best possible 8029.2417 (3154.49 seconds)
Cbc0010I After 23100 nodes, 7249 on tree, 8029.2451 best solution, best possible 8029.2417 (3164.14 seconds)
Cbc0010I After 23200 nodes, 7299 on tree, 8029.2451 best solution, best possible 8029.2417 (3174.35 seconds)
Cbc0010I After 23300 nodes, 7349 on tree, 8029.2451 best solution, best possible 8029.2417 (3183.95 seconds)
Cbc0010I After 23400 nodes, 7397 on tree, 8029.2451 best solution, best possible 8029.2417 (3193.77 seconds)
Cbc0010I After 23500 nodes, 7439 on tree, 8029.2451 best solution, best possible 8029.2417 (3203.60 seconds)
Cbc0010I After 23600 nodes, 7485 on tree, 8029.2451 best solution, best possible 8029.2417 (3213.20 seconds)
Cbc0010I After 23700 nodes, 7534 on tree, 8029.2451 best solution, best possible 8029.2417 (3223.11 seconds)
Cbc0010I After 23800 nodes, 7583 on tree, 8029.2451 best solution, best possible 8029.2417 (3232.98 seconds)
Cbc0010I After 23900 nodes, 7630 on tree, 8029.2451 best solution, best possible 8029.2417 (3242.52 seconds)
Cbc0010I After 24000 nodes, 7666 on tree, 8029.2451 best solution, best possible 8029.2417 (3252.11 seconds)
Cbc0010I After 24100 nodes, 7713 on tree, 8029.2451 best solution, best possible 8029.2417 (3261.67 seconds)
Cbc0010I After 24200 nodes, 7762 on tree, 8029.2451 best solution, best possible 8029.2417 (3271.56 seconds)
Cbc0010I After 24300 nodes, 7812 on tree, 8029.2451 best solution, best possible 8029.2417 (3281.27 seconds)
Cbc0010I After 24400 nodes, 7859 on tree, 8029.2451 best solution, best possible 8029.2417 (3291.06 seconds)
Cbc0010I After 24500 nodes, 7902 on tree, 8029.2451 best solution, best possible 8029.2417 (3300.93 seconds)
Cbc0010I After 24600 nodes, 7949 on tree, 8029.2451 best solution, best possible 8029.2417 (3310.52 seconds)
Cbc0010I After 24700 nodes, 7998 on tree, 8029.2451 best solution, best possible 8029.2417 (3320.61 seconds)
Cbc0010I After 24800 nodes, 8048 on tree, 8029.2451 best solution, best possible 8029.2417 (3330.23 seconds)
Cbc0010I After 24900 nodes, 8096 on tree, 8029.2451 best solution, best possible 8029.2417 (3340.10 seconds)
Cbc0010I After 25000 nodes, 8139 on tree, 8029.2451 best solution, best possible 8029.2417 (3350.03 seconds)
Cbc0010I After 25100 nodes, 8187 on tree, 8029.2451 best solution, best possible 8029.2417 (3359.77 seconds)
Cbc0010I After 25200 nodes, 8236 on tree, 8029.2451 best solution, best possible 8029.2417 (3369.77 seconds)
Cbc0010I After 25300 nodes, 8285 on tree, 8029.2451 best solution, best possible 8029.2417 (3379.50 seconds)
Cbc0010I After 25400 nodes, 8333 on tree, 8029.2451 best solution, best possible 8029.2417 (3389.37 seconds)
Cbc0010I After 25500 nodes, 8375 on tree, 8029.2451 best solution, best possible 8029.2417 (3399.23 seconds)
Cbc0010I After 25600 nodes, 8422 on tree, 8029.2451 best solution, best possible 8029.2417 (3408.90 seconds)
Cbc0010I After 25700 nodes, 8469 on tree, 8029.2451 best solution, best possible 8029.2417 (3418.83 seconds)
Cbc0010I After 25800 nodes, 8518 on tree, 8029.2451 best solution, best possible 8029.2417 (3428.55 seconds)
Cbc0010I After 25900 nodes, 8566 on tree, 8029.2451 best solution, best possible 8029.2417 (3438.17 seconds)
Cbc0010I After 26000 nodes, 8609 on tree, 8029.2451 best solution, best possible 8029.2417 (3447.85 seconds)
Cbc0010I After 26100 nodes, 8657 on tree, 8029.2451 best solution, best possible 8029.2417 (3457.32 seconds)
Cbc0010I After 26200 nodes, 8705 on tree, 8029.2451 best solution, best possible 8029.2417 (3467.30 seconds)
Cbc0010I After 26300 nodes, 8754 on tree, 8029.2451 best solution, best possible 8029.2417 (3476.88 seconds)
Cbc0010I After 26400 nodes, 8802 on tree, 8029.2451 best solution, best possible 8029.2417 (3486.72 seconds)
Cbc0010I After 26500 nodes, 8845 on tree, 8029.2451 best solution, best possible 8029.2417 (3496.63 seconds)
Cbc0010I After 26600 nodes, 8893 on tree, 8029.2451 best solution, best possible 8029.2417 (3506.12 seconds)
Cbc0010I After 26700 nodes, 8943 on tree, 8029.2451 best solution, best possible 8029.2417 (3516.20 seconds)
Cbc0010I After 26800 nodes, 8992 on tree, 8029.2451 best solution, best possible 8029.2417 (3525.86 seconds)
Cbc0010I After 26900 nodes, 9036 on tree, 8029.2451 best solution, best possible 8029.2417 (3535.72 seconds)
Cbc0010I After 27000 nodes, 9079 on tree, 8029.2451 best solution, best possible 8029.2417 (3545.21 seconds)
Cbc0010I After 27100 nodes, 9127 on tree, 8029.2451 best solution, best possible 8029.2417 (3554.75 seconds)
Cbc0010I After 27200 nodes, 9175 on tree, 8029.2451 best solution, best possible 8029.2417 (3564.62 seconds)
Cbc0010I After 27300 nodes, 9222 on tree, 8029.2451 best solution, best possible 8029.2417 (3574.26 seconds)
Cbc0010I After 27400 nodes, 9268 on tree, 8029.2451 best solution, best possible 8029.2417 (3584.38 seconds)
