2023/05/23
Julia is now 1.9.0
previous version was 1.7.2
2023/11/29
gurobi is now 11.0.0
previous version was 10.0.2
solving instance uflp nlass holmberg 42 exp
===========================================================================
 BARON version 23.11.13. Built: LNX-64 Mon Nov 13 23:14:09 EST 2023

 BARON is a product of The Optimization Firm.
 For information on BARON, see https://minlp.com/about-baron
 Licensee: Claudio Contardo at Concordia University, claudio.contardo@concordia.ca.

 If you use this software, please cite publications from
 https://minlp.com/baron-publications, such as: 

 Khajavirad, A. and N. V. Sahinidis,
 A hybrid LP/NLP paradigm for global optimization relaxations,
 Mathematical Programming Computation, 10, 383-421, 2018.
===========================================================================
 This BARON run may utilize the following subsolver(s)
 For LP/MIP/QP: CLP/CBC, ILOG CPLEX                             
 For NLP: IPOPT, FILTERSQP
===========================================================================
 Doing local search
 Preprocessing found feasible solution with value 9861.77
 Solving bounding LP
 Starting multi-start local search
 Preprocessing found feasible solution with value 9230.64
 Done with local search
===========================================================================
  Iteration    Open nodes         Time (s)    Lower bound      Upper bound
*         1             1            54.54      5902.20          8761.72       
          1             0            55.03      8761.71          8761.72       

 Calculating duals

                         *** Normal completion ***            

 Wall clock time:                    55.78
 Total CPU time used:                55.51

 Total no. of BaR iterations:       1
 Best solution found at node:       1
 Max. no. of nodes in memory:       1
 
 All done
===========================================================================
reading holmberg data file ../../../../../instances/uflp/holmberg/p42
primal_bound = 8761.71771749, dual_bound = 8761.70895578, gap = 9.999991191598163e-5, time = 59.17
