
Note: the module "julia" cannot be unloaded because it was not loaded.

2023/11/29
gurobi is now 11.0.0
previous version was 10.0.2
solving instance uflp nlass gunluk ../../../../../instances/uflp/gunluk/gunluk-40-80-5.txt cost exp
The latest version of Julia in the `1.10` channel is 1.10.6+0.x64.linux.gnu. You currently have `1.10.5+0.x64.linux.gnu` installed. Run:

  juliaup update

in your terminal shell to install Julia 1.10.6+0.x64.linux.gnu and update the `1.10` channel to that version.
===========================================================================
 BARON version 23.11.13. Built: LNX-64 Mon Nov 13 23:14:09 EST 2023

 BARON is a product of The Optimization Firm.
 For information on BARON, see https://minlp.com/about-baron
 Licensee: Claudio Contardo at Concordia University, claudio.contardo@concordia.ca.

 If you use this software, please cite publications from
 https://minlp.com/baron-publications, such as: 

 Khajavirad, A. and N. V. Sahinidis,
 A hybrid LP/NLP paradigm for global optimization relaxations,
 Mathematical Programming Computation, 10, 383-421, 2018.
===========================================================================
 This BARON run may utilize the following subsolver(s)
 For LP/MIP/QP: CLP/CBC, ILOG CPLEX                             
 For NLP: IPOPT, FILTERSQP
===========================================================================
 Doing local search
 Preprocessing found feasible solution with value 1299.90
 Solving bounding LP
 Starting multi-start local search
 Estimated remaining time for local search is 168 secs
 Estimated remaining time for local search is 114 secs
 Done with local search
===========================================================================
  Iteration    Open nodes         Time (s)    Lower bound      Upper bound
*         1             1           671.86      800.937          1224.79       
          1             0           674.30      1224.79          1224.79       

 Calculating duals

                         *** Normal completion ***            

 Wall clock time:                   679.64
 Total CPU time used:               676.75

 Total no. of BaR iterations:       1
 Best solution found at node:       1
 Max. no. of nodes in memory:       1
 
 All done
===========================================================================
Generating Gunluk and Lee data file ../../../../../instances/uflp/gunluk/gunluk-40-80-5.txt
primal_bound = 1224.78692998, dual_bound = 1224.78570519, gap = 0.00010000025065125528, time = 682.54
