2023/05/23
Julia is now 1.9.0
previous version was 1.7.2
2023/11/29
gurobi is now 11.0.0
previous version was 10.0.2
solving instance uflp nlass holmberg 59 cubic
===========================================================================
 BARON version 23.11.13. Built: LNX-64 Mon Nov 13 23:14:09 EST 2023

 BARON is a product of The Optimization Firm.
 For information on BARON, see https://minlp.com/about-baron
 Licensee: Claudio Contardo at Concordia University, claudio.contardo@concordia.ca.

 If you use this software, please cite publications from
 https://minlp.com/baron-publications, such as: 

 Khajavirad, A. and N. V. Sahinidis,
 A hybrid LP/NLP paradigm for global optimization relaxations,
 Mathematical Programming Computation, 10, 383-421, 2018.
===========================================================================
 This BARON run may utilize the following subsolver(s)
 For LP/MIP/QP: CLP/CBC, ILOG CPLEX                             
 For NLP: IPOPT, FILTERSQP
===========================================================================
 Doing local search
 Solving bounding LP
 Preprocessing found feasible solution with value 0.600000E+14
 Starting multi-start local search
 Preprocessing found feasible solution with value 25374.2
 Estimated remaining time for local search is 496 secs
 Estimated remaining time for local search is 490 secs
 Estimated remaining time for local search is 251 secs
 Done with local search
===========================================================================
  Iteration    Open nodes         Time (s)    Lower bound      Upper bound
          1+            1          2155.25     -88915.3          25374.2       
          1+            1          2185.34     -88819.7          25374.2       
          1+            1          2215.20     -88763.7          25374.2       
          1+            1          2245.03     -88718.6          25374.2       
          1+            1          2274.84     -88712.5          25374.2       
          1+            1          2304.65     -88708.1          25374.2       
          1+            1          2334.45     -88705.6          25374.2       
Failure to change feasibility, error 1014.
Failure to change feasibility, error 1014.
Failure to change feasibility, error 1014.
          1             1          2887.04     -88704.5          25374.2       
Failure to change feasibility, error 1014.
          1             0          2908.01      25374.2          25374.2       

 Calculating duals

                         *** Normal completion ***            

 Wall clock time:                  2944.51
 Total CPU time used:              2928.88

 Total no. of BaR iterations:       1
 Best solution found at node:      -1
 Max. no. of nodes in memory:       1
 
 All done
===========================================================================
reading holmberg data file ../../../../../instances/uflp/holmberg/p59
primal_bound = 25374.2218532, dual_bound = 25374.196479, gap = 9.999991388528514e-5, time = 2948.33
