
Note: the module "julia" cannot be unloaded because it was not loaded.

2023/11/29
gurobi is now 11.0.0
previous version was 10.0.2
solving instance uflp nlass gunluk ../../../../../instances/uflp/gunluk/gunluk-20-40-3.txt cost pardivexp
The latest version of Julia in the `1.10` channel is 1.10.6+0.x64.linux.gnu. You currently have `1.10.5+0.x64.linux.gnu` installed. Run:

  juliaup update

in your terminal shell to install Julia 1.10.6+0.x64.linux.gnu and update the `1.10` channel to that version.
===========================================================================
 BARON version 23.11.13. Built: LNX-64 Mon Nov 13 23:14:09 EST 2023

 BARON is a product of The Optimization Firm.
 For information on BARON, see https://minlp.com/about-baron
 Licensee: Claudio Contardo at Concordia University, claudio.contardo@concordia.ca.

 If you use this software, please cite publications from
 https://minlp.com/baron-publications, such as: 

 Khajavirad, A. and N. V. Sahinidis,
 A hybrid LP/NLP paradigm for global optimization relaxations,
 Mathematical Programming Computation, 10, 383-421, 2018.
===========================================================================
 This BARON run may utilize the following subsolver(s)
 For LP/MIP/QP: CLP/CBC, ILOG CPLEX                             
 For NLP: IPOPT, FILTERSQP
===========================================================================
 Doing local search
 Solving bounding LP
 Preprocessing found feasible solution with value 0.800000E+13
 Starting multi-start local search
 Preprocessing found feasible solution with value 772.925
 Done with local search
===========================================================================
  Iteration    Open nodes         Time (s)    Lower bound      Upper bound
*         1             1            27.72      4.67838          650.037       
Failure to change feasibility, error 1014.
          1             1            42.65      14.1822          650.037       
Failure to change feasibility, error 1014.
Failure to change feasibility, error 1014.
Failure to change feasibility, error 1014.
Failure to change feasibility, error 1014.
Failure to change feasibility, error 1014.
Failure to change feasibility, error 1014.
Failure to change feasibility, error 1014.
Failure to change feasibility, error 1014.
Failure to change feasibility, error 1014.
Failure to change feasibility, error 1014.
Failure to change feasibility, error 1014.
Failure to change feasibility, error 1014.
Failure to change feasibility, error 1014.
Failure to change feasibility, error 1014.
Failure to change feasibility, error 1014.
Failure to change feasibility, error 1014.
Failure to change feasibility, error 1014.
Failure to change feasibility, error 1014.
Failure to change feasibility, error 1014.
Failure to change feasibility, error 1014.
*         6             4            61.69      14.1822          616.380       
Failure to change feasibility, error 1014.
Failure to change feasibility, error 1014.
Failure to change feasibility, error 1014.
Failure to change feasibility, error 1014.
Failure to change feasibility, error 1014.
Failure to change feasibility, error 1014.
Failure to change feasibility, error 1014.
Failure to change feasibility, error 1014.
Failure to change feasibility, error 1014.
Failure to change feasibility, error 1014.
Failure to change feasibility, error 1014.
Failure to change feasibility, error 1014.
Failure to change feasibility, error 1014.
Failure to change feasibility, error 1014.
Failure to change feasibility, error 1014.
Failure to change feasibility, error 1014.
Failure to change feasibility, error 1014.
Failure to change feasibility, error 1014.
Failure to change feasibility, error 1014.
Failure to change feasibility, error 1014.
Failure to change feasibility, error 1014.
Failure to change feasibility, error 1014.
Failure to change feasibility, error 1014.
Failure to change feasibility, error 1014.
Failure to change feasibility, error 1014.
Failure to change feasibility, error 1014.
Failure to change feasibility, error 1014.
Failure to change feasibility, error 1014.
Failure to change feasibility, error 1014.
Failure to change feasibility, error 1014.
Failure to change feasibility, error 1014.
Failure to change feasibility, error 1014.
Failure to change feasibility, error 1014.
Failure to change feasibility, error 1014.
Failure to change feasibility, error 1014.
Failure to change feasibility, error 1014.
Failure to change feasibility, error 1014.
Failure to change feasibility, error 1014.
Failure to change feasibility, error 1014.
Failure to change feasibility, error 1014.
Failure to change feasibility, error 1014.
Failure to change feasibility, error 1014.
Failure to change feasibility, error 1014.
Failure to change feasibility, error 1014.
Failure to change feasibility, error 1014.
Failure to change feasibility, error 1014.
Failure to change feasibility, error 1014.
Failure to change feasibility, error 1014.
Failure to change feasibility, error 1014.
Failure to change feasibility, error 1014.
Failure to change feasibility, error 1014.
Failure to change feasibility, error 1014.
Failure to change feasibility, error 1014.
Failure to change feasibility, error 1014.
Failure to change feasibility, error 1014.
Failure to change feasibility, error 1014.
Failure to change feasibility, error 1014.
Failure to change feasibility, error 1014.
Failure to change feasibility, error 1014.
Failure to change feasibility, error 1014.
Failure to change feasibility, error 1014.
Failure to change feasibility, error 1014.
Failure to change feasibility, error 1014.
Failure to change feasibility, error 1014.
Failure to change feasibility, error 1014.
Failure to change feasibility, error 1014.
Failure to change feasibility, error 1014.
Failure to change feasibility, error 1014.
Failure to change feasibility, error 1014.
Failure to change feasibility, error 1014.
Failure to change feasibility, error 1014.
Failure to change feasibility, error 1014.
Failure to change feasibility, error 1014.
          8             5            91.59      14.1822          616.380       
Failure to change feasibility, error 1014.
Failure to change feasibility, error 1014.
Failure to change feasibility, error 1014.
Failure to change feasibility, error 1014.
Failure to change feasibility, error 1014.
Failure to change feasibility, error 1014.
Failure to change feasibility, error 1014.
Failure to change feasibility, error 1014.
Failure to change feasibility, error 1014.
Failure to change feasibility, error 1014.
Failure to change feasibility, error 1014.
Failure to change feasibility, error 1014.
Failure to change feasibility, error 1014.
Failure to change feasibility, error 1014.
Failure to change feasibility, error 1014.
Failure to change feasibility, error 1014.
Failure to change feasibility, error 1014.
Failure to change feasibility, error 1014.
Failure to change feasibility, error 1014.
Failure to change feasibility, error 1014.
Failure to change feasibility, error 1014.
Failure to change feasibility, error 1014.
Failure to change feasibility, error 1014.
Failure to change feasibility, error 1014.
Failure to change feasibility, error 1014.
Failure to change feasibility, error 1014.
Failure to change feasibility, error 1014.
Failure to change feasibility, error 1014.
Failure to change feasibility, error 1014.
Failure to change feasibility, error 1014.
Failure to change feasibility, error 1014.
Failure to change feasibility, error 1014.
Failure to change feasibility, error 1014.
Failure to change feasibility, error 1014.
Failure to change feasibility, error 1014.
Failure to change feasibility, error 1014.
Failure to change feasibility, error 1014.
Failure to change feasibility, error 1014.
Failure to change feasibility, error 1014.
Failure to change feasibility, error 1014.
Failure to change feasibility, error 1014.
Failure to change feasibility, error 1014.
Failure to change feasibility, error 1014.
Failure to change feasibility, error 1014.
Failure to change feasibility, error 1014.
Failure to change feasibility, error 1014.
Failure to change feasibility, error 1014.
Failure to change feasibility, error 1014.
Failure to change feasibility, error 1014.
Failure to change feasibility, error 1014.
Failure to change feasibility, error 1014.
Failure to change feasibility, error 1014.
Failure to change feasibility, error 1014.
Failure to change feasibility, error 1014.
Failure to change feasibility, error 1014.
Failure to change feasibility, error 1014.
Failure to change feasibility, error 1014.
Failure to change feasibility, error 1014.
Failure to change feasibility, error 1014.
         12             7           121.95      14.1822          616.380       
Failure to change feasibility, error 1014.
Failure to change feasibility, error 1014.
Failure to change feasibility, error 1014.
Failure to change feasibility, error 1014.
Failure to change feasibility, error 1014.
Failure to change feasibility, error 1014.
Failure to change feasibility, error 1014.
Failure to change feasibility, error 1014.
Failure to change feasibility, error 1014.
Failure to change feasibility, error 1014.
Failure to change feasibility, error 1014.
Failure to change feasibility, error 1014.
Failure to change feasibility, error 1014.
Failure to change feasibility, error 1014.
Failure to change feasibility, error 1014.
Failure to change feasibility, error 1014.
Failure to change feasibility, error 1014.
Failure to change feasibility, error 1014.
Failure to change feasibility, error 1014.
Failure to change feasibility, error 1014.
Failure to change feasibility, error 1014.
Failure to change feasibility, error 1014.
Failure to change feasibility, error 1014.
Failure to change feasibility, error 1014.
Failure to change feasibility, error 1014.
Failure to change feasibility, error 1014.
Failure to change feasibility, error 1014.
Failure to change feasibility, error 1014.
Failure to change feasibility, error 1014.
Failure to change feasibility, error 1014.
Failure to change feasibility, error 1014.
Failure to change feasibility, error 1014.
Failure to change feasibility, error 1014.
Failure to change feasibility, error 1014.
Failure to change feasibility, error 1014.
Failure to change feasibility, error 1014.
Failure to change feasibility, error 1014.
Failure to change feasibility, error 1014.
Failure to change feasibility, error 1014.
Failure to change feasibility, error 1014.
Failure to change feasibility, error 1014.
Failure to change feasibility, error 1014.
Failure to change feasibility, error 1014.
Failure to change feasibility, error 1014.
Failure to change feasibility, error 1014.
Failure to change feasibility, error 1014.
Failure to change feasibility, error 1014.
Failure to change feasibility, error 1014.
Failure to change feasibility, error 1014.
Failure to change feasibility, error 1014.
Failure to change feasibility, error 1014.
Failure to change feasibility, error 1014.
Failure to change feasibility, error 1014.
Failure to change feasibility, error 1014.
Failure to change feasibility, error 1014.
*        18            10           143.41      14.1822          612.506       
Failure to change feasibility, error 1014.
Failure to change feasibility, error 1014.
Failure to change feasibility, error 1014.
Failure to change feasibility, error 1014.
Failure to change feasibility, error 1014.
Failure to change feasibility, error 1014.
Failure to change feasibility, error 1014.
Failure to change feasibility, error 1014.
Failure to change feasibility, error 1014.
Failure to change feasibility, error 1014.
Failure to change feasibility, error 1014.
Failure to change feasibility, error 1014.
Failure to change feasibility, error 1014.
Failure to change feasibility, error 1014.
Failure to change feasibility, error 1014.
Failure to change feasibility, error 1014.
Failure to change feasibility, error 1014.
Failure to change feasibility, error 1014.
Failure to change feasibility, error 1014.
Failure to change feasibility, error 1014.
Failure to change feasibility, error 1014.
Failure to change feasibility, error 1014.
Failure to change feasibility, error 1014.
Failure to change feasibility, error 1014.
Failure to change feasibility, error 1014.
Failure to change feasibility, error 1014.
Failure to change feasibility, error 1014.
Failure to change feasibility, error 1014.
Failure to change feasibility, error 1014.
Failure to change feasibility, error 1014.
Failure to change feasibility, error 1014.
Failure to change feasibility, error 1014.
Failure to change feasibility, error 1014.
Failure to change feasibility, error 1014.
Failure to change feasibility, error 1014.
Failure to change feasibility, error 1014.
Failure to change feasibility, error 1014.
Failure to change feasibility, error 1014.
Failure to change feasibility, error 1014.
Failure to change feasibility, error 1014.
Failure to change feasibility, error 1014.
Failure to change feasibility, error 1014.
Failure to change feasibility, error 1014.
Failure to change feasibility, error 1014.
Failure to change feasibility, error 1014.
Failure to change feasibility, error 1014.
Failure to change feasibility, error 1014.
Failure to change feasibility, error 1014.
Failure to change feasibility, error 1014.
Failure to change feasibility, error 1014.
Failure to change feasibility, error 1014.
Failure to change feasibility, error 1014.
Failure to change feasibility, error 1014.
Failure to change feasibility, error 1014.
Failure to change feasibility, error 1014.
Failure to change feasibility, error 1014.
Failure to change feasibility, error 1014.
Failure to change feasibility, error 1014.
Failure to change feasibility, error 1014.
Failure to change feasibility, error 1014.
Failure to change feasibility, error 1014.
Failure to change feasibility, error 1014.
Failure to change feasibility, error 1014.
Failure to change feasibility, error 1014.
Failure to change feasibility, error 1014.
Failure to change feasibility, error 1014.
Failure to change feasibility, error 1014.
Failure to change feasibility, error 1014.
Failure to change feasibility, error 1014.
Failure to change feasibility, error 1014.
Failure to change feasibility, error 1014.
Failure to change feasibility, error 1014.
Failure to change feasibility, error 1014.
         22            12           173.40      14.1822          612.506       
Failure to change feasibility, error 1014.
Failure to change feasibility, error 1014.
Failure to change feasibility, error 1014.
Failure to change feasibility, error 1014.
Failure to change feasibility, error 1014.
Failure to change feasibility, error 1014.
Failure to change feasibility, error 1014.
Failure to change feasibility, error 1014.
Failure to change feasibility, error 1014.
Failure to change feasibility, error 1014.
Failure to change feasibility, error 1014.
Failure to change feasibility, error 1014.
Failure to change feasibility, error 1014.
Failure to change feasibility, error 1014.
Failure to change feasibility, error 1014.
Failure to change feasibility, error 1014.
Failure to change feasibility, error 1014.
Failure to change feasibility, error 1014.
Failure to change feasibility, error 1014.
Failure to change feasibility, error 1014.
Failure to change feasibility, error 1014.
Failure to change feasibility, error 1014.
Failure to change feasibility, error 1014.
Failure to change feasibility, error 1014.
Failure to change feasibility, error 1014.
Failure to change feasibility, error 1014.
Failure to change feasibility, error 1014.
Failure to change feasibility, error 1014.
Failure to change feasibility, error 1014.
Failure to change feasibility, error 1014.
Failure to change feasibility, error 1014.
Failure to change feasibility, error 1014.
Failure to change feasibility, error 1014.
Failure to change feasibility, error 1014.
Failure to change feasibility, error 1014.
Failure to change feasibility, error 1014.
Failure to change feasibility, error 1014.
Failure to change feasibility, error 1014.
Failure to change feasibility, error 1014.
Failure to change feasibility, error 1014.
Failure to change feasibility, error 1014.
Failure to change feasibility, error 1014.
Failure to change feasibility, error 1014.
Failure to change feasibility, error 1014.
Failure to change feasibility, error 1014.
Failure to change feasibility, error 1014.
Failure to change feasibility, error 1014.
Failure to change feasibility, error 1014.
Failure to change feasibility, error 1014.
Failure to change feasibility, error 1014.
Failure to change feasibility, error 1014.
Failure to change feasibility, error 1014.
Failure to change feasibility, error 1014.
Failure to change feasibility, error 1014.
Failure to change feasibility, error 1014.
Failure to change feasibility, error 1014.
Failure to change feasibility, error 1014.
Failure to change feasibility, error 1014.
         28            15           203.36      14.1822          612.506       
Failure to change feasibility, error 1014.
Failure to change feasibility, error 1014.
Failure to change feasibility, error 1014.
Failure to change feasibility, error 1014.
Failure to change feasibility, error 1014.
Failure to change feasibility, error 1014.
Failure to change feasibility, error 1014.
Failure to change feasibility, error 1014.
Failure to change feasibility, error 1014.
Failure to change feasibility, error 1014.
Failure to change feasibility, error 1014.
Failure to change feasibility, error 1014.
Failure to change feasibility, error 1014.
Failure to change feasibility, error 1014.
Failure to change feasibility, error 1014.
Failure to change feasibility, error 1014.
Failure to change feasibility, error 1014.
Failure to change feasibility, error 1014.
Failure to change feasibility, error 1014.
Failure to change feasibility, error 1014.
Failure to change feasibility, error 1014.
Failure to change feasibility, error 1014.
Failure to change feasibility, error 1014.
Failure to change feasibility, error 1014.
Failure to change feasibility, error 1014.
Failure to change feasibility, error 1014.
Failure to change feasibility, error 1014.
Failure to change feasibility, error 1014.
Failure to change feasibility, error 1014.
Failure to change feasibility, error 1014.
Failure to change feasibility, error 1014.
Failure to change feasibility, error 1014.
Failure to change feasibility, error 1014.
Failure to change feasibility, error 1014.
Failure to change feasibility, error 1014.
Failure to change feasibility, error 1014.
Failure to change feasibility, error 1014.
Failure to change feasibility, error 1014.
Failure to change feasibility, error 1014.
Failure to change feasibility, error 1014.
Failure to change feasibility, error 1014.
Failure to change feasibility, error 1014.
Failure to change feasibility, error 1014.
Failure to change feasibility, error 1014.
Failure to change feasibility, error 1014.
Failure to change feasibility, error 1014.
Failure to change feasibility, error 1014.
Failure to change feasibility, error 1014.
Failure to change feasibility, error 1014.
Failure to change feasibility, error 1014.
Failure to change feasibility, error 1014.
Failure to change feasibility, error 1014.
Failure to change feasibility, error 1014.
Failure to change feasibility, error 1014.
Failure to change feasibility, error 1014.
Failure to change feasibility, error 1014.
Failure to change feasibility, error 1014.
Failure to change feasibility, error 1014.
Failure to change feasibility, error 1014.
Failure to change feasibility, error 1014.
Failure to change feasibility, error 1014.
Failure to change feasibility, error 1014.
Failure to change feasibility, error 1014.
Failure to change feasibility, error 1014.
Failure to change feasibility, error 1014.
Failure to change feasibility, error 1014.
Failure to change feasibility, error 1014.
Failure to change feasibility, error 1014.
Failure to change feasibility, error 1014.
         32            17           233.58      14.1822          612.506       
Failure to change feasibility, error 1014.
Failure to change feasibility, error 1014.
Failure to change feasibility, error 1014.
Failure to change feasibility, error 1014.
Failure to change feasibility, error 1014.
Failure to change feasibility, error 1014.
Failure to change feasibility, error 1014.
Failure to change feasibility, error 1014.
Failure to change feasibility, error 1014.
Failure to change feasibility, error 1014.
Failure to change feasibility, error 1014.
Failure to change feasibility, error 1014.
Failure to change feasibility, error 1014.
Failure to change feasibility, error 1014.
Failure to change feasibility, error 1014.
Failure to change feasibility, error 1014.
Failure to change feasibility, error 1014.
Failure to change feasibility, error 1014.
Failure to change feasibility, error 1014.
Failure to change feasibility, error 1014.
Failure to change feasibility, error 1014.
Failure to change feasibility, error 1014.
Failure to change feasibility, error 1014.
Failure to change feasibility, error 1014.
Failure to change feasibility, error 1014.
Failure to change feasibility, error 1014.
Failure to change feasibility, error 1014.
Failure to change feasibility, error 1014.
Failure to change feasibility, error 1014.
Failure to change feasibility, error 1014.
Failure to change feasibility, error 1014.
Failure to change feasibility, error 1014.
Failure to change feasibility, error 1014.
Failure to change feasibility, error 1014.
Failure to change feasibility, error 1014.
Failure to change feasibility, error 1014.
Failure to change feasibility, error 1014.
Failure to change feasibility, error 1014.
Failure to change feasibility, error 1014.
Failure to change feasibility, error 1014.
Failure to change feasibility, error 1014.
Failure to change feasibility, error 1014.
Failure to change feasibility, error 1014.
Failure to change feasibility, error 1014.
Failure to change feasibility, error 1014.
Failure to change feasibility, error 1014.
Failure to change feasibility, error 1014.
Failure to change feasibility, error 1014.
Failure to change feasibility, error 1014.
Failure to change feasibility, error 1014.
Failure to change feasibility, error 1014.
Failure to change feasibility, error 1014.
Failure to change feasibility, error 1014.
Failure to change feasibility, error 1014.
Failure to change feasibility, error 1014.
Failure to change feasibility, error 1014.
Failure to change feasibility, error 1014.
         36            19           263.62      14.1822          612.506       
Failure to change feasibility, error 1014.
Failure to change feasibility, error 1014.
Failure to change feasibility, error 1014.
Failure to change feasibility, error 1014.
Failure to change feasibility, error 1014.
Failure to change feasibility, error 1014.
Failure to change feasibility, error 1014.
Failure to change feasibility, error 1014.
Failure to change feasibility, error 1014.
Failure to change feasibility, error 1014.
Failure to change feasibility, error 1014.
Failure to change feasibility, error 1014.
Failure to change feasibility, error 1014.
Failure to change feasibility, error 1014.
Failure to change feasibility, error 1014.
Failure to change feasibility, error 1014.
Failure to change feasibility, error 1014.
Failure to change feasibility, error 1014.
Failure to change feasibility, error 1014.
Failure to change feasibility, error 1014.
Failure to change feasibility, error 1014.
Failure to change feasibility, error 1014.
Failure to change feasibility, error 1014.
Failure to change feasibility, error 1014.
Failure to change feasibility, error 1014.
Failure to change feasibility, error 1014.
Failure to change feasibility, error 1014.
Failure to change feasibility, error 1014.
Failure to change feasibility, error 1014.
Failure to change feasibility, error 1014.
Failure to change feasibility, error 1014.
Failure to change feasibility, error 1014.
Failure to change feasibility, error 1014.
Failure to change feasibility, error 1014.
Failure to change feasibility, error 1014.
Failure to change feasibility, error 1014.
Failure to change feasibility, error 1014.
Failure to change feasibility, error 1014.
Failure to change feasibility, error 1014.
Failure to change feasibility, error 1014.
Failure to change feasibility, error 1014.
Failure to change feasibility, error 1014.
Failure to change feasibility, error 1014.
Failure to change feasibility, error 1014.
Failure to change feasibility, error 1014.
Failure to change feasibility, error 1014.
Failure to change feasibility, error 1014.
Failure to change feasibility, error 1014.
Failure to change feasibility, error 1014.
Failure to change feasibility, error 1014.
Failure to change feasibility, error 1014.
Failure to change feasibility, error 1014.
Failure to change feasibility, error 1014.
Failure to change feasibility, error 1014.
Failure to change feasibility, error 1014.
Failure to change feasibility, error 1014.
Failure to change feasibility, error 1014.
Failure to change feasibility, error 1014.
Failure to change feasibility, error 1014.
Failure to change feasibility, error 1014.
Failure to change feasibility, error 1014.
Failure to change feasibility, error 1014.
Failure to change feasibility, error 1014.
Failure to change feasibility, error 1014.
Failure to change feasibility, error 1014.
Failure to change feasibility, error 1014.
Failure to change feasibility, error 1014.
Failure to change feasibility, error 1014.
Failure to change feasibility, error 1014.
Failure to change feasibility, error 1014.
Failure to change feasibility, error 1014.
Failure to change feasibility, error 1014.
Failure to change feasibility, error 1014.
Failure to change feasibility, error 1014.
Failure to change feasibility, error 1014.
Failure to change feasibility, error 1014.
Failure to change feasibility, error 1014.
Failure to change feasibility, error 1014.
Failure to change feasibility, error 1014.
Failure to change feasibility, error 1014.
         42            22           293.67      14.1822          612.506       
Failure to change feasibility, error 1014.
Failure to change feasibility, error 1014.
Failure to change feasibility, error 1014.
Failure to change feasibility, error 1014.
Failure to change feasibility, error 1014.
Failure to change feasibility, error 1014.
Failure to change feasibility, error 1014.
Failure to change feasibility, error 1014.
Failure to change feasibility, error 1014.
Failure to change feasibility, error 1014.
Failure to change feasibility, error 1014.
Failure to change feasibility, error 1014.
Failure to change feasibility, error 1014.
Failure to change feasibility, error 1014.
Failure to change feasibility, error 1014.
Failure to change feasibility, error 1014.
Failure to change feasibility, error 1014.
Failure to change feasibility, error 1014.
Failure to change feasibility, error 1014.
Failure to change feasibility, error 1014.
Failure to change feasibility, error 1014.
Failure to change feasibility, error 1014.
Failure to change feasibility, error 1014.
Failure to change feasibility, error 1014.
Failure to change feasibility, error 1014.
Failure to change feasibility, error 1014.
Failure to change feasibility, error 1014.
Failure to change feasibility, error 1014.
Failure to change feasibility, error 1014.
Failure to change feasibility, error 1014.
Failure to change feasibility, error 1014.
Failure to change feasibility, error 1014.
Failure to change feasibility, error 1014.
Failure to change feasibility, error 1014.
Failure to change feasibility, error 1014.
Failure to change feasibility, error 1014.
Failure to change feasibility, error 1014.
Failure to change feasibility, error 1014.
Failure to change feasibility, error 1014.
Failure to change feasibility, error 1014.
Failure to change feasibility, error 1014.
Failure to change feasibility, error 1014.
Failure to change feasibility, error 1014.
Failure to change feasibility, error 1014.
Failure to change feasibility, error 1014.
Failure to change feasibility, error 1014.
Failure to change feasibility, error 1014.
Failure to change feasibility, error 1014.
Failure to change feasibility, error 1014.
Failure to change feasibility, error 1014.
Failure to change feasibility, error 1014.
Failure to change feasibility, error 1014.
Failure to change feasibility, error 1014.
Failure to change feasibility, error 1014.
Failure to change feasibility, error 1014.
Failure to change feasibility, error 1014.
Failure to change feasibility, error 1014.
Failure to change feasibility, error 1014.
Failure to change feasibility, error 1014.
Failure to change feasibility, error 1014.
Failure to change feasibility, error 1014.
Failure to change feasibility, error 1014.
Failure to change feasibility, error 1014.
Failure to change feasibility, error 1014.
Failure to change feasibility, error 1014.
Failure to change feasibility, error 1014.
Failure to change feasibility, error 1014.
Failure to change feasibility, error 1014.
Failure to change feasibility, error 1014.
Failure to change feasibility, error 1014.
Failure to change feasibility, error 1014.
Failure to change feasibility, error 1014.
Failure to change feasibility, error 1014.
Failure to change feasibility, error 1014.
Failure to change feasibility, error 1014.
Failure to change feasibility, error 1014.
Failure to change feasibility, error 1014.
Failure to change feasibility, error 1014.
Failure to change feasibility, error 1014.
Failure to change feasibility, error 1014.
         48            25           323.82      14.1822          612.506       
Failure to change feasibility, error 1014.
Failure to change feasibility, error 1014.
Failure to change feasibility, error 1014.
Failure to change feasibility, error 1014.
Failure to change feasibility, error 1014.
Failure to change feasibility, error 1014.
Failure to change feasibility, error 1014.
Failure to change feasibility, error 1014.
Failure to change feasibility, error 1014.
Failure to change feasibility, error 1014.
Failure to change feasibility, error 1014.
Failure to change feasibility, error 1014.
Failure to change feasibility, error 1014.
Failure to change feasibility, error 1014.
Failure to change feasibility, error 1014.
Failure to change feasibility, error 1014.
Failure to change feasibility, error 1014.
Failure to change feasibility, error 1014.
Failure to change feasibility, error 1014.
Failure to change feasibility, error 1014.
Failure to change feasibility, error 1014.
Failure to change feasibility, error 1014.
Failure to change feasibility, error 1014.
Failure to change feasibility, error 1014.
Failure to change feasibility, error 1014.
Failure to change feasibility, error 1014.
Failure to change feasibility, error 1014.
Failure to change feasibility, error 1014.
Failure to change feasibility, error 1014.
Failure to change feasibility, error 1014.
Failure to change feasibility, error 1014.
Failure to change feasibility, error 1014.
Failure to change feasibility, error 1014.
Failure to change feasibility, error 1014.
Failure to change feasibility, error 1014.
Failure to change feasibility, error 1014.
Failure to change feasibility, error 1014.
Failure to change feasibility, error 1014.
Failure to change feasibility, error 1014.
Failure to change feasibility, error 1014.
Failure to change feasibility, error 1014.
Failure to change feasibility, error 1014.
Failure to change feasibility, error 1014.
Failure to change feasibility, error 1014.
Failure to change feasibility, error 1014.
Failure to change feasibility, error 1014.
Failure to change feasibility, error 1014.
Failure to change feasibility, error 1014.
Failure to change feasibility, error 1014.
Failure to change feasibility, error 1014.
Failure to change feasibility, error 1014.
Failure to change feasibility, error 1014.
Failure to change feasibility, error 1014.
Failure to change feasibility, error 1014.
Failure to change feasibility, error 1014.
Failure to change feasibility, error 1014.
Failure to change feasibility, error 1014.
Failure to change feasibility, error 1014.
Failure to change feasibility, error 1014.
Failure to change feasibility, error 1014.
Failure to change feasibility, error 1014.
Failure to change feasibility, error 1014.
Failure to change feasibility, error 1014.
Failure to change feasibility, error 1014.
Failure to change feasibility, error 1014.
Failure to change feasibility, error 1014.
Failure to change feasibility, error 1014.
Failure to change feasibility, error 1014.
Failure to change feasibility, error 1014.
         54            28           353.74      14.1822          612.506       
Failure to change feasibility, error 1014.
Failure to change feasibility, error 1014.
Failure to change feasibility, error 1014.
Failure to change feasibility, error 1014.
Failure to change feasibility, error 1014.
Failure to change feasibility, error 1014.
Failure to change feasibility, error 1014.
Failure to change feasibility, error 1014.
Failure to change feasibility, error 1014.
Failure to change feasibility, error 1014.
Failure to change feasibility, error 1014.
Failure to change feasibility, error 1014.
Failure to change feasibility, error 1014.
Failure to change feasibility, error 1014.
Failure to change feasibility, error 1014.
Failure to change feasibility, error 1014.
Failure to change feasibility, error 1014.
Failure to change feasibility, error 1014.
Failure to change feasibility, error 1014.
Failure to change feasibility, error 1014.
Failure to change feasibility, error 1014.
Failure to change feasibility, error 1014.
Failure to change feasibility, error 1014.
Failure to change feasibility, error 1014.
Failure to change feasibility, error 1014.
Failure to change feasibility, error 1014.
Failure to change feasibility, error 1014.
Failure to change feasibility, error 1014.
Failure to change feasibility, error 1014.
Failure to change feasibility, error 1014.
Failure to change feasibility, error 1014.
Failure to change feasibility, error 1014.
Failure to change feasibility, error 1014.
Failure to change feasibility, error 1014.
Failure to change feasibility, error 1014.
Failure to change feasibility, error 1014.
Failure to change feasibility, error 1014.
Failure to change feasibility, error 1014.
Failure to change feasibility, error 1014.
Failure to change feasibility, error 1014.
Failure to change feasibility, error 1014.
Failure to change feasibility, error 1014.
Failure to change feasibility, error 1014.
Failure to change feasibility, error 1014.
Failure to change feasibility, error 1014.
Failure to change feasibility, error 1014.
Failure to change feasibility, error 1014.
Failure to change feasibility, error 1014.
Failure to change feasibility, error 1014.
Failure to change feasibility, error 1014.
Failure to change feasibility, error 1014.
Failure to change feasibility, error 1014.
Failure to change feasibility, error 1014.
Failure to change feasibility, error 1014.
Failure to change feasibility, error 1014.
Failure to change feasibility, error 1014.
Failure to change feasibility, error 1014.
Failure to change feasibility, error 1014.
Failure to change feasibility, error 1014.
Failure to change feasibility, error 1014.
Failure to change feasibility, error 1014.
Failure to change feasibility, error 1014.
Failure to change feasibility, error 1014.
Failure to change feasibility, error 1014.
Failure to change feasibility, error 1014.
Failure to change feasibility, error 1014.
Failure to change feasibility, error 1014.
Failure to change feasibility, error 1014.
Failure to change feasibility, error 1014.
Failure to change feasibility, error 1014.
Failure to change feasibility, error 1014.
Failure to change feasibility, error 1014.
Failure to change feasibility, error 1014.
Failure to change feasibility, error 1014.
Failure to change feasibility, error 1014.
Failure to change feasibility, error 1014.
Failure to change feasibility, error 1014.
Failure to change feasibility, error 1014.
Failure to change feasibility, error 1014.
Failure to change feasibility, error 1014.
Failure to change feasibility, error 1014.
Failure to change feasibility, error 1014.
Failure to change feasibility, error 1014.
         60            31           383.92      14.1822          612.506       
Failure to change feasibility, error 1014.
Failure to change feasibility, error 1014.
Failure to change feasibility, error 1014.
Failure to change feasibility, error 1014.
Failure to change feasibility, error 1014.
Failure to change feasibility, error 1014.
Failure to change feasibility, error 1014.
Failure to change feasibility, error 1014.
Failure to change feasibility, error 1014.
Failure to change feasibility, error 1014.
Failure to change feasibility, error 1014.
Failure to change feasibility, error 1014.
Failure to change feasibility, error 1014.
Failure to change feasibility, error 1014.
Failure to change feasibility, error 1014.
Failure to change feasibility, error 1014.
Failure to change feasibility, error 1014.
Failure to change feasibility, error 1014.
Failure to change feasibility, error 1014.
Failure to change feasibility, error 1014.
Failure to change feasibility, error 1014.
Failure to change feasibility, error 1014.
Failure to change feasibility, error 1014.
Failure to change feasibility, error 1014.
Failure to change feasibility, error 1014.
Failure to change feasibility, error 1014.
Failure to change feasibility, error 1014.
Failure to change feasibility, error 1014.
Failure to change feasibility, error 1014.
Failure to change feasibility, error 1014.
Failure to change feasibility, error 1014.
Failure to change feasibility, error 1014.
Failure to change feasibility, error 1014.
Failure to change feasibility, error 1014.
Failure to change feasibility, error 1014.
Failure to change feasibility, error 1014.
Failure to change feasibility, error 1014.
Failure to change feasibility, error 1014.
Failure to change feasibility, error 1014.
Failure to change feasibility, error 1014.
Failure to change feasibility, error 1014.
Failure to change feasibility, error 1014.
Failure to change feasibility, error 1014.
Failure to change feasibility, error 1014.
Failure to change feasibility, error 1014.
Failure to change feasibility, error 1014.
Failure to change feasibility, error 1014.
Failure to change feasibility, error 1014.
Failure to change feasibility, error 1014.
Failure to change feasibility, error 1014.
Failure to change feasibility, error 1014.
Failure to change feasibility, error 1014.
Failure to change feasibility, error 1014.
Failure to change feasibility, error 1014.
Failure to change feasibility, error 1014.
Failure to change feasibility, error 1014.
Failure to change feasibility, error 1014.
Failure to change feasibility, error 1014.
Failure to change feasibility, error 1014.
Failure to change feasibility, error 1014.
Failure to change feasibility, error 1014.
Failure to change feasibility, error 1014.
Failure to change feasibility, error 1014.
Failure to change feasibility, error 1014.
*        66            34           406.22      14.1822          611.348       
Failure to change feasibility, error 1014.
Failure to change feasibility, error 1014.
Failure to change feasibility, error 1014.
Failure to change feasibility, error 1014.
Failure to change feasibility, error 1014.
Failure to change feasibility, error 1014.
Failure to change feasibility, error 1014.
Failure to change feasibility, error 1014.
Failure to change feasibility, error 1014.
Failure to change feasibility, error 1014.
Failure to change feasibility, error 1014.
Failure to change feasibility, error 1014.
Failure to change feasibility, error 1014.
Failure to change feasibility, error 1014.
Failure to change feasibility, error 1014.
Failure to change feasibility, error 1014.
Failure to change feasibility, error 1014.
Failure to change feasibility, error 1014.
Failure to change feasibility, error 1014.
Failure to change feasibility, error 1014.
Failure to change feasibility, error 1014.
Failure to change feasibility, error 1014.
Failure to change feasibility, error 1014.
Failure to change feasibility, error 1014.
Failure to change feasibility, error 1014.
Failure to change feasibility, error 1014.
Failure to change feasibility, error 1014.
Failure to change feasibility, error 1014.
Failure to change feasibility, error 1014.
Failure to change feasibility, error 1014.
Failure to change feasibility, error 1014.
Failure to change feasibility, error 1014.
Failure to change feasibility, error 1014.
Failure to change feasibility, error 1014.
Failure to change feasibility, error 1014.
Failure to change feasibility, error 1014.
Failure to change feasibility, error 1014.
Failure to change feasibility, error 1014.
Failure to change feasibility, error 1014.
Failure to change feasibility, error 1014.
Failure to change feasibility, error 1014.
Failure to change feasibility, error 1014.
Failure to change feasibility, error 1014.
Failure to change feasibility, error 1014.
Failure to change feasibility, error 1014.
Failure to change feasibility, error 1014.
Failure to change feasibility, error 1014.
Failure to change feasibility, error 1014.
Failure to change feasibility, error 1014.
Failure to change feasibility, error 1014.
Failure to change feasibility, error 1014.
Failure to change feasibility, error 1014.
Failure to change feasibility, error 1014.
Failure to change feasibility, error 1014.
Failure to change feasibility, error 1014.
Failure to change feasibility, error 1014.
Failure to change feasibility, error 1014.
Failure to change feasibility, error 1014.
Failure to change feasibility, error 1014.
Failure to change feasibility, error 1014.
Failure to change feasibility, error 1014.
Failure to change feasibility, error 1014.
Failure to change feasibility, error 1014.
Failure to change feasibility, error 1014.
Failure to change feasibility, error 1014.
Failure to change feasibility, error 1014.
Failure to change feasibility, error 1014.
Failure to change feasibility, error 1014.
Failure to change feasibility, error 1014.
Failure to change feasibility, error 1014.
Failure to change feasibility, error 1014.
Failure to change feasibility, error 1014.
Failure to change feasibility, error 1014.
Failure to change feasibility, error 1014.
Failure to change feasibility, error 1014.
Failure to change feasibility, error 1014.
Failure to change feasibility, error 1014.
Failure to change feasibility, error 1014.
Failure to change feasibility, error 1014.
Failure to change feasibility, error 1014.
Failure to change feasibility, error 1014.
         70            36           436.30      14.1822          611.348       
Failure to change feasibility, error 1014.
Failure to change feasibility, error 1014.
Failure to change feasibility, error 1014.
Failure to change feasibility, error 1014.
Failure to change feasibility, error 1014.
Failure to change feasibility, error 1014.
Failure to change feasibility, error 1014.
Failure to change feasibility, error 1014.
Failure to change feasibility, error 1014.
Failure to change feasibility, error 1014.
Failure to change feasibility, error 1014.
Failure to change feasibility, error 1014.
Failure to change feasibility, error 1014.
Failure to change feasibility, error 1014.
Failure to change feasibility, error 1014.
Failure to change feasibility, error 1014.
Failure to change feasibility, error 1014.
Failure to change feasibility, error 1014.
Failure to change feasibility, error 1014.
Failure to change feasibility, error 1014.
Failure to change feasibility, error 1014.
Failure to change feasibility, error 1014.
Failure to change feasibility, error 1014.
Failure to change feasibility, error 1014.
Failure to change feasibility, error 1014.
Failure to change feasibility, error 1014.
Failure to change feasibility, error 1014.
Failure to change feasibility, error 1014.
Failure to change feasibility, error 1014.
Failure to change feasibility, error 1014.
Failure to change feasibility, error 1014.
Failure to change feasibility, error 1014.
Failure to change feasibility, error 1014.
Failure to change feasibility, error 1014.
Failure to change feasibility, error 1014.
Failure to change feasibility, error 1014.
Failure to change feasibility, error 1014.
Failure to change feasibility, error 1014.
Failure to change feasibility, error 1014.
Failure to change feasibility, error 1014.
Failure to change feasibility, error 1014.
Failure to change feasibility, error 1014.
Failure to change feasibility, error 1014.
Failure to change feasibility, error 1014.
Failure to change feasibility, error 1014.
Failure to change feasibility, error 1014.
Failure to change feasibility, error 1014.
Failure to change feasibility, error 1014.
Failure to change feasibility, error 1014.
Failure to change feasibility, error 1014.
Failure to change feasibility, error 1014.
Failure to change feasibility, error 1014.
Failure to change feasibility, error 1014.
Failure to change feasibility, error 1014.
Failure to change feasibility, error 1014.
Failure to change feasibility, error 1014.
Failure to change feasibility, error 1014.
Failure to change feasibility, error 1014.
Failure to change feasibility, error 1014.
Failure to change feasibility, error 1014.
Failure to change feasibility, error 1014.
Failure to change feasibility, error 1014.
Failure to change feasibility, error 1014.
Failure to change feasibility, error 1014.
Failure to change feasibility, error 1014.
Failure to change feasibility, error 1014.
Failure to change feasibility, error 1014.
Failure to change feasibility, error 1014.
Failure to change feasibility, error 1014.
Failure to change feasibility, error 1014.
Failure to change feasibility, error 1014.
Failure to change feasibility, error 1014.
Failure to change feasibility, error 1014.
Failure to change feasibility, error 1014.
Failure to change feasibility, error 1014.
Failure to change feasibility, error 1014.
Failure to change feasibility, error 1014.
Failure to change feasibility, error 1014.
Failure to change feasibility, error 1014.
Failure to change feasibility, error 1014.
Failure to change feasibility, error 1014.
Failure to change feasibility, error 1014.
Failure to change feasibility, error 1014.
Failure to change feasibility, error 1014.
Failure to change feasibility, error 1014.
Failure to change feasibility, error 1014.
Failure to change feasibility, error 1014.
Failure to change feasibility, error 1014.
Failure to change feasibility, error 1014.
Failure to change feasibility, error 1014.
         76            39           466.47      14.1822          611.348       
Failure to change feasibility, error 1014.
Failure to change feasibility, error 1014.
Failure to change feasibility, error 1014.
Failure to change feasibility, error 1014.
Failure to change feasibility, error 1014.
Failure to change feasibility, error 1014.
Failure to change feasibility, error 1014.
Failure to change feasibility, error 1014.
Failure to change feasibility, error 1014.
Failure to change feasibility, error 1014.
Failure to change feasibility, error 1014.
Failure to change feasibility, error 1014.
Failure to change feasibility, error 1014.
Failure to change feasibility, error 1014.
Failure to change feasibility, error 1014.
Failure to change feasibility, error 1014.
Failure to change feasibility, error 1014.
Failure to change feasibility, error 1014.
Failure to change feasibility, error 1014.
Failure to change feasibility, error 1014.
Failure to change feasibility, error 1014.
Failure to change feasibility, error 1014.
Failure to change feasibility, error 1014.
Failure to change feasibility, error 1014.
Failure to change feasibility, error 1014.
Failure to change feasibility, error 1014.
Failure to change feasibility, error 1014.
Failure to change feasibility, error 1014.
Failure to change feasibility, error 1014.
Failure to change feasibility, error 1014.
Failure to change feasibility, error 1014.
Failure to change feasibility, error 1014.
Failure to change feasibility, error 1014.
Failure to change feasibility, error 1014.
Failure to change feasibility, error 1014.
Failure to change feasibility, error 1014.
Failure to change feasibility, error 1014.
Failure to change feasibility, error 1014.
Failure to change feasibility, error 1014.
Failure to change feasibility, error 1014.
Failure to change feasibility, error 1014.
Failure to change feasibility, error 1014.
Failure to change feasibility, error 1014.
Failure to change feasibility, error 1014.
Failure to change feasibility, error 1014.
Failure to change feasibility, error 1014.
Failure to change feasibility, error 1014.
Failure to change feasibility, error 1014.
Failure to change feasibility, error 1014.
Failure to change feasibility, error 1014.
Failure to change feasibility, error 1014.
Failure to change feasibility, error 1014.
Failure to change feasibility, error 1014.
Failure to change feasibility, error 1014.
Failure to change feasibility, error 1014.
Failure to change feasibility, error 1014.
Failure to change feasibility, error 1014.
Failure to change feasibility, error 1014.
Failure to change feasibility, error 1014.
Failure to change feasibility, error 1014.
Failure to change feasibility, error 1014.
Failure to change feasibility, error 1014.
Failure to change feasibility, error 1014.
Failure to change feasibility, error 1014.
Failure to change feasibility, error 1014.
Failure to change feasibility, error 1014.
Failure to change feasibility, error 1014.
Failure to change feasibility, error 1014.
Failure to change feasibility, error 1014.
Failure to change feasibility, error 1014.
Failure to change feasibility, error 1014.
Failure to change feasibility, error 1014.
Failure to change feasibility, error 1014.
Failure to change feasibility, error 1014.
Failure to change feasibility, error 1014.
Failure to change feasibility, error 1014.
Failure to change feasibility, error 1014.
Failure to change feasibility, error 1014.
Failure to change feasibility, error 1014.
Failure to change feasibility, error 1014.
Failure to change feasibility, error 1014.
Failure to change feasibility, error 1014.
Failure to change feasibility, error 1014.
Failure to change feasibility, error 1014.
Failure to change feasibility, error 1014.
Failure to change feasibility, error 1014.
Failure to change feasibility, error 1014.
Failure to change feasibility, error 1014.
Failure to change feasibility, error 1014.
Failure to change feasibility, error 1014.
Failure to change feasibility, error 1014.
Failure to change feasibility, error 1014.
Failure to change feasibility, error 1014.
Failure to change feasibility, error 1014.
Failure to change feasibility, error 1014.
Failure to change feasibility, error 1014.
Failure to change feasibility, error 1014.
Failure to change feasibility, error 1014.
Failure to change feasibility, error 1014.
Failure to change feasibility, error 1014.
Failure to change feasibility, error 1014.
Failure to change feasibility, error 1014.
Failure to change feasibility, error 1014.
        155             0           474.41      611.347          611.348       

 Calculating duals

                         *** Normal completion ***            

 Wall clock time:                   476.57
 Total CPU time used:               474.51

 Total no. of BaR iterations:     155
 Best solution found at node:      66
 Max. no. of nodes in memory:      40
 
 All done
===========================================================================
Generating Gunluk and Lee data file ../../../../../instances/uflp/gunluk/gunluk-20-40-3.txt
f0 = 0.009794948962204448
f0 = 0.02423113950602104
f0 = 0.03111635044544454
f0 = 0.016664828584472165
f0 = 0.02499614766654327
f0 = 0.0324309386330609
f0 = 0.017173631443692203
f0 = 0.027739767069527084
f0 = 0.026543367661912527
f0 = 0.026942624121205235
f0 = 0.011918071102982935
f0 = 0.01719937228724836
f0 = 0.023573935955311372
f0 = 0.03091111040671645
f0 = 0.02476251358765262
f0 = 0.01616998955839722
f0 = 0.0228839924705114
f0 = 0.033550695554997956
f0 = 0.035883539068037075
f0 = 0.029992628539646723
f0 = 0.023987538457963795
f0 = 0.025554375280079197
f0 = 0.018843575047543512
f0 = 0.021636696006066287
f0 = 0.011664324410256836
f0 = 0.014320517155894262
f0 = 0.010900265059689133
f0 = 0.026510176882572335
f0 = 0.019465069737514176
f0 = 0.024875995496559337
f0 = 0.02447871697906931
f0 = 0.028933579467694752
f0 = 0.00841655461815841
f0 = 0.0129995152583072
f0 = 0.013097758900518494
f0 = 0.02621356335569987
f0 = 0.03996635789948889
f0 = 0.03080848409104435
f0 = 0.023032543092367862
f0 = 0.037636393642138576
f0 = 0.004008900242722261
f0 = 0.026704106556100844
f0 = 0.03228793760540551
f0 = 0.01366288498807765
f0 = 0.022364186032516373
f0 = 0.027263971693522272
f0 = 0.025270042273026396
f0 = 0.029565240238767616
f0 = 0.03095710993262849
f0 = 0.0356867355556932
f0 = 0.008000704516449861
f0 = 0.016459004730936637
f0 = 0.02032238251325822
f0 = 0.03199511930781161
f0 = 0.03469302680191462
f0 = 0.017409574570227314
f0 = 0.01574149623736662
f0 = 0.03663259077248893
f0 = 0.03670440117930438
f0 = 0.019816064570956866
f0 = 0.03115543413690255
f0 = 0.03359571439264394
f0 = 0.011323176763495405
f0 = 0.023745668327119877
f0 = 0.0006910051486299144
f0 = 0.01827031640086281
f0 = 0.021350554890115708
f0 = 0.030135170698597637
f0 = 0.010893531496087048
f0 = 0.014273150601925716
f0 = 0.020922088083495785
f0 = 0.02549359795000397
f0 = 0.0059703153858960195
f0 = 0.008965595687275915
f0 = 0.009019737060124914
f0 = 0.02699227517675508
f0 = 0.03893083151663757
f0 = 0.025277065304158415
f0 = 0.02766469895453871
f0 = 0.03634535314174648
f0 = 0.018010830515451257
f0 = 0.014575446135013824
f0 = 0.018646879216223794
f0 = 0.0011979852099918576
f0 = 0.007986363929452685
f0 = 0.014598705457889874
f0 = 0.020681863256395407
f0 = 0.016537992901376246
f0 = 0.02014638390562349
f0 = 0.030261595755178703
f0 = 0.006803471362319392
f0 = 0.004163473461550386
f0 = 0.00607428232095053
f0 = 0.018320681379708943
f0 = 0.03196711644181134
f0 = 0.007057864881705935
f0 = 0.007536793670186614
f0 = 0.024024345314090017
f0 = 0.02273197002869447
f0 = 0.01879829827487025
f0 = 0.02381068966907503
f0 = 0.02722312415516838
f0 = 0.006738854994387866
f0 = 0.011832989981812935
f0 = 0.014566808118967826
f0 = 0.030714467915902356
f0 = 0.0225813832673873
f0 = 0.018616323238051246
f0 = 0.008793298070157649
f0 = 0.016810278182367484
f0 = 0.006841811717428634
f0 = 0.01145517084023961
f0 = 0.019240631748687675
f0 = 0.00564547121624624
f0 = 0.0055676334060999555
f0 = 0.013472264131244206
f0 = 0.0245224268139872
f0 = 0.013045646363273048
f0 = 0.01765548394492657
f0 = 0.021934860056061236
f0 = 0.036306788274375605
f0 = 0.01834125485717116
f0 = 0.022918301671541057
f0 = 0.02862633536161594
f0 = 0.029408433001292807
f0 = 0.0381088817081356
f0 = 0.010342332451558712
f0 = 0.020283583137814747
f0 = 0.013287919708551916
f0 = 0.002137597248923937
f0 = 0.03000067552325645
f0 = 0.025207240220409818
f0 = 0.030164590015413197
f0 = 0.02306099284923915
f0 = 0.008526328662578637
f0 = 0.022255138190146802
f0 = 0.03677211011036364
f0 = 0.018896989563047292
f0 = 0.02600293299532434
f0 = 0.04807527499815889
f0 = 0.005673322403519971
f0 = 0.0020960247311913147
f0 = 0.03547480845387604
f0 = 0.019348517446332217
f0 = 0.0362007811332439
f0 = 0.03899682716057569
f0 = 0.017782060983345734
f0 = 0.015467485288211224
f0 = 0.03733815385883524
f0 = 0.04529051937187448
f0 = 0.03102115873565405
f0 = 0.03256618736361455
f0 = 0.035481358876770966
f0 = 0.030005043716118684
f0 = 0.030046478549757873
f0 = 0.02248539850194631
f0 = 0.03305590161187919
f0 = 0.03794073979369702
f0 = 0.013138162964250083
f0 = 0.032236687476153866
f0 = 0.019868979930457106
f0 = 0.010936323851018705
f0 = 0.01802724031222838
f0 = 0.01095901313311174
f0 = 0.015401468573568378
f0 = 0.024334224181363003
f0 = 0.008847120386175258
f0 = 0.01452864978751782
f0 = 0.01336471310210502
f0 = 0.018881151291838344
f0 = 0.011772670075466953
f0 = 0.008337511578000811
f0 = 0.015014983260578443
f0 = 0.0178609749815775
f0 = 0.020086163719217662
f0 = 0.0054790388468886515
f0 = 0.01938432677207317
f0 = 0.020149964430817402
f0 = 0.02280046447109239
f0 = 0.030182309039970528
f0 = 0.01325949550415393
f0 = 0.01618209792171952
f0 = 0.01741913726444534
f0 = 0.008617077294730402
f0 = 0.018705614527901253
f0 = 0.027678889047302736
f0 = 0.012172531635570182
f0 = 0.013128759848956917
f0 = 0.019192719152781555
f0 = 0.027060419859857233
f0 = 0.016022359006064656
f0 = 0.019451112022753046
f0 = 0.019757456317286207
f0 = 0.011741962439802568
f0 = 0.011783703893802837
f0 = 0.013544903700374122
f0 = 0.027629337984956554
f0 = 0.02338055033586159
f0 = 0.009884360063349404
f0 = 0.02554696286924994
f0 = 0.030563453855285624
f0 = 0.022458388346884916
f0 = 0.028759914755693117
f0 = 0.027823334082011868
f0 = 0.03150041530863995
f0 = 0.0405791866059011
f0 = 0.008546615012247261
f0 = 0.02546085412015154
f0 = 0.0194492188750372
f0 = 0.008280385527070618
f0 = 0.02719586739859352
f0 = 0.025219241375773242
f0 = 0.0315631549440442
f0 = 0.028794780677022024
f0 = 0.00391260335990534
f0 = 0.022243199452176197
f0 = 0.036241128368133084
f0 = 0.026551298812104173
f0 = 0.03273085127942705
f0 = 0.04660122117772514
f0 = 0.011395030978138104
f0 = 0.009478693550043958
f0 = 0.033834661273094944
f0 = 0.022137473628020897
f0 = 0.03151975645667458
f0 = 0.030448129240019776
f0 = 0.010032656800270568
f0 = 0.02116295990806443
f0 = 0.0353905966669575
f0 = 0.042770516132213214
f0 = 0.03254342658199899
f0 = 0.03528933531114332
f0 = 0.029261538310430317
f0 = 0.02758887198372489
f0 = 0.02765724632347201
f0 = 0.026582069023186376
f0 = 0.03933605504900653
f0 = 0.03989671285581415
f0 = 0.017515024117896256
f0 = 0.03798665216692369
f0 = 0.002627790828734102
f0 = 0.0319489683405076
f0 = 0.03791300951794941
f0 = 0.01964643976619114
f0 = 0.028436701871231953
f0 = 0.03334123139005389
f0 = 0.028289829928198878
f0 = 0.035015184980936254
f0 = 0.03568628321370512
f0 = 0.038396687720368944
f0 = 0.013839714219860313
f0 = 0.02217082081901467
f0 = 0.026423309010396218
f0 = 0.03763522297639514
f0 = 0.03640996977694762
f0 = 0.02272055806231212
f0 = 0.021680946696583565
f0 = 0.04183810107504221
f0 = 0.042434594936266154
f0 = 0.02401936694060643
f0 = 0.03475121623337126
f0 = 0.0367416198953951
f0 = 0.01730921430568644
f0 = 0.029027369101482087
f0 = 0.006169713436036675
f0 = 0.013227361507306447
f0 = 0.022518709702923027
f0 = 0.03510699597498213
f0 = 0.0166242283040355
f0 = 0.01811519367197797
f0 = 0.0270413027903358
f0 = 0.031621760252009475
f0 = 0.0032397471115405453
f0 = 0.014900012457650035
f0 = 0.014964497650494313
f0 = 0.032635783914755766
f0 = 0.04494415014734378
f0 = 0.0313310843787533
f0 = 0.0322661976259024
f0 = 0.042375024418033515
f0 = 0.016470079397624595
f0 = 0.03229877157771144
f0 = 0.03561075107063553
f0 = 0.017940969543535613
f0 = 0.023248099697147445
f0 = 0.023253316255074548
f0 = 0.0359852299710166
f0 = 0.03401146504742238
f0 = 0.037843843327095464
f0 = 0.046318265025065815
f0 = 0.015846518934677215
f0 = 0.021713654372016153
f0 = 0.021081011806251465
f0 = 0.035261581595745856
f0 = 0.046532361115645945
f0 = 0.024173665387468877
f0 = 0.012561796386592236
f0 = 0.041527566267865225
f0 = 0.03906094352053907
f0 = 0.007450547704430388
f0 = 0.04059513146985563
f0 = 0.0436675635086752
f0 = 0.010997404092881654
f0 = 0.029561382951317716
f0 = 0.012935787143145536
f0 = 0.030111720724684755
f0 = 0.03407834613346859
f0 = 0.036349318322278834
f0 = 0.008940128442599131
f0 = 0.0018048893955893098
f0 = 0.02105321254871495
f0 = 0.024426677638261427
f0 = 0.01872504113926791
f0 = 0.015748905378872295
f0 = 0.015705948892582148
f0 = 0.030761252920458865
f0 = 0.038792990959774405
f0 = 0.021152032727946597
f0 = 0.03517815340128877
f0 = 0.0361881769030676
f0 = 0.03460382090909739
f0 = 0.01551302766456588
f0 = 0.011738525346111552
f0 = 0.01764008862204868
f0 = 0.008781995334257607
f0 = 0.007468639789793016
f0 = 0.02933669186560038
f0 = 0.013452866017221852
f0 = 0.020497061014557304
f0 = 0.03540536602853003
f0 = 0.023461408526156687
f0 = 0.016516128693972575
f0 = 0.010593388658982959
f0 = 0.011457225226561861
f0 = 0.03967622981173321
f0 = 0.018135043914528907
f0 = 0.017184652003206288
f0 = 0.018375723836805854
f0 = 0.012162379108442534
f0 = 0.026133105530273947
f0 = 0.02827225027613019
f0 = 0.03193591539200688
f0 = 0.020583969263497856
f0 = 0.015643375326933932
f0 = 0.030923045442377506
f0 = 0.0472321263069013
f0 = 0.03522423204997925
f0 = 0.018263335534440674
f0 = 0.022156655579785703
f0 = 0.02789632829310693
f0 = 0.009938517809797409
f0 = 0.005417274277784965
f0 = 0.035897278416649595
f0 = 0.02230306280827608
f0 = 0.02222395762589672
f0 = 0.011292221931726016
f0 = 0.009386387823370918
f0 = 0.009048664134448879
f0 = 0.02076928140592608
f0 = 0.006884445672206778
f0 = 0.018746631403041725
f0 = 0.015938239231394584
f0 = 0.019314830142683148
f0 = 0.0032673222166083116
f0 = 0.007649514607280503
f0 = 0.013001264389530958
f0 = 0.022824593206829377
f0 = 0.017543087053585493
f0 = 0.02169691936214396
f0 = 0.03231296285900024
f0 = 0.007960500486767816
f0 = 0.0061081803208153235
f0 = 0.005478258021063663
f0 = 0.018974445977730594
f0 = 0.034120091294721315
f0 = 0.009098267468075185
f0 = 0.005459392232513448
f0 = 0.025060180655109964
f0 = 0.02312869212735402
f0 = 0.01691508094416488
f0 = 0.025770793393028443
f0 = 0.029231407650761425
f0 = 0.005603640614943397
f0 = 0.013346721088147964
f0 = 0.015010409551926885
f0 = 0.03194766575731624
f0 = 0.024703018975816532
f0 = 0.020042639115945206
f0 = 0.007623447557853731
f0 = 0.015394013583046469
f0 = 0.005983265471284688
f0 = 0.010542318565313813
f0 = 0.020169126825401618
f0 = 0.006776123642518814
f0 = 0.006683891000717605
f0 = 0.014322264437017921
f0 = 0.024276127426588596
f0 = 0.011300270208496391
f0 = 0.019391435208825487
f0 = 0.021651339802009874
f0 = 0.029659230622974042
f0 = 0.008627419088194123
f0 = 0.007836557796689484
f0 = 0.012578519158512977
f0 = 0.004774818560250367
f0 = 0.01135350311824847
f0 = 0.022044159393288295
f0 = 0.007630605039989566
f0 = 0.01424607456051405
f0 = 0.02860450279094197
f0 = 0.018348609737987614
f0 = 0.010336363769663076
f0 = 0.006932395947627382
f0 = 0.007478806295013241
f0 = 0.03255091497807213
f0 = 0.011297732963795852
f0 = 0.015556545353722232
f0 = 0.014445589968067527
f0 = 0.011090248031024671
f0 = 0.026514465310830265
f0 = 0.021433755740970856
f0 = 0.025144815990955725
f0 = 0.01759633071669652
f0 = 0.008352579297024551
f0 = 0.026439640413645854
f0 = 0.04130099414498104
f0 = 0.02800475959650003
f0 = 0.0120388647023422
f0 = 0.01952305896563551
f0 = 0.026677312426036846
f0 = 0.007021398086852917
f0 = 0.005885125230782432
f0 = 0.03063945136820936
f0 = 0.017296449610646462
f0 = 0.01723602685103515
f0 = 0.004577970430932374
f0 = 0.012841331315395645
f0 = 0.011668824500567557
f0 = 0.013870524048496997
f0 = 0.010370327882889937
f0 = 0.027681286284669725
f0 = 0.0043406692319835185
f0 = 0.007638130134896924
f0 = 0.011505023488891071
f0 = 0.007223280380536035
f0 = 0.015632735160596444
f0 = 0.017268952848546303
f0 = 0.005259583971505299
f0 = 0.01035505507598927
f0 = 0.024026905596322985
f0 = 0.016660531311959003
f0 = 0.008199772903988564
f0 = 0.008612575585910779
f0 = 0.007351859581545584
f0 = 0.027795058797406586
f0 = 0.007908507164840607
f0 = 0.016964490832162293
f0 = 0.012771692101815184
f0 = 0.01218348938493722
f0 = 0.02848726988179437
f0 = 0.01686688139995997
f0 = 0.020588576098974312
f0 = 0.01784433811262151
f0 = 0.003574253789007597
f0 = 0.024964782840395768
f0 = 0.03823301232810246
f0 = 0.023544870005195218
f0 = 0.008322918552919853
f0 = 0.019892105598698702
f0 = 0.027661377857398563
f0 = 0.009224177678633635
f0 = 0.010091114837582951
f0 = 0.028352258346823075
f0 = 0.01578949387900149
f0 = 0.015752496700814956
f0 = 0.0023490681092952653
f0 = 0.016077985586923874
f0 = 0.015554892836904987
f0 = 0.00933991519550999
f0 = 0.013923685993920082
f0 = 0.02657698411094504
f0 = 0.00282411392669596
f0 = 0.009846340676973729
f0 = 0.012384937877050669
f0 = 0.011171267953050288
f0 = 0.020003977664569527
f0 = 0.012691189545884482
f0 = 0.00634876216341928
f0 = 0.007532129509189165
f0 = 0.019669771678435772
f0 = 0.01636104534258541
f0 = 0.008615042084595036
f0 = 0.01200697762693224
f0 = 0.009689161682861028
f0 = 0.023212613294203273
f0 = 0.006682771434609035
f0 = 0.019459240741985698
f0 = 0.012634598349313231
f0 = 0.014616166603345183
f0 = 0.031063947500981317
f0 = 0.012573270488418711
f0 = 0.016278432237453747
f0 = 0.019343607937125355
f0 = 0.0011152928355956482
f0 = 0.024477149850039376
f0 = 0.03573754733472291
f0 = 0.019454336379356365
f0 = 0.006185979760506326
f0 = 0.021387956412279155
f0 = 0.029427464109919064
f0 = 0.012820824445176111
f0 = 0.014512121331209988
f0 = 0.0268921165462351
f0 = 0.01575286328685657
f0 = 0.015743765184269273
f0 = 0.005779666498504464
f0 = 0.01973408499332492
f0 = 0.019719014827215383
f0 = 0.005332493696325949
f0 = 0.017843196404878477
f0 = 0.013850752337732615
f0 = 0.032960525529775214
f0 = 0.04002137444008667
f0 = 0.025891207939823913
f0 = 0.03433331517824731
f0 = 0.04158654663414171
f0 = 0.023274991014941005
f0 = 0.03654990688282389
f0 = 0.034455109048213965
f0 = 0.0313726375974893
f0 = 0.02074969107297455
f0 = 0.026541814946126088
f0 = 0.03287348109405676
f0 = 0.039840012743317166
f0 = 0.027409679824220594
f0 = 0.025402741428973297
f0 = 0.0314355878555047
f0 = 0.041809184128703
f0 = 0.04479937039896008
f0 = 0.03687436721265017
f0 = 0.030288879728772623
f0 = 0.030914316199183795
f0 = 0.027153342315509726
f0 = 0.030545936381635067
f0 = 0.017602996048809178
f0 = 0.006716730698952807
f0 = 0.014526185956074586
f0 = 0.03476685504236147
f0 = 0.02736589093183493
f0 = 0.031223770240998393
f0 = 0.033761992764540776
f0 = 0.038250602993403486
f0 = 0.011603284825422116
f0 = 0.021901272186768513
f0 = 0.021998030631505957
f0 = 0.03528778677513934
f0 = 0.049180023027585534
f0 = 0.039888159431652026
f0 = 0.031008455357017333
f0 = 0.046892058120751395
f0 = 0.015138191693715528
f0 = 0.030021257857579104
f0 = 0.03717191256200054
f0 = 0.02443466122515867
f0 = 0.03247012642596039
f0 = 0.04021531236898065
f0 = 0.01956616583908884
f0 = 0.03364341308738473
f0 = 0.031092725341401797
f0 = 0.027466022559802673
f0 = 0.01982680083060158
f0 = 0.02456496827729857
f0 = 0.03119735220885049
f0 = 0.03701255580586029
f0 = 0.02353243864586775
f0 = 0.023067857078872527
f0 = 0.030781342061407996
f0 = 0.03854894846061882
f0 = 0.041937454152674
f0 = 0.037363364132301215
f0 = 0.026552307372133467
f0 = 0.02705994400679969
f0 = 0.0266890382567937
f0 = 0.027767294200099577
f0 = 0.01831266179190235
f0 = 0.010627348953246688
f0 = 0.010668072913793007
f0 = 0.03154599727576557
f0 = 0.027193297333585113
f0 = 0.03195875139294587
f0 = 0.032133100530428574
f0 = 0.036487354829175804
f0 = 0.013028875237261544
f0 = 0.020907658598229673
f0 = 0.021005903720605797
f0 = 0.03263462688671289
f0 = 0.04666082389067509
f0 = 0.038642658547433525
f0 = 0.027697835435045073
f0 = 0.04446284697040715
f0 = 0.01991940404851147
f0 = 0.028520862937104794
f0 = 0.03572453373441166
f0 = 0.025842811228871016
f0 = 0.032983284548336544
f0 = 0.04136273414042792
f0 = 0.01614674157532199
f0 = 0.03213534573439777
f0 = 0.0285144066623897
f0 = 0.022670291029397778
f0 = 0.022198662285819896
f0 = 0.025132077519477176
f0 = 0.032048092177787695
f0 = 0.035615217323016
f0 = 0.01819683806911339
f0 = 0.02305737137861216
f0 = 0.03311943046380129
f0 = 0.03612198662896438
f0 = 0.04039366002378143
f0 = 0.04094366184474904
f0 = 0.022823330772160335
f0 = 0.022731961180472847
f0 = 0.029373989861920226
f0 = 0.026684584683375867
f0 = 0.022519446580113952
f0 = 0.015891854146007665
f0 = 0.007007052415809262
f0 = 0.02933440070209921
f0 = 0.030214854035835337
f0 = 0.03586690644086207
f0 = 0.03303604352165336
f0 = 0.0370806452603521
f0 = 0.01798574800274375
f0 = 0.023130807365532365
f0 = 0.02322623967794974
f0 = 0.03168775001154264
f0 = 0.045758765875020146
f0 = 0.04000362200136146
f0 = 0.02533816434161304
f0 = 0.04375916453669584
f0 = 0.034996144788043484
f0 = 0.014284469202069898
f0 = 0.0186618245116609
f0 = 0.025583758207355173
f0 = 0.025569377483723447
f0 = 0.03412034831469204
f0 = 0.009503005590601504
f0 = 0.01606013928439058
f0 = 0.009041973333888089
f0 = 0.006246964593904475
f0 = 0.02761493227761639
f0 = 0.022004541656415633
f0 = 0.02647223753508117
f0 = 0.018804874471201376
f0 = 0.012091468528891773
f0 = 0.019166678239582693
f0 = 0.03349504200897095
f0 = 0.014836422977736541
f0 = 0.02180499530298625
f0 = 0.0449563241408208
f0 = 0.0026726379523742613
f0 = 0.003103196722806699
f0 = 0.03255952196662539
f0 = 0.015555275757412298
f0 = 0.034414567539259394
f0 = 0.0392605574813003
f0 = 0.018262288386790143
f0 = 0.011236850452770683
f0 = 0.03449388267268445
f0 = 0.04253589416419467
f0 = 0.027287633862561025
f0 = 0.028572168062084475
f0 = 0.034418997538257244
f0 = 0.027476130874720308
f0 = 0.02750668789434253
f0 = 0.018367502138901315
f0 = 0.02883035330532299
f0 = 0.03404705051028686
f0 = 0.009204148443618462
f0 = 0.02798333236329912
f0 = 0.04195347872640715
f0 = 0.01373476626525133
f0 = 0.006741672894136185
f0 = 0.02537395866337088
f0 = 0.017954559155123017
f0 = 0.02121176215841608
f0 = 0.026829544602770605
f0 = 0.010131280771537614
f0 = 0.014393883173990334
f0 = 0.028712358410772604
f0 = 0.030844597292305598
f0 = 0.022402022261905335
f0 = 0.020153658950379107
f0 = 0.006978586597900019
f0 = 0.03443790876704468
f0 = 0.022079936356250718
f0 = 0.028655955159123475
f0 = 0.007774617136616855
f0 = 0.00216537133195876
f0 = 0.03909058479695041
f0 = 0.022566672775099043
f0 = 0.025544139405910847
f0 = 0.03083162029426916
f0 = 0.01619970939692741
f0 = 0.03912340838750052
f0 = 0.05215330635790792
f0 = 0.03516744962268925
f0 = 0.012943220262018842
f0 = 0.03276413855857283
f0 = 0.03979834665380462
f0 = 0.02013296628139633
f0 = 0.017337973062630224
f0 = 0.042623553659282935
f0 = 0.029908315792894456
f0 = 0.02986245771102944
f0 = 0.011932923203609374
f0 = 0.0073232514801074445
f0 = 0.0225400241448218
f0 = 0.01693970386156515
f0 = 0.008002060614444183
f0 = 0.039957783213725166
f0 = 0.01614711100132033
f0 = 0.009850334829746706
f0 = 0.022800283109015634
f0 = 0.014042425407522237
f0 = 0.01392145666171484
f0 = 0.0304898780543739
f0 = 0.012968146056956328
f0 = 0.019538074328267995
f0 = 0.03469840235395167
f0 = 0.02865363763460379
f0 = 0.020854432291018344
f0 = 0.01616636014290348
f0 = 0.009745666955699218
f0 = 0.03976224370504893
f0 = 0.021708774384263392
f0 = 0.02359784190542818
f0 = 0.015068768015798789
f0 = 0.00763273410785771
f0 = 0.032755987043880386
f0 = 0.027877632957667146
f0 = 0.03130670622685502
f0 = 0.02670431315700465
f0 = 0.017435240570718505
f0 = 0.036525419030763985
f0 = 0.05182842942515305
f0 = 0.03762652912403634
f0 = 0.017493834181720083
f0 = 0.02840012671824241
f0 = 0.034456589122317506
f0 = 0.015737658065531547
f0 = 0.011650766494681884
f0 = 0.04104627171777515
f0 = 0.02755144686889304
f0 = 0.027482883300224737
f0 = 0.01243255058454659
f0 = 0.0027686250184478164
f0 = 0.015639003343690307
f0 = 0.02091521151505272
f0 = 0.0005505701438044258
f0 = 0.027158444381655454
f0 = 0.009846512615051525
f0 = 0.010548352309462728
f0 = 0.010004741566442992
f0 = 0.0020090381212420285
f0 = 0.010209312054968517
f0 = 0.0220131178110947
f0 = 0.009769845542485127
f0 = 0.015805550057327044
f0 = 0.02944160595929457
f0 = 0.01584801168272755
f0 = 0.008275656047720244
f0 = 0.0040866634693948484
f0 = 0.010192443447756817
f0 = 0.0329070025324854
f0 = 0.009861392912601897
f0 = 0.012752362265608797
f0 = 0.016962400718322553
f0 = 0.013947378975313134
f0 = 0.023866374685677674
f0 = 0.022306739329394087
f0 = 0.02602565949017011
f0 = 0.014746137680429252
f0 = 0.008681331661076966
f0 = 0.023810847654689753
f0 = 0.03920109488667206
f0 = 0.027135118431711316
f0 = 0.013694440818700087
f0 = 0.016666932090602094
f0 = 0.023851469773588922
f0 = 0.004271772442584088
f0 = 0.0047506002686951015
f0 = 0.02824058307684644
f0 = 0.01475476830224866
f0 = 0.014688239161181423
f0 = 0.00642847852896619
f0 = 0.015294074458296709
f0 = 0.01003247676832224
f0 = 0.014828653925960856
f0 = 0.012729002265179677
primal_bound = 611.347554548, dual_bound = 611.346943201, gap = 9.99999092751122e-5, time = 478.86
