solving instance mcnd nodes c33 3 6 sinabc3
Set parameter TokenServer to value "licences.gerad.lan"
Set parameter TokenServer to value "licences.gerad.lan"
Set parameter TokenServer to value "licences.gerad.lan"
Set parameter FeasibilityTol to value 1e-09
Set parameter MIPGap to value 1e-09
Set parameter Threads to value 1
Set parameter OptimalityTol to value 1e-09
Set parameter IntFeasTol to value 1e-09
Set parameter TimeLimit to value 3458.094463508
translating piece by -0.0001226565778438271
translating piece by -2.8221299089636886e-5
translating piece by -6.5567336832828e-5
translating piece by -6.065664001653204e-5
translating piece by -3.104892357441713e-5
translating piece by -6.649251645285403e-6
translating piece by -2.395101074625927e-5
translating piece by -1.2225994623804581e-5
translating piece by -5.9788184074704986e-5
translating piece by -1.3751752931057126e-5
translating piece by -8.437859187893082e-5
translating piece by -1.940397487487644e-5
translating piece by -0.0002442961496171847
translating piece by -5.618917566607706e-5
translating piece by -7.027093806755147e-5
translating piece by -1.615664700693742e-5
translating piece by -5.841519504201642e-5
translating piece by -1.3436737162919599e-5
translating piece by -0.0002564244427958329
translating piece by -5.895623871765565e-5
translating piece by -0.00011932915492707252
translating piece by -3.0175570827850606e-5
translating piece by -8.353057862109381e-5
translating piece by -8.38019900584186e-6
translating piece by -0.00010214798550123305
translating piece by -2.3488019451178843e-5
translating piece by -2.9108848593750736e-6
translating piece by -1.6289905715893838e-5
translating piece by -5.4649265990747153e-5
translating piece by -1.2570943226819509e-5
translating piece by -2.059125986164645e-5
translating piece by -4.734301853659417e-6
translating piece by -0.00017712351086629496
translating piece by -0.00017653189752309117
translating piece by -0.00015484618796790528
translating piece by -3.9189288600027794e-5
translating piece by -0.0001198599812255452
translating piece by -2.7561017304833513e-5
translating piece by -2.5695288655924742e-5
translating piece by -6.49985065592773e-6
Iteration 1	LB = -1.0e20	UB = 1.0e20	CPU = 142.905536492, #pieces = 58540
WRITING LOG...
(-1.0e20, 1.0e20, -1.0, 0.0, 200.0, 200.0, 58540, 1, 3458.330463011, 3601.236103056)
