solving instance mcf nodes c25_100_10_F_T_5 3 6 cubic
Couenne 0.5.8 -- an Open-Source solver for Mixed Integer Nonlinear Optimization
Mailing list: couenne@list.coin-or.org
Instructions: http://www.coin-or.org/Couenne
couenne: 
ANALYSIS TEST: Reformulating problem: 0.2 seconds
NLP0012I 
              Num      Status      Obj             It       time                 Location
NLP0014I             1         OPT 1467.8233       66 1.653785
Loaded instance "/tmp/jl_wd9gJw/model.nl"
Constraints:          525
Variables:           1275 (125 integer)
Auxiliaries:           61 (0 integer)

Coin0506I Presolve 654 (-138) rows, 1113 (-223) columns and 4458 (-600) elements
Clp0006I 0  Obj -19918.797 Primal inf 402582.55 (58)
Clp0006I 88  Obj -8607.766 Primal inf 74510.9 (71)
Clp0006I 176  Obj -2963.1603 Primal inf 800.87365 (62)
Clp0006I 264  Obj -2963.1603 Primal inf 1092.1009 (93)
Clp0006I 342  Obj -2963.1603 Primal inf 618.69997 (103)
Clp0006I 413  Obj -2963.1603 Primal inf 137.65618 (50)
Clp0006I 481  Obj -2963.1603 Primal inf 32.216373 (19)
Clp0006I 537  Obj -2963.1603
Clp0000I Optimal - objective value -2963.1603
Clp0032I Optimal objective -2963.160265 - 537 iterations time 0.032, Presolve 0.00
Clp0000I Optimal - objective value -2963.1603
NLP Heuristic: time limit reached.
Clp0000I Optimal - objective value -2963.1603
Optimality Based BT: 5 improved bounds
Probing: 1 improved bounds
NLP Heuristic: time limit reached.
Cbc0031I 56 added rows had average density of 2
Cbc0013I At root node, 56 cuts changed objective from -2963.1603 to -2429.4866 in 17 passes
Cbc0014I Cut generator 0 (Couenne convexifier cuts) - 431 row cuts average 2.0 elements, 2 column cuts (2 active)
Cbc0010I After 0 nodes, 1 on tree, 1e+50 best solution, best possible -1.7976931e+308 (21.81 seconds)
Optimality Based BT: 0 improved bounds
Optimality Based BT: 0 improved bounds
Optimality Based BT: 0 improved bounds
Optimality Based BT: 0 improved bounds
Optimality Based BT: 0 improved bounds
Optimality Based BT: 1 improved bounds
Cbc0010I After 100 nodes, 44 on tree, 1e+50 best solution, best possible -2429.4866 (189.02 seconds)
Cbc0010I After 200 nodes, 94 on tree, 1e+50 best solution, best possible -2429.4866 (192.91 seconds)
Cbc0010I After 300 nodes, 141 on tree, 1e+50 best solution, best possible -2429.4866 (195.90 seconds)
Cbc0010I After 400 nodes, 182 on tree, 1e+50 best solution, best possible -2429.4866 (198.30 seconds)
Cbc0010I After 500 nodes, 224 on tree, 1e+50 best solution, best possible -2429.4866 (200.23 seconds)
Cbc0010I After 600 nodes, 262 on tree, 1e+50 best solution, best possible -2429.4866 (201.79 seconds)
Cbc0010I After 700 nodes, 298 on tree, 1e+50 best solution, best possible -2429.4866 (203.33 seconds)
Couenne: new cutoff value 2.5643408608e+03 (205.747 seconds)
Optimality Based BT: 0 improved bounds
Optimality Based BT: 0 improved bounds
Cbc0010I After 800 nodes, 339 on tree, 1e+50 best solution, best possible -2429.4866 (299.27 seconds)
Cbc0010I After 900 nodes, 389 on tree, 1e+50 best solution, best possible -2429.4866 (303.25 seconds)
Cbc0010I After 1000 nodes, 433 on tree, 1e+50 best solution, best possible -2429.4866 (306.03 seconds)
Optimality Based BT: 1 improved bounds
Cbc0010I After 1100 nodes, 473 on tree, 1e+50 best solution, best possible -2429.4866 (378.01 seconds)
Cbc0010I After 1200 nodes, 523 on tree, 1e+50 best solution, best possible -2429.4866 (382.07 seconds)
Cbc0010I After 1300 nodes, 572 on tree, 1e+50 best solution, best possible -2429.4866 (385.23 seconds)
Optimality Based BT: 0 improved bounds
Optimality Based BT: 0 improved bounds
Optimality Based BT: 0 improved bounds
Cbc0010I After 1400 nodes, 610 on tree, 1e+50 best solution, best possible -2429.4866 (456.02 seconds)
Cbc0010I After 1500 nodes, 660 on tree, 1e+50 best solution, best possible -2429.4866 (459.59 seconds)
Cbc0010I After 1600 nodes, 709 on tree, 1e+50 best solution, best possible -2429.4866 (462.66 seconds)
Optimality Based BT: 0 improved bounds
Cbc0010I After 1700 nodes, 744 on tree, 1e+50 best solution, best possible -2429.4866 (528.35 seconds)
Cbc0010I After 1800 nodes, 792 on tree, 1e+50 best solution, best possible -2429.4866 (534.04 seconds)
Cbc0010I After 1900 nodes, 842 on tree, 1e+50 best solution, best possible -2429.4866 (537.96 seconds)
Optimality Based BT: 1 improved bounds
Cbc0010I After 2000 nodes, 881 on tree, 1e+50 best solution, best possible -2429.4866 (568.18 seconds)
Cbc0010I After 2100 nodes, 929 on tree, 1e+50 best solution, best possible -2429.4866 (571.01 seconds)
Cbc0010I After 2200 nodes, 979 on tree, 1e+50 best solution, best possible -2429.4866 (575.02 seconds)
Cbc0010I After 2300 nodes, 1017 on tree, 1e+50 best solution, best possible -2429.4866 (577.86 seconds)
Cbc0010I After 2400 nodes, 1058 on tree, 1e+50 best solution, best possible -2429.4866 (595.54 seconds)
Cbc0010I After 2500 nodes, 1108 on tree, 1e+50 best solution, best possible -2429.4866 (599.09 seconds)
Cbc0010I After 2600 nodes, 1155 on tree, 1e+50 best solution, best possible -2429.4866 (602.18 seconds)
Cbc0010I After 2700 nodes, 1190 on tree, 1e+50 best solution, best possible -2429.4866 (605.28 seconds)
Cbc0010I After 2800 nodes, 1240 on tree, 1e+50 best solution, best possible -2429.4866 (608.64 seconds)
Cbc0010I After 2900 nodes, 1285 on tree, 1e+50 best solution, best possible -2429.4866 (611.43 seconds)
Cbc0010I After 3000 nodes, 1323 on tree, 1e+50 best solution, best possible -2429.4866 (636.26 seconds)
Cbc0010I After 3100 nodes, 1373 on tree, 1e+50 best solution, best possible -2429.4866 (639.62 seconds)
Cbc0010I After 3200 nodes, 1423 on tree, 1e+50 best solution, best possible -2429.4866 (643.96 seconds)
Cbc0010I After 3300 nodes, 1465 on tree, 1e+50 best solution, best possible -2429.4866 (646.95 seconds)
Cbc0010I After 3400 nodes, 1506 on tree, 1e+50 best solution, best possible -2429.4866 (671.83 seconds)
Cbc0010I After 3500 nodes, 1556 on tree, 1e+50 best solution, best possible -2429.4866 (675.29 seconds)
Cbc0010I After 3600 nodes, 1599 on tree, 1e+50 best solution, best possible -2429.4866 (678.26 seconds)
Cbc0010I After 3700 nodes, 1640 on tree, 1e+50 best solution, best possible -2429.4866 (682.08 seconds)
Cbc0010I After 3800 nodes, 1690 on tree, 1e+50 best solution, best possible -2429.4866 (685.40 seconds)
Cbc0010I After 3900 nodes, 1735 on tree, 1e+50 best solution, best possible -2429.4866 (688.23 seconds)
Cbc0010I After 4000 nodes, 1772 on tree, 1e+50 best solution, best possible -2429.4866 (706.24 seconds)
Cbc0010I After 4100 nodes, 1822 on tree, 1e+50 best solution, best possible -2429.4866 (709.74 seconds)
Cbc0010I After 4200 nodes, 1872 on tree, 1e+50 best solution, best possible -2429.4866 (713.71 seconds)
Cbc0010I After 4300 nodes, 1906 on tree, 1e+50 best solution, best possible -2429.4866 (719.65 seconds)
Cbc0010I After 4400 nodes, 1955 on tree, 1e+50 best solution, best possible -2429.4866 (722.78 seconds)
Cbc0010I After 4500 nodes, 2005 on tree, 1e+50 best solution, best possible -2429.4866 (726.50 seconds)
Cbc0010I After 4600 nodes, 2044 on tree, 1e+50 best solution, best possible -2429.4866 (731.45 seconds)
Cbc0010I After 4700 nodes, 2092 on tree, 1e+50 best solution, best possible -2429.4866 (734.88 seconds)
Cbc0010I After 4800 nodes, 2142 on tree, 1e+50 best solution, best possible -2429.4866 (738.70 seconds)
Cbc0010I After 4900 nodes, 2182 on tree, 1e+50 best solution, best possible -2429.4866 (741.56 seconds)
Cbc0010I After 5000 nodes, 2222 on tree, 1e+50 best solution, best possible -2429.4866 (744.75 seconds)
Cbc0010I After 5100 nodes, 2272 on tree, 1e+50 best solution, best possible -2429.4866 (748.06 seconds)
Cbc0010I After 5200 nodes, 2316 on tree, 1e+50 best solution, best possible -2429.4866 (750.90 seconds)
Cbc0010I After 5300 nodes, 2358 on tree, 1e+50 best solution, best possible -2429.4866 (754.65 seconds)
Cbc0010I After 5400 nodes, 2408 on tree, 1e+50 best solution, best possible -2429.4866 (758.13 seconds)
Cbc0010I After 5500 nodes, 2454 on tree, 1e+50 best solution, best possible -2429.4866 (761.15 seconds)
Cbc0010I After 5600 nodes, 2501 on tree, 1e+50 best solution, best possible -2429.4866 (764.28 seconds)
Cbc0010I After 5700 nodes, 2541 on tree, 1e+50 best solution, best possible -2429.4866 (767.28 seconds)
Cbc0010I After 5800 nodes, 2582 on tree, 1e+50 best solution, best possible -2429.4866 (769.83 seconds)
Couenne: new cutoff value 2.5629777164e+03 (774.673 seconds)
Cbc0010I After 5900 nodes, 2621 on tree, 1e+50 best solution, best possible -2429.4866 (772.36 seconds)
Cbc0010I After 6000 nodes, 2664 on tree, 1e+50 best solution, best possible -2429.4866 (775.87 seconds)
Cbc0010I After 6100 nodes, 2714 on tree, 1e+50 best solution, best possible -2429.4866 (779.21 seconds)
Cbc0010I After 6200 nodes, 2761 on tree, 1e+50 best solution, best possible -2429.4866 (782.14 seconds)
Cbc0010I After 6300 nodes, 2800 on tree, 1e+50 best solution, best possible -2429.4866 (785.66 seconds)
Cbc0010I After 6400 nodes, 2850 on tree, 1e+50 best solution, best possible -2429.4866 (789.32 seconds)
Cbc0010I After 6500 nodes, 2895 on tree, 1e+50 best solution, best possible -2429.4866 (792.16 seconds)
Cbc0010I After 6600 nodes, 2935 on tree, 1e+50 best solution, best possible -2429.4866 (795.63 seconds)
Cbc0010I After 6700 nodes, 2985 on tree, 1e+50 best solution, best possible -2429.4866 (799.17 seconds)
Cbc0010I After 6800 nodes, 3031 on tree, 1e+50 best solution, best possible -2429.4866 (802.14 seconds)
Cbc0010I After 6900 nodes, 3070 on tree, 1e+50 best solution, best possible -2429.4866 (807.83 seconds)
Cbc0010I After 7000 nodes, 3120 on tree, 1e+50 best solution, best possible -2429.4866 (810.62 seconds)
Cbc0010I After 7100 nodes, 3168 on tree, 1e+50 best solution, best possible -2429.4866 (813.85 seconds)
Cbc0010I After 7200 nodes, 3209 on tree, 1e+50 best solution, best possible -2429.4866 (816.80 seconds)
Cbc0010I After 7300 nodes, 3253 on tree, 1e+50 best solution, best possible -2429.4866 (822.99 seconds)
Cbc0010I After 7400 nodes, 3303 on tree, 1e+50 best solution, best possible -2429.4866 (826.92 seconds)
Cbc0010I After 7500 nodes, 3347 on tree, 1e+50 best solution, best possible -2429.4866 (829.81 seconds)
Cbc0010I After 7600 nodes, 3386 on tree, 1e+50 best solution, best possible -2429.4866 (833.44 seconds)
Cbc0010I After 7700 nodes, 3436 on tree, 1e+50 best solution, best possible -2429.4866 (837.31 seconds)
Cbc0010I After 7800 nodes, 3483 on tree, 1e+50 best solution, best possible -2429.4866 (840.45 seconds)
Cbc0010I After 7900 nodes, 3517 on tree, 1e+50 best solution, best possible -2429.4866 (844.26 seconds)
Cbc0010I After 8000 nodes, 3567 on tree, 1e+50 best solution, best possible -2429.4866 (848.17 seconds)
Cbc0010I After 8100 nodes, 3617 on tree, 1e+50 best solution, best possible -2429.4866 (851.43 seconds)
Cbc0010I After 8200 nodes, 3660 on tree, 1e+50 best solution, best possible -2429.4866 (854.20 seconds)
Cbc0010I After 8300 nodes, 3705 on tree, 1e+50 best solution, best possible -2429.4866 (856.74 seconds)
Cbc0010I After 8400 nodes, 3755 on tree, 1e+50 best solution, best possible -2429.4866 (858.69 seconds)
Couenne: new cutoff value 2.5334651683e+03 (862.336 seconds)
Cbc0010I After 8500 nodes, 3800 on tree, 1e+50 best solution, best possible -2429.4866 (861.02 seconds)
Cbc0010I After 8600 nodes, 3846 on tree, 1e+50 best solution, best possible -2429.4866 (864.74 seconds)
Cbc0010I After 8700 nodes, 3895 on tree, 1e+50 best solution, best possible -2429.4866 (868.46 seconds)
Cbc0010I After 8800 nodes, 3932 on tree, 1e+50 best solution, best possible -2429.4866 (873.74 seconds)
Cbc0010I After 8900 nodes, 3981 on tree, 1e+50 best solution, best possible -2429.4866 (894.16 seconds)
Cbc0010I After 9000 nodes, 4031 on tree, 1e+50 best solution, best possible -2429.4866 (897.84 seconds)
Cbc0010I After 9100 nodes, 4068 on tree, 1e+50 best solution, best possible -2429.4866 (901.17 seconds)
Cbc0010I After 9200 nodes, 4118 on tree, 1e+50 best solution, best possible -2429.4866 (904.61 seconds)
Cbc0010I After 9300 nodes, 4167 on tree, 1e+50 best solution, best possible -2429.4866 (907.67 seconds)
Cbc0010I After 9400 nodes, 4206 on tree, 1e+50 best solution, best possible -2429.4866 (911.02 seconds)
Cbc0010I After 9500 nodes, 4256 on tree, 1e+50 best solution, best possible -2429.4866 (914.50 seconds)
Cbc0010I After 9600 nodes, 4306 on tree, 1e+50 best solution, best possible -2429.4866 (918.65 seconds)
Cbc0010I After 9700 nodes, 4345 on tree, 1e+50 best solution, best possible -2429.4866 (924.53 seconds)
Cbc0010I After 9800 nodes, 4394 on tree, 1e+50 best solution, best possible -2429.4866 (927.88 seconds)
Cbc0010I After 9900 nodes, 4442 on tree, 1e+50 best solution, best possible -2429.4866 (931.25 seconds)
Cbc0010I After 10000 nodes, 4478 on tree, 1e+50 best solution, best possible -2429.4866 (934.50 seconds)
Cbc0010I After 10100 nodes, 4527 on tree, 1e+50 best solution, best possible -2429.4866 (938.61 seconds)
Cbc0010I After 10200 nodes, 4577 on tree, 1e+50 best solution, best possible -2429.4866 (942.08 seconds)
Cbc0010I After 10300 nodes, 4616 on tree, 1e+50 best solution, best possible -2429.4866 (945.25 seconds)
Cbc0010I After 10400 nodes, 4664 on tree, 1e+50 best solution, best possible -2429.4866 (949.72 seconds)
Cbc0010I After 10500 nodes, 4713 on tree, 1e+50 best solution, best possible -2429.4866 (952.93 seconds)
Cbc0010I After 10600 nodes, 4753 on tree, 1e+50 best solution, best possible -2429.4866 (956.39 seconds)
Cbc0010I After 10700 nodes, 4803 on tree, 1e+50 best solution, best possible -2429.4866 (961.18 seconds)
Cbc0010I After 10800 nodes, 4852 on tree, 1e+50 best solution, best possible -2429.4866 (964.88 seconds)
Couenne: new cutoff value 2.5014578330e+03 (974.508 seconds)
Cbc0012I Integer solution of 2501.4578 found by Couenne Rounding NLP after 980383 iterations and 10879 nodes (972.12 seconds)
Cbc0010I After 10900 nodes, 4192 on tree, 2501.4578 best solution, best possible -2429.4866 (973.41 seconds)
Cbc0010I After 11000 nodes, 4240 on tree, 2501.4578 best solution, best possible -2429.4866 (977.08 seconds)
Cbc0010I After 11100 nodes, 4289 on tree, 2501.4578 best solution, best possible -2429.4866 (981.64 seconds)
Cbc0010I After 11200 nodes, 4331 on tree, 2501.4578 best solution, best possible -2423.5544 (984.93 seconds)
Cbc0010I After 11300 nodes, 4376 on tree, 2501.4578 best solution, best possible -2423.5544 (988.25 seconds)
Cbc0010I After 11400 nodes, 4426 on tree, 2501.4578 best solution, best possible -2423.5544 (992.18 seconds)
Cbc0010I After 11500 nodes, 4463 on tree, 2501.4578 best solution, best possible -2423.5544 (1009.78 seconds)
Cbc0010I After 11600 nodes, 4508 on tree, 2501.4578 best solution, best possible -2423.5544 (1013.42 seconds)
Cbc0010I After 11700 nodes, 4558 on tree, 2501.4578 best solution, best possible -2423.5544 (1017.30 seconds)
Cbc0010I After 11800 nodes, 4597 on tree, 2501.4578 best solution, best possible -2423.5544 (1021.24 seconds)
Cbc0010I After 11900 nodes, 4647 on tree, 2501.4578 best solution, best possible -2423.5544 (1024.98 seconds)
Cbc0010I After 12000 nodes, 4695 on tree, 2501.4578 best solution, best possible -2423.5544 (1028.22 seconds)
Cbc0010I After 12100 nodes, 4735 on tree, 2501.4578 best solution, best possible -2423.5273 (1032.03 seconds)
Cbc0010I After 12200 nodes, 4785 on tree, 2501.4578 best solution, best possible -2423.5273 (1036.10 seconds)
Cbc0010I After 12300 nodes, 4834 on tree, 2501.4578 best solution, best possible -2423.5273 (1039.33 seconds)
Cbc0010I After 12400 nodes, 4875 on tree, 2501.4578 best solution, best possible -2423.5273 (1043.18 seconds)
Cbc0010I After 12500 nodes, 4925 on tree, 2501.4578 best solution, best possible -2423.5273 (1046.88 seconds)
Cbc0010I After 12600 nodes, 4974 on tree, 2501.4578 best solution, best possible -2423.5273 (1049.89 seconds)
Cbc0010I After 12700 nodes, 5015 on tree, 2501.4578 best solution, best possible -2423.5265 (1053.62 seconds)
Cbc0010I After 12800 nodes, 5065 on tree, 2501.4578 best solution, best possible -2423.5265 (1057.99 seconds)
Cbc0010I After 12900 nodes, 5114 on tree, 2501.4578 best solution, best possible -2423.5265 (1061.17 seconds)
Cbc0010I After 13000 nodes, 5153 on tree, 2501.4578 best solution, best possible -2406.3032 (1065.40 seconds)
Cbc0010I After 13100 nodes, 5203 on tree, 2501.4578 best solution, best possible -2406.3032 (1069.40 seconds)
Cbc0010I After 13200 nodes, 5251 on tree, 2501.4578 best solution, best possible -2406.3032 (1072.30 seconds)
Cbc0010I After 13300 nodes, 5292 on tree, 2501.4578 best solution, best possible -2406.3032 (1080.64 seconds)
Cbc0010I After 13400 nodes, 5342 on tree, 2501.4578 best solution, best possible -2406.3032 (1084.16 seconds)
Cbc0010I After 13500 nodes, 5387 on tree, 2501.4578 best solution, best possible -2406.3032 (1087.38 seconds)
Cbc0010I After 13600 nodes, 5428 on tree, 2501.4578 best solution, best possible -2406.3032 (1090.94 seconds)
Cbc0010I After 13700 nodes, 5478 on tree, 2501.4578 best solution, best possible -2406.3032 (1094.72 seconds)
Cbc0010I After 13800 nodes, 5519 on tree, 2501.4578 best solution, best possible -2406.3032 (1097.72 seconds)
Cbc0010I After 13900 nodes, 5564 on tree, 2501.4578 best solution, best possible -2406.3032 (1116.24 seconds)
Cbc0010I After 14000 nodes, 5614 on tree, 2501.4578 best solution, best possible -2406.3032 (1120.17 seconds)
Cbc0010I After 14100 nodes, 5650 on tree, 2501.4578 best solution, best possible -2406.3032 (1137.93 seconds)
Cbc0010I After 14200 nodes, 5694 on tree, 2501.4578 best solution, best possible -2406.3032 (1141.82 seconds)
Cbc0010I After 14300 nodes, 5744 on tree, 2501.4578 best solution, best possible -2406.3032 (1146.11 seconds)
Cbc0010I After 14400 nodes, 5784 on tree, 2501.4578 best solution, best possible -2406.3032 (1148.95 seconds)
Cbc0010I After 14500 nodes, 5828 on tree, 2501.4578 best solution, best possible -2406.3032 (1152.37 seconds)
Cbc0010I After 14600 nodes, 5878 on tree, 2501.4578 best solution, best possible -2406.3032 (1155.80 seconds)
Cbc0010I After 14700 nodes, 5923 on tree, 2501.4578 best solution, best possible -2406.3032 (1158.67 seconds)
Cbc0010I After 14800 nodes, 5962 on tree, 2501.4578 best solution, best possible -2406.3032 (1162.33 seconds)
Cbc0010I After 14900 nodes, 6012 on tree, 2501.4578 best solution, best possible -2406.3032 (1165.73 seconds)
Cbc0010I After 15000 nodes, 6057 on tree, 2501.4578 best solution, best possible -2406.3032 (1168.59 seconds)
Cbc0010I After 15100 nodes, 6096 on tree, 2501.4578 best solution, best possible -2406.3032 (1171.72 seconds)
Cbc0010I After 15200 nodes, 6146 on tree, 2501.4578 best solution, best possible -2406.3032 (1176.27 seconds)
Cbc0010I After 15300 nodes, 6192 on tree, 2501.4578 best solution, best possible -2406.3032 (1179.63 seconds)
Cbc0010I After 15400 nodes, 6232 on tree, 2501.4578 best solution, best possible -2406.3032 (1190.19 seconds)
Cbc0010I After 15500 nodes, 6282 on tree, 2501.4578 best solution, best possible -2406.3032 (1194.42 seconds)
Cbc0010I After 15600 nodes, 6330 on tree, 2501.4578 best solution, best possible -2406.3032 (1197.58 seconds)
Cbc0010I After 15700 nodes, 6368 on tree, 2501.4578 best solution, best possible -2406.3032 (1200.84 seconds)
Cbc0010I After 15800 nodes, 6418 on tree, 2501.4578 best solution, best possible -2406.3032 (1205.50 seconds)
Cbc0010I After 15900 nodes, 6467 on tree, 2501.4578 best solution, best possible -2406.3032 (1209.49 seconds)
Cbc0010I After 16000 nodes, 6503 on tree, 2501.4578 best solution, best possible -2406.3032 (1213.43 seconds)
Cbc0010I After 16100 nodes, 6552 on tree, 2501.4578 best solution, best possible -2406.3032 (1218.03 seconds)
Cbc0010I After 16200 nodes, 6600 on tree, 2501.4578 best solution, best possible -2406.3032 (1220.99 seconds)
Cbc0010I After 16300 nodes, 6637 on tree, 2501.4578 best solution, best possible -2406.3032 (1227.20 seconds)
Cbc0010I After 16400 nodes, 6687 on tree, 2501.4578 best solution, best possible -2406.3032 (1231.51 seconds)
Cbc0010I After 16500 nodes, 6735 on tree, 2501.4578 best solution, best possible -2406.3032 (1234.58 seconds)
Cbc0010I After 16600 nodes, 6776 on tree, 2501.4578 best solution, best possible -2406.3032 (1238.32 seconds)
Cbc0010I After 16700 nodes, 6826 on tree, 2501.4578 best solution, best possible -2406.3032 (1242.77 seconds)
Cbc0010I After 16800 nodes, 6873 on tree, 2501.4578 best solution, best possible -2406.3032 (1246.96 seconds)
Cbc0010I After 16900 nodes, 6911 on tree, 2501.4578 best solution, best possible -2406.2986 (1250.05 seconds)
Cbc0010I After 17000 nodes, 6961 on tree, 2501.4578 best solution, best possible -2406.2986 (1253.83 seconds)
Cbc0010I After 17100 nodes, 7006 on tree, 2501.4578 best solution, best possible -2406.2986 (1256.68 seconds)
Cbc0010I After 17200 nodes, 7049 on tree, 2501.4578 best solution, best possible -2406.2986 (1264.08 seconds)
Cbc0010I After 17300 nodes, 7099 on tree, 2501.4578 best solution, best possible -2406.2986 (1268.00 seconds)
Cbc0010I After 17400 nodes, 7142 on tree, 2501.4578 best solution, best possible -2406.2986 (1271.00 seconds)
Cbc0010I After 17500 nodes, 7187 on tree, 2501.4578 best solution, best possible -2406.2986 (1274.48 seconds)
Cbc0010I After 17600 nodes, 7236 on tree, 2501.4578 best solution, best possible -2406.2986 (1279.17 seconds)
Cbc0010I After 17700 nodes, 7279 on tree, 2501.4578 best solution, best possible -2406.2986 (1282.33 seconds)
Cbc0010I After 17800 nodes, 7326 on tree, 2501.4578 best solution, best possible -2406.2986 (1285.51 seconds)
Cbc0010I After 17900 nodes, 7376 on tree, 2501.4578 best solution, best possible -2406.2986 (1288.53 seconds)
Cbc0010I After 18000 nodes, 7412 on tree, 2501.4578 best solution, best possible -2406.2986 (1294.74 seconds)
Cbc0010I After 18100 nodes, 7462 on tree, 2501.4578 best solution, best possible -2406.2986 (1298.78 seconds)
Cbc0010I After 18200 nodes, 7510 on tree, 2501.4578 best solution, best possible -2406.2986 (1301.70 seconds)
Cbc0010I After 18300 nodes, 7551 on tree, 2501.4578 best solution, best possible -2406.2986 (1307.07 seconds)
Cbc0010I After 18400 nodes, 7601 on tree, 2501.4578 best solution, best possible -2406.2986 (1310.83 seconds)
Cbc0010I After 18500 nodes, 7645 on tree, 2501.4578 best solution, best possible -2406.2986 (1313.74 seconds)
Cbc0010I After 18600 nodes, 7686 on tree, 2501.4578 best solution, best possible -2406.2986 (1317.21 seconds)
Cbc0010I After 18700 nodes, 7736 on tree, 2501.4578 best solution, best possible -2406.2986 (1322.16 seconds)
Cbc0010I After 18800 nodes, 7780 on tree, 2501.4578 best solution, best possible -2406.2986 (1325.75 seconds)
Cbc0010I After 18900 nodes, 7825 on tree, 2501.4578 best solution, best possible -2406.2986 (1329.93 seconds)
Cbc0010I After 19000 nodes, 7875 on tree, 2501.4578 best solution, best possible -2406.2986 (1334.62 seconds)
Cbc0010I After 19100 nodes, 7916 on tree, 2501.4578 best solution, best possible -2406.2986 (1337.67 seconds)
Cbc0010I After 19200 nodes, 7962 on tree, 2501.4578 best solution, best possible -2406.2986 (1341.09 seconds)
Cbc0010I After 19300 nodes, 8012 on tree, 2501.4578 best solution, best possible -2406.2986 (1344.77 seconds)
Cbc0010I After 19400 nodes, 8049 on tree, 2501.4578 best solution, best possible -2406.2986 (1347.97 seconds)
Cbc0010I After 19500 nodes, 8096 on tree, 2501.4578 best solution, best possible -2406.2986 (1351.70 seconds)
Cbc0010I After 19600 nodes, 8146 on tree, 2501.4578 best solution, best possible -2406.2986 (1354.72 seconds)
Cbc0010I After 19700 nodes, 8182 on tree, 2501.4578 best solution, best possible -2406.2975 (1358.06 seconds)
Cbc0010I After 19800 nodes, 8232 on tree, 2501.4578 best solution, best possible -2406.2975 (1361.28 seconds)
Cbc0010I After 19900 nodes, 8280 on tree, 2501.4578 best solution, best possible -2406.2975 (1364.35 seconds)
Cbc0010I After 20000 nodes, 8320 on tree, 2501.4578 best solution, best possible -2406.2975 (1367.92 seconds)
Cbc0010I After 20100 nodes, 8370 on tree, 2501.4578 best solution, best possible -2406.2975 (1371.92 seconds)
Cbc0010I After 20200 nodes, 8420 on tree, 2501.4578 best solution, best possible -2406.2975 (1375.85 seconds)
Cbc0010I After 20300 nodes, 8456 on tree, 2501.4578 best solution, best possible -2406.2975 (1379.14 seconds)
Cbc0010I After 20400 nodes, 8506 on tree, 2501.4578 best solution, best possible -2406.2975 (1382.96 seconds)
Cbc0010I After 20500 nodes, 8551 on tree, 2501.4578 best solution, best possible -2406.2975 (1385.96 seconds)
Cbc0010I After 20600 nodes, 8592 on tree, 2501.4578 best solution, best possible -2406.2975 (1389.60 seconds)
Cbc0010I After 20700 nodes, 8642 on tree, 2501.4578 best solution, best possible -2406.2975 (1394.18 seconds)
Cbc0010I After 20800 nodes, 8689 on tree, 2501.4578 best solution, best possible -2406.2975 (1397.31 seconds)
Cbc0010I After 20900 nodes, 8727 on tree, 2501.4578 best solution, best possible -2406.2975 (1400.93 seconds)
Cbc0010I After 21000 nodes, 8777 on tree, 2501.4578 best solution, best possible -2406.2975 (1404.32 seconds)
Cbc0010I After 21100 nodes, 8817 on tree, 2501.4578 best solution, best possible -2406.2975 (1407.36 seconds)
Cbc0010I After 21200 nodes, 8860 on tree, 2501.4578 best solution, best possible -2406.2975 (1410.91 seconds)
Cbc0010I After 21300 nodes, 8910 on tree, 2501.4578 best solution, best possible -2406.2975 (1414.57 seconds)
Cbc0010I After 21400 nodes, 8947 on tree, 2501.4578 best solution, best possible -2406.2975 (1426.22 seconds)
Cbc0010I After 21500 nodes, 8996 on tree, 2501.4578 best solution, best possible -2406.2975 (1429.50 seconds)
Cbc0010I After 21600 nodes, 9046 on tree, 2501.4578 best solution, best possible -2406.2975 (1433.27 seconds)
Cbc0010I After 21700 nodes, 9081 on tree, 2501.4578 best solution, best possible -2406.2975 (1436.89 seconds)
Cbc0010I After 21800 nodes, 9131 on tree, 2501.4578 best solution, best possible -2406.2975 (1440.43 seconds)
Cbc0010I After 21900 nodes, 9181 on tree, 2501.4578 best solution, best possible -2406.2975 (1443.56 seconds)
Cbc0010I After 22000 nodes, 9218 on tree, 2501.4578 best solution, best possible -2406.2975 (1446.98 seconds)
Cbc0010I After 22100 nodes, 9268 on tree, 2501.4578 best solution, best possible -2406.2975 (1450.20 seconds)
Cbc0010I After 22200 nodes, 9318 on tree, 2501.4578 best solution, best possible -2406.2975 (1453.76 seconds)
Cbc0010I After 22300 nodes, 9355 on tree, 2501.4578 best solution, best possible -2406.2972 (1457.16 seconds)
Cbc0010I After 22400 nodes, 9405 on tree, 2501.4578 best solution, best possible -2406.2972 (1460.68 seconds)
Cbc0010I After 22500 nodes, 9455 on tree, 2501.4578 best solution, best possible -2406.2972 (1463.88 seconds)
Cbc0010I After 22600 nodes, 9495 on tree, 2501.4578 best solution, best possible -2406.2972 (1467.28 seconds)
Cbc0010I After 22700 nodes, 9545 on tree, 2501.4578 best solution, best possible -2406.2972 (1470.60 seconds)
Cbc0010I After 22800 nodes, 9592 on tree, 2501.4578 best solution, best possible -2406.2972 (1473.51 seconds)
Cbc0010I After 22900 nodes, 9635 on tree, 2501.4578 best solution, best possible -2406.2972 (1484.17 seconds)
Cbc0010I After 23000 nodes, 9685 on tree, 2501.4578 best solution, best possible -2406.2972 (1488.03 seconds)
Cbc0010I After 23100 nodes, 9732 on tree, 2501.4578 best solution, best possible -2406.2972 (1490.97 seconds)
Cbc0010I After 23200 nodes, 9772 on tree, 2501.4578 best solution, best possible -2406.2972 (1494.46 seconds)
Cbc0010I After 23300 nodes, 9822 on tree, 2501.4578 best solution, best possible -2406.2972 (1498.44 seconds)
Cbc0010I After 23400 nodes, 9863 on tree, 2501.4578 best solution, best possible -2406.2972 (1501.55 seconds)
Cbc0010I After 23500 nodes, 9906 on tree, 2501.4578 best solution, best possible -2406.2972 (1505.32 seconds)
Cbc0010I After 23600 nodes, 9956 on tree, 2501.4578 best solution, best possible -2406.2972 (1509.01 seconds)
Cbc0010I After 23700 nodes, 9992 on tree, 2501.4578 best solution, best possible -2406.2972 (1527.64 seconds)
Cbc0010I After 23800 nodes, 10040 on tree, 2501.4578 best solution, best possible -2406.2972 (1531.13 seconds)
Cbc0010I After 23900 nodes, 10090 on tree, 2501.4578 best solution, best possible -2406.2972 (1534.95 seconds)
Cbc0010I After 24000 nodes, 10130 on tree, 2501.4578 best solution, best possible -2406.2972 (1538.62 seconds)
Cbc0010I After 24100 nodes, 10180 on tree, 2501.4578 best solution, best possible -2406.2972 (1542.36 seconds)
Cbc0010I After 24200 nodes, 10227 on tree, 2501.4578 best solution, best possible -2406.2972 (1545.74 seconds)
Cbc0010I After 24300 nodes, 10264 on tree, 2501.4578 best solution, best possible -2406.2972 (1549.30 seconds)
Cbc0010I After 24400 nodes, 10314 on tree, 2501.4578 best solution, best possible -2406.2972 (1553.49 seconds)
Cbc0010I After 24500 nodes, 10363 on tree, 2501.4578 best solution, best possible -2406.2972 (1557.05 seconds)
Cbc0010I After 24600 nodes, 10402 on tree, 2501.4578 best solution, best possible -2406.2972 (1564.67 seconds)
Cbc0010I After 24700 nodes, 10452 on tree, 2501.4578 best solution, best possible -2406.2972 (1568.51 seconds)
Cbc0010I After 24800 nodes, 10498 on tree, 2501.4578 best solution, best possible -2406.2972 (1571.56 seconds)
Cbc0010I After 24900 nodes, 10540 on tree, 2501.4578 best solution, best possible -2406.2972 (1575.12 seconds)
Cbc0010I After 25000 nodes, 10590 on tree, 2501.4578 best solution, best possible -2406.2972 (1579.13 seconds)
Cbc0010I After 25100 nodes, 10635 on tree, 2501.4578 best solution, best possible -2406.2972 (1582.12 seconds)
Cbc0010I After 25200 nodes, 10681 on tree, 2501.4578 best solution, best possible -2406.2972 (1596.58 seconds)
Cbc0010I After 25300 nodes, 10731 on tree, 2501.4578 best solution, best possible -2406.2972 (1599.95 seconds)
Cbc0010I After 25400 nodes, 10769 on tree, 2501.4578 best solution, best possible -2406.2971 (1602.88 seconds)
Cbc0010I After 25500 nodes, 10815 on tree, 2501.4578 best solution, best possible -2406.2971 (1621.17 seconds)
Cbc0010I After 25600 nodes, 10865 on tree, 2501.4578 best solution, best possible -2406.2971 (1624.64 seconds)
Cbc0010I After 25700 nodes, 10906 on tree, 2501.4578 best solution, best possible -2406.2971 (1627.88 seconds)
Cbc0010I After 25800 nodes, 10954 on tree, 2501.4578 best solution, best possible -2406.2971 (1631.62 seconds)
Cbc0010I After 25900 nodes, 11004 on tree, 2501.4578 best solution, best possible -2406.2971 (1635.45 seconds)
Cbc0010I After 26000 nodes, 11049 on tree, 2501.4578 best solution, best possible -2406.2971 (1638.59 seconds)
Cbc0010I After 26100 nodes, 11095 on tree, 2501.4578 best solution, best possible -2406.2971 (1642.32 seconds)
Cbc0010I After 26200 nodes, 11145 on tree, 2501.4578 best solution, best possible -2406.2971 (1646.32 seconds)
Cbc0010I After 26300 nodes, 11186 on tree, 2501.4578 best solution, best possible -2406.2971 (1650.01 seconds)
Cbc0010I After 26400 nodes, 11235 on tree, 2501.4578 best solution, best possible -2406.2971 (1653.40 seconds)
Cbc0010I After 26500 nodes, 11284 on tree, 2501.4578 best solution, best possible -2406.2971 (1657.09 seconds)
Cbc0010I After 26600 nodes, 11321 on tree, 2501.4578 best solution, best possible -2406.2971 (1660.71 seconds)
Cbc0010I After 26700 nodes, 11370 on tree, 2501.4578 best solution, best possible -2406.2971 (1664.85 seconds)
Cbc0010I After 26800 nodes, 11420 on tree, 2501.4578 best solution, best possible -2406.2971 (1669.09 seconds)
Cbc0010I After 26900 nodes, 11460 on tree, 2501.4578 best solution, best possible -2406.2971 (1672.62 seconds)
Cbc0010I After 27000 nodes, 11510 on tree, 2501.4578 best solution, best possible -2406.2971 (1676.29 seconds)
Cbc0010I After 27100 nodes, 11555 on tree, 2501.4578 best solution, best possible -2406.2971 (1679.21 seconds)
Cbc0010I After 27200 nodes, 11595 on tree, 2501.4578 best solution, best possible -2406.2971 (1682.69 seconds)
Cbc0010I After 27300 nodes, 11645 on tree, 2501.4578 best solution, best possible -2406.2971 (1686.45 seconds)
Cbc0010I After 27400 nodes, 11683 on tree, 2501.4578 best solution, best possible -2406.2971 (1689.69 seconds)
Cbc0010I After 27500 nodes, 11730 on tree, 2501.4578 best solution, best possible -2406.2971 (1693.19 seconds)
Cbc0010I After 27600 nodes, 11780 on tree, 2501.4578 best solution, best possible -2406.2971 (1697.56 seconds)
Cbc0010I After 27700 nodes, 11820 on tree, 2501.4578 best solution, best possible -2406.2971 (1700.49 seconds)
Cbc0010I After 27800 nodes, 11866 on tree, 2501.4578 best solution, best possible -2406.2971 (1704.20 seconds)
Cbc0010I After 27900 nodes, 11916 on tree, 2501.4578 best solution, best possible -2406.2971 (1707.55 seconds)
Cbc0010I After 28000 nodes, 11957 on tree, 2501.4578 best solution, best possible -2406.2971 (1710.55 seconds)
Cbc0010I After 28100 nodes, 12004 on tree, 2501.4578 best solution, best possible -2406.2971 (1713.87 seconds)
Cbc0010I After 28200 nodes, 12054 on tree, 2501.4578 best solution, best possible -2406.2971 (1718.06 seconds)
Cbc0010I After 28300 nodes, 12097 on tree, 2501.4578 best solution, best possible -2406.2971 (1721.36 seconds)
Cbc0010I After 28400 nodes, 12143 on tree, 2501.4578 best solution, best possible -2406.2971 (1725.12 seconds)
Cbc0010I After 28500 nodes, 12193 on tree, 2501.4578 best solution, best possible -2406.2971 (1729.46 seconds)
Cbc0010I After 28600 nodes, 12235 on tree, 2501.4578 best solution, best possible -2406.2971 (1732.68 seconds)
Cbc0010I After 28700 nodes, 12282 on tree, 2501.4578 best solution, best possible -2406.2971 (1736.47 seconds)
Cbc0010I After 28800 nodes, 12331 on tree, 2501.4578 best solution, best possible -2406.2971 (1740.06 seconds)
Cbc0010I After 28900 nodes, 12368 on tree, 2501.4578 best solution, best possible -2406.2971 (1743.40 seconds)
Cbc0010I After 29000 nodes, 12417 on tree, 2501.4578 best solution, best possible -2406.2971 (1746.96 seconds)
Cbc0010I After 29100 nodes, 12466 on tree, 2501.4578 best solution, best possible -2406.2971 (1750.24 seconds)
Cbc0010I After 29200 nodes, 12502 on tree, 2501.4578 best solution, best possible -2406.2971 (1755.76 seconds)
Cbc0010I After 29300 nodes, 12552 on tree, 2501.4578 best solution, best possible -2406.2971 (1759.71 seconds)
Cbc0010I After 29400 nodes, 12594 on tree, 2501.4578 best solution, best possible -2406.2971 (1762.61 seconds)
Cbc0010I After 29500 nodes, 12636 on tree, 2501.4578 best solution, best possible -2406.2971 (1766.12 seconds)
Cbc0010I After 29600 nodes, 12686 on tree, 2501.4578 best solution, best possible -2406.2971 (1770.13 seconds)
Cbc0010I After 29700 nodes, 12731 on tree, 2501.4578 best solution, best possible -2406.2971 (1773.29 seconds)
Cbc0010I After 29800 nodes, 12775 on tree, 2501.4578 best solution, best possible -2406.2971 (1777.35 seconds)
Cbc0010I After 29900 nodes, 12825 on tree, 2501.4578 best solution, best possible -2406.2971 (1781.41 seconds)
Cbc0010I After 30000 nodes, 12866 on tree, 2501.4578 best solution, best possible -2406.2971 (1784.61 seconds)
Cbc0010I After 30100 nodes, 12910 on tree, 2501.4578 best solution, best possible -2406.2971 (1788.29 seconds)
Cbc0010I After 30200 nodes, 12960 on tree, 2501.4578 best solution, best possible -2406.2971 (1792.32 seconds)
Cbc0010I After 30300 nodes, 12999 on tree, 2501.4578 best solution, best possible -2406.2971 (1795.66 seconds)
Cbc0010I After 30400 nodes, 13049 on tree, 2501.4578 best solution, best possible -2406.2971 (1798.88 seconds)
Cbc0010I After 30500 nodes, 13098 on tree, 2501.4578 best solution, best possible -2406.2971 (1802.67 seconds)
Cbc0010I After 30600 nodes, 13131 on tree, 2501.4578 best solution, best possible -2406.2971 (1806.33 seconds)
Cbc0010I After 30700 nodes, 13180 on tree, 2501.4578 best solution, best possible -2406.2971 (1810.59 seconds)
Cbc0010I After 30800 nodes, 13229 on tree, 2501.4578 best solution, best possible -2406.2971 (1813.73 seconds)
Cbc0010I After 30900 nodes, 13266 on tree, 2501.4578 best solution, best possible -2406.0886 (1817.12 seconds)
Cbc0010I After 31000 nodes, 13316 on tree, 2501.4578 best solution, best possible -2406.0886 (1821.09 seconds)
Cbc0010I After 31100 nodes, 13365 on tree, 2501.4578 best solution, best possible -2406.0886 (1824.78 seconds)
Cbc0010I After 31200 nodes, 13403 on tree, 2501.4578 best solution, best possible -2406.0886 (1828.13 seconds)
Cbc0010I After 31300 nodes, 13453 on tree, 2501.4578 best solution, best possible -2406.0886 (1831.11 seconds)
Cbc0010I After 31400 nodes, 13493 on tree, 2501.4578 best solution, best possible -2406.0809 (1833.94 seconds)
Cbc0010I After 31500 nodes, 13537 on tree, 2501.4578 best solution, best possible -2406.0809 (1837.38 seconds)
Cbc0010I After 31600 nodes, 13587 on tree, 2501.4578 best solution, best possible -2406.0809 (1840.75 seconds)
Cbc0010I After 31700 nodes, 13629 on tree, 2501.4578 best solution, best possible -2406.0792 (1844.03 seconds)
Cbc0010I After 31800 nodes, 13676 on tree, 2501.4578 best solution, best possible -2406.0792 (1847.65 seconds)
Cbc0010I After 31900 nodes, 13726 on tree, 2501.4578 best solution, best possible -2406.0792 (1851.09 seconds)
Cbc0010I After 32000 nodes, 13761 on tree, 2501.4578 best solution, best possible -2406.0788 (1854.44 seconds)
Cbc0010I After 32100 nodes, 13810 on tree, 2501.4578 best solution, best possible -2406.0788 (1858.36 seconds)
Cbc0010I After 32200 nodes, 13860 on tree, 2501.4578 best solution, best possible -2406.0788 (1862.08 seconds)
Cbc0010I After 32300 nodes, 13895 on tree, 2501.4578 best solution, best possible -2406.0788 (1865.46 seconds)
Cbc0010I After 32400 nodes, 13944 on tree, 2501.4578 best solution, best possible -2406.0788 (1868.61 seconds)
Cbc0010I After 32500 nodes, 13993 on tree, 2501.4578 best solution, best possible -2406.0788 (1871.68 seconds)
Cbc0010I After 32600 nodes, 14032 on tree, 2501.4578 best solution, best possible -2406.0786 (1875.26 seconds)
Cbc0010I After 32700 nodes, 14082 on tree, 2501.4578 best solution, best possible -2406.0786 (1878.98 seconds)
Cbc0010I After 32800 nodes, 14132 on tree, 2501.4578 best solution, best possible -2406.0786 (1882.22 seconds)
Cbc0010I After 32900 nodes, 14172 on tree, 2501.4578 best solution, best possible -2406.0786 (1886.18 seconds)
Cbc0010I After 33000 nodes, 14222 on tree, 2501.4578 best solution, best possible -2406.0786 (1890.22 seconds)
Cbc0010I After 33100 nodes, 14267 on tree, 2501.4578 best solution, best possible -2406.0786 (1893.19 seconds)
Cbc0010I After 33200 nodes, 14306 on tree, 2501.4578 best solution, best possible -2406.0786 (1896.43 seconds)
Cbc0010I After 33300 nodes, 14356 on tree, 2501.4578 best solution, best possible -2406.0786 (1900.83 seconds)
Cbc0010I After 33400 nodes, 14401 on tree, 2501.4578 best solution, best possible -2406.0786 (1903.73 seconds)
Cbc0010I After 33500 nodes, 14442 on tree, 2501.4578 best solution, best possible -2400.3427 (1907.34 seconds)
Cbc0010I After 33600 nodes, 14492 on tree, 2501.4578 best solution, best possible -2400.3427 (1911.85 seconds)
Cbc0010I After 33700 nodes, 14538 on tree, 2501.4578 best solution, best possible -2400.3427 (1914.88 seconds)
Cbc0010I After 33800 nodes, 14578 on tree, 2501.4578 best solution, best possible -2400.3425 (1921.51 seconds)
Cbc0010I After 33900 nodes, 14628 on tree, 2501.4578 best solution, best possible -2400.3425 (1925.65 seconds)
Cbc0010I After 34000 nodes, 14672 on tree, 2501.4578 best solution, best possible -2400.3425 (1928.51 seconds)
Cbc0010I After 34100 nodes, 14715 on tree, 2501.4578 best solution, best possible -2400.3424 (1932.23 seconds)
Cbc0010I After 34200 nodes, 14765 on tree, 2501.4578 best solution, best possible -2400.3424 (1940.26 seconds)
Cbc0010I After 34300 nodes, 14813 on tree, 2501.4578 best solution, best possible -2400.3424 (1943.30 seconds)
Cbc0010I After 34400 nodes, 14852 on tree, 2501.4578 best solution, best possible -2400.3366 (1947.34 seconds)
Cbc0010I After 34500 nodes, 14902 on tree, 2501.4578 best solution, best possible -2400.3366 (1951.86 seconds)
Cbc0010I After 34600 nodes, 14946 on tree, 2501.4578 best solution, best possible -2400.3366 (1954.81 seconds)
Cbc0010I After 34700 nodes, 14993 on tree, 2501.4578 best solution, best possible -2400.3366 (1958.11 seconds)
Cbc0010I After 34800 nodes, 15043 on tree, 2501.4578 best solution, best possible -2400.3366 (1961.07 seconds)
Cbc0010I After 34900 nodes, 15082 on tree, 2501.4578 best solution, best possible -2400.3366 (1964.33 seconds)
Cbc0010I After 35000 nodes, 15132 on tree, 2501.4578 best solution, best possible -2400.3366 (1967.71 seconds)
Cbc0010I After 35100 nodes, 15179 on tree, 2501.4578 best solution, best possible -2400.3366 (1970.55 seconds)
Cbc0010I After 35200 nodes, 15216 on tree, 2501.4578 best solution, best possible -2400.3363 (1974.23 seconds)
Cbc0010I After 35300 nodes, 15266 on tree, 2501.4578 best solution, best possible -2400.3363 (1978.49 seconds)
Cbc0010I After 35400 nodes, 15313 on tree, 2501.4578 best solution, best possible -2400.3363 (1981.41 seconds)
Cbc0010I After 35500 nodes, 15353 on tree, 2501.4578 best solution, best possible -2400.3363 (1984.46 seconds)
Cbc0010I After 35600 nodes, 15403 on tree, 2501.4578 best solution, best possible -2400.3363 (1987.84 seconds)
Cbc0010I After 35700 nodes, 15447 on tree, 2501.4578 best solution, best possible -2400.3363 (1991.00 seconds)
Cbc0010I After 35800 nodes, 15495 on tree, 2501.4578 best solution, best possible -2400.3363 (1994.50 seconds)
Cbc0010I After 35900 nodes, 15545 on tree, 2501.4578 best solution, best possible -2400.3363 (1998.75 seconds)
Cbc0010I After 36000 nodes, 15584 on tree, 2501.4578 best solution, best possible -2400.3363 (2002.04 seconds)
Cbc0010I After 36100 nodes, 15633 on tree, 2501.4578 best solution, best possible -2400.3363 (2005.14 seconds)
Cbc0010I After 36200 nodes, 15681 on tree, 2501.4578 best solution, best possible -2400.3363 (2008.23 seconds)
Cbc0010I After 36300 nodes, 15718 on tree, 2501.4578 best solution, best possible -2400.3362 (2011.67 seconds)
Cbc0010I After 36400 nodes, 15768 on tree, 2501.4578 best solution, best possible -2400.3362 (2015.33 seconds)
Cbc0010I After 36500 nodes, 15813 on tree, 2501.4578 best solution, best possible -2400.3362 (2018.26 seconds)
Cbc0010I After 36600 nodes, 15857 on tree, 2501.4578 best solution, best possible -2400.3362 (2021.50 seconds)
Cbc0010I After 36700 nodes, 15907 on tree, 2501.4578 best solution, best possible -2400.3362 (2025.02 seconds)
Cbc0010I After 36800 nodes, 15954 on tree, 2501.4578 best solution, best possible -2400.3362 (2028.01 seconds)
Cbc0010I After 36900 nodes, 15997 on tree, 2501.4578 best solution, best possible -2399.7752 (2031.28 seconds)
Cbc0010I After 37000 nodes, 16047 on tree, 2501.4578 best solution, best possible -2399.7752 (2034.72 seconds)
Optimality Based BT: 5 improved bounds
Optimality Based BT: 0 improved bounds
Cbc0010I After 37100 nodes, 16086 on tree, 2501.4578 best solution, best possible -2396.64 (2077.28 seconds)
Cbc0010I After 37200 nodes, 16134 on tree, 2501.4578 best solution, best possible -2396.64 (2080.59 seconds)
Cbc0010I After 37300 nodes, 16184 on tree, 2501.4578 best solution, best possible -2396.64 (2084.93 seconds)
Cbc0010I After 37400 nodes, 16220 on tree, 2501.4578 best solution, best possible -2394.4328 (2088.50 seconds)
Cbc0010I After 37500 nodes, 16270 on tree, 2501.4578 best solution, best possible -2394.4328 (2091.88 seconds)
Cbc0010I After 37600 nodes, 16318 on tree, 2501.4578 best solution, best possible -2394.4328 (2094.78 seconds)
Cbc0010I After 37700 nodes, 16358 on tree, 2501.4578 best solution, best possible -2385.9337 (2098.61 seconds)
Cbc0010I After 37800 nodes, 16408 on tree, 2501.4578 best solution, best possible -2385.9337 (2102.26 seconds)
Cbc0010I After 37900 nodes, 16442 on tree, 2501.4578 best solution, best possible -2385.9337 (2105.63 seconds)
Cbc0010I After 38000 nodes, 16491 on tree, 2501.4578 best solution, best possible -2385.9337 (2109.28 seconds)
Cbc0010I After 38100 nodes, 16537 on tree, 2501.4578 best solution, best possible -2385.9337 (2112.34 seconds)
Cbc0010I After 38200 nodes, 16575 on tree, 2501.4578 best solution, best possible -2383.5 (2115.98 seconds)
Cbc0010I After 38300 nodes, 16625 on tree, 2501.4578 best solution, best possible -2383.5 (2119.94 seconds)
Cbc0010I After 38400 nodes, 16669 on tree, 2501.4578 best solution, best possible -2383.5 (2122.93 seconds)
Cbc0010I After 38500 nodes, 16708 on tree, 2501.4578 best solution, best possible -2383.5 (2126.58 seconds)
Cbc0010I After 38600 nodes, 16758 on tree, 2501.4578 best solution, best possible -2383.5 (2130.94 seconds)
Cbc0010I After 38700 nodes, 16800 on tree, 2501.4578 best solution, best possible -2382.9147 (2133.92 seconds)
Cbc0010I After 38800 nodes, 16846 on tree, 2501.4578 best solution, best possible -2382.9147 (2137.82 seconds)
Cbc0010I After 38900 nodes, 16896 on tree, 2501.4578 best solution, best possible -2382.9147 (2141.74 seconds)
Cbc0010I After 39000 nodes, 16935 on tree, 2501.4578 best solution, best possible -2382.8991 (2144.81 seconds)
Cbc0010I After 39100 nodes, 16982 on tree, 2501.4578 best solution, best possible -2382.8991 (2148.26 seconds)
Cbc0010I After 39200 nodes, 17030 on tree, 2501.4578 best solution, best possible -2382.8991 (2151.15 seconds)
Cbc0010I After 39300 nodes, 17067 on tree, 2501.4578 best solution, best possible -2382.8952 (2154.42 seconds)
Cbc0010I After 39400 nodes, 17117 on tree, 2501.4578 best solution, best possible -2382.8952 (2158.75 seconds)
Cbc0010I After 39500 nodes, 17161 on tree, 2501.4578 best solution, best possible -2382.8952 (2162.07 seconds)
Cbc0010I After 39600 nodes, 17206 on tree, 2501.4578 best solution, best possible -2382.8952 (2165.69 seconds)
Cbc0010I After 39700 nodes, 17256 on tree, 2501.4578 best solution, best possible -2382.8952 (2169.47 seconds)
Cbc0010I After 39800 nodes, 17292 on tree, 2501.4578 best solution, best possible -2382.8952 (2172.77 seconds)
Cbc0010I After 39900 nodes, 17341 on tree, 2501.4578 best solution, best possible -2382.8952 (2176.10 seconds)
Cbc0010I After 40000 nodes, 17391 on tree, 2501.4578 best solution, best possible -2382.8952 (2179.80 seconds)
Cbc0010I After 40100 nodes, 17428 on tree, 2501.4578 best solution, best possible -2382.8914 (2183.50 seconds)
Cbc0010I After 40200 nodes, 17478 on tree, 2501.4578 best solution, best possible -2382.8914 (2188.31 seconds)
Cbc0010I After 40300 nodes, 17526 on tree, 2501.4578 best solution, best possible -2382.8914 (2191.62 seconds)
Cbc0010I After 40400 nodes, 17562 on tree, 2501.4578 best solution, best possible -2382.8906 (2195.43 seconds)
Cbc0010I After 40500 nodes, 17612 on tree, 2501.4578 best solution, best possible -2382.8906 (2199.81 seconds)
Cbc0010I After 40600 nodes, 17658 on tree, 2501.4578 best solution, best possible -2382.8906 (2202.87 seconds)
Cbc0010I After 40700 nodes, 17697 on tree, 2501.4578 best solution, best possible -2382.8895 (2206.25 seconds)
Cbc0010I After 40800 nodes, 17747 on tree, 2501.4578 best solution, best possible -2382.8895 (2210.19 seconds)
Cbc0010I After 40900 nodes, 17792 on tree, 2501.4578 best solution, best possible -2382.8895 (2213.23 seconds)
Cbc0010I After 41000 nodes, 17833 on tree, 2501.4578 best solution, best possible -2382.8892 (2216.96 seconds)
Cbc0010I After 41100 nodes, 17883 on tree, 2501.4578 best solution, best possible -2382.8892 (2220.82 seconds)
Cbc0010I After 41200 nodes, 17919 on tree, 2501.4578 best solution, best possible -2381.5098 (2224.39 seconds)
Cbc0010I After 41300 nodes, 17968 on tree, 2501.4578 best solution, best possible -2381.5098 (2228.08 seconds)
Cbc0010I After 41400 nodes, 18018 on tree, 2501.4578 best solution, best possible -2381.5098 (2231.58 seconds)
Cbc0010I After 41500 nodes, 18051 on tree, 2501.4578 best solution, best possible -2381.5098 (2238.50 seconds)
Cbc0010I After 41600 nodes, 18101 on tree, 2501.4578 best solution, best possible -2381.5098 (2242.25 seconds)
Cbc0010I After 41700 nodes, 18149 on tree, 2501.4578 best solution, best possible -2381.5098 (2245.33 seconds)
Cbc0010I After 41800 nodes, 18187 on tree, 2501.4578 best solution, best possible -2381.5098 (2248.65 seconds)
Cbc0010I After 41900 nodes, 18237 on tree, 2501.4578 best solution, best possible -2381.5098 (2252.55 seconds)
Cbc0010I After 42000 nodes, 18284 on tree, 2501.4578 best solution, best possible -2381.5098 (2255.73 seconds)
Cbc0010I After 42100 nodes, 18325 on tree, 2501.4578 best solution, best possible -2381.3688 (2261.24 seconds)
Cbc0010I After 42200 nodes, 18375 on tree, 2501.4578 best solution, best possible -2381.3688 (2265.01 seconds)
Cbc0010I After 42300 nodes, 18418 on tree, 2501.4578 best solution, best possible -2381.3688 (2267.96 seconds)
Cbc0010I After 42400 nodes, 18456 on tree, 2501.4578 best solution, best possible -2381.3307 (2271.36 seconds)
Cbc0010I After 42500 nodes, 18506 on tree, 2501.4578 best solution, best possible -2381.3307 (2275.37 seconds)
Cbc0010I After 42600 nodes, 18553 on tree, 2501.4578 best solution, best possible -2381.3307 (2278.43 seconds)
Cbc0010I After 42700 nodes, 18595 on tree, 2501.4578 best solution, best possible -2381.3222 (2288.67 seconds)
Cbc0010I After 42800 nodes, 18645 on tree, 2501.4578 best solution, best possible -2381.3222 (2292.27 seconds)
Cbc0010I After 42900 nodes, 18687 on tree, 2501.4578 best solution, best possible -2381.3222 (2295.20 seconds)
Cbc0010I After 43000 nodes, 18728 on tree, 2501.4578 best solution, best possible -2381.3192 (2298.44 seconds)
Cbc0010I After 43100 nodes, 18778 on tree, 2501.4578 best solution, best possible -2381.3192 (2302.63 seconds)
Cbc0010I After 43200 nodes, 18820 on tree, 2501.4578 best solution, best possible -2381.3192 (2308.73 seconds)
Cbc0010I After 43300 nodes, 18865 on tree, 2501.4578 best solution, best possible -2381.3192 (2311.93 seconds)
Cbc0010I After 43400 nodes, 18913 on tree, 2501.4578 best solution, best possible -2381.3192 (2315.14 seconds)
Cbc0010I After 43500 nodes, 18951 on tree, 2501.4578 best solution, best possible -2381.319 (2318.44 seconds)
Cbc0010I After 43600 nodes, 19000 on tree, 2501.4578 best solution, best possible -2381.319 (2321.37 seconds)
Cbc0010I After 43700 nodes, 19049 on tree, 2501.4578 best solution, best possible -2381.319 (2324.48 seconds)
Cbc0010I After 43800 nodes, 19083 on tree, 2501.4578 best solution, best possible -2379.4288 (2329.24 seconds)
Cbc0010I After 43900 nodes, 19133 on tree, 2501.4578 best solution, best possible -2379.4288 (2332.49 seconds)
Cbc0010I After 44000 nodes, 19177 on tree, 2501.4578 best solution, best possible -2379.4288 (2335.32 seconds)
Cbc0010I After 44100 nodes, 19218 on tree, 2501.4578 best solution, best possible -2378.8506 (2338.73 seconds)
Cbc0010I After 44200 nodes, 19268 on tree, 2501.4578 best solution, best possible -2378.8506 (2342.59 seconds)
Cbc0010I After 44300 nodes, 19317 on tree, 2501.4578 best solution, best possible -2378.8506 (2345.61 seconds)
Cbc0010I After 44400 nodes, 19358 on tree, 2501.4578 best solution, best possible -2378.8506 (2349.03 seconds)
Cbc0010I After 44500 nodes, 19408 on tree, 2501.4578 best solution, best possible -2378.8506 (2353.15 seconds)
Cbc0010I After 44600 nodes, 19456 on tree, 2501.4578 best solution, best possible -2378.8506 (2356.36 seconds)
Cbc0010I After 44700 nodes, 19491 on tree, 2501.4578 best solution, best possible -2378.8506 (2361.75 seconds)
Cbc0010I After 44800 nodes, 19541 on tree, 2501.4578 best solution, best possible -2378.8506 (2365.44 seconds)
Cbc0010I After 44900 nodes, 19590 on tree, 2501.4578 best solution, best possible -2378.8506 (2368.50 seconds)
Cbc0010I After 45000 nodes, 19628 on tree, 2501.4578 best solution, best possible -2378.8506 (2372.15 seconds)
Cbc0010I After 45100 nodes, 19678 on tree, 2501.4578 best solution, best possible -2378.8506 (2376.00 seconds)
Cbc0010I After 45200 nodes, 19726 on tree, 2501.4578 best solution, best possible -2378.8506 (2379.18 seconds)
Cbc0010I After 45300 nodes, 19766 on tree, 2501.4578 best solution, best possible -2378.8502 (2382.77 seconds)
Cbc0010I After 45400 nodes, 19816 on tree, 2501.4578 best solution, best possible -2378.8502 (2386.68 seconds)
Cbc0010I After 45500 nodes, 19859 on tree, 2501.4578 best solution, best possible -2378.8502 (2389.60 seconds)
Cbc0010I After 45600 nodes, 19902 on tree, 2501.4578 best solution, best possible -2378.8502 (2393.47 seconds)
Cbc0010I After 45700 nodes, 19951 on tree, 2501.4578 best solution, best possible -2378.8502 (2398.13 seconds)
Cbc0010I After 45800 nodes, 19993 on tree, 2501.4578 best solution, best possible -2378.8502 (2401.06 seconds)
Cbc0010I After 45900 nodes, 20033 on tree, 2501.4578 best solution, best possible -2378.8502 (2404.30 seconds)
Cbc0010I After 46000 nodes, 20083 on tree, 2501.4578 best solution, best possible -2378.8502 (2408.98 seconds)
Cbc0010I After 46100 nodes, 20127 on tree, 2501.4578 best solution, best possible -2378.8502 (2412.04 seconds)
Cbc0010I After 46200 nodes, 20174 on tree, 2501.4578 best solution, best possible -2378.8502 (2416.09 seconds)
Cbc0010I After 46300 nodes, 20224 on tree, 2501.4578 best solution, best possible -2378.8502 (2420.41 seconds)
Cbc0010I After 46400 nodes, 20260 on tree, 2501.4578 best solution, best possible -2378.8502 (2423.80 seconds)
Cbc0010I After 46500 nodes, 20309 on tree, 2501.4578 best solution, best possible -2378.8502 (2427.67 seconds)
Cbc0010I After 46600 nodes, 20359 on tree, 2501.4578 best solution, best possible -2378.8502 (2431.34 seconds)
Cbc0010I After 46700 nodes, 20396 on tree, 2501.4578 best solution, best possible -2378.8502 (2434.55 seconds)
Cbc0010I After 46800 nodes, 20446 on tree, 2501.4578 best solution, best possible -2378.8502 (2438.25 seconds)
Cbc0010I After 46900 nodes, 20494 on tree, 2501.4578 best solution, best possible -2378.8502 (2441.59 seconds)
Couenne: new cutoff value 2.4912491784e+03 (2447.52 seconds)
Cbc0012I Integer solution of 2491.2492 found by Couenne Rounding NLP after 4788652 iterations and 46943 nodes (2445.13 seconds)
Cbc0010I After 47000 nodes, 20349 on tree, 2491.2492 best solution, best possible -2378.8502 (2447.22 seconds)
Cbc0010I After 47100 nodes, 20399 on tree, 2491.2492 best solution, best possible -2378.8502 (2451.54 seconds)
Cbc0010I After 47200 nodes, 20446 on tree, 2491.2492 best solution, best possible -2378.8502 (2454.80 seconds)
Cbc0010I After 47300 nodes, 20485 on tree, 2491.2492 best solution, best possible -2378.8502 (2458.26 seconds)
Cbc0010I After 47400 nodes, 20535 on tree, 2491.2492 best solution, best possible -2378.8502 (2461.62 seconds)
Cbc0010I After 47500 nodes, 20575 on tree, 2491.2492 best solution, best possible -2378.8502 (2464.63 seconds)
Cbc0010I After 47600 nodes, 20621 on tree, 2491.2492 best solution, best possible -2378.8502 (2468.34 seconds)
Cbc0010I After 47700 nodes, 20671 on tree, 2491.2492 best solution, best possible -2378.8502 (2472.82 seconds)
Cbc0010I After 47800 nodes, 20710 on tree, 2491.2492 best solution, best possible -2378.8502 (2476.51 seconds)
Cbc0010I After 47900 nodes, 20760 on tree, 2491.2492 best solution, best possible -2378.8502 (2480.33 seconds)
Cbc0010I After 48000 nodes, 20810 on tree, 2491.2492 best solution, best possible -2378.8502 (2483.67 seconds)
Cbc0010I After 48100 nodes, 20849 on tree, 2491.2492 best solution, best possible -2378.8502 (2490.34 seconds)
Cbc0010I After 48200 nodes, 20899 on tree, 2491.2492 best solution, best possible -2378.8502 (2495.21 seconds)
Cbc0010I After 48300 nodes, 20944 on tree, 2491.2492 best solution, best possible -2378.8502 (2498.14 seconds)
Cbc0010I After 48400 nodes, 20985 on tree, 2491.2492 best solution, best possible -2378.8502 (2501.57 seconds)
Cbc0010I After 48500 nodes, 21035 on tree, 2491.2492 best solution, best possible -2378.8502 (2504.78 seconds)
Cbc0010I After 48600 nodes, 21077 on tree, 2491.2492 best solution, best possible -2378.8502 (2507.88 seconds)
Cbc0010I After 48700 nodes, 21121 on tree, 2491.2492 best solution, best possible -2378.8502 (2511.13 seconds)
Cbc0010I After 48800 nodes, 21170 on tree, 2491.2492 best solution, best possible -2378.8502 (2515.39 seconds)
Cbc0010I After 48900 nodes, 21210 on tree, 2491.2492 best solution, best possible -2378.8502 (2518.52 seconds)
Cbc0010I After 49000 nodes, 21258 on tree, 2491.2492 best solution, best possible -2378.8502 (2521.84 seconds)
Cbc0010I After 49100 nodes, 21307 on tree, 2491.2492 best solution, best possible -2378.8502 (2524.82 seconds)
Cbc0010I After 49200 nodes, 21344 on tree, 2491.2492 best solution, best possible -2378.8502 (2528.00 seconds)
Cbc0010I After 49300 nodes, 21394 on tree, 2491.2492 best solution, best possible -2378.8502 (2531.74 seconds)
Cbc0010I After 49400 nodes, 21442 on tree, 2491.2492 best solution, best possible -2378.8502 (2534.90 seconds)
Cbc0010I After 49500 nodes, 21482 on tree, 2491.2492 best solution, best possible -2378.8502 (2538.20 seconds)
Cbc0010I After 49600 nodes, 21532 on tree, 2491.2492 best solution, best possible -2378.8502 (2542.14 seconds)
Cbc0010I After 49700 nodes, 21579 on tree, 2491.2492 best solution, best possible -2378.8502 (2545.16 seconds)
Cbc0010I After 49800 nodes, 21624 on tree, 2491.2492 best solution, best possible -2378.8502 (2549.09 seconds)
Cbc0010I After 49900 nodes, 21674 on tree, 2491.2492 best solution, best possible -2378.8502 (2552.62 seconds)
Cbc0010I After 50000 nodes, 21718 on tree, 2491.2492 best solution, best possible -2378.8502 (2555.67 seconds)
Cbc0010I After 50100 nodes, 21759 on tree, 2491.2492 best solution, best possible -2378.8502 (2558.99 seconds)
Cbc0010I After 50200 nodes, 21809 on tree, 2491.2492 best solution, best possible -2378.8502 (2562.52 seconds)
Cbc0010I After 50300 nodes, 21850 on tree, 2491.2492 best solution, best possible -2378.8502 (2565.70 seconds)
Cbc0010I After 50400 nodes, 21898 on tree, 2491.2492 best solution, best possible -2378.8502 (2569.25 seconds)
Cbc0010I After 50500 nodes, 21948 on tree, 2491.2492 best solution, best possible -2378.8502 (2573.13 seconds)
Cbc0010I After 50600 nodes, 21988 on tree, 2491.2492 best solution, best possible -2378.8502 (2576.64 seconds)
Cbc0010I After 50700 nodes, 22038 on tree, 2491.2492 best solution, best possible -2378.8502 (2580.77 seconds)
Cbc0010I After 50800 nodes, 22087 on tree, 2491.2492 best solution, best possible -2378.8502 (2584.05 seconds)
Cbc0010I After 50900 nodes, 22131 on tree, 2491.2492 best solution, best possible -2378.8502 (2587.50 seconds)
Cbc0010I After 51000 nodes, 22181 on tree, 2491.2492 best solution, best possible -2378.8502 (2591.32 seconds)
Cbc0010I After 51100 nodes, 22222 on tree, 2491.2492 best solution, best possible -2378.8502 (2597.46 seconds)
Cbc0010I After 51200 nodes, 22269 on tree, 2491.2492 best solution, best possible -2378.8502 (2601.36 seconds)
Cbc0010I After 51300 nodes, 22319 on tree, 2491.2492 best solution, best possible -2378.8502 (2604.55 seconds)
Cbc0010I After 51400 nodes, 22355 on tree, 2491.2492 best solution, best possible -2378.8502 (2608.06 seconds)
Cbc0010I After 51500 nodes, 22405 on tree, 2491.2492 best solution, best possible -2378.8502 (2612.17 seconds)
Cbc0010I After 51600 nodes, 22454 on tree, 2491.2492 best solution, best possible -2378.8502 (2615.73 seconds)
Cbc0010I After 51700 nodes, 22492 on tree, 2491.2492 best solution, best possible -2378.8447 (2619.28 seconds)
Cbc0010I After 51800 nodes, 22542 on tree, 2491.2492 best solution, best possible -2378.8447 (2623.96 seconds)
Cbc0010I After 51900 nodes, 22589 on tree, 2491.2492 best solution, best possible -2378.8447 (2627.03 seconds)
Cbc0010I After 52000 nodes, 22629 on tree, 2491.2492 best solution, best possible -2378.8447 (2630.35 seconds)
Cbc0010I After 52100 nodes, 22679 on tree, 2491.2492 best solution, best possible -2378.8447 (2633.34 seconds)
Cbc0010I After 52200 nodes, 22724 on tree, 2491.2492 best solution, best possible -2378.8447 (2636.27 seconds)
Cbc0010I After 52300 nodes, 22768 on tree, 2491.2492 best solution, best possible -2378.8447 (2639.47 seconds)
Cbc0010I After 52400 nodes, 22818 on tree, 2491.2492 best solution, best possible -2378.8447 (2643.69 seconds)
Cbc0010I After 52500 nodes, 22860 on tree, 2491.2492 best solution, best possible -2378.8447 (2646.62 seconds)
Cbc0010I After 52600 nodes, 22906 on tree, 2491.2492 best solution, best possible -2378.8447 (2649.51 seconds)
Cbc0010I After 52700 nodes, 22956 on tree, 2491.2492 best solution, best possible -2378.8447 (2652.57 seconds)
Cbc0010I After 52800 nodes, 22990 on tree, 2491.2492 best solution, best possible -2378.8447 (2656.09 seconds)
Cbc0010I After 52900 nodes, 23040 on tree, 2491.2492 best solution, best possible -2378.8447 (2659.54 seconds)
Cbc0010I After 53000 nodes, 23088 on tree, 2491.2492 best solution, best possible -2378.8447 (2662.74 seconds)
Cbc0010I After 53100 nodes, 23126 on tree, 2491.2492 best solution, best possible -2378.8446 (2666.07 seconds)
Cbc0010I After 53200 nodes, 23176 on tree, 2491.2492 best solution, best possible -2378.8446 (2670.14 seconds)
Cbc0010I After 53300 nodes, 23222 on tree, 2491.2492 best solution, best possible -2378.8446 (2672.93 seconds)
Cbc0010I After 53400 nodes, 23264 on tree, 2491.2492 best solution, best possible -2378.8446 (2676.19 seconds)
Cbc0010I After 53500 nodes, 23314 on tree, 2491.2492 best solution, best possible -2378.8446 (2679.69 seconds)
Cbc0010I After 53600 nodes, 23352 on tree, 2491.2492 best solution, best possible -2378.8446 (2682.99 seconds)
Cbc0010I After 53700 nodes, 23401 on tree, 2491.2492 best solution, best possible -2378.8446 (2686.36 seconds)
Cbc0010I After 53800 nodes, 23448 on tree, 2491.2492 best solution, best possible -2378.8446 (2689.94 seconds)
Cbc0010I After 53900 nodes, 23485 on tree, 2491.2492 best solution, best possible -2378.8446 (2693.12 seconds)
Cbc0010I After 54000 nodes, 23535 on tree, 2491.2492 best solution, best possible -2378.8446 (2696.10 seconds)
Cbc0010I After 54100 nodes, 23581 on tree, 2491.2492 best solution, best possible -2378.8446 (2698.95 seconds)
Cbc0010I After 54200 nodes, 23622 on tree, 2491.2492 best solution, best possible -2378.8446 (2701.95 seconds)
Cbc0010I After 54300 nodes, 23672 on tree, 2491.2492 best solution, best possible -2378.8446 (2706.44 seconds)
Cbc0010I After 54400 nodes, 23708 on tree, 2491.2492 best solution, best possible -2378.8446 (2709.86 seconds)
Cbc0010I After 54500 nodes, 23758 on tree, 2491.2492 best solution, best possible -2378.8446 (2712.76 seconds)
Cbc0010I After 54600 nodes, 23807 on tree, 2491.2492 best solution, best possible -2378.8446 (2715.81 seconds)
Cbc0010I After 54700 nodes, 23841 on tree, 2491.2492 best solution, best possible -2378.8446 (2719.48 seconds)
Cbc0010I After 54800 nodes, 23891 on tree, 2491.2492 best solution, best possible -2378.8446 (2722.63 seconds)
Cbc0010I After 54900 nodes, 23938 on tree, 2491.2492 best solution, best possible -2378.8446 (2725.72 seconds)
Cbc0010I After 55000 nodes, 23978 on tree, 2491.2492 best solution, best possible -2378.8446 (2729.55 seconds)
Cbc0010I After 55100 nodes, 24028 on tree, 2491.2492 best solution, best possible -2378.8446 (2733.93 seconds)
Cbc0010I After 55200 nodes, 24074 on tree, 2491.2492 best solution, best possible -2378.8446 (2736.91 seconds)
Cbc0010I After 55300 nodes, 24116 on tree, 2491.2492 best solution, best possible -2378.8446 (2740.04 seconds)
Cbc0010I After 55400 nodes, 24166 on tree, 2491.2492 best solution, best possible -2378.8446 (2743.22 seconds)
Cbc0010I After 55500 nodes, 24204 on tree, 2491.2492 best solution, best possible -2378.8446 (2746.27 seconds)
Cbc0010I After 55600 nodes, 24253 on tree, 2491.2492 best solution, best possible -2378.8446 (2750.46 seconds)
Cbc0010I After 55700 nodes, 24302 on tree, 2491.2492 best solution, best possible -2378.8446 (2753.63 seconds)
Cbc0010I After 55800 nodes, 24344 on tree, 2491.2492 best solution, best possible -2378.8446 (2757.23 seconds)
Cbc0010I After 55900 nodes, 24394 on tree, 2491.2492 best solution, best possible -2378.8446 (2761.13 seconds)
Cbc0010I After 56000 nodes, 24443 on tree, 2491.2492 best solution, best possible -2378.8446 (2764.53 seconds)
Cbc0010I After 56100 nodes, 24483 on tree, 2491.2492 best solution, best possible -2378.8446 (2768.15 seconds)
Cbc0010I After 56200 nodes, 24533 on tree, 2491.2492 best solution, best possible -2378.8446 (2771.63 seconds)
Cbc0010I After 56300 nodes, 24583 on tree, 2491.2492 best solution, best possible -2378.8446 (2774.72 seconds)
Cbc0010I After 56400 nodes, 24623 on tree, 2491.2492 best solution, best possible -2378.8434 (2778.46 seconds)
Cbc0010I After 56500 nodes, 24673 on tree, 2491.2492 best solution, best possible -2378.8434 (2782.11 seconds)
Cbc0010I After 56600 nodes, 24721 on tree, 2491.2492 best solution, best possible -2378.8434 (2785.06 seconds)
Cbc0010I After 56700 nodes, 24762 on tree, 2491.2492 best solution, best possible -2378.8434 (2788.14 seconds)
Cbc0010I After 56800 nodes, 24812 on tree, 2491.2492 best solution, best possible -2378.8434 (2792.02 seconds)
Cbc0010I After 56900 nodes, 24854 on tree, 2491.2492 best solution, best possible -2378.8434 (2794.78 seconds)
Cbc0010I After 57000 nodes, 24897 on tree, 2491.2492 best solution, best possible -2378.8434 (2805.98 seconds)
Cbc0010I After 57100 nodes, 24947 on tree, 2491.2492 best solution, best possible -2378.8434 (2810.23 seconds)
Cbc0010I After 57200 nodes, 24990 on tree, 2491.2492 best solution, best possible -2378.8434 (2813.07 seconds)
Cbc0010I After 57300 nodes, 25036 on tree, 2491.2492 best solution, best possible -2378.8434 (2816.54 seconds)
Cbc0010I After 57400 nodes, 25086 on tree, 2491.2492 best solution, best possible -2378.8434 (2819.76 seconds)
Cbc0010I After 57500 nodes, 25131 on tree, 2491.2492 best solution, best possible -2378.8434 (2822.86 seconds)
Cbc0010I After 57600 nodes, 25176 on tree, 2491.2492 best solution, best possible -2378.8434 (2836.49 seconds)
Cbc0010I After 57700 nodes, 25225 on tree, 2491.2492 best solution, best possible -2378.8434 (2839.72 seconds)
Cbc0010I After 57800 nodes, 25264 on tree, 2491.2492 best solution, best possible -2378.8434 (2842.79 seconds)
Cbc0010I After 57900 nodes, 25313 on tree, 2491.2492 best solution, best possible -2378.8434 (2846.32 seconds)
Cbc0010I After 58000 nodes, 25363 on tree, 2491.2492 best solution, best possible -2378.8434 (2849.43 seconds)
Cbc0010I After 58100 nodes, 25401 on tree, 2491.2492 best solution, best possible -2378.8433 (2852.63 seconds)
Cbc0010I After 58200 nodes, 25451 on tree, 2491.2492 best solution, best possible -2378.8433 (2856.29 seconds)
Cbc0010I After 58300 nodes, 25498 on tree, 2491.2492 best solution, best possible -2378.8433 (2859.34 seconds)
Cbc0010I After 58400 nodes, 25537 on tree, 2491.2492 best solution, best possible -2378.8433 (2862.70 seconds)
Cbc0010I After 58500 nodes, 25587 on tree, 2491.2492 best solution, best possible -2378.8433 (2866.18 seconds)
Cbc0010I After 58600 nodes, 25627 on tree, 2491.2492 best solution, best possible -2378.8433 (2869.12 seconds)
Cbc0010I After 58700 nodes, 25671 on tree, 2491.2492 best solution, best possible -2378.8433 (2872.77 seconds)
Cbc0010I After 58800 nodes, 25721 on tree, 2491.2492 best solution, best possible -2378.8433 (2877.52 seconds)
Cbc0010I After 58900 nodes, 25765 on tree, 2491.2492 best solution, best possible -2378.8433 (2880.68 seconds)
Cbc0010I After 59000 nodes, 25810 on tree, 2491.2492 best solution, best possible -2378.8433 (2884.27 seconds)
Cbc0010I After 59100 nodes, 25859 on tree, 2491.2492 best solution, best possible -2378.8433 (2887.90 seconds)
Cbc0010I After 59200 nodes, 25893 on tree, 2491.2492 best solution, best possible -2378.8433 (2890.99 seconds)
Cbc0010I After 59300 nodes, 25943 on tree, 2491.2492 best solution, best possible -2378.8433 (2894.65 seconds)
Cbc0010I After 59400 nodes, 25989 on tree, 2491.2492 best solution, best possible -2378.8433 (2897.59 seconds)
Cbc0010I After 59500 nodes, 26029 on tree, 2491.2492 best solution, best possible -2378.8433 (2901.08 seconds)
Cbc0010I After 59600 nodes, 26078 on tree, 2491.2492 best solution, best possible -2378.8433 (2905.82 seconds)
Cbc0010I After 59700 nodes, 26118 on tree, 2491.2492 best solution, best possible -2378.8433 (2908.79 seconds)
Cbc0010I After 59800 nodes, 26165 on tree, 2491.2492 best solution, best possible -2378.8433 (2914.32 seconds)
Cbc0010I After 59900 nodes, 26214 on tree, 2491.2492 best solution, best possible -2378.8433 (2918.44 seconds)
Cbc0010I After 60000 nodes, 26251 on tree, 2491.2492 best solution, best possible -2378.843 (2922.14 seconds)
Cbc0010I After 60100 nodes, 26300 on tree, 2491.2492 best solution, best possible -2378.843 (2925.62 seconds)
Cbc0010I After 60200 nodes, 26348 on tree, 2491.2492 best solution, best possible -2378.843 (2928.95 seconds)
Cbc0010I After 60300 nodes, 26384 on tree, 2491.2492 best solution, best possible -2378.843 (2932.20 seconds)
Cbc0010I After 60400 nodes, 26434 on tree, 2491.2492 best solution, best possible -2378.843 (2935.65 seconds)
Cbc0010I After 60500 nodes, 26484 on tree, 2491.2492 best solution, best possible -2378.843 (2939.50 seconds)
Cbc0010I After 60600 nodes, 26522 on tree, 2491.2492 best solution, best possible -2378.843 (2942.95 seconds)
Cbc0010I After 60700 nodes, 26572 on tree, 2491.2492 best solution, best possible -2378.843 (2946.26 seconds)
Cbc0010I After 60800 nodes, 26619 on tree, 2491.2492 best solution, best possible -2378.843 (2949.69 seconds)
Cbc0010I After 60900 nodes, 26656 on tree, 2491.2492 best solution, best possible -2378.843 (2953.54 seconds)
Cbc0010I After 61000 nodes, 26706 on tree, 2491.2492 best solution, best possible -2378.843 (2956.88 seconds)
Cbc0010I After 61100 nodes, 26753 on tree, 2491.2492 best solution, best possible -2378.843 (2959.86 seconds)
Cbc0010I After 61200 nodes, 26794 on tree, 2491.2492 best solution, best possible -2378.843 (2963.05 seconds)
Cbc0010I After 61300 nodes, 26844 on tree, 2491.2492 best solution, best possible -2378.843 (2966.87 seconds)
Cbc0010I After 61400 nodes, 26888 on tree, 2491.2492 best solution, best possible -2378.843 (2969.97 seconds)
Cbc0010I After 61500 nodes, 26932 on tree, 2491.2492 best solution, best possible -2378.843 (2973.58 seconds)
Cbc0010I After 61600 nodes, 26981 on tree, 2491.2492 best solution, best possible -2378.843 (2977.87 seconds)
Cbc0010I After 61700 nodes, 27018 on tree, 2491.2492 best solution, best possible -2378.843 (2981.27 seconds)
Cbc0010I After 61800 nodes, 27068 on tree, 2491.2492 best solution, best possible -2378.843 (2984.84 seconds)
Cbc0010I After 61900 nodes, 27118 on tree, 2491.2492 best solution, best possible -2378.843 (2987.84 seconds)
Cbc0010I After 62000 nodes, 27154 on tree, 2491.2492 best solution, best possible -2378.843 (2991.19 seconds)
Cbc0010I After 62100 nodes, 27204 on tree, 2491.2492 best solution, best possible -2378.843 (2995.23 seconds)
Cbc0010I After 62200 nodes, 27249 on tree, 2491.2492 best solution, best possible -2378.843 (2998.30 seconds)
Cbc0010I After 62300 nodes, 27293 on tree, 2491.2492 best solution, best possible -2378.843 (3001.94 seconds)
Cbc0010I After 62400 nodes, 27343 on tree, 2491.2492 best solution, best possible -2378.843 (3005.45 seconds)
Cbc0010I After 62500 nodes, 27389 on tree, 2491.2492 best solution, best possible -2378.843 (3008.47 seconds)
Cbc0010I After 62600 nodes, 27430 on tree, 2491.2492 best solution, best possible -2378.843 (3011.96 seconds)
Cbc0010I After 62700 nodes, 27480 on tree, 2491.2492 best solution, best possible -2378.843 (3016.22 seconds)
Cbc0010I After 62800 nodes, 27523 on tree, 2491.2492 best solution, best possible -2378.8429 (3019.59 seconds)
Cbc0010I After 62900 nodes, 27571 on tree, 2491.2492 best solution, best possible -2378.8429 (3023.06 seconds)
Cbc0010I After 63000 nodes, 27621 on tree, 2491.2492 best solution, best possible -2378.8429 (3027.45 seconds)
Cbc0010I After 63100 nodes, 27660 on tree, 2491.2492 best solution, best possible -2378.8429 (3031.13 seconds)
Cbc0010I After 63200 nodes, 27710 on tree, 2491.2492 best solution, best possible -2378.8429 (3034.54 seconds)
Cbc0010I After 63300 nodes, 27759 on tree, 2491.2492 best solution, best possible -2378.8429 (3037.52 seconds)
Cbc0010I After 63400 nodes, 27795 on tree, 2491.2492 best solution, best possible -2378.8429 (3040.66 seconds)
Cbc0010I After 63500 nodes, 27845 on tree, 2491.2492 best solution, best possible -2378.8429 (3044.25 seconds)
Cbc0010I After 63600 nodes, 27888 on tree, 2491.2492 best solution, best possible -2378.8429 (3047.16 seconds)
Cbc0010I After 63700 nodes, 27930 on tree, 2491.2492 best solution, best possible -2378.8429 (3050.63 seconds)
Cbc0010I After 63800 nodes, 27980 on tree, 2491.2492 best solution, best possible -2378.8429 (3054.50 seconds)
Cbc0010I After 63900 nodes, 28015 on tree, 2491.2492 best solution, best possible -2378.8429 (3057.67 seconds)
Cbc0010I After 64000 nodes, 28064 on tree, 2491.2492 best solution, best possible -2378.8429 (3061.01 seconds)
Cbc0010I After 64100 nodes, 28113 on tree, 2491.2492 best solution, best possible -2378.8429 (3064.75 seconds)
Cbc0010I After 64200 nodes, 28149 on tree, 2491.2492 best solution, best possible -2378.8429 (3068.17 seconds)
Cbc0010I After 64300 nodes, 28199 on tree, 2491.2492 best solution, best possible -2378.8429 (3071.54 seconds)
Cbc0010I After 64400 nodes, 28244 on tree, 2491.2492 best solution, best possible -2378.8429 (3074.40 seconds)
Cbc0010I After 64500 nodes, 28286 on tree, 2491.2492 best solution, best possible -2378.8429 (3079.93 seconds)
Cbc0010I After 64600 nodes, 28336 on tree, 2491.2492 best solution, best possible -2378.8429 (3084.79 seconds)
Cbc0010I After 64700 nodes, 28380 on tree, 2491.2492 best solution, best possible -2378.8429 (3087.99 seconds)
Cbc0010I After 64800 nodes, 28427 on tree, 2491.2492 best solution, best possible -2378.8429 (3091.47 seconds)
Cbc0010I After 64900 nodes, 28477 on tree, 2491.2492 best solution, best possible -2378.8429 (3095.33 seconds)
Cbc0010I After 65000 nodes, 28518 on tree, 2491.2492 best solution, best possible -2378.8429 (3101.89 seconds)
Cbc0010I After 65100 nodes, 28568 on tree, 2491.2492 best solution, best possible -2378.8429 (3104.98 seconds)
Cbc0010I After 65200 nodes, 28618 on tree, 2491.2492 best solution, best possible -2378.8429 (3109.21 seconds)
Couenne: new cutoff value 2.4816697809e+03 (3118.29 seconds)
Cbc0012I Integer solution of 2481.6698 found by Couenne Rounding NLP after 6655092 iterations and 65247 nodes (3115.91 seconds)
Cbc0010I After 65300 nodes, 28425 on tree, 2481.6698 best solution, best possible -2378.8429 (3117.80 seconds)
Cbc0010I After 65400 nodes, 28475 on tree, 2481.6698 best solution, best possible -2378.8429 (3123.84 seconds)
Cbc0010I After 65500 nodes, 28521 on tree, 2481.6698 best solution, best possible -2378.8429 (3126.83 seconds)
Cbc0010I After 65600 nodes, 28565 on tree, 2481.6698 best solution, best possible -2378.8429 (3130.30 seconds)
Cbc0010I After 65700 nodes, 28615 on tree, 2481.6698 best solution, best possible -2378.8429 (3134.76 seconds)
Cbc0010I After 65800 nodes, 28656 on tree, 2481.6698 best solution, best possible -2378.8429 (3138.01 seconds)
Cbc0010I After 65900 nodes, 28701 on tree, 2481.6698 best solution, best possible -2378.8429 (3141.35 seconds)
Cbc0010I After 66000 nodes, 28751 on tree, 2481.6698 best solution, best possible -2378.8429 (3144.71 seconds)
Cbc0010I After 66100 nodes, 28788 on tree, 2481.6698 best solution, best possible -2378.8429 (3147.82 seconds)
Cbc0010I After 66200 nodes, 28838 on tree, 2481.6698 best solution, best possible -2378.8429 (3151.35 seconds)
Cbc0010I After 66300 nodes, 28888 on tree, 2481.6698 best solution, best possible -2378.8429 (3154.62 seconds)
Cbc0010I After 66400 nodes, 28928 on tree, 2481.6698 best solution, best possible -2378.3068 (3158.11 seconds)
Cbc0010I After 66500 nodes, 28978 on tree, 2481.6698 best solution, best possible -2378.3068 (3161.86 seconds)
Cbc0010I After 66600 nodes, 29026 on tree, 2481.6698 best solution, best possible -2378.3068 (3164.72 seconds)
Cbc0010I After 66700 nodes, 29063 on tree, 2481.6698 best solution, best possible -2378.3068 (3168.24 seconds)
Cbc0010I After 66800 nodes, 29113 on tree, 2481.6698 best solution, best possible -2378.3068 (3171.86 seconds)
Cbc0010I After 66900 nodes, 29162 on tree, 2481.6698 best solution, best possible -2378.3068 (3175.53 seconds)
Cbc0010I After 67000 nodes, 29200 on tree, 2481.6698 best solution, best possible -2377.9124 (3178.69 seconds)
Cbc0010I After 67100 nodes, 29250 on tree, 2481.6698 best solution, best possible -2377.9124 (3183.46 seconds)
Cbc0010I After 67200 nodes, 29295 on tree, 2481.6698 best solution, best possible -2377.9124 (3186.46 seconds)
Optimality Based BT: 2 improved bounds
Cbc0010I After 67300 nodes, 29335 on tree, 2481.6698 best solution, best possible -2377.9124 (3215.71 seconds)
Cbc0010I After 67400 nodes, 29385 on tree, 2481.6698 best solution, best possible -2377.9124 (3220.11 seconds)
Cbc0010I After 67500 nodes, 29429 on tree, 2481.6698 best solution, best possible -2377.9124 (3223.08 seconds)
Cbc0010I After 67600 nodes, 29473 on tree, 2481.6698 best solution, best possible -2376.5065 (3226.38 seconds)
Cbc0010I After 67700 nodes, 29523 on tree, 2481.6698 best solution, best possible -2376.5065 (3229.96 seconds)
Cbc0010I After 67800 nodes, 29570 on tree, 2481.6698 best solution, best possible -2376.5065 (3233.08 seconds)
Cbc0010I After 67900 nodes, 29612 on tree, 2481.6698 best solution, best possible -2376.49 (3236.24 seconds)
Cbc0010I After 68000 nodes, 29662 on tree, 2481.6698 best solution, best possible -2376.49 (3240.03 seconds)
Cbc0010I After 68100 nodes, 29706 on tree, 2481.6698 best solution, best possible -2376.49 (3242.87 seconds)
Cbc0010I After 68200 nodes, 29747 on tree, 2481.6698 best solution, best possible -2375.1463 (3246.44 seconds)
Cbc0010I After 68300 nodes, 29797 on tree, 2481.6698 best solution, best possible -2375.1463 (3250.57 seconds)
Cbc0010I After 68400 nodes, 29845 on tree, 2481.6698 best solution, best possible -2375.1463 (3253.80 seconds)
Cbc0010I After 68500 nodes, 29886 on tree, 2481.6698 best solution, best possible -2372.9126 (3257.42 seconds)
Cbc0010I After 68600 nodes, 29936 on tree, 2481.6698 best solution, best possible -2372.9126 (3261.04 seconds)
Cbc0010I After 68700 nodes, 29975 on tree, 2481.6698 best solution, best possible -2372.9126 (3263.98 seconds)
Cbc0010I After 68800 nodes, 30019 on tree, 2481.6698 best solution, best possible -2372.9126 (3267.06 seconds)
Cbc0010I After 68900 nodes, 30069 on tree, 2481.6698 best solution, best possible -2372.9126 (3270.74 seconds)
Cbc0010I After 69000 nodes, 30108 on tree, 2481.6698 best solution, best possible -2372.9126 (3274.13 seconds)
Cbc0010I After 69100 nodes, 30158 on tree, 2481.6698 best solution, best possible -2372.9126 (3277.11 seconds)
Cbc0010I After 69200 nodes, 30206 on tree, 2481.6698 best solution, best possible -2372.9126 (3280.31 seconds)
Cbc0010I After 69300 nodes, 30245 on tree, 2481.6698 best solution, best possible -2372.9125 (3283.49 seconds)
Cbc0010I After 69400 nodes, 30295 on tree, 2481.6698 best solution, best possible -2372.9125 (3322.72 seconds)
Cbc0010I After 69500 nodes, 30343 on tree, 2481.6698 best solution, best possible -2372.9125 (3325.78 seconds)
Cbc0010I After 69600 nodes, 30380 on tree, 2481.6698 best solution, best possible -2372.9125 (3329.37 seconds)
Cbc0010I After 69700 nodes, 30430 on tree, 2481.6698 best solution, best possible -2372.9125 (3332.70 seconds)
Cbc0010I After 69800 nodes, 30478 on tree, 2481.6698 best solution, best possible -2372.9125 (3335.52 seconds)
Cbc0010I After 69900 nodes, 30520 on tree, 2481.6698 best solution, best possible -2372.9125 (3338.81 seconds)
Cbc0010I After 70000 nodes, 30569 on tree, 2481.6698 best solution, best possible -2372.9125 (3341.94 seconds)
Cbc0010I After 70100 nodes, 30609 on tree, 2481.6698 best solution, best possible -2372.9125 (3345.03 seconds)
Cbc0010I After 70200 nodes, 30657 on tree, 2481.6698 best solution, best possible -2372.9125 (3348.59 seconds)
Cbc0010I After 70300 nodes, 30707 on tree, 2481.6698 best solution, best possible -2372.9125 (3351.82 seconds)
Cbc0010I After 70400 nodes, 30747 on tree, 2481.6698 best solution, best possible -2372.9125 (3355.08 seconds)
Cbc0010I After 70500 nodes, 30797 on tree, 2481.6698 best solution, best possible -2372.9125 (3358.64 seconds)
Cbc0010I After 70600 nodes, 30844 on tree, 2481.6698 best solution, best possible -2372.9125 (3361.85 seconds)
Cbc0010I After 70700 nodes, 30885 on tree, 2481.6698 best solution, best possible -2372.9125 (3365.23 seconds)
Cbc0010I After 70800 nodes, 30935 on tree, 2481.6698 best solution, best possible -2372.9125 (3368.94 seconds)
Cbc0010I After 70900 nodes, 30979 on tree, 2481.6698 best solution, best possible -2372.9125 (3371.87 seconds)
Cbc0010I After 71000 nodes, 31024 on tree, 2481.6698 best solution, best possible -2372.9125 (3375.64 seconds)
Cbc0010I After 71100 nodes, 31074 on tree, 2481.6698 best solution, best possible -2372.9125 (3378.86 seconds)
Cbc0010I After 71200 nodes, 31115 on tree, 2481.6698 best solution, best possible -2372.9112 (3382.36 seconds)
Cbc0010I After 71300 nodes, 31164 on tree, 2481.6698 best solution, best possible -2372.9112 (3385.63 seconds)
Cbc0010I After 71400 nodes, 31213 on tree, 2481.6698 best solution, best possible -2372.9112 (3389.06 seconds)
Cbc0010I After 71500 nodes, 31253 on tree, 2481.6698 best solution, best possible -2372.9107 (3392.65 seconds)
Cbc0010I After 71600 nodes, 31303 on tree, 2481.6698 best solution, best possible -2372.9107 (3396.60 seconds)
Cbc0010I After 71700 nodes, 31352 on tree, 2481.6698 best solution, best possible -2372.9107 (3400.01 seconds)
Cbc0010I After 71800 nodes, 31393 on tree, 2481.6698 best solution, best possible -2372.9107 (3403.44 seconds)
Cbc0010I After 71900 nodes, 31443 on tree, 2481.6698 best solution, best possible -2372.9107 (3407.21 seconds)
Cbc0010I After 72000 nodes, 31486 on tree, 2481.6698 best solution, best possible -2372.9107 (3410.11 seconds)
Cbc0010I After 72100 nodes, 31527 on tree, 2481.6698 best solution, best possible -2372.9107 (3413.29 seconds)
Cbc0010I After 72200 nodes, 31577 on tree, 2481.6698 best solution, best possible -2372.9107 (3417.02 seconds)
Cbc0010I After 72300 nodes, 31623 on tree, 2481.6698 best solution, best possible -2372.9107 (3420.39 seconds)
Cbc0010I After 72400 nodes, 31670 on tree, 2481.6698 best solution, best possible -2372.8897 (3423.84 seconds)
Cbc0010I After 72500 nodes, 31720 on tree, 2481.6698 best solution, best possible -2372.8897 (3427.46 seconds)
Cbc0010I After 72600 nodes, 31759 on tree, 2481.6698 best solution, best possible -2372.8893 (3431.22 seconds)
Cbc0010I After 72700 nodes, 31809 on tree, 2481.6698 best solution, best possible -2372.8893 (3436.18 seconds)
Cbc0010I After 72800 nodes, 31856 on tree, 2481.6698 best solution, best possible -2372.8893 (3439.42 seconds)
Cbc0010I After 72900 nodes, 31897 on tree, 2481.6698 best solution, best possible -2372.8893 (3443.07 seconds)
Cbc0010I After 73000 nodes, 31947 on tree, 2481.6698 best solution, best possible -2372.8893 (3446.71 seconds)
Cbc0010I After 73100 nodes, 31987 on tree, 2481.6698 best solution, best possible -2372.8893 (3450.14 seconds)
Cbc0010I After 73200 nodes, 32032 on tree, 2481.6698 best solution, best possible -2372.8893 (3454.50 seconds)
Cbc0010I After 73300 nodes, 32082 on tree, 2481.6698 best solution, best possible -2372.8893 (3458.44 seconds)
Cbc0010I After 73400 nodes, 32120 on tree, 2481.6698 best solution, best possible -2372.8841 (3467.34 seconds)
Cbc0010I After 73500 nodes, 32170 on tree, 2481.6698 best solution, best possible -2372.8841 (3471.64 seconds)
Cbc0010I After 73600 nodes, 32217 on tree, 2481.6698 best solution, best possible -2372.8841 (3474.68 seconds)
Cbc0010I After 73700 nodes, 32259 on tree, 2481.6698 best solution, best possible -2372.8838 (3477.91 seconds)
Cbc0010I After 73800 nodes, 32309 on tree, 2481.6698 best solution, best possible -2372.8838 (3481.50 seconds)
Cbc0010I After 73900 nodes, 32353 on tree, 2481.6698 best solution, best possible -2372.8825 (3484.49 seconds)
Cbc0010I After 74000 nodes, 32398 on tree, 2481.6698 best solution, best possible -2372.8825 (3488.13 seconds)
Cbc0010I After 74100 nodes, 32448 on tree, 2481.6698 best solution, best possible -2372.8825 (3491.87 seconds)
Cbc0010I After 74200 nodes, 32487 on tree, 2481.6698 best solution, best possible -2372.8824 (3497.03 seconds)
Cbc0010I After 74300 nodes, 32537 on tree, 2481.6698 best solution, best possible -2372.8824 (3500.89 seconds)
Cbc0010I After 74400 nodes, 32584 on tree, 2481.6698 best solution, best possible -2372.8824 (3503.95 seconds)
Cbc0010I After 74500 nodes, 32622 on tree, 2481.6698 best solution, best possible -2372.8821 (3509.86 seconds)
Cbc0010I After 74600 nodes, 32672 on tree, 2481.6698 best solution, best possible -2372.8821 (3513.22 seconds)
Cbc0010I After 74700 nodes, 32717 on tree, 2481.6698 best solution, best possible -2372.8821 (3516.18 seconds)
Cbc0010I After 74800 nodes, 32761 on tree, 2481.6698 best solution, best possible -2372.8821 (3521.77 seconds)
Cbc0010I After 74900 nodes, 32811 on tree, 2481.6698 best solution, best possible -2372.8821 (3525.29 seconds)
Cbc0010I After 75000 nodes, 32849 on tree, 2481.6698 best solution, best possible -2372.882 (3539.92 seconds)
Cbc0010I After 75100 nodes, 32899 on tree, 2481.6698 best solution, best possible -2372.882 (3543.47 seconds)
Cbc0010I After 75200 nodes, 32949 on tree, 2481.6698 best solution, best possible -2372.882 (3546.88 seconds)
Cbc0010I After 75300 nodes, 32990 on tree, 2481.6698 best solution, best possible -2372.882 (3550.68 seconds)
Cbc0010I After 75400 nodes, 33040 on tree, 2481.6698 best solution, best possible -2372.882 (3570.40 seconds)
Cbc0010I After 75500 nodes, 33088 on tree, 2481.6698 best solution, best possible -2372.882 (3573.43 seconds)
Cbc0010I After 75600 nodes, 33132 on tree, 2481.6698 best solution, best possible -2372.882 (3577.50 seconds)
Cbc0010I After 75700 nodes, 33181 on tree, 2481.6698 best solution, best possible -2372.882 (3582.38 seconds)
Cbc0010I After 75800 nodes, 33221 on tree, 2481.6698 best solution, best possible -2369.1167 (3585.87 seconds)
Cbc0010I After 75900 nodes, 33271 on tree, 2481.6698 best solution, best possible -2369.1167 (3589.77 seconds)
Cbc0010I After 76000 nodes, 33318 on tree, 2481.6698 best solution, best possible -2369.1167 (3593.00 seconds)
Cbc0010I After 76100 nodes, 33359 on tree, 2481.6698 best solution, best possible -2366.9786 (3597.26 seconds)
Cbc0020I Exiting on maximum time
Cbc0005I Partial search - best objective 2481.6698 (best possible -2366.9786), took 7776473 iterations and 76108 nodes (3600.71 seconds)
Cbc0035I Maximum depth 352, 34 variables fixed on reduced cost
Clp1001I Initial range of elements is 5.1205382e-05 to 263
Clp1003I Final range of elements is 0.15685439 to 6.3753396
Clp0022I Absolute values of scaled rhs range from 15 to 3077699, minimum gap 1e+100
Clp0020I Absolute values of scaled objective range from 1.8542478 to 1.8542478
Clp0021I Absolute values of scaled bounds range from 0.15685439 to 2.1919915e+11, minimum gap 0.15685439
Clp0006I 0  Obj -1738.8031 Primal inf 4.4519031e-06 (10) Dual inf 0.00013539995 (14)
Clp0006I 0  Obj -1738.8031 Primal inf 4.4519031e-06 (10)
Clp0006I 2  Obj -1738.8031 Primal inf 7.8438886e-06 (14)
Clp0006I 3  Obj -1738.8031 Primal inf 7.6508894e-06 (13)
Clp0006I 6  Obj -1738.8031 Primal inf 8.2247857e-06 (16)
Clp0006I 7  Obj -1738.8031 Primal inf 7.8421882e-06 (14)
Clp0006I 13  Obj -1738.8031 Primal inf 7.6508894e-06 (13)
Clp0006I 13  Obj -1738.8031 Primal inf 7.6508894e-06 (13)
Clp0006I 13  Obj -1738.8031 Primal inf 7.6508894e-06 (13)
Clp0006I 13  Obj -1738.8031 Primal inf 7.6508894e-06 (13)
Clp0006I 13  Obj -1738.8031 Primal inf 7.6508894e-06 (13)
Clp0023I Possible loop - 5 matches (1f) after 11 checks
Clp0006I 13  Obj -1738.8031 Primal inf 7.6508894e-06 (13)
Clp0001I Primal infeasible - objective value -1738.8031

 	"Not finished"

Linearization cuts added at root node:        792
Linearization cuts added in total:            792  (separation time: 0.006636s)
Total solve time:                         3600.89s (3600.89s in branch-and-bound)
Lower bound:                             -2366.98
Upper bound:                              2481.67  (gap: 204.76%)
Branch-and-bound nodes:                     76108
Stats: /tmp/jl_wd9gJw/model.nl 1275 [var]  125 [int]  525 [con]   61 [aux]    792 [root]      792 [tot] 0.006636 [sep]  3600.89 [time]  3600.89 [bb]        -2.366979e+03 [lower]         2.481670e+03 [upper]   76108 [nodes]
Performance of                           FBBT:	    284.855s,   124814 runs. fix: 0.00847742 shrnk:  0.0317322 ubd:          0 2ubd:          0 infeas:          0
Performance of                           OBBT:	    185.602s,       18 runs. fix:   0.205463 shrnk:    0.42404 ubd:          0 2ubd:          0 infeas:          0
ERROR: LoadError: MathOptInterface.GetAttributeNotAllowed{MathOptInterface.ObjectiveBound}: Getting attribute MathOptInterface.ObjectiveBound() cannot be performed: AmplNLWriter.Optimizer does not support getting the attribute MathOptInterface.ObjectiveBound(). You may want to use a `CachingOptimizer` in `AUTOMATIC` mode or you may need to call `reset_optimizer` before doing this operation if the `CachingOptimizer` is in `MANUAL` mode.
Stacktrace:
  [1] get_fallback(model::AmplNLWriter.Optimizer, attr::MathOptInterface.ObjectiveBound)
    @ MathOptInterface ~/.julia/packages/MathOptInterface/gLl4d/src/attributes.jl:409
  [2] get(::AmplNLWriter.Optimizer, ::MathOptInterface.ObjectiveBound)
    @ MathOptInterface ~/.julia/packages/MathOptInterface/gLl4d/src/attributes.jl:390
  [3] _get_model_attribute(model::MathOptInterface.Utilities.CachingOptimizer{AmplNLWriter.Optimizer, MathOptInterface.Utilities.UniversalFallback{MathOptInterface.Utilities.Model{Float64}}}, attr::MathOptInterface.ObjectiveBound)
    @ MathOptInterface.Utilities ~/.julia/packages/MathOptInterface/gLl4d/src/Utilities/cachingoptimizer.jl:865
  [4] get(model::MathOptInterface.Utilities.CachingOptimizer{AmplNLWriter.Optimizer, MathOptInterface.Utilities.UniversalFallback{MathOptInterface.Utilities.Model{Float64}}}, attr::MathOptInterface.ObjectiveBound)
    @ MathOptInterface.Utilities ~/.julia/packages/MathOptInterface/gLl4d/src/Utilities/cachingoptimizer.jl:900
  [5] get(b::MathOptInterface.Bridges.LazyBridgeOptimizer{MathOptInterface.Utilities.CachingOptimizer{AmplNLWriter.Optimizer, MathOptInterface.Utilities.UniversalFallback{MathOptInterface.Utilities.Model{Float64}}}}, attr::MathOptInterface.ObjectiveBound)
    @ MathOptInterface.Bridges ~/.julia/packages/MathOptInterface/gLl4d/src/Bridges/bridge_optimizer.jl:889
  [6] _get_model_attribute(model::MathOptInterface.Utilities.CachingOptimizer{MathOptInterface.Bridges.LazyBridgeOptimizer{MathOptInterface.Utilities.CachingOptimizer{AmplNLWriter.Optimizer, MathOptInterface.Utilities.UniversalFallback{MathOptInterface.Utilities.Model{Float64}}}}, MathOptInterface.Utilities.UniversalFallback{MathOptInterface.Utilities.Model{Float64}}}, attr::MathOptInterface.ObjectiveBound)
    @ MathOptInterface.Utilities ~/.julia/packages/MathOptInterface/gLl4d/src/Utilities/cachingoptimizer.jl:865
  [7] get(model::MathOptInterface.Utilities.CachingOptimizer{MathOptInterface.Bridges.LazyBridgeOptimizer{MathOptInterface.Utilities.CachingOptimizer{AmplNLWriter.Optimizer, MathOptInterface.Utilities.UniversalFallback{MathOptInterface.Utilities.Model{Float64}}}}, MathOptInterface.Utilities.UniversalFallback{MathOptInterface.Utilities.Model{Float64}}}, attr::MathOptInterface.ObjectiveBound)
    @ MathOptInterface.Utilities ~/.julia/packages/MathOptInterface/gLl4d/src/Utilities/cachingoptimizer.jl:900
  [8] _moi_get_result(model::MathOptInterface.Utilities.CachingOptimizer{MathOptInterface.Bridges.LazyBridgeOptimizer{MathOptInterface.Utilities.CachingOptimizer{AmplNLWriter.Optimizer, MathOptInterface.Utilities.UniversalFallback{MathOptInterface.Utilities.Model{Float64}}}}, MathOptInterface.Utilities.UniversalFallback{MathOptInterface.Utilities.Model{Float64}}}, args::MathOptInterface.ObjectiveBound)
    @ JuMP ~/.julia/packages/JuMP/i68GU/src/optimizer_interface.jl:1053
  [9] get(model::JuMP.Model, attr::MathOptInterface.ObjectiveBound)
    @ JuMP ~/.julia/packages/JuMP/i68GU/src/optimizer_interface.jl:1073
 [10] objective_bound(model::JuMP.Model)
    @ JuMP ~/.julia/packages/JuMP/i68GU/src/objective.jl:78
 [11] nl_mcf(ptype::String, graph::String, commodities::String, nodes::String, incr::Int64, cost::Symbol, solver::AmplNLWriter.Optimizer, solver_params::Vector{Any}; restrict_to_commodities::Int64, solve::Bool, write_nl::Bool)
    @ IterativePWLB ~/git/ipwlb/code/sources/IterativePWLB/src/nlsolver.jl:1332
 [12] top-level scope
    @ ~/git/ipwlb/code/sources/IterativePWLB/test/couenne/mcf_nodes/script.jl:18
in expression starting at /home/ccontard/git/ipwlb/code/sources/IterativePWLB/test/couenne/mcf_nodes/script.jl:18
