solving instance mcf arcs c36 3 6 sinabc1
Set parameter TokenServer to value "licences.gerad.lan"
Set parameter TokenServer to value "licences.gerad.lan"
Set parameter TokenServer to value "licences.gerad.lan"
Set parameter FeasibilityTol to value 1e-09
Set parameter MIPGap to value 1e-09
Set parameter Threads to value 1
Set parameter OptimalityTol to value 1e-09
Set parameter IntFeasTol to value 1e-09
Set parameter TimeLimit to value 3183.665217748
Iteration 1	LB = -1.0e20	UB = 1.0e20	CPU = 417.334782252, #pieces = 2070
Iteration 2	LB = 292936.0421402137	UB = 321479.08222539513	CPU = 444.899589223, #pieces = 2118
Iteration 3	LB = 298458.90641196724	UB = 320934.35422921967	CPU = 460.779635503, #pieces = 2149
Iteration 4	LB = 301818.02804540406	UB = 320355.92463412584	CPU = 473.236669339, #pieces = 2160
Iteration 5	LB = 303518.5732932455	UB = 319555.8444351491	CPU = 492.123054921, #pieces = 2256
Iteration 6	LB = 305198.9257498928	UB = 318068.4396385207	CPU = 517.669085492, #pieces = 2353
Iteration 7	LB = 308587.5349762337	UB = 317354.45247521956	CPU = 536.6416815460001, #pieces = 2373
Iteration 8	LB = 309328.9700114963	UB = 317354.45247521956	CPU = 587.608765608, #pieces = 2416
Iteration 9	LB = 310209.1514002917	UB = 316988.3063253928	CPU = 614.7822391440001, #pieces = 2425
Iteration 10	LB = 310308.8187723147	UB = 316146.3085116387	CPU = 631.4171104740001, #pieces = 2535
translating piece by -2.6371163130534114e-5
Iteration 11	LB = 311351.4478863249	UB = 316146.3085116387	CPU = 661.731541812, #pieces = 2633
translating piece by -1.8048138372250833e-5
translating piece by -1.8048138372250833e-5
translating piece by -0.0008657085181766888
Iteration 12	LB = 312346.63730072253	UB = 316017.3751653472	CPU = 765.3888763450001, #pieces = 2772
Iteration 13	LB = 313087.15402701887	UB = 315751.95153233904	CPU = 966.9322166540001, #pieces = 2822
translating piece by -9.208073606714606e-6
translating piece by -9.208073606714606e-6
translating piece by -0.00032075498211270315
Iteration 14	LB = 313353.62224390166	UB = 315213.26053539483	CPU = 1229.015874896, #pieces = 2969
Iteration 15	LB = 313791.7967498454	UB = 315213.26053539483	CPU = 1872.510035474, #pieces = 3040
Iteration 16	LB = 313965.30323781143	UB = 314990.12868461607	CPU = 2094.467077624, #pieces = 3061
Iteration 17	LB = 314009.02398780093	UB = 314990.12868461607	CPU = 2445.235251889, #pieces = 3079
translating piece by -0.00012911502199131064
Iteration 18	LB = 314047.5974120969	UB = 314864.1885722591	CPU = 2747.845329399, #pieces = 3234
Iteration 19	LB = 314179.3199516134	UB = 314864.1885722591	CPU = 2939.597566494, #pieces = 3239
translating piece by -4.807179857380106e-5
Iteration 20	LB = 314186.1567184366	UB = 314791.53664007876	CPU = 3098.2411820250004, #pieces = 3404
Iteration 21	LB = 314331.5509436556	UB = 314791.53664007876	CPU = 3400.8505237940003, #pieces = 3416
Iteration 22	LB = 314348.4316043205	UB = 314673.6810774332	CPU = 3554.8957031620002, #pieces = 3538
WRITING LOG...
(292936.0421402137, 321479.08222539513, 0.0, 0.0, 8.878661680752636, 8.878661680752636, 2070, 1, 4.201525235, 421.571842353)
(298458.90641196724, 320934.35422921967, 0.0, 0.0, 7.003129306998364, 7.003129306998364, 2118, 2, 15.871973214, 456.57116340600004)
(301818.02804540406, 320355.92463412584, 0.0, 0.0, 5.786656391603701, 5.786656391603701, 2149, 3, 25.540315114000002, 470.44899925000004)
(303518.5732932455, 319555.8444351491, 0.0, 0.0, 5.018612997127708, 5.018612997127708, 2160, 4, 35.082021764000004, 482.779366706)
(305198.9257498928, 318068.4396385207, 0.0, 0.0, 4.046146138627873, 4.046146138627873, 2256, 5, 53.59357812900001, 510.63567730500006)
(308587.5349762337, 317354.45247521956, 0.0, 0.0, 2.762500236126477, 2.762500236126477, 2353, 6, 72.471598072, 536.547994518)
(309328.9700114963, 317354.45247521956, 0.0, 0.0, 2.6365820584836754, 2.528870290341979, 2373, 7, 117.699137597, 581.870413204)
(310209.1514002917, 316988.3063253928, 0.0, 0.0, 2.1386135670702604, 2.1386135670702604, 2416, 8, 141.03212292700002, 610.9426771420001)
(310308.8187723147, 316146.3085116387, 0.0, 0.0, 1.846451969281533, 1.846451969281533, 2425, 9, 157.16805436400003, 630.91924411)
(311351.4478863249, 316146.3085116387, 0.0, 0.0, 1.7192971155620864, 1.5166587419246453, 2535, 10, 184.49207747700004, 658.7421866110001)
(312346.63730072253, 316017.3751653472, 0.0, 0.0, 1.1615620383860352, 1.1615620383860352, 2633, 11, 281.57700789200004, 758.817715646)
(313087.15402701887, 315751.95153233904, 0.0, 0.0, 0.8439528219502517, 0.8439528219502517, 2772, 12, 482.88542112100004, 966.698585821)
(313353.62224390166, 315213.26053539483, 0.0, 0.0, 0.5899619477729297, 0.5899619477729297, 2822, 13, 739.945624345, 1223.993908336)
(313791.7967498454, 315213.26053539483, 0.0, 0.0, 0.46414529562649, 0.45095304148533344, 2969, 14, 1380.0735795750002, 1869.1451708410002)
(313965.30323781143, 314990.12868461607, 0.0, 0.0, 0.32535160739298685, 0.32535160739298685, 3040, 15, 1601.9275336720002, 2094.3654057060003)
(314009.02398780093, 314990.12868461607, 0.0, 0.0, 0.33483943207602573, 0.3114715692558944, 3061, 16, 1952.5996037630002, 2445.140507119)
(314047.5974120969, 314864.1885722591, 0.0, 0.0, 0.25934710576803993, 0.25934710576803993, 3079, 17, 2251.9998259930003, 2744.636858059)
(314179.3199516134, 314864.1885722591, 0.0, 0.0, 0.48504379407506276, 0.21751238962780553, 3234, 18, 2443.714576745, 2939.561485729)
(314186.1567184366, 314791.53664007876, 0.0, 0.0, 0.19231137155199365, 0.19231137155199365, 3239, 19, 2599.2384508640002, 3095.122897002)
(314331.5509436556, 314791.53664007876, 0.0, 0.0, 0.15697618990623752, 0.14612390832765287, 3404, 20, 2901.791629402, 3400.795713414)
(314348.4316043205, 314673.6810774332, 0.0, 0.0, 0.10336087593951528, 0.10336087593951528, 3416, 21, 3055.2805089080002, 3554.340631476)
(314348.4316043205, 314673.6810774332, -1.0, 0.0, 0.10336087593951528, 0.10336087593951528, 3538, 22, 3101.4057487600003, 3601.0210154740003)
