solving instance mcf arcs c37 3 6 sinabc1
Set parameter TokenServer to value "licences.gerad.lan"
Set parameter TokenServer to value "licences.gerad.lan"
Set parameter TokenServer to value "licences.gerad.lan"
Set parameter FeasibilityTol to value 1e-09
Set parameter MIPGap to value 1e-09
Set parameter Threads to value 1
Set parameter OptimalityTol to value 1e-09
Set parameter IntFeasTol to value 1e-09
Set parameter TimeLimit to value 3206.22167071
Iteration 1	LB = -1.0e20	UB = 1.0e20	CPU = 394.77832929000004, #pieces = 2052
Iteration 2	LB = 21762.838608337708	UB = 23615.402036575153	CPU = 419.00818655100005, #pieces = 2197
Iteration 3	LB = 21783.37966626511	UB = 23564.51206348005	CPU = 460.66040878700005, #pieces = 2317
Iteration 4	LB = 22347.698059266644	UB = 23412.41289171498	CPU = 506.769721918, #pieces = 2415
Iteration 5	LB = 22525.200996525225	UB = 23330.06695829101	CPU = 545.124313724, #pieces = 2494
Iteration 6	LB = 22691.182712197016	UB = 23305.496838164032	CPU = 779.103854141, #pieces = 2530
Iteration 7	LB = 22750.708418616017	UB = 23220.221232232863	CPU = 1115.307322674, #pieces = 2599
Iteration 8	LB = 22807.898835042983	UB = 23220.221232232863	CPU = 1493.6614776810002, #pieces = 2697
Iteration 9	LB = 22868.583622665574	UB = 23191.27713272186	CPU = 2335.7760339730003, #pieces = 2731
Iteration 10	LB = 22892.892499695736	UB = 23153.94913730036	CPU = 2786.7581721620004, #pieces = 2837
Iteration 11	LB = 22938.00545041112	UB = 23153.94913730036	CPU = 3218.4934213280003, #pieces = 2862
Iteration 12	LB = 22945.64520961562	UB = 23110.464555716666	CPU = 3388.7461736510004, #pieces = 3018
WRITING LOG...
(21762.838608337708, 23615.402036575153, 0.0, 0.0, 7.844725342250047, 7.844725342250047, 2052, 1, 13.643728359, 408.45646682700004)
(21783.37966626511, 23564.51206348005, 0.0, 0.0, 7.558537144400771, 7.558537144400771, 2197, 2, 54.858962701, 460.22488306300005)
(22347.698059266644, 23412.41289171498, 0.0, 0.0, 4.547651014753413, 4.547651014753413, 2317, 3, 100.556562853, 506.35928493000006)
(22525.200996525225, 23330.06695829101, 0.0, 0.0, 3.449908494496416, 3.449908494496416, 2415, 4, 138.59928340300002, 544.8137373870001)
(22691.182712197016, 23305.496838164032, 0.0, 0.0, 2.635919458112742, 2.635919458112742, 2494, 5, 372.40119039900003, 778.9274003)
(22750.708418616017, 23220.221232232863, 0.0, 0.0, 2.021999742901233, 2.021999742901233, 2530, 6, 708.306431815, 1115.0104232390001)
(22807.898835042983, 23220.221232232863, 0.0, 0.0, 1.7797944252824722, 1.7757039998289093, 2599, 7, 1086.235276593, 1493.237545103)
(22868.583622665574, 23191.27713272186, 0.0, 0.0, 1.3914434647541751, 1.3914434647541751, 2697, 8, 1928.2158472810002, 2335.6434527320002)
(22892.892499695736, 23153.94913730036, 0.0, 0.0, 1.12748212435203, 1.12748212435203, 2731, 9, 2378.718648644, 2786.2800853380004)
(22938.00545041112, 23153.94913730036, 0.0, 0.0, 1.1852582022696523, 0.9326430044771843, 2837, 10, 2810.374107238, 3218.414795982)
(22945.64520961562, 23110.464555716666, 0.0, 0.0, 0.7131805840756019, 0.7131805840756019, 2862, 11, 2980.076060423, 3388.1964175410003)
(22945.64520961562, 23110.464555716666, -1.0, 0.0, 0.7131805840756019, 0.7131805840756019, 3018, 12, 3192.356722103, 3601.026898726)
