solving instance transportation 15 5 sinabc3
Set parameter TokenServer to value "licences.gerad.lan"
Set parameter MIPGap to value 1e-06
Set parameter FuncPieceError to value 1e-06
Set parameter Threads to value 1
Set parameter FuncPieces to value -2
Set parameter TimeLimit to value 3600
Gurobi Optimizer version 12.0.2 build v12.0.2rc0 (linux64 - "AlmaLinux 9.6 (Sage Margay)")

CPU model: Intel(R) Xeon(R) Gold 6258R CPU @ 2.70GHz, instruction set [SSE2|AVX|AVX2|AVX512]
Thread count: 56 physical cores, 56 logical processors, using up to 1 threads

Non-default parameters:
TimeLimit  3600
MIPGap  1e-06
Threads  1
FuncPieces  -2
FuncPieceError  1e-06

Optimize a model with 930 rows, 1575 columns and 2475 nonzeros
Model fingerprint: 0x806ba825
Model has 450 function constraints treated as nonlinear
  225 POW, 225 SIN
Variable types: 1350 continuous, 225 integer (225 binary)
Coefficient statistics:
  Matrix range     [3e-02, 2e+02]
  Objective range  [1e+00, 1e+00]
  Bounds range     [1e+00, 1e+10]
  RHS range        [1e+00, 4e+02]
Warning: Model contains large bounds
         Consider reformulating model or setting NumericFocus parameter
         to avoid numerical issues.
Presolve removed 675 rows and 900 columns
Presolve time: 0.00s
Presolved: 2055 rows, 676 columns, 4725 nonzeros
Presolved model has 225 quadratic objective terms
Presolved model has 225 nonlinear constraint(s)

Solving non-convex MINLP

Variable types: 676 continuous, 0 integer (0 binary)

Root relaxation: objective 6.085719e+01, 2360 iterations, 0.07 seconds (0.05 work units)

    Nodes    |    Current Node    |     Objective Bounds      |     Work
 Expl Unexpl |  Obj  Depth IntInf | Incumbent    BestBd   Gap | It/Node Time

     0     0   60.85719    0  225          -   60.85719      -     -    0s
     0     0   60.86905    0  225          -   60.86905      -     -    0s
     0     0   60.87230    0  225          -   60.87230      -     -    0s
     0     0   60.87230    0  225          -   60.87230      -     -    0s
H    0     0                     435.5870046   60.87230  86.0%     -    0s
H    0     0                     275.8729259   60.87230  77.9%     -    0s
     0     2   60.87230    0  225  275.87293   60.87230  77.9%     -    0s
H 1041   855                     257.1292714   62.54953  75.7%  18.5    3s
H 1041   851                     256.4082527   62.54953  75.6%  18.5    3s
H 1041   851                     256.3995713   62.54953  75.6%  18.5    3s
H 1041   851                     256.3995535   62.54953  75.6%  18.5    3s
H 1041   851                     256.3958591   62.54953  75.6%  18.5    3s
H 1041   849                     255.9207215   62.54953  75.6%  18.5    3s
H 1041   849                     255.8816016   62.54953  75.6%  18.5    3s
H 1046   811                     154.9834287   62.54953  59.6%  18.5    5s
  2046  1450  153.19752  237  200  154.98343   63.04109  59.3%  26.0   10s
  3277  2218  145.88465  215  204  154.98343   63.78180  58.8%  27.0   15s
  4852  3637   92.30720  121  219  154.98343   65.64195  57.6%  26.7   20s
  6441  5144   98.12318  118  217  154.98343   65.66656  57.6%  25.4   25s
  7933  6590   92.99523  110  218  154.98343   65.78891  57.6%  26.1   30s
  9282  7865   97.11027   91  199  154.98343   66.00527  57.4%  27.3   35s
 10747  9242   73.17199   42  217  154.98343   66.28767  57.2%  27.7   40s
 12231 10684  147.37036  210  188  154.98343   66.59856  57.0%  27.5   45s
 14021 12276  154.48357  202  203  154.98343   66.85717  56.9%  26.1   50s
 15798 13935   67.61119   27  225  154.98343   67.26189  56.6%  25.1   55s
 17058 15079  105.90894  140  223  154.98343   67.30334  56.6%  24.9   60s
 18810 16685   72.74964   34  223  154.98343   67.52169  56.4%  24.2   65s
 20403 18162   91.66438   57  215  154.98343   67.74379  56.3%  24.1   70s
 22189 19818  131.73528  159  203  154.98343   67.82358  56.2%  23.5   75s
 23835 21300     cutoff  200       154.98343   67.88811  56.2%  23.4   80s
 25435 22770   88.59423   88  223  154.98343   67.99084  56.1%  23.2   85s
 27041 24212  129.28663  156  170  154.98343   68.09172  56.1%  23.1   90s
 28539 25618  115.81532  132  215  154.98343   68.14940  56.0%  23.5   95s
 30255 27210   91.26958   32  220  154.98343   68.29933  55.9%  23.2  100s
 31778 28669  143.96189  164  215  154.98343   68.35014  55.9%  23.4  105s
 33561 30294  115.37555  167  197  154.98343   68.43114  55.8%  23.1  110s
 35246 31811   90.99689   38  222  154.98343   68.59354  55.7%  22.9  115s
 36892 33333  126.58918  141  222  154.98343   68.63237  55.7%  22.8  120s
 38531 34790     cutoff   98       154.98343   68.73874  55.6%  22.8  125s
 40205 36336  141.48659  215  213  154.98343   68.80789  55.6%  22.7  130s
 41747 37762  153.73086  194  184  154.98343   68.83686  55.6%  22.7  135s
 43331 39200  151.52423  219  182  154.98343   68.87485  55.6%  22.5  140s
 44962 40683   81.40886   24  225  154.98343   68.92053  55.5%  22.5  145s
 46649 42260  146.30960  230  188  154.98343   68.95103  55.5%  22.3  150s
 48137 43602   89.83478   61  220  154.98343   69.00479  55.5%  22.3  155s
 49840 45163     cutoff   88       154.98343   69.03627  55.5%  22.2  160s
 51428 46575  102.91349  124  216  154.98343   69.05980  55.4%  22.0  165s
 53015 48036  146.86686  214  206  154.98343   69.07579  55.4%  22.0  170s
 54692 49599  143.06414  230  205  154.98343   69.11070  55.4%  21.9  175s
 56449 51152   92.85045   44  211  154.98343   69.16702  55.4%  21.7  180s
 57923 52488  109.31356  104  205  154.98343   69.20519  55.3%  21.8  185s
 59570 54007  146.23656  212  184  154.98343   69.21667  55.3%  21.8  190s
 61239 55516  111.85471  171  206  154.98343   69.27726  55.3%  21.8  195s
 62758 56911  124.52638  119  208  154.98343   69.30686  55.3%  21.9  200s
 64403 58370  107.91033  121  198  154.98343   69.32683  55.3%  21.9  205s
 66040 59831  154.27185  224  200  154.98343   69.36084  55.2%  21.9  210s
 67716 61373   79.49288   38  221  154.98343   69.38224  55.2%  21.9  215s
 69319 62810   81.28294   30  224  154.98343   69.44039  55.2%  21.9  220s
 71006 64373   93.27419   58  214  154.98343   69.45421  55.2%  21.8  225s
 72603 65846  136.60559  139  194  154.98343   69.49905  55.2%  21.8  230s
 74562 67655  130.84958  185  207  154.98343   69.53725  55.1%  21.6  235s
 76046 69005   83.18228   72  225  154.98343   69.55796  55.1%  21.6  240s
 77815 70666  140.82134  216  201  154.98343   69.57702  55.1%  21.5  245s
 79342 72045  111.66308  143  189  154.98343   69.62100  55.1%  21.6  250s
 80948 73507   81.58258   43  213  154.98343   69.64308  55.1%  21.6  255s
 82593 74952   96.37057   95  203  154.98343   69.69661  55.0%  21.6  260s
 84000 76295  151.83356  231  184  154.98343   69.71218  55.0%  21.7  265s
 85580 77727  121.19377  186  204  154.98343   69.73433  55.0%  21.7  270s
 87288 79277  154.87186  187  193  154.98343   69.76645  55.0%  21.6  275s
 88742 80629  112.03767  145  218  154.98343   69.78392  55.0%  21.7  280s
 90513 82244   98.73181   95  200  154.98343   69.82289  54.9%  21.6  285s
 91924 83567   89.96677  104  214  154.98343   69.83235  54.9%  21.6  290s
 93712 85169     cutoff  168       154.98343   69.85471  54.9%  21.6  295s
 95225 86572   83.05222   78  214  154.98343   69.87272  54.9%  21.6  300s
 97006 88233     cutoff  244       154.98343   69.88261  54.9%  21.4  305s
 98703 89800  132.38815  193  204  154.98343   69.89034  54.9%  21.4  310s
 100420 91407  148.87512  232  210  154.98343   69.91396  54.9%  21.3  315s
 102142 92973  146.74273  189  193  154.98343   69.92727  54.9%  21.3  320s
 103786 94403  146.63795   69  191  154.98343   69.95245  54.9%  21.2  325s
 105375 95868   88.10886   50  222  154.98343   69.97933  54.8%  21.2  330s
 107008 97341  110.24686  156  201  154.98343   69.98820  54.8%  21.2  335s
 108280 98489   81.54035   27  216  154.98343   70.01509  54.8%  21.2  340s
 109909 100030  150.63212  229  188  154.98343   70.02761  54.8%  21.1  345s
 111562 101515   96.33374   94  219  154.98343   70.05685  54.8%  21.2  350s
 112889 102746  124.64928  142  177  154.98343   70.06301  54.8%  21.3  355s
 114758 104441   98.66515  130  219  154.98343   70.07960  54.8%  21.1  360s
 116300 105883  137.37825  189  171  154.98343   70.08607  54.8%  21.2  365s
 117951 107410   92.39863  113  214  154.98343   70.09661  54.8%  21.1  370s
 119640 108975   89.05080   49  207  154.98343   70.12548  54.8%  21.1  375s
 121171 110378     cutoff  103       154.98343   70.13618  54.7%  21.1  380s
 122788 111857   91.43579   43  214  154.98343   70.14895  54.7%  21.1  385s
H123231 112270                     154.9834202   70.15546  54.7%  21.1  386s
 124355 113296   79.18386   63  224  154.98342   70.16120  54.7%  21.1  390s
 126054 114855  105.64896  108  213  154.98342   70.18573  54.7%  21.0  395s
 127766 116441  150.46811  237  209  154.98342   70.21003  54.7%  21.0  400s
 129396 117933  153.11870  253  211  154.98342   70.22780  54.7%  21.0  405s
 130923 119334  108.83772  150  197  154.98342   70.27456  54.7%  21.1  410s
 132661 120954  151.15539  230  204  154.98342   70.28242  54.7%  21.1  415s
 134368 122535  108.29427   95  209  154.98342   70.28779  54.6%  21.1  420s
 136246 124201   78.63202   55  211  154.98342   70.30828  54.6%  21.0  425s
 137889 125738  130.54332  197  217  154.98342   70.32413  54.6%  21.0  430s
 139556 127293   77.84237   25  214  154.98342   70.32992  54.6%  21.0  435s
 141295 128872   96.80250   35  216  154.98342   70.35767  54.6%  20.9  440s
 142733 130186  126.16632  182  212  154.98342   70.36591  54.6%  21.0  445s
 144445 131746  126.28512  164  194  154.98342   70.38147  54.6%  21.0  450s
 145995 133196  103.35645  152  208  154.98342   70.39034  54.6%  21.0  455s
 147890 134967  116.16008  159  199  154.98342   70.39927  54.6%  20.9  460s
 149444 136383  109.07143  129  197  154.98342   70.40781  54.6%  20.9  465s
 151142 138001  146.37810  236  191  154.98342   70.41192  54.6%  20.9  470s
 152878 139569   97.07061  114  218  154.98342   70.44601  54.5%  20.8  475s
 154387 140994  154.80237  122  192  154.98342   70.45521  54.5%  20.9  480s
 155940 142385   83.66911   87  217  154.98342   70.47029  54.5%  20.9  485s
 157786 144117  135.36289  193  204  154.98342   70.47709  54.5%  20.8  490s
 159282 145477  148.70946  215  188  154.98342   70.48892  54.5%  20.8  495s
 161061 147088  143.34767  181  169  154.98342   70.51007  54.5%  20.8  500s
 162676 148593  105.55690   92  188  154.98342   70.53668  54.5%  20.8  505s
 164211 150026  147.08323  202  186  154.98342   70.55027  54.5%  20.8  510s
 165850 151519  151.46942  219  195  154.98342   70.55998  54.5%  20.8  515s
 167297 152810  100.44506   96  194  154.98342   70.58127  54.5%  20.8  520s
 168930 154325  151.31858  254  189  154.98342   70.59395  54.5%  20.9  525s
 170823 156034  153.29699   73  199  154.98342   70.61309  54.4%  20.8  530s
 172309 157420   81.05484   31  223  154.98342   70.61682  54.4%  20.8  535s
 174016 158967  107.18756  119  216  154.98342   70.63204  54.4%  20.8  540s
 175696 160471  104.74426  105  214  154.98342   70.64349  54.4%  20.8  545s
 177068 161767     cutoff  230       154.98342   70.64517  54.4%  20.9  550s
 178830 163365  109.31993  140  205  154.98342   70.65232  54.4%  20.9  555s
 180508 164917   74.95562   37  217  154.98342   70.66848  54.4%  20.8  560s
 182082 166421  150.54059  197  186  154.98342   70.66966  54.4%  20.9  565s
 183927 168094   77.17116   38  216  154.98342   70.67883  54.4%  20.8  570s
 185297 169228     cutoff  123       154.98342   70.68265  54.4%  20.9  575s
 186990 170791  136.12552  196  186  154.98342   70.69896  54.4%  20.9  580s
 188584 172237   90.81045   93  215  154.98342   70.70762  54.4%  20.9  585s
 190222 173779  110.91198  158  214  154.98342   70.71463  54.4%  20.9  590s
 192002 175381  142.68140  198  206  154.98342   70.72824  54.4%  20.9  595s
 193679 176946  154.71266  237  205  154.98342   70.73743  54.4%  20.9  600s
 195264 178437  127.62297  201  196  154.98342   70.74169  54.4%  20.9  605s
 197072 180063   93.94444   89  200  154.98342   70.75624  54.3%  20.8  610s
 198620 181503  115.99385   98  202  154.98342   70.77176  54.3%  20.9  615s
 200322 183101  154.38713  239  193  154.98342   70.78671  54.3%  20.9  620s
 202085 184652  131.93451  211  209  154.98342   70.79447  54.3%  20.8  625s
 203657 186116   78.99050   52  219  154.98342   70.80004  54.3%  20.8  630s
 205580 187917  127.98951  179  193  154.98342   70.80351  54.3%  20.8  635s
 207362 189535   84.38970   56  215  154.98342   70.82118  54.3%  20.7  640s
 209021 191044   93.44247   68  207  154.98342   70.82957  54.3%  20.7  645s
 210857 192724   97.53838  133  209  154.98342   70.83360  54.3%  20.7  650s
 212673 194384   81.38294   58  216  154.98342   70.84711  54.3%  20.6  655s
 214233 195890  133.53101  211  199  154.98342   70.85121  54.3%  20.7  660s
 216078 197573  116.71471  116  182  154.98342   70.86236  54.3%  20.6  665s
 217543 198910  117.57918  164  221  154.98342   70.86482  54.3%  20.7  670s
 219294 200551   98.56046  112  196  154.98342   70.87520  54.3%  20.6  675s
 220911 202012   87.27061   90  224  154.98342   70.88066  54.3%  20.6  680s
 222582 203563  113.38477  164  222  154.98342   70.88173  54.3%  20.6  685s
 224289 205122   88.43490   90  215  154.98342   70.89125  54.3%  20.6  690s
 225984 206669   90.84308  103  218  154.98342   70.90220  54.3%  20.6  695s
 227611 208188  107.64107  150  216  154.98342   70.90683  54.2%  20.6  700s
 229409 209844  104.91349   93  210  154.98342   70.92073  54.2%  20.6  705s
 230856 211155   90.53937   95  218  154.98342   70.92613  54.2%  20.6  710s
 232755 212908   94.35946  123  213  154.98342   70.94180  54.2%  20.6  715s
 234295 214324  116.69854  116  207  154.98342   70.94577  54.2%  20.6  720s
 235847 215804  147.30804  240  182  154.98342   70.94733  54.2%  20.6  725s
 237441 217282  115.54672  121  200  154.98342   70.95667  54.2%  20.6  730s
 238991 218702   74.55982   30  222  154.98342   70.97024  54.2%  20.6  735s
 240646 220233  121.10237  177  199  154.98342   70.98401  54.2%  20.6  740s
 242183 221644   83.19428   71  216  154.98342   70.98852  54.2%  20.6  745s
 243803 223160  151.44546  208  179  154.98342   70.99293  54.2%  20.6  750s
 245530 224733     cutoff   96       154.98342   70.99752  54.2%  20.6  755s
 247235 226300  110.93470  147  194  154.98342   71.00228  54.2%  20.5  760s
 248828 227761  134.51113  193  196  154.98342   71.00725  54.2%  20.5  765s
 250365 229166  151.28001  225  196  154.98342   71.01568  54.2%  20.6  770s
 251854 230577  150.76636  239  194  154.98342   71.02117  54.2%  20.6  775s
 253374 231883  134.25843  195  177  154.98342   71.03158  54.2%  20.6  780s
 254847 233254     cutoff  223       154.98342   71.03481  54.2%  20.6  785s
 256714 234997  119.50549  171  191  154.98342   71.04796  54.2%  20.6  790s
 258348 236465   80.66316   44  213  154.98342   71.05546  54.2%  20.6  795s
 260073 238066     cutoff  166       154.98342   71.05857  54.2%  20.5  800s
 261653 239512  113.10812  141  206  154.98342   71.06959  54.1%  20.6  805s
 263211 240902  117.06562  125  200  154.98342   71.08202  54.1%  20.6  810s
 264676 242269  153.18268  218  180  154.98342   71.08795  54.1%  20.6  815s
 266487 243906   76.10253   32  222  154.98342   71.09751  54.1%  20.6  820s
 268014 245271   80.83180   47  217  154.98342   71.10059  54.1%  20.6  825s
 269633 246790  115.89943  161  207  154.98342   71.11132  54.1%  20.6  830s
 271416 248421     cutoff  219       154.98342   71.12350  54.1%  20.6  835s
 272906 249815  117.90815  166  201  154.98342   71.12659  54.1%  20.6  840s
 274644 251415   81.18948   48  214  154.98342   71.13430  54.1%  20.6  845s
 276206 252887  100.95975  149  217  154.98342   71.14184  54.1%  20.6  850s
 277791 254332   86.42775   53  209  154.98342   71.14799  54.1%  20.6  855s
 279440 255865  113.71675   87  201  154.98342   71.15415  54.1%  20.6  860s
 280939 257218   87.52517   74  213  154.98342   71.16356  54.1%  20.7  865s
 282581 258752  131.10786  166  178  154.98342   71.16839  54.1%  20.7  870s
 284340 260389  121.84959  154  203  154.98342   71.17607  54.1%  20.7  875s
 286221 262146  133.42544  182  200  154.98342   71.18107  54.1%  20.6  880s
 287607 263366  113.66506  163  201  154.98342   71.18354  54.1%  20.6  885s
 289266 264911  124.20855  189  207  154.98342   71.18874  54.1%  20.6  890s
 290974 266479  110.67836  161  220  154.98342   71.19386  54.1%  20.6  895s
 292427 267860  104.84195  145  220  154.98342   71.19766  54.1%  20.6  900s
 294281 269562  105.04718  149  221  154.98342   71.20964  54.1%  20.6  905s
 295946 271115   79.48241   45  217  154.98342   71.21762  54.0%  20.6  910s
 297493 272552  129.99353  165  186  154.98342   71.22685  54.0%  20.6  915s
 299302 274215   95.87271   78  214  154.98342   71.23918  54.0%  20.6  920s
 300697 275506  150.20598  119  196  154.98342   71.24873  54.0%  20.6  925s
 302180 276869  103.75125  133  211  154.98342   71.25651  54.0%  20.6  930s
 303781 278308   72.19246   23  225  154.98342   71.26081  54.0%  20.6  935s
 305360 279775  115.81223  182  220  154.98342   71.26220  54.0%  20.6  940s
 307186 281389   95.35294  120  218  154.98342   71.27096  54.0%  20.6  945s
 308840 282941  105.78608   49  197  154.98342   71.27174  54.0%  20.6  950s
 310527 284514  150.75754  238  190  154.98342   71.28183  54.0%  20.6  955s
 312154 285931  154.63383  245  214  154.98342   71.28993  54.0%  20.6  960s
 313666 287345     cutoff   88       154.98342   71.29695  54.0%  20.6  965s
 315231 288810  100.56639  125  212  154.98342   71.30628  54.0%  20.6  970s
 316882 290333  149.08569  170  190  154.98342   71.31367  54.0%  20.6  975s
 318478 291827  146.61440  249  177  154.98342   71.31840  54.0%  20.6  980s
 320245 293466  154.91735  217  169  154.98342   71.32353  54.0%  20.6  985s
 321725 294774  111.07847  154  211  154.98342   71.32778  54.0%  20.6  990s
 323613 296516  111.26917  157  212  154.98342   71.33199  54.0%  20.6  995s
 325111 297896     cutoff  234       154.98342   71.33683  54.0%  20.6 1000s
 326600 299257  147.86487  232  190  154.98342   71.34237  54.0%  20.6 1005s
 328245 300692   84.96506   58  211  154.98342   71.35070  54.0%  20.6 1010s
 329988 302301   75.93020   38  220  154.98342   71.35350  54.0%  20.6 1015s
 331699 303876  102.69668  134  207  154.98342   71.35951  54.0%  20.6 1020s
 333309 305376  106.94362  130  197  154.98342   71.36910  54.0%  20.6 1025s
 334674 306647  143.41373  228  195  154.98342   71.37183  53.9%  20.6 1030s
 336542 308351   84.73774   71  222  154.98342   71.38093  53.9%  20.6 1035s
 338196 309929   92.81238   94  208  154.98342   71.38820  53.9%  20.5 1040s
 339933 311526  106.50715  156  209  154.98342   71.39789  53.9%  20.5 1045s
 341452 312909  127.19736  152  190  154.98342   71.39958  53.9%  20.6 1050s
 343025 314370  154.07764  248  196  154.98342   71.40393  53.9%  20.6 1055s
 344425 315624  115.10902  102  185  154.98342   71.40884  53.9%  20.6 1060s
 346107 317216  152.70841  234  209  154.98342   71.41188  53.9%  20.6 1065s
 347705 318680  134.77386  208  209  154.98342   71.41525  53.9%  20.6 1070s
 349389 320248     cutoff  232       154.98342   71.41853  53.9%  20.6 1075s
 351089 321830  113.56664  144  200  154.98342   71.43094  53.9%  20.5 1080s
 352663 323292  133.87477  198  213  154.98342   71.43687  53.9%  20.5 1085s
 354096 324635  152.49077  230  189  154.98342   71.43961  53.9%  20.6 1090s
 355970 326305   73.69807   47  216  154.98342   71.44905  53.9%  20.5 1095s
 357232 327477  111.44013  146  217  154.98342   71.45400  53.9%  20.6 1100s
 358870 328995   98.68789  126  198  154.98342   71.45759  53.9%  20.6 1105s
 360510 330493     cutoff  244       154.98342   71.46325  53.9%  20.5 1110s
 362078 331971   90.82614   94  216  154.98342   71.47125  53.9%  20.5 1115s
 363729 333460  105.09912  141  206  154.98342   71.47450  53.9%  20.5 1120s
 365493 335090  117.34891  167  206  154.98342   71.48032  53.9%  20.5 1125s
 366947 336398   83.39313   73  221  154.98342   71.48590  53.9%  20.5 1130s
 368605 337928   99.51278  130  215  154.98342   71.49089  53.9%  20.5 1135s
 370152 339379  101.97170  135  195  154.98342   71.49302  53.9%  20.5 1140s
 371786 340889  122.82504  169  189  154.98342   71.49605  53.9%  20.5 1145s
 373244 342147  150.33023   77  136  154.98342   71.49898  53.9%  20.5 1150s
 374851 343644   90.25080  106  217  154.98342   71.50535  53.9%  20.5 1155s
 376405 345048  151.57316  223  176  154.98342   71.51093  53.9%  20.5 1160s
 378131 346634  122.01088  176  211  154.98342   71.51629  53.9%  20.5 1165s
 379732 348103   80.10450   57  221  154.98342   71.52476  53.9%  20.5 1170s
 381433 349708   98.09470  114  206  154.98342   71.53014  53.8%  20.5 1175s
 383025 351210  154.11034  257  179  154.98342   71.53328  53.8%  20.5 1180s
 384607 352620   83.69096   47  224  154.98342   71.54248  53.8%  20.5 1185s
 386165 354084  115.15425  150  206  154.98342   71.54355  53.8%  20.5 1190s
 388068 355865  114.46260  174  198  154.98342   71.55128  53.8%  20.5 1195s
 389843 357534  123.38969  183  213  154.98342   71.55574  53.8%  20.4 1200s
 391580 359179  131.22021  180  211  154.98342   71.56267  53.8%  20.4 1205s
 393419 360816   75.86948   40  224  154.98342   71.56946  53.8%  20.4 1210s
 394850 362139   85.16239   37  219  154.98342   71.57348  53.8%  20.4 1215s
 396471 363658  149.65007  240  187  154.98342   71.57848  53.8%  20.4 1220s
 398256 365289  150.64553  244  211  154.98342   71.58411  53.8%  20.4 1225s
 399790 366739  128.70709  189  182  154.98342   71.58470  53.8%  20.4 1230s
 401392 368161   77.39463   53  221  154.98342   71.59473  53.8%  20.4 1235s
 402982 369651  143.74527  227  185  154.98342   71.59814  53.8%  20.4 1240s
 404838 371375   83.82946   68  217  154.98342   71.60075  53.8%  20.4 1245s
 406397 372780   73.79342   32  224  154.98342   71.60600  53.8%  20.4 1250s
 408052 374317  141.68555  243  188  154.98342   71.61035  53.8%  20.4 1255s
 409760 375875  145.67584   78  182  154.98342   71.61541  53.8%  20.3 1260s
 411278 377225   79.61660   41  209  154.98342   71.61993  53.8%  20.4 1265s
 412989 378824  138.90685  183  200  154.98342   71.62289  53.8%  20.3 1270s
 414624 380325   93.82547  126  221  154.98342   71.62949  53.8%  20.3 1275s
 416159 381718  122.82498  167  185  154.98342   71.63458  53.8%  20.3 1280s
 417645 383076  151.08531  232  206  154.98342   71.64052  53.8%  20.4 1285s
 419237 384512   83.44430   56  215  154.98342   71.64864  53.8%  20.4 1290s
 420689 385832  101.80325  142  218  154.98342   71.65327  53.8%  20.4 1295s
 422377 387394   81.60497   56  214  154.98342   71.66023  53.8%  20.4 1300s
 424054 388953     cutoff  247       154.98342   71.66487  53.8%  20.4 1305s
 425790 390593  146.21699  243  192  154.98342   71.67048  53.8%  20.3 1310s
 427553 392182     cutoff  103       154.98342   71.67353  53.8%  20.3 1315s
 429112 393617   92.50038   69  210  154.98342   71.67660  53.8%  20.3 1320s
 430678 395089   94.85619  121  212  154.98342   71.67974  53.8%  20.3 1325s
 432387 396692  107.17389   63  217  154.98342   71.68747  53.7%  20.3 1330s
 434004 398197  138.98025  201  184  154.98342   71.69289  53.7%  20.3 1335s
 435695 399744  148.62864  203  177  154.98342   71.69714  53.7%  20.3 1340s
 437006 400935  107.89539   84  209  154.98342   71.69968  53.7%  20.4 1345s
 438534 402291  100.62162  122  209  154.98342   71.70534  53.7%  20.4 1350s
 439967 403626  152.01874  192  198  154.98342   71.70717  53.7%  20.4 1355s
 441536 405103  141.03921  197  177  154.98342   71.71134  53.7%  20.4 1360s
 442672 406113   98.70805   93  200  154.98342   71.71444  53.7%  20.4 1365s
 444206 407549  154.38958  236  181  154.98342   71.71754  53.7%  20.4 1370s
 445733 408882  149.63426  227  198  154.98342   71.72144  53.7%  20.4 1375s
 447421 410420  140.33485  199  212  154.98342   71.72324  53.7%  20.4 1380s
H447858 408623                     154.0756896   71.72404  53.4%  20.3 1381s
H447858 408619                     154.0738935   71.72404  53.4%  20.3 1381s
H447858 408617                     154.0735342   71.72404  53.4%  20.3 1381s
 449134 409789  132.97120  198  200  154.07353   71.72728  53.4%  20.3 1385s
 450650 411163  114.51274  124  203  154.07353   71.72968  53.4%  20.3 1390s
 452367 412718  131.03483  179  202  154.07353   71.73790  53.4%  20.3 1395s
 454056 414273  152.95310  224  194  154.07353   71.74261  53.4%  20.3 1400s
 455754 415801   77.36728   44  222  154.07353   71.74673  53.4%  20.3 1405s
 457626 417511  102.27632  129  195  154.07353   71.75351  53.4%  20.3 1410s
 459402 419127  128.17195  161  201  154.07353   71.75574  53.4%  20.3 1415s
 460972 420601  153.96942  195  185  154.07353   71.75758  53.4%  20.3 1420s
 462649 422062   81.69688   61  224  154.07353   71.76240  53.4%  20.3 1425s
 464206 423527  151.99126   92  143  154.07353   71.76324  53.4%  20.3 1430s
 465956 425127  122.05309  179  198  154.07353   71.76731  53.4%  20.3 1435s
 467585 426560   90.25915   72  212  154.07353   71.76976  53.4%  20.3 1440s
 468755 427662  154.06063  221  182  154.07353   71.77195  53.4%  20.3 1445s
 470485 429220   90.37676   83  209  154.07353   71.77899  53.4%  20.3 1450s
 471904 430503   76.23756   38  217  154.07353   71.78124  53.4%  20.4 1455s
 473367 431856  108.69590  126  209  154.07353   71.78561  53.4%  20.4 1460s
 475015 433360  145.71094  197  193  154.07353   71.79016  53.4%  20.4 1465s
 476381 434594  134.81888  197  196  154.07353   71.79477  53.4%  20.4 1470s
 477982 436041   99.35117  128  214  154.07353   71.80083  53.4%  20.4 1475s
 479583 437508  119.38262  154  218  154.07353   71.80353  53.4%  20.4 1480s
 481042 438879  139.94856  226  197  154.07353   71.80445  53.4%  20.4 1485s
 482637 440280  100.36111   96  198  154.07353   71.81059  53.4%  20.4 1490s
 484291 441828  103.29342  103  218  154.07353   71.81397  53.4%  20.4 1495s
 485989 443396  103.18578  145  216  154.07353   71.81923  53.4%  20.4 1500s
 487613 444880   96.54664   58  215  154.07353   71.82525  53.4%  20.4 1505s
 489035 446190     cutoff  210       154.07353   71.82832  53.4%  20.4 1510s
 490905 447934  105.10467  138  210  154.07353   71.83264  53.4%  20.4 1515s
 492623 449522  151.18939  176  170  154.07353   71.83836  53.4%  20.3 1520s
 494099 450902  101.62133  130  208  154.07353   71.84033  53.4%  20.4 1525s
 495762 452415  150.77523   89  193  154.07353   71.85063  53.4%  20.4 1530s
 497360 453881  153.21619   91  148  154.07353   71.85227  53.4%  20.4 1535s
 499064 455455   89.39890   87  211  154.07353   71.85431  53.4%  20.3 1540s
 500646 456939  152.32575  101  171  154.07353   71.85635  53.4%  20.3 1545s
 502188 458361  152.73687  184  200  154.07353   71.85811  53.4%  20.4 1550s
 503672 459743  152.12254   87  173  154.07353   71.86072  53.4%  20.4 1555s
 505364 461311  120.59426  186  214  154.07353   71.86290  53.4%  20.4 1560s
 507124 462941   95.34117  109  216  154.07353   71.86640  53.4%  20.3 1565s
 508615 464316  142.11758  209  176  154.07353   71.86804  53.4%  20.3 1570s
 510216 465753   87.54117   41  213  154.07353   71.87578  53.3%  20.3 1575s
 511984 467379   79.19083   73  219  154.07353   71.88323  53.3%  20.3 1580s
H512800 468159                     154.0718167   71.88424  53.3%  20.3 1583s
H512800 468145                     154.0668448   71.88424  53.3%  20.3 1583s
H512800 468143                     154.0648983   71.88424  53.3%  20.3 1583s
 513434 468717  127.33230  179  176  154.06490   71.88594  53.3%  20.3 1585s
 515216 470393  121.97595  172  198  154.06490   71.89161  53.3%  20.3 1590s
 516896 471881   83.95036   40  216  154.06490   71.89588  53.3%  20.3 1595s
 518291 473216  151.94135  231  188  154.06490   71.89852  53.3%  20.3 1600s
 520054 474753   98.00739  128  223  154.06490   71.90052  53.3%  20.3 1605s
 521688 476283  149.10396   72  196  154.06490   71.90203  53.3%  20.3 1610s
 523303 477776  131.80101  187  188  154.06490   71.90833  53.3%  20.3 1615s
 525189 479490  142.88409  168  176  154.06490   71.91263  53.3%  20.3 1620s
 526701 480908  112.38666  145  200  154.06490   71.91311  53.3%  20.3 1625s
 528488 482563   85.05513   88  219  154.06490   71.91749  53.3%  20.3 1630s
 530071 483964   75.11040   43  218  154.06490   71.92101  53.3%  20.3 1635s
 531587 485416  147.08348  224  185  154.06490   71.92363  53.3%  20.3 1640s
 533154 486809  131.89497  183  211  154.06490   71.92844  53.3%  20.3 1645s
 534600 488149   97.05161  113  214  154.06490   71.93202  53.3%  20.3 1650s
 536343 489776   92.69881   55  214  154.06490   71.93967  53.3%  20.3 1655s
 537909 491242   99.51432   57  212  154.06490   71.94320  53.3%  20.3 1660s
 539477 492714  141.04720  214  197  154.06490   71.94520  53.3%  20.3 1665s
 541039 494132  144.48548  220  198  154.06490   71.95172  53.3%  20.3 1670s
 542637 495596   86.49730   95  219  154.06490   71.95399  53.3%  20.3 1675s
 544417 497198   85.71152   86  216  154.06490   71.95648  53.3%  20.3 1680s
 545937 498608  145.98895  223  211  154.06490   71.96000  53.3%  20.3 1685s
 547685 500214   83.75908   82  222  154.06490   71.96527  53.3%  20.3 1690s
 549366 501725   78.53568   36  218  154.06490   71.96998  53.3%  20.2 1695s
 550837 503112   90.41246   61  209  154.06490   71.97467  53.3%  20.3 1700s
 552375 504498   91.70752  102  214  154.06490   71.97823  53.3%  20.3 1705s
 553929 505912  153.59659  232  176  154.06490   71.98130  53.3%  20.3 1710s
 555487 507340  125.38991  112  170  154.06490   71.98359  53.3%  20.3 1715s
 557323 509046  112.62021  148  204  154.06490   71.99390  53.3%  20.2 1720s
 558854 510461   98.93662  101  221  154.06490   71.99717  53.3%  20.3 1725s
 560550 512021   75.37684   36  219  154.06490   72.00089  53.3%  20.2 1730s
 562484 513795   85.64351   88  214  154.06490   72.00503  53.3%  20.2 1735s
 564061 515268  126.53675  169  206  154.06490   72.00817  53.3%  20.2 1740s
 565807 516900   90.42628   99  215  154.06490   72.01283  53.3%  20.2 1745s
 567363 518348  147.53608  240  205  154.06490   72.01685  53.3%  20.2 1750s
 568908 519761  109.32821  120  184  154.06490   72.01977  53.3%  20.2 1755s
 570634 521333  102.04906  124  200  154.06490   72.02466  53.3%  20.2 1760s
 572142 522737  136.65222  201  205  154.06490   72.02659  53.2%  20.2 1765s
 573616 524087  139.66033  186  186  154.06490   72.03140  53.2%  20.2 1770s
 575355 525660   88.38677   41  221  154.06490   72.03558  53.2%  20.2 1775s
 576750 526943   91.59014   88  216  154.06490   72.03806  53.2%  20.2 1780s
 578461 528514   80.85023   59  215  154.06490   72.04321  53.2%  20.2 1785s
 580247 530192  153.96326  230  205  154.06490   72.04537  53.2%  20.2 1790s
 581656 531547  114.78168  166  196  154.06490   72.04682  53.2%  20.2 1795s
 583358 533103  151.05987   99  204  154.06490   72.05374  53.2%  20.2 1800s
 585111 534706  120.47711  124  191  154.06490   72.05622  53.2%  20.2 1805s
 586780 536253  116.15824  179  202  154.06490   72.05866  53.2%  20.2 1810s
 588538 537879  122.44466   85  176  154.06490   72.06156  53.2%  20.2 1815s
 590201 539412  101.88235  148  218  154.06490   72.06412  53.2%  20.2 1820s
 591764 540813   75.54788   44  217  154.06490   72.06966  53.2%  20.2 1825s
 593370 542313  114.92123  110  206  154.06490   72.07452  53.2%  20.2 1830s
 595000 543829  123.26515  169  211  154.06490   72.08105  53.2%  20.2 1835s
 596570 545299  146.52278  200  163  154.06490   72.08255  53.2%  20.2 1840s
 598142 546745   82.39494   54  215  154.06490   72.08614  53.2%  20.2 1845s
 599803 548286  137.03670  188  195  154.06490   72.09210  53.2%  20.2 1850s
 601344 549705  111.82762  125  192  154.06490   72.09515  53.2%  20.2 1855s
 603100 551321  140.54183  219  194  154.06490   72.09730  53.2%  20.2 1860s
 604929 552970  111.54749   95  202  154.06490   72.10110  53.2%  20.2 1865s
H605759 553679                     154.0394389   72.10123  53.2%  20.2 1868s
H605759 553679                     154.0391300   72.10123  53.2%  20.2 1868s
H605759 553675                     154.0372726   72.10123  53.2%  20.2 1868s
H605759 553673                     154.0367941   72.10123  53.2%  20.2 1868s
H605759 553673                     154.0367314   72.10123  53.2%  20.2 1868s
 606176 554032   78.90924   39  220  154.03673   72.10241  53.2%  20.2 1870s
 607760 555494  114.21699  134  204  154.03673   72.10578  53.2%  20.2 1875s
 609410 557026  153.19762  221  189  154.03673   72.10860  53.2%  20.2 1880s
 610913 558397   76.75517   37  221  154.03673   72.11106  53.2%  20.2 1885s
 612757 560085   98.51862  106  201  154.03673   72.11929  53.2%  20.2 1890s
 614284 561484  128.59494  143  195  154.03673   72.12347  53.2%  20.2 1895s
 615914 562958  103.69938   81  197  154.03673   72.12641  53.2%  20.2 1900s
 617723 564601   74.22231   40  217  154.03673   72.13315  53.2%  20.2 1905s
 619333 566109     cutoff   77       154.03673   72.13670  53.2%  20.2 1910s
 620756 567412  153.27437  210  183  154.03673   72.13863  53.2%  20.2 1915s
 622418 568934  148.99778  211  198  154.03673   72.14088  53.2%  20.2 1920s
 624090 570472  139.64714  177  169  154.03673   72.14440  53.2%  20.2 1925s
 625678 571942   97.96091  122  210  154.03673   72.14762  53.2%  20.2 1930s
 627071 573237  152.66661  167  187  154.03673   72.14896  53.2%  20.2 1935s
 628653 574729  151.53360  250  198  154.03673   72.15187  53.2%  20.2 1940s
 630448 576384  152.26531  262  180  154.03673   72.15799  53.2%  20.2 1945s
 631881 577729  103.98839   55  208  154.03673   72.15967  53.2%  20.2 1950s
 633427 579081  102.73502  114  218  154.03673   72.16584  53.2%  20.2 1955s
 634886 580440   86.42038   79  220  154.03673   72.16839  53.1%  20.2 1960s
 636457 581935  147.24400  231  204  154.03673   72.16957  53.1%  20.2 1965s
 638055 583359  119.49855   91  199  154.03673   72.17273  53.1%  20.2 1970s
 639561 584741   95.34294   76  203  154.03673   72.17844  53.1%  20.2 1975s
 641088 586208  144.38083  228  206  154.03673   72.18051  53.1%  20.2 1980s
 642882 587854   95.62049   63  199  154.03673   72.18862  53.1%  20.2 1985s
 644164 589056  103.82793  138  215  154.03673   72.19159  53.1%  20.2 1990s
 645778 590588  138.74724  213  186  154.03673   72.19608  53.1%  20.2 1995s
 647148 591806  153.91044  224  205  154.03673   72.19841  53.1%  20.2 2000s
 648698 593250  149.12280  232  200  154.03673   72.20052  53.1%  20.2 2005s
 650551 594919   83.39984   52  219  154.03673   72.20398  53.1%  20.2 2010s
 652038 596322  143.64416   92  121  154.03673   72.20451  53.1%  20.2 2015s
 653559 597723   96.38885  129  211  154.03673   72.20691  53.1%  20.2 2020s
 655202 599248   89.89048   49  214  154.03673   72.21156  53.1%  20.2 2025s
 656719 600655  120.86129  159  212  154.03673   72.21434  53.1%  20.2 2030s
 658299 602113  137.91876  157  199  154.03673   72.21795  53.1%  20.2 2035s
 659785 603465  109.42415  106  195  154.03673   72.21954  53.1%  20.2 2040s
 661568 605114  103.82886  150  208  154.03673   72.22443  53.1%  20.2 2045s
 663232 606624   81.23273   57  219  154.03673   72.22878  53.1%  20.2 2050s
 664866 608164  145.23324  197  213  154.03673   72.23073  53.1%  20.2 2055s
 666417 609575     cutoff  233       154.03673   72.23533  53.1%  20.2 2060s
H666634 609769                     154.0325366   72.23541  53.1%  20.2 2060s
H666634 609769                     154.0325119   72.23541  53.1%  20.2 2060s
H666634 609769                     154.0324977   72.23541  53.1%  20.2 2061s
H666634 609764                     154.0293259   72.23541  53.1%  20.2 2061s
H666634 609764                     154.0292560   72.23541  53.1%  20.2 2061s
 667777 610825  110.05991   93  182  154.02926   72.23623  53.1%  20.2 2065s
 669474 612400  153.88772  208  172  154.02926   72.23899  53.1%  20.2 2070s
 671072 613832   89.11908   89  216  154.02926   72.24401  53.1%  20.2 2075s
 672826 615474   87.83991   82  223  154.02926   72.24652  53.1%  20.2 2080s
 674506 617024  124.13406  191  203  154.02926   72.24821  53.1%  20.2 2085s
 676299 618685  150.64026  205  167  154.02926   72.25206  53.1%  20.1 2090s
 677933 620189  151.98755  212  194  154.02926   72.25635  53.1%  20.1 2095s
 679706 621844  113.36380  133  201  154.02926   72.26083  53.1%  20.1 2100s
 681153 623141  124.40405  127  173  154.02926   72.26425  53.1%  20.1 2105s
 682585 624469  127.45881  178  206  154.02926   72.26665  53.1%  20.1 2110s
 684146 625908  117.14245  169  213  154.02926   72.27056  53.1%  20.1 2115s
 685702 627356     cutoff  234       154.02926   72.27384  53.1%  20.1 2120s
 687441 628993  134.40904  224  205  154.02926   72.27747  53.1%  20.1 2125s
 688972 630394  106.90386   79  214  154.02926   72.28170  53.1%  20.1 2130s
 690515 631847  136.41196  181  205  154.02926   72.28332  53.1%  20.1 2135s
 692232 633364   92.85783   91  210  154.02926   72.28736  53.1%  20.1 2140s
 693620 634668  153.05279  226  201  154.02926   72.28847  53.1%  20.1 2145s
 695330 636258  133.62293  184  199  154.02926   72.29250  53.1%  20.1 2150s
 696906 637694   90.90247  101  218  154.02926   72.29677  53.1%  20.1 2155s
 698201 638905  103.90402   54  217  154.02926   72.29860  53.1%  20.1 2160s
 699892 640432   76.69666   36  220  154.02926   72.30129  53.1%  20.1 2165s
 701332 641804  145.53258  172  187  154.02926   72.30216  53.1%  20.1 2170s
 702725 643045   98.73389  105  217  154.02926   72.30783  53.1%  20.1 2175s
 704312 644508   85.92104   52  218  154.02926   72.31114  53.1%  20.1 2180s
 705879 645949  140.18105  230  193  154.02926   72.31438  53.1%  20.1 2185s
 707494 647420  118.05670  139  178  154.02926   72.31755  53.0%  20.1 2190s
 709071 648861   87.63032   53  212  154.02926   72.31915  53.0%  20.1 2195s
 710731 650407  115.83214  161  197  154.02926   72.32208  53.0%  20.1 2200s
 712410 651940  107.95994  146  213  154.02926   72.32720  53.0%  20.1 2205s
 713664 653086  129.00757  166  190  154.02926   72.32875  53.0%  20.1 2210s
 715356 654642  129.86178  160  176  154.02926   72.32980  53.0%  20.1 2215s
 716749 655935     cutoff   88       154.02926   72.33155  53.0%  20.1 2220s
 718405 657433  101.40457  126  200  154.02926   72.33385  53.0%  20.1 2225s
 719945 658879  145.00320  100  171  154.02926   72.33828  53.0%  20.1 2230s
 721480 660292  150.18201  237  191  154.02926   72.34061  53.0%  20.1 2235s
 722998 661630  137.48705  214  209  154.02926   72.34457  53.0%  20.2 2240s
 724496 663026  105.03963  134  198  154.02926   72.34617  53.0%  20.2 2245s
 726062 664414  153.90801   77  187  154.02926   72.34892  53.0%  20.2 2250s
 727516 665754  151.60055  171  173  154.02926   72.35099  53.0%  20.2 2255s
H727517 665748                     154.0276168   72.35099  53.0%  20.2 2255s
H727517 665748                     154.0275880   72.35099  53.0%  20.2 2255s
 729082 667197  109.82561  150  201  154.02759   72.35358  53.0%  20.2 2260s
 730897 668864  109.16512  102  205  154.02759   72.35847  53.0%  20.1 2265s
 732444 670317  144.64725   97  178  154.02759   72.35924  53.0%  20.2 2270s
 734114 671823   99.92742   87  188  154.02759   72.36361  53.0%  20.1 2275s
 735548 673137   74.47798   30  222  154.02759   72.36513  53.0%  20.2 2280s
 737198 674687     cutoff  231       154.02759   72.36716  53.0%  20.2 2285s
 738786 676089  152.58362   67  185  154.02759   72.37102  53.0%  20.2 2290s
 740370 677529   79.08565   28  213  154.02759   72.37243  53.0%  20.2 2295s
 741875 678928  131.17478  198  209  154.02759   72.37588  53.0%  20.2 2300s
 743506 680405   91.91754   63  203  154.02759   72.37974  53.0%  20.2 2305s
 745054 681841  135.81482  201  207  154.02759   72.38094  53.0%  20.2 2310s
 746744 683395   82.71528   37  217  154.02759   72.38381  53.0%  20.2 2315s
 748001 684542   90.97620  104  219  154.02759   72.38501  53.0%  20.2 2320s
 749623 686068  129.76248  192  189  154.02759   72.38709  53.0%  20.2 2325s
 751187 687492  124.50103  160  190  154.02759   72.39151  53.0%  20.2 2330s
 752735 688924  138.69653  207  185  154.02759   72.39248  53.0%  20.2 2335s
 754283 690298  143.25975  172  193  154.02759   72.39651  53.0%  20.2 2340s
 755732 691673   89.78114   85  212  154.02759   72.39929  53.0%  20.2 2345s
 757398 693179  151.82918  109  203  154.02759   72.40433  53.0%  20.2 2350s
 758927 694570   93.17109   95  216  154.02759   72.40837  53.0%  20.2 2355s
 760403 695938  122.95349  189  193  154.02759   72.41046  53.0%  20.2 2360s
 762048 697433  111.55290   86  210  154.02759   72.41537  53.0%  20.2 2365s
 763528 698813   97.67981   42  213  154.02759   72.41804  53.0%  20.2 2370s
 765147 700286   95.76343  121  214  154.02759   72.42073  53.0%  20.2 2375s
 766587 701632   73.64035   28  224  154.02759   72.42281  53.0%  20.2 2380s
 768138 703105  149.48761  246  198  154.02759   72.42472  53.0%  20.2 2385s
 769618 704437   98.52786  107  217  154.02759   72.42610  53.0%  20.2 2390s
 771136 705857  100.36126   79  212  154.02759   72.42999  53.0%  20.2 2395s
 773015 707568   78.17463   55  215  154.02759   72.43360  53.0%  20.2 2400s
 774558 708985   75.50351   33  220  154.02759   72.43763  53.0%  20.2 2405s
 775902 710223  153.08940  246  192  154.02759   72.43854  53.0%  20.2 2410s
 777775 711926  101.75422   73  212  154.02759   72.44177  53.0%  20.2 2415s
 779301 713340   96.60907   48  206  154.02759   72.44341  53.0%  20.2 2420s
 780866 714805  140.54774  187  194  154.02759   72.44514  53.0%  20.2 2425s
 782501 716312   91.71332  109  217  154.02759   72.44603  53.0%  20.2 2430s
 783999 717734  148.72096  228  197  154.02759   72.44984  53.0%  20.2 2435s
 785815 719396  137.90119  190  206  154.02759   72.45192  53.0%  20.1 2440s
 787319 720792  111.12431  132  196  154.02759   72.45393  53.0%  20.1 2445s
 788826 722155  131.39328  152  174  154.02759   72.45586  53.0%  20.1 2450s
 790533 723744  104.48169   70  183  154.02759   72.45819  53.0%  20.1 2455s
 792051 725170  152.07516  220  185  154.02759   72.46017  53.0%  20.1 2460s
 793605 726578  141.96588  200  191  154.02759   72.46531  53.0%  20.2 2465s
 795145 727992     cutoff  237       154.02759   72.46652  53.0%  20.2 2470s
 796700 729435   94.94556  109  218  154.02759   72.46841  53.0%  20.2 2475s
H796806 728802                     153.8617296   72.46841  52.9%  20.2 2475s
H796806 728768                     153.8563598   72.46841  52.9%  20.2 2475s
H796806 728760                     153.8543259   72.46841  52.9%  20.2 2475s
H796807 728739                     153.8483121   72.46841  52.9%  20.2 2478s
 797361 729263  145.92446  199  175  153.84831   72.46884  52.9%  20.2 2480s
H797807 729649                     153.8483111   72.46931  52.9%  20.2 2481s
H797807 729244                     153.7599289   72.46931  52.9%  20.2 2482s
 798881 730190   73.66778   34  221  153.75993   72.47123  52.9%  20.1 2485s
 800560 731751  153.65514  228  202  153.75993   72.47353  52.9%  20.1 2490s
 802177 733246  126.51922  169  193  153.75993   72.47712  52.9%  20.2 2495s
 803734 734641  127.53803   62  152  153.75993   72.48093  52.9%  20.2 2500s
 805375 736168     cutoff  177       153.75993   72.48353  52.9%  20.2 2505s
 806971 737648  140.59747  200  186  153.75993   72.48585  52.9%  20.2 2510s
 808828 739337  112.33993  146  213  153.75993   72.49129  52.9%  20.1 2515s
 810411 740788   98.35915   42  220  153.75993   72.49320  52.9%  20.1 2520s
 811769 741972  103.76009  134  208  153.75993   72.49514  52.9%  20.2 2525s
 813520 743627  143.50689  207  206  153.75993   72.49701  52.9%  20.1 2530s
 814998 745005  115.21558  168  206  153.75993   72.49802  52.8%  20.2 2535s
 816573 746458  103.45606  150  221  153.75993   72.50193  52.8%  20.1 2540s
 818090 747877  101.14969   74  210  153.75993   72.50467  52.8%  20.1 2545s
 819596 749257   78.74347   53  224  153.75993   72.50806  52.8%  20.2 2550s
 821032 750617  122.98737  146  191  153.75993   72.50901  52.8%  20.2 2555s
 822605 752042  104.33931  163  216  153.75993   72.51323  52.8%  20.2 2560s
 824106 753447  115.77399  165  213  153.75993   72.51572  52.8%  20.2 2565s
 825587 754796  109.14296  145  211  153.75993   72.51849  52.8%  20.2 2570s
 827198 756313  148.39141  298  199  153.75993   72.52104  52.8%  20.2 2575s
 828507 757524  125.71819  158  192  153.75993   72.52271  52.8%  20.2 2580s
 830139 759038   84.60088   75  215  153.75993   72.52390  52.8%  20.2 2585s
 831691 760492  153.40943  228  203  153.75993   72.52433  52.8%  20.2 2590s
 833436 762117  119.84913  150  205  153.75993   72.52791  52.8%  20.2 2595s
 834757 763360  149.39659  107  158  153.75993   72.53172  52.8%  20.2 2600s
 836528 765001   98.23813  122  205  153.75993   72.53729  52.8%  20.2 2605s
 838199 766534  107.49842  147  217  153.75993   72.54067  52.8%  20.1 2610s
 839765 767970   85.82575   79  221  153.75993   72.54208  52.8%  20.1 2615s
 841514 769591  148.60584  162  180  153.75993   72.54608  52.8%  20.1 2620s
 842928 770923  104.44013   77  182  153.75993   72.54810  52.8%  20.1 2625s
 844718 772527   91.57120   60  210  153.75993   72.54967  52.8%  20.1 2630s
 846132 773799   89.12497  104  209  153.75993   72.55286  52.8%  20.1 2635s
 847576 775161  133.00756  192  194  153.75993   72.55480  52.8%  20.2 2640s
 849429 776838  122.70584  140  186  153.75993   72.55836  52.8%  20.1 2645s
 850962 778253  118.69325  145  182  153.75993   72.56118  52.8%  20.1 2650s
 852549 779742  119.43316  182  206  153.75993   72.56351  52.8%  20.1 2655s
 854046 781057  127.29291  172  210  153.75993   72.56536  52.8%  20.1 2660s
 855583 782486   86.31011   61  219  153.75993   72.56955  52.8%  20.1 2665s
 857145 783922     cutoff  191       153.75993   72.57244  52.8%  20.1 2670s
 858623 785286   88.23121   86  220  153.75993   72.57453  52.8%  20.1 2675s
 860238 786823  146.07216  213  182  153.75993   72.57717  52.8%  20.1 2680s
 861887 788316  149.70473  222  204  153.75993   72.57982  52.8%  20.1 2685s
H862161 788401                     153.7351910   72.58149  52.8%  20.1 2686s
H862161 788318                     153.7202735   72.58149  52.8%  20.1 2686s
H862161 788318                     153.7202729   72.58149  52.8%  20.1 2686s
 863045 789174  127.97583  194  223  153.72027   72.58205  52.8%  20.2 2690s
 864760 790751     cutoff  227       153.72027   72.58476  52.8%  20.1 2695s
 866291 792146   82.68303   72  213  153.72027   72.58841  52.8%  20.1 2700s
 868151 793860  127.50953  203  203  153.72027   72.59202  52.8%  20.1 2705s
 869889 795454  110.30918  162  207  153.72027   72.59604  52.8%  20.1 2710s
 871552 796989   81.52919   36  217  153.72027   72.59736  52.8%  20.1 2715s
 873191 798460  120.03150  170  202  153.72027   72.59878  52.8%  20.1 2720s
 874655 799818  100.74546   39  211  153.72027   72.60117  52.8%  20.1 2725s
 876214 801249  147.25683  229  197  153.72027   72.60206  52.8%  20.1 2730s
 877707 802590   75.74075   28  219  153.72027   72.60800  52.8%  20.1 2735s
 879072 803867  100.68151  138  221  153.72027   72.60898  52.8%  20.2 2740s
 880900 805579   95.67656  102  199  153.72027   72.61381  52.8%  20.1 2745s
 882365 806890   91.37386   57  219  153.72027   72.61568  52.8%  20.1 2750s
 883905 808312  101.01918  128  202  153.72027   72.61707  52.8%  20.1 2755s
 885361 809636  127.48922  173  204  153.72027   72.61870  52.8%  20.1 2760s
 886950 811129  149.08093  248  202  153.72027   72.61907  52.8%  20.1 2765s
 888382 812421  152.22764  227  200  153.72027   72.62099  52.8%  20.1 2770s
 889918 813845  147.77182  216  182  153.72027   72.62348  52.8%  20.1 2775s
 891595 815348   85.57689   64  216  153.72027   72.62980  52.8%  20.1 2780s
 893099 816758  105.38301  111  197  153.72027   72.63159  52.8%  20.1 2785s
 894673 818220  125.55944  179  198  153.72027   72.63264  52.8%  20.1 2790s
 896413 819804   97.75450   61  215  153.72027   72.63769  52.7%  20.1 2795s
 897841 821110  115.53147  115  181  153.72027   72.63827  52.7%  20.1 2800s
 899556 822669   98.81801  119  213  153.72027   72.63988  52.7%  20.1 2805s
 901237 824232   93.65799  103  220  153.72027   72.64209  52.7%  20.1 2810s
 902897 825768     cutoff  234       153.72027   72.64344  52.7%  20.1 2815s
 904802 827541   90.78683   89  220  153.72027   72.64513  52.7%  20.1 2820s
 906192 828831   99.51499   42  217  153.72027   72.64626  52.7%  20.1 2825s
 907665 830156  121.18833  166  200  153.72027   72.64775  52.7%  20.1 2830s
 909144 831485  112.83515  159  213  153.72027   72.64942  52.7%  20.1 2835s
 910759 832992  118.21146  178  209  153.72027   72.65120  52.7%  20.1 2840s
 912255 834286   98.46320  117  205  153.72027   72.65454  52.7%  20.1 2845s
 913753 835666  139.14581  217  202  153.72027   72.66041  52.7%  20.1 2850s
 915169 836956  107.23666  134  202  153.72027   72.66169  52.7%  20.1 2855s
 916753 838400     cutoff  138       153.72027   72.66543  52.7%  20.1 2860s
 918000 839557  153.61572   90  174  153.72027   72.66657  52.7%  20.1 2865s
 919758 841203     cutoff  164       153.72027   72.66898  52.7%  20.1 2870s
 921241 842584  115.60714   77  206  153.72027   72.66967  52.7%  20.1 2875s
 922891 844082  105.09635  130  211  153.72027   72.67552  52.7%  20.1 2880s
 924225 845342  118.23354  154  199  153.72027   72.67687  52.7%  20.1 2885s
 925982 846981  124.15296  203  209  153.72027   72.67976  52.7%  20.1 2890s
 927661 848502  130.17232  156  202  153.72027   72.68268  52.7%  20.1 2895s
 928960 849721  153.33860  252  206  153.72027   72.68556  52.7%  20.1 2900s
 930580 851187  150.34409  106  162  153.72027   72.68846  52.7%  20.1 2905s
 932198 852681  121.24700  164  211  153.72027   72.69054  52.7%  20.1 2910s
 933859 854240  134.43425  206  188  153.72027   72.69173  52.7%  20.1 2915s
 935568 855799  142.00890  178  198  153.72027   72.69368  52.7%  20.1 2920s
 937031 857148  123.87117  144  211  153.72027   72.69517  52.7%  20.1 2925s
 938637 858604   85.73225   77  220  153.72027   72.69677  52.7%  20.1 2930s
 940022 859861  153.62040  117  158  153.72027   72.69741  52.7%  20.1 2935s
 941542 861273  116.29293  171  201  153.72027   72.69949  52.7%  20.1 2940s
 943042 862629  114.03669   80  200  153.72027   72.70056  52.7%  20.1 2945s
 944659 864148   92.54612   75  205  153.72027   72.70309  52.7%  20.1 2950s
 946320 865683  136.49597  212  197  153.72027   72.70466  52.7%  20.1 2955s
 947785 867030  136.93037  215  218  153.72027   72.70677  52.7%  20.1 2960s
 949294 868415  118.57808  168  205  153.72027   72.70819  52.7%  20.1 2965s
 950954 869973  125.49215  176  188  153.72027   72.70927  52.7%  20.1 2970s
 952513 871426  100.96041   43  217  153.72027   72.71027  52.7%  20.1 2975s
 954238 872997     cutoff  211       153.72027   72.71237  52.7%  20.1 2980s
 955913 874530   89.88647   60  221  153.72027   72.71419  52.7%  20.1 2985s
 957565 876080     cutoff  244       153.72027   72.71595  52.7%  20.1 2990s
 959205 877534   93.58021  128  210  153.72027   72.72037  52.7%  20.1 2995s
 960881 879086     cutoff  214       153.72027   72.72216  52.7%  20.1 3000s
 962548 880587  124.47596  188  211  153.72027   72.72465  52.7%  20.1 3005s
 964301 882148   95.11943   57  213  153.72027   72.72780  52.7%  20.1 3010s
 965625 883366  101.19254   86  196  153.72027   72.73070  52.7%  20.1 3015s
 967314 884945  125.95979  169  195  153.72027   72.73412  52.7%  20.1 3020s
 968861 886362  142.64182  194  202  153.72027   72.73593  52.7%  20.1 3025s
 970416 887783   82.73363   72  220  153.72027   72.73784  52.7%  20.1 3030s
 972156 889393  130.00435  192  183  153.72027   72.74047  52.7%  20.1 3035s
 973625 890764  103.22585   55  216  153.72027   72.74178  52.7%  20.1 3040s
 975239 892182  119.38371  161  213  153.72027   72.74483  52.7%  20.1 3045s
H976322 892859                     153.6624136   72.74709  52.7%  20.1 3048s
H976322 892752                     153.6402793   72.74709  52.7%  20.1 3048s
H976322 892740                     153.6378069   72.74709  52.7%  20.1 3048s
H976322 892740                     153.6378001   72.74709  52.7%  20.1 3049s
 976561 892945   82.70355   80  223  153.63780   72.74774  52.6%  20.1 3050s
 978148 894452     cutoff  248       153.63780   72.74896  52.6%  20.1 3055s
 979953 896091  153.54228  225  200  153.63780   72.75255  52.6%  20.1 3060s
 981581 897589  118.95483  155  209  153.63780   72.75695  52.6%  20.1 3065s
 983188 899048     cutoff  114       153.63780   72.75829  52.6%  20.1 3070s
 984774 900510   79.81011   47  221  153.63780   72.76095  52.6%  20.1 3075s
 986322 901966     cutoff  254       153.63780   72.76325  52.6%  20.1 3080s
 987981 903435   76.24468   40  219  153.63780   72.76677  52.6%  20.1 3085s
 989591 904903  103.35881  115  217  153.63780   72.76872  52.6%  20.1 3090s
 991033 906237  111.66108  127  207  153.63780   72.77102  52.6%  20.1 3095s
 992547 907627  131.46018  146  194  153.63780   72.77429  52.6%  20.1 3100s
 994182 909146   85.65012   69  222  153.63780   72.77584  52.6%  20.1 3105s
 995865 910691  106.96468  138  215  153.63780   72.77729  52.6%  20.1 3110s
 997514 912182  115.26229   49  194  153.63780   72.78069  52.6%  20.1 3115s
 999008 913540   76.11268   33  223  153.63780   72.78366  52.6%  20.1 3120s
 1000603 915039   89.49395  105  221  153.63780   72.78557  52.6%  20.1 3125s
 1002169 916535  153.47726  284  182  153.63780   72.78702  52.6%  20.1 3130s
 1003823 918061  130.33158  179  194  153.63780   72.78971  52.6%  20.1 3135s
 1005102 919222   80.85956   72  213  153.63780   72.79069  52.6%  20.1 3140s
 1006629 920655  150.69651  224  183  153.63780   72.79127  52.6%  20.1 3145s
 1008303 922129   75.85147   29  221  153.63780   72.79383  52.6%  20.1 3150s
 1009863 923611  130.20877  187  212  153.63780   72.79503  52.6%  20.1 3155s
 1011575 925189  106.85878  138  215  153.63780   72.79641  52.6%  20.1 3160s
 1013268 926758  150.28112  234  203  153.63780   72.79899  52.6%  20.1 3165s
 1014736 928102  153.09029  223  194  153.63780   72.79977  52.6%  20.1 3170s
 1016570 929766  122.93539   59  203  153.63780   72.80451  52.6%  20.1 3175s
 1018104 931208  129.60540  195  214  153.63780   72.80571  52.6%  20.1 3180s
 1019680 932624   99.20942  138  218  153.63780   72.80849  52.6%  20.1 3185s
 1021157 933983  147.84411  214  189  153.63780   72.80938  52.6%  20.1 3190s
 1022829 935545   84.56221   80  218  153.63780   72.81106  52.6%  20.1 3195s
 1024277 936837   77.85890   40  221  153.63780   72.81238  52.6%  20.1 3200s
 1025920 938380  131.30191  146  200  153.63780   72.81566  52.6%  20.1 3205s
 1027555 939865   86.01413   84  212  153.63780   72.81962  52.6%  20.1 3210s
 1029079 941279   88.82128   63  205  153.63780   72.82185  52.6%  20.1 3215s
 1030494 942556   75.48399   33  219  153.63780   72.82369  52.6%  20.1 3220s
 1032188 944120   81.29935   60  215  153.63780   72.82531  52.6%  20.1 3225s
 1033824 945676  125.52656  190  220  153.63780   72.82626  52.6%  20.1 3230s
 1035719 947417   95.37201  112  217  153.63780   72.82936  52.6%  20.1 3235s
 1037281 948885   91.42908  101  216  153.63780   72.83137  52.6%  20.1 3240s
 1038927 950401  141.05420  215  198  153.63780   72.83310  52.6%  20.0 3245s
 1040551 951857  127.91299   63  179  153.63780   72.83572  52.6%  20.0 3250s
 1042001 953181  148.01020  216  196  153.63780   72.83738  52.6%  20.1 3255s
 1043753 954731   83.82176   32  222  153.63780   72.84034  52.6%  20.0 3260s
 1045418 956278   91.39420   48  218  153.63780   72.84233  52.6%  20.0 3265s
 1046856 957574  103.33685  130  203  153.63780   72.84374  52.6%  20.0 3270s
 1048613 959221  126.49915  182  211  153.63780   72.84623  52.6%  20.0 3275s
 1049979 960505     cutoff  235       153.63780   72.84665  52.6%  20.0 3280s
 1051785 962161  134.01108  204  219  153.63780   72.84868  52.6%  20.0 3285s
 1053034 963272   93.90648  107  216  153.63780   72.84973  52.6%  20.1 3290s
 1054860 964934   86.67625   58  216  153.63780   72.85280  52.6%  20.0 3295s
 1056342 966340  150.25660  229  187  153.63780   72.85321  52.6%  20.0 3300s
 1058097 967983  124.55849  196  196  153.63780   72.85743  52.6%  20.0 3305s
 1059702 969434     cutoff  216       153.63780   72.86135  52.6%  20.0 3310s
 1061156 970760   77.76974   30  225  153.63780   72.86218  52.6%  20.0 3315s
 1062694 972166  110.32643  132  208  153.63780   72.86453  52.6%  20.0 3320s
 1064439 973795   78.07353   33  222  153.63780   72.86571  52.6%  20.0 3325s
 1065910 975186  127.16882  212  208  153.63780   72.86761  52.6%  20.0 3330s
 1067610 976740  153.14978   74  136  153.63780   72.86873  52.6%  20.0 3335s
 1069047 978037  145.98337  195  198  153.63780   72.86934  52.6%  20.0 3340s
 1070600 979420   84.12842   79  215  153.63780   72.87202  52.6%  20.0 3345s
 1072203 980915  152.48815  215  170  153.63780   72.87274  52.6%  20.0 3350s
 1073763 982357  121.72749  111  178  153.63780   72.87520  52.6%  20.0 3355s
 1075448 983918  137.20732  202  181  153.63780   72.87657  52.6%  20.0 3360s
 1076853 985225  141.79615  194  189  153.63780   72.87790  52.6%  20.0 3365s
 1078609 986867  125.25914  188  202  153.63780   72.88182  52.6%  20.0 3370s
 1080049 988167  122.42692  174  213  153.63780   72.88374  52.6%  20.0 3375s
 1081694 989710  147.70701  247  201  153.63780   72.88530  52.6%  20.0 3380s
H1081979 989241                     153.5224401   72.88566  52.5%  20.0 3381s
H1081979 988385                     153.3926175   72.88566  52.5%  20.0 3381s
H1081979 988255                     153.3677654   72.88566  52.5%  20.0 3381s
H1081979 988110                     153.3484146   72.88566  52.5%  20.0 3381s
 1083050 989103  106.65643  126  213  153.34841   72.88738  52.5%  20.0 3385s
 1084540 990461  135.83091  224  206  153.34841   72.88858  52.5%  20.0 3390s
 1086436 992175   93.86812   43  217  153.34841   72.88964  52.5%  20.0 3395s
 1087911 993552   95.56483  101  198  153.34841   72.89142  52.5%  20.0 3400s
 1089623 995142  100.73337   99  206  153.34841   72.89383  52.5%  20.0 3405s
 1091159 996494  134.00712  191  197  153.34841   72.89551  52.5%  20.0 3410s
 1092694 997931  101.63387   76  213  153.34841   72.89668  52.5%  20.0 3415s
 1094356 999441  111.30601  127  193  153.34841   72.89808  52.5%  20.0 3420s
 1095836 1000783   82.47271   39  218  153.34841   72.89904  52.5%  20.0 3425s
 1097189 1002052  153.13488  257  194  153.34841   72.90061  52.5%  20.1 3430s
 1099209 1003880  145.71238  228  212  153.34841   72.90207  52.5%  20.0 3435s
 1100769 1005336  127.59186  155  218  153.34841   72.90439  52.5%  20.0 3440s
 1102261 1006720  109.34099  135  207  153.34841   72.90718  52.5%  20.0 3445s
 1103834 1008127   88.04943   75  218  153.34841   72.90914  52.5%  20.0 3450s
 1105407 1009622  101.48148  107  207  153.34841   72.90992  52.5%  20.0 3455s
 1107102 1011171   90.24146   80  222  153.34841   72.91126  52.5%  20.0 3460s
 1108642 1012595  128.03235  163  175  153.34841   72.91368  52.5%  20.0 3465s
 1110208 1014035  108.40256   92  195  153.34841   72.91494  52.5%  20.0 3470s
 1111976 1015633   85.71656   93  219  153.34841   72.91684  52.5%  20.0 3475s
 1113422 1016973  138.13191  209  178  153.34841   72.91835  52.4%  20.0 3480s
 1114883 1018326   96.44387  105  210  153.34841   72.91921  52.4%  20.0 3485s
 1116450 1019769  129.62713  194  200  153.34841   72.92109  52.4%  20.0 3490s
 1117936 1021155  150.65055  223  189  153.34841   72.92252  52.4%  20.0 3495s
 1119678 1022765   88.65257  106  224  153.34841   72.92628  52.4%  20.0 3500s
 1121277 1024230   96.92058   73  212  153.34841   72.92915  52.4%  20.0 3505s
 1123111 1025912   97.24264  122  200  153.34841   72.93063  52.4%  20.0 3510s
 1124458 1027143   81.42291   74  217  153.34841   72.93190  52.4%  20.0 3515s
 1126292 1028877  129.91300  201  191  153.34841   72.93299  52.4%  20.0 3520s
 1128005 1030414  149.72174  222  197  153.34841   72.93483  52.4%  20.0 3525s
 1129501 1031832  111.96253  151  217  153.34841   72.93594  52.4%  20.0 3530s
 1131146 1033329   95.87550  127  217  153.34841   72.94012  52.4%  20.0 3535s
 1132699 1034770  145.88701   92  188  153.34841   72.94063  52.4%  20.0 3540s
 1134289 1036186  138.99212   79  208  153.34841   72.94221  52.4%  20.0 3545s
 1136018 1037767   93.26744  107  208  153.34841   72.94567  52.4%  20.0 3550s
 1137686 1039305   83.10350   83  220  153.34841   72.94667  52.4%  20.0 3555s
 1139616 1041131  153.33979  239  206  153.34841   72.94892  52.4%  20.0 3560s
 1141682 1043043  128.36558  190  203  153.34841   72.95100  52.4%  20.0 3565s
 1143489 1044690     cutoff  193       153.34841   72.95256  52.4%  20.0 3570s
 1145159 1046240  150.40970  216  198  153.34841   72.95479  52.4%  20.0 3575s
 1146820 1047721   89.86085   44  203  153.34841   72.95631  52.4%  20.0 3580s
 1148686 1049479   94.90650   42  210  153.34841   72.95893  52.4%  20.0 3585s
 1150541 1051198  107.29973  131  215  153.34841   72.96097  52.4%  20.0 3590s
 1152516 1052985   87.10967   84  221  153.34841   72.96412  52.4%  20.0 3595s

Explored 1154359 nodes (23079398 simplex iterations) in 3600.00 seconds (2147.46 work units)
Thread count was 1 (of 56 available processors)

Solution count 10: 153.348 153.368 153.393 ... 153.735

Time limit reached
Best objective 1.533484146352e+02, best bound 7.296640953523e+01, gap 52.4179%

User-callback calls 3675365, time in user-callback 2.94 sec
primal_bound = 153.3484146351951, dual_bound = 72.96640953523365, gap = 52.41789117362868, time = 3600.01
