solving instance transportation 20 1 sincos
Set parameter TokenServer to value "licences.gerad.lan"
Set parameter MIPGap to value 1e-06
Set parameter FuncPieceError to value 1e-06
Set parameter Threads to value 1
Set parameter FuncPieces to value -2
Set parameter TimeLimit to value 3600
Gurobi Optimizer version 12.0.2 build v12.0.2rc0 (linux64 - "AlmaLinux 9.6 (Sage Margay)")

CPU model: Intel(R) Xeon(R) Gold 6258R CPU @ 2.70GHz, instruction set [SSE2|AVX|AVX2|AVX512]
Thread count: 56 physical cores, 56 logical processors, using up to 1 threads

Non-default parameters:
TimeLimit  3600
MIPGap  1e-06
Threads  1
FuncPieces  -2
FuncPieceError  1e-06

Optimize a model with 1640 rows, 2800 columns and 4800 nonzeros
Model fingerprint: 0x003a2c3f
Model has 800 function constraints treated as nonlinear
  400 SIN, 400 COS
Variable types: 2400 continuous, 400 integer (400 binary)
Coefficient statistics:
  Matrix range     [4e-02, 2e+02]
  Objective range  [1e+00, 1e+00]
  Bounds range     [1e+00, 1e+10]
  RHS range        [2e+00, 2e+02]
Warning: Model contains large bounds
         Consider reformulating model or setting NumericFocus parameter
         to avoid numerical issues.
Presolve removed 800 rows and 800 columns
Presolve time: 0.01s
Presolved: 7240 rows, 2001 columns, 15200 nonzeros
Presolved model has 800 nonlinear constraint(s)

Solving non-convex MINLP

Variable types: 1601 continuous, 400 integer (400 binary)

Root relaxation: objective -7.266504e+02, 2174 iterations, 0.04 seconds (0.03 work units)

    Nodes    |    Current Node    |     Objective Bounds      |     Work
 Expl Unexpl |  Obj  Depth IntInf | Incumbent    BestBd   Gap | It/Node Time

     0     0 -726.65039    0 1124          - -726.65039      -     -    0s
H    0     0                    1987.1297658 -726.65039   137%     -    0s
H    0     0                    1984.9681053 -726.65039   137%     -    0s
H    0     0                    1984.4316003 -726.65039   137%     -    0s
H    0     0                    1984.3962318 -726.65039   137%     -    0s
H    0     0                    1984.3792433 -726.65039   137%     -    0s
H    0     0                    1984.1481698 -726.65039   137%     -    0s
H    0     0                    1981.9448613 -726.65039   137%     -    0s
H    0     0                    1981.4311744 -726.65039   137%     -    0s
H    0     0                    1980.5960857 -726.65039   137%     -    0s
H    0     0                    1980.4669464 -726.65039   137%     -    0s
H    0     0                    1980.4098582 -726.65039   137%     -    0s
     0     0 -555.13864    0  859 1980.40986 -555.13864   128%     -    0s
     0     0 -538.23053    0  749 1980.40986 -538.23053   127%     -    0s
     0     0 -531.13703    0  709 1980.40986 -531.13703   127%     -    0s
     0     0 -530.62474    0  686 1980.40986 -530.62474   127%     -    0s
     0     0 -528.73079    0  671 1980.40986 -528.73079   127%     -    0s
     0     0 -528.69182    0  663 1980.40986 -528.69182   127%     -    0s
     0     0 -528.20901    0  666 1980.40986 -528.20901   127%     -    0s
     0     0 -528.19299    0  670 1980.40986 -528.19299   127%     -    0s
     0     0 -528.08829    0  670 1980.40986 -528.08829   127%     -    0s
     0     0 -528.08551    0  667 1980.40986 -528.08551   127%     -    0s
     0     0 -528.06642    0  672 1980.40986 -528.06642   127%     -    0s
     0     0 -528.06534    0  672 1980.40986 -528.06534   127%     -    0s
H    0     0                    1899.0477269 -528.06534   128%     -    1s
H    0     0                    1893.8707330 -528.06534   128%     -    1s
H    0     0                    1885.8755662 -528.06534   128%     -    1s
H    0     0                    1880.2192037 -528.06534   128%     -    1s
     0     2 -528.06286    0  672 1880.21920 -528.06286   128%     -    1s
H   26    26                    1548.6097588 -528.06286   134%  30.0    2s
H   26    26                    1548.6097494 -528.06286   134%  30.0    3s
H   26    26                    1541.6925259 -528.06286   134%  30.0    3s
    31    33 -527.98612   23  638 1541.69253 -528.06286   134%  57.8    7s
   194   196 -412.57230  152  607 1541.69253 -528.06286   134%  87.5   10s
   616   618  -19.65039  433  468 1541.69253 -528.06286   134%  98.0   15s
H  897   897                    1535.1763539 -528.06286   134%  83.3   16s
H  897   897                    1534.7297990 -528.06286   134%  83.3   16s
H  897   897                    1531.4452956 -528.06286   134%  83.3   16s
H  897   897                    1508.7359032 -528.06286   135%  83.3   16s
H  897   897                    1508.4907358 -528.06286   135%  83.3   16s
H  897   897                    1505.8035545 -528.06286   135%  83.3   17s
H  897   897                    1487.3101174 -528.06286   136%  83.3   17s
H  897   897                    1487.0649499 -528.06286   136%  83.3   17s
H  897   897                    1487.0649494 -528.06286   136%  83.3   17s
H  897   897                    1450.2985930 -528.06286   136%  83.3   17s
H  997   997                    1403.2065165 -528.06286   138%  79.0   18s
H  997   997                    1390.5191027 -528.06286   138%  79.0   18s
  1263  1265  540.75026  792  254 1390.51910 -528.06286   138%  72.6   20s
H 1851  1847                    1368.4386718 -528.06286   139%  63.1   23s
H 1851  1847                    1367.7469494 -528.06286   139%  63.1   23s
H 1851  1847                    1367.7469486 -528.06286   139%  63.1   24s
H 1851  1847                    1343.2389630 -528.06286   139%  63.1   24s
  1956  1952  987.56589 1148  151 1343.23896 -528.06286   139%  62.1   25s
H 1994  1988                    1341.4999497 -528.06286   139%  61.8   25s
H 1994  1988                    1318.3754088 -528.06286   140%  61.8   25s
H 2365  2351                    1316.1312032 -528.06286   140%  56.5   27s
H 2365  2351                    1315.8685238 -528.06286   140%  56.5   27s
H 2391  2377                    1315.5263386 -528.06286   140%  56.3   27s
H 2391  2377                    1315.4624577 -528.06286   140%  56.3   27s
H 2391  2377                    1315.3485422 -528.06286   140%  56.3   27s
H 2391  2377                    1315.3485128 -528.06286   140%  56.3   27s
  2551  2536  171.88446  573   16 1315.34851 -528.06286   140%  54.3   30s
  2561  2543 1015.82305 1173   25 1315.34851 -528.06286   140%  54.1   36s
  2563  2546 -523.58046   12  679 1315.34851 -523.58475   140%  55.4   42s
  2616  2581 -419.74290   38  696 1315.34851 -517.45102   139%  62.8   45s
  2756  2675 -217.74227  108  652 1315.34851 -517.45102   139%  68.6   50s
  2979  2823   11.77099  220  552 1315.34851 -517.45102   139%  74.4   55s
H 3033  2729                    1294.6952978 -517.45102   140%  77.6   58s
H 3059  2626                    1294.6952871 -517.45102   140%  77.8   59s
  3085  2645   92.88768  273  514 1294.69529 -517.45102   140%  80.7   62s
H 3280  2658                    1207.2360177 -517.45102   143%  83.9   65s
H 3280  2549                    1187.0558828 -517.45102   144%  83.9   65s
H 3280  2445                    1186.5655480 -517.45102   144%  83.9   65s
H 3280  2347                    1183.6916428 -517.45102   144%  83.9   65s
H 3280  2253                    1183.1225042 -517.45102   144%  83.9   65s
H 3280  2164                    1181.1261410 -517.45102   144%  83.9   66s
H 3307  2098                    1172.1434917 -517.45102   144%  84.0   66s
H 3307  2017                    1166.5291171 -517.45102   144%  84.0   66s
H 3307  1941                    1154.0448054 -517.45102   145%  84.0   66s
H 3307  1869                    1153.7208342 -517.45102   145%  84.0   66s
H 3307  1800                    1152.3636574 -517.45102   145%  84.0   67s
  3567  1975  277.21342  514  326 1152.36366 -517.45102   145%  82.5   70s
H 4224  2340                    1147.0614176 -517.45102   145%  76.1   74s
H 4224  2278                    1146.9950282 -517.45102   145%  76.1   74s
H 4224  2219                    1146.9950279 -517.45102   145%  76.1   74s
H 4224  2162                    1145.6260986 -517.45102   145%  76.1   74s
H 4224  2109                    1014.6310893 -517.45102   151%  76.1   74s
H 4224  2059                    1014.1929636 -517.45102   151%  76.1   75s
H 4224  2011                    1013.3961695 -517.45102   151%  76.1   75s
H 4224  1965                    1002.4469051 -517.45102   152%  76.1   75s
H 4224  1922                     962.4137935 -517.45102   154%  76.1   75s
H 4224  1880                     938.4253142 -517.45102   155%  76.1   75s
H 4224  1841                     936.4919858 -517.45102   155%  76.1   75s
H 4224  1804                     936.2730863 -517.45102   155%  76.1   75s
H 4224  1769                     933.0864445 -517.45102   155%  76.1   75s
H 4224  1735                     932.6924255 -517.45102   155%  76.1   75s
H 4224  1703                     930.7374439 -517.45102   156%  76.1   75s
H 4224  1673                     919.8712738 -517.45102   156%  76.1   76s
  4876  2306  752.60812 1168   97  919.87127 -517.45102   156%  70.4   80s
* 5389  2699            1424     818.7851859 -517.45102   163%  67.5   84s
H 5396  2672                     818.7849166 -517.45102   163%  67.4   84s
H 5396  2393                     806.2901343 -517.45102   164%  67.4   84s
  5420  2403 -472.07474   23  674  806.29013 -517.45102   164%  68.2   85s
  5865  2848    2.85590  246  536  806.29013 -517.45102   164%  76.4   90s
  6371  3354  302.86475  499  372  806.29013 -517.45102   164%  78.2   95s
  6582  3565  553.47468  604  310  806.29013 -517.45102   164%  78.4  100s
  6829  3774 -479.52174   23  688  806.29013 -516.79880   164%  82.1  105s
H 6986  3891                     784.9834946 -516.79880   166%  85.9  107s
H 6986  3891                     784.9834944 -516.79880   166%  85.9  107s
H 6986  3891                     783.8582132 -516.79880   166%  85.9  107s
H 6986  3891                     783.2421629 -516.79880   166%  85.9  107s
H 6986  3891                     783.2209523 -516.79880   166%  85.9  108s
H 6986  3891                     783.2094390 -516.79880   166%  85.9  108s
H 6986  3891                     783.2051285 -516.79880   166%  85.9  108s
H 6986  3891                     783.1438367 -516.79880   166%  85.9  108s
H 6986  3889                     783.0409012 -516.79880   166%  85.9  108s
H 6986  3889                     783.0405882 -516.79880   166%  85.9  108s
H 6986  3889                     783.0402395 -516.79880   166%  85.9  108s
H 6986  3889                     783.0400848 -516.79880   166%  85.9  108s
H 6986  3889                     783.0400694 -516.79880   166%  85.9  108s
H 6986  3889                     783.0400607 -516.79880   166%  85.9  108s
H 6986  3889                     783.0400576 -516.79880   166%  85.9  108s
  7046  3951 -117.07114  132  636  783.04006 -516.79880   166%  86.5  110s
  7620  4525  495.74047  419  414  783.04006 -516.79880   166%  88.1  115s
H 7656  4549                     779.7466734 -516.79880   166%  87.9  115s
H 7657  4550                     779.7466733 -516.79880   166%  87.9  116s
H 7657  4538                     775.3027125 -516.79880   167%  87.9  116s
H 7657  4536                     775.1216501 -516.79880   167%  87.9  117s
H 7657  4524                     773.3966983 -516.79880   167%  87.9  117s
H 7657  4524                     773.0026792 -516.79880   167%  87.9  117s
H 7657  4524                     773.0026790 -516.79880   167%  87.9  117s
  8031  4900  723.87673  624  220  773.00268 -516.79880   167%  85.9  120s
H 8336  5138                     760.8983977 -516.79880   168%  90.2  124s
H 8336  5137                     760.6357184 -516.79880   168%  90.2  124s
  8355  5158 -129.89427  126  656  760.63572 -516.79880   168%  90.6  125s
  8725  5528  314.57989  311  557  760.63572 -516.79880   168%  92.1  130s
H 8879  5672                     758.2134015 -516.79880   168%  91.4  131s
H 8879  5672                     758.2134013 -516.79880   168%  91.4  131s
  9320  6113  734.72309  608  276  758.21340 -516.79880   168%  89.7  135s
H 9447  6154                     748.8630554 -516.79880   169%  89.9  136s
H 9447  6154                     748.8630473 -516.79880   169%  89.9  136s
H 9447  6154                     748.8624114 -516.79880   169%  89.9  136s
  9608  6309 -200.86103   93  694  748.86241 -516.27621   169%  94.1  140s
H 9971  6668                     748.7677014 -516.27621   169%  97.0  144s
H 9997  6694                     748.7618275 -516.27621   169%  97.1  144s
H 9997  6655                     743.2802146 -516.27621   169%  97.1  144s
H 9997  6647                     742.5797362 -516.27621   170%  97.1  144s
H 9997  6638                     741.1769669 -516.27621   170%  97.1  144s
H 9997  6634                     740.5115125 -516.27621   170%  97.1  144s
H 9997  6623                     739.2282465 -516.27621   170%  97.1  144s
H 9997  6532                     729.5181401 -516.27621   171%  97.1  144s
H 9997  6530                     728.6505991 -516.27621   171%  97.1  144s
H 9997  6530                     728.6377839 -516.27621   171%  97.1  144s
H 9997  6425                     721.5804981 -516.27621   172%  97.1  144s
H 9997  6421                     721.3090627 -516.27621   172%  97.1  144s
H 9997  6411                     720.6873882 -516.27621   172%  97.1  145s
 10483  6893  703.96129  530  301  720.68739 -516.27621   172%  95.3  150s
H10608  7012                     720.6873869 -516.27621   172%  95.2  151s
 10618  7016  714.64585  595  213  720.68739 -516.27621   172%  95.2  155s
 10967  7341   13.78145  178  661  720.68739 -516.27621   172%   101  160s
H11185  7542                     719.3588454 -516.27621   172%   101  163s
H11185  7542                     719.3588450 -516.27621   172%   101  163s
H11185  7542                     719.3248419 -516.27621   172%   101  164s
H11185  7542                     719.3248415 -516.27621   172%   101  164s
H11185  7542                     719.3248413 -516.27621   172%   101  164s
H11185  7542                     719.0358940 -516.27621   172%   101  164s
 11238  7597  297.40959  313  555  719.03589 -516.27621   172%   101  165s
 11733  8074 -301.21106   66  685  719.03589 -512.52515   171%   103  170s
 12147  8488  208.07113  273  557  719.03589 -512.52515   171%   106  175s
H12185  8524                     719.0358921 -512.52515   171%   106  175s
H12185  8524                     719.0358916 -512.52515   171%   106  175s
H12185  8520                     717.7188450 -512.52515   171%   106  176s
 12443  8780  554.39134  421  461  717.71884 -512.52515   171%   108  180s
 12724  9059  692.24398  562  316  717.71884 -512.52515   171%   111  185s
 12964  9243 -255.31746   86  669  717.71884 -512.52515   171%   114  190s
 13334  9613  210.16993  271  553  717.71884 -512.52515   171%   116  195s
 13886 10163  664.09877  547  273  717.71884 -512.52515   171%   115  200s
 14490 10765  710.15363  849  100  717.71884 -512.52515   171%   114  205s
 14725 10922 -403.09458   41  670  717.71884 -510.83823   171%   116  210s
 15102 11299 -163.90853  119  649  717.71884 -510.83823   171%   120  215s
 15601 11798   40.67967  195  636  717.71884 -510.83823   171%   122  220s
 16032 12229  139.90804  234  594  717.71884 -510.83823   171%   123  225s
 16290 12487  227.06685  277  548  717.71884 -510.83823   171%   125  230s
 16678 12875  331.75127  333  503  717.71884 -510.83823   171%   127  235s
 17112 13309  404.35187  363  477  717.71884 -510.83823   171%   128  240s
 17563 13760  525.54659  419  432  717.71884 -510.83823   171%   128  245s
 18018 14215  616.58984  466  355  717.71884 -510.83823   171%   128  250s
 18640 14837  707.59643  528  326  717.71884 -510.83823   171%   127  255s
 18911 15048 -367.03262   51  674  717.71884 -510.83823   171%   129  260s
 19306 15443 -154.04849  122  661  717.71884 -510.83823   171%   131  265s
 19744 15881   14.19359  182  611  717.71884 -510.83823   171%   133  270s
 20148 16285  155.01150  235  558  717.71884 -510.83823   171%   134  279s
 20221 16358  180.83257  242  550  717.71884 -510.83823   171%   134  280s
 20528 16665  268.93804  293  505  717.71884 -510.83823   171%   136  285s
 20818 16955  338.06582  327  473  717.71884 -510.83823   171%   138  290s
 21042 17179  382.83528  345  470  717.71884 -510.83823   171%   139  295s
 21356 17493  454.59268  381  432  717.71884 -510.83823   171%   141  300s
 21791 17928  542.11196  426  397  717.71884 -510.83823   171%   141  305s
 22128 18265  600.77663  460  399  717.71884 -510.83823   171%   141  310s
 22599 18734  707.00899  509  342  717.71884 -510.83823   171%   140  315s
 22928 19017 -267.07665   73  659  717.71884 -510.51593   171%   142  320s
 23417 19506  -60.79593  151  652  717.71884 -510.51593   171%   143  325s
 23956 20045   98.77852  204  600  717.71884 -510.51593   171%   143  330s
 24511 20600  283.59320  291  530  717.71884 -510.51593   171%   143  335s
 24925 21014  377.73277  337  518  717.71884 -510.51593   171%   142  340s
H24927 20982                     716.0644467 -510.51593   171%   142  340s
 25114 21171  396.26378  351  465  716.06445 -510.51593   171%   141  345s
 25322 21379  418.73366  360  479  716.06445 -510.51593   171%   141  350s
 25927 21984  484.71218  473  356  716.06445 -510.51593   171%   139  355s
 26469 22526  609.24747  530  280  716.06445 -510.51593   171%   138  360s
 26919 22976  700.54454  568  282  716.06445 -510.51593   171%   137  365s
 27199 23206 -321.09920   63  688  716.06445 -510.51593   171%   138  370s
 27673 23680  -70.40443  145  645  716.06445 -510.51593   171%   139  375s
 28200 24207  118.29277  208  598  716.06445 -510.51593   171%   139  380s
 28790 24797  293.55296  305  514  716.06445 -510.51593   171%   139  385s
 29449 25456  413.13863  366  417  716.06445 -510.51593   171%   137  390s
 30108 26115  543.96714  434  361  716.06445 -510.51593   171%   136  395s
 30290 26297  587.19220  453  364  716.06445 -510.51593   171%   135  400s
 30910 26917  690.46900  514  328  716.06445 -510.51593   171%   134  405s
 31237 27212 -283.98718   69  668  716.06445 -509.25071   171%   135  410s
 31675 27650  -64.05785  150  641  716.06445 -509.25071   171%   136  415s
 32153 28128  102.30729  217  575  716.06445 -509.25071   171%   137  420s
 32556 28531  238.92434  286  467  716.06445 -509.25071   171%   137  425s
 32901 28876  330.00255  328  483  716.06445 -509.25071   171%   138  430s
 33138 29113  374.12860  349  471  716.06445 -509.25071   171%   138  435s
 33596 29571  456.74438  391  432  716.06445 -509.25071   171%   138  440s
 34220 30195  606.25036  457  366  716.06445 -509.25071   171%   137  445s
 34768 30743  687.39479  512  351  716.06445 -509.25071   171%   136  450s
 35201 31136 -487.42578   19  685  716.06445 -509.25071   171%   135  455s
H35361 31216                     713.1449884 -509.25071   171%   137  461s
H35361 31216                     713.1449849 -509.25071   171%   137  462s
H35361 31216                     713.1449847 -509.25071   171%   137  464s
 35433 31290 -285.05011   68  668  713.14498 -509.25071   171%   137  465s
H35582 31437                     713.1449846 -509.25071   171%   138  467s
 35591 31448 -198.12663   95  646  713.14498 -509.25071   171%   138  470s
 35968 31825   -9.13168  162  618  713.14498 -509.25071   171%   139  475s
 36333 32190  119.02462  212  568  713.14498 -509.25071   171%   139  480s
 36985 32840  316.30479  321  439  713.14498 -509.25071   171%   138  485s
 37601 33456  434.82749  383  434  713.14498 -509.25071   171%   137  490s
 38083 33938  523.34086  428  402  713.14498 -509.25071   171%   137  495s
 38562 34417  645.01296  478  339  713.14498 -509.25071   171%   138  500s
 39006 34861  695.20565  522  316  713.14498 -509.25071   171%   137  505s
 39274 35089 -394.56682   41  684  713.14498 -508.41762   171%   138  510s
 39683 35498 -153.09783  125  643  713.14498 -508.41762   171%   139  515s
 40179 35994   47.47859  194  611  713.14498 -508.41762   171%   140  520s
 40590 36405  175.99962  263  545  713.14498 -508.41762   171%   140  525s
 41032 36847  316.09420  335  470  713.14498 -508.41762   171%   140  530s
 41222 37037  345.93481  349  459  713.14498 -508.41762   171%   141  537s
 41476 37291  388.96716  368  453  713.14498 -508.41762   171%   141  540s
 42006 37821  506.29808  430  378  713.14498 -508.41762   171%   140  545s
 42375 38190  601.77913  467  362  713.14498 -508.41762   171%   141  550s
 42879 38694  683.99755  517  359  713.14498 -508.41762   171%   140  555s
H43154 38947                     712.8749405 -508.41762   171%   140  558s
 43215 38918     cutoff  548       712.87494 -508.41762   171%   140  560s
 43372 39073 -348.46184   54  675  712.87494 -508.41762   171%   141  565s
 43823 39524  -89.91324  143  639  712.87494 -508.41762   171%   142  570s
 44147 39848   31.00087  181  637  712.87494 -508.41762   171%   142  575s
 44515 40216  144.55841  226  594  712.87494 -508.41762   171%   142  580s
 45143 40844  333.06843  326  460  712.87494 -508.41762   171%   141  585s
 45752 41453  434.07858  378  426  712.87494 -508.41762   171%   141  590s
 46293 41994  550.41536  429  384  712.87494 -508.41762   171%   140  597s
 46677 42378  626.90765  460  341  712.87494 -508.41762   171%   139  600s
 47171 42848  707.54031  504  338  712.87494 -508.41762   171%   138  605s
 47448 43083  517.83518  254  536  712.87494 -507.20657   171%   139  610s
 47759 43376  623.58169  257  562  712.87494 -507.20657   171%   140  615s
 47963 43536 -224.32522   90  666  712.87494 -504.87447   171%   141  620s
 48250 43823  165.67102  233  585  712.87494 -504.87447   171%   141  625s
 48552 44125  493.22189  384  480  712.87494 -504.87447   171%   142  630s
 48984 44551  700.72699  600  247  712.87494 -504.87447   171%   142  635s
 49267 44782  312.11276  179  561  712.87494 -504.87447   171%   142  640s
H49431 44890                     712.1693982 -503.90234   171%   143  643s
H49431 44880                     711.8145169 -503.90234   171%   143  643s
H49431 44880                     711.8145168 -503.90234   171%   143  644s
 49473 44924 -133.13981   73  677  711.81452 -503.90234   171%   143  645s
 49786 45217 -403.59836   37  679  711.81452 -503.90234   171%   144  650s
 50021 45452 -235.57626   90  675  711.81452 -503.90234   171%   145  656s
 50186 45617 -150.65368  122  658  711.81452 -503.90234   171%   145  660s
 50524 45955    1.51258  178  594  711.81452 -503.90234   171%   146  665s
 50920 46351  132.30831  233  559  711.81452 -503.90234   171%   147  670s
 51118 46549  203.29839  275  498  711.81452 -503.90234   171%   147  675s
H51364 46793                     711.8145119 -503.90234   171%   148  679s
H51364 46789                     711.7208933 -503.90234   171%   148  679s
H51364 46789                     711.7208805 -503.90234   171%   148  680s
 51412 46839  290.31326  317  466  711.72088 -503.90234   171%   148  685s
 51879 47306  376.72192  357  460  711.72088 -503.90234   171%   147  690s
 52384 47811  485.73134  415  375  711.72088 -503.90234   171%   147  695s
 52960 48387  592.33947  461  378  711.72088 -503.90234   171%   146  700s
 53377 48794  654.83070  515  346  711.72088 -503.90234   171%   146  705s
 54079 49494  689.33266  681  174  711.72088 -503.90234   171%   145  710s
 54725 50118  698.34232  764  148  711.72088 -503.90234   171%   144  715s
 55295 50686  707.93488  853  141  711.72088 -503.90234   171%   143  720s
 55887 51278  705.31300  924  103  711.72088 -503.90234   171%   142  725s
H56435 51808                     711.5878366 -503.90234   171%   141  729s
H56435 51808                     711.5878328 -503.90234   171%   141  730s
 56528 51893  709.63825 1045   75  711.58783 -503.90234   171%   140  735s
 56842 52169     cutoff  309       711.58783 -503.83772   171%   141  740s
H56873 52162                     711.5147805 -502.79401   171%   141  741s
H56873 52126                     710.9018620 -502.79401   171%   141  741s
H57050 52023                     709.2142006 -502.79401   171%   141  744s
H57050 52002                     709.0923834 -502.79401   171%   141  745s
 57279 52209  336.25203  164  576  709.09238 -502.79401   171%   142  750s
 57603 52513  164.96435  106  607  709.09238 -502.73567   171%   143  755s
 57913 52777 -499.98792   18  702  709.09238 -502.73567   171%   143  760s
 58072 52936  300.76390  177  657  709.09238 -502.73567   171%   144  765s
 58242 53086 -239.58721   56  693  709.09238 -502.19318   171%   144  770s
 58493 53319     cutoff  294       709.09238 -502.19318   171%   145  775s
H58506 52827                     707.1146409 -502.19318   171%   145  775s
H58506 52820                     707.0743932 -502.19318   171%   145  775s
H58506 52806                     707.0420904 -502.19318   171%   145  775s
H58506 52806                     707.0396930 -502.19318   171%   145  775s
H58506 52806                     707.0385737 -502.19318   171%   145  775s
H58506 52803                     707.0301842 -502.19318   171%   145  775s
H58506 52803                     707.0275708 -502.19318   171%   145  775s
H58506 52802                     707.0223078 -502.19318   171%   145  775s
 58776 53062     cutoff  289       707.02231 -502.19318   171%   145  780s
 59103 53333     cutoff  292       707.02231 -501.91238   171%   146  785s
H59365 53065                     705.7695847 -501.58241   171%   146  788s
H59365 52826                     705.4394742 -501.58241   171%   146  788s
H59365 52601                     705.0279432 -501.58241   171%   146  788s
H59404 52479                     704.7875601 -501.58241   171%   146  789s
H59404 52076                     703.7388200 -501.58241   171%   146  789s
H59404 52076                     703.7328734 -501.58241   171%   146  790s
H59404 52076                     703.7292682 -501.58241   171%   146  790s
H59404 52021                     703.3571118 -501.58241   171%   146  790s
 59677 52280 -472.99212   23  695  703.35711 -501.54544   171%   147  795s
 60004 52607 -221.21898   95  670  703.35711 -501.54544   171%   148  800s
H60187 52764                     703.1660365 -501.54544   171%   148  803s
H60187 52764                     703.1660300 -501.54544   171%   148  803s
H60187 52764                     703.1660207 -501.54544   171%   148  803s
H60187 52723                     702.8518769 -501.54544   171%   148  803s
H60187 52509                     701.8974751 -501.54544   171%   148  803s
H60187 52429                     701.5556754 -501.54544   171%   148  803s
 60280 52524  -80.56971  149  604  701.55568 -501.54544   171%   148  805s
 60647 52891   65.54684  206  528  701.55568 -501.54544   171%   149  810s
 60995 53239  148.44048  245  535  701.55568 -501.54544   171%   149  815s
H61003 52701                     699.1330237 -501.54544   172%   149  815s
H61003 52317                     697.2904537 -501.54544   172%   149  815s
H61003 52248                     697.0277744 -501.54544   172%   149  815s
 61246 52493  239.29337  297  468  697.02777 -501.54544   172%   149  820s
 61506 52753  314.69577  331  460  697.02777 -501.54544   172%   149  827s
 61768 53015  359.66939  347  445  697.02777 -501.54544   172%   149  830s
H61868 53113                     697.0277711 -501.54544   172%   149  830s
 62005 53252  394.26558  374  428  697.02777 -501.54544   172%   149  835s
 62527 53774  509.55621  426  389  697.02777 -501.54544   172%   149  840s
H62868 54113                     697.0277708 -501.54544   172%   149  844s
 62868 54115  564.33153  447  380  697.02777 -501.54544   172%   149  845s
 63483 54730  672.40567  511  326  697.02777 -501.54544   172%   148  850s
 63772 54981  -24.48933  108  671  697.02777 -501.54544   172%   148  855s
 64069 55266  271.92334  151  638  697.02777 -501.49289   172%   149  860s
 64408 55581  420.81436  221  624  697.02777 -500.70070   172%   150  865s
 64705 55864  620.69588  252  536  697.02777 -500.70070   172%   150  870s
 64937 56074 -142.69122  113  673  697.02777 -500.38390   172%   151  875s
 65153 56290  114.21851  221  544  697.02777 -500.38390   172%   151  880s
 65633 56770  620.33069  461  358  697.02777 -500.38390   172%   151  885s
 66162 57291  687.29964  725  143  697.02777 -500.38390   172%   150  890s
 66577 57694  694.98292  933   88  697.02777 -500.38390   172%   150  897s
 66695 57766 -390.72232   28  677  697.02777 -500.38390   172%   150  900s
 66986 58057  379.28547  132  567  697.02777 -500.38390   172%   151  905s
 67326 58379  344.17038  198  626  697.02777 -499.98792   172%   151  910s
 67559 58600  127.81473  141  648  697.02777 -499.59221   172%   152  915s
 67763 58772 -425.25480   29  694  697.02777 -499.59221   172%   153  920s
 68046 59047  681.14513  305  561  697.02777 -499.59221   172%   153  925s
H68188 58156                     692.3910855 -499.57080   172%   154  929s
H68188 58156                     692.3910851 -499.57080   172%   154  929s
H68188 57538                     689.0562887 -499.57080   173%   154  929s
H68188 57420                     688.4083462 -499.57080   173%   154  929s
 68191 57425  168.33479  146  608  688.40835 -499.57080   173%   154  930s
 68369 57581     cutoff  306       688.40835 -499.57080   173%   155  935s
H68518 57623                     687.8274084 -499.57080   173%   155  938s
H68570 57518                     687.0998927 -499.57080   173%   155  939s
H68570 57251                     685.6901801 -499.57080   173%   155  939s
H68570 57074                     685.1915407 -499.57080   173%   155  939s
 68581 57087 -297.04333   67  649  685.19154 -499.57080   173%   155  940s
 68890 57396 -131.70822  127  626  685.19154 -499.57080   173%   156  945s
 69138 57644  -28.39755  174  566  685.19154 -499.57080   173%   156  950s
 69318 57824   50.90373  200  561  685.19154 -499.57080   173%   157  955s
 69524 58030  117.35604  225  549  685.19154 -499.57080   173%   157  960s
 69761 58267  179.48604  257  540  685.19154 -499.57080   173%   158  965s
 70019 58525  245.78964  290  512  685.19154 -499.57080   173%   159  970s
 70342 58848  353.24144  330  485  685.19154 -499.57080   173%   159  975s
 70629 59135  391.15886  357  463  685.19154 -499.57080   173%   159  980s
 70950 59456  456.80336  383  412  685.19154 -499.57080   173%   159  985s
 71143 59645  495.25660  408  421  685.19154 -499.57080   173%   159  990s
 71581 60083  572.51864  448  400  685.19154 -499.57080   173%   159  995s
 71652 60154  591.00272  453  388  685.19154 -499.57080   173%   159 1000s
 72082 60584  670.13497  499  335  685.19154 -499.57080   173%   159 1005s
 72397 60839     cutoff  224       685.19154 -499.46096   173%   159 1010s
 72692 61134  641.61838  311  519  685.19154 -499.41249   173%   160 1015s
 72941 61359  520.41981  235  636  685.19154 -499.06095   173%   160 1020s
 73165 61569  359.62003  188  633  685.19154 -498.96387   173%   161 1025s
 73424 61796  155.35513  149  632  685.19154 -498.96387   173%   161 1030s
 73722 62062  102.32912  136  682  685.19154 -498.31803   173%   161 1035s
 74031 62353  225.85042  169  650  685.19154 -498.17275   173%   162 1040s
 74276 62578 -261.44251   49  661  685.19154 -497.97725   173%   162 1045s
 74578 62878  371.67927  154  541  685.19154 -497.97725   173%   163 1050s
 74829 63105  684.07354  208  467  685.19154 -497.97725   173%   163 1055s
H74936 63142                     684.8569885 -497.91000   173%   164 1057s
H75007 63185                     684.6638629 -497.91000   173%   164 1058s
H75007 63146                     684.2030002 -497.91000   173%   164 1058s
H75007 63146                     684.2029991 -497.91000   173%   164 1058s
H75007 63059                     683.6004879 -497.91000   173%   164 1058s
H75048 63058                     683.3947559 -497.91000   173%   164 1059s
H75048 63033                     683.2039798 -497.91000   173%   164 1059s
H75048 63033                     683.2039796 -497.91000   173%   164 1059s
H75048 63033                     683.2037583 -497.91000   173%   164 1059s
H75048 63033                     683.2035457 -497.91000   173%   164 1059s
H75048 63033                     683.2035309 -497.91000   173%   164 1059s
H75048 63033                     683.2035208 -497.91000   173%   164 1059s
 75078 63065  553.44355  249  544  683.20352 -497.91000   173%   164 1060s
H75150 63057                     683.0785263 -497.91000   173%   164 1063s
H75151 63058                     683.0784237 -497.91000   173%   164 1063s
H75151 63058                     683.0784209 -497.91000   173%   164 1063s
H75177 63029                     682.9892776 -497.91000   173%   164 1064s
 75199 63053 -180.88593   70  701  682.98928 -497.91000   173%   164 1065s
H75229 63000                     682.6984037 -497.91000   173%   165 1065s
H75229 62984                     682.6424876 -497.91000   173%   165 1065s
H75229 62965                     682.4729005 -497.91000   173%   165 1065s
H75229 62965                     682.4727986 -497.91000   173%   165 1065s
H75229 62965                     682.4727978 -497.91000   173%   165 1065s
H75229 62794                     681.1856689 -497.91000   173%   165 1065s
 75345 62912  440.57223  216  617  681.18567 -497.91000   173%   165 1070s
 75567 63102 -339.80149   54  672  681.18567 -497.86130   173%   165 1075s
 75841 63376 -181.74978  109  656  681.18567 -497.86130   173%   166 1080s
 76152 63687  -35.57838  161  630  681.18567 -497.86130   173%   166 1085s
 76554 64089  120.50769  218  570  681.18567 -497.86130   173%   166 1090s
 76719 64254  162.02342  238  533  681.18567 -497.86130   173%   166 1097s
 77045 64580  258.81971  284  508  681.18567 -497.86130   173%   166 1100s
 77679 65214  422.56183  370  417  681.18567 -497.86130   173%   165 1105s
 78283 65818  542.78131  425  385  681.18567 -497.86130   173%   164 1110s
 78896 66431  658.99047  478  381  681.18567 -497.86130   173%   164 1115s
 79009 66528  668.79442  484  371  681.18567 -497.86130   173%   164 1120s
 79150 66623  -75.19007   94  665  681.18567 -497.86130   173%   164 1125s
 79261 66734  363.41066  205  586  681.18567 -497.86130   173%   165 1130s
 79525 66978 -179.35352   93  673  681.18567 -497.43416   173%   165 1135s
 79836 67289  154.72592  248  540  681.18567 -497.43416   173%   166 1140s
 80317 67770  631.76457  489  387  681.18567 -497.43416   173%   166 1145s
 80894 68335  673.04708  777  124  681.18567 -497.43416   173%   165 1150s
 81268 68671  680.22523  958  107  681.18567 -497.43416   173%   164 1155s
 81499 68856  270.18239  155  608  681.18567 -497.39324   173%   164 1160s
 81671 69006 -230.11417   60  693  681.18567 -497.39324   173%   165 1165s
 81790 69125  290.25614  179  643  681.18567 -497.39324   173%   165 1172s
 81934 69249     cutoff  307       681.18567 -497.39324   173%   165 1175s
 82164 69471  543.64194  242  593  681.18567 -497.21520   173%   166 1181s
H82194 69479                     681.0840410 -497.21520   173%   166 1182s
H82194 69479                     681.0840390 -497.21520   173%   166 1182s
 82279 69540 -182.83735   70  693  681.08404 -497.17583   173%   166 1185s
 82443 69704  512.54595  234  591  681.08404 -497.17583   173%   166 1190s
 82680 69919  338.02346  191  620  681.08404 -497.17583   173%   167 1195s
 82958 70157  214.23660  154  648  681.08404 -496.91874   173%   167 1200s
 83187 70332 -260.46195   61  704  681.08404 -496.87884   173%   168 1205s
 83468 70591 -355.36880   29  688  681.08404 -496.87884   173%   168 1210s
 83751 70872  395.24953  138  544  681.08404 -496.87884   173%   169 1215s
 84102 71205 -333.05304   57  668  681.08404 -496.60224   173%   169 1220s
 84364 71467 -176.44283  107  686  681.08404 -496.60224   173%   170 1225s
 84605 71708  -82.16925  152  615  681.08404 -496.60224   173%   170 1230s
 84901 72004   50.00986  202  545  681.08404 -496.60224   173%   171 1235s
 85170 72273  123.82696  233  555  681.08404 -496.60224   173%   171 1240s
 85456 72559  209.54253  271  547  681.08404 -496.60224   173%   171 1245s
 85729 72832  309.76082  318  536  681.08404 -496.60224   173%   171 1250s
 86130 73233  378.07227  349  516  681.08404 -496.60224   173%   171 1255s
 86500 73603  441.96164  382  477  681.08404 -496.60224   173%   171 1260s
H86861 73847                     680.3849650 -496.60224   173%   171 1268s
H86861 73783                     680.0609938 -496.60224   173%   171 1268s
 86992 73916  528.78024  427  447  680.06099 -496.60224   173%   171 1270s
 87314 74238  602.70420  464  430  680.06099 -496.60224   173%   170 1275s
 87679 74591     cutoff  495       680.06099 -496.60224   173%   170 1280s
H87861 74721                     680.0609862 -496.60224   173%   170 1283s
 87861 74723  292.31440  162  602  680.06099 -496.60224   173%   170 1285s
H88034 74434                     677.9458206 -496.45822   173%   171 1289s
H88060 74362                     677.3303358 -496.45822   173%   171 1289s
H88060 74362                     677.3303354 -496.45822   173%   171 1289s
 88086 74390   30.38044  112  680  677.33034 -496.45822   173%   171 1290s
H88229 74514                     677.2004993 -496.45822   173%   171 1293s
H88229 74502                     677.0707435 -496.45822   173%   171 1293s
H88229 74415                     676.6360348 -496.45822   173%   171 1293s
 88305 74463 -431.85663   27  688  676.63603 -496.45822   173%   171 1295s
 88573 74701     cutoff  270       676.63603 -496.45822   173%   171 1300s
H88596 73620                     671.7515267 -496.45822   174%   171 1300s
H88596 73607                     671.6584957 -496.45822   174%   171 1300s
H88596 73607                     671.6575541 -496.45822   174%   171 1300s
H88596 73529                     671.0654853 -496.45822   174%   171 1301s
H88596 73529                     671.0651212 -496.45822   174%   171 1301s
H88596 73529                     671.0651138 -496.45822   174%   171 1301s
H88596 73493                     670.9250181 -496.45822   174%   171 1301s
 88796 73695  459.53176  217  565  670.92502 -496.41659   174%   171 1305s
 88972 73841    6.03293  110  704  670.92502 -496.41659   174%   172 1310s
 89228 74067 -172.56096   72  704  670.92502 -496.33159   174%   172 1315s
 89525 74348  -23.59076  103  682  670.92502 -496.25657   174%   173 1320s
 89654 74477  622.69089  232  575  670.92502 -496.25657   174%   173 1325s
 89866 74665  512.33824  206  616  670.92502 -496.25657   174%   173 1330s
 90108 74863  292.75960  173  588  670.92502 -496.25333   174%   174 1335s
 90272 75013 -342.83636   56  685  670.92502 -496.25333   174%   174 1340s
 90582 75323   91.67246  211  600  670.92502 -496.25333   174%   175 1345s
 90906 75647  416.32930  373  455  670.92502 -496.25333   174%   175 1350s
 91254 75969 -382.52220   41  669  670.92502 -496.19016   174%   175 1355s
 91524 76239 -217.17240   93  658  670.92502 -496.19016   174%   175 1360s
 91767 76482 -109.55174  130  646  670.92502 -496.19016   174%   176 1365s
H91932 76645                     670.9250146 -496.19016   174%   176 1367s
H91932 76539                     670.1809047 -496.19016   174%   176 1371s
H91932 76484                     669.9294877 -496.19016   174%   176 1373s
 91938 76492  -27.16063  158  633  669.92949 -496.19016   174%   176 1375s
 92203 76757   89.37350  200  597  669.92949 -496.19016   174%   176 1380s
 92634 77188  212.20061  256  589  669.92949 -496.19016   174%   176 1385s
 93160 77714  369.36152  325  523  669.92949 -496.19016   174%   176 1390s
 93573 78127  465.80378  380  423  669.92949 -496.19016   174%   176 1395s
 94183 78737  583.05569  441  395  669.92949 -496.19016   174%   175 1400s
 94646 79164 -468.62052   24  679  669.92949 -496.15928   174%   175 1405s
 94961 79479  370.54101  146  560  669.92949 -496.15928   174%   175 1410s
 95281 79769 -113.84287   82  674  669.92949 -495.76606   174%   175 1415s
 95503 79957 -290.67493   48  696  669.92949 -495.76606   174%   176 1420s
 95718 80172  632.10344  263  609  669.92949 -495.76606   174%   176 1425s
 95988 80398     cutoff  247       669.92949 -495.61657   174%   177 1430s
 96244 80654  594.21107  278  617  669.92949 -495.27556   174%   177 1435s
 96470 80832     cutoff  187       669.92949 -495.22900   174%   177 1440s
 96709 81059  617.81247  250  596  669.92949 -495.22900   174%   177 1445s
H96908 81228                     669.9294772 -495.14942   174%   178 1449s
 96919 81241  393.75859  196  614  669.92948 -495.14942   174%   178 1450s
 97005 81317  638.26188  273  582  669.92948 -495.14942   174%   178 1456s
H97006 81292                     669.7320364 -495.14942   174%   178 1456s
H97006 81287                     669.6707445 -495.14942   174%   178 1457s
H97006 80502                     665.2503092 -495.14942   174%   178 1457s
H97006 80414                     664.6899265 -495.14942   174%   178 1457s
 97170 80552  320.08329  155  614  664.68993 -495.00097   174%   178 1460s
 97329 80675 -173.11550   71  683  664.68993 -495.00097   174%   178 1465s
 97523 80853     cutoff  253       664.68993 -495.00097   174%   179 1470s
 97802 81128 -228.65671   88  638  664.68993 -494.84369   174%   179 1475s
H97844 81168                     664.6899198 -494.84369   174%   179 1475s
H97844 81147                     664.5669209 -494.84369   174%   179 1478s
 97948 81253 -158.54316  114  608  664.56692 -494.84369   174%   180 1480s
 98246 81551  -26.33260  167  591  664.56692 -494.84369   174%   180 1485s
 98694 81999  144.12326  235  512  664.56692 -494.84369   174%   180 1490s
 99224 82527  300.58657  315  479  664.56692 -494.84369   174%   180 1495s
 99789 83092  421.01473  369  437  664.56692 -494.84369   174%   179 1500s
 100153 83456  495.42436  406  408  664.56692 -494.84369   174%   179 1505s
 100469 83772  547.11717  433  413  664.56692 -494.84369   174%   179 1510s
 100978 84261  655.11124  483  366  664.56692 -494.84369   174%   178 1515s
 101291 84518     cutoff  283       664.56692 -494.81561   174%   179 1520s
 101521 84744  640.15793  246  587  664.56692 -494.77667   174%   179 1525s
 101832 85009 -370.54131   35  700  664.56692 -494.33609   174%   179 1530s
H102079 85238                     664.5669081 -494.33609   174%   179 1537s
 102098 85247 -426.13432   27  695  664.56691 -494.29294   174%   179 1540s
 102263 85412  356.53454  192  638  664.56691 -494.29294   174%   180 1545s
 102610 85735  567.40454  249  605  664.56691 -494.29294   174%   180 1550s
 102909 86004  -59.29669  139  620  664.56691 -494.21215   174%   180 1555s
 103241 86336  319.24974  305  496  664.56691 -494.21215   174%   180 1560s
 103669 86764  648.74207  519  331  664.56691 -494.21215   174%   180 1565s
 103910 86976 -357.20042   42  687  664.56691 -494.18044   174%   180 1570s
 104144 87210  615.09610  276  579  664.56691 -494.18044   174%   180 1575s
 104364 87394  418.65714  193  591  664.56691 -494.10261   174%   181 1580s
 104630 87632  530.51874  187  568  664.56691 -494.07298   174%   181 1585s
H104689 87492                     663.4335910 -493.98844   174%   181 1586s
H104689 87444                     663.0856425 -493.98844   174%   181 1586s
H104689 87444                     663.0781796 -493.98844   174%   181 1586s
 104810 87567 -417.61361   32  669  663.07818 -493.98844   174%   182 1590s
 105064 87821 -338.11136   51  684  663.07818 -493.98844   174%   182 1595s
H105214 87950                     662.9505968 -493.98844   175%   182 1598s
H105214 87842                     662.1273468 -493.98844   175%   182 1598s
H105214 87700                     661.2189823 -493.98844   175%   182 1598s
H105214 87605                     660.6289565 -493.98844   175%   182 1598s
H105214 87589                     660.5249211 -493.98844   175%   182 1598s
H105214 87589                     660.5249189 -493.98844   175%   182 1598s
H105214 87589                     660.5249188 -493.98844   175%   182 1598s
 105304 87681 -287.90938   70  636  660.52492 -493.98844   175%   182 1600s
 105645 88022 -214.09418  103  634  660.52492 -493.98844   175%   183 1605s
 105731 88108 -196.82364  108  638  660.52492 -493.98844   175%   183 1610s
 106079 88456 -136.55854  131  619  660.52492 -493.98844   175%   183 1615s
 106353 88730  -83.31877  150  633  660.52492 -493.98844   175%   183 1620s
 106733 89110    0.18634  178  587  660.52492 -493.98844   175%   184 1625s
 107115 89492  110.88546  221  573  660.52492 -493.98844   175%   184 1630s
 107150 89527  127.04764  226  571  660.52492 -493.98844   175%   184 1635s
 107466 89843  184.22309  251  558  660.52492 -493.98844   175%   184 1640s
 108024 90401  308.75011  317  515  660.52492 -493.98844   175%   183 1645s
 108695 91072  448.60974  380  460  660.52492 -493.98844   175%   183 1650s
 109238 91615  549.80344  437  421  660.52492 -493.98844   175%   182 1655s
 109784 92099 -438.22024   24  682  660.52492 -493.97962   175%   181 1660s
 110025 92340  647.99845  265  553  660.52492 -493.97962   175%   182 1665s
 110266 92553  468.35276  237  626  660.52492 -493.97584   175%   182 1670s
 110539 92810  445.32240  220  587  660.52492 -493.80232   175%   182 1675s
 110793 93044  383.54070  196  596  660.52492 -493.80232   175%   183 1680s
 110997 93220 -131.57322   57  651  660.52492 -493.71548   175%   183 1685s
 111271 93494  501.72702  160  541  660.52492 -493.71548   175%   183 1690s
 111605 93774 -478.54988   21  674  660.52492 -493.54691   175%   183 1695s
 111848 94005 -233.92181   62  709  660.52492 -493.46908   175%   184 1700s
 112221 94366  381.03198  194  580  660.52492 -493.42485   175%   184 1710s
H112222 94363                     660.5161466 -493.42485   175%   184 1711s
H112222 94363                     660.5161406 -493.42485   175%   184 1711s
H112222 94363                     660.5161395 -493.42485   175%   184 1711s
H112222 94363                     660.5161372 -493.42485   175%   184 1711s
H112222 94363                     660.5161330 -493.42485   175%   184 1711s
H112300 94410                     660.4385773 -493.42485   175%   184 1714s
 112313 94425 -373.98493   38  684  660.43858 -493.42485   175%   184 1715s
 112579 94661 -476.45442   23  667  660.43858 -493.32218   175%   184 1720s
 112873 94955 -237.78308   93  649  660.43858 -493.32218   175%   185 1725s
H112903 94977                     660.3482872 -493.32218   175%   185 1725s
H112903 94975                     660.3227162 -493.32218   175%   185 1725s
H112937 95009                     660.3223383 -493.32218   175%   185 1726s
H112937 95009                     660.3222417 -493.32218   175%   185 1726s
H112937 95009                     660.3222115 -493.32218   175%   185 1726s
H112937 95009                     660.3222068 -493.32218   175%   185 1726s
 113144 95218 -128.37699  137  618  660.32221 -493.32218   175%   185 1730s
H113324 95396                     660.3222019 -493.32218   175%   185 1732s
H113324 95396                     660.3221498 -493.32218   175%   185 1732s
H113324 94898                     657.4102110 -493.32218   175%   185 1733s
H113324 94898                     657.4101677 -493.32218   175%   185 1733s
H113324 94858                     657.1474883 -493.32218   175%   185 1733s
 113493 95029   50.64994  209  529  657.14749 -493.32218   175%   185 1735s
 114043 95579  207.57980  279  498  657.14749 -493.32218   175%   185 1740s
 114324 95860  291.49997  324  489  657.14749 -493.32218   175%   184 1746s
 114716 96252  366.32404  357  464  657.14749 -493.32218   175%   184 1750s
 115392 96928  490.54758  419  406  657.14749 -493.32218   175%   183 1755s
 115954 97490  588.27682  474  401  657.14749 -493.32218   175%   183 1760s
 116277 97787     cutoff  495       657.14749 -493.32218   175%   183 1765s
 116461 97927  277.08721  162  651  657.14749 -493.32218   175%   183 1770s
 116656 98106   30.41195  113  686  657.14749 -493.28199   175%   183 1775s
 116864 98296 -273.05543   53  685  657.14749 -493.27452   175%   184 1780s
 117170 98590 -296.88637   52  664  657.14749 -493.27452   175%   184 1785s
 117292 98712 -145.03882  113  633  657.14749 -493.27452   175%   184 1793s
 117345 98765  -69.46017  140  593  657.14749 -493.27452   175%   184 1796s
 117619 99039  241.21464  277  521  657.14749 -493.27452   175%   184 1800s
 117908 99328  536.73911  421  409  657.14749 -493.27452   175%   184 1805s
 118149 99521  -42.17546   92  683  657.14749 -493.19364   175%   184 1810s
 118317 99677     cutoff  251       657.14749 -493.19364   175%   185 1815s
 118540 99886  503.14308  231  616  657.14749 -492.85516   175%   185 1820s
 118814 100148  129.29398  110  591  657.14749 -492.85516   175%   185 1825s
 119088 100396     cutoff  192       657.14749 -492.85516   175%   186 1830s
 119421 100711 -233.31251   63  675  657.14749 -492.53793   175%   186 1835s
 119736 100998  -95.81163   92  660  657.14749 -492.49286   175%   186 1840s
 119975 101211 -424.66276   34  663  657.14749 -492.49286   175%   186 1845s
 120240 101476 -235.67321   89  656  657.14749 -492.49286   175%   187 1850s
 120637 101873  -36.99100  157  623  657.14749 -492.49286   175%   187 1855s
 121105 102341  164.57893  243  506  657.14749 -492.49286   175%   187 1860s
 121579 102815  314.25155  320  465  657.14749 -492.49286   175%   186 1865s
 122196 103432  447.55353  391  431  657.14749 -492.49286   175%   186 1870s
 122363 103599  479.12054  407  419  657.14749 -492.49286   175%   186 1876s
H122416 103366                     655.0320142 -492.49286   175%   186 1877s
H122416 103301                     654.5504353 -492.49286   175%   186 1877s
H122416 103301                     654.5476652 -492.49286   175%   186 1877s
H122416 103160                     653.7616896 -492.49286   175%   186 1877s
 122631 103377  533.62048  435  426  653.76169 -492.49286   175%   185 1880s
 122920 103666  585.49674  469  381  653.76169 -492.49286   175%   186 1885s
 123205 103893 -368.78553   39  685  653.76169 -492.25199   175%   186 1890s
H123254 103894                     653.4901976 -492.25199   175%   186 1892s
H123358 103992                     653.4445860 -492.25199   175%   186 1894s
H123358 103992                     653.4445346 -492.25199   175%   186 1894s
H123358 103860                     652.7265443 -492.25199   175%   186 1894s
H123358 103860                     652.7265304 -492.25199   175%   186 1894s
H123358 103792                     652.2934580 -492.25199   175%   186 1894s
 123412 103848  620.32721  246  618  652.29346 -492.25199   175%   186 1895s
 123706 104100 -306.11374   50  681  652.29346 -492.20947   175%   186 1900s
 123833 104227  289.06919  177  589  652.29346 -492.20947   175%   186 1905s
 124094 104472  255.78292  167  624  652.29346 -492.19789   175%   186 1910s
 124289 104643  -59.31952   96  712  652.29346 -492.05832   175%   187 1915s
 124482 104818     cutoff  274       652.29346 -492.05832   175%   187 1920s
 124737 105055     cutoff  260       652.29346 -492.05832   175%   187 1925s
 124954 105260  609.19082  227  604  652.29346 -492.00959   175%   188 1930s
 125189 105471  563.60237  230  575  652.29346 -492.00959   175%   188 1935s
 125442 105712   90.04643  109  596  652.29346 -491.95695   175%   188 1940s
 125713 105977  640.62391  194  478  652.29346 -491.95695   175%   189 1945s
 125944 106146  260.48678  163  656  652.29346 -491.92098   175%   189 1950s
 126164 106352 -397.75595   39  677  652.29346 -491.91359   175%   189 1955s
 126399 106587 -232.73882   92  647  652.29346 -491.91359   175%   190 1960s
 126630 106818 -127.98096  129  631  652.29346 -491.91359   175%   190 1965s
 126932 107120   10.89268  181  606  652.29346 -491.91359   175%   190 1970s
 127254 107442  119.78564  219  567  652.29346 -491.91359   175%   190 1976s
 127434 107622  181.91832  256  577  652.29346 -491.91359   175%   190 1983s
 127536 107724  215.21714  275  534  652.29346 -491.91359   175%   190 1985s
 127864 108052  325.27023  331  460  652.29346 -491.91359   175%   190 1990s
 128186 108374  380.36792  358  448  652.29346 -491.91359   175%   190 1995s
 128486 108674  424.91102  380  417  652.29346 -491.91359   175%   190 2000s
 128876 109064  499.30149  417  382  652.29346 -491.91359   175%   190 2005s
 129351 109531  607.45198  474  378  652.29346 -491.91359   175%   190 2010s
 129617 109743  -60.46566   82  652  652.29346 -491.91359   175%   190 2015s
H129732 109834                     652.1235315 -491.91359   175%   190 2016s
H129732 109774                     651.6362811 -491.91359   175%   190 2016s
H129793 109771                     651.3772752 -491.81025   176%   190 2018s
H129793 109667                     650.6855528 -491.81025   176%   190 2018s
 129875 109751  193.05848  133  605  650.68555 -491.81025   176%   190 2020s
 130122 109940  -18.62056   94  685  650.68555 -491.70529   176%   190 2025s
 130358 110158   -4.36795  106  708  650.68555 -491.62710   176%   191 2030s
 130545 110321  636.51546  271  577  650.68555 -491.62710   176%   191 2035s
 130796 110540  630.56711  241  560  650.68555 -491.61683   176%   191 2041s
 130926 110628     cutoff  119       650.68555 -491.55851   176%   191 2045s
 131174 110856 -259.29505   56  675  650.68555 -491.51478   176%   191 2050s
 131403 111061  632.37284  263  537  650.68555 -491.51478   176%   191 2055s
 131703 111333 -428.62185   30  684  650.68555 -491.41447   176%   192 2060s
 131956 111546     cutoff  249       650.68555 -491.41447   176%   192 2065s
 132226 111810 -257.85612   84  661  650.68555 -491.31125   176%   192 2070s
 132495 112079 -128.59611  132  624  650.68555 -491.31125   176%   192 2075s
 132505 112089 -120.99535  134  622  650.68555 -491.31125   176%   192 2081s
 132832 112416   -6.10649  184  576  650.68555 -491.31125   176%   192 2085s
 133266 112850  155.86804  246  540  650.68555 -491.31125   176%   192 2090s
 133802 113386  311.93294  326  489  650.68555 -491.31125   176%   192 2095s
 134366 113950  414.92442  377  468  650.68555 -491.31125   176%   191 2100s
 134706 114290  486.06286  416  442  650.68555 -491.31125   176%   191 2105s
 135270 114854  591.85882  470  386  650.68555 -491.31125   176%   191 2110s
 135561 115069 -177.49283   73  696  650.68555 -491.31125   176%   191 2115s
 135781 115289  616.45629  293  531  650.68555 -491.31125   176%   191 2120s
 136006 115494  464.62189  222  565  650.68555 -491.22965   175%   191 2125s
 136205 115643   51.04163  125  650  650.68555 -491.22965   175%   192 2130s
 136351 115789  586.22675  271  576  650.68555 -491.22965   175%   192 2135s
 136609 116015  530.92811  240  633  650.68555 -491.22644   175%   192 2140s
 136808 116188  483.51828  173  604  650.68555 -491.19446   175%   192 2145s
 137096 116452  539.72400  255  635  650.68555 -491.18867   175%   192 2150s
 137344 116688  543.68581  231  588  650.68555 -491.13202   175%   193 2155s
 137551 116875  367.11346  180  587  650.68555 -491.10791   175%   193 2160s
 137576 116900  448.14435  205  560  650.68555 -491.10791   175%   193 2166s
 137729 117033 -319.35526   59  673  650.68555 -491.10791   175%   193 2170s
 137989 117293   36.57188  189  589  650.68555 -491.10791   175%   193 2175s
 138269 117573  345.51719  329  536  650.68555 -491.10791   175%   193 2180s
 138485 117789  573.60145  437  441  650.68555 -491.10791   175%   193 2185s
H138522 117793                     650.5382949 -491.10791   175%   193 2186s
H138548 117573                     649.2438395 -491.05397   176%   193 2187s
H138548 117573                     649.2438027 -491.05397   176%   193 2187s
H138548 117508                     648.8410276 -491.05397   176%   193 2187s
 138695 117657  285.66311  169  618  648.84103 -491.05397   176%   194 2190s
 138934 117882 -348.60212   47  683  648.84103 -490.96533   176%   194 2195s
H139000 117907                     648.7378627 -490.96533   176%   194 2196s
 139214 118123 -177.83155  107  645  648.73786 -490.96533   176%   194 2200s
 139547 118456  -31.54326  162  588  648.73786 -490.96533   176%   194 2205s
 139993 118902  148.26743  230  510  648.73786 -490.96533   176%   194 2210s
 140257 119166  216.04818  259  463  648.73786 -490.96533   176%   194 2215s
 140660 119569  336.76852  322  447  648.73786 -490.96533   176%   194 2220s
 141289 120198  461.94205  380  443  648.73786 -490.96533   176%   193 2225s
 141939 120848  596.28977  452  390  648.73786 -490.96533   176%   192 2230s
 142248 121121 -339.30998   43  684  648.73786 -490.86748   176%   192 2235s
 142530 121375 -281.73745   41  678  648.73786 -490.85295   176%   193 2240s
 142647 121492    6.57476   85  632  648.73786 -490.85295   176%   193 2248s
 142726 121571  129.07530  110  564  648.73786 -490.85295   176%   193 2250s
 143073 121890 -240.05003   65  693  648.73786 -490.82718   176%   193 2255s
 143277 122094  637.48218  269  589  648.73786 -490.82718   176%   193 2260s
 143545 122326     cutoff  261       648.73786 -490.79420   176%   193 2265s
 143798 122559     cutoff  257       648.73786 -490.76805   176%   193 2270s
 144065 122806     cutoff  271       648.73786 -490.58275   176%   194 2275s
 144275 123004  465.10301  222  619  648.73786 -490.58275   176%   194 2280s
 144390 123101 -168.13750   71  705  648.73786 -490.34228   176%   194 2285s
 144623 123312 -448.42764   23  676  648.73786 -490.31265   176%   194 2290s
 144936 123587 -472.87560   22  669  648.73786 -490.31265   176%   194 2295s
 145237 123870 -441.49510   30  667  648.73786 -490.23816   176%   195 2300s
 145532 124165 -227.80806   96  642  648.73786 -490.23816   176%   195 2305s
 145831 124464 -101.06052  148  597  648.73786 -490.23816   176%   195 2310s
 146317 124950   99.23752  224  536  648.73786 -490.23816   176%   195 2315s
 146587 125220  183.73089  267  497  648.73786 -490.23816   176%   195 2320s
 146948 125581  290.46297  321  478  648.73786 -490.23816   176%   195 2325s
 147294 125927  372.70192  357  423  648.73786 -490.23816   176%   195 2330s
 147638 126271  431.52071  391  415  648.73786 -490.23816   176%   195 2335s
 147718 126351  442.68122  391  406  648.73786 -490.23816   176%   195 2340s
 148139 126772  516.96121  433  387  648.73786 -490.23816   176%   194 2345s
 148582 127215  586.21310  465  351  648.73786 -490.23816   176%   194 2350s
 148913 127486 -146.87303   75  662  648.73786 -490.23468   176%   194 2355s
H148938 127483                     648.6064842 -490.23468   176%   194 2355s
H148938 127480                     648.5929128 -490.23468   176%   194 2355s
H148938 127480                     648.5921167 -490.23468   176%   194 2355s
H148938 127429                     648.4082411 -490.23468   176%   194 2355s
 149099 127586     cutoff  258       648.40824 -490.23468   176%   194 2360s
 149263 127710  144.47422  148  679  648.40824 -490.14117   176%   195 2365s
 149458 127857     cutoff  300       648.40824 -490.14117   176%   195 2370s
 149676 128057  603.45281  221  554  648.40824 -490.14117   176%   195 2375s
 149755 128108 -216.08350   43  658  648.40824 -490.12421   176%   195 2380s
 149938 128291  191.26678  102  577  648.40824 -490.12421   176%   195 2386s
 150118 128469     cutoff  157       648.40824 -490.12421   176%   195 2390s
 150300 128609  135.83269  130  629  648.40824 -490.10116   176%   196 2396s
 150439 128724  618.93529  247  490  648.40824 -490.10116   176%   196 2400s
 150768 129045   21.27551  185  618  648.40824 -490.07037   176%   196 2405s
 151238 129515  537.70923  420  446  648.40824 -490.07037   176%   196 2410s
 151533 129784  436.12228  205  575  648.40824 -490.06678   176%   196 2415s
 151786 130013  403.64325  222  574  648.40824 -489.96307   176%   196 2420s
 152040 130253  385.07108  189  612  648.40824 -489.96307   176%   196 2425s
 152220 130411   40.98880  116  672  648.40824 -489.78942   176%   197 2430s
 152412 130585 -447.96333   26  672  648.40824 -489.78682   176%   197 2435s
 152688 130861 -223.82644   94  665  648.40824 -489.78682   176%   197 2440s
 152789 130962 -177.84746  111  652  648.40824 -489.78682   176%   197 2447s
 152931 131104 -124.48720  133  674  648.40824 -489.78682   176%   197 2450s
 153246 131419  -10.92298  172  599  648.40824 -489.78682   176%   197 2455s
 153615 131788  128.18856  231  560  648.40824 -489.78682   176%   197 2460s
 154040 132213  275.50038  300  534  648.40824 -489.78682   176%   197 2465s
 154538 132711  364.16564  338  451  648.40824 -489.78682   176%   197 2470s
 155156 133329  476.24868  394  442  648.40824 -489.78682   176%   196 2475s
 155658 133831  575.09312  444  432  648.40824 -489.78682   176%   196 2480s
 155950 134101  645.40641  474  392  648.40824 -489.78682   176%   196 2485s
 156065 134174 -101.92373   93  653  648.40824 -489.78682   176%   196 2490s
 156300 134383 -424.14173   29  681  648.40824 -489.72305   176%   196 2495s
 156573 134656  578.19341  302  509  648.40824 -489.72305   176%   196 2500s
 156754 134821  291.09999  172  661  648.40824 -489.62039   176%   197 2505s
 156927 134964 -244.49639   62  690  648.40824 -489.59791   176%   197 2510s
 157138 135175  597.69632  273  555  648.40824 -489.59791   176%   197 2515s
 157288 135265     cutoff  110       648.40824 -489.42928   175%   198 2520s
 157477 135454  406.52550  211  590  648.40824 -489.41697   175%   198 2525s
 157666 135621  -11.23311  113  682  648.40824 -489.41697   175%   198 2530s
 157864 135789 -482.30183   22  677  648.40824 -489.40135   175%   198 2540s
H157891 135616                     647.1415854 -489.40135   176%   198 2541s
 157969 135696   64.44944  127  683  647.14159 -489.40135   176%   198 2546s
 158174 135875 -282.58302   43  667  647.14159 -489.35893   176%   198 2550s
 158318 136019  367.73668  187  603  647.14159 -489.35893   176%   199 2555s
 158611 136282  417.94346  200  613  647.14159 -489.26684   176%   199 2560s
 158801 136438 -368.36274   41  663  647.14159 -489.23919   176%   199 2565s
 159042 136679 -202.85988   92  666  647.14159 -489.23919   176%   199 2570s
 159276 136913  -73.90041  125  636  647.14159 -489.23919   176%   200 2575s
 159451 137088  -24.54815  158  630  647.14159 -489.23919   176%   200 2580s
 159687 137324   61.64268  190  582  647.14159 -489.23919   176%   200 2585s
 159916 137553  144.47304  219  569  647.14159 -489.23919   176%   200 2590s
 160316 137953  282.70385  291  519  647.14159 -489.23919   176%   200 2595s
 160756 138393  381.09509  347  477  647.14159 -489.23919   176%   200 2600s
 161043 138680  431.28459  369  452  647.14159 -489.23919   176%   200 2605s
 161318 138955  477.42200  393  440  647.14159 -489.23919   176%   200 2610s
 161576 139213  527.99925  416  405  647.14159 -489.23919   176%   200 2615s
 161996 139631     cutoff  471       647.14159 -489.23919   176%   200 2620s
 162244 139823  191.49457  154  648  647.14159 -489.21513   176%   200 2625s
 162514 140081  247.15225  159  631  647.14159 -489.05755   176%   200 2630s
 162765 140312 -184.53751   99  638  647.14159 -489.05755   176%   200 2635s
 162935 140482   45.11318  184  570  647.14159 -489.05755   176%   200 2644s
 162964 140511   79.65116  198  556  647.14159 -489.05755   176%   200 2645s
 163269 140816  394.50917  351  471  647.14159 -489.05755   176%   200 2650s
 163528 141071     cutoff  480       647.14159 -489.05755   176%   200 2655s
 163715 141232  276.47566  183  614  647.14159 -489.00137   176%   200 2660s
H163765 141254                     646.9591106 -489.00137   176%   200 2660s
H163765 141254                     646.9591093 -489.00137   176%   200 2660s
H163765 141244                     646.8697104 -489.00137   176%   200 2661s
 163855 141306     cutoff  298       646.86971 -489.00137   176%   201 2665s
 163899 141304     cutoff  297       646.86971 -489.00137   176%   201 2670s
 164092 141493  463.36864  208  599  646.86971 -488.78676   176%   201 2675s
 164301 141682  407.49989  175  575  646.86971 -488.78676   176%   201 2680s
 164460 141805   15.40878   99  645  646.86971 -488.75562   176%   202 2685s
 164687 142020 -175.79211   58  652  646.86971 -488.73052   176%   202 2690s
H164694 141993                     646.5761047 -488.73052   176%   202 2690s
H164694 141991                     646.5450593 -488.73052   176%   202 2690s
H164694 141940                     646.2561120 -488.73052   176%   202 2690s
 164898 142146  418.15451  138  552  646.25611 -488.73052   176%   202 2695s
 165103 142309 -146.07045   71  687  646.25611 -488.70872   176%   202 2700s
 165316 142494 -306.81523   56  671  646.25611 -488.65581   176%   202 2706s
 165395 142573   75.04023  135  650  646.25611 -488.65581   176%   202 2710s
 165591 142753 -444.32900   26  674  646.25611 -488.60136   176%   203 2715s
 165860 143022 -233.16522   90  645  646.25611 -488.60136   176%   203 2720s
 166156 143318 -113.48421  130  642  646.25611 -488.60136   176%   203 2725s
 166463 143625   18.43389  180  601  646.25611 -488.60136   176%   203 2730s
 166985 144147  217.88309  264  520  646.25611 -488.60136   176%   203 2735s
 167584 144746  378.78080  350  442  646.25611 -488.60136   176%   202 2740s
 168006 145168  452.34582  383  441  646.25611 -488.60136   176%   202 2748s
 168155 145317  483.01152  398  431  646.25611 -488.60136   176%   202 2750s
 168694 145856  592.10649  461  367  646.25611 -488.60136   176%   201 2755s
 168978 146082   79.30713  125  660  646.25611 -488.60136   176%   201 2760s
 169193 146277 -168.20812   69  676  646.25611 -488.47332   176%   202 2765s
 169342 146426  457.09241  218  569  646.25611 -488.47332   176%   202 2770s
 169544 146610  222.27540  161  642  646.25611 -488.47332   176%   202 2775s
 169768 146820   -9.26339  103  702  646.25611 -488.43188   176%   202 2780s
 170046 147054  -94.18692   86  689  646.25611 -488.41323   176%   202 2785s
 170249 147239 -357.00724   39  674  646.25611 -488.35641   176%   203 2790s
 170481 147471  594.29480  271  590  646.25611 -488.35641   176%   203 2795s
 170672 147614  259.48797  156  676  646.25611 -488.22398   176%   203 2800s
 170908 147822   52.81408  112  680  646.25611 -488.18198   176%   203 2805s
 171150 148044  -33.71568   99  688  646.25611 -488.17726   176%   204 2810s
H171181 148051                     646.1322852 -488.17726   176%   204 2810s
H171181 148051                     646.1315653 -488.17726   176%   204 2810s
H171181 148051                     646.1314669 -488.17726   176%   204 2810s
H171181 148051                     646.1313580 -488.17726   176%   204 2810s
 171360 148194     cutoff  276       646.13136 -488.17726   176%   204 2815s
 171651 148485  326.84241  124  557  646.13136 -488.17726   176%   204 2820s
 171862 148666  643.44373  176  494  646.13136 -488.17726   176%   204 2825s
 172109 148889 -261.88834   75  643  646.13136 -488.12803   176%   204 2830s
 172383 149163 -119.38185  118  638  646.13136 -488.12803   176%   204 2835s
 172771 149551   42.29135  181  601  646.13136 -488.12803   176%   204 2840s
 173077 149857  151.90907  218  554  646.13136 -488.12803   176%   204 2848s
 173200 149980  181.45542  235  537  646.13136 -488.12803   176%   204 2850s
 173574 150354  295.39071  292  506  646.13136 -488.12803   176%   204 2855s
 174142 150922  439.35748  364  463  646.13136 -488.12803   176%   203 2860s
 174786 151566  555.24638  426  412  646.13136 -488.12803   176%   203 2865s
 175227 151967 -341.56581   43  686  646.13136 -488.06778   176%   203 2870s
H175271 152005                     646.0653041 -488.06778   176%   203 2870s
H175271 152003                     646.0477983 -488.06778   176%   203 2870s
H175271 152003                     646.0477362 -488.06778   176%   203 2870s
H175271 152003                     646.0476275 -488.06778   176%   203 2870s
H175513 152151                     645.8008412 -488.00556   176%   203 2874s
H175513 152120                     645.6081372 -488.00556   176%   203 2874s
H175513 152120                     645.6081370 -488.00556   176%   203 2874s
H175513 152118                     645.5955271 -488.00556   176%   203 2874s
H175513 152118                     645.5893608 -488.00556   176%   203 2874s
H175513 152072                     645.3837513 -488.00556   176%   203 2874s
 175530 152091 -199.32909   63  687  645.38375 -488.00556   176%   203 2875s
 175816 152365   77.79680  127  657  645.38375 -487.98921   176%   203 2880s
 175993 152528 -270.74746   56  669  645.38375 -487.96955   176%   203 2885s
 176248 152771 -205.12707   62  673  645.38375 -487.92632   176%   203 2890s
 176454 152963 -179.15209   65  672  645.38375 -487.92632   176%   203 2895s
 176626 153113     cutoff  219       645.38375 -487.92632   176%   203 2900s
 176833 153318  559.74592  223  551  645.38375 -487.91194   176%   204 2905s
 177004 153471  250.12560  164  641  645.38375 -487.90676   176%   204 2911s
 177221 153676   31.91708  110  697  645.38375 -487.82658   176%   204 2915s
 177409 153844 -247.16486   65  667  645.38375 -487.81060   176%   204 2920s
 177669 154052 -457.55793   26  673  645.38375 -487.81060   176%   204 2925s
 177925 154308 -231.86583   85  641  645.38375 -487.81060   176%   204 2930s
H178148 154416                     644.7095718 -487.81060   176%   205 2934s
H178148 154304                     644.0418993 -487.81060   176%   205 2939s
H178148 154268                     643.8229998 -487.81060   176%   205 2940s
 178356 154478  -23.30772  164  553  643.82300 -487.81060   176%   205 2945s
 178609 154731   64.11548  206  530  643.82300 -487.81060   176%   205 2950s
 178945 155067  165.87060  254  486  643.82300 -487.81060   176%   205 2955s
 179148 155270  231.92210  281  499  643.82300 -487.81060   176%   205 2960s
 179358 155480  287.94007  305  482  643.82300 -487.81060   176%   205 2965s
 179645 155767  351.65461  345  458  643.82300 -487.81060   176%   205 2970s
 179919 156041  403.03828  369  430  643.82300 -487.81060   176%   205 2975s
 180267 156389  464.91648  396  427  643.82300 -487.81060   176%   205 2980s
 180799 156921  553.65113  445  386  643.82300 -487.81060   176%   204 2985s
 181141 157255     cutoff  481       643.82300 -487.81060   176%   204 2990s
 181362 157436   25.27808  101  588  643.82300 -487.74240   176%   204 2995s
 181614 157688  378.88411  162  524  643.82300 -487.74240   176%   205 3000s
 181903 157935 -183.42112   76  660  643.82300 -487.70518   176%   205 3005s
 182110 158126  613.61449  268  616  643.82300 -487.70518   176%   205 3010s
 182364 158354  610.54147  248  542  643.82300 -487.70382   176%   205 3015s
 182536 158494     cutoff  163       643.82300 -487.69291   176%   205 3020s
H182587 158531                     643.8197613 -487.69291   176%   205 3021s
H182587 158523                     643.8144245 -487.69291   176%   205 3021s
H182587 158523                     643.8128749 -487.69291   176%   205 3021s
H182587 158523                     643.8127742 -487.69291   176%   205 3021s
H182587 158523                     643.8127386 -487.69291   176%   205 3021s
H182587 158523                     643.8127384 -487.69291   176%   205 3021s
H182639 158575                     643.8077409 -487.69291   176%   205 3022s
H182639 158553                     643.6939131 -487.69291   176%   205 3022s
H182639 158553                     643.6852810 -487.69291   176%   205 3022s
H182639 158553                     643.6851292 -487.69291   176%   205 3022s
 182799 158713     cutoff  273       643.68513 -487.69291   176%   205 3025s
 183031 158905  622.07042  214  537  643.68513 -487.59979   176%   205 3030s
H183072 158932                     643.6850561 -487.58290   176%   205 3031s
H183150 159007                     643.6599278 -487.58290   176%   205 3032s
H183150 158986                     643.5214296 -487.58290   176%   205 3032s
H183150 158984                     643.5206371 -487.58290   176%   205 3033s
 183219 159055  395.73044  202  606  643.52064 -487.58290   176%   205 3040s
 183381 159205 -311.18960   60  664  643.52064 -487.57235   176%   206 3045s
 183649 159473    7.57458  194  558  643.52064 -487.57235   176%   206 3050s
 183805 159629  184.21841  272  509  643.52064 -487.57235   176%   206 3055s
 184131 159955  519.69676  435  441  643.52064 -487.57235   176%   206 3060s
 184255 160079  616.79298  497  393  643.52064 -487.57235   176%   206 3065s
 184574 160358 -478.23520   19  680  643.52064 -487.56707   176%   205 3070s
 184869 160635 -222.25126   69  692  643.52064 -487.55279   176%   206 3075s
 185161 160895 -407.29800   36  679  643.52064 -487.51274   176%   206 3080s
 185410 161144 -229.61453   93  631  643.52064 -487.51274   176%   206 3085s
 185765 161499  -31.18744  156  603  643.52064 -487.51274   176%   206 3090s
 186212 161946  133.19516  215  536  643.52064 -487.51274   176%   206 3095s
 186628 162362  265.37671  289  492  643.52064 -487.51274   176%   206 3100s
 187216 162950  404.10051  347  427  643.52064 -487.51274   176%   205 3105s
 187851 163585  514.16428  407  416  643.52064 -487.51274   176%   205 3110s
 188290 164024  602.23415  457  400  643.52064 -487.51274   176%   204 3118s
 188376 164110  625.98817  470  393  643.52064 -487.51274   176%   204 3120s
 188641 164349  524.84471  246  585  643.52064 -487.46982   176%   204 3125s
 188852 164536  382.74653  180  637  643.52064 -487.44446   176%   204 3130s
 189117 164783  -65.79208   84  630  643.52064 -487.44446   176%   205 3135s
 189376 165042  462.63971  162  488  643.52064 -487.44446   176%   205 3140s
 189553 165163 -476.61851   19  673  643.52064 -487.38844   176%   205 3145s
 189807 165405 -283.52911   43  677  643.52064 -487.38844   176%   205 3150s
 190021 165619  603.85934  257  572  643.52064 -487.38844   176%   205 3155s
H190022 165477                     642.4563692 -487.38844   176%   205 3155s
 190185 165610  325.51894  152  611  642.45637 -487.38151   176%   206 3160s
 190380 165791  181.20550  147  651  642.45637 -487.25604   176%   206 3165s
 190530 165929  632.36075  287  564  642.45637 -487.25604   176%   206 3170s
 190771 166152  566.01304  244  549  642.45637 -487.25604   176%   206 3175s
 190971 166336  426.20781  191  551  642.45637 -487.21884   176%   206 3180s
 191024 166371  631.29197  229  570  642.45637 -487.21884   176%   206 3185s
 191201 166534  450.26825  187  618  642.45637 -487.18299   176%   206 3190s
 191395 166710 -334.53862   54  663  642.45637 -487.16356   176%   206 3195s
 191631 166946 -196.27725   94  654  642.45637 -487.16356   176%   207 3200s
 191905 167220  -80.70403  134  651  642.45637 -487.16356   176%   207 3205s
 192217 167532   69.66971  182  616  642.45637 -487.16356   176%   207 3210s
 192384 167699  143.39961  201  586  642.45637 -487.16356   176%   207 3215s
 192625 167940  206.84454  244  542  642.45637 -487.16356   176%   207 3220s
 193047 168362  345.40324  307  484  642.45637 -487.16356   176%   207 3225s
H193361 168522                     641.5370191 -487.16356   176%   207 3231s
H193361 168522                     641.5370014 -487.16356   176%   207 3231s
H193361 168420                     640.9503835 -487.16356   176%   207 3232s
H193361 168363                     640.6684754 -487.16356   176%   207 3232s
H193361 168313                     640.3445042 -487.16356   176%   207 3232s
 193386 168340  417.53559  340  438  640.34450 -487.16356   176%   207 3235s
 193718 168672  479.52470  379  440  640.34450 -487.16356   176%   207 3240s
 194143 169097  568.18970  429  401  640.34450 -487.16356   176%   207 3245s
 194361 169315  618.92253  460  379  640.34450 -487.16356   176%   207 3250s
 194581 169459  112.59871  143  608  640.34450 -487.15451   176%   207 3255s
 194943 169783  292.27459  182  570  640.34450 -487.10375   176%   207 3260s
 195190 169992  146.10066  138  640  640.34450 -487.10375   176%   207 3265s
 195390 170162   41.69873  107  642  640.34450 -487.08791   176%   207 3271s
H195423 169849                     638.0166733 -487.08791   176%   207 3271s
H195423 169845                     638.0118764 -487.08791   176%   207 3271s
H195423 169845                     637.9998389 -487.08791   176%   207 3271s
 195502 169920  606.56559  214  543  637.99984 -487.08791   176%   208 3275s
 195704 170102  -17.39482   92  617  637.99984 -487.08589   176%   208 3280s
 196033 170425  609.74783  199  496  637.99984 -487.08589   176%   208 3285s
 196281 170621  348.19528  191  630  637.99984 -487.04925   176%   208 3290s
 196458 170764 -189.25995   81  682  637.99984 -487.04106   176%   208 3295s
 196831 171109  313.84089  172  635  637.99984 -487.03663   176%   208 3300s
 197033 171281  -33.34139   96  653  637.99984 -486.90894   176%   209 3305s
 197315 171535  117.22513  111  645  637.99984 -486.90193   176%   209 3310s
 197488 171686 -417.01538   34  660  637.99984 -486.90193   176%   209 3315s
 197785 171983 -222.44719   99  648  637.99984 -486.90193   176%   209 3320s
H197907 172103                     637.9986667 -486.90193   176%   209 3322s
 198051 172249  -94.42421  148  597  637.99867 -486.90193   176%   209 3325s
 198374 172572   51.99953  207  541  637.99867 -486.90193   176%   210 3330s
 198432 172630   71.21956  214  560  637.99867 -486.90193   176%   210 3335s
 198753 172951  171.47898  264  515  637.99867 -486.90193   176%   210 3340s
 198992 173190  255.35167  304  486  637.99867 -486.90193   176%   210 3345s
 199347 173545  340.14053  344  450  637.99867 -486.90193   176%   210 3350s
 199675 173873  402.40494  373  413  637.99867 -486.90193   176%   210 3355s
 200193 174391  494.50040  420  393  637.99867 -486.90193   176%   209 3360s
 200495 174693  550.67485  451  373  637.99867 -486.90193   176%   209 3365s
H200803 174905                     637.5280121 -486.90193   176%   209 3369s
H200803 174838                     637.1427490 -486.90193   176%   209 3369s
H200803 174838                     637.1427434 -486.90193   176%   209 3369s
H200803 174838                     637.1427193 -486.90193   176%   209 3369s
H200803 174770                     636.7966706 -486.90193   176%   209 3369s
 200819 174778  634.10973  485  329  636.79667 -486.90193   176%   209 3370s
 200941 174844   11.18481  112  688  636.79667 -486.84231   176%   209 3375s
 201173 175048 -198.46772   64  658  636.79667 -486.84231   176%   210 3380s
 201472 175327  110.76524  105  643  636.79667 -486.82201   176%   210 3385s
 201731 175564  270.05650  147  647  636.79667 -486.78580   176%   210 3390s
 201942 175757   25.30767  115  683  636.79667 -486.78536   176%   210 3395s
 202308 176103     cutoff  233       636.79667 -486.73121   176%   210 3400s
 202532 176311 -277.29861   53  662  636.79667 -486.62122   176%   211 3405s
 202894 176673   16.54633  108  622  636.79667 -486.62122   176%   211 3410s
 203254 177033  385.90563  177  541  636.79667 -486.62122   176%   211 3415s
 203503 177266  604.90883  220  495  636.79667 -486.62122   176%   211 3424s
 203537 177274     cutoff  225       636.79667 -486.62122   176%   211 3425s
 203814 177511 -226.76006   63  670  636.79667 -486.55283   176%   211 3430s
 204149 177828  307.12514  159  610  636.79667 -486.47901   176%   211 3435s
 204408 178063 -315.34222   63  652  636.79667 -486.47901   176%   212 3440s
 204805 178460 -103.33919  137  632  636.79667 -486.47901   176%   212 3445s
 205356 179011  115.33678  221  541  636.79667 -486.47901   176%   211 3450s
 205916 179571  295.26442  314  508  636.79667 -486.47901   176%   211 3455s
 206414 180069  404.01748  365  454  636.79667 -486.47901   176%   211 3460s
H206714 180333                     636.5964238 -486.47901   176%   211 3463s
H206714 180333                     636.5964108 -486.47901   176%   211 3463s
H206714 180333                     636.5964105 -486.47901   176%   211 3463s
H206714 180262                     636.1498556 -486.47901   176%   211 3463s
 206820 180370  490.88395  407  407  636.14986 -486.47901   176%   211 3465s
H207268 180723                     635.5901834 -486.47901   177%   211 3469s
H207268 180650                     635.2028133 -486.47901   177%   211 3469s
H207268 180648                     635.2021982 -486.47901   177%   211 3469s
H207268 180626                     635.0481748 -486.47901   177%   211 3469s
H207268 180623                     635.0260565 -486.47901   177%   211 3469s
 207342 180699  577.54742  457  381  635.02606 -486.47901   177%   211 3470s
 207680 180995  152.66451  143  650  635.02606 -486.39434   177%   211 3475s
 207824 181125 -477.54826   20  678  635.02606 -486.38849   177%   211 3480s
 208122 181401  -47.03180   54  660  635.02606 -486.38271   177%   211 3485s
 208373 181608  376.56982  181  614  635.02606 -486.38271   177%   211 3490s
 208506 181703 -341.09939   43  685  635.02606 -486.33867   177%   211 3495s
H208574 181769                     635.0260455 -486.33867   177%   211 3496s
 208574 181771    1.48106  111  683  635.02605 -486.33867   177%   211 3501s
 208790 181971 -269.02162   62  657  635.02605 -486.30616   177%   212 3505s
 209032 182185 -475.43110   19  662  635.02605 -486.30616   177%   212 3510s
 209304 182445 -459.90434   20  664  635.02605 -486.29401   177%   212 3515s
 209595 182718 -117.21717   81  679  635.02605 -486.29401   177%   212 3520s
 209910 183013  173.39913  139  677  635.02605 -486.28734   177%   213 3525s
 210208 183297 -304.08437   58  643  635.02605 -486.27951   177%   213 3530s
 210509 183598 -135.98642  120  639  635.02605 -486.27951   177%   213 3535s
 211064 184153   98.69001  199  587  635.02605 -486.27951   177%   213 3540s
 211681 184770  303.79114  301  478  635.02605 -486.27951   177%   212 3545s
 212327 185416  434.56362  368  477  635.02605 -486.27951   177%   212 3550s
 212787 185876  531.76619  413  438  635.02605 -486.27951   177%   212 3555s
 213329 186376 -448.20132   24  657  635.02605 -486.27951   177%   212 3560s
 213609 186634 -222.22719   63  679  635.02605 -486.25517   177%   212 3565s
H213617 186506                     634.3006255 -486.25517   177%   212 3565s
H213617 186506                     634.2999443 -486.25517   177%   212 3565s
H213617 186443                     634.0107230 -486.25517   177%   212 3565s
H213617 186292                     633.1964170 -486.25517   177%   212 3565s
 213645 186322  -49.62542   99  671  633.19642 -486.25517   177%   212 3570s
 213859 186512 -381.97201   39  696  633.19642 -486.24697   177%   212 3575s
 214076 186729  532.28990  256  561  633.19642 -486.24697   177%   212 3580s
 214414 187029 -184.70624   70  685  633.19642 -486.21239   177%   212 3585s
 214617 187218  612.02395  261  593  633.19642 -486.21239   177%   212 3591s
 214855 187444  508.30782  249  551  633.19642 -486.20443   177%   212 3595s

Cutting planes:
  Gomory: 9
  Implied bound: 161
  Flow cover: 61
  Relax-and-lift: 43

Explored 215168 nodes (45589138 simplex iterations) in 3600.00 seconds (2135.54 work units)
Thread count was 1 (of 56 available processors)

Solution count 10: 633.196 634.011 634.3 ... 636.15

Time limit reached
Best objective 6.331964169895e+02, best bound -4.862044270458e+02, gap 176.7857%

User-callback calls 915814, time in user-callback 2.93 sec
primal_bound = 633.1964169895436, dual_bound = -486.2044270457627, gap = 176.78571988094362, time = 3600.01
