solving instance transportation 10 3 sincos
Set parameter TokenServer to value "licences.gerad.lan"
Set parameter MIPGap to value 1e-06
Set parameter FuncPieceError to value 1e-06
Set parameter Threads to value 1
Set parameter FuncPieces to value -2
Set parameter TimeLimit to value 3600
Gurobi Optimizer version 12.0.2 build v12.0.2rc0 (linux64 - "AlmaLinux 9.6 (Sage Margay)")

CPU model: Intel(R) Xeon(R) Gold 6258R CPU @ 2.70GHz, instruction set [SSE2|AVX|AVX2|AVX512]
Thread count: 56 physical cores, 56 logical processors, using up to 1 threads

Non-default parameters:
TimeLimit  3600
MIPGap  1e-06
Threads  1
FuncPieces  -2
FuncPieceError  1e-06

Optimize a model with 420 rows, 700 columns and 1200 nonzeros
Model fingerprint: 0x453fe0ea
Model has 200 function constraints treated as nonlinear
  100 SIN, 100 COS
Variable types: 600 continuous, 100 integer (100 binary)
Coefficient statistics:
  Matrix range     [9e-03, 3e+02]
  Objective range  [1e+00, 1e+00]
  Bounds range     [1e+00, 1e+10]
  RHS range        [5e-01, 3e+02]
Warning: Model contains large bounds
         Consider reformulating model or setting NumericFocus parameter
         to avoid numerical issues.
Presolve removed 200 rows and 200 columns
Presolve time: 0.00s
Presolved: 1820 rows, 501 columns, 3800 nonzeros
Presolved model has 200 nonlinear constraint(s)

Solving non-convex MINLP

Variable types: 401 continuous, 100 integer (100 binary)
Found heuristic solution: objective 854.8177253

Root relaxation: objective -1.751989e+02, 628 iterations, 0.01 seconds (0.01 work units)

    Nodes    |    Current Node    |     Objective Bounds      |     Work
 Expl Unexpl |  Obj  Depth IntInf | Incumbent    BestBd   Gap | It/Node Time

     0     0 -175.19887    0  300  854.81773 -175.19887   120%     -    0s
H    0     0                     803.5841203 -175.19887   122%     -    0s
H    0     0                     799.0233945 -175.19887   122%     -    0s
H    0     0                     798.4717678 -175.19887   122%     -    0s
     0     0 -136.69494    0  217  798.47177 -136.69494   117%     -    0s
     0     0 -130.20363    0  211  798.47177 -130.20363   116%     -    0s
     0     0 -127.85474    0  202  798.47177 -127.85474   116%     -    0s
     0     0 -127.84360    0  203  798.47177 -127.84360   116%     -    0s
     0     0 -126.96557    0  198  798.47177 -126.96557   116%     -    0s
     0     0 -126.96091    0  199  798.47177 -126.96091   116%     -    0s
     0     0 -126.68360    0  199  798.47177 -126.68360   116%     -    0s
     0     0 -126.68039    0  199  798.47177 -126.68039   116%     -    0s
     0     0 -126.62580    0  200  798.47177 -126.62580   116%     -    0s
     0     0 -126.62403    0  200  798.47177 -126.62403   116%     -    0s
     0     0 -126.61590    0  201  798.47177 -126.61590   116%     -    0s
     0     0 -126.61590    0  201  798.47177 -126.61590   116%     -    0s
H    0     0                     748.7791481 -126.61590   117%     -    0s
     0     2 -126.61571    0  201  748.77915 -126.61571   117%     -    0s
H   78    78                     737.1831957 -125.99899   117%  65.0    0s
H   78    78                     735.8841870 -125.99899   117%  65.0    0s
H   78    78                     735.2712684 -125.99899   117%  65.0    0s
H  104   104                     711.9313967 -125.99899   118%  60.0    0s
H  104   104                     711.7882224 -125.99899   118%  60.0    0s
H  104   104                     711.6591414 -125.99899   118%  60.0    0s
H  104   104                     711.6356966 -125.99899   118%  60.0    0s
H  135   135                     702.9595570 -125.99899   118%  65.0    1s
H  135   135                     702.4078428 -125.99899   118%  65.0    1s
H  135   135                     701.6854763 -125.99899   118%  65.0    1s
H  135   135                     701.3648570 -125.99899   118%  65.0    1s
H  135   135                     701.3633359 -125.99899   118%  65.0    1s
H  135   135                     701.3633212 -125.99899   118%  65.0    1s
H  135   135                     700.9517902 -125.99899   118%  65.0    1s
H  156   156                     541.2384337 -125.99899   123%  63.9    1s
H  156   156                     536.0724060 -125.99899   124%  63.9    1s
H  270   270                     536.0378098 -125.99899   124%  47.4    1s
H  270   270                     531.2276633 -125.99899   124%  47.4    1s
H  270   270                     531.0956577 -125.99899   124%  47.4    1s
H  270   270                     531.0951032 -125.99899   124%  47.4    1s
H  270   270                     530.3661587 -125.99899   124%  47.4    1s
H  270   270                     530.3531654 -125.99899   124%  47.4    1s
H  270   270                     530.0440137 -125.99899   124%  47.4    1s
H  270   270                     530.0273259 -125.99899   124%  47.4    1s
H  270   270                     530.0237325 -125.99899   124%  47.4    1s
H  270   270                     529.9788711 -125.99899   124%  47.4    1s
H  270   270                     529.5121128 -125.99899   124%  47.4    1s
H  270   270                     529.5115359 -125.99899   124%  47.4    1s
H  270   270                     529.5114925 -125.99899   124%  47.4    1s
H  270   270                     529.5113909 -125.99899   124%  47.4    1s
H  270   270                     529.5113728 -125.99899   124%  47.4    1s
H  270   270                     529.4797202 -125.99899   124%  47.4    1s
H  270   270                     529.3242446 -125.99899   124%  47.4    1s
H  270   270                     529.2606066 -125.99899   124%  47.4    1s
H  270   270                     528.9680314 -125.99899   124%  47.4    1s
H  270   270                     528.9680060 -125.99899   124%  47.4    1s
H  270   270                     528.9167038 -125.99899   124%  47.4    1s
H  270   270                     528.9095117 -125.99899   124%  47.4    1s
H  270   270                     528.8992949 -125.99899   124%  47.4    1s
H  270   270                     528.8892917 -125.99899   124%  47.4    1s
H  270   270                     528.8721265 -125.99899   124%  47.4    1s
H  270   270                     528.8712843 -125.99899   124%  47.4    1s
H  270   270                     528.8710630 -125.99899   124%  47.4    1s
H  270   270                     528.8710505 -125.99899   124%  47.4    1s
H  270   270                     528.8707123 -125.99899   124%  47.4    1s
H  270   270                     528.8699258 -125.99899   124%  47.4    1s
H  270   270                     528.8697229 -125.99899   124%  47.4    1s
H  270   270                     528.8696860 -125.99899   124%  47.4    1s
H  270   270                     527.7489206 -125.99899   124%  47.4    1s
H  707   697                     496.4087093 -125.99899   125%  28.5    2s
H  707   697                     495.5610809 -125.99899   125%  28.5    2s
H  707   697                     493.9170325 -125.99899   126%  28.5    2s
H  707   697                     493.4410523 -125.99899   126%  28.5    2s
H  707   697                     474.4412181 -125.99899   127%  28.5    2s
H  707   697                     474.2994314 -125.99899   127%  28.5    2s
H  707   697                     472.9912873 -125.99899   127%  28.5    2s
H  707   697                     472.9910198 -125.99899   127%  28.5    2s
H  707   697                     471.0457009 -125.99899   127%  28.5    2s
H  707   697                     471.0452530 -125.99899   127%  28.5    2s
H  707   697                     471.0452435 -125.99899   127%  28.5    2s
H  707   697                     469.7023749 -125.99899   127%  28.5    2s
H  707   697                     469.2700782 -125.99899   127%  28.5    2s
H  707   697                     469.2642500 -125.99899   127%  28.5    2s
H  707   697                     468.7419342 -125.99899   127%  28.5    2s
H  707   697                     468.7419161 -125.99899   127%  28.5    2s
H  707   697                     468.5591355 -125.99899   127%  28.5    2s
H  707   697                     464.3212416 -125.99899   127%  28.5    2s
H  773   712                     462.3711905 -125.93503   127%  28.0    2s
   894   794  165.94510   68  199  462.37119 -110.92315   124%  35.5    5s
H 1074   875                     455.2405171 -110.92315   124%  36.1    5s
H 1074   841                     455.2404974 -110.92315   124%  36.1    5s
H 1074   809                     455.0839097 -110.92315   124%  36.1    5s
H 1074   778                     455.0735367 -110.92315   124%  36.1    5s
H 1074   749                     455.0734702 -110.92315   124%  36.1    5s
H 1247   833                     449.2145117 -110.92315   125%  35.6    6s
H 1247   807                     440.9708349 -110.92315   125%  35.6    6s
H 1247   782                     440.0698803 -110.92315   125%  35.6    6s
H 1247   758                     439.9735646 -110.92315   125%  35.6    6s
H 1247   735                     439.7144211 -110.92315   125%  35.6    6s
H 1247   714                     439.2780006 -110.92315   125%  35.6    6s
H 1247   694                     439.2761829 -110.92315   125%  35.6    6s
H 1247   674                     439.2760818 -110.92315   125%  35.6    6s
H 1247   656                     439.2760409 -110.92315   125%  35.6    6s
H 1247   638                     439.0312281 -110.92315   125%  35.6    6s
H 1247   622                     438.4708454 -110.92315   125%  35.6    6s
  2247  1386  212.90004   91  181  438.47085 -110.56523   125%  49.5   10s
  3985  3026  430.96216  197  111  438.47085  -98.61060   122%  47.9   15s
  5471  4372  118.08898   60  184  438.47085  -95.75771   122%  54.1   20s
  7062  5895    6.01022   30  198  438.47085  -90.33368   121%  57.0   25s
  8719  7484   11.37914   26  214  438.47085  -89.70205   120%  57.8   30s
H 9840  8577                     438.4424418  -86.67319   120%  59.5   33s
H 9840  8471                     434.1584337  -86.67319   120%  59.5   33s
H 9840  8467                     433.9716083  -86.67319   120%  59.5   33s
H 9840  8377                     431.4127121  -86.67319   120%  59.5   33s
H 9840  8130                     426.2913591  -86.67319   120%  59.5   33s
H 9840  8130                     426.2912423  -86.67319   120%  59.5   33s
H 9840  8126                     426.0635869  -86.67319   120%  59.5   33s
 10182  8444   73.46324   45  192  426.06359  -86.67319   120%  60.2   35s
 11294  9470   18.35574   26  220  426.06359  -84.73182   120%  61.8   40s
 12505 10546  376.38424   99  183  426.06359  -81.90145   119%  64.2   45s
 13579 11412  128.68958   55  200  426.06359  -79.09615   119%  67.1   50s
 14737 12438  -14.27919   22  208  426.06359  -76.88539   118%  68.4   56s
 15583 13140   75.02344   44  196  426.06359  -75.75748   118%  70.0   60s
H16837 13734                     419.3545981  -74.19942   118%  70.1   64s
H16837 13710                     418.7276534  -74.19942   118%  70.1   64s
H16837 13708                     418.6779325  -74.19942   118%  70.1   64s
H16837 13679                     418.2062749  -74.19942   118%  70.1   64s
H16837 13679                     418.2018155  -74.19942   118%  70.1   64s
H16837 13679                     418.2017097  -74.19942   118%  70.1   64s
H16837 13611                     417.5061160  -74.19942   118%  70.1   64s
H16837 13609                     417.4924061  -74.19942   118%  70.1   64s
H16837 13609                     417.4919277  -74.19942   118%  70.1   64s
H16837 13609                     417.4919083  -74.19942   118%  70.1   64s
 16839 13613  206.42806   54  170  417.49191  -74.19942   118%  70.2   65s
H17837 14451                     417.2617806  -73.41994   118%  71.9   69s
H17837 14451                     417.2540057  -73.41994   118%  71.9   69s
H17837 14451                     417.2539662  -73.41994   118%  71.9   69s
H17837 14442                     417.1309531  -73.41994   118%  71.9   69s
H17837 14438                     417.1009173  -73.41994   118%  71.9   69s
H17837 14433                     417.0500430  -73.41994   118%  71.9   69s
H17837 14433                     417.0483218  -73.41994   118%  71.9   69s
H17837 14433                     417.0474340  -73.41994   118%  71.9   69s
H17837 14433                     417.0473198  -73.41994   118%  71.9   69s
 17952 14550  369.40608  132  136  417.04732  -73.41994   118%  71.6   70s
H18046 14624                     416.8835135  -73.41994   118%  71.4   70s
H18046 14329                     413.0809662  -73.41994   118%  71.4   70s
H18046 14329                     413.0749661  -73.41994   118%  71.4   70s
H18946 14630                     407.1441513  -72.79392   118%  73.9   75s
 20049 15623  -41.19206   22  197  407.14415  -70.89735   117%  74.7   80s
 21102 16468   25.05177   29  188  407.14415  -70.51069   117%  76.7   85s
 22307 17549  396.77423   97  157  407.14415  -70.02611   117%  78.0   90s
 23453 18562     cutoff   86       407.14415  -68.92456   117%  79.2   95s
 24436 19355   26.74047   29  180  407.14415  -67.18225   117%  81.0  100s
 25003 19914  139.76024   59  178  407.14415  -67.12133   116%  82.7  105s
 26331 21148  276.53339   50  158  407.14415  -66.99696   116%  82.4  110s
 27276 21917  110.08812   44  182  407.14415  -66.20265   116%  83.9  115s
 28481 23010   14.52933   28  203  407.14415  -64.91883   116%  84.0  120s
H28907 23185                     404.4763003  -64.44729   116%  84.6  122s
H28907 23132                     403.8513461  -64.44729   116%  84.6  122s
H28907 22465                     395.7776986  -64.44729   116%  84.6  122s
H28907 22455                     395.5743211  -64.44729   116%  84.6  122s
H28907 22448                     395.4517374  -64.44729   116%  84.6  122s
 29482 23001  -45.17421   18  198  395.45174  -64.39292   116%  84.6  125s
H29907 23346                     395.4234603  -64.30919   116%  85.5  127s
H29907 23346                     395.3940236  -64.30919   116%  85.5  127s
 30348 23697  352.57321   72  154  395.39402  -63.97771   116%  86.0  130s
 31461 24700  379.59848   97  156  395.39402  -63.75818   116%  86.2  135s
 32417 25524  299.29042  114  150  395.39402  -63.37413   116%  87.1  140s
 33377 26306  -54.26669   18  197  395.39402  -62.60334   116%  87.6  145s
 34498 27353  330.65406   88  164  395.39402  -62.04768   116%  87.8  150s
 35265 27904     cutoff   73       395.39402  -61.56672   116%  89.1  155s
 36272 28813  290.11206   56  190  395.39402  -61.28274   115%  89.6  160s
 37196 29621  232.31928   78  187  395.39402  -61.14110   115%  90.4  165s
 38192 30483  235.59330   62  176  395.39402  -60.63563   115%  90.6  170s
 39195 31374     cutoff   57       395.39402  -60.44604   115%  90.6  175s
 40101 32096  286.70348   75  185  395.39402  -60.05205   115%  91.2  180s
 41082 32973  384.10068  110  179  395.39402  -59.84054   115%  91.6  185s
 41904 33635  142.61296   60  194  395.39402  -59.61680   115%  92.3  190s
 42828 34443  220.59294   54  187  395.39402  -59.44048   115%  92.3  195s
 43479 34972  119.86869   52  188  395.39402  -58.91386   115%  93.1  200s
 44265 35674  122.75177   38  191  395.39402  -58.79585   115%  93.1  205s
 44985 36276  252.75737   66  176  395.39402  -58.28386   115%  93.5  210s
 45751 36980   55.30770   28  183  395.39402  -57.93077   115%  93.8  215s
 46394 37463  373.76773   94  163  395.39402  -57.70691   115%  94.3  220s
 47109 38106  336.57059  120  157  395.39402  -57.66561   115%  94.7  225s
 47901 38766  128.77531   43  209  395.39402  -57.32824   114%  95.0  230s
 48753 39542  386.41079  139  138  395.39402  -57.28570   114%  95.5  235s
 49481 40124  143.53640   44  181  395.39402  -57.10954   114%  96.1  240s
 50462 40979  309.11664  116  156  395.39402  -56.96176   114%  96.2  245s
 51326 41691  120.83480   39  196  395.39402  -56.73060   114%  96.3  250s
 52336 42610     cutoff   66       395.39402  -56.57434   114%  96.3  255s
 53119 43215  231.20474   84  184  395.39402  -56.23831   114%  96.6  260s
 54108 44122  222.35285   56  180  395.39402  -56.08891   114%  96.5  265s
 54832 44686   42.31412   33  187  395.39402  -55.87013   114%  97.2  270s
 55824 45604  385.56800  140  118  395.39402  -55.63068   114%  97.2  275s
 56670 46296   99.73323   51  183  395.39402  -55.48839   114%  97.4  280s
 57616 47132   77.88416   36  205  395.39402  -55.36733   114%  97.4  285s
H58256 47522                     394.4033679  -54.97617   114%  97.7  289s
 58256 47524  163.48826   58  193  394.40337  -54.97617   114%  97.7  291s
H58439 47697                     394.3748779  -54.97617   114%  97.6  292s
H58439 47696                     394.3582590  -54.97617   114%  97.6  292s
H58439 47696                     394.3558565  -54.97617   114%  97.6  292s
H58439 47696                     394.3557888  -54.97617   114%  97.6  292s
H58725 47905                     393.8756093  -54.97617   114%  97.5  294s
H58725 47888                     393.6624464  -54.97617   114%  97.5  294s
H58725 47879                     393.5398627  -54.97617   114%  97.5  294s
H58751 47903                     393.5216447  -54.97617   114%  97.5  294s
H58751 47903                     393.5215929  -54.97617   114%  97.5  294s
 58771 47907  -31.39876   21  197  393.52159  -54.95150   114%  97.6  295s
 59623 48631   28.73436   31  190  393.52159  -54.56791   114%  97.8  300s
 60496 49384  380.95518   95  154  393.52159  -54.43257   114%  97.8  305s
 61278 50000  -31.87484   26  192  393.52159  -54.05853   114%  98.1  310s
 62284 50956  157.67246   39  203  393.52159  -53.89601   114%  98.0  315s
 63062 51612   -3.38778   31  197  393.52159  -53.74063   114%  98.4  320s
 64052 52602  277.97381   95  155  393.52159  -53.74063   114%  98.4  325s
 65079 53487  391.96423   99  153  393.52159  -53.52635   114%  98.1  330s
 65994 54289  223.55809   76  167  393.52159  -53.40394   114%  98.2  335s
 67023 55188   -6.23237   24  201  393.52159  -53.29597   114%  98.1  340s
H67111 55040                     391.3961762  -53.25913   114%  98.1  340s
H67111 55033                     391.3219683  -53.25913   114%  98.1  341s
H67111 55010                     391.0678150  -53.25913   114%  98.1  342s
 67437 55306  129.35094   57  187  391.06782  -53.17339   114%  98.3  345s
H68111 55922                     391.0574151  -53.11524   114%  98.2  348s
H68111 55918                     391.0343732  -53.11524   114%  98.2  348s
 68333 56098  360.60924   67  173  391.03437  -52.98750   114%  98.4  350s
H68749 56450                     391.0302914  -52.88880   114%  98.6  352s
H68803 56349                     390.0951012  -52.57992   113%  98.6  353s
H68803 56343                     390.0493895  -52.57992   113%  98.6  353s
H68803 56343                     390.0489601  -52.57992   113%  98.6  353s
H68803 56343                     390.0432630  -52.57992   113%  98.6  353s
H68803 56343                     390.0431864  -52.57992   113%  98.6  353s
H68803 56343                     390.0417646  -52.57992   113%  98.6  353s
H68803 56343                     390.0402640  -52.57992   113%  98.6  353s
H68803 56343                     390.0400753  -52.57992   113%  98.6  353s
H68803 56343                     390.0400726  -52.57992   113%  98.6  353s
 69090 56588  105.33573   47  185  390.04007  -52.56773   113%  98.8  355s
H69612 57058                     390.0393990  -52.44310   113%  98.6  357s
H69612 57058                     390.0393593  -52.44310   113%  98.6  357s
 70019 57395  355.54991   71  153  390.03936  -52.31231   113%  98.9  360s
 70813 58103  277.62661  102  154  390.03936  -52.25404   113%  99.0  365s
 71729 58885     cutoff   78       390.03936  -52.05140   113%  99.1  370s
 72718 59776     cutoff   90       390.03936  -51.99299   113%  99.0  375s
 73460 60352  -18.41887   25  192  390.03936  -51.73675   113%  99.4  380s
 74415 61221     cutoff  107       390.03936  -51.66209   113%  99.5  385s
 75257 61889  108.95537   54  183  390.03936  -51.43369   113%   100  390s
 76181 62705  270.15693   73  163  390.03936  -51.35779   113%   100  395s
 77136 63576  265.75065  104  153  390.03936  -51.24515   113%   100  400s
 78004 64306  365.98324   78  164  390.03936  -51.10275   113%   100  405s
 78880 65102     cutoff   96       390.03936  -50.88720   113%   100  410s
H79185 65342                     389.9849198  -50.83804   113%   100  412s
H79185 65340                     389.9805320  -50.83804   113%   100  412s
H79185 65338                     389.9769415  -50.83804   113%   100  412s
H79185 65338                     389.9768178  -50.83804   113%   100  412s
 79589 65696     cutoff   69       389.97682  -50.76875   113%   100  415s
 80429 66420     cutoff  102       389.97682  -50.61008   113%   100  420s
 81229 67046   44.60285   31  197  389.97682  -50.33381   113%   100  425s
 82227 67952     cutoff  113       389.97682  -50.31346   113%   100  430s
 83051 68672  257.49412   93  146  389.97682  -50.07906   113%   101  435s
 83971 69414  168.55307   42  179  389.97682  -49.79592   113%   100  440s
 84866 70217  384.67963   67  122  389.97682  -49.61004   113%   100  445s
 85552 70753  -23.95463   25  191  389.97682  -49.26267   113%   101  450s
 86478 71607   88.04489   35  194  389.97682  -49.00895   113%   101  455s
 87270 72281  107.52530   49  196  389.97682  -48.81472   113%   101  460s
 88152 73063   55.30990   34  196  389.97682  -48.67557   112%   101  465s
H88451 73302                     389.9767741  -48.64295   112%   101  467s
H88451 73302                     389.9767529  -48.64295   112%   101  467s
 88609 73442   61.64475   38  189  389.97675  -48.62493   112%   101  470s
H88810 73641                     389.9765601  -48.62493   112%   101  472s
H88810 73641                     389.9765424  -48.62493   112%   101  472s
H88810 73641                     389.9765373  -48.62493   112%   101  472s
H89179 73980                     389.9765284  -48.61950   112%   101  473s
H89179 73980                     389.9765177  -48.61950   112%   101  473s
 89344 74113  388.89474   53  138  389.97652  -48.49084   112%   101  475s
 90144 74735  111.48361   48  184  389.97652  -48.36110   112%   101  480s
 91033 75514  285.09632   55  165  389.97652  -48.22298   112%   101  485s
H91233 75656                     389.9753501  -48.16607   112%   101  486s
H91233 75656                     389.9753439  -48.16607   112%   101  486s
H91233 75656                     389.9752257  -48.16607   112%   101  486s
H91233 75656                     389.9751722  -48.16607   112%   101  486s
 91888 76299  366.30718  136  132  389.97517  -48.15865   112%   101  490s
 92713 76956  201.38144   50  177  389.97517  -48.02024   112%   101  495s
 93545 77686  309.93008  110  162  389.97517  -47.94743   112%   102  500s
 94272 78293   -0.15176   28  198  389.97517  -47.77180   112%   102  505s
H94615 78574                     389.8392025  -47.72928   112%   102  506s
H94615 78572                     389.8282721  -47.72928   112%   102  507s
 95208 79155  344.42550  130  131  389.82827  -47.70912   112%   102  510s
H95260 79205                     389.8267272  -47.70912   112%   102  510s
H95260 79205                     389.8267172  -47.70912   112%   102  510s
 95939 79732  -26.93707   20  197  389.82672  -47.57911   112%   102  515s
H96016 79532                     388.3389259  -47.57911   112%   102  515s
H96016 78871                     384.7531699  -47.57911   112%   102  515s
H96016 78856                     384.6338144  -47.57911   112%   102  515s
H96016 78167                     381.4198050  -47.57911   112%   102  515s
H96016 78132                     381.2789035  -47.57911   112%   102  515s
H96016 78001                     380.7209262  -47.57911   112%   102  515s
H96016 77958                     380.5543176  -47.57911   113%   102  515s
H96016 77958                     380.5541876  -47.57911   113%   102  515s
H96016 77957                     380.5483086  -47.57911   113%   102  515s
H96016 77957                     380.5473190  -47.57911   113%   102  515s
H96016 77957                     380.5472761  -47.57911   113%   102  515s
H96016 77955                     380.5435503  -47.57911   113%   102  515s
H96016 77955                     380.5435493  -47.57911   113%   102  515s
H96016 77952                     380.5372189  -47.57911   113%   102  516s
 96712 78614  372.51136  141  132  380.53722  -47.55307   112%   102  520s
 97445 79189  146.86339   49  177  380.53722  -47.45497   112%   102  525s
 98331 80003  359.43018  145  116  380.53722  -47.36693   112%   102  530s
 99121 80643     cutoff   64       380.53722  -47.17943   112%   102  535s
 99903 81393  165.92481   60  170  380.53722  -47.12516   112%   103  540s
 101059 82459    7.95611   29  192  380.53722  -47.10288   112%   102  545s
H101267 82665                     380.5267026  -47.10288   112%   102  546s
H101267 82572                     380.1176676  -47.10288   112%   102  546s
H101267 82565                     380.1015181  -47.10288   112%   102  546s
H101267 82563                     380.1005512  -47.10288   112%   102  546s
H101267 82561                     380.0986558  -47.10288   112%   102  546s
 101781 82977  121.70521   42  196  380.09866  -47.04653   112%   102  550s
H102267 83425                     380.0986205  -47.04263   112%   102  553s
H102267 83425                     380.0985743  -47.04263   112%   102  553s
 102655 83751     cutoff   77       380.09857  -47.00895   112%   102  555s
 103397 84387  171.80881   64  182  380.09857  -46.85758   112%   103  560s
 104247 85085  372.59699   91  177  380.09857  -46.71614   112%   103  565s
 105142 85870  339.94361  128  116  380.09857  -46.64296   112%   103  570s
H105466 86086                     380.0261750  -46.54239   112%   103  571s
H105466 86082                     379.9958482  -46.54239   112%   103  571s
H105466 86062                     379.9643751  -46.54239   112%   103  571s
H105466 86062                     379.9616527  -46.54239   112%   103  571s
H105466 86060                     379.9527148  -46.54239   112%   103  572s
 105941 86445  238.41723   91  170  379.95271  -46.48180   112%   103  575s
H106364 86680                     379.4558769  -46.46687   112%   103  577s
H106364 86678                     379.4547561  -46.46687   112%   103  577s
H106364 86678                     379.4528360  -46.46687   112%   103  577s
H106509 86823                     379.4472041  -46.46687   112%   103  578s
H106509 86823                     379.4472041  -46.46687   112%   103  578s
 106864 87152   56.28511   28  196  379.44720  -46.42368   112%   103  580s
H107112 87285                     379.4414403  -46.38068   112%   103  581s
H107112 87285                     379.4414365  -46.38068   112%   103  581s
H107112 87285                     379.4414322  -46.38068   112%   103  581s
 107557 87628  105.03810   37  203  379.44143  -46.32191   112%   103  585s
 108427 88424  129.37127   44  182  379.44143  -46.23403   112%   103  590s
 109182 89051  116.54496   52  181  379.44143  -46.01995   112%   103  595s
H109560 89421                     379.4303822  -46.01995   112%   103  596s
H109560 89421                     379.4301522  -46.01995   112%   103  596s
 109960 89711  342.83425   48  163  379.43015  -45.96951   112%   103  600s
H110170 89875                     379.4301426  -45.94920   112%   103  601s
H110170 89875                     379.4301180  -45.94920   112%   103  601s
 110702 90341  223.21352   88  171  379.43012  -45.86808   112%   103  605s
 111531 91076   30.14347   31  192  379.43012  -45.78142   112%   103  610s
H111907 91392                     379.4301164  -45.69517   112%   103  612s
 112307 91766  238.40736   83  176  379.43012  -45.65201   112%   103  615s
H112590 91997                     379.3207891  -45.65201   112%   103  616s
H112590 91996                     379.3130280  -45.65201   112%   103  616s
H112590 91996                     379.3129991  -45.65201   112%   103  616s
H112590 91994                     379.3108145  -45.65201   112%   103  616s
H112590 91994                     379.3104830  -45.65201   112%   103  616s
H112590 91988                     379.2934359  -45.65201   112%   103  616s
H112592 91988                     379.2934017  -45.65201   112%   103  617s
H112592 91987                     379.2796571  -45.65201   112%   103  617s
 112769 92114  247.73480   52  205  379.27966  -45.64488   112%   103  620s
 113518 92711   19.30555   27  189  379.27966  -45.52453   112%   104  625s
H114180 93327                     379.2121034  -45.52166   112%   104  628s
H114180 93314                     379.1763309  -45.52166   112%   104  628s
H114180 93314                     379.1698517  -45.52166   112%   104  628s
H114180 93314                     379.1692927  -45.52166   112%   104  628s
H114180 93314                     379.1692902  -45.52166   112%   104  628s
H114180 93312                     379.1671858  -45.52166   112%   104  628s
 114362 93460  196.82775   50  185  379.16719  -45.51829   112%   104  630s
 115179 94185  297.39748  110  136  379.16719  -45.46143   112%   104  635s
H115180 94184                     379.1671774  -45.46143   112%   104  635s
H115421 94369                     379.1633353  -45.44603   112%   104  636s
H115421 94366                     379.1456724  -45.44603   112%   104  636s
H115421 94366                     379.1433317  -45.44603   112%   104  636s
H115625 94532                     379.1430750  -45.42096   112%   104  638s
H115625 94532                     379.1428457  -45.42096   112%   104  638s
H115625 94532                     379.1428043  -45.42096   112%   104  638s
 115879 94720   81.18549   41  187  379.14280  -45.36321   112%   104  640s
H116713 95498                     379.1421869  -45.32480   112%   104  644s
 116855 95642  338.01545  126  105  379.14219  -45.32480   112%   104  645s
H116901 95682                     379.1407545  -45.32480   112%   104  645s
 117525 96162  174.62823   47  193  379.14075  -45.19423   112%   104  650s
 118288 96829  137.92448   31  182  379.14075  -45.16184   112%   104  655s
 118921 97290  198.66195   58  172  379.14075  -45.03624   112%   104  660s
 119734 98027     cutoff   89       379.14075  -44.95790   112%   104  665s
 120462 98605   84.57779   44  183  379.14075  -44.93666   112%   105  670s
H121184 99295                     379.1187395  -44.93666   112%   104  673s
H121184 99295                     379.1179155  -44.93666   112%   104  673s
H121184 99295                     379.1086270  -44.93666   112%   104  673s
H121184 99295                     379.1083829  -44.93666   112%   104  673s
 121433 99484     cutoff   62       379.10838  -44.88964   112%   104  675s
H121601 99627                     379.0906054  -44.83691   112%   104  676s
H121601 99627                     379.0899162  -44.83691   112%   104  676s
H121601 99627                     379.0898079  -44.83691   112%   104  676s
H121601 99627                     379.0897422  -44.83691   112%   104  676s
H121950 99904                     379.0888500  -44.80530   112%   105  678s
H121950 99904                     379.0888452  -44.80530   112%   105  678s
 122159 100091  143.17200   62  189  379.08885  -44.78857   112%   105  680s
 123024 100842  138.99676   44  183  379.08885  -44.69968   112%   105  685s
 123755 101495  140.04743   62  186  379.08885  -44.64943   112%   105  690s
 124581 102219  -23.04262   22  192  379.08885  -44.60359   112%   105  695s
H124915 102446                     379.0848912  -44.58201   112%   105  697s
H125104 102635                     379.0847138  -44.57915   112%   105  698s
H125138 102668                     379.0776417  -44.57915   112%   105  699s
H125138 102664                     379.0631067  -44.57915   112%   105  699s
H125242 102758                     379.0413108  -44.57915   112%   105  699s
H125271 102787                     379.0407046  -44.57915   112%   105  699s
H125271 102787                     379.0406738  -44.57915   112%   105  699s
 125320 102838  304.08456  105  153  379.04067  -44.57915   112%   105  700s
 126049 103421   55.40863   34  200  379.04067  -44.48608   112%   105  705s
H126623 103924                     378.9629800  -44.44818   112%   105  708s
H126623 103924                     378.9607829  -44.44818   112%   105  708s
 126892 104143   -9.84189   23  185  378.96078  -44.41406   112%   105  710s
H127095 104315                     378.9585914  -44.39992   112%   105  711s
H127095 104311                     378.9486856  -44.39992   112%   105  711s
H127095 104311                     378.9462871  -44.39992   112%   105  711s
H127095 104311                     378.9461649  -44.39992   112%   105  711s
 127625 104683  -14.12313   22  195  378.94616  -44.29218   112%   105  715s
H127943 104950                     378.8454332  -44.27557   112%   105  716s
H128156 105163                     378.8412231  -44.27557   112%   105  718s
H128156 105163                     378.8412211  -44.27557   112%   105  718s
H128156 105163                     378.8412089  -44.27557   112%   105  718s
 128510 105453  349.23053   86  163  378.84121  -44.27279   112%   105  720s
 129246 106035  -36.43663   22  192  378.84121  -44.14528   112%   105  725s
 130021 106748  180.23354   52  191  378.84121  -44.02513   112%   105  730s
H130429 107060                     378.8247479  -43.99453   112%   105  733s
H130429 107056                     378.8121576  -43.99453   112%   105  733s
H130429 107056                     378.8115995  -43.99453   112%   105  733s
H130429 107056                     378.8115309  -43.99453   112%   105  733s
 130677 107248     cutoff   76       378.81153  -43.95119   112%   105  735s
 131151 107708  314.56553  119  132  378.81153  -43.94623   112%   105  740s
H131471 107974                     378.8101462  -43.93249   112%   105  741s
 131890 108307  350.39796   91  156  378.81015  -43.89476   112%   105  745s
H132298 108649                     378.8092538  -43.83728   112%   105  747s
H132421 108772                     378.8083704  -43.83728   112%   105  748s
H132421 108772                     378.8076815  -43.83728   112%   105  748s
 132735 109088  371.29302  130  135  378.80768  -43.83728   112%   105  750s
 133418 109627  333.99293  117  156  378.80768  -43.70926   112%   106  755s
H133421 109628                     378.8076814  -43.70926   112%   106  755s
H133421 109557                     378.4955077  -43.70926   112%   106  755s
H133421 109545                     378.4500647  -43.70926   112%   106  755s
H133421 109508                     378.2283981  -43.70926   112%   106  755s
H133421 109507                     378.2233555  -43.70926   112%   106  755s
 134047 110089  123.62375   50  183  378.22336  -43.66942   112%   106  760s
 134728 110770  329.98919   99  159  378.22336  -43.66942   112%   106  765s
 135652 111498     cutoff   90       378.22336  -43.58260   112%   106  770s
 136362 112124  313.04153  100  162  378.22336  -43.48067   111%   106  775s
 137201 112843  253.97138   50  191  378.22336  -43.34183   111%   106  780s
 138039 113595  338.99127  123  149  378.22336  -43.25474   111%   106  785s
 138759 114123  -32.62511   20  193  378.22336  -43.20174   111%   106  790s
 139580 114882  196.34006   66  184  378.22336  -43.17238   111%   106  795s
 140325 115479  281.19030   55  142  378.22336  -43.09936   111%   107  800s
 141149 116169   74.91944   32  208  378.22336  -43.02590   111%   107  805s
H141398 116319                     378.0361174  -42.96342   111%   107  806s
H141398 116316                     378.0082795  -42.96342   111%   107  806s
H141813 116685                     378.0082794  -42.94677   111%   107  809s
H141839 116711                     378.0082793  -42.94677   111%   107  809s
H141865 116737                     378.0082792  -42.94677   111%   107  809s
 141890 116764  164.69634   60  184  378.00828  -42.94677   111%   107  810s
H142196 117056                     377.9628021  -42.94677   111%   107  811s
H142196 117056                     377.9627622  -42.94677   111%   107  811s
H142196 117056                     377.9626899  -42.94677   111%   107  811s
H142385 117198                     377.9210541  -42.90076   111%   107  812s
H142385 117197                     377.9059915  -42.90076   111%   107  812s
H142385 117194                     377.8916183  -42.90076   111%   107  812s
H142385 117193                     377.8886199  -42.90076   111%   107  812s
H142385 117193                     377.8876420  -42.90076   111%   107  812s
H142385 117193                     377.8875061  -42.90076   111%   107  812s
H142385 117193                     377.8874055  -42.90076   111%   107  812s
H142385 117175                     377.8299150  -42.90076   111%   107  812s
 142697 117437  371.72490   98  156  377.82992  -42.83693   111%   107  815s
H143195 117825                     377.8299150  -42.76178   111%   107  818s
H143195 117711                     377.4654639  -42.76178   111%   107  818s
H143195 117641                     377.2378085  -42.76178   111%   107  818s
H143353 117747                     377.0145190  -42.76178   111%   107  819s
H143353 117745                     377.0016202  -42.76178   111%   107  819s
H143353 117745                     377.0004784  -42.76178   111%   107  819s
H143353 117745                     377.0003678  -42.76178   111%   107  819s
 143472 117866  257.51744   87  162  377.00037  -42.76178   111%   107  820s
H143779 118145                     376.9867682  -42.75979   111%   107  821s
H143779 118145                     376.9867509  -42.75979   111%   107  821s
H143779 118144                     376.9858480  -42.75979   111%   107  821s
 144192 118443  133.99672   41  176  376.98585  -42.69375   111%   107  825s
H144224 118473                     376.9856489  -42.69375   111%   107  825s
H144224 118473                     376.9854884  -42.69375   111%   107  825s
H144224 118473                     376.9854297  -42.69375   111%   107  825s
H144224 118473                     376.9854275  -42.69375   111%   107  825s
H144456 118645                     376.9853262  -42.65277   111%   107  826s
 144980 119145  304.23021  110  134  376.98533  -42.64558   111%   107  830s
H145456 119531                     376.9853174  -42.56208   111%   107  833s
H145456 119531                     376.9853121  -42.56208   111%   107  833s
 145717 119742  297.20913   65  173  376.98531  -42.49765   111%   107  835s
 146566 120497  147.04418   40  191  376.98531  -42.36856   111%   107  840s
 147285 121114  330.22703   75  152  376.98531  -42.30757   111%   107  845s
 148090 121831  366.19813   61  142  376.98531  -42.23641   111%   107  850s
 148830 122425   53.46039   38  193  376.98531  -42.11740   111%   107  855s
 149702 123213  374.42395   59  131  376.98531  -42.08047   111%   107  860s
 150412 123805  177.92424   63  171  376.98531  -42.04105   111%   107  865s
 151203 124478  173.90488   40  184  376.98531  -41.92292   111%   107  870s
 152041 125254  325.38080  119  143  376.98531  -41.89392   111%   107  875s
 152593 125690  366.24636   92  158  376.98531  -41.82214   111%   107  881s
 153144 126143  230.04091   77  173  376.98531  -41.79032   111%   107  885s
 153883 126768  294.57235  100  160  376.98531  -41.75555   111%   107  890s
H154463 127284                     376.9853083  -41.60307   111%   108  893s
 154691 127514  322.98684  123  143  376.98531  -41.60307   111%   108  895s
 155428 128091  301.53077   71  165  376.98531  -41.51773   111%   108  900s
H155708 128304                     376.9835342  -41.49610   111%   108  902s
 156246 128792     cutoff   95       376.98353  -41.48594   111%   108  905s
 156987 129395  -27.14770   25  196  376.98353  -41.34054   111%   108  910s
H157388 129768                     376.9831696  -41.32646   111%   108  912s
H157388 129768                     376.9831647  -41.32646   111%   108  912s
 157776 130114     cutoff   92       376.98316  -41.30974   111%   108  915s
H158306 130514                     376.9831431  -41.27286   111%   108  918s
H158306 130514                     376.9831403  -41.27286   111%   108  918s
 158468 130614  306.47630   66  160  376.98314  -41.24943   111%   108  920s
 159270 131334     cutoff   64       376.98314  -41.19243   111%   108  925s
 159952 131928  220.40463   77  187  376.98314  -41.15044   111%   108  930s
 160722 132588   16.70609   29  197  376.98314  -41.07057   111%   108  935s
H161418 133206                     376.9827191  -41.02579   111%   108  939s
 161482 133272  269.28256   96  140  376.98272  -41.02579   111%   108  940s
H161578 133366                     376.9826275  -41.02579   111%   108  940s
H162129 133817                     376.9807732  -41.01988   111%   108  944s
 162192 133870  292.12458   63  165  376.98077  -41.01988   111%   108  945s
H162488 134104                     376.9807731  -41.00277   111%   108  947s
 162958 134574  364.43378  133  155  376.98077  -41.00277   111%   108  950s
H163225 134781                     376.9806176  -40.99097   111%   108  952s
 163610 135102  -31.74226   23  198  376.98062  -40.94200   111%   109  955s
H164225 135593                     376.9800645  -40.90034   111%   109  959s
H164225 135593                     376.9800368  -40.90034   111%   109  959s
 164341 135711  295.61991   98  143  376.98004  -40.90034   111%   109  960s
H164389 135757                     376.9800136  -40.90034   111%   109  960s
H164389 135757                     376.9800043  -40.90034   111%   109  960s
H164389 135757                     376.9799960  -40.90034   111%   109  960s
 165031 136287  161.52980   48  173  376.98000  -40.81732   111%   109  965s
H165389 136571                     376.9799946  -40.78398   111%   109  967s
 165834 137018  353.67943  125  129  376.97999  -40.78398   111%   109  970s
 166562 137620  370.49861   96  163  376.97999  -40.75143   111%   109  975s
H167252 138235                     376.9482966  -40.69135   111%   109  979s
 167334 138319  180.91588   71  182  376.94830  -40.69135   111%   109  980s
H168063 139046                     376.9480977  -40.69135   111%   109  983s
H168063 139046                     376.9480975  -40.69135   111%   109  983s
 168364 139275  304.78071   60  149  376.94810  -40.67173   111%   109  985s
H168505 139378                     376.9465554  -40.66272   111%   109  986s
H168505 139378                     376.9465489  -40.66272   111%   109  986s
H168505 139378                     376.9465367  -40.66272   111%   109  986s
H168505 139378                     376.9465365  -40.66272   111%   109  986s
H168505 139378                     376.9465349  -40.66272   111%   109  986s
 169023 139794  -14.49852   25  194  376.94653  -40.59537   111%   109  990s
 169901 140608   43.59033   24  194  376.94653  -40.59125   111%   109  995s
 170576 141149   11.61824   28  188  376.94653  -40.44415   111%   109 1000s
 171330 141797  311.99040   52  183  376.94653  -40.43464   111%   109 1007s
 171679 142056   71.63883   43  200  376.94653  -40.42562   111%   109 1010s
 172392 142687  231.91620   84  178  376.94653  -40.36011   111%   109 1015s
H172551 142839                     376.9414357  -40.36011   111%   109 1015s
H173067 143259                     376.9412616  -40.30265   111%   109 1019s
H173067 143259                     376.9412170  -40.30265   111%   109 1019s
H173067 143259                     376.9411963  -40.30265   111%   109 1019s
 173126 143302  179.82746   46  196  376.94120  -40.29411   111%   109 1020s
 173852 143962  252.29284   97  158  376.94120  -40.25875   111%   109 1025s
 174658 144638  105.14079   48  192  376.94120  -40.24453   111%   109 1030s
 175354 145204   72.36111   42  194  376.94120  -40.19080   111%   109 1035s
H175917 145737                     376.9411961  -40.15709   111%   109 1038s
 176119 145887  -17.83942   21  191  376.94120  -40.15094   111%   109 1040s
 176744 146400   87.21699   41  174  376.94120  -40.02291   111%   109 1045s
H176972 146626                     376.9354239  -40.02291   111%   109 1046s
H176972 146626                     376.9353915  -40.02291   111%   109 1046s
H176972 146626                     376.9353866  -40.02291   111%   109 1046s
 177575 147163     cutoff   82       376.93539  -40.00226   111%   109 1050s
 178270 147694  126.76811   55  178  376.93539  -39.90113   111%   109 1055s
 179103 148397  -27.10080   24  193  376.93539  -39.85228   111%   109 1060s
 179780 148998  241.08973   88  169  376.93539  -39.83337   111%   109 1065s
 180540 149624    4.63199   21  191  376.93539  -39.71421   111%   109 1070s
H180665 149727                     376.9350593  -39.66608   111%   109 1071s
H180665 149727                     376.9349460  -39.66608   111%   109 1071s
H180665 149727                     376.9349459  -39.66608   111%   109 1071s
H180665 149727                     376.9349013  -39.66608   111%   109 1071s
 181319 150335  331.24711  123  142  376.93490  -39.64118   111%   109 1075s
H181666 150592                     376.9348129  -39.61141   111%   109 1077s
H181666 150592                     376.9347993  -39.61141   111%   109 1077s
 182115 150965  318.52236   89  170  376.93480  -39.58298   111%   109 1080s
 183017 151785  179.75237   42  192  376.93480  -39.51658   110%   109 1085s
 183742 152346  131.27891   39  178  376.93480  -39.42538   110%   109 1090s
H183964 152532                     376.9346483  -39.40010   110%   109 1091s
 184698 153232     cutoff   83       376.93465  -39.39410   110%   109 1095s
H185311 153683                     376.9346477  -39.32436   110%   109 1099s
 185380 153718     cutoff   60       376.93465  -39.31905   110%   109 1100s
H186074 154368                     376.9346281  -39.30459   110%   109 1103s
 186220 154484   50.99568   32  208  376.93463  -39.26612   110%   109 1105s
 186880 154986   32.14460   33  198  376.93463  -39.21952   110%   109 1110s
H187082 155186                     376.9346239  -39.21952   110%   109 1111s
 187692 155710   39.72591   32  203  376.93462  -39.16271   110%   109 1115s
H188000 155958                     376.9345867  -39.11472   110%   109 1117s
 188425 156323  185.48374   68  178  376.93459  -39.09724   110%   109 1120s
 189305 157091  328.71397   77  175  376.93459  -39.05157   110%   109 1125s
 190136 157812  327.26752  117  148  376.93459  -39.01427   110%   109 1130s
 190909 158437  230.53713   60  182  376.93459  -38.92293   110%   109 1135s
 191693 159143    9.69240   26  197  376.93459  -38.86613   110%   109 1140s
 192421 159751  373.03279   85  144  376.93459  -38.80927   110%   109 1145s
 193228 160436  -28.63729   20  194  376.93459  -38.78345   110%   109 1150s
 193911 160971   78.07772   38  205  376.93459  -38.71654   110%   109 1155s
 194416 161432  257.72535   93  164  376.93459  -38.70393   110%   109 1160s
H194547 161467                     376.6323914  -38.70393   110%   109 1161s
H194547 161467                     376.6323913  -38.70393   110%   109 1161s
H194599 161519                     376.6323912  -38.70393   110%   109 1161s
H194599 161519                     376.6323898  -38.70393   110%   109 1161s
H194625 161545                     376.6323892  -38.70393   110%   109 1161s
H194651 161571                     376.6323886  -38.70393   110%   109 1161s
H194677 161577                     376.6323538  -38.67633   110%   109 1162s
H194677 161577                     376.6322913  -38.67633   110%   109 1162s
H194715 161615                     376.6322906  -38.67633   110%   109 1162s
 195135 161959  144.04242   42  181  376.63229  -38.63727   110%   109 1165s
H195579 162293                     376.6314411  -38.59397   110%   109 1168s
H195579 162293                     376.6314389  -38.59397   110%   109 1168s
 195805 162471  122.02212   45  178  376.63144  -38.59070   110%   109 1170s
 196603 163129  150.42895   37  172  376.63144  -38.49754   110%   109 1175s
 197455 163877  316.52840  116  147  376.63144  -38.47132   110%   109 1180s
 198192 164474  231.23399   52  178  376.63144  -38.43148   110%   109 1185s
H198644 164834                     376.5642537  -38.39443   110%   110 1188s
H198644 164828                     376.5631737  -38.39443   110%   110 1188s
H198753 164937                     376.5631730  -38.39443   110%   110 1189s
 198938 165116     cutoff  126       376.56317  -38.39443   110%   110 1190s
H198954 165112                     376.5631727  -38.39443   110%   110 1190s
H198980 165138                     376.5631235  -38.39443   110%   110 1190s
H198980 165138                     376.5631044  -38.39443   110%   110 1190s
H198980 165138                     376.5630864  -38.39443   110%   110 1190s
 199620 165676     cutoff  132       376.56309  -38.32354   110%   110 1195s
H199980 165998                     376.5630864  -38.30402   110%   110 1197s
H199980 165998                     376.5630799  -38.30402   110%   110 1197s
H199980 165998                     376.5630796  -38.30402   110%   110 1197s
 200397 166417  328.88738  127  153  376.56308  -38.30402   110%   110 1200s
 201120 166984  -20.76106   23  188  376.56308  -38.24844   110%   110 1205s
 201840 167680  194.92852   67  183  376.56308  -38.24844   110%   110 1210s
H202501 168339                     376.5627192  -38.24844   110%   110 1213s
 202856 168616     cutoff   98       376.56272  -38.23331   110%   110 1215s
H203501 169149                     376.5627175  -38.19501   110%   110 1219s
H203501 169149                     376.5627175  -38.19501   110%   110 1219s
 203503 169153  373.68726   89  167  376.56272  -38.19501   110%   110 1220s
H203790 169392                     376.5618154  -38.17151   110%   110 1222s
H204095 169697                     376.5618107  -38.17151   110%   110 1223s
H204095 169697                     376.5618106  -38.17151   110%   110 1223s
 204328 169906   -1.29222   27  200  376.56181  -38.16796   110%   110 1225s
H204358 169934                     376.5617842  -38.16796   110%   110 1225s
H204815 170307                     376.5617841  -38.14118   110%   110 1228s
H204815 170307                     376.5617838  -38.14118   110%   110 1228s
 204936 170384  124.43053   29  179  376.56178  -38.09296   110%   110 1230s
H205815 171189                     376.5617673  -38.06763   110%   110 1235s
H206289 171523                     376.5617637  -38.01486   110%   110 1238s
 206513 171695  303.60060   53  170  376.56176  -37.97225   110%   110 1240s
H206763 171928                     376.5558715  -37.96013   110%   110 1241s
H207238 172363                     376.5558715  -37.91429   110%   110 1244s
H207238 172363                     376.5558596  -37.91429   110%   110 1244s
H207238 172363                     376.5558528  -37.91429   110%   110 1244s
H207238 172363                     376.5558526  -37.91429   110%   110 1244s
 207338 172443     cutoff   96       376.55585  -37.90808   110%   110 1245s
H208059 173023                     376.5238895  -37.85463   110%   110 1249s
H208059 173023                     376.5223455  -37.85463   110%   110 1249s
 208066 173024  367.00028  131  137  376.52235  -37.85463   110%   110 1250s
 208870 173692     cutoff   63       376.52235  -37.82879   110%   110 1255s
H209059 173815                     376.5223449  -37.81501   110%   110 1256s
H209059 173815                     376.5221143  -37.81501   110%   110 1256s
H209059 173815                     376.5220721  -37.81501   110%   110 1256s
H209059 173806                     376.4805784  -37.81501   110%   110 1256s
H209059 173806                     376.4759320  -37.81501   110%   110 1256s
H209059 173805                     376.4749183  -37.81501   110%   110 1256s
H209059 173805                     376.4748683  -37.81501   110%   110 1256s
H209059 173772                     376.3811500  -37.81501   110%   110 1256s
H209059 173772                     376.3811121  -37.81501   110%   110 1256s
H209059 173772                     376.3811098  -37.81501   110%   110 1256s
H209290 173953                     376.3810792  -37.79383   110%   110 1258s
 209480 174105     cutoff   99       376.38108  -37.78925   110%   110 1260s
H209883 174492                     376.3806686  -37.78084   110%   110 1262s
H209883 174492                     376.3795965  -37.78084   110%   110 1262s
 210280 174821  117.51607   34  176  376.37960  -37.72958   110%   110 1265s
H210685 175148                     376.3795965  -37.68760   110%   110 1267s
H210711 175174                     376.3792777  -37.68760   110%   110 1268s
H210711 175174                     376.3792217  -37.68760   110%   110 1268s
 210960 175369   56.53455   27  196  376.37922  -37.67217   110%   110 1270s
 211772 176031   60.25183   38  202  376.37922  -37.64741   110%   110 1275s
 212533 176712  296.96573  102  156  376.37922  -37.60086   110%   110 1280s
 213349 177416   10.16254   28  194  376.37922  -37.56611   110%   110 1285s
 214203 178214  346.22953  131  140  376.37922  -37.53836   110%   110 1290s
H214453 178402                     376.3792169  -37.53498   110%   110 1291s
H214453 178402                     376.3792135  -37.53498   110%   110 1291s
 214762 178639   35.59915   27  183  376.37921  -37.49507   110%   110 1296s
 215272 179085  243.43876   86  155  376.37921  -37.47661   110%   110 1300s
 216074 179761   -1.44054   29  189  376.37921  -37.43194   110%   110 1305s
 216851 180466  343.22916  119  135  376.37921  -37.41440   110%   110 1310s
 217484 180939  197.97758   50  178  376.37921  -37.34213   110%   110 1315s
 218328 181691     cutoff   62       376.37921  -37.30616   110%   110 1320s
 219020 182273   86.28033   45  193  376.37921  -37.22780   110%   110 1325s
 219866 183027  153.56435   58  186  376.37921  -37.19931   110%   110 1330s
 220625 183626  180.16948   67  164  376.37921  -37.15559   110%   110 1335s
 221340 184263  199.18125   51  169  376.37921  -37.10575   110%   110 1340s
 222144 184953  267.81475   91  155  376.37921  -37.06958   110%   110 1345s
 222996 185687  -28.84362   23  204  376.37921  -36.97694   110%   110 1350s
 223848 186449  356.65812  139  118  376.37921  -36.89864   110%   110 1355s
 224544 186975   20.10875   28  192  376.37921  -36.85569   110%   110 1360s
 225471 187834  188.01219   49  175  376.37921  -36.84336   110%   110 1365s
 226127 188320   20.73854   30  196  376.37921  -36.80455   110%   110 1370s
 226938 189045  -17.10561   24  194  376.37921  -36.76141   110%   110 1375s
 227507 189534  232.05518   46  165  376.37921  -36.72041   110%   110 1380s
 228138 190143  357.96680  127  136  376.37921  -36.71203   110%   110 1385s
 228692 190567  314.93801   83  172  376.37921  -36.57417   110%   110 1390s
 229267 191070  292.32126  104  155  376.37921  -36.53733   110%   110 1395s
 229869 191604  364.53616  128  167  376.37921  -36.51102   110%   110 1400s
 230437 192052  131.64642   54  183  376.37921  -36.44159   110%   110 1405s
 231135 192682  361.36942   61  158  376.37921  -36.43000   110%   110 1410s
 231686 193085  -15.90394   23  189  376.37921  -36.39032   110%   110 1415s
 232352 193705   -7.51020   24  189  376.37921  -36.37645   110%   110 1420s
 232891 194124  -22.99236   22  195  376.37921  -36.35014   110%   110 1425s
 233487 194682  276.98493  104  164  376.37921  -36.33010   110%   110 1430s
 234106 195185   70.60925   33  199  376.37921  -36.30158   110%   110 1435s
 234691 195686   13.49274   29  189  376.37921  -36.27709   110%   110 1440s
 235212 196207  148.05549   62  192  376.37921  -36.27709   110%   110 1445s
 235890 196885  294.52215  108  165  376.37921  -36.27709   110%   110 1450s
 236549 197404   31.49449   30  186  376.37921  -36.24851   110%   110 1455s
 237041 197800  160.74534   41  183  376.37921  -36.22290   110%   110 1460s
 237697 198428  347.31947  130  115  376.37921  -36.22232   110%   110 1465s
 238248 198869  218.89685   80  181  376.37921  -36.16401   110%   110 1470s
 238780 199259   -0.79712   25  190  376.37921  -36.10255   110%   110 1475s
 239410 199823  184.70878   52  196  376.37921  -36.07503   110%   110 1480s
 239998 200293   34.71080   34  183  376.37921  -36.03657   110%   110 1485s
 240639 200898   35.48882   32  200  376.37921  -36.02432   110%   110 1490s
 241276 201445     cutoff   99       376.37921  -36.00068   110%   110 1495s
 241859 201976  289.24117   97  166  376.37921  -35.95316   110%   110 1500s
 242518 202483   16.27447   30  196  376.37921  -35.91671   110%   110 1505s
 243070 202951  141.12754   61  201  376.37921  -35.86313   110%   110 1510s
 243669 203478     cutoff  104       376.37921  -35.85694   110%   110 1515s
 244231 203892     cutoff   81       376.37921  -35.78281   110%   110 1520s
 244927 204560  373.81450  138  130  376.37921  -35.74220   109%   110 1525s
 245490 204949  169.66226   49  193  376.37921  -35.70859   109%   110 1530s
 246110 205481  124.31523   56  187  376.37921  -35.69701   109%   110 1535s
 246785 206096  322.07111   86  163  376.37921  -35.67934   109%   110 1540s
 247357 206528  345.83969   77  170  376.37921  -35.63615   109%   110 1545s
H247536 206685                     376.3792125  -35.62803   109%   110 1546s
H247536 206685                     376.3783897  -35.62803   109%   110 1546s
 247610 206761  225.89394   85  175  376.37839  -35.62803   109%   110 1550s
H247692 206841                     376.3783408  -35.62803   109%   110 1550s
H247770 206919                     376.3783405  -35.62803   109%   110 1551s
H247796 206945                     376.3783393  -35.62803   109%   110 1551s
H247822 206971                     376.3783369  -35.62803   109%   110 1551s
H247900 207049                     376.3783356  -35.62803   109%   110 1551s
H248034 207152                     376.3783345  -35.62076   109%   110 1553s
H248113 207205                     376.3783334  -35.61615   109%   110 1554s
H248191 207271                     376.3783317  -35.61058   109%   110 1554s
 248212 207270     cutoff   88       376.37833  -35.61058   109%   110 1555s
H248508 207536                     376.3783268  -35.60047   109%   110 1557s
H248534 207562                     376.3782880  -35.60047   109%   110 1558s
 248734 207734     cutoff   89       376.37829  -35.59610   109%   110 1560s
 249334 208292  361.09615  127  151  376.37829  -35.59121   109%   110 1565s
H249445 208361                     376.3780920  -35.58753   109%   110 1566s
H249445 208361                     376.3779823  -35.58753   109%   110 1566s
H249445 208361                     376.3779646  -35.58753   109%   110 1566s
H249445 208361                     376.3779407  -35.58753   109%   110 1566s
H249654 208518                     376.3779258  -35.55304   109%   110 1567s
H249654 208518                     376.3778029  -35.55304   109%   110 1567s
H249838 208664                     376.3778001  -35.51751   109%   110 1569s
H249838 208664                     376.3777889  -35.51751   109%   110 1569s
H249838 208664                     376.3777857  -35.51751   109%   110 1569s
H249838 208664                     376.3777809  -35.51751   109%   110 1569s
 249909 208727  227.12521   49  157  376.37778  -35.51726   109%   110 1570s
 250648 209370  -13.27790   22  193  376.37778  -35.49295   109%   110 1575s
H250838 209520                     376.3777715  -35.48865   109%   110 1576s
 251466 210040  207.21810   74  176  376.37777  -35.45669   109%   110 1580s
H251577 210146                     376.3754835  -35.45669   109%   110 1580s
H251577 210145                     376.3746681  -35.45669   109%   110 1580s
H251577 210145                     376.3745371  -35.45669   109%   110 1580s
H251577 210145                     376.3744460  -35.45669   109%   110 1580s
H251577 210145                     376.3733142  -35.45669   109%   110 1580s
H251577 210145                     376.3673659  -35.45669   109%   110 1580s
H251577 210145                     376.3663663  -35.45669   109%   110 1580s
H251577 210145                     376.3662796  -35.45669   109%   110 1581s
 252287 210761  288.52140   61  175  376.36628  -35.39153   109%   110 1585s
H253030 211436                     376.3660758  -35.36013   109%   110 1589s
 253111 211519  274.89493  102  149  376.36608  -35.36013   109%   110 1590s
H253419 211791                     376.3638272  -35.32942   109%   110 1591s
 253812 212134  351.28173   59  172  376.36383  -35.31871   109%   110 1595s
H254419 212601                     376.3638032  -35.28406   109%   110 1599s
H254419 212601                     376.3637927  -35.28406   109%   110 1599s
H254419 212601                     376.3637868  -35.28406   109%   110 1599s
 254546 212730  306.68980  108  149  376.36379  -35.28406   109%   110 1600s
 255390 213448  274.39513   51  165  376.36379  -35.22177   109%   110 1605s
 256317 214273     cutoff   91       376.36379  -35.20457   109%   110 1610s
 256890 214702  363.07000   91  159  376.36379  -35.11427   109%   110 1615s
 257743 215481     cutoff   99       376.36379  -35.09484   109%   110 1620s
 258444 216052  340.42672   76  166  376.36379  -35.05536   109%   110 1625s
 259315 216839     cutoff   81       376.36379  -35.03515   109%   110 1630s
 259973 217285  328.86265   83  155  376.36379  -35.00217   109%   110 1635s
 260904 218128     cutoff  137       376.36379  -34.99110   109%   110 1640s
 261605 218661   39.78449   35  191  376.36379  -34.93245   109%   110 1645s
H262085 219087                     376.2506364  -34.93245   109%   110 1650s
 262676 219552   74.75100   37  193  376.25064  -34.83628   109%   110 1655s
 263541 220363  111.85604   39  197  376.25064  -34.81939   109%   110 1660s
 264211 220895  311.80963   63  170  376.25064  -34.78784   109%   110 1665s
 265083 221687  330.27171   88  154  376.25064  -34.76042   109%   110 1670s
 265816 222284  -20.45626   23  193  376.25064  -34.71308   109%   110 1675s
 266600 222970     cutoff  142       376.25064  -34.70319   109%   110 1680s
 267345 223559  105.18856   47  181  376.25064  -34.62245   109%   111 1685s
 268193 224293  302.21557   51  147  376.25064  -34.56651   109%   110 1690s
 268953 224981  140.75046   63  169  376.25064  -34.53595   109%   111 1695s
 269997 226013     cutoff  136       376.25064  -34.53595   109%   110 1700s
 270600 226412   33.68610   29  197  376.25064  -34.48526   109%   110 1705s
 271432 227176  296.29632   58  191  376.25064  -34.41286   109%   110 1710s
 272164 227756   -6.87884   27  192  376.25064  -34.37771   109%   110 1715s
 273004 228494     cutoff   53       376.25064  -34.37013   109%   110 1720s
 273817 229159  175.64484   65  175  376.25064  -34.32087   109%   110 1725s
H274444 229712                     376.2506364  -34.30949   109%   110 1729s
H274444 229712                     376.2506131  -34.30949   109%   110 1730s
 275090 230262  212.77152   76  185  376.25061  -34.26883   109%   110 1735s
H275444 230600                     376.2505967  -34.26883   109%   110 1736s
 275716 230713  179.25316   40  188  376.25060  -34.24778   109%   111 1740s
 276493 231374   99.75306   44  196  376.25060  -34.19793   109%   111 1745s
 277355 232132  106.92869   40  203  376.25060  -34.15129   109%   110 1750s
 278131 232822     cutoff  124       376.25060  -34.11640   109%   110 1755s
 278949 233516     cutoff   95       376.25060  -34.07542   109%   110 1760s
 279733 234214  374.68581  127  112  376.25060  -34.06187   109%   110 1765s
 280462 234785  313.82320   75  145  376.25060  -34.03001   109%   111 1770s
 281289 235562  375.51727  136  135  376.25060  -34.00894   109%   110 1775s
 281961 236030  134.85376   41  178  376.25060  -33.97503   109%   110 1780s
 282823 236802   68.98248   31  182  376.25060  -33.93637   109%   110 1785s
 283590 237421    6.64188   26  195  376.25060  -33.88736   109%   110 1790s
 284469 238216   34.46584   33  192  376.25060  -33.87252   109%   110 1795s
 285208 238805  232.74130   84  162  376.25060  -33.85723   109%   110 1800s
 286040 239503  300.86843   54  169  376.25060  -33.81396   109%   110 1805s
 286875 240236     cutoff   71       376.25060  -33.78497   109%   110 1810s
 287563 240732   54.80451   39  183  376.25060  -33.71198   109%   110 1815s
 288487 241594  167.41593   53  187  376.25060  -33.67846   109%   110 1820s
 289236 242209  238.50452   73  158  376.25060  -33.64901   109%   110 1825s
 290040 242873  208.71167   62  170  376.25060  -33.58290   109%   110 1830s
 290825 243528  285.99578   99  152  376.25060  -33.55639   109%   110 1835s
 291645 244200   53.43487   31  205  376.25060  -33.48074   109%   110 1840s
 292510 244993   58.16125   28  210  376.25060  -33.44642   109%   110 1845s
 293282 245627  317.41366   63  182  376.25060  -33.39747   109%   110 1850s
 294185 246416  140.19403   41  172  376.25060  -33.37349   109%   110 1855s
 294924 247023  305.42267   67  178  376.25060  -33.32305   109%   110 1860s
 295528 247571  353.19404   71  138  376.25060  -33.31266   109%   110 1865s
 296279 248202     cutoff   92       376.25060  -33.24852   109%   110 1870s
 297099 248922  -14.16627   28  202  376.25060  -33.22279   109%   110 1875s
 297783 249480  142.47566   46  180  376.25060  -33.18132   109%   110 1880s
 298606 250181  198.56294   56  200  376.25060  -33.14958   109%   110 1885s
 299238 250681  238.63157   84  181  376.25060  -33.12849   109%   110 1890s
 300037 251354   56.17551   35  178  376.25060  -33.10933   109%   110 1895s
 300973 252230  359.30283  134  126  376.25060  -33.10445   109%   110 1900s
 301659 252744  131.95641   44  172  376.25060  -33.05481   109%   110 1905s
 302500 253557  182.98071   75  191  376.25060  -33.04141   109%   110 1910s
 303371 254352     cutoff   97       376.25060  -33.03905   109%   110 1915s
 304087 254930  -12.27611   23  191  376.25060  -32.99818   109%   110 1920s
 304974 255719     cutoff   83       376.25060  -32.95137   109%   110 1925s
 305634 256255   77.20758   40  186  376.25060  -32.89733   109%   110 1930s
 306538 257043  329.73102   89  159  376.25060  -32.86460   109%   110 1935s
H306747 257200                     376.2505693  -32.85830   109%   110 1939s
 306808 257249   69.98114   36  188  376.25057  -32.85725   109%   110 1940s
 307437 257832  317.70426  118  128  376.25057  -32.83859   109%   110 1945s
 308099 258356  299.17996   75  167  376.25057  -32.80994   109%   110 1950s
 309034 259213  359.92490  125  135  376.25057  -32.80069   109%   110 1955s
 309709 259684   48.98946   25  198  376.25057  -32.77853   109%   110 1960s
 310573 260442  120.67033   37  187  376.25057  -32.76082   109%   110 1965s
 311308 261021  372.12563   90  147  376.25057  -32.72603   109%   110 1970s
 312131 261738  325.03614   83  166  376.25057  -32.70924   109%   110 1975s
 312838 262279    9.67270   28  182  376.25057  -32.67791   109%   110 1980s
 313115 262556  249.24628   89  150  376.25057  -32.67791   109%   110 1985s
 313931 263232  247.35487   71  177  376.25057  -32.64159   109%   110 1990s
 314695 263906  295.73424  108  155  376.25057  -32.63373   109%   110 1995s
 315471 264516   11.86716   28  201  376.25057  -32.59206   109%   110 2000s
 316324 265317  187.76829   54  192  376.25057  -32.59016   109%   110 2005s
 317097 265942  100.46767   49  182  376.25057  -32.57418   109%   110 2010s
 318004 266773  299.96694   68  159  376.25057  -32.53087   109%   110 2015s
 318723 267380  104.84173   50  181  376.25057  -32.50429   109%   110 2020s
 319574 268139  200.86168   46  191  376.25057  -32.48075   109%   110 2025s
 320388 268821   91.04939   38  196  376.25057  -32.44471   109%   110 2030s
 321130 269427  127.24691   57  181  376.25057  -32.42092   109%   110 2035s
 321973 270156  281.86848   71  153  376.25057  -32.38879   109%   110 2040s
 322832 270927  151.91789   45  190  376.25057  -32.35365   109%   110 2045s
 323594 271517  274.16884   64  164  376.25057  -32.32791   109%   110 2050s
 324411 272226     cutoff   93       376.25057  -32.28252   109%   110 2055s
 325186 272885  282.95805  100  162  376.25057  -32.25542   109%   110 2060s
 325948 273481     cutoff   73       376.25057  -32.19240   109%   110 2065s
 326730 274183  268.10270   65  165  376.25057  -32.18441   109%   110 2070s
 327574 274867  133.48262   39  194  376.25057  -32.16547   109%   110 2075s
 328437 275640     cutoff   84       376.25057  -32.13487   109%   110 2080s
 329224 276243  110.33675   55  197  376.25057  -32.09365   109%   110 2085s
 330112 277017  243.67864   80  174  376.25057  -32.05411   109%   110 2090s
 330941 277746  231.14719   75  180  376.25057  -32.03152   109%   110 2095s
 331822 278479  221.52685   50  164  376.25057  -31.99672   109%   110 2100s
 332686 279267     cutoff  126       376.25057  -31.98683   109%   110 2105s
 333472 279911  328.52640   81  142  376.25057  -31.93440   108%   110 2110s
 334337 280652     cutoff   82       376.25057  -31.89436   108%   110 2115s
 335103 281298   58.81915   35  186  376.25057  -31.86261   108%   110 2120s
 336043 282238  291.80982   96  164  376.25057  -31.86261   108%   110 2125s
 336863 282922  285.61373   71  155  376.25057  -31.84736   108%   110 2130s
 337674 283615  358.75735  127  141  376.25057  -31.83357   108%   110 2135s
 338461 284238   -2.14318   25  195  376.25057  -31.79275   108%   110 2140s
 339344 285025  297.89428   87  167  376.25057  -31.77398   108%   110 2145s
 340094 285681  236.13085   84  156  376.25057  -31.75079   108%   110 2150s
 341015 286482  -23.74689   21  186  376.25057  -31.73225   108%   110 2155s
 341869 287256   -2.50405   28  203  376.25057  -31.69485   108%   110 2160s
 342598 287801   41.85816   33  192  376.25057  -31.65754   108%   110 2165s
H342836 288027                     376.2337559  -31.65754   108%   110 2166s
H342836 288027                     376.2331358  -31.65754   108%   110 2166s
H342837 288028                     376.2331356  -31.65754   108%   110 2166s
H342837 288028                     376.2331350  -31.65754   108%   110 2167s
H342837 288025                     376.2256346  -31.65754   108%   110 2167s
H342837 288021                     376.2165800  -31.65754   108%   110 2168s
H342837 288021                     376.2165690  -31.65754   108%   110 2169s
H342862 288046                     376.2165542  -31.65754   108%   110 2169s
H342888 288072                     376.2164224  -31.65754   108%   110 2169s
 342933 288119  257.27895  100  149  376.21642  -31.65754   108%   110 2170s
 343543 288659  118.12644   39  178  376.21642  -31.63610   108%   110 2175s
 344108 289124   91.09152   49  197  376.21642  -31.61550   108%   110 2180s
 344984 289894  306.03371   74  160  376.21642  -31.59872   108%   110 2185s
 345798 290566  152.73059   55  175  376.21642  -31.55253   108%   110 2190s
 346596 291228     cutoff   88       376.21642  -31.53812   108%   110 2195s
 347365 291897  119.38778   36  184  376.21642  -31.52089   108%   110 2200s
 348081 292441   -9.10279   27  197  376.21642  -31.49751   108%   110 2205s
 348849 293111     cutoff   73       376.21642  -31.46392   108%   110 2210s
 349686 293868  358.80499  127  131  376.21642  -31.43975   108%   110 2215s
 350377 294395     cutoff   90       376.21642  -31.40281   108%   110 2220s
 351201 295137  324.61876  118  131  376.21642  -31.38593   108%   110 2225s
 351962 295756  358.45145   81  149  376.21642  -31.35725   108%   110 2230s
 352801 296523    4.02572   24  192  376.21642  -31.34316   108%   110 2235s
 353524 297030  120.17754   42  177  376.21642  -31.30609   108%   110 2240s
 354419 297835  349.73835   65  155  376.21642  -31.29925   108%   110 2245s
 355115 298379  107.51245   46  179  376.21642  -31.26473   108%   110 2250s
H355247 298509                     376.2164094  -31.26473   108%   110 2251s
H355247 298509                     376.2163493  -31.26473   108%   110 2251s
 355710 298924  327.69851   87  150  376.21635  -31.23415   108%   110 2255s
 356313 299319  259.50917   71  159  376.21635  -31.22334   108%   110 2260s
 357040 299950   50.35563   32  199  376.21635  -31.20194   108%   110 2265s
 357798 300574  146.33176   44  174  376.21635  -31.17939   108%   110 2270s
 358597 301299  218.28002   57  192  376.21635  -31.17293   108%   110 2275s
 359336 301878  334.19791   72  127  376.21635  -31.10507   108%   110 2280s
 360266 302736  268.99442   64  176  376.21635  -31.08010   108%   110 2285s
 360937 303215     cutoff   97       376.21635  -31.04735   108%   110 2290s
 361769 303953  -21.25691   22  196  376.21635  -31.02831   108%   110 2295s
 362519 304545   39.97776   31  195  376.21635  -30.96836   108%   110 2300s
 363310 305256   74.89113   30  199  376.21635  -30.95276   108%   110 2305s
 363993 305859  278.28391  101  153  376.21635  -30.92536   108%   110 2311s
 364535 306323     cutoff   74       376.21635  -30.90583   108%   110 2315s
 365271 306919   89.52564   51  176  376.21635  -30.88256   108%   110 2320s
 366063 307625  111.90321   34  184  376.21635  -30.81812   108%   110 2325s
 366915 308415  360.81311  139  130  376.21635  -30.79574   108%   110 2330s
 367706 309070  330.47722   73  150  376.21635  -30.77030   108%   110 2335s
 368548 309872  212.87313   77  166  376.21635  -30.76095   108%   110 2340s
 369567 310785  193.61015   51  172  376.21635  -30.75618   108%   109 2345s
 370235 311305  139.58567   64  186  376.21635  -30.70052   108%   109 2350s
 371146 312112   19.85705   27  179  376.21635  -30.68956   108%   109 2355s
 371907 312783  289.26829  104  150  376.21635  -30.63966   108%   109 2360s
 372717 313469     cutoff   98       376.21635  -30.61609   108%   109 2365s
 373364 314000  194.64402   74  182  376.21635  -30.59337   108%   109 2370s
 374174 314706  353.68564   60  137  376.21635  -30.57998   108%   109 2375s
 375010 315468  123.65609   51  184  376.21635  -30.57213   108%   109 2380s
 375762 316058     cutoff   66       376.21635  -30.53924   108%   109 2385s
 376571 316795  335.62483   90  159  376.21635  -30.52542   108%   109 2390s
 377231 317321  340.91883   72  151  376.21635  -30.49316   108%   109 2395s
 378010 318028  151.04706   55  179  376.21635  -30.48338   108%   109 2400s
 378834 318712   73.07141   42  189  376.21635  -30.44637   108%   109 2405s
 379617 319405  154.14092   47  188  376.21635  -30.42069   108%   109 2410s
 380360 320028  269.94778   92  152  376.21635  -30.40755   108%   109 2415s
 381205 320657   42.30663   31  194  376.21635  -30.36017   108%   109 2420s
 382079 321429   83.68634   31  197  376.21635  -30.33859   108%   109 2425s
 382848 322066  247.94854   55  191  376.21635  -30.31960   108%   109 2430s
 383653 322791  354.54573   73  157  376.21635  -30.29901   108%   109 2435s
 384329 323259  116.57492   51  180  376.21635  -30.26771   108%   109 2440s
 385133 323961  246.62184   79  171  376.21635  -30.24984   108%   109 2445s
 385829 324543  178.29750   57  196  376.21635  -30.24619   108%   109 2450s
 386646 325254  293.94716   71  162  376.21635  -30.22597   108%   109 2455s
 387237 325689  136.77991   57  185  376.21635  -30.21529   108%   110 2460s
 388146 326504     cutoff   93       376.21635  -30.20751   108%   109 2465s
 388816 327064  255.24974   91  162  376.21635  -30.16261   108%   110 2470s
 389580 327674     cutoff   76       376.21635  -30.12588   108%   110 2475s
 390333 328357  150.04780   43  174  376.21635  -30.11360   108%   110 2480s
 391026 328906   94.79098   35  194  376.21635  -30.10094   108%   110 2485s
 391832 329634  344.09195   75  153  376.21635  -30.09091   108%   110 2490s
H392144 329684                     375.7808046  -30.08076   108%   110 2492s
H392144 329499                     375.3517616  -30.08076   108%   110 2493s
 392145 329502   81.81704   40  180  375.35176  -30.08076   108%   110 2495s
 392578 329839  321.40224   72  134  375.35176  -30.07323   108%   110 2500s
 393287 330480  -14.86016   28  190  375.35176  -30.03486   108%   110 2505s
 394019 331054   91.87066   49  182  375.35176  -30.01827   108%   110 2510s
 394914 331861   77.45016   40  186  375.35176  -30.01450   108%   110 2515s
 395631 332478  259.03822   83  179  375.35176  -29.97735   108%   110 2520s
 396413 333114   52.54948   32  184  375.35176  -29.94929   108%   110 2525s
 397274 333913   89.35037   40  192  375.35176  -29.94175   108%   109 2530s
 398018 334525  -21.42493   26  196  375.35176  -29.91674   108%   109 2535s
 398896 335319  218.84406   53  183  375.35176  -29.91047   108%   109 2540s
 399643 335922  107.44728   37  175  375.35176  -29.85867   108%   109 2545s
 400382 336581  214.43073   47  178  375.35176  -29.84686   108%   109 2550s
 401038 337085   54.64921   36  190  375.35176  -29.83594   108%   109 2555s
 401903 337950  290.25677   90  147  375.35176  -29.83594   108%   109 2560s
 402685 338630  217.44256   76  184  375.35176  -29.81726   108%   109 2565s
 403562 339449  362.98586  134  131  375.35176  -29.81099   108%   109 2570s
 404280 339997     cutoff   84       375.35176  -29.77118   108%   109 2575s
 405161 340768     cutoff   82       375.35176  -29.75603   108%   109 2580s
 405849 341316     cutoff   64       375.35176  -29.72116   108%   109 2585s
 406696 342081   73.65747   36  187  375.35176  -29.70129   108%   109 2590s
 407504 342805  282.94138  101  162  375.35176  -29.67106   108%   109 2595s
 408228 343347     cutoff   97       375.35176  -29.66078   108%   109 2600s
 409007 344046     cutoff  117       375.35176  -29.64279   108%   109 2605s
 409740 344597  363.95290   98  153  375.35176  -29.60512   108%   109 2610s
 410577 345356  331.31926  111  150  375.35176  -29.59040   108%   109 2615s
 411359 346006  214.70462   61  174  375.35176  -29.57637   108%   109 2620s
 412161 346722  314.01658  105  137  375.35176  -29.54064   108%   109 2625s
 412865 347278     cutoff   92       375.35176  -29.51813   108%   109 2630s
 413648 347959  169.33081   48  187  375.35176  -29.49537   108%   109 2635s
 414352 348493   87.74065   44  179  375.35176  -29.47802   108%   109 2640s
 415210 349303  370.07741   95  141  375.35176  -29.46950   108%   109 2645s
 415916 349867   90.96079   46  189  375.35176  -29.44467   108%   109 2650s
 416748 350577  190.67046   53  176  375.35176  -29.42814   108%   109 2655s
 417492 351249  216.70459   84  160  375.35176  -29.41215   108%   109 2660s
 418277 351882   79.53212   38  186  375.35176  -29.39185   108%   109 2665s
 419071 352606   49.39819   31  191  375.35176  -29.37830   108%   109 2670s
 419841 353210   36.05070   33  192  375.35176  -29.34753   108%   109 2675s
 420672 353951  270.81147   56  173  375.35176  -29.33583   108%   109 2680s
 421417 354564  144.92926   52  190  375.35176  -29.29992   108%   109 2685s
 422243 355304  -21.79428   25  189  375.35176  -29.27130   108%   109 2690s
 423007 355956  215.15164   84  151  375.35176  -29.24707   108%   109 2695s
 423828 356653  226.25325   46  168  375.35176  -29.21983   108%   109 2700s
 424603 357356  333.25481  119  129  375.35176  -29.19912   108%   109 2705s
 425294 357885   38.33846   33  187  375.35176  -29.16873   108%   109 2710s
 426121 358654  252.35594   51  175  375.35176  -29.15323   108%   109 2715s
H426173 358694                     375.3517197  -29.14140   108%   109 2716s
 426338 358829  219.77011   54  158  375.35172  -29.12830   108%   109 2720s
 426972 359369    3.95485   27  191  375.35172  -29.10950   108%   109 2725s
 427799 360130  343.37141   83  151  375.35172  -29.10609   108%   109 2730s
 428489 360638  138.54409   59  186  375.35172  -29.09017   108%   109 2735s
 429283 361314  -19.44498   27  191  375.35172  -29.06339   108%   109 2740s
 430077 362008  234.16981   84  158  375.35172  -29.04121   108%   109 2745s
 430886 362685  187.95383   50  184  375.35172  -29.01707   108%   109 2750s
 431244 362951  117.33845   48  185  375.35172  -29.00589   108%   109 2755s
 432051 363674  295.16598   69  172  375.35172  -28.99565   108%   109 2760s
 432701 364226  130.28620   57  168  375.35172  -28.98225   108%   109 2765s
 433531 364946     cutoff   98       375.35172  -28.95453   108%   109 2770s
 434294 365601   90.20714   44  189  375.35172  -28.93372   108%   109 2775s
 435210 366517  334.03834  105  154  375.35172  -28.93372   108%   109 2780s
 435930 367065     cutoff  100       375.35172  -28.91102   108%   109 2785s
 436778 367827  217.31063   68  160  375.35172  -28.89965   108%   109 2790s
 437516 368445  235.29482   60  164  375.35172  -28.88041   108%   109 2795s
 438307 369108  182.72487   52  175  375.35172  -28.85561   108%   109 2800s
H438532 369286                     375.3456151  -28.85084   108%   109 2802s
 438771 369461     cutoff   79       375.34562  -28.83415   108%   109 2805s
 439532 370114  258.10731   56  174  375.34562  -28.81238   108%   109 2810s
 440227 370687     cutoff   69       375.34562  -28.79662   108%   109 2815s
 440980 371332  179.61687   54  191  375.34562  -28.77434   108%   109 2820s
 441579 371775   48.68075   29  192  375.34562  -28.74032   108%   109 2825s
 442336 372434  275.77090   64  145  375.34562  -28.71861   108%   109 2830s
 443081 373035  205.34209   77  176  375.34562  -28.68783   108%   109 2835s
 443889 373717  176.11423   53  193  375.34562  -28.66002   108%   109 2840s
 444641 374375  367.56285  115  140  375.34562  -28.64010   108%   109 2845s
 445285 374837  152.02966   45  200  375.34562  -28.61805   108%   109 2850s
 446057 375533  372.56691   68  138  375.34562  -28.61228   108%   109 2855s
 446756 376080  211.87001   61  180  375.34562  -28.57976   108%   110 2860s
 447597 376821     cutoff   70       375.34562  -28.56493   108%   109 2865s
 448308 377394  200.52590   67  187  375.34562  -28.54669   108%   110 2870s
 449122 378126   -5.63825   24  193  375.34562  -28.51916   108%   109 2875s
 449840 378738  105.38288   46  196  375.34562  -28.49490   108%   110 2880s
 450615 379403     cutoff   92       375.34562  -28.46360   108%   110 2885s
 451396 380046  287.73175   91  163  375.34562  -28.45596   108%   109 2890s
 452160 380680     cutoff   73       375.34562  -28.44030   108%   109 2895s
 453014 381450  360.98786  131  133  375.34562  -28.42520   108%   109 2900s
 453689 381947   62.69234   43  181  375.34562  -28.41485   108%   109 2905s
 454578 382762     cutoff   87       375.34562  -28.41175   108%   109 2910s
 455267 383207   69.19159   38  191  375.34562  -28.35602   108%   109 2915s
 456083 383937  196.27685   55  179  375.34562  -28.34134   108%   109 2920s
 456845 384611  191.56505   68  179  375.34562  -28.31800   108%   109 2925s
 457646 385312  373.19764   94  135  375.34562  -28.30549   108%   109 2930s
 458464 386024  344.08336  126  151  375.34562  -28.28983   108%   109 2935s
 459216 386626     cutoff   58       375.34562  -28.26468   108%   109 2940s
 460098 387434  295.65333   73  165  375.34562  -28.24461   108%   109 2945s
 460748 387918   29.96452   33  191  375.34562  -28.21861   108%   109 2950s
 461552 388634  314.33553   93  152  375.34562  -28.20368   108%   109 2955s
 462207 389129  373.48859   93  137  375.34562  -28.16134   108%   109 2960s
 463005 389851  111.12710   38  183  375.34562  -28.15159   108%   109 2965s
 463714 390438  134.08894   54  198  375.34562  -28.13436   107%   109 2970s
 464500 391114     cutoff   94       375.34562  -28.11511   107%   109 2975s
 465252 391782  369.81979  125  135  375.34562  -28.10395   107%   109 2980s
 465976 392370   20.05889   27  198  375.34562  -28.05608   107%   109 2985s
 466721 393033  138.93954   59  182  375.34562  -28.04679   107%   109 2990s
 467758 394020    6.72491   25  201  375.34562  -28.04378   107%   109 2995s
 468440 394568  287.20038   57  180  375.34562  -27.99184   107%   109 3000s
 469215 395285  153.24054   59  190  375.34562  -27.97053   107%   109 3005s
 469938 395860  373.66009   65  123  375.34562  -27.94381   107%   109 3010s
 470772 396580     cutoff   94       375.34562  -27.93924   107%   109 3015s
H471252 396960                     375.3348648  -27.91544   107%   109 3019s
 471252 396962  314.04892   56  170  375.33486  -27.91544   107%   109 3021s
H471359 397045                     375.3259702  -27.91544   107%   109 3021s
H471359 397045                     375.3254413  -27.91544   107%   109 3021s
 471689 397359  161.77783   64  188  375.32544  -27.91286   107%   109 3025s
 472436 398006  207.28543   54  180  375.32544  -27.88436   107%   109 3030s
 473229 398721  346.24092  124  141  375.32544  -27.86518   107%   109 3035s
H473772 399100                     375.3250846  -27.84854   107%   109 3039s
 473834 399144   62.61071   41  181  375.32508  -27.84761   107%   109 3040s
 474768 399986  125.72377   45  185  375.32508  -27.83637   107%   109 3045s
 475435 400477     cutoff   77       375.32508  -27.81123   107%   109 3050s
 476222 401204  116.91049   41  193  375.32508  -27.79563   107%   109 3055s
 476571 401467  218.41177   63  173  375.32508  -27.78019   107%   109 3060s
 477461 402277  366.86845  137  102  375.32508  -27.76462   107%   109 3065s
 478081 402729   16.11278   25  195  375.32508  -27.72716   107%   109 3070s
 478913 403497  235.26229   83  164  375.32508  -27.69755   107%   109 3075s
 479580 404042   14.15479   27  183  375.32508  -27.67037   107%   109 3080s
 480443 404809  265.06853   43  181  375.32508  -27.64984   107%   109 3085s
 481206 405474  142.06398   56  185  375.32508  -27.63066   107%   109 3090s
 481965 406141   92.29429   37  174  375.32508  -27.61830   107%   109 3095s
 482624 406672  183.64255   64  187  375.32508  -27.60603   107%   109 3100s
 483378 407328    9.94118   25  182  375.32508  -27.59836   107%   109 3105s
 484002 407854   31.61913   35  189  375.32508  -27.58238   107%   109 3110s
 484873 408629   30.25072   29  191  375.32508  -27.57228   107%   109 3115s
 485542 409170  136.96339   61  180  375.32508  -27.50140   107%   109 3120s
H486131 409700                     375.3220446  -27.47188   107%   109 3124s
H486131 409700                     375.3220381  -27.47188   107%   109 3124s
 486131 409702  151.12197   58  185  375.32204  -27.47188   107%   109 3125s
 486903 410330  305.46458   83  158  375.32204  -27.44772   107%   109 3130s
 487726 411067  249.30832   61  185  375.32204  -27.43165   107%   109 3135s
 488408 411609  116.38663   51  171  375.32204  -27.41282   107%   109 3140s
 489125 412230     cutoff   86       375.32204  -27.40581   107%   110 3145s
 489761 412754   17.39414   31  185  375.32204  -27.38992   107%   110 3150s
 490602 413505   98.13107   27  185  375.32204  -27.37543   107%   110 3155s
H490853 413702                     375.3220258  -27.36265   107%   110 3156s
 491307 414118  251.47413   76  163  375.32203  -27.35636   107%   110 3160s
H491853 414572                     375.3205024  -27.34344   107%   110 3164s
H491853 414570                     375.3167083  -27.34344   107%   110 3164s
H491853 414570                     375.3164676  -27.34344   107%   110 3164s
H491853 414570                     375.3164657  -27.34344   107%   110 3164s
 491958 414653  238.81446   55  173  375.31647  -27.34315   107%   110 3165s
 492849 415464  349.80576   98  162  375.31647  -27.31938   107%   110 3170s
 493485 415948     cutoff   67       375.31647  -27.30525   107%   110 3175s
 494335 416698  248.58402   58  188  375.31647  -27.29793   107%   110 3180s
H494776 417047                     375.3154321  -27.28341   107%   110 3185s
 495490 417713     cutoff  130       375.31543  -27.27825   107%   110 3190s
 496201 418300     cutoff   88       375.31543  -27.24442   107%   110 3195s
 497010 419005  250.52386   49  158  375.31543  -27.21990   107%   110 3200s
 497682 419545   36.82026   31  185  375.31543  -27.20892   107%   110 3205s
 498517 420328  372.93306  133  116  375.31543  -27.20713   107%   110 3210s
 499165 420824   25.76366   28  188  375.31543  -27.16236   107%   110 3215s
 499951 421600  183.41715   71  167  375.31543  -27.15617   107%   110 3220s
 500914 422485  145.48854   32  190  375.31543  -27.15494   107%   110 3225s
 501602 423049    4.95536   29  188  375.31543  -27.12839   107%   110 3230s
 502448 423845  347.53558   68  156  375.31543  -27.11639   107%   110 3235s
 503249 424548  286.29881  103  145  375.31543  -27.10721   107%   109 3240s
 504040 425205  370.09373  104  146  375.31543  -27.10080   107%   109 3245s
 504772 425869  361.20730  108  160  375.31543  -27.08124   107%   109 3250s
 505438 426383     cutoff  105       375.31543  -27.06312   107%   110 3255s
 506253 427124  174.47481   63  177  375.31543  -27.04988   107%   110 3260s
 507007 427746   14.56356   23  196  375.31543  -27.01719   107%   110 3265s
 507826 428495  104.09643   40  186  375.31543  -26.97463   107%   110 3270s
 508525 429088  125.16924   54  180  375.31543  -26.94048   107%   110 3275s
 509368 429785   10.80491   27  193  375.31543  -26.91750   107%   109 3280s
 510212 430521  118.38707   44  183  375.31543  -26.89417   107%   109 3285s
 510881 431058  373.80890   71  112  375.31543  -26.86863   107%   110 3290s
 511769 431860     cutoff   49       375.31543  -26.84122   107%   109 3295s
 512265 432206   24.30973   32  201  375.31543  -26.82666   107%   110 3300s
 513116 432981  348.33407   86  149  375.31543  -26.80702   107%   110 3305s
 513833 433568   91.81942   38  198  375.31543  -26.78448   107%   110 3310s
 514689 434338  356.50159   50  100  375.31543  -26.76832   107%   110 3315s
 515348 434873   42.23230   38  192  375.31543  -26.73662   107%   110 3320s
 516146 435587   89.22169   37  184  375.31543  -26.71797   107%   110 3325s
 516787 436100   85.89296   47  195  375.31543  -26.68778   107%   110 3330s
 517712 436933     cutoff   94       375.31543  -26.67525   107%   110 3335s
 518429 437498  114.31557   54  175  375.31543  -26.65961   107%   110 3340s
 519268 438239  367.80915  101  158  375.31543  -26.64843   107%   110 3345s
 520077 438962  341.03129  119  131  375.31543  -26.62213   107%   110 3350s
 520872 439635  289.07094   68  159  375.31543  -26.60869   107%   110 3355s
 521748 440393   21.97771   27  188  375.31543  -26.59366   107%   109 3360s
 522445 440952   75.75368   36  205  375.31543  -26.58205   107%   109 3365s
 523235 441654  241.93227   85  181  375.31543  -26.56557   107%   109 3370s
 523932 442187    4.58803   28  203  375.31543  -26.54283   107%   109 3375s
 524740 442915   59.59028   30  183  375.31543  -26.53196   107%   109 3380s
 525459 443526    6.81108   22  186  375.31543  -26.51441   107%   109 3385s
 526323 444300  207.81489   44  195  375.31543  -26.49813   107%   109 3390s
H527021 444780                     375.2256292  -26.49155   107%   109 3394s
H527021 444710                     375.0839988  -26.49155   107%   109 3394s
 527022 444713  371.07094   90  140  375.08400  -26.49155   107%   109 3397s
H527047 444697                     375.0279727  -26.49009   107%   109 3397s
H527047 444697                     375.0279425  -26.49009   107%   109 3397s
H527101 444741                     375.0273088  -26.49009   107%   109 3398s
H527101 444741                     375.0267833  -26.49009   107%   109 3398s
 527287 444919  221.95583   70  170  375.02678  -26.48981   107%   109 3400s
H527335 444965                     375.0217586  -26.48981   107%   109 3400s
H527335 444965                     375.0215638  -26.48981   107%   109 3400s
H527335 444965                     375.0213467  -26.48981   107%   109 3400s
H527387 445017                     375.0212572  -26.48981   107%   109 3400s
 527889 445453  189.89087   46  187  375.02126  -26.48206   107%   109 3405s
H528387 445853                     375.0212536  -26.46143   107%   109 3408s
 528523 445967   84.28831   50  182  375.02125  -26.46049   107%   109 3410s
 529378 446720  351.29350   69  156  375.02125  -26.44028   107%   109 3415s
 530055 447263  227.75799   84  164  375.02125  -26.42096   107%   109 3420s
 530892 448010   42.10516   32  201  375.02125  -26.40819   107%   109 3425s
 531655 448689  271.87619  105  163  375.02125  -26.39693   107%   109 3430s
 532477 449377  317.96335   74  164  375.02125  -26.38085   107%   109 3435s
 533161 450011  129.29163   61  185  375.02125  -26.37380   107%   109 3440s
 534095 450945  341.33627  123  150  375.02125  -26.37380   107%   109 3445s
 534938 451612     cutoff   69       375.02125  -26.35824   107%   109 3450s
 535570 452168  224.14243   78  173  375.02125  -26.34667   107%   109 3455s
 536377 452845     cutoff   98       375.02125  -26.33290   107%   109 3460s
 537230 453614  308.97020  113  150  375.02125  -26.32124   107%   109 3465s
 537889 454119     cutoff   77       375.02125  -26.28538   107%   109 3470s
 538746 454864   -8.98950   23  195  375.02125  -26.26946   107%   109 3475s
 539546 455474  117.33123   39  181  375.02125  -26.25282   107%   109 3480s
 540415 456227  -12.10409   23  193  375.02125  -26.24030   107%   109 3485s
H540746 456477                     375.0025489  -26.22970   107%   109 3487s
 540747 456480  329.90701   64  163  375.00255  -26.22970   107%   109 3491s
 541411 457090  333.79733  120  134  375.00255  -26.22453   107%   109 3495s
 542101 457628  323.27449   82  171  375.00255  -26.19995   107%   109 3500s
H542830 458289                     375.0025451  -26.19695   107%   109 3504s
 542978 458403   31.20769   34  194  375.00255  -26.18836   107%   109 3505s
H542992 458415                     375.0025408  -26.18836   107%   109 3505s
 543714 458913  -20.41322   27  195  375.00254  -26.14984   107%   109 3510s
 544556 459661     cutoff   86       375.00254  -26.14856   107%   109 3515s
 545320 460289  162.71763   62  182  375.00254  -26.11309   107%   109 3520s
 546121 460950     cutoff   79       375.00254  -26.09768   107%   109 3525s
 546897 461598  232.80577   86  164  375.00254  -26.07738   107%   109 3530s
 547702 462257   90.20547   36  200  375.00254  -26.04753   107%   109 3535s
 548616 463053   -6.05527   27  195  375.00254  -26.02892   107%   109 3540s
 549421 463718  145.26613   60  177  375.00254  -26.01164   107%   109 3545s
 550211 464414   67.87024   39  193  375.00254  -25.99090   107%   109 3550s
 551036 465167  348.49702  114  124  375.00254  -25.97762   107%   109 3555s
 551754 465701  357.05621   76  160  375.00254  -25.95155   107%   109 3560s
 552571 466440     cutoff  129       375.00254  -25.94055   107%   109 3565s
 553356 467065  201.76276   77  146  375.00254  -25.92027   107%   109 3570s
 554242 467861  227.19666   54  193  375.00254  -25.90234   107%   109 3575s
 554956 468391   79.48317   41  183  375.00254  -25.88149   107%   109 3580s
 555770 469105     cutoff  115       375.00254  -25.87343   107%   109 3585s
 556528 469743   58.32448   37  185  375.00254  -25.85880   107%   109 3590s
 557401 470506  235.43424   71  159  375.00254  -25.84412   107%   109 3595s

Cutting planes:
  Gomory: 3
  Cover: 1
  Implied bound: 60
  Flow cover: 30
  Relax-and-lift: 6

Explored 558208 nodes (61037334 simplex iterations) in 3600.00 seconds (2485.48 work units)
Thread count was 1 (of 56 available processors)

Solution count 10: 375.003 375.003 375.003 ... 375.027

Time limit reached
Best objective 3.750025407973e+02, best bound -2.582994501557e+01, gap 106.8879%

User-callback calls 1958926, time in user-callback 2.74 sec
primal_bound = 375.0025407972762, dual_bound = -25.829945015567773, gap = 106.88793866853592, time = 3600.01
