solving instance transportation 15 8 square
Set parameter TokenServer to value "licences.gerad.lan"
Set parameter MIPGap to value 1e-06
Set parameter FuncPieceError to value 1e-06
Set parameter Threads to value 1
Set parameter FuncPieces to value -2
Set parameter TimeLimit to value 3600
Gurobi Optimizer version 12.0.2 build v12.0.2rc0 (linux64 - "AlmaLinux 9.6 (Sage Margay)")

CPU model: Intel(R) Xeon(R) Gold 6258R CPU @ 2.70GHz, instruction set [SSE2|AVX|AVX2|AVX512]
Thread count: 56 physical cores, 56 logical processors, using up to 1 threads

Non-default parameters:
TimeLimit  3600
MIPGap  1e-06
Threads  1
FuncPieces  -2
FuncPieceError  1e-06

Optimize a model with 480 rows, 900 columns and 1350 nonzeros
Model fingerprint: 0x208b4a8d
Model has 225 function constraints treated as nonlinear
  225 POW
Variable types: 675 continuous, 225 integer (225 binary)
Coefficient statistics:
  Matrix range     [4e-04, 1e+02]
  Objective range  [1e+00, 1e+00]
  Bounds range     [3e+00, 1e+10]
  RHS range        [3e+00, 2e+02]
Warning: Model contains large bounds
         Consider reformulating model or setting NumericFocus parameter
         to avoid numerical issues.
Presolve removed 450 rows and 675 columns
Presolve time: 0.00s
Presolved: 30 rows, 225 columns, 450 nonzeros
Presolved model has 225 quadratic objective terms
Variable types: 225 continuous, 0 integer (0 binary)
Root relaxation presolve time: 0.00s
Root relaxation presolved: 30 rows, 225 columns, 450 nonzeros
Root relaxation presolved model has 225 quadratic objective terms
Root barrier log...

Ordering time: 0.00s

Barrier statistics:
 AA' NZ     : 2.250e+02
 Factor NZ  : 4.650e+02
 Factor Ops : 9.455e+03 (less than 1 second per iteration)
 Threads    : 1

                  Objective                Residual
Iter       Primal          Dual         Primal    Dual     Compl     Time
   0   6.30263548e+07 -6.44777935e+07  1.15e+04 7.60e+02  6.76e+05     0s
   1   3.23735155e+06 -4.97386235e+06  2.19e+03 1.44e+02  1.38e+05     0s
   2   1.11074619e+04 -1.70927280e+06  9.37e+01 6.14e+00  9.15e+03     0s
   3   2.41625284e+03 -1.01187040e+06  2.91e+01 1.93e+00  3.84e+03     0s
   4   7.83341116e+02 -4.02386598e+05  7.45e+00 5.07e-01  1.21e+03     0s
   5   3.66934067e+02 -1.84267979e+05  2.35e+00 1.67e-01  4.83e+02     0s
   6   1.98050345e+02 -8.46138943e+04  7.86e-01 5.92e-02  2.04e+02     0s
   7   1.45425753e+02 -2.67774656e+04  1.77e-01 1.54e-02  6.15e+01     0s
   8   1.36077903e+02 -9.90538051e+03  4.69e-02 5.17e-03  2.23e+01     0s
   9   1.30407475e+02 -2.03062644e+03  4.32e-03 3.05e-04  4.61e+00     0s
  10   1.17837908e+02 -2.01666263e+02  5.71e-04 4.25e-05  6.80e-01     0s
  11   1.00033777e+02  3.35460287e+01  5.40e-05 4.98e-06  1.41e-01     0s
  12   9.55283815e+01  8.42740679e+01  5.20e-06 5.17e-07  2.37e-02     0s
  13   9.50228404e+01  9.48208341e+01  1.08e-08 9.35e-10  4.21e-04     0s
  14   9.50053572e+01  9.50013915e+01  5.95e-11 5.49e-12  8.26e-06     0s
  15   9.50039226e+01  9.50037246e+01  2.24e-11 1.94e-13  4.14e-07     0s
  16   9.50037510e+01  9.50037425e+01  6.87e-13 6.38e-13  1.76e-08     0s
  17   9.50037428e+01  9.50037428e+01  3.49e-15 6.72e-13  2.11e-11     0s

Barrier solved model in 17 iterations and 0.00 seconds (0.00 work units)
Optimal objective 9.50037428e+01


Root relaxation: objective 9.500374e+01, 0 iterations, 0.00 seconds (0.00 work units)

    Nodes    |    Current Node    |     Objective Bounds      |     Work
 Expl Unexpl |  Obj  Depth IntInf | Incumbent    BestBd   Gap | It/Node Time

*    0     0               0      95.0037428   95.00374  0.00%     -    0s

Explored 1 nodes (0 simplex iterations) in 0.00 seconds (0.00 work units)
Thread count was 1 (of 56 available processors)

Solution count 1: 95.0037 

Optimal solution found (tolerance 1.00e-06)
Best objective 9.500374280631e+01, best bound 9.500374280631e+01, gap 0.0000%

User-callback calls 345, time in user-callback 0.00 sec
primal_bound = 95.00374280630788, dual_bound = 95.00374280630791, gap = 2.991641022854197e-14, time = 0.02
