solving instance mcf nodes c64 3 6 log
presolving:
(round 1, fast)       713 del vars, 713 del conss, 0 add conss, 30 chg bounds, 0 chg sides, 0 chg coeffs, 0 upgd conss, 0 impls, 0 clqs
(round 2, fast)       1396 del vars, 713 del conss, 0 add conss, 30 chg bounds, 0 chg sides, 0 chg coeffs, 0 upgd conss, 0 impls, 0 clqs
(round 3, fast)       1396 del vars, 713 del conss, 0 add conss, 30 chg bounds, 683 chg sides, 0 chg coeffs, 0 upgd conss, 0 impls, 0 clqs
   (5.5s) symmetry computation started: requiring (bin +, int +, cont +), (fixed: bin -, int -, cont -)
   (6.5s) no symmetry present (symcode time: 0.25)
presolving (4 rounds: 4 fast, 1 medium, 1 exhaustive):
 1396 deleted vars, 713 deleted constraints, 0 added constraints, 30 tightened bounds, 0 added holes, 683 changed sides, 0 changed coefficients
 0 implications, 0 cliques
presolved problem has 273260 variables (0 bin, 0 int, 0 impl, 273260 cont) and 12743 constraints
  12713 constraints of type <linear>
     30 constraints of type <nonlinear>
Presolving Time: 5.20

 time | node  | left  |LP iter|LP it/n|mem/heur|mdpt |vars |cons |rows |cuts |sepa|confs|strbr|  dualbound   | primalbound  |  gap   | compl. 
  553s|     1 |     0 |113934 |     - |  1134M |   0 | 273k|  12k|  12k|   0 |  0 |   0 |   0 | 5.516259e+03 |      --      |    Inf | unknown
L 962s|     1 |     0 |113934 |     - |  subnlp|   0 | 273k|  12k|  12k|   0 |  0 |   0 |   0 | 5.516259e+03 | 1.133060e+04 | 105.40%| unknown
  962s|     1 |     0 |113934 |     - |  1153M |   0 | 273k|  12k|  12k|   0 |  1 |   0 |   0 | 5.516259e+03 | 1.133060e+04 | 105.40%| unknown
L1243s|     1 |     0 |113934 |     - |  subnlp|   0 | 273k|  12k|  12k|   0 |  2 |   0 |   0 | 5.516259e+03 | 1.133060e+04 | 105.40%| unknown
 1259s|     1 |     0 |113934 |     - |  1160M |   0 | 273k|  12k|  12k|   0 |  2 |   0 |   0 | 5.516259e+03 | 1.133060e+04 | 105.40%| unknown
 1381s|     1 |     0 |132937 |     - |  1182M |   0 | 273k|  12k|  12k|   0 |  3 |   0 |   0 | 1.087680e+04 | 1.133060e+04 |   4.17%| unknown
 1746s|     1 |     0 |217262 |     - |  1182M |   0 | 273k|  12k|  12k|  30 |  4 |   0 |   0 | 1.122170e+04 | 1.133060e+04 |   0.97%| unknown
 1746s|     1 |     2 |217262 |     - |  1192M |   0 | 273k|  12k|  12k|  30 |  5 |   0 |   0 | 1.122170e+04 | 1.133060e+04 |   0.97%| unknown
L2269s|     2 |     3 |217468 |2477.0 |  subnlp|   1 | 273k|  12k|  12k|  31 |  2 |   0 |   0 | 1.122170e+04 | 1.132398e+04 |   0.91%| unknown
t2947s|    60 |    41 |231815 | 285.2 |  trysol|  13 | 273k|  12k|   0 | 102 |  0 |   0 |   0 | 1.126671e+04 | 1.132332e+04 |   0.50%|  33.71%
 3007s|   100 |    75 |239705 | 249.6 |  1276M |  16 | 273k|  12k|  12k| 177 |  2 |   0 |   0 | 1.128242e+04 | 1.132332e+04 |   0.36%|  38.43%
t3053s|   129 |    86 |246077 | 242.9 |  trysol|  19 | 273k|  12k|   0 | 223 |  0 |   0 |   0 | 1.128318e+04 | 1.131880e+04 |   0.32%|  43.99%
 3144s|   200 |   111 |262868 | 240.6 |  1293M |  21 | 273k|  12k|  12k| 365 |  2 |   0 |   0 | 1.129270e+04 | 1.131880e+04 |   0.23%|  60.79%
 3219s|   300 |   135 |276595 | 206.0 |  1296M |  22 | 273k|  12k|  12k| 571 |  2 |   0 |   0 | 1.129575e+04 | 1.131880e+04 |   0.20%|  70.80%
 3510s|   400 |   165 |288812 | 185.0 |  1298M |  25 | 273k|  12k|  12k| 747 |  2 |   0 |   0 | 1.129934e+04 | 1.131880e+04 |   0.17%|  77.03%
 time | node  | left  |LP iter|LP it/n|mem/heur|mdpt |vars |cons |rows |cuts |sepa|confs|strbr|  dualbound   | primalbound  |  gap   | compl. 
 3554s|   500 |   189 |297009 | 164.4 |  1300M |  26 | 273k|  12k|  12k| 864 |  2 |   0 |   0 | 1.130252e+04 | 1.131880e+04 |   0.14%|  81.64%
t3575s|   537 |   190 |301175 | 160.8 |  trysol|  26 | 273k|  12k|   0 | 933 |  0 |   0 |   0 | 1.130414e+04 | 1.131789e+04 |   0.12%|  84.41%

SCIP Status        : solving was interrupted [time limit reached]
Solving Time (sec) : 3600.01
Solving Nodes      : 585
Primal Bound       : +1.13178934455037e+04 (7 solutions)
Dual Bound         : +1.13054889926151e+04
Gap                : 0.11 %
primal_bound = 11317.893445503742, dual_bound = 11305.488992615077, gap = 0.10960036819919192, time = 3610.59
