solving instance knapsack 1000 6 sinabc1
The latest version of Julia in the `1.10` channel is 1.10.6+0.x64.linux.gnu. You currently have `1.10.5+0.x64.linux.gnu` installed. Run:

  juliaup update

in your terminal shell to install Julia 1.10.6+0.x64.linux.gnu and update the `1.10` channel to that version.
-1.0 * eval(exprs[k, count])
-1.0 * eval(exprs[k, count])
-1.0 * eval(exprs[k, count])
-1.0 * eval(exprs[k, count])
-1.0 * eval(exprs[k, count])
-1.0 * eval(exprs[k, count])
-1.0 * eval(exprs[k, count])
-1.0 * eval(exprs[k, count])
-1.0 * eval(exprs[k, count])
-1.0 * eval(exprs[k, count])
-1.0 * eval(exprs[k, count])
-1.0 * eval(exprs[k, count])
-1.0 * eval(exprs[k, count])
-1.0 * eval(exprs[k, count])
-1.0 * eval(exprs[k, count])
-1.0 * eval(exprs[k, count])
-1.0 * eval(exprs[k, count])
-1.0 * eval(exprs[k, count])
-1.0 * eval(exprs[k, count])
-1.0 * eval(exprs[k, count])
-1.0 * eval(exprs[k, count])
-1.0 * eval(exprs[k, count])
-1.0 * eval(exprs[k, count])
-1.0 * eval(exprs[k, count])
-1.0 * eval(exprs[k, count])
-1.0 * eval(exprs[k, count])
-1.0 * eval(exprs[k, count])
-1.0 * eval(exprs[k, count])
-1.0 * eval(exprs[k, count])
-1.0 * eval(exprs[k, count])
-1.0 * eval(exprs[k, count])
-1.0 * eval(exprs[k, count])
-1.0 * eval(exprs[k, count])
-1.0 * eval(exprs[k, count])
-1.0 * eval(exprs[k, count])
-1.0 * eval(exprs[k, count])
-1.0 * eval(exprs[k, count])
-1.0 * eval(exprs[k, count])
-1.0 * eval(exprs[k, count])
-1.0 * eval(exprs[k, count])
-1.0 * eval(exprs[k, count])
-1.0 * eval(exprs[k, count])
-1.0 * eval(exprs[k, count])
-1.0 * eval(exprs[k, count])
-1.0 * eval(exprs[k, count])
-1.0 * eval(exprs[k, count])
-1.0 * eval(exprs[k, count])
-1.0 * eval(exprs[k, count])
-1.0 * eval(exprs[k, count])
-1.0 * eval(exprs[k, count])
-1.0 * eval(exprs[k, count])
-1.0 * eval(exprs[k, count])
-1.0 * eval(exprs[k, count])
-1.0 * eval(exprs[k, count])
-1.0 * eval(exprs[k, count])
-1.0 * eval(exprs[k, count])
-1.0 * eval(exprs[k, count])
-1.0 * eval(exprs[k, count])
-1.0 * eval(exprs[k, count])
-1.0 * eval(exprs[k, count])
-1.0 * eval(exprs[k, count])
-1.0 * eval(exprs[k, count])
-1.0 * eval(exprs[k, count])
-1.0 * eval(exprs[k, count])
-1.0 * eval(exprs[k, count])
-1.0 * eval(exprs[k, count])
-1.0 * eval(exprs[k, count])
-1.0 * eval(exprs[k, count])
-1.0 * eval(exprs[k, count])
-1.0 * eval(exprs[k, count])
-1.0 * eval(exprs[k, count])
-1.0 * eval(exprs[k, count])
-1.0 * eval(exprs[k, count])
-1.0 * eval(exprs[k, count])
-1.0 * eval(exprs[k, count])
-1.0 * eval(exprs[k, count])
-1.0 * eval(exprs[k, count])
-1.0 * eval(exprs[k, count])
-1.0 * eval(exprs[k, count])
-1.0 * eval(exprs[k, count])
-1.0 * eval(exprs[k, count])
-1.0 * eval(exprs[k, count])
-1.0 * eval(exprs[k, count])
-1.0 * eval(exprs[k, count])
-1.0 * eval(exprs[k, count])
-1.0 * eval(exprs[k, count])
-1.0 * eval(exprs[k, count])
-1.0 * eval(exprs[k, count])
-1.0 * eval(exprs[k, count])
-1.0 * eval(exprs[k, count])
-1.0 * eval(exprs[k, count])
-1.0 * eval(exprs[k, count])
-1.0 * eval(exprs[k, count])
-1.0 * eval(exprs[k, count])
-1.0 * eval(exprs[k, count])
-1.0 * eval(exprs[k, count])
-1.0 * eval(exprs[k, count])
-1.0 * eval(exprs[k, count])
-1.0 * eval(exprs[k, count])
-1.0 * eval(exprs[k, count])
-1.0 * eval(exprs[k, count])
-1.0 * eval(exprs[k, count])
-1.0 * eval(exprs[k, count])
-1.0 * eval(exprs[k, count])
-1.0 * eval(exprs[k, count])
-1.0 * eval(exprs[k, count])
-1.0 * eval(exprs[k, count])
-1.0 * eval(exprs[k, count])
-1.0 * eval(exprs[k, count])
-1.0 * eval(exprs[k, count])
-1.0 * eval(exprs[k, count])
-1.0 * eval(exprs[k, count])
-1.0 * eval(exprs[k, count])
-1.0 * eval(exprs[k, count])
-1.0 * eval(exprs[k, count])
-1.0 * eval(exprs[k, count])
-1.0 * eval(exprs[k, count])
-1.0 * eval(exprs[k, count])
-1.0 * eval(exprs[k, count])
-1.0 * eval(exprs[k, count])
-1.0 * eval(exprs[k, count])
-1.0 * eval(exprs[k, count])
-1.0 * eval(exprs[k, count])
-1.0 * eval(exprs[k, count])
-1.0 * eval(exprs[k, count])
-1.0 * eval(exprs[k, count])
-1.0 * eval(exprs[k, count])
-1.0 * eval(exprs[k, count])
-1.0 * eval(exprs[k, count])
-1.0 * eval(exprs[k, count])
-1.0 * eval(exprs[k, count])
-1.0 * eval(exprs[k, count])
-1.0 * eval(exprs[k, count])
-1.0 * eval(exprs[k, count])
-1.0 * eval(exprs[k, count])
-1.0 * eval(exprs[k, count])
-1.0 * eval(exprs[k, count])
-1.0 * eval(exprs[k, count])
-1.0 * eval(exprs[k, count])
-1.0 * eval(exprs[k, count])
-1.0 * eval(exprs[k, count])
-1.0 * eval(exprs[k, count])
-1.0 * eval(exprs[k, count])
-1.0 * eval(exprs[k, count])
-1.0 * eval(exprs[k, count])
-1.0 * eval(exprs[k, count])
-1.0 * eval(exprs[k, count])
-1.0 * eval(exprs[k, count])
-1.0 * eval(exprs[k, count])
-1.0 * eval(exprs[k, count])
-1.0 * eval(exprs[k, count])
-1.0 * eval(exprs[k, count])
-1.0 * eval(exprs[k, count])
-1.0 * eval(exprs[k, count])
-1.0 * eval(exprs[k, count])
-1.0 * eval(exprs[k, count])
-1.0 * eval(exprs[k, count])
-1.0 * eval(exprs[k, count])
-1.0 * eval(exprs[k, count])
-1.0 * eval(exprs[k, count])
-1.0 * eval(exprs[k, count])
-1.0 * eval(exprs[k, count])
-1.0 * eval(exprs[k, count])
-1.0 * eval(exprs[k, count])
-1.0 * eval(exprs[k, count])
-1.0 * eval(exprs[k, count])
-1.0 * eval(exprs[k, count])
-1.0 * eval(exprs[k, count])
-1.0 * eval(exprs[k, count])
-1.0 * eval(exprs[k, count])
-1.0 * eval(exprs[k, count])
-1.0 * eval(exprs[k, count])
-1.0 * eval(exprs[k, count])
-1.0 * eval(exprs[k, count])
-1.0 * eval(exprs[k, count])
-1.0 * eval(exprs[k, count])
-1.0 * eval(exprs[k, count])
-1.0 * eval(exprs[k, count])
-1.0 * eval(exprs[k, count])
-1.0 * eval(exprs[k, count])
-1.0 * eval(exprs[k, count])
-1.0 * eval(exprs[k, count])
-1.0 * eval(exprs[k, count])
-1.0 * eval(exprs[k, count])
-1.0 * eval(exprs[k, count])
-1.0 * eval(exprs[k, count])
-1.0 * eval(exprs[k, count])
-1.0 * eval(exprs[k, count])
-1.0 * eval(exprs[k, count])
-1.0 * eval(exprs[k, count])
-1.0 * eval(exprs[k, count])
-1.0 * eval(exprs[k, count])
-1.0 * eval(exprs[k, count])
-1.0 * eval(exprs[k, count])
-1.0 * eval(exprs[k, count])
-1.0 * eval(exprs[k, count])
-1.0 * eval(exprs[k, count])
-1.0 * eval(exprs[k, count])
-1.0 * eval(exprs[k, count])
-1.0 * eval(exprs[k, count])
-1.0 * eval(exprs[k, count])
-1.0 * eval(exprs[k, count])
-1.0 * eval(exprs[k, count])
-1.0 * eval(exprs[k, count])
-1.0 * eval(exprs[k, count])
-1.0 * eval(exprs[k, count])
-1.0 * eval(exprs[k, count])
-1.0 * eval(exprs[k, count])
-1.0 * eval(exprs[k, count])
-1.0 * eval(exprs[k, count])
-1.0 * eval(exprs[k, count])
-1.0 * eval(exprs[k, count])
-1.0 * eval(exprs[k, count])
-1.0 * eval(exprs[k, count])
-1.0 * eval(exprs[k, count])
-1.0 * eval(exprs[k, count])
-1.0 * eval(exprs[k, count])
-1.0 * eval(exprs[k, count])
-1.0 * eval(exprs[k, count])
-1.0 * eval(exprs[k, count])
-1.0 * eval(exprs[k, count])
-1.0 * eval(exprs[k, count])
-1.0 * eval(exprs[k, count])
-1.0 * eval(exprs[k, count])
-1.0 * eval(exprs[k, count])
-1.0 * eval(exprs[k, count])
-1.0 * eval(exprs[k, count])
-1.0 * eval(exprs[k, count])
-1.0 * eval(exprs[k, count])
-1.0 * eval(exprs[k, count])
-1.0 * eval(exprs[k, count])
-1.0 * eval(exprs[k, count])
-1.0 * eval(exprs[k, count])
-1.0 * eval(exprs[k, count])
-1.0 * eval(exprs[k, count])
-1.0 * eval(exprs[k, count])
-1.0 * eval(exprs[k, count])
-1.0 * eval(exprs[k, count])
-1.0 * eval(exprs[k, count])
-1.0 * eval(exprs[k, count])
-1.0 * eval(exprs[k, count])
-1.0 * eval(exprs[k, count])
-1.0 * eval(exprs[k, count])
-1.0 * eval(exprs[k, count])
-1.0 * eval(exprs[k, count])
-1.0 * eval(exprs[k, count])
-1.0 * eval(exprs[k, count])
-1.0 * eval(exprs[k, count])
-1.0 * eval(exprs[k, count])
-1.0 * eval(exprs[k, count])
-1.0 * eval(exprs[k, count])
-1.0 * eval(exprs[k, count])
-1.0 * eval(exprs[k, count])
-1.0 * eval(exprs[k, count])
-1.0 * eval(exprs[k, count])
-1.0 * eval(exprs[k, count])
-1.0 * eval(exprs[k, count])
-1.0 * eval(exprs[k, count])
-1.0 * eval(exprs[k, count])
-1.0 * eval(exprs[k, count])
-1.0 * eval(exprs[k, count])
-1.0 * eval(exprs[k, count])
-1.0 * eval(exprs[k, count])
-1.0 * eval(exprs[k, count])
-1.0 * eval(exprs[k, count])
-1.0 * eval(exprs[k, count])
-1.0 * eval(exprs[k, count])
-1.0 * eval(exprs[k, count])
-1.0 * eval(exprs[k, count])
-1.0 * eval(exprs[k, count])
-1.0 * eval(exprs[k, count])
-1.0 * eval(exprs[k, count])
-1.0 * eval(exprs[k, count])
-1.0 * eval(exprs[k, count])
-1.0 * eval(exprs[k, count])
-1.0 * eval(exprs[k, count])
-1.0 * eval(exprs[k, count])
-1.0 * eval(exprs[k, count])
-1.0 * eval(exprs[k, count])
-1.0 * eval(exprs[k, count])
-1.0 * eval(exprs[k, count])
-1.0 * eval(exprs[k, count])
-1.0 * eval(exprs[k, count])
-1.0 * eval(exprs[k, count])
-1.0 * eval(exprs[k, count])
-1.0 * eval(exprs[k, count])
-1.0 * eval(exprs[k, count])
-1.0 * eval(exprs[k, count])
-1.0 * eval(exprs[k, count])
-1.0 * eval(exprs[k, count])
-1.0 * eval(exprs[k, count])
-1.0 * eval(exprs[k, count])
-1.0 * eval(exprs[k, count])
-1.0 * eval(exprs[k, count])
-1.0 * eval(exprs[k, count])
-1.0 * eval(exprs[k, count])
-1.0 * eval(exprs[k, count])
-1.0 * eval(exprs[k, count])
-1.0 * eval(exprs[k, count])
-1.0 * eval(exprs[k, count])
-1.0 * eval(exprs[k, count])
-1.0 * eval(exprs[k, count])
-1.0 * eval(exprs[k, count])
-1.0 * eval(exprs[k, count])
-1.0 * eval(exprs[k, count])
-1.0 * eval(exprs[k, count])
-1.0 * eval(exprs[k, count])
-1.0 * eval(exprs[k, count])
-1.0 * eval(exprs[k, count])
-1.0 * eval(exprs[k, count])
-1.0 * eval(exprs[k, count])
-1.0 * eval(exprs[k, count])
-1.0 * eval(exprs[k, count])
-1.0 * eval(exprs[k, count])
-1.0 * eval(exprs[k, count])
-1.0 * eval(exprs[k, count])
-1.0 * eval(exprs[k, count])
-1.0 * eval(exprs[k, count])
-1.0 * eval(exprs[k, count])
-1.0 * eval(exprs[k, count])
-1.0 * eval(exprs[k, count])
-1.0 * eval(exprs[k, count])
-1.0 * eval(exprs[k, count])
-1.0 * eval(exprs[k, count])
-1.0 * eval(exprs[k, count])
-1.0 * eval(exprs[k, count])
-1.0 * eval(exprs[k, count])
-1.0 * eval(exprs[k, count])
-1.0 * eval(exprs[k, count])
-1.0 * eval(exprs[k, count])
-1.0 * eval(exprs[k, count])
-1.0 * eval(exprs[k, count])
-1.0 * eval(exprs[k, count])
-1.0 * eval(exprs[k, count])
-1.0 * eval(exprs[k, count])
-1.0 * eval(exprs[k, count])
-1.0 * eval(exprs[k, count])
-1.0 * eval(exprs[k, count])
-1.0 * eval(exprs[k, count])
-1.0 * eval(exprs[k, count])
-1.0 * eval(exprs[k, count])
-1.0 * eval(exprs[k, count])
-1.0 * eval(exprs[k, count])
-1.0 * eval(exprs[k, count])
-1.0 * eval(exprs[k, count])
-1.0 * eval(exprs[k, count])
-1.0 * eval(exprs[k, count])
-1.0 * eval(exprs[k, count])
-1.0 * eval(exprs[k, count])
-1.0 * eval(exprs[k, count])
-1.0 * eval(exprs[k, count])
-1.0 * eval(exprs[k, count])
-1.0 * eval(exprs[k, count])
-1.0 * eval(exprs[k, count])
-1.0 * eval(exprs[k, count])
-1.0 * eval(exprs[k, count])
-1.0 * eval(exprs[k, count])
-1.0 * eval(exprs[k, count])
-1.0 * eval(exprs[k, count])
-1.0 * eval(exprs[k, count])
-1.0 * eval(exprs[k, count])
-1.0 * eval(exprs[k, count])
-1.0 * eval(exprs[k, count])
-1.0 * eval(exprs[k, count])
-1.0 * eval(exprs[k, count])
-1.0 * eval(exprs[k, count])
-1.0 * eval(exprs[k, count])
-1.0 * eval(exprs[k, count])
-1.0 * eval(exprs[k, count])
-1.0 * eval(exprs[k, count])
-1.0 * eval(exprs[k, count])
-1.0 * eval(exprs[k, count])
-1.0 * eval(exprs[k, count])
-1.0 * eval(exprs[k, count])
-1.0 * eval(exprs[k, count])
-1.0 * eval(exprs[k, count])
-1.0 * eval(exprs[k, count])
-1.0 * eval(exprs[k, count])
-1.0 * eval(exprs[k, count])
-1.0 * eval(exprs[k, count])
-1.0 * eval(exprs[k, count])
-1.0 * eval(exprs[k, count])
-1.0 * eval(exprs[k, count])
-1.0 * eval(exprs[k, count])
-1.0 * eval(exprs[k, count])
-1.0 * eval(exprs[k, count])
-1.0 * eval(exprs[k, count])
-1.0 * eval(exprs[k, count])
-1.0 * eval(exprs[k, count])
-1.0 * eval(exprs[k, count])
-1.0 * eval(exprs[k, count])
-1.0 * eval(exprs[k, count])
-1.0 * eval(exprs[k, count])
-1.0 * eval(exprs[k, count])
-1.0 * eval(exprs[k, count])
-1.0 * eval(exprs[k, count])
-1.0 * eval(exprs[k, count])
-1.0 * eval(exprs[k, count])
-1.0 * eval(exprs[k, count])
-1.0 * eval(exprs[k, count])
-1.0 * eval(exprs[k, count])
-1.0 * eval(exprs[k, count])
-1.0 * eval(exprs[k, count])
-1.0 * eval(exprs[k, count])
-1.0 * eval(exprs[k, count])
-1.0 * eval(exprs[k, count])
-1.0 * eval(exprs[k, count])
-1.0 * eval(exprs[k, count])
-1.0 * eval(exprs[k, count])
-1.0 * eval(exprs[k, count])
-1.0 * eval(exprs[k, count])
-1.0 * eval(exprs[k, count])
-1.0 * eval(exprs[k, count])
-1.0 * eval(exprs[k, count])
-1.0 * eval(exprs[k, count])
-1.0 * eval(exprs[k, count])
-1.0 * eval(exprs[k, count])
-1.0 * eval(exprs[k, count])
-1.0 * eval(exprs[k, count])
-1.0 * eval(exprs[k, count])
-1.0 * eval(exprs[k, count])
-1.0 * eval(exprs[k, count])
-1.0 * eval(exprs[k, count])
-1.0 * eval(exprs[k, count])
-1.0 * eval(exprs[k, count])
-1.0 * eval(exprs[k, count])
-1.0 * eval(exprs[k, count])
-1.0 * eval(exprs[k, count])
-1.0 * eval(exprs[k, count])
-1.0 * eval(exprs[k, count])
-1.0 * eval(exprs[k, count])
-1.0 * eval(exprs[k, count])
-1.0 * eval(exprs[k, count])
-1.0 * eval(exprs[k, count])
-1.0 * eval(exprs[k, count])
-1.0 * eval(exprs[k, count])
-1.0 * eval(exprs[k, count])
-1.0 * eval(exprs[k, count])
-1.0 * eval(exprs[k, count])
-1.0 * eval(exprs[k, count])
-1.0 * eval(exprs[k, count])
-1.0 * eval(exprs[k, count])
-1.0 * eval(exprs[k, count])
-1.0 * eval(exprs[k, count])
-1.0 * eval(exprs[k, count])
-1.0 * eval(exprs[k, count])
-1.0 * eval(exprs[k, count])
-1.0 * eval(exprs[k, count])
-1.0 * eval(exprs[k, count])
-1.0 * eval(exprs[k, count])
-1.0 * eval(exprs[k, count])
-1.0 * eval(exprs[k, count])
-1.0 * eval(exprs[k, count])
-1.0 * eval(exprs[k, count])
-1.0 * eval(exprs[k, count])
-1.0 * eval(exprs[k, count])
-1.0 * eval(exprs[k, count])
-1.0 * eval(exprs[k, count])
-1.0 * eval(exprs[k, count])
-1.0 * eval(exprs[k, count])
-1.0 * eval(exprs[k, count])
-1.0 * eval(exprs[k, count])
-1.0 * eval(exprs[k, count])
-1.0 * eval(exprs[k, count])
-1.0 * eval(exprs[k, count])
-1.0 * eval(exprs[k, count])
-1.0 * eval(exprs[k, count])
-1.0 * eval(exprs[k, count])
-1.0 * eval(exprs[k, count])
-1.0 * eval(exprs[k, count])
-1.0 * eval(exprs[k, count])
-1.0 * eval(exprs[k, count])
-1.0 * eval(exprs[k, count])
-1.0 * eval(exprs[k, count])
-1.0 * eval(exprs[k, count])
-1.0 * eval(exprs[k, count])
-1.0 * eval(exprs[k, count])
-1.0 * eval(exprs[k, count])
-1.0 * eval(exprs[k, count])
-1.0 * eval(exprs[k, count])
-1.0 * eval(exprs[k, count])
-1.0 * eval(exprs[k, count])
-1.0 * eval(exprs[k, count])
-1.0 * eval(exprs[k, count])
-1.0 * eval(exprs[k, count])
-1.0 * eval(exprs[k, count])
-1.0 * eval(exprs[k, count])
-1.0 * eval(exprs[k, count])
-1.0 * eval(exprs[k, count])
-1.0 * eval(exprs[k, count])
-1.0 * eval(exprs[k, count])
-1.0 * eval(exprs[k, count])
-1.0 * eval(exprs[k, count])
-1.0 * eval(exprs[k, count])
-1.0 * eval(exprs[k, count])
-1.0 * eval(exprs[k, count])
-1.0 * eval(exprs[k, count])
-1.0 * eval(exprs[k, count])
-1.0 * eval(exprs[k, count])
-1.0 * eval(exprs[k, count])
-1.0 * eval(exprs[k, count])
-1.0 * eval(exprs[k, count])
-1.0 * eval(exprs[k, count])
-1.0 * eval(exprs[k, count])
-1.0 * eval(exprs[k, count])
-1.0 * eval(exprs[k, count])
-1.0 * eval(exprs[k, count])
-1.0 * eval(exprs[k, count])
-1.0 * eval(exprs[k, count])
-1.0 * eval(exprs[k, count])
-1.0 * eval(exprs[k, count])
-1.0 * eval(exprs[k, count])
-1.0 * eval(exprs[k, count])
-1.0 * eval(exprs[k, count])
-1.0 * eval(exprs[k, count])
-1.0 * eval(exprs[k, count])
-1.0 * eval(exprs[k, count])
-1.0 * eval(exprs[k, count])
-1.0 * eval(exprs[k, count])
-1.0 * eval(exprs[k, count])
-1.0 * eval(exprs[k, count])
-1.0 * eval(exprs[k, count])
-1.0 * eval(exprs[k, count])
-1.0 * eval(exprs[k, count])
-1.0 * eval(exprs[k, count])
-1.0 * eval(exprs[k, count])
-1.0 * eval(exprs[k, count])
-1.0 * eval(exprs[k, count])
-1.0 * eval(exprs[k, count])
-1.0 * eval(exprs[k, count])
-1.0 * eval(exprs[k, count])
-1.0 * eval(exprs[k, count])
-1.0 * eval(exprs[k, count])
-1.0 * eval(exprs[k, count])
-1.0 * eval(exprs[k, count])
-1.0 * eval(exprs[k, count])
-1.0 * eval(exprs[k, count])
-1.0 * eval(exprs[k, count])
-1.0 * eval(exprs[k, count])
-1.0 * eval(exprs[k, count])
-1.0 * eval(exprs[k, count])
-1.0 * eval(exprs[k, count])
-1.0 * eval(exprs[k, count])
-1.0 * eval(exprs[k, count])
-1.0 * eval(exprs[k, count])
-1.0 * eval(exprs[k, count])
-1.0 * eval(exprs[k, count])
-1.0 * eval(exprs[k, count])
-1.0 * eval(exprs[k, count])
-1.0 * eval(exprs[k, count])
-1.0 * eval(exprs[k, count])
-1.0 * eval(exprs[k, count])
-1.0 * eval(exprs[k, count])
-1.0 * eval(exprs[k, count])
-1.0 * eval(exprs[k, count])
-1.0 * eval(exprs[k, count])
-1.0 * eval(exprs[k, count])
-1.0 * eval(exprs[k, count])
-1.0 * eval(exprs[k, count])
-1.0 * eval(exprs[k, count])
-1.0 * eval(exprs[k, count])
-1.0 * eval(exprs[k, count])
-1.0 * eval(exprs[k, count])
-1.0 * eval(exprs[k, count])
-1.0 * eval(exprs[k, count])
-1.0 * eval(exprs[k, count])
-1.0 * eval(exprs[k, count])
-1.0 * eval(exprs[k, count])
-1.0 * eval(exprs[k, count])
-1.0 * eval(exprs[k, count])
-1.0 * eval(exprs[k, count])
-1.0 * eval(exprs[k, count])
-1.0 * eval(exprs[k, count])
-1.0 * eval(exprs[k, count])
-1.0 * eval(exprs[k, count])
-1.0 * eval(exprs[k, count])
-1.0 * eval(exprs[k, count])
-1.0 * eval(exprs[k, count])
-1.0 * eval(exprs[k, count])
-1.0 * eval(exprs[k, count])
-1.0 * eval(exprs[k, count])
-1.0 * eval(exprs[k, count])
-1.0 * eval(exprs[k, count])
-1.0 * eval(exprs[k, count])
-1.0 * eval(exprs[k, count])
-1.0 * eval(exprs[k, count])
-1.0 * eval(exprs[k, count])
-1.0 * eval(exprs[k, count])
-1.0 * eval(exprs[k, count])
-1.0 * eval(exprs[k, count])
-1.0 * eval(exprs[k, count])
-1.0 * eval(exprs[k, count])
-1.0 * eval(exprs[k, count])
-1.0 * eval(exprs[k, count])
-1.0 * eval(exprs[k, count])
-1.0 * eval(exprs[k, count])
-1.0 * eval(exprs[k, count])
-1.0 * eval(exprs[k, count])
-1.0 * eval(exprs[k, count])
-1.0 * eval(exprs[k, count])
-1.0 * eval(exprs[k, count])
-1.0 * eval(exprs[k, count])
-1.0 * eval(exprs[k, count])
-1.0 * eval(exprs[k, count])
-1.0 * eval(exprs[k, count])
-1.0 * eval(exprs[k, count])
-1.0 * eval(exprs[k, count])
-1.0 * eval(exprs[k, count])
-1.0 * eval(exprs[k, count])
-1.0 * eval(exprs[k, count])
-1.0 * eval(exprs[k, count])
-1.0 * eval(exprs[k, count])
-1.0 * eval(exprs[k, count])
-1.0 * eval(exprs[k, count])
-1.0 * eval(exprs[k, count])
-1.0 * eval(exprs[k, count])
-1.0 * eval(exprs[k, count])
-1.0 * eval(exprs[k, count])
-1.0 * eval(exprs[k, count])
-1.0 * eval(exprs[k, count])
-1.0 * eval(exprs[k, count])
-1.0 * eval(exprs[k, count])
-1.0 * eval(exprs[k, count])
-1.0 * eval(exprs[k, count])
-1.0 * eval(exprs[k, count])
-1.0 * eval(exprs[k, count])
-1.0 * eval(exprs[k, count])
-1.0 * eval(exprs[k, count])
-1.0 * eval(exprs[k, count])
-1.0 * eval(exprs[k, count])
-1.0 * eval(exprs[k, count])
-1.0 * eval(exprs[k, count])
-1.0 * eval(exprs[k, count])
-1.0 * eval(exprs[k, count])
-1.0 * eval(exprs[k, count])
-1.0 * eval(exprs[k, count])
-1.0 * eval(exprs[k, count])
-1.0 * eval(exprs[k, count])
-1.0 * eval(exprs[k, count])
-1.0 * eval(exprs[k, count])
-1.0 * eval(exprs[k, count])
-1.0 * eval(exprs[k, count])
-1.0 * eval(exprs[k, count])
-1.0 * eval(exprs[k, count])
-1.0 * eval(exprs[k, count])
-1.0 * eval(exprs[k, count])
-1.0 * eval(exprs[k, count])
-1.0 * eval(exprs[k, count])
-1.0 * eval(exprs[k, count])
-1.0 * eval(exprs[k, count])
-1.0 * eval(exprs[k, count])
-1.0 * eval(exprs[k, count])
-1.0 * eval(exprs[k, count])
-1.0 * eval(exprs[k, count])
-1.0 * eval(exprs[k, count])
-1.0 * eval(exprs[k, count])
-1.0 * eval(exprs[k, count])
-1.0 * eval(exprs[k, count])
-1.0 * eval(exprs[k, count])
-1.0 * eval(exprs[k, count])
-1.0 * eval(exprs[k, count])
-1.0 * eval(exprs[k, count])
-1.0 * eval(exprs[k, count])
-1.0 * eval(exprs[k, count])
-1.0 * eval(exprs[k, count])
-1.0 * eval(exprs[k, count])
-1.0 * eval(exprs[k, count])
-1.0 * eval(exprs[k, count])
-1.0 * eval(exprs[k, count])
-1.0 * eval(exprs[k, count])
-1.0 * eval(exprs[k, count])
-1.0 * eval(exprs[k, count])
-1.0 * eval(exprs[k, count])
-1.0 * eval(exprs[k, count])
-1.0 * eval(exprs[k, count])
-1.0 * eval(exprs[k, count])
-1.0 * eval(exprs[k, count])
-1.0 * eval(exprs[k, count])
-1.0 * eval(exprs[k, count])
-1.0 * eval(exprs[k, count])
-1.0 * eval(exprs[k, count])
-1.0 * eval(exprs[k, count])
-1.0 * eval(exprs[k, count])
-1.0 * eval(exprs[k, count])
-1.0 * eval(exprs[k, count])
-1.0 * eval(exprs[k, count])
-1.0 * eval(exprs[k, count])
-1.0 * eval(exprs[k, count])
-1.0 * eval(exprs[k, count])
-1.0 * eval(exprs[k, count])
-1.0 * eval(exprs[k, count])
-1.0 * eval(exprs[k, count])
-1.0 * eval(exprs[k, count])
-1.0 * eval(exprs[k, count])
-1.0 * eval(exprs[k, count])
-1.0 * eval(exprs[k, count])
-1.0 * eval(exprs[k, count])
-1.0 * eval(exprs[k, count])
-1.0 * eval(exprs[k, count])
-1.0 * eval(exprs[k, count])
-1.0 * eval(exprs[k, count])
-1.0 * eval(exprs[k, count])
-1.0 * eval(exprs[k, count])
-1.0 * eval(exprs[k, count])
-1.0 * eval(exprs[k, count])
-1.0 * eval(exprs[k, count])
-1.0 * eval(exprs[k, count])
-1.0 * eval(exprs[k, count])
-1.0 * eval(exprs[k, count])
-1.0 * eval(exprs[k, count])
-1.0 * eval(exprs[k, count])
-1.0 * eval(exprs[k, count])
-1.0 * eval(exprs[k, count])
-1.0 * eval(exprs[k, count])
-1.0 * eval(exprs[k, count])
-1.0 * eval(exprs[k, count])
-1.0 * eval(exprs[k, count])
-1.0 * eval(exprs[k, count])
-1.0 * eval(exprs[k, count])
-1.0 * eval(exprs[k, count])
-1.0 * eval(exprs[k, count])
-1.0 * eval(exprs[k, count])
-1.0 * eval(exprs[k, count])
-1.0 * eval(exprs[k, count])
-1.0 * eval(exprs[k, count])
-1.0 * eval(exprs[k, count])
-1.0 * eval(exprs[k, count])
-1.0 * eval(exprs[k, count])
-1.0 * eval(exprs[k, count])
-1.0 * eval(exprs[k, count])
-1.0 * eval(exprs[k, count])
-1.0 * eval(exprs[k, count])
-1.0 * eval(exprs[k, count])
-1.0 * eval(exprs[k, count])
-1.0 * eval(exprs[k, count])
-1.0 * eval(exprs[k, count])
-1.0 * eval(exprs[k, count])
-1.0 * eval(exprs[k, count])
-1.0 * eval(exprs[k, count])
-1.0 * eval(exprs[k, count])
-1.0 * eval(exprs[k, count])
-1.0 * eval(exprs[k, count])
-1.0 * eval(exprs[k, count])
-1.0 * eval(exprs[k, count])
-1.0 * eval(exprs[k, count])
-1.0 * eval(exprs[k, count])
-1.0 * eval(exprs[k, count])
-1.0 * eval(exprs[k, count])
-1.0 * eval(exprs[k, count])
-1.0 * eval(exprs[k, count])
-1.0 * eval(exprs[k, count])
-1.0 * eval(exprs[k, count])
-1.0 * eval(exprs[k, count])
-1.0 * eval(exprs[k, count])
-1.0 * eval(exprs[k, count])
-1.0 * eval(exprs[k, count])
-1.0 * eval(exprs[k, count])
-1.0 * eval(exprs[k, count])
-1.0 * eval(exprs[k, count])
-1.0 * eval(exprs[k, count])
-1.0 * eval(exprs[k, count])
-1.0 * eval(exprs[k, count])
-1.0 * eval(exprs[k, count])
-1.0 * eval(exprs[k, count])
-1.0 * eval(exprs[k, count])
-1.0 * eval(exprs[k, count])
-1.0 * eval(exprs[k, count])
-1.0 * eval(exprs[k, count])
-1.0 * eval(exprs[k, count])
-1.0 * eval(exprs[k, count])
-1.0 * eval(exprs[k, count])
-1.0 * eval(exprs[k, count])
-1.0 * eval(exprs[k, count])
-1.0 * eval(exprs[k, count])
-1.0 * eval(exprs[k, count])
-1.0 * eval(exprs[k, count])
-1.0 * eval(exprs[k, count])
-1.0 * eval(exprs[k, count])
-1.0 * eval(exprs[k, count])
-1.0 * eval(exprs[k, count])
-1.0 * eval(exprs[k, count])
-1.0 * eval(exprs[k, count])
-1.0 * eval(exprs[k, count])
-1.0 * eval(exprs[k, count])
-1.0 * eval(exprs[k, count])
-1.0 * eval(exprs[k, count])
-1.0 * eval(exprs[k, count])
-1.0 * eval(exprs[k, count])
-1.0 * eval(exprs[k, count])
-1.0 * eval(exprs[k, count])
-1.0 * eval(exprs[k, count])
-1.0 * eval(exprs[k, count])
-1.0 * eval(exprs[k, count])
-1.0 * eval(exprs[k, count])
-1.0 * eval(exprs[k, count])
-1.0 * eval(exprs[k, count])
-1.0 * eval(exprs[k, count])
-1.0 * eval(exprs[k, count])
-1.0 * eval(exprs[k, count])
-1.0 * eval(exprs[k, count])
-1.0 * eval(exprs[k, count])
-1.0 * eval(exprs[k, count])
-1.0 * eval(exprs[k, count])
-1.0 * eval(exprs[k, count])
-1.0 * eval(exprs[k, count])
-1.0 * eval(exprs[k, count])
-1.0 * eval(exprs[k, count])
-1.0 * eval(exprs[k, count])
-1.0 * eval(exprs[k, count])
-1.0 * eval(exprs[k, count])
-1.0 * eval(exprs[k, count])
-1.0 * eval(exprs[k, count])
-1.0 * eval(exprs[k, count])
-1.0 * eval(exprs[k, count])
-1.0 * eval(exprs[k, count])
-1.0 * eval(exprs[k, count])
-1.0 * eval(exprs[k, count])
-1.0 * eval(exprs[k, count])
-1.0 * eval(exprs[k, count])
-1.0 * eval(exprs[k, count])
-1.0 * eval(exprs[k, count])
-1.0 * eval(exprs[k, count])
-1.0 * eval(exprs[k, count])
-1.0 * eval(exprs[k, count])
-1.0 * eval(exprs[k, count])
-1.0 * eval(exprs[k, count])
-1.0 * eval(exprs[k, count])
-1.0 * eval(exprs[k, count])
-1.0 * eval(exprs[k, count])
-1.0 * eval(exprs[k, count])
-1.0 * eval(exprs[k, count])
-1.0 * eval(exprs[k, count])
-1.0 * eval(exprs[k, count])
-1.0 * eval(exprs[k, count])
-1.0 * eval(exprs[k, count])
-1.0 * eval(exprs[k, count])
-1.0 * eval(exprs[k, count])
-1.0 * eval(exprs[k, count])
-1.0 * eval(exprs[k, count])
-1.0 * eval(exprs[k, count])
-1.0 * eval(exprs[k, count])
-1.0 * eval(exprs[k, count])
-1.0 * eval(exprs[k, count])
-1.0 * eval(exprs[k, count])
-1.0 * eval(exprs[k, count])
-1.0 * eval(exprs[k, count])
-1.0 * eval(exprs[k, count])
-1.0 * eval(exprs[k, count])
-1.0 * eval(exprs[k, count])
-1.0 * eval(exprs[k, count])
-1.0 * eval(exprs[k, count])
-1.0 * eval(exprs[k, count])
-1.0 * eval(exprs[k, count])
-1.0 * eval(exprs[k, count])
-1.0 * eval(exprs[k, count])
-1.0 * eval(exprs[k, count])
-1.0 * eval(exprs[k, count])
-1.0 * eval(exprs[k, count])
-1.0 * eval(exprs[k, count])
-1.0 * eval(exprs[k, count])
-1.0 * eval(exprs[k, count])
-1.0 * eval(exprs[k, count])
-1.0 * eval(exprs[k, count])
-1.0 * eval(exprs[k, count])
-1.0 * eval(exprs[k, count])
-1.0 * eval(exprs[k, count])
-1.0 * eval(exprs[k, count])
-1.0 * eval(exprs[k, count])
-1.0 * eval(exprs[k, count])
-1.0 * eval(exprs[k, count])
-1.0 * eval(exprs[k, count])
-1.0 * eval(exprs[k, count])
-1.0 * eval(exprs[k, count])
-1.0 * eval(exprs[k, count])
-1.0 * eval(exprs[k, count])
-1.0 * eval(exprs[k, count])
-1.0 * eval(exprs[k, count])
-1.0 * eval(exprs[k, count])
-1.0 * eval(exprs[k, count])
-1.0 * eval(exprs[k, count])
-1.0 * eval(exprs[k, count])
-1.0 * eval(exprs[k, count])
-1.0 * eval(exprs[k, count])
-1.0 * eval(exprs[k, count])
-1.0 * eval(exprs[k, count])
-1.0 * eval(exprs[k, count])
-1.0 * eval(exprs[k, count])
-1.0 * eval(exprs[k, count])
-1.0 * eval(exprs[k, count])
-1.0 * eval(exprs[k, count])
-1.0 * eval(exprs[k, count])
-1.0 * eval(exprs[k, count])
-1.0 * eval(exprs[k, count])
-1.0 * eval(exprs[k, count])
-1.0 * eval(exprs[k, count])
-1.0 * eval(exprs[k, count])
-1.0 * eval(exprs[k, count])
-1.0 * eval(exprs[k, count])
-1.0 * eval(exprs[k, count])
-1.0 * eval(exprs[k, count])
-1.0 * eval(exprs[k, count])
-1.0 * eval(exprs[k, count])
-1.0 * eval(exprs[k, count])
-1.0 * eval(exprs[k, count])
-1.0 * eval(exprs[k, count])
-1.0 * eval(exprs[k, count])
-1.0 * eval(exprs[k, count])
-1.0 * eval(exprs[k, count])
-1.0 * eval(exprs[k, count])
-1.0 * eval(exprs[k, count])
-1.0 * eval(exprs[k, count])
-1.0 * eval(exprs[k, count])
-1.0 * eval(exprs[k, count])
-1.0 * eval(exprs[k, count])
-1.0 * eval(exprs[k, count])
-1.0 * eval(exprs[k, count])
-1.0 * eval(exprs[k, count])
-1.0 * eval(exprs[k, count])
-1.0 * eval(exprs[k, count])
-1.0 * eval(exprs[k, count])
-1.0 * eval(exprs[k, count])
-1.0 * eval(exprs[k, count])
-1.0 * eval(exprs[k, count])
-1.0 * eval(exprs[k, count])
-1.0 * eval(exprs[k, count])
-1.0 * eval(exprs[k, count])
-1.0 * eval(exprs[k, count])
-1.0 * eval(exprs[k, count])
-1.0 * eval(exprs[k, count])
-1.0 * eval(exprs[k, count])
-1.0 * eval(exprs[k, count])
-1.0 * eval(exprs[k, count])
-1.0 * eval(exprs[k, count])
-1.0 * eval(exprs[k, count])
-1.0 * eval(exprs[k, count])
-1.0 * eval(exprs[k, count])
-1.0 * eval(exprs[k, count])
-1.0 * eval(exprs[k, count])
-1.0 * eval(exprs[k, count])
-1.0 * eval(exprs[k, count])
-1.0 * eval(exprs[k, count])
-1.0 * eval(exprs[k, count])
-1.0 * eval(exprs[k, count])
-1.0 * eval(exprs[k, count])
-1.0 * eval(exprs[k, count])
-1.0 * eval(exprs[k, count])
-1.0 * eval(exprs[k, count])
-1.0 * eval(exprs[k, count])
-1.0 * eval(exprs[k, count])
-1.0 * eval(exprs[k, count])
-1.0 * eval(exprs[k, count])
-1.0 * eval(exprs[k, count])
-1.0 * eval(exprs[k, count])
-1.0 * eval(exprs[k, count])
-1.0 * eval(exprs[k, count])
-1.0 * eval(exprs[k, count])
-1.0 * eval(exprs[k, count])
-1.0 * eval(exprs[k, count])
-1.0 * eval(exprs[k, count])
-1.0 * eval(exprs[k, count])
-1.0 * eval(exprs[k, count])
-1.0 * eval(exprs[k, count])
-1.0 * eval(exprs[k, count])
-1.0 * eval(exprs[k, count])
-1.0 * eval(exprs[k, count])
-1.0 * eval(exprs[k, count])
-1.0 * eval(exprs[k, count])
-1.0 * eval(exprs[k, count])
-1.0 * eval(exprs[k, count])
-1.0 * eval(exprs[k, count])
-1.0 * eval(exprs[k, count])
-1.0 * eval(exprs[k, count])
-1.0 * eval(exprs[k, count])
-1.0 * eval(exprs[k, count])
-1.0 * eval(exprs[k, count])
-1.0 * eval(exprs[k, count])
-1.0 * eval(exprs[k, count])
-1.0 * eval(exprs[k, count])
-1.0 * eval(exprs[k, count])
-1.0 * eval(exprs[k, count])
-1.0 * eval(exprs[k, count])
-1.0 * eval(exprs[k, count])
-1.0 * eval(exprs[k, count])
-1.0 * eval(exprs[k, count])
-1.0 * eval(exprs[k, count])
-1.0 * eval(exprs[k, count])
-1.0 * eval(exprs[k, count])
-1.0 * eval(exprs[k, count])
-1.0 * eval(exprs[k, count])
-1.0 * eval(exprs[k, count])
-1.0 * eval(exprs[k, count])
-1.0 * eval(exprs[k, count])
-1.0 * eval(exprs[k, count])
-1.0 * eval(exprs[k, count])
-1.0 * eval(exprs[k, count])
-1.0 * eval(exprs[k, count])
-1.0 * eval(exprs[k, count])
-1.0 * eval(exprs[k, count])
-1.0 * eval(exprs[k, count])
-1.0 * eval(exprs[k, count])
construct_constant_piece in x1, x2 = 0.0, 1.0
construct_constant_piece in x1, x2 = 0.0, 1.0
construct_constant_piece in x1, x2 = 0.0, 1.0
construct_constant_piece in x1, x2 = 0.0, 1.0
construct_constant_piece in x1, x2 = 0.0, 1.0
construct_constant_piece in x1, x2 = 0.0, 1.0
construct_constant_piece in x1, x2 = 0.0, 1.0
construct_constant_piece in x1, x2 = 0.0, 1.0
construct_constant_piece in x1, x2 = 0.0, 1.0
construct_constant_piece in x1, x2 = 0.0, 1.0
construct_constant_piece in x1, x2 = 0.0, 1.0
construct_constant_piece in x1, x2 = 0.0, 1.0
construct_constant_piece in x1, x2 = 0.0, 1.0
construct_constant_piece in x1, x2 = 0.0, 1.0
construct_constant_piece in x1, x2 = 0.0, 1.0
construct_constant_piece in x1, x2 = 0.0, 1.0
construct_constant_piece in x1, x2 = 0.0, 1.0
construct_constant_piece in x1, x2 = 0.0, 1.0
construct_constant_piece in x1, x2 = 0.0, 1.0
construct_constant_piece in x1, x2 = 0.0, 1.0
construct_constant_piece in x1, x2 = 0.0, 1.0
construct_constant_piece in x1, x2 = 0.0, 1.0
construct_constant_piece in x1, x2 = 0.0, 1.0
construct_constant_piece in x1, x2 = 0.0, 1.0
construct_constant_piece in x1, x2 = 0.0, 1.0
construct_constant_piece in x1, x2 = 0.0, 1.0
construct_constant_piece in x1, x2 = 0.0, 1.0
construct_constant_piece in x1, x2 = 0.0, 1.0
construct_constant_piece in x1, x2 = 0.0, 1.0
construct_constant_piece in x1, x2 = 0.0, 1.0
construct_constant_piece in x1, x2 = 0.0, 1.0
construct_constant_piece in x1, x2 = 0.0, 1.0
construct_constant_piece in x1, x2 = 0.0, 1.0
construct_constant_piece in x1, x2 = 0.0, 1.0
construct_constant_piece in x1, x2 = 0.0, 1.0
construct_constant_piece in x1, x2 = 0.0, 1.0
construct_constant_piece in x1, x2 = 0.0, 1.0
construct_constant_piece in x1, x2 = 0.0, 1.0
construct_constant_piece in x1, x2 = 0.0, 1.0
construct_constant_piece in x1, x2 = 0.0, 1.0
construct_constant_piece in x1, x2 = 0.0, 1.0
construct_constant_piece in x1, x2 = 0.0, 1.0
construct_constant_piece in x1, x2 = 0.0, 1.0
construct_constant_piece in x1, x2 = 0.0, 1.0
construct_constant_piece in x1, x2 = 0.0, 1.0
construct_constant_piece in x1, x2 = 0.0, 1.0
construct_constant_piece in x1, x2 = 0.0, 1.0
construct_constant_piece in x1, x2 = 0.0, 1.0
construct_constant_piece in x1, x2 = 0.0, 1.0
construct_constant_piece in x1, x2 = 0.0, 1.0
construct_constant_piece in x1, x2 = 0.0, 1.0
construct_constant_piece in x1, x2 = 0.0, 1.0
construct_constant_piece in x1, x2 = 0.0, 1.0
construct_constant_piece in x1, x2 = 0.0, 1.0
construct_constant_piece in x1, x2 = 0.0, 1.0
construct_constant_piece in x1, x2 = 0.0, 1.0
construct_constant_piece in x1, x2 = 0.0, 1.0
construct_constant_piece in x1, x2 = 0.0, 1.0
construct_constant_piece in x1, x2 = 0.0, 1.0
construct_constant_piece in x1, x2 = 0.0, 1.0
construct_constant_piece in x1, x2 = 0.0, 1.0
construct_constant_piece in x1, x2 = 0.0, 1.0
construct_constant_piece in x1, x2 = 0.0, 1.0
construct_constant_piece in x1, x2 = 0.0, 1.0
construct_constant_piece in x1, x2 = 0.0, 1.0
construct_constant_piece in x1, x2 = 0.0, 1.0
construct_constant_piece in x1, x2 = 0.0, 1.0
construct_constant_piece in x1, x2 = 0.0, 1.0
construct_constant_piece in x1, x2 = 0.0, 1.0
construct_constant_piece in x1, x2 = 0.0, 1.0
construct_constant_piece in x1, x2 = 0.0, 1.0
construct_constant_piece in x1, x2 = 0.0, 1.0
construct_constant_piece in x1, x2 = 0.0, 1.0
construct_constant_piece in x1, x2 = 0.0, 1.0
construct_constant_piece in x1, x2 = 0.0, 1.0
construct_constant_piece in x1, x2 = 0.0, 1.0
construct_constant_piece in x1, x2 = 0.0, 1.0
construct_constant_piece in x1, x2 = 0.0, 1.0
construct_constant_piece in x1, x2 = 0.0, 1.0
construct_constant_piece in x1, x2 = 0.0, 1.0
construct_constant_piece in x1, x2 = 0.0, 1.0
construct_constant_piece in x1, x2 = 0.0, 1.0
construct_constant_piece in x1, x2 = 0.0, 1.0
construct_constant_piece in x1, x2 = 0.0, 1.0
construct_constant_piece in x1, x2 = 0.0, 1.0
construct_constant_piece in x1, x2 = 0.0, 1.0
construct_constant_piece in x1, x2 = 0.0, 1.0
construct_constant_piece in x1, x2 = 0.0, 1.0
construct_constant_piece in x1, x2 = 0.0, 1.0
construct_constant_piece in x1, x2 = 0.0, 1.0
construct_constant_piece in x1, x2 = 0.0, 1.0
construct_constant_piece in x1, x2 = 0.0, 1.0
construct_constant_piece in x1, x2 = 0.0, 1.0
construct_constant_piece in x1, x2 = 0.0, 1.0
construct_constant_piece in x1, x2 = 0.0, 1.0
construct_constant_piece in x1, x2 = 0.0, 1.0
construct_constant_piece in x1, x2 = 0.0, 1.0
construct_constant_piece in x1, x2 = 0.0, 1.0
construct_constant_piece in x1, x2 = 0.0, 1.0
construct_constant_piece in x1, x2 = 0.0, 1.0
construct_constant_piece in x1, x2 = 0.0, 1.0
construct_constant_piece in x1, x2 = 0.0, 1.0
construct_constant_piece in x1, x2 = 0.0, 1.0
construct_constant_piece in x1, x2 = 0.0, 1.0
construct_constant_piece in x1, x2 = 0.0, 1.0
construct_constant_piece in x1, x2 = 0.0, 1.0
construct_constant_piece in x1, x2 = 0.0, 1.0
construct_constant_piece in x1, x2 = 0.0, 1.0
construct_constant_piece in x1, x2 = 0.0, 1.0
construct_constant_piece in x1, x2 = 0.0, 1.0
construct_constant_piece in x1, x2 = 0.0, 1.0
construct_constant_piece in x1, x2 = 0.0, 1.0
construct_constant_piece in x1, x2 = 0.0, 1.0
construct_constant_piece in x1, x2 = 0.0, 1.0
construct_constant_piece in x1, x2 = 0.0, 1.0
construct_constant_piece in x1, x2 = 0.0, 1.0
construct_constant_piece in x1, x2 = 0.0, 1.0
construct_constant_piece in x1, x2 = 0.0, 1.0
construct_constant_piece in x1, x2 = 0.0, 1.0
construct_constant_piece in x1, x2 = 0.0, 1.0
construct_constant_piece in x1, x2 = 0.0, 1.0
construct_constant_piece in x1, x2 = 0.0, 1.0
construct_constant_piece in x1, x2 = 0.0, 1.0
construct_constant_piece in x1, x2 = 0.0, 1.0
construct_constant_piece in x1, x2 = 0.0, 1.0
construct_constant_piece in x1, x2 = 0.0, 1.0
construct_constant_piece in x1, x2 = 0.0, 1.0
construct_constant_piece in x1, x2 = 0.0, 1.0
construct_constant_piece in x1, x2 = 0.0, 1.0
construct_constant_piece in x1, x2 = 0.0, 1.0
construct_constant_piece in x1, x2 = 0.0, 1.0
construct_constant_piece in x1, x2 = 0.0, 1.0
construct_constant_piece in x1, x2 = 0.0, 1.0
construct_constant_piece in x1, x2 = 0.0, 1.0
construct_constant_piece in x1, x2 = 0.0, 1.0
construct_constant_piece in x1, x2 = 0.0, 1.0
construct_constant_piece in x1, x2 = 0.0, 1.0
construct_constant_piece in x1, x2 = 0.0, 1.0
construct_constant_piece in x1, x2 = 0.0, 1.0
construct_constant_piece in x1, x2 = 0.0, 1.0
construct_constant_piece in x1, x2 = 0.0, 1.0
construct_constant_piece in x1, x2 = 0.0, 1.0
construct_constant_piece in x1, x2 = 0.0, 1.0
construct_constant_piece in x1, x2 = 0.0, 1.0
construct_constant_piece in x1, x2 = 0.0, 1.0
construct_constant_piece in x1, x2 = 0.0, 1.0
construct_constant_piece in x1, x2 = 0.0, 1.0
construct_constant_piece in x1, x2 = 0.0, 1.0
construct_constant_piece in x1, x2 = 0.0, 1.0
construct_constant_piece in x1, x2 = 0.0, 1.0
construct_constant_piece in x1, x2 = 0.0, 1.0
construct_constant_piece in x1, x2 = 0.0, 1.0
construct_constant_piece in x1, x2 = 0.0, 1.0
construct_constant_piece in x1, x2 = 0.0, 1.0
construct_constant_piece in x1, x2 = 0.0, 1.0
construct_constant_piece in x1, x2 = 0.0, 1.0
construct_constant_piece in x1, x2 = 0.0, 1.0
construct_constant_piece in x1, x2 = 0.0, 1.0
construct_constant_piece in x1, x2 = 0.0, 1.0
construct_constant_piece in x1, x2 = 0.0, 1.0
construct_constant_piece in x1, x2 = 0.0, 1.0
construct_constant_piece in x1, x2 = 0.0, 1.0
construct_constant_piece in x1, x2 = 0.0, 1.0
construct_constant_piece in x1, x2 = 0.0, 1.0
construct_constant_piece in x1, x2 = 0.0, 1.0
construct_constant_piece in x1, x2 = 0.0, 1.0
construct_constant_piece in x1, x2 = 0.0, 1.0
construct_constant_piece in x1, x2 = 0.0, 1.0
construct_constant_piece in x1, x2 = 0.0, 1.0
construct_constant_piece in x1, x2 = 0.0, 1.0
construct_constant_piece in x1, x2 = 0.0, 1.0
construct_constant_piece in x1, x2 = 0.0, 1.0
construct_constant_piece in x1, x2 = 0.0, 1.0
construct_constant_piece in x1, x2 = 0.0, 1.0
construct_constant_piece in x1, x2 = 0.0, 1.0
construct_constant_piece in x1, x2 = 0.0, 1.0
construct_constant_piece in x1, x2 = 0.0, 1.0
construct_constant_piece in x1, x2 = 0.0, 1.0
construct_constant_piece in x1, x2 = 0.0, 1.0
construct_constant_piece in x1, x2 = 0.0, 1.0
construct_constant_piece in x1, x2 = 0.0, 1.0
construct_constant_piece in x1, x2 = 0.0, 1.0
construct_constant_piece in x1, x2 = 0.0, 1.0
construct_constant_piece in x1, x2 = 0.0, 1.0
construct_constant_piece in x1, x2 = 0.0, 1.0
construct_constant_piece in x1, x2 = 0.0, 1.0
construct_constant_piece in x1, x2 = 0.0, 1.0
construct_constant_piece in x1, x2 = 0.0, 1.0
construct_constant_piece in x1, x2 = 0.0, 1.0
construct_constant_piece in x1, x2 = 0.0, 1.0
construct_constant_piece in x1, x2 = 0.0, 1.0
construct_constant_piece in x1, x2 = 0.0, 1.0
construct_constant_piece in x1, x2 = 0.0, 1.0
construct_constant_piece in x1, x2 = 0.0, 1.0
construct_constant_piece in x1, x2 = 0.0, 1.0
construct_constant_piece in x1, x2 = 0.0, 1.0
construct_constant_piece in x1, x2 = 0.0, 1.0
construct_constant_piece in x1, x2 = 0.0, 1.0
construct_constant_piece in x1, x2 = 0.0, 1.0
construct_constant_piece in x1, x2 = 0.0, 1.0
construct_constant_piece in x1, x2 = 0.0, 1.0
construct_constant_piece in x1, x2 = 0.0, 1.0
construct_constant_piece in x1, x2 = 0.0, 1.0
construct_constant_piece in x1, x2 = 0.0, 1.0
construct_constant_piece in x1, x2 = 0.0, 1.0
construct_constant_piece in x1, x2 = 0.0, 1.0
construct_constant_piece in x1, x2 = 0.0, 1.0
construct_constant_piece in x1, x2 = 0.0, 1.0
construct_constant_piece in x1, x2 = 0.0, 1.0
construct_constant_piece in x1, x2 = 0.0, 1.0
construct_constant_piece in x1, x2 = 0.0, 1.0
construct_constant_piece in x1, x2 = 0.0, 1.0
construct_constant_piece in x1, x2 = 0.0, 1.0
construct_constant_piece in x1, x2 = 0.0, 1.0
construct_constant_piece in x1, x2 = 0.0, 1.0
construct_constant_piece in x1, x2 = 0.0, 1.0
construct_constant_piece in x1, x2 = 0.0, 1.0
construct_constant_piece in x1, x2 = 0.0, 1.0
construct_constant_piece in x1, x2 = 0.0, 1.0
construct_constant_piece in x1, x2 = 0.0, 1.0
construct_constant_piece in x1, x2 = 0.0, 1.0
construct_constant_piece in x1, x2 = 0.0, 1.0
construct_constant_piece in x1, x2 = 0.0, 1.0
construct_constant_piece in x1, x2 = 0.0, 1.0
construct_constant_piece in x1, x2 = 0.0, 1.0
construct_constant_piece in x1, x2 = 0.0, 1.0
construct_constant_piece in x1, x2 = 0.0, 1.0
construct_constant_piece in x1, x2 = 0.0, 1.0
construct_constant_piece in x1, x2 = 0.0, 1.0
construct_constant_piece in x1, x2 = 0.0, 1.0
construct_constant_piece in x1, x2 = 0.0, 1.0
construct_constant_piece in x1, x2 = 0.0, 1.0
construct_constant_piece in x1, x2 = 0.0, 1.0
construct_constant_piece in x1, x2 = 0.0, 1.0
construct_constant_piece in x1, x2 = 0.0, 1.0
construct_constant_piece in x1, x2 = 0.0, 1.0
construct_constant_piece in x1, x2 = 0.0, 1.0
construct_constant_piece in x1, x2 = 0.0, 1.0
construct_constant_piece in x1, x2 = 0.0, 1.0
construct_constant_piece in x1, x2 = 0.0, 1.0
construct_constant_piece in x1, x2 = 0.0, 1.0
construct_constant_piece in x1, x2 = 0.0, 1.0
construct_constant_piece in x1, x2 = 0.0, 1.0
construct_constant_piece in x1, x2 = 0.0, 1.0
construct_constant_piece in x1, x2 = 0.0, 1.0
construct_constant_piece in x1, x2 = 0.0, 1.0
construct_constant_piece in x1, x2 = 0.0, 1.0
construct_constant_piece in x1, x2 = 0.0, 1.0
construct_constant_piece in x1, x2 = 0.0, 1.0
construct_constant_piece in x1, x2 = 0.0, 1.0
construct_constant_piece in x1, x2 = 0.0, 1.0
construct_constant_piece in x1, x2 = 0.0, 1.0
construct_constant_piece in x1, x2 = 0.0, 1.0
construct_constant_piece in x1, x2 = 0.0, 1.0
construct_constant_piece in x1, x2 = 0.0, 1.0
construct_constant_piece in x1, x2 = 0.0, 1.0
construct_constant_piece in x1, x2 = 0.0, 1.0
construct_constant_piece in x1, x2 = 0.0, 1.0
construct_constant_piece in x1, x2 = 0.0, 1.0
construct_constant_piece in x1, x2 = 0.0, 1.0
construct_constant_piece in x1, x2 = 0.0, 1.0
construct_constant_piece in x1, x2 = 0.0, 1.0
construct_constant_piece in x1, x2 = 0.0, 1.0
construct_constant_piece in x1, x2 = 0.0, 1.0
construct_constant_piece in x1, x2 = 0.0, 1.0
construct_constant_piece in x1, x2 = 0.0, 1.0
construct_constant_piece in x1, x2 = 0.0, 1.0
construct_constant_piece in x1, x2 = 0.0, 1.0
construct_constant_piece in x1, x2 = 0.0, 1.0
construct_constant_piece in x1, x2 = 0.0, 1.0
construct_constant_piece in x1, x2 = 0.0, 1.0
construct_constant_piece in x1, x2 = 0.0, 1.0
construct_constant_piece in x1, x2 = 0.0, 1.0
construct_constant_piece in x1, x2 = 0.0, 1.0
construct_constant_piece in x1, x2 = 0.0, 1.0
construct_constant_piece in x1, x2 = 0.0, 1.0
construct_constant_piece in x1, x2 = 0.0, 1.0
construct_constant_piece in x1, x2 = 0.0, 1.0
construct_constant_piece in x1, x2 = 0.0, 1.0
construct_constant_piece in x1, x2 = 0.0, 1.0
construct_constant_piece in x1, x2 = 0.0, 1.0
construct_constant_piece in x1, x2 = 0.0, 1.0
construct_constant_piece in x1, x2 = 0.0, 1.0
construct_constant_piece in x1, x2 = 0.0, 1.0
construct_constant_piece in x1, x2 = 0.0, 1.0
construct_constant_piece in x1, x2 = 0.0, 1.0
construct_constant_piece in x1, x2 = 0.0, 1.0
construct_constant_piece in x1, x2 = 0.0, 1.0
construct_constant_piece in x1, x2 = 0.0, 1.0
construct_constant_piece in x1, x2 = 0.0, 1.0
construct_constant_piece in x1, x2 = 0.0, 1.0
construct_constant_piece in x1, x2 = 0.0, 1.0
construct_constant_piece in x1, x2 = 0.0, 1.0
construct_constant_piece in x1, x2 = 0.0, 1.0
construct_constant_piece in x1, x2 = 0.0, 1.0
construct_constant_piece in x1, x2 = 0.0, 1.0
construct_constant_piece in x1, x2 = 0.0, 1.0
construct_constant_piece in x1, x2 = 0.0, 1.0
construct_constant_piece in x1, x2 = 0.0, 1.0
construct_constant_piece in x1, x2 = 0.0, 1.0
construct_constant_piece in x1, x2 = 0.0, 1.0
construct_constant_piece in x1, x2 = 0.0, 1.0
construct_constant_piece in x1, x2 = 0.0, 1.0
construct_constant_piece in x1, x2 = 0.0, 1.0
construct_constant_piece in x1, x2 = 0.0, 1.0
construct_constant_piece in x1, x2 = 0.0, 1.0
construct_constant_piece in x1, x2 = 0.0, 1.0
construct_constant_piece in x1, x2 = 0.0, 1.0
construct_constant_piece in x1, x2 = 0.0, 1.0
construct_constant_piece in x1, x2 = 0.0, 1.0
construct_constant_piece in x1, x2 = 0.0, 1.0
construct_constant_piece in x1, x2 = 0.0, 1.0
construct_constant_piece in x1, x2 = 0.0, 1.0
construct_constant_piece in x1, x2 = 0.0, 1.0
construct_constant_piece in x1, x2 = 0.0, 1.0
construct_constant_piece in x1, x2 = 0.0, 1.0
construct_constant_piece in x1, x2 = 0.0, 1.0
construct_constant_piece in x1, x2 = 0.0, 1.0
construct_constant_piece in x1, x2 = 0.0, 1.0
construct_constant_piece in x1, x2 = 0.0, 1.0
construct_constant_piece in x1, x2 = 0.0, 1.0
construct_constant_piece in x1, x2 = 0.0, 1.0
construct_constant_piece in x1, x2 = 0.0, 1.0
construct_constant_piece in x1, x2 = 0.0, 1.0
construct_constant_piece in x1, x2 = 0.0, 1.0
construct_constant_piece in x1, x2 = 0.0, 1.0
construct_constant_piece in x1, x2 = 0.0, 1.0
construct_constant_piece in x1, x2 = 0.0, 1.0
construct_constant_piece in x1, x2 = 0.0, 1.0
construct_constant_piece in x1, x2 = 0.0, 1.0
construct_constant_piece in x1, x2 = 0.0, 1.0
construct_constant_piece in x1, x2 = 0.0, 1.0
construct_constant_piece in x1, x2 = 0.0, 1.0
construct_constant_piece in x1, x2 = 0.0, 1.0
construct_constant_piece in x1, x2 = 0.0, 1.0
construct_constant_piece in x1, x2 = 0.0, 1.0
construct_constant_piece in x1, x2 = 0.0, 1.0
construct_constant_piece in x1, x2 = 0.0, 1.0
construct_constant_piece in x1, x2 = 0.0, 1.0
construct_constant_piece in x1, x2 = 0.0, 1.0
construct_constant_piece in x1, x2 = 0.0, 1.0
construct_constant_piece in x1, x2 = 0.0, 1.0
construct_constant_piece in x1, x2 = 0.0, 1.0
construct_constant_piece in x1, x2 = 0.0, 1.0
construct_constant_piece in x1, x2 = 0.0, 1.0
construct_constant_piece in x1, x2 = 0.0, 1.0
construct_constant_piece in x1, x2 = 0.0, 1.0
construct_constant_piece in x1, x2 = 0.0, 1.0
construct_constant_piece in x1, x2 = 0.0, 1.0
construct_constant_piece in x1, x2 = 0.0, 1.0
construct_constant_piece in x1, x2 = 0.0, 1.0
construct_constant_piece in x1, x2 = 0.0, 1.0
construct_constant_piece in x1, x2 = 0.0, 1.0
construct_constant_piece in x1, x2 = 0.0, 1.0
construct_constant_piece in x1, x2 = 0.0, 1.0
construct_constant_piece in x1, x2 = 0.0, 1.0
construct_constant_piece in x1, x2 = 0.0, 1.0
construct_constant_piece in x1, x2 = 0.0, 1.0
construct_constant_piece in x1, x2 = 0.0, 1.0
construct_constant_piece in x1, x2 = 0.0, 1.0
construct_constant_piece in x1, x2 = 0.0, 1.0
construct_constant_piece in x1, x2 = 0.0, 1.0
construct_constant_piece in x1, x2 = 0.0, 1.0
construct_constant_piece in x1, x2 = 0.0, 1.0
construct_constant_piece in x1, x2 = 0.0, 1.0
construct_constant_piece in x1, x2 = 0.0, 1.0
construct_constant_piece in x1, x2 = 0.0, 1.0
construct_constant_piece in x1, x2 = 0.0, 1.0
construct_constant_piece in x1, x2 = 0.0, 1.0
construct_constant_piece in x1, x2 = 0.0, 1.0
construct_constant_piece in x1, x2 = 0.0, 1.0
construct_constant_piece in x1, x2 = 0.0, 1.0
construct_constant_piece in x1, x2 = 0.0, 1.0
construct_constant_piece in x1, x2 = 0.0, 1.0
construct_constant_piece in x1, x2 = 0.0, 1.0
construct_constant_piece in x1, x2 = 0.0, 1.0
construct_constant_piece in x1, x2 = 0.0, 1.0
construct_constant_piece in x1, x2 = 0.0, 1.0
construct_constant_piece in x1, x2 = 0.0, 1.0
construct_constant_piece in x1, x2 = 0.0, 1.0
construct_constant_piece in x1, x2 = 0.0, 1.0
construct_constant_piece in x1, x2 = 0.0, 1.0
construct_constant_piece in x1, x2 = 0.0, 1.0
construct_constant_piece in x1, x2 = 0.0, 1.0
construct_constant_piece in x1, x2 = 0.0, 1.0
construct_constant_piece in x1, x2 = 0.0, 1.0
construct_constant_piece in x1, x2 = 0.0, 1.0
construct_constant_piece in x1, x2 = 0.0, 1.0
construct_constant_piece in x1, x2 = 0.0, 1.0
construct_constant_piece in x1, x2 = 0.0, 1.0
construct_constant_piece in x1, x2 = 0.0, 1.0
construct_constant_piece in x1, x2 = 0.0, 1.0
construct_constant_piece in x1, x2 = 0.0, 1.0
construct_constant_piece in x1, x2 = 0.0, 1.0
construct_constant_piece in x1, x2 = 0.0, 1.0
construct_constant_piece in x1, x2 = 0.0, 1.0
construct_constant_piece in x1, x2 = 0.0, 1.0
construct_constant_piece in x1, x2 = 0.0, 1.0
construct_constant_piece in x1, x2 = 0.0, 1.0
construct_constant_piece in x1, x2 = 0.0, 1.0
construct_constant_piece in x1, x2 = 0.0, 1.0
construct_constant_piece in x1, x2 = 0.0, 1.0
construct_constant_piece in x1, x2 = 0.0, 1.0
construct_constant_piece in x1, x2 = 0.0, 1.0
construct_constant_piece in x1, x2 = 0.0, 1.0
construct_constant_piece in x1, x2 = 0.0, 1.0
construct_constant_piece in x1, x2 = 0.0, 1.0
construct_constant_piece in x1, x2 = 0.0, 1.0
construct_constant_piece in x1, x2 = 0.0, 1.0
construct_constant_piece in x1, x2 = 0.0, 1.0
construct_constant_piece in x1, x2 = 0.0, 1.0
construct_constant_piece in x1, x2 = 0.0, 1.0
construct_constant_piece in x1, x2 = 0.0, 1.0
construct_constant_piece in x1, x2 = 0.0, 1.0
construct_constant_piece in x1, x2 = 0.0, 1.0
construct_constant_piece in x1, x2 = 0.0, 1.0
construct_constant_piece in x1, x2 = 0.0, 1.0
construct_constant_piece in x1, x2 = 0.0, 1.0
construct_constant_piece in x1, x2 = 0.0, 1.0
construct_constant_piece in x1, x2 = 0.0, 1.0
construct_constant_piece in x1, x2 = 0.0, 1.0
construct_constant_piece in x1, x2 = 0.0, 1.0
construct_constant_piece in x1, x2 = 0.0, 1.0
construct_constant_piece in x1, x2 = 0.0, 1.0
construct_constant_piece in x1, x2 = 0.0, 1.0
construct_constant_piece in x1, x2 = 0.0, 1.0
construct_constant_piece in x1, x2 = 0.0, 1.0
construct_constant_piece in x1, x2 = 0.0, 1.0
construct_constant_piece in x1, x2 = 0.0, 1.0
construct_constant_piece in x1, x2 = 0.0, 1.0
construct_constant_piece in x1, x2 = 0.0, 1.0
construct_constant_piece in x1, x2 = 0.0, 1.0
construct_constant_piece in x1, x2 = 0.0, 1.0
construct_constant_piece in x1, x2 = 0.0, 1.0
construct_constant_piece in x1, x2 = 0.0, 1.0
construct_constant_piece in x1, x2 = 0.0, 1.0
construct_constant_piece in x1, x2 = 0.0, 1.0
construct_constant_piece in x1, x2 = 0.0, 1.0
construct_constant_piece in x1, x2 = 0.0, 1.0
construct_constant_piece in x1, x2 = 0.0, 1.0
construct_constant_piece in x1, x2 = 0.0, 1.0
construct_constant_piece in x1, x2 = 0.0, 1.0
construct_constant_piece in x1, x2 = 0.0, 1.0
construct_constant_piece in x1, x2 = 0.0, 1.0
construct_constant_piece in x1, x2 = 0.0, 1.0
construct_constant_piece in x1, x2 = 0.0, 1.0
construct_constant_piece in x1, x2 = 0.0, 1.0
construct_constant_piece in x1, x2 = 0.0, 1.0
construct_constant_piece in x1, x2 = 0.0, 1.0
construct_constant_piece in x1, x2 = 0.0, 1.0
construct_constant_piece in x1, x2 = 0.0, 1.0
construct_constant_piece in x1, x2 = 0.0, 1.0
construct_constant_piece in x1, x2 = 0.0, 1.0
construct_constant_piece in x1, x2 = 0.0, 1.0
construct_constant_piece in x1, x2 = 0.0, 1.0
construct_constant_piece in x1, x2 = 0.0, 1.0
construct_constant_piece in x1, x2 = 0.0, 1.0
construct_constant_piece in x1, x2 = 0.0, 1.0
construct_constant_piece in x1, x2 = 0.0, 1.0
construct_constant_piece in x1, x2 = 0.0, 1.0
construct_constant_piece in x1, x2 = 0.0, 1.0
construct_constant_piece in x1, x2 = 0.0, 1.0
construct_constant_piece in x1, x2 = 0.0, 1.0
construct_constant_piece in x1, x2 = 0.0, 1.0
construct_constant_piece in x1, x2 = 0.0, 1.0
construct_constant_piece in x1, x2 = 0.0, 1.0
construct_constant_piece in x1, x2 = 0.0, 1.0
construct_constant_piece in x1, x2 = 0.0, 1.0
construct_constant_piece in x1, x2 = 0.0, 1.0
construct_constant_piece in x1, x2 = 0.0, 1.0
construct_constant_piece in x1, x2 = 0.0, 1.0
construct_constant_piece in x1, x2 = 0.0, 1.0
construct_constant_piece in x1, x2 = 0.0, 1.0
construct_constant_piece in x1, x2 = 0.0, 1.0
construct_constant_piece in x1, x2 = 0.0, 1.0
construct_constant_piece in x1, x2 = 0.0, 1.0
construct_constant_piece in x1, x2 = 0.0, 1.0
construct_constant_piece in x1, x2 = 0.0, 1.0
construct_constant_piece in x1, x2 = 0.0, 1.0
construct_constant_piece in x1, x2 = 0.0, 1.0
construct_constant_piece in x1, x2 = 0.0, 1.0
construct_constant_piece in x1, x2 = 0.0, 1.0
construct_constant_piece in x1, x2 = 0.0, 1.0
construct_constant_piece in x1, x2 = 0.0, 1.0
construct_constant_piece in x1, x2 = 0.0, 1.0
construct_constant_piece in x1, x2 = 0.0, 1.0
construct_constant_piece in x1, x2 = 0.0, 1.0
construct_constant_piece in x1, x2 = 0.0, 1.0
construct_constant_piece in x1, x2 = 0.0, 1.0
construct_constant_piece in x1, x2 = 0.0, 1.0
construct_constant_piece in x1, x2 = 0.0, 1.0
construct_constant_piece in x1, x2 = 0.0, 1.0
construct_constant_piece in x1, x2 = 0.0, 1.0
construct_constant_piece in x1, x2 = 0.0, 1.0
construct_constant_piece in x1, x2 = 0.0, 1.0
construct_constant_piece in x1, x2 = 0.0, 1.0
construct_constant_piece in x1, x2 = 0.0, 1.0
construct_constant_piece in x1, x2 = 0.0, 1.0
construct_constant_piece in x1, x2 = 0.0, 1.0
construct_constant_piece in x1, x2 = 0.0, 1.0
construct_constant_piece in x1, x2 = 0.0, 1.0
construct_constant_piece in x1, x2 = 0.0, 1.0
construct_constant_piece in x1, x2 = 0.0, 1.0
construct_constant_piece in x1, x2 = 0.0, 1.0
construct_constant_piece in x1, x2 = 0.0, 1.0
construct_constant_piece in x1, x2 = 0.0, 1.0
construct_constant_piece in x1, x2 = 0.0, 1.0
construct_constant_piece in x1, x2 = 0.0, 1.0
construct_constant_piece in x1, x2 = 0.0, 1.0
construct_constant_piece in x1, x2 = 0.0, 1.0
construct_constant_piece in x1, x2 = 0.0, 1.0
construct_constant_piece in x1, x2 = 0.0, 1.0
construct_constant_piece in x1, x2 = 0.0, 1.0
construct_constant_piece in x1, x2 = 0.0, 1.0
construct_constant_piece in x1, x2 = 0.0, 1.0
construct_constant_piece in x1, x2 = 0.0, 1.0
construct_constant_piece in x1, x2 = 0.0, 1.0
construct_constant_piece in x1, x2 = 0.0, 1.0
construct_constant_piece in x1, x2 = 0.0, 1.0
construct_constant_piece in x1, x2 = 0.0, 1.0
construct_constant_piece in x1, x2 = 0.0, 1.0
construct_constant_piece in x1, x2 = 0.0, 1.0
construct_constant_piece in x1, x2 = 0.0, 1.0
construct_constant_piece in x1, x2 = 0.0, 1.0
construct_constant_piece in x1, x2 = 0.0, 1.0
construct_constant_piece in x1, x2 = 0.0, 1.0
construct_constant_piece in x1, x2 = 0.0, 1.0
construct_constant_piece in x1, x2 = 0.0, 1.0
construct_constant_piece in x1, x2 = 0.0, 1.0
construct_constant_piece in x1, x2 = 0.0, 1.0
construct_constant_piece in x1, x2 = 0.0, 1.0
construct_constant_piece in x1, x2 = 0.0, 1.0
construct_constant_piece in x1, x2 = 0.0, 1.0
construct_constant_piece in x1, x2 = 0.0, 1.0
construct_constant_piece in x1, x2 = 0.0, 1.0
construct_constant_piece in x1, x2 = 0.0, 1.0
construct_constant_piece in x1, x2 = 0.0, 1.0
construct_constant_piece in x1, x2 = 0.0, 1.0
construct_constant_piece in x1, x2 = 0.0, 1.0
construct_constant_piece in x1, x2 = 0.0, 1.0
construct_constant_piece in x1, x2 = 0.0, 1.0
construct_constant_piece in x1, x2 = 0.0, 1.0
construct_constant_piece in x1, x2 = 0.0, 1.0
construct_constant_piece in x1, x2 = 0.0, 1.0
construct_constant_piece in x1, x2 = 0.0, 1.0
construct_constant_piece in x1, x2 = 0.0, 1.0
construct_constant_piece in x1, x2 = 0.0, 1.0
construct_constant_piece in x1, x2 = 0.0, 1.0
construct_constant_piece in x1, x2 = 0.0, 1.0
construct_constant_piece in x1, x2 = 0.0, 1.0
construct_constant_piece in x1, x2 = 0.0, 1.0
construct_constant_piece in x1, x2 = 0.0, 1.0
construct_constant_piece in x1, x2 = 0.0, 1.0
construct_constant_piece in x1, x2 = 0.0, 1.0
construct_constant_piece in x1, x2 = 0.0, 1.0
construct_constant_piece in x1, x2 = 0.0, 1.0
construct_constant_piece in x1, x2 = 0.0, 1.0
construct_constant_piece in x1, x2 = 0.0, 1.0
construct_constant_piece in x1, x2 = 0.0, 1.0
construct_constant_piece in x1, x2 = 0.0, 1.0
construct_constant_piece in x1, x2 = 0.0, 1.0
construct_constant_piece in x1, x2 = 0.0, 1.0
construct_constant_piece in x1, x2 = 0.0, 1.0
construct_constant_piece in x1, x2 = 0.0, 1.0
construct_constant_piece in x1, x2 = 0.0, 1.0
construct_constant_piece in x1, x2 = 0.0, 1.0
construct_constant_piece in x1, x2 = 0.0, 1.0
construct_constant_piece in x1, x2 = 0.0, 1.0
construct_constant_piece in x1, x2 = 0.0, 1.0
construct_constant_piece in x1, x2 = 0.0, 1.0
construct_constant_piece in x1, x2 = 0.0, 1.0
construct_constant_piece in x1, x2 = 0.0, 1.0
construct_constant_piece in x1, x2 = 0.0, 1.0
construct_constant_piece in x1, x2 = 0.0, 1.0
construct_constant_piece in x1, x2 = 0.0, 1.0
construct_constant_piece in x1, x2 = 0.0, 1.0
construct_constant_piece in x1, x2 = 0.0, 1.0
construct_constant_piece in x1, x2 = 0.0, 1.0
construct_constant_piece in x1, x2 = 0.0, 1.0
construct_constant_piece in x1, x2 = 0.0, 1.0
construct_constant_piece in x1, x2 = 0.0, 1.0
construct_constant_piece in x1, x2 = 0.0, 1.0
construct_constant_piece in x1, x2 = 0.0, 1.0
construct_constant_piece in x1, x2 = 0.0, 1.0
construct_constant_piece in x1, x2 = 0.0, 1.0
construct_constant_piece in x1, x2 = 0.0, 1.0
construct_constant_piece in x1, x2 = 0.0, 1.0
construct_constant_piece in x1, x2 = 0.0, 1.0
construct_constant_piece in x1, x2 = 0.0, 1.0
construct_constant_piece in x1, x2 = 0.0, 1.0
construct_constant_piece in x1, x2 = 0.0, 1.0
construct_constant_piece in x1, x2 = 0.0, 1.0
construct_constant_piece in x1, x2 = 0.0, 1.0
construct_constant_piece in x1, x2 = 0.0, 1.0
construct_constant_piece in x1, x2 = 0.0, 1.0
construct_constant_piece in x1, x2 = 0.0, 1.0
construct_constant_piece in x1, x2 = 0.0, 1.0
construct_constant_piece in x1, x2 = 0.0, 1.0
construct_constant_piece in x1, x2 = 0.0, 1.0
construct_constant_piece in x1, x2 = 0.0, 1.0
construct_constant_piece in x1, x2 = 0.0, 1.0
construct_constant_piece in x1, x2 = 0.0, 1.0
construct_constant_piece in x1, x2 = 0.0, 1.0
construct_constant_piece in x1, x2 = 0.0, 1.0
construct_constant_piece in x1, x2 = 0.0, 1.0
construct_constant_piece in x1, x2 = 0.0, 1.0
construct_constant_piece in x1, x2 = 0.0, 1.0
construct_constant_piece in x1, x2 = 0.0, 1.0
construct_constant_piece in x1, x2 = 0.0, 1.0
construct_constant_piece in x1, x2 = 0.0, 1.0
construct_constant_piece in x1, x2 = 0.0, 1.0
construct_constant_piece in x1, x2 = 0.0, 1.0
construct_constant_piece in x1, x2 = 0.0, 1.0
construct_constant_piece in x1, x2 = 0.0, 1.0
construct_constant_piece in x1, x2 = 0.0, 1.0
construct_constant_piece in x1, x2 = 0.0, 1.0
construct_constant_piece in x1, x2 = 0.0, 1.0
construct_constant_piece in x1, x2 = 0.0, 1.0
construct_constant_piece in x1, x2 = 0.0, 1.0
construct_constant_piece in x1, x2 = 0.0, 1.0
construct_constant_piece in x1, x2 = 0.0, 1.0
construct_constant_piece in x1, x2 = 0.0, 1.0
construct_constant_piece in x1, x2 = 0.0, 1.0
construct_constant_piece in x1, x2 = 0.0, 1.0
construct_constant_piece in x1, x2 = 0.0, 1.0
construct_constant_piece in x1, x2 = 0.0, 1.0
construct_constant_piece in x1, x2 = 0.0, 1.0
construct_constant_piece in x1, x2 = 0.0, 1.0
construct_constant_piece in x1, x2 = 0.0, 1.0
construct_constant_piece in x1, x2 = 0.0, 1.0
construct_constant_piece in x1, x2 = 0.0, 1.0
construct_constant_piece in x1, x2 = 0.0, 1.0
construct_constant_piece in x1, x2 = 0.0, 1.0
construct_constant_piece in x1, x2 = 0.0, 1.0
construct_constant_piece in x1, x2 = 0.0, 1.0
construct_constant_piece in x1, x2 = 0.0, 1.0
construct_constant_piece in x1, x2 = 0.0, 1.0
construct_constant_piece in x1, x2 = 0.0, 1.0
construct_constant_piece in x1, x2 = 0.0, 1.0
construct_constant_piece in x1, x2 = 0.0, 1.0
construct_constant_piece in x1, x2 = 0.0, 1.0
construct_constant_piece in x1, x2 = 0.0, 1.0
construct_constant_piece in x1, x2 = 0.0, 1.0
construct_constant_piece in x1, x2 = 0.0, 1.0
construct_constant_piece in x1, x2 = 0.0, 1.0
construct_constant_piece in x1, x2 = 0.0, 1.0
construct_constant_piece in x1, x2 = 0.0, 1.0
construct_constant_piece in x1, x2 = 0.0, 1.0
construct_constant_piece in x1, x2 = 0.0, 1.0
construct_constant_piece in x1, x2 = 0.0, 1.0
construct_constant_piece in x1, x2 = 0.0, 1.0
construct_constant_piece in x1, x2 = 0.0, 1.0
construct_constant_piece in x1, x2 = 0.0, 1.0
construct_constant_piece in x1, x2 = 0.0, 1.0
construct_constant_piece in x1, x2 = 0.0, 1.0
construct_constant_piece in x1, x2 = 0.0, 1.0
construct_constant_piece in x1, x2 = 0.0, 1.0
construct_constant_piece in x1, x2 = 0.0, 1.0
construct_constant_piece in x1, x2 = 0.0, 1.0
construct_constant_piece in x1, x2 = 0.0, 1.0
construct_constant_piece in x1, x2 = 0.0, 1.0
construct_constant_piece in x1, x2 = 0.0, 1.0
construct_constant_piece in x1, x2 = 0.0, 1.0
construct_constant_piece in x1, x2 = 0.0, 1.0
construct_constant_piece in x1, x2 = 0.0, 1.0
construct_constant_piece in x1, x2 = 0.0, 1.0
construct_constant_piece in x1, x2 = 0.0, 1.0
construct_constant_piece in x1, x2 = 0.0, 1.0
construct_constant_piece in x1, x2 = 0.0, 1.0
construct_constant_piece in x1, x2 = 0.0, 1.0
construct_constant_piece in x1, x2 = 0.0, 1.0
construct_constant_piece in x1, x2 = 0.0, 1.0
construct_constant_piece in x1, x2 = 0.0, 1.0
construct_constant_piece in x1, x2 = 0.0, 1.0
construct_constant_piece in x1, x2 = 0.0, 1.0
construct_constant_piece in x1, x2 = 0.0, 1.0
construct_constant_piece in x1, x2 = 0.0, 1.0
construct_constant_piece in x1, x2 = 0.0, 1.0
construct_constant_piece in x1, x2 = 0.0, 1.0
construct_constant_piece in x1, x2 = 0.0, 1.0
construct_constant_piece in x1, x2 = 0.0, 1.0
construct_constant_piece in x1, x2 = 0.0, 1.0
construct_constant_piece in x1, x2 = 0.0, 1.0
construct_constant_piece in x1, x2 = 0.0, 1.0
construct_constant_piece in x1, x2 = 0.0, 1.0
construct_constant_piece in x1, x2 = 0.0, 1.0
construct_constant_piece in x1, x2 = 0.0, 1.0
construct_constant_piece in x1, x2 = 0.0, 1.0
construct_constant_piece in x1, x2 = 0.0, 1.0
construct_constant_piece in x1, x2 = 0.0, 1.0
construct_constant_piece in x1, x2 = 0.0, 1.0
construct_constant_piece in x1, x2 = 0.0, 1.0
construct_constant_piece in x1, x2 = 0.0, 1.0
construct_constant_piece in x1, x2 = 0.0, 1.0
construct_constant_piece in x1, x2 = 0.0, 1.0
construct_constant_piece in x1, x2 = 0.0, 1.0
construct_constant_piece in x1, x2 = 0.0, 1.0
construct_constant_piece in x1, x2 = 0.0, 1.0
construct_constant_piece in x1, x2 = 0.0, 1.0
construct_constant_piece in x1, x2 = 0.0, 1.0
construct_constant_piece in x1, x2 = 0.0, 1.0
construct_constant_piece in x1, x2 = 0.0, 1.0
construct_constant_piece in x1, x2 = 0.0, 1.0
construct_constant_piece in x1, x2 = 0.0, 1.0
construct_constant_piece in x1, x2 = 0.0, 1.0
construct_constant_piece in x1, x2 = 0.0, 1.0
construct_constant_piece in x1, x2 = 0.0, 1.0
construct_constant_piece in x1, x2 = 0.0, 1.0
construct_constant_piece in x1, x2 = 0.0, 1.0
construct_constant_piece in x1, x2 = 0.0, 1.0
construct_constant_piece in x1, x2 = 0.0, 1.0
construct_constant_piece in x1, x2 = 0.0, 1.0
construct_constant_piece in x1, x2 = 0.0, 1.0
construct_constant_piece in x1, x2 = 0.0, 1.0
construct_constant_piece in x1, x2 = 0.0, 1.0
construct_constant_piece in x1, x2 = 0.0, 1.0
construct_constant_piece in x1, x2 = 0.0, 1.0
construct_constant_piece in x1, x2 = 0.0, 1.0
construct_constant_piece in x1, x2 = 0.0, 1.0
construct_constant_piece in x1, x2 = 0.0, 1.0
construct_constant_piece in x1, x2 = 0.0, 1.0
construct_constant_piece in x1, x2 = 0.0, 1.0
construct_constant_piece in x1, x2 = 0.0, 1.0
construct_constant_piece in x1, x2 = 0.0, 1.0
construct_constant_piece in x1, x2 = 0.0, 1.0
construct_constant_piece in x1, x2 = 0.0, 1.0
construct_constant_piece in x1, x2 = 0.0, 1.0
construct_constant_piece in x1, x2 = 0.0, 1.0
construct_constant_piece in x1, x2 = 0.0, 1.0
construct_constant_piece in x1, x2 = 0.0, 1.0
construct_constant_piece in x1, x2 = 0.0, 1.0
construct_constant_piece in x1, x2 = 0.0, 1.0
construct_constant_piece in x1, x2 = 0.0, 1.0
construct_constant_piece in x1, x2 = 0.0, 1.0
construct_constant_piece in x1, x2 = 0.0, 1.0
construct_constant_piece in x1, x2 = 0.0, 1.0
construct_constant_piece in x1, x2 = 0.0, 1.0
construct_constant_piece in x1, x2 = 0.0, 1.0
construct_constant_piece in x1, x2 = 0.0, 1.0
construct_constant_piece in x1, x2 = 0.0, 1.0
construct_constant_piece in x1, x2 = 0.0, 1.0
construct_constant_piece in x1, x2 = 0.0, 1.0
construct_constant_piece in x1, x2 = 0.0, 1.0
construct_constant_piece in x1, x2 = 0.0, 1.0
construct_constant_piece in x1, x2 = 0.0, 1.0
construct_constant_piece in x1, x2 = 0.0, 1.0
construct_constant_piece in x1, x2 = 0.0, 1.0
construct_constant_piece in x1, x2 = 0.0, 1.0
construct_constant_piece in x1, x2 = 0.0, 1.0
construct_constant_piece in x1, x2 = 0.0, 1.0
construct_constant_piece in x1, x2 = 0.0, 1.0
construct_constant_piece in x1, x2 = 0.0, 1.0
construct_constant_piece in x1, x2 = 0.0, 1.0
construct_constant_piece in x1, x2 = 0.0, 1.0
construct_constant_piece in x1, x2 = 0.0, 1.0
construct_constant_piece in x1, x2 = 0.0, 1.0
construct_constant_piece in x1, x2 = 0.0, 1.0
construct_constant_piece in x1, x2 = 0.0, 1.0
construct_constant_piece in x1, x2 = 0.0, 1.0
construct_constant_piece in x1, x2 = 0.0, 1.0
construct_constant_piece in x1, x2 = 0.0, 1.0
construct_constant_piece in x1, x2 = 0.0, 1.0
construct_constant_piece in x1, x2 = 0.0, 1.0
construct_constant_piece in x1, x2 = 0.0, 1.0
construct_constant_piece in x1, x2 = 0.0, 1.0
construct_constant_piece in x1, x2 = 0.0, 1.0
construct_constant_piece in x1, x2 = 0.0, 1.0
construct_constant_piece in x1, x2 = 0.0, 1.0
construct_constant_piece in x1, x2 = 0.0, 1.0
construct_constant_piece in x1, x2 = 0.0, 1.0
construct_constant_piece in x1, x2 = 0.0, 1.0
construct_constant_piece in x1, x2 = 0.0, 1.0
construct_constant_piece in x1, x2 = 0.0, 1.0
construct_constant_piece in x1, x2 = 0.0, 1.0
construct_constant_piece in x1, x2 = 0.0, 1.0
construct_constant_piece in x1, x2 = 0.0, 1.0
construct_constant_piece in x1, x2 = 0.0, 1.0
construct_constant_piece in x1, x2 = 0.0, 1.0
construct_constant_piece in x1, x2 = 0.0, 1.0
construct_constant_piece in x1, x2 = 0.0, 1.0
construct_constant_piece in x1, x2 = 0.0, 1.0
construct_constant_piece in x1, x2 = 0.0, 1.0
construct_constant_piece in x1, x2 = 0.0, 1.0
construct_constant_piece in x1, x2 = 0.0, 1.0
construct_constant_piece in x1, x2 = 0.0, 1.0
construct_constant_piece in x1, x2 = 0.0, 1.0
construct_constant_piece in x1, x2 = 0.0, 1.0
construct_constant_piece in x1, x2 = 0.0, 1.0
construct_constant_piece in x1, x2 = 0.0, 1.0
construct_constant_piece in x1, x2 = 0.0, 1.0
construct_constant_piece in x1, x2 = 0.0, 1.0
construct_constant_piece in x1, x2 = 0.0, 1.0
construct_constant_piece in x1, x2 = 0.0, 1.0
Set parameter TokenServer to value "licences.gerad.lan"
Set parameter TokenServer to value "licences.gerad.lan"
Set parameter TokenServer to value "licences.gerad.lan"
Set parameter FeasibilityTol to value 1e-09
Set parameter MIPGap to value 1e-09
Set parameter Threads to value 1
Set parameter OptimalityTol to value 1e-09
Set parameter IntFeasTol to value 1e-09
Set parameter TimeLimit to value 3597.766844404
construct_constant_piece in x1, x2 = 0.0, 1.0
construct_constant_piece in x1, x2 = 0.0, 1.0
construct_constant_piece in x1, x2 = 0.0, 1.0
construct_constant_piece in x1, x2 = 0.0, 1.0
construct_constant_piece in x1, x2 = 0.0, 1.0
construct_constant_piece in x1, x2 = 0.0, 1.0
construct_constant_piece in x1, x2 = 0.0, 1.0
construct_constant_piece in x1, x2 = 0.0, 1.0
construct_constant_piece in x1, x2 = 0.0, 1.0
construct_constant_piece in x1, x2 = 0.0, 1.0
construct_constant_piece in x1, x2 = 0.0, 1.0
construct_constant_piece in x1, x2 = 0.0, 1.0
construct_constant_piece in x1, x2 = 0.0, 1.0
construct_constant_piece in x1, x2 = 0.0, 1.0
construct_constant_piece in x1, x2 = 0.0, 1.0
construct_constant_piece in x1, x2 = 0.0, 1.0
construct_constant_piece in x1, x2 = 0.0, 1.0
construct_constant_piece in x1, x2 = 0.0, 1.0
construct_constant_piece in x1, x2 = 0.0, 1.0
construct_constant_piece in x1, x2 = 0.0, 1.0
construct_constant_piece in x1, x2 = 0.0, 1.0
construct_constant_piece in x1, x2 = 0.0, 1.0
construct_constant_piece in x1, x2 = 0.0, 1.0
construct_constant_piece in x1, x2 = 0.0, 1.0
construct_constant_piece in x1, x2 = 0.0, 1.0
construct_constant_piece in x1, x2 = 0.0, 1.0
construct_constant_piece in x1, x2 = 0.0, 1.0
construct_constant_piece in x1, x2 = 0.0, 1.0
construct_constant_piece in x1, x2 = 0.0, 1.0
construct_constant_piece in x1, x2 = 0.0, 1.0
construct_constant_piece in x1, x2 = 0.0, 1.0
construct_constant_piece in x1, x2 = 0.0, 1.0
construct_constant_piece in x1, x2 = 0.0, 1.0
construct_constant_piece in x1, x2 = 0.0, 1.0
construct_constant_piece in x1, x2 = 0.0, 1.0
construct_constant_piece in x1, x2 = 0.0, 1.0
construct_constant_piece in x1, x2 = 0.0, 1.0
construct_constant_piece in x1, x2 = 0.0, 1.0
construct_constant_piece in x1, x2 = 0.0, 1.0
construct_constant_piece in x1, x2 = 0.0, 1.0
construct_constant_piece in x1, x2 = 0.0, 1.0
construct_constant_piece in x1, x2 = 0.0, 1.0
construct_constant_piece in x1, x2 = 0.0, 1.0
construct_constant_piece in x1, x2 = 0.0, 1.0
construct_constant_piece in x1, x2 = 0.0, 1.0
construct_constant_piece in x1, x2 = 0.0, 1.0
construct_constant_piece in x1, x2 = 0.0, 1.0
construct_constant_piece in x1, x2 = 0.0, 1.0
construct_constant_piece in x1, x2 = 0.0, 1.0
construct_constant_piece in x1, x2 = 0.0, 1.0
construct_constant_piece in x1, x2 = 0.0, 1.0
construct_constant_piece in x1, x2 = 0.0, 1.0
construct_constant_piece in x1, x2 = 0.0, 1.0
construct_constant_piece in x1, x2 = 0.0, 1.0
construct_constant_piece in x1, x2 = 0.0, 1.0
construct_constant_piece in x1, x2 = 0.0, 1.0
construct_constant_piece in x1, x2 = 0.0, 1.0
construct_constant_piece in x1, x2 = 0.0, 1.0
construct_constant_piece in x1, x2 = 0.0, 1.0
construct_constant_piece in x1, x2 = 0.0, 1.0
construct_constant_piece in x1, x2 = 0.0, 1.0
construct_constant_piece in x1, x2 = 0.0, 1.0
construct_constant_piece in x1, x2 = 0.0, 1.0
construct_constant_piece in x1, x2 = 0.0, 1.0
construct_constant_piece in x1, x2 = 0.0, 1.0
construct_constant_piece in x1, x2 = 0.0, 1.0
construct_constant_piece in x1, x2 = 0.0, 1.0
construct_constant_piece in x1, x2 = 0.0, 1.0
construct_constant_piece in x1, x2 = 0.0, 1.0
construct_constant_piece in x1, x2 = 0.0, 1.0
construct_constant_piece in x1, x2 = 0.0, 1.0
construct_constant_piece in x1, x2 = 0.0, 1.0
construct_constant_piece in x1, x2 = 0.0, 1.0
construct_constant_piece in x1, x2 = 0.0, 1.0
construct_constant_piece in x1, x2 = 0.0, 1.0
construct_constant_piece in x1, x2 = 0.0, 1.0
construct_constant_piece in x1, x2 = 0.0, 1.0
construct_constant_piece in x1, x2 = 0.0, 1.0
construct_constant_piece in x1, x2 = 0.0, 1.0
construct_constant_piece in x1, x2 = 0.0, 1.0
construct_constant_piece in x1, x2 = 0.0, 1.0
construct_constant_piece in x1, x2 = 0.0, 1.0
construct_constant_piece in x1, x2 = 0.0, 1.0
construct_constant_piece in x1, x2 = 0.0, 1.0
construct_constant_piece in x1, x2 = 0.0, 1.0
construct_constant_piece in x1, x2 = 0.0, 1.0
construct_constant_piece in x1, x2 = 0.0, 1.0
construct_constant_piece in x1, x2 = 0.0, 1.0
construct_constant_piece in x1, x2 = 0.0, 1.0
construct_constant_piece in x1, x2 = 0.0, 1.0
construct_constant_piece in x1, x2 = 0.0, 1.0
construct_constant_piece in x1, x2 = 0.0, 1.0
construct_constant_piece in x1, x2 = 0.0, 1.0
construct_constant_piece in x1, x2 = 0.0, 1.0
construct_constant_piece in x1, x2 = 0.0, 1.0
construct_constant_piece in x1, x2 = 0.0, 1.0
construct_constant_piece in x1, x2 = 0.0, 1.0
construct_constant_piece in x1, x2 = 0.0, 1.0
construct_constant_piece in x1, x2 = 0.0, 1.0
construct_constant_piece in x1, x2 = 0.0, 1.0
construct_constant_piece in x1, x2 = 0.0, 1.0
construct_constant_piece in x1, x2 = 0.0, 1.0
construct_constant_piece in x1, x2 = 0.0, 1.0
construct_constant_piece in x1, x2 = 0.0, 1.0
construct_constant_piece in x1, x2 = 0.0, 1.0
construct_constant_piece in x1, x2 = 0.0, 1.0
construct_constant_piece in x1, x2 = 0.0, 1.0
construct_constant_piece in x1, x2 = 0.0, 1.0
construct_constant_piece in x1, x2 = 0.0, 1.0
construct_constant_piece in x1, x2 = 0.0, 1.0
construct_constant_piece in x1, x2 = 0.0, 1.0
construct_constant_piece in x1, x2 = 0.0, 1.0
construct_constant_piece in x1, x2 = 0.0, 1.0
construct_constant_piece in x1, x2 = 0.0, 1.0
construct_constant_piece in x1, x2 = 0.0, 1.0
construct_constant_piece in x1, x2 = 0.0, 1.0
construct_constant_piece in x1, x2 = 0.0, 1.0
construct_constant_piece in x1, x2 = 0.0, 1.0
construct_constant_piece in x1, x2 = 0.0, 1.0
construct_constant_piece in x1, x2 = 0.0, 1.0
construct_constant_piece in x1, x2 = 0.0, 1.0
construct_constant_piece in x1, x2 = 0.0, 1.0
construct_constant_piece in x1, x2 = 0.0, 1.0
construct_constant_piece in x1, x2 = 0.0, 1.0
construct_constant_piece in x1, x2 = 0.0, 1.0
construct_constant_piece in x1, x2 = 0.0, 1.0
construct_constant_piece in x1, x2 = 0.0, 1.0
construct_constant_piece in x1, x2 = 0.0, 1.0
construct_constant_piece in x1, x2 = 0.0, 1.0
construct_constant_piece in x1, x2 = 0.0, 1.0
construct_constant_piece in x1, x2 = 0.0, 1.0
construct_constant_piece in x1, x2 = 0.0, 1.0
construct_constant_piece in x1, x2 = 0.0, 1.0
construct_constant_piece in x1, x2 = 0.0, 1.0
construct_constant_piece in x1, x2 = 0.0, 1.0
construct_constant_piece in x1, x2 = 0.0, 1.0
construct_constant_piece in x1, x2 = 0.0, 1.0
construct_constant_piece in x1, x2 = 0.0, 1.0
construct_constant_piece in x1, x2 = 0.0, 1.0
construct_constant_piece in x1, x2 = 0.0, 1.0
construct_constant_piece in x1, x2 = 0.0, 1.0
construct_constant_piece in x1, x2 = 0.0, 1.0
construct_constant_piece in x1, x2 = 0.0, 1.0
construct_constant_piece in x1, x2 = 0.0, 1.0
construct_constant_piece in x1, x2 = 0.0, 1.0
construct_constant_piece in x1, x2 = 0.0, 1.0
construct_constant_piece in x1, x2 = 0.0, 1.0
construct_constant_piece in x1, x2 = 0.0, 1.0
construct_constant_piece in x1, x2 = 0.0, 1.0
construct_constant_piece in x1, x2 = 0.0, 1.0
construct_constant_piece in x1, x2 = 0.0, 1.0
construct_constant_piece in x1, x2 = 0.0, 1.0
construct_constant_piece in x1, x2 = 0.0, 1.0
construct_constant_piece in x1, x2 = 0.0, 1.0
construct_constant_piece in x1, x2 = 0.0, 1.0
construct_constant_piece in x1, x2 = 0.0, 1.0
construct_constant_piece in x1, x2 = 0.0, 1.0
construct_constant_piece in x1, x2 = 0.0, 1.0
construct_constant_piece in x1, x2 = 0.0, 1.0
construct_constant_piece in x1, x2 = 0.0, 1.0
construct_constant_piece in x1, x2 = 0.0, 1.0
construct_constant_piece in x1, x2 = 0.0, 1.0
construct_constant_piece in x1, x2 = 0.0, 1.0
construct_constant_piece in x1, x2 = 0.0, 1.0
construct_constant_piece in x1, x2 = 0.0, 1.0
construct_constant_piece in x1, x2 = 0.0, 1.0
construct_constant_piece in x1, x2 = 0.0, 1.0
construct_constant_piece in x1, x2 = 0.0, 1.0
construct_constant_piece in x1, x2 = 0.0, 1.0
construct_constant_piece in x1, x2 = 0.0, 1.0
construct_constant_piece in x1, x2 = 0.0, 1.0
construct_constant_piece in x1, x2 = 0.0, 1.0
construct_constant_piece in x1, x2 = 0.0, 1.0
construct_constant_piece in x1, x2 = 0.0, 1.0
construct_constant_piece in x1, x2 = 0.0, 1.0
construct_constant_piece in x1, x2 = 0.0, 1.0
construct_constant_piece in x1, x2 = 0.0, 1.0
construct_constant_piece in x1, x2 = 0.0, 1.0
construct_constant_piece in x1, x2 = 0.0, 1.0
construct_constant_piece in x1, x2 = 0.0, 1.0
construct_constant_piece in x1, x2 = 0.0, 1.0
construct_constant_piece in x1, x2 = 0.0, 1.0
construct_constant_piece in x1, x2 = 0.0, 1.0
construct_constant_piece in x1, x2 = 0.0, 1.0
construct_constant_piece in x1, x2 = 0.0, 1.0
construct_constant_piece in x1, x2 = 0.0, 1.0
construct_constant_piece in x1, x2 = 0.0, 1.0
construct_constant_piece in x1, x2 = 0.0, 1.0
construct_constant_piece in x1, x2 = 0.0, 1.0
construct_constant_piece in x1, x2 = 0.0, 1.0
construct_constant_piece in x1, x2 = 0.0, 1.0
construct_constant_piece in x1, x2 = 0.0, 1.0
construct_constant_piece in x1, x2 = 0.0, 1.0
construct_constant_piece in x1, x2 = 0.0, 1.0
construct_constant_piece in x1, x2 = 0.0, 1.0
construct_constant_piece in x1, x2 = 0.0, 1.0
construct_constant_piece in x1, x2 = 0.0, 1.0
construct_constant_piece in x1, x2 = 0.0, 1.0
construct_constant_piece in x1, x2 = 0.0, 1.0
construct_constant_piece in x1, x2 = 0.0, 1.0
construct_constant_piece in x1, x2 = 0.0, 1.0
construct_constant_piece in x1, x2 = 0.0, 1.0
construct_constant_piece in x1, x2 = 0.0, 1.0
construct_constant_piece in x1, x2 = 0.0, 1.0
construct_constant_piece in x1, x2 = 0.0, 1.0
construct_constant_piece in x1, x2 = 0.0, 1.0
construct_constant_piece in x1, x2 = 0.0, 1.0
Iteration 1	LB = -1.0e20	UB = 1.0e20	CPU = 3.233155596, #pieces = 1000
Iteration 2	LB = -38764.16427636829	UB = 0.0	CPU = 5.9726553000000004, #pieces = 2524
Iteration 3	LB = -37015.996730570594	UB = -33944.50347300024	CPU = 8.786844856, #pieces = 3212
Iteration 4	LB = -36020.05693981067	UB = -33944.50347300024	CPU = 11.672881432, #pieces = 3813
Iteration 5	LB = -35424.179385456795	UB = -33944.50347300024	CPU = 12.617055251, #pieces = 3998
Iteration 6	LB = -35251.038306295224	UB = -33944.50347300024	CPU = 13.165612271, #pieces = 4118
Iteration 7	LB = -35178.05737165559	UB = -33944.50347300024	CPU = 13.707941265, #pieces = 4217
Iteration 8	LB = -35144.91169987432	UB = -33944.50347300024	CPU = 14.072180328000002, #pieces = 4280
Iteration 9	LB = -35125.79615998332	UB = -33944.50347300024	CPU = 14.348736183000002, #pieces = 4311
Iteration 10	LB = -35119.34853044498	UB = -33944.50347300024	CPU = 14.705534156, #pieces = 4344
Iteration 11	LB = -35116.457414963654	UB = -33944.50347300024	CPU = 14.927354569, #pieces = 4356
Iteration 12	LB = -35115.12659387797	UB = -33944.50347300024	CPU = 15.169909694000001, #pieces = 4369
Iteration 13	LB = -35114.277302353636	UB = -33958.63682144648	CPU = 15.784852113000001, #pieces = 4455
Iteration 14	LB = -35055.939126547906	UB = -33958.63682144648	CPU = 16.150647102, #pieces = 4480
Iteration 15	LB = -35053.65433535716	UB = -33960.11788287168	CPU = 16.414538323000002, #pieces = 4492
Iteration 16	LB = -35052.63849783313	UB = -33981.51558632958	CPU = 16.716480142, #pieces = 4503
Iteration 17	LB = -35052.470057598104	UB = -34041.394082174374	CPU = 20.961233354, #pieces = 5624
Iteration 18	LB = -34593.33110996143	UB = -34041.394082174374	CPU = 21.461751165000003, #pieces = 5673
Iteration 19	LB = -34575.529623569295	UB = -34041.394082174374	CPU = 21.926767863000002, #pieces = 5685
Iteration 20	LB = -34574.97261237194	UB = -34072.93385879201	CPU = 22.229640553000003, #pieces = 5694
Iteration 21	LB = -34574.74233856594	UB = -34131.96179376801	CPU = 25.390473931000002, #pieces = 6351
Iteration 22	LB = -34390.657050893984	UB = -34131.96179376801	CPU = 25.860997998000002, #pieces = 6378
Iteration 23	LB = -34385.99859117182	UB = -34141.694280457144	CPU = 26.32428279, #pieces = 6385
Iteration 24	LB = -34385.912009453925	UB = -34161.876828262655	CPU = 26.813008017, #pieces = 6409
Iteration 25	LB = -34380.78680086629	UB = -34181.008021206464	CPU = 31.289906886, #pieces = 7649
Iteration 26	LB = -34295.00964141469	UB = -34181.008021206464	CPU = 32.010873845, #pieces = 7665
Iteration 27	LB = -34293.86738651749	UB = -34181.008021206464	CPU = 32.540163726, #pieces = 7668
Iteration 28	LB = -34293.84772186125	UB = -34193.072409770895	CPU = 34.531651360000005, #pieces = 7940
Iteration 29	LB = -34264.74932790243	UB = -34199.71880648446	CPU = 36.898230719000004, #pieces = 8405
Iteration 30	LB = -34252.39213169682	UB = -34199.71880648446	CPU = 37.372256813, #pieces = 8408
Iteration 31	LB = -34252.294700275386	UB = -34204.73157748616	CPU = 37.761569276, #pieces = 8412
Iteration 32	LB = -34252.19375656163	UB = -34207.5853342014	CPU = 40.244331435, #pieces = 8824
Iteration 33	LB = -34243.541323022	UB = -34207.5853342014	CPU = 41.097617934000006, #pieces = 8827
Iteration 34	LB = -34243.53556207633	UB = -34211.24581688133	CPU = 41.786059303, #pieces = 8836
Iteration 35	LB = -34243.42385719845	UB = -34213.13606715077	CPU = 44.334947732, #pieces = 9256
Iteration 36	LB = -34236.9776925807	UB = -34213.13606715077	CPU = 44.972344404000005, #pieces = 9266
Iteration 37	LB = -34236.79469808504	UB = -34214.897777231236	CPU = 45.839304774000006, #pieces = 9271
Iteration 38	LB = -34236.73600643987	UB = -34215.50694915497	CPU = 50.978125272, #pieces = 10498
Iteration 39	LB = -34228.03216044945	UB = -34216.41481757178	CPU = 51.808955487000006, #pieces = 10500
Iteration 40	LB = -34228.022825456275	UB = -34217.00613768117	CPU = 56.553351156000005, #pieces = 11388
Iteration 41	LB = -34223.62151010467	UB = -34217.00613768117	CPU = 57.975653828000006, #pieces = 11415
Iteration 42	LB = -34223.49166291175	UB = -34217.00613768117	CPU = 59.257665626000005, #pieces = 11418
Iteration 43	LB = -34223.47357442424	UB = -34218.080071275566	CPU = 60.361750028, #pieces = 11440
Iteration 44	LB = -34223.381826992256	UB = -34218.23759600356	CPU = 61.536085753, #pieces = 11444
Iteration 45	LB = -34223.35943758401	UB = -34218.39878892039	CPU = 64.585586225, #pieces = 11738
Iteration 46	LB = -34222.53247595102	UB = -34218.39878892039	CPU = 66.140379378, #pieces = 11748
Iteration 47	LB = -34222.51564615015	UB = -34218.67146059177	CPU = 68.96247129300001, #pieces = 11970
Iteration 48	LB = -34222.08994575978	UB = -34218.895491115225	CPU = 73.215771621, #pieces = 12758
Iteration 49	LB = -34221.18584990128	UB = -34218.92937007991	CPU = 74.430721479, #pieces = 12776
Iteration 50	LB = -34221.15835350066	UB = -34219.07241480958	CPU = 75.995183341, #pieces = 12784
Iteration 51	LB = -34221.149751311495	UB = -34219.07241480958	CPU = 77.662588857, #pieces = 12786
Iteration 52	LB = -34221.14737536192	UB = -34219.16011964078	CPU = 82.25859144, #pieces = 13322
Iteration 53	LB = -34220.60896737156	UB = -34219.16011964078	CPU = 84.14084669, #pieces = 13330
Iteration 54	LB = -34220.60487029936	UB = -34219.21198388763	CPU = 86.333396379, #pieces = 13335
Iteration 55	LB = -34220.60191555173	UB = -34219.261206679024	CPU = 88.63847722, #pieces = 13340
Iteration 56	LB = -34220.59925253545	UB = -34219.30566321364	CPU = 90.496442445, #pieces = 13356
Iteration 57	LB = -34220.58868193877	UB = -34219.327896826864	CPU = 92.34085113900001, #pieces = 13366
Iteration 58	LB = -34220.57421552949	UB = -34219.327896826864	CPU = 94.14510311900001, #pieces = 13367
Iteration 59	LB = -34220.5741927807	UB = -34219.37468159189	CPU = 99.02618136400001, #pieces = 14098
Iteration 60	LB = -34220.23153526599	UB = -34219.37468159189	CPU = 102.129527476, #pieces = 14262
Iteration 61	LB = -34220.11997161562	UB = -34219.42155362202	CPU = 104.76795976700001, #pieces = 14298
Iteration 62	LB = -34220.104243980524	UB = -34219.45393864439	CPU = 106.514119261, #pieces = 14301
Iteration 63	LB = -34220.10374904484	UB = -34219.54250273535	CPU = 112.58378567700001, #pieces = 15399
Iteration 64	LB = -34219.90958750313	UB = -34219.54250273535	CPU = 115.563164946, #pieces = 15402
Iteration 65	LB = -34219.90650864235	UB = -34219.54250273535	CPU = 118.79377003200001, #pieces = 15427
Iteration 66	LB = -34219.90339631738	UB = -34219.54250273535	CPU = 121.53966333100001, #pieces = 15434
Iteration 67	LB = -34219.90289084483	UB = -34219.54250273535	CPU = 123.895741262, #pieces = 15436
Iteration 68	LB = -34219.90286372486	UB = -34219.54295965805	CPU = 128.143307231, #pieces = 15638
Iteration 69	LB = -34219.847865738906	UB = -34219.585423091165	CPU = 131.370717463, #pieces = 15730
Iteration 70	LB = -34219.82801004318	UB = -34219.60307968127	CPU = 134.055715643, #pieces = 15732
Iteration 71	LB = -34219.82779351997	UB = -34219.614841247916	CPU = 136.799827892, #pieces = 15736
Iteration 72	LB = -34219.827583599916	UB = -34219.62353029718	CPU = 142.691675952, #pieces = 16677
Iteration 73	LB = -34219.76545361002	UB = -34219.62353029718	CPU = 145.75325091300002, #pieces = 16683
Iteration 74	LB = -34219.76506378088	UB = -34219.62353029718	CPU = 148.74273353, #pieces = 16684
Iteration 75	LB = -34219.7650524466	UB = -34219.62353029718	CPU = 153.59421094700002, #pieces = 16963
Iteration 76	LB = -34219.733287588955	UB = -34219.62353029718	CPU = 157.01706980900002, #pieces = 16985
Iteration 77	LB = -34219.73250751981	UB = -34219.63784875442	CPU = 162.430108288, #pieces = 17219
Iteration 78	LB = -34219.71736695881	UB = -34219.64130562068	CPU = 166.91670598500002, #pieces = 17357
Iteration 79	LB = -34219.70896299419	UB = -34219.64771036406	CPU = 170.031689914, #pieces = 17435
Iteration 80	LB = -34219.70585207196	UB = -34219.652391115706	CPU = 174.322602361, #pieces = 17537
Iteration 81	LB = -34219.70284942474	UB = -34219.65345308008	CPU = 177.951938211, #pieces = 17604
Iteration 82	LB = -34219.701009545846	UB = -34219.65598423273	CPU = 182.452738159, #pieces = 18015
Iteration 83	LB = -34219.69222856204	UB = -34219.65598423273	CPU = 185.399814746, #pieces = 18017
Iteration 84	LB = -34219.69222856204	UB = -34219.65598423273	CPU = 188.13428702000002, #pieces = 18021
Iteration 85	LB = -34219.69222856204	UB = -34219.65782756071	CPU = 192.770025645, #pieces = 18649
WRITING LOG...
(-38764.16427636829, 0.0, 0.0, 0.0, Inf, Inf, 1000, 1, 0.09634297900000001, 3.340448352)
(-37015.996730570594, -33944.50347300024, 0.0, 0.0, 9.048573239592237, 9.048573239592237, 2524, 2, 0.176784934, 6.054986932)
(-36020.05693981067, -33944.50347300024, 0.0, 0.0, 7.205940741198911, 6.114549498304914, 3212, 3, 0.251840838, 8.863780973)
(-35424.179385456795, -33944.50347300024, 0.0, 0.0, 6.080570306501172, 4.35910312735464, 3813, 4, 0.41675920600000005, 11.839831269000001)
(-35251.038306295224, -33944.50347300024, 0.0, 0.0, 5.065067184614498, 3.8490320953853887, 3998, 5, 0.49877287700000006, 12.700998467000002)
(-35178.05737165559, -33944.50347300024, 0.0, 0.0, 4.951406209748216, 3.6340313524884253, 4118, 6, 0.6559061770000001, 13.324694303000001)
(-35144.91169987432, -33944.50347300024, 0.0, 0.0, 4.468211305359435, 3.5363846987153535, 4217, 7, 0.7516870010000001, 13.805937400000001)
(-35125.79615998332, -33944.50347300024, 0.0, 0.0, 3.871969977070637, 3.480070603839279, 4280, 8, 0.8924156350000001, 14.214883961000002)
(-35119.34853044498, -33944.50347300024, 0.0, 0.0, 4.005780256978338, 3.46107598356601, 4311, 9, 1.095066542, 14.553406556)
(-35116.457414963654, -33944.50347300024, 0.0, 0.0, 3.5400643761153927, 3.4525588005598586, 4344, 10, 1.236306721, 14.848808521)
(-35115.12659387797, -33944.50347300024, 0.0, 0.0, 3.666506722543355, 3.4486382215278417, 4356, 11, 1.382643171, 15.075927578000002)
(-35114.277302353636, -33958.63682144648, 0.0, 0.0, 3.4030826590109537, 3.4030826590109537, 4369, 12, 1.628641987, 15.417909253000001)
(-35055.939126547906, -33958.63682144648, 0.0, 0.0, 3.566902933220944, 3.2312907931817394, 4455, 13, 1.836984468, 15.995295094000001)
(-35053.65433535716, -33960.11788287168, 0.0, 0.0, 3.220060826222937, 3.220060826222937, 4480, 14, 2.008143006, 16.323769054)
(-35052.63849783313, -33981.51558632958, 0.0, 0.0, 3.1520751591622798, 3.1520751591622798, 4492, 15, 2.209104879, 16.617608016000002)
(-35052.470057598104, -34041.394082174374, 0.0, 0.0, 2.970136807508642, 2.970136807508642, 4503, 16, 2.321016297, 16.830643705)
(-34593.33110996143, -34041.394082174374, 0.0, 0.0, 1.957609063698929, 1.6213702248935633, 5624, 17, 2.5089156779999997, 21.151454345)
(-34575.529623569295, -34041.394082174374, 0.0, 0.0, 1.5836043583267432, 1.5690765780788578, 5673, 18, 2.8722392679999995, 21.827354552000003)
(-34574.97261237194, -34072.93385879201, 0.0, 0.0, 1.473423907845809, 1.473423907845809, 5685, 19, 3.0814037699999997, 22.138281733000003)
(-34574.74233856594, -34131.96179376801, 0.0, 0.0, 1.2972607536399468, 1.2972607536399468, 5694, 20, 3.462204924, 22.612665429)
(-34390.657050893984, -34131.96179376801, 0.0, 0.0, 0.9013456630444391, 0.7579267159885584, 6351, 21, 3.759833236, 25.690507548000003)
(-34385.99859117182, -34141.694280457144, 0.0, 0.0, 0.7155600091425869, 0.7155600091425869, 6378, 22, 4.149495431, 26.252985401)
(-34385.912009453925, -34161.876828262655, 0.0, 0.0, 0.6558046629508419, 0.6558046629508419, 6385, 23, 4.474587358, 26.652095768000002)
(-34380.78680086629, -34181.008021206464, 0.0, 0.0, 0.5844730487055315, 0.5844730487055315, 6409, 24, 4.853590168, 27.194220517)
(-34295.00964141469, -34181.008021206464, 0.0, 0.0, 0.3571035042795152, 0.33352328327326564, 7649, 25, 5.416093032, 31.855130814000002)
(-34293.86738651749, -34181.008021206464, 0.0, 0.0, 0.37927712733115615, 0.3301815009112939, 7665, 26, 5.861161667, 32.465363051000004)
(-34293.84772186125, -34193.072409770895, 0.0, 0.0, 0.2947243549297455, 0.2947243549297455, 7668, 27, 6.125303248, 32.807466715000004)
(-34264.74932790243, -34199.71880648446, 0.0, 0.0, 0.19014928685798965, 0.19014928685798965, 7940, 28, 6.593901226, 35.002877088000005)
(-34252.39213169682, -34199.71880648446, 0.0, 0.0, 0.2555295424620447, 0.15401683712783137, 8405, 29, 6.983019587, 37.289809024)
(-34252.294700275386, -34204.73157748616, 0.0, 0.0, 0.13905422026620765, 0.13905422026620765, 8408, 30, 7.271840847, 37.663556648000004)
(-34252.19375656163, -34207.5853342014, 0.0, 0.0, 0.13040506052799297, 0.13040506052799297, 8412, 31, 7.794873906, 38.287137901)
(-34243.541323022, -34207.5853342014, 0.0, 0.0, 0.15139270470405894, 0.10511115727495997, 8824, 32, 8.561259786, 41.013187655)
(-34243.53556207633, -34211.24581688133, 0.0, 0.0, 0.0943834239999069, 0.0943834239999069, 8827, 33, 9.124678187, 41.663524507000005)
(-34243.42385719845, -34213.13606715077, 0.0, 0.0, 0.08852678686991763, 0.08852678686991763, 8836, 34, 9.770874435000001, 42.434748295000006)
(-34236.9776925807, -34213.13606715077, 0.0, 0.0, 0.0711691788245551, 0.06968558913493221, 9256, 35, 10.267235724, 44.833957606000006)
(-34236.79469808504, -34214.897777231236, 0.0, 0.0, 0.06399820626784206, 0.06399820626784206, 9266, 36, 11.022297376000001, 45.729979160000006)
(-34236.73600643987, -34215.50694915497, 0.0, 0.0, 0.06204513443697061, 0.06204513443697061, 9271, 37, 11.827080961, 46.646888523)
(-34228.03216044945, -34216.41481757178, 0.0, 0.0, 0.033952542776949875, 0.033952542776949875, 10498, 38, 12.556258026, 51.709877148000004)
(-34228.022825456275, -34217.00613768117, 0.0, 0.0, 0.032196527454140596, 0.032196527454140596, 10500, 39, 13.615274009, 52.870781228000006)
(-34223.62151010467, -34217.00613768117, 0.0, 0.0, 0.01971592125784462, 0.019333580491754945, 11388, 40, 14.711699606, 57.652885208)
(-34223.49166291175, -34217.00613768117, 0.0, 0.0, 0.1245745571238896, 0.01895409903625864, 11415, 41, 15.883897529, 59.150660450000004)
(-34223.47357442424, -34218.080071275566, 0.0, 0.0, 0.01576214427414305, 0.01576214427414305, 11418, 42, 16.74671246, 60.123401424)
(-34223.381826992256, -34218.23759600356, 0.0, 0.0, 0.015033594217896384, 0.015033594217896384, 11440, 43, 17.805305557, 61.423019484)
(-34223.35943758401, -34218.39878892039, 0.0, 0.0, 0.014497021600042544, 0.014497021600042544, 11444, 44, 19.011181647, 62.744823232)
(-34222.53247595102, -34218.39878892039, 0.0, 0.0, 0.01277338722564435, 0.01208030526537767, 11738, 45, 20.405946775, 65.98331523600001)
(-34222.51564615015, -34218.67146059177, 0.0, 0.0, 0.011234175361835635, 0.011234175361835635, 11748, 46, 21.75149209, 67.48883856500001)
(-34222.08994575978, -34218.895491115225, 0.0, 0.0, 0.009335352876545794, 0.009335352876545794, 11970, 47, 22.672573328, 69.88611950800001)
(-34221.18584990128, -34218.92937007991, 0.0, 0.0, 0.00659424436389473, 0.00659424436389473, 12758, 48, 23.661988272, 74.207939995)
(-34221.15835350066, -34219.07241480958, 0.0, 0.0, 0.006095836455728979, 0.006095836455728979, 12776, 49, 25.071592843999998, 75.843148666)
(-34221.149751311495, -34219.07241480958, 0.0, 0.0, 0.0061455654453313755, 0.0060706978749463965, 12784, 50, 26.599286024999998, 77.531834747)
(-34221.14737536192, -34219.16011964078, 0.0, 0.0, 0.005807435700332592, 0.005807435700332592, 12786, 51, 28.366351712999997, 79.432630309)
(-34220.60896737156, -34219.16011964078, 0.0, 0.0, 0.004324673570117428, 0.0042340248145093864, 13322, 52, 30.079958536999996, 83.97519947)
(-34220.60487029936, -34219.21198388763, 0.0, 0.0, 0.004070480677292973, 0.004070480677292973, 13330, 53, 32.09314302, 86.157132462)
(-34220.60191555173, -34219.261206679024, 0.0, 0.0, 0.003917994794235535, 0.003917994794235535, 13335, 54, 34.239497366, 88.482541849)
(-34220.59925253545, -34219.30566321364, 0.0, 0.0, 0.003780290969491394, 0.003780290969491394, 13340, 55, 35.864102064, 90.265921316)
(-34220.58868193877, -34219.327896826864, 0.0, 0.0, 0.003684423948080282, 0.003684423948080282, 13356, 56, 37.524213251, 92.159338695)
(-34220.57421552949, -34219.327896826864, 0.0, 0.0, 0.004806194341489166, 0.003642148397479032, 13366, 57, 39.191144476, 94.01091641500001)
(-34220.5741927807, -34219.37468159189, 0.0, 0.0, 0.0035053568335813644, 0.0035053568335813644, 13367, 58, 40.850601471, 95.807281738)
(-34220.23153526599, -34219.37468159189, 0.0, 0.0, 0.002576806805671923, 0.0025040015548891963, 14098, 59, 42.767036546, 100.94625856600001)
(-34220.11997161562, -34219.42155362202, 0.0, 0.0, 0.0020409988301604673, 0.0020409988301604673, 14262, 60, 45.049242394000004, 104.414514791)
(-34220.104243980524, -34219.45393864439, 0.0, 0.0, 0.0019003965910839343, 0.0019003965910839343, 14298, 61, 46.63424053400001, 106.35592781300001)
(-34220.10374904484, -34219.54250273535, 0.0, 0.0, 0.0016401338780319093, 0.0016401338780319093, 14301, 62, 48.17143770900001, 108.054343771)
(-34219.90958750313, -34219.54250273535, 0.0, 0.0, 0.10760117793999341, 0.0010727342942975805, 15399, 63, 50.93186927700001, 115.34745670400001)
(-34219.90650864235, -34219.54250273535, 0.0, 0.0, 0.0017200150851372268, 0.0010637369186716657, 15402, 64, 53.84092266600001, 118.475027495)
(-34219.90339631738, -34219.54250273535, 0.0, 0.0, 0.0012226630105912066, 0.001054641750401571, 15427, 65, 56.386715955000014, 121.342460626)
(-34219.90289084483, -34219.54250273535, 0.0, 0.0, 0.0012597516578387253, 0.0010531646045632936, 15434, 66, 58.524179744000016, 123.680395703)
(-34219.90286372486, -34219.54295965805, 0.0, 0.0, 0.0010517500693583246, 0.0010517500693583246, 15436, 67, 61.29210814200002, 126.66647202000001)
(-34219.847865738906, -34219.585423091165, 0.0, 0.0, 0.0007669369587520319, 0.0007669369587520319, 15638, 68, 63.80035993100002, 130.65454643)
(-34219.82801004318, -34219.60307968127, 0.0, 0.0, 0.0006573143510353596, 0.0006573143510353596, 15730, 69, 66.29715373300002, 133.87055812600002)
(-34219.82779351997, -34219.614841247916, 0.0, 0.0, 0.0006223105462903085, 0.0006223105462903085, 15732, 70, 68.79948139600002, 136.560842271)
(-34219.827583599916, -34219.62353029718, 0.0, 0.0, 0.0005963049317342719, 0.0005963049317342719, 15736, 71, 70.65051478800002, 138.653658205)
(-34219.76545361002, -34219.62353029718, 0.0, 0.0, 0.00047868052432256024, 0.00041474247288045187, 16677, 72, 73.45513679200002, 145.499294694)
(-34219.76506378088, -34219.62353029718, 0.0, 0.0, 0.0005815411055703844, 0.0004136032752306593, 16683, 73, 76.29555581700002, 148.59609256000002)
(-34219.7650524466, -34219.62353029718, 0.0, 0.0, 0.0004146164951781413, 0.00041357015307851594, 16684, 74, 79.22101585300003, 151.671109293)
(-34219.733287588955, -34219.62353029718, 0.0, 0.0, 0.0008438045821326247, 0.0003207437150042092, 16963, 75, 82.22256464000003, 156.598768849)
(-34219.73250751981, -34219.63784875442, 0.0, 0.0, 0.00027662117818798326, 0.00027662117818798326, 16985, 76, 85.67784003500003, 160.47574579000002)
(-34219.71736695881, -34219.64130562068, 0.0, 0.0, 0.00022227391996526588, 0.00022227391996526588, 17219, 77, 89.02804444600002, 165.78357473900002)
(-34219.70896299419, -34219.64771036406, 0.0, 0.0, 0.0001789984240991195, 0.0001789984240991195, 17357, 78, 91.40414978700002, 169.29582859200002)
(-34219.70585207196, -34219.652391115706, 0.0, 0.0, 0.00015622881156647912, 0.00015622881156647912, 17435, 79, 94.71049321100003, 173.341214014)
(-34219.70284942474, -34219.65345308008, 0.0, 0.0, 0.00014435080335340936, 0.00014435080335340936, 17537, 80, 97.72988519900002, 177.344963615)
(-34219.701009545846, -34219.65598423273, 0.0, 0.0, 0.00013157734003447412, 0.00013157734003447412, 17604, 81, 100.10340795500002, 180.32869819700002)
(-34219.69222856204, -34219.65598423273, 0.0, 0.0, 0.0001267586420266556, 0.00010591669688874496, 18015, 82, 102.83322406900002, 185.18541825100002)
(-34219.69222856204, -34219.65598423273, 0.0, 0.0, 0.00011003253440226381, 0.00010591669688874496, 18017, 83, 105.30550784700003, 187.87490377)
(-34219.69222856204, -34219.65782756071, 0.0, 0.0, 0.00010096161033721199, 0.00010052993955116019, 18021, 84, 107.76582527700003, 190.597872085)
(-34219.684689428446, -34219.65825712051, 0.0, 0.0, 7.724305058950506e-5, 7.724305058950506e-5, 18649, 85, 110.63914447600003, 195.646472953)
