solving instance knapsack 10 3 sinabc2
The latest version of Julia in the `1.10` channel is 1.10.6+0.x64.linux.gnu. You currently have `1.10.5+0.x64.linux.gnu` installed. Run:

  juliaup update

in your terminal shell to install Julia 1.10.6+0.x64.linux.gnu and update the `1.10` channel to that version.
Set parameter TokenServer to value "licences.gerad.lan"
Set parameter TokenServer to value "licences.gerad.lan"
Set parameter TokenServer to value "licences.gerad.lan"
Set parameter FeasibilityTol to value 1e-09
Set parameter MIPGap to value 1e-09
Set parameter Threads to value 1
Set parameter OptimalityTol to value 1e-09
Set parameter IntFeasTol to value 1e-09
Set parameter TimeLimit to value 3600.860814614
-1.0 * eval(exprs[k, count])
-1.0 * eval(exprs[k, count])
-1.0 * eval(exprs[k, count])
-1.0 * eval(exprs[k, count])
-1.0 * eval(exprs[k, count])
-1.0 * eval(exprs[k, count])
-1.0 * eval(exprs[k, count])
-1.0 * eval(exprs[k, count])
-1.0 * eval(exprs[k, count])
-1.0 * eval(exprs[k, count])
construct_constant_piece in x1, x2 = 0.0, 1.0
construct_constant_piece in x1, x2 = 0.0, 1.0
construct_constant_piece in x1, x2 = 0.0, 1.0
construct_constant_piece in x1, x2 = 0.0, 1.0
construct_constant_piece in x1, x2 = 0.0, 1.0
construct_constant_piece in x1, x2 = 0.0, 1.0
construct_constant_piece in x1, x2 = 0.0, 1.0
construct_constant_piece in x1, x2 = 0.0, 1.0
construct_constant_piece in x1, x2 = 0.0, 1.0
construct_constant_piece in x1, x2 = 0.0, 1.0
Iteration 1	LB = -1.0e20	UB = 1.0e20	CPU = 0.13918538600000002, #pieces = 10
Iteration 2	LB = -264.2836689522492	UB = 0.0	CPU = 0.34671490800000004, #pieces = 34
Iteration 3	LB = -243.0690983029015	UB = -202.4509162452764	CPU = 0.41443866500000004, #pieces = 46
Iteration 4	LB = -238.00085729340438	UB = -202.4509162452764	CPU = 0.526150444, #pieces = 52
Iteration 5	LB = -226.0334868992312	UB = -212.32827823432223	CPU = 0.593067621, #pieces = 58
Iteration 6	LB = -225.0652038805174	UB = -216.26070221689884	CPU = 0.624880277, #pieces = 60
Iteration 7	LB = -222.38474038653857	UB = -217.33280529211723	CPU = 0.649975262, #pieces = 66
Iteration 8	LB = -221.04532119530498	UB = -220.0189551954425	CPU = 0.796436335, #pieces = 86
Iteration 9	LB = -220.7527976878745	UB = -220.0189551954425	CPU = 0.8549088600000001, #pieces = 89
Iteration 10	LB = -220.62186933128635	UB = -220.3291466121984	CPU = 1.008287806, #pieces = 125
Iteration 11	LB = -220.53055404362775	UB = -220.3291466121984	CPU = 1.040843175, #pieces = 129
Iteration 12	LB = -220.45462489595386	UB = -220.3291466121984	CPU = 1.0892517720000001, #pieces = 131
Iteration 13	LB = -220.4474086019244	UB = -220.3291466121984	CPU = 1.131295178, #pieces = 132
Iteration 14	LB = -220.4115714430909	UB = -220.3291466121984	CPU = 1.34274048, #pieces = 171
Iteration 15	LB = -220.37732757606184	UB = -220.3492701521296	CPU = 1.430714263, #pieces = 181
Iteration 16	LB = -220.36326884118395	UB = -220.3492701521296	CPU = 1.508439523, #pieces = 184
Iteration 17	LB = -220.36167435130736	UB = -220.3494583351665	CPU = 1.5490003440000002, #pieces = 187
Iteration 18	LB = -220.35677527642338	UB = -220.3494583351665	CPU = 1.578057767, #pieces = 190
Iteration 19	LB = -220.35273431376865	UB = -220.34945833516653	CPU = 1.627856474, #pieces = 197
Iteration 20	LB = -220.351550172033	UB = -220.34954334880177	CPU = 1.654472642, #pieces = 198
Iteration 21	LB = -220.35152201300366	UB = -220.34978588855407	CPU = 1.6875628690000002, #pieces = 202
Iteration 22	LB = -220.35111264123603	UB = -220.34978588855407	CPU = 1.7147859010000002, #pieces = 203
Iteration 23	LB = -220.35080624884074	UB = -220.3501557875567	CPU = 1.7499082970000002, #pieces = 206
Iteration 24	LB = -220.35065032341646	UB = -220.3501557875567	CPU = 1.788750032, #pieces = 208
Iteration 25	LB = -220.35057201972	UB = -220.3501557875567	CPU = 1.821828765, #pieces = 209
Iteration 26	LB = -220.3505283543485	UB = -220.3501557875567	CPU = 1.8827559500000002, #pieces = 217
Iteration 27	LB = -220.35041196240266	UB = -220.3501557875567	CPU = 1.9461911690000002, #pieces = 221
WRITING LOG...
(-264.2836689522492, 0.0, 0.0, 0.0, Inf, Inf, 10, 1, 0.07048425200000001, 0.21699768600000002)
(-243.0690983029015, -202.4509162452764, 0.0, 0.0, 20.063224613127826, 20.063224613127826, 34, 2, 0.10784541100000002, 0.384154192)
(-238.00085729340438, -202.4509162452764, 0.0, 0.0, 18.841500648850847, 17.55978274015711, 46, 3, 0.11183712700000002, 0.41850466900000005)
(-226.0334868992312, -212.32827823432223, 0.0, 0.0, 6.454726039733681, 6.454726039733681, 52, 4, 0.16934567700000003, 0.583732657)
(-225.0652038805174, -216.26070221689884, 0.0, 0.0, 4.071244370041898, 4.071244370041898, 58, 5, 0.17457826400000004, 0.598372692)
(-222.38474038653857, -217.33280529211723, 0.0, 0.0, 2.3245156605009667, 2.3245156605009667, 60, 6, 0.17946236000000004, 0.629850621)
(-221.04532119530498, -220.0189551954425, 0.0, 0.0, 0.4664898071853729, 0.4664898071853729, 66, 7, 0.19479744400000004, 0.665382106)
(-220.7527976878745, -220.0189551954425, 0.0, 0.0, 0.470170006809955, 0.33353603182968794, 86, 8, 0.20440228600000004, 0.8061184050000001)
(-220.62186933128635, -220.3291466121984, 0.0, 0.0, 0.1328570112438049, 0.1328570112438049, 89, 9, 0.21369970600000004, 0.864278269)
(-220.53055404362775, -220.3291466121984, 0.0, 0.0, 0.09141206895510866, 0.09141206895510866, 125, 10, 0.23097350200000005, 1.025635646)
(-220.45462489595386, -220.3291466121984, 0.0, 0.0, 0.06488656055761996, 0.05695037886944221, 129, 11, 0.2680077390000001, 1.077958798)
(-220.4474086019244, -220.3291466121984, 0.0, 0.0, 0.06161106727283845, 0.05367514536519631, 131, 12, 0.3039128940000001, 1.125226145)
(-220.4115714430909, -220.3291466121984, 0.0, 0.0, 0.03740986254425944, 0.037409862544233626, 132, 13, 0.3472333270000001, 1.174685864)
(-220.37732757606184, -220.3492701521296, 0.0, 0.0, 0.012733159457650205, 0.012733159457650205, 171, 14, 0.3895029650000001, 1.3850837550000001)
(-220.36326884118395, -220.3492701521296, 0.0, 0.0, 0.28395563814484187, 0.006352954581915404, 181, 15, 0.4467020080000001, 1.487985544)
(-220.36167435130736, -220.3494583351665, 0.0, 0.0, 0.005543928373208454, 0.005543928373208454, 184, 16, 0.4695186070000001, 1.5313262520000002)
(-220.35677527642338, -220.3494583351665, 0.0, 0.0, 0.0034005584832367116, 0.0033206077800949155, 187, 17, 0.4838048760000001, 1.5633583720000002)
(-220.35273431376865, -220.34945833516653, 0.0, 0.0, 0.0014867196075135458, 0.0014867196075135458, 190, 18, 0.4987668510000001, 1.593113733)
(-220.351550172033, -220.34954334880177, 0.0, 0.0, 0.0009107453551878804, 0.0009107453551878804, 197, 19, 0.5145259670000001, 1.6436974100000001)
(-220.35152201300366, -220.34978588855407, 0.0, 0.0, 0.0007878947749334831, 0.0007878947749334831, 198, 20, 0.532002021, 1.672016495)
(-220.35111264123603, -220.34978588855407, 0.0, 0.0, 0.0013182713347115336, 0.0006021120813036943, 202, 21, 0.551075553, 1.7067146000000002)
(-220.35080624884074, -220.3501557875567, 0.0, 0.0, 0.00029519438355464755, 0.00029519438355464755, 203, 22, 0.572609014, 1.7364156960000001)
(-220.35065032341646, -220.3501557875567, 0.0, 0.0, 0.00029326534909770356, 0.00022443181761800366, 206, 23, 0.5984677939999999, 1.775841618)
(-220.35057201972, -220.3501557875567, 0.0, 0.0, 0.00132273093991936, 0.00018889578807673596, 208, 24, 0.626766399, 1.817117756)
(-220.3505283543485, -220.3501557875567, 0.0, 0.0, 0.00016939181258576305, 0.00016907943199713984, 209, 25, 0.653203183, 1.848338668)
(-220.35041196240266, -220.3501557875567, 0.0, 0.0, 0.00011657045387167983, 0.00011625807344806002, 217, 26, 0.678962512, 1.9085880640000001)
(-220.3503298594706, -220.3501557875567, 0.0, 0.0, 7.899786287033215e-5, 7.899786287033215e-5, 221, 27, 0.708384399, 1.9756851560000002)
