solving instance knapsack 100 10 divexp
The latest version of Julia in the `1.10` channel is 1.10.6+0.x64.linux.gnu. You currently have `1.10.5+0.x64.linux.gnu` installed. Run:

  juliaup update

in your terminal shell to install Julia 1.10.6+0.x64.linux.gnu and update the `1.10` channel to that version.
Set parameter TokenServer to value "licences.gerad.lan"
Set parameter TokenServer to value "licences.gerad.lan"
Set parameter TokenServer to value "licences.gerad.lan"
Set parameter FeasibilityTol to value 1e-09
Set parameter MIPGap to value 1e-09
Set parameter Threads to value 1
Set parameter OptimalityTol to value 1e-09
Set parameter IntFeasTol to value 1e-09
Set parameter TimeLimit to value 3569.603104091
expr 1, 1 = 34.185145 / (1 + 96.707926 * exp(-0.178869 * (x + -99.307675)))
expr 1, 2 = 47.127276 / (1 + 99.912536 * exp(-0.152834 * (x + -87.019227)))
expr 1, 3 = 34.530827 / (1 + 6.20364 * exp(-0.152425 * (x + -77.915427)))
expr 1, 4 = 13.545 / (1 + 67.063474 * exp(-0.189416 * (x + -59.1168)))
expr 1, 5 = 7.159195 / (1 + 4.842528 * exp(-0.184057 * (x + -75.212299)))
expr 1, 6 = 14.849981 / (1 + 57.176879 * exp(-0.183555 * (x + -77.246594)))
expr 1, 7 = 77.462421 / (1 + 43.905446 * exp(-0.167043 * (x + -97.60298)))
expr 1, 8 = 37.51266 / (1 + 81.945865 * exp(-0.131638 * (x + -35.527605)))
expr 1, 9 = 58.302717 / (1 + 21.665643 * exp(-0.136571 * (x + -54.232448)))
expr 1, 10 = 69.265768 / (1 + 16.632003 * exp(-0.132769 * (x + -93.820482)))
expr 1, 11 = 85.506434 / (1 + 19.224048 * exp(-0.155268 * (x + -69.726911)))
expr 1, 12 = 13.569159 / (1 + 74.04259 * exp(-0.149914 * (x + -83.769838)))
expr 1, 13 = 39.603365 / (1 + 72.05975 * exp(-0.112568 * (x + -51.377005)))
expr 1, 14 = 29.520605 / (1 + 67.133578 * exp(-0.165397 * (x + -83.980115)))
expr 1, 15 = 18.988371 / (1 + 47.233138 * exp(-0.181322 * (x + -92.002893)))
expr 1, 16 = 53.011298 / (1 + 6.105071 * exp(-0.191734 * (x + -82.125766)))
expr 1, 17 = 49.932378 / (1 + 74.594613 * exp(-0.157669 * (x + -19.75341)))
expr 1, 18 = 34.845819 / (1 + 63.972925 * exp(-0.160803 * (x + -63.471706)))
expr 1, 19 = 4.687251 / (1 + 88.330145 * exp(-0.144481 * (x + -11.068899)))
expr 1, 20 = 6.725075 / (1 + 48.604057 * exp(-0.180921 * (x + -15.274058)))
expr 1, 21 = 43.933638 / (1 + 19.02021 * exp(-0.118817 * (x + -64.184354)))
expr 1, 22 = 7.28998 / (1 + 99.501172 * exp(-0.124636 * (x + -73.459467)))
expr 1, 23 = 13.621497 / (1 + 90.086543 * exp(-0.162825 * (x + -82.767231)))
expr 1, 24 = 79.704996 / (1 + 65.366608 * exp(-0.116972 * (x + -63.8508)))
expr 1, 25 = 13.029594 / (1 + 90.970897 * exp(-0.115974 * (x + -72.791961)))
expr 1, 26 = 69.017554 / (1 + 28.611303 * exp(-0.183578 * (x + -41.391309)))
expr 1, 27 = 99.469066 / (1 + 67.618299 * exp(-0.149651 * (x + -88.65641)))
expr 1, 28 = 86.253674 / (1 + 61.299232 * exp(-0.143689 * (x + -16.843858)))
expr 1, 29 = 78.830689 / (1 + 11.382718 * exp(-0.12813 * (x + -73.349859)))
expr 1, 30 = 44.206991 / (1 + 29.983312 * exp(-0.194866 * (x + -93.316855)))
expr 1, 31 = 86.512721 / (1 + 10.727881 * exp(-0.128888 * (x + -81.160044)))
expr 1, 32 = 77.228037 / (1 + 47.584932 * exp(-0.124138 * (x + -59.353975)))
expr 1, 33 = 75.448264 / (1 + 62.958921 * exp(-0.173274 * (x + -15.274018)))
expr 1, 34 = 29.913832 / (1 + 97.699792 * exp(-0.195965 * (x + -87.49668)))
expr 1, 35 = 75.945244 / (1 + 64.903476 * exp(-0.105576 * (x + -47.35005)))
expr 1, 36 = 50.065216 / (1 + 95.676723 * exp(-0.161519 * (x + -8.684792)))
expr 1, 37 = 3.194619 / (1 + 60.940684 * exp(-0.192874 * (x + -45.38477)))
expr 1, 38 = 30.433908 / (1 + 50.989174 * exp(-0.106283 * (x + -46.807225)))
expr 1, 39 = 80.426581 / (1 + 73.004713 * exp(-0.163362 * (x + -7.180976)))
expr 1, 40 = 75.518925 / (1 + 33.366319 * exp(-0.183685 * (x + -17.179754)))
expr 1, 41 = 10.420224 / (1 + 62.727187 * exp(-0.151336 * (x + -35.069791)))
expr 1, 42 = 68.852523 / (1 + 39.140652 * exp(-0.112817 * (x + -25.080422)))
expr 1, 43 = 57.433803 / (1 + 74.122387 * exp(-0.174139 * (x + -30.214002)))
expr 1, 44 = 13.856533 / (1 + 77.598858 * exp(-0.1368 * (x + -76.100892)))
expr 1, 45 = 97.494862 / (1 + 65.588842 * exp(-0.155692 * (x + -46.40366)))
expr 1, 46 = 82.12477 / (1 + 83.255999 * exp(-0.155205 * (x + -60.865998)))
expr 1, 47 = 55.335013 / (1 + 72.587047 * exp(-0.162098 * (x + -0.815198)))
expr 1, 48 = 93.016381 / (1 + 89.066578 * exp(-0.106841 * (x + -70.438497)))
expr 1, 49 = 76.870155 / (1 + 58.908038 * exp(-0.14109 * (x + -42.444379)))
expr 1, 50 = 69.769053 / (1 + 62.419422 * exp(-0.115803 * (x + -94.487278)))
expr 1, 51 = 67.315182 / (1 + 82.027275 * exp(-0.193232 * (x + -37.204544)))
expr 1, 52 = 25.563969 / (1 + 8.058167 * exp(-0.131178 * (x + -82.325072)))
expr 1, 53 = 21.816902 / (1 + 75.758718 * exp(-0.114314 * (x + -17.587594)))
expr 1, 54 = 50.595148 / (1 + 22.467513 * exp(-0.16715 * (x + -54.978449)))
expr 1, 55 = 79.900118 / (1 + 41.90236 * exp(-0.17221 * (x + -34.931158)))
expr 1, 56 = 79.211382 / (1 + 73.577688 * exp(-0.197899 * (x + -7.604721)))
expr 1, 57 = 48.074559 / (1 + 2.996403 * exp(-0.103796 * (x + -80.335865)))
expr 1, 58 = 52.847143 / (1 + 4.360886 * exp(-0.188693 * (x + -53.539165)))
expr 1, 59 = 73.080472 / (1 + 4.303152 * exp(-0.145545 * (x + -25.559313)))
expr 1, 60 = 11.165515 / (1 + 99.645424 * exp(-0.183124 * (x + -10.344711)))
expr 1, 61 = 20.442809 / (1 + 38.204058 * exp(-0.12329 * (x + -42.731321)))
expr 1, 62 = 27.707121 / (1 + 43.138322 * exp(-0.128788 * (x + -22.76423)))
expr 1, 63 = 80.327366 / (1 + 5.601088 * exp(-0.181362 * (x + -20.17134)))
expr 1, 64 = 77.002788 / (1 + 9.934508 * exp(-0.114722 * (x + -20.033557)))
expr 1, 65 = 76.094004 / (1 + 74.330992 * exp(-0.11698 * (x + -14.076576)))
expr 1, 66 = 37.033845 / (1 + 77.376337 * exp(-0.149308 * (x + -93.051953)))
expr 1, 67 = 58.29926 / (1 + 4.395945 * exp(-0.110226 * (x + -67.259988)))
expr 1, 68 = 99.485277 / (1 + 61.625653 * exp(-0.107663 * (x + -86.550118)))
expr 1, 69 = 29.309062 / (1 + 9.165226 * exp(-0.156774 * (x + -20.081548)))
expr 1, 70 = 56.227682 / (1 + 55.5037 * exp(-0.12267 * (x + -55.03575)))
expr 1, 71 = 2.057031 / (1 + 72.120001 * exp(-0.118628 * (x + -59.277916)))
expr 1, 72 = 21.553223 / (1 + 16.537494 * exp(-0.152534 * (x + -77.846801)))
expr 1, 73 = 63.256187 / (1 + 23.513841 * exp(-0.130236 * (x + -81.893869)))
expr 1, 74 = 82.894967 / (1 + 38.143091 * exp(-0.108374 * (x + -2.586235)))
expr 1, 75 = 30.529111 / (1 + 41.566747 * exp(-0.114607 * (x + -68.068463)))
expr 1, 76 = 2.712732 / (1 + 82.430859 * exp(-0.108572 * (x + -62.080769)))
expr 1, 77 = 89.880938 / (1 + 92.112532 * exp(-0.154527 * (x + -35.955799)))
expr 1, 78 = 44.359425 / (1 + 57.588003 * exp(-0.100796 * (x + -12.529907)))
expr 1, 79 = 95.567052 / (1 + 49.413428 * exp(-0.156418 * (x + -52.965598)))
expr 1, 80 = 51.066508 / (1 + 34.940503 * exp(-0.138764 * (x + -91.900602)))
expr 1, 81 = 53.892652 / (1 + 28.538323 * exp(-0.160376 * (x + -0.981124)))
expr 1, 82 = 16.53808 / (1 + 5.52289 * exp(-0.174923 * (x + -92.239498)))
expr 1, 83 = 5.39036 / (1 + 2.786226 * exp(-0.128563 * (x + -6.529285)))
expr 1, 84 = 64.584171 / (1 + 77.319629 * exp(-0.159162 * (x + -52.877287)))
expr 1, 85 = 93.969384 / (1 + 6.173235 * exp(-0.1138 * (x + -23.325942)))
expr 1, 86 = 24.36809 / (1 + 91.828557 * exp(-0.190259 * (x + -78.826677)))
expr 1, 87 = 70.730026 / (1 + 94.519921 * exp(-0.114655 * (x + -96.191646)))
expr 1, 88 = 59.449719 / (1 + 18.343124 * exp(-0.160056 * (x + -54.156718)))
expr 1, 89 = 51.333514 / (1 + 79.140382 * exp(-0.177647 * (x + -43.313368)))
expr 1, 90 = 68.729384 / (1 + 57.942302 * exp(-0.122222 * (x + -69.862169)))
expr 1, 91 = 21.230719 / (1 + 87.295973 * exp(-0.106677 * (x + -4.836164)))
expr 1, 92 = 9.998059 / (1 + 31.255724 * exp(-0.154177 * (x + -70.863099)))
expr 1, 93 = 15.446136 / (1 + 43.734923 * exp(-0.107387 * (x + -82.207809)))
expr 1, 94 = 74.547041 / (1 + 70.347688 * exp(-0.188407 * (x + -0.216938)))
expr 1, 95 = 17.886197 / (1 + 76.765272 * exp(-0.173704 * (x + -59.671412)))
expr 1, 96 = 8.764293 / (1 + 13.471364 * exp(-0.152569 * (x + -96.766813)))
expr 1, 97 = 37.973511 / (1 + 77.494634 * exp(-0.121525 * (x + -32.872349)))
expr 1, 98 = 47.988513 / (1 + 88.535481 * exp(-0.125897 * (x + -20.147771)))
expr 1, 99 = 92.964353 / (1 + 11.483634 * exp(-0.150317 * (x + -43.986505)))
expr 1, 100 = 72.855827 / (1 + 21.887081 * exp(-0.173057 * (x + -16.141657)))
(-1.0 * 34.185145) / (1 + 96.707926 * exp(-0.178869 * (x + -99.307675)))
(-1.0 * 47.127276) / (1 + 99.912536 * exp(-0.152834 * (x + -87.019227)))
(-1.0 * 34.530827) / (1 + 6.20364 * exp(-0.152425 * (x + -77.915427)))
(-1.0 * 13.545) / (1 + 67.063474 * exp(-0.189416 * (x + -59.1168)))
(-1.0 * 7.159195) / (1 + 4.842528 * exp(-0.184057 * (x + -75.212299)))
(-1.0 * 14.849981) / (1 + 57.176879 * exp(-0.183555 * (x + -77.246594)))
(-1.0 * 77.462421) / (1 + 43.905446 * exp(-0.167043 * (x + -97.60298)))
(-1.0 * 37.51266) / (1 + 81.945865 * exp(-0.131638 * (x + -35.527605)))
(-1.0 * 58.302717) / (1 + 21.665643 * exp(-0.136571 * (x + -54.232448)))
(-1.0 * 69.265768) / (1 + 16.632003 * exp(-0.132769 * (x + -93.820482)))
(-1.0 * 85.506434) / (1 + 19.224048 * exp(-0.155268 * (x + -69.726911)))
(-1.0 * 13.569159) / (1 + 74.04259 * exp(-0.149914 * (x + -83.769838)))
(-1.0 * 39.603365) / (1 + 72.05975 * exp(-0.112568 * (x + -51.377005)))
(-1.0 * 29.520605) / (1 + 67.133578 * exp(-0.165397 * (x + -83.980115)))
(-1.0 * 18.988371) / (1 + 47.233138 * exp(-0.181322 * (x + -92.002893)))
(-1.0 * 53.011298) / (1 + 6.105071 * exp(-0.191734 * (x + -82.125766)))
(-1.0 * 49.932378) / (1 + 74.594613 * exp(-0.157669 * (x + -19.75341)))
(-1.0 * 34.845819) / (1 + 63.972925 * exp(-0.160803 * (x + -63.471706)))
(-1.0 * 4.687251) / (1 + 88.330145 * exp(-0.144481 * (x + -11.068899)))
(-1.0 * 6.725075) / (1 + 48.604057 * exp(-0.180921 * (x + -15.274058)))
(-1.0 * 43.933638) / (1 + 19.02021 * exp(-0.118817 * (x + -64.184354)))
(-1.0 * 7.28998) / (1 + 99.501172 * exp(-0.124636 * (x + -73.459467)))
(-1.0 * 13.621497) / (1 + 90.086543 * exp(-0.162825 * (x + -82.767231)))
(-1.0 * 79.704996) / (1 + 65.366608 * exp(-0.116972 * (x + -63.8508)))
(-1.0 * 13.029594) / (1 + 90.970897 * exp(-0.115974 * (x + -72.791961)))
(-1.0 * 69.017554) / (1 + 28.611303 * exp(-0.183578 * (x + -41.391309)))
(-1.0 * 99.469066) / (1 + 67.618299 * exp(-0.149651 * (x + -88.65641)))
(-1.0 * 86.253674) / (1 + 61.299232 * exp(-0.143689 * (x + -16.843858)))
(-1.0 * 78.830689) / (1 + 11.382718 * exp(-0.12813 * (x + -73.349859)))
(-1.0 * 44.206991) / (1 + 29.983312 * exp(-0.194866 * (x + -93.316855)))
(-1.0 * 86.512721) / (1 + 10.727881 * exp(-0.128888 * (x + -81.160044)))
(-1.0 * 77.228037) / (1 + 47.584932 * exp(-0.124138 * (x + -59.353975)))
(-1.0 * 75.448264) / (1 + 62.958921 * exp(-0.173274 * (x + -15.274018)))
(-1.0 * 29.913832) / (1 + 97.699792 * exp(-0.195965 * (x + -87.49668)))
(-1.0 * 75.945244) / (1 + 64.903476 * exp(-0.105576 * (x + -47.35005)))
(-1.0 * 50.065216) / (1 + 95.676723 * exp(-0.161519 * (x + -8.684792)))
(-1.0 * 3.194619) / (1 + 60.940684 * exp(-0.192874 * (x + -45.38477)))
(-1.0 * 30.433908) / (1 + 50.989174 * exp(-0.106283 * (x + -46.807225)))
(-1.0 * 80.426581) / (1 + 73.004713 * exp(-0.163362 * (x + -7.180976)))
(-1.0 * 75.518925) / (1 + 33.366319 * exp(-0.183685 * (x + -17.179754)))
(-1.0 * 10.420224) / (1 + 62.727187 * exp(-0.151336 * (x + -35.069791)))
(-1.0 * 68.852523) / (1 + 39.140652 * exp(-0.112817 * (x + -25.080422)))
(-1.0 * 57.433803) / (1 + 74.122387 * exp(-0.174139 * (x + -30.214002)))
(-1.0 * 13.856533) / (1 + 77.598858 * exp(-0.1368 * (x + -76.100892)))
(-1.0 * 97.494862) / (1 + 65.588842 * exp(-0.155692 * (x + -46.40366)))
(-1.0 * 82.12477) / (1 + 83.255999 * exp(-0.155205 * (x + -60.865998)))
(-1.0 * 55.335013) / (1 + 72.587047 * exp(-0.162098 * (x + -0.815198)))
(-1.0 * 93.016381) / (1 + 89.066578 * exp(-0.106841 * (x + -70.438497)))
(-1.0 * 76.870155) / (1 + 58.908038 * exp(-0.14109 * (x + -42.444379)))
(-1.0 * 69.769053) / (1 + 62.419422 * exp(-0.115803 * (x + -94.487278)))
(-1.0 * 67.315182) / (1 + 82.027275 * exp(-0.193232 * (x + -37.204544)))
(-1.0 * 25.563969) / (1 + 8.058167 * exp(-0.131178 * (x + -82.325072)))
(-1.0 * 21.816902) / (1 + 75.758718 * exp(-0.114314 * (x + -17.587594)))
(-1.0 * 50.595148) / (1 + 22.467513 * exp(-0.16715 * (x + -54.978449)))
(-1.0 * 79.900118) / (1 + 41.90236 * exp(-0.17221 * (x + -34.931158)))
(-1.0 * 79.211382) / (1 + 73.577688 * exp(-0.197899 * (x + -7.604721)))
(-1.0 * 48.074559) / (1 + 2.996403 * exp(-0.103796 * (x + -80.335865)))
(-1.0 * 52.847143) / (1 + 4.360886 * exp(-0.188693 * (x + -53.539165)))
(-1.0 * 73.080472) / (1 + 4.303152 * exp(-0.145545 * (x + -25.559313)))
(-1.0 * 11.165515) / (1 + 99.645424 * exp(-0.183124 * (x + -10.344711)))
(-1.0 * 20.442809) / (1 + 38.204058 * exp(-0.12329 * (x + -42.731321)))
(-1.0 * 27.707121) / (1 + 43.138322 * exp(-0.128788 * (x + -22.76423)))
(-1.0 * 80.327366) / (1 + 5.601088 * exp(-0.181362 * (x + -20.17134)))
(-1.0 * 77.002788) / (1 + 9.934508 * exp(-0.114722 * (x + -20.033557)))
(-1.0 * 76.094004) / (1 + 74.330992 * exp(-0.11698 * (x + -14.076576)))
(-1.0 * 37.033845) / (1 + 77.376337 * exp(-0.149308 * (x + -93.051953)))
(-1.0 * 58.29926) / (1 + 4.395945 * exp(-0.110226 * (x + -67.259988)))
(-1.0 * 99.485277) / (1 + 61.625653 * exp(-0.107663 * (x + -86.550118)))
(-1.0 * 29.309062) / (1 + 9.165226 * exp(-0.156774 * (x + -20.081548)))
(-1.0 * 56.227682) / (1 + 55.5037 * exp(-0.12267 * (x + -55.03575)))
(-1.0 * 2.057031) / (1 + 72.120001 * exp(-0.118628 * (x + -59.277916)))
(-1.0 * 21.553223) / (1 + 16.537494 * exp(-0.152534 * (x + -77.846801)))
(-1.0 * 63.256187) / (1 + 23.513841 * exp(-0.130236 * (x + -81.893869)))
(-1.0 * 82.894967) / (1 + 38.143091 * exp(-0.108374 * (x + -2.586235)))
(-1.0 * 30.529111) / (1 + 41.566747 * exp(-0.114607 * (x + -68.068463)))
(-1.0 * 2.712732) / (1 + 82.430859 * exp(-0.108572 * (x + -62.080769)))
(-1.0 * 89.880938) / (1 + 92.112532 * exp(-0.154527 * (x + -35.955799)))
(-1.0 * 44.359425) / (1 + 57.588003 * exp(-0.100796 * (x + -12.529907)))
(-1.0 * 95.567052) / (1 + 49.413428 * exp(-0.156418 * (x + -52.965598)))
(-1.0 * 51.066508) / (1 + 34.940503 * exp(-0.138764 * (x + -91.900602)))
(-1.0 * 53.892652) / (1 + 28.538323 * exp(-0.160376 * (x + -0.981124)))
(-1.0 * 16.53808) / (1 + 5.52289 * exp(-0.174923 * (x + -92.239498)))
(-1.0 * 5.39036) / (1 + 2.786226 * exp(-0.128563 * (x + -6.529285)))
(-1.0 * 64.584171) / (1 + 77.319629 * exp(-0.159162 * (x + -52.877287)))
(-1.0 * 93.969384) / (1 + 6.173235 * exp(-0.1138 * (x + -23.325942)))
(-1.0 * 24.36809) / (1 + 91.828557 * exp(-0.190259 * (x + -78.826677)))
(-1.0 * 70.730026) / (1 + 94.519921 * exp(-0.114655 * (x + -96.191646)))
(-1.0 * 59.449719) / (1 + 18.343124 * exp(-0.160056 * (x + -54.156718)))
(-1.0 * 51.333514) / (1 + 79.140382 * exp(-0.177647 * (x + -43.313368)))
(-1.0 * 68.729384) / (1 + 57.942302 * exp(-0.122222 * (x + -69.862169)))
(-1.0 * 21.230719) / (1 + 87.295973 * exp(-0.106677 * (x + -4.836164)))
(-1.0 * 9.998059) / (1 + 31.255724 * exp(-0.154177 * (x + -70.863099)))
(-1.0 * 15.446136) / (1 + 43.734923 * exp(-0.107387 * (x + -82.207809)))
(-1.0 * 74.547041) / (1 + 70.347688 * exp(-0.188407 * (x + -0.216938)))
(-1.0 * 17.886197) / (1 + 76.765272 * exp(-0.173704 * (x + -59.671412)))
(-1.0 * 8.764293) / (1 + 13.471364 * exp(-0.152569 * (x + -96.766813)))
(-1.0 * 37.973511) / (1 + 77.494634 * exp(-0.121525 * (x + -32.872349)))
(-1.0 * 47.988513) / (1 + 88.535481 * exp(-0.125897 * (x + -20.147771)))
(-1.0 * 92.964353) / (1 + 11.483634 * exp(-0.150317 * (x + -43.986505)))
(-1.0 * 72.855827) / (1 + 21.887081 * exp(-0.173057 * (x + -16.141657)))
Iteration 1	LB = -1.0e20	UB = 1.0e20	CPU = 31.396895909, #pieces = 1200
Iteration 2	LB = -3587.913978746016	UB = -3306.8411731353026	CPU = 209.222654672, #pieces = 1260
Iteration 3	LB = -3550.218960018218	UB = -3306.8411731353026	CPU = 213.44187474600002, #pieces = 1282
Iteration 4	LB = -3488.37143969494	UB = -3421.101993595509	CPU = 232.47061981800002, #pieces = 1316
Iteration 5	LB = -3475.4259162077337	UB = -3431.5151816835664	CPU = 232.577686867, #pieces = 1335
Iteration 6	LB = -3465.6187410561906	UB = -3442.102146318593	CPU = 233.722206171, #pieces = 1389
Iteration 7	LB = -3456.699729382627	UB = -3445.4616793613027	CPU = 233.87646487, #pieces = 1417
Iteration 8	LB = -3452.8534511121334	UB = -3446.7712729858217	CPU = 234.104929497, #pieces = 1447
Iteration 9	LB = -3450.533048325766	UB = -3446.7712729858217	CPU = 235.0170367, #pieces = 1474
Iteration 10	LB = -3449.362265454438	UB = -3446.9642355813307	CPU = 235.25450496300002, #pieces = 1508
Iteration 11	LB = -3448.7292874406844	UB = -3447.5480953693564	CPU = 235.51541845600002, #pieces = 1554
Iteration 12	LB = -3448.327059706367	UB = -3447.7526064395524	CPU = 235.80626265400002, #pieces = 1600
Iteration 13	LB = -3448.126499298125	UB = -3447.803849246843	CPU = 236.01557525200002, #pieces = 1633
Iteration 14	LB = -3448.0373324021366	UB = -3447.804911647529	CPU = 236.192153859, #pieces = 1659
Iteration 15	LB = -3447.9977812137818	UB = -3447.861085024722	CPU = 238.855140174, #pieces = 1717
Iteration 16	LB = -3447.9605329292026	UB = -3447.8782837435865	CPU = 239.06532145600002, #pieces = 1740
Iteration 17	LB = -3447.946318987505	UB = -3447.8988240187723	CPU = 240.070235781, #pieces = 1768
Iteration 18	LB = -3447.9354127000015	UB = -3447.8988240187723	CPU = 240.29668888400002, #pieces = 1796
Iteration 19	LB = -3447.926533998309	UB = -3447.907602685275	CPU = 260.93330984700003, #pieces = 1824
Iteration 20	LB = -3447.920682487231	UB = -3447.907602685275	CPU = 261.11740697100004, #pieces = 1831
Iteration 21	LB = -3447.919013653205	UB = -3447.907602685275	CPU = 261.303260513, #pieces = 1843
Iteration 22	LB = -3447.916854048034	UB = -3447.907602685275	CPU = 263.537774685, #pieces = 1892
Iteration 23	LB = -3447.915214290599	UB = -3447.907602685275	CPU = 263.703635427, #pieces = 1897
Iteration 24	LB = -3447.914579248563	UB = -3447.907602685275	CPU = 263.879950511, #pieces = 1899
Iteration 25	LB = -3447.9145628386163	UB = -3447.908723812563	CPU = 277.388018233, #pieces = 1924
WRITING LOG...
(-3587.913978746016, -3306.8411731353026, 0.0, 0.0, 8.499737087288675, 8.499737087288675, 1200, 1, 0.22411671800000002, 31.63620423)
(-3550.218960018218, -3306.8411731353026, 0.0, 0.0, 7.359826920630795, 7.359826920630795, 1260, 2, 0.27656489900000003, 209.275431048)
(-3488.37143969494, -3421.101993595509, 0.0, 0.0, 1.9663092835397147, 1.9663092835397147, 1282, 3, 0.31826294200000005, 213.483903493)
(-3475.4259162077337, -3431.5151816835664, 0.0, 0.0, 1.279631072552151, 1.279631072552151, 1316, 4, 0.35998033100000004, 232.51261556400001)
(-3465.6187410561906, -3442.102146318593, 0.0, 0.0, 0.6832044412961185, 0.6832044412961185, 1335, 5, 0.437851193, 232.655850436)
(-3456.699729382627, -3445.4616793613027, 0.0, 0.0, 0.32616964189854625, 0.32616964189854625, 1389, 6, 0.49309106300000005, 233.777702362)
(-3452.8534511121334, -3446.7712729858217, 0.0, 0.0, 0.1764601606721313, 0.1764601606721313, 1417, 7, 0.5725320730000001, 233.95621762000002)
(-3450.533048325766, -3446.7712729858217, 0.0, 0.0, 0.1177122652578791, 0.10913910561536486, 1447, 8, 0.6505227130000001, 234.18315146900002)
(-3449.362265454438, -3446.9642355813307, 0.0, 0.0, 0.06956932852257187, 0.06956932852257187, 1474, 9, 0.7263419750000001, 235.09310652200003)
(-3448.7292874406844, -3447.5480953693564, 0.0, 0.0, 0.03426180110190728, 0.03426180110190728, 1508, 10, 0.7864340320000001, 235.31483791600002)
(-3448.327059706367, -3447.7526064395524, 0.0, 0.0, 0.016661673048745048, 0.016661673048745048, 1554, 11, 0.8788087720000001, 235.608039765)
(-3448.126499298125, -3447.803849246843, 0.0, 0.0, 0.009358132463144824, 0.009358132463144824, 1600, 12, 0.972897243, 235.90063562300003)
(-3448.0373324021366, -3447.804911647529, 0.0, 0.0, 0.006741122556627257, 0.006741122556627257, 1633, 13, 1.066441505, 236.10940082500002)
(-3447.9977812137818, -3447.861085024722, 0.0, 0.0, 0.003964666373990406, 0.003964666373990406, 1659, 14, 1.162509896, 236.288517119)
(-3447.9605329292026, -3447.8782837435865, 0.0, 0.0, 0.0023855014257286654, 0.0023855014257286654, 1717, 15, 1.262968978, 238.955885612)
(-3447.946318987505, -3447.8988240187723, 0.0, 0.0, 0.0013775047110395342, 0.0013775047110395342, 1740, 16, 1.380751974, 239.18337247000002)
(-3447.9354127000015, -3447.8988240187723, 0.0, 0.0, 0.0010833394713876102, 0.0010611877870174262, 1768, 17, 1.485950815, 240.17572901600002)
(-3447.926533998309, -3447.907602685275, 0.0, 0.0, 0.0005490667156887038, 0.0005490667156887038, 1796, 18, 1.60180508, 240.41285085)
(-3447.920682487231, -3447.907602685275, 0.0, 0.0, 0.0005919366497966379, 0.00037935476999719224, 1824, 19, 1.752756498, 261.08454271700003)
(-3447.919013653205, -3447.907602685275, 0.0, 0.0, 0.00037318714481580825, 0.0003309534142206443, 1831, 20, 1.86843544, 261.23339263)
(-3447.916854048034, -3447.907602685275, 0.0, 0.0, 0.0002856564478782205, 0.0002683181751153062, 1843, 21, 2.0255376480000002, 261.460675278)
(-3447.915214290599, -3447.907602685275, 0.0, 0.0, 0.0002492657150365891, 0.00022076013052879775, 1892, 22, 2.163581879, 263.676107436)
(-3447.914579248563, -3447.907602685275, 0.0, 0.0, 0.0002768967782594085, 0.0002023419445028585, 1897, 23, 2.324551929, 263.864897944)
(-3447.9145628386163, -3447.908723812563, 0.0, 0.0, 0.00016934978623367396, 0.00016934978623367396, 1899, 24, 2.473800324, 264.029467069)
(-3447.913356055261, -3447.9099334888306, 0.0, 0.0, 9.92649604069472e-5, 9.92649604069472e-5, 1924, 25, 2.597944559, 277.512495289)
