solving instance mcnd arcs c59 3 6 log
Set parameter TokenServer to value "licences.gerad.lan"
Set parameter MIPGap to value 1e-06
Set parameter FuncPieceError to value 1e-06
Set parameter Threads to value 1
Set parameter FuncPieces to value -2
Set parameter TimeLimit to value 3600
Gurobi Optimizer version 12.0.2 build v12.0.2rc0 (linux64 - "AlmaLinux 9.6 (Sage Margay)")

CPU model: Intel(R) Xeon(R) Gold 6258R CPU @ 2.70GHz, instruction set [SSE2|AVX|AVX2|AVX512]
Thread count: 56 physical cores, 56 logical processors, using up to 1 threads

Non-default parameters:
TimeLimit  3600
MIPGap  1e-06
Threads  1
FuncPieces  -2
FuncPieceError  1e-06

Optimize a model with 75195 rows, 72195 columns and 486486 nonzeros
Model fingerprint: 0xb40fa53d
Model has 687 function constraints treated as nonlinear
  687 LOG
Variable types: 71478 continuous, 717 integer (717 binary)
Coefficient statistics:
  Matrix range     [8e-02, 2e+03]
  Objective range  [1e+00, 3e+02]
  Bounds range     [2e+01, 1e+10]
  RHS range        [1e+00, 7e+01]
Warning: Model contains large bounds
         Consider reformulating model or setting NumericFocus parameter
         to avoid numerical issues.
Warning: x < 1e-10 in domain of log(x).
         Setting lower bound to 1e-10.
Presolve removed 3144 rows and 1434 columns
Presolve time: 2.34s
Presolved: 75486 rows, 70762 columns, 487038 nonzeros
Presolved model has 687 nonlinear constraint(s)

Solving non-convex MINLP

Variable types: 70075 continuous, 687 integer (687 binary)

Root simplex log...

Iteration    Objective       Primal Inf.    Dual Inf.      Time
   13029    2.2861299e+03   2.308007e+04   0.000000e+00      5s
   24028    2.6241178e+03   8.339779e+04   0.000000e+00     10s
   28370    2.7134715e+03   5.330348e+05   0.000000e+00     15s
   29620    2.7134723e+03   4.426876e+05   0.000000e+00     20s
   31044    2.7144687e+03   3.676201e+05   0.000000e+00     25s
   32172    2.7156487e+03   1.918509e+05   0.000000e+00     30s
   33132    2.7156492e+03   2.850453e+05   0.000000e+00     36s
   33872    2.7156497e+03   2.842091e+05   0.000000e+00     40s
   35062    2.7156525e+03   1.922243e+06   0.000000e+00     45s
   36536    2.7182309e+03   2.381060e+05   0.000000e+00     50s
   37946    2.7182335e+03   2.130263e+05   0.000000e+00     55s
   39216    2.7182351e+03   4.569857e+05   0.000000e+00     60s
   40546    2.7182371e+03   1.156410e+06   0.000000e+00     65s
   41576    2.7182385e+03   2.028505e+05   0.000000e+00     70s
   42926    2.7182409e+03   4.611372e+05   0.000000e+00     75s
   44136    2.7182439e+03   2.216943e+05   0.000000e+00     80s
   45606    2.7182462e+03   5.759452e+05   0.000000e+00     85s
   46906    2.7182486e+03   1.788152e+05   0.000000e+00     90s
   48136    2.7182511e+03   6.959491e+05   0.000000e+00     95s
   49266    2.7182534e+03   5.122830e+05   0.000000e+00    100s
   50346    2.7182555e+03   1.530709e+06   0.000000e+00    106s
   51466    2.7182587e+03   8.805819e+05   0.000000e+00    110s
   52686    2.7182635e+03   3.625106e+05   0.000000e+00    115s
   54076    2.7182691e+03   3.485433e+06   0.000000e+00    120s
   55436    2.7182759e+03   4.218289e+05   0.000000e+00    125s
   56746    2.7182825e+03   5.828548e+05   0.000000e+00    130s
   57896    2.7182879e+03   7.095826e+05   0.000000e+00    135s
   58836    2.7182932e+03   1.042885e+06   0.000000e+00    141s
   60360    2.7183076e+03   3.336223e+05   0.000000e+00    145s
   61720    2.7183203e+03   6.897965e+05   0.000000e+00    150s
   63110    2.7183390e+03   7.889132e+05   0.000000e+00    155s
   64420    2.7183650e+03   1.110624e+06   0.000000e+00    160s
   65860    2.7184115e+03   1.356323e+06   0.000000e+00    165s
   67530    2.7184936e+03   4.210057e+06   0.000000e+00    170s
   68940    2.7186571e+03   1.981638e+07   0.000000e+00    175s
   70638    2.7345065e+03   2.026342e+07   0.000000e+00    180s
Warning: Markowitz tolerance tightened to 0.03125
   73088    2.7527277e+03   5.540950e+07   0.000000e+00    185s
   74698    2.7638782e+03   8.613341e+05   0.000000e+00    190s
   76142    2.7675025e+03   1.168500e+06   0.000000e+00    195s
   77716    2.7711562e+03   5.067303e+06   0.000000e+00    201s
   78846    2.7711870e+03   5.142294e+06   0.000000e+00    205s
   80552    2.7794721e+03   2.544072e+06   0.000000e+00    210s
   81802    2.7798009e+03   9.711598e+05   0.000000e+00    215s
   83042    2.7813698e+03   2.374043e+06   0.000000e+00    220s
   84416    2.7815043e+03   3.475665e+06   0.000000e+00    225s
   85496    2.7816380e+03   7.585239e+06   0.000000e+00    230s
   86696    2.7819720e+03   9.488695e+06   0.000000e+00    235s
   87796    2.7825471e+03   9.128883e+06   0.000000e+00    240s
   88896    2.7843158e+03   3.887314e+07   0.000000e+00    245s
   90090    2.7892910e+03   1.330485e+08   0.000000e+00    250s
   91294    2.7930616e+03   5.063941e+06   0.000000e+00    255s
   92224    2.7948776e+03   4.184643e+06   0.000000e+00    260s
   93294    2.7964055e+03   2.231864e+06   0.000000e+00    265s
   94508    4.1624179e+03   2.971224e+06   0.000000e+00    270s
   95568    4.1669432e+03   5.880834e+05   0.000000e+00    275s
   96528    4.1686236e+03   3.338018e+06   0.000000e+00    280s
   97750    4.1952998e+03   1.885190e+08   0.000000e+00    285s
   99328    4.2225594e+03   5.116641e+07   0.000000e+00    290s
  100398    4.2243461e+03   2.691633e+06   0.000000e+00    295s
  101418    4.2258598e+03   1.604462e+06   0.000000e+00    300s
  102528    4.2279471e+03   6.656860e+06   0.000000e+00    305s
  103518    4.2304317e+03   1.393445e+06   0.000000e+00    310s
  104558    4.2354236e+03   6.063186e+06   0.000000e+00    315s
  105578    4.2384485e+03   2.136330e+07   0.000000e+00    320s
  106642    4.2421475e+03   1.177313e+06   0.000000e+00    325s
  107706    4.2447015e+03   1.939730e+06   0.000000e+00    330s
  108566    4.2472549e+03   5.153359e+05   0.000000e+00    335s
  109616    4.2503905e+03   2.625199e+06   0.000000e+00    341s
  110526    4.2535894e+03   1.866668e+06   0.000000e+00    345s
  111426    4.2576730e+03   2.175347e+06   0.000000e+00    350s
  112466    4.2617751e+03   2.135355e+06   0.000000e+00    356s
  113416    4.2668494e+03   1.005207e+06   0.000000e+00    361s
  114256    4.2750361e+03   1.511048e+06   0.000000e+00    365s
  115216    4.2792239e+03   1.831352e+06   0.000000e+00    370s
  116314    4.2930184e+03   4.355782e+07   0.000000e+00    375s
  117364    4.2996867e+03   2.318170e+07   0.000000e+00    380s
  118544    4.9313912e+03   1.999455e+06   0.000000e+00    386s
  119474    5.3409844e+03   8.984007e+05   0.000000e+00    390s
  120638    5.3559492e+03   1.189131e+06   0.000000e+00    395s
  121638    5.8117548e+03   9.953547e+05   0.000000e+00    400s
  122618    5.8198167e+03   7.427961e+05   0.000000e+00    405s
  123668    5.8250532e+03   2.455528e+06   0.000000e+00    411s
  124608    5.8298038e+03   5.241371e+07   0.000000e+00    416s
  125538    5.8366055e+03   6.931498e+05   0.000000e+00    420s
  126558    5.8436812e+03   2.699597e+06   0.000000e+00    425s
  127588    6.1310887e+03   2.704539e+06   0.000000e+00    431s
  128498    6.2848487e+03   4.511930e+06   0.000000e+00    435s
  129558    6.4484456e+03   6.839752e+06   0.000000e+00    441s
  130518    6.4557819e+03   3.080715e+05   0.000000e+00    446s
  131422    6.7197309e+03   1.412299e+06   0.000000e+00    450s
  132282    6.7264437e+03   6.420437e+06   0.000000e+00    455s
  133062    6.7356007e+03   7.999281e+05   0.000000e+00    460s
  133992    6.7436577e+03   8.314036e+06   0.000000e+00    466s
  134712    7.0554958e+03   4.190522e+06   0.000000e+00    470s
  135542    7.2496400e+03   1.259806e+07   0.000000e+00    475s
  136366    7.2647329e+03   6.868863e+05   0.000000e+00    480s
  137086    7.5985191e+03   2.270255e+05   0.000000e+00    485s
  137766    8.1199007e+03   6.203932e+07   0.000000e+00    490s
  138466    8.2060386e+03   3.943354e+07   0.000000e+00    495s
  139276    8.2376986e+03   1.180030e+07   0.000000e+00    501s
  140010    8.3198236e+03   1.913496e+08   0.000000e+00    506s
  140730    8.3533156e+03   3.600578e+07   0.000000e+00    511s
  141420    8.3715105e+03   2.089756e+07   0.000000e+00    515s
Warning: Markowitz tolerance tightened to 0.125
  142200    9.4740766e+03   2.140822e+07   0.000000e+00    521s
  142904    1.0024456e+04   4.832729e+07   0.000000e+00    526s
  143644    1.0086396e+04   9.331399e+06   0.000000e+00    531s
  144388    1.0283629e+04   2.087548e+07   0.000000e+00    536s
  145028    1.0344624e+04   4.779067e+06   0.000000e+00    540s
  145876    1.0410757e+04   5.107284e+06   0.000000e+00    546s
  146580    1.0420443e+04   7.685623e+07   0.000000e+00    550s
  147434    1.0430167e+04   1.030073e+06   0.000000e+00    556s
  148158    1.0440187e+04   5.018767e+07   0.000000e+00    561s
  148838    1.0447873e+04   1.177491e+06   0.000000e+00    566s
  149578    1.0456355e+04   2.262953e+07   0.000000e+00    571s
  150338    1.0462551e+04   7.174881e+05   0.000000e+00    576s
  150938    1.0466679e+04   1.016344e+07   0.000000e+00    580s
  151748    1.0474194e+04   2.598264e+06   0.000000e+00    586s
  152438    1.0478369e+04   1.265775e+06   0.000000e+00    590s
  153162    1.0498744e+04   2.105102e+07   0.000000e+00    595s
  153892    1.0503051e+04   3.787612e+06   0.000000e+00    600s
  154812    1.0513216e+04   9.049927e+05   0.000000e+00    606s
  155516    1.0517824e+04   7.196452e+06   0.000000e+00    611s
  156156    1.0536400e+04   1.745443e+06   0.000000e+00    615s
  156970    1.0873989e+04   2.591154e+07   0.000000e+00    620s
  157750    1.0880591e+04   2.430757e+06   0.000000e+00    625s
  158598    1.0890572e+04   5.644371e+06   0.000000e+00    630s
  159322    1.0898176e+04   3.862128e+06   0.000000e+00    635s
  160196    1.0906449e+04   3.429834e+06   0.000000e+00    641s
  160966    1.0912370e+04   3.363569e+06   0.000000e+00    645s
  161832    1.0920373e+04   1.806369e+07   0.000000e+00    651s
  162592    1.0949627e+04   3.916031e+06   0.000000e+00    655s
  163362    1.0957683e+04   1.639171e+06   0.000000e+00    660s
  164112    1.0963379e+04   5.719053e+05   0.000000e+00    665s
  164906    1.0967780e+04   9.643370e+05   0.000000e+00    670s
  165776    1.0981310e+04   3.703930e+05   0.000000e+00    676s
  166456    1.0985757e+04   2.444763e+06   0.000000e+00    680s
  167276    1.0992106e+04   3.540384e+06   0.000000e+00    686s
  167936    1.0997468e+04   8.053361e+05   0.000000e+00    690s
  168756    1.1006643e+04   1.104430e+07   0.000000e+00    696s
  169496    1.1032326e+04   2.403270e+06   0.000000e+00    701s
  170240    1.1042916e+04   1.485671e+07   0.000000e+00    706s
  170940    1.1047507e+04   7.470439e+06   0.000000e+00    711s
  171530    1.1052626e+04   1.174330e+06   0.000000e+00    715s
  172300    1.1057227e+04   3.361577e+06   0.000000e+00    720s
  173048    1.1062321e+04   8.455392e+05   0.000000e+00    726s
  173796    1.1066675e+04   3.323629e+05   0.000000e+00    731s
  174404    1.1069785e+04   1.580384e+06   0.000000e+00    736s
  175020    1.1073377e+04   5.153382e+06   0.000000e+00    740s
  175756    1.1078335e+04   6.285379e+05   0.000000e+00    746s
  176394    1.1082013e+04   2.027454e+06   0.000000e+00    750s
  177084    1.1085415e+04   6.996041e+05   0.000000e+00    755s
  177828    1.1089848e+04   5.493784e+05   0.000000e+00    760s
  178598    1.1095244e+04   5.445102e+05   0.000000e+00    765s
  179364    1.1194145e+04   4.415931e+05   0.000000e+00    770s
  180098    1.1198320e+04   4.459104e+06   0.000000e+00    776s
  180828    1.1202451e+04   2.258302e+06   0.000000e+00    781s
  181436    1.1207926e+04   6.158088e+06   0.000000e+00    785s
  182194    1.1212896e+04   1.085968e+07   0.000000e+00    790s
  183018    1.1218690e+04   3.879664e+06   0.000000e+00    796s
  183668    1.1222650e+04   3.171727e+06   0.000000e+00    801s
  184248    1.1225841e+04   4.229594e+06   0.000000e+00    805s
  184976    1.1230194e+04   1.260001e+06   0.000000e+00    811s
  185728    1.1234099e+04   1.995475e+05   0.000000e+00    816s
  186392    1.1237952e+04   2.472776e+06   0.000000e+00    821s
  187052    1.1241840e+04   2.711155e+06   0.000000e+00    826s
  187732    1.1246506e+04   1.122826e+06   0.000000e+00    831s
  188430    1.1250015e+04   2.250135e+06   0.000000e+00    835s
  189270    1.1255379e+04   1.209450e+06   0.000000e+00    841s
  189882    1.1259757e+04   1.173016e+07   0.000000e+00    845s
  190740    1.1265543e+04   1.349941e+07   0.000000e+00    851s
  191356    1.1268806e+04   1.062593e+06   0.000000e+00    855s
  192126    1.1273073e+04   5.517473e+05   0.000000e+00    860s
  192858    1.1277895e+04   1.160718e+06   0.000000e+00    865s
  193620    1.1282640e+04   6.831485e+05   0.000000e+00    871s
  194328    1.1286880e+04   2.609385e+05   0.000000e+00    875s
  195060    1.1292027e+04   3.281053e+07   0.000000e+00    880s
  195890    1.1297166e+04   1.038876e+07   0.000000e+00    886s
  196632    1.1301494e+04   3.898424e+05   0.000000e+00    891s
  197248    1.1305419e+04   1.356528e+06   0.000000e+00    895s
  198000    1.1311559e+04   5.171283e+06   0.000000e+00    900s
  198770    1.1317339e+04   4.393198e+06   0.000000e+00    905s
  199540    1.1322335e+04   1.834395e+06   0.000000e+00    911s
  200320    1.1326887e+04   1.347762e+05   0.000000e+00    916s
  201072    1.1332268e+04   4.904266e+06   0.000000e+00    921s
  201650    1.1335810e+04   6.709308e+05   0.000000e+00    925s
  202398    1.1340711e+04   1.077708e+06   0.000000e+00    930s
  203014    1.1344182e+04   2.199585e+06   0.000000e+00    935s
  203716    1.1349057e+04   1.364630e+05   0.000000e+00    940s
  204444    1.1354960e+04   1.127877e+06   0.000000e+00    946s
  205056    1.1359204e+04   1.965197e+05   0.000000e+00    950s
  205760    1.1364390e+04   2.891014e+06   0.000000e+00    956s
  206376    1.1367708e+04   1.675385e+06   0.000000e+00    961s
  206988    1.1371764e+04   2.730884e+06   0.000000e+00    965s
  207604    1.1376016e+04   4.638385e+05   0.000000e+00    970s
  208220    1.1380919e+04   1.545536e+07   0.000000e+00    975s
  208836    1.1385376e+04   4.948394e+05   0.000000e+00    980s
  209448    1.1390134e+04   1.946952e+06   0.000000e+00    985s
  210064    1.1395010e+04   6.308768e+05   0.000000e+00    990s
  210742    1.1400089e+04   1.002448e+06   0.000000e+00    996s
  211444    1.1406792e+04   1.647164e+05   0.000000e+00   1001s
  212060    1.1411814e+04   6.069323e+05   0.000000e+00   1006s
  212676    1.1419112e+04   3.229676e+06   0.000000e+00   1010s
  213292    1.1428639e+04   9.033068e+07   0.000000e+00   1015s
  214062    1.1448230e+04   3.342732e+06   0.000000e+00   1021s
  214660    1.1457954e+04   4.308905e+06   0.000000e+00   1026s
  215204    1.1464472e+04   4.849552e+06   0.000000e+00   1030s
  215806    1.1472466e+04   6.331218e+06   0.000000e+00   1035s
  216518    1.1483707e+04   2.820537e+05   0.000000e+00   1041s
  217130    1.1492992e+04   1.252209e+07   0.000000e+00   1046s
  217654    1.1501422e+04   1.007162e+07   0.000000e+00   1050s
  218346    1.1506879e+04   1.322188e+06   0.000000e+00   1056s
  218962    1.1513557e+04   2.282964e+05   0.000000e+00   1061s
  219578    1.1520008e+04   1.048187e+06   0.000000e+00   1066s
  220180    1.1528453e+04   1.719246e+07   0.000000e+00   1070s
  220782    1.1537021e+04   1.145481e+06   0.000000e+00   1075s
  221426    1.1561932e+04   2.806173e+06   0.000000e+00   1080s
  222182    1.1603773e+04   5.596942e+07   0.000000e+00   1086s
  222784    1.1640817e+04   2.811721e+06   0.000000e+00   1090s
  223482    1.1675560e+04   2.971776e+06   0.000000e+00   1095s
  224252    1.1706156e+04   3.259228e+06   0.000000e+00   1101s
  224868    1.1727291e+04   2.372937e+07   0.000000e+00   1105s
  225624    1.1750670e+04   9.587219e+06   0.000000e+00   1110s
  226346    1.1784345e+04   1.434499e+07   0.000000e+00   1116s
  227098    1.1806798e+04   4.824524e+07   0.000000e+00   1121s
  227854    1.1828266e+04   8.703507e+05   0.000000e+00   1126s
  228606    1.1849662e+04   3.967246e+06   0.000000e+00   1131s
  229204    1.1868666e+04   6.561468e+07   0.000000e+00   1135s
  229974    1.1890076e+04   2.953222e+06   0.000000e+00   1141s
  230576    1.1902862e+04   1.156970e+06   0.000000e+00   1145s
  231308    1.1916628e+04   4.479861e+06   0.000000e+00   1151s
  231910    1.1927167e+04   2.000932e+06   0.000000e+00   1155s
  232680    1.1936189e+04   7.451607e+06   0.000000e+00   1161s
  233292    1.1946112e+04   1.450097e+06   0.000000e+00   1165s
  234048    1.1960235e+04   5.790824e+06   0.000000e+00   1171s
  234712    1.1968183e+04   9.852632e+05   0.000000e+00   1176s
  235328    1.1974935e+04   2.815494e+06   0.000000e+00   1180s
  236098    1.1985805e+04   5.799669e+05   0.000000e+00   1186s
  236700    1.1997493e+04   2.938664e+06   0.000000e+00   1190s
  237456    1.2010430e+04   9.102460e+05   0.000000e+00   1196s
  238068    1.2019047e+04   3.359711e+06   0.000000e+00   1200s
  238838    1.2035100e+04   1.809387e+06   0.000000e+00   1206s
  239440    1.2046294e+04   4.615131e+06   0.000000e+00   1211s
  240032    1.2056012e+04   1.043272e+07   0.000000e+00   1215s
  240648    1.2066241e+04   6.462997e+06   0.000000e+00   1220s
  241240    1.2103189e+04   3.044373e+06   0.000000e+00   1225s
  241944    1.2112349e+04   2.841809e+06   0.000000e+00   1231s
  242542    1.2120590e+04   1.758515e+06   0.000000e+00   1235s
  243288    1.2129558e+04   1.024285e+06   0.000000e+00   1241s
  243904    1.2136954e+04   2.605305e+06   0.000000e+00   1246s
  244520    1.2142723e+04   1.846752e+06   0.000000e+00   1250s
  245262    1.2152027e+04   7.353545e+05   0.000000e+00   1256s
  245850    1.2162427e+04   1.129546e+06   0.000000e+00   1261s
  246466    1.2170629e+04   3.677253e+06   0.000000e+00   1266s
  247058    1.2178494e+04   2.678940e+06   0.000000e+00   1271s
  247592    1.2184000e+04   4.934100e+07   0.000000e+00   1275s
  248208    1.2193134e+04   3.006176e+06   0.000000e+00   1280s
  248954    1.2202569e+04   3.482361e+05   0.000000e+00   1286s
  249570    1.2210198e+04   3.793352e+06   0.000000e+00   1291s
  250148    1.2217551e+04   3.427483e+05   0.000000e+00   1296s
  250764    1.2225199e+04   5.405319e+05   0.000000e+00   1300s
  251366    1.2254528e+04   3.967270e+06   0.000000e+00   1305s
  252088    1.2265194e+04   2.542424e+07   0.000000e+00   1311s
  252704    1.2274573e+04   1.060617e+07   0.000000e+00   1315s
  253474    1.2285444e+04   5.365573e+05   0.000000e+00   1321s
  254066    1.2294448e+04   4.596609e+05   0.000000e+00   1325s
  254836    1.2304775e+04   1.032804e+06   0.000000e+00   1331s
  255438    1.2311264e+04   2.517112e+06   0.000000e+00   1336s
  256054    1.2316738e+04   2.757660e+06   0.000000e+00   1340s
  256824    1.2323194e+04   5.711877e+06   0.000000e+00   1346s
  257580    1.2330492e+04   1.393384e+08   0.000000e+00   1351s
  258196    1.2336552e+04   2.268030e+06   0.000000e+00   1355s
  258966    1.2346260e+04   2.058410e+05   0.000000e+00   1361s
  259736    1.2392095e+04   1.422514e+06   0.000000e+00   1366s
  260352    1.2401846e+04   5.220704e+05   0.000000e+00   1370s
  261122    1.2418091e+04   4.028293e+05   0.000000e+00   1376s
  261878    1.2427003e+04   3.400717e+05   0.000000e+00   1381s
  262494    1.2433294e+04   2.753609e+06   0.000000e+00   1385s
  263250    1.2442568e+04   4.015087e+05   0.000000e+00   1391s
  263828    1.2447769e+04   4.912671e+04   0.000000e+00   1395s
  264556    1.2456419e+04   1.712751e+05   0.000000e+00   1401s
  265164    1.2462467e+04   4.449058e+05   0.000000e+00   1405s
  265902    1.2471517e+04   4.966845e+05   0.000000e+00   1411s
  266668    1.2478915e+04   4.841757e+05   0.000000e+00   1416s
  267284    1.2485359e+04   5.060959e+05   0.000000e+00   1421s
  267900    1.2492601e+04   2.793310e+05   0.000000e+00   1425s
  268516    1.2500863e+04   9.479509e+06   0.000000e+00   1430s
  269132    1.2508139e+04   2.452635e+05   0.000000e+00   1435s
  269840    1.2515829e+04   3.515872e+06   0.000000e+00   1441s
  270456    1.2521224e+04   5.855568e+06   0.000000e+00   1446s
  270918    1.2525292e+04   7.073931e+05   0.000000e+00   1450s
  271534    1.2532326e+04   5.250768e+05   0.000000e+00   1455s
  272304    1.2541559e+04   2.311439e+06   0.000000e+00   1461s
  272766    1.2547777e+04   5.071476e+05   0.000000e+00   1465s
  273536    1.2555882e+04   6.818239e+05   0.000000e+00   1471s
  274144    1.2561939e+04   3.988068e+05   0.000000e+00   1476s
  274760    1.2570410e+04   3.798553e+06   0.000000e+00   1481s
  275376    1.2578955e+04   7.149221e+05   0.000000e+00   1486s
  275988    1.2586326e+04   5.246805e+05   0.000000e+00   1491s
  276604    1.2595082e+04   8.061321e+06   0.000000e+00   1496s
  277220    1.2602218e+04   7.603518e+05   0.000000e+00   1501s
  277928    1.2612470e+04   7.626134e+06   0.000000e+00   1506s
  278544    1.2620597e+04   1.707622e+06   0.000000e+00   1511s
  279160    1.2629930e+04   2.105704e+05   0.000000e+00   1516s
  279772    1.2638791e+04   8.658405e+05   0.000000e+00   1521s
  280388    1.2647596e+04   5.534724e+06   0.000000e+00   1526s
  281004    1.2654491e+04   3.035999e+05   0.000000e+00   1531s
  281620    1.2661225e+04   4.354524e+05   0.000000e+00   1536s
  282144    1.2667640e+04   1.995244e+06   0.000000e+00   1540s
  282832    1.2674756e+04   1.220375e+06   0.000000e+00   1546s
  283356    1.2681675e+04   6.835152e+06   0.000000e+00   1550s
  284058    1.2691708e+04   1.955969e+05   0.000000e+00   1556s
  284674    1.2699539e+04   1.016782e+06   0.000000e+00   1561s
  285242    1.2706386e+04   1.561867e+06   0.000000e+00   1566s
  285858    1.2714334e+04   2.634387e+05   0.000000e+00   1571s
  286466    1.2723404e+04   8.770643e+05   0.000000e+00   1575s
  287082    1.2730906e+04   2.298920e+05   0.000000e+00   1580s
  287852    1.2742218e+04   7.874034e+04   0.000000e+00   1586s
  288314    1.2749883e+04   1.367313e+05   0.000000e+00   1590s
  288930    1.2759444e+04   3.580230e+06   0.000000e+00   1595s
  289700    1.2771128e+04   4.670140e+06   0.000000e+00   1601s
  290278    1.2779199e+04   1.555487e+06   0.000000e+00   1605s
  290894    1.2789139e+04   1.151397e+06   0.000000e+00   1610s
  291664    1.2799585e+04   2.448982e+06   0.000000e+00   1616s
  292266    1.2806619e+04   9.323045e+05   0.000000e+00   1621s
  292882    1.2813106e+04   1.117711e+06   0.000000e+00   1626s
  293498    1.2821714e+04   1.660002e+05   0.000000e+00   1630s
  294264    1.2832990e+04   7.711721e+05   0.000000e+00   1636s
  295034    1.2845623e+04   3.742435e+05   0.000000e+00   1641s
  295650    1.2857465e+04   1.605517e+05   0.000000e+00   1646s
  296252    1.2865398e+04   7.075038e+05   0.000000e+00   1651s
  296868    1.2876160e+04   9.147985e+05   0.000000e+00   1656s
  297484    1.2887391e+04   1.850410e+06   0.000000e+00   1661s
  298096    1.2896477e+04   3.493880e+05   0.000000e+00   1666s
  298558    1.2902819e+04   2.494589e+05   0.000000e+00   1670s
  299174    1.2914252e+04   1.344425e+06   0.000000e+00   1675s
  299790    1.2933202e+04   1.681927e+06   0.000000e+00   1680s
  300406    1.2945005e+04   6.473923e+05   0.000000e+00   1686s
  300868    1.2953462e+04   5.878156e+06   0.000000e+00   1690s
  301484    1.2965524e+04   7.519217e+06   0.000000e+00   1695s
  302100    1.2984551e+04   4.468647e+06   0.000000e+00   1701s
  302716    1.3170823e+04   1.029967e+06   0.000000e+00   1706s
  303332    1.3202486e+04   1.560064e+06   0.000000e+00   1711s
  303794    1.3455859e+04   7.451616e+05   0.000000e+00   1715s
  304410    1.3541137e+04   1.167295e+06   0.000000e+00   1720s
  305026    1.3555011e+04   3.554688e+05   0.000000e+00   1725s
  305638    1.3588624e+04   5.342425e+05   0.000000e+00   1731s
  306254    1.3599997e+04   1.282471e+06   0.000000e+00   1736s
  306716    1.3611866e+04   6.768351e+05   0.000000e+00   1740s
  307468    1.3676265e+04   3.439655e+06   0.000000e+00   1746s
  307930    1.3688524e+04   5.906795e+05   0.000000e+00   1750s
  308532    1.3710747e+04   4.347373e+06   0.000000e+00   1755s
  309148    1.3721274e+04   2.983847e+06   0.000000e+00   1760s
  309726    1.3732815e+04   2.000925e+06   0.000000e+00   1765s
  310342    1.3743268e+04   4.203439e+05   0.000000e+00   1770s
  310958    1.3752202e+04   1.465066e+06   0.000000e+00   1775s
  311574    1.3762084e+04   1.240994e+06   0.000000e+00   1780s
  312190    1.3773444e+04   1.091998e+05   0.000000e+00   1785s
  312806    1.3783341e+04   1.282250e+06   0.000000e+00   1790s
  313404    1.3794279e+04   1.566910e+06   0.000000e+00   1795s
  313992    1.3804558e+04   8.913680e+06   0.000000e+00   1800s
  314714    1.3815450e+04   5.773900e+05   0.000000e+00   1806s
  315316    1.3824843e+04   3.040036e+06   0.000000e+00   1811s
  315932    1.3833824e+04   1.025413e+06   0.000000e+00   1816s
  316548    1.3845620e+04   5.268756e+05   0.000000e+00   1820s
  317164    1.3857316e+04   3.022262e+05   0.000000e+00   1825s
  317780    1.3868619e+04   4.869977e+05   0.000000e+00   1830s
  318382    1.3878982e+04   2.521026e+05   0.000000e+00   1835s
  318998    1.3889478e+04   9.598334e+05   0.000000e+00   1840s
  319754    1.3901728e+04   3.372785e+05   0.000000e+00   1846s
  320366    1.3910826e+04   4.552579e+05   0.000000e+00   1851s
  320968    1.3919240e+04   5.452353e+05   0.000000e+00   1855s
  321584    1.3929358e+04   3.175052e+06   0.000000e+00   1860s
  322316    1.3940738e+04   1.107431e+06   0.000000e+00   1866s
  322928    1.3950697e+04   8.803154e+06   0.000000e+00   1870s
  323684    1.3963648e+04   7.606495e+05   0.000000e+00   1876s
  324300    1.3972799e+04   1.232673e+07   0.000000e+00   1881s
  324916    1.3984763e+04   1.441750e+06   0.000000e+00   1886s
  325378    1.3994823e+04   8.803065e+05   0.000000e+00   1890s
  325994    1.4005108e+04   9.574823e+05   0.000000e+00   1895s
  326610    1.4014367e+04   6.477245e+05   0.000000e+00   1901s
  327072    1.4023233e+04   2.689588e+05   0.000000e+00   1905s
  327662    1.4032902e+04   2.328305e+06   0.000000e+00   1911s
  328278    1.4043222e+04   1.174667e+06   0.000000e+00   1916s
  328782    1.4050625e+04   1.123489e+06   0.000000e+00   1921s
  329376    1.4060831e+04   1.299894e+06   0.000000e+00   1926s
  329992    1.4071502e+04   5.409350e+05   0.000000e+00   1931s
  330608    1.4083709e+04   2.391406e+06   0.000000e+00   1936s
  331070    1.4091901e+04   1.109601e+06   0.000000e+00   1940s
  331686    1.4102238e+04   4.194523e+06   0.000000e+00   1945s
  332278    1.4113666e+04   5.401588e+05   0.000000e+00   1950s
  332956    1.4126259e+04   1.009496e+06   0.000000e+00   1956s
  333554    1.4139075e+04   8.938798e+04   0.000000e+00   1961s
  334184    1.4152025e+04   2.017503e+06   0.000000e+00   1966s
  334742    1.4164212e+04   4.469088e+05   0.000000e+00   1971s
  335334    1.4174518e+04   8.349925e+04   0.000000e+00   1975s
  335902    1.4185553e+04   4.936553e+06   0.000000e+00   1980s
  336482    1.4194786e+04   7.968048e+05   0.000000e+00   1985s
  337098    1.4207030e+04   9.189026e+05   0.000000e+00   1990s
  337690    1.4220792e+04   1.130639e+06   0.000000e+00   1995s
  338344    1.4234407e+04   3.177335e+05   0.000000e+00   2001s
  338960    1.4248868e+04   3.600362e+06   0.000000e+00   2006s
  339518    1.4262105e+04   1.043703e+05   0.000000e+00   2010s
  340226    1.4279646e+04   2.574167e+06   0.000000e+00   2016s
  340818    1.4294943e+04   3.366343e+06   0.000000e+00   2021s
  341332    1.4309560e+04   1.265363e+05   0.000000e+00   2025s
  342010    1.4326126e+04   7.519508e+05   0.000000e+00   2030s
  342700    1.4343136e+04   1.132994e+07   0.000000e+00   2036s
  343312    1.4357332e+04   2.122734e+05   0.000000e+00   2040s
  343970    1.4373426e+04   8.715857e+05   0.000000e+00   2045s
  344540    1.4386947e+04   1.016913e+06   0.000000e+00   2050s
  345260    1.4406371e+04   5.028929e+05   0.000000e+00   2056s
  346030    1.4429291e+04   1.392416e+06   0.000000e+00   2061s
  346694    1.4450291e+04   1.176351e+06   0.000000e+00   2066s
  347334    1.4466238e+04   3.177832e+05   0.000000e+00   2070s
  348052    1.4482339e+04   2.633798e+05   0.000000e+00   2076s
  348756    1.4502314e+04   9.709353e+06   0.000000e+00   2081s
  349410    1.4519866e+04   4.331175e+05   0.000000e+00   2085s
  350184    1.4542598e+04   3.819871e+05   0.000000e+00   2091s
  350922    1.4566517e+04   9.747111e+04   0.000000e+00   2096s
  351538    1.4588347e+04   1.493006e+06   0.000000e+00   2100s
  352352    1.4614864e+04   2.028295e+06   0.000000e+00   2106s
  352968    1.4639518e+04   3.942857e+06   0.000000e+00   2110s
  353588    1.4664513e+04   9.906899e+05   0.000000e+00   2115s
  354208    1.4683819e+04   4.894794e+05   0.000000e+00   2120s
  354908    1.4703965e+04   1.271271e+05   0.000000e+00   2126s
  355412    1.4720463e+04   2.858333e+05   0.000000e+00   2130s
  356042    1.4748731e+04   1.532505e+06   0.000000e+00   2136s
  356652    1.4766770e+04   2.227093e+05   0.000000e+00   2141s
  357216    1.4783135e+04   9.174012e+05   0.000000e+00   2146s
  357920    1.4837435e+04   1.087710e+06   0.000000e+00   2151s
  358500    1.4866923e+04   5.922294e+05   0.000000e+00   2155s
  359160    1.4902164e+04   6.394670e+05   0.000000e+00   2161s
  359830    1.4926895e+04   8.600247e+05   0.000000e+00   2166s
  360420    1.4949196e+04   1.829850e+06   0.000000e+00   2171s
  360990    1.4973752e+04   1.670792e+06   0.000000e+00   2175s
  361620    1.5003675e+04   8.613989e+06   0.000000e+00   2180s
  362350    1.5040673e+04   1.905967e+05   0.000000e+00   2186s
  362830    1.5063062e+04   2.756161e+06   0.000000e+00   2190s
  363548    1.5095853e+04   9.995442e+05   0.000000e+00   2196s
  364068    1.5118386e+04   5.791817e+05   0.000000e+00   2200s
  364772    1.5149113e+04   3.887232e+05   0.000000e+00   2205s
  365374    1.5173857e+04   5.568286e+05   0.000000e+00   2210s
  366074    1.5205698e+04   7.793868e+05   0.000000e+00   2215s
  366808    1.5243288e+04   1.811626e+06   0.000000e+00   2221s
  367418    1.5271244e+04   2.211633e+06   0.000000e+00   2226s
  368048    1.5303670e+04   3.629165e+05   0.000000e+00   2230s
  368708    1.5346267e+04   1.567902e+06   0.000000e+00   2235s
  369332    1.5380870e+04   2.298061e+05   0.000000e+00   2240s
  369972    1.5411613e+04   2.068458e+05   0.000000e+00   2246s
  370616    1.5449834e+04   3.909713e+05   0.000000e+00   2251s
  371310    1.5492194e+04   1.404096e+05   0.000000e+00   2256s
  372000    1.5532499e+04   2.154448e+06   0.000000e+00   2260s
  372700    1.5575078e+04   1.120398e+06   0.000000e+00   2265s
  373460    1.5620290e+04   3.010531e+05   0.000000e+00   2271s
  374150    1.5654453e+04   1.059407e+06   0.000000e+00   2275s
  374940    1.5704966e+04   1.366210e+05   0.000000e+00   2281s
  375680    1.5755679e+04   1.076768e+05   0.000000e+00   2286s
  376394    1.5792842e+04   8.098600e+05   0.000000e+00   2291s
  377074    1.5837025e+04   3.323941e+06   0.000000e+00   2295s
  377884    1.5875729e+04   2.336817e+06   0.000000e+00   2301s
  378674    1.5936762e+04   3.098321e+05   0.000000e+00   2306s
  379378    1.5985520e+04   9.474529e+05   0.000000e+00   2310s
  380178    1.6052105e+04   1.606056e+06   0.000000e+00   2316s
  380918    1.6112470e+04   1.783564e+07   0.000000e+00   2320s
  381646    1.6179137e+04   7.716263e+05   0.000000e+00   2325s
  382558    1.6250487e+04   1.653668e+06   0.000000e+00   2331s
  383248    1.6296855e+04   2.727574e+05   0.000000e+00   2335s
  383928    1.6356887e+04   2.867812e+06   0.000000e+00   2340s
  384646    1.6425144e+04   1.095732e+06   0.000000e+00   2345s
  385230    1.6483541e+04   4.575781e+05   0.000000e+00   2350s
  386004    1.6549070e+04   7.945699e+05   0.000000e+00   2356s
  386594    1.6611346e+04   1.743184e+06   0.000000e+00   2360s
  387298    1.6677916e+04   6.297691e+05   0.000000e+00   2365s
  388060    1.6752341e+04   1.819693e+06   0.000000e+00   2371s
  388642    1.6824836e+04   5.415655e+05   0.000000e+00   2375s
  389342    1.6913317e+04   5.418420e+05   0.000000e+00   2380s
  390102    1.6995961e+04   1.092012e+06   0.000000e+00   2386s
  390712    1.7059112e+04   3.480329e+06   0.000000e+00   2390s
  391512    1.7138196e+04   3.193884e+06   0.000000e+00   2396s
  392202    1.7217759e+04   2.110060e+06   0.000000e+00   2400s
  392962    1.7338836e+04   1.768325e+06   0.000000e+00   2405s
  393642    1.7434269e+04   6.939198e+05   0.000000e+00   2410s
  394332    1.7519673e+04   2.592841e+05   0.000000e+00   2415s
  394992    1.7606326e+04   4.273689e+05   0.000000e+00   2420s
  395772    1.7719147e+04   9.228266e+05   0.000000e+00   2425s
  396552    1.7814162e+04   4.334927e+05   0.000000e+00   2431s
  397304    1.7926154e+04   1.978959e+06   0.000000e+00   2436s
  397984    1.8021885e+04   1.101746e+06   0.000000e+00   2440s
  398778    1.8149813e+04   3.812633e+06   0.000000e+00   2446s
  399510    1.8293753e+04   3.598089e+06   0.000000e+00   2451s
  400126    1.8430933e+04   3.228310e+06   0.000000e+00   2455s
  400854    1.8579949e+04   2.698184e+06   0.000000e+00   2460s
  401654    1.8728310e+04   8.691194e+05   0.000000e+00   2466s
  402318    1.8854850e+04   8.155189e+05   0.000000e+00   2471s
  403010    1.8988930e+04   2.232791e+06   0.000000e+00   2475s
  403720    1.9166180e+04   1.359458e+06   0.000000e+00   2480s
  404520    1.9310801e+04   4.134885e+05   0.000000e+00   2485s
  405290    1.9445169e+04   5.704269e+05   0.000000e+00   2490s
  406250    1.9659925e+04   1.409534e+06   0.000000e+00   2496s
  407090    1.9838444e+04   8.755290e+05   0.000000e+00   2500s
  408058    2.0067432e+04   8.094048e+06   0.000000e+00   2505s
  408938    2.0274120e+04   8.765875e+05   0.000000e+00   2510s
  409902    2.0560157e+04   6.994794e+06   0.000000e+00   2515s
  410742    2.0832668e+04   3.026702e+06   0.000000e+00   2520s
  411652    2.1080376e+04   3.809591e+06   0.000000e+00   2525s
  412602    2.1314833e+04   2.244731e+05   0.000000e+00   2530s
  413572    2.1593989e+04   4.187675e+05   0.000000e+00   2535s
  414602    2.1960869e+04   5.096304e+06   0.000000e+00   2540s
  415562    2.2275591e+04   3.449697e+05   0.000000e+00   2545s
  416482    2.2609551e+04   6.585616e+06   0.000000e+00   2550s
  417412    2.2965314e+04   3.371232e+06   0.000000e+00   2555s
  418322    2.3269201e+04   3.151868e+05   0.000000e+00   2560s
  419312    2.3604316e+04   4.277867e+06   0.000000e+00   2565s
  420182    2.3957070e+04   4.424801e+05   0.000000e+00   2570s
  420972    2.4222081e+04   2.923976e+05   0.000000e+00   2575s
  421762    2.4525830e+04   9.217118e+05   0.000000e+00   2580s
  422632    2.4877245e+04   1.768712e+06   0.000000e+00   2585s
  423392    2.5263697e+04   6.941095e+06   0.000000e+00   2590s
  424192    2.5647646e+04   1.346211e+07   0.000000e+00   2595s
  425022    2.6052653e+04   8.556074e+05   0.000000e+00   2600s
  425892    2.6435611e+04   3.425185e+05   0.000000e+00   2605s
  426792    2.6865374e+04   3.096036e+06   0.000000e+00   2610s
  427702    2.7349190e+04   5.642129e+05   0.000000e+00   2615s
  428562    2.7761090e+04   3.733555e+05   0.000000e+00   2620s
  429422    2.8204152e+04   1.016798e+06   0.000000e+00   2625s
  430262    2.8611007e+04   2.285140e+05   0.000000e+00   2630s
  431162    2.8988836e+04   6.115303e+05   0.000000e+00   2635s
  432092    2.9456950e+04   4.825602e+05   0.000000e+00   2640s
  432992    2.9990556e+04   1.006939e+06   0.000000e+00   2645s
  433932    3.0450551e+04   1.472349e+06   0.000000e+00   2650s
  434752    3.0832829e+04   4.430581e+05   0.000000e+00   2655s
  435662    3.1219939e+04   3.301172e+05   0.000000e+00   2660s
  436532    3.1652614e+04   1.048663e+06   0.000000e+00   2665s
  437492    3.2032991e+04   2.057879e+05   0.000000e+00   2671s
  438332    3.2379539e+04   6.935387e+05   0.000000e+00   2675s
  439272    3.2751831e+04   3.476977e+05   0.000000e+00   2681s
  440052    3.3109887e+04   2.374764e+05   0.000000e+00   2685s
  440992    3.3635106e+04   1.790160e+05   0.000000e+00   2690s
  441892    3.4129880e+04   3.840584e+06   0.000000e+00   2696s
  442742    3.4631391e+04   7.419266e+05   0.000000e+00   2700s
  443562    3.5000730e+04   8.684944e+05   0.000000e+00   2705s
  444342    3.5447947e+04   6.116685e+06   0.000000e+00   2710s
  445262    3.6021180e+04   5.676282e+05   0.000000e+00   2715s
  446252    3.6641958e+04   1.229644e+06   0.000000e+00   2720s
  447172    3.7005129e+04   6.628846e+05   0.000000e+00   2725s
  448112    3.7426828e+04   3.159027e+05   0.000000e+00   2730s
  449062    3.7832435e+04   4.180786e+05   0.000000e+00   2735s
  449982    3.8254652e+04   9.574899e+05   0.000000e+00   2740s
  450922    3.8689612e+04   1.352835e+06   0.000000e+00   2745s
  451842    3.9161233e+04   2.000222e+07   0.000000e+00   2750s
  452732    3.9517545e+04   4.966292e+05   0.000000e+00   2755s
  453642    3.9894731e+04   6.173364e+05   0.000000e+00   2760s
  454622    4.0450701e+04   4.985149e+04   0.000000e+00   2765s
  455652    4.0941388e+04   1.646377e+05   0.000000e+00   2770s
  456552    4.1356154e+04   1.308750e+05   0.000000e+00   2775s
  457532    4.1790482e+04   2.725330e+05   0.000000e+00   2780s
  458502    4.2184422e+04   1.233520e+05   0.000000e+00   2785s
  459472    4.2622158e+04   1.786392e+05   0.000000e+00   2790s
  460342    4.3000393e+04   6.921945e+05   0.000000e+00   2795s
  461162    4.3301938e+04   5.505300e+05   0.000000e+00   2800s
  461962    4.3609719e+04   9.918781e+05   0.000000e+00   2805s
  462782    4.3918549e+04   1.328430e+05   0.000000e+00   2810s
  463532    4.4210893e+04   5.444654e+05   0.000000e+00   2815s
  464342    4.4529453e+04   2.699698e+06   0.000000e+00   2820s
  465112    4.4759037e+04   6.058335e+04   0.000000e+00   2825s
  465932    4.4997113e+04   4.538783e+05   0.000000e+00   2830s
  466722    4.5253866e+04   1.873252e+05   0.000000e+00   2835s
  467592    4.5525724e+04   1.112200e+06   0.000000e+00   2840s
  468422    4.5768917e+04   2.176527e+06   0.000000e+00   2845s
  469192    4.5992488e+04   1.077157e+05   0.000000e+00   2850s
  470032    4.6176132e+04   1.229698e+05   0.000000e+00   2855s
  470742    4.6382393e+04   2.824972e+05   0.000000e+00   2860s
  471532    4.6620609e+04   7.753371e+04   0.000000e+00   2865s
  472312    4.6798397e+04   2.879630e+05   0.000000e+00   2870s
  473112    4.7002053e+04   1.245230e+06   0.000000e+00   2875s
  473952    4.7196758e+04   1.028915e+06   0.000000e+00   2880s
  474672    4.7369731e+04   2.075692e+06   0.000000e+00   2885s
  475472    4.7540896e+04   5.576851e+05   0.000000e+00   2890s
  476292    4.7694789e+04   2.040663e+05   0.000000e+00   2895s
  477062    4.7819555e+04   1.916255e+05   0.000000e+00   2900s
  477792    4.7964341e+04   1.102749e+05   0.000000e+00   2905s
  478552    4.8095131e+04   3.308361e+04   0.000000e+00   2910s
  479392    4.8223318e+04   4.674200e+04   0.000000e+00   2916s
  480112    4.8325299e+04   4.427772e+04   0.000000e+00   2921s
  480852    4.8430330e+04   2.195165e+05   0.000000e+00   2925s
  481622    4.8546088e+04   1.165891e+05   0.000000e+00   2930s
  482372    4.8699946e+04   9.321844e+04   0.000000e+00   2935s
  483232    4.8834630e+04   2.869170e+04   0.000000e+00   2940s
  484002    4.8977159e+04   2.918467e+05   0.000000e+00   2945s
  484852    4.9114655e+04   5.962523e+04   0.000000e+00   2950s
  485712    4.9212283e+04   2.898061e+05   0.000000e+00   2955s
  486612    4.9318377e+04   5.338067e+05   0.000000e+00   2961s
  487412    4.9453455e+04   3.818601e+05   0.000000e+00   2965s
  488312    4.9648080e+04   4.646213e+04   0.000000e+00   2970s
  489252    4.9786518e+04   4.528731e+05   0.000000e+00   2975s
  490242    5.0024561e+04   4.924104e+04   0.000000e+00   2980s
  491182    5.0163207e+04   9.253109e+04   0.000000e+00   2985s
  492102    5.0257718e+04   5.870437e+04   0.000000e+00   2990s
  493012    5.0353834e+04   6.907702e+04   0.000000e+00   2995s
  493922    5.0601893e+04   4.218339e+04   0.000000e+00   3000s
  494822    5.0716236e+04   2.329397e+04   0.000000e+00   3005s
  495702    5.0894126e+04   4.904164e+05   0.000000e+00   3010s
  496552    5.0983301e+04   2.236842e+04   0.000000e+00   3015s
  497372    5.1146477e+04   1.565219e+04   0.000000e+00   3020s
  498262    5.1356526e+04   4.752377e+05   0.000000e+00   3025s
  499092    5.1485983e+04   7.415123e+05   0.000000e+00   3031s
  499772    5.1564097e+04   8.677539e+04   0.000000e+00   3035s
  500572    5.1672012e+04   3.337064e+04   0.000000e+00   3040s
  501352    5.1750134e+04   3.529509e+05   0.000000e+00   3046s
  502152    5.1821424e+04   4.231249e+04   0.000000e+00   3051s
  502822    5.1904405e+04   1.706155e+05   0.000000e+00   3055s
  503642    5.1993603e+04   9.317601e+03   0.000000e+00   3061s
  504322    5.2028686e+04   1.950670e+03   0.000000e+00   3065s
  505202    5.2138674e+04   6.696657e+03   0.000000e+00   3071s
  505862    5.2172081e+04   7.638572e+03   0.000000e+00   3075s
  506642    5.2224422e+04   3.092912e+04   0.000000e+00   3080s
  507392    5.2299392e+04   2.852597e+04   0.000000e+00   3085s
  508192    5.2373002e+04   1.814371e+04   0.000000e+00   3090s
  509032    5.2528501e+04   2.164555e+05   0.000000e+00   3096s
  509772    5.2567911e+04   3.882834e+03   0.000000e+00   3100s
  510532    5.2659574e+04   8.614082e+03   0.000000e+00   3105s
  511332    5.2698982e+04   4.781660e+04   0.000000e+00   3111s
  512132    5.2773847e+04   1.358160e+04   0.000000e+00   3115s
  512922    5.2811397e+04   4.170348e+03   0.000000e+00   3121s
  513642    5.2837504e+04   1.112032e+04   0.000000e+00   3125s
  514372    5.2870400e+04   1.399221e+03   0.000000e+00   3130s
  515162    5.2890571e+04   1.465130e+04   0.000000e+00   3135s
  515942    5.2933110e+04   5.223433e+03   0.000000e+00   3140s
  516822    5.3037140e+04   3.211622e+03   0.000000e+00   3145s
  517612    5.3063007e+04   2.028570e+03   0.000000e+00   3150s
  518432    5.3084970e+04   1.366696e+03   0.000000e+00   3156s
  519262    5.3092135e+04   1.504086e+01   0.000000e+00   3161s
  519398    5.3092103e+04   0.000000e+00   0.000000e+00   3162s
  519398    5.3092103e+04   0.000000e+00   0.000000e+00   3162s

Root relaxation: objective 5.309210e+04, 519398 iterations, 3159.02 seconds (1255.74 work units)

    Nodes    |    Current Node    |     Objective Bounds      |     Work
 Expl Unexpl |  Obj  Depth IntInf | Incumbent    BestBd   Gap | It/Node Time

     0     0 53092.1025    0  200          - 53092.1025      -     - 3161s
H    0     0                    76296.663835 53092.1025  30.4%     - 3162s
H    0     0                    75824.696661 53092.1025  30.0%     - 3162s
H    0     0                    75771.696661 53092.1025  29.9%     - 3162s
H    0     0                    73652.360047 53092.1025  27.9%     - 3162s
H    0     0                    73109.360047 53092.1025  27.4%     - 3162s
H    0     0                    72597.166154 53092.1025  26.9%     - 3162s
H    0     0                    72569.166154 53092.1025  26.8%     - 3162s
H    0     0                    72480.440068 53092.1025  26.7%     - 3162s
H    0     0                    71953.347107 53092.1025  26.2%     - 3162s
H    0     0                    71788.347107 53092.1025  26.0%     - 3162s
H    0     0                    71765.455913 53092.1025  26.0%     - 3162s
H    0     0                    71315.514879 53092.1025  25.6%     - 3163s
H    0     0                    70554.514879 53092.1025  24.8%     - 3163s
H    0     0                    70525.501352 53092.1025  24.7%     - 3163s
     0     0 53270.1331    0  236 70525.5014 53270.1331  24.5%     - 3190s
H    0     0                    70142.492137 53270.1989  24.1%     - 3191s
H    0     0                    70011.492137 53270.1989  23.9%     - 3191s
H    0     0                    69627.514317 53270.1989  23.5%     - 3191s
H    0     0                    69508.514317 53270.1989  23.4%     - 3191s
H    0     0                    69508.497220 53270.1989  23.4%     - 3192s
H    0     0                    69506.956295 53270.1989  23.4%     - 3192s
     0     0 53274.5090    0  229 69506.9563 53274.5090  23.4%     - 3196s
     0     0 53358.2166    0  253 69506.9563 53358.2166  23.2%     - 3213s
     0     0 53363.6397    0  259 69506.9563 53363.6397  23.2%     - 3237s
     0     0 53426.7555    0  256 69506.9563 53426.7555  23.1%     - 3261s
H    0     0                    68870.493366 53426.7590  22.4%     - 3261s
H    0     0                    68803.493366 53426.7590  22.3%     - 3261s
H    0     0                    68626.798674 53426.7590  22.1%     - 3261s
H    0     0                    68625.792563 53426.7590  22.1%     - 3262s
     0     0 53441.8910    0  268 68625.7926 53441.8910  22.1%     - 3267s
     0     0 53492.8665    0  253 68625.7926 53492.8665  22.1%     - 3290s
     0     0 53501.2351    0  251 68625.7926 53501.2351  22.0%     - 3315s
     0     0 53538.6603    0  276 68625.7926 53538.6603  22.0%     - 3328s
     0     0 53542.9399    0  261 68625.7926 53542.9399  22.0%     - 3334s
     0     0 53549.2310    0  270 68625.7926 53549.2310  22.0%     - 3341s
     0     0 53550.4774    0  282 68625.7926 53550.4774  22.0%     - 3345s
     0     0 53552.2805    0  270 68625.7926 53552.2805  22.0%     - 3349s
     0     0 53552.4030    0  272 68625.7926 53552.4030  22.0%     - 3352s
     0     0 53553.8449    0  263 68625.7926 53553.8449  22.0%     - 3355s
     0     0 53554.3947    0  275 68625.7926 53554.3947  22.0%     - 3359s
     0     0 53556.8954    0  252 68625.7926 53556.8954  22.0%     - 3363s
     0     0 53557.1919    0  252 68625.7926 53557.1919  22.0%     - 3367s
     0     0 53557.9562    0  242 68625.7926 53557.9562  22.0%     - 3370s
     0     0 53558.0479    0  262 68625.7926 53558.0479  22.0%     - 3373s
     0     0 53561.2420    0  246 68625.7926 53561.2420  22.0%     - 3376s
     0     0 53561.6336    0  247 68625.7926 53561.6336  22.0%     - 3395s
     0     0 53562.5763    0  242 68625.7926 53562.5763  21.9%     - 3397s
     0     0 53563.0017    0  257 68625.7926 53563.0017  21.9%     - 3402s
     0     0 53563.2978    0  254 68625.7926 53563.2978  21.9%     - 3403s
     0     0 53563.4119    0  252 68625.7926 53563.4119  21.9%     - 3405s
     0     0 53563.6472    0  261 68625.7926 53563.6472  21.9%     - 3407s
     0     0 53563.7987    0  271 68625.7926 53563.7987  21.9%     - 3411s
     0     0 53563.9201    0  260 68625.7926 53563.9201  21.9%     - 3412s
     0     0 53564.1629    0  257 68625.7926 53564.1629  21.9%     - 3415s
     0     0 53564.2256    0  253 68625.7926 53564.2256  21.9%     - 3417s
     0     0 53564.2329    0  253 68625.7926 53564.2329  21.9%     - 3417s

Cutting planes:
  Cover: 2
  Implied bound: 4
  MIR: 101
  Flow cover: 71
  Flow path: 3

Explored 1 nodes (544231 simplex iterations) in 3600.02 seconds (1479.59 work units)
Thread count was 1 (of 56 available processors)

Solution count 10: 68625.8 68626.8 68803.5 ... 70142.5

Time limit reached
Best objective 6.862579256316e+04, best bound 5.356429399992e+04, gap 21.9473%

User-callback calls 73398, time in user-callback 0.37 sec
primal_bound = 68625.79256315505, dual_bound = 53564.29399992035, gap = 21.947285416593004, time = 3600.04
