solving instance mcnd arcs c64 3 6 square
Set parameter TokenServer to value "licences.gerad.lan"
Set parameter MIPGap to value 1e-06
Set parameter FuncPieceError to value 1e-06
Set parameter Threads to value 1
Set parameter FuncPieces to value -2
Set parameter TimeLimit to value 3600
Gurobi Optimizer version 12.0.2 build v12.0.2rc0 (linux64 - "AlmaLinux 9.6 (Sage Margay)")

CPU model: Intel(R) Xeon(R) Gold 6258R CPU @ 2.70GHz, instruction set [SSE2|AVX|AVX2|AVX512]
Thread count: 56 physical cores, 56 logical processors, using up to 1 threads

Non-default parameters:
TimeLimit  3600
MIPGap  1e-06
Threads  1
FuncPieces  -2
FuncPieceError  1e-06

Optimize a model with 287992 rows, 275992 columns and 1916588 nonzeros
Model fingerprint: 0x0bc06dff
Model has 683 function constraints treated as nonlinear
  683 POW
Variable types: 275279 continuous, 713 integer (713 binary)
Coefficient statistics:
  Matrix range     [2e-03, 4e+03]
  Objective range  [1e+00, 1e+03]
  Bounds range     [2e+01, 1e+10]
  RHS range        [2e+01, 7e+01]
Warning: Model contains large bounds
         Consider reformulating model or setting NumericFocus parameter
         to avoid numerical issues.
Presolve removed 713 rows and 743 columns (presolve time = 5s)...
Presolve removed 713 rows and 1426 columns (presolve time = 10s)...
Presolve removed 713 rows and 1426 columns
Presolve time: 14.02s
Presolved: 287279 rows, 274566 columns, 1915132 nonzeros
Presolved model has 683 quadratic objective terms
Variable types: 273883 continuous, 683 integer (683 binary)

Root simplex log...

Iteration    Objective       Primal Inf.    Dual Inf.      Time
       0    0.0000000e+00   0.000000e+00   0.000000e+00     15s
    1548    0.0000000e+00   1.607116e+04   0.000000e+00     20s
    2709    2.1338016e+01   4.673938e+04   0.000000e+00     26s
    3870    3.4306021e+01   5.590546e+03   0.000000e+00     32s
    4644    3.7211649e+01   7.888276e+03   0.000000e+00     35s
    5805    4.5904372e+01   7.205196e+03   0.000000e+00     41s
    6966    5.4831230e+01   1.827320e+04   0.000000e+00     46s
    8127    6.8399685e+01   5.731960e+03   0.000000e+00     51s
    9288    8.6148200e+01   5.909245e+03   0.000000e+00     57s
   10062    9.6535563e+01   1.258998e+04   0.000000e+00     61s
   11223    1.2039275e+02   9.774559e+03   0.000000e+00     66s
   11997    1.4116638e+02   8.661554e+03   0.000000e+00     70s
   13158    1.6623284e+02   9.697450e+03   0.000000e+00     75s
   14319    1.9463524e+02   7.976825e+03   0.000000e+00     80s
   15480    2.2463316e+02   1.537040e+04   0.000000e+00     85s
   17028    2.5719016e+02   6.532273e+03   0.000000e+00     90s
   18576    2.9174358e+02   1.454259e+04   0.000000e+00     95s
   20124    3.3255341e+02   7.962746e+03   0.000000e+00    101s
   21672    3.7707237e+02   1.192332e+04   0.000000e+00    106s
   23220    4.3184382e+02   8.194495e+03   0.000000e+00    111s
   24768    5.0129169e+02   9.309387e+03   0.000000e+00    116s
   26316    5.2681611e+02   1.351383e+04   0.000000e+00    121s
   27477    5.2728935e+02   9.716239e+04   0.000000e+00    126s
   28638    5.3007926e+02   2.184592e+04   0.000000e+00    131s
   29799    5.3696151e+02   1.212856e+04   0.000000e+00    136s
   30960    5.5274351e+02   1.223323e+04   0.000000e+00    141s
   32121    5.8366781e+02   1.125283e+04   0.000000e+00    146s
   33282    6.0391965e+02   1.285206e+04   0.000000e+00    151s
   34443    6.2261669e+02   1.611347e+04   0.000000e+00    155s
   35604    6.4741420e+02   8.415643e+04   0.000000e+00    160s
   37152    6.8486473e+02   1.337705e+04   0.000000e+00    166s
   38313    7.0761903e+02   3.430037e+04   0.000000e+00    171s
   39474    7.3252957e+02   2.390935e+04   0.000000e+00    176s
   40635    7.5970321e+02   9.671941e+03   0.000000e+00    181s
   41796    7.9245474e+02   1.543791e+04   0.000000e+00    186s
   42957    8.3562614e+02   9.388822e+03   0.000000e+00    191s
   44118    8.7172361e+02   1.827524e+04   0.000000e+00    196s
   45279    9.0064733e+02   1.250387e+04   0.000000e+00    201s
   46440    9.3932939e+02   1.348012e+04   0.000000e+00    206s
   47601    9.6556685e+02   1.174579e+04   0.000000e+00    211s
   48762    1.0011439e+03   1.474667e+04   0.000000e+00    216s
   49923    1.0446317e+03   9.930229e+03   0.000000e+00    222s
   50697    1.0705211e+03   2.595945e+04   0.000000e+00    226s
   51858    1.1002358e+03   3.701972e+04   0.000000e+00    231s
   53019    1.1290387e+03   1.879152e+04   0.000000e+00    237s
   53793    1.1502793e+03   1.699034e+05   0.000000e+00    241s
   54567    1.1803477e+03   1.575892e+04   0.000000e+00    245s
   55341    1.2155367e+03   1.682409e+04   0.000000e+00    250s
   56502    1.2659450e+03   2.651996e+04   0.000000e+00    257s
   57276    1.2969389e+03   1.475352e+04   0.000000e+00    261s
   58050    1.3184496e+03   1.388747e+04   0.000000e+00    266s
   58824    1.3511531e+03   1.769838e+04   0.000000e+00    271s
   59598    1.3730607e+03   8.619746e+03   0.000000e+00    276s
   60372    1.4016823e+03   9.759056e+03   0.000000e+00    280s
   61146    1.4236362e+03   1.558573e+04   0.000000e+00    285s
   61920    1.4463169e+03   1.260557e+04   0.000000e+00    290s
   62694    1.4743813e+03   1.135879e+04   0.000000e+00    295s
   63468    1.4947498e+03   1.133840e+04   0.000000e+00    300s
   64242    1.5193152e+03   3.659440e+04   0.000000e+00    305s
   65016    1.5495298e+03   2.081467e+04   0.000000e+00    311s
   65790    1.5643667e+03   1.075687e+04   0.000000e+00    315s
   66564    1.5838100e+03   3.426308e+04   0.000000e+00    321s
   67338    1.6113353e+03   2.700563e+04   0.000000e+00    326s
   68112    1.6359349e+03   1.349174e+04   0.000000e+00    330s
   68886    1.6675819e+03   1.456613e+04   0.000000e+00    335s
   70047    1.7076031e+03   1.025005e+04   0.000000e+00    342s
   70821    1.7317831e+03   3.990111e+04   0.000000e+00    347s
   71595    1.7700109e+03   1.164719e+04   0.000000e+00    352s
   72369    1.8021818e+03   1.041179e+04   0.000000e+00    357s
   73143    1.8274741e+03   1.449338e+04   0.000000e+00    362s
   73917    1.8546944e+03   1.635497e+04   0.000000e+00    367s
   74304    1.8665198e+03   8.827376e+03   0.000000e+00    370s
   75078    1.8991467e+03   1.998941e+04   0.000000e+00    375s
   75852    1.9337851e+03   1.163028e+04   0.000000e+00    380s
   76626    1.9733115e+03   3.800471e+04   0.000000e+00    385s
   77400    2.0052751e+03   9.612061e+03   0.000000e+00    390s
   78174    2.0388290e+03   1.256747e+04   0.000000e+00    395s
   78948    2.0689732e+03   1.268189e+04   0.000000e+00    400s
   79722    2.1075258e+03   1.246070e+04   0.000000e+00    406s
   80496    2.1359816e+03   4.172387e+04   0.000000e+00    411s
   81270    2.1659312e+03   9.448483e+03   0.000000e+00    416s
   82044    2.1977061e+03   9.794240e+03   0.000000e+00    422s
   82818    2.2307242e+03   1.263112e+04   0.000000e+00    427s
   83205    2.2481697e+03   1.136066e+04   0.000000e+00    430s
   83979    2.2831600e+03   1.939304e+04   0.000000e+00    436s
   84753    2.3069635e+03   2.640969e+04   0.000000e+00    442s
   85140    2.3199419e+03   1.372316e+04   0.000000e+00    445s
   85914    2.3480474e+03   1.846246e+04   0.000000e+00    452s
   86688    2.3725947e+03   3.930669e+04   0.000000e+00    458s
   87075    2.3830410e+03   7.191804e+03   0.000000e+00    461s
   87849    2.4030890e+03   1.210623e+04   0.000000e+00    467s
   88236    2.4161708e+03   1.050630e+04   0.000000e+00    470s
   89010    2.4377580e+03   2.214463e+04   0.000000e+00    477s
   89397    2.4523558e+03   1.820368e+04   0.000000e+00    480s
   90171    2.4747356e+03   1.462853e+04   0.000000e+00    487s
   90558    2.4833126e+03   1.771926e+04   0.000000e+00    490s
   91332    2.5056436e+03   2.618949e+04   0.000000e+00    497s
   91719    2.5156739e+03   1.257447e+04   0.000000e+00    501s
   92493    2.5348548e+03   1.249653e+04   0.000000e+00    507s
   93267    2.5610829e+03   2.196345e+04   0.000000e+00    513s
   93654    2.5758441e+03   5.637975e+04   0.000000e+00    516s
   94428    2.5948537e+03   4.823347e+04   0.000000e+00    522s
   95202    2.6215239e+03   2.085975e+04   0.000000e+00    528s
   95589    2.6335884e+03   2.702651e+04   0.000000e+00    531s
   96363    2.6587287e+03   2.010475e+04   0.000000e+00    537s
   96750    2.6716350e+03   4.185663e+04   0.000000e+00    540s
   97524    2.6961823e+03   1.926838e+04   0.000000e+00    546s
   98298    2.6995729e+03   2.729960e+04   0.000000e+00    552s
   99072    2.7014614e+03   1.438126e+05   0.000000e+00    557s
   99459    2.7016861e+03   3.080396e+04   0.000000e+00    560s
  100233    2.7027920e+03   1.724178e+04   0.000000e+00    566s
  101007    2.7039034e+03   3.392295e+04   0.000000e+00    573s
  101394    2.7052569e+03   2.092934e+04   0.000000e+00    576s
  102168    2.7082282e+03   2.844615e+04   0.000000e+00    582s
  102942    2.7094390e+03   2.895475e+04   0.000000e+00    588s
  103329    2.7101270e+03   2.504919e+04   0.000000e+00    591s
  104103    2.7121122e+03   2.309659e+04   0.000000e+00    598s
  104490    2.7138820e+03   8.359030e+04   0.000000e+00    601s
  105264    2.7157404e+03   5.714550e+04   0.000000e+00    608s
  105651    2.7173147e+03   3.055974e+04   0.000000e+00    612s
  106038    2.7177825e+03   1.721882e+04   0.000000e+00    615s
  106812    2.7181389e+03   4.789649e+04   0.000000e+00    623s
  107199    2.7182320e+03   7.614248e+04   0.000000e+00    627s
  107586    2.7183037e+03   4.789626e+04   0.000000e+00    631s
  107973    2.7183618e+03   3.517779e+05   0.000000e+00    635s
  108747    2.7186120e+03   6.619937e+04   0.000000e+00    644s
  109134    2.7187634e+03   4.599750e+04   0.000000e+00    648s
  109521    2.7190342e+03   1.499545e+05   0.000000e+00    653s
  109908    2.7192835e+03   6.478864e+04   0.000000e+00    657s
  110295    2.7194236e+03   2.988348e+04   0.000000e+00    662s
  110682    2.7195714e+03   3.577361e+04   0.000000e+00    666s
  111069    2.7197332e+03   7.836601e+04   0.000000e+00    671s
  111456    2.7199072e+03   2.506135e+04   0.000000e+00    675s
  112230    2.7204283e+03   4.067641e+04   0.000000e+00    684s
  112617    2.7207772e+03   2.718579e+05   0.000000e+00    688s
  113004    2.7211879e+03   2.655887e+04   0.000000e+00    692s
  113391    2.7219619e+03   4.705249e+04   0.000000e+00    696s
  113778    2.7226399e+03   4.323012e+04   0.000000e+00    700s
  114552    2.7241926e+03   6.773564e+04   0.000000e+00    708s
  114939    2.7251570e+03   4.315755e+04   0.000000e+00    712s
  115326    2.7260064e+03   1.771169e+05   0.000000e+00    716s
  115713    2.7273561e+03   3.975972e+05   0.000000e+00    720s
  116487    2.7291718e+03   6.206261e+04   0.000000e+00    728s
  116874    2.7302376e+03   2.799855e+04   0.000000e+00    732s
  117261    2.7311814e+03   4.092169e+04   0.000000e+00    736s
  117648    2.7323771e+03   3.187588e+04   0.000000e+00    740s
  118422    2.7345113e+03   9.100954e+04   0.000000e+00    748s
  118809    2.7355155e+03   3.870385e+04   0.000000e+00    752s
  119196    2.7364166e+03   4.254182e+04   0.000000e+00    756s
  119583    2.7373031e+03   2.201925e+04   0.000000e+00    760s
  120357    2.7395089e+03   5.144128e+05   0.000000e+00    768s
  120744    2.7408207e+03   6.795465e+04   0.000000e+00    772s
  121131    2.7422207e+03   4.453992e+04   0.000000e+00    776s
  121518    2.7437377e+03   9.161209e+04   0.000000e+00    781s
  122292    2.7476935e+03   4.580789e+04   0.000000e+00    789s
  122679    2.7497336e+03   8.865712e+04   0.000000e+00    794s
  123066    2.7520863e+03   1.859819e+05   0.000000e+00    798s
  123453    2.7542042e+03   7.562734e+04   0.000000e+00    803s
  123840    2.7559602e+03   2.879697e+05   0.000000e+00    807s
  124227    2.7575288e+03   3.745447e+04   0.000000e+00    812s
  124614    2.7594094e+03   9.471613e+04   0.000000e+00    816s
  125001    2.7616465e+03   1.097657e+05   0.000000e+00    821s
  125388    2.7633690e+03   6.551356e+04   0.000000e+00    825s
  126162    2.7673797e+03   4.257238e+04   0.000000e+00    834s
  126549    2.7703573e+03   9.652431e+04   0.000000e+00    839s
  126936    2.7730986e+03   8.998313e+04   0.000000e+00    844s
  127323    2.7751484e+03   3.397914e+04   0.000000e+00    848s
  127710    2.7769212e+03   2.968813e+04   0.000000e+00    853s
  128097    2.7795775e+03   5.231166e+04   0.000000e+00    857s
  128484    2.7818714e+03   7.206417e+04   0.000000e+00    861s
  128871    2.7849669e+03   4.991916e+04   0.000000e+00    866s
  129645    2.7906477e+03   1.024777e+05   0.000000e+00    874s
  130032    2.7931380e+03   3.878772e+04   0.000000e+00    878s
  130419    2.7956613e+03   6.884466e+04   0.000000e+00    882s
  130806    2.7984144e+03   9.648711e+04   0.000000e+00    886s
  131193    2.8014617e+03   2.463727e+05   0.000000e+00    890s
  131967    2.8071531e+03   3.714464e+04   0.000000e+00    898s
  132354    2.8109844e+03   2.904930e+04   0.000000e+00    902s
  132741    2.8149218e+03   3.106355e+04   0.000000e+00    905s
  133515    2.8218873e+03   4.594329e+04   0.000000e+00    913s
  133902    2.8245184e+03   3.928176e+04   0.000000e+00    917s
  134289    2.8273557e+03   4.985488e+04   0.000000e+00    921s
  135063    2.8334679e+03   3.077551e+04   0.000000e+00    929s
  135450    2.8366928e+03   7.310272e+04   0.000000e+00    933s
  135837    2.8394980e+03   2.063965e+05   0.000000e+00    937s
  136224    2.8438100e+03   4.876197e+04   0.000000e+00    941s
  136611    2.8478742e+03   4.552572e+05   0.000000e+00    945s
  137385    2.8554430e+03   5.340173e+04   0.000000e+00    954s
  137772    2.8589825e+03   4.888701e+04   0.000000e+00    958s
  138159    2.8627194e+03   1.024836e+05   0.000000e+00    963s
  138546    2.8661220e+03   3.280587e+05   0.000000e+00    968s
  138933    2.8698213e+03   3.663381e+04   0.000000e+00    972s
  139320    2.8737724e+03   7.150770e+04   0.000000e+00    977s
  139707    2.8776690e+03   6.790246e+04   0.000000e+00    981s
  140094    2.8818580e+03   2.263278e+05   0.000000e+00    986s
  140481    2.8858742e+03   4.220178e+04   0.000000e+00    991s
  140868    2.8897133e+03   3.532996e+04   0.000000e+00    995s
  141255    2.8935430e+03   3.171820e+04   0.000000e+00   1000s
  142029    2.9043077e+03   1.225980e+05   0.000000e+00   1010s
  142416    2.9084361e+03   4.791769e+04   0.000000e+00   1014s
  142803    2.9118971e+03   7.006954e+04   0.000000e+00   1019s
  143190    2.9165847e+03   4.423371e+05   0.000000e+00   1024s
  143577    2.9213143e+03   4.278987e+04   0.000000e+00   1028s
  143964    2.9249255e+03   5.422131e+04   0.000000e+00   1032s
  144351    2.9291209e+03   1.867819e+05   0.000000e+00   1037s
  144738    2.9333170e+03   4.542592e+04   0.000000e+00   1041s
  145125    2.9374159e+03   5.366063e+04   0.000000e+00   1046s
  145899    2.9447923e+03   5.354571e+04   0.000000e+00   1054s
  146286    2.9495616e+03   2.760368e+04   0.000000e+00   1059s
  146673    2.9537915e+03   2.504919e+04   0.000000e+00   1063s
  147060    2.9581097e+03   2.411714e+04   0.000000e+00   1067s
  147447    2.9611869e+03   5.239296e+04   0.000000e+00   1072s
  147834    2.9657387e+03   4.702401e+04   0.000000e+00   1076s
  148221    2.9714051e+03   6.808941e+04   0.000000e+00   1080s
  148995    2.9796804e+03   3.767244e+04   0.000000e+00   1089s
  149382    2.9846498e+03   6.509009e+04   0.000000e+00   1093s
  149769    2.9895916e+03   3.403382e+04   0.000000e+00   1097s
  150156    2.9952929e+03   3.386029e+04   0.000000e+00   1102s
  150543    3.0003787e+03   3.709115e+04   0.000000e+00   1106s
  150930    3.0042613e+03   3.357484e+04   0.000000e+00   1111s
  151317    3.0085640e+03   4.741261e+04   0.000000e+00   1115s
  151704    3.0139779e+03   8.531591e+04   0.000000e+00   1120s
  152478    3.0236999e+03   1.171254e+05   0.000000e+00   1129s
  152865    3.0286518e+03   3.136950e+04   0.000000e+00   1134s
  153252    3.0344811e+03   1.361671e+05   0.000000e+00   1139s
  153639    3.0382450e+03   2.612911e+04   0.000000e+00   1144s
  154026    3.0427975e+03   2.228109e+04   0.000000e+00   1149s
  154413    3.0480766e+03   4.777960e+04   0.000000e+00   1154s
  154800    3.0539855e+03   3.492944e+04   0.000000e+00   1159s
  155187    3.0599403e+03   5.340587e+04   0.000000e+00   1164s
  155574    3.0656216e+03   2.835039e+05   0.000000e+00   1169s
  155961    3.0709215e+03   7.661062e+04   0.000000e+00   1174s
  156348    3.0753530e+03   6.150580e+04   0.000000e+00   1179s
  156735    3.0818588e+03   1.165075e+05   0.000000e+00   1184s
  157122    3.0877579e+03   8.104910e+04   0.000000e+00   1189s
  157509    3.0939969e+03   2.829197e+04   0.000000e+00   1194s
  157896    3.1001037e+03   5.315400e+04   0.000000e+00   1199s
  158283    3.1060053e+03   4.083394e+04   0.000000e+00   1204s
  158670    3.1108640e+03   3.341897e+04   0.000000e+00   1208s
  159057    3.1169269e+03   4.192932e+04   0.000000e+00   1213s
  159444    3.1221081e+03   2.497390e+04   0.000000e+00   1218s
  159831    3.1295846e+03   6.741403e+04   0.000000e+00   1222s
  160218    3.1359515e+03   1.657858e+05   0.000000e+00   1227s
  160605    3.1414106e+03   9.462259e+04   0.000000e+00   1232s
  160992    3.1463923e+03   4.547812e+04   0.000000e+00   1236s
  161379    3.1506587e+03   2.815788e+04   0.000000e+00   1240s
  162153    3.1621083e+03   5.410251e+04   0.000000e+00   1249s
  162540    3.1671548e+03   2.708153e+04   0.000000e+00   1254s
  162927    3.1720806e+03   3.317092e+04   0.000000e+00   1258s
  163314    3.1764973e+03   4.368478e+04   0.000000e+00   1263s
  163701    3.1813358e+03   1.420956e+05   0.000000e+00   1267s
  164088    3.1875470e+03   3.133431e+04   0.000000e+00   1272s
  164475    3.1927253e+03   2.502179e+04   0.000000e+00   1276s
  164862    3.1979287e+03   4.157596e+04   0.000000e+00   1281s
  165249    3.2031744e+03   1.029805e+05   0.000000e+00   1286s
  165636    3.2103609e+03   1.802630e+05   0.000000e+00   1290s
  166023    3.2185290e+03   9.707032e+04   0.000000e+00   1295s
  166410    3.2246781e+03   3.488582e+04   0.000000e+00   1300s
  167184    3.2398086e+03   6.237559e+04   0.000000e+00   1309s
  167571    3.2467696e+03   2.200956e+04   0.000000e+00   1315s
  167958    3.2524576e+03   6.443098e+04   0.000000e+00   1320s
  168345    3.2589550e+03   4.631789e+04   0.000000e+00   1325s
  168732    3.2651232e+03   3.453991e+04   0.000000e+00   1330s
  169119    3.2727613e+03   6.025671e+04   0.000000e+00   1335s
  169506    3.2787949e+03   3.783032e+04   0.000000e+00   1340s
  169893    3.2864700e+03   4.267026e+04   0.000000e+00   1345s
  170280    3.2928865e+03   5.769716e+04   0.000000e+00   1350s
  170667    3.3008296e+03   3.863049e+04   0.000000e+00   1355s
  171054    3.3076119e+03   7.650470e+04   0.000000e+00   1360s
  171441    3.3138346e+03   1.002175e+06   0.000000e+00   1365s
  171828    3.3212012e+03   1.199607e+05   0.000000e+00   1370s
  172215    3.3295195e+03   4.241610e+04   0.000000e+00   1375s
  172602    3.3373386e+03   2.062545e+05   0.000000e+00   1380s
  172989    3.3440318e+03   4.507661e+04   0.000000e+00   1385s
  173376    3.3511272e+03   1.461620e+05   0.000000e+00   1390s
  173763    3.3568649e+03   3.376476e+04   0.000000e+00   1395s
  174150    3.3646433e+03   6.292134e+04   0.000000e+00   1399s
  174537    3.3718265e+03   3.356510e+04   0.000000e+00   1404s
  174924    3.3802105e+03   1.380741e+05   0.000000e+00   1408s
  175311    3.3866825e+03   2.521160e+04   0.000000e+00   1413s
  175698    3.3920259e+03   2.809770e+04   0.000000e+00   1418s
  176085    3.3976084e+03   4.846352e+04   0.000000e+00   1422s
  176472    3.4038736e+03   4.040114e+04   0.000000e+00   1427s
  176859    3.4102785e+03   6.806168e+04   0.000000e+00   1432s
  177246    3.4167420e+03   6.872893e+04   0.000000e+00   1437s
  177633    3.4217394e+03   2.383627e+04   0.000000e+00   1441s
  178020    3.4276995e+03   8.937904e+04   0.000000e+00   1446s
  178407    3.4330513e+03   1.326070e+05   0.000000e+00   1451s
  178794    3.4397014e+03   2.804262e+05   0.000000e+00   1456s
  179181    3.4450160e+03   2.235329e+04   0.000000e+00   1460s
  179568    3.4520579e+03   1.029775e+05   0.000000e+00   1465s
  179955    3.4600717e+03   8.994278e+04   0.000000e+00   1470s
  180342    3.4671782e+03   5.471265e+04   0.000000e+00   1475s
  180729    3.4731298e+03   5.874007e+04   0.000000e+00   1481s
  181116    3.4794894e+03   2.138954e+04   0.000000e+00   1486s
  181503    3.4852385e+03   3.399877e+04   0.000000e+00   1492s
  181890    3.4916027e+03   2.726150e+04   0.000000e+00   1497s
  182277    3.4991701e+03   4.767191e+04   0.000000e+00   1503s
  182664    3.5046083e+03   2.789751e+04   0.000000e+00   1509s
  183051    3.5115015e+03   5.640662e+04   0.000000e+00   1514s
  183438    3.5178986e+03   3.180639e+04   0.000000e+00   1520s
  183825    3.5243814e+03   4.262363e+04   0.000000e+00   1525s
  184212    3.5304849e+03   2.007219e+04   0.000000e+00   1531s
  184599    3.5368505e+03   2.118980e+04   0.000000e+00   1536s
  184986    3.5435682e+03   3.088292e+04   0.000000e+00   1542s
  185373    3.5492358e+03   3.058399e+04   0.000000e+00   1547s
  185760    3.5554316e+03   3.041179e+04   0.000000e+00   1553s
  186147    3.5630463e+03   2.364998e+04   0.000000e+00   1558s
  186534    3.5689767e+03   3.464690e+04   0.000000e+00   1564s
  186921    3.5765848e+03   7.220590e+04   0.000000e+00   1569s
  187308    3.5850241e+03   4.481783e+04   0.000000e+00   1575s
  187695    3.5901479e+03   2.647479e+04   0.000000e+00   1580s
  188082    3.5968284e+03   3.228304e+04   0.000000e+00   1585s
  188469    3.6031258e+03   6.805510e+04   0.000000e+00   1589s
  188856    3.6096615e+03   3.075572e+05   0.000000e+00   1594s
  189243    3.6170854e+03   4.558963e+04   0.000000e+00   1599s
  189630    3.6232920e+03   1.423525e+05   0.000000e+00   1604s
  190017    3.6284104e+03   2.327968e+04   0.000000e+00   1609s
  190404    3.6332201e+03   4.515565e+04   0.000000e+00   1614s
  190791    3.6397210e+03   3.555232e+04   0.000000e+00   1619s
  191178    3.6465565e+03   1.016724e+05   0.000000e+00   1624s
  191565    3.6526774e+03   1.120443e+05   0.000000e+00   1630s
  191952    3.6574710e+03   1.749917e+04   0.000000e+00   1635s
  192339    3.6629243e+03   2.505218e+04   0.000000e+00   1640s
  192726    3.6683435e+03   1.610908e+04   0.000000e+00   1645s
  193113    3.6737050e+03   1.140021e+05   0.000000e+00   1651s
  193500    3.6799855e+03   5.229422e+04   0.000000e+00   1656s
  193887    3.6866075e+03   2.177503e+04   0.000000e+00   1662s
  194274    3.6949042e+03   3.492957e+04   0.000000e+00   1668s
  194661    3.7014275e+03   2.458412e+04   0.000000e+00   1673s
  195048    3.7084354e+03   2.348091e+04   0.000000e+00   1679s
  195435    3.7146817e+03   4.321530e+04   0.000000e+00   1685s
  195822    3.7206988e+03   5.916498e+04   0.000000e+00   1691s
  196209    3.7273182e+03   3.629248e+04   0.000000e+00   1697s
  196596    3.7350216e+03   3.259683e+04   0.000000e+00   1703s
  196983    3.7410782e+03   5.824457e+04   0.000000e+00   1709s
  197370    3.7469825e+03   4.143687e+04   0.000000e+00   1715s
  197757    3.7520335e+03   5.864847e+04   0.000000e+00   1720s
  198144    3.7604721e+03   4.389271e+04   0.000000e+00   1726s
  198531    3.7667936e+03   2.224744e+05   0.000000e+00   1732s
  198918    3.7724706e+03   3.270854e+04   0.000000e+00   1737s
  199305    3.7789630e+03   3.152810e+04   0.000000e+00   1743s
  199692    3.7853100e+03   3.941887e+04   0.000000e+00   1748s
  200079    3.7906323e+03   1.319303e+05   0.000000e+00   1754s
  200466    3.7962251e+03   2.728734e+04   0.000000e+00   1759s
  200853    3.8022984e+03   3.156366e+04   0.000000e+00   1765s
  201240    3.8087129e+03   4.104289e+04   0.000000e+00   1770s
  201627    3.8157530e+03   5.048407e+04   0.000000e+00   1776s
  202014    3.8221066e+03   6.542466e+04   0.000000e+00   1781s
  202401    3.8278670e+03   6.977212e+04   0.000000e+00   1787s
  202788    3.8330567e+03   2.349412e+04   0.000000e+00   1792s
  203175    3.8417095e+03   4.121430e+04   0.000000e+00   1798s
  203562    3.8490690e+03   5.724643e+04   0.000000e+00   1804s
  203949    3.8560435e+03   2.789925e+04   0.000000e+00   1809s
  204336    3.8623817e+03   2.904625e+04   0.000000e+00   1815s
  204723    3.8693166e+03   1.256031e+05   0.000000e+00   1821s
  205110    3.8748637e+03   3.207563e+04   0.000000e+00   1827s
  205497    3.8817854e+03   2.714966e+04   0.000000e+00   1833s
  205884    3.8870795e+03   2.757626e+05   0.000000e+00   1839s
  206271    3.8937307e+03   2.207206e+04   0.000000e+00   1845s
  206658    3.8986274e+03   3.825599e+04   0.000000e+00   1851s
  207045    3.9042984e+03   2.910571e+04   0.000000e+00   1857s
  207432    3.9096459e+03   3.909139e+04   0.000000e+00   1863s
  207819    3.9159149e+03   7.144743e+04   0.000000e+00   1870s
  208206    3.9226897e+03   2.488731e+04   0.000000e+00   1876s
  208593    3.9280273e+03   4.865675e+04   0.000000e+00   1882s
  208980    3.9343962e+03   2.256597e+04   0.000000e+00   1888s
  209367    3.9404441e+03   5.795795e+04   0.000000e+00   1893s
  209754    3.9467304e+03   4.242805e+04   0.000000e+00   1899s
  210141    3.9532673e+03   5.029954e+04   0.000000e+00   1905s
  210528    3.9595096e+03   6.008378e+04   0.000000e+00   1911s
  210915    3.9659062e+03   6.810321e+04   0.000000e+00   1916s
  211302    3.9717788e+03   2.579195e+04   0.000000e+00   1922s
  211689    3.9779034e+03   8.600119e+04   0.000000e+00   1928s
  212076    3.9832524e+03   3.186347e+04   0.000000e+00   1933s
  212463    3.9906294e+03   4.747142e+04   0.000000e+00   1939s
  212850    3.9971103e+03   5.585165e+04   0.000000e+00   1945s
  213237    4.0020887e+03   5.527001e+04   0.000000e+00   1950s
  213624    4.0071403e+03   2.047430e+04   0.000000e+00   1956s
  214011    4.0130660e+03   4.871528e+04   0.000000e+00   1962s
  214398    4.0192793e+03   1.293467e+05   0.000000e+00   1967s
  214785    4.0260959e+03   5.520464e+04   0.000000e+00   1973s
  215172    4.0336037e+03   2.940677e+04   0.000000e+00   1979s
  215559    4.0407292e+03   4.799258e+04   0.000000e+00   1985s
  215946    4.0476001e+03   2.920271e+04   0.000000e+00   1991s
  216333    4.0552379e+03   4.422622e+04   0.000000e+00   1997s
  216720    4.0624514e+03   5.200082e+04   0.000000e+00   2003s
  217107    4.0680849e+03   1.738890e+05   0.000000e+00   2010s
  217494    4.0742842e+03   4.715037e+04   0.000000e+00   2016s
  217881    4.0803028e+03   5.631742e+04   0.000000e+00   2022s
  218268    4.0887030e+03   3.190895e+04   0.000000e+00   2028s
  218655    4.0964717e+03   5.657325e+04   0.000000e+00   2034s
  219042    4.1034224e+03   3.085389e+04   0.000000e+00   2040s
  219429    4.1090885e+03   5.538639e+04   0.000000e+00   2046s
  219816    4.1178108e+03   4.271543e+05   0.000000e+00   2052s
  220203    4.1258948e+03   4.408421e+04   0.000000e+00   2058s
  220590    4.1332723e+03   9.622010e+04   0.000000e+00   2064s
  220977    4.1400668e+03   2.529146e+04   0.000000e+00   2069s
  221364    4.1455873e+03   3.710733e+04   0.000000e+00   2075s
  221751    4.1514993e+03   9.359573e+04   0.000000e+00   2081s
  222138    4.1579053e+03   2.339693e+04   0.000000e+00   2087s
  222525    4.1634351e+03   3.982013e+04   0.000000e+00   2092s
  222912    4.1700494e+03   3.374023e+04   0.000000e+00   2098s
  223299    4.1767677e+03   4.411716e+04   0.000000e+00   2104s
  223686    4.1829154e+03   1.046546e+05   0.000000e+00   2109s
  224073    4.1892308e+03   2.008258e+04   0.000000e+00   2115s
  224460    4.1938581e+03   2.586795e+04   0.000000e+00   2120s
  224847    4.1995552e+03   3.316574e+04   0.000000e+00   2126s
  225234    4.2058679e+03   2.689458e+04   0.000000e+00   2132s
  225621    4.2119543e+03   2.754756e+04   0.000000e+00   2138s
  226008    4.2171516e+03   2.519923e+06   0.000000e+00   2144s
  226395    4.2223141e+03   3.613288e+04   0.000000e+00   2149s
  226782    4.2304097e+03   4.474433e+04   0.000000e+00   2155s
  227169    4.2366953e+03   5.827860e+04   0.000000e+00   2161s
  227556    4.2425074e+03   2.724407e+04   0.000000e+00   2167s
  227943    4.2494565e+03   6.493790e+04   0.000000e+00   2173s
  228330    4.2557797e+03   3.050160e+04   0.000000e+00   2180s
  228717    4.2618795e+03   5.755380e+04   0.000000e+00   2186s
  229104    4.2687796e+03   3.191246e+04   0.000000e+00   2192s
  229491    4.2755261e+03   3.873049e+04   0.000000e+00   2198s
  229878    4.2816836e+03   2.679141e+04   0.000000e+00   2204s
  230265    4.2881933e+03   2.440660e+04   0.000000e+00   2210s
  230652    4.2961401e+03   3.125832e+04   0.000000e+00   2215s
  231039    4.3022855e+03   3.066448e+04   0.000000e+00   2221s
  231426    4.3086207e+03   8.508318e+04   0.000000e+00   2227s
  231813    4.3159771e+03   6.118094e+04   0.000000e+00   2233s
  232200    4.3209147e+03   2.460129e+04   0.000000e+00   2238s
  232587    4.3260816e+03   2.660919e+04   0.000000e+00   2244s
  232974    4.3305036e+03   1.259204e+05   0.000000e+00   2251s
  233361    4.3358191e+03   1.653669e+04   0.000000e+00   2257s
  233748    4.3412155e+03   1.717549e+04   0.000000e+00   2262s
  234135    4.3477678e+03   3.822849e+04   0.000000e+00   2268s
  234522    4.3535815e+03   4.110457e+04   0.000000e+00   2273s
  234909    4.3599742e+03   2.753215e+04   0.000000e+00   2279s
  235296    4.3663205e+03   8.528971e+04   0.000000e+00   2285s
  235683    4.3680465e+03   2.225310e+04   0.000000e+00   2290s
  236070    4.3740290e+03   5.069589e+04   0.000000e+00   2296s
  236457    4.3801994e+03   2.844370e+04   0.000000e+00   2302s
  236844    4.3855428e+03   1.911542e+05   0.000000e+00   2308s
  237231    4.3902963e+03   4.493107e+05   0.000000e+00   2314s
  237618    4.3941491e+03   3.682478e+04   0.000000e+00   2320s
  238005    4.3990337e+03   9.160920e+04   0.000000e+00   2326s
  238392    4.4059095e+03   1.731754e+04   0.000000e+00   2332s
  238779    4.4099148e+03   2.664600e+04   0.000000e+00   2339s
  239166    4.4154948e+03   2.580975e+04   0.000000e+00   2345s
  239553    4.4213942e+03   2.433464e+04   0.000000e+00   2351s
  239940    4.4277114e+03   3.143279e+04   0.000000e+00   2358s
  240327    4.4342333e+03   4.580813e+04   0.000000e+00   2364s
  240714    4.4382899e+03   6.301337e+04   0.000000e+00   2369s
  241101    4.4446550e+03   2.005895e+05   0.000000e+00   2376s
  241488    4.4496612e+03   2.220932e+04   0.000000e+00   2382s
  241875    4.4574885e+03   6.293983e+04   0.000000e+00   2388s
  242262    4.4641839e+03   3.097794e+04   0.000000e+00   2394s
  242649    4.4716541e+03   2.964429e+04   0.000000e+00   2400s
  243036    4.4771518e+03   1.754108e+05   0.000000e+00   2406s
  243423    4.4826507e+03   3.018519e+04   0.000000e+00   2412s
  243810    4.4874576e+03   6.868500e+04   0.000000e+00   2418s
  244197    4.4910137e+03   3.035382e+04   0.000000e+00   2423s
  244584    4.4962301e+03   8.487547e+04   0.000000e+00   2429s
  244971    4.5016679e+03   4.519931e+04   0.000000e+00   2435s
  245358    4.5068425e+03   3.910445e+04   0.000000e+00   2441s
  245745    4.5121883e+03   5.580933e+04   0.000000e+00   2447s
  246132    4.5190029e+03   2.139664e+04   0.000000e+00   2453s
  246519    4.5255369e+03   2.601062e+04   0.000000e+00   2459s
  246906    4.5325673e+03   3.666221e+04   0.000000e+00   2465s
  247293    4.5388779e+03   3.797615e+04   0.000000e+00   2471s
  247680    4.5449459e+03   3.386344e+04   0.000000e+00   2478s
  248067    4.5514028e+03   2.703712e+04   0.000000e+00   2484s
  248454    4.5563487e+03   5.354707e+04   0.000000e+00   2490s
  248841    4.5622740e+03   5.300464e+04   0.000000e+00   2496s
  249228    4.5680315e+03   1.721137e+04   0.000000e+00   2502s
  249615    4.5733830e+03   2.316310e+04   0.000000e+00   2509s
  250002    4.5810636e+03   7.718748e+04   0.000000e+00   2516s
  250389    4.5873603e+03   3.379548e+04   0.000000e+00   2523s
  250776    4.5939230e+03   3.359751e+04   0.000000e+00   2529s
  251163    4.5992852e+03   3.185417e+04   0.000000e+00   2536s
  251550    4.6047292e+03   2.639525e+05   0.000000e+00   2544s
  251937    4.6105466e+03   7.016896e+04   0.000000e+00   2550s
  252324    4.6180843e+03   6.335998e+04   0.000000e+00   2556s
  252711    4.6247028e+03   7.646835e+04   0.000000e+00   2562s
  253098    4.6323731e+03   6.600606e+04   0.000000e+00   2569s
  253485    4.6407033e+03   3.842086e+04   0.000000e+00   2575s
  253872    4.6479357e+03   5.181492e+04   0.000000e+00   2581s
  254259    4.6553265e+03   3.409894e+04   0.000000e+00   2587s
  254646    4.6619560e+03   1.032325e+05   0.000000e+00   2594s
  255033    4.6703233e+03   2.437352e+04   0.000000e+00   2600s
  255420    4.6765480e+03   2.370279e+04   0.000000e+00   2606s
  255807    4.6824617e+03   2.762048e+04   0.000000e+00   2612s
  256194    4.6891518e+03   1.434602e+05   0.000000e+00   2618s
  256581    4.6960179e+03   3.618604e+04   0.000000e+00   2626s
  256968    4.7018514e+03   2.953666e+04   0.000000e+00   2632s
  257355    4.7081985e+03   4.269248e+04   0.000000e+00   2639s
  257742    4.7130264e+03   4.490303e+04   0.000000e+00   2645s
  258129    4.7186654e+03   2.806536e+04   0.000000e+00   2651s
  258516    4.7251378e+03   1.644953e+05   0.000000e+00   2657s
  258903    4.7322221e+03   3.446503e+04   0.000000e+00   2664s
  259290    4.7381443e+03   4.027205e+04   0.000000e+00   2670s
  259677    4.7447753e+03   1.651031e+04   0.000000e+00   2677s
  260064    4.7513327e+03   6.532090e+04   0.000000e+00   2684s
  260451    4.7577021e+03   4.095367e+04   0.000000e+00   2691s
  260838    4.7640035e+03   5.724508e+04   0.000000e+00   2697s
  261225    4.7686010e+03   9.238585e+04   0.000000e+00   2703s
  261612    4.7687594e+03   4.909239e+04   0.000000e+00   2709s
  261999    4.7715420e+03   4.486849e+04   0.000000e+00   2715s
  262386    4.7773718e+03   4.234253e+04   0.000000e+00   2721s
  262773    4.7867506e+03   1.791134e+05   0.000000e+00   2727s
  263160    4.7964940e+03   3.859210e+04   0.000000e+00   2734s
  263547    4.8037856e+03   3.623244e+04   0.000000e+00   2742s
  263934    4.8106253e+03   4.217361e+04   0.000000e+00   2748s
  264321    4.8205845e+03   8.134200e+04   0.000000e+00   2755s
  264708    4.8274436e+03   8.309467e+04   0.000000e+00   2761s
  265095    4.8352509e+03   3.578975e+04   0.000000e+00   2767s
  265482    4.8411237e+03   8.193285e+04   0.000000e+00   2773s
  265869    4.8457180e+03   1.257619e+05   0.000000e+00   2779s
  266256    4.8500447e+03   6.193948e+04   0.000000e+00   2786s
  266643    4.8595322e+03   7.993127e+04   0.000000e+00   2792s
  267030    4.8651859e+03   1.208005e+05   0.000000e+00   2799s
  267417    4.8741651e+03   1.414681e+05   0.000000e+00   2805s
  267804    4.8907682e+03   6.841299e+04   0.000000e+00   2811s
  268191    4.9042508e+03   1.464446e+05   0.000000e+00   2818s
  268578    4.9154102e+03   3.209913e+05   0.000000e+00   2825s
  268965    4.9284202e+03   2.481423e+05   0.000000e+00   2831s
  269352    4.9382407e+03   1.563342e+05   0.000000e+00   2839s
  269739    4.9455146e+03   1.332915e+05   0.000000e+00   2845s
  270126    4.9548876e+03   3.770232e+05   0.000000e+00   2852s
  270513    4.9660666e+03   2.706817e+05   0.000000e+00   2859s
  270900    4.9766907e+03   6.792372e+04   0.000000e+00   2866s
  271287    4.9840193e+03   1.337706e+05   0.000000e+00   2872s
  271674    4.9905145e+03   5.072519e+04   0.000000e+00   2879s
  272061    4.9989604e+03   6.453470e+04   0.000000e+00   2885s
  272448    5.0045813e+03   5.994378e+04   0.000000e+00   2892s
  272835    5.0142005e+03   1.567813e+06   0.000000e+00   2898s
  273222    5.0204306e+03   9.480565e+04   0.000000e+00   2905s
  273609    5.0283891e+03   4.195970e+04   0.000000e+00   2911s
  273996    5.0362263e+03   7.679085e+04   0.000000e+00   2917s
  274383    5.0454586e+03   7.308317e+04   0.000000e+00   2924s
  274770    5.0524542e+03   1.099274e+05   0.000000e+00   2930s
  275157    5.0605288e+03   1.122216e+05   0.000000e+00   2937s
  275544    5.0681463e+03   6.918841e+04   0.000000e+00   2943s
  275931    5.0749308e+03   5.476872e+04   0.000000e+00   2950s
  276318    5.0840696e+03   9.063943e+04   0.000000e+00   2957s
  276705    5.0933784e+03   1.307692e+05   0.000000e+00   2963s
  277092    5.1017106e+03   2.539030e+05   0.000000e+00   2970s
  277479    5.1115375e+03   9.983519e+04   0.000000e+00   2977s
  277866    5.1238667e+03   6.026628e+04   0.000000e+00   2984s
  278253    5.1338494e+03   1.061683e+05   0.000000e+00   2991s
  278640    5.1385297e+03   6.421456e+04   0.000000e+00   2998s
  279027    5.1473058e+03   3.838192e+05   0.000000e+00   3005s
  279414    5.1563646e+03   1.017234e+05   0.000000e+00   3012s
  279801    5.1659504e+03   1.024522e+05   0.000000e+00   3019s
  280188    5.1720393e+03   9.846419e+04   0.000000e+00   3026s
  280575    5.1780662e+03   8.594083e+04   0.000000e+00   3032s
  280962    5.1868098e+03   3.168559e+05   0.000000e+00   3039s
  281349    5.1942260e+03   5.735372e+04   0.000000e+00   3046s
  281736    5.2050119e+03   2.266640e+05   0.000000e+00   3053s
  282123    5.2143889e+03   7.018704e+04   0.000000e+00   3060s
  282510    5.2236348e+03   1.412959e+05   0.000000e+00   3067s
  282897    5.2302056e+03   1.162385e+05   0.000000e+00   3074s
  283284    5.2350262e+03   2.828308e+05   0.000000e+00   3080s
  283671    5.2424019e+03   2.814405e+05   0.000000e+00   3086s
  284058    5.2524952e+03   7.277622e+04   0.000000e+00   3092s
  284445    5.2617977e+03   1.523750e+05   0.000000e+00   3099s
  284832    5.2709141e+03   1.398202e+05   0.000000e+00   3106s
  285219    5.2756976e+03   1.102821e+05   0.000000e+00   3113s
  285606    5.2821297e+03   8.506309e+04   0.000000e+00   3119s
  285993    5.2898946e+03   1.846728e+05   0.000000e+00   3126s
  286380    5.2978493e+03   1.142656e+05   0.000000e+00   3133s
  286767    5.3040073e+03   4.069003e+05   0.000000e+00   3140s
  287154    5.3112578e+03   2.599987e+05   0.000000e+00   3147s
  287541    5.3175434e+03   8.497839e+04   0.000000e+00   3154s
  287928    5.3265325e+03   1.390103e+05   0.000000e+00   3161s
  288315    5.3353666e+03   4.380953e+05   0.000000e+00   3169s
  288702    5.3420796e+03   4.301396e+05   0.000000e+00   3176s
  289089    5.3499823e+03   8.386687e+04   0.000000e+00   3183s
  289476    5.3583097e+03   1.468281e+05   0.000000e+00   3189s
  289863    5.3674089e+03   2.561663e+05   0.000000e+00   3196s
  290250    5.3747389e+03   7.513284e+04   0.000000e+00   3203s
  290637    5.3816728e+03   1.768727e+05   0.000000e+00   3210s
  291024    5.3924529e+03   1.587683e+05   0.000000e+00   3217s
  291411    5.4010013e+03   8.070362e+04   0.000000e+00   3224s
  291798    5.4111048e+03   9.440892e+04   0.000000e+00   3231s
  292185    5.4217839e+03   6.251710e+05   0.000000e+00   3238s
  292572    5.4314180e+03   1.651062e+05   0.000000e+00   3244s
  292959    5.4392245e+03   1.783037e+05   0.000000e+00   3251s
  293346    5.4471851e+03   9.384748e+05   0.000000e+00   3258s
  293733    5.4573681e+03   1.783516e+05   0.000000e+00   3265s
  294120    5.4665895e+03   2.465782e+05   0.000000e+00   3273s
  294507    5.4757428e+03   1.373897e+05   0.000000e+00   3280s
  294894    5.4832757e+03   1.179327e+05   0.000000e+00   3288s
  295281    5.4909888e+03   1.138616e+05   0.000000e+00   3295s
  295668    5.4979728e+03   2.867478e+05   0.000000e+00   3303s
  296055    5.5065877e+03   3.832951e+05   0.000000e+00   3311s
  296442    5.5133992e+03   1.943150e+05   0.000000e+00   3319s
  296829    5.5217993e+03   3.752678e+05   0.000000e+00   3326s
  297216    5.5295127e+03   4.150911e+05   0.000000e+00   3334s
  297603    5.5374383e+03   1.014379e+05   0.000000e+00   3342s
  297990    5.5486766e+03   1.697681e+05   0.000000e+00   3350s
  298377    5.5585345e+03   1.998547e+05   0.000000e+00   3358s
  298764    5.5659370e+03   1.000443e+05   0.000000e+00   3365s
  299151    5.5734257e+03   2.237449e+05   0.000000e+00   3372s
  299538    5.5789588e+03   2.582530e+05   0.000000e+00   3379s
  299925    5.5869265e+03   5.068191e+05   0.000000e+00   3386s
  300312    5.5938962e+03   1.111962e+05   0.000000e+00   3393s
  300699    5.6002669e+03   1.233923e+05   0.000000e+00   3400s
  301086    5.6058966e+03   2.417991e+05   0.000000e+00   3406s
  301473    5.6144368e+03   1.652591e+05   0.000000e+00   3413s
  301860    5.6226839e+03   1.607305e+05   0.000000e+00   3420s
  302247    5.6327752e+03   2.183949e+05   0.000000e+00   3428s
  302634    5.6446888e+03   1.472200e+05   0.000000e+00   3435s
  303021    5.6538619e+03   7.603310e+06   0.000000e+00   3442s
  303408    5.6657471e+03   1.983382e+05   0.000000e+00   3449s
  303795    5.6754655e+03   2.978405e+05   0.000000e+00   3455s
  304182    5.6855966e+03   2.929595e+05   0.000000e+00   3463s
  304569    5.6934276e+03   2.248136e+05   0.000000e+00   3471s
  304956    5.7035304e+03   1.723527e+05   0.000000e+00   3478s
  305343    5.7142535e+03   2.031094e+05   0.000000e+00   3486s
  305730    5.7207244e+03   1.284005e+05   0.000000e+00   3493s
  306117    5.7299425e+03   1.690131e+05   0.000000e+00   3501s
  306504    5.7397413e+03   1.833241e+05   0.000000e+00   3509s
  306891    5.7492667e+03   1.276538e+05   0.000000e+00   3519s
  307278    5.7576210e+03   8.601359e+05   0.000000e+00   3525s
  307665    5.7684391e+03   8.033172e+05   0.000000e+00   3532s
  308052    5.7792009e+03   1.652344e+06   0.000000e+00   3539s
  308439    5.7917065e+03   2.830423e+06   0.000000e+00   3545s
  308826    5.8010947e+03   1.850630e+05   0.000000e+00   3551s
  309213    5.8144367e+03   1.459268e+05   0.000000e+00   3556s
  309600    5.8254148e+03   1.331920e+06   0.000000e+00   3560s
  310374    5.8465346e+03   2.271906e+05   0.000000e+00   3568s
  310761    5.8570183e+03   1.639204e+05   0.000000e+00   3573s
  311148    5.8649270e+03   1.948986e+05   0.000000e+00   3577s
  311535    5.8741467e+03   2.788411e+05   0.000000e+00   3581s
  312309    5.8933388e+03   2.421786e+05   0.000000e+00   3589s
  312696    5.9037492e+03   5.516568e+05   0.000000e+00   3593s
  313083    5.9164890e+03   2.872023e+05   0.000000e+00   3597s

Root relaxation: time limit, 313404 iterations, 3585.21 seconds (631.21 work units)

    Nodes    |    Current Node    |     Objective Bounds      |     Work
 Expl Unexpl |  Obj  Depth IntInf | Incumbent    BestBd   Gap | It/Node Time

     0     0          -    0               -    0.00000      -     - 3600s

Explored 1 nodes (313404 simplex iterations) in 3600.01 seconds (636.91 work units)
Thread count was 1 (of 56 available processors)

Solution count 0

Time limit reached
Best objective -, best bound 0.000000000000e+00, gap -

User-callback calls 2339, time in user-callback 0.02 sec
ERROR: LoadError: Result index of attribute MathOptInterface.ObjectiveValue(1) out of bounds. There are currently 0 solution(s) in the model.
Stacktrace:
 [1] check_result_index_bounds
   @ ~/.julia/packages/MathOptInterface/gLl4d/src/attributes.jl:207 [inlined]
 [2] get(model::Gurobi.Optimizer, attr::MathOptInterface.ObjectiveValue)
   @ Gurobi ~/.julia/packages/Gurobi/qCzRR/src/MOI_wrapper/MOI_wrapper.jl:3316
 [3] _moi_get_result(model::Gurobi.Optimizer, args::MathOptInterface.ObjectiveValue)
   @ JuMP ~/.julia/packages/JuMP/i68GU/src/optimizer_interface.jl:1044
 [4] get(model::JuMP.Model, attr::MathOptInterface.ObjectiveValue)
   @ JuMP ~/.julia/packages/JuMP/i68GU/src/optimizer_interface.jl:1073
 [5] objective_value(model::JuMP.Model; result::Int64)
   @ JuMP ~/.julia/packages/JuMP/i68GU/src/objective.jl:122
 [6] objective_value
   @ ~/.julia/packages/JuMP/i68GU/src/objective.jl:118 [inlined]
 [7] nl_mcnd(ptype::String, graph::String, commodities::String, nodes::String, incr::Int64, cost::Symbol, solver::Gurobi.Optimizer, solver_params::Dict{String, Real}; solve::Bool, write_nl::Bool)
   @ IterativePWLB ~/git/ipwlb/code/sources/IterativePWLB/src/nlsolver.jl:1266
 [8] top-level scope
   @ ~/git/ipwlb/code/sources/IterativePWLB/test/gurobi/mcnd_arcs/script.jl:12
in expression starting at /home/ccontard/git/ipwlb/code/sources/IterativePWLB/test/gurobi/mcnd_arcs/script.jl:12
