solving instance mcnd arcs c25_100_10_V_L_5 3 6 sinabc2
Set parameter TokenServer to value "licences.gerad.lan"
Set parameter MIPGap to value 1e-06
Set parameter FuncPieceError to value 1e-06
Set parameter Threads to value 1
Set parameter FuncPieces to value -2
Set parameter TimeLimit to value 3600
Gurobi Optimizer version 12.0.2 build v12.0.2rc0 (linux64 - "AlmaLinux 9.6 (Sage Margay)")

CPU model: Intel(R) Xeon(R) Gold 6258R CPU @ 2.70GHz, instruction set [SSE2|AVX|AVX2|AVX512]
Thread count: 56 physical cores, 56 logical processors, using up to 1 threads

Non-default parameters:
TimeLimit  3600
MIPGap  1e-06
Threads  1
FuncPieces  -2
FuncPieceError  1e-06

Optimize a model with 1900 rows, 1750 columns and 8175 nonzeros
Model fingerprint: 0x1c3cf068
Model has 200 function constraints treated as nonlinear
  100 POW, 100 SIN
Variable types: 1625 continuous, 125 integer (125 binary)
Coefficient statistics:
  Matrix range     [2e-01, 4e+02]
  Objective range  [1e+00, 1e+02]
  Bounds range     [1e+00, 1e+10]
  RHS range        [1e+00, 5e+00]
Warning: Model contains large bounds
         Consider reformulating model or setting NumericFocus parameter
         to avoid numerical issues.
Presolve removed 529 rows and 368 columns
Presolve time: 0.02s
Presolved: 2163 rows, 1383 columns, 8452 nonzeros
Presolved model has 99 quadratic objective terms
Presolved model has 99 nonlinear constraint(s)

Solving non-convex MINLP

Variable types: 1287 continuous, 96 integer (96 binary)

Root relaxation: objective 4.757536e+03, 8386 iterations, 0.56 seconds (0.29 work units)

    Nodes    |    Current Node    |     Objective Bounds      |     Work
 Expl Unexpl |  Obj  Depth IntInf | Incumbent    BestBd   Gap | It/Node Time

     0     0 4757.53601    0  140          - 4757.53601      -     -    0s
H    0     0                    18017.571612 4757.53601  73.6%     -    0s
H    0     0                    16730.571166 4757.53601  71.6%     -    0s
H    0     0                    16659.573920 4757.53601  71.4%     -    0s
H    0     0                    16658.950721 4757.53601  71.4%     -    0s
H    0     0                    16658.946173 4757.53601  71.4%     -    0s
H    0     0                    16658.942658 4757.53601  71.4%     -    0s
     0     0 4820.85604    0  142 16658.9427 4820.85604  71.1%     -    0s
     0     0 4830.84912    0  142 16658.9427 4830.84912  71.0%     -    0s
     0     0 4851.60066    0  142 16658.9427 4851.60066  70.9%     -    0s
H    0     0                    16658.942290 4856.56451  70.8%     -    0s
     0     0 4856.56451    0  141 16658.9423 4856.56451  70.8%     -    0s
     0     0 4858.57166    0  142 16658.9423 4858.57166  70.8%     -    1s
     0     0 4860.97180    0  141 16658.9423 4860.97180  70.8%     -    1s
     0     0 4864.41976    0  142 16658.9423 4864.41976  70.8%     -    1s
     0     0 4865.41532    0  143 16658.9423 4865.41532  70.8%     -    1s
     0     0 4868.92964    0  144 16658.9423 4868.92964  70.8%     -    1s
     0     0 4869.95351    0  143 16658.9423 4869.95351  70.8%     -    1s
     0     0 4870.10649    0  146 16658.9423 4870.10649  70.8%     -    1s
H    0     0                    16086.658111 4870.41332  69.7%     -    1s
     0     0 4870.41332    0  146 16086.6581 4870.41332  69.7%     -    1s
     0     0 4871.42536    0  145 16086.6581 4871.42536  69.7%     -    1s
     0     0 4871.77262    0  143 16086.6581 4871.77262  69.7%     -    1s
     0     0 4871.84679    0  144 16086.6581 4871.84679  69.7%     -    1s
     0     0 5944.34819    0  146 16086.6581 5944.34819  63.0%     -    1s
     0     2 5946.56716    0  146 16086.6581 5946.56716  63.0%     -    1s
   102   100 7690.04078   59   34 16086.6581 6100.76581  62.1%   153    5s
H  162   156                    15537.392245 6100.76581  60.7%   114    6s
H  162   156                    15537.391956 6100.76581  60.7%   114    6s
H  162   156                    15400.391956 6100.76581  60.4%   114    6s
H  188   180                    15168.543313 6100.76581  59.8%   101    6s
H  188   180                    14986.543313 6100.76581  59.3%   101    6s
H  216   204                    14971.892619 6100.76581  59.3%  91.9    6s
H  216   204                    14959.032137 6100.76581  59.2%  91.9    6s
H  216   204                    14959.031100 6100.76581  59.2%  91.9    6s
H  216   204                    14950.172021 6100.76581  59.2%  91.9    6s
H  216   204                    14950.022469 6100.76581  59.2%  91.9    6s
H  240   228                    14909.582564 6100.76581  59.1%  84.9    7s
H  240   228                    14909.349806 6100.76581  59.1%  84.9    7s
H  240   228                    14909.349564 6100.76581  59.1%  84.9    7s
H  240   228                    14909.348956 6100.76581  59.1%  84.9    7s
H  243   231                    14907.316726 6100.76581  59.1%  84.5    7s
H  243   231                    14907.316661 6100.76581  59.1%  84.5    7s
   430   408 13422.8900  114   37 14907.3167 6135.94568  58.8%  95.0   10s
H  459   423                    14673.951330 6135.94568  58.2%  90.5   10s
H  460   422                    14575.374314 6135.94568  57.9%  90.3   10s
H  460   410                    14432.140209 6135.94568  57.5%  90.3   10s
H  460   410                    14422.140209 6135.94568  57.5%  90.3   10s
H  494   428                    14422.094238 6149.94090  57.4%  95.7   12s
   553   483 14272.1548  134   68 14422.0942 6189.84241  57.1%   100   15s
   571   497 6830.44914   19  132 14422.0942 6280.93336  56.4%   116   20s
   583   505 6799.77411   25  114 14422.0942 6334.20667  56.1%   116   25s
   600   516 7263.26924   33  116 14422.0942 6334.20667  56.1%   118   30s
   618   526 8568.15324   42  106 14422.0942 6334.20667  56.1%   119   35s
H  642   513                    14337.992794 6334.20667  55.8%   119   39s
   646   518 10211.5338   56   90 14337.9928 6334.20667  55.8%   120   40s
H  688   520                    14337.992779 6334.20667  55.8%   121   44s
   689   523 11294.4961   78   67 14337.9928 6334.20667  55.8%   121   45s
   780   566 9374.70840   28  118 14337.9928 6334.20667  55.8%   126   50s
H  785   545                    14290.177162 6334.20667  55.7%   126   51s
H  785   524                    14280.177162 6334.20667  55.6%   126   51s
H  785   504                    14244.119475 6334.20667  55.5%   126   51s
H  785   483                    14234.194450 6334.20667  55.5%   126   51s
H  785   460                    14144.194450 6334.20667  55.2%   126   51s
H  798   441                    13878.050671 6334.20667  54.4%   126   52s
H  824   442                    13868.248378 6334.20667  54.3%   127   53s
H  824   424                    13804.248378 6334.20667  54.1%   127   53s
H  876   439                    13705.052904 6334.20667  53.8%   125   55s
H  928   450                    13691.132823 6334.20667  53.7%   123   56s
  1041   513 11850.3022   68   95 13691.1328 6529.30926  52.3%   132   60s
H 1295   639                    13677.596224 6529.30926  52.3%   129   63s
  1361   687 9380.52241   33  118 13677.5962 6564.47171  52.0%   133   65s
  1673   980 12954.1345   98   40 13677.5962 6564.47171  52.0%   133   70s
  1882  1149 13676.8493  103   50 13677.5962 6570.20432  52.0%   145   75s
H 2026  1283                    13676.936576 6570.20432  52.0%   148   79s
  2042  1293     cutoff  102      13676.9366 6570.20432  52.0%   150   80s
  2362  1554 10508.4639   31  117 13676.9366 6799.77411  50.3%   153   85s
H 2379  1568                    13652.494598 6799.77411  50.2%   153   85s
H 2674  1797                    13645.163044 6830.44914  49.9%   152   90s
H 2674  1797                    13642.695871 6830.44914  49.9%   152   90s
H 2674  1797                    13642.499764 6830.44914  49.9%   152   90s
  2950  2041 12231.5788   42  120 13642.4998 6830.44914  49.9%   156   95s
H 3134  2201                    13642.499746 6949.88234  49.1%   154   99s
  3160  2229 9708.63846   32  114 13642.4997 6949.88234  49.1%   155  100s
H 3269  2336                    13642.253445 6949.88234  49.1%   154  102s
  3414  2451 9805.52333   33  106 13642.2534 6949.88234  49.1%   152  105s
H 3566  2601                    13642.253270 6949.88234  49.1%   151  107s
  3700  2713 13598.9104  119   36 13642.2533 6949.88234  49.1%   150  110s
H 3863  2862                    13637.305598 7077.59410  48.1%   153  113s
H 3919  2900                    13630.867006 7077.59410  48.1%   152  115s
  4166  3113     cutoff  100      13630.8670 7077.59410  48.1%   158  120s
  4422  3318 12576.3694   75   96 13630.8670 7110.69456  47.8%   160  125s
H 4667  3517                    13617.093420 7117.56192  47.7%   162  129s
H 4667  3517                    13617.058122 7117.56192  47.7%   162  129s
  4703  3555 11957.9963   60   96 13617.0581 7117.56192  47.7%   162  130s
H 4883  3699                    13616.652600 7149.23102  47.5%   165  133s
H 4883  3699                    13616.584428 7149.23102  47.5%   165  133s
H 4883  3659                    13565.250685 7149.23102  47.3%   165  133s
H 4883  3659                    13565.212246 7149.23102  47.3%   165  133s
H 4883  3659                    13565.198196 7149.23102  47.3%   165  133s
  4944  3712 11460.8956   49  110 13565.1982 7149.23102  47.3%   165  135s
  5080  3817 13498.1161   44  107 13565.1982 7149.39291  47.3%   173  140s
  5247  3946 9976.73972   35  117 13565.1982 7162.97914  47.2%   181  145s
H 5373  4017                    13558.609022 7175.67614  47.1%   188  149s
H 5373  4017                    13558.068924 7175.67614  47.1%   188  149s
H 5373  4017                    13558.066498 7175.67614  47.1%   188  149s
  5381  4027 12370.1213   56   91 13558.0665 7175.67614  47.1%   188  150s
H 5529  4058                    13503.335955 7231.19881  46.4%   191  154s
H 5529  3969                    13446.335955 7231.19881  46.2%   191  154s
  5537  3977 13373.2560   48   97 13446.3360 7231.19881  46.2%   192  155s
H 5564  3987                    13442.689821 7231.19881  46.2%   192  155s
H 5564  3987                    13442.667271 7231.19881  46.2%   192  155s
  5688  4066 9223.36701   23  124 13442.6673 7263.26924  46.0%   198  160s
  5864  4212 13385.7148   36  116 13442.6673 7292.28671  45.8%   203  165s
H 5888  4158                    13391.421147 7292.28671  45.5%   203  166s
H 5888  4158                    13391.298841 7292.28671  45.5%   203  166s
H 5888  4158                    13391.298439 7292.28671  45.5%   203  166s
H 5888  4158                    13391.294213 7292.28671  45.5%   203  166s
H 5888  4158                    13390.361056 7292.28671  45.5%   203  166s
H 5888  4157                    13389.945276 7292.28671  45.5%   203  166s
H 5888  4157                    13389.808689 7292.28671  45.5%   203  166s
H 5888  4157                    13389.808402 7292.28671  45.5%   203  166s
H 5888  4156                    13389.643423 7292.28671  45.5%   203  166s
H 5888  4156                    13389.639952 7292.28671  45.5%   203  166s
H 5888  4156                    13389.638065 7292.28671  45.5%   203  166s
H 5888  4153                    13387.169984 7292.28671  45.5%   203  166s
  5959  4192 13344.1175   45  107 13387.1700 7327.39676  45.3%   207  170s
  6090  4281 11087.9264   49  102 13387.1700 7379.15476  44.9%   210  175s
H 6193  4354                    13385.642443 7379.68936  44.9%   214  178s
  6247  4402 11570.2553   52  100 13385.6424 7396.70331  44.7%   214  180s
  6362  4471 13300.0519   33  120 13385.6424 7467.47317  44.2%   221  185s
  6469  4532 11818.1102   41   96 13385.6424 7490.12886  44.0%   226  190s
  6570  4607 13359.5994   49  111 13385.6424 7522.58952  43.8%   232  195s
  6663  4662 13304.4762   60   95 13385.6424 7548.20865  43.6%   238  200s
  6755  4718 10846.2752   46  103 13385.6424 7603.69787  43.2%   243  205s
H 6812  4757                    13385.642317 7606.58652  43.2%   245  207s
  6858  4773 13329.1350   54   95 13385.6423 7606.58652  43.2%   249  210s
  6954  4833     cutoff   75      13385.6423 7657.71901  42.8%   255  215s
H 6979  4844                    13384.024150 7707.37273  42.4%   257  216s
H 6979  4844                    13384.023564 7707.37273  42.4%   257  216s
H 6979  4844                    13384.023485 7707.37273  42.4%   257  216s
  7029  4882 13323.4317   48  100 13384.0235 7719.45263  42.3%   261  220s
  7151  4963 12985.8676   57  111 13384.0235 7830.16406  41.5%   264  225s
H 7215  5007                    13383.868216 7879.75944  41.1%   265  227s
H 7270  5054                    13383.867996 7879.75944  41.1%   264  229s
  7279  5063 13307.1175   55  104 13383.8680 7879.75944  41.1%   266  230s
  7347  5079 12112.6054   32   99 13383.8680 7923.01718  40.8%   271  235s
  7508  5196 13339.2581   81   86 13383.8680 8038.02321  39.9%   273  240s
  7621  5257     cutoff   38      13383.8680 8176.65611  38.9%   277  245s
  7718  5314 13213.8330   38  125 13383.8680 8246.54262  38.4%   281  250s
  7783  5339 10335.0272   32  126 13383.8680 8286.39045  38.1%   285  255s
  7952  5460 13287.1874   60   98 13383.8680 8310.69323  37.9%   285  260s
H 8025  5501                    13383.862843 8329.72468  37.8%   287  264s
H 8025  5501                    13383.854249 8329.72468  37.8%   287  264s
H 8025  5501                    13383.850851 8329.72468  37.8%   287  264s
  8050  5528 11744.7573   29  115 13383.8509 8330.97228  37.8%   287  265s
  8236  5712 12580.0403   57   99 13383.8509 8330.97228  37.8%   286  270s
  8368  5782 13313.0848   51  100 13383.8509 8333.58935  37.7%   291  275s
  8470  5847 13326.1956   38  117 13383.8509 8349.96646  37.6%   294  280s
  8545  5900 13356.8564   39  117 13383.8509 8352.23693  37.6%   297  285s
  8642  5967 13318.0529   44  120 13383.8509 8362.17692  37.5%   301  290s
  8715  6028 13176.4558   48  115 13383.8509 8372.53211  37.4%   304  295s
  8879  6158 10742.0262   41  111 13383.8509 8383.83179  37.4%   305  300s
  8996  6249 13339.1578   64   87 13383.8509 8407.63738  37.2%   307  305s
  9110  6325 13301.2097   62  106 13383.8509 8423.30348  37.1%   309  310s
  9180  6369 11109.7203   39   98 13383.8509 8450.21475  36.9%   313  315s
  9279  6432 13311.2287   53   97 13383.8509 8464.59091  36.8%   318  320s
  9397  6495 10465.4353   25  126 13383.8509 8507.54187  36.4%   319  325s
  9501  6573     cutoff   35      13383.8509 8516.12439  36.4%   322  330s
  9708  6720 12610.6293   40   97 13383.8509 8549.50972  36.1%   320  335s
  9851  6817 12342.7338   46   98 13383.8509 8568.15324  36.0%   321  340s
 10059  6973 11344.5423   25  135 13383.8509 8593.16570  35.8%   319  345s
 10202  7106 12110.8841   75   94 13383.8509 8593.16570  35.8%   319  350s
 10438  7282 11607.4272   44  120 13383.8509 8604.46934  35.7%   318  355s
 10645  7443 10006.1113   32  121 13383.8509 8616.45624  35.6%   318  360s
 10765  7527 13321.5741   52  111 13383.8509 8618.16092  35.6%   321  365s
 10836  7568 13302.5782   58  105 13383.8509 8626.34147  35.5%   324  370s
 10976  7664 12520.8397   50   97 13383.8509 8658.54525  35.3%   324  375s
 11091  7749 10844.0452   30  117 13383.8509 8670.69088  35.2%   327  380s
 11308  7933     cutoff   93      13383.8509 8678.95774  35.2%   326  385s
 11424  8003 13291.0106   50   94 13383.8509 8699.73910  35.0%   328  390s
 11537  8062 13309.9357   65   61 13383.8509 8715.75402  34.9%   330  395s
 11627  8084 12570.8778   25  128 13383.8509 8725.95754  34.8%   333  400s
 11711  8138 13074.3703   33  124 13383.8509 8732.53968  34.8%   335  405s
 11902  8301 13335.9303   67   90 13383.8509 8745.66547  34.7%   335  410s
 12051  8420 11767.7475   38  121 13383.8509 8765.75127  34.5%   334  415s
 12142  8469 13308.3623   52  103 13383.8509 8776.58926  34.4%   337  420s
 12229  8520 infeasible   46      13383.8509 8784.46583  34.4%   339  425s
 12396  8657 12737.5662   51  113 13383.8509 8785.98049  34.4%   339  430s
 12625  8839 12985.9559   31  110 13383.8509 8800.05989  34.2%   337  435s
 12730  8888 13335.8567   38  115 13383.8509 8801.31763  34.2%   340  440s
 12872  8984 13319.7372   48   88 13383.8509 8818.64515  34.1%   340  445s
 12963  9043 13294.0348   42  103 13383.8509 8843.47200  33.9%   342  450s
 13042  9092 11359.1492   40  126 13383.8509 8862.42820  33.8%   344  455s
 13236  9243 12780.4218   54  112 13383.8509 8877.64625  33.7%   343  460s
 13378  9345     cutoff   90      13383.8509 8880.33047  33.6%   345  465s
 13538  9469 11773.8546   38  113 13383.8509 8890.13919  33.6%   344  470s
 13708  9611 11533.8766   35  116 13383.8509 8911.84178  33.4%   344  475s
 13882  9754 13341.4713   90   72 13383.8509 8923.01477  33.3%   344  480s
 13972  9807 11911.3432   63  100 13383.8509 8932.99202  33.3%   345  485s
 14093  9890     cutoff   79      13383.8509 8938.99083  33.2%   347  490s
 14220  9981 13293.0479   61  109 13383.8509 8952.64822  33.1%   347  495s
 14354 10073 13331.2741   41  125 13383.8509 8958.06502  33.1%   348  500s
 14485 10170 13068.5515   47  109 13383.8509 8962.05722  33.0%   349  505s
 14574 10251 12363.1078   69   97 13383.8509 8966.89731  33.0%   349  510s
 14711 10352 9986.36311   32  115 13383.8509 8973.18361  33.0%   349  515s
 14889 10515 13331.6216   71   70 13383.8509 8984.11217  32.9%   348  520s
 14981 10555 9956.64315   50  102 13383.8509 8998.91503  32.8%   349  525s
 15104 10652     cutoff  102      13383.8509 9008.58244  32.7%   350  530s
 15305 10773 11429.8265   41   94 13383.8509 9027.48126  32.5%   350  535s
 15615 11029 10854.6414   37  122 13383.8509 9035.42124  32.5%   346  540s
 15763 11155 13383.3027   82   90 13383.8509 9036.10727  32.5%   347  545s
 15812 11160     cutoff   48      13383.8509 9036.19399  32.5%   351  550s
 15870 11190     cutoff   34      13383.8509 9039.76971  32.5%   353  555s
 15955 11245 12139.3068   31  127 13383.8509 9053.36667  32.4%   354  560s
 16067 11317 13329.7403   81   89 13383.8509 9053.65906  32.4%   355  565s
 16208 11392 12750.3833   40  109 13383.8509 9065.03523  32.3%   355  570s
 16296 11442     cutoff   44      13383.8509 9076.18965  32.2%   357  575s
 16448 11558 13297.4107  103   40 13383.8509 9078.30442  32.2%   357  580s
 16519 11592 13150.7500   39  114 13383.8509 9084.28907  32.1%   359  585s
 16632 11667 11304.7663   41  115 13383.8509 9096.30588  32.0%   360  590s
 16719 11720 13326.4933   40  103 13383.8509 9098.03314  32.0%   362  595s
 16881 11838 12003.2318   25  129 13383.8509 9112.38606  31.9%   361  600s
 16980 11901 9883.06398   32  120 13383.8509 9125.72994  31.8%   362  605s
 17076 11965 13372.4432   52  101 13383.8509 9125.90461  31.8%   364  610s
H17147 11984                    13383.850834 9132.73348  31.8%   365  613s
 17198 12029 12185.2983   44  113 13383.8508 9135.99644  31.7%   365  615s
 17312 12113 12175.2059   69   78 13383.8508 9136.67362  31.7%   365  620s
 17436 12190 13345.2680   77   69 13383.8508 9137.27122  31.7%   366  625s
 17626 12348 13110.0550   65  101 13383.8508 9148.66909  31.6%   365  630s
 17702 12386 11200.7455   48  114 13383.8508 9151.79168  31.6%   367  635s
 17857 12509     cutoff   57      13383.8508 9156.92132  31.6%   367  640s
 17974 12598 13321.1705   82   83 13383.8508 9162.21041  31.5%   368  645s
 18028 12621 11228.8994   33  122 13383.8508 9163.91956  31.5%   370  650s
 18166 12745 13283.0324   83   72 13383.8508 9163.91956  31.5%   370  655s
 18301 12806 13325.0666   47  114 13383.8508 9167.56617  31.5%   371  660s
H18318 12817                    13383.850779 9173.91870  31.5%   371  661s
 18381 12858 11698.2537   41  105 13383.8508 9181.38213  31.4%   372  665s
 18540 12983 11464.8773   47   93 13383.8508 9193.65135  31.3%   372  670s
 18696 13115 13267.5938   77   90 13383.8508 9193.80437  31.3%   371  675s
 18832 13220 12436.0528   64   77 13383.8508 9196.82375  31.3%   372  680s
 18934 13279 13297.6597   42  113 13383.8508 9205.06396  31.2%   373  685s
 19019 13342     cutoff   78      13383.8508 9209.69088  31.2%   374  690s
 19093 13369 12534.4447   34  110 13383.8508 9217.84546  31.1%   376  695s
 19197 13455 13294.9240   72   81 13383.8508 9217.84546  31.1%   377  700s
 19364 13566 11360.3513   42  114 13383.8508 9223.36701  31.1%   377  705s
 19464 13614 13348.4804   37  121 13383.8508 9229.78222  31.0%   377  710s
 19643 13741 12329.8387   43   93 13383.8508 9230.98324  31.0%   377  715s
 19679 13759 13331.0676   52   96 13383.8508 9230.98324  31.0%   378  720s
 19803 13843     cutoff   50      13383.8508 9232.65723  31.0%   378  725s
 19943 13946 9679.33649   29  126 13383.8508 9238.37507  31.0%   378  730s
 20082 14061 13306.7396   66   82 13383.8508 9244.86662  30.9%   378  735s
 20184 14129     cutoff   54      13383.8508 9245.95580  30.9%   379  740s
 20428 14277 13372.1768   42  107 13383.8508 9245.95580  30.9%   378  745s
 20600 14410 13159.3270   46  109 13383.8508 9250.66733  30.9%   377  750s
 20690 14475 13320.0334   87   79 13383.8508 9253.98491  30.9%   379  755s
 20880 14642 13312.3454   89   71 13383.8508 9254.97197  30.8%   378  760s
 20958 14691 10765.2675   43  117 13383.8508 9255.30919  30.8%   379  765s
 21150 14859 11306.2525   48   86 13383.8508 9256.02146  30.8%   378  770s
 21281 14950     cutoff   72      13383.8508 9258.87335  30.8%   378  775s
 21379 15012 11103.1083   28  120 13383.8508 9270.56970  30.7%   379  780s
 21552 15168 12080.3249   58   81 13383.8508 9277.05055  30.7%   379  785s
 21730 15306     cutoff  100      13383.8508 9277.28852  30.7%   378  790s
 21849 15366     cutoff   70      13383.8508 9284.01908  30.6%   379  795s
 21940 15414 11603.3659   45  100 13383.8508 9290.48417  30.6%   380  800s
 22031 15487 12764.4384   73  102 13383.8508 9293.47468  30.6%   380  805s
 22193 15621 12763.6984   79   90 13383.8508 9293.73212  30.6%   380  810s
 22314 15698 13292.8600   69   82 13383.8508 9296.81853  30.5%   381  815s
 22373 15731 13356.7739   40  109 13383.8508 9299.64947  30.5%   383  820s
 22468 15780 13382.6801   65   59 13383.8508 9306.39312  30.5%   384  825s
 22569 15854 13337.1162   53  112 13383.8508 9310.91139  30.4%   385  830s
 22702 15941 13344.6756   59  121 13383.8508 9317.41620  30.4%   385  835s
 22779 15986 13354.3189   82   53 13383.8508 9317.41620  30.4%   386  840s
 22913 16082 11713.5664   68  103 13383.8508 9319.25575  30.4%   386  845s
 23019 16152 11413.6705   43  107 13383.8508 9326.25743  30.3%   387  850s
 23114 16225 11607.5718   42  118 13383.8508 9328.23946  30.3%   387  855s
 23227 16306 9922.19576   26  120 13383.8508 9329.77195  30.3%   388  860s
 23442 16490 13340.2482  104   70 13383.8508 9330.58850  30.3%   386  865s
 23579 16595 13118.2216   53  110 13383.8508 9332.56273  30.3%   386  870s
 23728 16710 13033.3890   68   78 13383.8508 9341.26404  30.2%   386  875s
 23944 16898 13271.1389   74   77 13383.8508 9345.66839  30.2%   385  880s
 24056 16972 13329.0436   80   82 13383.8508 9346.76893  30.2%   385  885s
 24190 17053 10692.6721   36  100 13383.8508 9350.59815  30.1%   386  890s
 24316 17159 11914.3675   37  113 13383.8508 9351.22494  30.1%   386  895s
 24583 17384     cutoff   99      13383.8508 9351.27445  30.1%   384  900s
 24716 17488 10646.8849   35  126 13383.8508 9353.36915  30.1%   383  906s
 24763 17514 9767.13420   25  130 13383.8508 9355.81179  30.1%   384  910s
 24892 17613 11208.1835   47  108 13383.8508 9362.18413  30.0%   384  915s
 25044 17730 13364.3502   45  104 13383.8508 9362.34359  30.0%   384  920s
 25237 17887 13342.1753  102   43 13383.8508 9362.34359  30.0%   383  925s
 25280 17894 9783.40720   34  117 13383.8508 9364.22548  30.0%   385  930s
 25326 17913     cutoff   50      13383.8508 9364.22548  30.0%   387  935s
 25464 18013 13339.1284   67  105 13383.8508 9365.34850  30.0%   387  940s
 25589 18109 13358.7807   64   76 13383.8508 9367.73020  30.0%   388  945s
 25814 18302 12387.5921   58  100 13383.8508 9369.98469  30.0%   386  950s
 25935 18385 13363.9220   89   83 13383.8508 9374.70840  30.0%   387  955s
 26081 18493 11722.1305   37  122 13383.8508 9380.52241  29.9%   387  960s
 26326 18700 13323.1360   86   82 13383.8508 9383.54005  29.9%   385  965s
 26477 18811 13102.0001   51  104 13383.8508 9384.75431  29.9%   385  970s
 26642 18943 13332.5085   83   98 13383.8508 9386.94671  29.9%   385  975s
 26771 19037     cutoff   66      13383.8508 9389.53129  29.8%   385  980s
 26833 19073 12774.5691   44  114 13383.8508 9389.53129  29.8%   387  985s
 26932 19142 13303.4371   82   79 13383.8508 9391.20037  29.8%   387  990s
H27000 19192                    13383.849988 9393.08158  29.8%   387  992s
 27035 19229 11561.7487   47  118 13383.8500 9393.08158  29.8%   388  995s
 27240 19385 12928.2609   48   93 13383.8500 9399.74478  29.8%   387 1000s
 27410 19513 12674.1268   49   99 13383.8500 9404.06137  29.7%   387 1005s
 27604 19667 13345.9462   49   85 13383.8500 9404.53935  29.7%   386 1010s
 27713 19732 11598.6871   34  123 13383.8500 9411.95739  29.7%   387 1015s
 27847 19820 12555.1283   71  103 13383.8500 9413.57095  29.7%   387 1020s
 27975 19906 13343.6330   86   77 13383.8500 9416.30772  29.6%   387 1025s
 28054 19947 13314.8283   61   60 13383.8500 9416.42248  29.6%   389 1030s
 28233 20092 11116.4313   30  127 13383.8500 9422.50313  29.6%   388 1035s
 28357 20198 12012.1565   54  103 13383.8500 9422.56818  29.6%   388 1040s
 28504 20324 13367.9198   94   88 13383.8500 9425.94467  29.6%   389 1045s
 28579 20375 12479.5495   55  107 13383.8500 9428.45091  29.6%   389 1050s
 28725 20487     cutoff   43      13383.8500 9430.97425  29.5%   389 1055s
 28826 20558 13353.3659   60   75 13383.8500 9434.79971  29.5%   390 1060s
 29012 20724 13157.7397   85   67 13383.8500 9437.75777  29.5%   389 1065s
 29090 20750 9588.44592   33   99 13383.8500 9440.44138  29.5%   390 1070s
 29287 20913 12335.7532   45  110 13383.8500 9444.39415  29.4%   390 1075s
 29508 21082 12517.6083   71   98 13383.8500 9445.63840  29.4%   389 1080s
 29632 21154 12681.5014   61   68 13383.8500 9451.29201  29.4%   389 1085s
 29756 21236 13073.8930   75  102 13383.8500 9455.18637  29.4%   390 1090s
 29787 21255 11865.2336   47  114 13383.8500 9455.18637  29.4%   391 1095s
 29941 21378 13371.4221   83   84 13383.8500 9457.97929  29.3%   390 1100s
 30101 21508     cutoff   51      13383.8500 9459.86273  29.3%   389 1105s
 30349 21712 12420.2981   34  126 13383.8500 9464.11674  29.3%   388 1110s
 30561 21870 13233.2702   62  104 13383.8500 9469.06907  29.3%   386 1115s
 30649 21918 12756.3213   46  114 13383.8500 9470.31833  29.2%   387 1120s
 30885 22118 11347.6466   42   94 13383.8500 9472.17437  29.2%   386 1125s
 31001 22192 10401.6036   35  116 13383.8500 9475.27563  29.2%   386 1130s
 31141 22312 13310.0018   68   76 13383.8500 9478.39737  29.2%   386 1135s
 31335 22458 11630.7796   32  119 13383.8500 9483.51305  29.1%   385 1140s
 31474 22543 13354.1026   83   76 13383.8500 9483.75307  29.1%   385 1145s
 31602 22633 10671.9714   36  123 13383.8500 9488.13286  29.1%   385 1150s
 31802 22793 12738.6872   39  118 13383.8500 9489.77014  29.1%   384 1155s
 31898 22835 13358.5435   66   77 13383.8500 9489.89852  29.1%   385 1160s
 31986 22887 11618.6775   30  104 13383.8500 9490.51907  29.1%   385 1165s
 32100 22977     cutoff   73      13383.8500 9490.75561  29.1%   385 1170s
 32214 23057 13327.4945   52   85 13383.8500 9491.98705  29.1%   385 1175s
 32377 23184 12890.5311   84   65 13383.8500 9493.73440  29.1%   385 1180s
 32501 23273 12819.5839   44  100 13383.8500 9494.72127  29.1%   385 1185s
 32604 23344 13350.8153   62   89 13383.8500 9497.25156  29.0%   386 1190s
 32736 23425     cutoff   66      13383.8500 9499.93571  29.0%   386 1195s
 32826 23485 13335.3989   42  104 13383.8500 9500.80037  29.0%   386 1200s
 32966 23579 13179.6054   49  101 13383.8500 9504.48814  29.0%   386 1205s
 33040 23611 13376.2084   44  101 13383.8500 9506.83087  29.0%   387 1210s
 33164 23677     cutoff   51      13383.8500 9509.27603  28.9%   387 1215s
 33326 23809     cutoff   71      13383.8500 9509.88743  28.9%   387 1220s
 33458 23914 13327.8873   60  107 13383.8500 9512.03186  28.9%   387 1225s
H33489 23937                    13383.849236 9512.41562  28.9%   387 1227s
 33663 24101 13293.0070  106   46 13383.8492 9512.41562  28.9%   386 1230s
 33711 24121 13330.4261   44  102 13383.8492 9513.33322  28.9%   388 1235s
 33870 24244 13215.2590   43   98 13383.8492 9514.58186  28.9%   388 1240s
 33955 24297 12386.8790   45  114 13383.8492 9517.83024  28.9%   388 1245s
 34103 24411 13310.4357   76   88 13383.8492 9520.51418  28.9%   388 1250s
 34176 24476 11072.7017   44  113 13383.8492 9520.93059  28.9%   389 1255s
 34422 24676 13359.3635   79   74 13383.8492 9520.93059  28.9%   387 1260s
 34492 24700 13354.9484   88   67 13383.8492 9520.93059  28.9%   388 1265s
 34687 24868     cutoff   85      13383.8492 9525.12149  28.8%   387 1270s
 34832 24971 13356.5208   91   92 13383.8492 9526.76214  28.8%   388 1275s
 34879 24990     cutoff   61      13383.8492 9528.23433  28.8%   388 1280s
 35018 25095 9636.27676   52   83 13383.8492 9530.50828  28.8%   388 1285s
 35149 25188 12000.6581   64  106 13383.8492 9530.59830  28.8%   388 1290s
 35227 25243 13355.5985   56  121 13383.8492 9531.95244  28.8%   389 1295s
 35385 25353 12225.1467   45  107 13383.8492 9538.32932  28.7%   389 1300s
 35504 25426     cutoff   68      13383.8492 9538.35377  28.7%   390 1305s
 35558 25460 13360.5785   61  111 13383.8492 9538.97110  28.7%   391 1310s
 35716 25572 12958.2601   82   67 13383.8492 9542.10868  28.7%   391 1315s
 35866 25682 13371.0104   57  104 13383.8492 9545.79724  28.7%   391 1320s
 36055 25832 12369.5183   53   92 13383.8492 9549.30339  28.7%   390 1325s
 36195 25956 13313.0549   80   83 13383.8492 9550.03253  28.6%   390 1330s
 36309 26036 13361.2915   39   99 13383.8492 9553.94230  28.6%   390 1335s
 36500 26171 13188.6806   53   86 13383.8492 9557.57060  28.6%   390 1340s
 36593 26222 12312.8875   66  106 13383.8492 9559.26906  28.6%   390 1345s
 36706 26301 13289.9197   60   91 13383.8492 9559.91370  28.6%   391 1350s
 36756 26313     cutoff   51      13383.8492 9560.84152  28.6%   392 1355s
 36892 26407 11019.9119   47  105 13383.8492 9563.35779  28.5%   392 1360s
 37045 26520 9663.65271   37  120 13383.8492 9564.19128  28.5%   392 1365s
 37108 26565 13303.1319   58   96 13383.8492 9564.51267  28.5%   393 1370s
 37272 26669 13139.8973   44   97 13383.8492 9565.97323  28.5%   392 1375s
 37489 26839 13311.3360   56  114 13383.8492 9569.77985  28.5%   392 1380s
 37553 26869 12919.7243   34  120 13383.8492 9571.57087  28.5%   392 1385s
 37662 26952 13298.5639   45  102 13383.8492 9571.84906  28.5%   392 1390s
 37783 27035 10656.1833   42  106 13383.8492 9576.84574  28.4%   392 1395s
 37881 27099 13350.5148   34  129 13383.8492 9578.88066  28.4%   393 1400s
 37984 27162 9810.37435   37  120 13383.8492 9584.24836  28.4%   393 1405s
 38195 27345 13363.6128   87   60 13383.8492 9584.89999  28.4%   392 1410s
 38417 27536 13376.6193   80   89 13383.8492 9586.34368  28.4%   391 1415s
 38516 27611 13378.3798   85   92 13383.8492 9587.34085  28.4%   392 1420s
 38628 27687 13369.0502   49  110 13383.8492 9588.44592  28.4%   392 1425s
 38806 27809 13010.2420   69   90 13383.8492 9593.66962  28.3%   392 1430s
 38943 27906 11109.5861   49   94 13383.8492 9598.93422  28.3%   392 1435s
 39057 27964 10488.2480   26  134 13383.8492 9602.45995  28.3%   392 1440s
 39192 28072 10029.4568   30  123 13383.8492 9604.37011  28.2%   392 1445s
 39320 28154 10483.3304   43  119 13383.8492 9605.43560  28.2%   392 1450s
 39542 28336 13118.1045   53   80 13383.8492 9606.14370  28.2%   391 1455s
 39712 28460 11081.1909   41   80 13383.8492 9606.56077  28.2%   391 1460s
 39852 28574 13327.1704   61  104 13383.8492 9607.69883  28.2%   391 1465s
 39897 28599 13343.0146   60  106 13383.8492 9608.60403  28.2%   392 1470s
 39940 28630 13308.1595   46  104 13383.8492 9609.94116  28.2%   392 1475s
 40039 28703 13354.2333   91   52 13383.8492 9610.28621  28.2%   392 1480s
 40120 28754 13363.9366   57   90 13383.8492 9610.64287  28.2%   393 1485s
 40303 28903 13344.2773   99   71 13383.8492 9612.33671  28.2%   393 1490s
 40391 28948 13339.5083   52   97 13383.8492 9615.48211  28.2%   393 1495s
 40449 28984 13357.9759   65  101 13383.8492 9621.02012  28.1%   394 1500s
 40615 29126 12696.7131   75   71 13383.8492 9621.17807  28.1%   394 1505s
 40779 29248     cutoff   66      13383.8492 9622.41254  28.1%   394 1510s
 40942 29384 13339.1168   91   72 13383.8492 9625.09499  28.1%   394 1515s
 41001 29411     cutoff   60      13383.8492 9626.14512  28.1%   395 1520s
 41183 29553 13347.5528   38  111 13383.8492 9629.57849  28.1%   395 1525s
 41262 29604 13324.4700   38  131 13383.8492 9629.75132  28.0%   395 1530s
 41301 29611 13339.1175   47   95 13383.8492 9630.39649  28.0%   396 1535s
 41358 29640 11716.5473   51   88 13383.8492 9634.84249  28.0%   397 1540s
 41471 29723 13378.6842   63  103 13383.8492 9635.71540  28.0%   397 1545s
H41539 29615                    13353.586266 9636.42258  27.8%   397 1548s
H41539 29611                    13353.316451 9636.42258  27.8%   397 1548s
H41539 29611                    13353.314546 9636.42258  27.8%   397 1548s
H41539 29611                    13353.313551 9636.42258  27.8%   397 1548s
 41641 29693 13075.7762   50  119 13353.3136 9638.68149  27.8%   397 1550s
H41646 29696                    13353.313456 9638.68149  27.8%   397 1550s
 41834 29872     cutoff  103      13353.3135 9638.68149  27.8%   396 1555s
 41958 29957 13301.8345   51  109 13353.3135 9642.09098  27.8%   396 1560s
 42084 30037 12466.6232   36  113 13353.3135 9643.58731  27.8%   397 1565s
 42205 30112 13299.4542   53   87 13353.3135 9644.33680  27.8%   397 1570s
 42390 30271 13043.4975   75   80 13353.3135 9645.36584  27.8%   396 1575s
 42500 30355 13317.5279   45  116 13353.3135 9647.27466  27.8%   397 1580s
 42633 30449 13308.9734   42   95 13353.3135 9648.20818  27.7%   397 1585s
 42710 30478 13351.1567   47  101 13353.3135 9652.35148  27.7%   397 1590s
 42774 30503 13304.2792   49  101 13353.3135 9653.55341  27.7%   398 1595s
H42779 30325                    13327.298857 9653.55341  27.6%   398 1596s
H42779 30325                    13327.298793 9653.55341  27.6%   398 1596s
 42918 30438 13108.1174   80   77 13327.2988 9655.02520  27.6%   398 1600s
 43007 30495 13254.6583   50   96 13327.2988 9656.09389  27.5%   399 1605s
 43162 30610 13326.1430   94   77 13327.2988 9656.41971  27.5%   399 1610s
 43286 30699     cutoff   99      13327.2988 9658.88062  27.5%   399 1615s
 43420 30803 13303.4934   95   73 13327.2988 9659.91187  27.5%   399 1620s
H43442 30807                    13327.298696 9662.30873  27.5%   400 1621s
H43442 30807                    13327.298656 9662.30873  27.5%   400 1621s
 43485 30826 11906.8553   33  120 13327.2987 9662.73603  27.5%   400 1625s
 43551 30866 13273.2234   62  113 13327.2987 9663.65271  27.5%   401 1630s
 43696 30971 13126.5516   30  126 13327.2987 9665.83325  27.5%   401 1635s
 43777 31018     cutoff   51      13327.2987 9668.09108  27.5%   401 1640s
 43863 31074 11869.0367   51   79 13327.2987 9668.58884  27.5%   402 1645s
 43994 31182 12627.0193   32  121 13327.2987 9669.57346  27.4%   401 1650s
 44088 31237 12678.3926   42  114 13327.2987 9670.66147  27.4%   402 1655s
 44144 31268 13254.7175   54  112 13327.2987 9672.81554  27.4%   403 1660s
 44285 31365 10081.3878   34  127 13327.2987 9675.93393  27.4%   403 1665s
H44311 31389                    13327.298496 9675.93393  27.4%   403 1666s
 44429 31503 13278.7775   81   75 13327.2985 9675.93393  27.4%   402 1670s
H44460 31522                    13327.289328 9675.93393  27.4%   402 1671s
 44569 31600 13289.3730   46  105 13327.2893 9676.11688  27.4%   402 1675s
 44715 31710 13310.6176   96   91 13327.2893 9676.73307  27.4%   402 1680s
 44771 31744 11880.0534   53   98 13327.2893 9677.84736  27.4%   403 1685s
 44878 31820 12454.3689   60  106 13327.2893 9679.12598  27.4%   403 1690s
H44937 31867                    13327.289243 9679.27785  27.4%   403 1692s
 44995 31915 12743.8811   63   99 13327.2892 9679.27785  27.4%   403 1695s
 45056 31962 13293.6736   57   99 13327.2892 9679.33649  27.4%   403 1700s
 45097 31980 10426.4511   33   95 13327.2892 9679.64269  27.4%   404 1705s
 45247 32100 11908.8275   34  120 13327.2892 9679.96160  27.4%   404 1710s
 45331 32164 11384.0594   51  110 13327.2892 9680.58745  27.4%   405 1715s
 45479 32277 13264.7505   63   90 13327.2892 9681.49030  27.4%   405 1720s
 45709 32461 12438.0041   62   75 13327.2892 9684.04349  27.3%   404 1725s
 45862 32588 13119.3466   79   96 13327.2892 9686.24150  27.3%   403 1730s
 45935 32633 11234.3516   46  117 13327.2892 9688.73972  27.3%   404 1735s
 46022 32689 13325.6259   48  101 13327.2892 9689.60560  27.3%   405 1740s
 46145 32768 11512.2606   31  120 13327.2892 9693.23586  27.3%   405 1745s
 46193 32788 12045.6893   39  123 13327.2892 9693.41691  27.3%   406 1750s
 46413 32952 13271.8063   61   90 13327.2892 9697.05591  27.2%   405 1755s
 46475 32980 12759.6301   37  126 13327.2892 9698.82378  27.2%   405 1760s
H46547 33029                    13327.289205 9699.91807  27.2%   406 1764s
 46555 33037 13280.8550   46   89 13327.2892 9699.91807  27.2%   406 1765s
H46573 33039                    13327.289060 9700.96649  27.2%   406 1767s
 46591 33045 13298.9688   51   97 13327.2891 9700.96649  27.2%   407 1770s
H46625 33061                    13325.964950 9701.21903  27.2%   407 1771s
 46748 33170 13248.7377   82   79 13325.9649 9701.21903  27.2%   407 1775s
H46782 33180                    13325.964883 9701.30541  27.2%   407 1777s
 46832 33216 13314.8785   66   86 13325.9649 9701.68143  27.2%   407 1780s
 46949 33302 13270.9850   90   76 13325.9649 9703.16420  27.2%   407 1785s
 47057 33380 10606.2398   35  123 13325.9649 9707.92459  27.2%   408 1790s
 47225 33534 13245.8386  101   69 13325.9649 9708.39733  27.1%   407 1795s
 47373 33650 12174.5529   55   96 13325.9649 9709.33734  27.1%   407 1800s
 47579 33846 13264.8276   82   81 13325.9649 9709.33734  27.1%   407 1805s
 47635 33868 10561.2196   32  116 13325.9649 9713.29207  27.1%   408 1810s
 47715 33932 13305.9586   48  104 13325.9649 9714.54973  27.1%   408 1815s
H47784 33979                    13325.963582 9716.12584  27.1%   408 1817s
 47820 33998 13258.2496   42  127 13325.9636 9716.12584  27.1%   409 1820s
 47866 34020 13242.2520   52  115 13325.9636 9717.68988  27.1%   409 1825s
 48051 34154 13325.0691  114   51 13325.9636 9717.91965  27.1%   409 1830s
 48176 34251 13312.8383   72   77 13325.9636 9720.11091  27.1%   409 1835s
 48267 34318     cutoff   41      13325.9636 9721.26097  27.1%   409 1840s
 48316 34353 13261.6392   57  109 13325.9636 9723.13420  27.0%   410 1845s
 48409 34406     cutoff   74      13325.9636 9723.65562  27.0%   410 1850s
 48537 34492 10069.2140   23  133 13325.9636 9725.17557  27.0%   410 1855s
 48611 34544 13269.5019   51  104 13325.9636 9725.17557  27.0%   410 1860s
 48652 34551 13274.2254   40  109 13325.9636 9725.24820  27.0%   411 1865s
 48813 34671 13106.9571   60   78 13325.9636 9729.11361  27.0%   411 1870s
 48880 34722 13319.6057   91   76 13325.9636 9730.23902  27.0%   412 1875s
 49002 34806 13318.8073   62  102 13325.9636 9731.09180  27.0%   412 1880s
H49028 34820                    13325.963321 9731.54595  27.0%   412 1881s
 49098 34874 13269.6038   33  114 13325.9633 9733.14491  27.0%   412 1885s
H49138 34885                    13323.398010 9733.14491  26.9%   412 1888s
H49138 34881                    13323.009677 9733.14491  26.9%   412 1888s
H49138 34845                    13316.955221 9733.14491  26.9%   412 1888s
H49138 34845                    13316.955206 9733.14491  26.9%   412 1888s
H49138 34845                    13316.954731 9733.14491  26.9%   412 1888s
H49138 34845                    13316.954646 9733.14491  26.9%   412 1888s
 49150 34849 10473.6195   37  104 13316.9546 9733.63554  26.9%   413 1890s
 49304 34983     cutoff   93      13316.9546 9734.26508  26.9%   412 1895s
 49423 35077 13292.7390   81   88 13316.9546 9735.57801  26.9%   412 1900s
 49587 35173 12413.1912   64  101 13316.9546 9739.36209  26.9%   412 1905s
 49752 35300 13285.2784   60   66 13316.9546 9741.86638  26.8%   412 1910s
 49856 35348 10751.7563   36  109 13316.9546 9742.06800  26.8%   412 1915s
 49984 35442 13252.2695   47  128 13316.9546 9742.74063  26.8%   412 1920s
 50073 35508 11308.9798   36  121 13316.9546 9744.76151  26.8%   412 1928s
 50098 35533 13240.5073   61   75 13316.9546 9744.76151  26.8%   412 1930s
 50202 35611 13256.1248   63   95 13316.9546 9744.79052  26.8%   413 1935s
 50408 35788 13247.6128   97   60 13316.9546 9745.37019  26.8%   412 1940s
 50573 35917 11800.5921   52   75 13316.9546 9748.29344  26.8%   412 1945s
 50723 36029 13266.7208   27  124 13316.9546 9751.17256  26.8%   412 1950s
 50829 36089 13250.3678   50   94 13316.9546 9751.63744  26.8%   412 1955s
 50933 36183 13313.4375   66   81 13316.9546 9751.77625  26.8%   412 1960s
 51056 36269 13225.5661   57  116 13316.9546 9753.01015  26.8%   412 1965s
 51129 36308 12700.6304   51  107 13316.9546 9753.03714  26.8%   413 1970s
 51188 36347 13269.1771   52  105 13316.9546 9754.51135  26.8%   413 1975s
 51324 36454     cutoff   65      13316.9546 9754.76178  26.7%   413 1980s
 51462 36590 13191.5839   81   74 13316.9546 9755.44512  26.7%   413 1985s
 51548 36631 11821.8117   33  117 13316.9546 9756.62470  26.7%   414 1990s
 51620 36677 13300.3706   60  102 13316.9546 9757.80017  26.7%   414 1995s
 51755 36770 11959.7655   34  114 13316.9546 9759.39883  26.7%   414 2000s
H51786 36774                    13315.920279 9761.19053  26.7%   414 2001s
 51887 36859 11558.7180   43  117 13315.9203 9763.34633  26.7%   414 2005s
 52098 37042 13308.9286  103   48 13315.9203 9763.34633  26.7%   413 2010s
 52171 37081 13287.6321   43   94 13315.9203 9764.44783  26.7%   414 2015s
 52301 37187 13267.2652   86   65 13315.9203 9766.19442  26.7%   414 2020s
 52424 37266 13044.6214   50  112 13315.9203 9767.13420  26.7%   414 2025s
H52428 37268                    13315.920213 9767.13420  26.7%   414 2025s
 52521 37329 13270.4139   80   80 13315.9202 9769.85579  26.6%   415 2030s
 52658 37444 13295.4316   78   80 13315.9202 9770.41959  26.6%   414 2035s
 52780 37528 10284.2608   40  120 13315.9202 9771.79731  26.6%   414 2040s
 52965 37669 11701.4016   33  115 13315.9202 9773.41027  26.6%   414 2045s
 53104 37779 13118.9552   82   93 13315.9202 9773.99993  26.6%   414 2050s
 53184 37821 11488.4755   47  117 13315.9202 9774.51388  26.6%   414 2055s
 53293 37915 13306.0060   55  113 13315.9202 9774.56831  26.6%   414 2060s
 53387 37983     cutoff   53      13315.9202 9776.22772  26.6%   415 2065s
 53453 38003 11691.6817   53  113 13315.9202 9776.73742  26.6%   415 2070s
 53575 38091     cutoff   65      13315.9202 9777.78547  26.6%   415 2075s
 53678 38167 11089.3902   39  118 13315.9202 9778.96363  26.6%   416 2080s
 53838 38295 11974.3522   42  120 13315.9202 9780.81089  26.5%   415 2085s
 53928 38365 13295.3174   91   82 13315.9202 9782.76821  26.5%   416 2090s
 54019 38424 13278.9216   68   91 13315.9202 9783.13551  26.5%   416 2095s
 54111 38470 13266.9882   56  107 13315.9202 9784.04498  26.5%   416 2100s
 54257 38602 13236.3658   80   47 13315.9202 9784.13730  26.5%   416 2105s
 54331 38653     cutoff   66      13315.9202 9785.55732  26.5%   417 2110s
 54423 38729 12670.5450   72   56 13315.9202 9785.90147  26.5%   417 2115s
 54516 38780 11671.2151   28  134 13315.9202 9786.81526  26.5%   417 2120s
 54624 38844 10827.6395   42  124 13315.9202 9788.08001  26.5%   418 2125s
H54680 38881                    13315.919422 9788.34220  26.5%   418 2127s
 54717 38914 13291.7079   67   97 13315.9194 9788.50106  26.5%   418 2130s
 54810 38977 13257.0089   56  107 13315.9194 9791.20287  26.5%   418 2135s
 54860 39007 11150.7465   49  119 13315.9194 9791.35915  26.5%   419 2140s
 55006 39125 13276.1794   81   76 13315.9194 9791.72999  26.5%   419 2145s
 55090 39177 13275.8669   57  110 13315.9194 9792.31956  26.5%   419 2150s
H55144 39213                    13315.919409 9792.91652  26.5%   419 2155s
 55296 39341     cutoff   50      13315.9194 9794.21205  26.4%   419 2160s
 55390 39413 13261.7942   67   74 13315.9194 9795.09435  26.4%   419 2165s
 55464 39455 10091.0116   30  118 13315.9194 9796.45084  26.4%   420 2170s
 55550 39513 13267.9825   28  137 13315.9194 9796.62012  26.4%   420 2176s
 55632 39571 12156.9393   56   75 13315.9194 9797.55165  26.4%   420 2180s
 55781 39668 13268.5367   50  118 13315.9194 9797.86993  26.4%   420 2185s
 55900 39775 13238.7638   88   58 13315.9194 9798.64931  26.4%   420 2190s
 55959 39801     cutoff   56      13315.9194 9800.96785  26.4%   421 2195s
 56126 39928 13228.2934   64  104 13315.9194 9802.40773  26.4%   420 2200s
 56232 39998 13269.5070   58   96 13315.9194 9804.11601  26.4%   421 2205s
 56308 40044 13295.7075   42  113 13315.9194 9805.02956  26.4%   421 2210s
 56410 40115     cutoff   42      13315.9194 9805.52333  26.4%   421 2215s
 56495 40154 13282.0703   48   90 13315.9194 9806.69072  26.4%   422 2220s
 56589 40214 13270.3969   41  124 13315.9194 9806.88317  26.4%   422 2225s
 56689 40284 12336.6809   42  108 13315.9194 9808.14512  26.3%   422 2230s
 56769 40326 13241.8655   63   98 13315.9194 9809.20816  26.3%   422 2235s
 56858 40383     cutoff   52      13315.9194 9811.11666  26.3%   423 2240s
 57063 40548 13233.4258   83   61 13315.9194 9811.32990  26.3%   422 2245s
 57263 40700 13265.8421  100   82 13315.9194 9812.40835  26.3%   421 2250s
 57391 40784 13250.6803   39  111 13315.9194 9815.09926  26.3%   421 2255s
 57501 40868 12932.1186   53   81 13315.9194 9815.37318  26.3%   421 2260s
 57664 40998 12378.6515   31  115 13315.9194 9815.88572  26.3%   421 2265s
 57797 41095 13312.4404   54   94 13315.9194 9818.16267  26.3%   421 2270s
 57905 41173 13312.0571   54   91 13315.9194 9818.45169  26.3%   421 2275s
 58010 41248 13271.3101   73   75 13315.9194 9818.88255  26.3%   421 2280s
 58072 41290 13244.9192   57   94 13315.9194 9819.19153  26.3%   421 2285s
 58134 41317 13263.8843   59  107 13315.9194 9820.26033  26.3%   422 2290s
 58292 41442 13270.3015   79   75 13315.9194 9822.74059  26.2%   422 2295s
 58368 41488     cutoff   57      13315.9194 9824.02843  26.2%   422 2300s
 58464 41558     cutoff   83      13315.9194 9825.40730  26.2%   422 2305s
 58585 41661 12351.9124   63   92 13315.9194 9826.19624  26.2%   422 2310s
 58784 41826 13308.8676   93   77 13315.9194 9827.28426  26.2%   422 2315s
 58871 41872 13279.0754   49  109 13315.9194 9828.15391  26.2%   422 2320s
 59016 41981 12270.7414   64   92 13315.9194 9828.87273  26.2%   421 2325s
 59160 42087 12822.3922   68   89 13315.9194 9830.05992  26.2%   421 2330s
 59242 42128 11834.8779   37   91 13315.9194 9831.39256  26.2%   421 2335s
 59311 42169 13286.6617   59   92 13315.9194 9832.18053  26.2%   422 2340s
 59406 42238 11626.5461   51  110 13315.9194 9833.41832  26.2%   422 2345s
 59531 42349 12491.4000   49   81 13315.9194 9834.25157  26.1%   422 2350s
 59664 42422 13263.5500   36  116 13315.9194 9834.27825  26.1%   422 2355s
 59750 42474     cutoff   65      13315.9194 9835.20875  26.1%   422 2360s
 59849 42547     cutoff   72      13315.9194 9836.07671  26.1%   422 2365s
 59911 42579 13271.3904   58   82 13315.9194 9836.45364  26.1%   423 2370s
 60013 42647 12252.1406   43  108 13315.9194 9836.81080  26.1%   423 2375s
 60147 42747 12586.2985   38  111 13315.9194 9836.85975  26.1%   423 2380s
 60215 42791 12405.7745   56  115 13315.9194 9837.63314  26.1%   423 2389s
 60231 42807 13299.9328   72   96 13315.9194 9837.63314  26.1%   423 2390s
 60282 42835 13293.2263   41  122 13315.9194 9838.52131  26.1%   424 2395s
 60383 42904 10533.9299   38  101 13315.9194 9839.54084  26.1%   424 2400s
 60511 43012 11720.2016   50  110 13315.9194 9840.88200  26.1%   424 2405s
 60576 43047 10637.5266   45  106 13315.9194 9840.96157  26.1%   425 2410s
 60705 43154 12809.4127   56  104 13315.9194 9842.52040  26.1%   425 2415s
 60744 43177 12883.5938   42   86 13315.9194 9842.53708  26.1%   425 2420s
 60816 43218 13283.8612   77   88 13315.9194 9842.71852  26.1%   426 2425s
 60936 43314 13227.9218   69   80 13315.9194 9844.28194  26.1%   426 2430s
 61023 43371 13064.4334   45  107 13315.9194 9844.83100  26.1%   426 2435s
 61089 43413 12547.4380   44  104 13315.9194 9845.31428  26.1%   427 2440s
 61182 43486 12352.8760   48  104 13315.9194 9845.98571  26.1%   427 2445s
 61276 43562 13295.4497   56  107 13315.9194 9846.13149  26.1%   427 2450s
 61446 43704 13283.7574   75   67 13315.9194 9846.30253  26.1%   427 2455s
 61535 43765 13265.3266   57  109 13315.9194 9847.11432  26.1%   427 2460s
 61674 43863 11956.0411   33  116 13315.9194 9848.51585  26.0%   427 2465s
 61836 44005 13236.3967   90   68 13315.9194 9848.51585  26.0%   427 2470s
 61893 44020 13241.2954   45   95 13315.9194 9849.17250  26.0%   427 2475s
 61990 44060 10494.1278   40  108 13315.9194 9850.85496  26.0%   427 2480s
 62124 44159 11675.2189   36  114 13315.9194 9852.97881  26.0%   427 2485s
 62210 44225 13280.3317   55   95 13315.9194 9853.47186  26.0%   428 2490s
 62292 44289 13227.6189   62  100 13315.9194 9853.68907  26.0%   428 2495s
 62365 44329 13294.9819   52   84 13315.9194 9855.86020  26.0%   428 2500s
 62515 44421     cutoff   52      13315.9194 9857.71213  26.0%   428 2505s
 62610 44492 13306.5782   55   95 13315.9194 9858.95038  26.0%   428 2510s
 62687 44549 12484.1934   43  110 13315.9194 9858.98611  26.0%   429 2515s
 62759 44593 13237.2092   45  112 13315.9194 9859.61164  26.0%   429 2520s
 62837 44631 12177.1751   62   94 13315.9194 9859.89398  26.0%   429 2525s
 62900 44670 13276.6737   48   90 13315.9194 9860.96000  25.9%   430 2530s
 63026 44770 12885.2539   88   86 13315.9194 9861.04511  25.9%   430 2535s
 63155 44867 13249.2279   80   85 13315.9194 9862.61873  25.9%   430 2540s
 63302 44968 11709.8544   36  116 13315.9194 9863.96462  25.9%   430 2545s
 63373 45017 13295.6550   76   96 13315.9194 9864.62782  25.9%   430 2550s
 63442 45066 13298.8957   60  110 13315.9194 9864.94558  25.9%   430 2555s
 63547 45131 13261.7289   57  104 13315.9194 9866.96830  25.9%   431 2560s
 63663 45225 13301.2422   77   78 13315.9194 9867.00327  25.9%   431 2565s
 63743 45281 11516.7104   42  100 13315.9194 9868.75318  25.9%   431 2570s
 63811 45325 13138.4978   61   83 13315.9194 9868.99774  25.9%   431 2575s
 63842 45329 13300.6698   67   95 13315.9194 9868.99774  25.9%   432 2580s
 63932 45379 12902.7127   47  116 13315.9194 9870.06479  25.9%   432 2585s
 64029 45450 11205.8364   39   96 13315.9194 9872.00693  25.9%   433 2590s
 64119 45502 13295.5775   48  109 13315.9194 9872.39578  25.9%   433 2595s
 64210 45559 12505.3362   45   97 13315.9194 9873.47492  25.9%   433 2600s
 64284 45605 13308.9280   82   93 13315.9194 9873.84395  25.8%   433 2605s
 64464 45765 13235.3593   93   79 13315.9194 9874.51532  25.8%   433 2610s
 64531 45800 11835.2188   38   91 13315.9194 9875.85004  25.8%   434 2615s
 64601 45840 13311.0794   41  127 13315.9194 9876.68634  25.8%   434 2620s
 64687 45893     cutoff   83      13315.9194 9877.25692  25.8%   434 2625s
 64810 45970 11976.9549   37  125 13315.9194 9880.45856  25.8%   434 2630s
 64948 46078 13273.6455   76   90 13315.9194 9881.25024  25.8%   434 2635s
 65034 46134 13295.8427   51   97 13315.9194 9881.99691  25.8%   434 2640s
 65152 46218 13286.8862   51   95 13315.9194 9883.06398  25.8%   434 2645s
 65245 46283 13295.4151   69  116 13315.9194 9884.17668  25.8%   434 2650s
 65317 46326     cutoff   64      13315.9194 9885.22957  25.8%   435 2655s
 65437 46428 13240.1615   92   79 13315.9194 9885.47233  25.8%   435 2660s
 65551 46522 12561.8723   73   87 13315.9194 9885.88889  25.8%   435 2665s
 65706 46627 13257.2823   52   77 13315.9194 9885.96711  25.8%   435 2670s
 65809 46704 13262.7141   57   86 13315.9194 9886.50844  25.8%   435 2675s
 65866 46727 12554.5192   43  113 13315.9194 9887.22338  25.7%   435 2680s
 65963 46797 13288.6207   45  109 13315.9194 9887.72783  25.7%   435 2685s
 66094 46903 13308.0151   85   82 13315.9194 9887.74296  25.7%   435 2690s
 66189 46958 12387.8251   64   95 13315.9194 9890.48097  25.7%   436 2695s
 66267 47010 13210.7599   55  102 13315.9194 9890.82123  25.7%   436 2700s
 66358 47063 13061.9218   58  107 13315.9194 9890.84209  25.7%   436 2705s
 66416 47083     cutoff   64      13315.9194 9891.40637  25.7%   437 2710s
 66564 47215 13289.8460   80   72 13315.9194 9891.64740  25.7%   437 2715s
 66670 47281     cutoff   68      13315.9194 9894.14054  25.7%   437 2720s
 66788 47363 12035.1244   40  135 13315.9194 9896.87846  25.7%   437 2725s
 66911 47462 13288.3990   87  100 13315.9194 9897.22215  25.7%   437 2730s
 66971 47467 12416.8684   44  111 13315.9194 9897.30776  25.7%   438 2735s
 67025 47499 13271.9651   48   82 13315.9194 9897.89877  25.7%   438 2740s
 67092 47544 13271.0971   43  104 13315.9194 9897.94424  25.7%   438 2745s
 67242 47672 13285.1957   71  101 13315.9194 9898.18784  25.7%   438 2750s
 67381 47779 11142.6160   41  109 13315.9194 9899.35360  25.7%   438 2755s
 67503 47873 12820.0616   39  117 13315.9194 9900.08005  25.7%   438 2760s
 67521 47879 11020.6864   39  108 13315.9194 9900.11221  25.7%   438 2765s
 67538 47896 12492.9769   56  100 13315.9194 9900.11221  25.7%   438 2770s
 67554 47912 13265.1446   72   83 13315.9194 9900.11221  25.7%   438 2775s
 67572 47922 12633.6112   49  110 13315.9194 9900.32632  25.7%   438 2780s
 67583 47933 13313.4478   60  108 13315.9194 9900.32632  25.7%   438 2785s
 67600 47942 10957.8107   39  120 13315.9194 9900.67501  25.6%   438 2790s
 67739 48069 13243.5704   91   72 13315.9194 9900.67501  25.6%   438 2795s
 67799 48095 11611.6956   41  107 13315.9194 9901.52674  25.6%   439 2800s
 67897 48167 13291.3891   78   80 13315.9194 9901.96912  25.6%   439 2805s
 67946 48191 13272.7255   58  109 13315.9194 9902.37883  25.6%   439 2810s
 68025 48248 13008.3087   54  100 13315.9194 9903.67875  25.6%   440 2815s
 68105 48286 10431.6880   33  108 13315.9194 9904.52185  25.6%   440 2820s
 68203 48350 13238.6973   38  104 13315.9194 9904.98370  25.6%   440 2825s
 68305 48428 13293.4917  102   70 13315.9194 9905.07686  25.6%   440 2830s
 68409 48502 13256.0041   73   95 13315.9194 9906.08499  25.6%   440 2835s
 68542 48591 13189.1663   62  112 13315.9194 9907.44308  25.6%   440 2840s
 68612 48625 11069.1783   50  114 13315.9194 9908.76185  25.6%   440 2845s
 68781 48748     cutoff   47      13315.9194 9909.50066  25.6%   440 2850s
 68884 48811 13250.0137   51  115 13315.9194 9910.84839  25.6%   440 2855s
 68920 48809 11986.8628   40  110 13315.9194 9911.19494  25.6%   441 2860s
 68984 48829 10501.9623   27  121 13315.9194 9911.20105  25.6%   441 2865s
 69068 48887 10785.2554   42  121 13315.9194 9912.89187  25.6%   441 2870s
 69168 48957 13295.7177   48  102 13315.9194 9913.50101  25.6%   441 2875s
 69238 48999 13265.6782   55  105 13315.9194 9913.66056  25.6%   442 2880s
 69317 49056 11661.9379   51  112 13315.9194 9913.94369  25.5%   442 2885s
 69514 49201 11181.5968   40   97 13315.9194 9916.15812  25.5%   441 2890s
 69658 49300 11664.1046   48   97 13315.9194 9919.20238  25.5%   441 2895s
 69785 49383 12766.8773   68   96 13315.9194 9919.59948  25.5%   441 2900s
 69863 49429 13069.3249   68  111 13315.9194 9920.04354  25.5%   441 2905s
 69903 49450 13282.0896   51   67 13315.9194 9920.47644  25.5%   442 2910s
 70008 49515 12991.9245   47   93 13315.9194 9921.80918  25.5%   442 2915s
 70113 49577 11879.1545   45   94 13315.9194 9922.19576  25.5%   442 2920s
 70236 49640 11393.1069   35  120 13315.9194 9922.68513  25.5%   442 2925s
 70338 49716 13260.0070   51  110 13315.9194 9923.97609  25.5%   443 2930s
 70420 49778 13244.3051   67   80 13315.9194 9924.14566  25.5%   443 2935s
 70487 49819 13271.7475   54  108 13315.9194 9924.62136  25.5%   443 2940s
 70569 49871 11639.2563   42  103 13315.9194 9925.54840  25.5%   443 2945s
 70644 49920 12690.9309   56   91 13315.9194 9925.54840  25.5%   444 2950s
 70750 49984     cutoff   65      13315.9194 9925.54840  25.5%   444 2955s
 70843 50045 12735.2790   66   98 13315.9194 9925.78475  25.5%   444 2960s
 70957 50129 13265.2427   51  122 13315.9194 9925.94759  25.5%   444 2966s
 71001 50165 13268.9194   59  107 13315.9194 9925.96642  25.5%   444 2970s
 71080 50216 10463.9941   35  110 13315.9194 9926.32668  25.5%   445 2975s
 71175 50255 12882.4327   40  120 13315.9194 9927.69001  25.4%   445 2980s
 71271 50322 13239.2852   49  112 13315.9194 9928.40830  25.4%   445 2985s
 71345 50356 13264.2755   73   48 13315.9194 9928.82306  25.4%   446 2990s
 71565 50536 11779.6859   46  102 13315.9194 9931.96488  25.4%   445 2995s
 71733 50683 13207.0683   84   67 13315.9194 9933.74520  25.4%   444 3000s
 71822 50756 12491.4074   68   87 13315.9194 9934.23732  25.4%   445 3005s
 71942 50839 13278.7966   95   87 13315.9194 9934.66891  25.4%   445 3010s
 72072 50927 13292.2617   40  123 13315.9194 9935.50512  25.4%   445 3015s
 72215 51040 12987.4600   54  111 13315.9194 9935.75744  25.4%   445 3020s
 72317 51124 12719.4973   53  108 13315.9194 9937.13745  25.4%   445 3025s
 72463 51238 11710.9868   52  105 13315.9194 9937.76193  25.4%   445 3030s
 72560 51307 11664.0359   47   93 13315.9194 9937.98690  25.4%   445 3035s
 72656 51363 13276.6806   41  102 13315.9194 9939.72673  25.4%   445 3040s
 72791 51464 11866.3091   38   92 13315.9194 9940.08126  25.4%   445 3045s
 72879 51534 12012.7039   56  106 13315.9194 9940.17027  25.4%   445 3050s
 73033 51661 13268.8400   92   76 13315.9194 9940.61960  25.3%   445 3055s
 73130 51717 10932.7462   34  119 13315.9194 9941.03366  25.3%   445 3060s
 73298 51841 13236.9067   98   86 13315.9194 9942.15020  25.3%   445 3065s
 73404 51902     cutoff   36      13315.9194 9945.05308  25.3%   445 3070s
 73467 51943     cutoff   76      13315.9194 9945.52690  25.3%   445 3075s
 73663 52119 13263.5738  101   53 13315.9194 9945.67829  25.3%   445 3080s
 73736 52162 13282.0371   42  118 13315.9194 9947.25396  25.3%   445 3086s
 73820 52224 10954.9905   39  118 13315.9194 9948.32945  25.3%   445 3090s
 73980 52342 12359.9090   46  102 13315.9194 9949.76831  25.3%   445 3095s
 74044 52376     cutoff   46      13315.9194 9950.13716  25.3%   445 3100s
 74061 52385 13295.0717   50  112 13315.9194 9950.13716  25.3%   446 3105s
 74166 52459 11996.3018   68   84 13315.9194 9950.16543  25.3%   446 3110s
 74302 52539 13241.2126   58   96 13315.9194 9950.86612  25.3%   446 3115s
 74349 52566 13283.3124   63   69 13315.9194 9950.95877  25.3%   447 3120s
 74434 52625 12514.7843   41  114 13315.9194 9951.08461  25.3%   447 3125s
 74564 52719 11108.0439   38  123 13315.9194 9952.97019  25.3%   447 3130s
 74709 52846 13277.7328   82   66 13315.9194 9953.33006  25.3%   447 3135s
 74858 52947 13145.5195   94   79 13315.9194 9954.82836  25.2%   446 3141s
 74916 52973 13270.6941   55   98 13315.9194 9955.25919  25.2%   447 3145s
 75082 53103 11964.9740   42  113 13315.9194 9956.03909  25.2%   446 3150s
 75244 53259 13230.7289  104   63 13315.9194 9956.03909  25.2%   446 3155s
 75340 53313 13232.3302   58  104 13315.9194 9956.90854  25.2%   446 3160s
 75392 53333 13309.3888   59   77 13315.9194 9956.94513  25.2%   447 3165s
 75607 53515 13273.9205   76   94 13315.9194 9958.58008  25.2%   446 3170s
 75719 53601 11419.4112   44   92 13315.9194 9958.84765  25.2%   446 3175s
 75914 53754 11923.6983   53  108 13315.9194 9959.61490  25.2%   446 3180s
 76015 53830     cutoff   57      13315.9194 9960.66137  25.2%   446 3185s
 76055 53846 13239.6346   54   97 13315.9194 9961.11417  25.2%   446 3190s
 76112 53870 11310.5615   43  118 13315.9194 9962.09294  25.2%   447 3195s
 76156 53896 12271.0924   36  120 13315.9194 9962.35410  25.2%   447 3200s
 76293 54005 13288.1403   84   88 13315.9194 9962.97448  25.2%   447 3205s
 76439 54112 13001.9293   41  105 13315.9194 9963.05978  25.2%   447 3210s
 76467 54114 13294.6157   45   91 13315.9194 9963.05978  25.2%   447 3215s
 76603 54204     cutoff   51      13315.9194 9964.08025  25.2%   447 3220s
 76676 54259 12115.9858   49   92 13315.9194 9964.50232  25.2%   448 3225s
 76812 54369 13304.1617   77   78 13315.9194 9964.57379  25.2%   447 3230s
 76905 54416 13269.0034   59  118 13315.9194 9966.45981  25.2%   447 3235s
 77016 54481 12271.7648   30  120 13315.9194 9970.54407  25.1%   447 3240s
 77106 54541 13280.1424   53  111 13315.9194 9973.27622  25.1%   448 3245s
 77250 54649 10596.7267   30  128 13315.9194 9973.66871  25.1%   447 3250s
 77386 54749     cutoff   71      13315.9194 9973.71709  25.1%   447 3255s
 77447 54776 13313.1416   46   95 13315.9194 9975.21201  25.1%   448 3260s
 77617 54920     cutoff   81      13315.9194 9976.02157  25.1%   447 3265s
 77705 54982 13279.1411   97   76 13315.9194 9976.15004  25.1%   448 3270s
 77867 55100 13294.1315   78   95 13315.9194 9976.82219  25.1%   447 3275s
 77946 55135 11913.5803   38  113 13315.9194 9978.29365  25.1%   448 3280s
 78055 55236 13228.3226   69   73 13315.9194 9978.41383  25.1%   448 3285s
 78209 55364 13238.7069   89   72 13315.9194 9978.55142  25.1%   447 3290s
 78283 55398 13049.9224   44  118 13315.9194 9978.81448  25.1%   448 3295s
 78348 55439     cutoff   79      13315.9194 9979.12200  25.1%   448 3300s
 78413 55464 13267.2141   60   99 13315.9194 9980.08457  25.1%   448 3305s
 78455 55473 11023.9958   42  116 13315.9194 9980.14567  25.1%   449 3310s
 78555 55543 13262.4063   52   96 13315.9194 9980.39382  25.0%   449 3315s
 78674 55618 13280.1681   71   91 13315.9194 9981.27337  25.0%   449 3320s
 78775 55687     cutoff   50      13315.9194 9981.85983  25.0%   449 3325s
 78840 55722 13313.6633   43  113 13315.9194 9982.68730  25.0%   450 3330s
 78980 55842 13257.2160   86   60 13315.9194 9982.98751  25.0%   449 3335s
 79030 55866 13288.2253   53   74 13315.9194 9983.33904  25.0%   450 3340s
 79112 55916 12102.8913   43   99 13315.9194 9984.37429  25.0%   450 3345s
 79183 55965 13274.2782   76   96 13315.9194 9984.66319  25.0%   450 3350s
 79307 56045 13288.1538   58  100 13315.9194 9985.24644  25.0%   450 3355s
 79413 56108     cutoff   33      13315.9194 9985.74086  25.0%   450 3360s
 79531 56199 13256.5651   78   98 13315.9194 9986.13553  25.0%   450 3365s
 79631 56266 13064.6331   42  107 13315.9194 9986.86202  25.0%   450 3370s
 79763 56367 11246.1390   45  115 13315.9194 9987.03759  25.0%   450 3375s
 79860 56422 13258.7358   51   98 13315.9194 9987.19891  25.0%   450 3380s
 79929 56461 12587.6809   66   91 13315.9194 9987.21832  25.0%   450 3385s
 80069 56558 13301.7972   94   70 13315.9194 9987.73382  25.0%   450 3390s
 80239 56705 13223.7575   86   75 13315.9194 9988.98847  25.0%   450 3395s
 80321 56745     cutoff   41      13315.9194 9989.84908  25.0%   450 3401s
 80447 56846     cutoff   89      13315.9194 9990.32497  25.0%   450 3405s
 80576 56931 13262.8046   51   87 13315.9194 9990.73792  25.0%   450 3410s
 80757 57084 13045.1221   44  103 13315.9194 9990.77791  25.0%   450 3415s
 80822 57129 11673.3762   43  112 13315.9194 9991.63689  25.0%   450 3420s
 80974 57254 13256.4075   49  101 13315.9194 9992.09582  25.0%   450 3425s
 81039 57293 12297.9664   53   81 13315.9194 9993.07124  25.0%   450 3430s
 81178 57402 11742.1865   51  112 13315.9194 9994.02588  24.9%   450 3435s
 81344 57516 13255.8658   38  115 13315.9194 9995.42642  24.9%   450 3440s
 81438 57578 10204.8024   37  117 13315.9194 9996.42507  24.9%   450 3445s
 81558 57673 13273.6417   42  120 13315.9194 9997.86220  24.9%   450 3450s
 81657 57751 13279.7249  104   81 13315.9194 9999.38439  24.9%   450 3455s
 81700 57750 12628.7128   33  105 13315.9194 10000.2049  24.9%   451 3460s
 81808 57832 13248.8839   66   92 13315.9194 10000.3981  24.9%   451 3465s
 81871 57881 13234.5896   84   75 13315.9194 10000.9556  24.9%   451 3470s
 81947 57921 13227.9635   59   88 13315.9194 10001.8724  24.9%   451 3475s
 82076 58011 12241.6537   45   81 13315.9194 10003.4006  24.9%   451 3480s
 82185 58099 13275.6005   66   90 13315.9194 10003.6722  24.9%   451 3485s
 82229 58113 12835.3859   41  105 13315.9194 10004.3532  24.9%   452 3490s
 82357 58204 13246.7417   76   94 13315.9194 10005.5398  24.9%   452 3495s
 82431 58250 13305.5446   54   88 13315.9194 10006.1113  24.9%   452 3500s
 82469 58267 12810.7395   36  127 13315.9194 10006.2165  24.9%   452 3505s
 82617 58381 11383.7606   50  112 13315.9194 10006.7004  24.9%   452 3510s
 82849 58609 12804.6678   82   68 13315.9194 10006.7004  24.9%   451 3515s
 83006 58701 13234.9017   70   86 13315.9194 10006.9009  24.9%   451 3520s
 83149 58808 12372.9011   52   84 13315.9194 10007.8039  24.8%   451 3525s
 83267 58885     cutoff   88      13315.9194 10009.0181  24.8%   451 3530s
 83378 58953 13292.2081   58   92 13315.9194 10009.1355  24.8%   451 3535s
 83518 59054 13315.4350   93   91 13315.9194 10010.3679  24.8%   451 3540s
 83619 59123 12423.4579   53   94 13315.9194 10010.9591  24.8%   452 3545s
 83748 59210 12167.0528   33  120 13315.9194 10011.9036  24.8%   451 3550s
 83869 59305 12811.1547   53  108 13315.9194 10012.0364  24.8%   451 3555s
 83972 59366 13263.7209   82   67 13315.9194 10012.4125  24.8%   452 3560s
 84059 59409 12577.8681   42  114 13315.9194 10012.4550  24.8%   452 3565s
 84148 59470 13227.8763   73   61 13315.9194 10013.0705  24.8%   452 3570s
 84296 59584 13276.2178   55  104 13315.9194 10013.3687  24.8%   452 3575s
 84403 59644     cutoff   41      13315.9194 10014.2321  24.8%   452 3580s
 84456 59665 11062.8703   44   90 13315.9194 10014.5117  24.8%   452 3585s
 84596 59779 13293.9729   69   99 13315.9194 10015.0787  24.8%   452 3590s
 84670 59821 13279.0431   58  116 13315.9194 10015.5508  24.8%   452 3595s

Cutting planes:
  Cover: 7
  Implied bound: 34
  Projected implied bound: 4
  MIR: 490
  Mixing: 4
  Flow cover: 468
  Flow path: 40
  Network: 1

Explored 84724 nodes (38347881 simplex iterations) in 3600.00 seconds (1782.24 work units)
Thread count was 1 (of 56 available processors)

Solution count 10: 13315.9 13315.9 13317 ... 13326

Time limit reached
Best objective 1.331591940934e+04, best bound 1.001625880979e+04, gap 24.7798%

User-callback calls 494159, time in user-callback 1.31 sec
primal_bound = 13315.919409336462, dual_bound = 10016.258809789788, gap = 24.779818036696106, time = 3600.02
