solving instance mcnd arcs c42 3 6 sincos
Set parameter TokenServer to value "licences.gerad.lan"
Set parameter MIPGap to value 1e-06
Set parameter FuncPieceError to value 1e-06
Set parameter Threads to value 1
Set parameter FuncPieces to value -2
Set parameter TimeLimit to value 3600
Gurobi Optimizer version 12.0.2 build v12.0.2rc0 (linux64 - "AlmaLinux 9.6 (Sage Margay)")

CPU model: Intel(R) Xeon(R) Gold 6258R CPU @ 2.70GHz, instruction set [SSE2|AVX|AVX2|AVX512]
Thread count: 56 physical cores, 56 logical processors, using up to 1 threads

Non-default parameters:
TimeLimit  3600
MIPGap  1e-06
Threads  1
FuncPieces  -2
FuncPieceError  1e-06

Optimize a model with 14364 rows, 13858 columns and 85908 nonzeros
Model fingerprint: 0x9fefd989
Model has 588 function constraints treated as nonlinear
  294 SIN, 294 COS
Variable types: 13544 continuous, 314 integer (314 binary)
Coefficient statistics:
  Matrix range     [1e-01, 6e+04]
  Objective range  [1e+00, 7e+03]
  Bounds range     [1e+00, 1e+10]
  RHS range        [3e+01, 8e+04]
Warning: Model contains large bounds
         Consider reformulating model or setting NumericFocus parameter
         to avoid numerical issues.
Presolve removed 628 rows and 609 columns
Presolve time: 0.22s
Presolved: 18440 rows, 13250 columns, 91970 nonzeros
Presolved model has 588 nonlinear constraint(s)

Solving non-convex MINLP

Variable types: 12956 continuous, 294 integer (294 binary)

Root relaxation: objective -5.528624e+05, 20759 iterations, 4.35 seconds (3.15 work units)

    Nodes    |    Current Node    |     Objective Bounds      |     Work
 Expl Unexpl |  Obj  Depth IntInf | Incumbent    BestBd   Gap | It/Node Time

     0     0 -552862.41    0  882          - -552862.41      -     -    4s
H    0     0                    3977638.7976 -552862.41   114%     -    4s
     0     0 -42414.642    0  598 3977638.80 -42414.642   101%     -    9s
H    0     0                    2503598.8414 -41785.654   102%     -    9s
     0     0 32489.8409    0  430 2503598.84 32489.8409  98.7%     -   12s
     0     0 72458.6733    0  361 2503598.84 72458.6733  97.1%     -   17s
H    0     0                    2013201.5177 72613.1847  96.4%     -   17s
     0     0 75229.1950    0  367 2013201.52 75229.1950  96.3%     -   31s
     0     0 87906.1276    0  341 2013201.52 87906.1276  95.6%     -   33s
H    0     0                    2010569.4850 87906.4538  95.6%     -   33s
     0     0 88113.3417    0  353 2010569.49 88113.3417  95.6%     -   34s
     0     0 93480.1426    0  335 2010569.49 93480.1426  95.4%     -   36s
H    0     0                    1961773.4942 93565.1043  95.2%     -   36s
     0     0 94510.0539    0  319 1961773.49 94510.0539  95.2%     -   37s
     0     0 97787.1756    0  304 1961773.49 97787.1756  95.0%     -   37s
H    0     0                    1894156.1339 97991.6112  94.8%     -   38s
     0     0 97991.6112    0  316 1894156.13 97991.6112  94.8%     -   38s
     0     0 98937.8435    0  308 1894156.13 98937.8435  94.8%     -   38s
     0     0 99102.5878    0  305 1894156.13 99102.5878  94.8%     -   39s
     0     0 99475.1038    0  297 1894156.13 99475.1038  94.7%     -   39s
H    0     0                    1883062.8965 99515.3826  94.7%     -   39s
     0     0 99535.6177    0  292 1883062.90 99535.6177  94.7%     -   39s
     0     0 99985.0390    0  308 1883062.90 99985.0390  94.7%     -   40s
     0     0 100103.855    0  316 1883062.90 100103.855  94.7%     -   40s
     0     0 100329.911    0  299 1883062.90 100329.911  94.7%     -   40s
H    0     0                    1881452.3806 100331.048  94.7%     -   40s
     0     0 100357.190    0  299 1881452.38 100357.190  94.7%     -   40s
     0     0 100383.931    0  294 1881452.38 100383.931  94.7%     -   41s
     0     0 100387.015    0  294 1881452.38 100387.015  94.7%     -   41s
H    0     0                    1872809.9121 100387.015  94.6%     -   43s
H    0     0                    1837985.7250 100387.015  94.5%     -   44s
H    0     0                    1834392.7272 100387.015  94.5%     -   47s
     0     2 100387.015    0  294 1834392.73 100387.015  94.5%     -   49s
     3     5 101303.847    2  311 1834392.73 100565.678  94.5%   766   50s
    17    19 102481.927    9  285 1834392.73 101121.530  94.5%   866   55s
    28    30 102860.350   16  286 1834392.73 101121.530  94.5%  1004   61s
    42    44 103623.154   24  293 1834392.73 101121.530  94.5%   876   65s
    58    60 104807.720   33  279 1834392.73 101121.530  94.5%   796   70s
    76    78 106234.250   45  264 1834392.73 101121.530  94.5%   792   75s
    99   101 107417.446   63  262 1834392.73 101121.530  94.5%   780   80s
   128   130 108290.572   87  230 1834392.73 101121.530  94.5%   767   85s
   154   156 108765.318  110  210 1834392.73 101121.530  94.5%   708   94s
   156   158 115259.328  111  210 1834392.73 101121.530  94.5%   719   96s
   162   164 129025.222  115  209 1834392.73 101121.530  94.5%   778  100s
   178   180 156277.009  127  209 1834392.73 101121.530  94.5%   818  105s
   198   200 152098.895  143  205 1834392.73 101121.530  94.5%   843  110s
   223   225 162014.928  165  213 1834392.73 101121.530  94.5%   856  115s
H  243   243                    1819144.8324 101121.530  94.4%   839  119s
H  243   243                    1811750.2967 101121.530  94.4%   839  119s
   252   254 195453.919  184  199 1811750.30 101121.530  94.4%   830  120s
H  297   297                    1786929.0008 101121.530  94.3%   764  124s
H  297   297                    1778220.9624 101121.530  94.3%   764  124s
   304   306 228366.186  219  189 1778220.96 101121.530  94.3%   756  125s
   378   380 270874.265  265  178 1778220.96 101121.530  94.3%   659  130s
   459   461 296457.838  315  172 1778220.96 101121.530  94.3%   590  135s
H  470   470                    1498722.4222 101121.530  93.3%   578  136s
H  470   470                    1488971.8528 101121.530  93.2%   578  136s
   530   532 350015.891  355  165 1488971.85 101121.530  93.2%   543  140s
   624   626 483513.213  406  150 1488971.85 101121.530  93.2%   495  145s
   790   792 626758.997  499  116 1488971.85 101121.530  93.2%   413  150s
   972   974 772117.022  590   94 1488971.85 101121.530  93.2%   352  155s
  1134  1134 840617.947  672   75 1488971.85 101121.530  93.2%   313  160s
  1282  1278 939634.386  750   62 1488971.85 101121.530  93.2%   289  165s
  1438  1414 1173198.76  830   44 1488971.85 101121.530  93.2%   269  170s
H 1470  1442                    1322868.1871 101121.530  92.4%   264  171s
H 1470  1442                    1314012.6173 101121.530  92.3%   264  171s
H 1470  1442                    1312836.2117 101121.530  92.3%   264  177s
  1528  1487 350018.134  363   44 1312836.21 101126.566  92.3%   258  201s
  1530  1488 700762.818  555  117 1312836.21 101126.566  92.3%   258  214s
  1531  1489 754837.821  575   51 1312836.21 101126.566  92.3%   258  218s
  1533  1490 817202.209  631   52 1312836.21 102778.353  92.2%   257  229s
  1535  1492 879880.259  702   49 1312836.21 103102.249  92.1%   257  230s
  1544  1498 108519.026   93   50 1312836.21 103592.591  92.1%   255  240s
H 1544  1422                    1312836.1984 103592.591  92.1%   255  244s
H 1544  1351                    1277276.2924 103592.591  91.9%   255  246s
H 1544  1283                    1173254.2372 103592.591  91.2%   255  251s
H 1544  1219                    1127210.6645 103592.591  90.8%   255  251s
  1546  1222 109568.046   10  295 1127210.66 107788.948  90.4%   291  270s
  1547  1223 113345.867   10  312 1127210.66 109568.046  90.3%   292  275s
  1549  1224 115963.076   11  326 1127210.66 113345.867  89.9%   292  283s
  1550  1225 122128.236   12  313 1127210.66 113345.867  89.9%   294  287s
  1551  1225 133551.131   12  321 1127210.66 113345.867  89.9%   294  291s
  1553  1227 122898.256   13  314 1127210.66 113345.867  89.9%   294  296s
  1555  1228 140610.809   14  315 1127210.66 113345.867  89.9%   295  302s
  1556  1229 134190.000   15  317 1127210.66 113345.867  89.9%   296  305s
  1558  1230 133952.408   16  304 1127210.66 113345.867  89.9%   298  311s
  1560  1231 144863.960   17  304 1127210.66 113345.867  89.9%   298  315s
  1562  1233 135768.717   18  306 1127210.66 113345.867  89.9%   298  320s
  1564  1234 148203.027   19  301 1127210.66 113345.867  89.9%   300  326s
  1566  1235 140142.060   20  314 1127210.66 113345.867  89.9%   300  331s
  1568  1237 159461.093   21  314 1127210.66 113345.867  89.9%   300  336s
  1570  1238 145602.766   22  306 1127210.66 113345.867  89.9%   301  341s
  1572  1239 151940.779   23  308 1127210.66 113345.867  89.9%   305  347s
  1573  1240 148732.361   23  306 1127210.66 113345.867  89.9%   306  350s
  1575  1241 166164.195   24  304 1127210.66 113345.867  89.9%   307  355s
  1577  1243 155256.965   25  323 1127210.66 113345.867  89.9%   308  360s
  1579  1244 171859.953   26  307 1127210.66 113345.867  89.9%   309  366s
  1581  1245 158208.708   27  338 1127210.66 113345.867  89.9%   309  371s
  1583  1247 170420.093   28  338 1127210.66 113345.867  89.9%   309  376s
  1585  1248 162940.103   29  331 1127210.66 113345.867  89.9%   310  381s
  1587  1249 175874.942   30  331 1127210.66 113345.867  89.9%   309  385s
  1590  1251 168370.724   32  329 1127210.66 113345.867  89.9%   310  392s
  1591  1252 176891.266   32  328 1127210.66 113345.867  89.9%   315  396s
  1593  1253 168375.005   33  327 1127210.66 113345.867  89.9%   317  402s
  1595  1255 183568.359   34  321 1127210.66 113345.867  89.9%   318  406s
  1597  1256 171965.188   35  324 1127210.66 113345.867  89.9%   318  410s
  1600  1258 182099.927   37  332 1127210.66 113345.867  89.9%   319  417s
  1601  1259 173806.784   37  321 1127210.66 113345.867  89.9%   320  420s
  1604  1261 193420.156   39  318 1127210.66 113345.867  89.9%   321  425s
  1607  1263 193200.431   40  331 1127210.66 113345.867  89.9%   324  432s
  1609  1264 179911.611   41  303 1127210.66 113345.867  89.9%   334  439s
  1610  1265 182998.585   42  303 1127210.66 113345.867  89.9%   335  441s
  1613  1267 199148.958   43  303 1127210.66 113345.867  89.9%   335  445s
  1618  1270 201097.181   46  303 1127210.66 113345.867  89.9%   336  450s
  1621  1272 198953.947   47  303 1127210.66 113345.867  89.9%   337  455s
  1624  1274 194350.833   49  321 1127210.66 113345.867  89.9%   340  462s
  1625  1275 206697.144   49  332 1127210.66 113345.867  89.9%   341  465s
  1628  1277 198958.082   51  322 1127210.66 113345.867  89.9%   343  472s
  1630  1278 209513.041   52  322 1127210.66 113345.867  89.9%   344  475s
  1633  1280 210341.513   53  319 1127210.66 113345.867  89.9%   345  480s
H 1635  1217                    1127210.6633 113345.867  89.9%   346  483s
  1635  1219 203025.634   54  308 1127210.66 113345.867  89.9%   347  486s
  1637  1221 204809.723   55  314 1127210.66 113345.867  89.9%   348  490s
  1640  1223 219622.895   57  296 1127210.66 113345.867  89.9%   350  496s
  1643  1225 210257.353   58  311 1127210.66 113345.867  89.9%   351  501s
  1645  1226 214100.978   59  302 1127210.66 113345.867  89.9%   353  505s
  1648  1228 230900.328   61  301 1127210.66 113345.867  89.9%   356  512s
  1650  1229 220226.996   62  319 1127210.66 113345.867  89.9%   359  517s
  1652  1231 234246.760   63  308 1127210.66 113345.867  89.9%   364  523s
  1653  1231 222571.809   63  312 1127210.66 113345.867  89.9%   366  525s
  1656  1233 236671.229   65  319 1127210.66 113345.867  89.9%   367  532s
  1657  1234 225950.289   65  317 1127210.66 113345.867  89.9%   369  535s
  1660  1236 239870.585   67  301 1127210.66 113345.867  89.9%   370  540s
  1661  1237 228209.118   67  303 1127210.66 113345.867  89.9%   370  547s
  1663  1238 229938.579   68  309 1127210.66 113345.867  89.9%   370  550s
  1666  1240 233076.164   70  327 1127210.66 113345.867  89.9%   372  556s
  1668  1241 238029.617   71  326 1127210.66 113345.867  89.9%   374  560s
  1671  1243 245269.551   72  327 1127210.66 113345.867  89.9%   375  565s
  1674  1245 241919.166   74  335 1127210.66 113345.867  89.9%   376  570s
  1677  1247 242707.151   75  335 1127210.66 113345.867  89.9%   379  577s
  1679  1249 252432.227   76  334 1127210.66 113345.867  89.9%   380  580s
  1681  1250 249236.927   77  318 1127210.66 113345.867  89.9%   388  588s
  1683  1251 254533.483   78  312 1127210.66 113345.867  89.9%   389  591s
  1686  1253 255688.707   80  315 1127210.66 113345.867  89.9%   390  595s
  1688  1255 261633.000   81  315 1127210.66 113345.867  89.9%   390  600s
  1691  1257 256471.700   82  306 1127210.66 113345.867  89.9%   392  605s
  1694  1259 259539.264   84  318 1127210.66 113345.867  89.9%   393  610s
  1697  1261 268013.820   85  320 1127210.66 113345.867  89.9%   395  616s
  1700  1263 264134.118   87  311 1127210.66 113345.867  89.9%   395  620s
  1705  1266 267163.425   89  311 1127210.66 113345.867  89.9%   396  625s
  1709  1269 278210.335   91  312 1127210.66 113345.867  89.9%   397  631s
  1712  1271 276349.511   93  329 1127210.66 113345.867  89.9%   398  635s
  1716  1273 275398.503   95  312 1127210.66 113345.867  89.9%   399  640s
  1720  1276 279793.541   97  317 1127210.66 113345.867  89.9%   399  645s
  1724  1279 284228.002   99  308 1127210.66 113345.867  89.9%   401  650s
  1728  1281 285337.798  101  316 1127210.66 113345.867  89.9%   402  655s
  1733  1285 295647.689  103  303 1127210.66 113345.867  89.9%   403  660s
  1740  1289 299491.863  107  300 1127210.66 113345.867  89.9%   402  665s
  1748  1295 293431.527  111  293 1127210.66 113345.867  89.9%   402  670s
  1753  1298 304987.309  113  291 1127210.66 113345.867  89.9%   404  678s
  1756  1300 296291.189  115  292 1127210.66 113345.867  89.9%   404  680s
  1762  1304 296955.214  118  298 1127210.66 113345.867  89.9%   406  686s
  1767  1307 298633.021  120  292 1127210.66 113345.867  89.9%   406  690s
  1773  1311 302344.313  123  296 1127210.66 113345.867  89.9%   407  695s
  1778  1315 307283.236  126  283 1127210.66 113345.867  89.9%   411  701s
  1784  1319 309427.609  129  295 1127210.66 113345.867  89.9%   411  705s
  1790  1323 313071.387  132  263 1127210.66 113345.867  89.9%   413  710s
  1796  1327 318505.229  135  263 1127210.66 113345.867  89.9%   420  717s
  1801  1330 318195.500  137  264 1127210.66 113345.867  89.9%   420  720s
  1808  1335 321819.826  141  268 1127210.66 113345.867  89.9%   420  725s
  1817  1341 322855.126  145  259 1127210.66 113345.867  89.9%   420  730s
  1826  1347 324508.191  150  264 1127210.66 113345.867  89.9%   420  735s
  1835  1353 328349.899  154  256 1127210.66 113345.867  89.9%   420  740s
  1842  1357 331269.638  158  242 1127210.66 113345.867  89.9%   423  745s
  1847  1361 332679.319  160  239 1127210.66 113345.867  89.9%   423  750s
  1857  1367 338804.161  165  230 1127210.66 113345.867  89.9%   424  755s
  1866  1373 337072.217  170  232 1127210.66 113345.867  89.9%   424  760s
  1871  1377 340863.687  172  227 1127210.66 113345.867  89.9%   423  765s
  1883  1385 342818.509  178  223 1127210.66 113345.867  89.9%   424  770s
  1894  1392 345373.509  184  229 1127210.66 113345.867  89.9%   425  775s
  1902  1397 346930.105  188  243 1127210.66 113345.867  89.9%   426  780s
  1915  1406 351658.161  194  237 1127210.66 113345.867  89.9%   425  785s
  1930  1416 355075.381  202  206 1127210.66 113345.867  89.9%   424  790s
  1953  1431 364229.607  213  212 1127210.66 113345.867  89.9%   422  795s
  1973  1445 366275.857  223  221 1127210.66 113345.867  89.9%   424  800s
  1983  1451 383765.318  228  222 1127210.66 113345.867  89.9%   426  805s
  1997  1461 369209.731  235  197 1127210.66 113345.867  89.9%   426  810s
  2004  1465 371167.275  239  205 1127210.66 113345.867  89.9%   425  819s
  2009  1469 371838.014  241  200 1127210.66 113345.867  89.9%   425  820s
  2025  1479 375341.464  249  199 1127210.66 113345.867  89.9%   429  826s
  2040  1489 376531.296  257  182 1127210.66 113345.867  89.9%   432  830s
  2081  1517 379499.083  277  187 1127210.66 113345.867  89.9%   429  835s
  2118  1541 385442.792  296  180 1127210.66 113345.867  89.9%   431  840s
  2151  1563 388088.972  312  178 1127210.66 113345.867  89.9%   431  845s
  2177  1581 391175.089  325  166 1127210.66 113345.867  89.9%   433  850s
  2188  1588 390915.955  331  154 1127210.66 113345.867  89.9%   436  855s
  2239  1622 396724.154  356  148 1127210.66 113345.867  89.9%   432  860s
  2285  1653 402457.855  379  138 1127210.66 113345.867  89.9%   431  865s
  2301  1663 403950.437  387  139 1127210.66 113345.867  89.9%   430  870s
  2328  1681 404288.618  401  122 1127210.66 113345.867  89.9%   427  875s
  2337  1687 417263.989  405  128 1127210.66 113345.867  89.9%   427  881s
  2406  1733 441225.691  440  117 1127210.66 113345.867  89.9%   421  885s
  2453  1765 474959.697  463  118 1127210.66 113345.867  89.9%   418  890s
  2493  1791 488228.845  483  120 1127210.66 113345.867  89.9%   415  896s
  2557  1834 497087.147  515  125 1127210.66 113345.867  89.9%   408  900s
  2649  1895 524526.445  561  121 1127210.66 113345.867  89.9%   399  905s
  2779  1982 549029.354  626  110 1127210.66 113345.867  89.9%   385  910s
  2831  2017 570108.417  652   97 1127210.66 113345.867  89.9%   380  915s
  2958  2101 623388.788  716   80 1127210.66 113345.867  89.9%   366  922s
  2961  2103 623387.758  717   81 1127210.66 113345.867  89.9%   366  925s
  2994  2125 640399.294  734   76 1127210.66 113345.867  89.9%   363  930s
  3119  2209 727510.388  796   73 1127210.66 113345.867  89.9%   355  935s
  3143  2225 742920.518  808   62 1127210.66 113345.867  89.9%   353  941s
  3219  2275 793589.999  846   54 1127210.66 113345.867  89.9%   347  947s
  3303  2331 865964.141  888   65 1127210.66 113345.867  89.9%   341  950s
  3515  2471 932600.126  994   44 1127210.66 113345.867  89.9%   324  955s
  3531  2481 957537.975 1002   50 1127210.66 113345.867  89.9%   323  961s
  3729  2597 1067665.94 1101   26 1127210.66 113345.867  89.9%   308  965s
  3823  2604 157048.099   15  291 1127210.66 113345.867  89.9%   304  970s
  3837  2613 169836.547   22  301 1127210.66 113345.867  89.9%   306  975s
  3851  2623 174989.718   29  295 1127210.66 113345.867  89.9%   307  980s
  3867  2633 194457.544   37  277 1127210.66 113345.867  89.9%   309  985s
  3880  2642 205640.861   43  280 1127210.66 113345.867  89.9%   311  990s
  3888  2647 214018.694   47  294 1127210.66 113345.867  89.9%   313  995s
  3896  2653 226144.721   51  301 1127210.66 113345.867  89.9%   315 1000s
  3910  2662 248586.822   58  293 1127210.66 113345.867  89.9%   317 1005s
  3921  2669 249434.335   64  291 1127210.66 113345.867  89.9%   319 1010s
  3930  2675 252116.700   68  299 1127210.66 113345.867  89.9%   321 1015s
H 3941  2605                    1094960.7108 113345.867  89.6%   323 1023s
H 3941  2544                    1083909.3985 113345.867  89.5%   323 1023s
H 3941  2491                    1082731.0470 113345.867  89.5%   323 1023s
H 3941  2438                    1071679.7346 113345.867  89.4%   323 1023s
H 3941  2386                    1068442.9679 113345.867  89.4%   323 1024s
H 3941  2303                    1051349.1312 113345.867  89.2%   323 1024s
H 3941  2260                    1048593.0688 113345.867  89.2%   323 1025s
H 3941  2226                    1031499.2320 113345.867  89.0%   323 1025s
H 3941  2204                    1024501.6472 113345.867  88.9%   323 1025s
H 3941  2180                    1006101.1520 113345.867  88.7%   323 1025s
  3956  2197 278574.582   81  301 1006101.15 113345.867  88.7%   324 1030s
  3981  2222 307947.010   94  304 1006101.15 113345.867  88.7%   325 1035s
  3988  2229 304782.263   97  288 1006101.15 113345.867  88.7%   326 1041s
  3991  2232 305128.881   99  297 1006101.15 113345.867  88.7%   326 1046s
  3994  2235 308726.484  100  299 1006101.15 113345.867  88.7%   327 1051s
  4001  2242 313870.944  104  290 1006101.15 113345.867  88.7%   329 1055s
  4008  2249 314987.996  107  300 1006101.15 113345.867  88.7%   329 1063s
  4013  2254 320683.904  110  302 1006101.15 113345.867  88.7%   329 1065s
  4032  2273 341622.209  119  297 1006101.15 113345.867  88.7%   330 1070s
  4055  2296 353545.487  131  299 1006101.15 113345.867  88.7%   331 1075s
  4067  2308 361734.343  137  297 1006101.15 113345.867  88.7%   334 1080s
  4083  2324 372491.290  145  290 1006101.15 113345.867  88.7%   335 1085s
  4101  2342 377061.860  154  284 1006101.15 113345.867  88.7%   338 1090s
  4120  2361 399301.753  163  286 1006101.15 113345.867  88.7%   342 1097s
  4142  2383 417268.359  174  282 1006101.15 113345.867  88.7%   342 1100s
  4161  2402 411830.484  184  261 1006101.15 113345.867  88.7%   343 1105s
  4179  2420 421903.532  193  251 1006101.15 113345.867  88.7%   344 1110s
  4201  2442 429171.880  204  255 1006101.15 113345.867  88.7%   344 1115s
  4218  2459 434189.627  212  246 1006101.15 113345.867  88.7%   345 1120s
  4240  2481 459472.461  223  240 1006101.15 113345.867  88.7%   345 1125s
  4253  2494 456314.696  230  236 1006101.15 113345.867  88.7%   351 1136s
  4260  2501 456477.267  233  235 1006101.15 113345.867  88.7%   352 1140s
  4276  2517 462149.819  241  228 1006101.15 113345.867  88.7%   353 1145s
  4293  2534 464487.340  250  236 1006101.15 113345.867  88.7%   354 1150s
  4314  2555 479803.382  260  236 1006101.15 113345.867  88.7%   354 1155s
  4336  2577 495228.280  271  254 1006101.15 113345.867  88.7%   355 1160s
H 4356  2529                    972473.22126 113345.867  88.3%   356 1165s
H 4356  2529                    972468.56559 113345.867  88.3%   356 1165s
H 4356  2529                    965821.32225 113345.867  88.3%   356 1166s
  4381  2556 498239.559  294  213 965821.322 113345.867  88.3%   356 1170s
  4399  2574 501840.048  303  188 965821.322 113345.867  88.3%   360 1175s
  4435  2610 510620.897  321  192 965821.322 113345.867  88.3%   360 1180s
  4466  2641 519473.857  336  168 965821.322 113345.867  88.3%   362 1185s
  4489  2664 519789.199  348  151 965821.322 113345.867  88.3%   366 1190s
  4545  2720 552086.093  376  163 965821.322 113345.867  88.3%   364 1197s
  4582  2757 567059.779  394  158 965821.322 113345.867  88.3%   363 1200s
  4656  2831 594525.070  431  132 965821.322 113345.867  88.3%   361 1205s
  4746  2921 600974.378  476  118 965821.322 113345.867  88.3%   359 1210s
  4779  2954 604029.028  493  119 965821.322 113345.867  88.3%   359 1215s
  4810  2985 610443.255  508  121 965821.322 113345.867  88.3%   360 1220s
  4851  3026 615524.682  529  125 965821.322 113345.867  88.3%   361 1225s
  4896  3071 631256.689  551  120 965821.322 113345.867  88.3%   361 1230s
H 4924  3097                    965821.31977 113345.867  88.3%   361 1234s
H 4924  3097                    965800.40654 113345.867  88.3%   361 1236s
H 4924  3097                    964861.62945 113345.867  88.3%   361 1236s
  4924  3099 649281.689  565  137 964861.629 113345.867  88.3%   362 1241s
  4956  3131 639457.281  581  106 964861.629 113345.867  88.3%   362 1245s
  4985  3160 652906.152  596   92 964861.629 113345.867  88.3%   360 1250s
  5011  3186 651774.026  609   92 964861.629 113345.867  88.3%   360 1255s
  5089  3264 672405.639  648   84 964861.629 113345.867  88.3%   358 1260s
  5140  3315 700820.955  673   83 964861.629 113345.867  88.3%   359 1265s
  5239  3414 718144.740  723   76 964861.629 113345.867  88.3%   355 1270s
  5247  3422 729805.593  727   75 964861.629 113345.867  88.3%   355 1275s
  5306  3481 776394.453  756   78 964861.629 113345.867  88.3%   355 1280s
  5393  3568 795174.051  800   72 964861.629 113345.867  88.3%   353 1285s
  5456  3629 846845.408  831   61 964861.629 113345.867  88.3%   352 1290s
  5541  3712 882250.371  874   72 964861.629 113345.867  88.3%   350 1295s
  5653  3824 893262.516  930   74 964861.629 113345.867  88.3%   346 1300s
  5679  3850 896856.138  943   70 964861.629 113345.867  88.3%   345 1305s
  5796  3967 912735.237 1001   72 964861.629 113345.867  88.3%   341 1310s
  5906  4062     cutoff 1052      964861.629 113345.867  88.3%   338 1315s
  5942  4060     cutoff 1052      964861.629 113345.867  88.3%   340 1320s
  5977  4065 126031.672   16  297 964861.629 116755.198  87.9%   340 1325s
  5985  4073 135853.922   20  306 964861.629 116755.198  87.9%   341 1331s
  5994  4082 149767.789   24  310 964861.629 116755.198  87.9%   342 1335s
  6006  4094 160932.568   30  297 964861.629 116755.198  87.9%   344 1340s
  6012  4100 185316.628   33  300 964861.629 116755.198  87.9%   345 1352s
  6019  4107 183452.396   37  283 964861.629 116755.198  87.9%   345 1355s
  6032  4120 200889.280   43  279 964861.629 116755.198  87.9%   347 1360s
  6045  4133 217418.691   50  298 964861.629 116755.198  87.9%   347 1365s
  6053  4141 219788.728   54  285 964861.629 116755.198  87.9%   349 1370s
  6073  4161 240845.639   64  294 964861.629 116755.198  87.9%   350 1375s
H 6089  4165                    950390.15149 116755.198  87.7%   351 1382s
  6090  4168 245994.421   72  304 950390.151 116755.198  87.7%   351 1385s
  6105  4183 258801.059   80  297 950390.151 116755.198  87.7%   352 1390s
  6122  4200 275691.877   88  301 950390.151 116755.198  87.7%   353 1395s
  6136  4214 307593.926   95  287 950390.151 116755.198  87.7%   355 1400s
  6154  4232 321278.511  104  284 950390.151 116755.198  87.7%   356 1405s
  6181  4259 325602.630  118  292 950390.151 116755.198  87.7%   356 1410s
  6201  4279 336473.013  128  279 950390.151 116755.198  87.7%   357 1415s
  6217  4295 371764.378  136  289 950390.151 116755.198  87.7%   358 1420s
  6248  4326 381790.217  151  271 950390.151 116755.198  87.7%   358 1425s
  6270  4348 401039.598  162  260 950390.151 116755.198  87.7%   359 1430s
  6293  4371 422247.922  174  261 950390.151 116755.198  87.7%   363 1440s
  6323  4401 434004.556  189  249 950390.151 116755.198  87.7%   363 1445s
  6361  4439 462911.417  208  233 950390.151 116755.198  87.7%   362 1450s
  6372  4450 470737.598  213  237 950390.151 116755.198  87.7%   367 1458s
  6378  4456 472342.914  216  231 950390.151 116755.198  87.7%   368 1460s
  6393  4471 486751.342  224  242 950390.151 116755.198  87.7%   370 1466s
  6411  4489 502455.934  233  219 950390.151 116755.198  87.7%   371 1470s
  6448  4526 513823.373  251  205 950390.151 116755.198  87.7%   371 1475s
  6484  4562 530700.574  269  201 950390.151 116755.198  87.7%   371 1480s
  6525  4603 543481.081  290  200 950390.151 116755.198  87.7%   372 1485s
  6574  4652 566663.661  314  194 950390.151 116755.198  87.7%   372 1490s
  6615  4693 587407.869  335  180 950390.151 116755.198  87.7%   372 1495s
  6661  4739 610424.555  358  183 950390.151 116755.198  87.7%   372 1500s
  6697  4775 631830.511  376  177 950390.151 116755.198  87.7%   373 1505s
  6717  4795 641805.405  386  174 950390.151 116755.198  87.7%   375 1510s
  6723  4801 646321.178  389  174 950390.151 116755.198  87.7%   378 1515s
  6764  4842 655587.706  409  169 950390.151 116755.198  87.7%   377 1523s
  6790  4868 656923.030  422  184 950390.151 116755.198  87.7%   377 1525s
H 6818  4894                    950075.32728 116755.198  87.7%   377 1529s
H 6818  4894                    950071.69751 116755.198  87.7%   377 1529s
  6818  4896 665344.878  436  168 950071.698 116755.198  87.7%   377 1533s
  6836  4914 675965.739  445  157 950071.698 116755.198  87.7%   377 1535s
  6864  4942 685215.832  459  159 950071.698 116755.198  87.7%   378 1540s
  6890  4968 679517.513  472  156 950071.698 116755.198  87.7%   378 1557s
  6904  4982 689716.870  479  158 950071.698 116755.198  87.7%   379 1560s
  6926  5004 682450.844  490  141 950071.698 116755.198  87.7%   379 1565s
  6983  5061 698942.450  519  145 950071.698 116755.198  87.7%   378 1570s
  7019  5097 702417.793  537  137 950071.698 116755.198  87.7%   379 1575s
  7081  5159 721648.531  568  135 950071.698 116755.198  87.7%   378 1581s
H 7115  5191                    950037.07891 116755.198  87.7%   378 1585s
H 7115  5191                    949999.04990 116755.198  87.7%   378 1585s
  7123  5201 724345.814  589  123 949999.050 116755.198  87.7%   378 1590s
  7160  5238 760896.407  607  154 949999.050 116755.198  87.7%   379 1595s
  7192  5270 744357.960  623  131 949999.050 116755.198  87.7%   379 1600s
  7249  5327 744643.680  652  114 949999.050 116755.198  87.7%   379 1605s
  7279  5357 753622.267  667  116 949999.050 116755.198  87.7%   380 1610s
  7312  5390 749572.527  683  108 949999.050 116755.198  87.7%   380 1617s
  7346  5424 752066.389  700  104 949999.050 116755.198  87.7%   380 1620s
  7411  5489 754567.619  733   99 949999.050 116755.198  87.7%   379 1625s
  7462  5540 761071.712  758   85 949999.050 116755.198  87.7%   378 1630s
  7568  5646 778128.356  811   69 949999.050 116755.198  87.7%   375 1635s
  7688  5766 800423.777  871   78 949999.050 116755.198  87.7%   372 1640s
  7797  5875 800939.041  926   66 949999.050 116755.198  87.7%   369 1645s
  7925  6001 843622.541  990   50 949999.050 116755.198  87.7%   365 1653s
  7980  6056 847656.824 1017   56 949999.050 116755.198  87.7%   363 1655s
H 8115  6189                    949917.69671 116755.198  87.7%   358 1666s
  8192  6268 873225.103 1123   43 949917.697 116755.198  87.7%   357 1670s
  8312  6361     cutoff 1177      949917.697 116755.198  87.7%   354 1675s
  8366  6375 138323.411   16  309 949917.697 116755.198  87.7%   353 1680s
  8380  6389 166181.814   23  297 949917.697 116755.198  87.7%   354 1685s
  8393  6402 165414.025   30  315 949917.697 116755.198  87.7%   355 1690s
  8403  6412 178759.994   35  290 949917.697 116755.198  87.7%   356 1696s
  8411  6420 194731.359   39  297 949917.697 116755.198  87.7%   357 1700s
  8422  6431 218686.277   44  299 949917.697 116755.198  87.7%   358 1705s
  8431  6440 209773.626   49  315 949917.697 116755.198  87.7%   358 1710s
  8443  6452 225243.337   55  314 949917.697 116755.198  87.7%   359 1720s
  8455  6464 252072.800   61  301 949917.697 116755.198  87.7%   361 1725s
  8463  6472 254474.894   65  303 949917.697 116755.198  87.7%   362 1730s
  8478  6487 265243.483   72  315 949917.697 116755.198  87.7%   363 1735s
  8492  6501 264538.225   79  318 949917.697 116755.198  87.7%   364 1740s
  8514  6523 277141.974   90  291 949917.697 116755.198  87.7%   364 1745s
  8534  6543 284829.594  100  300 949917.697 116755.198  87.7%   365 1750s
  8551  6560 296111.701  109  285 949917.697 116755.198  87.7%   366 1755s
  8571  6580 321527.555  119  280 949917.697 116755.198  87.7%   367 1761s
  8584  6593 328125.649  125  274 949917.697 116755.198  87.7%   368 1765s
  8612  6621 339894.552  139  255 949917.697 116755.198  87.7%   368 1770s
  8635  6644 347175.177  151  259 949917.697 116755.198  87.7%   369 1775s
  8655  6664 392828.388  161  242 949917.697 116755.198  87.7%   369 1780s
  8673  6682 402252.163  170  258 949917.697 116755.198  87.7%   370 1785s
  8713  6722 433569.860  190  265 949917.697 116755.198  87.7%   370 1790s
  8742  6751 456042.610  204  208 949917.697 116755.198  87.7%   370 1795s
  8762  6771 463182.704  214  214 949917.697 116755.198  87.7%   372 1801s
  8777  6786 463910.864  222  191 949917.697 116755.198  87.7%   373 1805s
  8804  6813 475126.008  235  183 949917.697 116755.198  87.7%   373 1810s
  8826  6835 494421.661  246  188 949917.697 116755.198  87.7%   374 1815s
  8847  6856 491597.580  257  179 949917.697 116755.198  87.7%   376 1820s
  8856  6865 491106.359  261  168 949917.697 116755.198  87.7%   376 1836s
H 8876  6881                    946266.62663 116755.198  87.7%   377 1840s
  8892  6899 516729.511  279  162 946266.627 116755.198  87.7%   377 1845s
  8930  6937 554873.700  298  171 946266.627 116755.198  87.7%   377 1850s
  8951  6958 573242.972  309  159 946266.627 116755.198  87.7%   379 1855s
H 8954  6952                    943482.16555 116755.198  87.6%   379 1855s
H 8954  6943                    942612.88978 116755.198  87.6%   379 1857s
H 8954  6939                    939560.42638 116755.198  87.6%   379 1858s
  8955  6942 576158.110  311  176 939560.426 116755.198  87.6%   379 1860s
  8976  6963 580531.431  321  164 939560.426 116755.198  87.6%   380 1865s
  9000  6987 600414.830  333  173 939560.426 116755.198  87.6%   381 1870s
  9020  7007 587943.990  343  151 939560.426 116755.198  87.6%   382 1875s
  9076  7063 638967.279  371  160 939560.426 116755.198  87.6%   382 1880s
  9112  7099 660959.120  389  171 939560.426 116755.198  87.6%   384 1885s
  9142  7129 665289.058  404  151 939560.426 116755.198  87.6%   385 1890s
  9185  7172 679127.373  426  152 939560.426 116755.198  87.6%   385 1895s
  9256  7243 707801.268  461  148 939560.426 116755.198  87.6%   384 1900s
  9311  7294 724892.590  488  129 939560.426 116755.198  87.6%   384 1905s
  9393  7374 760268.722  529  113 939560.426 116755.198  87.6%   383 1910s
H 9414  7393                    937067.98781 116755.198  87.5%   382 1911s
H 9414  7391                    936980.21014 116755.198  87.5%   382 1911s
  9421  7400 771310.312  543  108 936980.210 116755.198  87.5%   383 1915s
  9508  7485 817196.271  587  101 936980.210 116755.198  87.5%   381 1920s
  9549  7526 786959.392  607   98 936980.210 116755.198  87.5%   381 1927s
  9582  7559 808773.230  624  112 936980.210 116755.198  87.5%   380 1930s
  9602  7579 801138.322  634   91 936980.210 116755.198  87.5%   381 1935s
  9674  7651 809360.109  670   87 936980.210 116755.198  87.5%   380 1940s
  9746  7723 816098.925  706   77 936980.210 116755.198  87.5%   379 1945s
  9819  7796 821370.375  742   77 936980.210 116755.198  87.5%   377 1953s
  9856  7833 821590.956  761   69 936980.210 116755.198  87.5%   377 1955s
  9932  7907 838284.305  799   45 936980.210 116755.198  87.5%   376 1960s
  9991  7966 862696.371  828   70 936980.210 116755.198  87.5%   375 1965s
 10096  8071 863376.353  881   77 936980.210 116755.198  87.5%   373 1970s
 10201  8176 870013.381  933   65 936980.210 116755.198  87.5%   371 1975s
 10251  8226 868133.999  958   83 936980.210 116755.198  87.5%   370 1980s
 10332  8272 916611.166  984   66 936980.210 116755.198  87.5%   368 1987s
 10348  8276 124490.176   17  310 936980.210 117801.187  87.4%   368 1990s
 10359  8287 137438.679   22  323 936980.210 117801.187  87.4%   368 1999s
 10360  8288 140715.211   23  325 936980.210 117801.187  87.4%   369 2001s
 10369  8297 156949.919   27  316 936980.210 117801.187  87.4%   369 2005s
 10381  8309 177008.686   33  303 936980.210 117801.187  87.4%   370 2010s
H10386  8300                    934215.33511 117801.187  87.4%   370 2013s
H10386  8296                    931240.29482 117801.187  87.4%   370 2014s
H10386  8296                    931225.27368 117801.187  87.3%   370 2014s
H10386  8296                    931218.88297 117801.187  87.3%   370 2014s
H10386  8296                    931218.55752 117801.187  87.3%   370 2014s
 10386  8298 180475.113   36  296 931218.558 117801.187  87.3%   370 2016s
 10396  8308 199507.351   41  302 931218.558 117801.187  87.3%   371 2020s
 10408  8320 197175.166   47  293 931218.558 117801.187  87.3%   372 2025s
 10412  8324 200038.182   49  283 931218.558 117801.187  87.3%   372 2031s
 10419  8331 205888.717   52  300 931218.558 117801.187  87.3%   373 2035s
 10432  8344 212105.797   59  290 931218.558 117801.187  87.3%   373 2040s
 10445  8357 221469.294   65  305 931218.558 117801.187  87.3%   374 2045s
 10455  8367 239491.789   70  297 931218.558 117801.187  87.3%   375 2050s
 10466  8378 263648.915   76  293 931218.558 117801.187  87.3%   376 2055s
 10480  8392 263937.062   83  296 931218.558 117801.187  87.3%   377 2060s
 10493  8405 285365.413   89  286 931218.558 117801.187  87.3%   378 2065s
 10511  8423 307420.881   98  276 931218.558 117801.187  87.3%   379 2070s
 10522  8434 311779.686  104  284 931218.558 117801.187  87.3%   379 2075s
 10534  8446 321294.653  110  291 931218.558 117801.187  87.3%   380 2080s
 10563  8475 330679.162  124  270 931218.558 117801.187  87.3%   380 2085s
 10575  8487 337311.998  130  266 931218.558 117801.187  87.3%   380 2092s
 10590  8502 349843.074  138  266 931218.558 117801.187  87.3%   380 2095s
 10605  8517 375000.510  145  255 931218.558 117801.187  87.3%   381 2100s
 10619  8531 393260.223  152  252 931218.558 117801.187  87.3%   382 2105s
 10652  8564 428898.864  169  255 931218.558 117801.187  87.3%   382 2110s
 10690  8602 457374.494  188  249 931218.558 117801.187  87.3%   382 2115s
 10709  8621 479281.728  197  243 931218.558 117801.187  87.3%   382 2120s
 10734  8646 493635.147  210  219 931218.558 117801.187  87.3%   383 2125s
 10757  8669 515175.293  221  231 931218.558 117801.187  87.3%   383 2130s
 10791  8703 530062.004  238  219 931218.558 117801.187  87.3%   383 2135s
 10804  8716 539528.185  245  214 931218.558 117801.187  87.3%   385 2142s
 10818  8730 542575.411  252  218 931218.558 117801.187  87.3%   385 2149s
 10824  8736 561875.741  255  220 931218.558 117801.187  87.3%   385 2150s
 10867  8779 577292.542  276  209 931218.558 117801.187  87.3%   384 2155s
 10894  8806 604784.966  290  194 931218.558 117801.187  87.3%   385 2160s
 10936  8848 625402.102  311  209 931218.558 117801.187  87.3%   384 2165s
 10970  8882 634910.165  328  213 931218.558 117801.187  87.3%   384 2171s
 10984  8896 633725.887  335  205 931218.558 117801.187  87.3%   383 2175s
 11022  8934 644719.923  354  187 931218.558 117801.187  87.3%   383 2181s
 11052  8964 656918.794  369  183 931218.558 117801.187  87.3%   383 2185s
 11057  8969 661171.088  371  180 931218.558 117801.187  87.3%   384 2190s
 11094  9006 666711.728  390  191 931218.558 117801.187  87.3%   384 2195s
 11134  9046 673695.634  410  186 931218.558 117801.187  87.3%   384 2200s
 11163  9075 673728.810  424  190 931218.558 117801.187  87.3%   384 2205s
 11189  9101 679982.297  437  195 931218.558 117801.187  87.3%   385 2211s
 11193  9105 682459.489  439  189 931218.558 117801.187  87.3%   386 2215s
 11215  9127 687684.945  450  188 931218.558 117801.187  87.3%   386 2220s
 11248  9160 695554.933  467  181 931218.558 117801.187  87.3%   386 2225s
 11267  9179 693866.007  476  170 931218.558 117801.187  87.3%   387 2230s
 11302  9214 703487.807  494  170 931218.558 117801.187  87.3%   386 2235s
 11313  9225 703971.868  499  175 931218.558 117801.187  87.3%   386 2240s
 11350  9262 713320.720  518  164 931218.558 117801.187  87.3%   386 2245s
 11381  9293 735644.203  533  166 931218.558 117801.187  87.3%   386 2250s
 11402  9314 736737.720  544  171 931218.558 117801.187  87.3%   386 2255s
 11440  9352 735394.152  563  168 931218.558 117801.187  87.3%   386 2260s
 11485  9397 738000.946  585  164 931218.558 117801.187  87.3%   386 2265s
 11526  9438 746551.418  606  168 931218.558 117801.187  87.3%   386 2270s
 11547  9459 750071.688  616  166 931218.558 117801.187  87.3%   386 2277s
 11585  9497 761503.804  635  177 931218.558 117801.187  87.3%   385 2280s
 11621  9533 760028.010  653  157 931218.558 117801.187  87.3%   386 2285s
 11664  9576 759898.394  675  150 931218.558 117801.187  87.3%   386 2290s
 11694  9606 765573.546  690  154 931218.558 117801.187  87.3%   387 2295s
 11713  9625 780224.107  699  147 931218.558 117801.187  87.3%   387 2301s
 11734  9646 780154.678  710  121 931218.558 117801.187  87.3%   387 2305s
 11846  9756 786174.976  766   75 931218.558 117801.187  87.3%   385 2310s
 11960  9870 812890.777  823   79 931218.558 117801.187  87.3%   383 2315s
 12024  9934 814723.559  855   71 931218.558 117801.187  87.3%   382 2320s
 12123 10033 836477.410  904   64 931218.558 117801.187  87.3%   381 2325s
 12168 10078 830954.659  927   71 931218.558 117801.187  87.3%   380 2331s
 12276 10186 832718.216  981   59 931218.558 117801.187  87.3%   377 2337s
 12358 10266 880600.394 1022   43 931218.558 117801.187  87.3%   375 2340s
 12489 10330 134912.272   16  286 931218.558 117801.187  87.3%   372 2345s
 12501 10342 153740.261   22  301 931218.558 117801.187  87.3%   372 2350s
 12511 10352 172868.899   27  295 931218.558 117801.187  87.3%   373 2355s
 12520 10361 172489.920   32  309 931218.558 117801.187  87.3%   374 2360s
 12525 10366 193511.321   34  302 931218.558 117801.187  87.3%   374 2365s
 12533 10374 202257.632   38  291 931218.558 117801.187  87.3%   375 2370s
 12549 10390 222268.349   46  285 931218.558 117801.187  87.3%   375 2375s
H12550 10389                    930935.94585 117801.187  87.3%   375 2377s
 12552 10393 212219.259   48  293 930935.946 117801.187  87.3%   375 2380s
 12563 10404 218340.978   53  301 930935.946 117801.187  87.3%   376 2385s
 12573 10414 229472.275   58  304 930935.946 117801.187  87.3%   376 2390s
 12586 10427 248918.810   65  300 930935.946 117801.187  87.3%   377 2395s
 12597 10438 247868.958   70  302 930935.946 117801.187  87.3%   378 2400s
 12605 10446 262180.618   74  293 930935.946 117801.187  87.3%   378 2405s
 12624 10465 275854.564   84  302 930935.946 117801.187  87.3%   379 2410s
 12641 10482 284544.058   92  306 930935.946 117801.187  87.3%   379 2415s
 12661 10502 304405.603  102  303 930935.946 117801.187  87.3%   379 2420s
 12679 10520 315751.474  111  284 930935.946 117801.187  87.3%   380 2425s
 12694 10535 334631.605  119  287 930935.946 117801.187  87.3%   380 2430s
 12706 10547 353115.079  125  283 930935.946 117801.187  87.3%   382 2435s
 12728 10569 368992.441  136  267 930935.946 117801.187  87.3%   382 2440s
 12750 10591 390361.021  147  237 930935.946 117801.187  87.3%   383 2445s
 12777 10618 402127.180  160  230 930935.946 117801.187  87.3%   383 2450s
 12801 10642 433732.088  172  249 930935.946 117801.187  87.3%   383 2455s
 12812 10653 447227.609  178  251 930935.946 117801.187  87.3%   384 2460s
 12825 10666 462660.292  184  256 930935.946 117801.187  87.3%   385 2465s
 12836 10677 472212.491  190  250 930935.946 117801.187  87.3%   387 2473s
 12845 10686 472407.779  194  255 930935.946 117801.187  87.3%   387 2475s
H12861 10698                    929354.32983 117801.187  87.3%   387 2478s
H12861 10668                    925800.29306 117801.187  87.3%   387 2479s
H12861 10668                    925800.21156 117801.187  87.3%   387 2479s
H12861 10666                    923844.29700 117801.187  87.2%   387 2482s
 12865 10672 495109.006  204  240 923844.297 117801.187  87.2%   388 2485s
 12898 10705 519304.436  221  221 923844.297 117801.187  87.2%   388 2493s
 12902 10709 515015.321  223  223 923844.297 117801.187  87.2%   388 2495s
 12920 10727 526666.996  232  215 923844.297 117801.187  87.2%   389 2500s
 12946 10753 540343.546  245  222 923844.297 117801.187  87.2%   390 2507s
 12954 10761 546986.033  249  213 923844.297 117801.187  87.2%   391 2511s
 12964 10771 560713.061  254  218 923844.297 117801.187  87.2%   391 2516s
 12976 10783 592109.394  260  236 923844.297 117801.187  87.2%   392 2520s
 13020 10827 589972.809  282  209 923844.297 117801.187  87.2%   391 2525s
 13044 10851 596842.876  294  203 923844.297 117801.187  87.2%   391 2530s
 13091 10898 606276.018  317  207 923844.297 117801.187  87.2%   391 2535s
 13131 10938 633209.168  337  180 923844.297 117801.187  87.2%   391 2540s
 13141 10948 635079.236  342  187 923844.297 117801.187  87.2%   391 2546s
 13158 10965 638181.385  351  189 923844.297 117801.187  87.2%   391 2550s
 13206 11013 667837.857  375  182 923844.297 117801.187  87.2%   391 2555s
 13242 11049 680290.566  393  182 923844.297 117801.187  87.2%   391 2560s
 13254 11061 684739.416  399  172 923844.297 117801.187  87.2%   392 2565s
 13281 11088 690464.653  412  170 923844.297 117801.187  87.2%   393 2570s
 13316 11123 703210.883  430  159 923844.297 117801.187  87.2%   393 2575s
 13343 11150 712314.901  443  165 923844.297 117801.187  87.2%   394 2580s
 13384 11191 711166.810  464  171 923844.297 117801.187  87.2%   394 2585s
 13403 11210 715492.121  473  156 923844.297 117801.187  87.2%   394 2590s
H13407 11211                    923554.37318 117801.187  87.2%   395 2593s
 13407 11213 721117.235  475  164 923554.373 117801.187  87.2%   395 2595s
 13465 11271 739816.366  504  162 923554.373 117801.187  87.2%   394 2600s
H13492 11296                    923430.35024 117801.187  87.2%   394 2605s
 13506 11312 744029.838  525  156 923430.350 117801.187  87.2%   393 2610s
H13519 11322                    923081.35697 117801.187  87.2%   394 2618s
 13519 11324 752451.788  531  152 923081.357 117801.187  87.2%   394 2620s
 13570 11375 750134.364  557  134 923081.357 117801.187  87.2%   393 2625s
H13573 11369                    921975.51121 117801.187  87.2%   393 2628s
H13573 11369                    921890.10910 117801.187  87.2%   393 2628s
H13573 11365                    921731.89662 117801.187  87.2%   393 2628s
H13573 11365                    921731.48068 117801.187  87.2%   393 2628s
 13575 11369 750095.516  559  130 921731.481 117801.187  87.2%   393 2630s
 13631 11425 764485.632  587  136 921731.481 117801.187  87.2%   393 2635s
 13679 11473 767933.633  611  144 921731.481 117801.187  87.2%   392 2640s
 13724 11518 770691.728  634  128 921731.481 117801.187  87.2%   392 2645s
 13804 11598 786925.063  674  124 921731.481 117801.187  87.2%   391 2650s
 13862 11656 787819.397  703  124 921731.481 117801.187  87.2%   390 2655s
 13916 11710 793158.670  730  129 921731.481 117801.187  87.2%   390 2660s
 13960 11754 824271.012  752  145 921731.481 117801.187  87.2%   390 2665s
 13981 11775 795751.721  762  132 921731.481 117801.187  87.2%   390 2670s
 14028 11822 802944.767  786  115 921731.481 117801.187  87.2%   390 2677s
 14060 11854 803258.101  802  107 921731.481 117801.187  87.2%   390 2680s
 14070 11864 820263.499  807  136 921731.481 117801.187  87.2%   390 2685s
 14124 11918 809299.689  834   99 921731.481 117801.187  87.2%   390 2690s
 14183 11977 816652.300  863  100 921731.481 117801.187  87.2%   389 2695s
 14266 12060 821733.907  905  105 921731.481 117801.187  87.2%   388 2700s
 14345 12139 823836.513  944  115 921731.481 117801.187  87.2%   387 2705s
 14433 12221 infeasible  988      921731.481 117801.187  87.2%   386 2710s
 14512 12242     cutoff 1015      921731.481 117801.187  87.2%   386 2715s
 14523 12253 141110.895   20  290 921731.481 118031.297  87.2%   386 2720s
 14532 12262 153686.162   25  305 921731.481 118031.297  87.2%   387 2725s
 14544 12274 167891.914   31  314 921731.481 118031.297  87.2%   387 2730s
 14553 12283 165836.145   35  309 921731.481 118031.297  87.2%   388 2735s
H14560 12288                    921731.47984 118031.297  87.2%   388 2737s
 14560 12290 190995.053   39  309 921731.480 118031.297  87.2%   388 2766s
 14570 12300 189809.072   44  304 921731.480 118031.297  87.2%   388 2770s
 14583 12313 206048.066   50  315 921731.480 118031.297  87.2%   388 2775s
 14591 12321 221374.052   54  310 921731.480 118031.297  87.2%   389 2780s
 14607 12337 233540.725   62  298 921731.480 118031.297  87.2%   390 2785s
 14621 12351 239966.366   69  303 921731.480 118031.297  87.2%   390 2790s
 14628 12358 246522.475   73  319 921731.480 118031.297  87.2%   390 2797s
 14636 12366 255548.603   77  307 921731.480 118031.297  87.2%   390 2800s
 14648 12378 278527.794   83  304 921731.480 118031.297  87.2%   391 2805s
 14666 12396 294081.190   92  302 921731.480 118031.297  87.2%   392 2810s
 14682 12412 319902.294  100  279 921731.480 118031.297  87.2%   392 2815s
 14695 12425 324846.004  106  283 921731.480 118031.297  87.2%   393 2820s
 14710 12440 351399.909  114  274 921731.480 118031.297  87.2%   394 2825s
 14725 12455 352265.215  121  295 921731.480 118031.297  87.2%   394 2830s
 14749 12479 367551.707  133  288 921731.480 118031.297  87.2%   394 2835s
 14767 12497 374217.888  142  254 921731.480 118031.297  87.2%   395 2840s
 14786 12516 415029.342  152  242 921731.480 118031.297  87.2%   395 2845s
 14807 12537 425267.429  162  244 921731.480 118031.297  87.2%   396 2850s
 14837 12567 451400.912  177  237 921731.480 118031.297  87.2%   396 2855s
 14871 12601 490065.981  194  243 921731.480 118031.297  87.2%   396 2860s
 14898 12628 525959.926  208  235 921731.480 118031.297  87.2%   396 2865s
 14954 12684 548028.539  236  241 921731.480 118031.297  87.2%   395 2870s
 14961 12691 545535.181  239  241 921731.480 118031.297  87.2%   395 2876s
 14982 12712 567427.748  250  245 921731.480 118031.297  87.2%   396 2880s
 15018 12748 588842.459  268  231 921731.480 118031.297  87.2%   396 2885s
 15034 12764 603282.157  276  236 921731.480 118031.297  87.2%   396 2890s
 15056 12786 617976.402  287  224 921731.480 118031.297  87.2%   397 2895s
 15095 12825 629569.749  306  205 921731.480 118031.297  87.2%   397 2900s
 15140 12870 666353.632  329  200 921731.480 118031.297  87.2%   397 2905s
 15180 12910 682035.857  349  192 921731.480 118031.297  87.2%   398 2910s
 15198 12928 693807.619  358  184 921731.480 118031.297  87.2%   398 2916s
 15199 12929 693321.880  358  196 921731.480 118031.297  87.2%   397 2920s
 15252 12982 731408.820  385  194 921731.480 118031.297  87.2%   397 2925s
 15293 13023 734745.952  405  187 921731.480 118031.297  87.2%   397 2930s
 15347 13077 753016.228  432  188 921731.480 118031.297  87.2%   397 2935s
 15404 13134 767824.143  461  183 921731.480 118031.297  87.2%   396 2940s
 15444 13174 771675.782  481  180 921731.480 118031.297  87.2%   397 2945s
 15535 13265 788064.518  526  186 921731.480 118031.297  87.2%   395 2950s
 15560 13290 791925.450  539  173 921731.480 118031.297  87.2%   396 2956s
 15594 13324 797750.371  556  159 921731.480 118031.297  87.2%   396 2960s
 15662 13392 818349.449  590  169 921731.480 118031.297  87.2%   395 2965s
 15717 13447 829112.540  617  149 921731.480 118031.297  87.2%   395 2970s
 15738 13468 835926.939  628  142 921731.480 118031.297  87.2%   395 2976s
 15777 13507 848484.655  647  146 921731.480 118031.297  87.2%   395 2980s
 15792 13522 855624.702  655  136 921731.480 118031.297  87.2%   395 2985s
 15849 13579 873421.879  683  146 921731.480 118031.297  87.2%   395 2990s
 15904 13632 878351.650  711  143 921731.480 118031.297  87.2%   395 2995s
 15927 13655 880716.064  722  137 921731.480 118031.297  87.2%   395 3001s
 15955 13683 892992.680  736  156 921731.480 118031.297  87.2%   395 3005s
 16016 13744 891328.009  767  116 921731.480 118031.297  87.2%   394 3010s
 16029 13757 899917.677  773  112 921731.480 118031.297  87.2%   395 3015s
 16069 13797 897413.329  793  114 921731.480 118031.297  87.2%   394 3020s
 16110 13834 915223.971  814  111 921731.480 118031.297  87.2%   395 3025s
 16150 13852 128655.473   17  274 921731.480 118031.297  87.2%   395 3030s
 16158 13860 148893.412   21  295 921731.480 118031.297  87.2%   396 3035s
 16171 13873 161681.211   28  303 921731.480 118031.297  87.2%   396 3040s
 16182 13884 172910.762   33  299 921731.480 118031.297  87.2%   396 3045s
 16190 13892 185358.243   37  278 921731.480 118031.297  87.2%   397 3050s
 16199 13901 187915.696   42  284 921731.480 118031.297  87.2%   397 3055s
 16210 13912 213509.194   47  298 921731.480 118031.297  87.2%   398 3060s
 16221 13923 204258.169   53  303 921731.480 118031.297  87.2%   399 3066s
 16231 13933 213275.047   58  301 921731.480 118031.297  87.2%   399 3070s
 16248 13950 235037.942   66  304 921731.480 118031.297  87.2%   399 3075s
 16267 13969 254586.236   76  290 921731.480 118031.297  87.2%   400 3081s
 16274 13976 255187.701   79  285 921731.480 118031.297  87.2%   400 3085s
 16286 13988 271204.303   85  297 921731.480 118031.297  87.2%   401 3090s
 16297 13999 279337.556   91  294 921731.480 118031.297  87.2%   401 3095s
 16308 14010 289422.363   96  301 921731.480 118031.297  87.2%   402 3100s
 16320 14022 294997.335  102  293 921731.480 118031.297  87.2%   402 3107s
 16330 14032 313154.189  107  294 921731.480 118031.297  87.2%   403 3110s
 16346 14048 336012.038  115  297 921731.480 118031.297  87.2%   403 3115s
 16367 14069 353974.475  126  270 921731.480 118031.297  87.2%   404 3120s
 16389 14091 370844.880  137  270 921731.480 118031.297  87.2%   404 3125s
 16411 14113 383147.492  148  253 921731.480 118031.297  87.2%   404 3130s
 16440 14142 415417.639  162  251 921731.480 118031.297  87.2%   404 3135s
 16465 14167 449213.455  175  263 921731.480 118031.297  87.2%   404 3140s
 16485 14187 462207.289  185  248 921731.480 118031.297  87.2%   405 3145s
 16524 14226 479293.244  204  249 921731.480 118031.297  87.2%   405 3150s
 16555 14257 504782.008  220  217 921731.480 118031.297  87.2%   405 3157s
 16563 14265 516364.536  224  237 921731.480 118031.297  87.2%   406 3160s
 16590 14292 544909.940  237  218 921731.480 118031.297  87.2%   406 3165s
 16610 14312 554350.801  247  225 921731.480 118031.297  87.2%   407 3174s
 16612 14314 554758.046  248  215 921731.480 118031.297  87.2%   407 3175s
 16650 14352 582846.819  267  209 921731.480 118031.297  87.2%   407 3180s
 16681 14383 592118.615  283  198 921731.480 118031.297  87.2%   407 3185s
 16726 14428 622195.482  305  188 921731.480 118031.297  87.2%   407 3190s
 16783 14485 632383.682  334  187 921731.480 118031.297  87.2%   407 3195s
 16819 14521 647999.149  352  185 921731.480 118031.297  87.2%   407 3200s
 16860 14562 683489.588  372  160 921731.480 118031.297  87.2%   407 3205s
 16885 14587 686966.458  385  154 921731.480 118031.297  87.2%   407 3211s
 16929 14631 706210.313  407  161 921731.480 118031.297  87.2%   407 3215s
 16955 14657 720979.413  420  154 921731.480 118031.297  87.2%   407 3220s
 17001 14703 737370.382  443  160 921731.480 118031.297  87.2%   408 3225s
 17045 14747 743441.010  465  142 921731.480 118031.297  87.2%   407 3230s
 17115 14817 771503.053  500  130 921731.480 118031.297  87.2%   407 3235s
 17170 14872 771308.071  527  118 921731.480 118031.297  87.2%   406 3243s
 17215 14917 778397.914  550  121 921731.480 118031.297  87.2%   406 3245s
 17274 14976 788828.526  579  116 921731.480 118031.297  87.2%   405 3250s
 17326 15028 801779.056  605  128 921731.480 118031.297  87.2%   405 3255s
 17390 15092 806423.374  637  111 921731.480 118031.297  87.2%   405 3260s
 17472 15174 829610.994  678  148 921731.480 118031.297  87.2%   404 3265s
 17521 15223 810820.434  703   99 921731.480 118031.297  87.2%   403 3271s
 17561 15263 813104.614  723   98 921731.480 118031.297  87.2%   404 3275s
 17645 15347 816371.949  765   91 921731.480 118031.297  87.2%   403 3280s
 17724 15426 823542.860  804   83 921731.480 118031.297  87.2%   402 3285s
 17808 15506 831098.162  846   84 921731.480 118031.297  87.2%   401 3290s
 17934 15630 834613.745  909   99 921731.480 118031.297  87.2%   400 3295s
H17980 15667                    921183.24064 118031.297  87.2%   399 3297s
 17980 15669 851509.298  932   91 921183.241 118031.297  87.2%   399 3302s
 18039 15728 852139.966  961   96 921183.241 118031.297  87.2%   398 3305s
 18148 15779 124482.460   16  305 921183.241 119569.086  87.0%   397 3310s
 18155 15786 132997.636   19  316 921183.241 119569.086  87.0%   397 3315s
 18167 15798 157052.768   25  311 921183.241 119569.086  87.0%   397 3320s
 18179 15810 152623.456   32  318 921183.241 119569.086  87.0%   398 3325s
 18191 15822 158185.518   36  306 921183.241 119569.086  87.0%   398 3335s
H18202 15831                    921135.34330 119569.086  87.0%   398 3340s
 18206 15837 176447.520   41  292 921135.343 119569.086  87.0%   399 3345s
 18210 15841 175728.327   42  298 921135.343 119569.086  87.0%   399 3350s
 18219 15850 185810.385   44  285 921135.343 119569.086  87.0%   400 3355s
 18228 15859 191399.865   45  291 921135.343 119569.086  87.0%   400 3360s
 18239 15870 215590.341   47  302 921135.343 119569.086  87.0%   401 3365s
 18255 15886 210375.427   53  301 921135.343 119569.086  87.0%   401 3370s
 18266 15897 227886.484   58  300 921135.343 119569.086  87.0%   401 3375s
 18276 15907 229074.046   64  305 921135.343 119569.086  87.0%   402 3380s
 18292 15923 227505.764   70  302 921135.343 119569.086  87.0%   402 3385s
 18304 15935 238743.447   76  294 921135.343 119569.086  87.0%   403 3390s
 18323 15954 274525.366   81  290 921135.343 119569.086  87.0%   403 3395s
 18341 15972 286026.792   86  272 921135.343 119569.086  87.0%   404 3400s
 18363 15994 287949.371   96  293 921135.343 119569.086  87.0%   404 3405s
 18389 16020 291271.957  101  282 921135.343 119569.086  87.0%   404 3410s
 18405 16036 299746.515  104  290 921135.343 119569.086  87.0%   404 3415s
 18423 16054 321582.630  107  280 921135.343 119569.086  87.0%   405 3420s
 18435 16066 321831.599  110  307 921135.343 119569.086  87.0%   405 3425s
 18455 16086 336866.495  114  288 921135.343 119569.086  87.0%   405 3430s
 18470 16101 332916.990  121  291 921135.343 119569.086  87.0%   406 3435s
 18486 16117 335053.204  128  284 921135.343 119569.086  87.0%   406 3440s
 18509 16140 344189.152  136  278 921135.343 119569.086  87.0%   406 3445s
 18525 16156 344227.557  138  271 921135.343 119569.086  87.0%   407 3450s
H18537 16166                    920902.39408 119569.086  87.0%   407 3453s
H18537 16162                    920809.92940 119569.086  87.0%   407 3457s
 18544 16171 352114.901  140  257 920809.929 119569.086  87.0%   407 3460s
 18573 16200 364336.663  146  263 920809.929 119569.086  87.0%   407 3465s
 18592 16219 372463.503  149  261 920809.929 119569.086  87.0%   407 3470s
 18610 16237 372866.039  150  258 920809.929 119569.086  87.0%   408 3475s
 18625 16252 378931.446  152  258 920809.929 119569.086  87.0%   408 3480s
 18646 16273 388974.979  154  265 920809.929 119569.086  87.0%   409 3486s
 18659 16286 406855.468  156  260 920809.929 119569.086  87.0%   409 3490s
H18661 16280                    918989.77053 119569.086  87.0%   409 3493s
 18661 16282 411618.075  157  250 918989.771 119569.086  87.0%   409 3495s
 18684 16305 397488.453  161  245 918989.771 119569.086  87.0%   410 3501s
 18698 16319 401075.976  166  249 918989.771 119569.086  87.0%   410 3505s
 18724 16345 409874.964  171  235 918989.771 119569.086  87.0%   411 3510s
 18756 16377 414417.359  179  242 918989.771 119569.086  87.0%   411 3515s
 18778 16399 417462.481  180  244 918989.771 119569.086  87.0%   411 3520s
 18801 16422 430900.598  184  241 918989.771 119569.086  87.0%   411 3525s
 18810 16431 428291.501  184  255 918989.771 119569.086  87.0%   412 3530s
 18829 16450 437265.004  187  227 918989.771 119569.086  87.0%   413 3535s
 18849 16470 443784.552  187  239 918989.771 119569.086  87.0%   413 3540s
 18871 16492 455807.495  190  220 918989.771 119569.086  87.0%   414 3545s
 18877 16498 456357.772  190  225 918989.771 119569.086  87.0%   414 3554s
 18881 16502 464172.117  191  224 918989.771 119569.086  87.0%   414 3555s
 18894 16515 454488.511  191  236 918989.771 119569.086  87.0%   415 3560s
 18916 16537 457929.554  196  236 918989.771 119569.086  87.0%   415 3565s
H18919 16536                    918889.29923 119569.086  87.0%   415 3567s
 18922 16541 456750.355  197  240 918889.299 119569.086  87.0%   415 3570s
 18946 16565 461913.080  202  220 918889.299 119569.086  87.0%   415 3575s
 18961 16580 472321.774  203  227 918889.299 119569.086  87.0%   415 3580s
 18977 16596 475768.913  204  246 918889.299 119569.086  87.0%   416 3585s
 18990 16609 475962.795  204  240 918889.299 119569.086  87.0%   416 3590s
 19007 16626 496112.676  205  217 918889.299 119569.086  87.0%   417 3595s

Cutting planes:
  Gomory: 35
  Implied bound: 82
  Projected implied bound: 13
  MIR: 6
  Flow cover: 14
  RLT: 2
  Relax-and-lift: 28

Explored 19016 nodes (7984816 simplex iterations) in 3600.00 seconds (2718.86 work units)
Thread count was 1 (of 56 available processors)

Solution count 10: 918889 918990 920810 ... 921976

Time limit reached
Best objective 9.188892992338e+05, best bound 1.195690860217e+05, gap 86.9877%

User-callback calls 318142, time in user-callback 1.02 sec
primal_bound = 918889.2992338135, dual_bound = 119569.08602165245, gap = 86.98765062109753, time = 3600.01
