solving instance mcf nodes c64 3 6 cubic
Set parameter TokenServer to value "licences.gerad.lan"
Set parameter TokenServer to value "licences.gerad.lan"
Set parameter TokenServer to value "licences.gerad.lan"
Set parameter FeasibilityTol to value 1e-09
Set parameter MIPGap to value 1e-09
Set parameter Threads to value 1
Set parameter OptimalityTol to value 1e-09
Set parameter IntFeasTol to value 1e-09
Set parameter TimeLimit to value 2827.63141505
translating piece by -1.3285347222335986e-7
translating piece by -1.4346039733936777e-7
translating piece by -1.1273343147877313e-7
translating piece by -1.3869637882635288e-7
translating piece by -1.6250197631961782e-7
translating piece by -1.335064609975234e-7
translating piece by -1.2247051017766353e-7
translating piece by -1.2571712204589858e-7
translating piece by -1.6617639175819932e-7
translating piece by -1.7461911738791969e-7
translating piece by -1.276615364531608e-7
translating piece by -1.4324399444376468e-7
translating piece by -1.3285682598507265e-7
translating piece by -1.3242066643215367e-7
translating piece by -1.0905560543505999e-7
translating piece by -1.4605549836232967e-7
translating piece by -1.2420250072864292e-7
translating piece by -1.0494466096133692e-7
translating piece by -1.0040051279247564e-7
translating piece by -1.7548188679938903e-7
translating piece by -1.1706103464348416e-7
translating piece by -1.361031536362134e-7
translating piece by -1.4692224681311927e-7
translating piece by -1.027808593789814e-7
translating piece by -2.018799136749294e-7
translating piece by -1.412954304669256e-7
translating piece by -1.3025695011492644e-7
Iteration 1	LB = -1.0e20	UB = 1.0e20	CPU = 773.36858495, #pieces = 28620
WRITING LOG...
(6738.644174233935, 6738.650616093797, 0.0, 0.0, 9.559569458641964e-5, 9.559569458641964e-5, 28620, 1, 2289.706872088, 3063.101072505)
