solving instance mcf nodes c25_100_30_F_T_5 3 6 sinabc3
Juliaup configuration is locked by another process, waiting for it to unlock.
Set parameter TokenServer to value "licences.gerad.lan"
Set parameter TokenServer to value "licences.gerad.lan"
Set parameter TokenServer to value "licences.gerad.lan"
Set parameter FeasibilityTol to value 1e-09
Set parameter MIPGap to value 1e-09
Set parameter Threads to value 1
Set parameter OptimalityTol to value 1e-09
Set parameter IntFeasTol to value 1e-09
Set parameter TimeLimit to value 3418.451458511
translating piece by -1.8615651349307427e-5
translating piece by -4.282818849787873e-6
translating piece by -2.158030095245067e-5
translating piece by -9.00063889730518e-6
translating piece by -4.0174069795284595e-6
translating piece by -1.102176798895016e-5
translating piece by -2.5353084822654637e-6
translating piece by -1.2232278230328575e-5
translating piece by -7.742234856777941e-6
translating piece by -1.4809050462361029e-5
translating piece by -3.745165088275826e-6
translating piece by -1.892769991940213e-5
translating piece by -4.352682253738749e-6
translating piece by -2.047296167972945e-5
translating piece by -5.218138483087387e-6
translating piece by -1.626358453421517e-5
translating piece by -3.7413469158309454e-6
translating piece by -1.7937984566174237e-5
translating piece by -4.57263911357586e-6
translating piece by -1.0190250662844846e-5
translating piece by -7.662036694000562e-6
translating piece by -2.2616110662454503e-5
translating piece by -5.203469413572748e-6
translating piece by -1.791805786410805e-5
translating piece by -5.599287192126212e-6
translating piece by -1.943710208252014e-5
translating piece by -4.915550107398303e-6
translating piece by -2.4917282317460376e-6
translating piece by -5.637991137064091e-6
translating piece by -1.864620944758144e-5
translating piece by -4.288908598937269e-6
translating piece by -2.2845398028437103e-5
translating piece by -5.605511319117795e-6
translating piece by -1.3811652543438413e-5
translating piece by -3.175582889980433e-6
translating piece by -6.637014102750527e-6
translating piece by -4.435347705111781e-6
translating piece by -1.632871073553588e-5
translating piece by -3.7547878832810966e-6
translating piece by -9.185667046551771e-6
translating piece by -2.113145058046939e-6
translating piece by -7.745105456535839e-6
translating piece by -1.7809403800583823e-6
translating piece by -2.7353408142971603e-5
translating piece by -6.923068099240481e-6
translating piece by -2.0613692754523072e-5
translating piece by -1.486307780851348e-5
translating piece by -1.6304085015406145e-5
translating piece by -3.750545033653907e-6
Iteration 1	LB = -1.0e20	UB = 1.0e20	CPU = 182.548541489, #pieces = 73175
WRITING LOG...
(1213.6181290462187, 1213.6193466067461, 0.0, 0.0, 0.00010032474604970716, 0.00010032474604970716, 73175, 1, 88.03230055200001, 270.61520374)
