solving instance mcf nodes c42 3 6 cubic
Set parameter TokenServer to value "licences.gerad.lan"
Set parameter TokenServer to value "licences.gerad.lan"
Set parameter TokenServer to value "licences.gerad.lan"
Set parameter FeasibilityTol to value 1e-09
Set parameter MIPGap to value 1e-09
Set parameter Threads to value 1
Set parameter OptimalityTol to value 1e-09
Set parameter IntFeasTol to value 1e-09
Set parameter TimeLimit to value 3.0988933885779998e+03
translating piece by -5.67782876714773e-7
translating piece by -5.926651738263899e-7
translating piece by -1.4151305549603421e-6
translating piece by -5.813964207845856e-7
translating piece by -7.973567335284315e-7
translating piece by -8.408419489569496e-7
translating piece by -9.291391052101972e-7
translating piece by -7.592784641019534e-7
translating piece by -1.2874204458057648e-7
translating piece by -2.551108764237142e-7
translating piece by -2.003677309403429e-6
translating piece by -7.726710009592352e-7
translating piece by -8.161714504240081e-7
translating piece by -1.2024174793623388e-6
translating piece by -5.90935655964131e-7
translating piece by -1.6563940334890503e-6
translating piece by -4.3665272642101627e-7
translating piece by -8.91914396561333e-7
translating piece by -8.637841801828472e-7
translating piece by -5.785881285191863e-7
Iteration 1	LB = -1.0e20	UB = 1.0e20	CPU = 502.106611422, #pieces = 19080
WRITING LOG...
(25587.619468686906, 25587.63739379959, 0.0, 0.0, 7.005380140021826e-5, 7.005380140021826e-5, 19080, 1, 43.11504035, 545.241461029)
