2023/05/23
Julia is now 1.9.0
previous version was 1.7.2
2023/11/29
gurobi is now 11.0.0
previous version was 10.0.2
solving instance transportation 15 10 log
===========================================================================
 BARON version 23.11.13. Built: LNX-64 Mon Nov 13 23:14:09 EST 2023

 BARON is a product of The Optimization Firm.
 For information on BARON, see https://minlp.com/about-baron
 Licensee: Claudio Contardo at Concordia University, claudio.contardo@concordia.ca.

 If you use this software, please cite publications from
 https://minlp.com/baron-publications, such as: 

 Khajavirad, A. and N. V. Sahinidis,
 A hybrid LP/NLP paradigm for global optimization relaxations,
 Mathematical Programming Computation, 10, 383-421, 2018.
===========================================================================
 This BARON run may utilize the following subsolver(s)
 For LP/MIP/QP: CLP/CBC, ILOG CPLEX                             
 For NLP: IPOPT, FILTERSQP
===========================================================================
 Doing local search
 Preprocessing found feasible solution with value 781.720
 Solving bounding LP
 Starting multi-start local search
 Preprocessing found feasible solution with value 690.542
 Done with local search
===========================================================================
  Iteration    Open nodes         Time (s)    Lower bound      Upper bound
*         1             1             0.41      447.780          569.793       
          1             1             0.62      447.780          569.793       
*         3             2             0.75      447.780          563.740       
*         6             4             0.99      449.875          560.116       
*         8             5             1.17      449.875          556.678       
*        16             9             1.58      449.875          556.206       
*       103            49             2.87      452.052          553.215       
*       236           110             4.13      456.338          550.460       
       4327          1865            33.98      468.367          550.460       
       8592          3684            63.84      470.776          550.460       
      12823          5442            93.69      472.209          550.460       
Failure to change feasibility, error 1014.
Failure to change feasibility, error 1014.
      17058          7187           123.54      473.427          550.460       
      21182          8873           153.39      474.342          550.460       
      25283         10536           183.24      475.038          550.460       
      29539         12223           213.09      475.678          550.460       
      33880         14012           242.94      476.222          550.460       
Failure to change feasibility, error 1014.
      38074         15702           272.79      476.770          550.460       
      42349         17433           302.64      477.243          550.460       
      46559         19122           332.49      477.658          550.460       
Failure to change feasibility, error 1014.
      50821         20813           362.40      478.047          550.460       
      55076         22551           392.24      478.453          550.460       
      59325         24235           422.09      478.825          550.460       
      63591         25932           451.94      479.163          550.460       
      67852         27623           481.79      479.473          550.460       
      72093         29291           511.64      479.794          550.460       
      76307         30947           541.49      480.040          550.460       
Failure to change feasibility, error 1014.
      80471         32563           571.34      480.294          550.460       
      84691         34213           601.18      480.531          550.460       
Failure to change feasibility, error 1014.
      88910         35892           631.03      480.787          550.460       
      93109         37549           660.88      481.044          550.460       
      97261         39137           690.72      481.283          550.460       
     101214         40670           720.55      481.499          550.460       
     105259         42231           750.38      481.700          550.460       
Failure to change feasibility, error 1014.
     109199         43732           780.21      481.907          550.460       
     113209         45262           810.04      482.086          550.460       
Failure to change feasibility, error 1014.
Failure to change feasibility, error 1014.
     117252         46842           839.86      482.271          550.460       
Failure to change feasibility, error 1014.
     121185         48326           869.69      482.432          550.460       
     125183         49845           899.52      482.604          550.460       
     129127         51353           929.35      482.765          550.460       
     133107         52852           959.18      482.912          550.460       
     137085         54376           989.00      483.072          550.460       
Failure to change feasibility, error 1014.
     141074         55887          1018.83      483.245          550.460       
     145063         57409          1048.66      483.410          550.460       
     148977         58893          1078.49      483.552          550.460       
     152934         60366          1108.32      483.715          550.460       
Failure to change feasibility, error 1014.
     156945         61888          1138.15      483.855          550.460       
     160929         63404          1167.98      483.991          550.460       
Failure to change feasibility, error 1014.
     164959         64904          1197.81      484.140          550.460       
     168956         66392          1227.64      484.285          550.460       
     172941         67917          1257.48      484.428          550.460       
     176861         69376          1287.31      484.552          550.460       
     180802         70874          1317.14      484.674          550.460       
     184719         72373          1346.97      484.800          550.460       
     188628         73792          1376.80      484.901          550.460       
Failure to change feasibility, error 1014.
Failure to change feasibility, error 1014.
Failure to change feasibility, error 1014.
Failure to change feasibility, error 1014.
Failure to change feasibility, error 1014.
     192561         75288          1406.63      485.011          550.460       
*    194120         75860          1418.43      485.056          549.487       
     198101         77350          1448.26      485.160          549.487       
Failure to change feasibility, error 1014.
Failure to change feasibility, error 1014.
Failure to change feasibility, error 1014.
Failure to change feasibility, error 1014.
Failure to change feasibility, error 1014.
     202047         78829          1478.09      485.279          549.487       
Failure to change feasibility, error 1014.
     206024         80308          1507.92      485.383          549.487       
Failure to change feasibility, error 1014.
     210065         81842          1537.75      485.486          549.487       
     214067         83333          1567.58      485.600          549.487       
     218037         84762          1597.41      485.699          549.487       
     221917         86144          1627.24      485.786          549.487       
Failure to change feasibility, error 1014.
Failure to change feasibility, error 1014.
     225797         87545          1657.07      485.910          549.487       
     229780         88977          1686.90      485.997          549.487       
     233693         90403          1716.74      486.089          549.487       
     237527         91796          1746.57      486.176          549.487       
     241481         93255          1776.40      486.267          549.487       
     245404         94680          1806.23      486.366          549.487       
     249300         96053          1836.06      486.446          549.487       
     253169         97501          1865.89      486.533          549.487       
     257138         98931          1895.72      486.619          549.487       
     261042        100344          1925.55      486.704          549.487       
Failure to change feasibility, error 1014.
     264897        101735          1955.37      486.793          549.487       
Failure to change feasibility, error 1014.
     268782        103146          1985.20      486.874          549.487       
Failure to change feasibility, error 1014.
     272749        104594          2015.02      486.960          549.487       
     276635        105956          2044.85      487.045          549.487       
Failure to change feasibility, error 1014.
     280491        107343          2074.68      487.126          549.487       
     284467        108739          2104.50      487.203          549.487       
     288389        110157          2134.33      487.288          549.487       
     292290        111611          2164.16      487.365          549.487       
Failure to change feasibility, error 1014.
     296250        112991          2193.99      487.438          549.487       
     300280        114452          2223.83      487.513          549.487       
     304098        115793          2253.66      487.585          549.487       
Failure to change feasibility, error 1014.
     307959        117134          2283.49      487.661          549.487       
Failure to change feasibility, error 1014.
Failure to change feasibility, error 1014.
     311756        118442          2313.31      487.740          549.487       
Failure to change feasibility, error 1014.
     315603        119804          2343.15      487.809          549.487       
     319490        121206          2372.97      487.873          549.487       
Failure to change feasibility, error 1014.
Failure to change feasibility, error 1014.
     323369        122570          2402.80      487.941          549.487       
     327121        123908          2432.62      488.007          549.487       
     330854        125204          2462.44      488.072          549.487       
Failure to change feasibility, error 1014.
     334574        126517          2492.27      488.143          549.487       
     338405        127832          2522.09      488.217          549.487       
Failure to change feasibility, error 1014.
     342219        129140          2551.92      488.282          549.487       
     346018        130461          2581.74      488.341          549.487       
Failure to change feasibility, error 1014.
     349811        131793          2611.57      488.414          549.487       
Failure to change feasibility, error 1014.
     353600        133089          2641.39      488.477          549.487       
Failure to change feasibility, error 1014.
Failure to change feasibility, error 1014.
     357486        134421          2671.21      488.541          549.487       
     361231        135740          2701.04      488.595          549.487       
Failure to change feasibility, error 1014.
Failure to change feasibility, error 1014.
Failure to change feasibility, error 1014.
Failure to change feasibility, error 1014.
Failure to change feasibility, error 1014.
Failure to change feasibility, error 1014.
     365028        137079          2730.87      488.660          549.487       
Failure to change feasibility, error 1014.
Failure to change feasibility, error 1014.
Failure to change feasibility, error 1014.
Failure to change feasibility, error 1014.
Failure to change feasibility, error 1014.
     368816        138412          2760.70      488.719          549.487       
     372513        139724          2790.53      488.777          549.487       
Failure to change feasibility, error 1014.
Failure to change feasibility, error 1014.
     376209        140996          2820.36      488.825          549.487       
Failure to change feasibility, error 1014.
     379960        142253          2850.18      488.882          549.487       
Failure to change feasibility, error 1014.
     383788        143575          2880.01      488.935          549.487       
Failure to change feasibility, error 1014.
Failure to change feasibility, error 1014.
     387527        144844          2909.84      488.987          549.487       
     391355        146148          2939.67      489.044          549.487       
Failure to change feasibility, error 1014.
     395181        147462          2969.50      489.099          549.487       
     399056        148792          2999.33      489.156          549.487       
     402843        150118          3029.16      489.211          549.487       
Failure to change feasibility, error 1014.
Failure to change feasibility, error 1014.
Failure to change feasibility, error 1014.
     406662        151444          3058.99      489.262          549.487       
Failure to change feasibility, error 1014.
     410365        152728          3088.82      489.311          549.487       
     414153        154027          3118.63      489.367          549.487       
Failure to change feasibility, error 1014.
Failure to change feasibility, error 1014.
Failure to change feasibility, error 1014.
Failure to change feasibility, error 1014.
     417842        155283          3148.44      489.422          549.487       
Failure to change feasibility, error 1014.
     421645        156579          3178.26      489.475          549.487       
     425412        157867          3208.06      489.531          549.487       
Failure to change feasibility, error 1014.
Failure to change feasibility, error 1014.
     429154        159175          3237.88      489.580          549.487       
Failure to change feasibility, error 1014.
     432960        160514          3267.70      489.627          549.487       
     436736        161801          3297.52      489.671          549.487       
     440521        163095          3327.36      489.723          549.487       
Failure to change feasibility, error 1014.
Failure to change feasibility, error 1014.
Failure to change feasibility, error 1014.
     444289        164379          3357.18      489.768          549.487       
     448094        165689          3386.99      489.815          549.487       
     451877        167018          3416.81      489.868          549.487       
     455551        168297          3446.63      489.908          549.487       
Failure to change feasibility, error 1014.
     459223        169524          3476.46      489.956          549.487       
     463104        170860          3506.29      490.001          549.487       
     466893        172174          3536.11      490.047          549.487       
Failure to change feasibility, error 1014.
     470637        173416          3565.93      490.091          549.487       
Failure to change feasibility, error 1014.
Failure to change feasibility, error 1014.
Failure to change feasibility, error 1014.
Failure to change feasibility, error 1014.
Failure to change feasibility, error 1014.
     474258        174711          3595.75      490.137          549.487       
Failure to change feasibility, error 1014.
     474790        174896          3600.01      490.143          549.487       

                    *** Max. allowable time exceeded ***      

 Wall clock time:                  3620.62
 Total CPU time used:              3600.01

 Total no. of BaR iterations:  474790
 Best solution found at node:  194120
 Max. no. of nodes in memory:  174896
 
 All done
===========================================================================
primal_bound = 549.486805823, dual_bound = 490.142989698, gap = 10.79986188860662, time = 3623.49
