2023/05/23
Julia is now 1.9.0
previous version was 1.7.2
2023/11/29
gurobi is now 11.0.0
previous version was 10.0.2
solving instance transportation 10 2 cubic
===========================================================================
 BARON version 23.11.13. Built: LNX-64 Mon Nov 13 23:14:09 EST 2023

 BARON is a product of The Optimization Firm.
 For information on BARON, see https://minlp.com/about-baron
 Licensee: Claudio Contardo at Concordia University, claudio.contardo@concordia.ca.

 If you use this software, please cite publications from
 https://minlp.com/baron-publications, such as: 

 Khajavirad, A. and N. V. Sahinidis,
 A hybrid LP/NLP paradigm for global optimization relaxations,
 Mathematical Programming Computation, 10, 383-421, 2018.
===========================================================================
 This BARON run may utilize the following subsolver(s)
 For LP/MIP/QP: CLP/CBC, ILOG CPLEX                             
 For NLP: IPOPT, FILTERSQP
===========================================================================
 Doing local search
 Solving bounding LP
 Starting multi-start local search
 Done with local search
===========================================================================
  Iteration    Open nodes         Time (s)    Lower bound      Upper bound
Failure to change feasibility, error 1014.
Failure to change feasibility, error 1014.
Failure to change feasibility, error 1014.
Failure to change feasibility, error 1014.
*         1             1             4.41     -10174.5          718.051       
Failure to change feasibility, error 1014.
          1             1             4.97     -733.115          718.051       
Failure to change feasibility, error 1014.
Failure to change feasibility, error 1014.
Failure to change feasibility, error 1014.
Failure to change feasibility, error 1014.
Failure to change feasibility, error 1014.
Failure to change feasibility, error 1014.
Failure to change feasibility, error 1014.
Failure to change feasibility, error 1014.
Failure to change feasibility, error 1014.
Failure to change feasibility, error 1014.
Failure to change feasibility, error 1014.
Failure to change feasibility, error 1014.
Failure to change feasibility, error 1014.
Failure to change feasibility, error 1014.
Failure to change feasibility, error 1014.
Failure to change feasibility, error 1014.
Failure to change feasibility, error 1014.
Failure to change feasibility, error 1014.
Failure to change feasibility, error 1014.
Failure to change feasibility, error 1014.
Failure to change feasibility, error 1014.
Failure to change feasibility, error 1014.
Failure to change feasibility, error 1014.
Failure to change feasibility, error 1014.
Failure to change feasibility, error 1014.
Failure to change feasibility, error 1014.
Failure to change feasibility, error 1014.
Failure to change feasibility, error 1014.
Failure to change feasibility, error 1014.
Failure to change feasibility, error 1014.
Failure to change feasibility, error 1014.
Failure to change feasibility, error 1014.
Failure to change feasibility, error 1014.
Failure to change feasibility, error 1014.
Failure to change feasibility, error 1014.
Failure to change feasibility, error 1014.
Failure to change feasibility, error 1014.
Failure to change feasibility, error 1014.
Failure to change feasibility, error 1014.
Failure to change feasibility, error 1014.
Failure to change feasibility, error 1014.
Failure to change feasibility, error 1014.
Failure to change feasibility, error 1014.
Failure to change feasibility, error 1014.
Failure to change feasibility, error 1014.
Failure to change feasibility, error 1014.
Failure to change feasibility, error 1014.
Failure to change feasibility, error 1014.
Failure to change feasibility, error 1014.
Failure to change feasibility, error 1014.
Failure to change feasibility, error 1014.
Failure to change feasibility, error 1014.
Failure to change feasibility, error 1014.
Failure to change feasibility, error 1014.
Failure to change feasibility, error 1014.
Failure to change feasibility, error 1014.
Failure to change feasibility, error 1014.
Failure to change feasibility, error 1014.
Failure to change feasibility, error 1014.
Failure to change feasibility, error 1014.
Failure to change feasibility, error 1014.
Failure to change feasibility, error 1014.
Failure to change feasibility, error 1014.
Failure to change feasibility, error 1014.
Failure to change feasibility, error 1014.
Failure to change feasibility, error 1014.
Failure to change feasibility, error 1014.
Failure to change feasibility, error 1014.
Failure to change feasibility, error 1014.
Failure to change feasibility, error 1014.
Failure to change feasibility, error 1014.
Failure to change feasibility, error 1014.
Failure to change feasibility, error 1014.
Failure to change feasibility, error 1014.
Failure to change feasibility, error 1014.
Failure to change feasibility, error 1014.
Failure to change feasibility, error 1014.
Failure to change feasibility, error 1014.
Failure to change feasibility, error 1014.
Failure to change feasibility, error 1014.
Failure to change feasibility, error 1014.
Failure to change feasibility, error 1014.
Failure to change feasibility, error 1014.
Failure to change feasibility, error 1014.
Failure to change feasibility, error 1014.
Failure to change feasibility, error 1014.
Failure to change feasibility, error 1014.
Failure to change feasibility, error 1014.
Failure to change feasibility, error 1014.
Failure to change feasibility, error 1014.
Failure to change feasibility, error 1014.
Failure to change feasibility, error 1014.
Failure to change feasibility, error 1014.
Failure to change feasibility, error 1014.
Failure to change feasibility, error 1014.
Failure to change feasibility, error 1014.
Failure to change feasibility, error 1014.
Failure to change feasibility, error 1014.
Failure to change feasibility, error 1014.
Failure to change feasibility, error 1014.
Failure to change feasibility, error 1014.
Failure to change feasibility, error 1014.
Failure to change feasibility, error 1014.
Failure to change feasibility, error 1014.
Failure to change feasibility, error 1014.
Failure to change feasibility, error 1014.
Failure to change feasibility, error 1014.
*        29            14            25.04     -733.115          646.333       
*        29            14            25.11     -733.115          356.084       
Failure to change feasibility, error 1014.
Failure to change feasibility, error 1014.
Failure to change feasibility, error 1014.
Failure to change feasibility, error 1014.
Failure to change feasibility, error 1014.
Failure to change feasibility, error 1014.
Failure to change feasibility, error 1014.
Failure to change feasibility, error 1014.
Failure to change feasibility, error 1014.
Failure to change feasibility, error 1014.
Failure to change feasibility, error 1014.
Failure to change feasibility, error 1014.
Failure to change feasibility, error 1014.
Failure to change feasibility, error 1014.
Failure to change feasibility, error 1014.
Failure to change feasibility, error 1014.
Failure to change feasibility, error 1014.
Failure to change feasibility, error 1014.
Failure to change feasibility, error 1014.
Failure to change feasibility, error 1014.
Failure to change feasibility, error 1014.
Failure to change feasibility, error 1014.
Failure to change feasibility, error 1014.
Failure to change feasibility, error 1014.
Failure to change feasibility, error 1014.
Failure to change feasibility, error 1014.
Failure to change feasibility, error 1014.
Failure to change feasibility, error 1014.
Failure to change feasibility, error 1014.
Failure to change feasibility, error 1014.
Failure to change feasibility, error 1014.
Failure to change feasibility, error 1014.
Failure to change feasibility, error 1014.
Failure to change feasibility, error 1014.
Failure to change feasibility, error 1014.
Failure to change feasibility, error 1014.
Failure to change feasibility, error 1014.
Failure to change feasibility, error 1014.
Failure to change feasibility, error 1014.
Failure to change feasibility, error 1014.
Failure to change feasibility, error 1014.
Failure to change feasibility, error 1014.
Failure to change feasibility, error 1014.
Failure to change feasibility, error 1014.
Failure to change feasibility, error 1014.
Failure to change feasibility, error 1014.
Failure to change feasibility, error 1014.
Failure to change feasibility, error 1014.
Failure to change feasibility, error 1014.
Failure to change feasibility, error 1014.
Failure to change feasibility, error 1014.
Failure to change feasibility, error 1014.
Failure to change feasibility, error 1014.
Failure to change feasibility, error 1014.
Failure to change feasibility, error 1014.
Failure to change feasibility, error 1014.
Failure to change feasibility, error 1014.
Failure to change feasibility, error 1014.
Failure to change feasibility, error 1014.
Failure to change feasibility, error 1014.
Failure to change feasibility, error 1014.
Failure to change feasibility, error 1014.
Failure to change feasibility, error 1014.
Failure to change feasibility, error 1014.
Failure to change feasibility, error 1014.
Failure to change feasibility, error 1014.
Failure to change feasibility, error 1014.
Failure to change feasibility, error 1014.
Failure to change feasibility, error 1014.
Failure to change feasibility, error 1014.
Failure to change feasibility, error 1014.
Failure to change feasibility, error 1014.
         55+           26            54.97     -733.115          356.084       
Failure to change feasibility, error 1014.
Failure to change feasibility, error 1014.
Failure to change feasibility, error 1014.
Failure to change feasibility, error 1014.
Failure to change feasibility, error 1014.
Failure to change feasibility, error 1014.
Failure to change feasibility, error 1014.
Failure to change feasibility, error 1014.
Failure to change feasibility, error 1014.
Failure to change feasibility, error 1014.
Failure to change feasibility, error 1014.
Failure to change feasibility, error 1014.
Failure to change feasibility, error 1014.
Failure to change feasibility, error 1014.
Failure to change feasibility, error 1014.
Failure to change feasibility, error 1014.
Failure to change feasibility, error 1014.
Failure to change feasibility, error 1014.
Failure to change feasibility, error 1014.
Failure to change feasibility, error 1014.
Failure to change feasibility, error 1014.
Failure to change feasibility, error 1014.
Failure to change feasibility, error 1014.
Failure to change feasibility, error 1014.
Failure to change feasibility, error 1014.
Failure to change feasibility, error 1014.
Failure to change feasibility, error 1014.
Failure to change feasibility, error 1014.
Failure to change feasibility, error 1014.
Failure to change feasibility, error 1014.
Failure to change feasibility, error 1014.
Failure to change feasibility, error 1014.
Failure to change feasibility, error 1014.
Failure to change feasibility, error 1014.
Failure to change feasibility, error 1014.
Failure to change feasibility, error 1014.
Failure to change feasibility, error 1014.
Failure to change feasibility, error 1014.
Failure to change feasibility, error 1014.
Failure to change feasibility, error 1014.
Failure to change feasibility, error 1014.
Failure to change feasibility, error 1014.
Failure to change feasibility, error 1014.
Failure to change feasibility, error 1014.
Failure to change feasibility, error 1014.
Failure to change feasibility, error 1014.
Failure to change feasibility, error 1014.
Failure to change feasibility, error 1014.
Failure to change feasibility, error 1014.
Failure to change feasibility, error 1014.
Failure to change feasibility, error 1014.
Failure to change feasibility, error 1014.
Failure to change feasibility, error 1014.
Failure to change feasibility, error 1014.
Failure to change feasibility, error 1014.
Failure to change feasibility, error 1014.
Failure to change feasibility, error 1014.
Failure to change feasibility, error 1014.
Failure to change feasibility, error 1014.
Failure to change feasibility, error 1014.
Failure to change feasibility, error 1014.
Failure to change feasibility, error 1014.
Failure to change feasibility, error 1014.
Failure to change feasibility, error 1014.
Failure to change feasibility, error 1014.
Failure to change feasibility, error 1014.
Failure to change feasibility, error 1014.
Failure to change feasibility, error 1014.
Failure to change feasibility, error 1014.
Failure to change feasibility, error 1014.
Failure to change feasibility, error 1014.
Failure to change feasibility, error 1014.
Failure to change feasibility, error 1014.
Failure to change feasibility, error 1014.
Failure to change feasibility, error 1014.
Failure to change feasibility, error 1014.
Failure to change feasibility, error 1014.
Failure to change feasibility, error 1014.
Failure to change feasibility, error 1014.
Failure to change feasibility, error 1014.
Failure to change feasibility, error 1014.
Failure to change feasibility, error 1014.
Failure to change feasibility, error 1014.
Failure to change feasibility, error 1014.
Failure to change feasibility, error 1014.
Failure to change feasibility, error 1014.
Failure to change feasibility, error 1014.
Failure to change feasibility, error 1014.
Failure to change feasibility, error 1014.
Failure to change feasibility, error 1014.
Failure to change feasibility, error 1014.
Failure to change feasibility, error 1014.
Failure to change feasibility, error 1014.
Failure to change feasibility, error 1014.
Failure to change feasibility, error 1014.
Failure to change feasibility, error 1014.
Failure to change feasibility, error 1014.
Failure to change feasibility, error 1014.
Failure to change feasibility, error 1014.
        110+           52            84.83     -733.115          356.084       
        134+           64           114.69     -733.115          356.084       
        245+          121           144.55     -733.115          356.084       
        355           178           174.45     -733.115          356.084       
        660           335           204.32     -733.115          356.084       
       1066           547           234.18     -733.115          356.084       
       1679           865           264.05     -733.115          356.084       
       2331          1206           293.91     -733.115          356.084       
       2881+         1495           323.78     -733.115          356.084       
       3361          1745           353.65     -733.115          356.084       
       4036          2100           383.53     -733.115          356.084       
       4512          2347           413.39     -733.115          356.084       
       5124          2665           443.24     -733.115          356.084       
       5656+         2943           473.12     -733.115          356.084       
       6205          3229           502.99     -733.115          356.084       
       6806+         3543           532.84     -733.115          356.084       
       7319          3810           562.70     -733.115          356.084       
       7961          4148           592.56     -733.115          356.084       
       8528          4443           622.42     -733.115          356.084       
       9132          4756           652.29     -733.115          356.084       
       9684          5044           682.17     -733.115          356.084       
      10232          5331           712.03     -733.115          356.084       
      10726          5589           741.89     -733.115          356.084       
      11272          5874           771.76     -733.115          356.084       
      11910+         6205           801.64     -733.115          356.084       
      12461+         6493           831.50     -733.115          356.084       
      13062          6804           861.35     -733.115          356.084       
      13622          7097           891.20     -733.115          356.084       
      14151          7373           921.07     -733.115          356.084       
      14783          7704           950.92     -733.115          356.084       
      15423          8038           980.79     -733.115          356.084       
      15978          8328          1010.65     -733.115          356.084       
      16553          8629          1040.50     -733.115          356.084       
      17143          8938          1070.34     -733.115          356.084       
      17748          9254          1100.19     -733.115          356.084       
      18329+         9559          1130.02     -733.115          356.084       
      18798          9807          1159.84     -733.115          356.084       
      19354         10095          1189.68     -733.115          356.084       
      19851         10355          1219.50     -733.115          356.084       
      20393         10637          1249.34     -733.115          356.084       
      20912         10907          1279.16     -733.115          356.084       
      21492         11209          1308.99     -733.115          356.084       
      22059+        11503          1338.87     -733.115          356.084       
      22620         11794          1368.70     -733.115          356.084       
      23128         12057          1398.53     -733.115          356.084       
      23747         12381          1428.37     -733.115          356.084       
      24298         12669          1458.21     -733.115          356.084       
      24716         12890          1488.04     -733.115          356.084       
      25199         13143          1517.87     -733.115          356.084       
      25730         13423          1547.70     -733.115          356.084       
      26340         13743          1577.53     -733.115          356.084       
      26850         14012          1607.36     -733.115          356.084       
      27409         14305          1637.18     -733.115          356.084       
      28003         14617          1667.00     -733.115          356.084       
      28574+        14916          1696.82     -733.115          356.084       
      29017+        15147          1726.64     -733.115          356.084       
      29496+        15398          1756.46     -733.115          356.084       
      29992         15658          1786.28     -733.115          356.084       
      30560         15955          1816.12     -733.115          356.084       
      31089         16233          1845.96     -733.115          356.084       
      31532         16466          1875.78     -733.115          356.084       
      32115         16772          1905.62     -733.115          356.084       
      32679         17065          1935.45     -733.115          356.084       
      33290         17384          1965.29     -733.115          356.084       
      33943         17727          1995.11     -733.115          356.084       
      34536         18037          2024.93     -733.115          356.084       
      35066         18316          2054.77     -733.115          356.084       
      35667         18630          2084.60     -733.115          356.084       
      36199         18910          2114.45     -733.115          356.084       
      36696         19170          2144.28     -733.115          356.084       
      37269         19469          2174.13     -733.115          356.084       
      37804         19749          2203.97     -733.115          356.084       
      38299         20007          2233.81     -733.115          356.084       
      38795         20267          2263.62     -733.115          356.084       
      39328         20544          2293.44     -733.115          356.084       
      39846         20815          2323.27     -733.115          356.084       
      40408         21108          2353.09     -733.115          356.084       
      41017         21427          2382.93     -733.115          356.084       
      41547         21705          2412.74     -733.115          356.084       
      42154         22024          2442.57     -733.115          356.084       
      42727         22325          2472.40     -733.115          356.084       
      43246         22599          2502.22     -733.115          356.084       
      43740         22859          2532.06     -733.115          356.084       
      44288         23144          2561.87     -733.115          356.084       
      44843         23432          2591.69     -733.115          356.084       
      45386         23714          2621.52     -733.115          356.084       
      45966         24019          2651.36     -733.115          356.084       
      46513         24309          2681.18     -733.115          356.084       
      47062         24595          2711.02     -733.115          356.084       
      47698         24926          2740.84     -733.115          356.084       
      48380+        25280          2770.65     -733.115          356.084       
      48941         25574          2800.47     -733.115          356.084       
      49626         25932          2830.28     -733.115          356.084       
      50287         26279          2860.11     -733.115          356.084       
      50901         26600          2889.93     -733.115          356.084       
      51388         26855          2919.74     -733.115          356.084       
      51867         27106          2949.59     -733.115          356.084       
      52503         27441          2979.42     -733.115          356.084       
      52962         27682          3009.24     -733.115          356.084       
      53481+        27955          3039.08     -733.115          356.084       
      54089         28274          3068.91     -733.115          356.084       
      54652+        28570          3098.73     -733.115          356.084       
      55261+        28890          3128.57     -733.115          356.084       
      55840         29194          3158.41     -733.115          356.084       
      56360+        29469          3188.22     -733.115          356.084       
      56841         29722          3218.04     -733.115          356.084       
      57406         30019          3247.86     -733.115          356.084       
      57930         30297          3277.68     -733.115          356.084       
      58497         30596          3307.51     -733.115          356.084       
      59118         30922          3337.33     -733.115          356.084       
      59679         31216          3367.17     -733.115          356.084       
      60265+        31526          3396.98     -733.115          356.084       
      60850         31832          3426.80     -733.115          356.084       
      61333         32085          3456.62     -733.115          356.084       
      61939         32404          3486.45     -733.115          356.084       
      62571         32738          3516.27     -733.115          356.084       
      63113+        33021          3546.08     -733.115          356.084       
      63705         33332          3575.90     -733.115          356.084       
      64057         33518          3600.00     -733.115          356.084       

                    *** Max. allowable time exceeded ***      

 Wall clock time:                  3620.82
 Total CPU time used:              3600.00

 Total no. of BaR iterations:   64057
 Best solution found at node:      29
 Max. no. of nodes in memory:   33518
 
 All done
===========================================================================
primal_bound = 356.084067238, dual_bound = -733.115288168, gap = 148.57136019190477, time = 3623.36
