2023/05/23
Julia is now 1.9.0
previous version was 1.7.2
2023/11/29
gurobi is now 11.0.0
previous version was 10.0.2
solving instance transportation 5 4 square
presolving:
(round 1, fast)       25 del vars, 25 del conss, 0 add conss, 25 chg bounds, 0 chg sides, 0 chg coeffs, 0 upgd conss, 0 impls, 0 clqs
   (0.0s) symmetry computation started: requiring (bin +, int +, cont +), (fixed: bin -, int -, cont -)
   (0.0s) no symmetry present
presolving (2 rounds: 2 fast, 1 medium, 1 exhaustive):
 25 deleted vars, 25 deleted constraints, 0 added constraints, 25 tightened bounds, 0 added holes, 0 changed sides, 0 changed coefficients
 0 implications, 0 cliques
presolved problem has 50 variables (0 bin, 0 int, 0 impl, 50 cont) and 35 constraints
     10 constraints of type <linear>
     25 constraints of type <nonlinear>
Presolving Time: 0.00

 time | node  | left  |LP iter|LP it/n|mem/heur|mdpt |vars |cons |rows |cuts |sepa|confs|strbr|  dualbound   | primalbound  |  gap   | compl. 
  0.0s|     1 |     0 |    93 |     - |  1656k |   0 | 100 |  35 | 110 |   0 |  0 |   0 |   0 | 8.049037e+01 |      --      |    Inf | unknown
L 0.0s|     1 |     0 |    93 |     - |undercov|   0 | 100 |  35 | 110 |   0 |  0 |   0 |   0 | 8.049037e+01 | 1.075403e+02 |  33.61%| unknown
L 0.0s|     1 |     0 |    93 |     - |undercov|   0 | 100 |  35 | 110 |   0 |  0 |   0 |   0 | 8.049037e+01 | 9.703885e+01 |  20.56%| unknown
L 0.1s|     1 |     0 |    93 |     - |  subnlp|   0 | 100 |  35 | 110 |   0 |  0 |   0 |   0 | 8.049037e+01 | 9.703885e+01 |  20.56%| unknown
  0.1s|     1 |     0 |   114 |     - |  1745k |   0 | 100 |  35 | 135 |  25 |  1 |   0 |   0 | 9.009204e+01 | 9.703885e+01 |   7.71%| unknown
  0.1s|     1 |     0 |   114 |     - |  1745k |   0 | 100 |  35 | 135 |  25 |  1 |   0 |   0 | 9.009204e+01 | 9.703885e+01 |   7.71%| unknown
  0.1s|     1 |     0 |   139 |     - |  1745k |   0 | 100 |  35 | 160 |  50 |  2 |   0 |   0 | 9.471186e+01 | 9.703885e+01 |   2.46%| unknown
  0.1s|     1 |     0 |   161 |     - |  1745k |   0 | 100 |  35 | 185 |  75 |  3 |   0 |   0 | 9.626329e+01 | 9.703885e+01 |   0.81%| unknown
  0.1s|     1 |     0 |   183 |     - |  1811k |   0 | 100 |  35 | 210 | 100 |  4 |   0 |   0 | 9.676466e+01 | 9.703885e+01 |   0.28%| unknown
  0.1s|     1 |     0 |   205 |     - |  1823k |   0 | 100 |  35 | 234 | 124 |  5 |   0 |   0 | 9.697309e+01 | 9.703885e+01 |   0.07%| unknown
  0.1s|     1 |     0 |   231 |     - |  1823k |   0 | 100 |  35 | 258 | 148 |  6 |   0 |   0 | 9.702379e+01 | 9.703885e+01 |   0.02%| unknown
  0.1s|     1 |     0 |   258 |     - |  1823k |   0 | 100 |  35 | 282 | 172 |  7 |   0 |   0 | 9.703518e+01 | 9.703885e+01 |   0.00%| unknown
  0.1s|     1 |     0 |   283 |     - |  1856k |   0 | 100 |  35 | 305 | 195 |  8 |   0 |   0 | 9.703796e+01 | 9.703885e+01 |   0.00%| unknown
  0.1s|     1 |     0 |   304 |     - |  1862k |   0 | 100 |  35 | 325 | 215 |  9 |   0 |   0 | 9.703869e+01 | 9.703885e+01 |   0.00%| unknown
  0.1s|     1 |     0 |   322 |     - |  1873k |   0 | 100 |  35 | 346 | 236 | 10 |   0 |   0 | 9.703881e+01 | 9.703885e+01 |   0.00%| unknown

SCIP Status        : solving was interrupted [gap limit reached]
Solving Time (sec) : 0.08
Solving Nodes      : 1
Primal Bound       : +9.70388503147895e+01 (4 solutions)
Dual Bound         : +9.70388084064312e+01
Gap                : 0.00 %
primal_bound = 97.03885031478953, dual_bound = 97.03880840643117, gap = 4.318719586970527e-5, time = 3.08
