2023/05/23
Julia is now 1.9.0
previous version was 1.7.2
2023/11/29
gurobi is now 11.0.0
previous version was 10.0.2
solving instance transportation 20 8 sinabc2
presolving:
(round 1, fast)       400 del vars, 400 del conss, 0 add conss, 400 chg bounds, 0 chg sides, 0 chg coeffs, 0 upgd conss, 0 impls, 0 clqs
   (0.1s) symmetry computation started: requiring (bin +, int +, cont +), (fixed: bin -, int -, cont -)
   (0.1s) no symmetry present
presolving (2 rounds: 2 fast, 1 medium, 1 exhaustive):
 400 deleted vars, 400 deleted constraints, 0 added constraints, 400 tightened bounds, 0 added holes, 0 changed sides, 0 changed coefficients
 0 implications, 0 cliques
presolved problem has 800 variables (0 bin, 0 int, 0 impl, 800 cont) and 440 constraints
     40 constraints of type <linear>
    400 constraints of type <nonlinear>
Presolving Time: 0.07

 time | node  | left  |LP iter|LP it/n|mem/heur|mdpt |vars |cons |rows |cuts |sepa|confs|strbr|  dualbound   | primalbound  |  gap   | compl. 
  0.3s|     1 |     0 |  3864 |     - |    26M |   0 |1980 | 440 |4020 |   0 |  0 |   0 |   0 |-6.903249e+00 |      --      |    Inf | unknown
L 0.4s|     1 |     0 |  3864 |     - |undercov|   0 |1980 | 440 |4020 |   0 |  0 |   0 |   0 |-6.903249e+00 | 7.891389e+02 |    Inf | unknown
L 1.5s|     1 |     0 |  3864 |     - |undercov|   0 |1980 | 440 |4020 |   0 |  0 |   0 |   0 |-6.903249e+00 | 4.578048e+02 |    Inf | unknown
L 2.1s|     1 |     0 |  3864 |     - |  subnlp|   0 |1980 | 440 |4020 |   0 |  0 |   0 |   0 |-6.903249e+00 | 4.578048e+02 |    Inf | unknown
  2.2s|     1 |     0 |  4421 |     - |    30M |   0 |1980 | 440 |4409 | 389 |  1 |   0 |   0 | 9.474136e+01 | 4.578048e+02 | 383.22%| unknown
  2.2s|     1 |     0 |  4421 |     - |    30M |   0 |1980 | 440 |4409 | 389 |  1 |   0 |   0 | 9.474136e+01 | 4.578048e+02 | 383.22%| unknown
  2.2s|     1 |     0 |  4899 |     - |    30M |   0 |1980 | 440 |4777 | 757 |  2 |   0 |   0 | 1.103333e+02 | 4.578048e+02 | 314.93%| unknown
  2.2s|     1 |     0 |  5253 |     - |    30M |   0 |1980 | 440 |5087 |1067 |  3 |   0 |   0 | 1.154209e+02 | 4.578048e+02 | 296.64%| unknown
  2.2s|     1 |     0 |  5557 |     - |    31M |   0 |1980 | 440 |5352 |1332 |  4 |   0 |   0 | 1.165832e+02 | 4.578048e+02 | 292.69%| unknown
  2.3s|     1 |     0 |  5649 |     - |    31M |   0 |1980 | 440 |5418 |1398 |  5 |   0 |   0 | 1.167080e+02 | 4.578048e+02 | 292.27%| unknown
  2.3s|     1 |     0 |  5674 |     - |    31M |   0 |1980 | 440 |5437 |1417 |  6 |   0 |   0 | 1.167257e+02 | 4.578048e+02 | 292.21%| unknown
  2.3s|     1 |     0 |  5683 |     - |    31M |   0 |1980 | 440 |5441 |1421 |  7 |   0 |   0 | 1.167321e+02 | 4.578048e+02 | 292.18%| unknown
  8.6s|     1 |     0 | 58325 |     - |    31M |   0 |1980 | 440 |5441 |1421 |  9 |   0 |   0 | 1.167321e+02 | 4.578048e+02 | 292.18%| unknown
L 9.3s|     1 |     0 | 58325 |     - |  subnlp|   0 |1980 | 440 |5441 |1421 | 11 |   0 |   0 | 1.167321e+02 | 4.578048e+02 | 292.18%| unknown
  9.4s|     1 |     0 | 58325 |     - |    31M |   0 |1980 | 440 |5441 |1421 | 11 |   0 |   0 | 1.167321e+02 | 4.578048e+02 | 292.18%| unknown
 time | node  | left  |LP iter|LP it/n|mem/heur|mdpt |vars |cons |rows |cuts |sepa|confs|strbr|  dualbound   | primalbound  |  gap   | compl. 
  9.4s|     1 |     2 | 58325 |     - |    31M |   0 |1980 | 440 |5441 |1421 | 13 |   0 |   0 | 1.167321e+02 | 4.578048e+02 | 292.18%| unknown
 20.5s|   100 |   101 | 88937 | 840.9 |    33M |  13 |1980 | 440 |1958 |  12k| 10 |   0 |   0 | 1.227513e+02 | 4.578048e+02 | 272.95%| unknown
 30.4s|   200 |   201 |119967 | 574.3 |    36M |  15 |1980 | 440 |1970 |  21k|  8 |   0 |   0 | 1.297723e+02 | 4.578048e+02 | 252.78%| unknown
 39.7s|   300 |   301 |150014 | 482.7 |    39M |  17 |1980 | 440 |1973 |  28k|  7 |   0 |   0 | 1.312826e+02 | 4.578048e+02 | 248.72%| unknown
 48.5s|   400 |   401 |187230 | 455.0 |    42M |  18 |1980 | 440 |1991 |  36k|  7 |   0 |   0 | 1.333079e+02 | 4.578048e+02 | 243.42%| unknown
 55.6s|   500 |   501 |222655 | 434.8 |    45M |  21 |1980 | 440 |2121 |  44k|  7 |   0 |   0 | 1.336871e+02 | 4.578048e+02 | 242.45%| unknown
d57.4s|   512 |   513 |227439 | 434.0 |adaptive|  21 |1980 | 440 |2060 |  45k|  7 |   0 |   0 | 1.352684e+02 | 4.483612e+02 | 231.46%| unknown
 65.4s|   600 |   601 |260669 | 425.7 |    47M |  21 |1980 | 440 |2132 |  52k|  4 |   0 |   0 | 1.357959e+02 | 4.483612e+02 | 230.17%| unknown
 81.6s|   700 |   701 |298026 | 418.2 |    51M |  21 |1980 | 440 |2093 |  60k|  6 |   0 |   0 | 1.363474e+02 | 4.483612e+02 | 228.84%| unknown
 89.3s|   800 |   801 |334041 | 411.0 |    54M |  21 |1980 | 440 |2221 |  68k|  7 |   0 |   0 | 1.393010e+02 | 4.483612e+02 | 221.87%| unknown
 98.0s|   900 |   901 |369849 | 405.1 |    56M |  21 |1980 | 440 |2060 |  77k|  6 |   0 |   0 | 1.405120e+02 | 4.483612e+02 | 219.09%| unknown
  109s|  1000 |  1001 |405391 | 400.1 |    59M |  21 |1980 | 440 |2128 |  85k|  9 |   0 |   0 | 1.440589e+02 | 4.483612e+02 | 211.23%| unknown
  119s|  1100 |  1101 |443210 | 398.1 |    62M |  21 |1980 | 440 |2175 |  93k|  7 |   0 |   0 | 1.449437e+02 | 4.483612e+02 | 209.33%| unknown
  127s|  1200 |  1201 |477912 | 393.9 |    65M |  21 |1980 | 440 |2149 | 100k| 10 |   0 |   0 | 1.478415e+02 | 4.483612e+02 | 203.27%| unknown
  135s|  1300 |  1301 |513548 | 391.0 |    67M |  22 |1980 | 440 |2161 | 107k|  5 |   0 |   0 | 1.491222e+02 | 4.483612e+02 | 200.67%| unknown
 time | node  | left  |LP iter|LP it/n|mem/heur|mdpt |vars |cons |rows |cuts |sepa|confs|strbr|  dualbound   | primalbound  |  gap   | compl. 
  146s|  1400 |  1401 |551685 | 390.3 |    69M |  24 |1980 | 440 |2279 | 114k|  7 |   0 |   0 | 1.496033e+02 | 4.483612e+02 | 199.70%| unknown
  156s|  1500 |  1501 |592189 | 391.3 |    72M |  25 |1980 | 440 |2300 | 121k|  6 |   0 |   0 | 1.505082e+02 | 4.483612e+02 | 197.90%| unknown
  165s|  1600 |  1601 |628733 | 389.6 |    76M |  25 |1980 | 440 |1999 | 129k|  8 |   0 |   0 | 1.508699e+02 | 4.483612e+02 | 197.18%| unknown
  173s|  1700 |  1701 |666107 | 388.7 |    77M |  25 |1980 | 440 |2270 | 136k|  9 |   0 |   0 | 1.518120e+02 | 4.483612e+02 | 195.34%| unknown
  194s|  1800 |  1801 |704308 | 388.3 |    80M |  25 |1980 | 440 |2216 | 143k|  4 |   0 |   0 | 1.521745e+02 | 4.483612e+02 | 194.64%| unknown
  205s|  1900 |  1901 |741126 | 387.3 |    83M |  25 |1980 | 440 |2254 | 150k|  5 |   0 |   0 | 1.521745e+02 | 4.483612e+02 | 194.64%| unknown
  215s|  2000 |  2001 |777480 | 386.1 |    86M |  25 |1980 | 440 |2187 | 157k|  8 |   0 |   0 | 1.537389e+02 | 4.483612e+02 | 191.64%| unknown
  226s|  2100 |  2101 |817287 | 386.7 |    88M |  25 |1980 | 440 |2406 | 165k|  7 |   0 |   0 | 1.538796e+02 | 4.483612e+02 | 191.37%| unknown
  237s|  2200 |  2201 |852720 | 385.2 |    91M |  25 |1980 | 440 |2155 | 172k|  7 |   0 |   0 | 1.538796e+02 | 4.483612e+02 | 191.37%| unknown
  245s|  2300 |  2301 |890466 | 384.9 |    93M |  25 |1980 | 440 |2215 | 179k|  9 |   0 |   0 | 1.542188e+02 | 4.483612e+02 | 190.73%| unknown
  256s|  2400 |  2401 |927210 | 384.1 |    95M |  25 |1980 | 440 |2219 | 186k|  8 |   0 |   0 | 1.556571e+02 | 4.483612e+02 | 188.04%| unknown
  267s|  2500 |  2501 |968580 | 385.3 |    98M |  28 |1980 | 440 |2330 | 193k|  9 |   0 |   0 | 1.559019e+02 | 4.483612e+02 | 187.59%| unknown
  277s|  2600 |  2601 |  1005k| 384.8 |    99M |  28 |1980 | 440 |2031 | 199k|  8 |   0 |   0 | 1.560329e+02 | 4.483612e+02 | 187.35%| unknown
  287s|  2700 |  2701 |  1043k| 384.6 |   103M |  28 |1980 | 440 |2199 | 206k|  7 |   0 |   0 | 1.571345e+02 | 4.483612e+02 | 185.34%| unknown
  310s|  2800 |  2801 |  1078k| 383.5 |   106M |  28 |1980 | 440 |2246 | 213k|  7 |   0 |   0 | 1.571955e+02 | 4.483612e+02 | 185.23%| unknown
 time | node  | left  |LP iter|LP it/n|mem/heur|mdpt |vars |cons |rows |cuts |sepa|confs|strbr|  dualbound   | primalbound  |  gap   | compl. 
  317s|  2900 |  2901 |  1114k| 382.5 |   108M |  28 |1980 | 440 |2251 | 220k|  5 |   0 |   0 | 1.573729e+02 | 4.483612e+02 | 184.90%| unknown
  328s|  3000 |  3001 |  1154k| 383.1 |   110M |  30 |1980 | 440 |2265 | 227k|  4 |   0 |   0 | 1.575296e+02 | 4.483612e+02 | 184.62%| unknown
  338s|  3100 |  3101 |  1196k| 384.2 |   111M |  30 |1980 | 440 |2260 | 233k|  6 |   0 |   0 | 1.576804e+02 | 4.483612e+02 | 184.35%| unknown
  349s|  3200 |  3201 |  1233k| 383.9 |   116M |  30 |1980 | 440 |2235 | 240k|  6 |   0 |   0 | 1.589449e+02 | 4.483612e+02 | 182.09%| unknown
  359s|  3300 |  3301 |  1272k| 384.1 |   118M |  30 |1980 | 440 |2323 | 248k| 10 |   0 |   0 | 1.589449e+02 | 4.483612e+02 | 182.09%| unknown
  368s|  3400 |  3401 |  1312k| 384.4 |   120M |  30 |1980 | 440 |2001 | 255k|  6 |   0 |   0 | 1.597284e+02 | 4.483612e+02 | 180.70%| unknown
  378s|  3500 |  3501 |  1354k| 385.5 |   123M |  31 |1980 | 440 |2483 | 262k|  7 |   0 |   0 | 1.597284e+02 | 4.483612e+02 | 180.70%| unknown
  386s|  3600 |  3601 |  1398k| 387.1 |   126M |  31 |1980 | 440 |2289 | 269k|  6 |   0 |   0 | 1.605037e+02 | 4.483612e+02 | 179.35%| unknown
  395s|  3700 |  3701 |  1438k| 387.4 |   129M |  31 |1980 | 440 |2248 | 276k|  8 |   0 |   0 | 1.608626e+02 | 4.483612e+02 | 178.72%| unknown
  405s|  3800 |  3801 |  1484k| 389.2 |   130M |  35 |1980 | 440 |2056 | 283k|  5 |   0 |   0 | 1.608626e+02 | 4.483612e+02 | 178.72%| unknown
  415s|  3900 |  3901 |  1523k| 389.2 |   134M |  35 |1980 | 440 |2378 | 291k| 10 |   0 |   0 | 1.616724e+02 | 4.483612e+02 | 177.33%| unknown
  423s|  4000 |  4001 |  1569k| 391.0 |   137M |  35 |1980 | 440 |2175 | 298k|  6 |   0 |   0 | 1.617303e+02 | 4.483612e+02 | 177.23%| unknown
  430s|  4100 |  4101 |  1604k| 390.1 |   140M |  35 |1980 | 440 |2309 | 304k|  4 |   0 |   0 | 1.626107e+02 | 4.483612e+02 | 175.73%| unknown
  439s|  4200 |  4201 |  1647k| 391.0 |   142M |  35 |1980 | 440 |2292 | 311k|  8 |   0 |   0 | 1.630899e+02 | 4.483612e+02 | 174.92%| unknown
  452s|  4300 |  4301 |  1691k| 392.1 |   145M |  35 |1980 | 440 |2233 | 318k|  8 |   0 |   0 | 1.641822e+02 | 4.483612e+02 | 173.09%| unknown
 time | node  | left  |LP iter|LP it/n|mem/heur|mdpt |vars |cons |rows |cuts |sepa|confs|strbr|  dualbound   | primalbound  |  gap   | compl. 
  462s|  4400 |  4401 |  1733k| 392.9 |   148M |  35 |1980 | 440 |2180 | 326k|  9 |   0 |   0 | 1.644488e+02 | 4.483612e+02 | 172.64%| unknown
  471s|  4500 |  4501 |  1774k| 393.2 |   149M |  35 |1980 | 440 |2199 | 333k|  6 |   0 |   0 | 1.647931e+02 | 4.483612e+02 | 172.08%| unknown
  489s|  4600 |  4601 |  1823k| 395.2 |   152M |  35 |1980 | 440 |2508 | 340k|  8 |   0 |   0 | 1.650705e+02 | 4.483612e+02 | 171.62%| unknown
  497s|  4700 |  4701 |  1868k| 396.4 |   153M |  35 |1980 | 440 |2002 | 346k|  7 |   0 |   0 | 1.651671e+02 | 4.483612e+02 | 171.46%| unknown
  505s|  4800 |  4801 |  1912k| 397.3 |   156M |  36 |1980 | 440 |2290 | 353k|  8 |   0 |   0 | 1.664665e+02 | 4.483612e+02 | 169.34%| unknown
  530s|  4900 |  4901 |  1951k| 397.2 |   158M |  36 |1980 | 440 |2077 | 360k|  8 |   0 |   0 | 1.664665e+02 | 4.483612e+02 | 169.34%| unknown
  541s|  5000 |  5001 |  1996k| 398.3 |   162M |  36 |1980 | 440 |2581 | 367k|  5 |   0 |   0 | 1.665451e+02 | 4.483612e+02 | 169.21%| unknown
  552s|  5100 |  5101 |  2046k| 400.2 |   163M |  36 |1980 | 440 |2472 | 374k|  8 |   0 |   0 | 1.665451e+02 | 4.483612e+02 | 169.21%| unknown
  563s|  5200 |  5201 |  2091k| 401.2 |   166M |  36 |1980 | 440 |2107 | 381k|  8 |   0 |   0 | 1.671521e+02 | 4.483612e+02 | 168.24%| unknown
  573s|  5300 |  5301 |  2134k| 401.8 |   169M |  36 |1980 | 440 |2515 | 388k|  6 |   0 |   0 | 1.674074e+02 | 4.483612e+02 | 167.83%| unknown
  583s|  5400 |  5401 |  2181k| 403.0 |   172M |  36 |1980 | 440 |2557 | 395k|  5 |   0 |   0 | 1.680227e+02 | 4.483612e+02 | 166.85%| unknown
  594s|  5500 |  5501 |  2233k| 405.2 |   172M |  39 |1980 | 440 |2522 | 402k|  7 |   0 |   0 | 1.682834e+02 | 4.483612e+02 | 166.43%| unknown
  603s|  5600 |  5601 |  2283k| 406.8 |   175M |  39 |1980 | 440 |2732 | 409k| 10 |   0 |   0 | 1.682834e+02 | 4.483612e+02 | 166.43%| unknown
  613s|  5700 |  5701 |  2326k| 407.2 |   177M |  39 |1980 | 440 |2392 | 416k|  6 |   0 |   0 | 1.687832e+02 | 4.483612e+02 | 165.64%| unknown
  624s|  5800 |  5801 |  2375k| 408.7 |   180M |  39 |1980 | 440 |2330 | 422k|  7 |   0 |   0 | 1.690053e+02 | 4.483612e+02 | 165.29%| unknown
 time | node  | left  |LP iter|LP it/n|mem/heur|mdpt |vars |cons |rows |cuts |sepa|confs|strbr|  dualbound   | primalbound  |  gap   | compl. 
  638s|  5900 |  5901 |  2423k| 409.9 |   182M |  39 |1980 | 440 |2129 | 429k|  7 |   0 |   0 | 1.690053e+02 | 4.483612e+02 | 165.29%| unknown
  646s|  6000 |  6001 |  2470k| 410.8 |   185M |  39 |1980 | 440 |2138 | 436k|  7 |   0 |   0 | 1.692227e+02 | 4.483612e+02 | 164.95%| unknown
  656s|  6100 |  6101 |  2514k| 411.3 |   186M |  39 |1980 | 440 |2638 | 443k|  6 |   0 |   0 | 1.695645e+02 | 4.483612e+02 | 164.42%| unknown
d 664s|  6183 |  6184 |  2549k| 411.5 |adaptive|  39 |1980 | 440 |2192 | 449k|  4 |   0 |   0 | 1.705264e+02 | 4.421187e+02 | 159.27%| unknown
  666s|  6200 |  6201 |  2557k| 411.7 |   190M |  39 |1980 | 440 |2522 | 450k| 10 |   0 |   0 | 1.705264e+02 | 4.421187e+02 | 159.27%| unknown
  676s|  6300 |  6301 |  2605k| 412.7 |   193M |  39 |1980 | 440 |2517 | 457k|  6 |   0 |   0 | 1.710286e+02 | 4.421187e+02 | 158.51%| unknown
  685s|  6400 |  6401 |  2657k| 414.5 |   195M |  39 |1980 | 440 |2004 | 464k|  8 |   0 |   0 | 1.710747e+02 | 4.421187e+02 | 158.44%| unknown
  694s|  6500 |  6501 |  2699k| 414.5 |   197M |  39 |1980 | 440 |2281 | 471k|  7 |   0 |   0 | 1.710747e+02 | 4.421187e+02 | 158.44%| unknown
  706s|  6600 |  6601 |  2744k| 415.1 |   200M |  39 |1980 | 440 |2673 | 477k|  7 |   0 |   0 | 1.710747e+02 | 4.421187e+02 | 158.44%| unknown
  715s|  6700 |  6701 |  2796k| 416.6 |   202M |  39 |1980 | 440 |2553 | 484k|  8 |   0 |   0 | 1.712866e+02 | 4.421187e+02 | 158.12%| unknown
  725s|  6800 |  6801 |  2848k| 418.2 |   203M |  39 |1980 | 440 |2645 | 491k| 10 |   0 |   0 | 1.719371e+02 | 4.421187e+02 | 157.14%| unknown
  734s|  6900 |  6901 |  2894k| 418.7 |   205M |  39 |1980 | 440 |2364 | 497k|  8 |   0 |   0 | 1.719371e+02 | 4.421187e+02 | 157.14%| unknown
  751s|  7000 |  7001 |  2944k| 419.9 |   209M |  39 |1980 | 440 |2479 | 504k|  4 |   0 |   0 | 1.719371e+02 | 4.421187e+02 | 157.14%| unknown
  761s|  7100 |  7101 |  2985k| 419.7 |   210M |  39 |1980 | 440 |2594 | 511k|  3 |   0 |   0 | 1.720222e+02 | 4.421187e+02 | 157.01%| unknown
  771s|  7200 |  7201 |  3039k| 421.4 |   213M |  39 |1980 | 440 |2494 | 517k|  4 |   0 |   0 | 1.720222e+02 | 4.421187e+02 | 157.01%| unknown
 time | node  | left  |LP iter|LP it/n|mem/heur|mdpt |vars |cons |rows |cuts |sepa|confs|strbr|  dualbound   | primalbound  |  gap   | compl. 
  962s|  7300 |  7301 |  3085k| 421.9 |   214M |  39 |1980 | 440 |2630 | 523k|  6 |   0 |   0 | 1.721401e+02 | 4.421187e+02 | 156.84%| unknown
  971s|  7400 |  7401 |  3129k| 422.2 |   217M |  39 |1980 | 440 |2550 | 530k|  7 |   0 |   0 | 1.721401e+02 | 4.421187e+02 | 156.84%| unknown
  981s|  7500 |  7501 |  3173k| 422.5 |   217M |  39 |1980 | 440 |2596 | 536k|  5 |   0 |   0 | 1.731024e+02 | 4.421187e+02 | 155.41%| unknown
  990s|  7600 |  7601 |  3217k| 422.7 |   221M |  39 |1980 | 440 |2655 | 543k|  7 |   0 |   0 | 1.731024e+02 | 4.421187e+02 | 155.41%| unknown
 1000s|  7700 |  7701 |  3271k| 424.1 |   224M |  39 |1980 | 440 |2439 | 549k|  6 |   0 |   0 | 1.731024e+02 | 4.421187e+02 | 155.41%| unknown
 1010s|  7800 |  7801 |  3320k| 425.0 |   226M |  39 |1980 | 440 |2007 | 556k|  4 |   0 |   0 | 1.731024e+02 | 4.421187e+02 | 155.41%| unknown
 1020s|  7900 |  7901 |  3369k| 425.9 |   228M |  39 |1980 | 440 |2075 | 563k|  8 |   0 |   0 | 1.731024e+02 | 4.421187e+02 | 155.41%| unknown
 1029s|  8000 |  8001 |  3415k| 426.3 |   232M |  39 |1980 | 440 |2501 | 570k| 10 |   0 |   0 | 1.731288e+02 | 4.421187e+02 | 155.37%| unknown
 1057s|  8100 |  8101 |  3458k| 426.3 |   234M |  39 |1980 | 440 |2383 | 577k|  4 |   0 |   0 | 1.731302e+02 | 4.421187e+02 | 155.37%| unknown
 1083s|  8200 |  8201 |  3499k| 426.1 |   236M |  39 |1980 | 440 |2140 | 584k|  6 |   0 |   0 | 1.748562e+02 | 4.421187e+02 | 152.85%| unknown
 1093s|  8300 |  8301 |  3552k| 427.4 |   238M |  39 |1980 | 440 |2807 | 591k|  4 |   0 |   0 | 1.748562e+02 | 4.421187e+02 | 152.85%| unknown
 1101s|  8400 |  8401 |  3600k| 428.0 |   243M |  39 |1980 | 440 |2616 | 598k|  9 |   0 |   0 | 1.751583e+02 | 4.421187e+02 | 152.41%| unknown
 1109s|  8500 |  8501 |  3647k| 428.5 |   245M |  39 |1980 | 440 |2521 | 604k|  9 |   0 |   0 | 1.756892e+02 | 4.421187e+02 | 151.65%| unknown
 1119s|  8600 |  8601 |  3695k| 429.1 |   246M |  39 |1980 | 440 |2457 | 611k|  8 |   0 |   0 | 1.758518e+02 | 4.421187e+02 | 151.42%| unknown
 1129s|  8700 |  8701 |  3748k| 430.2 |   249M |  39 |1980 | 440 |2555 | 618k|  6 |   0 |   0 | 1.765754e+02 | 4.421187e+02 | 150.39%| unknown
 time | node  | left  |LP iter|LP it/n|mem/heur|mdpt |vars |cons |rows |cuts |sepa|confs|strbr|  dualbound   | primalbound  |  gap   | compl. 
 1137s|  8800 |  8801 |  3798k| 431.1 |   251M |  39 |1980 | 440 |2474 | 625k|  6 |   0 |   0 | 1.771068e+02 | 4.421187e+02 | 149.63%| unknown
 1144s|  8900 |  8901 |  3846k| 431.6 |   253M |  39 |1980 | 440 |2238 | 632k|  7 |   0 |   0 | 1.773354e+02 | 4.421187e+02 | 149.31%| unknown
 1162s|  9000 |  9001 |  3899k| 432.6 |   256M |  39 |1980 | 440 |2758 | 638k|  4 |   0 |   0 | 1.773354e+02 | 4.421187e+02 | 149.31%| unknown
 1191s|  9100 |  9101 |  3941k| 432.6 |   258M |  39 |1980 | 440 |2437 | 645k|  4 |   0 |   0 | 1.773354e+02 | 4.421187e+02 | 149.31%| unknown
d1194s|  9140 |  9141 |  3960k| 432.7 |adaptive|  39 |1980 | 440 |2131 | 647k|  8 |   0 |   0 | 1.773354e+02 | 4.421187e+02 | 149.31%| unknown
 1199s|  9200 |  9201 |  3987k| 432.9 |   261M |  39 |1980 | 440 |2386 | 651k|  8 |   0 |   0 | 1.773737e+02 | 4.421187e+02 | 149.26%| unknown
 1208s|  9300 |  9301 |  4034k| 433.2 |   263M |  39 |1980 | 440 |2810 | 658k|  5 |   0 |   0 | 1.774635e+02 | 4.421187e+02 | 149.13%| unknown
 1218s|  9400 |  9401 |  4089k| 434.5 |   264M |  39 |1980 | 440 |2100 | 665k|  6 |   0 |   0 | 1.774868e+02 | 4.421187e+02 | 149.10%| unknown
 1228s|  9500 |  9501 |  4144k| 435.7 |   267M |  39 |1980 | 440 |2639 | 671k|  4 |   0 |   0 | 1.777321e+02 | 4.421187e+02 | 148.76%| unknown
 1256s|  9600 |  9601 |  4197k| 436.7 |   269M |  39 |1980 | 440 |2026 | 677k|  7 |   0 |   0 | 1.777321e+02 | 4.421187e+02 | 148.76%| unknown
 1267s|  9700 |  9701 |  4241k| 436.8 |   272M |  39 |1980 | 440 |2239 | 684k|  4 |   0 |   0 | 1.782139e+02 | 4.421187e+02 | 148.08%| unknown
 1283s|  9800 |  9801 |  4288k| 437.1 |   273M |  39 |1980 | 440 |2690 | 691k|  6 |   0 |   0 | 1.782139e+02 | 4.421187e+02 | 148.08%| unknown
 1293s|  9900 |  9901 |  4337k| 437.6 |   275M |  39 |1980 | 440 |2542 | 697k|  6 |   0 |   0 | 1.782139e+02 | 4.421187e+02 | 148.08%| unknown
 1302s| 10000 | 10001 |  4392k| 438.7 |   278M |  39 |1980 | 440 |2590 | 703k|  5 |   0 |   0 | 1.789141e+02 | 4.421187e+02 | 147.11%| unknown
 1310s| 10100 | 10101 |  4447k| 439.9 |   280M |  39 |1980 | 440 |2389 | 710k|  4 |   0 |   0 | 1.789850e+02 | 4.421187e+02 | 147.01%| unknown
 time | node  | left  |LP iter|LP it/n|mem/heur|mdpt |vars |cons |rows |cuts |sepa|confs|strbr|  dualbound   | primalbound  |  gap   | compl. 
 1330s| 10200 | 10201 |  4496k| 440.4 |   282M |  43 |1980 | 440 |2124 | 717k|  7 |   0 |   0 | 1.789899e+02 | 4.421187e+02 | 147.01%| unknown
 1341s| 10300 | 10301 |  4551k| 441.4 |   285M |  43 |1980 | 440 |2611 | 724k|  8 |   0 |   0 | 1.793322e+02 | 4.421187e+02 | 146.54%| unknown
 1350s| 10400 | 10401 |  4608k| 442.6 |   287M |  43 |1980 | 440 |2514 | 731k|  5 |   0 |   0 | 1.793322e+02 | 4.421187e+02 | 146.54%| unknown
 1361s| 10500 | 10501 |  4662k| 443.6 |   291M |  43 |1980 | 440 |2092 | 739k|  7 |   0 |   0 | 1.798568e+02 | 4.421187e+02 | 145.82%| unknown
 1371s| 10600 | 10601 |  4711k| 444.0 |   292M |  43 |1980 | 440 |2090 | 746k|  5 |   0 |   0 | 1.798568e+02 | 4.421187e+02 | 145.82%| unknown
 1381s| 10700 | 10701 |  4760k| 444.4 |   294M |  43 |1980 | 440 |2486 | 753k| 10 |   0 |   0 | 1.804878e+02 | 4.421187e+02 | 144.96%| unknown
 1389s| 10800 | 10801 |  4812k| 445.2 |   296M |  43 |1980 | 440 |2495 | 760k|  3 |   0 |   0 | 1.809580e+02 | 4.421187e+02 | 144.32%| unknown
 1400s| 10900 | 10901 |  4860k| 445.4 |   298M |  44 |1980 | 440 |2412 | 767k| 10 |   0 |   0 | 1.809580e+02 | 4.421187e+02 | 144.32%| unknown
 1413s| 11000 | 11001 |  4919k| 446.7 |   301M |  44 |1980 | 440 |2231 | 774k|  8 |   0 |   0 | 1.813479e+02 | 4.421187e+02 | 143.80%| unknown
 1422s| 11100 | 11101 |  4966k| 446.9 |   304M |  44 |1980 | 440 |2596 | 781k|  4 |   0 |   0 | 1.813479e+02 | 4.421187e+02 | 143.80%| unknown
 1432s| 11200 | 11201 |  5014k| 447.3 |   306M |  44 |1980 | 440 |2236 | 788k| 10 |   0 |   0 | 1.813479e+02 | 4.421187e+02 | 143.80%| unknown
 1442s| 11300 | 11301 |  5063k| 447.6 |   310M |  44 |1980 | 440 |2103 | 795k|  4 |   0 |   0 | 1.818948e+02 | 4.421187e+02 | 143.06%| unknown
 1452s| 11400 | 11401 |  5116k| 448.4 |   311M |  44 |1980 | 440 |2649 | 801k|  7 |   0 |   0 | 1.819834e+02 | 4.421187e+02 | 142.94%| unknown
 1463s| 11500 | 11501 |  5175k| 449.6 |   313M |  44 |1980 | 440 |2326 | 809k| 10 |   0 |   0 | 1.819834e+02 | 4.421187e+02 | 142.94%| unknown
 1473s| 11600 | 11601 |  5227k| 450.2 |   316M |  44 |1980 | 440 |2514 | 815k|  6 |   0 |   0 | 1.821858e+02 | 4.421187e+02 | 142.67%| unknown
 time | node  | left  |LP iter|LP it/n|mem/heur|mdpt |vars |cons |rows |cuts |sepa|confs|strbr|  dualbound   | primalbound  |  gap   | compl. 
 1482s| 11700 | 11701 |  5278k| 450.7 |   317M |  44 |1980 | 440 |2702 | 822k|  8 |   0 |   0 | 1.821985e+02 | 4.421187e+02 | 142.66%| unknown
 1493s| 11800 | 11801 |  5328k| 451.1 |   319M |  44 |1980 | 440 |2203 | 829k|  5 |   0 |   0 | 1.821985e+02 | 4.421187e+02 | 142.66%| unknown
 1504s| 11900 | 11901 |  5378k| 451.5 |   322M |  44 |1980 | 440 |2533 | 836k| 11 |   0 |   0 | 1.821985e+02 | 4.421187e+02 | 142.66%| unknown
 1515s| 12000 | 12001 |  5433k| 452.4 |   324M |  44 |1980 | 440 |2432 | 844k|  8 |   0 |   0 | 1.823127e+02 | 4.421187e+02 | 142.51%| unknown
 1526s| 12100 | 12101 |  5487k| 453.1 |   327M |  44 |1980 | 440 |2848 | 852k|  5 |   0 |   0 | 1.823127e+02 | 4.421187e+02 | 142.51%| unknown
 1536s| 12200 | 12201 |  5537k| 453.5 |   330M |  44 |1980 | 440 |2842 | 859k|  7 |   0 |   0 | 1.824756e+02 | 4.421187e+02 | 142.29%| unknown
 1547s| 12300 | 12301 |  5596k| 454.6 |   333M |  44 |1980 | 440 |2723 | 866k|  7 |   0 |   0 | 1.828296e+02 | 4.421187e+02 | 141.82%| unknown
 1554s| 12400 | 12401 |  5648k| 455.1 |   335M |  44 |1980 | 440 |2577 | 873k| 10 |   0 |   0 | 1.831404e+02 | 4.421187e+02 | 141.41%| unknown
 1567s| 12500 | 12501 |  5711k| 456.5 |   339M |  44 |1980 | 440 |2831 | 881k|  6 |   0 |   0 | 1.831404e+02 | 4.421187e+02 | 141.41%| unknown
 1577s| 12600 | 12601 |  5764k| 457.1 |   341M |  44 |1980 | 440 |2217 | 888k|  7 |   0 |   0 | 1.834920e+02 | 4.421187e+02 | 140.95%| unknown
 1588s| 12700 | 12701 |  5816k| 457.6 |   346M |  44 |1980 | 440 |2672 | 896k|  7 |   0 |   0 | 1.837647e+02 | 4.421187e+02 | 140.59%| unknown
 1598s| 12800 | 12801 |  5866k| 458.0 |   348M |  44 |1980 | 440 |2321 | 903k|  7 |   0 |   0 | 1.840644e+02 | 4.421187e+02 | 140.20%| unknown
 1608s| 12900 | 12901 |  5920k| 458.5 |   350M |  44 |1980 | 440 |2773 | 911k|  7 |   0 |   0 | 1.840644e+02 | 4.421187e+02 | 140.20%| unknown
 1620s| 13000 | 13001 |  5988k| 460.3 |   353M |  44 |1980 | 440 |2179 | 919k|  9 |   0 |   0 | 1.840644e+02 | 4.421187e+02 | 140.20%| unknown
 1631s| 13100 | 13101 |  6049k| 461.4 |   356M |  44 |1980 | 440 |2738 | 927k|  5 |   0 |   0 | 1.844215e+02 | 4.421187e+02 | 139.73%| unknown
 time | node  | left  |LP iter|LP it/n|mem/heur|mdpt |vars |cons |rows |cuts |sepa|confs|strbr|  dualbound   | primalbound  |  gap   | compl. 
 1641s| 13200 | 13201 |  6102k| 461.9 |   359M |  44 |1980 | 440 |2570 | 934k|  7 |   0 |   0 | 1.848545e+02 | 4.421187e+02 | 139.17%| unknown
 1651s| 13300 | 13301 |  6157k| 462.6 |   361M |  44 |1980 | 440 |2682 | 941k|  5 |   0 |   0 | 1.849941e+02 | 4.421187e+02 | 138.99%| unknown
 1662s| 13400 | 13401 |  6213k| 463.3 |   364M |  44 |1980 | 440 |2289 | 948k|  7 |   0 |   0 | 1.849941e+02 | 4.421187e+02 | 138.99%| unknown
 1672s| 13500 | 13501 |  6268k| 464.0 |   365M |  44 |1980 | 440 |2326 | 956k|  6 |   0 |   0 | 1.852645e+02 | 4.421187e+02 | 138.64%| unknown
 1683s| 13600 | 13601 |  6326k| 464.8 |   369M |  44 |1980 | 440 |2861 | 963k|  8 |   0 |   0 | 1.853959e+02 | 4.421187e+02 | 138.47%| unknown
 1695s| 13700 | 13701 |  6394k| 466.3 |   373M |  44 |1980 | 440 |2665 | 971k|  9 |   0 |   0 | 1.856192e+02 | 4.421187e+02 | 138.19%| unknown
 1706s| 13800 | 13801 |  6450k| 467.1 |   374M |  44 |1980 | 440 |2548 | 979k|  7 |   0 |   0 | 1.857187e+02 | 4.421187e+02 | 138.06%| unknown
 1717s| 13900 | 13901 |  6506k| 467.7 |   376M |  44 |1980 | 440 |2727 | 988k| 11 |   0 |   0 | 1.860845e+02 | 4.421187e+02 | 137.59%| unknown
 1728s| 14000 | 14001 |  6558k| 468.1 |   379M |  44 |1980 | 440 |2371 | 995k|  9 |   0 |   0 | 1.860845e+02 | 4.421187e+02 | 137.59%| unknown
 1738s| 14100 | 14101 |  6607k| 468.2 |   380M |  44 |1980 | 440 |2261 |1003k|  4 |   0 |   0 | 1.863372e+02 | 4.421187e+02 | 137.27%| unknown
 1749s| 14200 | 14201 |  6660k| 468.7 |   383M |  44 |1980 | 440 |1994 |1011k|  9 |   0 |   0 | 1.864189e+02 | 4.421187e+02 | 137.16%| unknown
 1759s| 14300 | 14301 |  6706k| 468.6 |   386M |  44 |1980 | 440 |2640 |1017k|  7 |   0 |   0 | 1.864189e+02 | 4.421187e+02 | 137.16%| unknown
 1769s| 14400 | 14401 |  6762k| 469.3 |   388M |  44 |1980 | 440 |2494 |1025k|  6 |   0 |   0 | 1.865880e+02 | 4.421187e+02 | 136.95%| unknown
 1780s| 14500 | 14501 |  6820k| 470.0 |   391M |  44 |1980 | 440 |2212 |1033k|  7 |   0 |   0 | 1.865880e+02 | 4.421187e+02 | 136.95%| unknown
 1791s| 14600 | 14601 |  6871k| 470.3 |   394M |  44 |1980 | 440 |2773 |1041k|  7 |   0 |   0 | 1.865880e+02 | 4.421187e+02 | 136.95%| unknown
 time | node  | left  |LP iter|LP it/n|mem/heur|mdpt |vars |cons |rows |cuts |sepa|confs|strbr|  dualbound   | primalbound  |  gap   | compl. 
 1801s| 14700 | 14701 |  6918k| 470.3 |   396M |  44 |1980 | 440 |2169 |1048k|  9 |   0 |   0 | 1.865880e+02 | 4.421187e+02 | 136.95%| unknown
 1810s| 14800 | 14801 |  6966k| 470.4 |   398M |  44 |1980 | 440 |2382 |1054k|  7 |   0 |   0 | 1.865880e+02 | 4.421187e+02 | 136.95%| unknown
 1822s| 14900 | 14901 |  7027k| 471.3 |   402M |  44 |1980 | 440 |2704 |1062k| 10 |   0 |   0 | 1.866415e+02 | 4.421187e+02 | 136.88%| unknown
 1831s| 15000 | 15001 |  7067k| 470.8 |   403M |  44 |1980 | 440 |2360 |1069k|  8 |   0 |   0 | 1.866415e+02 | 4.421187e+02 | 136.88%| unknown
 1842s| 15100 | 15101 |  7119k| 471.1 |   405M |  44 |1980 | 440 |2308 |1076k|  6 |   0 |   0 | 1.866415e+02 | 4.421187e+02 | 136.88%| unknown
 1853s| 15200 | 15201 |  7178k| 471.9 |   407M |  44 |1980 | 440 |2517 |1084k|  8 |   0 |   0 | 1.866873e+02 | 4.421187e+02 | 136.82%| unknown
 1866s| 15300 | 15301 |  7232k| 472.4 |   410M |  44 |1980 | 440 |2310 |1092k|  7 |   0 |   0 | 1.879195e+02 | 4.421187e+02 | 135.27%| unknown
 1883s| 15400 | 15401 |  7282k| 472.5 |   411M |  44 |1980 | 440 |2102 |1098k|  6 |   0 |   0 | 1.879195e+02 | 4.421187e+02 | 135.27%| unknown
 1892s| 15500 | 15501 |  7325k| 472.3 |   415M |  44 |1980 | 440 |2891 |1106k|  4 |   0 |   0 | 1.881923e+02 | 4.421187e+02 | 134.93%| unknown
 1902s| 15600 | 15601 |  7376k| 472.5 |   418M |  44 |1980 | 440 |2374 |1113k|  6 |   0 |   0 | 1.881961e+02 | 4.421187e+02 | 134.92%| unknown
 1913s| 15700 | 15701 |  7427k| 472.7 |   420M |  44 |1980 | 440 |2638 |1120k|  5 |   0 |   0 | 1.883221e+02 | 4.421187e+02 | 134.77%| unknown
 1922s| 15800 | 15801 |  7489k| 473.7 |   421M |  44 |1980 | 440 |2425 |1127k|  7 |   0 |   0 | 1.883221e+02 | 4.421187e+02 | 134.77%| unknown
 1940s| 15900 | 15901 |  7542k| 474.0 |   423M |  44 |1980 | 440 |2521 |1135k|  4 |   0 |   0 | 1.887490e+02 | 4.421187e+02 | 134.24%| unknown
 1949s| 16000 | 16001 |  7583k| 473.6 |   427M |  44 |1980 | 440 |2202 |1142k|  9 |   0 |   0 | 1.887490e+02 | 4.421187e+02 | 134.24%| unknown
 1960s| 16100 | 16101 |  7639k| 474.2 |   430M |  44 |1980 | 440 |2144 |1150k|  6 |   0 |   0 | 1.887490e+02 | 4.421187e+02 | 134.24%| unknown
 time | node  | left  |LP iter|LP it/n|mem/heur|mdpt |vars |cons |rows |cuts |sepa|confs|strbr|  dualbound   | primalbound  |  gap   | compl. 
 1970s| 16200 | 16201 |  7690k| 474.4 |   432M |  44 |1980 | 440 |3127 |1156k|  7 |   0 |   0 | 1.890896e+02 | 4.421187e+02 | 133.81%| unknown
 1982s| 16300 | 16301 |  7749k| 475.1 |   432M |  44 |1980 | 440 |2766 |1164k|  9 |   0 |   0 | 1.890896e+02 | 4.421187e+02 | 133.81%| unknown
 1993s| 16400 | 16401 |  7805k| 475.6 |   436M |  44 |1980 | 440 |2754 |1172k|  6 |   0 |   0 | 1.890896e+02 | 4.421187e+02 | 133.81%| unknown
 2004s| 16500 | 16501 |  7864k| 476.3 |   439M |  44 |1980 | 440 |2130 |1180k| 10 |   0 |   0 | 1.890896e+02 | 4.421187e+02 | 133.81%| unknown
 2015s| 16600 | 16601 |  7917k| 476.7 |   441M |  44 |1980 | 440 |2159 |1187k|  8 |   0 |   0 | 1.890896e+02 | 4.421187e+02 | 133.81%| unknown
 2025s| 16700 | 16701 |  7970k| 477.0 |   443M |  44 |1980 | 440 |2642 |1194k|  5 |   0 |   0 | 1.890896e+02 | 4.421187e+02 | 133.81%| unknown
 2035s| 16800 | 16801 |  8016k| 476.9 |   444M |  44 |1980 | 440 |2595 |1201k|  7 |   0 |   0 | 1.890896e+02 | 4.421187e+02 | 133.81%| unknown
 2046s| 16900 | 16901 |  8075k| 477.5 |   446M |  44 |1980 | 440 |2558 |1208k|  8 |   0 |   0 | 1.890896e+02 | 4.421187e+02 | 133.81%| unknown
 2057s| 17000 | 17001 |  8121k| 477.4 |   450M |  44 |1980 | 440 |2420 |1215k|  5 |   0 |   0 | 1.895572e+02 | 4.421187e+02 | 133.24%| unknown
 2069s| 17100 | 17101 |  8184k| 478.3 |   451M |  44 |1980 | 440 |2780 |1222k|  5 |   0 |   0 | 1.895572e+02 | 4.421187e+02 | 133.24%| unknown
 2079s| 17200 | 17201 |  8236k| 478.6 |   454M |  44 |1980 | 440 |2294 |1229k|  5 |   0 |   0 | 1.899088e+02 | 4.421187e+02 | 132.81%| unknown
 2089s| 17300 | 17301 |  8280k| 478.3 |   454M |  55 |1980 | 440 |2739 |1236k|  6 |   0 |   0 | 1.899088e+02 | 4.421187e+02 | 132.81%| unknown
 2101s| 17400 | 17401 |  8339k| 479.0 |   457M |  55 |1980 | 440 |2182 |1244k|  6 |   0 |   0 | 1.899088e+02 | 4.421187e+02 | 132.81%| unknown
 2112s| 17500 | 17501 |  8397k| 479.6 |   459M |  55 |1980 | 440 |2183 |1252k|  5 |   0 |   0 | 1.899088e+02 | 4.421187e+02 | 132.81%| unknown
 2125s| 17600 | 17601 |  8454k| 480.1 |   462M |  55 |1980 | 440 |2805 |1260k|  6 |   0 |   0 | 1.899088e+02 | 4.421187e+02 | 132.81%| unknown
 time | node  | left  |LP iter|LP it/n|mem/heur|mdpt |vars |cons |rows |cuts |sepa|confs|strbr|  dualbound   | primalbound  |  gap   | compl. 
 2136s| 17700 | 17701 |  8515k| 480.8 |   465M |  55 |1980 | 440 |2699 |1268k|  7 |   0 |   0 | 1.899088e+02 | 4.421187e+02 | 132.81%| unknown
 2146s| 17800 | 17801 |  8569k| 481.1 |   467M |  55 |1980 | 440 |2720 |1275k|  8 |   0 |   0 | 1.901266e+02 | 4.421187e+02 | 132.54%| unknown
 2161s| 17900 | 17901 |  8624k| 481.5 |   469M |  55 |1980 | 440 |2693 |1283k|  7 |   0 |   0 | 1.910041e+02 | 4.421187e+02 | 131.47%| unknown
 2180s| 18000 | 18001 |  8671k| 481.5 |   471M |  55 |1980 | 440 |2305 |1291k| 10 |   0 |   0 | 1.911316e+02 | 4.421187e+02 | 131.32%| unknown
 2192s| 18100 | 18101 |  8721k| 481.6 |   474M |  55 |1980 | 440 |2719 |1299k| 10 |   0 |   0 | 1.911316e+02 | 4.421187e+02 | 131.32%| unknown
 2201s| 18200 | 18201 |  8789k| 482.7 |   477M |  55 |1980 | 440 |2233 |1307k|  6 |   0 |   0 | 1.911316e+02 | 4.421187e+02 | 131.32%| unknown
 2218s| 18300 | 18301 |  8850k| 483.4 |   480M |  55 |1980 | 440 |2312 |1315k| 10 |   0 |   0 | 1.916765e+02 | 4.421187e+02 | 130.66%| unknown
 2229s| 18400 | 18401 |  8901k| 483.5 |   483M |  55 |1980 | 440 |2701 |1322k|  9 |   0 |   0 | 1.918434e+02 | 4.421187e+02 | 130.46%| unknown
 2241s| 18500 | 18501 |  8958k| 483.9 |   486M |  55 |1980 | 440 |2284 |1331k|  9 |   0 |   0 | 1.920734e+02 | 4.421187e+02 | 130.18%| unknown
 2253s| 18600 | 18601 |  9018k| 484.6 |   488M |  55 |1980 | 440 |2343 |1339k|  5 |   0 |   0 | 1.924978e+02 | 4.421187e+02 | 129.67%| unknown
 2263s| 18700 | 18701 |  9061k| 484.3 |   492M |  55 |1980 | 440 |2252 |1345k| 10 |   0 |   0 | 1.925518e+02 | 4.421187e+02 | 129.61%| unknown
 2274s| 18800 | 18801 |  9114k| 484.6 |   493M |  55 |1980 | 440 |2629 |1353k|  8 |   0 |   0 | 1.927234e+02 | 4.421187e+02 | 129.41%| unknown
 2286s| 18900 | 18901 |  9173k| 485.1 |   496M |  55 |1980 | 440 |2159 |1361k|  7 |   0 |   0 | 1.929091e+02 | 4.421187e+02 | 129.18%| unknown
 2298s| 19000 | 19001 |  9235k| 485.8 |   499M |  55 |1980 | 440 |2395 |1369k|  9 |   0 |   0 | 1.930848e+02 | 4.421187e+02 | 128.98%| unknown
 2310s| 19100 | 19101 |  9289k| 486.1 |   501M |  55 |1980 | 440 |2763 |1376k|  5 |   0 |   0 | 1.930848e+02 | 4.421187e+02 | 128.98%| unknown
 time | node  | left  |LP iter|LP it/n|mem/heur|mdpt |vars |cons |rows |cuts |sepa|confs|strbr|  dualbound   | primalbound  |  gap   | compl. 
 2321s| 19200 | 19201 |  9347k| 486.6 |   504M |  55 |1980 | 440 |2814 |1384k|  7 |   0 |   0 | 1.930848e+02 | 4.421187e+02 | 128.98%| unknown
 2333s| 19300 | 19301 |  9409k| 487.3 |   507M |  55 |1980 | 440 |2818 |1392k|  8 |   0 |   0 | 1.932514e+02 | 4.421187e+02 | 128.78%| unknown
 2345s| 19400 | 19401 |  9470k| 487.9 |   510M |  55 |1980 | 440 |2331 |1400k|  8 |   0 |   0 | 1.933777e+02 | 4.421187e+02 | 128.63%| unknown
 2356s| 19500 | 19501 |  9528k| 488.4 |   512M |  55 |1980 | 440 |3083 |1408k|  8 |   0 |   0 | 1.937377e+02 | 4.421187e+02 | 128.20%| unknown
 2368s| 19600 | 19601 |  9588k| 489.0 |   515M |  55 |1980 | 440 |2271 |1416k|  5 |   0 |   0 | 1.937945e+02 | 4.421187e+02 | 128.14%| unknown
 2379s| 19700 | 19701 |  9646k| 489.4 |   517M |  55 |1980 | 440 |2524 |1423k|  2 |   0 |   0 | 1.937945e+02 | 4.421187e+02 | 128.14%| unknown
 2390s| 19800 | 19801 |  9701k| 489.7 |   519M |  55 |1980 | 440 |2503 |1431k|  7 |   0 |   0 | 1.937945e+02 | 4.421187e+02 | 128.14%| unknown
 2401s| 19900 | 19901 |  9755k| 490.0 |   522M |  55 |1980 | 440 |2355 |1439k|  6 |   0 |   0 | 1.938583e+02 | 4.421187e+02 | 128.06%| unknown
 2412s| 20000 | 20001 |  9815k| 490.5 |   523M |  55 |1980 | 440 |2091 |1446k| 11 |   0 |   0 | 1.938583e+02 | 4.421187e+02 | 128.06%| unknown
 2424s| 20100 | 20101 |  9873k| 491.0 |   526M |  55 |1980 | 440 |2437 |1454k|  4 |   0 |   0 | 1.938825e+02 | 4.421187e+02 | 128.03%| unknown
 2433s| 20200 | 20201 |  9928k| 491.3 |   529M |  55 |1980 | 440 |2348 |1461k|  8 |   0 |   0 | 1.939347e+02 | 4.421187e+02 | 127.97%| unknown
 2442s| 20300 | 20301 |  9975k| 491.1 |   531M |  55 |1980 | 440 |2475 |1468k|  7 |   0 |   0 | 1.939354e+02 | 4.421187e+02 | 127.97%| unknown
 2461s| 20400 | 20401 | 10027k| 491.3 |   533M |  55 |1980 | 440 |2334 |1475k|  7 |   0 |   0 | 1.941311e+02 | 4.421187e+02 | 127.74%| unknown
 2483s| 20500 | 20501 | 10083k| 491.6 |   536M |  55 |1980 | 440 |2648 |1483k|  9 |   0 |   0 | 1.942354e+02 | 4.421187e+02 | 127.62%| unknown
 2493s| 20600 | 20601 | 10145k| 492.2 |   538M |  55 |1980 | 440 |2497 |1490k|  7 |   0 |   0 | 1.942354e+02 | 4.421187e+02 | 127.62%| unknown
 time | node  | left  |LP iter|LP it/n|mem/heur|mdpt |vars |cons |rows |cuts |sepa|confs|strbr|  dualbound   | primalbound  |  gap   | compl. 
 2514s| 20700 | 20701 | 10214k| 493.2 |   541M |  55 |1980 | 440 |2925 |1498k|  6 |   0 |   0 | 1.942354e+02 | 4.421187e+02 | 127.62%| unknown
 2523s| 20800 | 20801 | 10274k| 493.7 |   543M |  55 |1980 | 440 |2585 |1505k|  7 |   0 |   0 | 1.944747e+02 | 4.421187e+02 | 127.34%| unknown
 2530s| 20900 | 20901 | 10338k| 494.4 |   546M |  55 |1980 | 440 |2188 |1512k|  8 |   0 |   0 | 1.946088e+02 | 4.421187e+02 | 127.18%| unknown
 2544s| 21000 | 21001 | 10403k| 495.1 |   549M |  55 |1980 | 440 |2977 |1520k|  4 |   0 |   0 | 1.947221e+02 | 4.421187e+02 | 127.05%| unknown
 2554s| 21100 | 21101 | 10453k| 495.2 |   552M |  55 |1980 | 440 |2372 |1528k|  6 |   0 |   0 | 1.947687e+02 | 4.421187e+02 | 127.00%| unknown
 2564s| 21200 | 21201 | 10507k| 495.4 |   554M |  55 |1980 | 440 |2964 |1535k|  7 |   0 |   0 | 1.948180e+02 | 4.421187e+02 | 126.94%| unknown
 2575s| 21300 | 21301 | 10566k| 495.9 |   556M |  55 |1980 | 440 |2790 |1542k|  6 |   0 |   0 | 1.948180e+02 | 4.421187e+02 | 126.94%| unknown
 2586s| 21400 | 21401 | 10621k| 496.1 |   558M |  55 |1980 | 440 |2723 |1550k|  8 |   0 |   0 | 1.949056e+02 | 4.421187e+02 | 126.84%| unknown
 2598s| 21500 | 21501 | 10685k| 496.8 |   562M |  55 |1980 | 440 |2392 |1558k|  8 |   0 |   0 | 1.949056e+02 | 4.421187e+02 | 126.84%| unknown
 2609s| 21600 | 21601 | 10743k| 497.1 |   565M |  55 |1980 | 440 |2932 |1566k|  9 |   0 |   0 | 1.949056e+02 | 4.421187e+02 | 126.84%| unknown
 2621s| 21700 | 21701 | 10805k| 497.7 |   566M |  55 |1980 | 440 |2344 |1573k|  6 |   0 |   0 | 1.949056e+02 | 4.421187e+02 | 126.84%| unknown
 2633s| 21800 | 21801 | 10864k| 498.1 |   570M |  55 |1980 | 440 |2849 |1581k|  4 |   0 |   0 | 1.949056e+02 | 4.421187e+02 | 126.84%| unknown
 2645s| 21900 | 21901 | 10923k| 498.6 |   573M |  55 |1980 | 440 |2265 |1589k|  6 |   0 |   0 | 1.949494e+02 | 4.421187e+02 | 126.79%| unknown
 2652s| 22000 | 22001 | 10967k| 498.3 |   574M |  55 |1980 | 440 |2402 |1595k|  5 |   0 |   0 | 1.949494e+02 | 4.421187e+02 | 126.79%| unknown
 2664s| 22100 | 22101 | 11027k| 498.7 |   578M |  55 |1980 | 440 |2246 |1602k|  9 |   0 |   0 | 1.951817e+02 | 4.421187e+02 | 126.52%| unknown
 time | node  | left  |LP iter|LP it/n|mem/heur|mdpt |vars |cons |rows |cuts |sepa|confs|strbr|  dualbound   | primalbound  |  gap   | compl. 
 2674s| 22200 | 22201 | 11084k| 499.1 |   582M |  55 |1980 | 440 |2329 |1609k| 10 |   0 |   0 | 1.951817e+02 | 4.421187e+02 | 126.52%| unknown
 2681s| 22300 | 22301 | 11141k| 499.4 |   585M |  55 |1980 | 440 |2497 |1617k|  5 |   0 |   0 | 1.951817e+02 | 4.421187e+02 | 126.52%| unknown
 2703s| 22400 | 22401 | 11196k| 499.6 |   586M |  55 |1980 | 440 |2431 |1625k|  5 |   0 |   0 | 1.951817e+02 | 4.421187e+02 | 126.52%| unknown
 2713s| 22500 | 22501 | 11251k| 499.8 |   588M |  55 |1980 | 440 |2539 |1633k|  6 |   0 |   0 | 1.951817e+02 | 4.421187e+02 | 126.52%| unknown
 2723s| 22600 | 22601 | 11302k| 499.9 |   591M |  55 |1980 | 440 |2285 |1640k|  9 |   0 |   0 | 1.954038e+02 | 4.421187e+02 | 126.26%| unknown
 2734s| 22700 | 22701 | 11363k| 500.4 |   592M |  55 |1980 | 440 |3003 |1647k|  4 |   0 |   0 | 1.955481e+02 | 4.421187e+02 | 126.09%| unknown
 2744s| 22800 | 22801 | 11416k| 500.5 |   595M |  55 |1980 | 440 |2121 |1654k|  9 |   0 |   0 | 1.955481e+02 | 4.421187e+02 | 126.09%| unknown
 2758s| 22900 | 22901 | 11477k| 501.0 |   597M |  55 |1980 | 440 |2552 |1662k|  6 |   0 |   0 | 1.955481e+02 | 4.421187e+02 | 126.09%| unknown
 2775s| 23000 | 23001 | 11542k| 501.6 |   601M |  55 |1980 | 440 |2359 |1669k|  7 |   0 |   0 | 1.955481e+02 | 4.421187e+02 | 126.09%| unknown
 2789s| 23100 | 23101 | 11597k| 501.8 |   604M |  55 |1980 | 440 |2951 |1677k|  9 |   0 |   0 | 1.957491e+02 | 4.421187e+02 | 125.86%| unknown
 2809s| 23200 | 23201 | 11655k| 502.2 |   608M |  55 |1980 | 440 |2539 |1685k|  7 |   0 |   0 | 1.961282e+02 | 4.421187e+02 | 125.42%| unknown
 2830s| 23300 | 23301 | 11711k| 502.4 |   608M |  55 |1980 | 440 |2800 |1692k|  6 |   0 |   0 | 1.963316e+02 | 4.421187e+02 | 125.19%| unknown
 2852s| 23400 | 23401 | 11770k| 502.8 |   610M |  55 |1980 | 440 |2202 |1699k|  5 |   0 |   0 | 1.963530e+02 | 4.421187e+02 | 125.17%| unknown
 2859s| 23500 | 23501 | 11830k| 503.2 |   612M |  55 |1980 | 440 |2816 |1707k|  7 |   0 |   0 | 1.963690e+02 | 4.421187e+02 | 125.15%| unknown
 2869s| 23600 | 23601 | 11888k| 503.5 |   615M |  55 |1980 | 440 |2338 |1714k|  6 |   0 |   0 | 1.963751e+02 | 4.421187e+02 | 125.14%| unknown
 time | node  | left  |LP iter|LP it/n|mem/heur|mdpt |vars |cons |rows |cuts |sepa|confs|strbr|  dualbound   | primalbound  |  gap   | compl. 
 2883s| 23700 | 23701 | 11950k| 504.0 |   618M |  55 |1980 | 440 |2364 |1721k|  7 |   0 |   0 | 1.963751e+02 | 4.421187e+02 | 125.14%| unknown
 2895s| 23800 | 23801 | 12014k| 504.6 |   620M |  55 |1980 | 440 |2412 |1729k|  6 |   0 |   0 | 1.963751e+02 | 4.421187e+02 | 125.14%| unknown
 2906s| 23900 | 23901 | 12066k| 504.7 |   623M |  55 |1980 | 440 |2246 |1737k|  6 |   0 |   0 | 1.964543e+02 | 4.421187e+02 | 125.05%| unknown
 2917s| 24000 | 24001 | 12126k| 505.0 |   625M |  55 |1980 | 440 |2328 |1745k|  8 |   0 |   0 | 1.966756e+02 | 4.421187e+02 | 124.80%| unknown
 2929s| 24100 | 24101 | 12186k| 505.5 |   628M |  55 |1980 | 440 |2401 |1753k|  7 |   0 |   0 | 1.968068e+02 | 4.421187e+02 | 124.65%| unknown
 2940s| 24200 | 24201 | 12251k| 506.1 |   630M |  55 |1980 | 440 |2763 |1760k|  9 |   0 |   0 | 1.968068e+02 | 4.421187e+02 | 124.65%| unknown
 2951s| 24300 | 24301 | 12313k| 506.5 |   633M |  55 |1980 | 440 |2799 |1767k|  7 |   0 |   0 | 1.968825e+02 | 4.421187e+02 | 124.56%| unknown
 2963s| 24400 | 24401 | 12374k| 506.9 |   634M |  55 |1980 | 440 |2146 |1775k|  7 |   0 |   0 | 1.968825e+02 | 4.421187e+02 | 124.56%| unknown
 2975s| 24500 | 24501 | 12438k| 507.5 |   636M |  55 |1980 | 440 |2989 |1783k|  5 |   0 |   0 | 1.970068e+02 | 4.421187e+02 | 124.42%| unknown
 2986s| 24600 | 24601 | 12498k| 507.9 |   638M |  55 |1980 | 440 |2305 |1791k|  7 |   0 |   0 | 1.971248e+02 | 4.421187e+02 | 124.28%| unknown
 2996s| 24700 | 24701 | 12561k| 508.3 |   641M |  55 |1980 | 440 |2495 |1799k|  6 |   0 |   0 | 1.972534e+02 | 4.421187e+02 | 124.14%| unknown
 3006s| 24800 | 24801 | 12617k| 508.6 |   643M |  55 |1980 | 440 |2677 |1807k|  7 |   0 |   0 | 1.972534e+02 | 4.421187e+02 | 124.14%| unknown
 3016s| 24900 | 24901 | 12671k| 508.7 |   646M |  55 |1980 | 440 |2287 |1814k|  5 |   0 |   0 | 1.973906e+02 | 4.421187e+02 | 123.98%| unknown
 3025s| 25000 | 25001 | 12730k| 509.0 |   646M |  55 |1980 | 440 |2362 |1821k|  7 |   0 |   0 | 1.977029e+02 | 4.421187e+02 | 123.63%| unknown
 3036s| 25100 | 25101 | 12796k| 509.6 |   648M |  55 |1980 | 440 |2068 |1829k|  6 |   0 |   0 | 1.977942e+02 | 4.421187e+02 | 123.52%| unknown
 time | node  | left  |LP iter|LP it/n|mem/heur|mdpt |vars |cons |rows |cuts |sepa|confs|strbr|  dualbound   | primalbound  |  gap   | compl. 
 3045s| 25200 | 25201 | 12846k| 509.6 |   650M |  55 |1980 | 440 |2390 |1836k|  8 |   0 |   0 | 1.977942e+02 | 4.421187e+02 | 123.52%| unknown
 3055s| 25300 | 25301 | 12906k| 509.9 |   653M |  55 |1980 | 440 |2261 |1843k| 10 |   0 |   0 | 1.978652e+02 | 4.421187e+02 | 123.44%| unknown
 3063s| 25400 | 25401 | 12967k| 510.3 |   655M |  55 |1980 | 440 |2506 |1851k|  7 |   0 |   0 | 1.979470e+02 | 4.421187e+02 | 123.35%| unknown
 3072s| 25500 | 25501 | 13020k| 510.4 |   657M |  55 |1980 | 440 |2529 |1858k|  7 |   0 |   0 | 1.979470e+02 | 4.421187e+02 | 123.35%| unknown
 3082s| 25600 | 25601 | 13081k| 510.8 |   659M |  55 |1980 | 440 |2905 |1865k|  4 |   0 |   0 | 1.979650e+02 | 4.421187e+02 | 123.33%| unknown
 3091s| 25700 | 25701 | 13142k| 511.2 |   662M |  55 |1980 | 440 |2815 |1873k|  8 |   0 |   0 | 1.980389e+02 | 4.421187e+02 | 123.25%| unknown
 3121s| 25800 | 25801 | 13205k| 511.7 |   665M |  55 |1980 | 440 |2124 |1881k|  7 |   0 |   0 | 1.981531e+02 | 4.421187e+02 | 123.12%| unknown
 3129s| 25900 | 25901 | 13258k| 511.7 |   667M |  55 |1980 | 440 |2135 |1888k|  7 |   0 |   0 | 1.981531e+02 | 4.421187e+02 | 123.12%| unknown
 3137s| 26000 | 26001 | 13317k| 512.0 |   670M |  55 |1980 | 440 |2409 |1895k|  7 |   0 |   0 | 1.982635e+02 | 4.421187e+02 | 123.00%| unknown
 3146s| 26100 | 26101 | 13373k| 512.2 |   671M |  55 |1980 | 440 |2254 |1902k|  7 |   0 |   0 | 1.983095e+02 | 4.421187e+02 | 122.94%| unknown
 3155s| 26200 | 26201 | 13426k| 512.3 |   674M |  55 |1980 | 440 |2819 |1909k|  7 |   0 |   0 | 1.983095e+02 | 4.421187e+02 | 122.94%| unknown
 3164s| 26300 | 26301 | 13484k| 512.5 |   677M |  55 |1980 | 440 |2481 |1916k|  7 |   0 |   0 | 1.983095e+02 | 4.421187e+02 | 122.94%| unknown
 3173s| 26400 | 26401 | 13542k| 512.8 |   680M |  55 |1980 | 440 |2449 |1923k|  8 |   0 |   0 | 1.983095e+02 | 4.421187e+02 | 122.94%| unknown
 3181s| 26500 | 26501 | 13608k| 513.3 |   682M |  55 |1980 | 440 |2626 |1931k|  5 |   0 |   0 | 1.984757e+02 | 4.421187e+02 | 122.76%| unknown
 3190s| 26600 | 26601 | 13662k| 513.4 |   684M |  55 |1980 | 440 |2965 |1938k|  9 |   0 |   0 | 1.985815e+02 | 4.421187e+02 | 122.64%| unknown
 time | node  | left  |LP iter|LP it/n|mem/heur|mdpt |vars |cons |rows |cuts |sepa|confs|strbr|  dualbound   | primalbound  |  gap   | compl. 
 3201s| 26700 | 26701 | 13726k| 513.9 |   686M |  55 |1980 | 440 |2333 |1946k|  6 |   0 |   0 | 1.985977e+02 | 4.421187e+02 | 122.62%| unknown
 3211s| 26800 | 26801 | 13779k| 514.0 |   688M |  55 |1980 | 440 |2839 |1953k|  6 |   0 |   0 | 1.986074e+02 | 4.421187e+02 | 122.61%| unknown
 3221s| 26900 | 26901 | 13839k| 514.3 |   691M |  55 |1980 | 440 |2363 |1960k|  8 |   0 |   0 | 1.986074e+02 | 4.421187e+02 | 122.61%| unknown
 3230s| 27000 | 27001 | 13897k| 514.5 |   695M |  55 |1980 | 440 |2751 |1967k|  5 |   0 |   0 | 1.986403e+02 | 4.421187e+02 | 122.57%| unknown
 3240s| 27100 | 27101 | 13951k| 514.6 |   695M |  55 |1980 | 440 |2288 |1975k|  5 |   0 |   0 | 1.989001e+02 | 4.421187e+02 | 122.28%| unknown
 3252s| 27200 | 27201 | 14014k| 515.0 |   699M |  55 |1980 | 440 |2605 |1983k|  7 |   0 |   0 | 1.990717e+02 | 4.421187e+02 | 122.09%| unknown
 3263s| 27300 | 27301 | 14077k| 515.5 |   702M |  55 |1980 | 440 |2675 |1990k|  6 |   0 |   0 | 1.990717e+02 | 4.421187e+02 | 122.09%| unknown
 3274s| 27400 | 27401 | 14138k| 515.8 |   704M |  55 |1980 | 440 |2806 |1998k|  6 |   0 |   0 | 1.990717e+02 | 4.421187e+02 | 122.09%| unknown
 3285s| 27500 | 27501 | 14198k| 516.1 |   705M |  55 |1980 | 440 |2640 |2004k|  6 |   0 |   0 | 1.990852e+02 | 4.421187e+02 | 122.08%| unknown
 3293s| 27600 | 27601 | 14255k| 516.3 |   707M |  55 |1980 | 440 |2462 |2012k| 10 |   0 |   0 | 1.991493e+02 | 4.421187e+02 | 122.00%| unknown
 3302s| 27700 | 27701 | 14304k| 516.2 |   709M |  55 |1980 | 440 |2351 |2020k|  6 |   0 |   0 | 1.992180e+02 | 4.421187e+02 | 121.93%| unknown
 3311s| 27800 | 27801 | 14365k| 516.6 |   712M |  55 |1980 | 440 |2645 |2028k|  4 |   0 |   0 | 1.992180e+02 | 4.421187e+02 | 121.93%| unknown
 3335s| 27900 | 27901 | 14430k| 517.0 |   715M |  55 |1980 | 440 |2654 |2035k|  6 |   0 |   0 | 1.992180e+02 | 4.421187e+02 | 121.93%| unknown
 3346s| 28000 | 28001 | 14493k| 517.4 |   716M |  55 |1980 | 440 |2279 |2043k|  5 |   0 |   0 | 1.992180e+02 | 4.421187e+02 | 121.93%| unknown
 3354s| 28100 | 28101 | 14554k| 517.8 |   718M |  55 |1980 | 440 |2374 |2050k| 10 |   0 |   0 | 1.992312e+02 | 4.421187e+02 | 121.91%| unknown
 time | node  | left  |LP iter|LP it/n|mem/heur|mdpt |vars |cons |rows |cuts |sepa|confs|strbr|  dualbound   | primalbound  |  gap   | compl. 
 3382s| 28200 | 28201 | 14604k| 517.7 |   719M |  55 |1980 | 440 |2227 |2058k| 12 |   0 |   0 | 1.992875e+02 | 4.421187e+02 | 121.85%| unknown
 3393s| 28300 | 28301 | 14665k| 518.0 |   721M |  55 |1980 | 440 |2529 |2065k|  7 |   0 |   0 | 1.994261e+02 | 4.421187e+02 | 121.70%| unknown
 3404s| 28400 | 28401 | 14723k| 518.3 |   723M |  55 |1980 | 440 |2728 |2072k| 10 |   0 |   0 | 1.994261e+02 | 4.421187e+02 | 121.70%| unknown
 3414s| 28500 | 28501 | 14784k| 518.6 |   725M |  55 |1980 | 440 |2570 |2079k|  7 |   0 |   0 | 1.994261e+02 | 4.421187e+02 | 121.70%| unknown
 3425s| 28600 | 28601 | 14843k| 518.8 |   727M |  55 |1980 | 440 |2735 |2087k|  7 |   0 |   0 | 1.994494e+02 | 4.421187e+02 | 121.67%| unknown
 3437s| 28700 | 28701 | 14906k| 519.2 |   729M |  55 |1980 | 440 |2392 |2094k|  5 |   0 |   0 | 1.994494e+02 | 4.421187e+02 | 121.67%| unknown
 3448s| 28800 | 28801 | 14965k| 519.5 |   731M |  55 |1980 | 440 |3082 |2102k|  5 |   0 |   0 | 1.994909e+02 | 4.421187e+02 | 121.62%| unknown
 3458s| 28900 | 28901 | 15028k| 519.8 |   733M |  55 |1980 | 440 |2972 |2110k|  9 |   0 |   0 | 1.994909e+02 | 4.421187e+02 | 121.62%| unknown
 3475s| 29000 | 29001 | 15089k| 520.2 |   736M |  55 |1980 | 440 |2205 |2117k|  7 |   0 |   0 | 1.995320e+02 | 4.421187e+02 | 121.58%| unknown
 3499s| 29100 | 29101 | 15151k| 520.5 |   741M |  55 |1980 | 440 |2820 |2124k|  6 |   0 |   0 | 1.996889e+02 | 4.421187e+02 | 121.40%| unknown
 3509s| 29200 | 29201 | 15204k| 520.5 |   742M |  55 |1980 | 440 |3038 |2131k|  4 |   0 |   0 | 1.997576e+02 | 4.421187e+02 | 121.33%| unknown
 3519s| 29300 | 29299 | 15268k| 520.9 |   743M |  55 |1980 | 440 |2342 |2138k|  6 |   0 |   0 | 1.998195e+02 | 4.421187e+02 | 121.26%| unknown
 3530s| 29400 | 29399 | 15326k| 521.1 |   745M |  55 |1980 | 440 |2855 |2145k|  4 |   0 |   0 | 1.998326e+02 | 4.421187e+02 | 121.24%| unknown
 3541s| 29500 | 29499 | 15378k| 521.1 |   749M |  55 |1980 | 440 |2536 |2152k|  4 |   0 |   0 | 1.998527e+02 | 4.421187e+02 | 121.22%| unknown
 3552s| 29600 | 29599 | 15438k| 521.4 |   752M |  55 |1980 | 440 |2996 |2159k|  6 |   0 |   0 | 1.998765e+02 | 4.421187e+02 | 121.20%| unknown
 time | node  | left  |LP iter|LP it/n|mem/heur|mdpt |vars |cons |rows |cuts |sepa|confs|strbr|  dualbound   | primalbound  |  gap   | compl. 
 3564s| 29700 | 29699 | 15501k| 521.8 |   754M |  55 |1980 | 440 |2307 |2167k|  6 |   0 |   0 | 1.998765e+02 | 4.421187e+02 | 121.20%| unknown
 3574s| 29800 | 29799 | 15560k| 522.0 |   756M |  55 |1980 | 440 |2446 |2175k|  6 |   0 |   0 | 1.998765e+02 | 4.421187e+02 | 121.20%| unknown
 3584s| 29900 | 29899 | 15625k| 522.4 |   758M |  55 |1980 | 440 |3048 |2182k|  6 |   0 |   0 | 2.000337e+02 | 4.421187e+02 | 121.02%| unknown
 3596s| 30000 | 29999 | 15682k| 522.6 |   760M |  55 |1980 | 440 |2701 |2189k|  8 |   0 |   0 | 2.001235e+02 | 4.421187e+02 | 120.92%| unknown

SCIP Status        : solving was interrupted [time limit reached]
Solving Time (sec) : 3600.01
Solving Nodes      : 30039
Primal Bound       : +4.42118725031135e+02 (8 solutions)
Dual Bound         : +2.00167400084625e+02
Gap                : 120.87 %
primal_bound = 442.11872503113506, dual_bound = 200.16740008462537, gap = 54.72541904427841, time = 3607.47
