solving instance mcnd arcs c41 3 6 square
presolving:
(round 1, fast)       20 del vars, 20 del conss, 0 add conss, 288 chg bounds, 0 chg sides, 0 chg coeffs, 0 upgd conss, 0 impls, 0 clqs
(round 2, fast)       40 del vars, 20 del conss, 0 add conss, 288 chg bounds, 0 chg sides, 0 chg coeffs, 0 upgd conss, 0 impls, 0 clqs
(round 3, exhaustive) 40 del vars, 20 del conss, 0 add conss, 288 chg bounds, 0 chg sides, 0 chg coeffs, 11808 upgd conss, 0 impls, 0 clqs
   (0.2s) probing: 51/288 (17.7%) - 0 fixings, 0 aggregations, 0 implications, 0 bound changes
   (0.2s) probing aborted: 50/50 successive totally useless probings
   (0.2s) symmetry computation started: requiring (bin +, int +, cont +), (fixed: bin -, int -, cont -)
   (0.3s) no symmetry present (symcode time: 0.03)
presolving (4 rounds: 4 fast, 2 medium, 2 exhaustive):
 40 deleted vars, 20 deleted constraints, 0 added constraints, 288 tightened bounds, 0 added holes, 0 changed sides, 0 changed coefficients
 11808 implications, 0 cliques
presolved problem has 12384 variables (288 bin, 0 int, 0 impl, 12096 cont) and 13492 constraints
  11808 constraints of type <varbound>
   1396 constraints of type <linear>
    288 constraints of type <nonlinear>
Presolving Time: 0.28

 time | node  | left  |LP iter|LP it/n|mem/heur|mdpt |vars |cons |rows |cuts |sepa|confs|strbr|  dualbound   | primalbound  |  gap   | compl. 
t25.6s|     1 |     0 | 38224 |     - |  trysol|   0 |  12k|  13k|  14k|   0 |  0 |   0 |   0 |-5.493164e-04 | 4.057734e+05 |    Inf | unknown
 79.7s|     1 |     0 | 73571 |     - |   109M |   0 |  12k|  13k|  14k|   0 |  0 |   0 |   0 | 6.873510e+04 | 4.057734e+05 | 490.34%| unknown
t95.2s|     1 |     0 | 87430 |     - |  trysol|   0 |  12k|  13k|  14k|   0 |  0 |   0 |   0 | 6.873510e+04 | 3.760863e+05 | 447.15%| unknown
  115s|     1 |     0 |101019 |     - |   116M |   0 |  12k|  13k|  14k| 266 |  1 |   0 |   0 | 9.293385e+04 | 3.760863e+05 | 304.68%| unknown
t 117s|     1 |     0 |101019 |     - |  trysol|   0 |  12k|  13k|  14k| 266 |  1 |   0 |   0 | 9.293385e+04 | 2.752424e+05 | 196.17%| unknown
  117s|     1 |     0 |101019 |     - |   117M |   0 |  12k|  13k|  14k| 266 |  1 |   0 |   0 | 9.293385e+04 | 2.752424e+05 | 196.17%| unknown
  117s|     1 |     0 |101019 |     - |   117M |   0 |  12k|  13k|  14k| 266 |  1 |   0 |   0 | 9.293385e+04 | 2.752424e+05 | 196.17%| unknown
  138s|     1 |     0 |116019 |     - |   119M |   0 |  12k|  13k|  14k| 447 |  2 |   0 |   0 | 1.108976e+05 | 2.752424e+05 | 148.20%| unknown
t 138s|     1 |     0 |116019 |     - |  trysol|   0 |  12k|  13k|  14k| 447 |  2 |   0 |   0 | 1.108976e+05 | 2.379296e+05 | 114.55%| unknown
  159s|     1 |     0 |129512 |     - |   121M |   0 |  12k|  13k|  14k| 584 |  3 |   0 |   0 | 1.265050e+05 | 2.379296e+05 |  88.08%| unknown
t 160s|     1 |     0 |129512 |     - |  trysol|   0 |  12k|  13k|  14k| 584 |  3 |   0 |   0 | 1.265050e+05 | 2.160418e+05 |  70.78%| unknown
  160s|     1 |     0 |129512 |     - |   121M |   0 |  12k|  13k|  14k| 584 |  3 |   0 |   0 | 1.265050e+05 | 2.160418e+05 |  70.78%| unknown
  160s|     1 |     0 |129512 |     - |   121M |   0 |  12k|  13k|  14k| 584 |  3 |   0 |   0 | 1.265050e+05 | 2.160418e+05 |  70.78%| unknown
  167s|     1 |     0 |138101 |     - |   123M |   0 |  12k|  13k|  15k| 686 |  4 |   0 |   0 | 1.354265e+05 | 2.160418e+05 |  59.53%| unknown
t 168s|     1 |     0 |138101 |     - |  trysol|   0 |  12k|  13k|  15k| 686 |  4 |   0 |   0 | 1.354265e+05 | 2.035820e+05 |  50.33%| unknown
 time | node  | left  |LP iter|LP it/n|mem/heur|mdpt |vars |cons |rows |cuts |sepa|confs|strbr|  dualbound   | primalbound  |  gap   | compl. 
  208s|     1 |     0 |158194 |     - |   125M |   0 |  12k|  13k|  15k| 767 |  5 |   0 |   0 | 1.399984e+05 | 2.035820e+05 |  45.42%| unknown
t 210s|     1 |     0 |158194 |     - |  trysol|   0 |  12k|  13k|  15k| 767 |  5 |   0 |   0 | 1.399984e+05 | 2.032396e+05 |  45.17%| unknown
  210s|     1 |     0 |158194 |     - |   125M |   0 |  12k|  13k|  15k| 767 |  5 |   0 |   0 | 1.399984e+05 | 2.032396e+05 |  45.17%| unknown
  216s|     1 |     0 |165545 |     - |   126M |   0 |  12k|  13k|  15k| 840 |  6 |   0 |   0 | 1.418720e+05 | 2.032396e+05 |  43.26%| unknown
t 216s|     1 |     0 |165545 |     - |  trysol|   0 |  12k|  13k|  15k| 840 |  6 |   0 |   0 | 1.418720e+05 | 1.834755e+05 |  29.32%| unknown
  217s|     1 |     0 |166824 |     - |   128M |   0 |  12k|  13k|  15k| 900 |  7 |   0 |   0 | 1.423304e+05 | 1.834755e+05 |  28.91%| unknown
  217s|     1 |     0 |166824 |     - |   128M |   0 |  12k|  13k|  15k| 900 |  7 |   0 |   0 | 1.423304e+05 | 1.834755e+05 |  28.91%| unknown
r 221s|     1 |     0 |166824 |     - |simplero|   0 |  12k|  13k|  15k| 900 |  7 |   0 |   0 | 1.423304e+05 | 1.697945e+05 |  19.30%| unknown
  222s|     1 |     0 |168278 |     - |   130M |   0 |  12k|  13k|  15k| 958 |  8 |   0 |   0 | 1.425576e+05 | 1.697945e+05 |  19.11%| unknown
  222s|     1 |     0 |168278 |     - |   130M |   0 |  12k|  13k|  15k| 958 |  8 |   0 |   0 | 1.425576e+05 | 1.697945e+05 |  19.11%| unknown
  223s|     1 |     0 |169378 |     - |   131M |   0 |  12k|  13k|  15k|1006 |  9 |   0 |   0 | 1.426823e+05 | 1.697945e+05 |  19.00%| unknown
  229s|     1 |     0 |175770 |     - |   133M |   0 |  12k|  13k|  15k|1052 | 10 |   0 |   0 | 1.427992e+05 | 1.697945e+05 |  18.90%| unknown
  231s|     1 |     0 |177645 |     - |   134M |   0 |  12k|  13k|  15k|1098 | 11 |   0 |   0 | 1.428255e+05 | 1.697945e+05 |  18.88%| unknown
  231s|     1 |     0 |177776 |     - |   136M |   0 |  12k|  13k|  15k|1137 | 12 |   0 |   0 | 1.428306e+05 | 1.697945e+05 |  18.88%| unknown
  232s|     1 |     0 |177815 |     - |   137M |   0 |  12k|  13k|  15k|1169 | 13 |   0 |   0 | 1.428315e+05 | 1.697945e+05 |  18.88%| unknown
 time | node  | left  |LP iter|LP it/n|mem/heur|mdpt |vars |cons |rows |cuts |sepa|confs|strbr|  dualbound   | primalbound  |  gap   | compl. 
  232s|     1 |     0 |177847 |     - |   139M |   0 |  12k|  13k|  14k|1199 | 14 |   0 |   0 | 1.428317e+05 | 1.697945e+05 |  18.88%| unknown
  232s|     1 |     0 |177864 |     - |   140M |   0 |  12k|  13k|  14k|1214 | 15 |   0 |   0 | 1.428318e+05 | 1.697945e+05 |  18.88%| unknown
  232s|     1 |     0 |177876 |     - |   142M |   0 |  12k|  13k|  14k|1224 | 16 |   0 |   0 | 1.428318e+05 | 1.697945e+05 |  18.88%| unknown
  232s|     1 |     0 |177881 |     - |   143M |   0 |  12k|  13k|  14k|1228 | 17 |   0 |   0 | 1.428318e+05 | 1.697945e+05 |  18.88%| unknown
  232s|     1 |     0 |177882 |     - |   145M |   0 |  12k|  13k|  14k|1229 | 18 |   0 |   0 | 1.428318e+05 | 1.697945e+05 |  18.88%| unknown
L 599s|     1 |     0 |279819 |     - |    rens|   0 |  12k|  13k|  14k|1229 | 20 |   0 |   0 | 1.428318e+05 | 1.524755e+05 |   6.75%| unknown
L 609s|     1 |     0 |279819 |     - |    alns|   0 |  12k|  13k|  14k|1229 | 20 |   0 |   0 | 1.428318e+05 | 1.514037e+05 |   6.00%| unknown
d 652s|     1 |     0 |279819 |     - |    mpec|   0 |  12k|  13k|  14k|1229 | 20 |   0 |   0 | 1.428318e+05 | 1.484909e+05 |   3.96%| unknown
  653s|     1 |     0 |279819 |     - |   154M |   0 |  12k|  13k|  14k|1229 | 20 |   0 |   0 | 1.428318e+05 | 1.484909e+05 |   3.96%| unknown
  671s|     1 |     2 |279819 |     - |   154M |   0 |  12k|  13k|  14k|1229 | 22 |   0 |  25 | 1.429410e+05 | 1.484909e+05 |   3.88%| unknown
 2038s|   100 |   101 |  1135k|10057.3 |   186M |  24 |  12k|  13k|  14k|9049 |  2 |  22 | 345 | 1.441457e+05 | 1.484909e+05 |   3.01%| unknown
 2893s|   200 |   201 |  1725k|7967.8 |   214M |  27 |  12k|  13k|  14k|  16k|  2 |  22 | 412 | 1.444212e+05 | 1.484909e+05 |   2.82%| unknown
L2917s|   201 |   202 |  1726k|7933.3 |    rins|  27 |  12k|  13k|  14k|  16k|  2 |  22 | 412 | 1.444212e+05 | 1.474923e+05 |   2.13%| unknown
 3451s|   300 |   301 |  2209k|6921.1 |   243M |  31 |  12k|  13k|  14k|  25k|  2 |  60 | 484 | 1.444841e+05 | 1.474923e+05 |   2.08%| unknown

SCIP Status        : solving was interrupted [time limit reached]
Solving Time (sec) : 3600.00
Solving Nodes      : 343
Primal Bound       : +1.47492286122101e+05 (27 solutions)
Dual Bound         : +1.44489680844061e+05
Gap                : 2.08 %
primal_bound = 147492.28612210054, dual_bound = 144489.6808440607, gap = 2.0357710609720687, time = 3603.19
