solving instance mcnd arcs c25_100_30_F_T_5 3 6 sinabc1
Set parameter TokenServer to value "licences.gerad.lan"
Set parameter TokenServer to value "licences.gerad.lan"
Set parameter TokenServer to value "licences.gerad.lan"
Set parameter FeasibilityTol to value 1e-09
Set parameter MIPGap to value 1e-09
Set parameter Threads to value 1
Set parameter OptimalityTol to value 1e-09
Set parameter IntFeasTol to value 1e-09
Set parameter TimeLimit to value 3410.070168681
Iteration 1	LB = -1.0e20	UB = 1.0e20	CPU = 190.92983131900002, #pieces = 900
Iteration 2	LB = 64401.14646499297	UB = 66584.33159137145	CPU = 284.76134474900005, #pieces = 925
Iteration 3	LB = 65865.1135332212	UB = 66584.33159137145	CPU = 602.100951966, #pieces = 946
Iteration 4	LB = 66096.40323319138	UB = 66584.33159137145	CPU = 1064.185006684, #pieces = 953
translating piece by -5.936544485507511e-5
Iteration 5	LB = 66313.76160172498	UB = 66584.33159137145	CPU = 1420.0276209200001, #pieces = 963
translating piece by -1.7475724064297538e-5
Iteration 6	LB = 66353.98333711919	UB = 66518.43758608532	CPU = 1748.566912768, #pieces = 994
Iteration 7	LB = 66451.13785824372	UB = 66504.48875780526	CPU = 2713.834695846, #pieces = 1023
translating piece by -6.806228611822007e-7
translating piece by -6.806228611822007e-7
translating piece by -3.264721976847795e-5
translating piece by -8.785297609392728e-7
translating piece by -8.785297609392728e-7
translating piece by -4.2140090499742655e-5
Iteration 8	LB = 66471.48968226199	UB = 66489.28043981768	CPU = 3567.6207995050004, #pieces = 1111
WRITING LOG...
(64401.14646499297, 66584.33159137145, 31798.0, 31798.0, 6.2759854992010835, 3.2788271267431224, 900, 1, 60.991603387000005, 251.944619692)
(65865.1135332212, 66584.33159137145, 31796.0, 31798.0, 3.0189664871645405, 1.0801611144256789, 925, 2, 366.443465547, 590.213607557)
(66096.40323319138, 66584.33159137145, 32098.0, 31798.0, 3.275560161949423, 0.7327975614060228, 946, 3, 817.7885057640001, 1053.44639417)
(66313.76160172498, 66584.33159137145, 31432.0, 31798.0, 1.6088290361114668, 0.4063568457921225, 953, 4, 1171.6062575290002, 1418.0031589290002)
(66353.98333711919, 66518.43758608532, 31798.0, 31798.0, 0.4736525815908281, 0.2472310759754326, 963, 5, 1486.0058657260001, 1734.427594945)
(66451.13785824372, 66504.48875780526, 31798.0, 31798.0, 0.15372024503499476, 0.08022150167311776, 994, 6, 2445.9441230620005, 2708.5056994310003)
(66471.48968226199, 66489.28043981768, 31798.0, 31798.0, 0.05128308131074189, 0.026757332066170245, 1023, 7, 3290.4432728540005, 3558.334445027)
(66471.48968226199, 66489.28043981768, -1.0, 31798.0, 0.05128308131074189, 0.026757332066170245, 1111, 8, 3323.8417852240004, 3601.0193689320004)
