Lmod a détecté l'erreur suivante :
/home/modules/modulefiles-arch/x86_64-unknown-linux_al9-gnu/gurobi/12.0.0:
(gurobi/12.0.0): invalid command name
"x86_64="x86_64-unknown-linux_al10-gnu|x86_64-unknown-linux_al9-gnu|x86_64-unknown-linux_ol8-gnu""
While processing the following module(s):
    Module fullname  Module Filename
    ---------------  ---------------
    gurobi/12.0.0    /home/modules/modulefiles-arch/x86_64-unknown-linux_al9-gnu/gurobi/12.0.0

solving instance mcnd arcs c37 3 6 sinabc1
Set parameter TokenServer to value "licences.gerad.lan"
Set parameter TokenServer to value "licences.gerad.lan"
Set parameter TokenServer to value "licences.gerad.lan"
Set parameter FeasibilityTol to value 1e-09
Set parameter MIPGap to value 1e-09
Set parameter Threads to value 1
Set parameter OptimalityTol to value 1e-09
Set parameter IntFeasTol to value 1e-09
Set parameter TimeLimit to value 3227.156861952
Iteration 1	LB = -1.0e20	UB = 1.0e20	CPU = 373.843138048, #pieces = 2052
WRITING LOG...
(-1.0e20, 1.0e20, -1.0, 0.0, 200.0, 200.0, 2052, 1, 3227.4159173460002, 3601.259146281)
