solving instance mcnd arcs c42 3 6 exp
Set parameter TokenServer to value "licences.gerad.lan"
Set parameter TokenServer to value "licences.gerad.lan"
Set parameter TokenServer to value "licences.gerad.lan"
Set parameter FeasibilityTol to value 1e-09
Set parameter MIPGap to value 1e-09
Set parameter Threads to value 1
Set parameter OptimalityTol to value 1e-09
Set parameter IntFeasTol to value 1e-09
Set parameter TimeLimit to value 3518.947121883
translating piece by -8.646316928206943e-6
translating piece by -0.0008136465803545434
translating piece by -1.9553954189177603e-6
translating piece by -3.4506228985264897e-7
translating piece by -3.04199566016905e-5
translating piece by -0.0003174272078467766
translating piece by -1.3176795619074255e-6
translating piece by -0.0013236788363428786
translating piece by -0.00012506562961789314
translating piece by -0.00015179436741163954
translating piece by -2.6248126232530922e-5
translating piece by -0.006300971552263945
translating piece by -4.956328120897524e-5
translating piece by -7.956250556162558e-7
translating piece by -6.662297892034985e-6
translating piece by -7.914968591649085e-7
translating piece by -0.0025130927278951276
Iteration 1	LB = -1.0e20	UB = 1.0e20	CPU = 82.052878117, #pieces = 1176
WRITING LOG...
(-1.0e20, 1.0e20, -1.0, 0.0, 200.0, 200.0, 1176, 1, 3519.130941793, 3601.1838937730004)
