2023/11/29
gurobi is now 11.0.0
previous version was 10.0.2
solving instance uflp nlass gunluk ../../../../../instances/uflp/gunluk/gunluk-30-60-10.txt sinabc1
The latest version of Julia in the `1.10` channel is 1.10.6+0.x64.linux.gnu. You currently have `1.10.5+0.x64.linux.gnu` installed. Run:

  juliaup update

in your terminal shell to install Julia 1.10.6+0.x64.linux.gnu and update the `1.10` channel to that version.
reading gunluk data file ../../../../../instances/uflp/gunluk/gunluk-30-60-10.txt
7.7423992800924415 * (sin(2.0x) + 1.0x) ^ 2
4.112509425465868 * (sin(2.0x) + 1.0x) ^ 2
8.446503192834749 * (sin(2.0x) + 1.0x) ^ 2
13.915432795971782 * (sin(2.0x) + 1.0x) ^ 2
8.536324703877792 * (sin(2.0x) + 1.0x) ^ 2
10.114453289205672 * (sin(2.0x) + 1.0x) ^ 2
11.77390773072237 * (sin(2.0x) + 1.0x) ^ 2
2.088860489971877 * (sin(2.0x) + 1.0x) ^ 2
6.348771788852156 * (sin(2.0x) + 1.0x) ^ 2
8.9641294620647 * (sin(2.0x) + 1.0x) ^ 2
6.235704474889321 * (sin(2.0x) + 1.0x) ^ 2
3.7495656563046103 * (sin(2.0x) + 1.0x) ^ 2
7.701663272503209 * (sin(2.0x) + 1.0x) ^ 2
6.269079192763775 * (sin(2.0x) + 1.0x) ^ 2
9.415703753746275 * (sin(2.0x) + 1.0x) ^ 2
10.61884520077039 * (sin(2.0x) + 1.0x) ^ 2
7.559487231715905 * (sin(2.0x) + 1.0x) ^ 2
5.409678391457746 * (sin(2.0x) + 1.0x) ^ 2
4.196484139620891 * (sin(2.0x) + 1.0x) ^ 2
7.916859172626921 * (sin(2.0x) + 1.0x) ^ 2
10.197305602280677 * (sin(2.0x) + 1.0x) ^ 2
1.6776743286680158 * (sin(2.0x) + 1.0x) ^ 2
5.460842082919703 * (sin(2.0x) + 1.0x) ^ 2
6.658010907561727 * (sin(2.0x) + 1.0x) ^ 2
7.364161493316654 * (sin(2.0x) + 1.0x) ^ 2
13.617079222205671 * (sin(2.0x) + 1.0x) ^ 2
4.175366324795648 * (sin(2.0x) + 1.0x) ^ 2
9.957446843557321 * (sin(2.0x) + 1.0x) ^ 2
3.6981582694007256 * (sin(2.0x) + 1.0x) ^ 2
13.178869209835156 * (sin(2.0x) + 1.0x) ^ 2
11.873816978494668 * (sin(2.0x) + 1.0x) ^ 2
10.850050155263295 * (sin(2.0x) + 1.0x) ^ 2
4.842689076096354 * (sin(2.0x) + 1.0x) ^ 2
8.329750348707254 * (sin(2.0x) + 1.0x) ^ 2
14.94757343091988 * (sin(2.0x) + 1.0x) ^ 2
9.141474217432089 * (sin(2.0x) + 1.0x) ^ 2
5.325240237659139 * (sin(2.0x) + 1.0x) ^ 2
12.791666895599075 * (sin(2.0x) + 1.0x) ^ 2
5.070506364855921 * (sin(2.0x) + 1.0x) ^ 2
2.236962037634612 * (sin(2.0x) + 1.0x) ^ 2
7.5388465960570255 * (sin(2.0x) + 1.0x) ^ 2
12.237505971470513 * (sin(2.0x) + 1.0x) ^ 2
4.129239667209883 * (sin(2.0x) + 1.0x) ^ 2
9.958577634575267 * (sin(2.0x) + 1.0x) ^ 2
9.382212552282894 * (sin(2.0x) + 1.0x) ^ 2
10.557073297827005 * (sin(2.0x) + 1.0x) ^ 2
6.481506863400914 * (sin(2.0x) + 1.0x) ^ 2
13.446396475943159 * (sin(2.0x) + 1.0x) ^ 2
8.295762885916316 * (sin(2.0x) + 1.0x) ^ 2
13.524766781603374 * (sin(2.0x) + 1.0x) ^ 2
1.61535068545425 * (sin(2.0x) + 1.0x) ^ 2
9.38844838706945 * (sin(2.0x) + 1.0x) ^ 2
12.582303235519742 * (sin(2.0x) + 1.0x) ^ 2
4.723978762334958 * (sin(2.0x) + 1.0x) ^ 2
4.135277373561162 * (sin(2.0x) + 1.0x) ^ 2
7.518147754725128 * (sin(2.0x) + 1.0x) ^ 2
13.435137848581745 * (sin(2.0x) + 1.0x) ^ 2
2.5248015623482547 * (sin(2.0x) + 1.0x) ^ 2
7.4011246844737535 * (sin(2.0x) + 1.0x) ^ 2
9.337358660053722 * (sin(2.0x) + 1.0x) ^ 2
8.400849801742797 * (sin(2.0x) + 1.0x) ^ 2
9.855416222415634 * (sin(2.0x) + 1.0x) ^ 2
4.590168229023617 * (sin(2.0x) + 1.0x) ^ 2
1.3676073379482931 * (sin(2.0x) + 1.0x) ^ 2
11.597255053675777 * (sin(2.0x) + 1.0x) ^ 2
3.929817790539552 * (sin(2.0x) + 1.0x) ^ 2
2.0007721976943267 * (sin(2.0x) + 1.0x) ^ 2
13.36537773561929 * (sin(2.0x) + 1.0x) ^ 2
7.153843658598412 * (sin(2.0x) + 1.0x) ^ 2
6.722556131887358 * (sin(2.0x) + 1.0x) ^ 2
6.4076317661457205 * (sin(2.0x) + 1.0x) ^ 2
11.442304186624245 * (sin(2.0x) + 1.0x) ^ 2
9.685915926496092 * (sin(2.0x) + 1.0x) ^ 2
7.629697983227447 * (sin(2.0x) + 1.0x) ^ 2
4.717497092601566 * (sin(2.0x) + 1.0x) ^ 2
4.991331874100596 * (sin(2.0x) + 1.0x) ^ 2
5.029592788458949 * (sin(2.0x) + 1.0x) ^ 2
11.760898080161438 * (sin(2.0x) + 1.0x) ^ 2
8.411434281317998 * (sin(2.0x) + 1.0x) ^ 2
10.188864353278584 * (sin(2.0x) + 1.0x) ^ 2
8.589345978835752 * (sin(2.0x) + 1.0x) ^ 2
11.216968203611295 * (sin(2.0x) + 1.0x) ^ 2
10.699343190311456 * (sin(2.0x) + 1.0x) ^ 2
9.375250190284623 * (sin(2.0x) + 1.0x) ^ 2
9.297692533933219 * (sin(2.0x) + 1.0x) ^ 2
1.1138098405478127 * (sin(2.0x) + 1.0x) ^ 2
12.609418479123216 * (sin(2.0x) + 1.0x) ^ 2
5.17070224650011 * (sin(2.0x) + 1.0x) ^ 2
9.519981075841972 * (sin(2.0x) + 1.0x) ^ 2
2.0838602166247493 * (sin(2.0x) + 1.0x) ^ 2
10.121446657439762 * (sin(2.0x) + 1.0x) ^ 2
7.700728292990271 * (sin(2.0x) + 1.0x) ^ 2
5.283810559317729 * (sin(2.0x) + 1.0x) ^ 2
11.071135278681359 * (sin(2.0x) + 1.0x) ^ 2
12.557531210734227 * (sin(2.0x) + 1.0x) ^ 2
9.455712762810291 * (sin(2.0x) + 1.0x) ^ 2
8.107649833646349 * (sin(2.0x) + 1.0x) ^ 2
8.429449129218225 * (sin(2.0x) + 1.0x) ^ 2
3.0093909322849366 * (sin(2.0x) + 1.0x) ^ 2
3.5269821000442505 * (sin(2.0x) + 1.0x) ^ 2
5.884776962998981 * (sin(2.0x) + 1.0x) ^ 2
8.674614713131213 * (sin(2.0x) + 1.0x) ^ 2
1.2389041825075275 * (sin(2.0x) + 1.0x) ^ 2
7.97877755521089 * (sin(2.0x) + 1.0x) ^ 2
9.230651999778587 * (sin(2.0x) + 1.0x) ^ 2
10.654341764988171 * (sin(2.0x) + 1.0x) ^ 2
5.907546006634902 * (sin(2.0x) + 1.0x) ^ 2
10.21692137832807 * (sin(2.0x) + 1.0x) ^ 2
5.267583581788703 * (sin(2.0x) + 1.0x) ^ 2
11.342627318813376 * (sin(2.0x) + 1.0x) ^ 2
3.8630866415763347 * (sin(2.0x) + 1.0x) ^ 2
4.882459605643514 * (sin(2.0x) + 1.0x) ^ 2
9.620906891198622 * (sin(2.0x) + 1.0x) ^ 2
0.3937131158766666 * (sin(2.0x) + 1.0x) ^ 2
0.9542226789650877 * (sin(2.0x) + 1.0x) ^ 2
10.445185834591964 * (sin(2.0x) + 1.0x) ^ 2
9.709267276622356 * (sin(2.0x) + 1.0x) ^ 2
5.101134320499797 * (sin(2.0x) + 1.0x) ^ 2
3.282312421740092 * (sin(2.0x) + 1.0x) ^ 2
11.258913950756243 * (sin(2.0x) + 1.0x) ^ 2
12.023501943846778 * (sin(2.0x) + 1.0x) ^ 2
10.402394530003129 * (sin(2.0x) + 1.0x) ^ 2
5.433844981994938 * (sin(2.0x) + 1.0x) ^ 2
9.958689077203017 * (sin(2.0x) + 1.0x) ^ 2
14.89395073002242 * (sin(2.0x) + 1.0x) ^ 2
9.984892999230999 * (sin(2.0x) + 1.0x) ^ 2
6.871536269453389 * (sin(2.0x) + 1.0x) ^ 2
11.788396469649083 * (sin(2.0x) + 1.0x) ^ 2
4.6433355381368875 * (sin(2.0x) + 1.0x) ^ 2
2.3849513088092085 * (sin(2.0x) + 1.0x) ^ 2
7.558518191924542 * (sin(2.0x) + 1.0x) ^ 2
11.632379615111368 * (sin(2.0x) + 1.0x) ^ 2
2.386708074181575 * (sin(2.0x) + 1.0x) ^ 2
9.96516511548749 * (sin(2.0x) + 1.0x) ^ 2
10.064569170319787 * (sin(2.0x) + 1.0x) ^ 2
11.366193300628742 * (sin(2.0x) + 1.0x) ^ 2
6.843074563419746 * (sin(2.0x) + 1.0x) ^ 2
13.010793918830407 * (sin(2.0x) + 1.0x) ^ 2
7.812534145333867 * (sin(2.0x) + 1.0x) ^ 2
13.535431524328082 * (sin(2.0x) + 1.0x) ^ 2
0.3996325394515308 * (sin(2.0x) + 1.0x) ^ 2
8.268098497606774 * (sin(2.0x) + 1.0x) ^ 2
12.250962727397663 * (sin(2.0x) + 1.0x) ^ 2
3.2672776377605994 * (sin(2.0x) + 1.0x) ^ 2
2.5768869023570904 * (sin(2.0x) + 1.0x) ^ 2
9.183709341821775 * (sin(2.0x) + 1.0x) ^ 2
12.768960692340853 * (sin(2.0x) + 1.0x) ^ 2
3.6765968527294226 * (sin(2.0x) + 1.0x) ^ 2
6.415521125399102 * (sin(2.0x) + 1.0x) ^ 2
10.736696192450836 * (sin(2.0x) + 1.0x) ^ 2
4.054822375294149 * (sin(2.0x) + 1.0x) ^ 2
0.781191327265844 * (sin(2.0x) + 1.0x) ^ 2
6.140780371457451 * (sin(2.0x) + 1.0x) ^ 2
10.752046975600297 * (sin(2.0x) + 1.0x) ^ 2
5.718349446069409 * (sin(2.0x) + 1.0x) ^ 2
6.514365718275117 * (sin(2.0x) + 1.0x) ^ 2
9.143735082768341 * (sin(2.0x) + 1.0x) ^ 2
3.905421376805017 * (sin(2.0x) + 1.0x) ^ 2
5.0763425463554075 * (sin(2.0x) + 1.0x) ^ 2
7.887110304980173 * (sin(2.0x) + 1.0x) ^ 2
3.22233754080701 * (sin(2.0x) + 1.0x) ^ 2
2.1679373772377075 * (sin(2.0x) + 1.0x) ^ 2
8.024109857513404 * (sin(2.0x) + 1.0x) ^ 2
2.4761589887690945 * (sin(2.0x) + 1.0x) ^ 2
5.751376137507138 * (sin(2.0x) + 1.0x) ^ 2
6.8678033137662995 * (sin(2.0x) + 1.0x) ^ 2
4.7340668901744465 * (sin(2.0x) + 1.0x) ^ 2
3.3767456134882705 * (sin(2.0x) + 1.0x) ^ 2
1.8350696474869557 * (sin(2.0x) + 1.0x) ^ 2
4.678403499353577 * (sin(2.0x) + 1.0x) ^ 2
9.800390789884357 * (sin(2.0x) + 1.0x) ^ 2
3.402231628499847 * (sin(2.0x) + 1.0x) ^ 2
2.698693821615112 * (sin(2.0x) + 1.0x) ^ 2
6.900058674414937 * (sin(2.0x) + 1.0x) ^ 2
7.527524497214114 * (sin(2.0x) + 1.0x) ^ 2
10.602303761178977 * (sin(2.0x) + 1.0x) ^ 2
3.404023895738027 * (sin(2.0x) + 1.0x) ^ 2
8.276738168661145 * (sin(2.0x) + 1.0x) ^ 2
3.719028596635007 * (sin(2.0x) + 1.0x) ^ 2
9.744171490116784 * (sin(2.0x) + 1.0x) ^ 2
10.810268669325042 * (sin(2.0x) + 1.0x) ^ 2
8.349684674316896 * (sin(2.0x) + 1.0x) ^ 2
5.839766495526865 * (sin(2.0x) + 1.0x) ^ 2
11.53644940559944 * (sin(2.0x) + 1.0x) ^ 2
13.227339868291965 * (sin(2.0x) + 1.0x) ^ 2
10.092419513631109 * (sin(2.0x) + 1.0x) ^ 2
8.528229087989146 * (sin(2.0x) + 1.0x) ^ 2
8.910594029426559 * (sin(2.0x) + 1.0x) ^ 2
3.660373883411374 * (sin(2.0x) + 1.0x) ^ 2
3.7968900968791197 * (sin(2.0x) + 1.0x) ^ 2
6.569196205894043 * (sin(2.0x) + 1.0x) ^ 2
9.280638812406695 * (sin(2.0x) + 1.0x) ^ 2
0.9502468002468657 * (sin(2.0x) + 1.0x) ^ 2
8.667735659546878 * (sin(2.0x) + 1.0x) ^ 2
9.88773699945783 * (sin(2.0x) + 1.0x) ^ 2
11.308404723540983 * (sin(2.0x) + 1.0x) ^ 2
6.551122245297946 * (sin(2.0x) + 1.0x) ^ 2
10.845056738657933 * (sin(2.0x) + 1.0x) ^ 2
5.942583715602071 * (sin(2.0x) + 1.0x) ^ 2
12.022024399933652 * (sin(2.0x) + 1.0x) ^ 2
3.705560108931675 * (sin(2.0x) + 1.0x) ^ 2
5.374726743356112 * (sin(2.0x) + 1.0x) ^ 2
10.271343103784417 * (sin(2.0x) + 1.0x) ^ 2
0.9274805338455068 * (sin(2.0x) + 1.0x) ^ 2
1.00903120197292 * (sin(2.0x) + 1.0x) ^ 2
10.884398508597185 * (sin(2.0x) + 1.0x) ^ 2
10.289362221885758 * (sin(2.0x) + 1.0x) ^ 2
5.424156038465715 * (sin(2.0x) + 1.0x) ^ 2
3.8983218677695928 * (sin(2.0x) + 1.0x) ^ 2
11.802233170789385 * (sin(2.0x) + 1.0x) ^ 2
10.730710229754827 * (sin(2.0x) + 1.0x) ^ 2
8.022680881166465 * (sin(2.0x) + 1.0x) ^ 2
6.355461897340082 * (sin(2.0x) + 1.0x) ^ 2
12.179525430689571 * (sin(2.0x) + 1.0x) ^ 2
12.969444631069774 * (sin(2.0x) + 1.0x) ^ 2
10.409282058448333 * (sin(2.0x) + 1.0x) ^ 2
9.224394892423174 * (sin(2.0x) + 1.0x) ^ 2
8.231381787472849 * (sin(2.0x) + 1.0x) ^ 2
3.975142686439258 * (sin(2.0x) + 1.0x) ^ 2
4.6135746816090295 * (sin(2.0x) + 1.0x) ^ 2
6.670957966056155 * (sin(2.0x) + 1.0x) ^ 2
8.82061047973778 * (sin(2.0x) + 1.0x) ^ 2
1.8851575385811856 * (sin(2.0x) + 1.0x) ^ 2
8.602192314242119 * (sin(2.0x) + 1.0x) ^ 2
10.132270940110269 * (sin(2.0x) + 1.0x) ^ 2
11.561306332044547 * (sin(2.0x) + 1.0x) ^ 2
6.859655489908765 * (sin(2.0x) + 1.0x) ^ 2
10.436351766174871 * (sin(2.0x) + 1.0x) ^ 2
5.760657034082296 * (sin(2.0x) + 1.0x) ^ 2
11.828017085492252 * (sin(2.0x) + 1.0x) ^ 2
4.639435986505767 * (sin(2.0x) + 1.0x) ^ 2
4.742167323710235 * (sin(2.0x) + 1.0x) ^ 2
9.93853017070028 * (sin(2.0x) + 1.0x) ^ 2
1.5080258446187416 * (sin(2.0x) + 1.0x) ^ 2
1.8812118364964232 * (sin(2.0x) + 1.0x) ^ 2
11.559328683475737 * (sin(2.0x) + 1.0x) ^ 2
9.765943368210444 * (sin(2.0x) + 1.0x) ^ 2
6.2075778361388485 * (sin(2.0x) + 1.0x) ^ 2
3.542636889228432 * (sin(2.0x) + 1.0x) ^ 2
12.329489455994555 * (sin(2.0x) + 1.0x) ^ 2
3.8663939265568628 * (sin(2.0x) + 1.0x) ^ 2
1.8311377213484807 * (sin(2.0x) + 1.0x) ^ 2
8.50984940349606 * (sin(2.0x) + 1.0x) ^ 2
12.435120589112376 * (sin(2.0x) + 1.0x) ^ 2
3.8259495399948706 * (sin(2.0x) + 1.0x) ^ 2
7.796164042787738 * (sin(2.0x) + 1.0x) ^ 2
11.265651345897988 * (sin(2.0x) + 1.0x) ^ 2
3.5178167865046794 * (sin(2.0x) + 1.0x) ^ 2
7.6489241272184865 * (sin(2.0x) + 1.0x) ^ 2
10.449200283843474 * (sin(2.0x) + 1.0x) ^ 2
5.483836175250345 * (sin(2.0x) + 1.0x) ^ 2
0.9612320489309621 * (sin(2.0x) + 1.0x) ^ 2
10.528641982179824 * (sin(2.0x) + 1.0x) ^ 2
3.6813334502393373 * (sin(2.0x) + 1.0x) ^ 2
6.9477755912827215 * (sin(2.0x) + 1.0x) ^ 2
7.688909546673687 * (sin(2.0x) + 1.0x) ^ 2
6.957182144768122 * (sin(2.0x) + 1.0x) ^ 2
0.8327665348665162 * (sin(2.0x) + 1.0x) ^ 2
4.409638887122217 * (sin(2.0x) + 1.0x) ^ 2
3.3669282507049236 * (sin(2.0x) + 1.0x) ^ 2
12.374773397774527 * (sin(2.0x) + 1.0x) ^ 2
5.177125711850385 * (sin(2.0x) + 1.0x) ^ 2
0.9221646624222858 * (sin(2.0x) + 1.0x) ^ 2
9.397299781647131 * (sin(2.0x) + 1.0x) ^ 2
10.0460367425132 * (sin(2.0x) + 1.0x) ^ 2
12.422881341853477 * (sin(2.0x) + 1.0x) ^ 2
1.427381933647673 * (sin(2.0x) + 1.0x) ^ 2
10.754643374451613 * (sin(2.0x) + 1.0x) ^ 2
6.114733694068255 * (sin(2.0x) + 1.0x) ^ 2
11.140883334332761 * (sin(2.0x) + 1.0x) ^ 2
7.709731802211014 * (sin(2.0x) + 1.0x) ^ 2
4.214193493711816 * (sin(2.0x) + 1.0x) ^ 2
7.205056429672013 * (sin(2.0x) + 1.0x) ^ 2
12.872927215355308 * (sin(2.0x) + 1.0x) ^ 2
9.060966601649412 * (sin(2.0x) + 1.0x) ^ 2
9.404625556377347 * (sin(2.0x) + 1.0x) ^ 2
10.557022546148982 * (sin(2.0x) + 1.0x) ^ 2
3.4756997219730037 * (sin(2.0x) + 1.0x) ^ 2
4.959332516955429 * (sin(2.0x) + 1.0x) ^ 2
7.494783469058884 * (sin(2.0x) + 1.0x) ^ 2
5.344986025234475 * (sin(2.0x) + 1.0x) ^ 2
4.416759902247122 * (sin(2.0x) + 1.0x) ^ 2
6.212738023575671 * (sin(2.0x) + 1.0x) ^ 2
5.93452618464627 * (sin(2.0x) + 1.0x) ^ 2
8.78360316879158 * (sin(2.0x) + 1.0x) ^ 2
10.08464344393995 * (sin(2.0x) + 1.0x) ^ 2
6.515167916365873 * (sin(2.0x) + 1.0x) ^ 2
6.118198834979002 * (sin(2.0x) + 1.0x) ^ 2
3.3571008718187865 * (sin(2.0x) + 1.0x) ^ 2
8.222977694022012 * (sin(2.0x) + 1.0x) ^ 2
8.691229091506827 * (sin(2.0x) + 1.0x) ^ 2
0.31550591269774264 * (sin(2.0x) + 1.0x) ^ 2
5.912120188330871 * (sin(2.0x) + 1.0x) ^ 2
5.157246814557865 * (sin(2.0x) + 1.0x) ^ 2
5.864150890637864 * (sin(2.0x) + 1.0x) ^ 2
12.512552295306143 * (sin(2.0x) + 1.0x) ^ 2
5.157252916259896 * (sin(2.0x) + 1.0x) ^ 2
8.553124694014285 * (sin(2.0x) + 1.0x) ^ 2
2.261998194251627 * (sin(2.0x) + 1.0x) ^ 2
12.295518258914955 * (sin(2.0x) + 1.0x) ^ 2
8.629946257077563 * (sin(2.0x) + 1.0x) ^ 2
5.039323405696834 * (sin(2.0x) + 1.0x) ^ 2
9.75110717592347 * (sin(2.0x) + 1.0x) ^ 2
15.196990535305083 * (sin(2.0x) + 1.0x) ^ 2
9.002044786363063 * (sin(2.0x) + 1.0x) ^ 2
11.306463478680095 * (sin(2.0x) + 1.0x) ^ 2
13.078423199191892 * (sin(2.0x) + 1.0x) ^ 2
1.8858357347030936 * (sin(2.0x) + 1.0x) ^ 2
7.6271747505630705 * (sin(2.0x) + 1.0x) ^ 2
10.192953883184979 * (sin(2.0x) + 1.0x) ^ 2
7.501919615649274 * (sin(2.0x) + 1.0x) ^ 2
4.300801546078306 * (sin(2.0x) + 1.0x) ^ 2
8.73693792923606 * (sin(2.0x) + 1.0x) ^ 2
7.344227586133489 * (sin(2.0x) + 1.0x) ^ 2
10.582052589249644 * (sin(2.0x) + 1.0x) ^ 2
11.7370627677618 * (sin(2.0x) + 1.0x) ^ 2
8.84983816574633 * (sin(2.0x) + 1.0x) ^ 2
5.809298779890463 * (sin(2.0x) + 1.0x) ^ 2
5.469550460656161 * (sin(2.0x) + 1.0x) ^ 2
8.572344022871432 * (sin(2.0x) + 1.0x) ^ 2
11.31623119998165 * (sin(2.0x) + 1.0x) ^ 2
2.9234015053258826 * (sin(2.0x) + 1.0x) ^ 2
6.081968623395384 * (sin(2.0x) + 1.0x) ^ 2
7.742068331469084 * (sin(2.0x) + 1.0x) ^ 2
8.44068375818265 * (sin(2.0x) + 1.0x) ^ 2
14.910175589705498 * (sin(2.0x) + 1.0x) ^ 2
4.36010774992825 * (sin(2.0x) + 1.0x) ^ 2
11.232528099595793 * (sin(2.0x) + 1.0x) ^ 2
4.95011974539613 * (sin(2.0x) + 1.0x) ^ 2
14.420171247812522 * (sin(2.0x) + 1.0x) ^ 2
4.429834189207769 * (sin(2.0x) + 1.0x) ^ 2
3.2161527035633073 * (sin(2.0x) + 1.0x) ^ 2
3.523508803273859 * (sin(2.0x) + 1.0x) ^ 2
8.344031313467099 * (sin(2.0x) + 1.0x) ^ 2
7.203726452290206 * (sin(2.0x) + 1.0x) ^ 2
4.664269253280801 * (sin(2.0x) + 1.0x) ^ 2
6.522801270594359 * (sin(2.0x) + 1.0x) ^ 2
6.348668459827105 * (sin(2.0x) + 1.0x) ^ 2
3.078333027199172 * (sin(2.0x) + 1.0x) ^ 2
5.645041556234235 * (sin(2.0x) + 1.0x) ^ 2
0.6366601837984713 * (sin(2.0x) + 1.0x) ^ 2
4.782254616910053 * (sin(2.0x) + 1.0x) ^ 2
6.581330647301727 * (sin(2.0x) + 1.0x) ^ 2
2.3023253180158827 * (sin(2.0x) + 1.0x) ^ 2
4.102131898915793 * (sin(2.0x) + 1.0x) ^ 2
5.477195811688414 * (sin(2.0x) + 1.0x) ^ 2
2.1115708575694927 * (sin(2.0x) + 1.0x) ^ 2
5.702337873319915 * (sin(2.0x) + 1.0x) ^ 2
1.4190946886791138 * (sin(2.0x) + 1.0x) ^ 2
5.84480853939931 * (sin(2.0x) + 1.0x) ^ 2
7.783685571424602 * (sin(2.0x) + 1.0x) ^ 2
4.439224930773456 * (sin(2.0x) + 1.0x) ^ 2
4.776700385148858 * (sin(2.0x) + 1.0x) ^ 2
5.567129945051837 * (sin(2.0x) + 1.0x) ^ 2
6.04601779691012 * (sin(2.0x) + 1.0x) ^ 2
8.108852612901323 * (sin(2.0x) + 1.0x) ^ 2
6.019095278508695 * (sin(2.0x) + 1.0x) ^ 2
5.767433767015213 * (sin(2.0x) + 1.0x) ^ 2
3.3588610332718303 * (sin(2.0x) + 1.0x) ^ 2
7.580960670251605 * (sin(2.0x) + 1.0x) ^ 2
8.144476622294249 * (sin(2.0x) + 1.0x) ^ 2
6.160945002654768 * (sin(2.0x) + 1.0x) ^ 2
3.3561971529937757 * (sin(2.0x) + 1.0x) ^ 2
9.294046572048561 * (sin(2.0x) + 1.0x) ^ 2
10.790745702174712 * (sin(2.0x) + 1.0x) ^ 2
7.3157563165870565 * (sin(2.0x) + 1.0x) ^ 2
6.505549093141322 * (sin(2.0x) + 1.0x) ^ 2
7.775986669749414 * (sin(2.0x) + 1.0x) ^ 2
0.8706701484273163 * (sin(2.0x) + 1.0x) ^ 2
2.8639220023226626 * (sin(2.0x) + 1.0x) ^ 2
3.7853973103019904 * (sin(2.0x) + 1.0x) ^ 2
7.388054656434411 * (sin(2.0x) + 1.0x) ^ 2
2.8677586668867447 * (sin(2.0x) + 1.0x) ^ 2
6.0108625486364895 * (sin(2.0x) + 1.0x) ^ 2
7.077427257523705 * (sin(2.0x) + 1.0x) ^ 2
8.50168436286131 * (sin(2.0x) + 1.0x) ^ 2
3.7644812124419533 * (sin(2.0x) + 1.0x) ^ 2
8.764837892082092 * (sin(2.0x) + 1.0x) ^ 2
3.5797524012913886 * (sin(2.0x) + 1.0x) ^ 2
9.49532347580988 * (sin(2.0x) + 1.0x) ^ 2
4.437825321990137 * (sin(2.0x) + 1.0x) ^ 2
4.426248720518519 * (sin(2.0x) + 1.0x) ^ 2
8.030924927040168 * (sin(2.0x) + 1.0x) ^ 2
1.9079884576937183 * (sin(2.0x) + 1.0x) ^ 2
2.3317547936554326 * (sin(2.0x) + 1.0x) ^ 2
8.746077461475265 * (sin(2.0x) + 1.0x) ^ 2
8.540526166682222 * (sin(2.0x) + 1.0x) ^ 2
3.982890097156418 * (sin(2.0x) + 1.0x) ^ 2
2.405895192139794 * (sin(2.0x) + 1.0x) ^ 2
9.285896162020261 * (sin(2.0x) + 1.0x) ^ 2
13.511812714151796 * (sin(2.0x) + 1.0x) ^ 2
11.789218393330183 * (sin(2.0x) + 1.0x) ^ 2
6.908726242820116 * (sin(2.0x) + 1.0x) ^ 2
11.11813543948304 * (sin(2.0x) + 1.0x) ^ 2
16.352870213601676 * (sin(2.0x) + 1.0x) ^ 2
11.443714277176177 * (sin(2.0x) + 1.0x) ^ 2
8.074237940698316 * (sin(2.0x) + 1.0x) ^ 2
12.938283323016861 * (sin(2.0x) + 1.0x) ^ 2
6.094258840355486 * (sin(2.0x) + 1.0x) ^ 2
3.858833257919387 * (sin(2.0x) + 1.0x) ^ 2
9.044874227517905 * (sin(2.0x) + 1.0x) ^ 2
12.961832724561113 * (sin(2.0x) + 1.0x) ^ 2
3.282427944367412 * (sin(2.0x) + 1.0x) ^ 2
11.443041214295606 * (sin(2.0x) + 1.0x) ^ 2
11.545923421934116 * (sin(2.0x) + 1.0x) ^ 2
12.833470794337545 * (sin(2.0x) + 1.0x) ^ 2
8.340197860132543 * (sin(2.0x) + 1.0x) ^ 2
14.388078535358185 * (sin(2.0x) + 1.0x) ^ 2
9.2095134595707 * (sin(2.0x) + 1.0x) ^ 2
15.006319209107644 * (sin(2.0x) + 1.0x) ^ 2
1.5580096398313272 * (sin(2.0x) + 1.0x) ^ 2
9.392756576138813 * (sin(2.0x) + 1.0x) ^ 2
13.659602930742935 * (sin(2.0x) + 1.0x) ^ 2
4.352995272042499 * (sin(2.0x) + 1.0x) ^ 2
3.6481983481807223 * (sin(2.0x) + 1.0x) ^ 2
10.314941178951836 * (sin(2.0x) + 1.0x) ^ 2
14.069186422149794 * (sin(2.0x) + 1.0x) ^ 2
4.998826838699032 * (sin(2.0x) + 1.0x) ^ 2
7.649553921998015 * (sin(2.0x) + 1.0x) ^ 2
12.030382881734463 * (sin(2.0x) + 1.0x) ^ 2
10.103997751081543 * (sin(2.0x) + 1.0x) ^ 2
7.665019390116037 * (sin(2.0x) + 1.0x) ^ 2
5.312663375804245 * (sin(2.0x) + 1.0x) ^ 2
11.109984053685228 * (sin(2.0x) + 1.0x) ^ 2
12.528167308475716 * (sin(2.0x) + 1.0x) ^ 2
9.468185377608425 * (sin(2.0x) + 1.0x) ^ 2
8.151362970925344 * (sin(2.0x) + 1.0x) ^ 2
8.372799727785283 * (sin(2.0x) + 1.0x) ^ 2
3.020037532493863 * (sin(2.0x) + 1.0x) ^ 2
3.583494355869236 * (sin(2.0x) + 1.0x) ^ 2
5.879319948483777 * (sin(2.0x) + 1.0x) ^ 2
8.630775940152812 * (sin(2.0x) + 1.0x) ^ 2
1.297178153636304 * (sin(2.0x) + 1.0x) ^ 2
7.961618157750739 * (sin(2.0x) + 1.0x) ^ 2
9.237409878374514 * (sin(2.0x) + 1.0x) ^ 2
10.661918629187845 * (sin(2.0x) + 1.0x) ^ 2
5.918856524783987 * (sin(2.0x) + 1.0x) ^ 2
10.176933147042305 * (sin(2.0x) + 1.0x) ^ 2
5.240025127033456 * (sin(2.0x) + 1.0x) ^ 2
11.317383425677445 * (sin(2.0x) + 1.0x) ^ 2
3.9282402220832227 * (sin(2.0x) + 1.0x) ^ 2
4.82596883404622 * (sin(2.0x) + 1.0x) ^ 2
9.585683676153735 * (sin(2.0x) + 1.0x) ^ 2
0.4473607178538392 * (sin(2.0x) + 1.0x) ^ 2
1.0195638368731303 * (sin(2.0x) + 1.0x) ^ 2
10.486752156545336 * (sin(2.0x) + 1.0x) ^ 2
9.661929509882626 * (sin(2.0x) + 1.0x) ^ 2
5.153452714068279 * (sin(2.0x) + 1.0x) ^ 2
3.2389291460464666 * (sin(2.0x) + 1.0x) ^ 2
11.288256774984353 * (sin(2.0x) + 1.0x) ^ 2
13.299729086759557 * (sin(2.0x) + 1.0x) ^ 2
11.538292534799623 * (sin(2.0x) + 1.0x) ^ 2
6.754270162277947 * (sin(2.0x) + 1.0x) ^ 2
11.088448612466417 * (sin(2.0x) + 1.0x) ^ 2
16.121937587978092 * (sin(2.0x) + 1.0x) ^ 2
11.301376966871942 * (sin(2.0x) + 1.0x) ^ 2
8.02905910607592 * (sin(2.0x) + 1.0x) ^ 2
12.662732182019155 * (sin(2.0x) + 1.0x) ^ 2
5.864596878245811 * (sin(2.0x) + 1.0x) ^ 2
3.7039798129678796 * (sin(2.0x) + 1.0x) ^ 2
8.832232315777194 * (sin(2.0x) + 1.0x) ^ 2
12.701009911649995 * (sin(2.0x) + 1.0x) ^ 2
3.004551705883014 * (sin(2.0x) + 1.0x) ^ 2
11.223176932551823 * (sin(2.0x) + 1.0x) ^ 2
11.386132303806498 * (sin(2.0x) + 1.0x) ^ 2
12.68537881920468 * (sin(2.0x) + 1.0x) ^ 2
8.1583556833225 * (sin(2.0x) + 1.0x) ^ 2
14.134609266449782 * (sin(2.0x) + 1.0x) ^ 2
8.961824197727058 * (sin(2.0x) + 1.0x) ^ 2
14.781473896645187 * (sin(2.0x) + 1.0x) ^ 2
1.4446880834666 * (sin(2.0x) + 1.0x) ^ 2
9.11683596141671 * (sin(2.0x) + 1.0x) ^ 2
13.413011384787179 * (sin(2.0x) + 1.0x) ^ 2
4.078813124017251 * (sin(2.0x) + 1.0x) ^ 2
3.3749292659025256 * (sin(2.0x) + 1.0x) ^ 2
10.292207306931664 * (sin(2.0x) + 1.0x) ^ 2
13.804485796201993 * (sin(2.0x) + 1.0x) ^ 2
4.910890730951299 * (sin(2.0x) + 1.0x) ^ 2
7.380786459866534 * (sin(2.0x) + 1.0x) ^ 2
11.960464514978908 * (sin(2.0x) + 1.0x) ^ 2
5.520385572548055 * (sin(2.0x) + 1.0x) ^ 2
5.053087139501107 * (sin(2.0x) + 1.0x) ^ 2
1.7160045758063929 * (sin(2.0x) + 1.0x) ^ 2
6.7805945982740825 * (sin(2.0x) + 1.0x) ^ 2
8.606423197253514 * (sin(2.0x) + 1.0x) ^ 2
3.9822135065727564 * (sin(2.0x) + 1.0x) ^ 2
4.7043821628937925 * (sin(2.0x) + 1.0x) ^ 2
8.127567519551594 * (sin(2.0x) + 1.0x) ^ 2
2.4850357371692273 * (sin(2.0x) + 1.0x) ^ 2
4.3171910589191755 * (sin(2.0x) + 1.0x) ^ 2
1.3212708686487102 * (sin(2.0x) + 1.0x) ^ 2
6.630841089001281 * (sin(2.0x) + 1.0x) ^ 2
6.033025809080152 * (sin(2.0x) + 1.0x) ^ 2
3.631291604255127 * (sin(2.0x) + 1.0x) ^ 2
3.7450679047492064 * (sin(2.0x) + 1.0x) ^ 2
5.16351729243996 * (sin(2.0x) + 1.0x) ^ 2
0.45929124593505966 * (sin(2.0x) + 1.0x) ^ 2
7.470030795676423 * (sin(2.0x) + 1.0x) ^ 2
3.0515659084116673 * (sin(2.0x) + 1.0x) ^ 2
7.17180682592271 * (sin(2.0x) + 1.0x) ^ 2
6.603471502243505 * (sin(2.0x) + 1.0x) ^ 2
5.785644572739456 * (sin(2.0x) + 1.0x) ^ 2
6.495744758713403 * (sin(2.0x) + 1.0x) ^ 2
5.2209375249260255 * (sin(2.0x) + 1.0x) ^ 2
5.509216963651042 * (sin(2.0x) + 1.0x) ^ 2
6.4477202522372545 * (sin(2.0x) + 1.0x) ^ 2
7.866425217114275 * (sin(2.0x) + 1.0x) ^ 2
4.086496881445141 * (sin(2.0x) + 1.0x) ^ 2
4.191328018598726 * (sin(2.0x) + 1.0x) ^ 2
6.314188520889173 * (sin(2.0x) + 1.0x) ^ 2
11.129224173613322 * (sin(2.0x) + 1.0x) ^ 2
8.031538924288158 * (sin(2.0x) + 1.0x) ^ 2
7.712918180889237 * (sin(2.0x) + 1.0x) ^ 2
13.630752040809021 * (sin(2.0x) + 1.0x) ^ 2
13.008276583806904 * (sin(2.0x) + 1.0x) ^ 2
11.442606419846241 * (sin(2.0x) + 1.0x) ^ 2
10.750196201290688 * (sin(2.0x) + 1.0x) ^ 2
7.449516863579443 * (sin(2.0x) + 1.0x) ^ 2
5.192078539926127 * (sin(2.0x) + 1.0x) ^ 2
6.2723418468877075 * (sin(2.0x) + 1.0x) ^ 2
7.471502130565072 * (sin(2.0x) + 1.0x) ^ 2
8.53225380106462 * (sin(2.0x) + 1.0x) ^ 2
3.562092446514493 * (sin(2.0x) + 1.0x) ^ 2
9.071796052912022 * (sin(2.0x) + 1.0x) ^ 2
11.06371940123606 * (sin(2.0x) + 1.0x) ^ 2
12.486303156756975 * (sin(2.0x) + 1.0x) ^ 2
7.9480637189539 * (sin(2.0x) + 1.0x) ^ 2
10.218062878709901 * (sin(2.0x) + 1.0x) ^ 2
6.143688129444187 * (sin(2.0x) + 1.0x) ^ 2
12.002808485218505 * (sin(2.0x) + 1.0x) ^ 2
6.299249732231864 * (sin(2.0x) + 1.0x) ^ 2
4.251533294936439 * (sin(2.0x) + 1.0x) ^ 2
9.883672079155815 * (sin(2.0x) + 1.0x) ^ 2
3.136172802283929 * (sin(2.0x) + 1.0x) ^ 2
3.5784815166908124 * (sin(2.0x) + 1.0x) ^ 2
13.050535500979443 * (sin(2.0x) + 1.0x) ^ 2
9.316777717099297 * (sin(2.0x) + 1.0x) ^ 2
7.832972461213244 * (sin(2.0x) + 1.0x) ^ 2
3.822810625491818 * (sin(2.0x) + 1.0x) ^ 2
13.634497197530747 * (sin(2.0x) + 1.0x) ^ 2
6.78949060736512 * (sin(2.0x) + 1.0x) ^ 2
6.720434541448451 * (sin(2.0x) + 1.0x) ^ 2
0.5488167815221018 * (sin(2.0x) + 1.0x) ^ 2
5.51378955233043 * (sin(2.0x) + 1.0x) ^ 2
9.995278292253605 * (sin(2.0x) + 1.0x) ^ 2
4.041759760893283 * (sin(2.0x) + 1.0x) ^ 2
3.090496711544256 * (sin(2.0x) + 1.0x) ^ 2
9.762194520959083 * (sin(2.0x) + 1.0x) ^ 2
3.026387784329817 * (sin(2.0x) + 1.0x) ^ 2
3.5591117290760383 * (sin(2.0x) + 1.0x) ^ 2
2.9762153920110466 * (sin(2.0x) + 1.0x) ^ 2
8.303324758725845 * (sin(2.0x) + 1.0x) ^ 2
6.016381604770386 * (sin(2.0x) + 1.0x) ^ 2
5.116243898350145 * (sin(2.0x) + 1.0x) ^ 2
4.160168220123369 * (sin(2.0x) + 1.0x) ^ 2
5.424376803388929 * (sin(2.0x) + 1.0x) ^ 2
1.5056980478898414 * (sin(2.0x) + 1.0x) ^ 2
9.094860164266718 * (sin(2.0x) + 1.0x) ^ 2
4.673601291181541 * (sin(2.0x) + 1.0x) ^ 2
8.535282373663916 * (sin(2.0x) + 1.0x) ^ 2
5.856094719715811 * (sin(2.0x) + 1.0x) ^ 2
7.20520623872537 * (sin(2.0x) + 1.0x) ^ 2
8.097772127573101 * (sin(2.0x) + 1.0x) ^ 2
5.469611079621508 * (sin(2.0x) + 1.0x) ^ 2
5.548326718163965 * (sin(2.0x) + 1.0x) ^ 2
5.053323144753838 * (sin(2.0x) + 1.0x) ^ 2
9.537891816237883 * (sin(2.0x) + 1.0x) ^ 2
2.7710016498740138 * (sin(2.0x) + 1.0x) ^ 2
5.407267361209448 * (sin(2.0x) + 1.0x) ^ 2
5.453036411788148 * (sin(2.0x) + 1.0x) ^ 2
5.534959439412287 * (sin(2.0x) + 1.0x) ^ 2
2.3077844758306294 * (sin(2.0x) + 1.0x) ^ 2
5.78551451029253 * (sin(2.0x) + 1.0x) ^ 2
11.044627366666512 * (sin(2.0x) + 1.0x) ^ 2
7.2885217284632375 * (sin(2.0x) + 1.0x) ^ 2
7.256170298924997 * (sin(2.0x) + 1.0x) ^ 2
9.036770666486378 * (sin(2.0x) + 1.0x) ^ 2
3.8411460303489524 * (sin(2.0x) + 1.0x) ^ 2
4.125096435753384 * (sin(2.0x) + 1.0x) ^ 2
6.950475690232981 * (sin(2.0x) + 1.0x) ^ 2
3.3465016491741473 * (sin(2.0x) + 1.0x) ^ 2
3.2067144543321144 * (sin(2.0x) + 1.0x) ^ 2
6.647050319198775 * (sin(2.0x) + 1.0x) ^ 2
3.6831521328732864 * (sin(2.0x) + 1.0x) ^ 2
6.591679702998005 * (sin(2.0x) + 1.0x) ^ 2
7.85849570495992 * (sin(2.0x) + 1.0x) ^ 2
4.71740565707561 * (sin(2.0x) + 1.0x) ^ 2
4.730150881461023 * (sin(2.0x) + 1.0x) ^ 2
1.3179276778499502 * (sin(2.0x) + 1.0x) ^ 2
6.2639074381900315 * (sin(2.0x) + 1.0x) ^ 2
8.654928021950608 * (sin(2.0x) + 1.0x) ^ 2
1.960960983316946 * (sin(2.0x) + 1.0x) ^ 2
4.209488622541004 * (sin(2.0x) + 1.0x) ^ 2
5.5140843432057185 * (sin(2.0x) + 1.0x) ^ 2
6.177100373119153 * (sin(2.0x) + 1.0x) ^ 2
10.77610283202685 * (sin(2.0x) + 1.0x) ^ 2
4.322046133954187 * (sin(2.0x) + 1.0x) ^ 2
7.61859599670343 * (sin(2.0x) + 1.0x) ^ 2
2.2175170801051927 * (sin(2.0x) + 1.0x) ^ 2
10.285212933452526 * (sin(2.0x) + 1.0x) ^ 2
5.289216933066077 * (sin(2.0x) + 1.0x) ^ 2
5.392932939246739 * (sin(2.0x) + 1.0x) ^ 2
1.8115662646774375 * (sin(2.0x) + 1.0x) ^ 2
6.0537597590395205 * (sin(2.0x) + 1.0x) ^ 2
8.485100143982454 * (sin(2.0x) + 1.0x) ^ 2
3.1835039613283334 * (sin(2.0x) + 1.0x) ^ 2
4.2348425397900575 * (sin(2.0x) + 1.0x) ^ 2
8.687457164050938 * (sin(2.0x) + 1.0x) ^ 2
3.2661458146236306 * (sin(2.0x) + 1.0x) ^ 2
4.754074177722161 * (sin(2.0x) + 1.0x) ^ 2
1.7122601513886522 * (sin(2.0x) + 1.0x) ^ 2
6.994391499807313 * (sin(2.0x) + 1.0x) ^ 2
6.741492002997591 * (sin(2.0x) + 1.0x) ^ 2
3.6222172014185943 * (sin(2.0x) + 1.0x) ^ 2
3.0307021512084114 * (sin(2.0x) + 1.0x) ^ 2
4.423016924683537 * (sin(2.0x) + 1.0x) ^ 2
0.3811541216555755 * (sin(2.0x) + 1.0x) ^ 2
7.66551872154873 * (sin(2.0x) + 1.0x) ^ 2
3.6825039912295305 * (sin(2.0x) + 1.0x) ^ 2
7.025958809337162 * (sin(2.0x) + 1.0x) ^ 2
7.0708827117079265 * (sin(2.0x) + 1.0x) ^ 2
6.538807400539924 * (sin(2.0x) + 1.0x) ^ 2
6.6487842927477105 * (sin(2.0x) + 1.0x) ^ 2
5.984071714980042 * (sin(2.0x) + 1.0x) ^ 2
6.227513855401821 * (sin(2.0x) + 1.0x) ^ 2
5.779216340962166 * (sin(2.0x) + 1.0x) ^ 2
8.215739875336375 * (sin(2.0x) + 1.0x) ^ 2
4.233522552293861 * (sin(2.0x) + 1.0x) ^ 2
5.011458773536366 * (sin(2.0x) + 1.0x) ^ 2
5.495847188823871 * (sin(2.0x) + 1.0x) ^ 2
1.506799044732061 * (sin(2.0x) + 1.0x) ^ 2
3.6624492030176685 * (sin(2.0x) + 1.0x) ^ 2
5.607133653432601 * (sin(2.0x) + 1.0x) ^ 2
8.043469882853554 * (sin(2.0x) + 1.0x) ^ 2
4.771130570535223 * (sin(2.0x) + 1.0x) ^ 2
3.289794145513689 * (sin(2.0x) + 1.0x) ^ 2
7.448834720413928 * (sin(2.0x) + 1.0x) ^ 2
7.453635107497255 * (sin(2.0x) + 1.0x) ^ 2
6.221466070915987 * (sin(2.0x) + 1.0x) ^ 2
8.41174426864161 * (sin(2.0x) + 1.0x) ^ 2
3.1725966071536678 * (sin(2.0x) + 1.0x) ^ 2
4.9801516515231015 * (sin(2.0x) + 1.0x) ^ 2
9.807571423448856 * (sin(2.0x) + 1.0x) ^ 2
1.3454526442416155 * (sin(2.0x) + 1.0x) ^ 2
2.4339447930055957 * (sin(2.0x) + 1.0x) ^ 2
3.1892336717993515 * (sin(2.0x) + 1.0x) ^ 2
3.9390083021759317 * (sin(2.0x) + 1.0x) ^ 2
4.83499518616956 * (sin(2.0x) + 1.0x) ^ 2
4.183950580616642 * (sin(2.0x) + 1.0x) ^ 2
3.305036091091015 * (sin(2.0x) + 1.0x) ^ 2
10.689349311664515 * (sin(2.0x) + 1.0x) ^ 2
6.983291478824989 * (sin(2.0x) + 1.0x) ^ 2
3.787987607949028 * (sin(2.0x) + 1.0x) ^ 2
8.82820822749777 * (sin(2.0x) + 1.0x) ^ 2
9.270780750103281 * (sin(2.0x) + 1.0x) ^ 2
8.146158717039253 * (sin(2.0x) + 1.0x) ^ 2
5.959598324380437 * (sin(2.0x) + 1.0x) ^ 2
8.034084462740397 * (sin(2.0x) + 1.0x) ^ 2
6.477828073875594 * (sin(2.0x) + 1.0x) ^ 2
6.62379097476868 * (sin(2.0x) + 1.0x) ^ 2
9.279134978367805 * (sin(2.0x) + 1.0x) ^ 2
7.621204810287546 * (sin(2.0x) + 1.0x) ^ 2
3.275014342869426 * (sin(2.0x) + 1.0x) ^ 2
8.867869729024184 * (sin(2.0x) + 1.0x) ^ 2
12.096627979321232 * (sin(2.0x) + 1.0x) ^ 2
7.738177851712032 * (sin(2.0x) + 1.0x) ^ 2
5.871258499854876 * (sin(2.0x) + 1.0x) ^ 2
9.314330297515555 * (sin(2.0x) + 1.0x) ^ 2
1.8398179627123332 * (sin(2.0x) + 1.0x) ^ 2
1.4328682199526277 * (sin(2.0x) + 1.0x) ^ 2
4.815014198164724 * (sin(2.0x) + 1.0x) ^ 2
8.903953364708789 * (sin(2.0x) + 1.0x) ^ 2
2.193853524093354 * (sin(2.0x) + 1.0x) ^ 2
7.192279679798207 * (sin(2.0x) + 1.0x) ^ 2
7.665242681474512 * (sin(2.0x) + 1.0x) ^ 2
9.044598246255214 * (sin(2.0x) + 1.0x) ^ 2
4.319391068996056 * (sin(2.0x) + 1.0x) ^ 2
10.233041421243746 * (sin(2.0x) + 1.0x) ^ 2
5.0293494980525235 * (sin(2.0x) + 1.0x) ^ 2
10.74971765094221 * (sin(2.0x) + 1.0x) ^ 2
2.9422536285926855 * (sin(2.0x) + 1.0x) ^ 2
5.914821338805011 * (sin(2.0x) + 1.0x) ^ 2
9.453935717959617 * (sin(2.0x) + 1.0x) ^ 2
1.8553016521492471 * (sin(2.0x) + 1.0x) ^ 2
1.746541383144959 * (sin(2.0x) + 1.0x) ^ 2
8.220336659465483 * (sin(2.0x) + 1.0x) ^ 2
10.070265941190259 * (sin(2.0x) + 1.0x) ^ 2
2.8807014635802037 * (sin(2.0x) + 1.0x) ^ 2
3.920107289748344 * (sin(2.0x) + 1.0x) ^ 2
9.177397309352376 * (sin(2.0x) + 1.0x) ^ 2
7.20716590023553 * (sin(2.0x) + 1.0x) ^ 2
7.383757577397701 * (sin(2.0x) + 1.0x) ^ 2
1.0980330119449815 * (sin(2.0x) + 1.0x) ^ 2
4.854306698079262 * (sin(2.0x) + 1.0x) ^ 2
10.452057981652818 * (sin(2.0x) + 1.0x) ^ 2
4.007198814480771 * (sin(2.0x) + 1.0x) ^ 2
2.3575708357253786 * (sin(2.0x) + 1.0x) ^ 2
10.48480733369765 * (sin(2.0x) + 1.0x) ^ 2
3.662518320944999 * (sin(2.0x) + 1.0x) ^ 2
3.71510163193001 * (sin(2.0x) + 1.0x) ^ 2
3.641542575349389 * (sin(2.0x) + 1.0x) ^ 2
8.975481292690741 * (sin(2.0x) + 1.0x) ^ 2
6.4084128410311045 * (sin(2.0x) + 1.0x) ^ 2
5.660886731815077 * (sin(2.0x) + 1.0x) ^ 2
4.273938401008411 * (sin(2.0x) + 1.0x) ^ 2
5.421484408972164 * (sin(2.0x) + 1.0x) ^ 2
2.1358508451075884 * (sin(2.0x) + 1.0x) ^ 2
9.707681213331883 * (sin(2.0x) + 1.0x) ^ 2
5.39728169835602 * (sin(2.0x) + 1.0x) ^ 2
8.985942297382174 * (sin(2.0x) + 1.0x) ^ 2
5.934554066195214 * (sin(2.0x) + 1.0x) ^ 2
7.935094510576988 * (sin(2.0x) + 1.0x) ^ 2
8.69459593518612 * (sin(2.0x) + 1.0x) ^ 2
5.961613455334881 * (sin(2.0x) + 1.0x) ^ 2
5.96962905766255 * (sin(2.0x) + 1.0x) ^ 2
4.355120437100598 * (sin(2.0x) + 1.0x) ^ 2
10.20646799507427 * (sin(2.0x) + 1.0x) ^ 2
2.611469462133536 * (sin(2.0x) + 1.0x) ^ 2
6.119226857595279 * (sin(2.0x) + 1.0x) ^ 2
4.9552964704500155 * (sin(2.0x) + 1.0x) ^ 2
10.246540932829124 * (sin(2.0x) + 1.0x) ^ 2
7.809313621570048 * (sin(2.0x) + 1.0x) ^ 2
5.401648471182439 * (sin(2.0x) + 1.0x) ^ 2
11.176898252122921 * (sin(2.0x) + 1.0x) ^ 2
12.67337633429877 * (sin(2.0x) + 1.0x) ^ 2
9.583745240312428 * (sin(2.0x) + 1.0x) ^ 2
8.205882859364502 * (sin(2.0x) + 1.0x) ^ 2
8.494326646165332 * (sin(2.0x) + 1.0x) ^ 2
3.1382032295810007 * (sin(2.0x) + 1.0x) ^ 2
3.5957743634431636 * (sin(2.0x) + 1.0x) ^ 2
6.014302771315068 * (sin(2.0x) + 1.0x) ^ 2
8.770773545541948 * (sin(2.0x) + 1.0x) ^ 2
1.1847815848360221 * (sin(2.0x) + 1.0x) ^ 2
8.104020513112868 * (sin(2.0x) + 1.0x) ^ 2
9.360227504924461 * (sin(2.0x) + 1.0x) ^ 2
10.783750746070636 * (sin(2.0x) + 1.0x) ^ 2
6.036029930119377 * (sin(2.0x) + 1.0x) ^ 2
10.319440105225283 * (sin(2.0x) + 1.0x) ^ 2
5.385166298512934 * (sin(2.0x) + 1.0x) ^ 2
11.462273518663197 * (sin(2.0x) + 1.0x) ^ 2
3.8535019277025455 * (sin(2.0x) + 1.0x) ^ 2
4.948253920903479 * (sin(2.0x) + 1.0x) ^ 2
9.730101365278513 * (sin(2.0x) + 1.0x) ^ 2
0.48486284289876636 * (sin(2.0x) + 1.0x) ^ 2
0.9558600192788155 * (sin(2.0x) + 1.0x) ^ 2
10.546856581458897 * (sin(2.0x) + 1.0x) ^ 2
9.798658259611777 * (sin(2.0x) + 1.0x) ^ 2
5.1815662429236085 * (sin(2.0x) + 1.0x) ^ 2
3.3795746484433624 * (sin(2.0x) + 1.0x) ^ 2
11.375968396747403 * (sin(2.0x) + 1.0x) ^ 2
7.618894508457525 * (sin(2.0x) + 1.0x) ^ 2
9.596727750805883 * (sin(2.0x) + 1.0x) ^ 2
5.366749975386325 * (sin(2.0x) + 1.0x) ^ 2
1.747018043794313 * (sin(2.0x) + 1.0x) ^ 2
10.68839067537252 * (sin(2.0x) + 1.0x) ^ 2
3.11999471824005 * (sin(2.0x) + 1.0x) ^ 2
3.4466438061502918 * (sin(2.0x) + 1.0x) ^ 2
13.270543935686426 * (sin(2.0x) + 1.0x) ^ 2
7.85298668212314 * (sin(2.0x) + 1.0x) ^ 2
7.885476918903209 * (sin(2.0x) + 1.0x) ^ 2
6.496186895008812 * (sin(2.0x) + 1.0x) ^ 2
11.133815795481333 * (sin(2.0x) + 1.0x) ^ 2
10.729100910474683 * (sin(2.0x) + 1.0x) ^ 2
7.2269429395044735 * (sin(2.0x) + 1.0x) ^ 2
3.9743523344589518 * (sin(2.0x) + 1.0x) ^ 2
3.852758222981541 * (sin(2.0x) + 1.0x) ^ 2
5.329331812424959 * (sin(2.0x) + 1.0x) ^ 2
11.232690380839914 * (sin(2.0x) + 1.0x) ^ 2
8.536545107164788 * (sin(2.0x) + 1.0x) ^ 2
9.340051779871889 * (sin(2.0x) + 1.0x) ^ 2
9.893865489796198 * (sin(2.0x) + 1.0x) ^ 2
11.490713995949438 * (sin(2.0x) + 1.0x) ^ 2
10.177153273625944 * (sin(2.0x) + 1.0x) ^ 2
10.291824144131295 * (sin(2.0x) + 1.0x) ^ 2
10.3008798482813 * (sin(2.0x) + 1.0x) ^ 2
2.2075709848485774 * (sin(2.0x) + 1.0x) ^ 2
12.239384595261885 * (sin(2.0x) + 1.0x) ^ 2
6.430846544722005 * (sin(2.0x) + 1.0x) ^ 2
9.968381378260279 * (sin(2.0x) + 1.0x) ^ 2
0.6321145165373288 * (sin(2.0x) + 1.0x) ^ 2
10.653521536112933 * (sin(2.0x) + 1.0x) ^ 2
8.460453513685959 * (sin(2.0x) + 1.0x) ^ 2
5.181416643954856 * (sin(2.0x) + 1.0x) ^ 2
10.743737711684798 * (sin(2.0x) + 1.0x) ^ 2
13.23222583759997 * (sin(2.0x) + 1.0x) ^ 2
9.57138793263802 * (sin(2.0x) + 1.0x) ^ 2
7.7055032817473545 * (sin(2.0x) + 1.0x) ^ 2
9.387792022447865 * (sin(2.0x) + 1.0x) ^ 2
3.261512889443528 * (sin(2.0x) + 1.0x) ^ 2
2.9137133795436765 * (sin(2.0x) + 1.0x) ^ 2
6.286977735392139 * (sin(2.0x) + 1.0x) ^ 2
9.518155609943376 * (sin(2.0x) + 1.0x) ^ 2
0.35667633725988684 * (sin(2.0x) + 1.0x) ^ 2
8.516520717106653 * (sin(2.0x) + 1.0x) ^ 2
9.433090938507885 * (sin(2.0x) + 1.0x) ^ 2
10.837529675326843 * (sin(2.0x) + 1.0x) ^ 2
6.07263388632407 * (sin(2.0x) + 1.0x) ^ 2
11.017395084443937 * (sin(2.0x) + 1.0x) ^ 2
5.949723049590469 * (sin(2.0x) + 1.0x) ^ 2
11.969510164233169 * (sin(2.0x) + 1.0x) ^ 2
2.888675200349869 * (sin(2.0x) + 1.0x) ^ 2
5.84230507210518 * (sin(2.0x) + 1.0x) ^ 2
10.369874021454251 * (sin(2.0x) + 1.0x) ^ 2
0.8106636767642118 * (sin(2.0x) + 1.0x) ^ 2
0.18811437060670128 * (sin(2.0x) + 1.0x) ^ 2
10.070731324718716 * (sin(2.0x) + 1.0x) ^ 2
10.586140510116271 * (sin(2.0x) + 1.0x) ^ 2
4.553990254403306 * (sin(2.0x) + 1.0x) ^ 2
4.144086454841061 * (sin(2.0x) + 1.0x) ^ 2
11.096103291067568 * (sin(2.0x) + 1.0x) ^ 2
8.647927153913894 * (sin(2.0x) + 1.0x) ^ 2
8.960385991483088 * (sin(2.0x) + 1.0x) ^ 2
2.405702151787499 * (sin(2.0x) + 1.0x) ^ 2
4.1365407976396655 * (sin(2.0x) + 1.0x) ^ 2
11.915240559495272 * (sin(2.0x) + 1.0x) ^ 2
4.966297754923391 * (sin(2.0x) + 1.0x) ^ 2
1.0914023699769242 * (sin(2.0x) + 1.0x) ^ 2
12.004875583606239 * (sin(2.0x) + 1.0x) ^ 2
4.775564347483577 * (sin(2.0x) + 1.0x) ^ 2
3.814821781130057 * (sin(2.0x) + 1.0x) ^ 2
5.216562645891886 * (sin(2.0x) + 1.0x) ^ 2
10.550404506875532 * (sin(2.0x) + 1.0x) ^ 2
6.827687906512019 * (sin(2.0x) + 1.0x) ^ 2
7.206146427309315 * (sin(2.0x) + 1.0x) ^ 2
5.427914057418287 * (sin(2.0x) + 1.0x) ^ 2
6.3598844956719525 * (sin(2.0x) + 1.0x) ^ 2
3.7133695394441206 * (sin(2.0x) + 1.0x) ^ 2
11.278432104041716 * (sin(2.0x) + 1.0x) ^ 2
6.918552136976285 * (sin(2.0x) + 1.0x) ^ 2
10.4483299547631 * (sin(2.0x) + 1.0x) ^ 2
5.685049242227835 * (sin(2.0x) + 1.0x) ^ 2
9.308370794228539 * (sin(2.0x) + 1.0x) ^ 2
10.259995659342508 * (sin(2.0x) + 1.0x) ^ 2
6.63006306648676 * (sin(2.0x) + 1.0x) ^ 2
6.473289844388161 * (sin(2.0x) + 1.0x) ^ 2
3.4461304073088534 * (sin(2.0x) + 1.0x) ^ 2
11.782405471221338 * (sin(2.0x) + 1.0x) ^ 2
2.24551536831269 * (sin(2.0x) + 1.0x) ^ 2
7.40326693600383 * (sin(2.0x) + 1.0x) ^ 2
4.843458518466561 * (sin(2.0x) + 1.0x) ^ 2
4.120905765959982 * (sin(2.0x) + 1.0x) ^ 2
5.858804672424799 * (sin(2.0x) + 1.0x) ^ 2
3.9811299183626696 * (sin(2.0x) + 1.0x) ^ 2
5.332884421796566 * (sin(2.0x) + 1.0x) ^ 2
7.367620084453916 * (sin(2.0x) + 1.0x) ^ 2
0.8859578059426756 * (sin(2.0x) + 1.0x) ^ 2
4.880470898518268 * (sin(2.0x) + 1.0x) ^ 2
9.587531456196789 * (sin(2.0x) + 1.0x) ^ 2
5.666835472948002 * (sin(2.0x) + 1.0x) ^ 2
7.031215976691971 * (sin(2.0x) + 1.0x) ^ 2
3.2403309476370024 * (sin(2.0x) + 1.0x) ^ 2
7.377903976274834 * (sin(2.0x) + 1.0x) ^ 2
9.167300517676543 * (sin(2.0x) + 1.0x) ^ 2
3.4666835829710676 * (sin(2.0x) + 1.0x) ^ 2
0.6698836405608425 * (sin(2.0x) + 1.0x) ^ 2
1.997811767373176 * (sin(2.0x) + 1.0x) ^ 2
2.774823155140372 * (sin(2.0x) + 1.0x) ^ 2
7.505833360725868 * (sin(2.0x) + 1.0x) ^ 2
5.163927362028512 * (sin(2.0x) + 1.0x) ^ 2
5.9293162089794995 * (sin(2.0x) + 1.0x) ^ 2
9.341932144120767 * (sin(2.0x) + 1.0x) ^ 2
8.205649667278799 * (sin(2.0x) + 1.0x) ^ 2
6.445459737573215 * (sin(2.0x) + 1.0x) ^ 2
8.39850125670173 * (sin(2.0x) + 1.0x) ^ 2
8.653524884141962 * (sin(2.0x) + 1.0x) ^ 2
5.409456623254307 * (sin(2.0x) + 1.0x) ^ 2
8.478498510358834 * (sin(2.0x) + 1.0x) ^ 2
6.195408055228607 * (sin(2.0x) + 1.0x) ^ 2
7.034549353971216 * (sin(2.0x) + 1.0x) ^ 2
4.075445698851828 * (sin(2.0x) + 1.0x) ^ 2
9.028840656859071 * (sin(2.0x) + 1.0x) ^ 2
6.7228899352949565 * (sin(2.0x) + 1.0x) ^ 2
4.402088125955623 * (sin(2.0x) + 1.0x) ^ 2
10.300900279264297 * (sin(2.0x) + 1.0x) ^ 2
11.520369745607033 * (sin(2.0x) + 1.0x) ^ 2
8.413265522058186 * (sin(2.0x) + 1.0x) ^ 2
7.432523043196649 * (sin(2.0x) + 1.0x) ^ 2
7.807189701415275 * (sin(2.0x) + 1.0x) ^ 2
1.9724236332972138 * (sin(2.0x) + 1.0x) ^ 2
3.2558041735969274 * (sin(2.0x) + 1.0x) ^ 2
4.780743810308953 * (sin(2.0x) + 1.0x) ^ 2
7.791871492970286 * (sin(2.0x) + 1.0x) ^ 2
2.082532765177072 * (sin(2.0x) + 1.0x) ^ 2
6.885924446864698 * (sin(2.0x) + 1.0x) ^ 2
8.15850843655689 * (sin(2.0x) + 1.0x) ^ 2
9.585382721776558 * (sin(2.0x) + 1.0x) ^ 2
4.8620992403360646 * (sin(2.0x) + 1.0x) ^ 2
9.279794306726988 * (sin(2.0x) + 1.0x) ^ 2
4.22847287755982 * (sin(2.0x) + 1.0x) ^ 2
10.281128899335789 * (sin(2.0x) + 1.0x) ^ 2
4.251980346375454 * (sin(2.0x) + 1.0x) ^ 2
4.297851519314773 * (sin(2.0x) + 1.0x) ^ 2
8.634189381855082 * (sin(2.0x) + 1.0x) ^ 2
0.9692541318253903 * (sin(2.0x) + 1.0x) ^ 2
1.5930507943914005 * (sin(2.0x) + 1.0x) ^ 2
9.721215479356982 * (sin(2.0x) + 1.0x) ^ 2
8.877390120276035 * (sin(2.0x) + 1.0x) ^ 2
4.653629065417384 * (sin(2.0x) + 1.0x) ^ 2
2.4522834096448736 * (sin(2.0x) + 1.0x) ^ 2
10.360495931018825 * (sin(2.0x) + 1.0x) ^ 2
12.295027788750886 * (sin(2.0x) + 1.0x) ^ 2
10.154872925079815 * (sin(2.0x) + 1.0x) ^ 2
6.388612538227366 * (sin(2.0x) + 1.0x) ^ 2
11.508201719192417 * (sin(2.0x) + 1.0x) ^ 2
14.91976879760153 * (sin(2.0x) + 1.0x) ^ 2
10.913203561133525 * (sin(2.0x) + 1.0x) ^ 2
8.4123815467476 * (sin(2.0x) + 1.0x) ^ 2
10.938595810490078 * (sin(2.0x) + 1.0x) ^ 2
4.833911216545458 * (sin(2.0x) + 1.0x) ^ 2
3.5859226898910697 * (sin(2.0x) + 1.0x) ^ 2
7.882817101588416 * (sin(2.0x) + 1.0x) ^ 2
11.192965537660008 * (sin(2.0x) + 1.0x) ^ 2
1.3504002447700894 * (sin(2.0x) + 1.0x) ^ 2
10.16598171938505 * (sin(2.0x) + 1.0x) ^ 2
10.856762013236727 * (sin(2.0x) + 1.0x) ^ 2
12.232591238922128 * (sin(2.0x) + 1.0x) ^ 2
7.509164843432362 * (sin(2.0x) + 1.0x) ^ 2
12.706744487154522 * (sin(2.0x) + 1.0x) ^ 2
7.642863856040217 * (sin(2.0x) + 1.0x) ^ 2
13.645620168177619 * (sin(2.0x) + 1.0x) ^ 2
2.2660140451145696 * (sin(2.0x) + 1.0x) ^ 2
7.3966484010448355 * (sin(2.0x) + 1.0x) ^ 2
12.06503517990878 * (sin(2.0x) + 1.0x) ^ 2
2.4814902687280247 * (sin(2.0x) + 1.0x) ^ 2
1.8544338391782607 * (sin(2.0x) + 1.0x) ^ 2
10.769928371958493 * (sin(2.0x) + 1.0x) ^ 2
12.242503304573937 * (sin(2.0x) + 1.0x) ^ 2
5.158190493279472 * (sin(2.0x) + 1.0x) ^ 2
5.804939529326703 * (sin(2.0x) + 1.0x) ^ 2
12.096751368938412 * (sin(2.0x) + 1.0x) ^ 2
4.4308418261657225 * (sin(2.0x) + 1.0x) ^ 2
2.2132296501470874 * (sin(2.0x) + 1.0x) ^ 2
8.948136960655564 * (sin(2.0x) + 1.0x) ^ 2
12.989859758442392 * (sin(2.0x) + 1.0x) ^ 2
4.112437051187553 * (sin(2.0x) + 1.0x) ^ 2
8.366780269196491 * (sin(2.0x) + 1.0x) ^ 2
11.766330644900325 * (sin(2.0x) + 1.0x) ^ 2
3.1009578945507332 * (sin(2.0x) + 1.0x) ^ 2
7.960445929686065 * (sin(2.0x) + 1.0x) ^ 2
10.780494763122574 * (sin(2.0x) + 1.0x) ^ 2
5.937821488106679 * (sin(2.0x) + 1.0x) ^ 2
0.8762936848227337 * (sin(2.0x) + 1.0x) ^ 2
10.710632195855796 * (sin(2.0x) + 1.0x) ^ 2
4.231886419727677 * (sin(2.0x) + 1.0x) ^ 2
7.519803037996972 * (sin(2.0x) + 1.0x) ^ 2
8.26749820030915 * (sin(2.0x) + 1.0x) ^ 2
7.427546651276161 * (sin(2.0x) + 1.0x) ^ 2
0.9240454660288352 * (sin(2.0x) + 1.0x) ^ 2
4.721700092118958 * (sin(2.0x) + 1.0x) ^ 2
3.818793607313825 * (sin(2.0x) + 1.0x) ^ 2
12.649085805251781 * (sin(2.0x) + 1.0x) ^ 2
5.14521877886152 * (sin(2.0x) + 1.0x) ^ 2
1.4639145758044974 * (sin(2.0x) + 1.0x) ^ 2
9.577613386697843 * (sin(2.0x) + 1.0x) ^ 2
10.241081516347226 * (sin(2.0x) + 1.0x) ^ 2
12.965481041277142 * (sin(2.0x) + 1.0x) ^ 2
0.8527568453463676 * (sin(2.0x) + 1.0x) ^ 2
11.15298632241255 * (sin(2.0x) + 1.0x) ^ 2
6.260928783189775 * (sin(2.0x) + 1.0x) ^ 2
11.711093790169192 * (sin(2.0x) + 1.0x) ^ 2
11.724139277274942 * (sin(2.0x) + 1.0x) ^ 2
9.433145214047414 * (sin(2.0x) + 1.0x) ^ 2
6.1868314069335995 * (sin(2.0x) + 1.0x) ^ 2
11.587287251104568 * (sin(2.0x) + 1.0x) ^ 2
14.256591663668063 * (sin(2.0x) + 1.0x) ^ 2
10.628110624237214 * (sin(2.0x) + 1.0x) ^ 2
8.512525164494248 * (sin(2.0x) + 1.0x) ^ 2
10.093085046361736 * (sin(2.0x) + 1.0x) ^ 2
4.349105947000196 * (sin(2.0x) + 1.0x) ^ 2
3.64716261261988 * (sin(2.0x) + 1.0x) ^ 2
7.372330048922662 * (sin(2.0x) + 1.0x) ^ 2
10.418876723837016 * (sin(2.0x) + 1.0x) ^ 2
0.7445729619922876 * (sin(2.0x) + 1.0x) ^ 2
9.584400302061201 * (sin(2.0x) + 1.0x) ^ 2
10.507774890841052 * (sin(2.0x) + 1.0x) ^ 2
11.907451895055376 * (sin(2.0x) + 1.0x) ^ 2
7.1466245821007615 * (sin(2.0x) + 1.0x) ^ 2
11.95958174314723 * (sin(2.0x) + 1.0x) ^ 2
6.96399253956176 * (sin(2.0x) + 1.0x) ^ 2
13.013440066362019 * (sin(2.0x) + 1.0x) ^ 2
2.863930042687978 * (sin(2.0x) + 1.0x) ^ 2
6.556404402934103 * (sin(2.0x) + 1.0x) ^ 2
11.35094235939382 * (sin(2.0x) + 1.0x) ^ 2
1.7671023275562086 * (sin(2.0x) + 1.0x) ^ 2
1.2743564269077945 * (sin(2.0x) + 1.0x) ^ 2
10.882547173131947 * (sin(2.0x) + 1.0x) ^ 2
11.446776846317977 * (sin(2.0x) + 1.0x) ^ 2
5.285781792951421 * (sin(2.0x) + 1.0x) ^ 2
5.026786656728237 * (sin(2.0x) + 1.0x) ^ 2
12.040914711865607 * (sin(2.0x) + 1.0x) ^ 2
1.5770191329362433 * (sin(2.0x) + 1.0x) ^ 2
4.8846404544362185 * (sin(2.0x) + 1.0x) ^ 2
8.539157712227253 * (sin(2.0x) + 1.0x) ^ 2
10.081793331829608 * (sin(2.0x) + 1.0x) ^ 2
2.3924240516064508 * (sin(2.0x) + 1.0x) ^ 2
5.397430023665838 * (sin(2.0x) + 1.0x) ^ 2
10.091662106149817 * (sin(2.0x) + 1.0x) ^ 2
8.09659602495142 * (sin(2.0x) + 1.0x) ^ 2
9.055888509577152 * (sin(2.0x) + 1.0x) ^ 2
11.346307375155622 * (sin(2.0x) + 1.0x) ^ 2
6.0281069318558025 * (sin(2.0x) + 1.0x) ^ 2
5.44305673880499 * (sin(2.0x) + 1.0x) ^ 2
12.586887777018626 * (sin(2.0x) + 1.0x) ^ 2
3.7182355567494 * (sin(2.0x) + 1.0x) ^ 2
4.659492967332323 * (sin(2.0x) + 1.0x) ^ 2
4.513336156237779 * (sin(2.0x) + 1.0x) ^ 2
6.879097695941847 * (sin(2.0x) + 1.0x) ^ 2
4.350701473292919 * (sin(2.0x) + 1.0x) ^ 2
6.543943318505157 * (sin(2.0x) + 1.0x) ^ 2
1.3748208928862142 * (sin(2.0x) + 1.0x) ^ 2
13.612891138794609 * (sin(2.0x) + 1.0x) ^ 2
8.828058036871438 * (sin(2.0x) + 1.0x) ^ 2
3.682763052900771 * (sin(2.0x) + 1.0x) ^ 2
11.556813840154344 * (sin(2.0x) + 1.0x) ^ 2
12.05201744349323 * (sin(2.0x) + 1.0x) ^ 2
10.367247447721368 * (sin(2.0x) + 1.0x) ^ 2
5.900498832008147 * (sin(2.0x) + 1.0x) ^ 2
10.960348347532882 * (sin(2.0x) + 1.0x) ^ 2
8.85269941254467 * (sin(2.0x) + 1.0x) ^ 2
8.36653134245049 * (sin(2.0x) + 1.0x) ^ 2
1.920461940970407 * (sin(2.0x) + 1.0x) ^ 2
3.7591036351972495 * (sin(2.0x) + 1.0x) ^ 2
5.199319524898614 * (sin(2.0x) + 1.0x) ^ 2
7.721971127100084 * (sin(2.0x) + 1.0x) ^ 2
5.180895999065947 * (sin(2.0x) + 1.0x) ^ 2
3.01076460851695 * (sin(2.0x) + 1.0x) ^ 2
7.050661494013218 * (sin(2.0x) + 1.0x) ^ 2
7.560251602623657 * (sin(2.0x) + 1.0x) ^ 2
5.88239525235199 * (sin(2.0x) + 1.0x) ^ 2
8.022916874371994 * (sin(2.0x) + 1.0x) ^ 2
2.8404687651863094 * (sin(2.0x) + 1.0x) ^ 2
5.153811905605172 * (sin(2.0x) + 1.0x) ^ 2
9.47965334986221 * (sin(2.0x) + 1.0x) ^ 2
1.337180778094457 * (sin(2.0x) + 1.0x) ^ 2
2.160818110668349 * (sin(2.0x) + 1.0x) ^ 2
3.07316101831547 * (sin(2.0x) + 1.0x) ^ 2
3.537013376700133 * (sin(2.0x) + 1.0x) ^ 2
5.124193905065284 * (sin(2.0x) + 1.0x) ^ 2
4.009783378471723 * (sin(2.0x) + 1.0x) ^ 2
3.7141316125788797 * (sin(2.0x) + 1.0x) ^ 2
10.307285142538856 * (sin(2.0x) + 1.0x) ^ 2
6.889060734168302 * (sin(2.0x) + 1.0x) ^ 2
4.067580638938491 * (sin(2.0x) + 1.0x) ^ 2
8.517087987426752 * (sin(2.0x) + 1.0x) ^ 2
8.943114163583083 * (sin(2.0x) + 1.0x) ^ 2
7.798891298875446 * (sin(2.0x) + 1.0x) ^ 2
6.180778136953817 * (sin(2.0x) + 1.0x) ^ 2
7.624738287131748 * (sin(2.0x) + 1.0x) ^ 2
6.270760726629747 * (sin(2.0x) + 1.0x) ^ 2
6.355337882630007 * (sin(2.0x) + 1.0x) ^ 2
7.112244008693687 * (sin(2.0x) + 1.0x) ^ 2
6.781115939759479 * (sin(2.0x) + 1.0x) ^ 2
0.0460847513661221 * (sin(2.0x) + 1.0x) ^ 2
5.9135206144078465 * (sin(2.0x) + 1.0x) ^ 2
10.278434634475186 * (sin(2.0x) + 1.0x) ^ 2
4.560444360955836 * (sin(2.0x) + 1.0x) ^ 2
3.30850704421079 * (sin(2.0x) + 1.0x) ^ 2
9.666212761698956 * (sin(2.0x) + 1.0x) ^ 2
2.6034628981926793 * (sin(2.0x) + 1.0x) ^ 2
3.0491806859528814 * (sin(2.0x) + 1.0x) ^ 2
3.073006359150868 * (sin(2.0x) + 1.0x) ^ 2
8.341814495874276 * (sin(2.0x) + 1.0x) ^ 2
5.487061022047395 * (sin(2.0x) + 1.0x) ^ 2
5.342419163865721 * (sin(2.0x) + 1.0x) ^ 2
4.644480049500601 * (sin(2.0x) + 1.0x) ^ 2
5.933473493837889 * (sin(2.0x) + 1.0x) ^ 2
1.7228601838887379 * (sin(2.0x) + 1.0x) ^ 2
9.222944545663665 * (sin(2.0x) + 1.0x) ^ 2
4.592053610134466 * (sin(2.0x) + 1.0x) ^ 2
8.8270616451102 * (sin(2.0x) + 1.0x) ^ 2
5.357064598834127 * (sin(2.0x) + 1.0x) ^ 2
6.964160214526696 * (sin(2.0x) + 1.0x) ^ 2
8.249347877157204 * (sin(2.0x) + 1.0x) ^ 2
4.961449611588989 * (sin(2.0x) + 1.0x) ^ 2
5.022909911633785 * (sin(2.0x) + 1.0x) ^ 2
5.405271231658477 * (sin(2.0x) + 1.0x) ^ 2
9.579584710242566 * (sin(2.0x) + 1.0x) ^ 2
2.4045656324878153 * (sin(2.0x) + 1.0x) ^ 2
5.100920921974238 * (sin(2.0x) + 1.0x) ^ 2
5.947221578717604 * (sin(2.0x) + 1.0x) ^ 2
8.629795360486357 * (sin(2.0x) + 1.0x) ^ 2
5.181606944563059 * (sin(2.0x) + 1.0x) ^ 2
10.529777985326398 * (sin(2.0x) + 1.0x) ^ 2
15.78950987546667 * (sin(2.0x) + 1.0x) ^ 2
8.58412106033947 * (sin(2.0x) + 1.0x) ^ 2
11.69678873625622 * (sin(2.0x) + 1.0x) ^ 2
13.818291535616593 * (sin(2.0x) + 1.0x) ^ 2
1.458527973934934 * (sin(2.0x) + 1.0x) ^ 2
8.532932204736486 * (sin(2.0x) + 1.0x) ^ 2
11.174080228807554 * (sin(2.0x) + 1.0x) ^ 2
8.08574814813237 * (sin(2.0x) + 1.0x) ^ 2
4.120199026914165 * (sin(2.0x) + 1.0x) ^ 2
9.834793177491305 * (sin(2.0x) + 1.0x) ^ 2
7.59640789981283 * (sin(2.0x) + 1.0x) ^ 2
10.931924102507095 * (sin(2.0x) + 1.0x) ^ 2
12.000373602105798 * (sin(2.0x) + 1.0x) ^ 2
9.502060738908321 * (sin(2.0x) + 1.0x) ^ 2
5.4130857923507065 * (sin(2.0x) + 1.0x) ^ 2
6.1001564434659565 * (sin(2.0x) + 1.0x) ^ 2
8.333803862839428 * (sin(2.0x) + 1.0x) ^ 2
12.382210326416903 * (sin(2.0x) + 1.0x) ^ 2
3.8887649031468947 * (sin(2.0x) + 1.0x) ^ 2
5.873448290923583 * (sin(2.0x) + 1.0x) ^ 2
8.821311244862212 * (sin(2.0x) + 1.0x) ^ 2
9.523758434554445 * (sin(2.0x) + 1.0x) ^ 2
15.552246825528568 * (sin(2.0x) + 1.0x) ^ 2
3.8592849695785376 * (sin(2.0x) + 1.0x) ^ 2
12.140830835341623 * (sin(2.0x) + 1.0x) ^ 2
5.905779994893515 * (sin(2.0x) + 1.0x) ^ 2
14.898714103368484 * (sin(2.0x) + 1.0x) ^ 2
8.006629017726652 * (sin(2.0x) + 1.0x) ^ 2
4.583480687740587 * (sin(2.0x) + 1.0x) ^ 2
10.128181026859874 * (sin(2.0x) + 1.0x) ^ 2
15.289308252661325 * (sin(2.0x) + 1.0x) ^ 2
7.978927871646177 * (sin(2.0x) + 1.0x) ^ 2
11.135602920034005 * (sin(2.0x) + 1.0x) ^ 2
13.387987751760173 * (sin(2.0x) + 1.0x) ^ 2
0.8304367337238174 * (sin(2.0x) + 1.0x) ^ 2
8.223836013278587 * (sin(2.0x) + 1.0x) ^ 2
10.920748970491651 * (sin(2.0x) + 1.0x) ^ 2
7.598801295236164 * (sin(2.0x) + 1.0x) ^ 2
3.492377640561827 * (sin(2.0x) + 1.0x) ^ 2
9.743655263566366 * (sin(2.0x) + 1.0x) ^ 2
7.010568041869094 * (sin(2.0x) + 1.0x) ^ 2
10.361472318582162 * (sin(2.0x) + 1.0x) ^ 2
11.409405754237552 * (sin(2.0x) + 1.0x) ^ 2
9.039036639820752 * (sin(2.0x) + 1.0x) ^ 2
4.7997704277464885 * (sin(2.0x) + 1.0x) ^ 2
5.645781717399962 * (sin(2.0x) + 1.0x) ^ 2
7.708396830179316 * (sin(2.0x) + 1.0x) ^ 2
12.22810426960954 * (sin(2.0x) + 1.0x) ^ 2
3.682210448121607 * (sin(2.0x) + 1.0x) ^ 2
5.245714068079945 * (sin(2.0x) + 1.0x) ^ 2
8.69859662038504 * (sin(2.0x) + 1.0x) ^ 2
9.40512794766844 * (sin(2.0x) + 1.0x) ^ 2
15.072746237768905 * (sin(2.0x) + 1.0x) ^ 2
3.259011294725603 * (sin(2.0x) + 1.0x) ^ 2
11.821550627318585 * (sin(2.0x) + 1.0x) ^ 2
5.6570264345783 * (sin(2.0x) + 1.0x) ^ 2
14.359275837770234 * (sin(2.0x) + 1.0x) ^ 2
5.167925745426336 * (sin(2.0x) + 1.0x) ^ 2
2.7423873765514806 * (sin(2.0x) + 1.0x) ^ 2
9.464362747044097 * (sin(2.0x) + 1.0x) ^ 2
13.668219682557314 * (sin(2.0x) + 1.0x) ^ 2
4.631114190485714 * (sin(2.0x) + 1.0x) ^ 2
9.07572879670947 * (sin(2.0x) + 1.0x) ^ 2
12.363009488645542 * (sin(2.0x) + 1.0x) ^ 2
2.5762282543526696 * (sin(2.0x) + 1.0x) ^ 2
8.31687773403688 * (sin(2.0x) + 1.0x) ^ 2
11.150776288877175 * (sin(2.0x) + 1.0x) ^ 2
6.486619102276143 * (sin(2.0x) + 1.0x) ^ 2
1.1690346221087462 * (sin(2.0x) + 1.0x) ^ 2
10.888315321732334 * (sin(2.0x) + 1.0x) ^ 2
4.913742674717677 * (sin(2.0x) + 1.0x) ^ 2
8.231997464107328 * (sin(2.0x) + 1.0x) ^ 2
9.000739831797908 * (sin(2.0x) + 1.0x) ^ 2
7.991007732262239 * (sin(2.0x) + 1.0x) ^ 2
1.4798526854776022 * (sin(2.0x) + 1.0x) ^ 2
5.108659305116408 * (sin(2.0x) + 1.0x) ^ 2
4.484138503122342 * (sin(2.0x) + 1.0x) ^ 2
12.939958703348529 * (sin(2.0x) + 1.0x) ^ 2
5.098459219774988 * (sin(2.0x) + 1.0x) ^ 2
2.1974059248030606 * (sin(2.0x) + 1.0x) ^ 2
9.758110804776269 * (sin(2.0x) + 1.0x) ^ 2
10.437421166946834 * (sin(2.0x) + 1.0x) ^ 2
13.62397638125082 * (sin(2.0x) + 1.0x) ^ 2
0.1148007280864803 * (sin(2.0x) + 1.0x) ^ 2
11.610496030094383 * (sin(2.0x) + 1.0x) ^ 2
6.423216305396464 * (sin(2.0x) + 1.0x) ^ 2
12.418164902984637 * (sin(2.0x) + 1.0x) ^ 2
9.737663925308789 * (sin(2.0x) + 1.0x) ^ 2
10.721451161182893 * (sin(2.0x) + 1.0x) ^ 2
4.592457774030298 * (sin(2.0x) + 1.0x) ^ 2
2.2998375732740373 * (sin(2.0x) + 1.0x) ^ 2
12.990367270507816 * (sin(2.0x) + 1.0x) ^ 2
5.4239922943261485 * (sin(2.0x) + 1.0x) ^ 2
1.2420854156651029 * (sin(2.0x) + 1.0x) ^ 2
14.009007747582418 * (sin(2.0x) + 1.0x) ^ 2
7.057577295979034 * (sin(2.0x) + 1.0x) ^ 2
5.943651174074447 * (sin(2.0x) + 1.0x) ^ 2
7.060959645792097 * (sin(2.0x) + 1.0x) ^ 2
12.325023902856705 * (sin(2.0x) + 1.0x) ^ 2
9.004011163676825 * (sin(2.0x) + 1.0x) ^ 2
8.68358819821629 * (sin(2.0x) + 1.0x) ^ 2
6.1342520059614145 * (sin(2.0x) + 1.0x) ^ 2
6.611826705416119 * (sin(2.0x) + 1.0x) ^ 2
5.565581311342138 * (sin(2.0x) + 1.0x) ^ 2
12.839415848609434 * (sin(2.0x) + 1.0x) ^ 2
8.936774507209014 * (sin(2.0x) + 1.0x) ^ 2
11.550240480246389 * (sin(2.0x) + 1.0x) ^ 2
7.4911862845828106 * (sin(2.0x) + 1.0x) ^ 2
11.502068863813578 * (sin(2.0x) + 1.0x) ^ 2
11.787781204600378 * (sin(2.0x) + 1.0x) ^ 2
8.890459571658843 * (sin(2.0x) + 1.0x) ^ 2
8.686775720368434 * (sin(2.0x) + 1.0x) ^ 2
1.4628234738438224 * (sin(2.0x) + 1.0x) ^ 2
13.532911075541167 * (sin(2.0x) + 1.0x) ^ 2
4.29901601153087 * (sin(2.0x) + 1.0x) ^ 2
9.645317829885688 * (sin(2.0x) + 1.0x) ^ 2
3.752721604250095 * (sin(2.0x) + 1.0x) ^ 2
2.7602758025303618 * (sin(2.0x) + 1.0x) ^ 2
6.319432262692236 * (sin(2.0x) + 1.0x) ^ 2
7.747752353409013 * (sin(2.0x) + 1.0x) ^ 2
7.985332539025647 * (sin(2.0x) + 1.0x) ^ 2
4.799832087928042 * (sin(2.0x) + 1.0x) ^ 2
3.6716169201854427 * (sin(2.0x) + 1.0x) ^ 2
8.531223251767987 * (sin(2.0x) + 1.0x) ^ 2
9.940913813531687 * (sin(2.0x) + 1.0x) ^ 2
8.940907246729072 * (sin(2.0x) + 1.0x) ^ 2
10.762144966830615 * (sin(2.0x) + 1.0x) ^ 2
5.962367073843224 * (sin(2.0x) + 1.0x) ^ 2
7.3018758347391035 * (sin(2.0x) + 1.0x) ^ 2
12.548947939116939 * (sin(2.0x) + 1.0x) ^ 2
4.298889791400394 * (sin(2.0x) + 1.0x) ^ 2
3.19477749583646 * (sin(2.0x) + 1.0x) ^ 2
2.4295722976248295 * (sin(2.0x) + 1.0x) ^ 2
6.277872828436805 * (sin(2.0x) + 1.0x) ^ 2
6.538863341461781 * (sin(2.0x) + 1.0x) ^ 2
7.1743148960392205 * (sin(2.0x) + 1.0x) ^ 2
3.758905457147611 * (sin(2.0x) + 1.0x) ^ 2
13.080525377964165 * (sin(2.0x) + 1.0x) ^ 2
9.932206177700914 * (sin(2.0x) + 1.0x) ^ 2
5.686371646243315 * (sin(2.0x) + 1.0x) ^ 2
11.634814865553018 * (sin(2.0x) + 1.0x) ^ 2
12.015639577428695 * (sin(2.0x) + 1.0x) ^ 2
8.383378982386088 * (sin(2.0x) + 1.0x) ^ 2
7.995623217343901 * (sin(2.0x) + 1.0x) ^ 2
10.041837169767865 * (sin(2.0x) + 1.0x) ^ 2
9.4597198119976 * (sin(2.0x) + 1.0x) ^ 2
6.166287503539449 * (sin(2.0x) + 1.0x) ^ 2
3.4857892532094508 * (sin(2.0x) + 1.0x) ^ 2
6.96332039796345 * (sin(2.0x) + 1.0x) ^ 2
7.714103481123278 * (sin(2.0x) + 1.0x) ^ 2
7.38732535812429 * (sin(2.0x) + 1.0x) ^ 2
5.592172109027357 * (sin(2.0x) + 1.0x) ^ 2
3.374827676428809 * (sin(2.0x) + 1.0x) ^ 2
8.176805536546462 * (sin(2.0x) + 1.0x) ^ 2
10.641655642656241 * (sin(2.0x) + 1.0x) ^ 2
9.119832586688318 * (sin(2.0x) + 1.0x) ^ 2
10.758285942824209 * (sin(2.0x) + 1.0x) ^ 2
6.225718995490414 * (sin(2.0x) + 1.0x) ^ 2
8.020214025547325 * (sin(2.0x) + 1.0x) ^ 2
12.71224079454129 * (sin(2.0x) + 1.0x) ^ 2
4.813276247850876 * (sin(2.0x) + 1.0x) ^ 2
3.0767239223491134 * (sin(2.0x) + 1.0x) ^ 2
1.9993888411623701 * (sin(2.0x) + 1.0x) ^ 2
6.350899237917371 * (sin(2.0x) + 1.0x) ^ 2
7.31844976248079 * (sin(2.0x) + 1.0x) ^ 2
7.608121781804994 * (sin(2.0x) + 1.0x) ^ 2
4.565411127035995 * (sin(2.0x) + 1.0x) ^ 2
13.073896873907504 * (sin(2.0x) + 1.0x) ^ 2
10.454396476421934 * (sin(2.0x) + 1.0x) ^ 2
6.442566667732721 * (sin(2.0x) + 1.0x) ^ 2
11.843157551934253 * (sin(2.0x) + 1.0x) ^ 2
12.183920948838189 * (sin(2.0x) + 1.0x) ^ 2
7.837918155390876 * (sin(2.0x) + 1.0x) ^ 2
8.75459754420223 * (sin(2.0x) + 1.0x) ^ 2
9.925167986321025 * (sin(2.0x) + 1.0x) ^ 2
9.851056090310582 * (sin(2.0x) + 1.0x) ^ 2
5.527846096215343 * (sin(2.0x) + 1.0x) ^ 2
10.465997734374419 * (sin(2.0x) + 1.0x) ^ 2
6.882539569526653 * (sin(2.0x) + 1.0x) ^ 2
11.240369480081837 * (sin(2.0x) + 1.0x) ^ 2
16.848689925843594 * (sin(2.0x) + 1.0x) ^ 2
10.678310070821949 * (sin(2.0x) + 1.0x) ^ 2
13.091288721697387 * (sin(2.0x) + 1.0x) ^ 2
14.591810548062371 * (sin(2.0x) + 1.0x) ^ 2
3.489860659035846 * (sin(2.0x) + 1.0x) ^ 2
8.950568678836484 * (sin(2.0x) + 1.0x) ^ 2
11.31273200244444 * (sin(2.0x) + 1.0x) ^ 2
9.199880047651039 * (sin(2.0x) + 1.0x) ^ 2
6.076431085397122 * (sin(2.0x) + 1.0x) ^ 2
9.44094003455147 * (sin(2.0x) + 1.0x) ^ 2
9.177544582575244 * (sin(2.0x) + 1.0x) ^ 2
12.383781415800224 * (sin(2.0x) + 1.0x) ^ 2
13.561329285318315 * (sin(2.0x) + 1.0x) ^ 2
10.48221745123543 * (sin(2.0x) + 1.0x) ^ 2
7.49075518319936 * (sin(2.0x) + 1.0x) ^ 2
7.159322417743565 * (sin(2.0x) + 1.0x) ^ 2
10.343162215537689 * (sin(2.0x) + 1.0x) ^ 2
12.143263049048967 * (sin(2.0x) + 1.0x) ^ 2
4.32407254498283 * (sin(2.0x) + 1.0x) ^ 2
7.857497908767775 * (sin(2.0x) + 1.0x) ^ 2
8.570144482785174 * (sin(2.0x) + 1.0x) ^ 2
9.23376470164032 * (sin(2.0x) + 1.0x) ^ 2
16.51930264454174 * (sin(2.0x) + 1.0x) ^ 2
5.964354308897747 * (sin(2.0x) + 1.0x) ^ 2
12.50287975258509 * (sin(2.0x) + 1.0x) ^ 2
6.249804387448592 * (sin(2.0x) + 1.0x) ^ 2
16.153688880993524 * (sin(2.0x) + 1.0x) ^ 2
3.062709278348224 * (sin(2.0x) + 1.0x) ^ 2
2.7576801478354787 * (sin(2.0x) + 1.0x) ^ 2
8.916535852287282 * (sin(2.0x) + 1.0x) ^ 2
12.191617751573283 * (sin(2.0x) + 1.0x) ^ 2
2.4063086686606168 * (sin(2.0x) + 1.0x) ^ 2
7.428016944044132 * (sin(2.0x) + 1.0x) ^ 2
11.375887086042535 * (sin(2.0x) + 1.0x) ^ 2
4.884584281309077 * (sin(2.0x) + 1.0x) ^ 2
8.437452686998832 * (sin(2.0x) + 1.0x) ^ 2
11.15571317395843 * (sin(2.0x) + 1.0x) ^ 2
5.904539147377593 * (sin(2.0x) + 1.0x) ^ 2
2.385148787531524 * (sin(2.0x) + 1.0x) ^ 2
11.550615061843677 * (sin(2.0x) + 1.0x) ^ 2
3.6919013169229604 * (sin(2.0x) + 1.0x) ^ 2
6.573705206082193 * (sin(2.0x) + 1.0x) ^ 2
7.071364804862984 * (sin(2.0x) + 1.0x) ^ 2
7.269835847604217 * (sin(2.0x) + 1.0x) ^ 2
0.9577492181716426 * (sin(2.0x) + 1.0x) ^ 2
5.277679620149544 * (sin(2.0x) + 1.0x) ^ 2
2.0640267030708332 * (sin(2.0x) + 1.0x) ^ 2
13.203044397325614 * (sin(2.0x) + 1.0x) ^ 2
6.508019833515896 * (sin(2.0x) + 1.0x) ^ 2
0.8359313960193324 * (sin(2.0x) + 1.0x) ^ 2
10.430145089876993 * (sin(2.0x) + 1.0x) ^ 2
11.04824609972738 * (sin(2.0x) + 1.0x) ^ 2
12.275855290435144 * (sin(2.0x) + 1.0x) ^ 2
2.5323223424946497 * (sin(2.0x) + 1.0x) ^ 2
11.268176521388142 * (sin(2.0x) + 1.0x) ^ 2
7.236816851613992 * (sin(2.0x) + 1.0x) ^ 2
10.738389240325686 * (sin(2.0x) + 1.0x) ^ 2
11.913874601253575 * (sin(2.0x) + 1.0x) ^ 2
9.524798330334923 * (sin(2.0x) + 1.0x) ^ 2
6.528004346067284 * (sin(2.0x) + 1.0x) ^ 2
11.97342842227262 * (sin(2.0x) + 1.0x) ^ 2
14.386789600165645 * (sin(2.0x) + 1.0x) ^ 2
10.938148481798414 * (sin(2.0x) + 1.0x) ^ 2
8.902428723089082 * (sin(2.0x) + 1.0x) ^ 2
10.030945462417664 * (sin(2.0x) + 1.0x) ^ 2
4.604627643775299 * (sin(2.0x) + 1.0x) ^ 2
4.039478861075239 * (sin(2.0x) + 1.0x) ^ 2
7.601505039947694 * (sin(2.0x) + 1.0x) ^ 2
10.459585789131248 * (sin(2.0x) + 1.0x) ^ 2
1.0599241100706274 * (sin(2.0x) + 1.0x) ^ 2
9.771441163200487 * (sin(2.0x) + 1.0x) ^ 2
10.796896927425152 * (sin(2.0x) + 1.0x) ^ 2
12.2031765221669 * (sin(2.0x) + 1.0x) ^ 2
7.437326155637473 * (sin(2.0x) + 1.0x) ^ 2
12.025093445322035 * (sin(2.0x) + 1.0x) ^ 2
7.0954753187444375 * (sin(2.0x) + 1.0x) ^ 2
13.165410292958827 * (sin(2.0x) + 1.0x) ^ 2
3.2241392580229773 * (sin(2.0x) + 1.0x) ^ 2
6.51174984143517 * (sin(2.0x) + 1.0x) ^ 2
11.445965115116152 * (sin(2.0x) + 1.0x) ^ 2
1.9333488345241607 * (sin(2.0x) + 1.0x) ^ 2
1.554173232392803 * (sin(2.0x) + 1.0x) ^ 2
11.272650973167936 * (sin(2.0x) + 1.0x) ^ 2
11.461625203585836 * (sin(2.0x) + 1.0x) ^ 2
5.680621101280399 * (sin(2.0x) + 1.0x) ^ 2
5.078519182867722 * (sin(2.0x) + 1.0x) ^ 2
12.4061782941645 * (sin(2.0x) + 1.0x) ^ 2
7.28577970019978 * (sin(2.0x) + 1.0x) ^ 2
7.326296880322702 * (sin(2.0x) + 1.0x) ^ 2
0.860999017498113 * (sin(2.0x) + 1.0x) ^ 2
5.10421580329464 * (sin(2.0x) + 1.0x) ^ 2
10.515570731885761 * (sin(2.0x) + 1.0x) ^ 2
4.2213963360769435 * (sin(2.0x) + 1.0x) ^ 2
2.519886350278436 * (sin(2.0x) + 1.0x) ^ 2
10.361139422963392 * (sin(2.0x) + 1.0x) ^ 2
3.417957271900129 * (sin(2.0x) + 1.0x) ^ 2
3.457812409251075 * (sin(2.0x) + 1.0x) ^ 2
3.581223614668737 * (sin(2.0x) + 1.0x) ^ 2
8.910733212743093 * (sin(2.0x) + 1.0x) ^ 2
6.134602360541058 * (sin(2.0x) + 1.0x) ^ 2
5.678455720679311 * (sin(2.0x) + 1.0x) ^ 2
4.451241502790336 * (sin(2.0x) + 1.0x) ^ 2
5.631441010157269 * (sin(2.0x) + 1.0x) ^ 2
2.09657561239844 * (sin(2.0x) + 1.0x) ^ 2
9.687328934574786 * (sin(2.0x) + 1.0x) ^ 2
5.2728919164169925 * (sin(2.0x) + 1.0x) ^ 2
9.051529408945742 * (sin(2.0x) + 1.0x) ^ 2
5.6930851817195265 * (sin(2.0x) + 1.0x) ^ 2
7.750681909707724 * (sin(2.0x) + 1.0x) ^ 2
8.684171542119675 * (sin(2.0x) + 1.0x) ^ 2
5.690068417079061 * (sin(2.0x) + 1.0x) ^ 2
5.6956399432045135 * (sin(2.0x) + 1.0x) ^ 2
4.586493796797504 * (sin(2.0x) + 1.0x) ^ 2
10.14488600992061 * (sin(2.0x) + 1.0x) ^ 2
2.4149354820230755 * (sin(2.0x) + 1.0x) ^ 2
5.910467982313442 * (sin(2.0x) + 1.0x) ^ 2
5.229080074054347 * (sin(2.0x) + 1.0x) ^ 2
5.855136821519666 * (sin(2.0x) + 1.0x) ^ 2
2.971865556461847 * (sin(2.0x) + 1.0x) ^ 2
9.519215237623094 * (sin(2.0x) + 1.0x) ^ 2
14.02516385866275 * (sin(2.0x) + 1.0x) ^ 2
5.509562519923569 * (sin(2.0x) + 1.0x) ^ 2
9.53731442329929 * (sin(2.0x) + 1.0x) ^ 2
12.543647702419216 * (sin(2.0x) + 1.0x) ^ 2
1.7023048416931899 * (sin(2.0x) + 1.0x) ^ 2
8.149969965397325 * (sin(2.0x) + 1.0x) ^ 2
10.981943978677041 * (sin(2.0x) + 1.0x) ^ 2
6.624189734843823 * (sin(2.0x) + 1.0x) ^ 2
1.4189011990760076 * (sin(2.0x) + 1.0x) ^ 2
10.4870919303485 * (sin(2.0x) + 1.0x) ^ 2
5.333155779846761 * (sin(2.0x) + 1.0x) ^ 2
8.708566076435565 * (sin(2.0x) + 1.0x) ^ 2
9.570780072558055 * (sin(2.0x) + 1.0x) ^ 2
8.136425284959916 * (sin(2.0x) + 1.0x) ^ 2
2.341833615390401 * (sin(2.0x) + 1.0x) ^ 2
5.033452975989943 * (sin(2.0x) + 1.0x) ^ 2
5.312551497209642 * (sin(2.0x) + 1.0x) ^ 2
12.661244503448419 * (sin(2.0x) + 1.0x) ^ 2
4.5253712003219455 * (sin(2.0x) + 1.0x) ^ 2
2.929907054711912 * (sin(2.0x) + 1.0x) ^ 2
9.366490529124508 * (sin(2.0x) + 1.0x) ^ 2
10.059408811785389 * (sin(2.0x) + 1.0x) ^ 2
13.931359931861673 * (sin(2.0x) + 1.0x) ^ 2
0.7923776081257871 * (sin(2.0x) + 1.0x) ^ 2
11.562163980101284 * (sin(2.0x) + 1.0x) ^ 2
6.044443423866686 * (sin(2.0x) + 1.0x) ^ 2
12.86294332193681 * (sin(2.0x) + 1.0x) ^ 2
4.5100207815214235 * (sin(2.0x) + 1.0x) ^ 2
6.510080145490977 * (sin(2.0x) + 1.0x) ^ 2
4.352797529478963 * (sin(2.0x) + 1.0x) ^ 2
4.820114307287128 * (sin(2.0x) + 1.0x) ^ 2
7.693159923454488 * (sin(2.0x) + 1.0x) ^ 2
0.2211707913432893 * (sin(2.0x) + 1.0x) ^ 2
4.748447258186875 * (sin(2.0x) + 1.0x) ^ 2
10.258191229629473 * (sin(2.0x) + 1.0x) ^ 2
6.228041264522677 * (sin(2.0x) + 1.0x) ^ 2
7.392598826187373 * (sin(2.0x) + 1.0x) ^ 2
3.9217971456769427 * (sin(2.0x) + 1.0x) ^ 2
8.007424609222232 * (sin(2.0x) + 1.0x) ^ 2
9.669316779905657 * (sin(2.0x) + 1.0x) ^ 2
4.092259718320338 * (sin(2.0x) + 1.0x) ^ 2
0.8183200684753613 * (sin(2.0x) + 1.0x) ^ 2
1.605569559374554 * (sin(2.0x) + 1.0x) ^ 2
3.3304044578679015 * (sin(2.0x) + 1.0x) ^ 2
8.054351500315875 * (sin(2.0x) + 1.0x) ^ 2
5.859995839722731 * (sin(2.0x) + 1.0x) ^ 2
6.28660337912137 * (sin(2.0x) + 1.0x) ^ 2
9.68321829686822 * (sin(2.0x) + 1.0x) ^ 2
8.9011064875507 * (sin(2.0x) + 1.0x) ^ 2
6.999134103235788 * (sin(2.0x) + 1.0x) ^ 2
8.943900449792395 * (sin(2.0x) + 1.0x) ^ 2
9.164391008192744 * (sin(2.0x) + 1.0x) ^ 2
4.980224096731497 * (sin(2.0x) + 1.0x) ^ 2
9.084894242119951 * (sin(2.0x) + 1.0x) ^ 2
6.4278360058540045 * (sin(2.0x) + 1.0x) ^ 2
7.7037344951520685 * (sin(2.0x) + 1.0x) ^ 2
3.4401433591617807 * (sin(2.0x) + 1.0x) ^ 2
8.299223814337772 * (sin(2.0x) + 1.0x) ^ 2
4.7426559954395 * (sin(2.0x) + 1.0x) ^ 2
9.752828714561275 * (sin(2.0x) + 1.0x) ^ 2
15.102580087288773 * (sin(2.0x) + 1.0x) ^ 2
8.571713297439159 * (sin(2.0x) + 1.0x) ^ 2
11.11846144146931 * (sin(2.0x) + 1.0x) ^ 2
13.059867776690396 * (sin(2.0x) + 1.0x) ^ 2
1.4238479831271897 * (sin(2.0x) + 1.0x) ^ 2
7.709527902354363 * (sin(2.0x) + 1.0x) ^ 2
10.333873390482916 * (sin(2.0x) + 1.0x) ^ 2
7.3957806356540905 * (sin(2.0x) + 1.0x) ^ 2
3.906781857400399 * (sin(2.0x) + 1.0x) ^ 2
8.998586314454947 * (sin(2.0x) + 1.0x) ^ 2
7.095351174899347 * (sin(2.0x) + 1.0x) ^ 2
10.376728899419346 * (sin(2.0x) + 1.0x) ^ 2
11.499415455646973 * (sin(2.0x) + 1.0x) ^ 2
8.780475616973844 * (sin(2.0x) + 1.0x) ^ 2
5.3775383315136605 * (sin(2.0x) + 1.0x) ^ 2
5.381952025190341 * (sin(2.0x) + 1.0x) ^ 2
8.178164200071286 * (sin(2.0x) + 1.0x) ^ 2
11.5371484164195 * (sin(2.0x) + 1.0x) ^ 2
3.046542768416813 * (sin(2.0x) + 1.0x) ^ 2
5.689342134107976 * (sin(2.0x) + 1.0x) ^ 2
7.97908386365521 * (sin(2.0x) + 1.0x) ^ 2
8.682335072008769 * (sin(2.0x) + 1.0x) ^ 2
14.84027376013334 * (sin(2.0x) + 1.0x) ^ 2
3.908484174139422 * (sin(2.0x) + 1.0x) ^ 2
11.31850265914709 * (sin(2.0x) + 1.0x) ^ 2
5.067943565900811 * (sin(2.0x) + 1.0x) ^ 2
14.272446985208266 * (sin(2.0x) + 1.0x) ^ 2
9.284195604304038 * (sin(2.0x) + 1.0x) ^ 2
6.569780137930739 * (sin(2.0x) + 1.0x) ^ 2
5.481109880220995 * (sin(2.0x) + 1.0x) ^ 2
11.421760493772721 * (sin(2.0x) + 1.0x) ^ 2
11.50740859817652 * (sin(2.0x) + 1.0x) ^ 2
9.21604362063901 * (sin(2.0x) + 1.0x) ^ 2
8.60703197711044 * (sin(2.0x) + 1.0x) ^ 2
7.057853236156976 * (sin(2.0x) + 1.0x) ^ 2
2.9395779461337685 * (sin(2.0x) + 1.0x) ^ 2
4.454143739306254 * (sin(2.0x) + 1.0x) ^ 2
5.330034467087613 * (sin(2.0x) + 1.0x) ^ 2
7.424161335540979 * (sin(2.0x) + 1.0x) ^ 2
2.6160100034247686 * (sin(2.0x) + 1.0x) ^ 2
7.1636258643468995 * (sin(2.0x) + 1.0x) ^ 2
8.872880187708303 * (sin(2.0x) + 1.0x) ^ 2
10.300931971002633 * (sin(2.0x) + 1.0x) ^ 2
5.700797656720462 * (sin(2.0x) + 1.0x) ^ 2
9.014134749537929 * (sin(2.0x) + 1.0x) ^ 2
4.301022968185354 * (sin(2.0x) + 1.0x) ^ 2
10.363612737271799 * (sin(2.0x) + 1.0x) ^ 2
5.183490244557151 * (sin(2.0x) + 1.0x) ^ 2
3.5124784745763877 * (sin(2.0x) + 1.0x) ^ 2
8.488754085030624 * (sin(2.0x) + 1.0x) ^ 2
1.598030964176267 * (sin(2.0x) + 1.0x) ^ 2
2.2932242296901726 * (sin(2.0x) + 1.0x) ^ 2
10.868555765147645 * (sin(2.0x) + 1.0x) ^ 2
8.414882742934385 * (sin(2.0x) + 1.0x) ^ 2
5.87326580979716 * (sin(2.0x) + 1.0x) ^ 2
2.0864058043005875 * (sin(2.0x) + 1.0x) ^ 2
11.379486530436438 * (sin(2.0x) + 1.0x) ^ 2
10.103803468880741 * (sin(2.0x) + 1.0x) ^ 2
8.034995940389674 * (sin(2.0x) + 1.0x) ^ 2
4.556596160523847 * (sin(2.0x) + 1.0x) ^ 2
10.167735644636938 * (sin(2.0x) + 1.0x) ^ 2
12.742822919999117 * (sin(2.0x) + 1.0x) ^ 2
8.942520135559258 * (sin(2.0x) + 1.0x) ^ 2
7.149935979321726 * (sin(2.0x) + 1.0x) ^ 2
9.189263656326892 * (sin(2.0x) + 1.0x) ^ 2
2.6653988421631363 * (sin(2.0x) + 1.0x) ^ 2
2.442848817327981 * (sin(2.0x) + 1.0x) ^ 2
