2023/11/29
gurobi is now 11.0.0
previous version was 10.0.2
solving instance uflp nlass gunluk ../../../../../instances/uflp/gunluk/gunluk-20-40-8.txt sinabc2
The latest version of Julia in the `1.10` channel is 1.10.6+0.x64.linux.gnu. You currently have `1.10.5+0.x64.linux.gnu` installed. Run:

  juliaup update

in your terminal shell to install Julia 1.10.6+0.x64.linux.gnu and update the `1.10` channel to that version.
reading gunluk data file ../../../../../instances/uflp/gunluk/gunluk-20-40-8.txt
2.7031449196624937 * (sin(5.0x) + 5.0x) ^ 2
2.4187467541844665 * (sin(5.0x) + 5.0x) ^ 2
2.5594831581333937 * (sin(5.0x) + 5.0x) ^ 2
1.901805050296496 * (sin(5.0x) + 5.0x) ^ 2
3.0849428261103653 * (sin(5.0x) + 5.0x) ^ 2
1.9033269140911868 * (sin(5.0x) + 5.0x) ^ 2
3.1313424124351474 * (sin(5.0x) + 5.0x) ^ 2
1.1732632840078039 * (sin(5.0x) + 5.0x) ^ 2
0.587542238261645 * (sin(5.0x) + 5.0x) ^ 2
3.8672313904925306 * (sin(5.0x) + 5.0x) ^ 2
3.1543338815489586 * (sin(5.0x) + 5.0x) ^ 2
2.5264250127482906 * (sin(5.0x) + 5.0x) ^ 2
2.579521085159887 * (sin(5.0x) + 5.0x) ^ 2
3.2069514409090227 * (sin(5.0x) + 5.0x) ^ 2
2.9869498687887996 * (sin(5.0x) + 5.0x) ^ 2
1.3702756573995563 * (sin(5.0x) + 5.0x) ^ 2
1.7168372925681374 * (sin(5.0x) + 5.0x) ^ 2
2.433796432629436 * (sin(5.0x) + 5.0x) ^ 2
0.809846114758962 * (sin(5.0x) + 5.0x) ^ 2
2.4798287234051504 * (sin(5.0x) + 5.0x) ^ 2
2.087412742887076 * (sin(5.0x) + 5.0x) ^ 2
2.266685595731522 * (sin(5.0x) + 5.0x) ^ 2
1.7769768817613378 * (sin(5.0x) + 5.0x) ^ 2
1.3001772423272453 * (sin(5.0x) + 5.0x) ^ 2
2.1092275534692977 * (sin(5.0x) + 5.0x) ^ 2
0.793181244993932 * (sin(5.0x) + 5.0x) ^ 2
2.3195948314799706 * (sin(5.0x) + 5.0x) ^ 2
0.8995702654894023 * (sin(5.0x) + 5.0x) ^ 2
1.0372738800200836 * (sin(5.0x) + 5.0x) ^ 2
3.219167036637629 * (sin(5.0x) + 5.0x) ^ 2
2.39689165466713 * (sin(5.0x) + 5.0x) ^ 2
1.9925363061310413 * (sin(5.0x) + 5.0x) ^ 2
2.752430354019981 * (sin(5.0x) + 5.0x) ^ 2
2.267505206484076 * (sin(5.0x) + 5.0x) ^ 2
2.483451132848706 * (sin(5.0x) + 5.0x) ^ 2
0.3708326360506879 * (sin(5.0x) + 5.0x) ^ 2
1.5267148017327818 * (sin(5.0x) + 5.0x) ^ 2
1.5619946558300983 * (sin(5.0x) + 5.0x) ^ 2
0.33135455726707014 * (sin(5.0x) + 5.0x) ^ 2
2.778672308244942 * (sin(5.0x) + 5.0x) ^ 2
1.3925926488213793 * (sin(5.0x) + 5.0x) ^ 2
1.361804954522069 * (sin(5.0x) + 5.0x) ^ 2
1.261708037202063 * (sin(5.0x) + 5.0x) ^ 2
0.5870962708003329 * (sin(5.0x) + 5.0x) ^ 2
1.8799899939917777 * (sin(5.0x) + 5.0x) ^ 2
1.1288523322767436 * (sin(5.0x) + 5.0x) ^ 2
1.8299752177742634 * (sin(5.0x) + 5.0x) ^ 2
0.15704554311981483 * (sin(5.0x) + 5.0x) ^ 2
0.8057965947979113 * (sin(5.0x) + 5.0x) ^ 2
2.559806934488961 * (sin(5.0x) + 5.0x) ^ 2
1.8420576439254963 * (sin(5.0x) + 5.0x) ^ 2
1.2313782621319624 * (sin(5.0x) + 5.0x) ^ 2
1.8643019881335117 * (sin(5.0x) + 5.0x) ^ 2
1.9659861021295901 * (sin(5.0x) + 5.0x) ^ 2
1.7111575515521928 * (sin(5.0x) + 5.0x) ^ 2
0.6895465780690567 * (sin(5.0x) + 5.0x) ^ 2
0.6177784205871618 * (sin(5.0x) + 5.0x) ^ 2
1.185608912417409 * (sin(5.0x) + 5.0x) ^ 2
0.9694592536138619 * (sin(5.0x) + 5.0x) ^ 2
1.9235213253296548 * (sin(5.0x) + 5.0x) ^ 2
0.632673749015537 * (sin(5.0x) + 5.0x) ^ 2
0.43854914406519396 * (sin(5.0x) + 5.0x) ^ 2
1.0601768837129655 * (sin(5.0x) + 5.0x) ^ 2
1.0033959615127301 * (sin(5.0x) + 5.0x) ^ 2
1.7787492806275047 * (sin(5.0x) + 5.0x) ^ 2
2.1028714132549955 * (sin(5.0x) + 5.0x) ^ 2
1.2678909954603574 * (sin(5.0x) + 5.0x) ^ 2
1.5110962815767728 * (sin(5.0x) + 5.0x) ^ 2
2.0393969044317553 * (sin(5.0x) + 5.0x) ^ 2
1.4091064578395092 * (sin(5.0x) + 5.0x) ^ 2
1.1306162341086254 * (sin(5.0x) + 5.0x) ^ 2
0.4603291865683399 * (sin(5.0x) + 5.0x) ^ 2
1.1997675180456107 * (sin(5.0x) + 5.0x) ^ 2
1.7022244196426555 * (sin(5.0x) + 5.0x) ^ 2
0.48083193108605693 * (sin(5.0x) + 5.0x) ^ 2
1.9563622464621417 * (sin(5.0x) + 5.0x) ^ 2
0.9070789585614039 * (sin(5.0x) + 5.0x) ^ 2
1.3063255792760398 * (sin(5.0x) + 5.0x) ^ 2
2.3860023712028933 * (sin(5.0x) + 5.0x) ^ 2
1.461537735103023 * (sin(5.0x) + 5.0x) ^ 2
2.0642087023576696 * (sin(5.0x) + 5.0x) ^ 2
1.0325524107152844 * (sin(5.0x) + 5.0x) ^ 2
2.402146592841107 * (sin(5.0x) + 5.0x) ^ 2
1.9795094300711908 * (sin(5.0x) + 5.0x) ^ 2
3.1697210008576056 * (sin(5.0x) + 5.0x) ^ 2
3.0342767432787214 * (sin(5.0x) + 5.0x) ^ 2
2.717570664459442 * (sin(5.0x) + 5.0x) ^ 2
1.9207958003062946 * (sin(5.0x) + 5.0x) ^ 2
2.019054965867921 * (sin(5.0x) + 5.0x) ^ 2
2.73188608066335 * (sin(5.0x) + 5.0x) ^ 2
2.5875377450536834 * (sin(5.0x) + 5.0x) ^ 2
1.8450941792859563 * (sin(5.0x) + 5.0x) ^ 2
0.28062230730314 * (sin(5.0x) + 5.0x) ^ 2
3.125649175575493 * (sin(5.0x) + 5.0x) ^ 2
1.9023945404047236 * (sin(5.0x) + 5.0x) ^ 2
2.643718264297278 * (sin(5.0x) + 5.0x) ^ 2
1.3994152198438379 * (sin(5.0x) + 5.0x) ^ 2
2.5718507652094735 * (sin(5.0x) + 5.0x) ^ 2
2.7444121619041764 * (sin(5.0x) + 5.0x) ^ 2
0.04612272272013896 * (sin(5.0x) + 5.0x) ^ 2
0.7171121784360992 * (sin(5.0x) + 5.0x) ^ 2
0.32996534857453885 * (sin(5.0x) + 5.0x) ^ 2
1.1203946067695039 * (sin(5.0x) + 5.0x) ^ 2
0.9916837979872801 * (sin(5.0x) + 5.0x) ^ 2
1.8555137648290576 * (sin(5.0x) + 5.0x) ^ 2
2.1076758318759414 * (sin(5.0x) + 5.0x) ^ 2
1.362936008873941 * (sin(5.0x) + 5.0x) ^ 2
1.4509602960741823 * (sin(5.0x) + 5.0x) ^ 2
1.9593136299853036 * (sin(5.0x) + 5.0x) ^ 2
1.519702968408179 * (sin(5.0x) + 5.0x) ^ 2
1.231444148721879 * (sin(5.0x) + 5.0x) ^ 2
0.5224722904445637 * (sin(5.0x) + 5.0x) ^ 2
1.103487566913206 * (sin(5.0x) + 5.0x) ^ 2
1.7876494500959401 * (sin(5.0x) + 5.0x) ^ 2
0.5931575231977272 * (sin(5.0x) + 5.0x) ^ 2
1.9316543073488142 * (sin(5.0x) + 5.0x) ^ 2
0.8288257572953662 * (sin(5.0x) + 5.0x) ^ 2
1.3527167147694272 * (sin(5.0x) + 5.0x) ^ 2
2.3368788780996788 * (sin(5.0x) + 5.0x) ^ 2
1.358834480321624 * (sin(5.0x) + 5.0x) ^ 2
0.8547741299251524 * (sin(5.0x) + 5.0x) ^ 2
1.5251165984650927 * (sin(5.0x) + 5.0x) ^ 2
0.4543808846867248 * (sin(5.0x) + 5.0x) ^ 2
0.4916986750389561 * (sin(5.0x) + 5.0x) ^ 2
0.9444613932990553 * (sin(5.0x) + 5.0x) ^ 2
0.8559073651312119 * (sin(5.0x) + 5.0x) ^ 2
0.9949934578293989 * (sin(5.0x) + 5.0x) ^ 2
1.091844390848942 * (sin(5.0x) + 5.0x) ^ 2
1.7289258375746266 * (sin(5.0x) + 5.0x) ^ 2
1.909019120955729 * (sin(5.0x) + 5.0x) ^ 2
1.0703398087615599 * (sin(5.0x) + 5.0x) ^ 2
0.8662750908858733 * (sin(5.0x) + 5.0x) ^ 2
2.2654120416737924 * (sin(5.0x) + 5.0x) ^ 2
1.037617829659162 * (sin(5.0x) + 5.0x) ^ 2
1.3018164718897869 * (sin(5.0x) + 5.0x) ^ 2
0.9569879833752425 * (sin(5.0x) + 5.0x) ^ 2
1.1135933758522136 * (sin(5.0x) + 5.0x) ^ 2
0.2580127835455138 * (sin(5.0x) + 5.0x) ^ 2
1.5799124773954445 * (sin(5.0x) + 5.0x) ^ 2
2.4331261044965187 * (sin(5.0x) + 5.0x) ^ 2
1.454477735747588 * (sin(5.0x) + 5.0x) ^ 2
1.607842892976224 * (sin(5.0x) + 5.0x) ^ 2
1.2206497591167518 * (sin(5.0x) + 5.0x) ^ 2
0.6416887113425419 * (sin(5.0x) + 5.0x) ^ 2
1.7368176036362977 * (sin(5.0x) + 5.0x) ^ 2
0.8288496380831469 * (sin(5.0x) + 5.0x) ^ 2
1.7902419270628254 * (sin(5.0x) + 5.0x) ^ 2
0.40001961107565054 * (sin(5.0x) + 5.0x) ^ 2
0.9454439671889231 * (sin(5.0x) + 5.0x) ^ 2
2.612033955680543 * (sin(5.0x) + 5.0x) ^ 2
1.8335629983583694 * (sin(5.0x) + 5.0x) ^ 2
1.3353414773428098 * (sin(5.0x) + 5.0x) ^ 2
2.157999526303933 * (sin(5.0x) + 5.0x) ^ 2
1.850758814907623 * (sin(5.0x) + 5.0x) ^ 2
1.8267373088428165 * (sin(5.0x) + 5.0x) ^ 2
0.39357799072234434 * (sin(5.0x) + 5.0x) ^ 2
0.8928862398651779 * (sin(5.0x) + 5.0x) ^ 2
1.0764139073955998 * (sin(5.0x) + 5.0x) ^ 2
0.8243210956976719 * (sin(5.0x) + 5.0x) ^ 2
2.2272429386622417 * (sin(5.0x) + 5.0x) ^ 2
1.107123705220324 * (sin(5.0x) + 5.0x) ^ 2
1.7286849503232558 * (sin(5.0x) + 5.0x) ^ 2
1.4189588802323339 * (sin(5.0x) + 5.0x) ^ 2
1.927278242912133 * (sin(5.0x) + 5.0x) ^ 2
1.6064297741650906 * (sin(5.0x) + 5.0x) ^ 2
2.6914974073611804 * (sin(5.0x) + 5.0x) ^ 2
1.0052773604833898 * (sin(5.0x) + 5.0x) ^ 2
2.629505756007452 * (sin(5.0x) + 5.0x) ^ 2
3.2416004625607813 * (sin(5.0x) + 5.0x) ^ 2
0.09598431291065779 * (sin(5.0x) + 5.0x) ^ 2
0.8474004660551777 * (sin(5.0x) + 5.0x) ^ 2
1.2748365104842407 * (sin(5.0x) + 5.0x) ^ 2
2.3562007553614004 * (sin(5.0x) + 5.0x) ^ 2
1.4096153331219001 * (sin(5.0x) + 5.0x) ^ 2
0.8546065356793159 * (sin(5.0x) + 5.0x) ^ 2
2.805725275432789 * (sin(5.0x) + 5.0x) ^ 2
2.149262759523728 * (sin(5.0x) + 5.0x) ^ 2
1.6876973742600492 * (sin(5.0x) + 5.0x) ^ 2
3.380367806509466 * (sin(5.0x) + 5.0x) ^ 2
2.653524946441265 * (sin(5.0x) + 5.0x) ^ 2
0.9904124338965294 * (sin(5.0x) + 5.0x) ^ 2
1.0000937046933847 * (sin(5.0x) + 5.0x) ^ 2
0.9548881200245911 * (sin(5.0x) + 5.0x) ^ 2
0.2804153964827293 * (sin(5.0x) + 5.0x) ^ 2
1.6666985928117986 * (sin(5.0x) + 5.0x) ^ 2
1.2852037047217493 * (sin(5.0x) + 5.0x) ^ 2
1.4969460686627174 * (sin(5.0x) + 5.0x) ^ 2
0.5469961406432847 * (sin(5.0x) + 5.0x) ^ 2
1.167027513924585 * (sin(5.0x) + 5.0x) ^ 2
2.1510847861364866 * (sin(5.0x) + 5.0x) ^ 2
1.480608987676058 * (sin(5.0x) + 5.0x) ^ 2
0.8113808496069761 * (sin(5.0x) + 5.0x) ^ 2
1.6174697374895002 * (sin(5.0x) + 5.0x) ^ 2
1.7127230676604528 * (sin(5.0x) + 5.0x) ^ 2
1.2849683899440638 * (sin(5.0x) + 5.0x) ^ 2
0.9945963773630706 * (sin(5.0x) + 5.0x) ^ 2
0.36606749169644176 * (sin(5.0x) + 5.0x) ^ 2
0.9692855019407455 * (sin(5.0x) + 5.0x) ^ 2
1.388570285965997 * (sin(5.0x) + 5.0x) ^ 2
1.7366197732131932 * (sin(5.0x) + 5.0x) ^ 2
2.110064371872329 * (sin(5.0x) + 5.0x) ^ 2
2.3539845738465903 * (sin(5.0x) + 5.0x) ^ 2
1.771663319045432 * (sin(5.0x) + 5.0x) ^ 2
1.3463532743693147 * (sin(5.0x) + 5.0x) ^ 2
2.049129425897337 * (sin(5.0x) + 5.0x) ^ 2
0.6941571814520909 * (sin(5.0x) + 5.0x) ^ 2
2.2992661733009045 * (sin(5.0x) + 5.0x) ^ 2
1.0170534023520283 * (sin(5.0x) + 5.0x) ^ 2
1.1888079941272542 * (sin(5.0x) + 5.0x) ^ 2
3.2232066051643606 * (sin(5.0x) + 5.0x) ^ 2
2.3874162661179534 * (sin(5.0x) + 5.0x) ^ 2
2.0312466790707213 * (sin(5.0x) + 5.0x) ^ 2
2.866846940386403 * (sin(5.0x) + 5.0x) ^ 2
2.2162304819998684 * (sin(5.0x) + 5.0x) ^ 2
2.5194046056125954 * (sin(5.0x) + 5.0x) ^ 2
0.3862349817765775 * (sin(5.0x) + 5.0x) ^ 2
1.625134479986085 * (sin(5.0x) + 5.0x) ^ 2
1.5394820201958335 * (sin(5.0x) + 5.0x) ^ 2
0.46043148907500975 * (sin(5.0x) + 5.0x) ^ 2
2.9030730276949557 * (sin(5.0x) + 5.0x) ^ 2
0.5431921724192589 * (sin(5.0x) + 5.0x) ^ 2
1.3856654145372445 * (sin(5.0x) + 5.0x) ^ 2
0.8361919697333313 * (sin(5.0x) + 5.0x) ^ 2
1.354501125578322 * (sin(5.0x) + 5.0x) ^ 2
1.1693215045001808 * (sin(5.0x) + 5.0x) ^ 2
2.1160000012886937 * (sin(5.0x) + 5.0x) ^ 2
0.5309452751609962 * (sin(5.0x) + 5.0x) ^ 2
2.0724122774366327 * (sin(5.0x) + 5.0x) ^ 2
2.6999246343083256 * (sin(5.0x) + 5.0x) ^ 2
0.6353343753867028 * (sin(5.0x) + 5.0x) ^ 2
0.34318004148276265 * (sin(5.0x) + 5.0x) ^ 2
0.7468575835942801 * (sin(5.0x) + 5.0x) ^ 2
2.119987815368814 * (sin(5.0x) + 5.0x) ^ 2
1.0071360686280564 * (sin(5.0x) + 5.0x) ^ 2
0.4877721122756726 * (sin(5.0x) + 5.0x) ^ 2
2.218353202042087 * (sin(5.0x) + 5.0x) ^ 2
1.6484775183392573 * (sin(5.0x) + 5.0x) ^ 2
1.1134821299988935 * (sin(5.0x) + 5.0x) ^ 2
2.7976056423004665 * (sin(5.0x) + 5.0x) ^ 2
2.3967622015800045 * (sin(5.0x) + 5.0x) ^ 2
1.3615418515837925 * (sin(5.0x) + 5.0x) ^ 2
0.8395844244451999 * (sin(5.0x) + 5.0x) ^ 2
1.4664288534821515 * (sin(5.0x) + 5.0x) ^ 2
0.8404832868303653 * (sin(5.0x) + 5.0x) ^ 2
2.2117016051799046 * (sin(5.0x) + 5.0x) ^ 2
1.7741583534603163 * (sin(5.0x) + 5.0x) ^ 2
1.96153766309513 * (sin(5.0x) + 5.0x) ^ 2
0.6568677293755353 * (sin(5.0x) + 5.0x) ^ 2
0.9929161188088114 * (sin(5.0x) + 5.0x) ^ 2
2.4409608388484005 * (sin(5.0x) + 5.0x) ^ 2
1.907294268759212 * (sin(5.0x) + 5.0x) ^ 2
1.1334165110043875 * (sin(5.0x) + 5.0x) ^ 2
1.1962976444541211 * (sin(5.0x) + 5.0x) ^ 2
2.2381366079740865 * (sin(5.0x) + 5.0x) ^ 2
1.5083307015651897 * (sin(5.0x) + 5.0x) ^ 2
1.3658883620779874 * (sin(5.0x) + 5.0x) ^ 2
0.2425649571221167 * (sin(5.0x) + 5.0x) ^ 2
1.524165681718109 * (sin(5.0x) + 5.0x) ^ 2
1.5391590161524678 * (sin(5.0x) + 5.0x) ^ 2
1.2476828537763958 * (sin(5.0x) + 5.0x) ^ 2
1.7759414334594372 * (sin(5.0x) + 5.0x) ^ 2
0.7729187113157754 * (sin(5.0x) + 5.0x) ^ 2
2.0717548121535114 * (sin(5.0x) + 5.0x) ^ 2
1.6049421722706592 * (sin(5.0x) + 5.0x) ^ 2
2.8442899690658354 * (sin(5.0x) + 5.0x) ^ 2
2.644362470200562 * (sin(5.0x) + 5.0x) ^ 2
2.433850088718487 * (sin(5.0x) + 5.0x) ^ 2
1.5309977782544377 * (sin(5.0x) + 5.0x) ^ 2
1.67102402355838 * (sin(5.0x) + 5.0x) ^ 2
2.5722205772390847 * (sin(5.0x) + 5.0x) ^ 2
2.319707777690064 * (sin(5.0x) + 5.0x) ^ 2
1.5455920920191784 * (sin(5.0x) + 5.0x) ^ 2
0.3776531362470891 * (sin(5.0x) + 5.0x) ^ 2
2.8163215183284502 * (sin(5.0x) + 5.0x) ^ 2
1.684014656777545 * (sin(5.0x) + 5.0x) ^ 2
2.251399529122115 * (sin(5.0x) + 5.0x) ^ 2
1.0120140765531445 * (sin(5.0x) + 5.0x) ^ 2
2.2208212709471105 * (sin(5.0x) + 5.0x) ^ 2
2.3683689157725047 * (sin(5.0x) + 5.0x) ^ 2
0.3640863311534119 * (sin(5.0x) + 5.0x) ^ 2
0.37611038310867156 * (sin(5.0x) + 5.0x) ^ 2
1.3841511905250103 * (sin(5.0x) + 5.0x) ^ 2
0.5177974360784834 * (sin(5.0x) + 5.0x) ^ 2
1.102173724694211 * (sin(5.0x) + 5.0x) ^ 2
0.907252480292821 * (sin(5.0x) + 5.0x) ^ 2
1.792082917582026 * (sin(5.0x) + 5.0x) ^ 2
0.3113145582159233 * (sin(5.0x) + 5.0x) ^ 2
1.835737556297192 * (sin(5.0x) + 5.0x) ^ 2
2.4775212603095698 * (sin(5.0x) + 5.0x) ^ 2
0.9374751189580989 * (sin(5.0x) + 5.0x) ^ 2
0.1819211084461159 * (sin(5.0x) + 5.0x) ^ 2
0.6144043103154498 * (sin(5.0x) + 5.0x) ^ 2
2.1602236069107974 * (sin(5.0x) + 5.0x) ^ 2
0.7794242105239688 * (sin(5.0x) + 5.0x) ^ 2
0.6074713754430691 * (sin(5.0x) + 5.0x) ^ 2
1.9168252913070862 * (sin(5.0x) + 5.0x) ^ 2
1.4900725664698555 * (sin(5.0x) + 5.0x) ^ 2
0.7885635976199667 * (sin(5.0x) + 5.0x) ^ 2
2.512378795524284 * (sin(5.0x) + 5.0x) ^ 2
2.4165543847924904 * (sin(5.0x) + 5.0x) ^ 2
2.2988265752741213 * (sin(5.0x) + 5.0x) ^ 2
2.2422668409565394 * (sin(5.0x) + 5.0x) ^ 2
2.0761952981048006 * (sin(5.0x) + 5.0x) ^ 2
1.4785935141148447 * (sin(5.0x) + 5.0x) ^ 2
2.5255615228568975 * (sin(5.0x) + 5.0x) ^ 2
1.2907137305984568 * (sin(5.0x) + 5.0x) ^ 2
2.6431876655531386 * (sin(5.0x) + 5.0x) ^ 2
0.8406010517935332 * (sin(5.0x) + 5.0x) ^ 2
0.6297492616638515 * (sin(5.0x) + 5.0x) ^ 2
3.4630523198497816 * (sin(5.0x) + 5.0x) ^ 2
2.6911129597179966 * (sin(5.0x) + 5.0x) ^ 2
2.1571964190693746 * (sin(5.0x) + 5.0x) ^ 2
2.5889139500869693 * (sin(5.0x) + 5.0x) ^ 2
2.663549875046526 * (sin(5.0x) + 5.0x) ^ 2
2.642425953686193 * (sin(5.0x) + 5.0x) ^ 2
0.7735135693331792 * (sin(5.0x) + 5.0x) ^ 2
1.4887824570823094 * (sin(5.0x) + 5.0x) ^ 2
1.9102742733042595 * (sin(5.0x) + 5.0x) ^ 2
0.21172254632264947 * (sin(5.0x) + 5.0x) ^ 2
2.560489486221303 * (sin(5.0x) + 5.0x) ^ 2
1.9350627856985225 * (sin(5.0x) + 5.0x) ^ 2
2.6627416674881585 * (sin(5.0x) + 5.0x) ^ 2
1.456761646907589 * (sin(5.0x) + 5.0x) ^ 2
1.5608737501443262 * (sin(5.0x) + 5.0x) ^ 2
1.2221239406561981 * (sin(5.0x) + 5.0x) ^ 2
0.5922715902530656 * (sin(5.0x) + 5.0x) ^ 2
1.7473186272463042 * (sin(5.0x) + 5.0x) ^ 2
1.802956741782 * (sin(5.0x) + 5.0x) ^ 2
2.261480433900543 * (sin(5.0x) + 5.0x) ^ 2
2.7587277323934436 * (sin(5.0x) + 5.0x) ^ 2
1.907959494105046 * (sin(5.0x) + 5.0x) ^ 2
1.9987188274608991 * (sin(5.0x) + 5.0x) ^ 2
3.373256549506865 * (sin(5.0x) + 5.0x) ^ 2
1.4321449324232778 * (sin(5.0x) + 5.0x) ^ 2
2.3842182536071683 * (sin(5.0x) + 5.0x) ^ 2
1.1483422355768191 * (sin(5.0x) + 5.0x) ^ 2
2.1368672872440766 * (sin(5.0x) + 5.0x) ^ 2
1.1677351989973723 * (sin(5.0x) + 5.0x) ^ 2
1.667500297557666 * (sin(5.0x) + 5.0x) ^ 2
3.508627245397299 * (sin(5.0x) + 5.0x) ^ 2
0.8878403946423296 * (sin(5.0x) + 5.0x) ^ 2
1.0486452287046073 * (sin(5.0x) + 5.0x) ^ 2
1.356648369572313 * (sin(5.0x) + 5.0x) ^ 2
1.60094349424713 * (sin(5.0x) + 5.0x) ^ 2
1.8691974906005449 * (sin(5.0x) + 5.0x) ^ 2
2.5944351697830674 * (sin(5.0x) + 5.0x) ^ 2
1.2394610043593646 * (sin(5.0x) + 5.0x) ^ 2
2.200954518215532 * (sin(5.0x) + 5.0x) ^ 2
2.7507257562686664 * (sin(5.0x) + 5.0x) ^ 2
0.8405978354495559 * (sin(5.0x) + 5.0x) ^ 2
1.0531163589671295 * (sin(5.0x) + 5.0x) ^ 2
0.9129565997810867 * (sin(5.0x) + 5.0x) ^ 2
1.6152679832363828 * (sin(5.0x) + 5.0x) ^ 2
1.7211195314464673 * (sin(5.0x) + 5.0x) ^ 2
0.43776390786793146 * (sin(5.0x) + 5.0x) ^ 2
2.557328812701317 * (sin(5.0x) + 5.0x) ^ 2
1.6191564058994365 * (sin(5.0x) + 5.0x) ^ 2
1.6483149237945771 * (sin(5.0x) + 5.0x) ^ 2
3.0475521505941052 * (sin(5.0x) + 5.0x) ^ 2
1.914677460801572 * (sin(5.0x) + 5.0x) ^ 2
2.2304588551553706 * (sin(5.0x) + 5.0x) ^ 2
1.2023894276583138 * (sin(5.0x) + 5.0x) ^ 2
2.5908496042471416 * (sin(5.0x) + 5.0x) ^ 2
2.197421746802066 * (sin(5.0x) + 5.0x) ^ 2
3.352682744404825 * (sin(5.0x) + 5.0x) ^ 2
3.2637290560807277 * (sin(5.0x) + 5.0x) ^ 2
2.876774641591151 * (sin(5.0x) + 5.0x) ^ 2
2.1575538476945493 * (sin(5.0x) + 5.0x) ^ 2
2.2478208598919287 * (sin(5.0x) + 5.0x) ^ 2
2.817872192171637 * (sin(5.0x) + 5.0x) ^ 2
2.7380987697205006 * (sin(5.0x) + 5.0x) ^ 2
2.019640532445996 * (sin(5.0x) + 5.0x) ^ 2
0.41241533022907856 * (sin(5.0x) + 5.0x) ^ 2
3.2986718434497804 * (sin(5.0x) + 5.0x) ^ 2
2.031371567809606 * (sin(5.0x) + 5.0x) ^ 2
2.8791024127526073 * (sin(5.0x) + 5.0x) ^ 2
1.6278099358333005 * (sin(5.0x) + 5.0x) ^ 2
2.7727666051709723 * (sin(5.0x) + 5.0x) ^ 2
2.979966920013278 * (sin(5.0x) + 5.0x) ^ 2
0.2737965652076737 * (sin(5.0x) + 5.0x) ^ 2
0.9005889304779658 * (sin(5.0x) + 5.0x) ^ 2
1.8986288456108666 * (sin(5.0x) + 5.0x) ^ 2
0.5237769084775378 * (sin(5.0x) + 5.0x) ^ 2
1.164379045019493 * (sin(5.0x) + 5.0x) ^ 2
0.25289312584906054 * (sin(5.0x) + 5.0x) ^ 2
1.340470447546448 * (sin(5.0x) + 5.0x) ^ 2
0.4683437672337393 * (sin(5.0x) + 5.0x) ^ 2
1.8421631060572545 * (sin(5.0x) + 5.0x) ^ 2
2.484015962772501 * (sin(5.0x) + 5.0x) ^ 2
1.474531092432876 * (sin(5.0x) + 5.0x) ^ 2
0.6442787487707726 * (sin(5.0x) + 5.0x) ^ 2
1.0841405267303126 * (sin(5.0x) + 5.0x) ^ 2
2.6879943717734913 * (sin(5.0x) + 5.0x) ^ 2
0.2813745611691482 * (sin(5.0x) + 5.0x) ^ 2
1.2779389528682032 * (sin(5.0x) + 5.0x) ^ 2
1.6462750805920112 * (sin(5.0x) + 5.0x) ^ 2
1.7388651439033946 * (sin(5.0x) + 5.0x) ^ 2
0.5003623061960468 * (sin(5.0x) + 5.0x) ^ 2
2.2903286215469993 * (sin(5.0x) + 5.0x) ^ 2
2.910413785629482 * (sin(5.0x) + 5.0x) ^ 2
1.6302814935421228 * (sin(5.0x) + 5.0x) ^ 2
1.029985690312185 * (sin(5.0x) + 5.0x) ^ 2
1.7249931130277627 * (sin(5.0x) + 5.0x) ^ 2
1.07681650455315 * (sin(5.0x) + 5.0x) ^ 2
2.4600541327417322 * (sin(5.0x) + 5.0x) ^ 2
1.9124738645207038 * (sin(5.0x) + 5.0x) ^ 2
2.228316408363186 * (sin(5.0x) + 5.0x) ^ 2
0.7101699918419723 * (sin(5.0x) + 5.0x) ^ 2
0.8445560208654962 * (sin(5.0x) + 5.0x) ^ 2
2.700543117182394 * (sin(5.0x) + 5.0x) ^ 2
2.1759685794872508 * (sin(5.0x) + 5.0x) ^ 2
1.401431382625383 * (sin(5.0x) + 5.0x) ^ 2
1.2157852808944363 * (sin(5.0x) + 5.0x) ^ 2
2.4946699313647844 * (sin(5.0x) + 5.0x) ^ 2
1.764688047529239 * (sin(5.0x) + 5.0x) ^ 2
1.4515147176652847 * (sin(5.0x) + 5.0x) ^ 2
0.5091997420307075 * (sin(5.0x) + 5.0x) ^ 2
1.7654901219877948 * (sin(5.0x) + 5.0x) ^ 2
1.508728389120172 * (sin(5.0x) + 5.0x) ^ 2
1.2003271265993636 * (sin(5.0x) + 5.0x) ^ 2
1.795177604308623 * (sin(5.0x) + 5.0x) ^ 2
1.82740839200443 * (sin(5.0x) + 5.0x) ^ 2
1.5744880080716777 * (sin(5.0x) + 5.0x) ^ 2
0.9756065629032235 * (sin(5.0x) + 5.0x) ^ 2
2.0661002465871245 * (sin(5.0x) + 5.0x) ^ 2
0.9793941714606118 * (sin(5.0x) + 5.0x) ^ 2
2.143766238491601 * (sin(5.0x) + 5.0x) ^ 2
0.4304666292795311 * (sin(5.0x) + 5.0x) ^ 2
0.6904503190105283 * (sin(5.0x) + 5.0x) ^ 2
2.9579421795505936 * (sin(5.0x) + 5.0x) ^ 2
2.1870021208410177 * (sin(5.0x) + 5.0x) ^ 2
1.6607510933844896 * (sin(5.0x) + 5.0x) ^ 2
2.281328407197419 * (sin(5.0x) + 5.0x) ^ 2
2.190299846453275 * (sin(5.0x) + 5.0x) ^ 2
2.1492916085475815 * (sin(5.0x) + 5.0x) ^ 2
0.4246628730763259 * (sin(5.0x) + 5.0x) ^ 2
1.0758498664039533 * (sin(5.0x) + 5.0x) ^ 2
1.422906928079139 * (sin(5.0x) + 5.0x) ^ 2
0.5029391849303712 * (sin(5.0x) + 5.0x) ^ 2
2.3052859125292477 * (sin(5.0x) + 5.0x) ^ 2
1.4982541681496966 * (sin(5.0x) + 5.0x) ^ 2
2.1159760651097423 * (sin(5.0x) + 5.0x) ^ 2
1.0530553617305276 * (sin(5.0x) + 5.0x) ^ 2
1.0003309165965808 * (sin(5.0x) + 5.0x) ^ 2
1.146722903873725 * (sin(5.0x) + 5.0x) ^ 2
0.24952111360469864 * (sin(5.0x) + 5.0x) ^ 2
1.4884184036065549 * (sin(5.0x) + 5.0x) ^ 2
1.250262880740388 * (sin(5.0x) + 5.0x) ^ 2
1.765430652814591 * (sin(5.0x) + 5.0x) ^ 2
2.4771861523486844 * (sin(5.0x) + 5.0x) ^ 2
1.6128549440169113 * (sin(5.0x) + 5.0x) ^ 2
1.5149371980277737 * (sin(5.0x) + 5.0x) ^ 2
2.807258549221079 * (sin(5.0x) + 5.0x) ^ 2
1.3255368564188466 * (sin(5.0x) + 5.0x) ^ 2
1.9484221565884103 * (sin(5.0x) + 5.0x) ^ 2
0.6898466389885578 * (sin(5.0x) + 5.0x) ^ 2
1.5623946368882982 * (sin(5.0x) + 5.0x) ^ 2
0.7675918934935082 * (sin(5.0x) + 5.0x) ^ 2
1.3100053445726185 * (sin(5.0x) + 5.0x) ^ 2
2.9356667470880615 * (sin(5.0x) + 5.0x) ^ 2
0.7053650250465966 * (sin(5.0x) + 5.0x) ^ 2
1.497616096488506 * (sin(5.0x) + 5.0x) ^ 2
0.9882054902689333 * (sin(5.0x) + 5.0x) ^ 2
1.518245114755311 * (sin(5.0x) + 5.0x) ^ 2
1.2470337772281492 * (sin(5.0x) + 5.0x) ^ 2
2.262593902120106 * (sin(5.0x) + 5.0x) ^ 2
0.6150914655023685 * (sin(5.0x) + 5.0x) ^ 2
2.235171291937987 * (sin(5.0x) + 5.0x) ^ 2
2.8609805889497517 * (sin(5.0x) + 5.0x) ^ 2
0.47299223471071133 * (sin(5.0x) + 5.0x) ^ 2
0.43811980656239996 * (sin(5.0x) + 5.0x) ^ 2
0.9022608838541765 * (sin(5.0x) + 5.0x) ^ 2
2.208673223054058 * (sin(5.0x) + 5.0x) ^ 2
1.0683518419938025 * (sin(5.0x) + 5.0x) ^ 2
0.5854378528776988 * (sin(5.0x) + 5.0x) ^ 2
2.378259756092652 * (sin(5.0x) + 5.0x) ^ 2
1.8011833305734999 * (sin(5.0x) + 5.0x) ^ 2
1.2587097325801497 * (sin(5.0x) + 5.0x) ^ 2
2.960435447283193 * (sin(5.0x) + 5.0x) ^ 2
2.4922278299114478 * (sin(5.0x) + 5.0x) ^ 2
0.7178432704008044 * (sin(5.0x) + 5.0x) ^ 2
1.7478316382041705 * (sin(5.0x) + 5.0x) ^ 2
0.5889751871454166 * (sin(5.0x) + 5.0x) ^ 2
1.2765118005705973 * (sin(5.0x) + 5.0x) ^ 2
0.573015790538813 * (sin(5.0x) + 5.0x) ^ 2
1.711410694550948 * (sin(5.0x) + 5.0x) ^ 2
0.07102362337125964 * (sin(5.0x) + 5.0x) ^ 2
2.0051398752881844 * (sin(5.0x) + 5.0x) ^ 2
2.655490254402958 * (sin(5.0x) + 5.0x) ^ 2
1.057295019674979 * (sin(5.0x) + 5.0x) ^ 2
0.2568915030686267 * (sin(5.0x) + 5.0x) ^ 2
0.9480760208616099 * (sin(5.0x) + 5.0x) ^ 2
2.530518231537531 * (sin(5.0x) + 5.0x) ^ 2
0.41164361170487024 * (sin(5.0x) + 5.0x) ^ 2
0.9832407218474477 * (sin(5.0x) + 5.0x) ^ 2
1.9449622878712944 * (sin(5.0x) + 5.0x) ^ 2
1.7616378870871516 * (sin(5.0x) + 5.0x) ^ 2
0.7517677065826057 * (sin(5.0x) + 5.0x) ^ 2
2.574534008293559 * (sin(5.0x) + 5.0x) ^ 2
2.7801565394689653 * (sin(5.0x) + 5.0x) ^ 2
1.6696374933836338 * (sin(5.0x) + 5.0x) ^ 2
1.081580917325834 * (sin(5.0x) + 5.0x) ^ 2
1.7535453735590136 * (sin(5.0x) + 5.0x) ^ 2
1.097721550730258 * (sin(5.0x) + 5.0x) ^ 2
2.483278762382709 * (sin(5.0x) + 5.0x) ^ 2
1.905921704420306 * (sin(5.0x) + 5.0x) ^ 2
2.262400998978118 * (sin(5.0x) + 5.0x) ^ 2
0.6940288042890684 * (sin(5.0x) + 5.0x) ^ 2
0.7966323541478956 * (sin(5.0x) + 5.0x) ^ 2
2.746188881436909 * (sin(5.0x) + 5.0x) ^ 2
2.2131042368205867 * (sin(5.0x) + 5.0x) ^ 2
1.4422547852139 * (sin(5.0x) + 5.0x) ^ 2
1.2574617622219695 * (sin(5.0x) + 5.0x) ^ 2
2.5216698466232357 * (sin(5.0x) + 5.0x) ^ 2
1.811131347573121 * (sin(5.0x) + 5.0x) ^ 2
1.4356528090048568 * (sin(5.0x) + 5.0x) ^ 2
0.5453706978492371 * (sin(5.0x) + 5.0x) ^ 2
1.78656036567549 * (sin(5.0x) + 5.0x) ^ 2
1.4733166075906363 * (sin(5.0x) + 5.0x) ^ 2
1.2332646928752309 * (sin(5.0x) + 5.0x) ^ 2
0.5606058974004265 * (sin(5.0x) + 5.0x) ^ 2
1.5575504686800359 * (sin(5.0x) + 5.0x) ^ 2
0.22972467035511815 * (sin(5.0x) + 5.0x) ^ 2
0.9213717641766227 * (sin(5.0x) + 5.0x) ^ 2
0.5946928321609924 * (sin(5.0x) + 5.0x) ^ 2
1.3927961718580046 * (sin(5.0x) + 5.0x) ^ 2
0.36655195764743437 * (sin(5.0x) + 5.0x) ^ 2
1.6419199769245303 * (sin(5.0x) + 5.0x) ^ 2
2.2921185418636774 * (sin(5.0x) + 5.0x) ^ 2
1.3271187388748171 * (sin(5.0x) + 5.0x) ^ 2
0.4633349166300469 * (sin(5.0x) + 5.0x) ^ 2
0.7417395266640187 * (sin(5.0x) + 5.0x) ^ 2
2.3473881430865244 * (sin(5.0x) + 5.0x) ^ 2
0.55795519732586 * (sin(5.0x) + 5.0x) ^ 2
0.9609322515515033 * (sin(5.0x) + 5.0x) ^ 2
1.5835583766110697 * (sin(5.0x) + 5.0x) ^ 2
1.4483099956145224 * (sin(5.0x) + 5.0x) ^ 2
0.39804819034675715 * (sin(5.0x) + 5.0x) ^ 2
2.207983807650797 * (sin(5.0x) + 5.0x) ^ 2
2.573976893844291 * (sin(5.0x) + 5.0x) ^ 2
1.064191801987053 * (sin(5.0x) + 5.0x) ^ 2
0.20254752233938295 * (sin(5.0x) + 5.0x) ^ 2
1.3695341970914559 * (sin(5.0x) + 5.0x) ^ 2
0.9994742296696923 * (sin(5.0x) + 5.0x) ^ 2
2.139202578142228 * (sin(5.0x) + 5.0x) ^ 2
2.115293524137106 * (sin(5.0x) + 5.0x) ^ 2
1.7217712044033469 * (sin(5.0x) + 5.0x) ^ 2
1.2206895983086963 * (sin(5.0x) + 5.0x) ^ 2
1.6298352364766453 * (sin(5.0x) + 5.0x) ^ 2
1.9572038791991537 * (sin(5.0x) + 5.0x) ^ 2
1.6131144509895823 * (sin(5.0x) + 5.0x) ^ 2
0.8322905128686042 * (sin(5.0x) + 5.0x) ^ 2
0.8276147412621362 * (sin(5.0x) + 5.0x) ^ 2
2.1044890567293812 * (sin(5.0x) + 5.0x) ^ 2
1.028096833072722 * (sin(5.0x) + 5.0x) ^ 2
1.8286940776303422 * (sin(5.0x) + 5.0x) ^ 2
0.565557480892701 * (sin(5.0x) + 5.0x) ^ 2
1.5427581099003405 * (sin(5.0x) + 5.0x) ^ 2
2.126002538396603 * (sin(5.0x) + 5.0x) ^ 2
1.0244369076939586 * (sin(5.0x) + 5.0x) ^ 2
1.8114528790222002 * (sin(5.0x) + 5.0x) ^ 2
2.557226149601612 * (sin(5.0x) + 5.0x) ^ 2
1.3320464886571206 * (sin(5.0x) + 5.0x) ^ 2
1.4643413633532973 * (sin(5.0x) + 5.0x) ^ 2
1.1008699837174107 * (sin(5.0x) + 5.0x) ^ 2
0.5723676693631545 * (sin(5.0x) + 5.0x) ^ 2
1.6190473351644536 * (sin(5.0x) + 5.0x) ^ 2
1.7497754609629648 * (sin(5.0x) + 5.0x) ^ 2
2.2356655449931275 * (sin(5.0x) + 5.0x) ^ 2
2.630615344790771 * (sin(5.0x) + 5.0x) ^ 2
1.7793423374283794 * (sin(5.0x) + 5.0x) ^ 2
1.8802759298440879 * (sin(5.0x) + 5.0x) ^ 2
3.2768043468175696 * (sin(5.0x) + 5.0x) ^ 2
1.3099843734030252 * (sin(5.0x) + 5.0x) ^ 2
2.2597409865490183 * (sin(5.0x) + 5.0x) ^ 2
1.1278011130600214 * (sin(5.0x) + 5.0x) ^ 2
2.0515633470499175 * (sin(5.0x) + 5.0x) ^ 2
1.0444062747994964 * (sin(5.0x) + 5.0x) ^ 2
1.6805468525672533 * (sin(5.0x) + 5.0x) ^ 2
3.419228892836675 * (sin(5.0x) + 5.0x) ^ 2
1.6461048606458215 * (sin(5.0x) + 5.0x) ^ 2
0.6166738391509453 * (sin(5.0x) + 5.0x) ^ 2
2.0072092722161234 * (sin(5.0x) + 5.0x) ^ 2
1.650165851171947 * (sin(5.0x) + 5.0x) ^ 2
2.767271302555871 * (sin(5.0x) + 5.0x) ^ 2
2.7487608135820727 * (sin(5.0x) + 5.0x) ^ 2
2.295279615315916 * (sin(5.0x) + 5.0x) ^ 2
1.7292176549663134 * (sin(5.0x) + 5.0x) ^ 2
1.963678779657562 * (sin(5.0x) + 5.0x) ^ 2
2.3090342173973384 * (sin(5.0x) + 5.0x) ^ 2
2.1610159141390857 * (sin(5.0x) + 5.0x) ^ 2
1.4339302819287458 * (sin(5.0x) + 5.0x) ^ 2
0.17358754623361142 * (sin(5.0x) + 5.0x) ^ 2
2.713300442382439 * (sin(5.0x) + 5.0x) ^ 2
1.4709452313038698 * (sin(5.0x) + 5.0x) ^ 2
2.4120744206035107 * (sin(5.0x) + 5.0x) ^ 2
1.127929650622117 * (sin(5.0x) + 5.0x) ^ 2
2.196491811517928 * (sin(5.0x) + 5.0x) ^ 2
2.607027966885615 * (sin(5.0x) + 5.0x) ^ 2
0.4424617467964656 * (sin(5.0x) + 5.0x) ^ 2
1.9435675165256872 * (sin(5.0x) + 5.0x) ^ 2
2.314027824003381 * (sin(5.0x) + 5.0x) ^ 2
1.5645248876409734 * (sin(5.0x) + 5.0x) ^ 2
1.239034769374613 * (sin(5.0x) + 5.0x) ^ 2
1.772763086492439 * (sin(5.0x) + 5.0x) ^ 2
0.3982031431942712 * (sin(5.0x) + 5.0x) ^ 2
2.065874171889437 * (sin(5.0x) + 5.0x) ^ 2
1.0874326854048217 * (sin(5.0x) + 5.0x) ^ 2
1.3952502008962138 * (sin(5.0x) + 5.0x) ^ 2
3.0191185056218472 * (sin(5.0x) + 5.0x) ^ 2
2.168209334485349 * (sin(5.0x) + 5.0x) ^ 2
1.894377295280437 * (sin(5.0x) + 5.0x) ^ 2
2.892610264039248 * (sin(5.0x) + 5.0x) ^ 2
1.9474903912905523 * (sin(5.0x) + 5.0x) ^ 2
2.3720634534392047 * (sin(5.0x) + 5.0x) ^ 2
0.3472266797614372 * (sin(5.0x) + 5.0x) ^ 2
1.6242052904885114 * (sin(5.0x) + 5.0x) ^ 2
1.3107808763126108 * (sin(5.0x) + 5.0x) ^ 2
0.7464418591867344 * (sin(5.0x) + 5.0x) ^ 2
2.9592545249345097 * (sin(5.0x) + 5.0x) ^ 2
1.362985184365087 * (sin(5.0x) + 5.0x) ^ 2
0.8266164230646319 * (sin(5.0x) + 5.0x) ^ 2
1.4738122698768303 * (sin(5.0x) + 5.0x) ^ 2
0.8521038958640754 * (sin(5.0x) + 5.0x) ^ 2
2.2209268469404337 * (sin(5.0x) + 5.0x) ^ 2
1.7913582934365395 * (sin(5.0x) + 5.0x) ^ 2
1.9659499908062221 * (sin(5.0x) + 5.0x) ^ 2
0.6752255495479765 * (sin(5.0x) + 5.0x) ^ 2
1.0057739757486068 * (sin(5.0x) + 5.0x) ^ 2
2.4378475629954863 * (sin(5.0x) + 5.0x) ^ 2
1.910025661603113 * (sin(5.0x) + 5.0x) ^ 2
1.133862076256307 * (sin(5.0x) + 5.0x) ^ 2
1.177884974164424 * (sin(5.0x) + 5.0x) ^ 2
2.245818446004001 * (sin(5.0x) + 5.0x) ^ 2
1.504271259837844 * (sin(5.0x) + 5.0x) ^ 2
1.3841916287132425 * (sin(5.0x) + 5.0x) ^ 2
0.24848903627615707 * (sin(5.0x) + 5.0x) ^ 2
1.534632401967251 * (sin(5.0x) + 5.0x) ^ 2
1.5567697362309243 * (sin(5.0x) + 5.0x) ^ 2
1.2295339093778788 * (sin(5.0x) + 5.0x) ^ 2
0.9853238852934443 * (sin(5.0x) + 5.0x) ^ 2
0.11902780728299188 * (sin(5.0x) + 5.0x) ^ 2
1.377725307088381 * (sin(5.0x) + 5.0x) ^ 2
1.1635113359018956 * (sin(5.0x) + 5.0x) ^ 2
2.1210540767182944 * (sin(5.0x) + 5.0x) ^ 2
2.2921430100677047 * (sin(5.0x) + 5.0x) ^ 2
1.6299965746948546 * (sin(5.0x) + 5.0x) ^ 2
1.5044951814215268 * (sin(5.0x) + 5.0x) ^ 2
1.9427892549176744 * (sin(5.0x) + 5.0x) ^ 2
1.7151647833133934 * (sin(5.0x) + 5.0x) ^ 2
1.4949773645525966 * (sin(5.0x) + 5.0x) ^ 2
0.7852720906294689 * (sin(5.0x) + 5.0x) ^ 2
0.8362618507266247 * (sin(5.0x) + 5.0x) ^ 2
2.0557028131992237 * (sin(5.0x) + 5.0x) ^ 2
0.8222037423892203 * (sin(5.0x) + 5.0x) ^ 2
2.062548753107178 * (sin(5.0x) + 5.0x) ^ 2
0.8506325417927004 * (sin(5.0x) + 5.0x) ^ 2
1.5971988860315647 * (sin(5.0x) + 5.0x) ^ 2
2.4077705065120427 * (sin(5.0x) + 5.0x) ^ 2
1.09788510830276 * (sin(5.0x) + 5.0x) ^ 2
0.39702503077815793 * (sin(5.0x) + 5.0x) ^ 2
1.2944141619256975 * (sin(5.0x) + 5.0x) ^ 2
0.70188724037397 * (sin(5.0x) + 5.0x) ^ 2
1.2055294334854945 * (sin(5.0x) + 5.0x) ^ 2
1.1137668893836619 * (sin(5.0x) + 5.0x) ^ 2
1.9843419191637852 * (sin(5.0x) + 5.0x) ^ 2
0.4894732926929589 * (sin(5.0x) + 5.0x) ^ 2
1.9246052523458348 * (sin(5.0x) + 5.0x) ^ 2
2.5539072166185406 * (sin(5.0x) + 5.0x) ^ 2
0.783690580913115 * (sin(5.0x) + 5.0x) ^ 2
0.3100545536525869 * (sin(5.0x) + 5.0x) ^ 2
0.6097813354197166 * (sin(5.0x) + 5.0x) ^ 2
2.048425911926927 * (sin(5.0x) + 5.0x) ^ 2
0.9710789573064377 * (sin(5.0x) + 5.0x) ^ 2
0.4361089192489402 * (sin(5.0x) + 5.0x) ^ 2
2.0730761075266098 * (sin(5.0x) + 5.0x) ^ 2
1.5120334420211006 * (sin(5.0x) + 5.0x) ^ 2
0.9857163212648378 * (sin(5.0x) + 5.0x) ^ 2
2.6493943180611694 * (sin(5.0x) + 5.0x) ^ 2
2.3175829866302093 * (sin(5.0x) + 5.0x) ^ 2
1.769019264134517 * (sin(5.0x) + 5.0x) ^ 2
2.591391929653857 * (sin(5.0x) + 5.0x) ^ 2
1.2880128828196096 * (sin(5.0x) + 5.0x) ^ 2
1.536676356057742 * (sin(5.0x) + 5.0x) ^ 2
0.9228492989411592 * (sin(5.0x) + 5.0x) ^ 2
0.7898153952480463 * (sin(5.0x) + 5.0x) ^ 2
1.4918860029390046 * (sin(5.0x) + 5.0x) ^ 2
1.90791521178421 * (sin(5.0x) + 5.0x) ^ 2
2.4279980957124976 * (sin(5.0x) + 5.0x) ^ 2
2.4949709710845442 * (sin(5.0x) + 5.0x) ^ 2
1.6636211165292099 * (sin(5.0x) + 5.0x) ^ 2
1.8675775226243896 * (sin(5.0x) + 5.0x) ^ 2
3.3354604622637676 * (sin(5.0x) + 5.0x) ^ 2
1.1342279031624833 * (sin(5.0x) + 5.0x) ^ 2
2.207219308759132 * (sin(5.0x) + 5.0x) ^ 2
1.3335322420594822 * (sin(5.0x) + 5.0x) ^ 2
2.1455695306102736 * (sin(5.0x) + 5.0x) ^ 2
1.0179914066652824 * (sin(5.0x) + 5.0x) ^ 2
1.9099587556029287 * (sin(5.0x) + 5.0x) ^ 2
3.496206457154105 * (sin(5.0x) + 5.0x) ^ 2
1.5079257982308463 * (sin(5.0x) + 5.0x) ^ 2
0.9076566188442866 * (sin(5.0x) + 5.0x) ^ 2
1.6205486795328634 * (sin(5.0x) + 5.0x) ^ 2
0.9900197768967016 * (sin(5.0x) + 5.0x) ^ 2
2.364903159345967 * (sin(5.0x) + 5.0x) ^ 2
1.885669379772156 * (sin(5.0x) + 5.0x) ^ 2
2.113594659694481 * (sin(5.0x) + 5.0x) ^ 2
0.7182780537330947 * (sin(5.0x) + 5.0x) ^ 2
0.9437127256190371 * (sin(5.0x) + 5.0x) ^ 2
2.571244387290587 * (sin(5.0x) + 5.0x) ^ 2
2.056497811081703 * (sin(5.0x) + 5.0x) ^ 2
1.2772575007507667 * (sin(5.0x) + 5.0x) ^ 2
1.1537650758325804 * (sin(5.0x) + 5.0x) ^ 2
2.3922314198056984 * (sin(5.0x) + 5.0x) ^ 2
1.634985704948507 * (sin(5.0x) + 5.0x) ^ 2
1.4505282375316828 * (sin(5.0x) + 5.0x) ^ 2
0.39605148915711164 * (sin(5.0x) + 5.0x) ^ 2
1.6757333646285986 * (sin(5.0x) + 5.0x) ^ 2
1.5624012714973712 * (sin(5.0x) + 5.0x) ^ 2
1.1693612048818742 * (sin(5.0x) + 5.0x) ^ 2
1.3605304875360789 * (sin(5.0x) + 5.0x) ^ 2
0.7574380307881954 * (sin(5.0x) + 5.0x) ^ 2
1.5003902459455931 * (sin(5.0x) + 5.0x) ^ 2
0.9017960504401804 * (sin(5.0x) + 5.0x) ^ 2
2.2558641061047586 * (sin(5.0x) + 5.0x) ^ 2
1.869940834500174 * (sin(5.0x) + 5.0x) ^ 2
1.9769743090004417 * (sin(5.0x) + 5.0x) ^ 2
0.7647889388695321 * (sin(5.0x) + 5.0x) ^ 2
1.0786106321212445 * (sin(5.0x) + 5.0x) ^ 2
2.4119138528762556 * (sin(5.0x) + 5.0x) ^ 2
1.9128463053661384 * (sin(5.0x) + 5.0x) ^ 2
1.1272742508257785 * (sin(5.0x) + 5.0x) ^ 2
1.088545339755878 * (sin(5.0x) + 5.0x) ^ 2
2.2728892737819284 * (sin(5.0x) + 5.0x) ^ 2
1.4749796765351388 * (sin(5.0x) + 5.0x) ^ 2
1.4707483378874227 * (sin(5.0x) + 5.0x) ^ 2
0.28172774204073076 * (sin(5.0x) + 5.0x) ^ 2
1.576695205462205 * (sin(5.0x) + 5.0x) ^ 2
1.6453852068618744 * (sin(5.0x) + 5.0x) ^ 2
1.145037710619621 * (sin(5.0x) + 5.0x) ^ 2
1.4781690685622488 * (sin(5.0x) + 5.0x) ^ 2
0.4911051375552611 * (sin(5.0x) + 5.0x) ^ 2
1.7769128238693719 * (sin(5.0x) + 5.0x) ^ 2
1.3385309617400964 * (sin(5.0x) + 5.0x) ^ 2
2.5487865553983564 * (sin(5.0x) + 5.0x) ^ 2
2.4111347661939333 * (sin(5.0x) + 5.0x) ^ 2
2.1360265903283917 * (sin(5.0x) + 5.0x) ^ 2