solving instance mcnd nodes c100_400_10_V_L_10 3 6 log
Set parameter TokenServer to value "licences.gerad.lan"
Set parameter MIPGap to value 1e-06
Set parameter FuncPieceError to value 1e-06
Set parameter Threads to value 1
Set parameter FuncPieces to value -2
Set parameter TimeLimit to value 3600
Gurobi Optimizer version 12.0.2 build v12.0.2rc0 (linux64 - "AlmaLinux 9.6 (Sage Margay)")

CPU model: Intel(R) Xeon(R) Gold 6258R CPU @ 2.70GHz, instruction set [SSE2|AVX|AVX2|AVX512]
Thread count: 56 physical cores, 56 logical processors, using up to 1 threads

Non-default parameters:
TimeLimit  3600
MIPGap  1e-06
Threads  1
FuncPieces  -2
FuncPieceError  1e-06

Optimize a model with 6600 rows, 5300 columns and 30300 nonzeros
Model fingerprint: 0x42baf87c
Model has 100 function constraints treated as nonlinear
  100 LOG
Variable types: 4800 continuous, 500 integer (500 binary)
Coefficient statistics:
  Matrix range     [5e-01, 1e+02]
  Objective range  [1e+00, 1e+02]
  Bounds range     [1e+00, 1e+10]
  RHS range        [1e+00, 9e+00]
Warning: Model contains large bounds
         Consider reformulating model or setting NumericFocus parameter
         to avoid numerical issues.
Warning: x < 1e-10 in domain of log(x).
         Setting lower bound to 1e-10.
Presolve removed 2467 rows and 717 columns
Presolve time: 0.05s
Presolved: 4633 rows, 4584 columns, 21880 nonzeros
Presolved model has 100 nonlinear constraint(s)

Solving non-convex MINLP

Variable types: 4185 continuous, 399 integer (399 binary)

Root relaxation: objective 3.688798e+03, 4202 iterations, 0.54 seconds (0.44 work units)

    Nodes    |    Current Node    |     Objective Bounds      |     Work
 Expl Unexpl |  Obj  Depth IntInf | Incumbent    BestBd   Gap | It/Node Time

     0     0 3688.79771    0  106          - 3688.79771      -     -    0s
H    0     0                    7095.3164672 3688.79771  48.0%     -    0s
     0     0 3800.03422    0  133 7095.31647 3800.03422  46.4%     -    1s
     0     0 3802.37916    0  133 7095.31647 3802.37916  46.4%     -    1s
     0     0 3931.22093    0  158 7095.31647 3931.22093  44.6%     -    1s
H    0     0                    6864.6094471 3931.26074  42.7%     -    1s
H    0     0                    6855.3303215 3931.26074  42.7%     -    1s
H    0     0                    6852.4729124 3931.26074  42.6%     -    1s
H    0     0                    6832.8452719 3931.26074  42.5%     -    2s
H    0     0                    6267.8452719 3931.26074  37.3%     -    2s
     0     0 3931.80578    0  166 6267.84527 3931.80578  37.3%     -    2s
     0     0 4036.90270    0  153 6267.84527 4036.90270  35.6%     -    3s
     0     0 4038.77649    0  149 6267.84527 4038.77649  35.6%     -    3s
     0     0 4064.62620    0  193 6267.84527 4064.62620  35.2%     -    4s
     0     0 4066.77953    0  181 6267.84527 4066.77953  35.1%     -    5s
     0     0 4078.06872    0  186 6267.84527 4078.06872  34.9%     -    5s
H    0     0                    6177.0740462 4078.07776  34.0%     -    5s
H    0     0                    5144.2556733 4078.07776  20.7%     -    5s
H    0     0                    5128.3788123 4078.07776  20.5%     -    5s
     0     0 4078.86743    0  179 5128.37881 4078.86743  20.5%     -    5s
     0     0 4079.79122    0  160 5128.37881 4079.79122  20.4%     -    6s
     0     0 4080.19932    0  179 5128.37881 4080.19932  20.4%     -    6s
     0     0 4080.86991    0  172 5128.37881 4080.86991  20.4%     -    6s
     0     0 4081.06117    0  191 5128.37881 4081.06117  20.4%     -    6s
     0     0 4082.45527    0  190 5128.37881 4082.45527  20.4%     -    6s
     0     0 4082.59599    0  183 5128.37881 4082.59599  20.4%     -    6s
     0     0 4083.13278    0  179 5128.37881 4083.13278  20.4%     -    7s
     0     0 4083.23629    0  193 5128.37881 4083.23629  20.4%     -    7s
     0     0 4084.96052    0  203 5128.37881 4084.96052  20.3%     -    7s
     0     0 4085.07591    0  196 5128.37881 4085.07591  20.3%     -    8s
     0     0 4085.67350    0  203 5128.37881 4085.67350  20.3%     -    8s
     0     0 4085.72424    0  226 5128.37881 4085.72424  20.3%     -    8s
     0     0 4090.47503    0  210 5128.37881 4090.47503  20.2%     -    8s
     0     0 4090.54517    0  210 5128.37881 4090.54517  20.2%     -    8s
     0     0 4090.64298    0  180 5128.37881 4090.64298  20.2%     -    8s
     0     0 4090.65894    0  181 5128.37881 4090.65894  20.2%     -    8s
     0     0 4090.73267    0  167 5128.37881 4090.73267  20.2%     -    8s
     0     0 4090.76358    0  180 5128.37881 4090.76358  20.2%     -    8s
     0     0 4091.14224    0  212 5128.37881 4091.14224  20.2%     -    9s
     0     0 4109.47713    0  164 5128.37881 4109.47713  19.9%     -    9s
     0     2 4109.54209    0  164 5128.37881 4109.54209  19.9%     -   10s
    17    19 4171.79511   11  101 5128.37881 4119.71882  19.7%   847   15s
H   27    27                    5121.7720185 4119.71882  19.6%   729   16s
H   27    27                    5107.7720185 4119.71882  19.3%   729   16s
H   27    27                    5094.0435109 4119.71882  19.1%   729   16s
H   27    27                    5039.3680933 4119.71882  18.2%   729   17s
    40    42 4232.51575   27   98 5039.36809 4119.71882  18.2%   760   20s
H   54    54                    5039.3680336 4119.71882  18.2%   770   23s
H   54    54                    5039.3680318 4119.71882  18.2%   770   23s
    62    64 4310.68061   42   90 5039.36803 4119.71882  18.2%   753   25s
H  104   104                    5039.3680215 4119.71882  18.2%   571   29s
   109   111 4459.94217   84   84 5039.36802 4119.71882  18.2%   562   30s
   178   180 4878.98026  133   61 5039.36802 4119.71882  18.2%   436   35s
   207   199 4318.18042   12   81 5039.36802 4119.72243  18.2%   470   40s
   228   220 4331.84829   26   57 5039.36802 4119.72243  18.2%   504   45s
H  246   236                    5037.7501312 4119.72243  18.2%   492   46s
H  246   236                    4999.7232940 4119.72243  17.6%   492   47s
H  246   236                    4987.7232940 4119.72243  17.4%   492   47s
H  260   250                    4975.9752627 4119.72243  17.2%   482   48s
   282   274 4482.40354   75   78 4975.97526 4119.72243  17.2%   462   50s
H  286   276                    4975.8533553 4119.72243  17.2%   458   50s
H  286   276                    4974.4688237 4119.72243  17.2%   458   50s
   345   333 4847.35722  127   47 4974.46882 4119.72243  17.2%   407   55s
   382   356 4359.47933   13  128 4974.46882 4121.42713  17.1%   400   60s
   417   391 4459.11014   39  100 4974.46882 4121.42713  17.1%   400   65s
   471   444 4705.62480   80   76 4974.46882 4121.42713  17.1%   383   70s
   539   495 4359.48130   14  108 4974.46882 4133.16558  16.9%   356   78s
H  541   471                    4819.5430183 4133.16558  14.2%   354   80s
H  543   449                    4812.9696467 4133.16558  14.1%   353   82s
   548   452 4413.11543   26  177 4812.96965 4146.19004  13.9%   350   85s
H  551   431                    4788.4242734 4158.67868  13.2%   348   88s
   557   435 4737.24601  108  164 4788.42427 4160.67447  13.1%   344   90s
H  559   414                    4788.4242472 4160.75475  13.1%   343   91s
   572   423 4432.79507   52  178 4788.42425 4161.45861  13.1%   335   95s
   591   436 4162.95021    4  172 4788.42425 4162.95021  13.1%   324  100s
   612   450 4471.95406   87  160 4788.42425 4164.47996  13.0%   313  105s
   615   454 4178.28833   12  194 4788.42425 4164.69350  13.0%   365  112s
   622   458 4209.14419   15  113 4788.42425 4169.93502  12.9%   374  115s
   633   466 4290.67396   21   82 4788.42425 4169.93502  12.9%   388  120s
   646   474 4367.70378   27   38 4788.42425 4169.93502  12.9%   397  125s
   664   486 4450.70469   36   53 4788.42425 4169.93502  12.9%   409  130s
   680   497 4576.64413   44   67 4788.42425 4169.93502  12.9%   422  135s
   705   510     cutoff   57      4788.42425 4169.93502  12.9%   427  140s
   729   510 4214.05402   15  131 4788.42425 4169.93552  12.9%   430  145s
   737   515 4328.76328   19  150 4788.42425 4169.93552  12.9%   443  150s
   743   519 4418.78516   22  145 4788.42425 4169.93552  12.9%   460  155s
   752   525 4484.93092   27   97 4788.42425 4169.93552  12.9%   469  160s
   760   528 4519.73122   31  141 4788.42425 4169.93552  12.9%   479  165s
   780   542 4559.97905   41  155 4788.42425 4169.93552  12.9%   478  170s
H  785   519                    4782.4302996 4169.93552  12.8%   477  171s
   797   529 4558.91160   49  105 4782.43030 4169.93552  12.8%   478  175s
   817   542 4602.82217   59  126 4782.43030 4169.93552  12.8%   477  180s
   833   552 4771.13396   67  126 4782.43030 4169.93552  12.8%   480  185s
   848   562 4704.29518   75  100 4782.43030 4169.93552  12.8%   480  190s
   865   572 4760.81773   83   74 4782.43030 4169.93552  12.8%   481  195s
   891   568 4183.73346   14  124 4782.43030 4178.28833  12.6%   475  201s
   898   572 4329.62119   18   91 4782.43030 4178.28833  12.6%   483  205s
   905   577 4390.79008   21  117 4782.43030 4178.28833  12.6%   491  210s
   918   586 4397.23682   28   91 4782.43030 4178.28833  12.6%   495  215s
   934   596 4531.88985   36  100 4782.43030 4178.28833  12.6%   500  220s
   952   608 4634.91851   45   81 4782.43030 4178.28833  12.6%   503  225s
   969   618 4687.34617   53   70 4782.43030 4178.28833  12.6%   506  230s
   991   626 4742.85535   64   67 4782.43030 4178.28833  12.6%   506  235s
  1003   624 4303.15608   16  139 4782.43030 4178.28833  12.6%   513  240s
  1011   630 4356.47112   20  114 4782.43030 4178.28833  12.6%   526  246s
  1018   634 4403.48874   23  146 4782.43030 4178.28833  12.6%   532  250s
  1029   642 4445.60490   29  116 4782.43030 4178.28833  12.6%   540  255s
  1046   653 4529.45706   37  115 4782.43030 4178.28833  12.6%   541  260s
  1077   672 4552.06868   53  145 4782.43030 4178.28833  12.6%   537  265s
  1098   686 4652.54578   63  107 4782.43030 4178.28833  12.6%   539  270s
  1128   706 4675.44442   78   99 4782.43030 4178.28833  12.6%   536  275s
  1168   706 4201.52874   13  171 4782.43030 4200.01594  12.2%   529  280s
  1176   712 4297.20778   17  126 4782.43030 4200.01594  12.2%   536  285s
  1182   716 4325.14468   20  165 4782.43030 4200.01594  12.2%   548  290s
  1190   721 4364.55701   24  171 4782.43030 4200.01594  12.2%   553  295s
  1209   734 4470.97328   34  123 4782.43030 4200.01594  12.2%   556  300s
  1230   748 4521.52595   44  151 4782.43030 4200.01594  12.2%   558  305s
  1257   766 4573.17351   58  142 4782.43030 4200.01594  12.2%   557  310s
  1291   788 4632.78419   75  118 4782.43030 4200.01594  12.2%   551  315s
  1331   811 4703.49995   95  121 4782.43030 4200.01594  12.2%   545  320s
  1363   816 4317.29800   19  161 4782.43030 4200.01639  12.2%   540  325s
  1373   823 4512.31289   24  104 4782.43030 4200.01639  12.2%   548  330s
  1391   835 4586.69429   33   75 4782.43030 4200.01639  12.2%   551  335s
  1415   851 4646.71176   45   45 4782.43030 4200.01639  12.2%   550  340s
  1447   856 4318.88269   18   66 4782.43030 4201.82986  12.1%   548  345s
  1460   865 4492.48653   24  111 4782.43030 4201.82986  12.1%   554  350s
  1476   875 4638.92025   32   94 4782.43030 4201.82986  12.1%   558  355s
  1492   885 4709.92256   40   57 4782.43030 4201.82986  12.1%   561  360s
  1528   886 4242.58264   20  103 4782.43030 4201.83233  12.1%   554  365s
  1538   893 4487.22778   25   57 4782.43030 4201.83233  12.1%   560  370s
  1549   900 4577.36795   31  117 4782.43030 4201.83233  12.1%   565  375s
  1569   914 4640.92540   41  163 4782.43030 4201.83233  12.1%   567  380s
  1589   921     cutoff   51      4782.43030 4201.83233  12.1%   568  385s
  1601   927 4407.73939   23  102 4782.43030 4209.14478  12.0%   573  390s
  1607   931 4452.20921   26   93 4782.43030 4209.14478  12.0%   578  396s
  1617   938 4525.93651   29   73 4782.43030 4209.14478  12.0%   582  400s
  1631   947 4565.20603   30   93 4782.43030 4209.14478  12.0%   586  405s
  1649   959 4626.59513   37   56 4782.43030 4209.14478  12.0%   589  410s
  1668   972 4676.41596   41   72 4782.43030 4209.14478  12.0%   590  415s
  1693   988 4729.10332   51   56 4782.43030 4209.14478  12.0%   590  420s
  1715   998 4741.93718   56   79 4782.43030 4209.14478  12.0%   591  425s
  1741  1001 4335.14305   20  100 4782.43030 4209.15563  12.0%   591  430s
  1754  1010 4418.15760   24  126 4782.43030 4209.15563  12.0%   595  435s
  1768  1019 4469.50738   28  100 4782.43030 4209.15563  12.0%   597  440s
  1784  1030 4549.49220   31  162 4782.43030 4209.15563  12.0%   600  445s
  1813  1049 4618.20910   39   95 4782.43030 4209.15563  12.0%   597  450s
  1845  1071 4649.88565   49  106 4782.43030 4209.15563  12.0%   594  455s
  1868  1086 4700.96159   59  116 4782.43030 4209.15563  12.0%   594  460s
  1911  1105 4331.92643   17   85 4782.43030 4210.00226  12.0%   588  465s
  1925  1119 4511.67448   21   88 4782.43030 4210.00226  12.0%   590  470s
  1949  1143 4575.22153   33   86 4782.43030 4210.00226  12.0%   592  475s
  1969  1163 4683.05133   38   67 4782.43030 4210.00226  12.0%   592  480s
  1992  1183     cutoff   42      4782.43030 4210.00226  12.0%   592  485s
  2004  1183 4352.17711   20   78 4782.43030 4210.00498  12.0%   593  490s
  2012  1191 4519.33761   23   55 4782.43030 4210.00498  12.0%   598  495s
  2026  1205 4514.78608   26  100 4782.43030 4210.00498  12.0%   602  500s
  2039  1218 4583.47590   28   83 4782.43030 4210.00498  12.0%   604  505s
  2054  1233 4629.97699   33   82 4782.43030 4210.00498  12.0%   607  510s
  2083  1262 4722.99207   44   65 4782.43030 4210.00498  12.0%   605  515s
  2101  1275 4722.70500   48   85 4782.43030 4210.00498  12.0%   607  520s
  2153  1314 4334.29231   19   66 4782.43030 4213.51665  11.9%   600  525s
  2163  1324 4517.34744   23   51 4782.43030 4213.51665  11.9%   604  530s
  2173  1334 4508.41770   24   88 4782.43030 4213.51665  11.9%   608  535s
  2188  1349 4592.72953   28   88 4782.43030 4213.51665  11.9%   610  540s
  2205  1366 4675.44000   32   69 4782.43030 4213.51665  11.9%   611  545s
  2217  1377 4703.04620   34   68 4782.43030 4213.51665  11.9%   614  550s
  2253  1398 4288.64850   19  100 4782.43030 4213.52017  11.9%   611  555s
  2262  1407 4522.53332   24   85 4782.43030 4213.52017  11.9%   614  560s
  2273  1418 4614.04288   26   95 4782.43030 4213.52017  11.9%   618  565s
  2286  1431 4643.30308   29  134 4782.43030 4213.52017  11.9%   621  570s
  2302  1447 4705.68430   34  133 4782.43030 4213.52017  11.9%   623  575s
  2326  1457 4261.09731   19   95 4782.43030 4221.14184  11.7%   622  580s
  2337  1468 4453.29203   24   99 4782.43030 4221.14184  11.7%   625  585s
  2348  1479 4480.09036   25   44 4782.43030 4221.14184  11.7%   629  590s
  2362  1493 4592.46856   28  148 4782.43030 4221.14184  11.7%   632  595s
  2377  1508 4621.34908   34   53 4782.43030 4221.14184  11.7%   633  600s
  2394  1523 4695.83679   39   38 4782.43030 4221.14184  11.7%   634  605s
  2437  1563 4782.39551   55   36 4782.43030 4221.14184  11.7%   630  610s
  2459  1574 4459.59594   19   97 4782.43030 4221.14184  11.7%   630  615s
  2468  1583 4533.51518   21   64 4782.43030 4221.14184  11.7%   634  620s
  2483  1598 4634.74588   27   28 4782.43030 4221.14184  11.7%   636  625s
  2520  1635 4685.47779   39   26 4782.43030 4221.14184  11.7%   632  630s
  2553  1665 4732.74779   53  149 4782.43030 4221.14184  11.7%   629  635s
  2599  1695 4256.54047   16  131 4782.43030 4222.27873  11.7%   623  640s
  2607  1703 4469.19894   24  150 4782.43030 4222.27873  11.7%   626  645s
  2620  1716 4726.59435   37  164 4782.43030 4222.27873  11.7%   627  650s
  2640  1724 4496.93113   23  127 4782.43030 4222.27873  11.7%   628  655s
  2661  1745 4761.40132   44  120 4782.43030 4222.27873  11.7%   629  660s
  2677  1754 4393.15670   22  139 4782.43030 4234.10882  11.5%   631  665s
  2690  1767 4485.74040   29  108 4782.43030 4234.10882  11.5%   633  670s
  2723  1800 4554.35153   45  108 4782.43030 4234.10882  11.5%   631  675s
  2754  1831 4575.47881   61   93 4782.43030 4234.10882  11.5%   629  680s
  2778  1855 4631.71955   73  143 4782.43030 4234.10882  11.5%   629  685s
  2810  1883 4690.51555   89  146 4782.43030 4234.10882  11.5%   626  690s
  2844  1895 4393.03928   22   81 4782.43030 4234.46182  11.5%   625  695s
  2866  1917 4654.83628   44  121 4782.43030 4234.46182  11.5%   624  700s
  2888  1929 4352.30897   18  148 4782.43030 4234.46182  11.5%   624  705s
  2898  1939 4615.77189   28  123 4782.43030 4234.46182  11.5%   627  710s
  2939  1971 4770.13201   64   63 4782.43030 4234.46182  11.5%   622  715s
  2960  1976 4374.80165   17  136 4782.43030 4235.48361  11.4%   621  720s
  2969  1985 4500.15267   22  102 4782.43030 4235.48361  11.4%   624  725s
  2979  1995 4536.01759   24  127 4782.43030 4235.48361  11.4%   627  730s
  2992  2008 4578.86766   30  131 4782.43030 4235.48361  11.4%   628  735s
  3002  2018 4612.35747   33  112 4782.43030 4235.48361  11.4%   629  740s
  3024  2040 4615.13215   41   75 4782.43030 4235.48361  11.4%   629  745s
  3048  2064 4650.33268   49  140 4782.43030 4235.48361  11.4%   629  750s
  3091  2107 4703.55243   66  116 4782.43030 4235.48361  11.4%   625  755s
  3140  2146 4360.44981   22  131 4782.43030 4235.50420  11.4%   621  761s
  3153  2159 4609.44948   35   87 4782.43030 4235.50420  11.4%   622  765s
  3169  2167 4555.83637   28   71 4782.43030 4237.71969  11.4%   624  770s
  3183  2181 4769.40125   42  142 4782.43030 4237.71969  11.4%   625  775s
  3199  2189 4493.76397   26  119 4782.43030 4237.71969  11.4%   627  780s
  3228  2204 4266.47696   15  171 4782.43030 4239.78916  11.3%   627  786s
  3234  2210 4390.33840   19  174 4782.43030 4239.78916  11.3%   630  790s
  3247  2223 4662.64112   29   98 4782.43030 4239.78916  11.3%   632  795s
  3266  2230 4310.55974   19  105 4782.43030 4247.83905  11.2%   633  800s
  3277  2241 4577.78774   30  135 4782.43030 4247.83905  11.2%   635  805s
  3298  2254 4279.68638   24  124 4782.43030 4247.91951  11.2%   635  810s
  3316  2272 4733.31875   42   55 4782.43030 4247.91951  11.2%   635  815s
  3331  2277 4526.57084   30   64 4782.43030 4256.54725  11.0%   637  820s
  3349  2288 4756.77735   43  118 4782.43030 4256.54725  11.0%   638  825s
  3362  2293 4427.90709   24  116 4782.43030 4261.30018  10.9%   640  830s
  3384  2311 4715.09437   43  146 4782.43030 4261.30018  10.9%   641  835s
  3407  2318 4717.65293   51  172 4782.43030 4261.30018  10.9%   641  840s
  3422  2319 4502.75742   22   79 4782.43030 4264.58740  10.8%   643  845s
  3439  2336 4690.13631   39  151 4782.43030 4264.58740  10.8%   644  850s
  3455  2342 4503.68566   19  102 4782.43030 4264.58740  10.8%   645  855s
  3476  2354 4310.04496   16  130 4782.43030 4266.47696  10.8%   646  860s
  3484  2362 4385.81590   19   90 4782.43030 4266.47696  10.8%   648  865s
  3499  2377 4530.06883   25   98 4782.43030 4266.47696  10.8%   649  870s
  3512  2390 4546.52873   29  114 4782.43030 4266.47696  10.8%   651  875s
  3526  2404 4599.99137   37  126 4782.43030 4266.47696  10.8%   652  880s
  3540  2418 4637.26321   40   91 4782.43030 4266.47696  10.8%   654  885s
  3576  2438 4357.31187   16  184 4782.43030 4273.09173  10.7%   652  891s
  3587  2449 4540.32075   27  122 4782.43030 4273.09173  10.7%   653  895s
  3599  2461 4675.72721   39  106 4782.43030 4273.09173  10.7%   654  900s
  3619  2472 4480.67870   29   59 4782.43030 4273.16881  10.6%   654  905s
  3645  2488 4470.78300   26  113 4782.43030 4274.31242  10.6%   654  910s
  3672  2501 4335.93180   17   97 4782.43030 4277.09581  10.6%   653  915s
  3686  2515 4649.04440   31   84 4782.43030 4277.09581  10.6%   655  920s
  3702  2523 4461.73993   22   69 4782.43030 4279.68638  10.5%   656  925s
  3731  2552 4667.81053   37   73 4782.43030 4279.68638  10.5%   655  930s
  3773  2580 4763.29842   58   75 4782.43030 4279.68638  10.5%   652  935s
  3812  2593 4614.11689   28   99 4782.43030 4280.31772  10.5%   649  940s
  3822  2603 4696.38883   32   86 4782.43030 4280.31772  10.5%   651  945s
  3847  2608 4366.21113   22   55 4782.43030 4281.37806  10.5%   651  950s
  3864  2625 4612.03436   39  129 4782.43030 4281.37806  10.5%   652  955s
  3883  2632 4522.25941   22  107 4782.43030 4281.37806  10.5%   652  960s
  3897  2642 4776.84078   33   56 4782.43030 4281.37806  10.5%   654  965s
  3919  2652 4579.25467   26   40 4782.43030 4281.49221  10.5%   654  970s
  3941  2662 4378.20018   19  118 4782.43030 4282.49758  10.5%   654  976s
  3955  2674     cutoff   33      4782.43030 4282.49758  10.5%   654  980s
  3966  2677 4505.86735   24   20 4782.43030 4288.64862  10.3%   656  985s
  3980  2691 4672.05970   29   19 4782.43030 4288.64862  10.3%   658  990s
  3992  2703 4728.55933   30   99 4782.43030 4288.64862  10.3%   660  995s
  4024  2709 4370.18737   20  118 4782.43030 4290.67503  10.3%   659 1000s
  4032  2717 4601.64681   28   54 4782.43030 4290.67503  10.3%   661 1005s
  4055  2724 4326.81645   22  120 4782.43030 4290.69893  10.3%   661 1010s
  4062  2731 4583.03315   29  115 4782.43030 4290.69893  10.3%   663 1015s
  4074  2743 4697.19441   41  143 4782.43030 4290.69893  10.3%   665 1020s
  4089  2749 4562.65490   27   99 4782.43030 4290.80979  10.3%   667 1025s
  4108  2760 4375.19658   23  161 4782.43030 4293.15756  10.2%   668 1030s
  4115  2767 4587.81374   30  160 4782.43030 4293.15756  10.2%   670 1035s
  4136  2782 4738.72549   46  110 4782.43030 4293.15756  10.2%   670 1040s
  4158  2794 4720.78208   38   35 4782.43030 4293.81428  10.2%   670 1045s
  4175  2803 4505.03443   26   46 4782.43030 4294.20651  10.2%   671 1050s
  4195  2816 4488.53108   25   73 4782.43030 4294.20651  10.2%   672 1055s
  4214  2827 4356.04306   19  169 4782.43030 4295.59075  10.2%   672 1060s
  4228  2841 4523.47426   25  103 4782.43030 4295.59075  10.2%   674 1065s
  4245  2858 4599.01613   31  128 4782.43030 4295.59075  10.2%   675 1070s
  4264  2873     cutoff   41      4782.43030 4295.59075  10.2%   675 1075s
  4281  2881 4486.37356   23  157 4782.43030 4295.59075  10.2%   676 1080s
  4296  2896 4660.70694   38  113 4782.43030 4295.59075  10.2%   677 1085s
  4334  2902 4354.90301   17  211 4782.43030 4297.20778  10.1%   675 1090s
  4342  2910 4533.41968   25  200 4782.43030 4297.20778  10.1%   677 1095s
  4366  2924 4338.32187   18  169 4782.43030 4297.20778  10.1%   677 1100s
  4371  2929 4480.02636   21  147 4782.43030 4297.20778  10.1%   680 1105s
  4379  2937 4548.79196   21   98 4782.43030 4297.20778  10.1%   682 1110s
  4389  2947 4518.73660   24  179 4782.43030 4297.20778  10.1%   684 1115s
  4398  2956 4550.64514   27  163 4782.43030 4297.20778  10.1%   685 1120s
  4416  2974 4658.84321   32  142 4782.43030 4297.20778  10.1%   686 1125s
  4432  2990 4677.27961   37  169 4782.43030 4297.20778  10.1%   686 1130s
  4484  3025 4362.57192   18  165 4782.43030 4299.91008  10.1%   682 1135s
  4497  3031 4618.21790   25  108 4782.43030 4299.91008  10.1%   683 1140s
  4514  3036 4336.00307   18  157 4782.43030 4301.83325  10.0%   684 1145s
  4521  3043 4425.64007   22  116 4782.43030 4301.83325  10.0%   686 1150s
  4536  3058 4588.18618   29   76 4782.43030 4301.83325  10.0%   687 1155s
  4551  3073 4638.40375   37   76 4782.43030 4301.83325  10.0%   688 1160s
  4580  3100 4659.76755   51   64 4782.43030 4301.83325  10.0%   687 1165s
  4608  3128 4747.79355   65   94 4782.43030 4301.83325  10.0%   686 1170s
  4652  3151 4726.22735   88   95 4782.43030 4301.83325  10.0%   683 1175s
  4699  3152 4477.71527   28   41 4782.43030 4307.20039  9.94%   679 1180s
  4710  3163 4697.01876   39  116 4782.43030 4307.20039  9.94%   681 1185s
  4725  3170 4608.11545   30   78 4782.43030 4307.20039  9.94%   682 1190s
  4745  3182 4540.15656   27   92 4782.43030 4308.20891  9.92%   683 1195s
  4766  3193 4365.19726   18   57 4782.43030 4308.20891  9.92%   683 1200s
  4776  3203 4566.93088   28  170 4782.43030 4308.20891  9.92%   684 1205s
  4792  3211 4389.56966   19   96 4782.43030 4309.38724  9.89%   685 1210s
  4807  3226 4703.66059   34  119 4782.43030 4309.38724  9.89%   685 1215s
  4821  3232 4452.52816   19  182 4782.43030 4309.38724  9.89%   686 1220s
  4841  3246 4730.80089   34   53 4782.43030 4309.38724  9.89%   686 1225s
  4855  3248 4409.33451   18  198 4782.43030 4310.57013  9.87%   687 1230s
  4866  3259 4598.99225   29  172 4782.43030 4310.57013  9.87%   689 1235s
  4884  3267 4598.67151   23   98 4782.43030 4311.09691  9.86%   689 1240s
  4894  3273 4669.70436   26   76 4782.43030 4311.09691  9.86%   691 1245s
  4907  3280     cutoff   30      4782.43030 4311.09691  9.86%   692 1250s
  4924  3285 4386.49911   19  174 4782.43030 4313.70053  9.80%   692 1255s
  4934  3295 4475.68749   23  151 4782.43030 4313.70053  9.80%   693 1260s
  4955  3316 4581.04383   31  166 4782.43030 4313.70053  9.80%   694 1265s
  4971  3332 4640.36821   36  151 4782.43030 4313.70053  9.80%   694 1270s
  4991  3352 4728.59383   42  150 4782.43030 4313.70053  9.80%   694 1275s
  5041  3382 4332.57939   18   98 4782.43030 4314.07054  9.79%   690 1280s
  5052  3390 4694.46760   28  141 4782.43030 4314.07054  9.79%   692 1285s
  5060  3392 4511.80755   22  121 4782.43030 4316.56522  9.74%   693 1290s
  5076  3408 4762.81610   38  116 4782.43030 4316.56522  9.74%   694 1295s
  5088  3412 4504.51835   21  138 4782.43030 4316.56522  9.74%   696 1300s
  5111  3425 4429.58502   16  171 4782.43030 4318.26356  9.71%   696 1306s
  5125  3439 4758.40572   30  100 4782.43030 4318.26356  9.71%   696 1310s
  5140  3444 4733.17640   32   72 4782.43030 4318.88269  9.69%   697 1315s
  5157  3453 4618.75286   27  177 4782.43030 4318.88269  9.69%   698 1320s
  5174  3460     cutoff   37      4782.43030 4318.88269  9.69%   699 1325s
  5187  3465 4546.04957   24  183 4782.43030 4324.21976  9.58%   700 1330s
  5205  3479     cutoff   41      4782.43030 4324.21976  9.58%   701 1335s
  5217  3481 4363.74861   21  188 4782.43030 4324.21976  9.58%   702 1340s
  5228  3492 4520.14357   32  139 4782.43030 4324.21976  9.58%   703 1345s
  5251  3515 4721.25351   55  116 4782.43030 4324.21976  9.58%   703 1350s
  5268  3522 4439.06552   23  158 4782.43030 4324.47239  9.58%   704 1355s
  5277  3531 4547.92395   32  156 4782.43030 4324.47239  9.58%   704 1360s
  5297  3551 4746.09151   52  112 4782.43030 4324.47239  9.58%   705 1365s
  5330  3566 4597.20203   28   57 4782.43030 4325.47328  9.55%   703 1370s
  5351  3579 4742.11508   36   29 4782.43030 4325.47328  9.55%   703 1375s
  5376  3574 4478.05790   23   84 4782.43030 4325.47328  9.55%   703 1380s
  5385  3583 4577.83974   26   66 4782.43030 4325.47328  9.55%   705 1385s
  5393  3591 4669.67570   27   84 4782.43030 4325.47328  9.55%   706 1390s
  5401  3599 4727.91263   28   86 4782.43030 4325.47328  9.55%   708 1395s
  5408  3606 4712.27080   29   94 4782.43030 4325.47328  9.55%   710 1400s
  5421  3611 4456.63844   24   73 4782.43030 4326.81738  9.53%   711 1405s
  5431  3621 4679.76941   27   48 4782.43030 4326.81738  9.53%   712 1410s
  5443  3627 4776.78673   29   70 4782.43030 4326.81738  9.53%   713 1415s
  5455  3629 4551.65947   29  169 4782.43030 4327.31417  9.52%   715 1420s
  5475  3639 4513.59234   22   75 4782.43030 4328.47267  9.49%   715 1425s
  5489  3653 4722.43618   36  132 4782.43030 4328.47267  9.49%   716 1430s
  5509  3656 4423.94620   23  142 4782.43030 4328.52596  9.49%   717 1435s
  5525  3672 4602.73855   39  106 4782.43030 4328.52596  9.49%   717 1440s
  5552  3683 4449.34310   26  182 4782.43030 4329.53126  9.47%   716 1445s
  5570  3691 4426.50682   20  124 4782.43030 4330.47821  9.45%   717 1450s
  5577  3698 4616.00223   27  152 4782.43030 4330.47821  9.45%   718 1455s
  5590  3707     cutoff   39      4782.43030 4330.47821  9.45%   719 1460s
  5598  3711 4502.84160   23   60 4782.43030 4330.47821  9.45%   720 1465s
  5617  3720     cutoff   37      4782.43030 4330.47821  9.45%   720 1470s
  5630  3731 4670.19460   29  179 4782.43030 4331.35107  9.43%   721 1475s
  5643  3736 4396.05799   20  155 4782.43030 4332.33620  9.41%   722 1480s
  5656  3749 4536.04624   33  148 4782.43030 4332.33620  9.41%   723 1485s
  5677  3770 4730.34425   54  168 4782.43030 4332.33620  9.41%   723 1490s
  5696  3779 4569.83803   26   67 4782.43030 4332.34259  9.41%   724 1495s
  5712  3787 4419.80302   23   79 4782.43030 4332.57939  9.41%   724 1500s
  5721  3796 4515.46943   25  100 4782.43030 4332.57939  9.41%   726 1505s
  5731  3806 4653.50054   27   80 4782.43030 4332.57939  9.41%   727 1510s
  5742  3817 4673.46354   29   68 4782.43030 4332.57939  9.41%   728 1515s
  5754  3829 4716.67746   33   93 4782.43030 4332.57939  9.41%   729 1520s
  5771  3836 4516.49836   21   89 4782.43030 4332.59709  9.41%   730 1525s
  5781  3840 4777.07829   27   76 4782.43030 4332.59709  9.41%   731 1530s
  5797  3844 4709.44962   33   31 4782.43030 4333.30288  9.39%   732 1535s
  5809  3848 4627.73787   22  113 4782.43030 4333.72624  9.38%   733 1540s
  5823  3852 4385.30388   20  172 4782.43030 4335.58021  9.34%   734 1545s
  5834  3863 4586.61779   31  184 4782.43030 4335.58021  9.34%   735 1550s
  5853  3872 4528.58269   27  109 4782.43030 4335.94686  9.34%   735 1555s
  5872  3879 4492.89936   22   89 4782.43030 4335.96916  9.34%   735 1560s
  5885  3892 4718.30688   35  115 4782.43030 4335.96916  9.34%   736 1565s
  5900  3899 4580.13443   21   86 4782.43030 4337.04142  9.31%   737 1570s
  5907  3906 4493.48365   25   71 4782.43030 4337.04142  9.31%   737 1579s
  5910  3909 4542.04859   26   96 4782.43030 4337.04142  9.31%   737 1580s
  5930  3927 4679.35451   36   73 4782.43030 4337.04142  9.31%   737 1585s
  5985  3960     cutoff   64      4782.43030 4337.04142  9.31%   733 1590s
  6003  3966 4522.46118   29  146 4782.43030 4339.82869  9.25%   733 1595s
  6017  3980 4757.67354   43  135 4782.43030 4339.82869  9.25%   733 1600s
  6031  3984 4558.18886   25   58 4782.43030 4339.82869  9.25%   734 1605s
  6060  3997 4437.05882   20  142 4782.43030 4341.54826  9.22%   733 1610s
  6090  4019     cutoff   46      4782.43030 4341.54826  9.22%   732 1615s
  6116  4029 4452.05196   22  103 4782.43030 4341.54826  9.22%   731 1620s
  6126  4039 4489.69969   23  142 4782.43030 4341.54826  9.22%   733 1625s
  6139  4052 4598.79726   26   70 4782.43030 4341.54826  9.22%   733 1630s
  6148  4061 4618.31852   26   56 4782.43030 4341.54826  9.22%   735 1635s
  6158  4071 4622.65010   27   79 4782.43030 4341.54826  9.22%   736 1640s
  6167  4080 4706.88368   28   69 4782.43030 4341.54826  9.22%   737 1645s
  6178  4091 4654.21061   29   79 4782.43030 4341.54826  9.22%   738 1650s
  6187  4100 4698.88635   28   85 4782.43030 4341.54826  9.22%   739 1655s
  6197  4110 4697.02203   28   81 4782.43030 4341.54826  9.22%   741 1660s
  6211  4124 4673.81895   30   85 4782.43030 4341.54826  9.22%   741 1665s
  6224  4137 4737.01894   30   68 4782.43030 4341.54826  9.22%   742 1670s
  6243  4142 infeasible   32      4782.43030 4341.54826  9.22%   742 1675s
  6261  4138     cutoff   31      4782.43030 4341.54826  9.22%   743 1680s
  6281  4130 4628.33997   25   84 4782.43030 4341.67880  9.22%   743 1685s
  6299  4140 4453.79041   25  113 4782.43030 4342.13009  9.21%   744 1690s
  6311  4152 4665.03403   37  102 4782.43030 4342.13009  9.21%   745 1695s
  6327  4158 4471.37758   23  137 4782.43030 4342.66083  9.20%   745 1700s
  6344  4175 4598.85499   40  147 4782.43030 4342.66083  9.20%   745 1705s
  6387  4203 4752.79213   73  142 4782.43030 4342.66083  9.20%   743 1710s
  6411  4213 4548.97377   28  106 4782.43030 4344.52123  9.16%   742 1715s
  6444  4228 4416.10014   27   99 4782.43030 4345.07672  9.15%   741 1720s
  6458  4242 4625.44527   34   65 4782.43030 4345.07672  9.15%   742 1725s
  6482  4253 4765.36859   42   54 4782.43030 4345.07672  9.15%   741 1730s
  6499  4258 4554.53464   27  104 4782.43030 4348.28189  9.08%   741 1735s
  6523  4270 4456.79127   22   73 4782.43030 4348.62044  9.07%   741 1740s
  6535  4278     cutoff   33      4782.43030 4348.62044  9.07%   742 1745s
  6547  4284 4486.46231   26  109 4782.43030 4348.62044  9.07%   743 1750s
  6572  4309 4763.26713   51   90 4782.43030 4348.62044  9.07%   743 1757s
  6584  4313 4402.07253   21  119 4782.43030 4349.26309  9.06%   742 1760s
  6602  4331 4647.03610   39  147 4782.43030 4349.26309  9.06%   743 1765s
  6635  4355 4576.04551   30   92 4782.43030 4349.76573  9.05%   742 1770s
  6650  4360 4537.53299   25   55 4782.43030 4350.06797  9.04%   742 1775s
  6661  4371 4600.19388   28  106 4782.43030 4350.06797  9.04%   743 1780s
  6674  4384 4631.37447   32   69 4782.43030 4350.06797  9.04%   744 1785s
  6690  4398 4649.29361   39  190 4782.43030 4350.06797  9.04%   744 1790s
  6703  4411 4704.07657   46   46 4782.43030 4350.06797  9.04%   744 1795s
  6729  4437 4729.93847   57  146 4782.43030 4350.06797  9.04%   744 1800s
  6765  4469 4727.21011   70   87 4782.43030 4350.06797  9.04%   742 1805s
  6799  4493 4637.80422   30   58 4782.43030 4350.50693  9.03%   741 1810s
  6812  4496 4535.59254   24   78 4782.43030 4351.68641  9.01%   741 1815s
  6826  4502 4418.11804   21  144 4782.43030 4351.68771  9.01%   742 1820s
  6836  4510 4766.71489   30   92 4782.43030 4351.68771  9.01%   743 1825s
  6848  4514 4513.22405   24  143 4782.43030 4351.95300  9.00%   745 1830s
  6858  4524 4602.67595   29   83 4782.43030 4351.95300  9.00%   745 1835s
  6875  4541 4705.94212   38  102 4782.43030 4351.95300  9.00%   746 1840s
  6894  4546 4435.57079   21  151 4782.43030 4351.95300  9.00%   746 1845s
  6916  4558 4740.79281   35   84 4782.43030 4351.95300  9.00%   746 1850s
  6934  4570 4623.79812   33  110 4782.43030 4352.13457  9.00%   746 1855s
  6959  4582 4448.18279   17  116 4782.43030 4352.32889  8.99%   746 1860s
  6965  4588 4509.41557   20  166 4782.43030 4352.32889  8.99%   747 1865s
  6978  4601 4584.46005   26  121 4782.43030 4352.32889  8.99%   748 1870s
  6986  4609 4724.87846   30   82 4782.43030 4352.32889  8.99%   748 1875s
  7001  4616 4566.72612   24  151 4782.43030 4352.35726  8.99%   749 1880s
  7021  4622     cutoff   34      4782.43030 4352.35726  8.99%   749 1885s
  7031  4630 4673.32349   31  143 4782.43030 4352.70093  8.99%   750 1890s
  7047  4632 4416.78997   20  206 4782.43030 4352.73359  8.98%   750 1895s
  7055  4640 4466.26137   28  214 4782.43030 4352.73359  8.98%   752 1900s
  7082  4659 4417.75269   20  172 4782.43030 4353.52574  8.97%   751 1905s
  7088  4665 4463.34538   21  170 4782.43030 4353.52574  8.97%   753 1910s
  7099  4676 4506.26519   29  146 4782.43030 4353.52574  8.97%   753 1915s
  7111  4688 4508.88561   31  134 4782.43030 4353.52574  8.97%   754 1920s
  7123  4700 4576.85017   36  153 4782.43030 4353.52574  8.97%   755 1925s
  7137  4714 4624.15022   41  204 4782.43030 4353.52574  8.97%   756 1930s
  7159  4734 4759.01133   48  102 4782.43030 4353.52574  8.97%   756 1935s
  7196  4749 4393.99755   21  173 4782.43030 4354.43049  8.95%   754 1940s
  7207  4760 4631.79584   32  169 4782.43030 4354.43049  8.95%   755 1945s
  7236  4767     cutoff   43      4782.43030 4354.43049  8.95%   754 1950s
  7250  4775 4646.63113   26  180 4782.43030 4354.70495  8.94%   755 1955s
  7267  4784 4449.68117   23   98 4782.43030 4354.85586  8.94%   755 1961s
  7276  4793 4597.40504   32   89 4782.43030 4354.85586  8.94%   756 1965s
  7295  4798 4417.95278   22  124 4782.43030 4354.94611  8.94%   756 1970s
  7320  4815     cutoff   42      4782.43030 4354.94611  8.94%   756 1975s
  7329  4824 4630.92481   26   44 4782.43030 4354.96556  8.94%   756 1980s
  7343  4828 4384.04489   22  206 4782.43030 4354.96556  8.94%   757 1985s
  7353  4838 4632.20751   32  182 4782.43030 4354.96556  8.94%   758 1990s
  7376  4851 4490.16864   24  191 4782.43030 4355.61953  8.92%   758 1995s
  7391  4866 4704.93752   39  182 4782.43030 4355.61953  8.92%   758 2000s
  7412  4876 4573.08354   29   91 4782.43030 4355.61953  8.92%   758 2005s
  7438  4894     cutoff   51      4782.43030 4355.61953  8.92%   758 2010s
  7465  4905 4570.21637   25  113 4782.43030 4356.25861  8.91%   757 2015s
  7483  4917     cutoff   29      4782.43030 4356.25861  8.91%   757 2020s
  7493  4915 4408.24886   22  197 4782.43030 4356.27181  8.91%   758 2025s
  7508  4930 4596.91010   37  118 4782.43030 4356.27181  8.91%   759 2030s
  7529  4943 4726.60635   51  117 4782.43030 4356.27181  8.91%   759 2035s
  7565  4950 4423.20786   21  115 4782.43030 4357.31187  8.89%   757 2040s
  7579  4964 4525.79816   29   97 4782.43030 4357.31187  8.89%   757 2045s
  7592  4977 4729.82499   33  115 4782.43030 4357.31187  8.89%   758 2050s
  7617  5002 4654.56010   42   81 4782.43030 4357.31187  8.89%   757 2055s
  7648  5019 4430.02839   18  159 4782.43030 4357.51894  8.88%   756 2061s
  7658  5029 4657.27477   28  103 4782.43030 4357.51894  8.88%   757 2065s
  7673  5034 4532.36219   20  133 4782.43030 4357.51894  8.88%   758 2070s
  7697  5044 4497.05642   17  175 4782.43030 4357.92789  8.88%   758 2075s
  7714  5051 4445.69531   17  179 4782.43030 4358.09374  8.87%   758 2080s
  7724  5061 4655.41896   27  107 4782.43030 4358.09374  8.87%   759 2085s
  7740  5069 4646.33183   28   74 4782.43030 4358.44024  8.87%   759 2090s
  7752  5073 4474.35957   20  118 4782.43030 4359.26046  8.85%   759 2095s
  7765  5076 4416.55443   20  172 4782.43030 4360.36179  8.83%   760 2100s
  7778  5089 4711.23926   33  128 4782.43030 4360.36179  8.83%   761 2105s
  7794  5097 4570.57468   26   61 4782.43030 4360.44981  8.82%   761 2110s
  7819  5110 4512.86948   24   21 4782.43030 4360.50576  8.82%   761 2115s
  7832  5119     cutoff   36      4782.43030 4360.50576  8.82%   761 2120s
  7847  5122 4509.97247   23  110 4782.43030 4360.70990  8.82%   762 2125s
  7865  5140 4673.35514   41  100 4782.43030 4360.70990  8.82%   762 2130s
  7889  5150 4555.77069   34   23 4782.43030 4361.15381  8.81%   762 2135s
  7903  5164 4625.80395   35   75 4782.43030 4361.15381  8.81%   763 2140s
  7915  5176 4682.34702   38   32 4782.43030 4361.15381  8.81%   763 2145s
  7932  5175 4429.83240   18  209 4782.43030 4361.98745  8.79%   763 2150s
  7945  5188 4579.81471   31  104 4782.43030 4361.98745  8.79%   764 2155s
  7968  5209     cutoff   54      4782.43030 4361.98745  8.79%   763 2160s
  7982  5216 4535.25884   20  114 4782.43030 4361.98745  8.79%   764 2165s
  8003  5223 4721.89853   28   75 4782.43030 4361.98745  8.79%   764 2170s
  8031  5229 4759.05050   36   78 4782.43030 4361.98745  8.79%   763 2175s
  8074  5226 4455.45543   16   44 4782.43030 4362.28031  8.79%   761 2180s
  8080  5232 4587.42581   22  119 4782.43030 4362.28031  8.79%   762 2185s
  8086  5238 4694.01715   28  156 4782.43030 4362.28031  8.79%   763 2190s
  8095  5239 4506.33760   22  149 4782.43030 4362.57192  8.78%   764 2195s
  8109  5253 4772.18327   36  124 4782.43030 4362.57192  8.78%   765 2200s
  8130  5262 4706.79404   28  153 4782.43030 4363.07274  8.77%   764 2205s
  8144  5268 4446.45542   24   99 4782.43030 4363.07274  8.77%   765 2210s
  8161  5281 4674.52729   38  111 4782.43030 4363.07274  8.77%   765 2215s
  8178  5290 4391.53486   21  142 4782.43030 4363.07464  8.77%   765 2220s
  8195  5307 4614.21954   38  125 4782.43030 4363.07464  8.77%   765 2225s
  8231  5331 4531.50661   21  144 4782.43030 4363.34052  8.76%   764 2230s
  8253  5341 4381.68084   19  213 4782.43030 4363.63874  8.76%   764 2235s
  8261  5349 4492.57869   23   84 4782.43030 4363.63874  8.76%   764 2240s
  8273  5361 4573.27369   29   79 4782.43030 4363.63874  8.76%   765 2245s
  8298  5386 4680.12413   42   87 4782.43030 4363.63874  8.76%   765 2250s
  8323  5405     cutoff   54      4782.43030 4363.63874  8.76%   764 2255s
  8357  5411 4571.45275   25  126 4782.43030 4363.74861  8.75%   763 2260s
  8374  5416 4691.57588   32   52 4782.43030 4363.74861  8.75%   763 2265s
  8388  5422 4451.56908   26  135 4782.43030 4364.53037  8.74%   763 2270s
  8400  5434 4561.92718   30  179 4782.43030 4364.53037  8.74%   764 2275s
  8415  5449 4575.10404   37   98 4782.43030 4364.53037  8.74%   764 2280s
  8436  5470 4670.40020   43   53 4782.43030 4364.53037  8.74%   764 2285s
  8470  5504 4699.97419   56   89 4782.43030 4364.53037  8.74%   763 2290s
  8515  5549 4749.40756   70  133 4782.43030 4364.53037  8.74%   760 2295s
  8567  5579 4421.59783   26  123 4782.43030 4364.56696  8.74%   758 2300s
  8582  5586 4506.79039   27   56 4782.43030 4364.64911  8.74%   758 2305s
  8602  5592 4445.36845   18  105 4782.43030 4365.19726  8.72%   758 2310s
  8622  5602 4498.85908   19   50 4782.43030 4365.41953  8.72%   758 2315s
  8631  5605     cutoff   25      4782.43030 4365.41953  8.72%   759 2320s
  8648  5616 4515.92629   34  148 4782.43030 4365.74678  8.71%   759 2325s
  8679  5639 4424.83461   19  160 4782.43030 4365.74678  8.71%   758 2331s
  8686  5646 4520.78638   26  146 4782.43030 4365.74678  8.71%   759 2335s
  8718  5666 4392.91773   19  186 4782.43030 4365.90796  8.71%   759 2341s
  8723  5671 4512.42093   24  129 4782.43030 4365.90796  8.71%   759 2345s
  8745  5683 4410.34768   17  220 4782.43030 4365.90796  8.71%   759 2350s
  8756  5694 4693.01143   28   85 4782.43030 4365.90796  8.71%   760 2355s
  8768  5698 4465.79091   19  133 4782.43030 4365.93756  8.71%   761 2360s
  8786  5710     cutoff   35      4782.43030 4365.93756  8.71%   761 2365s
  8794  5716 4468.29507   27  183 4782.43030 4365.93756  8.71%   762 2370s
  8815  5729 4406.69299   21  222 4782.43030 4366.21113  8.70%   761 2375s
  8821  5735 4452.21556   24  185 4782.43030 4366.21113  8.70%   762 2380s
  8835  5749 4555.46953   34  107 4782.43030 4366.21113  8.70%   763 2385s
  8856  5770 4642.02117   46  115 4782.43030 4366.21113  8.70%   763 2390s
  8874  5788 4657.85079   53   84 4782.43030 4366.21113  8.70%   763 2395s
  8901  5815 4689.71792   61   96 4782.43030 4366.21113  8.70%   762 2400s
  8937  5851 4707.74398   75  112 4782.43030 4366.21113  8.70%   760 2405s
  8957  5863 4720.47796   28   60 4782.43030 4366.94203  8.69%   760 2410s
  8971  5865 4395.04657   20  141 4782.43030 4366.94203  8.69%   761 2415s
  8976  5870 4475.80438   25   84 4782.43030 4366.94203  8.69%   761 2420s
  8994  5888 4662.90476   43  100 4782.43030 4366.94203  8.69%   761 2425s
  9008  5892 4509.98999   23   44 4782.43030 4368.08566  8.66%   762 2430s
  9022  5902     cutoff   36      4782.43030 4368.08566  8.66%   762 2435s
  9046  5902     cutoff   38      4782.43030 4368.08566  8.66%   762 2440s
  9063  5901 4399.18839   28   64 4782.43030 4368.13376  8.66%   762 2445s
  9077  5911 4719.75487   33   48 4782.43030 4368.13376  8.66%   763 2450s
  9091  5913 4521.65979   29   24 4782.43030 4368.20341  8.66%   763 2455s
  9108  5922 4428.46320   25  171 4782.43030 4368.21044  8.66%   763 2460s
  9120  5934 4518.33025   31  106 4782.43030 4368.21044  8.66%   764 2465s
  9143  5957 4597.33037   42  125 4782.43030 4368.21044  8.66%   764 2470s
  9170  5982 4696.79181   56  142 4782.43030 4368.21044  8.66%   763 2475s
  9212  6020 4731.64812   77  136 4782.43030 4368.21044  8.66%   761 2480s
  9235  6028 4469.90167   27  153 4782.43030 4368.72540  8.65%   761 2485s
  9262  6055 4693.58200   54  151 4782.43030 4368.72540  8.65%   760 2490s
  9288  6072 4522.12100   27  104 4782.43030 4369.02291  8.64%   760 2495s
  9304  6088 4768.50273   43  118 4782.43030 4369.02291  8.64%   760 2500s
  9321  6091 4507.84838   21  128 4782.43030 4369.64581  8.63%   760 2505s
  9335  6105 4666.38298   35  130 4782.43030 4369.64581  8.63%   761 2510s
  9353  6111 4462.03548   23  141 4782.43030 4369.97147  8.62%   761 2515s
  9370  6122     cutoff   37      4782.43030 4369.97147  8.62%   761 2520s
  9384  6128 4449.86707   23   90 4782.43030 4369.97752  8.62%   761 2525s
  9395  6139 4550.92762   28   87 4782.43030 4369.97752  8.62%   762 2530s
  9408  6152 4616.35097   33   79 4782.43030 4369.97752  8.62%   763 2535s
  9424  6168 4667.70885   39   81 4782.43030 4369.97752  8.62%   763 2540s
  9460  6204 4688.04688   51   95 4782.43030 4369.97752  8.62%   761 2545s
  9490  6232 4734.37790   60   73 4782.43030 4369.97752  8.62%   760 2550s
  9527  6257 4578.62767   28  122 4782.43030 4369.97752  8.62%   759 2555s
  9535  6265 4645.02954   36  118 4782.43030 4369.97752  8.62%   760 2560s
  9551  6269 4416.97879   22   95 4782.43030 4370.20474  8.62%   761 2566s
  9559  6277 4594.94318   30  100 4782.43030 4370.20474  8.62%   761 2570s
  9571  6287 4719.07915   41  116 4782.43030 4370.20474  8.62%   762 2575s
  9584  6292 4644.65348   25  121 4782.43030 4370.93696  8.60%   762 2580s
  9598  6296 4426.67971   24  186 4782.43030 4370.98350  8.60%   763 2585s
  9610  6308 4561.75864   36  129 4782.43030 4370.98350  8.60%   763 2590s
  9648  6332 4407.75297   23  188 4782.43030 4370.98350  8.60%   762 2596s
  9657  6341 4741.09032   32   73 4782.43030 4370.98350  8.60%   762 2600s
  9674  6346 4587.23265   30  173 4782.43030 4371.90745  8.58%   763 2605s
  9701  6363 4630.23553   33   58 4782.43030 4372.08926  8.58%   762 2610s
  9716  6370 4499.23072   20  111 4782.43030 4372.13385  8.58%   763 2615s
  9731  6379 4656.75933   30  104 4782.43030 4372.13385  8.58%   763 2620s
  9756  6392 4594.13693   24  113 4782.43030 4372.79843  8.57%   763 2625s
  9774  6396 4412.91643   20  137 4782.43030 4373.45903  8.55%   763 2631s
  9781  6403 4590.73853   27  116 4782.43030 4373.45903  8.55%   763 2635s
  9792  6414 4741.35954   38  122 4782.43030 4373.45903  8.55%   764 2640s
  9810  6418 4682.79563   27   92 4782.43030 4373.45903  8.55%   764 2645s
  9819  6427 4657.99710   29   84 4782.43030 4373.45903  8.55%   765 2650s
  9829  6437 4750.14627   33   78 4782.43030 4373.45903  8.55%   766 2655s
  9844  6438 4507.39439   26  107 4782.43030 4373.61265  8.55%   766 2660s
  9857  6449 4765.04076   38  114 4782.43030 4373.61265  8.55%   766 2665s
  9877  6457 4561.31328   23   59 4782.43030 4373.61265  8.55%   766 2670s
  9895  6467 4468.77514   19   83 4782.43030 4373.61445  8.55%   766 2675s
  9906  6478 4526.70775   24   86 4782.43030 4373.61445  8.55%   767 2680s
  9919  6491 4605.53806   31   82 4782.43030 4373.61445  8.55%   767 2685s
  9933  6505 4732.30724   38   77 4782.43030 4373.61445  8.55%   768 2690s
  9970  6517 4542.60537   24  115 4782.43030 4373.63211  8.55%   766 2696s
  9977  6524 4668.55539   31  111 4782.43030 4373.63211  8.55%   767 2700s
 10006  6527 4433.67124   22  115 4782.43030 4373.89284  8.54%   766 2705s
 10021  6542 4736.24844   37   94 4782.43030 4373.89284  8.54%   766 2710s
 10031  6544 4429.73866   19  157 4782.43030 4374.84230  8.52%   767 2715s
 10042  6555 4550.09002   30  166 4782.43030 4374.84230  8.52%   767 2720s
 10062  6563 4539.37202   21  129 4782.43030 4375.19658  8.52%   767 2725s
 10070  6571 4677.94437   29  156 4782.43030 4375.19658  8.52%   768 2730s
 10084  6575 4483.58845   24   85 4782.43030 4375.27437  8.51%   769 2735s
 10091  6582 4607.69493   26   76 4782.43030 4375.27437  8.51%   769 2740s
 10099  6590 4667.61193   28   64 4782.43030 4375.27437  8.51%   770 2745s
 10110  6591 4563.82789   21  151 4782.43030 4375.64856  8.51%   771 2750s
 10131  6600 4505.49312   27   22 4782.43030 4376.81832  8.48%   770 2755s
 10138  6607 4652.44216   34  162 4782.43030 4376.81832  8.48%   771 2760s
 10153  6612 4610.65881   23  129 4782.43030 4376.92612  8.48%   772 2765s
 10162  6621 4642.20016   25  122 4782.43030 4376.92612  8.48%   772 2770s
 10176  6635 4762.99298   30   52 4782.43030 4376.92612  8.48%   773 2775s
 10187  6636 4551.42239   23  127 4782.43030 4377.46242  8.47%   773 2780s
 10197  6646 4750.99347   33  122 4782.43030 4377.46242  8.47%   774 2785s
 10203  6645 4719.50035   71  108 4782.43030 4377.46242  8.47%   774 2858s
 10206  6647 4751.92984   40  126 4782.43030 4377.46242  8.47%   774 2861s
 10211  6650 4488.64753   26  152 4782.43030 4377.46242  8.47%   773 2865s
 10220  6656 4722.03763   43  155 4782.43030 4377.46242  8.47%   772 2870s
 10228  6662 4503.77377   35  161 4782.43030 4377.46242  8.47%   772 2875s
 10236  6667 4618.59831   24  154 4782.43030 4377.46242  8.47%   771 2880s
 10244  6672 4539.94630   40  171 4782.43030 4377.46242  8.47%   771 2885s
 10252  6678 4658.80142   35  173 4782.43030 4377.46242  8.47%   770 2890s
 10256  6680 4671.35774   43  176 4782.43030 4377.46242  8.47%   770 2896s
 10259  6684 4377.46242   24  158 4782.43030 4377.46242  8.47%   773 2900s
 10264  6688 4377.46242   26  119 4782.43030 4377.46242  8.47%   774 2905s
 10268  6690 4585.22233   28   85 4782.43030 4377.46242  8.47%   775 2910s
 10277  6695 4725.16583   33   35 4782.43030 4377.46242  8.47%   776 2915s
 10299  6706 4762.94731   44   75 4782.43030 4377.46242  8.47%   775 2920s
 10314  6705 4377.46242   25  196 4782.43030 4377.46242  8.47%   775 2925s
 10318  6708 4379.91836   27  162 4782.43030 4377.46242  8.47%   777 2932s
 10324  6712 4473.94805   30  122 4782.43030 4377.46242  8.47%   777 2935s
 10329  6715 4544.54304   33  135 4782.43030 4377.46242  8.47%   778 2940s
 10334  6718 4544.19367   35  153 4782.43030 4377.46242  8.47%   780 2945s
 10342  6724 4608.24188   39  145 4782.43030 4377.46242  8.47%   780 2950s
 10353  6731 4630.52072   45  140 4782.43030 4377.46242  8.47%   781 2955s
 10371  6743 4677.11118   54  133 4782.43030 4377.46242  8.47%   780 2960s
 10386  6752 4747.28765   61  134 4782.43030 4377.46242  8.47%   780 2965s
 10398  6752 4377.46242   26  198 4782.43030 4377.46242  8.47%   780 2970s
 10403  6755 4377.46242   29  178 4782.43030 4377.46242  8.47%   782 2976s
 10407  6758 4377.46242   31  179 4782.43030 4377.46242  8.47%   782 2980s
 10418  6765 4433.36033   36  168 4782.43030 4377.46242  8.47%   782 2985s
 10425  6770 4440.50622   40  170 4782.43030 4377.46242  8.47%   783 2990s
 10436  6777 4492.08040   45  194 4782.43030 4377.46242  8.47%   783 2995s
 10449  6786 4545.14818   52  152 4782.43030 4377.46242  8.47%   784 3000s
 10470  6800 4695.80344   62  136 4782.43030 4377.46242  8.47%   783 3005s
 10486  6811 4619.87490   70  122 4782.43030 4377.46242  8.47%   783 3010s
 10502  6821 4659.54226   78  135 4782.43030 4377.46242  8.47%   782 3015s
 10518  6827 4772.25880   86  144 4782.43030 4377.46242  8.47%   782 3020s
 10546  6819 4377.46242   27  152 4782.43030 4377.46242  8.47%   781 3026s
 10552  6823 4377.46242   30  169 4782.43030 4377.46242  8.47%   782 3030s
 10560  6826 4397.70260   34  163 4782.43030 4377.46242  8.47%   782 3035s
 10572  6834 4436.36391   40  140 4782.43030 4377.46242  8.47%   782 3040s
 10582  6841 4479.75225   45  116 4782.43030 4377.46242  8.47%   783 3045s
 10598  6851 4516.14788   53  134 4782.43030 4377.46242  8.47%   782 3050s
 10615  6863 4551.03920   61  137 4782.43030 4377.46242  8.47%   782 3055s
 10639  6879 4554.94538   73  134 4782.43030 4377.46242  8.47%   781 3060s
 10661  6893 4574.48846   84   99 4782.43030 4377.46242  8.47%   780 3065s
 10679  6905 4675.36757   93  122 4782.43030 4377.46242  8.47%   780 3070s
 10703  6921 4684.63641  105  116 4782.43030 4377.46242  8.47%   779 3075s
 10725  6935 4660.40461  116  143 4782.43030 4377.46242  8.47%   778 3080s
 10770  6935 4377.46242   26   46 4782.43030 4377.46242  8.47%   776 3086s
 10776  6939 4428.93851   29  168 4782.43030 4377.46242  8.47%   776 3090s
 10789  6948 4591.77086   36   50 4782.43030 4377.46242  8.47%   776 3095s
 10806  6959 4684.85576   44   33 4782.43030 4377.46242  8.47%   776 3100s
 10828  6974 4648.17991   55  115 4782.43030 4377.46242  8.47%   776 3105s
 10851  6989 4658.56659   67   85 4782.43030 4377.46242  8.47%   775 3110s
 10878  7002 4753.22477   80   36 4782.43030 4377.46242  8.47%   774 3115s
 10920  7000 4377.46242   25  148 4782.43030 4377.46242  8.47%   772 3120s
 10925  7003 4442.27502   27  177 4782.43030 4377.46242  8.47%   773 3126s
 10933  7009 4428.57176   31  141 4782.43030 4377.46242  8.47%   774 3130s
 10939  7013 4443.58280   34  152 4782.43030 4377.46242  8.47%   774 3135s
 10955  7022 4538.64583   42  124 4782.43030 4377.46242  8.47%   774 3140s
 10967  7030 4580.09344   48  141 4782.43030 4377.46242  8.47%   774 3145s
 10979  7038 4703.20338   54  123 4782.43030 4377.46242  8.47%   774 3150s
 10993  7042 4727.24675   62  114 4782.43030 4377.46242  8.47%   774 3155s
 11014  7044 4377.46242   26  166 4782.43030 4377.46242  8.47%   774 3160s
 11022  7049 4393.21332   30  138 4782.43030 4377.46242  8.47%   775 3166s
 11029  7054 4460.82650   33  127 4782.43030 4377.46242  8.47%   775 3170s
 11038  7060 4492.63332   38  132 4782.43030 4377.46242  8.47%   776 3175s
 11057  7072 4600.11178   47  165 4782.43030 4377.46242  8.47%   776 3180s
 11077  7086 4560.54972   57  113 4782.43030 4377.46242  8.47%   776 3185s
 11101  7102 4666.84450   69  109 4782.43030 4377.46242  8.47%   775 3190s
 11132  7122 4638.67379   85  124 4782.43030 4377.46242  8.47%   774 3195s
 11156  7138 4674.56446   97  114 4782.43030 4377.46242  8.47%   774 3200s
 11186  7130 4414.81867   27  157 4782.43030 4377.46242  8.47%   773 3205s
 11193  7135 4544.23785   31  100 4782.43030 4377.46242  8.47%   774 3210s
 11201  7140 4576.59633   35  103 4782.43030 4377.46242  8.47%   774 3215s
 11213  7148 4626.13551   41  127 4782.43030 4377.46242  8.47%   775 3220s
 11230  7158     cutoff   49      4782.43030 4377.46242  8.47%   775 3225s
 11272  7165 4377.46242   26  180 4782.43030 4377.46242  8.47%   774 3231s
 11276  7167 4377.46242   28  183 4782.43030 4377.46242  8.47%   775 3235s
 11283  7172 4378.67419   29  141 4782.43030 4377.46242  8.47%   775 3240s
 11291  7177 4551.85328   32  152 4782.43030 4377.46242  8.47%   776 3245s
 11298  7182 4488.25019   32  106 4782.43030 4377.46242  8.47%   777 3250s
 11314  7193 4483.90399   40  135 4782.43030 4377.46242  8.47%   777 3255s
 11329  7203 4535.86520   47  152 4782.43030 4377.46242  8.47%   777 3260s
 11339  7209 4555.98946   51  139 4782.43030 4377.46242  8.47%   778 3265s
 11359  7223 4598.33058   58  133 4782.43030 4377.46242  8.47%   778 3270s
 11386  7241 4611.91589   69  136 4782.43030 4377.46242  8.47%   777 3275s
 11414  7259 4634.86701   78  132 4782.43030 4377.46242  8.47%   776 3280s
 11439  7276 4682.22043   90  157 4782.43030 4377.46242  8.47%   776 3285s
 11466  7294 4722.65978   98  120 4782.43030 4377.46242  8.47%   775 3290s
 11506  7286 4438.97906   32  139 4782.43030 4377.46242  8.47%   774 3295s
 11521  7296 4523.35320   37   91 4782.43030 4377.46242  8.47%   774 3300s
 11537  7306 4554.27282   43  150 4782.43030 4377.46242  8.47%   774 3305s
 11555  7318 4590.24163   49  159 4782.43030 4377.46242  8.47%   774 3310s
 11573  7330 4627.24087   53  143 4782.43030 4377.46242  8.47%   774 3315s
 11610  7355 4664.18280   63  143 4782.43030 4377.46242  8.47%   773 3321s
 11632  7369 4744.84383   73   73 4782.43030 4377.46242  8.47%   773 3325s
 11669  7393 4725.83146   91  151 4782.43030 4377.46242  8.47%   772 3330s
 11693  7392 4481.39670   34   84 4782.43030 4377.46242  8.47%   771 3335s
 11707  7402 4548.43610   40   80 4782.43030 4377.46242  8.47%   772 3340s
 11721  7411 4613.85960   45  102 4782.43030 4377.46242  8.47%   772 3345s
 11749  7430 4635.60385   66  120 4782.43030 4377.46242  8.47%   772 3350s
 11785  7454 4747.79247   87  127 4782.43030 4377.46242  8.47%   770 3355s
 11812  7454 4409.29573   31  139 4782.43030 4377.46242  8.47%   770 3360s
 11830  7466 4491.02958   39   85 4782.43030 4377.46242  8.47%   770 3365s
 11856  7483 4528.87271   49  162 4782.43030 4377.46242  8.47%   770 3370s
 11888  7504 4611.29143   68  136 4782.43030 4377.46242  8.47%   769 3375s
 11941  7540 4691.56222   89  121 4782.43030 4377.46242  8.47%   767 3380s
 12004  7557 4383.57680   29  152 4782.43030 4377.46242  8.47%   764 3385s
 12015  7564 4439.08889   34  125 4782.43030 4377.46242  8.47%   764 3390s
 12031  7575 4498.39249   40   82 4782.43030 4377.46242  8.47%   764 3395s
 12056  7591 4564.70551   51  106 4782.43030 4377.46242  8.47%   764 3400s
 12085  7611 4619.65227   59  110 4782.43030 4377.46242  8.47%   763 3405s
 12114  7626 4764.71089   68   78 4782.43030 4377.46242  8.47%   763 3410s
 12138  7622 4435.04243   33  155 4782.43030 4377.46242  8.47%   762 3415s
 12155  7633 4534.36868   43  154 4782.43030 4377.46242  8.47%   763 3420s
 12171  7644 4579.42053   50  155 4782.43030 4377.46242  8.47%   763 3425s
 12199  7663 4676.57412   63  101 4782.43030 4377.46242  8.47%   763 3430s
 12239  7687 4707.51522   77  126 4782.43030 4377.46242  8.47%   761 3435s
 12288  7707 4388.70358   31  185 4782.43030 4377.46242  8.47%   760 3440s
 12303  7717 4447.95458   39  126 4782.43030 4377.46242  8.47%   760 3445s
 12325  7732 4545.27566   50  152 4782.43030 4377.46242  8.47%   760 3450s
 12352  7750 4569.23764   61  140 4782.43030 4377.46242  8.47%   759 3455s
 12377  7766 4641.68674   72  128 4782.43030 4377.46242  8.47%   759 3460s
 12409  7788 4646.93493   80  120 4782.43030 4377.46242  8.47%   758 3465s
 12447  7813 4693.14553   94  127 4782.43030 4377.46242  8.47%   757 3470s
 12494  7836 4739.53911  104  141 4782.43030 4377.46242  8.47%   756 3475s
 12521  7838 4550.45523   30  154 4782.43030 4377.46242  8.47%   755 3480s
 12533  7846 4640.21108   37   60 4782.43030 4377.46242  8.47%   756 3485s
 12549  7857 4701.86378   41   77 4782.43030 4377.46242  8.47%   756 3490s
 12562  7866 4744.59984   44  122 4782.43030 4377.46242  8.47%   756 3495s
 12588  7865 4510.80451   32  115 4782.43030 4377.46242  8.47%   756 3500s
 12613  7874     cutoff   52      4782.43030 4377.46242  8.47%   756 3505s
 12623  7876 4507.68767   35  126 4782.43030 4377.46242  8.47%   756 3510s
 12642  7889 4673.61056   54  117 4782.43030 4377.46242  8.47%   756 3515s
 12665  7894 4436.81713   31  161 4782.43030 4377.46242  8.47%   756 3520s
 12674  7900 4536.16291   35   90 4782.43030 4377.46242  8.47%   757 3525s
 12691  7912 4549.08014   44  154 4782.43030 4377.46242  8.47%   758 3530s
 12710  7924 4647.63535   53   99 4782.43030 4377.46242  8.47%   758 3535s
 12734  7938 4695.74453   65  182 4782.43030 4377.46242  8.47%   758 3540s
 12773  7930 4439.65878   27  164 4782.43030 4377.46242  8.47%   757 3545s
 12787  7940 4661.03450   41  117 4782.43030 4377.46242  8.47%   757 3550s
 12801  7941 4403.94262   28  143 4782.43030 4377.46242  8.47%   758 3555s
 12826  7958 4726.59216   53  102 4782.43030 4377.46242  8.47%   757 3560s
 12845  7962 4482.39295   34   76 4782.43030 4377.46242  8.47%   757 3565s
 12864  7975 4555.93436   43   99 4782.43030 4377.46242  8.47%   758 3570s
 12897  7997 4657.85414   57   61 4782.43030 4377.46242  8.47%   757 3575s
 12938  8010 4425.25622   30  149 4782.43030 4377.46242  8.47%   756 3581s
 12953  8020 4620.49595   45  118 4782.43030 4377.46242  8.47%   756 3585s
 12976  8023 4467.01744   32  114 4782.43030 4377.46242  8.47%   756 3590s
 12994  8035 4681.07306   50  128 4782.43030 4377.46242  8.47%   756 3595s

Cutting planes:
  Lift-and-project: 18
  Cover: 16
  Implied bound: 2
  Projected implied bound: 17
  MIR: 174
  Flow cover: 302
  Network: 1

Explored 13017 nodes (9863904 simplex iterations) in 3600.00 seconds (3130.76 work units)
Thread count was 1 (of 56 available processors)

Solution count 10: 4782.43 4788.42 4812.97 ... 5037.75

Time limit reached
Best objective 4.782430299593e+03, best bound 4.377462421546e+03, gap 8.4678%

User-callback calls 264324, time in user-callback 0.88 sec
primal_bound = 4782.430299592506, dual_bound = 4377.462421545928, gap = 8.467826035668187, time = 3600.01
