solving instance mcnd nodes c100_400_30_V_T_10 3 6 exp
Set parameter TokenServer to value "licences.gerad.lan"
Set parameter MIPGap to value 1e-06
Set parameter FuncPieceError to value 1e-06
Set parameter Threads to value 1
Set parameter FuncPieces to value -2
Set parameter TimeLimit to value 3600
Gurobi Optimizer version 12.0.2 build v12.0.2rc0 (linux64 - "AlmaLinux 9.6 (Sage Margay)")

CPU model: Intel(R) Xeon(R) Gold 6258R CPU @ 2.70GHz, instruction set [SSE2|AVX|AVX2|AVX512]
Thread count: 56 physical cores, 56 logical processors, using up to 1 threads

Non-default parameters:
TimeLimit  3600
MIPGap  1e-06
Threads  1
FuncPieces  -2
FuncPieceError  1e-06

Optimize a model with 16700 rows, 13500 columns and 86600 nonzeros
Model fingerprint: 0x35e5a6b7
Model has 200 function constraints treated as nonlinear
  100 EXP, 100 POW
Variable types: 13000 continuous, 500 integer (500 binary)
Coefficient statistics:
  Matrix range     [4e-02, 4e+03]
  Objective range  [1e+00, 1e+02]
  Bounds range     [3e+00, 1e+10]
  RHS range        [1e+00, 5e+01]
Warning: Model contains large bounds
         Consider reformulating model or setting NumericFocus parameter
         to avoid numerical issues.
Warning: 0 <= x < 1e-10 in domain of pow(x,a) with a=-1.000.
         Setting lower bound to 1e-10.
Presolve removed 5316 rows and 738 columns
Presolve time: 0.40s
Presolved: 12284 rows, 12763 columns, 63571 nonzeros
Presolved model has 100 bilinear constraint(s)
Presolved model has 100 nonlinear constraint(s)

Solving non-convex MINLP

Variable types: 12302 continuous, 461 integer (461 binary)

Root simplex log...

Iteration    Objective       Primal Inf.    Dual Inf.      Time
   13570    2.6049838e+04   9.989450e+04   0.000000e+00      5s
   20520    2.8529053e+04   2.014815e+04   0.000000e+00     10s
   26350    2.9622307e+04   3.865933e+03   0.000000e+00     15s
   31370    2.9954131e+04   0.000000e+00   0.000000e+00     20s

Root relaxation: objective 2.995413e+04, 31370 iterations, 19.27 seconds (11.43 work units)

    Nodes    |    Current Node    |     Objective Bounds      |     Work
 Expl Unexpl |  Obj  Depth IntInf | Incumbent    BestBd   Gap | It/Node Time

     0     0 29954.1311    0  322          - 29954.1311      -     -   19s
     0     0 33219.4861    0  364          - 33219.4861      -     -   36s
     0     0 33256.9197    0  361          - 33256.9197      -     -   38s
     0     0 35000.9371    0  387          - 35000.9371      -     -   51s
     0     0 35051.5226    0  411          - 35051.5226      -     -   53s
     0     0 35833.9535    0  442          - 35833.9535      -     -   71s
     0     0 35888.2960    0  448          - 35888.2960      -     -   74s
     0     0 36281.9717    0  420          - 36281.9717      -     -   90s
     0     0 36306.2668    0  433          - 36306.2668      -     -   92s
     0     0 36382.6053    0  443          - 36382.6053      -     -   96s
     0     0 36390.0364    0  453          - 36390.0364      -     -   97s
     0     0 36737.7645    0  446          - 36737.7645      -     -   99s
     0     0 36744.4634    0  454          - 36744.4634      -     -  100s
     0     0 36757.9333    0  437          - 36757.9333      -     -  102s
     0     0 36762.2400    0  474          - 36762.2400      -     -  103s
     0     0 36773.6138    0  471          - 36773.6138      -     -  104s
     0     0 36774.7558    0  469          - 36774.7558      -     -  105s
     0     0 36779.1600    0  457          - 36779.1600      -     -  106s
     0     0 36779.5642    0  452          - 36779.5642      -     -  106s
     0     0 36783.1192    0  452          - 36783.1192      -     -  107s
     0     0 36953.0369    0  443          - 36953.0369      -     -  111s
H    0     0                    133030.91493 36953.0441  72.2%     -  127s
H    0     0                    94125.064689 36953.0441  60.7%     -  133s
H    0     0                    94025.064689 36953.0441  60.7%     -  136s
H    0     0                    93278.064689 36953.0441  60.4%     -  136s
H    0     0                    92677.064689 36953.0441  60.1%     -  145s
H    0     0                    92654.064689 36953.0441  60.1%     -  145s
H    0     0                    92540.142985 36953.0441  60.1%     -  146s
H    0     0                    92250.142985 36953.0441  59.9%     -  146s
     0     2 36953.0491    0  443 92250.1430 36953.0491  59.9%     -  146s
     2     4 37115.0521    1  442 92250.1430 36994.9913  59.9%  2430  151s
     4     6 37062.6726    2  436 92250.1430 36999.8385  59.9%  2437  157s
     6     8 37253.5525    3  400 92250.1430 37010.6280  59.9%  2728  164s
     7     9 37173.9913    4  391 92250.1430 37011.2439  59.9%  2653  166s
     9    11 37065.4534    5  362 92250.1430 37044.4065  59.8%  2493  170s
    11    13 37259.6087    6  393 92250.1430 37062.6955  59.8%  2782  176s
    13    15 37162.3868    7  368 92250.1430 37062.6955  59.8%  3127  182s
    14    16 37401.8098    7  363 92250.1430 37062.6955  59.8%  3085  185s
    18    20 37321.1335    9  344 92250.1430 37062.6955  59.8%  2966  192s
    20    22 37341.5504   10  331 92250.1430 37062.6955  59.8%  2849  196s
    22    24 37574.7067   11  316 92250.1430 37062.6955  59.8%  2818  200s
    25    27 37519.7576   13  314 92250.1430 37062.6955  59.8%  2999  209s
    26    28 37577.5151   13  310 92250.1430 37062.6955  59.8%  2979  212s
    27    29 38084.3341   14  344 92250.1430 37062.6955  59.8%  2995  215s
    32    34 37689.8752   16  252 92250.1430 37062.6955  59.8%  2726  221s
    35    37 37828.4528   18  250 92250.1430 37062.6955  59.8%  2638  225s
    39    41 37915.4444   20  243 92250.1430 37062.6955  59.8%  2564  230s
    42    44 37993.0735   21  262 92250.1430 37062.6955  59.8%  2500  235s
    46    48 38016.1015   23  227 92250.1430 37062.6955  59.8%  2483  240s
    51    53 38434.0933   26  238 92250.1430 37062.6955  59.8%  2394  245s
    56    58 38459.0856   28  249 92250.1430 37062.6955  59.8%  2288  250s
    63    65 38808.9551   32  238 92250.1430 37062.6955  59.8%  2169  255s
    72    74 38488.0333   37  210 92250.1430 37062.6955  59.8%  2020  260s
H   78    78                    91582.926186 37062.6955  59.5%  1945  263s
H   78    78                    90509.270641 37062.6955  59.1%  1945  263s
    78    80 38756.1903   40  197 90509.2706 37062.6955  59.1%  1947  265s
    92    94 39581.1120   48  214 90509.2706 37062.6955  59.1%  1767  270s
   103   105 40018.3917   53  218 90509.2706 37062.6955  59.1%  1662  275s
   121   121 40198.7114   63  160 90509.2706 37062.6955  59.1%  1498  280s
   138   138 40019.4761   71  155 90509.2706 37062.6955  59.1%  1389  285s
H  156   154                    90352.996804 37062.6955  59.0%  1269  288s
H  156   154                    90252.996804 37062.6955  58.9%  1269  288s
   168   168 40554.4966   88  146 90252.9968 37062.6955  58.9%  1202  290s
H  182   180                    88557.621695 37062.6955  58.1%  1127  291s
H  182   180                    88388.023836 37062.6955  58.1%  1127  291s
H  208   206                    88369.157932 37062.6955  58.1%   999  294s
H  208   206                    88101.498811 37062.6955  57.9%   999  294s
   216   216 41077.8686  121  115 88101.4988 37062.6955  57.9%   970  295s
H  234   232                    86489.169216 37062.6955  57.1%   910  296s
H  234   232                    86396.324335 37062.6955  57.1%   910  296s
   236   236 41190.2907  135  110 86396.3243 37062.6955  57.1%   903  304s
   237   237 42658.9203  136  110 86396.3243 37062.6955  57.1%   900  305s
H  287   281                    84722.889371 37062.6955  56.3%   770  309s
H  287   281                    84553.374973 37062.6955  56.2%   770  310s
H  313   301                    84547.374973 37062.6955  56.2%   720  312s
H  313   301                    84475.374973 37062.6955  56.1%   720  313s
H  313   301                    84452.374973 37062.6955  56.1%   720  313s
H  313   301                    84424.374973 37062.6955  56.1%   720  313s
H  365   343                    84405.374973 37062.6955  56.1%   626  314s
H  365   343                    84336.374973 37062.6955  56.1%   626  314s
   379   353 48702.0654  218   98 84336.3750 37062.6955  56.1%   604  315s
H  391   363                    83602.620154 37062.6955  55.7%   587  315s
H  391   363                    83543.551820 37062.6955  55.6%   587  317s
H  391   363                    83541.915874 37062.6955  55.6%   587  317s
H  391   363                    83302.672034 37062.6955  55.5%   587  317s
H  443   413                    83279.895129 37062.6955  55.5%   521  319s
H  470   434                    83253.895129 37062.6955  55.5%   493  320s
H  470   434                    83088.895129 37062.6955  55.4%   493  320s
H  496   456                    82795.801124 37062.6955  55.2%   469  321s
H  496   456                    82776.743209 37062.6955  55.2%   469  323s
   540   494 infeasible  301      82776.7432 37062.6955  55.2%   434  325s
H  548   500                    82754.743368 37062.6955  55.2%   429  326s
H  575   515                    82377.748270 37062.6955  55.0%   411  327s
H  602   536                    82362.388432 37062.6955  55.0%   396  329s
   609   541 66897.9337  337   59 82362.3884 37062.6955  55.0%   394  330s
H  654   574                    82347.155198 37062.6955  55.0%   375  332s
H  654   574                    82158.769067 37062.6955  54.9%   375  332s
   672   592 69387.5748  370   53 82158.7691 37062.6955  54.9%   368  335s
H  706   616                    81757.121515 37062.6955  54.7%   356  336s
H  732   640                    81667.824619 37062.6955  54.6%   349  339s
H  732   640                    81651.473141 37062.6955  54.6%   349  339s
H  732   640                    81641.326453 37062.6955  54.6%   349  340s
H  732   640                    81620.897730 37062.6955  54.6%   349  340s
   779   668 71518.6535  377  278 81620.8977 37062.7171  54.6%   335  406s
   781   669 39957.8675   60  175 81620.8977 37062.7171  54.6%   334  428s
   782   670 37127.2338    4  223 81620.8977 37062.7171  54.6%   333  447s
   783   671 38832.0818   40  280 81620.8977 37760.5711  53.7%   333  463s
H  783   637                    81593.023274 38146.7833  53.2%   333  475s
   786   639 73895.8542  398  299 81593.0233 39008.5241  52.2%   332  496s
   788   640 39074.0213   37  303 81593.0233 39074.0213  52.1%   331  503s
   789   641 39083.1512   21  298 81593.0233 39083.1512  52.1%   330  505s
   790   641 41387.9878  145  308 81593.0233 39126.9539  52.0%   330  510s
   792   643 40915.9681  114  326 81593.0233 39149.9913  52.0%   329  516s
   794   644 54747.7424  263  305 81593.0233 39156.2337  52.0%   328  520s
   796   645 39228.6524   42  304 81593.0233 39166.4289  52.0%   327  526s
   798   647 55164.4694  267  313 81593.0233 39173.1632  52.0%   327  530s
   800   648 63754.0961  315  328 81593.0233 39177.1370  52.0%   326  536s
   802   649 52506.0801  246  314 81593.0233 39186.7544  52.0%   325  540s
   806   652 57606.4391  284  319 81593.0233 39192.7301  52.0%   323  547s
H  807   620                    81572.477939 39195.0822  52.0%   323  550s
   811   622 41366.8723  138  314 81572.4779 39196.1614  51.9%   321  555s
   813   624 39197.7698   17  307 81572.4779 39197.7698  51.9%   321  560s
   816   626 42302.9706  157  316 81572.4779 39202.1070  51.9%   319  565s
   820   628 54680.0755  258  308 81572.4779 39204.7320  51.9%   318  571s
   823   630 43061.4730  162  317 81572.4779 39206.1872  51.9%   317  575s
   827   633 41272.6633  132  316 81572.4779 39209.5712  51.9%   315  580s
H  827   600                    81553.198989 39210.6419  51.9%   315  582s
   830   602 51227.8889  234  323 81553.1990 39211.1816  51.9%   314  585s
   834   605 49630.0025  221  323 81553.1990 39211.2744  51.9%   313  590s
   840   609 45711.1340  198  325 81553.1990 39212.2765  51.9%   310  595s
   844   611 71519.3981  375  327 81553.1990 39213.7869  51.9%   309  606s
   848   614 52512.8731  244  317 81553.1990 39213.9763  51.9%   307  610s
   853   617 40725.6745   78  332 81553.1990 39213.9763  51.9%   306  615s
   858   621 40005.4605   62  329 81553.1990 39214.5196  51.9%   304  620s
   865   626 61335.7275  304  173 81553.1990 39214.5196  51.9%   439  642s
   866   627 73391.7095  387  246 81553.1990 39214.5196  51.9%   439  668s
   867   628 44201.5229  164  297 81553.1990 39214.5196  51.9%   438  689s
   868   628 66976.8007  343  322 81553.1990 39295.9243  51.8%   438  703s
   869   629 66959.3239  349  311 81553.1990 39336.2698  51.8%   437  707s
   870   630 63754.0961  315  291 81553.1990 39354.8793  51.7%   437  711s
   872   631 40736.0576  103  306 81553.1990 39369.4883  51.7%   436  716s
   874   632 39374.8974    7  320 81553.1990 39374.8974  51.7%   435  721s
   876   634 77418.8008  408  302 81553.1990 39381.6556  51.7%   434  726s
   878   635 71867.8009  376  322 81553.1990 39390.8349  51.7%   433  730s
H  879   603                    81523.320929 39395.9515  51.7%   432  735s
   882   605 39399.2717    4  324 81523.3209 39399.2717  51.7%   431  740s
   884   606 45186.7763  189  320 81523.3209 39400.5226  51.7%   430  750s
   886   607 73895.8542  398  323 81523.3209 39668.6596  51.3%   429  772s
   888   609 39675.2426   37  333 81523.3209 39675.2426  51.3%   428  776s
   890   610 41387.9878  145  338 81523.3209 39677.0293  51.3%   427  780s
   893   612 51163.3918  234  335 81523.3209 39678.0795  51.3%   426  785s
   896   614 39679.5963   42  336 81523.3209 39679.5963  51.3%   424  791s
   898   615 55164.4694  267  331 81523.3209 39680.2268  51.3%   423  795s
   904   619 39680.2268   52  332 81523.3209 39680.2268  51.3%   420  800s
   905   620 73863.6860  393  332 81523.3209 39680.3457  51.3%   420  812s
   906   621 57606.4391  284  332 81523.3209 39680.3457  51.3%   420  831s
   907   623 39822.5258   25  483 81523.3209 39695.1942  51.3%   541  879s
   908   624 39749.7771   25  480 81523.3209 39749.7771  51.2%   545  897s
   909   625 39830.2505   26  475 81523.3209 39749.7771  51.2%   549  916s
   910   625 39752.2997   26  471 81523.3209 39752.2997  51.2%   554  934s
   911   626 39759.4665   27  489 81523.3209 39752.2997  51.2%   554  948s
   912   627 39958.3040   27  452 81523.3209 39759.4665  51.2%   561  967s
   913   627 39977.3335   28  472 81523.3209 39759.4665  51.2%   565  985s
   914   628 39762.5334   28  474 81523.3209 39762.5334  51.2%   565  999s
   915   629 40227.7561   29  475 81523.3209 39762.5334  51.2%   567 1012s
   916   629 39798.9904   29  471 81523.3209 39798.9904  51.2%   568 1023s
   917   630 40274.8397   30  469 81523.3209 39798.9904  51.2%   623 1094s
   918   631 39835.0089   30  451 81523.3209 39822.5258  51.2%   623 1105s
   919   631 40254.2057   31  447 81523.3209 39822.5258  51.2%   624 1118s
   920   632 39871.4084   31  438 81523.3209 39822.5258  51.2%   626 1130s
   921   633 39932.5624   32  418 81523.3209 39822.5258  51.2%   631 1144s
   922   633 40171.5790   32  397 81523.3209 39822.5258  51.2%   641 1162s
   923   634 40102.1957   33  428 81523.3209 39822.5258  51.2%   648 1177s
   924   635 40246.3264   33  451 81523.3209 39822.5258  51.2%   648 1188s
   925   635 40215.8724   34  440 81523.3209 39822.5258  51.2%   651 1202s
   926   636 40203.1016   34  428 81523.3209 39822.5258  51.2%   651 1212s
   927   637 40218.6008   35  412 81523.3209 39822.5258  51.2%   705 1281s
   928   637 40248.4288   35  441 81523.3209 39822.5258  51.2%   707 1294s
   929   638 40248.6232   36  404 81523.3209 39822.5258  51.2%   710 1307s
   930   639 40357.0682   36  383 81523.3209 39822.5258  51.2%   717 1321s
   931   639 40303.3733   37  392 81523.3209 39822.5258  51.2%   718 1332s
H  932   607                    81504.255511 39822.5258  51.1%   718 1338s
H  932   576                    81492.642460 39822.5258  51.1%   718 1339s
   932   578 40260.4600   37  405 81492.6425 39822.5258  51.1%   723 1347s
   933   579 40296.2981   38  400 81492.6425 39822.5258  51.1%   724 1357s
   934   579 40499.8085   38  388 81492.6425 39822.5258  51.1%   730 1373s
   935   580 40317.0796   39  376 81492.6425 39822.5258  51.1%   743 1389s
   936   581 40583.1450   39  368 81492.6425 39822.5258  51.1%   746 1401s
   937   581 40361.7818   40  357 81492.6425 39822.5258  51.1%   748 1409s
   938   582 40325.4929   40  372 81492.6425 39822.5258  51.1%   749 1417s
   939   583 40369.2075   41  330 81492.6425 39822.5258  51.1%   749 1424s
   940   583 40647.1025   41  324 81492.6425 39822.5258  51.1%   753 1441s
   941   584 40459.9145   42  315 81492.6425 39822.5258  51.1%   755 1449s
   942   585 40478.1628   42  302 81492.6425 39822.5258  51.1%   766 1466s
   943   585 40463.7190   43  313 81492.6425 39822.5258  51.1%   766 1475s
   944   586 40862.8449   43  332 81492.6425 39822.5258  51.1%   780 1489s
   945   587 40491.5868   44  297 81492.6425 39822.5258  51.1%   780 1495s
   946   587 40921.3272   44  359 81492.6425 39822.5258  51.1%   790 1514s
   947   588 40525.0735   45  304 81492.6425 39822.5258  51.1%   792 1521s
   948   589 40680.6060   45  294 81492.6425 39822.5258  51.1%   795 1537s
   949   589 40580.2107   46  296 81492.6425 39822.5258  51.1%   798 1543s
   950   590 40553.4170   46  292 81492.6425 39822.5258  51.1%   799 1549s
   951   591 41080.7621   47  301 81492.6425 39822.5258  51.1%   801 1556s
   952   591 40610.6767   47  295 81492.6425 39822.5258  51.1%   803 1563s
   953   592 40687.6609   48  294 81492.6425 39822.5258  51.1%   809 1571s
   954   593 40619.0587   48  294 81492.6425 39822.5258  51.1%   808 1576s
   955   593 42073.6689   49  293 81492.6425 39822.5258  51.1%   812 1584s
   956   594 40698.5600   49  293 81492.6425 39822.5258  51.1%   812 1589s
   957   595 41765.4034   50  291 81492.6425 39822.5258  51.1%   813 1594s
H  958   565                    81450.079600 39822.5258  51.1%   812 1595s
H  958   537                    81446.534475 39822.5258  51.1%   812 1595s
   958   539 40823.4837   50  284 81446.5345 39822.5258  51.1%   813 1600s
   959   540 41513.2889   51  289 81446.5345 39822.5258  51.1%   816 1606s
   960   541 40978.8776   51  305 81446.5345 39822.5258  51.1%   817 1612s
   961   541 41393.6736   52  288 81446.5345 39822.5258  51.1%   818 1618s
   962   542 41158.2067   52  290 81446.5345 39822.5258  51.1%   819 1622s
   963   543 41360.4231   53  290 81446.5345 39822.5258  51.1%   822 1630s
   964   543 41336.8184   53  333 81446.5345 39822.5258  51.1%   824 1635s
   966   545 41390.1609   54  289 81446.5345 39822.5258  51.1%   823 1642s
   967   545 41398.5174   55  284 81446.5345 39822.5258  51.1%   822 1646s
   968   546 41393.5044   55  286 81446.5345 39822.5258  51.1%   822 1650s
   969   547 41394.7110   56  284 81446.5345 39822.5258  51.1%   835 1662s
   970   547 41395.9132   56  284 81446.5345 39822.5258  51.1%   834 1666s
   971   548 42435.0804   57  282 81446.5345 39822.5258  51.1%   839 1674s
   972   549 41449.6885   57  310 81446.5345 39822.5258  51.1%   840 1679s
   973   549 41820.5534   58  315 81446.5345 39822.5258  51.1%   847 1690s
   974   550 41489.8793   58  286 81446.5345 39822.5258  51.1%   848 1696s
   975   551 41660.3481   59  289 81446.5345 39822.5258  51.1%   850 1702s
   976   551 41514.4342   59  299 81446.5345 39822.5258  51.1%   850 1706s
   977   552 41594.1882   60  286 81446.5345 39822.5258  51.1%   850 1710s
H  979   526                    80575.193850 39822.5258  50.6%   849 1715s
H  979   501                    80551.193850 39822.5258  50.6%   849 1715s
H  979   478                    80540.741540 39822.5258  50.6%   849 1716s
H  979   455                    80099.296094 39822.5258  50.3%   849 1716s
   979   457 41578.3712   61  297 80099.2961 39822.5258  50.3%   850 1720s
   981   459 41666.0238   62  349 80099.2961 39822.5258  50.3%   852 1730s
   982   459 41676.0491   62  294 80099.2961 39822.5258  50.3%   853 1736s
   983   460 41971.5443   63  292 80099.2961 39822.5258  50.3%   854 1741s
   984   461 41718.1128   63  297 80099.2961 39822.5258  50.3%   853 1745s
   986   462 41758.3983   64  293 80099.2961 39822.5258  50.3%   853 1753s
   987   463 42005.5716   65  296 80099.2961 39822.5258  50.3%   854 1757s
   988   463 41811.2358   65  299 80099.2961 39822.5258  50.3%   854 1761s
   989   464 41953.2262   66  311 80099.2961 39822.5258  50.3%   855 1767s
   990   465 42298.6117   66  270 80099.2961 39822.5258  50.3%   857 1772s
   991   465 41998.4167   67  302 80099.2961 39822.5258  50.3%   857 1775s
   993   467 42034.3316   68  301 80099.2961 39822.5258  50.3%   856 1782s
   994   467 42093.5355   68  298 80099.2961 39822.5258  50.3%   855 1785s
   996   469 42078.1454   69  301 80099.2961 39822.5258  50.3%   854 1791s
   997   469 42133.8382   70  305 80099.2961 39822.5258  50.3%   855 1800s
   998   470 42168.1527   70  329 80099.2961 39822.5258  50.3%   858 1806s
   999   471 42205.5218   71  321 80099.2961 39822.5258  50.3%   858 1810s
  1000   471 42428.4726   71  332 80099.2961 39822.5258  50.3%   860 1820s
  1002   473 42263.8016   72  313 80099.2961 39822.5258  50.3%   860 1827s
  1005   471 42468.0967   73  306 80099.2961 39822.5258  50.3%   861 1832s
  1006   471 42468.1832   74  302 80099.2961 39822.5258  50.3%   868 1840s
  1007   472 42770.4595   74  300 80099.2961 39822.5258  50.3%   869 1845s
  1009   473 42551.1918   75  292 80099.2961 39822.5258  50.3%   871 1852s
  1010   474 42572.7013   76  278 80099.2961 39822.5258  50.3%   872 1856s
  1012   475 42577.3285   77  282 80099.2961 39822.5258  50.3%   873 1861s
  1014   477 42632.6481   78  280 80099.2961 39822.5258  50.3%   873 1866s
  1016   478 42726.7743   79  301 80099.2961 39822.5258  50.3%   873 1871s
  1018   479 42619.0409   80  251 80099.2961 39822.5258  50.3%   876 1877s
  1020   481 42627.6864   81  253 80099.2961 39822.5258  50.3%   876 1882s
  1022   482 42649.9229   82  284 80099.2961 39822.5258  50.3%   876 1886s
  1024   483 42808.1287   83  271 80099.2961 39822.5258  50.3%   876 1890s
  1026   485 42825.6707   84  254 80099.2961 39822.5258  50.3%   878 1896s
  1029   487 43166.9036   85  290 80099.2961 39822.5258  50.3%   878 1902s
  1031   488 43139.4110   86  247 80099.2961 39822.5258  50.3%   877 1905s
  1033   489 43028.0087   87  282 80099.2961 39822.5258  50.3%   878 1910s
  1036   491 42947.0427   89  284 80099.2961 39822.5258  50.3%   876 1916s
  1038   493 42988.7288   90  288 80099.2961 39822.5258  50.3%   877 1921s
  1040   494 43013.8076   91  274 80099.2961 39822.5258  50.3%   879 1926s
  1041   495 42976.1869   91  270 80099.2961 39822.5258  50.3%   878 1930s
  1043   496 43901.6188   92  256 80099.2961 39822.5258  50.3%   884 1938s
  1045   497 42992.1033   93  247 80099.2961 39822.5258  50.3%   884 1941s
  1047   499 43008.0113   94  261 80099.2961 39822.5258  50.3%   885 1945s
  1050   501 43069.9733   96  259 80099.2961 39822.5258  50.3%   886 1950s
  1054   503 43555.0824   98  255 80099.2961 39822.5258  50.3%   888 1957s
  1056   505 43212.5982   99  242 80099.2961 39822.5258  50.3%   889 1961s
  1059   507 43262.6475  100  244 80099.2961 39822.5258  50.3%   890 1966s
  1062   509 43207.3337  102  246 80099.2961 39822.5258  50.3%   889 1970s
  1067   512 43400.0274  104  242 80099.2961 39822.5258  50.3%   888 1976s
  1071   515 43336.5394  106  242 80099.2961 39822.5258  50.3%   886 1980s
  1077   519 43341.8821  109  230 80099.2961 39822.5258  50.3%   885 1985s
  1083   523 43666.4226  112  231 80099.2961 39822.5258  50.3%   884 1990s
  1091   528 43833.5210  116  202 80099.2961 39822.5258  50.3%   882 1995s
  1102   535 44103.5575  122  208 80099.2961 39822.5258  50.3%   877 2000s
  1113   543 44203.9982  127  199 80099.2961 39822.5258  50.3%   875 2005s
  1123   549 44204.2204  132  168 80099.2961 39822.5258  50.3%   871 2010s
  1135   556 44309.4431  138  168 80099.2961 39822.5258  50.3%   869 2015s
  1159   572 47257.2430  150  172 80099.2961 39822.5258  50.3%   859 2020s
  1190   593 46197.4013  166  143 80099.2961 39822.5258  50.3%   844 2025s
  1217   611 46113.4237  179  163 80099.2961 39822.5258  50.3%   833 2030s
  1250   633 45395.8140  196  123 80099.2961 39822.5258  50.3%   818 2035s
  1277   647 46988.8127  209  156 80099.2961 39822.5258  50.3%   807 2040s
  1341   686 46229.5370  241  108 80099.2961 39822.5258  50.3%   777 2045s
  1428   724 48860.9497  285  103 80099.2961 39822.5258  50.3%   735 2050s
  1534   743 57820.7294  338   86 80099.2961 39822.5258  50.3%   688 2055s
  1713   821 63444.0525  427   59 80099.2961 39822.5258  50.3%   619 2060s
  1875   828 71441.3075  508   33 80099.2961 39822.5258  50.3%   571 2065s
H 1975   799                    76262.137239 39822.5258  47.8%   544 2075s
H 1975   779                    76162.137239 39822.5258  47.7%   544 2075s
H 1982   765                    76162.075406 39822.5258  47.7%   542 2090s
  1983   768 40303.3024   27  487 76162.0754 39822.5258  47.7%   548 2108s
  1984   769 40377.4254   27  431 76162.0754 39822.5258  47.7%   555 2130s
  1985   770 40485.0373   28  385 76162.0754 39822.5258  47.7%   560 2143s
  1986   771 40384.9131   28  459 76162.0754 39822.5258  47.7%   560 2146s
  1987   772 40685.9346   29  404 76162.0754 39822.5258  47.7%   561 2152s
  1988   773 40486.6954   29  390 76162.0754 39822.5258  47.7%   562 2155s
  1989   774 40542.1054   30  401 76162.0754 39822.5258  47.7%   564 2164s
  1990   775 40528.1784   30  412 76162.0754 39822.5258  47.7%   566 2171s
  1991   776 40567.8844   31  400 76162.0754 39822.5258  47.7%   567 2175s
  1993   778 40677.9199   32  372 76162.0754 39822.5258  47.7%   571 2188s
  1994   779 40560.8807   32  402 76162.0754 39822.5258  47.7%   571 2206s
  1995   780 40638.1537   33  398 76162.0754 39822.5258  47.7%   574 2214s
  1996   781 40575.5468   33  396 76162.0754 39822.5258  47.7%   575 2219s
  1997   782 40713.4952   34  433 76162.0754 39822.5258  47.7%   577 2235s
  1999   784 40700.5023   35  395 76162.0754 39822.5258  47.7%   580 2245s
  2000   785 40754.9207   35  400 76162.0754 39822.5258  47.7%   581 2250s
  2002   787 40786.8929   36  397 76162.0754 39822.5258  47.7%   583 2260s
  2003   788 40740.0470   37  362 76162.0754 39822.5258  47.7%   585 2266s
  2004   789 40849.9998   37  393 76162.0754 39822.5258  47.7%   587 2272s
  2005   790 40947.8156   38  400 76162.0754 39822.5258  47.7%   589 2281s
  2008   791 infeasible   39      76162.0754 39822.5258  47.7%   591 2289s
  2009   792 40873.3884   40  355 76162.0754 39822.5258  47.7%   593 2296s
  2010   793 40831.8191   40  335 76162.0754 39822.5258  47.7%   594 2300s
  2012   795 41270.2050   41  359 76162.0754 39822.5258  47.7%   596 2310s
  2013   796 41039.5559   42  341 76162.0754 39822.5258  47.7%   598 2317s
  2014   797 40894.3356   42  356 76162.0754 39822.5258  47.7%   600 2323s
  2015   798 40958.0261   43  335 76162.0754 39822.5258  47.7%   601 2327s
  2016   799 40923.1255   43  329 76162.0754 39822.5258  47.7%   602 2330s
  2017   800 41013.1573   44  332 76162.0754 39822.5258  47.7%   604 2337s
  2018   801 40928.2485   44  327 76162.0754 39822.5258  47.7%   606 2343s
  2019   802 40973.1776   45  325 76162.0754 39822.5258  47.7%   609 2351s
  2021   804 40993.7724   46  312 76162.0754 39822.5258  47.7%   610 2357s
  2022   805 41007.1279   46  318 76162.0754 39822.5258  47.7%   611 2362s
  2023   806 41030.9487   47  335 76162.0754 39822.5258  47.7%   613 2367s
  2024   807 41079.5588   47  328 76162.0754 39822.5258  47.7%   614 2370s
  2026   809 41127.8482   48  312 76162.0754 39822.5258  47.7%   615 2375s
  2028   811 41113.1774   49  313 76162.0754 39822.5258  47.7%   616 2382s
  2029   812 42097.6654   50  295 76162.0754 39822.5258  47.7%   618 2387s
  2031   814 41188.4980   51  305 76162.0754 39822.5258  47.7%   620 2394s
  2032   815 41255.1684   51  333 76162.0754 39822.5258  47.7%   621 2399s
  2033   816 41360.9082   52  312 76162.0754 39822.5258  47.7%   623 2405s
  2035   818 41244.1573   53  285 76162.0754 39822.5258  47.7%   626 2414s
  2036   819 41260.1062   53  299 76162.0754 39822.5258  47.7%   627 2418s
  2037   820 41271.3472   54  277 76162.0754 39822.5258  47.7%   627 2420s
  2039   822 42250.5525   55  287 76162.0754 39822.5258  47.7%   631 2433s
  2041   824 41320.6665   56  302 76162.0754 39822.5258  47.7%   633 2438s
  2042   825 41295.0249   56  285 76162.0754 39822.5258  47.7%   633 2440s
  2043   826 41415.8934   57  304 76162.0754 39822.5258  47.7%   635 2449s
  2044   827 41378.0353   57  304 76162.0754 39822.5258  47.7%   636 2453s
  2045   828 42159.1350   58  314 76162.0754 39822.5258  47.7%   638 2461s
  2047   830 41941.2561   59  327 76162.0754 39822.5258  47.7%   639 2466s
  2049   832 41765.4851   60  347 76162.0754 39822.5258  47.7%   640 2473s
  2050   833 41487.0559   60  353 76162.0754 39822.5258  47.7%   640 2475s
  2052   835 41532.9599   61  356 76162.0754 39822.5258  47.7%   641 2481s
  2054   837 41583.9951   62  354 76162.0754 39822.5258  47.7%   642 2486s
  2055   838 41621.7930   63  355 76162.0754 39822.5258  47.7%   644 2491s
  2057   840 41636.9206   64  358 76162.0754 39822.5258  47.7%   645 2497s
  2058   841 41656.1267   64  352 76162.0754 39822.5258  47.7%   647 2502s
  2059   842 41641.9623   65  354 76162.0754 39822.5258  47.7%   647 2505s
  2060   843 41979.7619   65  353 76162.0754 39822.5258  47.7%   649 2512s
  2062   845 42169.4329   66  349 76162.0754 39822.5258  47.7%   649 2515s
  2065   848 42644.4773   68  362 76162.0754 39822.5258  47.7%   653 2529s
  2066   849 41773.3358   68  349 76162.0754 39822.5258  47.7%   654 2532s
  2067   850 41894.9965   69  337 76162.0754 39822.5258  47.7%   655 2537s
  2068   851 41803.4232   69  343 76162.0754 39822.5258  47.7%   656 2540s
  2069   852 42288.9097   70  359 76162.0754 39822.5258  47.7%   657 2545s
  2072   855 41913.0655   71  326 76162.0754 39822.5258  47.7%   658 2550s
  2073   856 41985.5569   72  330 76162.0754 39822.5258  47.7%   660 2555s
  2076   859 42182.3689   73  316 76162.0754 39822.5258  47.7%   661 2560s
  2078   861 42817.0367   74  331 76162.0754 39822.5258  47.7%   664 2571s
  2079   862 42562.7991   75  316 76162.0754 39822.5258  47.7%   666 2577s
  2080   863 42127.4360   75  323 76162.0754 39822.5258  47.7%   666 2580s
  2084   867 42365.7109   77  309 76162.0754 39822.5258  47.7%   667 2585s
  2086   869 42946.4435   78  294 76162.0754 39822.5258  47.7%   670 2593s
H 2087   868                    76150.857235 39822.5258  47.7%   670 2594s
H 2087   868                    76127.857235 39822.5258  47.7%   670 2594s
  2088   871 42182.6781   79  290 76127.8572 39822.5258  47.7%   670 2595s
  2091   874 42510.9503   81  315 76127.8572 39822.5258  47.7%   673 2603s
  2093   876 42436.9234   82  313 76127.8572 39822.5258  47.7%   673 2605s
  2095   878 42549.0710   83  319 76127.8572 39822.5258  47.7%   676 2614s
  2096   879 42579.7098   83  318 76127.8572 39822.5258  47.7%   677 2617s
  2097   880 43119.4476   84  323 76127.8572 39822.5258  47.7%   679 2622s
  2100   883 42651.7344   85  320 76127.8572 39822.5258  47.7%   679 2625s
  2104   887 43626.8134   87  325 76127.8572 39822.5258  47.7%   681 2632s
  2106   889 42957.4768   88  327 76127.8572 39822.5258  47.7%   683 2638s
  2108   891 42780.0521   89  313 76127.8572 39822.5258  47.7%   684 2640s
  2111   894 42799.2008   91  304 76127.8572 39822.5258  47.7%   685 2645s
  2114   897 42994.1246   92  258 76127.8572 39822.5258  47.7%   686 2651s
  2116   899 43195.3267   93  311 76127.8572 39822.5258  47.7%   688 2655s
  2119   902 43843.8820   95  308 76127.8572 39822.5258  47.7%   689 2660s
  2123   906 43771.6493   97  303 76127.8572 39822.5258  47.7%   690 2665s
  2127   910 44538.2342   99  327 76127.8572 39822.5258  47.7%   691 2670s
  2132   915 43841.9355  101  318 76127.8572 39822.5258  47.7%   691 2675s
  2137   920 45253.1080  104  336 76127.8572 39822.5258  47.7%   693 2684s
  2138   921 44095.8775  104  316 76127.8572 39822.5258  47.7%   693 2685s
  2145   928 44369.5363  108  314 76127.8572 39822.5258  47.7%   693 2690s
  2151   932 45384.1266  111  313 76127.8572 39822.5258  47.7%   694 2695s
  2155   936 44954.2403  113  299 76127.8572 39822.5258  47.7%   695 2700s
  2161   942 44692.2350  116  298 76127.8572 39822.5258  47.7%   695 2705s
  2166   947 44800.1717  118  287 76127.8572 39822.5258  47.7%   696 2710s
  2169   949 44928.8482  120  275 76127.8572 39822.5258  47.7%   697 2715s
  2174   954 46078.8473  122  269 76127.8572 39822.5258  47.7%   698 2720s
  2182   962 45622.4721  126  311 76127.8572 39822.5258  47.7%   698 2725s
  2189   969 46332.3456  130  310 76127.8572 39822.5258  47.7%   699 2730s
  2196   976 46670.4838  133  319 76127.8572 39822.5258  47.7%   699 2735s
  2207   987 47742.9528  139  317 76127.8572 39822.5258  47.7%   699 2740s
  2216   996 47868.9385  143  309 76127.8572 39822.5258  47.7%   698 2745s
  2228  1006 49565.3677  149  292 76127.8572 39822.5258  47.7%   698 2750s
H 2243  1017                    76101.762799 39822.5258  47.7%   695 2754s
H 2243  1017                    76101.723554 39822.5258  47.7%   695 2756s
  2258  1032 49980.5839  164  273 76101.7236 39822.5258  47.7%   693 2760s
  2269  1043 50118.0305  170  263 76101.7236 39822.5258  47.7%   692 2765s
H 2295  1067                    76091.636039 39822.5258  47.7%   686 2769s
H 2295  1067                    76091.618622 39822.5258  47.7%   686 2770s
H 2295  1067                    76091.592527 39822.5258  47.7%   686 2770s
  2319  1089 51863.4695  195  244 76091.5925 39822.5258  47.7%   681 2775s
  2360  1115 infeasible  215      76091.5925 39822.5258  47.7%   673 2780s
  2390  1134 57933.6857  230  202 76091.5925 39822.5258  47.7%   669 2785s
  2422  1160 58250.8549  246  204 76091.5925 39822.5258  47.7%   664 2790s
  2461  1185 58839.4135  266  182 76091.5925 39822.5258  47.7%   655 2795s
H 2479  1193                    76089.765299 39822.5258  47.7%   653 2798s
H 2505  1205                    76080.356597 39822.5258  47.7%   647 2800s
  2561  1237 59948.9742  316  131 76080.3566 39822.5258  47.7%   637 2806s
H 2609  1267                    76065.473800 39822.5258  47.6%   627 2809s
  2609  1269 61862.0074  340  116 76065.4738 39822.5258  47.6%   628 2811s
H 2635  1273                    76064.167147 39822.5258  47.6%   623 2813s
  2652  1290 62185.2809  361  125 76064.1671 39822.5258  47.6%   620 2815s
H 2661  1297                    76064.142489 39822.5258  47.6%   618 2815s
  2687  1317 65422.0412  379  119 76064.1425 39822.5258  47.6%   613 2820s
  2721  1343 66987.0645  396  108 76064.1425 39822.5258  47.6%   607 2825s
  2806  1398     cutoff  438      76064.1425 39822.5258  47.6%   592 2830s
  2851  1411 75050.7100  451  103 76064.1425 39822.5258  47.6%   585 2835s
  2857  1409 39894.5556   26  481 76064.1425 39830.2505  47.6%   585 2847s
  2858  1410 40122.2741   27  482 76064.1425 39830.2505  47.6%   588 2861s
  2859  1411 40337.7395   27  445 76064.1425 39830.2505  47.6%   591 2873s
  2860  1412 40584.7187   28  415 76064.1425 39830.2505  47.6%   596 2892s
  2861  1413 40353.3418   28  417 76064.1425 39830.2505  47.6%   597 2898s
  2862  1414 40598.8109   29  402 76064.1425 39830.2505  47.6%   599 2907s
  2863  1415 40468.9840   29  427 76064.1425 39830.2505  47.6%   601 2913s
  2864  1416 40550.1736   30  395 76064.1425 39830.2505  47.6%   603 2921s
  2866  1418 40590.0130   31  422 76064.1425 39830.2505  47.6%   607 2936s
  2868  1420 40538.7473   32  411 76064.1425 39830.2505  47.6%   610 2948s
  2869  1421 40524.7675   32  410 76064.1425 39830.2505  47.6%   610 2950s
  2870  1422 40598.0393   33  413 76064.1425 39830.2505  47.6%   612 2957s
  2872  1424 40724.6471   34  386 76064.1425 39830.2505  47.6%   614 2965s
  2875  1427 40839.3746   35  387 76064.1425 39830.2505  47.6%   615 2972s
  2877  1429 40757.1197   36  378 76064.1425 39830.2505  47.6%   616 2977s
  2878  1430 40839.1125   37  369 76064.1425 39830.2505  47.6%   618 2982s
  2879  1431 41128.5848   37  352 76064.1425 39830.2505  47.6%   619 2987s
  2880  1432 40953.6293   38  367 76064.1425 39830.2505  47.6%   619 2990s
  2882  1434 40874.0482   39  388 76064.1425 39830.2505  47.6%   621 2997s
  2883  1435 40990.1523   39  359 76064.1425 39830.2505  47.6%   622 3002s
  2885  1437 40875.2470   40  380 76064.1425 39830.2505  47.6%   623 3005s
  2886  1438 40980.0885   41  355 76064.1425 39830.2505  47.6%   626 3016s
  2888  1440 41018.0465   42  351 76064.1425 39830.2505  47.6%   627 3020s
  2891  1443 41108.0127   43  353 76064.1425 39830.2505  47.6%   628 3027s
  2893  1445 41088.3055   44  366 76064.1425 39830.2505  47.6%   629 3030s
  2896  1448 41155.8816   46  338 76064.1425 39830.2505  47.6%   631 3039s
  2897  1449 41248.3195   46  344 76064.1425 39830.2505  47.6%   631 3041s
  2900  1452 41282.3890   48  339 76064.1425 39830.2505  47.6%   632 3045s
  2903  1455 41266.5767   49  313 76064.1425 39830.2505  47.6%   633 3050s
  2907  1457 41414.7645   51  332 76064.1425 39830.2505  47.6%   634 3055s
  2909  1459 41661.4446   52  326 76064.1425 39830.2505  47.6%   635 3063s
  2910  1460 41506.0274   53  314 76064.1425 39830.2505  47.6%   636 3065s
  2913  1463 41637.0888   54  314 76064.1425 39830.2505  47.6%   637 3072s
  2915  1465 41637.7187   55  320 76064.1425 39830.2505  47.6%   638 3077s
  2916  1466 41732.6805   56  275 76064.1425 39830.2505  47.6%   639 3080s
  2920  1470 41803.8088   58  279 76064.1425 39830.2505  47.6%   640 3086s
  2923  1473 41907.4720   59  284 76064.1425 39830.2505  47.6%   641 3091s
  2925  1475 41915.3423   60  280 76064.1425 39830.2505  47.6%   641 3095s
  2929  1479 41855.3335   62  272 76064.1425 39830.2505  47.6%   642 3100s
  2931  1481 42559.9003   63  289 76064.1425 39830.2505  47.6%   644 3107s
  2933  1483 42768.2060   64  290 76064.1425 39830.2505  47.6%   645 3111s
  2937  1485 41936.4668   66  300 76064.1425 39830.2505  47.6%   645 3115s
  2941  1489 42074.4860   68  268 76064.1425 39830.2505  47.6%   646 3120s
  2943  1491 42422.9676   69  261 76064.1425 39830.2505  47.6%   648 3127s
  2946  1494 42186.6816   71  234 76064.1425 39830.2505  47.6%   649 3130s
  2948  1496 42196.3353   72  240 76064.1425 39830.2505  47.6%   649 3135s
  2950  1498 42233.9747   73  234 76064.1425 39830.2505  47.6%   651 3141s
  2952  1500 43084.0041   74  309 76064.1425 39830.2505  47.6%   653 3149s
  2953  1501 42246.2517   74  234 76064.1425 39830.2505  47.6%   653 3150s
  2955  1503 42916.3246   75  300 76064.1425 39830.2505  47.6%   654 3157s
  2956  1504 42578.7992   76  220 76064.1425 39830.2505  47.6%   656 3162s
H 2958  1504                    75987.392389 39830.2505  47.6%   655 3174s
  2958  1506 42890.9716   77  223 75987.3924 39830.2505  47.6%   657 3179s
  2959  1507 42308.2171   77  259 75987.3924 39830.2505  47.6%   657 3181s
  2961  1509 43236.1679   78  279 75987.3924 39830.2505  47.6%   659 3190s
  2965  1511 42498.4364   80  264 75987.3924 39830.2505  47.6%   660 3196s
  2969  1515 42703.8945   82  256 75987.3924 39830.2505  47.6%   660 3200s
  2972  1518 44033.7977   84  290 75987.3924 39830.2505  47.6%   663 3210s
  2978  1522 43979.4268   87  256 75987.3924 39830.2505  47.6%   664 3216s
  2980  1524 42963.5399   88  253 75987.3924 39830.2505  47.6%   665 3220s
  2983  1527 43179.9074   89  252 75987.3924 39830.2505  47.6%   666 3226s
  2986  1530 43231.5435   91  254 75987.3924 39830.2505  47.6%   667 3230s
  2991  1535 43190.1308   93  271 75987.3924 39830.2505  47.6%   667 3240s
  2994  1538 43676.4667   95  257 75987.3924 39830.2505  47.6%   669 3251s
  2997  1541 43991.6430   96  268 75987.3924 39830.2505  47.6%   669 3257s
  2999  1543 45331.1885   97  271 75987.3924 39830.2505  47.6%   670 3261s
  3002  1546 44847.4021   99  249 75987.3924 39830.2505  47.6%   672 3267s
  3012  1552 44803.8185  104  256 75987.3924 39830.2505  47.6%   671 3270s
  3020  1560 44879.5946  108  247 75987.3924 39830.2505  47.6%   671 3275s
  3022  1562 44900.5134  109  253 75987.3924 39830.2505  47.6%   672 3280s
  3027  1567 44970.6715  111  234 75987.3924 39830.2505  47.6%   673 3285s
  3034  1572 45893.8767  115  232 75987.3924 39830.2505  47.6%   673 3290s
  3041  1579 45369.7320  118  230 75987.3924 39830.2505  47.6%   674 3295s
  3047  1585 45674.8577  121  197 75987.3924 39830.2505  47.6%   674 3300s
H 3052  1586                    75969.301908 39830.2505  47.6%   674 3301s
H 3052  1586                    75968.256459 39830.2505  47.6%   674 3302s
H 3052  1586                    75888.512019 39830.2505  47.5%   674 3302s
H 3052  1586                    75879.493470 39830.2505  47.5%   674 3302s
H 3052  1586                    75876.696823 39830.2505  47.5%   674 3302s
H 3052  1586                    75874.793383 39830.2505  47.5%   674 3303s
  3056  1592 46034.7304  126  186 75874.7934 39830.2505  47.5%   674 3305s
  3059  1595 46852.1909  127  247 75874.7934 39830.2505  47.5%   675 3310s
  3069  1605 46255.3661  132  185 75874.7934 39830.2505  47.5%   675 3315s
  3082  1618 48537.7253  139  204 75874.7934 39830.2505  47.5%   674 3320s
  3092  1628 46805.0581  144  243 75874.7934 39830.2505  47.5%   673 3325s
  3103  1639 47534.5630  149  260 75874.7934 39830.2505  47.5%   673 3330s
H 3104  1638                    75831.585901 39830.2505  47.5%   673 3330s
  3109  1645 48271.7192  152  245 75831.5859 39830.2505  47.5%   674 3336s
  3120  1656 49124.3384  158  240 75831.5859 39830.2505  47.5%   673 3340s
  3130  1666 49368.6371  163  239 75831.5859 39830.2505  47.5%   673 3346s
  3139  1675 49870.5105  167  249 75831.5859 39830.2505  47.5%   673 3350s
  3156  1692 50975.0642  176  245 75831.5859 39830.2505  47.5%   671 3357s
  3169  1705 52122.3028  182  226 75831.5859 39830.2505  47.5%   670 3360s
  3197  1733 53818.7554  196  227 75831.5859 39830.2505  47.5%   666 3365s
  3247  1765 56055.5607  221  200 75831.5859 39830.2505  47.5%   659 3370s
  3293  1789 infeasible  244      75831.5859 39830.2505  47.5%   653 3375s
H 3338  1816                    75830.764050 39830.2505  47.5%   647 3380s
H 3390  1860                    75755.987266 39830.2505  47.4%   639 3383s
H 3390  1860                    75755.719498 39830.2505  47.4%   639 3384s
  3390  1862 58259.1340  293  128 75755.7195 39830.2505  47.4%   639 3385s
H 3442  1896                    75755.665242 39830.2505  47.4%   631 3387s
  3481  1921 61080.7336  338  112 75755.6652 39830.2505  47.4%   625 3390s
  3571  1986 infeasible  383      75755.6652 39830.2505  47.4%   611 3395s
H 3624  2021                    75692.059381 39830.2505  47.4%   604 3399s
H 3624  2021                    75623.378488 39830.2505  47.3%   604 3399s
  3624  2023 71548.0963  410  101 75623.3785 39830.2505  47.3%   604 3401s
H 3650  2033                    75592.910875 39830.2505  47.3%   601 3403s
  3650  2035 75252.1241  423   98 75592.9109 39830.2505  47.3%   601 3405s
  3668  2037 39899.5229   27  471 75592.9109 39830.2505  47.3%   600 3418s
  3669  2038 40059.7289   28  464 75592.9109 39830.2505  47.3%   601 3426s
  3670  2039 40239.5380   28  446 75592.9109 39830.2505  47.3%   603 3435s
  3671  2040 40340.0205   29  450 75592.9109 39830.2505  47.3%   604 3441s
  3673  2042 40213.9268   30  417 75592.9109 39830.2505  47.3%   605 3447s
  3675  2044 40248.4559   31  419 75592.9109 39830.2505  47.3%   606 3452s
H 3676  2043                    75565.708867 39830.2505  47.3%   606 3458s
H 3676  2041                    75465.708867 39830.2505  47.2%   606 3458s
  3677  2044 40305.2263   32  388 75465.7089 39830.2505  47.2%   609 3461s
  3680  2047 40225.8991   33  362 75465.7089 39830.2505  47.2%   610 3465s
  3683  2050 40458.2768   35  296 75465.7089 39830.2505  47.2%   611 3470s
  3686  2053 40513.2004   36  303 75465.7089 39830.2505  47.2%   613 3476s
  3689  2056 40595.3654   38  266 75465.7089 39830.2505  47.2%   614 3481s
  3691  2058 40618.7006   39  271 75465.7089 39830.2505  47.2%   616 3486s
  3694  2061 40791.1530   40  297 75465.7089 39830.2505  47.2%   617 3492s
  3696  2063 41244.5318   41  279 75465.7089 39830.2505  47.2%   619 3497s
  3699  2066 40980.9517   43  290 75465.7089 39830.2505  47.2%   620 3500s
H 3702  2067                    75362.846021 39830.2505  47.1%   620 3503s
H 3702  2063                    75248.093675 39830.2505  47.1%   620 3504s
  3703  2066 40979.7838   45  275 75248.0937 39830.2505  47.1%   621 3505s
  3707  2070 41051.3754   47  282 75248.0937 39830.2505  47.1%   622 3510s
  3711  2074 41102.5233   49  288 75248.0937 39830.2505  47.1%   624 3515s
  3716  2079 41219.9721   51  268 75248.0937 39830.2505  47.1%   625 3520s
  3720  2083 41636.5654   53  280 75248.0937 39830.2505  47.1%   627 3526s
  3722  2085 41526.4344   54  273 75248.0937 39830.2505  47.1%   628 3530s
  3726  2089 42047.0931   56  304 75248.0937 39830.2505  47.1%   630 3536s
  3729  2092 42878.9155   58  268 75248.0937 39830.2505  47.1%   632 3542s
  3731  2094 41656.8292   59  282 75248.0937 39830.2505  47.1%   633 3545s
  3737  2100 41744.0631   62  271 75248.0937 39830.2505  47.1%   634 3550s
  3743  2106 41839.6848   65  261 75248.0937 39830.2505  47.1%   636 3556s
  3746  2109 42634.3754   66  272 75248.0937 39830.2505  47.1%   637 3560s
  3749  2112 41740.1384   68  232 75248.0937 39830.2505  47.1%   639 3565s
  3751  2114 42180.6881   69  298 75248.0937 39830.2505  47.1%   640 3570s
  3755  2118 42050.4218   71  250 75248.0937 39830.2505  47.1%   642 3576s
  3758  2121 42376.4697   72  275 75248.0937 39830.2505  47.1%   643 3580s
  3762  2125 41865.1866   74  224 75248.0937 39830.2505  47.1%   644 3585s
  3767  2130 42442.7435   77  239 75248.0937 39830.2505  47.1%   647 3592s
  3770  2133 43709.3810   78  317 75248.0937 39830.2505  47.1%   648 3598s

Cutting planes:
  Gomory: 1
  Lift-and-project: 2
  Cover: 18
  Implied bound: 47
  Projected implied bound: 55
  Clique: 3
  MIR: 186
  Flow cover: 403
  Flow path: 23
  Network: 3
  RLT: 76
  Relax-and-lift: 35
  PSD: 1

Explored 3774 nodes (2542335 simplex iterations) in 3600.00 seconds (2286.96 work units)
Thread count was 1 (of 56 available processors)

Solution count 10: 75248.1 75362.8 75465.7 ... 75756

Time limit reached
Best objective 7.524809367481e+04, best bound 3.983025048331e+04, gap 47.0681%

User-callback calls 212087, time in user-callback 0.65 sec
primal_bound = 75248.09367481303, dual_bound = 39830.250483305565, gap = 47.06809363778274, time = 3600.02
