solving instance mcnd nodes c100_400_10_F_L_10 3 6 sincos
Set parameter TokenServer to value "licences.gerad.lan"
Set parameter MIPGap to value 1e-06
Set parameter FuncPieceError to value 1e-06
Set parameter Threads to value 1
Set parameter FuncPieces to value -2
Set parameter TimeLimit to value 3600
Gurobi Optimizer version 12.0.2 build v12.0.2rc0 (linux64 - "AlmaLinux 9.6 (Sage Margay)")

CPU model: Intel(R) Xeon(R) Gold 6258R CPU @ 2.70GHz, instruction set [SSE2|AVX|AVX2|AVX512]
Thread count: 56 physical cores, 56 logical processors, using up to 1 threads

Non-default parameters:
TimeLimit  3600
MIPGap  1e-06
Threads  1
FuncPieces  -2
FuncPieceError  1e-06

Optimize a model with 6700 rows, 5500 columns and 30700 nonzeros
Model fingerprint: 0xddb6a805
Model has 200 function constraints treated as nonlinear
  100 SIN, 100 COS
Variable types: 5000 continuous, 500 integer (500 binary)
Coefficient statistics:
  Matrix range     [9e-02, 1e+02]
  Objective range  [1e+00, 1e+03]
  Bounds range     [1e+00, 1e+10]
  RHS range        [5e+00, 2e+02]
Warning: Model contains large bounds
         Consider reformulating model or setting NumericFocus parameter
         to avoid numerical issues.
Presolve removed 2424 rows and 610 columns
Presolve time: 0.07s
Presolved: 5870 rows, 4891 columns, 24384 nonzeros
Presolved model has 200 nonlinear constraint(s)

Solving non-convex MINLP

Variable types: 4401 continuous, 490 integer (490 binary)

Root relaxation: objective 1.686388e+04, 6675 iterations, 1.11 seconds (1.04 work units)

    Nodes    |    Current Node    |     Objective Bounds      |     Work
 Expl Unexpl |  Obj  Depth IntInf | Incumbent    BestBd   Gap | It/Node Time

     0     0 16863.8838    0  368          - 16863.8838      -     -    1s
H    0     0                    25186.991221 16863.8838  33.0%     -    1s
H    0     0                    25186.133135 16863.8838  33.0%     -    1s
H    0     0                    25183.297137 16863.8838  33.0%     -    1s
H    0     0                    25181.091698 16863.8838  33.0%     -    1s
H    0     0                    25173.565195 16863.8838  33.0%     -    1s
     0     0 18046.3563    0  321 25173.5652 18046.3563  28.3%     -    3s
     0     0 18050.2561    0  317 25173.5652 18050.2561  28.3%     -    3s
     0     0 18749.9029    0  359 25173.5652 18749.9029  25.5%     -    4s
H    0     0                    24628.556347 18749.9328  23.9%     -    4s
H    0     0                    24279.453287 18749.9328  22.8%     -    4s
H    0     0                    24279.053034 18749.9328  22.8%     -    4s
H    0     0                    24262.349059 18749.9328  22.7%     -    4s
H    0     0                    24258.012208 18749.9328  22.7%     -    4s
H    0     0                    24048.754173 18749.9328  22.0%     -    4s
H    0     0                    23435.411616 18749.9328  20.0%     -    5s
H    0     0                    23400.389439 18749.9328  19.9%     -    5s
H    0     0                    23400.214320 18749.9328  19.9%     -    5s
H    0     0                    23387.622467 18749.9328  19.8%     -    5s
H    0     0                    23383.272361 18749.9328  19.8%     -    5s
H    0     0                    23381.490683 18749.9328  19.8%     -    5s
     0     0 18798.4111    0  354 23381.4907 18798.4111  19.6%     -    5s
     0     0 19278.1676    0  362 23381.4907 19278.1676  17.5%     -    7s
     0     0 19336.1087    0  368 23381.4907 19336.1087  17.3%     -    8s
     0     0 19501.1277    0  358 23381.4907 19501.1277  16.6%     -    9s
     0     0 19517.5392    0  351 23381.4907 19517.5392  16.5%     -   10s
     0     0 19572.6917    0  346 23381.4907 19572.6917  16.3%     -   11s
     0     0 19575.2856    0  368 23381.4907 19575.2856  16.3%     -   11s
     0     0 19607.2014    0  358 23381.4907 19607.2014  16.1%     -   12s
     0     0 19610.8338    0  362 23381.4907 19610.8338  16.1%     -   12s
     0     0 19628.1959    0  327 23381.4907 19628.1959  16.1%     -   13s
     0     0 19631.3564    0  340 23381.4907 19631.3564  16.0%     -   13s
     0     0 19639.9553    0  346 23381.4907 19639.9553  16.0%     -   13s
     0     0 19640.9495    0  345 23381.4907 19640.9495  16.0%     -   14s
     0     0 19644.9452    0  360 23381.4907 19644.9452  16.0%     -   14s
H    0     0                    22003.735017 19644.9826  10.7%     -   14s
H    0     0                    21998.599744 19644.9826  10.7%     -   14s
H    0     0                    21891.919046 19644.9826  10.3%     -   14s
H    0     0                    21891.437467 19644.9826  10.3%     -   14s
H    0     0                    21888.048903 19644.9826  10.2%     -   15s
     0     0 19646.4418    0  360 21888.0489 19646.4418  10.2%     -   15s
     0     0 19647.7255    0  367 21888.0489 19647.7255  10.2%     -   15s
     0     0 19647.7377    0  367 21888.0489 19647.7377  10.2%     -   15s
H    0     0                    21692.863442 19647.7464  9.43%     -   18s
H    0     0                    21692.539471 19647.7464  9.43%     -   18s
H    0     0                    21473.786692 19647.7464  8.50%     -   18s
H    0     0                    21465.669899 19647.7464  8.47%     -   18s
H    0     0                    21465.669895 19647.7464  8.47%     -   20s
H    0     0                    21451.228386 19647.7464  8.41%     -   21s
H    0     0                    21447.472071 19647.7464  8.39%     -   21s
H    0     0                    21447.302227 19647.7464  8.39%     -   21s
     0     2 19647.7473    0  367 21447.3022 19647.7473  8.39%     -   21s
     4     6 19780.5977    2  366 21447.3022 19780.5977  7.77%  2086   25s
    14    16 19922.2742   10  320 21447.3022 19780.6155  7.77%  1593   30s
    29    31 20366.5219   23  307 21447.3022 19780.6155  7.77%  1233   35s
    39    41 20103.9040   31  316 21447.3022 19780.6155  7.77%  1264   40s
    60    62 20444.3257   51  270 21447.3022 19780.6155  7.77%  1084   45s
    73    75 21057.9118   60  251 21447.3022 19780.6155  7.77%  1071   50s
    97    99 20898.5615   83  215 21447.3022 19780.6155  7.77%   936   55s
   124   119 20233.2070    4  331 21447.3022 19807.8009  7.64%   866   60s
   133   128 20510.3117   12  318 21447.3022 19807.8009  7.64%   888   65s
   144   139 20728.2882   22  315 21447.3022 19807.8009  7.64%   926   70s
   191   172 20161.9127    4  349 21447.3022 19808.0801  7.64%   773   76s
   194   175 20466.8193    5  367 21447.3022 19808.0801  7.64%   798   80s
   202   183 20545.9594   10  342 21447.3022 19808.0801  7.64%   829   86s
   214   195 20991.4825   20  322 21447.3022 19808.0801  7.64%   828   90s
   226   205 20956.9480   30  321 21447.3022 19808.0801  7.64%   839   95s
   249   219 20330.8712    5  336 21447.3022 19826.1115  7.56%   813  100s
   256   226 20744.4655    9  329 21447.3022 19826.1115  7.56%   844  106s
   264   234 21083.9623   15  275 21447.3022 19826.1115  7.56%   863  110s
H  282   238                    21447.302222 19826.1115  7.56%   834  114s
   283   241 19971.1302    3  331 21447.3022 19826.1844  7.56%   841  115s
   290   248 20229.1407    9  323 21447.3022 19826.1844  7.56%   859  120s
H  300   256                    21447.302212 19826.1844  7.56%   864  123s
   303   261 20316.9700   20  260 21447.3022 19826.1844  7.56%   868  125s
   316   274 21047.5679   31  242 21447.3022 19826.1844  7.56%   863  130s
   340   298 20625.2094   53  241 21447.3022 19826.1844  7.56%   843  135s
   365   309 20361.0064    5  304 21447.3022 19846.2437  7.47%   823  140s
   384   328 20663.3665   22  221 21447.3022 19846.2437  7.47%   819  145s
   414   358 21051.5598   50  256 21447.3022 19846.2437  7.47%   789  150s
   432   365 20533.5723    6  298 21447.3022 19883.3837  7.29%   784  155s
   445   378 20821.9110   18  226 21447.3022 19883.3837  7.29%   798  161s
   458   389 20926.9079   28  244 21447.3022 19883.3837  7.29%   793  165s
   500   415 20014.6335    5  290 21447.3022 19886.3217  7.28%   753  170s
   505   420 20629.8439    8  230 21447.3022 19886.3217  7.28%   771  175s
   512   427 20954.9452   13  272 21447.3022 19886.3217  7.28%   785  180s
   526   431 20084.2681    6  348 21447.3022 19886.3441  7.28%   793  185s
   532   437 20159.2529    8  347 21447.3022 19886.3441  7.28%   805  190s
   543   448 20491.0364   17  308 21447.3022 19886.3441  7.28%   812  195s
   550   455 20718.1166   20  322 21447.3022 19886.3441  7.28%   829  200s
   562   467 20844.7037   31  290 21447.3022 19886.3441  7.28%   832  205s
   570   474 21221.5055   29  168 21447.3022 19886.3441  7.28%   825  223s
   573   476 21045.3851   41  156 21447.3022 19886.3441  7.28%   821  227s
H  574   453                    21447.299375 19886.3441  7.28%   819  230s
   580   457 20357.9983   26  144 21447.2994 19886.3441  7.28%   811  235s
   589   463 20570.4426   15  144 21447.2994 19970.0907  6.89%   798  240s
   596   467 20765.3547   37  138 21447.2994 19996.4793  6.76%   789  245s
   605   473 20572.6090   14  135 21447.2994 20006.2977  6.72%   777  250s
   617   481 20899.1597   84  138 21447.2994 20017.9724  6.66%   762  255s
H  618   457                    21447.299359 20020.3202  6.65%   761  256s
   629   464 20623.3477   92  142 21447.2994 20039.3234  6.56%   748  260s
   642   473 20055.1520   19  157 21447.2994 20055.1520  6.49%   732  265s
   657   483 20692.6865   20  149 21447.2994 20060.1004  6.47%   716  270s
   670   492 21221.5055   29  164 21447.2994 20080.5397  6.37%   702  275s
   680   498 20357.9983   26  171 21447.2994 20081.8811  6.37%   691  281s
   681   499 20750.7187   25  171 21447.2994 20081.8878  6.37%   690  286s
   682   502 20124.7542   10  342 21447.2994 20094.8277  6.31%   775  293s
   683   502 20314.8952   10  314 21447.2994 20124.7542  6.17%   778  296s
   686   504 20229.8009   12  288 21447.2994 20183.0617  5.89%   784  301s
   689   506 20362.0451   13  261 21447.2994 20203.8066  5.80%   788  305s
   692   508 20283.4219   15  302 21447.2994 20203.8066  5.80%   797  310s
   695   510 20523.1883   16  326 21447.2994 20203.8066  5.80%   809  315s
   699   513 20429.5905   18  211 21447.2994 20203.8066  5.80%   817  320s
   704   516 20309.0539   21  277 21447.2994 20203.8066  5.80%   824  325s
   709   520 21086.5877   23  274 21447.2994 20203.8066  5.80%   836  332s
   715   524 20379.8129   26  265 21447.2994 20203.8066  5.80%   834  335s
   724   530 20374.1718   31  279 21447.2994 20203.8066  5.80%   828  340s
   733   534 20379.8246   35  279 21447.2994 20203.8066  5.80%   825  345s
   743   540 20406.8268   40  276 21447.2994 20203.8066  5.80%   817  350s
   752   546 20424.2193   45  270 21447.2994 20203.8066  5.80%   815  356s
   758   548 20490.4822   48  275 21447.2994 20203.8066  5.80%   815  360s
   770   554     cutoff   54      21447.2994 20203.8066  5.80%   805  365s
   777   559 20541.6566   57  275 21447.2994 20203.8066  5.80%   807  370s
   780   561 20526.1464   59  272 21447.2994 20203.8066  5.80%   834  383s
   782   562 20525.9617   60  271 21447.2994 20203.8066  5.80%   872  391s
   789   567 20526.0043   63  271 21447.2994 20203.8066  5.80%   867  395s
   794   567 20607.5199   66  272 21447.2994 20203.8066  5.80%   877  400s
   799   571 21101.5014   68  258 21447.2994 20203.8066  5.80%   882  405s
   806   574 20659.7848   72  271 21447.2994 20203.8066  5.80%   887  410s
   813   575 20674.1038   75  269 21447.2994 20203.8066  5.80%   886  415s
   823   582 21163.8111   80  267 21447.2994 20203.8066  5.80%   888  420s
   833   584 21390.5356   85  201 21447.2994 20203.8066  5.80%   891  425s
   842   586 20786.2166   90  282 21447.2994 20203.8066  5.80%   891  430s
   858   582 21049.4109   98  236 21447.2994 20203.8066  5.80%   885  435s
   868   580 20639.0760   13  305 21447.2994 20203.8066  5.80%   886  440s
   874   584 21178.6986   16  246 21447.2994 20203.8066  5.80%   892  445s
   885   589 20700.7666   22  255 21447.2994 20203.8066  5.80%   893  450s
   895   594 20796.3754   27  260 21447.2994 20203.8066  5.80%   896  455s
   912   589     cutoff   35      21447.2994 20203.8066  5.80%   889  460s
H  926   560                    21447.299337 20203.8066  5.80%   882  463s
   930   564 21274.8034   44  208 21447.2993 20203.8066  5.80%   883  465s
   954   568 21013.6129   57  248 21447.2993 20203.8066  5.80%   866  471s
   988   569 21164.5386   74  221 21447.2993 20203.8066  5.80%   843  475s
  1005   565 20536.6110   13  323 21447.2993 20294.5457  5.37%   835  481s
  1010   568 20899.9515   15  284 21447.2993 20314.8952  5.28%   841  485s
  1016   572 20795.8901   18  293 21447.2993 20314.8952  5.28%   847  490s
  1022   576 21278.8937   21  230 21447.2993 20314.8952  5.28%   852  495s
  1030   578 21385.9878   25  262 21447.2993 20314.8952  5.28%   860  500s
  1060   569     cutoff   43      21447.2993 20314.8952  5.28%   844  505s
  1080   568 20599.2621   14  318 21447.2993 20314.8952  5.28%   839  510s
  1087   573 20670.4774   17  287 21447.2993 20314.8952  5.28%   843  515s
  1097   577 21028.2442   22  261 21447.2993 20314.8952  5.28%   845  520s
  1110   577 21389.9912   29  248 21447.2993 20314.8952  5.28%   845  525s
  1136   569 20729.7956   12  329 21447.2993 20357.8935  5.08%   834  530s
  1142   573 21030.4038   15  304 21447.2993 20357.8935  5.08%   839  535s
H 1156   540                    21447.299298 20357.8935  5.08%   834  540s
  1160   544 20595.4479   15  201 21447.2993 20357.8935  5.08%   841  545s
  1170   547 20908.8674   20  251 21447.2993 20357.8935  5.08%   844  550s
  1192   556 20891.4393   31  198 21447.2993 20357.8935  5.08%   838  555s
  1208   564 21022.7478   39  200 21447.2993 20357.8935  5.08%   837  561s
  1224   570 21105.0101   47  200 21447.2993 20357.8935  5.08%   835  565s
  1250   581 21271.8607   60  251 21447.2993 20357.8935  5.08%   827  570s
  1343   633 21349.0714  107  128 21447.2993 20357.8935  5.08%   775  575s
  1413   680 21378.2581  142   64 21447.2993 20357.8935  5.08%   738  580s
  1502   719     cutoff  186      21447.2993 20357.8935  5.08%   701  585s
  1599   761 21424.2903  235   17 21447.2993 20357.8935  5.08%   665  590s
  1631   760 21410.5348   16  248 21447.2993 20359.3226  5.07%   662  595s
  1654   762 21162.2041   28  218 21447.2993 20359.3226  5.07%   660  600s
  1683   751 20600.4821   28  276 21447.2993 20359.3226  5.07%   659  605s
  1694   757 21405.4101   33  267 21447.2993 20359.3226  5.07%   664  611s
  1704   761 20799.4267   38  200 21447.2993 20359.3226  5.07%   664  615s
  1718   766 20976.6377   45  245 21447.2993 20359.3226  5.07%   666  620s
  1726   770 21119.9985   49  210 21447.2993 20359.3226  5.07%   669  625s
  1741   768 20997.4671   57  276 21447.2993 20359.3226  5.07%   668  630s
  1772   762     cutoff   26      21447.2993 20362.0451  5.06%   665  635s
  1781   767 21374.1087   30  254 21447.2993 20362.0451  5.06%   669  640s
  1797   772 20757.5863   36  269 21447.2993 20362.0451  5.06%   670  645s
  1810   779 20832.0441   40  290 21447.2993 20362.0451  5.06%   672  650s
  1819   785 21264.2807   45  277 21447.2993 20362.0451  5.06%   677  655s
  1827   790 21014.2769   52  280 21447.2993 20362.0451  5.06%   680  660s
  1851   794 20753.8301   17  258 21447.2993 20362.0451  5.06%   678  665s
  1861   799 21006.3536   21  236 21447.2993 20362.0451  5.06%   679  670s
  1894   810 20426.3690   14  274 21447.2993 20371.5162  5.02%   672  675s
  1901   814 20874.2800   20  271 21447.2993 20371.5162  5.02%   676  681s
  1908   818 20660.1092   25  263 21447.2993 20371.5162  5.02%   679  685s
  1925   825 20855.0506   30  260 21447.2993 20371.5162  5.02%   680  690s
  1941   834 20924.5268   38  263 21447.2993 20371.5162  5.02%   680  695s
  1960   845 21169.5651   56  207 21447.2993 20371.5162  5.02%   680  700s
  1975   839 20542.4559   28  287 21447.2993 20371.5162  5.02%   680  705s
  1983   844 20662.1271   32  287 21447.2993 20371.5162  5.02%   684  710s
  1986   846 20720.1092   32  313 21447.2993 20371.5162  5.02%   685  715s
  1994   851 20763.2990   35  306 21447.2993 20371.5162  5.02%   689  720s
  2005   857 20906.9413   41  294 21447.2993 20371.5162  5.02%   690  725s
  2017   865 21209.9135   46  237 21447.2993 20371.5162  5.02%   693  731s
  2023   870 20975.9870   50  274 21447.2993 20371.5162  5.02%   695  735s
  2037   881 21286.3238   60  265 21447.2993 20371.5162  5.02%   696  740s
  2045   883     cutoff   29      21447.2993 20374.2077  5.00%   700  745s
  2056   894 20703.9526   32  272 21447.2993 20374.2077  5.00%   702  750s
  2064   901 21154.5257   34  236 21447.2993 20374.2077  5.00%   707  756s
  2077   912 20826.4804   40  261 21447.2993 20374.2077  5.00%   708  760s
  2086   921 20997.2579   49  238 21447.2993 20374.2077  5.00%   711  765s
  2096   931 21045.9565   56  276 21447.2993 20374.2077  5.00%   713  770s
  2117   939 21336.1988   34  259 21447.2993 20374.2077  5.00%   714  775s
  2125   945 20740.7234   38  255 21447.2993 20374.2077  5.00%   716  780s
  2135   955 20730.8894   40  283 21447.2993 20374.2077  5.00%   718  785s
  2147   965 20815.1983   44  271 21447.2993 20374.2077  5.00%   721  790s
  2157   975 20889.8904   52  213 21447.2993 20374.2077  5.00%   723  795s
  2173   991 21158.3176   68  280 21447.2993 20374.2077  5.00%   724  800s
  2182   990     cutoff   35      21447.2993 20374.4353  5.00%   727  805s
  2190   998 20698.6079   37  270 21447.2993 20374.4353  5.00%   729  810s
  2198  1005 20727.2004   40  268 21447.2993 20374.4353  5.00%   732  815s
  2209  1012 20869.5756   44  267 21447.2993 20374.4353  5.00%   733  820s
  2218  1021 20877.3321   50  291 21447.2993 20374.4353  5.00%   735  825s
  2225  1028 20979.3472   57  278 21447.2993 20374.4353  5.00%   737  830s
  2241  1035 21253.3428   69  211 21447.2993 20374.4353  5.00%   737  835s
  2249  1037 20562.4671   37  263 21447.2993 20374.4353  5.00%   740  840s
  2257  1045 20673.5464   39  267 21447.2993 20374.4353  5.00%   742  845s
  2265  1053 21167.9994   42  266 21447.2993 20374.4353  5.00%   745  850s
  2280  1064 20823.1587   48  258 21447.2993 20374.4353  5.00%   746  855s
  2287  1071 20918.8566   54  282 21447.2993 20374.4353  5.00%   749  860s
  2296  1080 21011.8377   61  262 21447.2993 20374.4353  5.00%   751  865s
  2314  1087 21343.4538   35  272 21447.2993 20374.7825  5.00%   752  871s
  2325  1090 20801.5152   40  286 21447.2993 20374.7825  5.00%   753  875s
  2341  1091 20504.1748   35  202 21447.2993 20374.8369  5.00%   754  880s
  2352  1100 20722.4166   41  299 21447.2993 20374.8369  5.00%   757  885s
  2364  1108 20785.2344   47  277 21447.2993 20374.8369  5.00%   758  890s
  2376  1116 20893.1218   53  294 21447.2993 20374.8369  5.00%   760  895s
  2384  1120 20938.6598   57  280 21447.2993 20374.8369  5.00%   762  900s
  2402  1126 21097.9387   66  245 21447.2993 20374.8369  5.00%   762  905s
  2419  1123     cutoff   33      21447.2993 20374.8369  5.00%   763  910s
  2428  1132 21292.2828   41  269 21447.2993 20374.8369  5.00%   766  915s
  2438  1134 21405.3603   33  252 21447.2993 20375.1751  5.00%   767  920s
  2447  1133     cutoff   30      21447.2993 20375.1751  5.00%   771  926s
  2458  1144 20751.2014   33  277 21447.2993 20375.1751  5.00%   773  930s
  2468  1154 20782.5806   36  267 21447.2993 20375.1751  5.00%   775  935s
  2484  1168 20893.7552   44  284 21447.2993 20375.1751  5.00%   775  940s
  2497  1180 21069.7484   56  297 21447.2993 20375.1751  5.00%   777  945s
  2516  1187 21329.1274   29  283 21447.2993 20375.2198  5.00%   776  950s
  2526  1192 21156.7988   35  272 21447.2993 20375.2198  5.00%   778  955s
  2542  1195 21339.3630   31  242 21447.2993 20375.2198  5.00%   778  960s
  2552  1199 20834.5203   37  299 21447.2993 20375.2198  5.00%   780  966s
  2564  1203 21353.3629   31  281 21447.2993 20375.9873  5.00%   781  971s
  2572  1205 20683.4971   35  297 21447.2993 20375.9873  5.00%   782  975s
  2585  1210 21418.0967   44  263 21447.2993 20375.9873  5.00%   782  980s
  2598  1209 21354.1930   35  258 21447.2993 20379.8129  4.98%   783  985s
  2609  1216 20862.9074   42  287 21447.2993 20379.8129  4.98%   785  990s
  2624  1217 21331.9737   30  226 21447.2993 20379.8129  4.98%   785  995s
  2649  1217 20639.9255   37  199 21447.2993 20404.3036  4.86%   783 1000s
  2658  1222 20911.2606   44  201 21447.2993 20404.3036  4.86%   785 1005s
  2672  1227 21359.0389   54  284 21447.2993 20404.3036  4.86%   786 1010s
  2687  1226     cutoff   40      21447.2993 20406.7796  4.85%   786 1015s
  2694  1233 20900.2547   46  274 21447.2993 20406.7796  4.85%   788 1020s
  2704  1239 21294.6298   54  272 21447.2993 20406.7796  4.85%   789 1025s
  2717  1240     cutoff   43      21447.2993 20406.7796  4.85%   790 1030s
  2725  1248 21352.5098   50  259 21447.2993 20406.7796  4.85%   792 1035s
  2743  1251 21259.5109   57  273 21447.2993 20406.7796  4.85%   792 1040s
  2753  1251     cutoff   42      21447.2993 20406.8268  4.85%   793 1045s
  2766  1262 20745.2764   46  300 21447.2993 20406.8268  4.85%   795 1050s
  2779  1271     cutoff   50      21447.2993 20406.8268  4.85%   797 1056s
  2786  1278 20871.1880   54  296 21447.2993 20406.8268  4.85%   798 1060s
  2797  1289 21017.4776   62  263 21447.2993 20406.8268  4.85%   800 1066s
  2810  1296 21173.7723   73  285 21447.2993 20406.8268  4.85%   800 1070s
  2823  1294     cutoff   44      21447.2993 20406.8268  4.85%   802 1075s
  2830  1301 21062.5304   50  289 21447.2993 20406.8268  4.85%   805 1081s
  2850  1309     cutoff   43      21447.2993 20406.8473  4.85%   804 1085s
  2857  1314 20736.9961   48  199 21447.2993 20406.8473  4.85%   805 1090s
  2873  1316     cutoff   45      21447.2993 20406.8473  4.85%   805 1095s
  2892  1325 20554.3929   43  262 21447.2993 20407.2507  4.85%   804 1100s
  2900  1329 20851.7399   49  284 21447.2993 20407.2507  4.85%   806 1105s
  2916  1339 21443.7486   62  236 21447.2993 20407.2507  4.85%   807 1110s
  2929  1338 20617.1876   43  282 21447.2993 20407.2507  4.85%   808 1115s
  2939  1348 21243.8011   48  241 21447.2993 20407.2507  4.85%   810 1121s
  2950  1357 20892.9964   54  283 21447.2993 20407.2507  4.85%   811 1125s
  2958  1361 20953.3235   58  283 21447.2993 20407.2507  4.85%   813 1131s
  2968  1365 20973.9644   63  278 21447.2993 20407.2507  4.85%   813 1135s
  2988  1369 21086.9619   73  215 21447.2993 20407.2507  4.85%   811 1140s
  3005  1366     cutoff   41      21447.2993 20411.3655  4.83%   811 1145s
  3014  1373 20687.5576   45  282 21447.2993 20411.3655  4.83%   812 1151s
  3022  1379 21218.8058   48  251 21447.2993 20411.3655  4.83%   812 1155s
  3044  1386 20552.3196   39  262 21447.2993 20411.3655  4.83%   809 1160s
  3052  1390 20849.6660   45  286 21447.2993 20411.3655  4.83%   812 1165s
  3067  1398 21380.4794   57  271 21447.2993 20411.3655  4.83%   812 1170s
  3077  1396     cutoff   41      21447.2993 20419.3364  4.79%   813 1175s
  3084  1403 21080.4779   47  296 21447.2993 20419.3364  4.79%   815 1180s
  3107  1413 20556.7151   29  293 21447.2993 20419.3364  4.79%   813 1185s
  3119  1418 20759.8228   36  271 21447.2993 20419.3364  4.79%   815 1190s
  3139  1427 21325.8222   31  268 21447.2993 20424.2193  4.77%   815 1196s
  3151  1431 20885.7820   37  266 21447.2993 20424.2193  4.77%   815 1200s
  3178  1440 20560.9205   46  267 21447.2993 20426.3850  4.76%   813 1206s
  3182  1440     cutoff   49      21447.2993 20426.3850  4.76%   815 1210s
  3189  1447 21097.7369   55  287 21447.2993 20426.3850  4.76%   817 1215s
  3213  1454 20662.1689   15  225 21447.2993 20428.9854  4.75%   813 1220s
  3227  1454     cutoff   46      21447.2993 20429.5905  4.75%   815 1226s
  3234  1459 20874.2633   51  290 21447.2993 20429.5905  4.75%   817 1230s
  3251  1473 21436.6765   67  234 21447.2993 20429.5905  4.75%   817 1235s
  3268  1474 21168.2650   24  310 21447.2993 20429.5905  4.75%   816 1240s
  3284  1478 21213.9396   21  287 21447.2993 20430.1414  4.74%   815 1245s
  3300  1482 20588.3925   17  267 21447.2993 20430.1414  4.74%   814 1250s
  3310  1488 20881.4177   25  274 21447.2993 20430.1414  4.74%   815 1255s
  3328  1494 21102.5906   17  294 21447.2993 20439.3871  4.70%   815 1261s
  3343  1495 20568.4157   45  279 21447.2993 20455.4652  4.62%   817 1266s
  3347  1495     cutoff   48      21447.2993 20455.4652  4.62%   819 1270s
  3357  1503 21379.4491   56  237 21447.2993 20455.4652  4.62%   821 1275s
  3369  1502 20721.6115   18  335 21447.2993 20455.4690  4.62%   820 1280s
  3381  1504 20515.3399   16  277 21447.2993 20483.9162  4.49%   820 1285s
  3390  1509 20660.5384   21  269 21447.2993 20483.9162  4.49%   822 1290s
H 3397  1195                    21333.440580 20483.9162  3.98%   822 1293s
H 3397  1195                    21333.424152 20483.9162  3.98%   822 1293s
H 3397  1195                    21333.354161 20483.9162  3.98%   822 1293s
H 3397  1190                    21330.000621 20483.9162  3.97%   822 1293s
  3400  1193 20697.6516   24  264 21330.0006 20483.9162  3.97%   822 1295s
  3422  1211 20842.6933   32  263 21330.0006 20483.9162  3.97%   820 1300s
  3443  1224 20913.0990   40  200 21330.0006 20483.9162  3.97%   818 1305s
H 3444  1221                    21329.258161 20483.9162  3.96%   818 1305s
H 3451  1226                    21328.625198 20483.9162  3.96%   817 1305s
H 3451  1222                    21324.002710 20483.9162  3.94%   817 1305s
H 3470  1230                    21321.740828 20483.9162  3.93%   814 1308s
  3477  1239 21084.4897   51  198 21321.7408 20483.9162  3.93%   814 1310s
H 3478  1238                    21321.159397 20483.9162  3.93%   814 1310s
  3505  1253 21113.6932   60  196 21321.1594 20483.9162  3.93%   810 1315s
H 3532  1272                    21319.640832 20483.9162  3.92%   804 1316s
H 3532  1272                    21319.234968 20483.9162  3.92%   804 1316s
H 3532  1270                    21316.592697 20483.9162  3.91%   804 1316s
  3593  1333 21150.2615  100  118 21316.5927 20483.9162  3.91%   790 1320s
  3667  1407 21176.8131  128   64 21316.5927 20483.9162  3.91%   775 1325s
  3733  1473 21212.3914  134   71 21316.5927 20483.9162  3.91%   763 1330s
  3808  1546 21215.4990  149   57 21316.5927 20483.9162  3.91%   750 1335s
  3912  1630 21232.5314  169   48 21316.5927 20483.9162  3.91%   731 1340s
H 3941  1644                    21314.902237 20483.9162  3.90%   725 1341s
  3964  1668 21245.6056  173   47 21314.9022 20483.9162  3.90%   722 1345s
  4054  1714 21280.9039  188   44 21314.9022 20483.9162  3.90%   708 1350s
  4148  1768 21282.9374  205   38 21314.9022 20483.9162  3.90%   694 1355s
  4239  1835 21305.1723  227   26 21314.9022 20483.9162  3.90%   684 1360s
  4276  1836 20908.1381   21  272 21314.9022 20488.6968  3.88%   681 1365s
H 4279  1833                    21314.545494 20488.6968  3.87%   681 1367s
  4298  1836 20811.2223   20  233 21314.5455 20492.1135  3.86%   680 1370s
  4310  1844 21010.6940   26  235 21314.5455 20492.1135  3.86%   681 1375s
H 4331  1849                    21314.448155 20492.1135  3.86%   679 1377s
  4341  1849 20748.0028   53  273 21314.4482 20492.1135  3.86%   679 1380s
  4355  1852 21100.3174   60  269 21314.4482 20492.1135  3.86%   680 1385s
  4368  1855 20915.7602   58  271 21314.4482 20492.1861  3.86%   680 1390s
  4378  1855 20748.1106   51  278 21314.4482 20492.1861  3.86%   682 1395s
  4387  1860 21016.9754   58  283 21314.4482 20492.1861  3.86%   683 1400s
  4401  1862 20916.1026   56  267 21314.4482 20492.2120  3.86%   684 1405s
  4412  1860     cutoff   55      21314.4482 20493.1797  3.85%   685 1410s
  4431  1873 21116.1502   70  261 21314.4482 20493.1797  3.85%   685 1415s
  4451  1880 infeasible   52      21314.4482 20493.1797  3.85%   684 1420s
H 4463  1885                    21314.295233 20493.1797  3.85%   685 1425s
  4478  1899 21212.6478   57  214 21314.2952 20495.0648  3.84%   687 1430s
  4503  1903 20751.7146   52  274 21314.2952 20495.0648  3.84%   687 1435s
  4517  1913 20919.8514   58  233 21314.2952 20495.0648  3.84%   687 1440s
  4537  1928 21109.8202   68  269 21314.2952 20495.0648  3.84%   687 1445s
  4560  1936 21023.1749   59  283 21314.2952 20495.2798  3.84%   687 1450s
  4571  1937 21032.9809   18  237 21314.2952 20498.9161  3.83%   688 1455s
  4597  1934     cutoff   51      21314.2952 20502.8168  3.81%   687 1460s
  4619  1950 21236.6099   68  204 21314.2952 20502.8168  3.81%   687 1465s
  4634  1952 21231.6602   57  250 21314.2952 20505.6625  3.79%   687 1470s
  4652  1954 20869.7025   38  225 21314.2952 20506.6690  3.79%   688 1475s
  4678  1970 21312.3567   60  228 21314.2952 20506.6690  3.79%   686 1480s
  4687  1971 20811.1822   18  251 21314.2952 20523.1883  3.71%   687 1485s
  4701  1980 21056.2817   25  249 21314.2952 20523.1883  3.71%   687 1490s
  4726  2002 21241.9569   31  236 21314.2952 20523.1883  3.71%   687 1495s
  4737  1999     cutoff   63      21314.2952 20525.9627  3.70%   687 1500s
  4758  2012 21168.1722   78  263 21314.2952 20525.9627  3.70%   687 1505s
  4779  2017 21056.1687   70  243 21314.2952 20525.9657  3.70%   688 1510s
  4798  2024     cutoff   65      21314.2952 20525.9657  3.70%   687 1515s
  4811  2029 21018.1920   71  208 21314.2952 20525.9657  3.70%   688 1520s
  4838  2036 20782.7376   61  271 21314.2952 20526.1046  3.70%   688 1526s
  4852  2042 21066.5783   70  280 21314.2952 20526.1046  3.70%   688 1530s
  4879  2049 20835.1307   63  257 21314.2952 20526.1464  3.70%   687 1535s
  4908  2062 20782.1793   60  275 21314.2952 20526.1464  3.70%   685 1540s
H 4924  2068                    21314.295221 20526.1464  3.70%   686 1545s
  4945  2077 20838.7686   62  255 21314.2952 20526.7472  3.69%   685 1550s
  4975  2089 20783.3802   59  271 21314.2952 20526.7472  3.69%   684 1556s
  4988  2094 21050.8721   67  246 21314.2952 20526.7472  3.69%   685 1560s
  5009  2102 20809.1012   60  224 21314.2952 20527.0553  3.69%   684 1565s
  5028  2117 21045.6895   67  255 21314.2952 20527.0553  3.69%   684 1570s
  5057  2131     cutoff   64      21314.2952 20527.0553  3.69%   683 1575s
  5071  2137 21059.5439   71  239 21314.2952 20527.0553  3.69%   684 1580s
  5090  2142 20688.5515   15  294 21314.2952 20529.8381  3.68%   684 1585s
  5104  2152 21126.2503   27  245 21314.2952 20529.8381  3.68%   684 1590s
  5118  2159 21041.4429   18  340 21314.2952 20531.6390  3.67%   685 1595s
  5133  2159 20814.4640   58  225 21314.2952 20532.2105  3.67%   685 1600s
  5162  2170 20788.9274   57  269 21314.2952 20532.8011  3.67%   684 1605s
  5193  2182 20794.0953   48  275 21314.2952 20537.1297  3.65%   683 1611s
  5206  2186     cutoff   58      21314.2952 20537.1297  3.65%   684 1615s
  5227  2199 20858.6332   50  255 21314.2952 20537.6202  3.64%   683 1620s
  5247  2210 21141.1681   64  221 21314.2952 20537.6202  3.64%   683 1625s
  5265  2211 20798.5215   58  250 21314.2952 20541.6566  3.62%   683 1630s
  5283  2223 21126.6294   73  261 21314.2952 20541.6566  3.62%   683 1635s
  5301  2230 20915.0327   64  217 21314.2952 20541.9703  3.62%   683 1641s
  5323  2239 20578.8763   15  308 21314.2952 20541.9703  3.62%   682 1646s
  5329  2243 20874.4481   20  315 21314.2952 20541.9703  3.62%   683 1650s
  5349  2243     cutoff   17      21314.2952 20545.1365  3.61%   683 1655s
  5365  2253 21189.2195   29  283 21314.2952 20545.1365  3.61%   683 1660s
  5382  2258 20961.5391   42  247 21314.2952 20546.6338  3.60%   683 1665s
  5410  2275 20756.5786   33  272 21314.2952 20546.6648  3.60%   683 1670s
  5425  2282 20784.9558   35  223 21314.2952 20547.7589  3.60%   683 1675s
  5438  2293 20956.2286   47  276 21314.2952 20547.7589  3.60%   684 1680s
  5461  2304     cutoff   40      21314.2952 20548.4423  3.59%   684 1685s
  5485  2316 20758.4323   31  273 21314.2952 20548.4445  3.59%   684 1691s
  5494  2321 20962.5377   36  251 21314.2952 20548.4445  3.59%   684 1695s
  5534  2323 21159.6142   56  234 21314.2952 20548.4445  3.59%   682 1700s
  5560  2324 21261.4264   19  263 21314.2952 20557.5193  3.55%   681 1706s
  5569  2327 20974.5083   40  259 21314.2952 20558.6349  3.55%   682 1710s
  5601  2339 20631.6229   24  200 21314.2952 20567.8209  3.50%   681 1715s
  5610  2344 21171.3398   31  211 21314.2952 20567.8209  3.50%   682 1720s
  5632  2346 20842.4222   41  301 21314.2952 20568.3907  3.50%   681 1725s
  5646  2356 20967.3443   53  248 21314.2952 20568.3907  3.50%   682 1730s
  5665  2363 20827.0179   36  266 21314.2952 20568.4352  3.50%   682 1735s
  5680  2374 21031.0049   49  260 21314.2952 20568.4352  3.50%   682 1740s
  5698  2380 20893.4142   40  238 21314.2952 20568.4886  3.50%   682 1745s
  5720  2393 20821.4555   35  265 21314.2952 20570.2127  3.49%   682 1750s
  5733  2406 21019.4294   48  277 21314.2952 20570.2127  3.49%   683 1755s
  5751  2416 20822.3689   33  211 21314.2952 20572.7841  3.48%   682 1760s
  5765  2430 20978.5577   47  205 21314.2952 20572.7841  3.48%   683 1765s
  5783  2438 20834.9447   18  268 21314.2952 20579.0541  3.45%   683 1770s
  5799  2444 20991.0432   24  254 21314.2952 20579.0541  3.45%   684 1775s
  5846  2447     cutoff   41      21314.2952 20579.0541  3.45%   680 1780s
  5857  2452 21097.8714   22  269 21314.2952 20579.2846  3.45%   681 1785s
  5874  2455 20883.5584   41  250 21314.2952 20579.8734  3.45%   681 1790s
  5900  2468 20749.8671   19  288 21314.2952 20583.6865  3.43%   681 1795s
  5909  2475 21007.2063   27  259 21314.2952 20583.6865  3.43%   681 1800s
  5933  2485     cutoff   21      21314.2952 20583.6865  3.43%   680 1805s
  5946  2492 21237.9163   30  223 21314.2952 20583.6865  3.43%   680 1810s
  5962  2492 21047.4582   20  289 21314.2952 20583.7721  3.43%   680 1815s
  5985  2493 20836.9208   22  280 21314.2952 20588.4324  3.41%   679 1820s
  5995  2493 20709.6687   18  268 21314.2952 20589.9128  3.40%   680 1825s
  6011  2501 21014.2351   30  265 21314.2952 20589.9128  3.40%   680 1830s
  6033  2508     cutoff   19      21314.2952 20589.9128  3.40%   680 1835s
  6049  2514 21139.3552   27  287 21314.2952 20589.9128  3.40%   680 1840s
  6067  2521     cutoff   24      21314.2952 20592.0025  3.39%   680 1845s
  6092  2528 20683.5132   22  229 21314.2952 20592.1082  3.39%   679 1850s
  6112  2546 20893.5829   29  269 21314.2952 20592.1082  3.39%   679 1855s
  6129  2555 21138.8390   34  272 21314.2952 20592.1082  3.39%   679 1860s
  6150  2570 20940.7068   43  199 21314.2952 20592.1082  3.39%   679 1865s
  6200  2612     cutoff   57      21314.2952 20592.1082  3.39%   676 1870s
  6262  2668 21190.7574   79  173 21314.2952 20592.1082  3.39%   670 1876s
  6339  2745 21181.6628  111  107 21314.2952 20592.1082  3.39%   662 1880s
  6475  2867 21218.5071  145   50 21314.2952 20592.1082  3.39%   649 1885s
  6661  3007     cutoff  186      21314.2952 20592.1082  3.39%   632 1890s
  6859  3119     cutoff  226      21314.2952 20592.1082  3.39%   617 1895s
  6874  3121 20788.1965   41  272 21314.2952 20594.9475  3.37%   618 1900s
  6886  3127 20950.2222   48  268 21314.2952 20594.9475  3.37%   618 1905s
  6909  3132 20788.3830   44  272 21314.2952 20595.0494  3.37%   618 1910s
  6939  3148 20801.4325   45  265 21314.2952 20595.0916  3.37%   618 1916s
  6955  3162 21042.2839   60  246 21314.2952 20595.0916  3.37%   618 1921s
  6968  3167 20893.7638   49  247 21314.2952 20596.5416  3.37%   618 1925s
  6983  3172 20915.4753   36  271 21314.2952 20596.6394  3.37%   619 1930s
  7005  3182 21217.7988   30  201 21314.2952 20599.6720  3.35%   619 1935s
  7018  3187 21163.0298   48  260 21314.2952 20600.4830  3.35%   620 1940s
  7036  3191 20883.6595   33  272 21314.2952 20600.5259  3.35%   620 1945s
  7053  3194 20981.4739   42  268 21314.2952 20600.5259  3.35%   620 1950s
  7082  3193 20858.7516   48  265 21314.2952 20602.7154  3.34%   620 1955s
  7107  3208 20768.2710   39  216 21314.2952 20603.2986  3.34%   620 1961s
  7114  3215 20932.3133   46  295 21314.2952 20603.2986  3.34%   621 1965s
  7137  3226 20811.5574   36  266 21314.2952 20603.3296  3.34%   621 1970s
  7152  3231 21145.1910   40  276 21314.2952 20603.3296  3.34%   622 1975s
  7165  3235 20912.1951   41  299 21314.2952 20604.4237  3.33%   623 1980s
  7190  3249 20823.2365   36  232 21314.2952 20604.6639  3.33%   623 1985s
  7206  3249     cutoff   23      21314.2952 20605.1071  3.33%   623 1990s
  7245  3262 21275.0763   43  197 21314.2952 20605.1071  3.33%   621 1995s
  7257  3268 20939.9455   41  245 21314.2952 20608.5373  3.31%   622 2000s
  7291  3286 21146.7648   47  252 21314.2952 20611.4632  3.30%   621 2005s
  7319  3294 20828.4014   39  230 21314.2952 20615.0490  3.28%   620 2010s
  7333  3298 20807.0617   20  263 21314.2952 20615.0490  3.28%   621 2015s
  7349  3312 20923.9226   31  286 21314.2952 20615.0490  3.28%   621 2020s
  7413  3343 20808.7532   18  272 21314.2952 20616.5334  3.27%   618 2025s
  7433  3343 20787.3079   42  212 21314.2952 20616.7214  3.27%   618 2030s
  7442  3350 20969.4097   50  206 21314.2952 20616.7214  3.27%   618 2035s
  7465  3359 20858.7804   47  267 21314.2952 20616.8186  3.27%   618 2040s
  7476  3362 20973.7533   53  279 21314.2952 20616.8186  3.27%   619 2045s
  7509  3363 20939.5537   50  279 21314.2952 20616.8618  3.27%   618 2050s
  7533  3379 20897.5064   49  207 21314.2952 20616.8997  3.27%   618 2055s
  7560  3380     cutoff   62      21314.2952 20616.8997  3.27%   618 2060s
  7585  3386 20972.2261   41  259 21314.2952 20617.1157  3.27%   618 2065s
  7609  3403 21273.4967   40  247 21314.2952 20617.4651  3.27%   618 2070s
  7634  3414 20842.0771   18  266 21314.2952 20618.2559  3.27%   617 2075s
  7663  3421     cutoff   25      21314.2952 20621.4458  3.25%   617 2080s
  7683  3431 20889.0827   45  225 21314.2952 20623.1598  3.24%   617 2085s
  7705  3443 20819.6356   50  266 21314.2952 20623.5191  3.24%   617 2090s
  7718  3446 20797.0467   47  263 21314.2952 20627.9259  3.22%   618 2095s
  7741  3462 20824.4016   48  266 21314.2952 20629.1420  3.21%   618 2101s
  7755  3466 20832.9769   39  276 21314.2952 20629.1420  3.21%   619 2106s
  7770  3481 21018.1577   54  223 21314.2952 20629.1420  3.21%   619 2110s
  7792  3485 20934.8150   46  259 21314.2952 20629.6517  3.21%   619 2116s
  7822  3485 20821.1293   49  273 21314.2952 20630.2110  3.21%   619 2120s
  7834  3495 21028.3761   60  280 21314.2952 20630.2110  3.21%   619 2125s
  7859  3506 20934.1015   48  252 21314.2952 20630.2110  3.21%   619 2130s
  7877  3515 20825.2153   40  209 21314.2952 20630.3112  3.21%   619 2135s
  7901  3531 20803.8387   43  263 21314.2952 20631.2639  3.20%   619 2141s
  7914  3542 21028.0643   55  250 21314.2952 20631.2639  3.20%   619 2145s
  7941  3551 20902.7454   31  197 21314.2952 20638.6758  3.17%   619 2150s
  7958  3558 20936.2831   38  199 21314.2952 20638.6758  3.17%   618 2155s
  7985  3575 21117.1746   45  194 21314.2952 20638.6758  3.17%   618 2161s
  8011  3593 21110.6460   52  245 21314.2952 20638.6758  3.17%   617 2165s
  8073  3644 20727.5698   18  265 21314.2952 20639.0760  3.17%   613 2170s
  8083  3646 20830.0617   22  259 21314.2952 20639.0760  3.17%   614 2175s
  8119  3658 20810.8341   14  294 21314.2952 20639.0760  3.17%   613 2180s
  8138  3665 20738.6982   14  259 21314.2952 20639.0863  3.17%   614 2186s
  8164  3674 21177.3708   27  215 21314.2952 20639.0863  3.17%   613 2190s
  8174  3678 21169.0755   39  266 21314.2952 20639.4918  3.17%   613 2195s
  8191  3677 20819.0316   51  266 21314.2952 20649.6953  3.12%   614 2200s
  8219  3681 21055.9716   65  247 21314.2952 20649.6953  3.12%   614 2205s
  8241  3685 20973.3078   55  244 21314.2952 20649.8027  3.12%   614 2210s
  8258  3694 20896.1917   45  229 21314.2952 20649.9892  3.12%   614 2215s
  8282  3706 20866.9364   47  208 21314.2952 20650.2461  3.12%   614 2220s
  8295  3719 20996.6144   57  265 21314.2952 20650.2461  3.12%   614 2225s
  8319  3729 21004.1422   57  260 21314.2952 20650.5585  3.11%   614 2230s
  8341  3736 20820.8037   50  282 21314.2952 20654.3490  3.10%   615 2235s
  8368  3753 20872.4643   70  199 21314.2952 20654.7137  3.09%   615 2241s
  8388  3756 20807.6193   44  272 21314.2952 20656.7869  3.08%   615 2246s
  8395  3761 20956.4406   50  266 21314.2952 20656.7869  3.08%   616 2250s
  8419  3777 20973.6323   54  291 21314.2952 20659.8752  3.07%   616 2255s
  8447  3789 21231.5104   30  200 21314.2952 20661.7179  3.06%   616 2261s
  8461  3791 21038.6045   20  281 21314.2952 20661.7960  3.06%   616 2265s
  8483  3797 21251.1974   24  277 21314.2952 20662.1722  3.06%   616 2270s
  8500  3796 20699.4725   33  295 21314.2952 20663.5790  3.05%   616 2276s
  8505  3801 21091.1618   36  228 21314.2952 20663.5790  3.05%   617 2280s
  8531  3817 20909.2984   46  233 21314.2952 20665.8474  3.04%   617 2285s
  8554  3830 20908.1299   23  262 21314.2952 20665.8653  3.04%   617 2290s
  8575  3841 20696.1887   24  201 21314.2952 20667.3041  3.04%   617 2295s
  8593  3845 20940.8988   17  279 21314.2952 20667.5022  3.03%   617 2300s
  8618  3853     cutoff   17      21314.2952 20669.7969  3.02%   616 2305s
  8639  3852 20944.4740   30  228 21314.2952 20673.3879  3.01%   616 2310s
  8657  3859 20929.6431   48  254 21314.2952 20673.3879  3.01%   617 2315s
  8677  3872 20827.4783   44  208 21314.2952 20673.5464  3.01%   617 2320s
  8689  3876 20881.8930   42  262 21314.2952 20673.5464  3.01%   618 2325s
  8709  3886 20904.8059   40  252 21314.2952 20673.6989  3.01%   618 2330s
  8722  3885 20905.7686   38  254 21314.2952 20673.6989  3.01%   618 2335s
  8737  3886 20893.7791   40  254 21314.2952 20674.1032  3.00%   619 2340s
  8760  3902 20865.0127   78  260 21314.2952 20674.3933  3.00%   619 2345s
H 8775  3905                    21314.295218 20674.3933  3.00%   619 2348s
  8795  3911 21231.9107   31  199 21314.2952 20674.8099  3.00%   618 2350s
  8816  3913 20852.7072   47  205 21314.2952 20675.2929  3.00%   618 2355s
  8830  3927 21041.8943   61  273 21314.2952 20675.2929  3.00%   619 2360s
  8849  3934 20965.1533   53  289 21314.2952 20675.2929  3.00%   619 2365s
  8864  3941 20883.3323   46  232 21314.2952 20675.3662  3.00%   619 2370s
  8882  3943 20991.4897   55  275 21314.2952 20675.3662  3.00%   620 2375s
  8909  3942 20919.9533   47  261 21314.2952 20676.6989  2.99%   620 2380s
  8932  3957 20698.5515   15  241 21314.2952 20676.7032  2.99%   619 2385s
  8941  3964 21044.7262   21  249 21314.2952 20676.7032  2.99%   620 2390s
  8964  3971 20713.1326   15  284 21314.2952 20677.5977  2.99%   620 2395s
  8988  3981 20907.7753   38  262 21314.2952 20677.5977  2.99%   620 2401s
  8996  3981 20833.0737   38  226 21314.2952 20678.3616  2.98%   620 2405s
  9005  3988 20986.5810   42  295 21314.2952 20678.3616  2.98%   621 2410s
  9031  3991 20857.9342   52  265 21314.2952 20679.6283  2.98%   621 2415s
  9056  3996 20793.0191   24  266 21314.2952 20680.9972  2.97%   620 2420s
  9085  4003 20882.6666   16  298 21314.2952 20681.6550  2.97%   620 2425s
  9102  4010 20922.7548   16  346 21314.2952 20682.4592  2.96%   620 2430s
  9124  4020 21111.2946   29  345 21314.2952 20682.4592  2.96%   620 2435s
  9139  4026 20932.6378   40  299 21314.2952 20683.1276  2.96%   620 2440s
  9162  4042 20837.0413   50  218 21314.2952 20683.4971  2.96%   620 2445s
  9177  4053 21095.3344   63  249 21314.2952 20683.4971  2.96%   621 2450s
  9194  4062 20963.2960   45  266 21314.2952 20684.2269  2.96%   621 2455s
  9218  4074 20943.5038   40  297 21314.2952 20684.3148  2.96%   621 2460s
  9253  4087 20840.1856   28  215 21314.2952 20684.9973  2.95%   620 2465s
  9306  4116 20860.5877   51  269 21314.2952 20686.1167  2.95%   618 2471s
  9315  4117 21011.7359   19  306 21314.2952 20687.5576  2.94%   619 2475s
  9337  4123 20928.6322   48  267 21314.2952 20688.5745  2.94%   619 2480s
  9362  4140 20913.2322   42  282 21314.2952 20688.5755  2.94%   619 2485s
  9393  4157 21165.7105   19  296 21314.2952 20688.7399  2.93%   618 2490s
  9420  4162 21117.1995   29  198 21314.2952 20689.9255  2.93%   618 2495s
  9444  4162 21094.1122   31  201 21314.2952 20690.5099  2.93%   618 2500s
  9469  4164 20857.0056   24  275 21314.2952 20693.1304  2.91%   617 2505s
  9484  4171 20824.7164   27  249 21314.2952 20693.4795  2.91%   618 2510s
  9502  4179 21126.7714   21  268 21314.2952 20694.5530  2.91%   618 2515s
  9537  4184 21144.9362   27  200 21314.2952 20695.7139  2.90%   617 2520s
  9555  4188 20975.8580   39  272 21314.2952 20697.4879  2.89%   617 2525s
  9579  4204 21243.7585   21  231 21314.2952 20697.4905  2.89%   617 2530s
  9593  4206     cutoff   25      21314.2952 20697.4905  2.89%   618 2535s
  9621  4204 20792.8769   20  254 21314.2952 20697.7669  2.89%   617 2540s
  9636  4213 21022.7066   32  283 21314.2952 20697.7669  2.89%   618 2545s
  9669  4230 21200.9097   41  213 21314.2952 20698.5575  2.89%   617 2550s
  9715  4243     cutoff   38      21314.2952 20698.6079  2.89%   616 2556s
  9726  4252 20966.4995   47  207 21314.2952 20698.6445  2.89%   616 2560s
  9749  4259 20895.8057   42  263 21314.2952 20700.5453  2.88%   616 2566s
  9783  4259 20874.4786   30  210 21314.2952 20700.5581  2.88%   616 2571s
  9795  4263 21303.7497   33  227 21314.2952 20700.7666  2.88%   616 2575s
  9814  4270 21003.6033   35  232 21314.2952 20700.7666  2.88%   616 2580s
  9843  4283 21089.9246   44  287 21314.2952 20702.0704  2.87%   615 2585s
  9869  4292 20869.7708   39  225 21314.2952 20702.0704  2.87%   615 2590s
  9897  4306     cutoff   38      21314.2952 20702.0859  2.87%   615 2595s
  9908  4315 20950.5156   40  207 21314.2952 20702.0859  2.87%   616 2600s
  9933  4330 20818.9812   29  220 21314.2952 20703.9526  2.86%   616 2605s
  9964  4341 21020.8286   50  206 21314.2952 20703.9526  2.86%   615 2610s
  9989  4346 20922.8966   37  271 21314.2952 20704.8921  2.86%   615 2615s
 10011  4358 20903.4992   80  260 21314.2952 20704.8921  2.86%   615 2620s
 10036  4365 20865.1438   79  277 21314.2952 20704.9017  2.86%   615 2625s
 10069  4370 20865.1575   78  281 21314.2952 20704.9017  2.86%   614 2631s
 10088  4377 21131.6012   89  255 21314.2952 20704.9017  2.86%   614 2635s
 10110  4385 21077.6624   84  265 21314.2952 20705.5823  2.86%   615 2640s
 10145  4391 20897.4430   40  273 21314.2952 20706.1093  2.85%   614 2645s
 10169  4403 20926.4598   48  267 21314.2952 20706.1093  2.85%   614 2650s
 10196  4418 21002.6205   47  221 21314.2952 20706.1582  2.85%   614 2655s
 10209  4423 21069.1843   38  260 21314.2952 20706.2044  2.85%   615 2660s
 10226  4424     cutoff   48      21314.2952 20706.6745  2.85%   615 2665s
 10241  4437 21055.9923   58  204 21314.2952 20707.8828  2.85%   615 2670s
 10269  4447 20824.9627   33  212 21314.2952 20708.0374  2.84%   615 2675s
 10292  4458     cutoff   33      21314.2952 20709.5690  2.84%   615 2680s
 10302  4464 20947.3834   39  294 21314.2952 20709.7208  2.84%   616 2685s
 10328  4478 21116.9246   17  242 21314.2952 20712.1473  2.83%   616 2690s
 10346  4481     cutoff   19      21314.2952 20712.6714  2.82%   616 2695s
 10373  4484     cutoff   39      21314.2952 20712.6714  2.82%   616 2700s
 10384  4491 20959.4415   47  268 21314.2952 20713.1488  2.82%   616 2705s
 10407  4502 21123.7614   23  239 21314.2952 20713.2211  2.82%   617 2710s
 10437  4508 20976.7909   50  289 21314.2952 20713.2211  2.82%   616 2715s
 10456  4513 20860.8107   40  227 21314.2952 20715.0143  2.81%   616 2720s
 10487  4526 20875.7186   41  234 21314.2952 20715.0503  2.81%   616 2725s
 10505  4544 21031.7069   51  270 21314.2952 20715.0503  2.81%   616 2730s
 10528  4547 20931.0517   47  210 21314.2952 20715.7642  2.81%   616 2735s
 10558  4549 20990.5205   20  291 21314.2952 20715.7901  2.81%   616 2740s
 10581  4550 20837.3806   33  209 21314.2952 20716.0439  2.81%   616 2745s
 10606  4561     cutoff   33      21314.2952 20716.6398  2.80%   616 2750s
 10615  4566 21180.3472   26  268 21314.2952 20716.8469  2.80%   616 2755s
 10648  4577 20799.3124   21  265 21314.2952 20716.9596  2.80%   616 2760s
 10669  4588 21075.0652   21  245 21314.2952 20717.1167  2.80%   616 2765s
 10710  4601 20902.9915   35  239 21314.2952 20718.2379  2.80%   615 2770s
 10739  4618 20949.9997   34  202 21314.2952 20718.4097  2.80%   615 2775s
 10776  4633 20912.1812   43  249 21314.2952 20718.5042  2.80%   614 2780s
 10800  4647 21032.8789   22  308 21314.2952 20720.1092  2.79%   614 2785s
 10822  4657 21279.1320   37  225 21314.2952 20720.1092  2.79%   614 2791s
 10834  4655 20863.3396   35  233 21314.2952 20720.5445  2.79%   614 2795s
 10858  4669 20814.4884   20  310 21314.2952 20721.9282  2.78%   614 2800s
 10878  4675 20753.8332   26  268 21314.2952 20722.4195  2.78%   614 2805s
 10898  4689     cutoff   36      21314.2952 20722.4195  2.78%   614 2810s
 10941  4716 21056.6751   47  260 21314.2952 20722.4195  2.78%   613 2815s
 10992  4759 21124.9093   63  185 21314.2952 20722.4195  2.78%   611 2820s
 11154  4915 21171.7599  125   72 21314.2952 20722.4195  2.78%   602 2825s
 11357  5064 21233.7690  171   44 21314.2952 20722.4195  2.78%   592 2830s
 11569  5220     cutoff  207      21314.2952 20722.4195  2.78%   583 2835s
 11716  5311 20915.9534   44  251 21314.2952 20722.7750  2.78%   577 2840s
 11744  5321 20974.2639   43  254 21314.2952 20723.5765  2.77%   577 2845s
 11763  5327 20925.7326   21  246 21314.2952 20724.7353  2.77%   578 2850s
 11804  5340 20847.0474   40  207 21314.2952 20724.9597  2.76%   577 2855s
 11816  5348 20998.3147   50  284 21314.2952 20724.9597  2.76%   578 2860s
 11833  5355 21114.8405   43  253 21314.2952 20725.5116  2.76%   578 2865s
 11849  5362 20991.5396   35  264 21314.2952 20725.9328  2.76%   578 2870s
 11872  5377 20961.9376   47  263 21314.2952 20726.9981  2.76%   579 2875s
 11915  5392 20801.8500   21  327 21314.2952 20727.5363  2.75%   578 2880s
 11937  5398 21039.1864   21  300 21314.2952 20728.1914  2.75%   578 2885s
 11964  5412 21217.5872   28  246 21314.2952 20728.3475  2.75%   578 2890s
 11988  5426 21078.9601   51  286 21314.2952 20728.3475  2.75%   578 2895s
 12009  5433 20946.3812   40  207 21314.2952 20729.7978  2.74%   578 2900s
 12034  5444     cutoff   21      21314.2952 20729.8294  2.74%   578 2905s
 12059  5443 20834.2850   17  264 21314.2952 20730.3832  2.74%   578 2911s
 12079  5453 21016.7961   25  267 21314.2952 20730.3832  2.74%   578 2915s
 12112  5460     cutoff   41      21314.2952 20731.0042  2.74%   578 2920s
 12126  5460 20899.1965   37  259 21314.2952 20731.0657  2.74%   579 2925s
 12135  5461 21008.9127   47  299 21314.2952 20731.1504  2.74%   579 2930s
 12168  5470 20923.7722   47  249 21314.2952 20731.5999  2.73%   579 2935s
 12191  5481 20854.6567   34  209 21314.2952 20732.7364  2.73%   579 2940s
 12204  5494 21037.2352   47  282 21314.2952 20732.7364  2.73%   580 2945s
 12235  5512 20928.7154   39  229 21314.2952 20733.0276  2.73%   580 2950s
 12326  5595 21173.7483   85  143 21314.2952 20733.0276  2.73%   576 2955s
 12488  5730 21313.3217  164   33 21314.2952 20733.0276  2.73%   569 2960s
 12521  5729     cutoff   36      21314.2952 20733.4760  2.73%   569 2965s
 12575  5756 20977.9569   17  280 21314.2952 20734.7614  2.72%   568 2970s
 12593  5762 21028.1379   28  218 21314.2952 20735.6906  2.71%   568 2975s
 12622  5773     cutoff   43      21314.2952 20735.6906  2.71%   568 2980s
 12637  5774 21109.7367   24  203 21314.2952 20736.8003  2.71%   569 2985s
 12663  5784     cutoff   35      21314.2952 20736.9961  2.71%   569 2990s
 12690  5799 20818.3815   20  221 21314.2952 20737.8378  2.70%   569 2996s
 12733  5816 20819.6312   32  210 21314.2952 20737.9718  2.70%   568 3000s
 12759  5832 20872.0003   36  219 21314.2952 20738.4554  2.70%   568 3005s
 12772  5835     cutoff   42      21314.2952 20738.4554  2.70%   569 3010s
 12803  5839 20961.7502   38  270 21314.2952 20738.5432  2.70%   568 3015s
 12832  5858     cutoff   25      21314.2952 20738.7061  2.70%   568 3020s
 12853  5863 20957.8737   16  272 21314.2952 20738.7568  2.70%   569 3025s
 12885  5871 21108.5670   41  239 21314.2952 20740.7234  2.69%   568 3030s
 12899  5867     cutoff   19      21314.2952 20741.2380  2.69%   569 3035s
 12909  5877 20981.4605   48  230 21314.2952 20741.2380  2.69%   569 3040s
 12930  5884 20983.2464   42  287 21314.2952 20741.3046  2.69%   570 3045s
 12939  5886 21182.5916   44  283 21314.2952 20741.5705  2.69%   570 3050s
 12964  5881 20925.4333   39  307 21314.2952 20742.1700  2.68%   570 3056s
 12972  5883 21151.4130   42  268 21314.2952 20742.1700  2.68%   571 3060s
 12985  5880 20916.0264   17  269 21314.2952 20742.5265  2.68%   572 3066s
 13003  5886 21046.3616   27  271 21314.2952 20742.9494  2.68%   572 3070s
 13039  5907 21156.3842   55  208 21314.2952 20742.9494  2.68%   571 3075s
 13078  5921     cutoff   35      21314.2952 20743.2936  2.68%   570 3080s
 13122  5951 20998.7702   46  199 21314.2952 20743.2936  2.68%   569 3085s
 13203  6020 21188.5420   72  186 21314.2952 20743.2936  2.68%   567 3090s
 13402  6215 21239.7357  145   50 21314.2952 20743.2936  2.68%   559 3095s
 13669  6418 21308.7986  195   30 21314.2952 20743.2936  2.68%   548 3100s
 13730  6438 20898.3385   49  238 21314.2952 20745.1158  2.67%   547 3105s
 13760  6446 20866.6645   47  205 21314.2952 20745.6945  2.67%   547 3110s
 13771  6453 21126.0017   56  279 21314.2952 20745.6945  2.67%   547 3115s
 13791  6457     cutoff   35      21314.2952 20745.6945  2.67%   547 3120s
 13799  6459 21203.9532   36  221 21314.2952 20746.1618  2.67%   548 3125s
 13847  6483 20807.6435   30  201 21314.2952 20746.6276  2.66%   547 3130s
 13869  6496 21091.7393   43  216 21314.2952 20746.6501  2.66%   547 3135s
 13910  6511 20894.5634   53  212 21314.2952 20748.4105  2.65%   547 3140s
 13943  6526 20884.0351   30  197 21314.2952 20748.9032  2.65%   547 3145s
 13978  6547 20858.2409   19  275 21314.2952 20749.1644  2.65%   546 3150s
 14007  6558 21136.0897   32  294 21314.2952 20749.3281  2.65%   546 3155s
 14024  6555     cutoff   35      21314.2952 20749.7599  2.65%   547 3160s
 14035  6556 20857.0900   19  333 21314.2952 20750.7976  2.64%   547 3165s
 14048  6563 20955.2329   21  313 21314.2952 20750.7976  2.64%   548 3170s
 14081  6569 20902.7168   30  279 21314.2952 20750.8801  2.64%   547 3175s
 14120  6584 20886.9971   35  278 21314.2952 20751.3465  2.64%   547 3180s
 14150  6596 20932.7991   53  232 21314.2952 20752.1348  2.64%   547 3185s
 14178  6606 20954.2390   38  212 21314.2952 20752.1953  2.64%   547 3190s
 14207  6613     cutoff   29      21314.2952 20752.6002  2.64%   547 3195s
 14235  6625 21096.8112   23  262 21314.2952 20752.8185  2.63%   547 3200s
 14255  6629     cutoff   31      21314.2952 20753.0399  2.63%   547 3205s
 14298  6648 20919.9368   32  200 21314.2952 20753.7917  2.63%   546 3210s
 14324  6660 21034.9437   40  200 21314.2952 20753.7917  2.63%   546 3215s
 14353  6671 21109.3669   49  200 21314.2952 20753.7917  2.63%   546 3220s
 14502  6802 21289.2951   97  128 21314.2952 20753.7917  2.63%   541 3225s
 14620  6888 21242.5806   33  205 21314.2952 20753.8410  2.63%   537 3230s
 14646  6892 20958.8921   18  291 21314.2952 20754.0379  2.63%   537 3235s
 14668  6897 20874.2914   35  222 21314.2952 20755.1029  2.62%   537 3240s
 14699  6910 20816.5955   39  208 21314.2952 20755.5051  2.62%   537 3245s
 14730  6927 20817.1788   35  210 21314.2952 20755.7176  2.62%   537 3250s
 14746  6939 20988.2346   49  276 21314.2952 20755.7176  2.62%   537 3255s
 14765  6946 20912.9122   39  321 21314.2952 20755.7918  2.62%   538 3260s
 14810  6959 21112.3866   45  213 21314.2952 20755.7918  2.62%   537 3265s
 14842  6971 20818.9572   21  222 21314.2952 20755.9612  2.62%   537 3270s
 14876  6979 20930.0387   39  224 21314.2952 20755.9801  2.62%   537 3275s
 14909  6986 21289.1988   18  259 21314.2952 20756.1607  2.62%   537 3280s
 14930  6993 21212.5232   54  255 21314.2952 20756.5786  2.62%   537 3285s
 14958  7011 21111.8795   55  219 21314.2952 20756.5873  2.62%   537 3290s
 14983  7021 20818.3039   35  208 21314.2952 20757.5417  2.61%   537 3295s
 15009  7037 20879.4457   48  205 21314.2952 20757.5417  2.61%   537 3300s
 15032  7048     cutoff   48      21314.2952 20757.5641  2.61%   537 3305s
 15051  7067 21054.3433   51  268 21314.2952 20757.6710  2.61%   537 3310s
 15081  7076 20943.1223   49  243 21314.2952 20758.0618  2.61%   537 3315s
 15109  7090 20970.9222   50  291 21314.2952 20758.0829  2.61%   537 3320s
 15151  7098 20865.3340   29  231 21314.2952 20758.8604  2.61%   537 3325s
 15173  7110 20967.8975   20  256 21314.2952 20759.0712  2.60%   537 3330s
 15222  7121 20901.8016   36  216 21314.2952 20759.1682  2.60%   536 3335s
 15252  7135 20831.6348   21  301 21314.2952 20759.8827  2.60%   536 3340s
 15262  7139 21191.2791   27  264 21314.2952 20759.8827  2.60%   537 3345s
 15283  7151 21283.6391   65  212 21314.2952 20759.9380  2.60%   537 3350s
 15304  7148     cutoff   41      21314.2952 20761.6930  2.59%   537 3355s
 15350  7146 20819.0521   21  264 21314.2952 20762.6232  2.59%   537 3360s
 15367  7155 21129.0562   33  254 21314.2952 20762.6232  2.59%   537 3365s
 15398  7166 21247.9191   34  246 21314.2952 20762.7472  2.59%   537 3370s
 15428  7173 21056.0516   21  311 21314.2952 20764.3872  2.58%   537 3376s
 15447  7180 20985.6914   38  208 21314.2952 20765.0839  2.58%   537 3380s
 15483  7196 20842.1955   39  272 21314.2952 20765.6233  2.57%   537 3385s
 15517  7210     cutoff   34      21314.2952 20766.1566  2.57%   536 3390s
 15548  7216 21086.4818   48  243 21314.2952 20766.1566  2.57%   536 3395s
 15586  7234     cutoff   53      21314.2952 20768.2710  2.56%   536 3400s
 15605  7251 21063.5700   57  283 21314.2952 20768.3590  2.56%   536 3405s
 15637  7267 20963.7240   39  202 21314.2952 20768.3590  2.56%   536 3410s
 15690  7288 21247.8966   37  206 21314.2952 20768.8858  2.56%   535 3415s
 15715  7303 21055.2478   50  260 21314.2952 20771.6291  2.55%   535 3420s
 15737  7307 21148.1092   48  248 21314.2952 20772.3204  2.54%   535 3425s
 15760  7308 20897.4991   46  212 21314.2952 20772.4787  2.54%   535 3430s
 15780  7318 20876.9044   20  301 21314.2952 20773.5779  2.54%   535 3435s
 15818  7326 20928.4627   38  278 21314.2952 20773.5779  2.54%   535 3440s
 15845  7339     cutoff   36      21314.2952 20773.8693  2.54%   535 3445s
 15879  7364 21239.1061   58  229 21314.2952 20773.9613  2.54%   534 3450s
 15901  7369 20970.1159   20  312 21314.2952 20774.0262  2.53%   534 3455s
 15921  7380 21084.3252   26  277 21314.2952 20774.0262  2.53%   535 3460s
 15955  7380 20802.2111   27  281 21314.2952 20774.3916  2.53%   535 3466s
 15969  7378 20803.0733   30  274 21314.2952 20774.5200  2.53%   535 3470s
 15984  7383 21128.3339   33  269 21314.2952 20774.5807  2.53%   535 3475s
 16012  7393 21206.7561   50  203 21314.2952 20774.5807  2.53%   535 3480s
 16045  7396     cutoff   49      21314.2952 20774.6232  2.53%   535 3485s
 16064  7396 20933.3617   17  207 21314.2952 20774.9899  2.53%   535 3490s
 16091  7401     cutoff   21      21314.2952 20775.0426  2.53%   535 3495s
 16107  7407 21169.0486   47  267 21314.2952 20775.0426  2.53%   535 3500s
 16119  7403 21167.2481   48  222 21314.2952 20775.5486  2.53%   536 3505s
 16147  7406 21049.9944   18  273 21314.2952 20775.7738  2.53%   536 3510s
 16164  7409 21012.4841   22  282 21314.2952 20775.9642  2.53%   536 3515s
 16199  7410 20957.8453   29  297 21314.2952 20776.2988  2.52%   536 3520s
 16215  7410     cutoff   31      21314.2952 20776.2988  2.52%   536 3525s
 16228  7421     cutoff   35      21314.2952 20777.0555  2.52%   537 3530s
 16300  7457 20900.9741   38  244 21314.2952 20777.1765  2.52%   535 3535s
 16335  7466 20929.0071   45  210 21314.2952 20777.3081  2.52%   535 3540s
 16362  7481 21078.4606   50  210 21314.2952 20777.4774  2.52%   535 3545s
 16395  7495 21006.9647   43  274 21314.2952 20778.2428  2.51%   536 3552s
 16414  7506 20830.9661   29  267 21314.2952 20779.0303  2.51%   535 3555s
 16450  7522 21076.1854   53  235 21314.2952 20779.0303  2.51%   535 3560s
 16499  7545 20953.7094   30  256 21314.2952 20779.2505  2.51%   534 3565s
 16534  7562     cutoff   37      21314.2952 20779.3008  2.51%   534 3570s
 16564  7578     cutoff   48      21314.2952 20779.3008  2.51%   534 3575s
 16720  7726 21229.8479  106  102 21314.2952 20779.3008  2.51%   530 3580s
 16923  7889     cutoff  160      21314.2952 20779.3008  2.51%   524 3585s
 17026  7922 20874.4054   14  293 21314.2952 20780.8619  2.50%   522 3590s
 17056  7932 20850.3844   20  329 21314.2952 20781.2705  2.50%   522 3595s

Cutting planes:
  Cover: 26
  Implied bound: 11
  Projected implied bound: 25
  Clique: 1
  MIR: 266
  Mixing: 1
  Flow cover: 432
  Network: 3
  Relax-and-lift: 21

Explored 17074 nodes (8942541 simplex iterations) in 3600.00 seconds (2958.59 work units)
Thread count was 1 (of 56 available processors)

Solution count 10: 21314.3 21314.4 21314.5 ... 21324

Time limit reached
Best objective 2.131429521808e+04, best bound 2.078137407575e+04, gap 2.5003%

User-callback calls 358682, time in user-callback 1.14 sec
primal_bound = 21314.295218079034, dual_bound = 20781.374075750897, gap = 2.5002991507601324, time = 3600.01
