solving instance mcnd nodes c52 3 6 square
presolving:
(round 1, fast)       547 del vars, 547 del conss, 0 add conss, 30 chg bounds, 0 chg sides, 0 chg coeffs, 0 upgd conss, 0 impls, 0 clqs
(round 2, exhaustive) 547 del vars, 1064 del conss, 0 add conss, 30 chg bounds, 0 chg sides, 0 chg coeffs, 0 upgd conss, 0 impls, 0 clqs
(round 3, exhaustive) 547 del vars, 1064 del conss, 0 add conss, 30 chg bounds, 0 chg sides, 0 chg coeffs, 51700 upgd conss, 0 impls, 0 clqs
   (1.1s) probing: 51/517 (9.9%) - 0 fixings, 0 aggregations, 0 implications, 0 bound changes
   (1.1s) probing aborted: 50/50 successive totally useless probings
   (1.1s) symmetry computation started: requiring (bin +, int +, cont +), (fixed: bin -, int -, cont -)
   (1.4s) no symmetry present (symcode time: 0.11)
presolving (4 rounds: 4 fast, 3 medium, 3 exhaustive):
 547 deleted vars, 1064 deleted constraints, 0 added constraints, 30 tightened bounds, 0 added holes, 0 changed sides, 0 changed coefficients
 51700 implications, 0 cliques
presolved problem has 52277 variables (517 bin, 0 int, 0 impl, 51760 cont) and 55277 constraints
  51700 constraints of type <varbound>
   3547 constraints of type <linear>
     30 constraints of type <nonlinear>
Presolving Time: 1.18

 time | node  | left  |LP iter|LP it/n|mem/heur|mdpt |vars |cons |rows |cuts |sepa|confs|strbr|  dualbound   | primalbound  |  gap   | compl. 
t39.6s|     1 |     0 | 25093 |     - |  trysol|   0 |  52k|  55k|  55k|   0 |  0 |   0 |   0 |-5.722046e-05 | 4.161521e+05 |    Inf | unknown
  830s|     1 |     0 |107230 |     - |   404M |   0 |  52k|  55k|  55k|   0 |  0 |   0 |   0 | 2.910746e+04 | 4.161521e+05 |1329.71%| unknown
t1250s|     1 |     0 |153698 |     - |  trysol|   0 |  52k|  55k|  55k|   0 |  0 |   0 |   0 | 2.910746e+04 | 7.124668e+04 | 144.77%| unknown
 1417s|     1 |     0 |169487 |     - |   424M |   0 |  52k|  55k|  55k|  34 |  1 |   0 |   0 | 2.941945e+04 | 7.124668e+04 | 142.18%| unknown
t1437s|     1 |     0 |169487 |     - |  trysol|   0 |  52k|  55k|  55k|  34 |  1 |   0 |   0 | 2.941945e+04 | 6.919108e+04 | 135.19%| unknown
 1437s|     1 |     0 |169487 |     - |   425M |   0 |  52k|  55k|  55k|  34 |  1 |   0 |   0 | 2.941945e+04 | 6.919108e+04 | 135.19%| unknown
 1543s|     1 |     0 |181572 |     - |   431M |   0 |  52k|  55k|  55k|  66 |  2 |   0 |   0 | 2.946150e+04 | 6.919108e+04 | 134.85%| unknown
t1543s|     1 |     0 |181572 |     - |  trysol|   0 |  52k|  55k|  55k|  66 |  2 |   0 |   0 | 2.946150e+04 | 6.814507e+04 | 131.30%| unknown
 1666s|     1 |     0 |193168 |     - |   437M |   0 |  52k|  55k|  55k|  97 |  3 |   0 |   0 | 2.950019e+04 | 6.814507e+04 | 131.00%| unknown
 1713s|     1 |     0 |196339 |     - |   442M |   0 |  52k|  55k|  55k| 127 |  4 |   0 |   0 | 2.950194e+04 | 6.814507e+04 | 130.99%| unknown
 1741s|     1 |     0 |197640 |     - |   452M |   0 |  52k|  55k|  55k| 156 |  5 |   0 |   0 | 2.950231e+04 | 6.814507e+04 | 130.98%| unknown
 1746s|     1 |     0 |198031 |     - |   457M |   0 |  52k|  55k|  55k| 186 |  6 |   0 |   0 | 2.950239e+04 | 6.814507e+04 | 130.98%| unknown
 1752s|     1 |     0 |198358 |     - |   463M |   0 |  52k|  55k|  55k| 214 |  7 |   0 |   0 | 2.950241e+04 | 6.814507e+04 | 130.98%| unknown
 1757s|     1 |     0 |198662 |     - |   469M |   0 |  52k|  55k|  55k| 238 |  8 |   0 |   0 | 2.950241e+04 | 6.814507e+04 | 130.98%| unknown
 1760s|     1 |     0 |198753 |     - |   476M |   0 |  52k|  55k|  55k| 261 |  9 |   0 |   0 | 2.950242e+04 | 6.814507e+04 | 130.98%| unknown
 time | node  | left  |LP iter|LP it/n|mem/heur|mdpt |vars |cons |rows |cuts |sepa|confs|strbr|  dualbound   | primalbound  |  gap   | compl. 
 1763s|     1 |     0 |198798 |     - |   482M |   0 |  52k|  55k|  55k| 277 | 10 |   0 |   0 | 2.950242e+04 | 6.814507e+04 | 130.98%| unknown
 1765s|     1 |     0 |198830 |     - |   487M |   0 |  52k|  55k|  55k| 289 | 11 |   0 |   0 | 2.950242e+04 | 6.814507e+04 | 130.98%| unknown
 1767s|     1 |     0 |198833 |     - |   493M |   0 |  52k|  55k|  55k| 291 | 12 |   0 |   0 | 2.950242e+04 | 6.814507e+04 | 130.98%| unknown
 3600s|     1 |     2 |370921 |     - |   501M |   0 |  52k|  55k|  55k| 291 | 13 |   0 |   0 | 2.950242e+04 | 6.814507e+04 | 130.98%| unknown

SCIP Status        : solving was interrupted [time limit reached]
Solving Time (sec) : 3600.05
Solving Nodes      : 1
Primal Bound       : +6.81450655413504e+04 (5 solutions)
Dual Bound         : +2.95024155456467e+04
Gap                : 130.98 %
primal_bound = 68145.06554135038, dual_bound = 29502.415545646734, gap = 56.70645363493754, time = 3603.76
