solving instance mcnd nodes c25_100_30_F_L_5 3 6 exp
presolving:
(round 1, fast)       114 del vars, 238 del conss, 0 add conss, 63 chg bounds, 0 chg sides, 19 chg coeffs, 0 upgd conss, 0 impls, 0 clqs
(round 2, exhaustive) 114 del vars, 334 del conss, 0 add conss, 63 chg bounds, 0 chg sides, 19 chg coeffs, 0 upgd conss, 0 impls, 0 clqs
(round 3, exhaustive) 114 del vars, 1275 del conss, 0 add conss, 63 chg bounds, 941 chg sides, 19 chg coeffs, 0 upgd conss, 0 impls, 0 clqs
(round 4, exhaustive) 114 del vars, 1275 del conss, 0 add conss, 63 chg bounds, 941 chg sides, 19 chg coeffs, 1955 upgd conss, 0 impls, 0 clqs
   (0.1s) probing cycle finished: starting next cycle
(round 5, exhaustive) 131 del vars, 1275 del conss, 0 add conss, 63 chg bounds, 941 chg sides, 0 chg coeffs, 1955 upgd conss, 3307 impls, 1 clqs
(round 6, fast)       131 del vars, 1322 del conss, 0 add conss, 79 chg bounds, 941 chg sides, 0 chg coeffs, 1955 upgd conss, 3307 impls, 1 clqs
   (0.2s) probing: 24/100 (24.0%) - 17 fixings, 0 aggregations, 1356 implications, 0 bound changes
   (0.2s) probing aborted: 50/50 successive totally useless probings
   (0.2s) symmetry computation started: requiring (bin +, int +, cont +), (fixed: bin -, int -, cont -)
   (0.2s) no symmetry present (symcode time: 0.00)
presolving (7 rounds: 7 fast, 5 medium, 5 exhaustive):
 131 deleted vars, 1322 deleted constraints, 0 added constraints, 79 tightened bounds, 0 added holes, 941 changed sides, 0 changed coefficients
 3307 implications, 1 cliques
presolved problem has 3144 variables (100 bin, 0 int, 0 impl, 3044 cont) and 2803 constraints
   1909 constraints of type <varbound>
    869 constraints of type <linear>
     25 constraints of type <nonlinear>
Presolving Time: 0.15

 time | node  | left  |LP iter|LP it/n|mem/heur|mdpt |vars |cons |rows |cuts |sepa|confs|strbr|  dualbound   | primalbound  |  gap   | compl. 
t 0.9s|     1 |     0 |  9056 |     - |  trysol|   0 |3219 |2803 |2953 |   0 |  0 |   0 |   0 | 8.428441e+03 | 7.361584e+04 | 773.42%| unknown
  3.0s|     1 |     0 | 21604 |     - |    31M |   0 |3219 |2803 |2953 |   0 |  0 |   0 |   0 | 2.615273e+04 | 7.361584e+04 | 181.48%| unknown
t 4.5s|     1 |     0 | 32158 |     - |  trysol|   0 |3219 |2803 |2953 |   0 |  0 |   0 |   0 | 2.615273e+04 | 6.331584e+04 | 142.10%| unknown
  5.0s|     1 |     0 | 34224 |     - |    33M |   0 |3219 |2803 |2975 |  22 |  1 |   0 |   0 | 2.680052e+04 | 6.331584e+04 | 136.25%| unknown
  5.0s|     1 |     0 | 34224 |     - |    33M |   0 |3219 |2803 |2975 |  22 |  1 |   0 |   0 | 2.680052e+04 | 6.331584e+04 | 136.25%| unknown
  5.3s|     1 |     0 | 35037 |     - |    33M |   0 |3219 |2803 |2993 |  40 |  2 |   0 |   0 | 2.713200e+04 | 6.331584e+04 | 133.36%| unknown
  5.4s|     1 |     0 | 35313 |     - |    34M |   0 |3219 |2803 |3011 |  58 |  3 |   0 |   0 | 2.723564e+04 | 6.331584e+04 | 132.47%| unknown
  5.6s|     1 |     0 | 35702 |     - |    34M |   0 |3219 |2803 |3019 |  66 |  4 |   0 |   0 | 2.729551e+04 | 6.331584e+04 | 131.96%| unknown
  5.7s|     1 |     0 | 35969 |     - |    34M |   0 |3219 |2803 |3031 |  78 |  5 |   0 |   0 | 2.731375e+04 | 6.331584e+04 | 131.81%| unknown
  5.9s|     1 |     0 | 36295 |     - |    35M |   0 |3219 |2803 |3042 |  89 |  6 |   0 |   0 | 2.734137e+04 | 6.331584e+04 | 131.58%| unknown
  6.0s|     1 |     0 | 36451 |     - |    35M |   0 |3219 |2803 |3053 | 100 |  7 |   0 |   0 | 2.735707e+04 | 6.331584e+04 | 131.44%| unknown
  6.1s|     1 |     0 | 36561 |     - |    35M |   0 |3219 |2803 |3064 | 111 |  8 |   0 |   0 | 2.736463e+04 | 6.331584e+04 | 131.38%| unknown
  6.2s|     1 |     0 | 36674 |     - |    36M |   0 |3219 |2803 |3071 | 118 |  9 |   0 |   0 | 2.737030e+04 | 6.331584e+04 | 131.33%| unknown
  6.2s|     1 |     0 | 36726 |     - |    36M |   0 |3219 |2803 |3079 | 126 | 10 |   0 |   0 | 2.737462e+04 | 6.331584e+04 | 131.29%| unknown
  6.3s|     1 |     0 | 36821 |     - |    36M |   0 |3219 |2803 |3087 | 134 | 11 |   0 |   0 | 2.738035e+04 | 6.331584e+04 | 131.25%| unknown
 time | node  | left  |LP iter|LP it/n|mem/heur|mdpt |vars |cons |rows |cuts |sepa|confs|strbr|  dualbound   | primalbound  |  gap   | compl. 
  6.4s|     1 |     0 | 36844 |     - |    37M |   0 |3219 |2803 |3090 | 137 | 12 |   0 |   0 | 2.738073e+04 | 6.331584e+04 | 131.24%| unknown
  6.5s|     1 |     0 | 36882 |     - |    37M |   0 |3219 |2803 |3094 | 141 | 13 |   0 |   0 | 2.738113e+04 | 6.331584e+04 | 131.24%| unknown
  6.5s|     1 |     0 | 36927 |     - |    38M |   0 |3219 |2803 |2971 | 147 | 14 |   0 |   0 | 2.738310e+04 | 6.331584e+04 | 131.22%| unknown
  6.6s|     1 |     0 | 36959 |     - |    38M |   0 |3219 |2803 |2976 | 152 | 15 |   0 |   0 | 2.738409e+04 | 6.331584e+04 | 131.21%| unknown
  6.8s|     1 |     0 | 37178 |     - |    38M |   0 |3219 |2803 |2982 | 158 | 16 |   0 |   0 | 2.739448e+04 | 6.331584e+04 | 131.13%| unknown
  6.9s|     1 |     0 | 37299 |     - |    39M |   0 |3219 |2803 |2989 | 165 | 17 |   0 |   0 | 2.740133e+04 | 6.331584e+04 | 131.07%| unknown
  6.9s|     1 |     0 | 37363 |     - |    39M |   0 |3219 |2803 |2994 | 170 | 18 |   0 |   0 | 2.740357e+04 | 6.331584e+04 | 131.05%| unknown
  7.1s|     1 |     0 | 37647 |     - |    39M |   0 |3219 |2803 |2999 | 175 | 19 |   0 |   0 | 2.742243e+04 | 6.331584e+04 | 130.89%| unknown
  7.1s|     1 |     0 | 37718 |     - |    39M |   0 |3219 |2803 |2964 | 178 | 20 |   0 |   0 | 2.742611e+04 | 6.331584e+04 | 130.86%| unknown
  7.2s|     1 |     0 | 37777 |     - |    39M |   0 |3219 |2803 |2969 | 183 | 21 |   0 |   0 | 2.742745e+04 | 6.331584e+04 | 130.85%| unknown
  7.3s|     1 |     0 | 37816 |     - |    39M |   0 |3219 |2803 |2973 | 187 | 22 |   0 |   0 | 2.742901e+04 | 6.331584e+04 | 130.84%| unknown
  7.3s|     1 |     0 | 37845 |     - |    39M |   0 |3219 |2803 |2975 | 189 | 23 |   0 |   0 | 2.742987e+04 | 6.331584e+04 | 130.83%| unknown
  7.5s|     1 |     0 | 38077 |     - |    40M |   0 |3219 |2803 |2979 | 193 | 24 |   0 |   0 | 2.744067e+04 | 6.331584e+04 | 130.74%| unknown
  7.5s|     1 |     0 | 38220 |     - |    40M |   0 |3219 |2803 |2986 | 200 | 25 |   0 |   0 | 2.744852e+04 | 6.331584e+04 | 130.67%| unknown
  7.6s|     1 |     0 | 38292 |     - |    40M |   0 |3219 |2803 |2973 | 207 | 26 |   0 |   0 | 2.745269e+04 | 6.331584e+04 | 130.64%| unknown
 time | node  | left  |LP iter|LP it/n|mem/heur|mdpt |vars |cons |rows |cuts |sepa|confs|strbr|  dualbound   | primalbound  |  gap   | compl. 
  7.7s|     1 |     0 | 38328 |     - |    40M |   0 |3219 |2803 |2978 | 212 | 27 |   0 |   0 | 2.745335e+04 | 6.331584e+04 | 130.63%| unknown
  7.7s|     1 |     0 | 38335 |     - |    40M |   0 |3219 |2803 |2981 | 215 | 28 |   0 |   0 | 2.745340e+04 | 6.331584e+04 | 130.63%| unknown
  7.8s|     1 |     0 | 38350 |     - |    40M |   0 |3219 |2803 |2982 | 216 | 29 |   0 |   0 | 2.745347e+04 | 6.331584e+04 | 130.63%| unknown
  7.8s|     1 |     0 | 38398 |     - |    40M |   0 |3219 |2803 |2985 | 219 | 30 |   0 |   0 | 2.745461e+04 | 6.331584e+04 | 130.62%| unknown
  7.9s|     1 |     0 | 38435 |     - |    40M |   0 |3219 |2803 |2987 | 221 | 31 |   0 |   0 | 2.745506e+04 | 6.331584e+04 | 130.62%| unknown
  7.9s|     1 |     0 | 38441 |     - |    40M |   0 |3219 |2803 |2960 | 223 | 32 |   0 |   0 | 2.745508e+04 | 6.331584e+04 | 130.62%| unknown
  7.9s|     1 |     0 | 38451 |     - |    40M |   0 |3219 |2803 |2961 | 224 | 33 |   0 |   0 | 2.745515e+04 | 6.331584e+04 | 130.62%| unknown
  9.9s|     1 |     0 | 52159 |     - |    40M |   0 |3219 |2803 |2961 | 224 | 34 |   0 |   0 | 2.785589e+04 | 6.331584e+04 | 127.30%| unknown
 10.3s|     1 |     0 | 53195 |     - |    40M |   0 |3219 |2803 |2992 | 255 | 35 |   0 |   0 | 2.797779e+04 | 6.331584e+04 | 126.31%| unknown
 10.4s|     1 |     0 | 53805 |     - |    40M |   0 |3219 |2803 |3000 | 280 | 36 |   0 |   0 | 2.812283e+04 | 6.331584e+04 | 125.14%| unknown
 10.6s|     1 |     0 | 54543 |     - |    40M |   0 |3219 |2803 |3018 | 298 | 37 |   0 |   0 | 2.827702e+04 | 6.331584e+04 | 123.91%| unknown
 10.8s|     1 |     0 | 55133 |     - |    40M |   0 |3219 |2803 |3035 | 315 | 38 |   0 |   0 | 2.846134e+04 | 6.331584e+04 | 122.46%| unknown
 11.0s|     1 |     0 | 55689 |     - |    40M |   0 |3219 |2803 |3054 | 334 | 39 |   0 |   0 | 2.854786e+04 | 6.331584e+04 | 121.79%| unknown
 11.1s|     1 |     0 | 56210 |     - |    40M |   0 |3219 |2803 |3065 | 345 | 40 |   0 |   0 | 2.865635e+04 | 6.331584e+04 | 120.95%| unknown
 11.2s|     1 |     0 | 56456 |     - |    40M |   0 |3219 |2803 |3073 | 353 | 41 |   0 |   0 | 2.868298e+04 | 6.331584e+04 | 120.74%| unknown
 time | node  | left  |LP iter|LP it/n|mem/heur|mdpt |vars |cons |rows |cuts |sepa|confs|strbr|  dualbound   | primalbound  |  gap   | compl. 
 11.3s|     1 |     0 | 56521 |     - |    40M |   0 |3219 |2803 |3074 | 360 | 42 |   0 |   0 | 2.868548e+04 | 6.331584e+04 | 120.72%| unknown
 11.4s|     1 |     0 | 56608 |     - |    40M |   0 |3219 |2803 |3079 | 365 | 43 |   0 |   0 | 2.868987e+04 | 6.331584e+04 | 120.69%| unknown
 11.5s|     1 |     0 | 56748 |     - |    40M |   0 |3219 |2803 |3084 | 370 | 44 |   0 |   0 | 2.869638e+04 | 6.331584e+04 | 120.64%| unknown
 11.5s|     1 |     0 | 56768 |     - |    40M |   0 |3219 |2803 |3088 | 374 | 45 |   0 |   0 | 2.869705e+04 | 6.331584e+04 | 120.64%| unknown
 11.6s|     1 |     0 | 56789 |     - |    40M |   0 |3219 |2803 |3089 | 375 | 46 |   0 |   0 | 2.869779e+04 | 6.331584e+04 | 120.63%| unknown
 30.8s|     1 |     0 | 87467 |     - |    43M |   0 |3219 |2816 |3089 | 375 | 47 |  13 |  49 | 2.895940e+04 | 6.331584e+04 | 118.64%| unknown
t30.8s|     1 |     0 | 87467 |     - |  trysol|   0 |3219 |2816 |3089 | 375 | 47 |  13 |  49 | 2.895940e+04 | 4.023497e+04 |  38.94%| unknown
 30.9s|     1 |     0 | 87467 |     - |    43M |   0 |3219 |2816 |3089 | 375 | 48 |  13 |  49 | 2.895940e+04 | 4.023497e+04 |  38.94%| unknown
 32.2s|     1 |     2 | 87467 |     - |    43M |   0 |3219 |2816 |3089 | 375 | 49 |  13 |  57 | 2.895940e+04 | 4.023497e+04 |  38.94%| unknown
L64.3s|    59 |    60 |142114 |1847.0 |    alns|  20 |3219 |2821 |2976 | 700 |  2 |  28 | 252 | 2.895940e+04 | 4.007775e+04 |  38.39%| unknown
L64.5s|    59 |    60 |142114 |1847.0 |    alns|  20 |3219 |2821 |2976 | 700 |  2 |  28 | 252 | 2.895940e+04 | 3.927892e+04 |  35.63%| unknown
L64.7s|    59 |    60 |142114 |1847.0 |    alns|  20 |3219 |2821 |2976 | 700 |  2 |  28 | 252 | 2.895940e+04 | 3.927892e+04 |  35.63%| unknown
t67.6s|    64 |    63 |162086 |2017.4 |  trysol|  21 |3219 |2821 |   0 | 720 |  0 |  28 | 252 | 2.942763e+04 | 3.914880e+04 |  33.03%| unknown
t68.8s|    77 |    74 |167209 |1739.8 |  trysol|  21 |3219 |2819 |2975 | 756 |  0 |  28 | 254 | 2.942763e+04 | 3.632395e+04 |  23.43%| unknown
 72.3s|   100 |    99 |185237 |1517.7 |    54M |  21 |3219 |2819 |2964 | 818 |  2 |  28 | 257 | 2.942763e+04 | 3.632395e+04 |  23.43%| unknown
 time | node  | left  |LP iter|LP it/n|mem/heur|mdpt |vars |cons |rows |cuts |sepa|confs|strbr|  dualbound   | primalbound  |  gap   | compl. 
t80.7s|   114 |   111 |198217 |1444.5 |  trysol|  21 |3219 |2820 |2969 | 870 |  0 |  29 | 259 | 2.962486e+04 | 3.626060e+04 |  22.40%| unknown
t82.0s|   120 |   117 |205204 |1430.4 |  trysol|  21 |3219 |2819 |2964 | 884 |  0 |  29 | 259 | 2.962486e+04 | 3.624328e+04 |  22.34%| unknown
t82.2s|   123 |   117 |206593 |1406.6 |  trysol|  23 |3219 |2819 |   0 | 894 |  0 |  29 | 259 | 2.962486e+04 | 3.565805e+04 |  20.37%| unknown
t83.0s|   131 |   125 |210700 |1351.6 |  trysol|  25 |3219 |2819 |2967 | 905 |  0 |  29 | 259 | 2.962486e+04 | 3.560353e+04 |  20.18%| unknown
t86.2s|   163 |   155 |227488 |1188.3 |  trysol|  35 |3219 |2818 |2972 | 959 |  0 |  31 | 262 | 2.962486e+04 | 3.548692e+04 |  19.79%| unknown
t87.2s|   167 |   159 |235037 |1205.1 |  trysol|  35 |3219 |2818 |2981 | 976 |  0 |  31 | 262 | 2.962486e+04 | 3.548303e+04 |  19.77%| unknown
t89.2s|   176 |   168 |244359 |1196.4 |  trysol|  35 |3219 |2816 |2971 |1016 |  0 |  31 | 266 | 2.978422e+04 | 3.548047e+04 |  19.13%| unknown
t89.6s|   180 |   172 |246214 |1180.0 |  trysol|  35 |3219 |2816 |2973 |1019 |  0 |  31 | 266 | 2.978422e+04 | 3.544587e+04 |  19.01%| unknown
t93.8s|   185 |   177 |249969 |1168.4 |  trysol|  35 |3219 |2815 |2971 |1027 |  0 |  31 | 266 | 2.978422e+04 | 3.541602e+04 |  18.91%| unknown
t93.8s|   186 |   177 |250005 |1162.3 |  trysol|  35 |3219 |2815 |2971 |1027 |  0 |  31 | 266 | 2.978422e+04 | 3.522571e+04 |  18.27%| unknown
t94.0s|   190 |   179 |251302 |1144.5 |  trysol|  37 |3219 |2815 |2977 |1041 |  0 |  31 | 266 | 2.978422e+04 | 3.519191e+04 |  18.16%| unknown
 94.8s|   200 |   185 |255892 |1110.1 |    56M |  39 |3219 |2817 |2975 |1066 |  1 |  33 | 266 | 2.978422e+04 | 3.519191e+04 |  18.16%| unknown
L97.8s|   240 |   217 |269318 | 980.5 |    alns|  49 |3219 |2817 |2971 |1151 |  2 |  33 | 266 | 2.978422e+04 | 3.504866e+04 |  17.68%| unknown
L99.7s|   240 |   217 |269318 | 980.5 |    alns|  49 |3219 |2817 |2971 |1151 |  2 |  33 | 266 | 2.978422e+04 | 3.504866e+04 |  17.68%| unknown
  108s|   300 |   265 |308571 | 915.0 |    59M |  49 |3219 |2818 |2971 |1333 |  1 |  35 | 268 | 2.992633e+04 | 3.504866e+04 |  17.12%|   4.84%
 time | node  | left  |LP iter|LP it/n|mem/heur|mdpt |vars |cons |rows |cuts |sepa|confs|strbr|  dualbound   | primalbound  |  gap   | compl. 
  128s|   400 |   361 |349832 | 789.1 |    61M |  49 |3219 |2819 |2977 |1616 |  3 |  39 | 280 | 3.000989e+04 | 3.504866e+04 |  16.79%|   5.01%
  147s|   500 |   447 |414133 | 759.8 |    64M |  49 |3219 |2823 |2992 |1928 |  3 |  45 | 283 | 3.004447e+04 | 3.504866e+04 |  16.66%|   5.04%
  173s|   600 |   539 |473767 | 732.5 |    67M |  54 |3219 |2820 |2978 |2273 |  1 |  46 | 301 | 3.007428e+04 | 3.504866e+04 |  16.54%|   5.11%
  191s|   700 |   631 |516963 | 689.5 |    68M |  55 |3219 |2819 |2974 |2573 |  1 |  47 | 308 | 3.007524e+04 | 3.504866e+04 |  16.54%|   5.26%
  198s|   800 |   717 |558010 | 654.6 |    69M |  55 |3219 |2821 |2998 |2822 |  3 |  50 | 314 | 3.007524e+04 | 3.504866e+04 |  16.54%|   5.32%
  209s|   900 |   807 |611309 | 641.1 |    70M |  55 |3219 |2823 |2981 |3044 |  4 |  54 | 315 | 3.009136e+04 | 3.504866e+04 |  16.47%|   7.97%
  225s|  1000 |   893 |649553 | 615.2 |    72M |  56 |3219 |2823 |2967 |3313 |  1 |  55 | 321 | 3.009136e+04 | 3.504866e+04 |  16.47%|   8.72%
  236s|  1100 |   959 |701831 | 606.8 |    72M |  56 |3219 |2824 |2977 |3587 |  5 |  57 | 324 | 3.012466e+04 | 3.504866e+04 |  16.35%|   9.20%
  251s|  1200 |  1041 |735757 | 584.5 |    73M |  56 |3219 |2823 |2997 |3820 |  1 |  58 | 326 | 3.016883e+04 | 3.504866e+04 |  16.18%|   9.32%
  300s|  1300 |  1127 |767093 | 563.6 |    76M |  56 |3219 |2822 |2979 |4060 |  1 |  58 | 326 | 3.016883e+04 | 3.504866e+04 |  16.18%|   9.80%
  330s|  1400 |  1213 |814788 | 557.4 |    78M |  56 |3219 |2823 |2971 |4285 |  1 |  60 | 328 | 3.018562e+04 | 3.504866e+04 |  16.11%|   9.94%
  354s|  1500 |  1301 |864750 | 553.5 |    79M |  56 |3219 |2823 |3010 |4589 |  3 |  61 | 328 | 3.020257e+04 | 3.504866e+04 |  16.05%|  10.04%
  364s|  1600 |  1387 |912763 | 549.0 |    80M |  56 |3219 |2824 |2978 |4981 |  2 |  65 | 331 | 3.025765e+04 | 3.504866e+04 |  15.83%|  10.20%
  372s|  1700 |  1467 |952983 | 540.3 |    82M |  56 |3219 |2830 |2988 |5326 |  3 |  71 | 331 | 3.028259e+04 | 3.504866e+04 |  15.74%|  10.20%
  386s|  1800 |  1543 |  1019k| 547.3 |    82M |  56 |3219 |2827 |2982 |5645 |  5 |  71 | 332 | 3.029526e+04 | 3.504866e+04 |  15.69%|  10.22%
 time | node  | left  |LP iter|LP it/n|mem/heur|mdpt |vars |cons |rows |cuts |sepa|confs|strbr|  dualbound   | primalbound  |  gap   | compl. 
  396s|  1900 |  1627 |  1073k| 546.9 |    83M |  56 |3219 |2824 |2988 |5909 |  0 |  71 | 333 | 3.029893e+04 | 3.504866e+04 |  15.68%|  10.22%
  408s|  2000 |  1709 |  1130k| 547.8 |    83M |  56 |3219 |2828 |2992 |6228 |  2 |  76 | 335 | 3.032154e+04 | 3.504866e+04 |  15.59%|  10.46%
  419s|  2100 |  1799 |  1181k| 546.1 |    84M |  56 |3219 |2829 |2976 |6515 |  3 |  79 | 338 | 3.037142e+04 | 3.504866e+04 |  15.40%|  10.68%
  427s|  2200 |  1885 |  1223k| 540.6 |    85M |  56 |3219 |2830 |2982 |6714 |  1 |  82 | 343 | 3.039969e+04 | 3.504866e+04 |  15.29%|  10.69%
  438s|  2300 |  1965 |  1274k| 539.3 |    86M |  56 |3219 |2831 |2987 |7006 |  4 |  84 | 348 | 3.039969e+04 | 3.504866e+04 |  15.29%|  10.69%
  451s|  2400 |  2047 |  1320k| 536.0 |    87M |  56 |3219 |2830 |2982 |7233 |  2 |  84 | 351 | 3.041025e+04 | 3.504866e+04 |  15.25%|  10.72%
  459s|  2500 |  2137 |  1359k| 529.8 |    88M |  56 |3219 |2828 |2964 |7499 |  3 |  84 | 355 | 3.041906e+04 | 3.504866e+04 |  15.22%|  10.72%
  468s|  2600 |  2225 |  1400k| 525.5 |    88M |  56 |3219 |2830 |2976 |7839 |  3 |  86 | 358 | 3.041906e+04 | 3.504866e+04 |  15.22%|  10.72%
  482s|  2700 |  2309 |  1447k| 523.4 |    89M |  56 |3219 |2829 |2988 |8187 |  2 |  86 | 369 | 3.042187e+04 | 3.504866e+04 |  15.21%|  10.73%
  490s|  2800 |  2391 |  1488k| 519.5 |    90M |  56 |3219 |2832 |2976 |8399 |  1 |  90 | 370 | 3.044662e+04 | 3.504866e+04 |  15.12%|  10.81%
  501s|  2900 |  2471 |  1541k| 519.7 |    91M |  56 |3219 |2832 |2987 |8697 |  2 |  92 | 371 | 3.044952e+04 | 3.504866e+04 |  15.10%|  10.82%
  509s|  3000 |  2561 |  1580k| 515.4 |    92M |  56 |3219 |2827 |2977 |8947 |  1 |  92 | 375 | 3.044952e+04 | 3.504866e+04 |  15.10%|  10.82%
  517s|  3100 |  2645 |  1619k| 511.3 |    93M |  56 |3219 |2831 |2979 |9129 |  1 |  97 | 376 | 3.047089e+04 | 3.504866e+04 |  15.02%|  10.83%
  527s|  3200 |  2735 |  1664k| 509.2 |    94M |  56 |3219 |2832 |2979 |9422 |  2 | 100 | 382 | 3.047972e+04 | 3.504866e+04 |  14.99%|  11.01%
  534s|  3300 |  2821 |  1701k| 505.1 |    95M |  56 |3219 |2833 |2989 |9631 |  2 | 102 | 384 | 3.048551e+04 | 3.504866e+04 |  14.97%|  11.08%
 time | node  | left  |LP iter|LP it/n|mem/heur|mdpt |vars |cons |rows |cuts |sepa|confs|strbr|  dualbound   | primalbound  |  gap   | compl. 
  543s|  3400 |  2895 |  1741k| 502.1 |    95M |  56 |3219 |2834 |2979 |9824 |  1 | 103 | 390 | 3.049900e+04 | 3.504866e+04 |  14.92%|  11.08%
  550s|  3500 |  2987 |  1774k| 497.2 |    96M |  56 |3219 |2835 |2979 |  10k|  1 | 105 | 395 | 3.050372e+04 | 3.504866e+04 |  14.90%|  11.08%
  561s|  3600 |  3075 |  1814k| 494.5 |    97M |  56 |3219 |2838 |2992 |  10k|  3 | 109 | 400 | 3.052265e+04 | 3.504866e+04 |  14.83%|  11.09%
  569s|  3700 |  3165 |  1850k| 490.7 |    97M |  56 |3219 |2838 |2976 |  10k|  2 | 111 | 404 | 3.052645e+04 | 3.504866e+04 |  14.81%|  11.10%
  574s|  3800 |  3249 |  1871k| 483.4 |    98M |  56 |3219 |2840 |2983 |  10k|  1 | 115 | 409 | 3.053196e+04 | 3.504866e+04 |  14.79%|  11.10%
  579s|  3900 |  3333 |  1898k| 478.0 |    98M |  56 |3219 |2839 |2983 |  10k|  3 | 119 | 410 | 3.053196e+04 | 3.504866e+04 |  14.79%|  11.10%
  585s|  4000 |  3423 |  1924k| 472.4 |    98M |  56 |3219 |2837 |2974 |  10k|  2 | 124 | 411 | 3.053431e+04 | 3.504866e+04 |  14.78%|  11.10%
  592s|  4100 |  3507 |  1953k| 468.1 |   100M |  56 |3219 |2841 |2983 |  11k|  2 | 128 | 413 | 3.053431e+04 | 3.504866e+04 |  14.78%|  11.10%
  601s|  4200 |  3583 |  1992k| 466.2 |   100M |  56 |3219 |2840 |2988 |  11k|  0 | 134 | 419 | 3.054209e+04 | 3.504866e+04 |  14.76%|  11.11%
  608s|  4300 |  3665 |  2030k| 464.1 |   101M |  56 |3219 |2837 |2979 |  11k|  2 | 135 | 421 | 3.055208e+04 | 3.504866e+04 |  14.72%|  11.11%
  624s|  4400 |  3751 |  2108k| 471.4 |   102M |  56 |3219 |2833 |2979 |  11k|  3 | 135 | 426 | 3.056689e+04 | 3.504866e+04 |  14.66%|  11.20%
  635s|  4500 |  3831 |  2160k| 472.5 |   102M |  56 |3219 |2832 |2988 |  12k|  2 | 135 | 428 | 3.056689e+04 | 3.504866e+04 |  14.66%|  11.20%
  648s|  4600 |  3917 |  2224k| 476.0 |   104M |  56 |3219 |2832 |3000 |  12k|  5 | 137 | 431 | 3.058171e+04 | 3.504866e+04 |  14.61%|  11.21%
  657s|  4700 |  4005 |  2269k| 475.6 |   104M |  56 |3219 |2836 |2983 |  12k|  1 | 141 | 434 | 3.058389e+04 | 3.504866e+04 |  14.60%|  11.25%
  666s|  4800 |  4093 |  2311k| 474.3 |   105M |  56 |3219 |2837 |3004 |  12k|  2 | 142 | 437 | 3.058757e+04 | 3.504866e+04 |  14.58%|  11.25%
 time | node  | left  |LP iter|LP it/n|mem/heur|mdpt |vars |cons |rows |cuts |sepa|confs|strbr|  dualbound   | primalbound  |  gap   | compl. 
  679s|  4900 |  4183 |  2350k| 472.6 |   106M |  56 |3219 |2838 |2980 |  12k|  2 | 145 | 438 | 3.059041e+04 | 3.504866e+04 |  14.57%|  11.26%
  686s|  5000 |  4271 |  2384k| 470.0 |   106M |  56 |3219 |2840 |2984 |  13k|  2 | 149 | 440 | 3.059041e+04 | 3.504866e+04 |  14.57%|  11.26%
  692s|  5100 |  4355 |  2414k| 466.6 |   107M |  56 |3219 |2840 |2976 |  13k|  2 | 153 | 447 | 3.059488e+04 | 3.504866e+04 |  14.56%|  11.31%
  698s|  5200 |  4447 |  2438k| 462.3 |   107M |  56 |3219 |2843 |2986 |  13k|  1 | 158 | 451 | 3.059524e+04 | 3.504866e+04 |  14.56%|  11.60%
  706s|  5300 |  4531 |  2478k| 461.1 |   107M |  56 |3219 |2842 |2984 |  13k|  0 | 158 | 452 | 3.059595e+04 | 3.504866e+04 |  14.55%|  11.60%
  714s|  5400 |  4603 |  2517k| 459.8 |   107M |  56 |3219 |2842 |2993 |  13k|  0 | 162 | 457 | 3.059595e+04 | 3.504866e+04 |  14.55%|  11.60%
  732s|  5500 |  4689 |  2606k| 467.7 |   107M |  56 |3219 |2840 |2992 |  14k|  4 | 162 | 458 | 3.059880e+04 | 3.504866e+04 |  14.54%|  11.60%
  745s|  5600 |  4785 |  2673k| 471.2 |   107M |  56 |3219 |2840 |2985 |  14k|  1 | 163 | 462 | 3.060263e+04 | 3.504866e+04 |  14.53%|  11.61%
  756s|  5700 |  4873 |  2728k| 472.6 |   108M |  56 |3219 |2839 |2987 |  14k|  1 | 163 | 462 | 3.061408e+04 | 3.504866e+04 |  14.49%|  11.63%
  769s|  5800 |  4963 |  2795k| 476.0 |   109M |  56 |3219 |2837 |2991 |  14k|  3 | 163 | 463 | 3.062282e+04 | 3.504866e+04 |  14.45%|  11.64%
  785s|  5900 |  5049 |  2876k| 481.7 |   110M |  56 |3219 |2838 |2986 |  15k|  4 | 164 | 464 | 3.062282e+04 | 3.504866e+04 |  14.45%|  11.64%
  795s|  6000 |  5129 |  2927k| 482.1 |   111M |  56 |3219 |2835 |2971 |  15k|  2 | 164 | 466 | 3.062941e+04 | 3.504866e+04 |  14.43%|  11.80%
  804s|  6100 |  5219 |  2951k| 478.1 |   111M |  56 |3219 |2837 |2973 |  15k|  1 | 166 | 470 | 3.064130e+04 | 3.504866e+04 |  14.38%|  11.89%
  814s|  6200 |  5319 |  3001k| 478.5 |   112M |  56 |3219 |2843 |2974 |  15k|  2 | 172 | 470 | 3.064594e+04 | 3.504866e+04 |  14.37%|  11.89%
  825s|  6300 |  5407 |  3051k| 478.9 |   112M |  56 |3219 |2841 |2991 |  15k|  2 | 174 | 477 | 3.065153e+04 | 3.504866e+04 |  14.35%|  11.89%
 time | node  | left  |LP iter|LP it/n|mem/heur|mdpt |vars |cons |rows |cuts |sepa|confs|strbr|  dualbound   | primalbound  |  gap   | compl. 
  835s|  6400 |  5493 |  3099k| 479.0 |   113M |  56 |3219 |2843 |2997 |  16k|  3 | 179 | 479 | 3.065846e+04 | 3.504866e+04 |  14.32%|  11.89%
  841s|  6500 |  5571 |  3129k| 476.1 |   113M |  56 |3219 |2842 |2986 |  16k|  3 | 180 | 483 | 3.066152e+04 | 3.504866e+04 |  14.31%|  11.91%
  846s|  6600 |  5653 |  3152k| 472.4 |   114M |  56 |3219 |2842 |2982 |  16k|  0 | 183 | 486 | 3.066309e+04 | 3.504866e+04 |  14.30%|  11.91%
  855s|  6700 |  5735 |  3196k| 472.0 |   116M |  56 |3219 |2844 |2987 |  16k|  3 | 187 | 486 | 3.066935e+04 | 3.504866e+04 |  14.28%|  11.91%
  863s|  6800 |  5825 |  3228k| 469.7 |   117M |  56 |3219 |2840 |2988 |  16k|  1 | 187 | 492 | 3.067399e+04 | 3.504866e+04 |  14.26%|  11.92%
  871s|  6900 |  5923 |  3270k| 468.9 |   117M |  56 |3219 |2841 |2973 |  17k|  2 | 191 | 498 | 3.067538e+04 | 3.504866e+04 |  14.26%|  11.92%
  878s|  7000 |  6015 |  3304k| 467.1 |   119M |  56 |3219 |2840 |2986 |  17k|  4 | 191 | 500 | 3.067538e+04 | 3.504866e+04 |  14.26%|  11.92%
  886s|  7100 |  6109 |  3341k| 465.7 |   119M |  56 |3219 |2839 |2985 |  17k|  4 | 193 | 502 | 3.067862e+04 | 3.504866e+04 |  14.24%|  11.92%
  892s|  7200 |  6197 |  3372k| 463.7 |   121M |  56 |3219 |2838 |2989 |  17k|  1 | 193 | 502 | 3.068075e+04 | 3.504866e+04 |  14.24%|  11.92%
  905s|  7300 |  6287 |  3417k| 463.4 |   121M |  56 |3219 |2840 |2980 |  17k|  1 | 196 | 502 | 3.068075e+04 | 3.504866e+04 |  14.24%|  11.92%
  916s|  7400 |  6383 |  3459k| 462.8 |   123M |  56 |3219 |2836 |2979 |  18k|  1 | 196 | 506 | 3.068163e+04 | 3.504866e+04 |  14.23%|  11.92%
  924s|  7500 |  6473 |  3499k| 462.0 |   123M |  56 |3219 |2837 |2982 |  18k|  4 | 197 | 506 | 3.068351e+04 | 3.504866e+04 |  14.23%|  11.92%
  939s|  7600 |  6567 |  3548k| 462.3 |   123M |  56 |3219 |2837 |2984 |  18k|  3 | 198 | 508 | 3.069815e+04 | 3.504866e+04 |  14.17%|  11.92%
  947s|  7700 |  6663 |  3589k| 461.6 |   123M |  56 |3219 |2836 |2981 |  18k|  2 | 198 | 512 | 3.069815e+04 | 3.504866e+04 |  14.17%|  11.92%
  958s|  7800 |  6753 |  3644k| 462.8 |   124M |  56 |3219 |2837 |2973 |  19k|  1 | 199 | 513 | 3.069918e+04 | 3.504866e+04 |  14.17%|  11.92%
 time | node  | left  |LP iter|LP it/n|mem/heur|mdpt |vars |cons |rows |cuts |sepa|confs|strbr|  dualbound   | primalbound  |  gap   | compl. 
  963s|  7900 |  6845 |  3672k| 460.5 |   125M |  56 |3219 |2837 |2969 |  19k|  1 | 200 | 515 | 3.069918e+04 | 3.504866e+04 |  14.17%|  11.92%
  971s|  8000 |  6943 |  3705k| 458.9 |   127M |  56 |3219 |2839 |2977 |  19k|  1 | 202 | 518 | 3.070009e+04 | 3.504866e+04 |  14.16%|  11.93%
  978s|  8100 |  7043 |  3738k| 457.3 |   127M |  56 |3219 |2837 |2992 |  19k|  2 | 202 | 518 | 3.070131e+04 | 3.504866e+04 |  14.16%|  11.93%
  985s|  8200 |  7133 |  3775k| 456.2 |   128M |  56 |3219 |2836 |2985 |  20k|  1 | 202 | 518 | 3.070171e+04 | 3.504866e+04 |  14.16%|  11.93%
  993s|  8300 |  7223 |  3813k| 455.3 |   128M |  56 |3219 |2837 |2984 |  20k|  1 | 203 | 519 | 3.070359e+04 | 3.504866e+04 |  14.15%|  11.93%
  999s|  8400 |  7307 |  3843k| 453.4 |   129M |  56 |3219 |2839 |2970 |  20k|  2 | 205 | 523 | 3.070861e+04 | 3.504866e+04 |  14.13%|  11.93%
 1008s|  8500 |  7391 |  3885k| 453.1 |   129M |  56 |3219 |2839 |2985 |  20k|  5 | 205 | 525 | 3.071131e+04 | 3.504866e+04 |  14.12%|  11.93%
 1018s|  8600 |  7487 |  3929k| 452.9 |   130M |  56 |3219 |2837 |2981 |  21k|  1 | 206 | 526 | 3.071144e+04 | 3.504866e+04 |  14.12%|  11.95%
 1024s|  8700 |  7569 |  3960k| 451.2 |   131M |  56 |3219 |2842 |2977 |  21k|  2 | 211 | 526 | 3.071144e+04 | 3.504866e+04 |  14.12%|  11.95%
 1032s|  8800 |  7663 |  3998k| 450.4 |   131M |  56 |3219 |2844 |2983 |  21k|  2 | 213 | 527 | 3.071199e+04 | 3.504866e+04 |  14.12%|  11.95%
 1040s|  8900 |  7747 |  4033k| 449.3 |   132M |  56 |3219 |2842 |2979 |  21k|  1 | 215 | 536 | 3.071200e+04 | 3.504866e+04 |  14.12%|  12.09%
 1052s|  9000 |  7845 |  4071k| 448.6 |   133M |  56 |3219 |2838 |2986 |  22k|  1 | 215 | 538 | 3.071565e+04 | 3.504866e+04 |  14.11%|  12.10%
 1058s|  9100 |  7935 |  4099k| 446.7 |   134M |  56 |3219 |2836 |2981 |  22k|  3 | 215 | 538 | 3.071674e+04 | 3.504866e+04 |  14.10%|  12.10%
 1067s|  9200 |  8025 |  4142k| 446.5 |   135M |  56 |3219 |2838 |2991 |  22k|  2 | 218 | 540 | 3.071797e+04 | 3.504866e+04 |  14.10%|  12.12%
 1076s|  9300 |  8111 |  4186k| 446.5 |   135M |  56 |3219 |2839 |3000 |  22k|  4 | 219 | 541 | 3.071838e+04 | 3.504866e+04 |  14.10%|  12.12%
 time | node  | left  |LP iter|LP it/n|mem/heur|mdpt |vars |cons |rows |cuts |sepa|confs|strbr|  dualbound   | primalbound  |  gap   | compl. 
 1086s|  9400 |  8201 |  4238k| 447.2 |   135M |  56 |3219 |2838 |2975 |  22k|  1 | 220 | 548 | 3.072131e+04 | 3.504866e+04 |  14.09%|  12.23%
 1098s|  9500 |  8295 |  4293k| 448.3 |   135M |  56 |3219 |2837 |2985 |  23k|  1 | 221 | 549 | 3.072252e+04 | 3.504866e+04 |  14.08%|  12.23%
 1104s|  9600 |  8389 |  4320k| 446.5 |   136M |  56 |3219 |2839 |2985 |  23k|  3 | 224 | 549 | 3.073041e+04 | 3.504866e+04 |  14.05%|  12.23%
 1110s|  9700 |  8481 |  4348k| 444.8 |   137M |  56 |3219 |2842 |2982 |  23k|  1 | 229 | 550 | 3.073041e+04 | 3.504866e+04 |  14.05%|  12.23%
 1116s|  9800 |  8565 |  4376k| 443.0 |   138M |  56 |3219 |2839 |2982 |  23k|  1 | 230 | 553 | 3.073122e+04 | 3.504866e+04 |  14.05%|  12.23%
 1121s|  9900 |  8653 |  4401k| 441.1 |   139M |  56 |3219 |2837 |2982 |  23k|  1 | 231 | 557 | 3.073165e+04 | 3.504866e+04 |  14.05%|  12.23%
 1129s| 10000 |  8731 |  4438k| 440.4 |   140M |  56 |3219 |2834 |2990 |  23k|  3 | 232 | 564 | 3.073334e+04 | 3.504866e+04 |  14.04%|  12.23%
 1138s| 10100 |  8809 |  4480k| 440.1 |   141M |  56 |3219 |2833 |2985 |  24k|  3 | 232 | 566 | 3.073464e+04 | 3.504866e+04 |  14.04%|  12.25%
 1146s| 10200 |  8883 |  4520k| 439.8 |   141M |  56 |3219 |2836 |2980 |  24k|  3 | 235 | 567 | 3.073490e+04 | 3.504866e+04 |  14.04%|  12.25%
 1153s| 10300 |  8965 |  4549k| 438.4 |   141M |  56 |3219 |2834 |2983 |  24k|  3 | 235 | 573 | 3.073490e+04 | 3.504866e+04 |  14.04%|  12.25%
 1162s| 10400 |  9053 |  4597k| 438.7 |   142M |  56 |3219 |2835 |2984 |  24k|  1 | 237 | 574 | 3.073509e+04 | 3.504866e+04 |  14.03%|  12.25%
 1177s| 10500 |  9147 |  4635k| 438.2 |   143M |  56 |3219 |2836 |2979 |  25k|  1 | 238 | 579 | 3.073509e+04 | 3.504866e+04 |  14.03%|  12.25%
 1187s| 10600 |  9221 |  4682k| 438.5 |   144M |  56 |3219 |2836 |2985 |  25k|  2 | 239 | 581 | 3.074000e+04 | 3.504866e+04 |  14.02%|  12.26%
 1196s| 10700 |  9309 |  4723k| 438.3 |   144M |  56 |3219 |2838 |2980 |  25k|  3 | 242 | 586 | 3.074571e+04 | 3.504866e+04 |  14.00%|  12.26%
 1205s| 10800 |  9391 |  4770k| 438.5 |   145M |  56 |3219 |2837 |2976 |  25k|  1 | 244 | 589 | 3.074609e+04 | 3.504866e+04 |  13.99%|  12.26%
 time | node  | left  |LP iter|LP it/n|mem/heur|mdpt |vars |cons |rows |cuts |sepa|confs|strbr|  dualbound   | primalbound  |  gap   | compl. 
 1221s| 10900 |  9483 |  4808k| 437.9 |   145M |  56 |3219 |2835 |3004 |  26k|  1 | 245 | 592 | 3.074609e+04 | 3.504866e+04 |  13.99%|  12.26%
 1235s| 11000 |  9575 |  4875k| 440.1 |   146M |  56 |3219 |2834 |2975 |  26k|  2 | 246 | 593 | 3.074638e+04 | 3.504866e+04 |  13.99%|  12.26%
 1243s| 11100 |  9661 |  4914k| 439.6 |   146M |  56 |3219 |2835 |2974 |  26k|  1 | 247 | 595 | 3.074758e+04 | 3.504866e+04 |  13.99%|  12.26%
 1254s| 11200 |  9753 |  4955k| 439.4 |   147M |  56 |3219 |2834 |2993 |  26k|  1 | 248 | 597 | 3.074783e+04 | 3.504866e+04 |  13.99%|  12.27%
 1263s| 11300 |  9849 |  5001k| 439.6 |   147M |  56 |3219 |2837 |2974 |  27k|  1 | 251 | 600 | 3.075042e+04 | 3.504866e+04 |  13.98%|  12.42%
 1269s| 11400 |  9939 |  5026k| 437.9 |   148M |  58 |3219 |2836 |2977 |  27k|  1 | 251 | 602 | 3.075058e+04 | 3.504866e+04 |  13.98%|  12.42%
 1276s| 11500 | 10027 |  5060k| 437.0 |   150M |  58 |3219 |2839 |2993 |  27k|  1 | 254 | 605 | 3.075069e+04 | 3.504866e+04 |  13.98%|  12.42%
 1286s| 11600 | 10123 |  5109k| 437.5 |   151M |  58 |3219 |2835 |2979 |  27k|  3 | 254 | 606 | 3.075176e+04 | 3.504866e+04 |  13.97%|  12.42%
 1299s| 11700 | 10201 |  5174k| 439.3 |   151M |  58 |3219 |2838 |2987 |  28k|  1 | 257 | 606 | 3.075569e+04 | 3.504866e+04 |  13.96%|  12.42%
 1308s| 11800 | 10287 |  5219k| 439.4 |   152M |  58 |3219 |2839 |2991 |  28k|  2 | 258 | 606 | 3.075628e+04 | 3.504866e+04 |  13.96%|  12.44%
 1316s| 11900 | 10365 |  5255k| 438.7 |   152M |  58 |3219 |2843 |2977 |  28k|  1 | 263 | 610 | 3.075643e+04 | 3.504866e+04 |  13.96%|  12.44%
 1326s| 12000 | 10447 |  5305k| 439.3 |   154M |  58 |3219 |2843 |2980 |  28k|  2 | 263 | 610 | 3.075746e+04 | 3.504866e+04 |  13.95%|  12.44%
L1339s| 12088 | 10525 |  5347k| 439.5 |    gins|  58 |3219 |2843 |2977 |  28k|  1 | 263 | 612 | 3.075971e+04 | 3.504865e+04 |  13.94%|  12.44%
 1340s| 12100 | 10537 |  5350k| 439.4 |   155M |  58 |3219 |2843 |2981 |  28k|  1 | 263 | 612 | 3.075971e+04 | 3.504865e+04 |  13.94%|  12.44%
 1346s| 12200 | 10633 |  5381k| 438.3 |   155M |  58 |3219 |2842 |2979 |  29k|  2 | 265 | 613 | 3.076312e+04 | 3.504865e+04 |  13.93%|  12.44%
 time | node  | left  |LP iter|LP it/n|mem/heur|mdpt |vars |cons |rows |cuts |sepa|confs|strbr|  dualbound   | primalbound  |  gap   | compl. 
 1355s| 12300 | 10723 |  5415k| 437.5 |   156M |  58 |3219 |2843 |2979 |  29k|  1 | 267 | 614 | 3.076312e+04 | 3.504865e+04 |  13.93%|  12.44%
 1363s| 12400 | 10813 |  5455k| 437.2 |   156M |  58 |3219 |2842 |2984 |  29k|  1 | 269 | 615 | 3.076394e+04 | 3.504865e+04 |  13.93%|  12.44%
 1370s| 12500 | 10903 |  5490k| 436.5 |   157M |  58 |3219 |2844 |2982 |  29k|  1 | 274 | 618 | 3.076394e+04 | 3.504865e+04 |  13.93%|  12.44%
 1378s| 12600 | 10985 |  5529k| 436.1 |   158M |  58 |3219 |2842 |2994 |  30k|  0 | 274 | 623 | 3.076394e+04 | 3.504865e+04 |  13.93%|  12.44%
 1389s| 12700 | 11063 |  5549k| 434.3 |   158M |  58 |3219 |2843 |2999 |  30k|  8 | 277 | 624 | 3.076427e+04 | 3.504865e+04 |  13.93%|  12.44%
 1397s| 12800 | 11149 |  5592k| 434.2 |   158M |  58 |3219 |2845 |2977 |  30k|  2 | 279 | 625 | 3.077013e+04 | 3.504865e+04 |  13.90%|  12.45%
 1404s| 12900 | 11241 |  5624k| 433.3 |   159M |  58 |3219 |2844 |2996 |  30k|  0 | 281 | 626 | 3.077013e+04 | 3.504865e+04 |  13.90%|  12.46%
 1410s| 13000 | 11331 |  5648k| 431.8 |   159M |  58 |3219 |2842 |2981 |  30k|  0 | 285 | 631 | 3.077444e+04 | 3.504865e+04 |  13.89%|  12.46%
 1418s| 13100 | 11409 |  5691k| 431.9 |   159M |  58 |3219 |2842 |2987 |  31k|  1 | 287 | 634 | 3.077868e+04 | 3.504865e+04 |  13.87%|  12.47%
 1427s| 13200 | 11481 |  5732k| 431.6 |   161M |  58 |3219 |2842 |2988 |  31k|  4 | 290 | 635 | 3.077904e+04 | 3.504865e+04 |  13.87%|  12.47%
 1436s| 13300 | 11571 |  5779k| 432.0 |   161M |  58 |3219 |2843 |2980 |  31k|  1 | 293 | 635 | 3.078250e+04 | 3.504865e+04 |  13.86%|  12.47%
 1446s| 13400 | 11649 |  5828k| 432.4 |   161M |  58 |3219 |2841 |3001 |  31k|  4 | 293 | 635 | 3.078250e+04 | 3.504865e+04 |  13.86%|  12.47%
 1452s| 13500 | 11739 |  5858k| 431.4 |   161M |  58 |3219 |2841 |2987 |  31k|  1 | 295 | 635 | 3.078251e+04 | 3.504865e+04 |  13.86%|  12.47%
 1460s| 13600 | 11827 |  5899k| 431.2 |   163M |  58 |3219 |2842 |2990 |  32k|  2 | 296 | 636 | 3.078406e+04 | 3.504865e+04 |  13.85%|  12.48%
 1467s| 13700 | 11911 |  5934k| 430.6 |   164M |  58 |3219 |2839 |2972 |  32k|  3 | 296 | 640 | 3.078592e+04 | 3.504865e+04 |  13.85%|  12.48%
 time | node  | left  |LP iter|LP it/n|mem/heur|mdpt |vars |cons |rows |cuts |sepa|confs|strbr|  dualbound   | primalbound  |  gap   | compl. 
 1473s| 13800 | 11989 |  5963k| 429.6 |   164M |  58 |3219 |2837 |2973 |  32k|  1 | 296 | 643 | 3.078592e+04 | 3.504865e+04 |  13.85%|  12.48%
 1479s| 13900 | 12065 |  5989k| 428.4 |   165M |  58 |3219 |2842 |2968 |  32k|  1 | 301 | 644 | 3.078592e+04 | 3.504865e+04 |  13.85%|  12.48%
 1486s| 14000 | 12153 |  6024k| 427.8 |   165M |  58 |3219 |2841 |2985 |  32k|  2 | 301 | 644 | 3.078665e+04 | 3.504865e+04 |  13.84%|  12.48%
 1494s| 14100 | 12237 |  6059k| 427.3 |   165M |  58 |3219 |2841 |2993 |  33k|  1 | 303 | 647 | 3.078708e+04 | 3.504865e+04 |  13.84%|  12.48%
 1505s| 14200 | 12321 |  6101k| 427.2 |   167M |  58 |3219 |2841 |3002 |  33k|  7 | 304 | 648 | 3.078708e+04 | 3.504865e+04 |  13.84%|  12.49%
 1512s| 14300 | 12417 |  6131k| 426.3 |   170M |  58 |3219 |2842 |2990 |  33k|  1 | 308 | 652 | 3.078722e+04 | 3.504865e+04 |  13.84%|  12.49%
 1528s| 14400 | 12507 |  6164k| 425.7 |   170M |  58 |3219 |2842 |2982 |  33k|  4 | 308 | 653 | 3.078741e+04 | 3.504865e+04 |  13.84%|  12.49%
 1539s| 14500 | 12595 |  6215k| 426.3 |   171M |  58 |3219 |2842 |2983 |  34k|  3 | 311 | 653 | 3.078890e+04 | 3.504865e+04 |  13.84%|  12.49%
 1546s| 14600 | 12681 |  6248k| 425.6 |   171M |  58 |3219 |2844 |2972 |  34k|  1 | 314 | 655 | 3.078960e+04 | 3.504865e+04 |  13.83%|  12.49%
 1555s| 14700 | 12755 |  6293k| 425.7 |   172M |  58 |3219 |2843 |2975 |  34k|  1 | 315 | 657 | 3.079003e+04 | 3.504865e+04 |  13.83%|  12.49%
 1561s| 14800 | 12835 |  6322k| 424.8 |   172M |  58 |3219 |2842 |2993 |  34k|  1 | 316 | 660 | 3.079003e+04 | 3.504865e+04 |  13.83%|  12.49%
 1567s| 14900 | 12925 |  6352k| 424.0 |   172M |  58 |3219 |2843 |2997 |  34k|  1 | 319 | 660 | 3.079003e+04 | 3.504865e+04 |  13.83%|  12.50%
 1576s| 15000 | 13007 |  6393k| 423.9 |   174M |  58 |3219 |2841 |2992 |  35k|  3 | 319 | 660 | 3.079040e+04 | 3.504865e+04 |  13.83%|  12.50%
 1589s| 15100 | 13091 |  6459k| 425.5 |   174M |  58 |3219 |2839 |2997 |  35k|  1 | 319 | 661 | 3.079190e+04 | 3.504865e+04 |  13.82%|  12.50%
 1596s| 15200 | 13181 |  6492k| 424.9 |   174M |  58 |3219 |2838 |3003 |  35k|  4 | 319 | 664 | 3.079193e+04 | 3.504865e+04 |  13.82%|  12.51%
 time | node  | left  |LP iter|LP it/n|mem/heur|mdpt |vars |cons |rows |cuts |sepa|confs|strbr|  dualbound   | primalbound  |  gap   | compl. 
 1603s| 15300 | 13255 |  6530k| 424.6 |   175M |  58 |3219 |2841 |2986 |  35k|  2 | 322 | 667 | 3.079373e+04 | 3.504865e+04 |  13.82%|  12.53%
 1610s| 15400 | 13333 |  6560k| 423.8 |   175M |  58 |3219 |2842 |2988 |  35k|  4 | 323 | 667 | 3.079373e+04 | 3.504865e+04 |  13.82%|  12.53%
 1616s| 15500 | 13421 |  6590k| 422.9 |   176M |  58 |3219 |2841 |2998 |  36k|  1 | 323 | 668 | 3.079409e+04 | 3.504865e+04 |  13.82%|  12.53%
 1624s| 15600 | 13509 |  6627k| 422.6 |   176M |  58 |3219 |2841 |2969 |  36k|  2 | 325 | 674 | 3.079541e+04 | 3.504865e+04 |  13.81%|  12.67%
 1635s| 15700 | 13587 |  6682k| 423.4 |   178M |  58 |3219 |2843 |2986 |  36k|  3 | 327 | 674 | 3.079658e+04 | 3.504865e+04 |  13.81%|  12.68%
 1642s| 15800 | 13665 |  6718k| 423.1 |   179M |  58 |3219 |2844 |2984 |  36k|  2 | 330 | 677 | 3.079658e+04 | 3.504865e+04 |  13.81%|  12.68%
 1653s| 15900 | 13743 |  6759k| 423.0 |   179M |  58 |3219 |2844 |2983 |  37k|  2 | 331 | 678 | 3.080042e+04 | 3.504865e+04 |  13.79%|  12.69%
 1660s| 16000 | 13823 |  6800k| 422.9 |   180M |  58 |3219 |2842 |2972 |  37k|  1 | 331 | 679 | 3.080048e+04 | 3.504865e+04 |  13.79%|  12.69%
 1666s| 16100 | 13901 |  6829k| 422.0 |   180M |  58 |3219 |2842 |2970 |  37k|  1 | 333 | 679 | 3.080048e+04 | 3.504865e+04 |  13.79%|  12.69%
 1680s| 16200 | 13987 |  6861k| 421.4 |   181M |  58 |3219 |2845 |2987 |  37k|  4 | 336 | 679 | 3.080072e+04 | 3.504865e+04 |  13.79%|  12.69%
 1688s| 16300 | 14059 |  6896k| 421.0 |   183M |  58 |3219 |2842 |2983 |  37k|  2 | 336 | 681 | 3.080361e+04 | 3.504865e+04 |  13.78%|  12.69%
 1694s| 16400 | 14143 |  6929k| 420.4 |   184M |  58 |3219 |2841 |2979 |  38k|  3 | 337 | 681 | 3.080541e+04 | 3.504865e+04 |  13.77%|  12.69%
 1701s| 16500 | 14231 |  6958k| 419.7 |   184M |  58 |3219 |2843 |2968 |  38k|  2 | 339 | 683 | 3.080829e+04 | 3.504865e+04 |  13.76%|  12.69%
 1707s| 16600 | 14311 |  6988k| 418.9 |   184M |  58 |3219 |2846 |2967 |  38k|  2 | 343 | 685 | 3.080931e+04 | 3.504865e+04 |  13.76%|  12.70%
 1713s| 16700 | 14395 |  7018k| 418.2 |   185M |  58 |3219 |2845 |2988 |  38k|  1 | 343 | 685 | 3.080984e+04 | 3.504865e+04 |  13.76%|  12.70%
 time | node  | left  |LP iter|LP it/n|mem/heur|mdpt |vars |cons |rows |cuts |sepa|confs|strbr|  dualbound   | primalbound  |  gap   | compl. 
 1720s| 16800 | 14491 |  7050k| 417.6 |   186M |  58 |3219 |2845 |2987 |  38k|  3 | 346 | 686 | 3.081078e+04 | 3.504865e+04 |  13.75%|  12.70%
 1727s| 16900 | 14575 |  7080k| 416.9 |   188M |  58 |3219 |2846 |2989 |  38k|  2 | 350 | 690 | 3.081078e+04 | 3.504865e+04 |  13.75%|  12.70%
 1736s| 17000 | 14669 |  7124k| 417.0 |   188M |  58 |3219 |2845 |2999 |  39k|  5 | 351 | 692 | 3.081230e+04 | 3.504865e+04 |  13.75%|  12.70%
 1746s| 17100 | 14759 |  7173k| 417.5 |   189M |  58 |3219 |2847 |2984 |  39k|  3 | 354 | 694 | 3.081318e+04 | 3.504865e+04 |  13.75%|  12.70%
 1752s| 17200 | 14849 |  7203k| 416.8 |   189M |  58 |3219 |2846 |2982 |  39k|  1 | 357 | 696 | 3.081549e+04 | 3.504865e+04 |  13.74%|  12.70%
 1757s| 17300 | 14935 |  7223k| 415.5 |   190M |  58 |3219 |2849 |2991 |  39k|  3 | 361 | 696 | 3.081549e+04 | 3.504865e+04 |  13.74%|  12.70%
 1763s| 17400 | 15027 |  7252k| 414.8 |   190M |  58 |3219 |2847 |2996 |  39k|  3 | 364 | 696 | 3.081628e+04 | 3.504865e+04 |  13.73%|  12.70%
 1768s| 17500 | 15113 |  7278k| 413.9 |   190M |  58 |3219 |2847 |2991 |  40k|  1 | 366 | 699 | 3.081643e+04 | 3.504865e+04 |  13.73%|  12.70%
 1776s| 17600 | 15195 |  7313k| 413.6 |   190M |  58 |3219 |2847 |2988 |  40k|  3 | 369 | 703 | 3.082049e+04 | 3.504865e+04 |  13.72%|  12.72%
 1783s| 17700 | 15285 |  7346k| 413.1 |   191M |  58 |3219 |2847 |2990 |  40k|  5 | 370 | 703 | 3.082077e+04 | 3.504865e+04 |  13.72%|  12.72%
L1792s| 17777 | 15304 |  7374k| 412.9 |crossove|  58 |3219 |2848 |2977 |  40k|  2 | 372 | 704 | 3.082089e+04 | 3.500146e+04 |  13.56%|  12.73%
 1794s| 17800 | 15321 |  7382k| 412.8 |   191M |  58 |3219 |2848 |2984 |  40k|  7 | 372 | 704 | 3.082089e+04 | 3.500146e+04 |  13.56%|  12.73%
 1801s| 17900 | 15409 |  7421k| 412.7 |   191M |  58 |3219 |2844 |2982 |  40k|  1 | 373 | 704 | 3.082120e+04 | 3.500146e+04 |  13.56%|  12.73%
 1814s| 18000 | 15497 |  7460k| 412.6 |   191M |  58 |3219 |2841 |2984 |  41k|  3 | 373 | 707 | 3.082143e+04 | 3.500146e+04 |  13.56%|  12.73%
 1829s| 18100 | 15585 |  7517k| 413.4 |   192M |  58 |3219 |2842 |2989 |  41k|  5 | 374 | 708 | 3.082233e+04 | 3.500146e+04 |  13.56%|  12.73%
 time | node  | left  |LP iter|LP it/n|mem/heur|mdpt |vars |cons |rows |cuts |sepa|confs|strbr|  dualbound   | primalbound  |  gap   | compl. 
 1839s| 18200 | 15675 |  7566k| 413.8 |   193M |  58 |3219 |2844 |3008 |  41k|  2 | 378 | 708 | 3.082245e+04 | 3.500146e+04 |  13.56%|  12.73%
 1849s| 18300 | 15761 |  7616k| 414.3 |   194M |  58 |3219 |2845 |2997 |  42k|  4 | 381 | 710 | 3.082314e+04 | 3.500146e+04 |  13.56%|  12.73%
 1859s| 18400 | 15851 |  7669k| 414.9 |   194M |  58 |3219 |2844 |3006 |  42k|  2 | 383 | 710 | 3.082422e+04 | 3.500146e+04 |  13.55%|  12.74%
 1872s| 18500 | 15939 |  7717k| 415.3 |   195M |  61 |3219 |2843 |2989 |  42k|  4 | 383 | 712 | 3.082510e+04 | 3.500146e+04 |  13.55%|  12.74%
 1878s| 18600 | 16035 |  7744k| 414.5 |   197M |  64 |3219 |2841 |3004 |  42k|  6 | 383 | 714 | 3.082510e+04 | 3.500146e+04 |  13.55%|  12.74%
 1886s| 18700 | 16125 |  7780k| 414.2 |   200M |  64 |3219 |2842 |2996 |  42k|  3 | 385 | 715 | 3.082510e+04 | 3.500146e+04 |  13.55%|  12.74%
 1892s| 18800 | 16217 |  7812k| 413.7 |   200M |  64 |3219 |2842 |2999 |  43k|  4 | 385 | 718 | 3.082533e+04 | 3.500146e+04 |  13.55%|  12.74%
 1901s| 18900 | 16317 |  7854k| 413.7 |   201M |  64 |3219 |2841 |2998 |  43k|  1 | 386 | 723 | 3.082660e+04 | 3.500146e+04 |  13.54%|  12.74%
 1910s| 19000 | 16409 |  7894k| 413.7 |   201M |  64 |3219 |2842 |2994 |  43k|  1 | 387 | 724 | 3.083162e+04 | 3.500146e+04 |  13.52%|  12.74%
 1918s| 19100 | 16477 |  7937k| 413.8 |   201M |  64 |3219 |2841 |3001 |  43k|  2 | 387 | 725 | 3.083162e+04 | 3.500146e+04 |  13.52%|  12.74%
 1925s| 19200 | 16563 |  7973k| 413.5 |   202M |  64 |3219 |2844 |2987 |  44k|  4 | 390 | 725 | 3.083490e+04 | 3.500146e+04 |  13.51%|  12.74%
 1934s| 19300 | 16649 |  8019k| 413.7 |   202M |  64 |3219 |2843 |2982 |  44k|  3 | 390 | 725 | 3.083599e+04 | 3.500146e+04 |  13.51%|  12.75%
 1943s| 19400 | 16725 |  8061k| 413.8 |   203M |  64 |3219 |2839 |2999 |  44k|  3 | 390 | 727 | 3.083675e+04 | 3.500146e+04 |  13.51%|  12.76%
 1954s| 19500 | 16807 |  8092k| 413.2 |   203M |  64 |3219 |2843 |2982 |  44k|  3 | 395 | 729 | 3.083685e+04 | 3.500146e+04 |  13.51%|  12.76%
 1962s| 19600 | 16887 |  8132k| 413.2 |   203M |  64 |3219 |2847 |2973 |  44k|  2 | 399 | 730 | 3.083685e+04 | 3.500146e+04 |  13.51%|  12.76%
 time | node  | left  |LP iter|LP it/n|mem/heur|mdpt |vars |cons |rows |cuts |sepa|confs|strbr|  dualbound   | primalbound  |  gap   | compl. 
 1972s| 19700 | 16961 |  8182k| 413.6 |   203M |  64 |3219 |2848 |2997 |  45k|  3 | 401 | 732 | 3.083861e+04 | 3.500146e+04 |  13.50%|  12.76%
 1985s| 19800 | 17037 |  8245k| 414.7 |   204M |  64 |3219 |2847 |2984 |  45k|  1 | 403 | 732 | 3.083949e+04 | 3.500146e+04 |  13.50%|  12.76%
 1992s| 19900 | 17119 |  8279k| 414.3 |   204M |  64 |3219 |2846 |3004 |  45k|  3 | 405 | 736 | 3.084026e+04 | 3.500146e+04 |  13.49%|  12.77%
 2000s| 20000 | 17205 |  8316k| 414.1 |   205M |  64 |3219 |2843 |3007 |  45k|  3 | 405 | 736 | 3.084091e+04 | 3.500146e+04 |  13.49%|  12.77%
 2010s| 20100 | 17277 |  8345k| 413.5 |   205M |  64 |3219 |2842 |2998 |  46k|  5 | 406 | 739 | 3.084341e+04 | 3.500146e+04 |  13.48%|  12.77%
 2017s| 20200 | 17347 |  8380k| 413.2 |   206M |  64 |3219 |2844 |2977 |  46k|  1 | 409 | 739 | 3.084407e+04 | 3.500146e+04 |  13.48%|  12.77%
 2027s| 20300 | 17425 |  8432k| 413.7 |   207M |  64 |3219 |2844 |2968 |  46k|  1 | 409 | 742 | 3.084445e+04 | 3.500146e+04 |  13.48%|  12.77%
 2033s| 20400 | 17497 |  8466k| 413.3 |   208M |  64 |3219 |2843 |2986 |  46k|  0 | 410 | 742 | 3.084557e+04 | 3.500146e+04 |  13.47%|  12.77%
 2043s| 20500 | 17567 |  8510k| 413.5 |   208M |  64 |3219 |2845 |2987 |  46k|  1 | 412 | 742 | 3.084652e+04 | 3.500146e+04 |  13.47%|  12.77%
 2050s| 20600 | 17635 |  8548k| 413.3 |   209M |  64 |3219 |2845 |2989 |  47k|  0 | 413 | 742 | 3.084745e+04 | 3.500146e+04 |  13.47%|  12.77%
 2059s| 20700 | 17703 |  8591k| 413.4 |   209M |  64 |3219 |2844 |2991 |  47k|  5 | 414 | 744 | 3.084824e+04 | 3.500146e+04 |  13.46%|  12.77%
 2066s| 20800 | 17791 |  8623k| 412.9 |   210M |  64 |3219 |2842 |2989 |  47k|  3 | 415 | 744 | 3.084999e+04 | 3.500146e+04 |  13.46%|  12.78%
 2073s| 20900 | 17885 |  8657k| 412.6 |   212M |  64 |3219 |2843 |2978 |  47k|  2 | 416 | 746 | 3.085074e+04 | 3.500146e+04 |  13.45%|  12.78%
 2080s| 21000 | 17965 |  8692k| 412.3 |   213M |  64 |3219 |2843 |2978 |  48k|  3 | 418 | 750 | 3.085152e+04 | 3.500146e+04 |  13.45%|  12.78%
 2088s| 21100 | 18051 |  8728k| 412.0 |   215M |  64 |3219 |2841 |2992 |  48k|  2 | 418 | 753 | 3.085228e+04 | 3.500146e+04 |  13.45%|  12.79%
 time | node  | left  |LP iter|LP it/n|mem/heur|mdpt |vars |cons |rows |cuts |sepa|confs|strbr|  dualbound   | primalbound  |  gap   | compl. 
 2094s| 21200 | 18121 |  8762k| 411.7 |   216M |  64 |3219 |2840 |3003 |  48k|  3 | 418 | 754 | 3.085407e+04 | 3.500146e+04 |  13.44%|  12.79%
 2106s| 21300 | 18209 |  8796k| 411.3 |   216M |  64 |3219 |2842 |2990 |  48k|  3 | 421 | 758 | 3.085407e+04 | 3.500146e+04 |  13.44%|  12.79%
 2115s| 21400 | 18289 |  8843k| 411.6 |   216M |  64 |3219 |2843 |2985 |  49k|  3 | 423 | 759 | 3.085428e+04 | 3.500146e+04 |  13.44%|  12.79%
 2120s| 21500 | 18371 |  8869k| 410.9 |   217M |  64 |3219 |2841 |2989 |  49k|  5 | 423 | 761 | 3.085444e+04 | 3.500146e+04 |  13.44%|  12.79%
 2130s| 21600 | 18455 |  8914k| 411.1 |   217M |  64 |3219 |2841 |3001 |  49k|  1 | 423 | 762 | 3.085444e+04 | 3.500146e+04 |  13.44%|  12.79%
 2139s| 21700 | 18541 |  8959k| 411.3 |   217M |  64 |3219 |2842 |2994 |  49k|  6 | 425 | 763 | 3.085550e+04 | 3.500146e+04 |  13.44%|  12.79%
 2147s| 21800 | 18631 |  9000k| 411.3 |   219M |  64 |3219 |2842 |2986 |  49k|  1 | 426 | 763 | 3.085605e+04 | 3.500146e+04 |  13.43%|  12.79%
 2155s| 21900 | 18731 |  9035k| 411.0 |   219M |  64 |3219 |2841 |2979 |  50k|  3 | 428 | 763 | 3.085661e+04 | 3.500146e+04 |  13.43%|  12.79%
 2160s| 22000 | 18815 |  9060k| 410.2 |   219M |  64 |3219 |2844 |2997 |  50k|  4 | 431 | 766 | 3.085661e+04 | 3.500146e+04 |  13.43%|  12.79%
 2170s| 22100 | 18893 |  9110k| 410.7 |   220M |  64 |3219 |2845 |2997 |  50k|  3 | 434 | 769 | 3.085661e+04 | 3.500146e+04 |  13.43%|  12.79%
 2188s| 22200 | 18987 |  9173k| 411.7 |   222M |  64 |3219 |2846 |2989 |  50k|  3 | 435 | 771 | 3.085729e+04 | 3.500146e+04 |  13.43%|  12.80%
 2195s| 22300 | 19075 |  9207k| 411.3 |   223M |  64 |3219 |2849 |2996 |  51k|  7 | 438 | 773 | 3.085802e+04 | 3.500146e+04 |  13.43%|  12.80%
 2204s| 22400 | 19165 |  9249k| 411.4 |   223M |  64 |3219 |2848 |3009 |  51k|  4 | 440 | 773 | 3.085979e+04 | 3.500146e+04 |  13.42%|  12.80%
 2214s| 22500 | 19255 |  9297k| 411.7 |   224M |  64 |3219 |2845 |2987 |  51k|  3 | 440 | 777 | 3.086108e+04 | 3.500146e+04 |  13.42%|  12.80%
 2221s| 22600 | 19347 |  9332k| 411.4 |   224M |  64 |3219 |2845 |3000 |  51k|  7 | 441 | 778 | 3.086228e+04 | 3.500146e+04 |  13.41%|  12.80%
 time | node  | left  |LP iter|LP it/n|mem/heur|mdpt |vars |cons |rows |cuts |sepa|confs|strbr|  dualbound   | primalbound  |  gap   | compl. 
 2227s| 22700 | 19445 |  9363k| 411.0 |   224M |  64 |3219 |2845 |2977 |  52k|  2 | 442 | 783 | 3.086228e+04 | 3.500146e+04 |  13.41%|  12.80%
 2234s| 22800 | 19521 |  9395k| 410.5 |   224M |  64 |3219 |2847 |2971 |  52k|  1 | 445 | 785 | 3.086279e+04 | 3.500146e+04 |  13.41%|  12.80%
 2241s| 22900 | 19587 |  9435k| 410.5 |   226M |  64 |3219 |2848 |3007 |  52k|  0 | 448 | 787 | 3.086293e+04 | 3.500146e+04 |  13.41%|  12.80%
 2250s| 23000 | 19679 |  9473k| 410.4 |   227M |  64 |3219 |2848 |2990 |  52k|  3 | 451 | 789 | 3.086347e+04 | 3.500146e+04 |  13.41%|  12.80%
 2255s| 23100 | 19773 |  9498k| 409.7 |   228M |  64 |3219 |2847 |2982 |  52k|  3 | 453 | 790 | 3.086425e+04 | 3.500146e+04 |  13.40%|  12.80%
 2261s| 23200 | 19865 |  9526k| 409.2 |   228M |  64 |3219 |2847 |3000 |  53k|  2 | 454 | 790 | 3.086505e+04 | 3.500146e+04 |  13.40%|  12.80%
 2270s| 23300 | 19959 |  9558k| 408.8 |   229M |  64 |3219 |2847 |2987 |  53k|  1 | 455 | 791 | 3.086640e+04 | 3.500146e+04 |  13.40%|  12.80%
 2277s| 23400 | 20047 |  9592k| 408.5 |   231M |  64 |3219 |2847 |2979 |  53k|  1 | 457 | 793 | 3.086691e+04 | 3.500146e+04 |  13.39%|  12.85%
 2286s| 23500 | 20129 |  9636k| 408.6 |   231M |  64 |3219 |2845 |2979 |  53k|  2 | 458 | 795 | 3.086844e+04 | 3.500146e+04 |  13.39%|  12.85%
 2295s| 23600 | 20213 |  9677k| 408.6 |   232M |  64 |3219 |2848 |2984 |  53k|  5 | 462 | 798 | 3.086882e+04 | 3.500146e+04 |  13.39%|  12.85%
 2302s| 23700 | 20301 |  9712k| 408.3 |   232M |  64 |3219 |2847 |3007 |  54k|  3 | 463 | 800 | 3.086882e+04 | 3.500146e+04 |  13.39%|  12.85%
 2309s| 23800 | 20393 |  9746k| 408.1 |   233M |  64 |3219 |2848 |2995 |  54k|  4 | 464 | 802 | 3.086896e+04 | 3.500146e+04 |  13.39%|  12.85%
 2317s| 23900 | 20475 |  9784k| 407.9 |   234M |  64 |3219 |2848 |2993 |  54k|  2 | 465 | 805 | 3.086896e+04 | 3.500146e+04 |  13.39%|  12.85%
 2324s| 24000 | 20551 |  9823k| 407.9 |   234M |  64 |3219 |2849 |2988 |  54k|  0 | 467 | 805 | 3.086903e+04 | 3.500146e+04 |  13.39%|  12.85%
 2330s| 24100 | 20619 |  9851k| 407.3 |   234M |  64 |3219 |2849 |2979 |  55k|  1 | 469 | 807 | 3.086903e+04 | 3.500146e+04 |  13.39%|  12.85%
 time | node  | left  |LP iter|LP it/n|mem/heur|mdpt |vars |cons |rows |cuts |sepa|confs|strbr|  dualbound   | primalbound  |  gap   | compl. 
 2337s| 24200 | 20697 |  9884k| 407.0 |   235M |  64 |3219 |2850 |2981 |  55k|  1 | 473 | 807 | 3.086988e+04 | 3.500146e+04 |  13.38%|  12.85%
 2344s| 24300 | 20777 |  9921k| 406.9 |   235M |  64 |3219 |2851 |2995 |  55k|  2 | 475 | 808 | 3.087088e+04 | 3.500146e+04 |  13.38%|  12.85%
L2352s| 24345 | 20800 |  9936k| 406.7 |    gins|  64 |3219 |2849 |2985 |  55k|  4 | 475 | 808 | 3.087101e+04 | 3.500146e+04 |  13.38%|  12.85%
 2358s| 24400 | 20849 |  9960k| 406.8 |   235M |  64 |3219 |2847 |2991 |  55k|  1 | 475 | 810 | 3.087101e+04 | 3.500146e+04 |  13.38%|  12.86%
 2367s| 24500 | 20939 | 10003k| 406.9 |   236M |  64 |3219 |2847 |2998 |  55k|  3 | 476 | 811 | 3.087197e+04 | 3.500146e+04 |  13.38%|  12.86%
 2381s| 24600 | 21031 | 10050k| 407.2 |   237M |  64 |3219 |2848 |2979 |  56k|  1 | 478 | 812 | 3.087269e+04 | 3.500146e+04 |  13.37%|  12.86%
 2391s| 24700 | 21119 | 10098k| 407.5 |   237M |  64 |3219 |2850 |2988 |  56k|  1 | 480 | 813 | 3.087269e+04 | 3.500146e+04 |  13.37%|  12.86%
 2401s| 24800 | 21199 | 10150k| 407.9 |   238M |  64 |3219 |2848 |2991 |  56k|  3 | 481 | 814 | 3.087367e+04 | 3.500146e+04 |  13.37%|  12.86%
 2407s| 24900 | 21291 | 10180k| 407.5 |   238M |  64 |3219 |2850 |2973 |  56k|  2 | 487 | 815 | 3.087369e+04 | 3.500146e+04 |  13.37%|  12.86%
 2414s| 25000 | 21383 | 10210k| 407.0 |   238M |  64 |3219 |2851 |2986 |  56k|  4 | 488 | 817 | 3.087369e+04 | 3.500146e+04 |  13.37%|  12.86%
 2424s| 25100 | 21469 | 10237k| 406.5 |   241M |  64 |3219 |2854 |   0 |  57k|  0 | 492 | 818 | 3.087417e+04 | 3.500146e+04 |  13.37%|  12.86%
 2429s| 25200 | 21553 | 10259k| 405.7 |   241M |  64 |3219 |2853 |2977 |  57k|  3 | 494 | 818 | 3.087417e+04 | 3.500146e+04 |  13.37%|  12.86%
 2436s| 25300 | 21637 | 10293k| 405.5 |   242M |  64 |3219 |2851 |3003 |  57k|  2 | 497 | 821 | 3.087581e+04 | 3.500146e+04 |  13.36%|  12.86%
 2444s| 25400 | 21731 | 10329k| 405.3 |   242M |  64 |3219 |2850 |2971 |  57k|  1 | 498 | 823 | 3.087779e+04 | 3.500146e+04 |  13.35%|  12.86%
 2452s| 25500 | 21821 | 10366k| 405.2 |   243M |  64 |3219 |2854 |2973 |  58k|  1 | 503 | 824 | 3.087807e+04 | 3.500146e+04 |  13.35%|  12.86%
 time | node  | left  |LP iter|LP it/n|mem/heur|mdpt |vars |cons |rows |cuts |sepa|confs|strbr|  dualbound   | primalbound  |  gap   | compl. 
 2457s| 25600 | 21909 | 10394k| 404.7 |   244M |  64 |3219 |2853 |2980 |  58k|  1 | 505 | 825 | 3.087807e+04 | 3.500146e+04 |  13.35%|  12.86%
 2464s| 25700 | 21993 | 10427k| 404.4 |   244M |  64 |3219 |2850 |3006 |  58k|  0 | 507 | 827 | 3.087807e+04 | 3.500146e+04 |  13.35%|  12.86%
 2470s| 25800 | 22071 | 10456k| 404.0 |   245M |  64 |3219 |2854 |2986 |  58k|  1 | 512 | 827 | 3.087993e+04 | 3.500146e+04 |  13.35%|  12.86%
 2476s| 25900 | 22167 | 10484k| 403.5 |   245M |  64 |3219 |2852 |2998 |  58k|  3 | 514 | 829 | 3.088036e+04 | 3.500146e+04 |  13.35%|  12.86%
 2481s| 26000 | 22255 | 10509k| 402.9 |   245M |  64 |3219 |2855 |2990 |  59k|  1 | 518 | 831 | 3.088072e+04 | 3.500146e+04 |  13.34%|  12.86%
 2486s| 26100 | 22351 | 10531k| 402.2 |   246M |  64 |3219 |2854 |2971 |  59k|  1 | 521 | 835 | 3.088072e+04 | 3.500146e+04 |  13.34%|  12.86%
 2492s| 26200 | 22437 | 10560k| 401.8 |   247M |  64 |3219 |2857 |2975 |  59k|  1 | 526 | 837 | 3.088169e+04 | 3.500146e+04 |  13.34%|  12.87%
 2501s| 26300 | 22533 | 10587k| 401.3 |   247M |  64 |3219 |2855 |2990 |  59k|  3 | 527 | 838 | 3.088169e+04 | 3.500146e+04 |  13.34%|  12.87%
 2508s| 26400 | 22609 | 10618k| 400.9 |   248M |  64 |3219 |2854 |2975 |  60k|  3 | 529 | 839 | 3.088210e+04 | 3.500146e+04 |  13.34%|  12.87%
 2519s| 26500 | 22693 | 10671k| 401.4 |   248M |  64 |3219 |2850 |2984 |  60k|  2 | 531 | 840 | 3.088249e+04 | 3.500146e+04 |  13.34%|  12.87%
 2524s| 26600 | 22771 | 10697k| 400.9 |   248M |  64 |3219 |2852 |3013 |  60k|  5 | 533 | 841 | 3.088286e+04 | 3.500146e+04 |  13.34%|  12.87%
 2531s| 26700 | 22865 | 10730k| 400.6 |   248M |  64 |3219 |2854 |2983 |  60k|  1 | 536 | 844 | 3.088396e+04 | 3.500146e+04 |  13.33%|  12.87%
 2538s| 26800 | 22953 | 10762k| 400.3 |   249M |  64 |3219 |2856 |2996 |  60k|  3 | 540 | 847 | 3.088460e+04 | 3.500146e+04 |  13.33%|  12.95%
 2548s| 26900 | 23033 | 10806k| 400.5 |   250M |  64 |3219 |2852 |2980 |  61k|  1 | 541 | 848 | 3.088517e+04 | 3.500146e+04 |  13.33%|  12.95%
 2554s| 27000 | 23119 | 10838k| 400.1 |   251M |  64 |3219 |2848 |2983 |  61k|  2 | 542 | 850 | 3.088539e+04 | 3.500146e+04 |  13.33%|  12.95%
 time | node  | left  |LP iter|LP it/n|mem/heur|mdpt |vars |cons |rows |cuts |sepa|confs|strbr|  dualbound   | primalbound  |  gap   | compl. 
 2562s| 27100 | 23209 | 10876k| 400.1 |   252M |  64 |3219 |2847 |2979 |  61k|  0 | 543 | 852 | 3.088539e+04 | 3.500146e+04 |  13.33%|  12.95%
 2570s| 27200 | 23301 | 10913k| 400.0 |   254M |  64 |3219 |2847 |2981 |  61k|  2 | 544 | 852 | 3.088539e+04 | 3.500146e+04 |  13.33%|  12.95%
 2582s| 27300 | 23389 | 10973k| 400.7 |   256M |  64 |3219 |2846 |2987 |  62k|  3 | 545 | 852 | 3.088659e+04 | 3.500146e+04 |  13.32%|  12.95%
 2598s| 27400 | 23471 | 11033k| 401.4 |   256M |  64 |3219 |2846 |2989 |  62k|  1 | 545 | 853 | 3.088669e+04 | 3.500146e+04 |  13.32%|  12.95%
 2605s| 27500 | 23569 | 11055k| 400.8 |   257M |  64 |3219 |2847 |3000 |  62k|  2 | 548 | 853 | 3.088669e+04 | 3.500146e+04 |  13.32%|  12.95%
 2612s| 27600 | 23659 | 11086k| 400.4 |   258M |  64 |3219 |2850 |2987 |  62k|  0 | 551 | 858 | 3.088669e+04 | 3.500146e+04 |  13.32%|  12.95%
 2618s| 27700 | 23753 | 11115k| 400.0 |   258M |  64 |3219 |2848 |2995 |  62k|  3 | 553 | 859 | 3.088749e+04 | 3.500146e+04 |  13.32%|  12.95%
 2624s| 27800 | 23837 | 11144k| 399.6 |   259M |  64 |3219 |2846 |2996 |  63k|  5 | 553 | 861 | 3.088749e+04 | 3.500146e+04 |  13.32%|  12.95%
 2638s| 27900 | 23913 | 11187k| 399.7 |   259M |  64 |3219 |2844 |3003 |  63k|  3 | 553 | 862 | 3.088829e+04 | 3.500146e+04 |  13.32%|  12.95%
 2643s| 28000 | 23999 | 11211k| 399.2 |   261M |  64 |3219 |2845 |2981 |  63k|  2 | 555 | 865 | 3.088829e+04 | 3.500146e+04 |  13.32%|  12.95%
 2649s| 28100 | 24089 | 11238k| 398.7 |   261M |  64 |3219 |2847 |2974 |  63k|  2 | 557 | 866 | 3.088866e+04 | 3.500146e+04 |  13.31%|  12.95%
 2657s| 28200 | 24177 | 11276k| 398.7 |   262M |  64 |3219 |2846 |2977 |  64k|  2 | 558 | 868 | 3.088956e+04 | 3.500146e+04 |  13.31%|  12.95%
 2665s| 28300 | 24265 | 11316k| 398.7 |   262M |  64 |3219 |2847 |2990 |  64k|  0 | 559 | 869 | 3.089070e+04 | 3.500146e+04 |  13.31%|  12.95%
 2672s| 28400 | 24357 | 11348k| 398.4 |   264M |  64 |3219 |2849 |2979 |  64k|  2 | 562 | 869 | 3.089208e+04 | 3.500146e+04 |  13.30%|  12.96%
 2682s| 28500 | 24441 | 11393k| 398.6 |   265M |  64 |3219 |2846 |2994 |  64k|  0 | 562 | 871 | 3.089253e+04 | 3.500146e+04 |  13.30%|  12.96%
 time | node  | left  |LP iter|LP it/n|mem/heur|mdpt |vars |cons |rows |cuts |sepa|confs|strbr|  dualbound   | primalbound  |  gap   | compl. 
 2690s| 28600 | 24517 | 11433k| 398.6 |   267M |  64 |3219 |2844 |2984 |  65k|  2 | 563 | 872 | 3.089357e+04 | 3.500146e+04 |  13.30%|  12.96%
 2696s| 28700 | 24599 | 11461k| 398.2 |   267M |  64 |3219 |2846 |2981 |  65k|  1 | 565 | 875 | 3.089369e+04 | 3.500146e+04 |  13.30%|  12.96%
 2701s| 28800 | 24695 | 11485k| 397.6 |   267M |  64 |3219 |2847 |2996 |  65k|  3 | 568 | 877 | 3.089369e+04 | 3.500146e+04 |  13.30%|  12.96%
 2708s| 28900 | 24781 | 11514k| 397.2 |   267M |  64 |3219 |2847 |2988 |  65k|  0 | 569 | 880 | 3.089570e+04 | 3.500146e+04 |  13.29%|  12.96%
 2714s| 29000 | 24879 | 11547k| 397.0 |   268M |  64 |3219 |2847 |2989 |  65k|  1 | 571 | 881 | 3.089600e+04 | 3.500146e+04 |  13.29%|  12.96%
 2722s| 29100 | 24971 | 11582k| 396.8 |   268M |  64 |3219 |2848 |   0 |  66k|  0 | 572 | 881 | 3.089816e+04 | 3.500146e+04 |  13.28%|  12.96%
 2729s| 29200 | 25069 | 11617k| 396.7 |   270M |  64 |3219 |2848 |2985 |  66k|  3 | 575 | 881 | 3.089945e+04 | 3.500146e+04 |  13.28%|  12.96%
 2736s| 29300 | 25157 | 11648k| 396.4 |   271M |  64 |3219 |2847 |2989 |  66k|  1 | 575 | 881 | 3.089964e+04 | 3.500146e+04 |  13.27%|  12.96%
 2743s| 29400 | 25245 | 11682k| 396.2 |   272M |  64 |3219 |2845 |2984 |  66k|  2 | 575 | 881 | 3.089964e+04 | 3.500146e+04 |  13.27%|  12.96%
 2753s| 29500 | 25327 | 11713k| 395.9 |   273M |  64 |3219 |2848 |2974 |  67k|  1 | 579 | 882 | 3.090003e+04 | 3.500146e+04 |  13.27%|  12.96%
 2759s| 29600 | 25397 | 11743k| 395.6 |   273M |  64 |3219 |2848 |2971 |  67k|  1 | 582 | 887 | 3.090036e+04 | 3.500146e+04 |  13.27%|  12.97%
 2764s| 29700 | 25473 | 11768k| 395.1 |   273M |  64 |3219 |2847 |2984 |  67k|  2 | 583 | 889 | 3.090093e+04 | 3.500146e+04 |  13.27%|  12.97%
 2771s| 29800 | 25555 | 11800k| 394.8 |   273M |  64 |3219 |2848 |2998 |  67k|  1 | 584 | 889 | 3.090132e+04 | 3.500146e+04 |  13.27%|  12.97%
 2783s| 29900 | 25643 | 11830k| 394.5 |   274M |  64 |3219 |2846 |2981 |  67k|  2 | 584 | 890 | 3.090132e+04 | 3.500146e+04 |  13.27%|  12.97%
 2788s| 30000 | 25731 | 11854k| 394.0 |   274M |  64 |3219 |2845 |2981 |  68k|  1 | 584 | 892 | 3.090141e+04 | 3.500146e+04 |  13.27%|  12.97%
 time | node  | left  |LP iter|LP it/n|mem/heur|mdpt |vars |cons |rows |cuts |sepa|confs|strbr|  dualbound   | primalbound  |  gap   | compl. 
 2798s| 30100 | 25821 | 11907k| 394.4 |   274M |  64 |3219 |2850 |2995 |  68k|  2 | 589 | 892 | 3.090176e+04 | 3.500146e+04 |  13.27%|  12.97%
 2803s| 30200 | 25905 | 11932k| 394.0 |   274M |  64 |3219 |2851 |2974 |  68k|  1 | 591 | 893 | 3.090287e+04 | 3.500146e+04 |  13.26%|  12.97%
 2811s| 30300 | 25987 | 11970k| 393.9 |   274M |  64 |3219 |2847 |2994 |  68k|  2 | 591 | 895 | 3.090351e+04 | 3.500146e+04 |  13.26%|  12.97%
 2822s| 30400 | 26071 | 12022k| 394.3 |   275M |  64 |3219 |2844 |3001 |  68k|  3 | 591 | 896 | 3.090351e+04 | 3.500146e+04 |  13.26%|  12.97%
 2833s| 30500 | 26153 | 12078k| 394.9 |   275M |  64 |3219 |2845 |2977 |  69k|  1 | 592 | 896 | 3.090351e+04 | 3.500146e+04 |  13.26%|  12.98%
 2840s| 30600 | 26229 | 12112k| 394.7 |   275M |  64 |3219 |2848 |2987 |  69k|  3 | 595 | 896 | 3.090380e+04 | 3.500146e+04 |  13.26%|  12.98%
 2848s| 30700 | 26317 | 12149k| 394.6 |   276M |  64 |3219 |2848 |2998 |  69k|  5 | 596 | 896 | 3.090527e+04 | 3.500146e+04 |  13.25%|  12.98%
 2855s| 30800 | 26387 | 12186k| 394.5 |   277M |  64 |3219 |2847 |2977 |  69k|  0 | 597 | 898 | 3.090671e+04 | 3.500146e+04 |  13.25%|  12.98%
 2862s| 30900 | 26475 | 12215k| 394.2 |   279M |  64 |3219 |2846 |2985 |  70k|  2 | 597 | 899 | 3.090766e+04 | 3.500146e+04 |  13.25%|  12.98%
 2872s| 31000 | 26553 | 12266k| 394.6 |   280M |  64 |3219 |2845 |2997 |  70k|  1 | 597 | 899 | 3.090771e+04 | 3.500146e+04 |  13.25%|  12.99%
 2879s| 31100 | 26631 | 12302k| 394.5 |   280M |  64 |3219 |2846 |2988 |  70k|  1 | 599 | 902 | 3.090840e+04 | 3.500146e+04 |  13.24%|  12.99%
 2889s| 31200 | 26719 | 12350k| 394.7 |   282M |  64 |3219 |2846 |2991 |  70k|  4 | 599 | 903 | 3.090915e+04 | 3.500146e+04 |  13.24%|  12.99%
 2898s| 31300 | 26815 | 12389k| 394.7 |   282M |  64 |3219 |2846 |2992 |  70k|  1 | 600 | 909 | 3.091074e+04 | 3.500146e+04 |  13.23%|  12.99%
 2905s| 31400 | 26897 | 12424k| 394.6 |   282M |  64 |3219 |2847 |2989 |  71k|  3 | 601 | 910 | 3.091134e+04 | 3.500146e+04 |  13.23%|  12.99%
 2913s| 31500 | 26993 | 12460k| 394.5 |   283M |  64 |3219 |2847 |2988 |  71k|  2 | 601 | 912 | 3.091152e+04 | 3.500146e+04 |  13.23%|  12.99%
 time | node  | left  |LP iter|LP it/n|mem/heur|mdpt |vars |cons |rows |cuts |sepa|confs|strbr|  dualbound   | primalbound  |  gap   | compl. 
 2917s| 31600 | 27081 | 12482k| 393.9 |   284M |  64 |3219 |2847 |2980 |  71k|  3 | 602 | 913 | 3.091289e+04 | 3.500146e+04 |  13.23%|  12.99%
 2924s| 31700 | 27161 | 12512k| 393.6 |   285M |  64 |3219 |2846 |2981 |  71k|  4 | 602 | 913 | 3.091289e+04 | 3.500146e+04 |  13.23%|  12.99%
 2931s| 31800 | 27245 | 12548k| 393.5 |   285M |  64 |3219 |2849 |2996 |  72k|  3 | 605 | 913 | 3.091315e+04 | 3.500146e+04 |  13.23%|  12.99%
 2937s| 31900 | 27321 | 12576k| 393.2 |   285M |  64 |3219 |2847 |2996 |  72k|  1 | 606 | 913 | 3.091374e+04 | 3.500146e+04 |  13.22%|  13.00%
 2943s| 32000 | 27413 | 12606k| 392.9 |   286M |  64 |3219 |2847 |2982 |  72k|  1 | 607 | 914 | 3.091435e+04 | 3.500146e+04 |  13.22%|  13.00%
 2952s| 32100 | 27509 | 12649k| 393.0 |   287M |  64 |3219 |2845 |2972 |  72k|  1 | 607 | 914 | 3.091691e+04 | 3.500146e+04 |  13.21%|  13.00%
 2958s| 32200 | 27603 | 12676k| 392.6 |   287M |  64 |3219 |2846 |2989 |  72k|  4 | 609 | 914 | 3.091762e+04 | 3.500146e+04 |  13.21%|  13.00%
 2963s| 32300 | 27693 | 12700k| 392.1 |   287M |  64 |3219 |2848 |2972 |  73k|  2 | 611 | 914 | 3.091763e+04 | 3.500146e+04 |  13.21%|  13.00%
 2971s| 32400 | 27781 | 12743k| 392.3 |   288M |  64 |3219 |2851 |2979 |  73k|  1 | 616 | 915 | 3.091784e+04 | 3.500146e+04 |  13.21%|  13.00%
 2981s| 32500 | 27859 | 12792k| 392.6 |   288M |  64 |3219 |2851 |2986 |  73k|  2 | 618 | 916 | 3.091823e+04 | 3.500146e+04 |  13.21%|  13.00%
 2995s| 32600 | 27943 | 12833k| 392.6 |   288M |  64 |3219 |2850 |2984 |  73k|  2 | 618 | 918 | 3.091962e+04 | 3.500146e+04 |  13.20%|  13.00%
 3007s| 32700 | 28031 | 12869k| 392.5 |   289M |  64 |3219 |2849 |2988 |  73k|  3 | 619 | 921 | 3.092117e+04 | 3.500146e+04 |  13.20%|  13.00%
 3015s| 32800 | 28115 | 12910k| 392.6 |   289M |  64 |3219 |2847 |2993 |  74k|  1 | 619 | 921 | 3.092125e+04 | 3.500146e+04 |  13.20%|  13.00%
 3023s| 32900 | 28205 | 12949k| 392.6 |   289M |  64 |3219 |2846 |2988 |  74k|  2 | 619 | 921 | 3.092148e+04 | 3.500146e+04 |  13.19%|  13.00%
 3030s| 33000 | 28289 | 12984k| 392.4 |   290M |  64 |3219 |2847 |2984 |  74k|  3 | 622 | 921 | 3.092148e+04 | 3.500146e+04 |  13.19%|  13.01%
 time | node  | left  |LP iter|LP it/n|mem/heur|mdpt |vars |cons |rows |cuts |sepa|confs|strbr|  dualbound   | primalbound  |  gap   | compl. 
 3039s| 33100 | 28375 | 13025k| 392.5 |   290M |  64 |3219 |2847 |2983 |  74k|  1 | 622 | 921 | 3.092162e+04 | 3.500146e+04 |  13.19%|  13.01%
 3046s| 33200 | 28455 | 13057k| 392.3 |   290M |  64 |3219 |2848 |2987 |  75k|  1 | 623 | 924 | 3.092186e+04 | 3.500146e+04 |  13.19%|  13.01%
 3051s| 33300 | 28543 | 13078k| 391.7 |   292M |  64 |3219 |2848 |2982 |  75k|  1 | 625 | 925 | 3.092186e+04 | 3.500146e+04 |  13.19%|  13.01%
 3056s| 33400 | 28629 | 13102k| 391.3 |   293M |  64 |3219 |2846 |3003 |  75k|  3 | 625 | 925 | 3.092186e+04 | 3.500146e+04 |  13.19%|  13.01%
 3068s| 33500 | 28719 | 13162k| 391.9 |   294M |  64 |3219 |2845 |2981 |  75k|  1 | 625 | 925 | 3.092186e+04 | 3.500146e+04 |  13.19%|  13.01%
 3076s| 33600 | 28805 | 13202k| 391.9 |   296M |  64 |3219 |2849 |2987 |  75k|  1 | 629 | 926 | 3.092186e+04 | 3.500146e+04 |  13.19%|  13.01%
 3083s| 33700 | 28895 | 13232k| 391.6 |   297M |  64 |3219 |2849 |2990 |  76k|  1 | 630 | 927 | 3.092230e+04 | 3.500146e+04 |  13.19%|  13.01%
 3090s| 33800 | 28983 | 13262k| 391.4 |   298M |  64 |3219 |2849 |2983 |  76k|  4 | 632 | 931 | 3.092234e+04 | 3.500146e+04 |  13.19%|  13.01%
 3097s| 33900 | 29069 | 13294k| 391.1 |   298M |  64 |3219 |2850 |2988 |  76k|  1 | 633 | 931 | 3.092321e+04 | 3.500146e+04 |  13.19%|  13.01%
 3104s| 34000 | 29165 | 13328k| 391.0 |   298M |  64 |3219 |2851 |2983 |  76k|  3 | 637 | 933 | 3.092401e+04 | 3.500146e+04 |  13.19%|  13.02%
 3111s| 34100 | 29251 | 13361k| 390.8 |   299M |  64 |3219 |2850 |2982 |  76k|  2 | 638 | 935 | 3.092456e+04 | 3.500146e+04 |  13.18%|  13.02%
 3118s| 34200 | 29331 | 13396k| 390.7 |   301M |  64 |3219 |2851 |2985 |  77k|  6 | 640 | 936 | 3.092481e+04 | 3.500146e+04 |  13.18%|  13.02%
 3125s| 34300 | 29407 | 13431k| 390.6 |   301M |  64 |3219 |2854 |2995 |  77k|  3 | 644 | 936 | 3.092481e+04 | 3.500146e+04 |  13.18%|  13.02%
 3139s| 34400 | 29477 | 13485k| 391.0 |   302M |  64 |3219 |2850 |   0 |  77k|  0 | 644 | 938 | 3.092692e+04 | 3.500146e+04 |  13.17%|  13.04%
 3149s| 34500 | 29561 | 13534k| 391.3 |   303M |  64 |3219 |2849 |2992 |  77k|  2 | 647 | 939 | 3.092692e+04 | 3.500146e+04 |  13.17%|  13.04%
 time | node  | left  |LP iter|LP it/n|mem/heur|mdpt |vars |cons |rows |cuts |sepa|confs|strbr|  dualbound   | primalbound  |  gap   | compl. 
 3159s| 34600 | 29637 | 13583k| 391.6 |   303M |  64 |3219 |2850 |2992 |  78k|  1 | 649 | 939 | 3.092739e+04 | 3.500146e+04 |  13.17%|  13.04%
 3166s| 34700 | 29725 | 13619k| 391.5 |   303M |  64 |3219 |2851 |2972 |  78k|  1 | 651 | 939 | 3.092814e+04 | 3.500146e+04 |  13.17%|  13.04%
 3175s| 34800 | 29803 | 13665k| 391.7 |   303M |  64 |3219 |2852 |2977 |  78k|  1 | 653 | 940 | 3.092814e+04 | 3.500146e+04 |  13.17%|  13.04%
 3185s| 34900 | 29891 | 13714k| 392.0 |   303M |  64 |3219 |2851 |2981 |  78k|  1 | 654 | 941 | 3.092829e+04 | 3.500146e+04 |  13.17%|  13.04%
 3193s| 35000 | 29971 | 13753k| 392.0 |   303M |  64 |3219 |2851 |2984 |  78k|  2 | 655 | 944 | 3.092889e+04 | 3.500146e+04 |  13.17%|  13.04%
 3201s| 35100 | 30059 | 13789k| 391.9 |   303M |  64 |3219 |2850 |2984 |  78k|  1 | 655 | 946 | 3.092996e+04 | 3.500146e+04 |  13.16%|  13.04%
 3209s| 35200 | 30141 | 13829k| 391.9 |   304M |  64 |3219 |2849 |2986 |  79k|  2 | 655 | 946 | 3.093018e+04 | 3.500146e+04 |  13.16%|  13.04%
 3224s| 35300 | 30221 | 13859k| 391.6 |   304M |  64 |3219 |2852 |2981 |  79k|  1 | 658 | 946 | 3.093028e+04 | 3.500146e+04 |  13.16%|  13.04%
 3230s| 35400 | 30303 | 13888k| 391.4 |   304M |  64 |3219 |2856 |2987 |  79k|  2 | 662 | 946 | 3.093043e+04 | 3.500146e+04 |  13.16%|  13.05%
 3237s| 35500 | 30393 | 13922k| 391.2 |   306M |  64 |3219 |2858 |2978 |  79k|  3 | 664 | 950 | 3.093129e+04 | 3.500146e+04 |  13.16%|  13.05%
 3244s| 35600 | 30479 | 13957k| 391.1 |   306M |  64 |3219 |2857 |2982 |  79k|  5 | 664 | 952 | 3.093150e+04 | 3.500146e+04 |  13.16%|  13.05%
 3250s| 35700 | 30565 | 13985k| 390.8 |   306M |  64 |3219 |2856 |2975 |  80k|  1 | 666 | 953 | 3.093165e+04 | 3.500146e+04 |  13.16%|  13.05%
 3259s| 35800 | 30647 | 14028k| 390.9 |   307M |  64 |3219 |2855 |2990 |  80k|  6 | 668 | 953 | 3.093188e+04 | 3.500146e+04 |  13.16%|  13.12%
 3265s| 35900 | 30731 | 14056k| 390.6 |   308M |  64 |3219 |2854 |2993 |  80k|  3 | 668 | 954 | 3.093197e+04 | 3.500146e+04 |  13.16%|  13.12%
 3271s| 36000 | 30825 | 14080k| 390.2 |   309M |  64 |3219 |2853 |2990 |  80k|  3 | 670 | 957 | 3.093255e+04 | 3.500146e+04 |  13.15%|  13.13%
 time | node  | left  |LP iter|LP it/n|mem/heur|mdpt |vars |cons |rows |cuts |sepa|confs|strbr|  dualbound   | primalbound  |  gap   | compl. 
 3278s| 36100 | 30907 | 14114k| 390.0 |   310M |  64 |3219 |2854 |2981 |  81k|  3 | 671 | 960 | 3.093255e+04 | 3.500146e+04 |  13.15%|  13.13%
 3284s| 36200 | 30999 | 14143k| 389.7 |   311M |  64 |3219 |2862 |2991 |  81k|  2 | 679 | 962 | 3.093279e+04 | 3.500146e+04 |  13.15%|  13.13%
 3291s| 36300 | 31085 | 14178k| 389.6 |   312M |  64 |3219 |2861 |2995 |  81k|  0 | 680 | 962 | 3.093329e+04 | 3.500146e+04 |  13.15%|  13.13%
 3300s| 36400 | 31165 | 14221k| 389.7 |   313M |  64 |3219 |2854 |2980 |  81k|  3 | 680 | 962 | 3.093387e+04 | 3.500146e+04 |  13.15%|  13.13%
 3307s| 36500 | 31257 | 14257k| 389.7 |   313M |  64 |3219 |2853 |2991 |  81k|  2 | 681 | 962 | 3.093397e+04 | 3.500146e+04 |  13.15%|  13.13%
 3314s| 36600 | 31351 | 14289k| 389.5 |   314M |  64 |3219 |2852 |2988 |  82k|  2 | 681 | 962 | 3.093424e+04 | 3.500146e+04 |  13.15%|  13.13%
 3323s| 36700 | 31443 | 14333k| 389.6 |   315M |  64 |3219 |2852 |2979 |  82k|  3 | 681 | 962 | 3.093433e+04 | 3.500146e+04 |  13.15%|  13.13%
 3331s| 36800 | 31531 | 14373k| 389.7 |   316M |  64 |3219 |2856 |2981 |  82k|  3 | 686 | 962 | 3.093458e+04 | 3.500146e+04 |  13.15%|  13.13%
 3338s| 36900 | 31621 | 14406k| 389.5 |   316M |  64 |3219 |2857 |2999 |  82k|  3 | 688 | 962 | 3.093523e+04 | 3.500146e+04 |  13.14%|  13.13%
 3344s| 37000 | 31717 | 14432k| 389.1 |   316M |  64 |3219 |2855 |2993 |  82k|  5 | 688 | 962 | 3.093531e+04 | 3.500146e+04 |  13.14%|  13.13%
 3350s| 37100 | 31805 | 14459k| 388.8 |   316M |  64 |3219 |2856 |2993 |  83k|  1 | 690 | 964 | 3.093533e+04 | 3.500146e+04 |  13.14%|  13.13%
 3355s| 37200 | 31887 | 14481k| 388.4 |   316M |  64 |3219 |2860 |3005 |  83k|  2 | 694 | 967 | 3.093577e+04 | 3.500146e+04 |  13.14%|  13.13%
 3360s| 37300 | 31969 | 14506k| 388.0 |   316M |  64 |3219 |2858 |2977 |  83k|  2 | 698 | 968 | 3.093662e+04 | 3.500146e+04 |  13.14%|  13.13%
 3368s| 37400 | 32045 | 14546k| 388.0 |   316M |  64 |3219 |2856 |2981 |  83k|  0 | 699 | 970 | 3.093844e+04 | 3.500146e+04 |  13.13%|  13.13%
 3377s| 37500 | 32111 | 14588k| 388.1 |   316M |  64 |3219 |2856 |2985 |  83k|  2 | 701 | 971 | 3.093864e+04 | 3.500146e+04 |  13.13%|  13.13%
 time | node  | left  |LP iter|LP it/n|mem/heur|mdpt |vars |cons |rows |cuts |sepa|confs|strbr|  dualbound   | primalbound  |  gap   | compl. 
 3383s| 37600 | 32191 | 14615k| 387.8 |   319M |  64 |3219 |2853 |2987 |  83k|  6 | 701 | 973 | 3.093918e+04 | 3.500146e+04 |  13.13%|  13.13%
 3388s| 37700 | 32267 | 14640k| 387.4 |   321M |  64 |3219 |2854 |2986 |  84k|  4 | 703 | 974 | 3.093918e+04 | 3.500146e+04 |  13.13%|  13.13%
 3395s| 37800 | 32357 | 14673k| 387.3 |   321M |  64 |3219 |2853 |2971 |  84k|  5 | 704 | 974 | 3.093988e+04 | 3.500146e+04 |  13.13%|  13.14%
 3402s| 37900 | 32435 | 14710k| 387.2 |   322M |  64 |3219 |2853 |2990 |  84k|  4 | 705 | 975 | 3.094069e+04 | 3.500146e+04 |  13.12%|  13.14%
 3408s| 38000 | 32521 | 14734k| 386.8 |   322M |  64 |3219 |2857 |2986 |  84k|  1 | 710 | 976 | 3.094069e+04 | 3.500146e+04 |  13.12%|  13.14%
 3413s| 38100 | 32597 | 14762k| 386.6 |   325M |  64 |3219 |2858 |2985 |  85k|  1 | 712 | 979 | 3.094148e+04 | 3.500146e+04 |  13.12%|  13.14%
 3425s| 38200 | 32683 | 14795k| 386.4 |   325M |  64 |3219 |2859 |2988 |  85k|  1 | 716 | 980 | 3.094162e+04 | 3.500146e+04 |  13.12%|  13.14%
 3431s| 38300 | 32767 | 14825k| 386.2 |   326M |  64 |3219 |2858 |2978 |  85k|  2 | 719 | 981 | 3.094186e+04 | 3.500146e+04 |  13.12%|  13.14%
 3436s| 38400 | 32859 | 14849k| 385.8 |   326M |  64 |3219 |2857 |2981 |  85k|  1 | 721 | 984 | 3.094252e+04 | 3.500146e+04 |  13.12%|  13.14%
 3441s| 38500 | 32945 | 14872k| 385.4 |   328M |  64 |3219 |2857 |2997 |  85k|  4 | 722 | 987 | 3.094342e+04 | 3.500146e+04 |  13.11%|  13.15%
 3449s| 38600 | 33045 | 14911k| 385.4 |   329M |  64 |3219 |2853 |2985 |  85k|  1 | 723 | 987 | 3.094376e+04 | 3.500146e+04 |  13.11%|  13.15%
 3455s| 38700 | 33139 | 14940k| 385.2 |   329M |  64 |3219 |2851 |2996 |  86k|  3 | 723 | 988 | 3.094384e+04 | 3.500146e+04 |  13.11%|  13.15%
 3462s| 38800 | 33233 | 14970k| 384.9 |   330M |  64 |3219 |2852 |2996 |  86k|  3 | 725 | 989 | 3.094384e+04 | 3.500146e+04 |  13.11%|  13.15%
 3468s| 38900 | 33321 | 15001k| 384.8 |   330M |  64 |3219 |2852 |2995 |  86k|  2 | 726 | 990 | 3.094475e+04 | 3.500146e+04 |  13.11%|  13.15%
 3473s| 39000 | 33405 | 15027k| 384.4 |   330M |  64 |3219 |2852 |2985 |  86k|  3 | 727 | 990 | 3.094493e+04 | 3.500146e+04 |  13.11%|  13.15%
 time | node  | left  |LP iter|LP it/n|mem/heur|mdpt |vars |cons |rows |cuts |sepa|confs|strbr|  dualbound   | primalbound  |  gap   | compl. 
 3479s| 39100 | 33487 | 15054k| 384.1 |   331M |  64 |3219 |2860 |2974 |  86k|  1 | 736 | 990 | 3.094523e+04 | 3.500146e+04 |  13.11%|  13.15%
 3485s| 39200 | 33569 | 15085k| 384.0 |   331M |  64 |3219 |2861 |2984 |  86k|  3 | 743 | 992 | 3.094587e+04 | 3.500146e+04 |  13.11%|  13.15%
 3492s| 39300 | 33647 | 15120k| 383.9 |   331M |  64 |3219 |2857 |2983 |  87k|  1 | 744 | 992 | 3.094604e+04 | 3.500146e+04 |  13.10%|  13.15%
 3498s| 39400 | 33733 | 15148k| 383.6 |   332M |  64 |3219 |2857 |3013 |  87k|  0 | 745 | 995 | 3.094659e+04 | 3.500146e+04 |  13.10%|  13.15%
 3508s| 39500 | 33819 | 15181k| 383.5 |   333M |  64 |3219 |2859 |2972 |  87k|  1 | 748 | 996 | 3.094664e+04 | 3.500146e+04 |  13.10%|  13.15%
 3514s| 39600 | 33907 | 15210k| 383.2 |   333M |  64 |3219 |2860 |2983 |  87k|  4 | 750 | 997 | 3.094717e+04 | 3.500146e+04 |  13.10%|  13.15%
 3519s| 39700 | 33997 | 15233k| 382.9 |   335M |  64 |3219 |2861 |2988 |  87k|  1 | 753 | 998 | 3.094876e+04 | 3.500146e+04 |  13.09%|  13.15%
 3524s| 39800 | 34087 | 15260k| 382.6 |   335M |  64 |3219 |2859 |2983 |  88k|  1 | 753 | 998 | 3.094935e+04 | 3.500146e+04 |  13.09%|  13.15%
 3532s| 39900 | 34179 | 15296k| 382.5 |   335M |  64 |3219 |2856 |2982 |  88k|  3 | 754 | 999 | 3.094965e+04 | 3.500146e+04 |  13.09%|  13.15%
 3539s| 40000 | 34265 | 15334k| 382.5 |   336M |  64 |3219 |2858 |2981 |  88k|  3 | 756 | 999 | 3.095073e+04 | 3.500146e+04 |  13.09%|  13.15%
 3545s| 40100 | 34363 | 15359k| 382.2 |   336M |  64 |3219 |2856 |2994 |  88k|  2 | 756 | 999 | 3.095073e+04 | 3.500146e+04 |  13.09%|  13.15%
 3552s| 40200 | 34451 | 15392k| 382.0 |   337M |  64 |3219 |2857 |2998 |  89k|  3 | 757 |1000 | 3.095109e+04 | 3.500146e+04 |  13.09%|  13.15%
 3559s| 40300 | 34533 | 15426k| 381.9 |   337M |  64 |3219 |2859 |2986 |  89k|  2 | 760 |1000 | 3.095198e+04 | 3.500146e+04 |  13.08%|  13.16%
 3565s| 40400 | 34617 | 15453k| 381.7 |   339M |  64 |3219 |2861 |2982 |  89k|  1 | 762 |1000 | 3.095198e+04 | 3.500146e+04 |  13.08%|  13.16%
 3574s| 40500 | 34713 | 15497k| 381.8 |   339M |  64 |3219 |2857 |2997 |  89k|  4 | 763 |1000 | 3.095198e+04 | 3.500146e+04 |  13.08%|  13.16%
 time | node  | left  |LP iter|LP it/n|mem/heur|mdpt |vars |cons |rows |cuts |sepa|confs|strbr|  dualbound   | primalbound  |  gap   | compl. 
 3581s| 40600 | 34791 | 15529k| 381.7 |   340M |  64 |3219 |2859 |2999 |  90k|  1 | 767 |1001 | 3.095198e+04 | 3.500146e+04 |  13.08%|  13.16%
 3587s| 40700 | 34863 | 15560k| 381.5 |   340M |  64 |3219 |2859 |2982 |  90k|  1 | 769 |1001 | 3.095202e+04 | 3.500146e+04 |  13.08%|  13.17%
 3594s| 40800 | 34951 | 15590k| 381.3 |   341M |  64 |3219 |2862 |2998 |  90k|  4 | 773 |1001 | 3.095275e+04 | 3.500146e+04 |  13.08%|  13.17%

SCIP Status        : solving was interrupted [time limit reached]
Solving Time (sec) : 3600.00
Solving Nodes      : 40874
Primal Bound       : +3.50014644734391e+04 (180 solutions)
Dual Bound         : +3.09534749935012e+04
Gap                : 13.08 %
primal_bound = 35001.46447343909, dual_bound = 30953.4749935012, gap = 11.565200316145948, time = 3603.1
