solving instance mcnd nodes c42 3 6 cubic
presolving:
(round 1, fast)       294 del vars, 294 del conss, 0 add conss, 20 chg bounds, 0 chg sides, 0 chg coeffs, 0 upgd conss, 0 impls, 0 clqs
(round 2, exhaustive) 294 del vars, 588 del conss, 0 add conss, 20 chg bounds, 0 chg sides, 0 chg coeffs, 0 upgd conss, 0 impls, 0 clqs
(round 3, exhaustive) 294 del vars, 588 del conss, 0 add conss, 20 chg bounds, 0 chg sides, 0 chg coeffs, 11780 upgd conss, 0 impls, 0 clqs
   (0.3s) probing: 71/314 (22.6%) - 17 fixings, 0 aggregations, 3233 implications, 3 bound changes
   (0.3s) probing aborted: 50/50 successive totally useless probings
(round 4, exhaustive) 311 del vars, 588 del conss, 0 add conss, 23 chg bounds, 0 chg sides, 0 chg coeffs, 11780 upgd conss, 15013 impls, 0 clqs
(round 5, fast)       311 del vars, 605 del conss, 0 add conss, 40 chg bounds, 0 chg sides, 0 chg coeffs, 11780 upgd conss, 15013 impls, 0 clqs
   (0.4s) probing: 76/314 (24.2%) - 17 fixings, 0 aggregations, 3233 implications, 3 bound changes
   (0.4s) probing aborted: 50/50 successive totally useless probings
   (0.4s) symmetry computation started: requiring (bin +, int +, cont +), (fixed: bin -, int -, cont -)
   (0.4s) no symmetry present (symcode time: 0.03)
presolving (6 rounds: 6 fast, 4 medium, 4 exhaustive):
 311 deleted vars, 605 deleted constraints, 0 added constraints, 40 tightened bounds, 0 added holes, 0 changed sides, 0 changed coefficients
 15013 implications, 0 cliques
presolved problem has 12097 variables (297 bin, 0 int, 0 impl, 11800 cont) and 12897 constraints
  11763 constraints of type <varbound>
   1114 constraints of type <linear>
     20 constraints of type <nonlinear>
Presolving Time: 0.41

 time | node  | left  |LP iter|LP it/n|mem/heur|mdpt |vars |cons |rows |cuts |sepa|confs|strbr|  dualbound   | primalbound  |  gap   | compl. 
t 2.8s|     1 |     0 |  7787 |     - |  trysol|   0 |  12k|  12k|  12k|   0 |  0 |   0 |   0 |-1.180441e+05 | 1.321679e+06 |    Inf | unknown
 34.5s|     1 |     0 | 33482 |     - |   107M |   0 |  12k|  12k|  12k|   0 |  0 |   0 |   0 |-6.379202e+04 | 1.321679e+06 |    Inf | unknown
t64.9s|     1 |     0 | 55561 |     - |  trysol|   0 |  12k|  12k|  12k|   0 |  0 |   0 |   0 |-6.379202e+04 | 3.048370e+05 |    Inf | unknown
 79.2s|     1 |     0 | 66594 |     - |   111M |   0 |  12k|  12k|  12k|  17 |  1 |   0 |   0 |-5.488197e+04 | 3.048370e+05 |    Inf | unknown
t80.5s|     1 |     0 | 66594 |     - |  trysol|   0 |  12k|  12k|  12k|  17 |  1 |   0 |   0 |-5.488197e+04 | 2.875074e+05 |    Inf | unknown
 80.5s|     1 |     0 | 66594 |     - |   111M |   0 |  12k|  12k|  12k|  17 |  1 |   0 |   0 |-5.488197e+04 | 2.875074e+05 |    Inf | unknown
  111s|     1 |     0 | 84478 |     - |   113M |   0 |  12k|  12k|  13k|  30 |  2 |   0 |   0 |-4.841278e+04 | 2.875074e+05 |    Inf | unknown
  116s|     1 |     0 | 88028 |     - |   115M |   0 |  12k|  12k|  13k|  48 |  3 |   0 |   0 |-4.780531e+04 | 2.875074e+05 |    Inf | unknown
  119s|     1 |     0 | 90016 |     - |   116M |   0 |  12k|  12k|  13k|  64 |  4 |   0 |   0 |-4.748858e+04 | 2.875074e+05 |    Inf | unknown
  120s|     1 |     0 | 90900 |     - |   118M |   0 |  12k|  12k|  13k|  79 |  5 |   0 |   0 |-4.741370e+04 | 2.875074e+05 |    Inf | unknown
  122s|     1 |     0 | 91795 |     - |   119M |   0 |  12k|  12k|  13k|  91 |  6 |   0 |   0 |-4.738332e+04 | 2.875074e+05 |    Inf | unknown
  123s|     1 |     0 | 92433 |     - |   120M |   0 |  12k|  12k|  13k| 102 |  7 |   0 |   0 |-4.737681e+04 | 2.875074e+05 |    Inf | unknown
  124s|     1 |     0 | 92848 |     - |   121M |   0 |  12k|  12k|  13k| 113 |  8 |   0 |   0 |-4.737291e+04 | 2.875074e+05 |    Inf | unknown
  125s|     1 |     0 | 93104 |     - |   123M |   0 |  12k|  12k|  13k| 123 |  9 |   0 |   0 |-4.737140e+04 | 2.875074e+05 |    Inf | unknown
  126s|     1 |     0 | 93273 |     - |   124M |   0 |  12k|  12k|  13k| 130 | 10 |   0 |   0 |-4.736827e+04 | 2.875074e+05 |    Inf | unknown
 time | node  | left  |LP iter|LP it/n|mem/heur|mdpt |vars |cons |rows |cuts |sepa|confs|strbr|  dualbound   | primalbound  |  gap   | compl. 
  126s|     1 |     0 | 93380 |     - |   125M |   0 |  12k|  12k|  13k| 140 | 11 |   0 |   0 |-4.736764e+04 | 2.875074e+05 |    Inf | unknown
  127s|     1 |     0 | 93507 |     - |   127M |   0 |  12k|  12k|  13k| 150 | 12 |   0 |   0 |-4.736713e+04 | 2.875074e+05 |    Inf | unknown
  127s|     1 |     0 | 93588 |     - |   128M |   0 |  12k|  12k|  13k| 159 | 13 |   0 |   0 |-4.736704e+04 | 2.875074e+05 |    Inf | unknown
  128s|     1 |     0 | 93655 |     - |   129M |   0 |  12k|  12k|  13k| 167 | 14 |   0 |   0 |-4.736700e+04 | 2.875074e+05 |    Inf | unknown
  128s|     1 |     0 | 93730 |     - |   129M |   0 |  12k|  12k|  13k| 173 | 15 |   0 |   0 |-4.736683e+04 | 2.875074e+05 |    Inf | unknown
  129s|     1 |     0 | 94055 |     - |   131M |   0 |  12k|  12k|  13k| 180 | 16 |   0 |   0 |-4.736528e+04 | 2.875074e+05 |    Inf | unknown
  130s|     1 |     0 | 94256 |     - |   132M |   0 |  12k|  12k|  13k| 187 | 17 |   0 |   0 |-4.736395e+04 | 2.875074e+05 |    Inf | unknown
  266s|     1 |     0 |171658 |     - |   133M |   0 |  12k|  12k|  13k| 187 | 17 |   0 |   0 |-3.841574e+04 | 2.875074e+05 |    Inf | unknown
  277s|     1 |     0 |181854 |     - |   134M |   0 |  12k|  12k|  13k| 194 | 18 |   0 |   0 |-3.737902e+04 | 2.875074e+05 |    Inf | unknown
r 279s|     1 |     0 |181854 |     - |simplero|   0 |  12k|  12k|  13k| 194 | 18 |   0 |   0 |-3.737902e+04 | 2.589513e+05 |    Inf | unknown
  285s|     1 |     0 |186512 |     - |   137M |   0 |  12k|  12k|  13k| 209 | 19 |   0 |   0 |-3.665354e+04 | 2.589513e+05 |    Inf | unknown
  285s|     1 |     0 |186512 |     - |   137M |   0 |  12k|  12k|  13k| 209 | 19 |   0 |   0 |-3.665354e+04 | 2.589513e+05 |    Inf | unknown
  289s|     1 |     0 |189717 |     - |   140M |   0 |  12k|  12k|  13k| 224 | 20 |   0 |   0 |-3.617311e+04 | 2.589513e+05 |    Inf | unknown
  291s|     1 |     0 |190460 |     - |   140M |   0 |  12k|  12k|  13k| 236 | 21 |   0 |   0 |-3.604096e+04 | 2.589513e+05 |    Inf | unknown
  292s|     1 |     0 |191667 |     - |   140M |   0 |  12k|  12k|  13k| 247 | 22 |   0 |   0 |-3.599267e+04 | 2.589513e+05 |    Inf | unknown
 time | node  | left  |LP iter|LP it/n|mem/heur|mdpt |vars |cons |rows |cuts |sepa|confs|strbr|  dualbound   | primalbound  |  gap   | compl. 
  294s|     1 |     0 |192280 |     - |   140M |   0 |  12k|  12k|  13k| 258 | 23 |   0 |   0 |-3.598316e+04 | 2.589513e+05 |    Inf | unknown
  294s|     1 |     0 |192606 |     - |   140M |   0 |  12k|  12k|  13k| 266 | 24 |   0 |   0 |-3.598137e+04 | 2.589513e+05 |    Inf | unknown
  295s|     1 |     0 |192797 |     - |   140M |   0 |  12k|  12k|  13k| 274 | 25 |   0 |   0 |-3.598039e+04 | 2.589513e+05 |    Inf | unknown
  296s|     1 |     0 |193385 |     - |   140M |   0 |  12k|  12k|  13k| 281 | 26 |   0 |   0 |-3.597588e+04 | 2.589513e+05 |    Inf | unknown
  297s|     1 |     0 |193527 |     - |   140M |   0 |  12k|  12k|  13k| 288 | 27 |   0 |   0 |-3.597576e+04 | 2.589513e+05 |    Inf | unknown
  297s|     1 |     0 |193659 |     - |   140M |   0 |  12k|  12k|  13k| 295 | 28 |   0 |   0 |-3.597540e+04 | 2.589513e+05 |    Inf | unknown
  298s|     1 |     0 |193915 |     - |   141M |   0 |  12k|  12k|  13k| 301 | 29 |   0 |   0 |-3.597484e+04 | 2.589513e+05 |    Inf | unknown
  299s|     1 |     0 |194032 |     - |   141M |   0 |  12k|  12k|  13k| 310 | 30 |   0 |   0 |-3.597475e+04 | 2.589513e+05 |    Inf | unknown
  299s|     1 |     0 |194146 |     - |   141M |   0 |  12k|  12k|  13k| 316 | 31 |   0 |   0 |-3.597463e+04 | 2.589513e+05 |    Inf | unknown
  299s|     1 |     0 |194219 |     - |   141M |   0 |  12k|  12k|  13k| 321 | 32 |   0 |   0 |-3.597453e+04 | 2.589513e+05 |    Inf | unknown
  300s|     1 |     0 |194468 |     - |   141M |   0 |  12k|  12k|  13k| 327 | 33 |   0 |   0 |-3.597289e+04 | 2.589513e+05 |    Inf | unknown
  300s|     1 |     0 |194550 |     - |   141M |   0 |  12k|  12k|  13k| 332 | 34 |   0 |   0 |-3.597281e+04 | 2.589513e+05 |    Inf | unknown
  300s|     1 |     0 |194556 |     - |   141M |   0 |  12k|  12k|  13k| 336 | 35 |   0 |   0 |-3.597281e+04 | 2.589513e+05 |    Inf | unknown
  301s|     1 |     0 |194559 |     - |   141M |   0 |  12k|  12k|  13k| 339 | 36 |   0 |   0 |-3.597281e+04 | 2.589513e+05 |    Inf | unknown
L 839s|     1 |     0 |393262 |     - |    rens|   0 |  12k|  12k|  13k| 339 | 36 |   0 |   0 |-3.597281e+04 | 1.310895e+05 |    Inf | unknown
 time | node  | left  |LP iter|LP it/n|mem/heur|mdpt |vars |cons |rows |cuts |sepa|confs|strbr|  dualbound   | primalbound  |  gap   | compl. 
  894s|     1 |     0 |393262 |     - |   147M |   0 |  12k|  12k|  13k| 339 | 36 |   0 |   0 |-3.597281e+04 | 1.310895e+05 |    Inf | unknown
  894s|     1 |     0 |393263 |     - |   147M |   0 |  12k|  12k|  13k| 340 | 37 |   0 |   0 |-3.597281e+04 | 1.310895e+05 |    Inf | unknown
  937s|     1 |     2 |393263 |     - |   147M |   0 |  12k|  12k|  13k| 340 | 38 |   0 |  30 |-3.588257e+04 | 1.310895e+05 |    Inf | unknown

SCIP Status        : solving was interrupted [time limit reached]
Solving Time (sec) : 3600.00
Solving Nodes      : 2
Primal Bound       : +1.31089467677909e+05 (7 solutions)
Dual Bound         : -3.58825660969792e+04
Gap                : infinite
primal_bound = 131089.46767790892, dual_bound = -35882.56609697917, gap = 127.37257747139823, time = 3603.2
