solving instance transportation 20 4 sinabc3
Couenne 0.5.8 -- an Open-Source solver for Mixed Integer Nonlinear Optimization
Mailing list: couenne@list.coin-or.org
Instructions: http://www.coin-or.org/Couenne
couenne: 
ANALYSIS TEST: Reformulating problem: 0.4 seconds
NLP0012I 
              Num      Status      Obj             It       time                 Location
NLP0014I             1         OPT 130.64506      312 4.864208
NLP0014I             2         OPT 189.47064      386 5.494594
Couenne: new cutoff value 1.8947064320e+02 (24.3551 seconds)
Loaded instance "/tmp/jl_Zq67sz/model.nl"
Constraints:          840
Variables:           1200 (400 integer)
Auxiliaries:         1583 (0 integer)

Coin0506I Presolve 4831 (-791) rows, 1991 (-792) columns and 11181 (-1583) elements
Clp0006I 0  Obj 0 Primal inf 4229.7419 (820)
Clp0006I 171  Obj 3.5180053e-14 Primal inf 5461.3688 (914)
Clp0006I 342  Obj 1.5361605e-14 Primal inf 2398.3185 (870)
Clp0006I 513  Obj 1.4442939e-14 Primal inf 1771.1748 (811)
Clp0006I 684  Obj 1.5121866e-13 Primal inf 1711.8129 (745)
Clp0006I 855  Obj 1.9887493e-12 Primal inf 4692.4314 (603)
Clp0006I 1026  Obj 6.5992267e-08 Primal inf 2607.5405 (533)
Clp0006I 1197  Obj 5.073809e-06 Primal inf 1598.6579 (314)
Clp0006I 1368  Obj 4.4639402e-05 Primal inf 5369.1114 (195)
Clp0006I 1539  Obj 0.00013866698 Primal inf 368.33794 (71)
Clp0006I 1710  Obj 0.61421655
Clp0000I Optimal - objective value 0.61413325
Clp0032I Optimal objective 0.6141332454 - 1710 iterations time 0.192, Presolve 0.03
Clp0000I Optimal - objective value 0.61413325
NLP Heuristic: time limit reached.
Clp0000I Optimal - objective value 0.61413325
Optimality Based BT: 0 improved bounds
Probing: 0 improved bounds
NLP Heuristic: time limit reached.
Cbc0031I 747 added rows had average density of 2
Cbc0013I At root node, 747 cuts changed objective from 0.61413325 to 26.051938 in 20 passes
Cbc0014I Cut generator 0 (Couenne convexifier cuts) - 6613 row cuts average 2.0 elements, 324 column cuts (978 active)
Cbc0010I After 0 nodes, 1 on tree, 1e+50 best solution, best possible -1.7976931e+308 (35.30 seconds)
Optimality Based BT: 0 improved bounds
Optimality Based BT: 1 improved bounds
Optimality Based BT: 0 improved bounds
Optimality Based BT: 5 improved bounds
Optimality Based BT: 0 improved bounds
Optimality Based BT: 0 improved bounds
Optimality Based BT: 0 improved bounds
Cbc0010I After 100 nodes, 50 on tree, 1e+50 best solution, best possible 26.115312 (411.52 seconds)
Cbc0010I After 200 nodes, 100 on tree, 1e+50 best solution, best possible 26.2579 (423.34 seconds)
Cbc0010I After 300 nodes, 150 on tree, 1e+50 best solution, best possible 26.2579 (436.12 seconds)
Cbc0010I After 400 nodes, 200 on tree, 1e+50 best solution, best possible 26.2579 (449.64 seconds)
Cbc0010I After 500 nodes, 250 on tree, 1e+50 best solution, best possible 26.2579 (465.36 seconds)
Cbc0010I After 600 nodes, 300 on tree, 1e+50 best solution, best possible 26.2579 (481.34 seconds)
Cbc0010I After 700 nodes, 350 on tree, 1e+50 best solution, best possible 26.2579 (497.71 seconds)
Cbc0010I After 800 nodes, 400 on tree, 1e+50 best solution, best possible 26.2579 (514.97 seconds)
Cbc0010I After 900 nodes, 450 on tree, 1e+50 best solution, best possible 26.2579 (532.55 seconds)
Cbc0010I After 1000 nodes, 500 on tree, 1e+50 best solution, best possible 26.2579 (551.87 seconds)
Cbc0010I After 1100 nodes, 550 on tree, 1e+50 best solution, best possible 26.2579 (571.11 seconds)
Cbc0010I After 1200 nodes, 600 on tree, 1e+50 best solution, best possible 26.2579 (590.00 seconds)
Cbc0010I After 1300 nodes, 650 on tree, 1e+50 best solution, best possible 26.2579 (611.08 seconds)
Cbc0010I After 1400 nodes, 700 on tree, 1e+50 best solution, best possible 26.2579 (630.96 seconds)
Cbc0010I After 1500 nodes, 750 on tree, 1e+50 best solution, best possible 26.2579 (652.16 seconds)
Cbc0010I After 1600 nodes, 800 on tree, 1e+50 best solution, best possible 26.2579 (673.58 seconds)
Cbc0010I After 1700 nodes, 850 on tree, 1e+50 best solution, best possible 26.2579 (695.28 seconds)
Cbc0010I After 1800 nodes, 891 on tree, 1e+50 best solution, best possible 26.282484 (714.68 seconds)
Cbc0010I After 1900 nodes, 941 on tree, 1e+50 best solution, best possible 26.301137 (726.51 seconds)
Cbc0010I After 2000 nodes, 991 on tree, 1e+50 best solution, best possible 26.301137 (739.58 seconds)
Cbc0010I After 2100 nodes, 1041 on tree, 1e+50 best solution, best possible 26.301137 (752.67 seconds)
Cbc0010I After 2200 nodes, 1091 on tree, 1e+50 best solution, best possible 26.301137 (767.58 seconds)
Cbc0010I After 2300 nodes, 1141 on tree, 1e+50 best solution, best possible 26.301137 (783.52 seconds)
Cbc0010I After 2400 nodes, 1191 on tree, 1e+50 best solution, best possible 26.301137 (800.66 seconds)
Cbc0010I After 2500 nodes, 1241 on tree, 1e+50 best solution, best possible 26.301137 (818.37 seconds)
Cbc0010I After 2600 nodes, 1291 on tree, 1e+50 best solution, best possible 26.301137 (837.14 seconds)
Cbc0010I After 2700 nodes, 1341 on tree, 1e+50 best solution, best possible 26.301137 (854.44 seconds)
Cbc0010I After 2800 nodes, 1391 on tree, 1e+50 best solution, best possible 26.301137 (871.74 seconds)
Cbc0010I After 2900 nodes, 1441 on tree, 1e+50 best solution, best possible 26.301137 (890.88 seconds)
Cbc0010I After 3000 nodes, 1491 on tree, 1e+50 best solution, best possible 26.301137 (910.85 seconds)
Cbc0010I After 3100 nodes, 1541 on tree, 1e+50 best solution, best possible 26.301137 (932.54 seconds)
Cbc0010I After 3200 nodes, 1591 on tree, 1e+50 best solution, best possible 26.301137 (953.35 seconds)
Cbc0010I After 3300 nodes, 1641 on tree, 1e+50 best solution, best possible 26.301137 (975.07 seconds)
Cbc0010I After 3400 nodes, 1689 on tree, 1e+50 best solution, best possible 26.301137 (997.59 seconds)
Cbc0010I After 3500 nodes, 1736 on tree, 1e+50 best solution, best possible 26.339171 (1009.80 seconds)
Cbc0010I After 3600 nodes, 1786 on tree, 1e+50 best solution, best possible 26.339171 (1022.62 seconds)
Cbc0010I After 3700 nodes, 1836 on tree, 1e+50 best solution, best possible 26.339171 (1035.80 seconds)
Cbc0010I After 3800 nodes, 1886 on tree, 1e+50 best solution, best possible 26.339171 (1049.65 seconds)
Cbc0010I After 3900 nodes, 1936 on tree, 1e+50 best solution, best possible 26.339171 (1065.19 seconds)
Cbc0010I After 4000 nodes, 1986 on tree, 1e+50 best solution, best possible 26.339171 (1081.56 seconds)
Cbc0010I After 4100 nodes, 2036 on tree, 1e+50 best solution, best possible 26.339171 (1099.18 seconds)
Cbc0010I After 4200 nodes, 2086 on tree, 1e+50 best solution, best possible 26.339171 (1117.77 seconds)
Cbc0010I After 4300 nodes, 2136 on tree, 1e+50 best solution, best possible 26.339171 (1137.71 seconds)
Cbc0010I After 4400 nodes, 2186 on tree, 1e+50 best solution, best possible 26.339171 (1156.86 seconds)
Cbc0010I After 4500 nodes, 2236 on tree, 1e+50 best solution, best possible 26.339171 (1176.20 seconds)
Cbc0010I After 4600 nodes, 2286 on tree, 1e+50 best solution, best possible 26.339171 (1195.21 seconds)
Cbc0010I After 4700 nodes, 2336 on tree, 1e+50 best solution, best possible 26.339171 (1215.03 seconds)
Cbc0010I After 4800 nodes, 2386 on tree, 1e+50 best solution, best possible 26.339171 (1236.53 seconds)
Cbc0010I After 4900 nodes, 2436 on tree, 1e+50 best solution, best possible 26.339171 (1258.26 seconds)
Cbc0010I After 5000 nodes, 2486 on tree, 1e+50 best solution, best possible 26.339171 (1279.09 seconds)
Cbc0010I After 5100 nodes, 2532 on tree, 1e+50 best solution, best possible 26.370432 (1297.79 seconds)
Cbc0010I After 5200 nodes, 2582 on tree, 1e+50 best solution, best possible 26.402064 (1310.64 seconds)
Cbc0010I After 5300 nodes, 2632 on tree, 1e+50 best solution, best possible 26.402064 (1324.02 seconds)
Cbc0010I After 5400 nodes, 2682 on tree, 1e+50 best solution, best possible 26.402064 (1338.21 seconds)
Cbc0010I After 5500 nodes, 2732 on tree, 1e+50 best solution, best possible 26.402064 (1353.10 seconds)
Cbc0010I After 5600 nodes, 2782 on tree, 1e+50 best solution, best possible 26.402064 (1370.03 seconds)
Cbc0010I After 5700 nodes, 2832 on tree, 1e+50 best solution, best possible 26.402064 (1387.64 seconds)
Cbc0010I After 5800 nodes, 2882 on tree, 1e+50 best solution, best possible 26.402064 (1406.05 seconds)
Cbc0010I After 5900 nodes, 2932 on tree, 1e+50 best solution, best possible 26.402064 (1424.18 seconds)
Cbc0010I After 6000 nodes, 2982 on tree, 1e+50 best solution, best possible 26.402064 (1442.82 seconds)
Cbc0010I After 6100 nodes, 3032 on tree, 1e+50 best solution, best possible 26.402064 (1461.58 seconds)
Cbc0010I After 6200 nodes, 3082 on tree, 1e+50 best solution, best possible 26.402064 (1480.32 seconds)
Cbc0010I After 6300 nodes, 3132 on tree, 1e+50 best solution, best possible 26.402064 (1502.03 seconds)
Cbc0010I After 6400 nodes, 3182 on tree, 1e+50 best solution, best possible 26.402064 (1523.71 seconds)
Cbc0010I After 6500 nodes, 3232 on tree, 1e+50 best solution, best possible 26.402064 (1545.94 seconds)
Cbc0010I After 6600 nodes, 3282 on tree, 1e+50 best solution, best possible 26.402064 (1568.39 seconds)
Cbc0010I After 6700 nodes, 3325 on tree, 1e+50 best solution, best possible 26.461221 (1586.20 seconds)
Cbc0010I After 6800 nodes, 3375 on tree, 1e+50 best solution, best possible 26.461221 (1598.37 seconds)
Cbc0010I After 6900 nodes, 3425 on tree, 1e+50 best solution, best possible 26.461221 (1611.40 seconds)
Cbc0010I After 7000 nodes, 3475 on tree, 1e+50 best solution, best possible 26.461221 (1626.45 seconds)
Cbc0010I After 7100 nodes, 3525 on tree, 1e+50 best solution, best possible 26.461221 (1640.20 seconds)
Cbc0010I After 7200 nodes, 3575 on tree, 1e+50 best solution, best possible 26.461221 (1656.08 seconds)
Cbc0010I After 7300 nodes, 3625 on tree, 1e+50 best solution, best possible 26.461221 (1671.46 seconds)
Cbc0010I After 7400 nodes, 3675 on tree, 1e+50 best solution, best possible 26.461221 (1688.24 seconds)
Cbc0010I After 7500 nodes, 3725 on tree, 1e+50 best solution, best possible 26.461221 (1705.76 seconds)
Cbc0010I After 7600 nodes, 3775 on tree, 1e+50 best solution, best possible 26.461221 (1723.72 seconds)
Cbc0010I After 7700 nodes, 3825 on tree, 1e+50 best solution, best possible 26.461221 (1742.04 seconds)
Cbc0010I After 7800 nodes, 3875 on tree, 1e+50 best solution, best possible 26.461221 (1759.97 seconds)
Cbc0010I After 7900 nodes, 3925 on tree, 1e+50 best solution, best possible 26.461221 (1778.69 seconds)
Cbc0010I After 8000 nodes, 3975 on tree, 1e+50 best solution, best possible 26.461221 (1800.42 seconds)
Cbc0010I After 8100 nodes, 4025 on tree, 1e+50 best solution, best possible 26.461221 (1822.03 seconds)
Cbc0010I After 8200 nodes, 4075 on tree, 1e+50 best solution, best possible 26.461221 (1844.04 seconds)
Cbc0010I After 8300 nodes, 4125 on tree, 1e+50 best solution, best possible 26.461221 (1865.12 seconds)
Cbc0010I After 8400 nodes, 4175 on tree, 1e+50 best solution, best possible 26.461221 (1886.21 seconds)
Cbc0010I After 8500 nodes, 4218 on tree, 1e+50 best solution, best possible 26.477963 (1899.76 seconds)
Cbc0010I After 8600 nodes, 4268 on tree, 1e+50 best solution, best possible 26.477963 (1913.27 seconds)
Cbc0010I After 8700 nodes, 4318 on tree, 1e+50 best solution, best possible 26.477963 (1926.44 seconds)
Cbc0010I After 8800 nodes, 4368 on tree, 1e+50 best solution, best possible 26.477963 (1941.44 seconds)
Cbc0010I After 8900 nodes, 4418 on tree, 1e+50 best solution, best possible 26.477963 (1957.26 seconds)
Cbc0010I After 9000 nodes, 4468 on tree, 1e+50 best solution, best possible 26.477963 (1974.40 seconds)
Cbc0010I After 9100 nodes, 4518 on tree, 1e+50 best solution, best possible 26.477963 (1992.53 seconds)
Cbc0010I After 9200 nodes, 4568 on tree, 1e+50 best solution, best possible 26.477963 (2011.87 seconds)
Cbc0010I After 9300 nodes, 4618 on tree, 1e+50 best solution, best possible 26.477963 (2031.59 seconds)
Cbc0010I After 9400 nodes, 4668 on tree, 1e+50 best solution, best possible 26.477963 (2050.52 seconds)
Cbc0010I After 9500 nodes, 4718 on tree, 1e+50 best solution, best possible 26.477963 (2071.21 seconds)
Cbc0010I After 9600 nodes, 4768 on tree, 1e+50 best solution, best possible 26.477963 (2091.15 seconds)
Cbc0010I After 9700 nodes, 4818 on tree, 1e+50 best solution, best possible 26.477963 (2112.16 seconds)
Cbc0010I After 9800 nodes, 4868 on tree, 1e+50 best solution, best possible 26.477963 (2134.25 seconds)
Cbc0010I After 9900 nodes, 4918 on tree, 1e+50 best solution, best possible 26.477963 (2156.62 seconds)
Cbc0010I After 10000 nodes, 4968 on tree, 1e+50 best solution, best possible 26.477963 (2178.84 seconds)
Cbc0010I After 10100 nodes, 5013 on tree, 1e+50 best solution, best possible 26.484987 (2194.53 seconds)
Cbc0010I After 10200 nodes, 5063 on tree, 1e+50 best solution, best possible 26.484987 (2207.95 seconds)
Cbc0010I After 10300 nodes, 5113 on tree, 1e+50 best solution, best possible 26.484987 (2221.41 seconds)
Cbc0010I After 10400 nodes, 5163 on tree, 1e+50 best solution, best possible 26.484987 (2236.43 seconds)
Cbc0010I After 10500 nodes, 5213 on tree, 1e+50 best solution, best possible 26.484987 (2252.07 seconds)
Cbc0010I After 10600 nodes, 5263 on tree, 1e+50 best solution, best possible 26.484987 (2269.82 seconds)
Cbc0010I After 10700 nodes, 5313 on tree, 1e+50 best solution, best possible 26.484987 (2288.20 seconds)
Cbc0010I After 10800 nodes, 5363 on tree, 1e+50 best solution, best possible 26.484987 (2306.38 seconds)
Cbc0010I After 10900 nodes, 5413 on tree, 1e+50 best solution, best possible 26.484987 (2325.47 seconds)
Cbc0010I After 11000 nodes, 5463 on tree, 1e+50 best solution, best possible 26.484987 (2344.98 seconds)
Cbc0010I After 11100 nodes, 5513 on tree, 1e+50 best solution, best possible 26.484987 (2364.46 seconds)
Cbc0010I After 11200 nodes, 5563 on tree, 1e+50 best solution, best possible 26.484987 (2383.66 seconds)
Cbc0010I After 11300 nodes, 5613 on tree, 1e+50 best solution, best possible 26.484987 (2404.36 seconds)
Cbc0010I After 11400 nodes, 5663 on tree, 1e+50 best solution, best possible 26.484987 (2425.33 seconds)
Cbc0010I After 11500 nodes, 5713 on tree, 1e+50 best solution, best possible 26.484987 (2447.36 seconds)
Cbc0010I After 11600 nodes, 5763 on tree, 1e+50 best solution, best possible 26.484987 (2469.35 seconds)
Cbc0010I After 11700 nodes, 5807 on tree, 1e+50 best solution, best possible 26.498657 (2496.92 seconds)
Cbc0010I After 11800 nodes, 5857 on tree, 1e+50 best solution, best possible 26.498657 (2508.83 seconds)
Cbc0010I After 11900 nodes, 5907 on tree, 1e+50 best solution, best possible 26.498657 (2521.56 seconds)
Cbc0010I After 12000 nodes, 5957 on tree, 1e+50 best solution, best possible 26.498657 (2535.66 seconds)
Cbc0010I After 12100 nodes, 6007 on tree, 1e+50 best solution, best possible 26.498657 (2550.94 seconds)
Cbc0010I After 12200 nodes, 6057 on tree, 1e+50 best solution, best possible 26.498657 (2566.20 seconds)
Cbc0010I After 12300 nodes, 6107 on tree, 1e+50 best solution, best possible 26.498657 (2582.83 seconds)
Cbc0010I After 12400 nodes, 6157 on tree, 1e+50 best solution, best possible 26.498657 (2600.65 seconds)
Cbc0010I After 12500 nodes, 6207 on tree, 1e+50 best solution, best possible 26.498657 (2618.92 seconds)
Cbc0010I After 12600 nodes, 6257 on tree, 1e+50 best solution, best possible 26.498657 (2637.01 seconds)
Cbc0010I After 12700 nodes, 6307 on tree, 1e+50 best solution, best possible 26.498657 (2656.72 seconds)
Cbc0010I After 12800 nodes, 6357 on tree, 1e+50 best solution, best possible 26.498657 (2677.36 seconds)
Cbc0010I After 12900 nodes, 6407 on tree, 1e+50 best solution, best possible 26.498657 (2696.68 seconds)
Cbc0010I After 13000 nodes, 6457 on tree, 1e+50 best solution, best possible 26.498657 (2717.01 seconds)
Cbc0010I After 13100 nodes, 6507 on tree, 1e+50 best solution, best possible 26.498657 (2738.52 seconds)
Cbc0010I After 13200 nodes, 6557 on tree, 1e+50 best solution, best possible 26.498657 (2759.96 seconds)
Cbc0010I After 13300 nodes, 6607 on tree, 1e+50 best solution, best possible 26.498657 (2780.85 seconds)
Optimality Based BT: 7 improved bounds
Cbc0010I After 13400 nodes, 6650 on tree, 1e+50 best solution, best possible 26.501772 (2889.63 seconds)
Cbc0010I After 13500 nodes, 6700 on tree, 1e+50 best solution, best possible 26.501772 (2901.45 seconds)
Cbc0010I After 13600 nodes, 6750 on tree, 1e+50 best solution, best possible 26.501772 (2914.33 seconds)
Cbc0010I After 13700 nodes, 6800 on tree, 1e+50 best solution, best possible 26.501772 (2927.54 seconds)
Cbc0010I After 13800 nodes, 6850 on tree, 1e+50 best solution, best possible 26.501772 (2942.07 seconds)
Cbc0010I After 13900 nodes, 6900 on tree, 1e+50 best solution, best possible 26.501772 (2957.48 seconds)
Cbc0010I After 14000 nodes, 6950 on tree, 1e+50 best solution, best possible 26.501772 (2974.17 seconds)
Cbc0010I After 14100 nodes, 7000 on tree, 1e+50 best solution, best possible 26.501772 (2992.70 seconds)
Cbc0010I After 14200 nodes, 7050 on tree, 1e+50 best solution, best possible 26.501772 (3011.06 seconds)
Cbc0010I After 14300 nodes, 7100 on tree, 1e+50 best solution, best possible 26.501772 (3029.60 seconds)
Cbc0010I After 14400 nodes, 7150 on tree, 1e+50 best solution, best possible 26.501772 (3046.87 seconds)
Cbc0010I After 14500 nodes, 7200 on tree, 1e+50 best solution, best possible 26.501772 (3064.34 seconds)
Cbc0010I After 14600 nodes, 7250 on tree, 1e+50 best solution, best possible 26.501772 (3081.30 seconds)
Cbc0010I After 14700 nodes, 7300 on tree, 1e+50 best solution, best possible 26.501772 (3100.87 seconds)
Cbc0010I After 14800 nodes, 7350 on tree, 1e+50 best solution, best possible 26.501772 (3122.12 seconds)
Cbc0010I After 14900 nodes, 7400 on tree, 1e+50 best solution, best possible 26.501772 (3143.75 seconds)
Cbc0010I After 15000 nodes, 7450 on tree, 1e+50 best solution, best possible 26.501772 (3164.17 seconds)
Cbc0010I After 15100 nodes, 7500 on tree, 1e+50 best solution, best possible 26.501772 (3183.87 seconds)
Cbc0010I After 15200 nodes, 7539 on tree, 1e+50 best solution, best possible 26.514666 (3197.15 seconds)
Cbc0010I After 15300 nodes, 7589 on tree, 1e+50 best solution, best possible 26.514666 (3209.31 seconds)
Cbc0010I After 15400 nodes, 7639 on tree, 1e+50 best solution, best possible 26.514666 (3222.81 seconds)
Cbc0010I After 15500 nodes, 7689 on tree, 1e+50 best solution, best possible 26.514666 (3237.06 seconds)
Cbc0010I After 15600 nodes, 7739 on tree, 1e+50 best solution, best possible 26.514666 (3252.61 seconds)
Cbc0010I After 15700 nodes, 7789 on tree, 1e+50 best solution, best possible 26.514666 (3269.59 seconds)
Cbc0010I After 15800 nodes, 7839 on tree, 1e+50 best solution, best possible 26.514666 (3287.61 seconds)
Cbc0010I After 15900 nodes, 7889 on tree, 1e+50 best solution, best possible 26.514666 (3306.28 seconds)
Cbc0010I After 16000 nodes, 7939 on tree, 1e+50 best solution, best possible 26.514666 (3325.60 seconds)
Cbc0010I After 16100 nodes, 7989 on tree, 1e+50 best solution, best possible 26.514666 (3345.50 seconds)
Cbc0010I After 16200 nodes, 8039 on tree, 1e+50 best solution, best possible 26.514666 (3364.25 seconds)
Cbc0010I After 16300 nodes, 8089 on tree, 1e+50 best solution, best possible 26.514666 (3382.51 seconds)
Cbc0010I After 16400 nodes, 8139 on tree, 1e+50 best solution, best possible 26.514666 (3403.70 seconds)
Cbc0010I After 16500 nodes, 8189 on tree, 1e+50 best solution, best possible 26.514666 (3424.99 seconds)
Cbc0010I After 16600 nodes, 8239 on tree, 1e+50 best solution, best possible 26.514666 (3446.18 seconds)
Cbc0010I After 16700 nodes, 8289 on tree, 1e+50 best solution, best possible 26.514666 (3467.47 seconds)
Cbc0010I After 16800 nodes, 8338 on tree, 1e+50 best solution, best possible 26.514666 (3489.16 seconds)
Cbc0010I After 16900 nodes, 8383 on tree, 1e+50 best solution, best possible 26.535646 (3501.70 seconds)
Cbc0010I After 17000 nodes, 8433 on tree, 1e+50 best solution, best possible 26.535646 (3515.07 seconds)
Cbc0010I After 17100 nodes, 8483 on tree, 1e+50 best solution, best possible 26.535646 (3528.77 seconds)
Cbc0010I After 17200 nodes, 8533 on tree, 1e+50 best solution, best possible 26.535646 (3542.26 seconds)
Cbc0010I After 17300 nodes, 8583 on tree, 1e+50 best solution, best possible 26.535646 (3556.16 seconds)
slurmstepd: error: *** JOB 1884490 ON optimum04 CANCELLED AT 2025-01-12T15:58:47 DUE TO TIME LIMIT ***
