solving instance mcf arcs c100_400_30_F_T_10 3 6 pardivexp
Set parameter TokenServer to value "licences.gerad.lan"
Set parameter MIPGap to value 1e-06
Set parameter FuncPieceError to value 1e-06
Set parameter Threads to value 1
Set parameter FuncPieces to value -2
Set parameter TimeLimit to value 3600
Gurobi Optimizer version 12.0.2 build v12.0.2rc0 (linux64 - "AlmaLinux 9.6 (Sage Margay)")

CPU model: Intel(R) Xeon(R) Gold 6258R CPU @ 2.70GHz, instruction set [SSE2|AVX|AVX2|AVX512]
Thread count: 56 physical cores, 56 logical processors, using up to 1 threads

Non-default parameters:
TimeLimit  3600
MIPGap  1e-06
Threads  1
FuncPieces  -2
FuncPieceError  1e-06

Optimize a model with 5200 rows, 15000 columns and 52300 nonzeros
Model fingerprint: 0xa98fbf8e
Model has 800 function constraints treated as nonlinear
  400 EXP, 400 POW
Variable types: 14500 continuous, 500 integer (500 binary)
Coefficient statistics:
  Matrix range     [1e-02, 2e+04]
  Objective range  [1e+00, 1e+00]
  Bounds range     [3e+00, 1e+10]
  RHS range        [1e-01, 4e+01]
Warning: Model contains large bounds
         Consider reformulating model or setting NumericFocus parameter
         to avoid numerical issues.
Presolve removed 950 rows and 1061 columns
Presolve time: 0.10s
Presolved: 7850 rows, 13940 columns, 45598 nonzeros
Presolved model has 400 bilinear constraint(s)
Presolved model has 400 nonlinear constraint(s)

Solving non-convex MINLP

Variable types: 13550 continuous, 390 integer (390 binary)

Root simplex log...

Iteration    Objective       Primal Inf.    Dual Inf.      Time
   20359    3.8645694e+02   3.274869e+05   0.000000e+00      5s
   32041    5.3942120e+02   8.300404e+03   0.000000e+00     10s
   35041    5.4253683e+02   0.000000e+00   0.000000e+00     12s

Root relaxation: objective 5.425368e+02, 35041 iterations, 11.55 seconds (7.84 work units)

    Nodes    |    Current Node    |     Objective Bounds      |     Work
 Expl Unexpl |  Obj  Depth IntInf | Incumbent    BestBd   Gap | It/Node Time

     0     0  542.53683    0  625          -  542.53683      -     -   11s
     0     0  693.90281    0  604          -  693.90281      -     -   19s
     0     0  694.14374    0  612          -  694.14374      -     -   19s
     0     0  712.94670    0  638          -  712.94670      -     -   24s
     0     0  713.65111    0  635          -  713.65111      -     -   24s
     0     0  715.69733    0  647          -  715.69733      -     -   26s
     0     0  716.07313    0  644          -  716.07313      -     -   26s
     0     0  734.96763    0  654          -  734.96763      -     -   27s
     0     0  735.16745    0  639          -  735.16745      -     -   28s
     0     0  735.31853    0  652          -  735.31853      -     -   28s
     0     0  735.35859    0  643          -  735.35859      -     -   29s
     0     0  736.84522    0  641          -  736.84522      -     -   29s
     0     0  736.87579    0  627          -  736.87579      -     -   30s
     0     0  736.90727    0  639          -  736.90727      -     -   30s
     0     0  736.91635    0  635          -  736.91635      -     -   30s
     0     0  736.97791    0  626          -  736.97791      -     -   31s
     0     0  736.99049    0  627          -  736.99049      -     -   31s
     0     0  737.00364    0  623          -  737.00364      -     -   31s
     0     0  746.04806    0  643          -  746.04806      -     -   34s
H    0     0                    105326.91130  746.04888  99.3%     -   67s
     0     2  746.05015    0  643 105326.911  746.05015  99.3%     -   69s
     1     3  750.22853    1  643 105326.911  746.05170  99.3%  7054   74s
     2     4  747.26548    1  611 105326.911  747.26548  99.3%  4234   75s
     6     8  757.65926    4  594 105326.911  750.23568  99.3%  3316   82s
     7     9  760.15515    5  594 105326.911  750.23568  99.3%  3894   86s
    11    13  760.42246    7  562 105326.911  750.23568  99.3%  3578   92s
    12    14  763.45438    8  599 105326.911  750.23568  99.3%  4001   96s
    15    17  762.94724    9  583 105326.911  750.23568  99.3%  3953  102s
    16    18  763.77641   10  573 105326.911  750.23568  99.3%  3854  107s
    19    21  761.74001   11  571 105326.911  750.23568  99.3%  4130  115s
    24    26  762.69566   14  563 105326.911  750.23568  99.3%  3669  121s
    27    29  763.20634   16  565 105326.911  750.23568  99.3%  3492  125s
    31    33  764.13566   18  566 105326.911  750.23568  99.3%  3326  130s
    36    38  764.82942   21  538 105326.911  750.23568  99.3%  3058  135s
    40    42  767.80764   23  580 105326.911  750.23568  99.3%  3034  141s
    43    45  767.67812   25  555 105326.911  750.23568  99.3%  3010  145s
    51    51  766.96378   29  526 105326.911  750.23568  99.3%  2706  150s
    53    53  766.72205   30  524 105326.911  750.23568  99.3%  2814  156s
    58    58  768.38028   33  546 105326.911  750.23568  99.3%  2714  161s
    62    62  768.54142   36  549 105326.911  750.23568  99.3%  2644  165s
    68    68  802.53017   39  530 105326.911  750.23568  99.3%  2536  170s
    76    76  771.32665   43  523 105326.911  750.23568  99.3%  2423  176s
    80    80  771.07963   46  529 105326.911  750.23568  99.3%  2378  180s
    84    84  789.98139   48  517 105326.911  750.23568  99.3%  2374  185s
    89    89  790.49764   51  523 105326.911  750.23568  99.3%  2358  190s
    93    93  802.86337   54  540 105326.911  750.23568  99.3%  2336  195s
    98    98  804.96763   56  531 105326.911  750.23568  99.3%  2317  200s
   108   108  804.37051   63  508 105326.911  750.23568  99.3%  2180  205s
   118   118  805.91554   69  505 105326.911  750.23568  99.3%  2064  210s
   128   128 2297.80763   75  510 105326.911  750.23568  99.3%  2005  217s
H  130   128                    105326.91104  750.23568  99.3%  1976  218s
   136   136  808.78869   79  509 105326.911  750.23568  99.3%  1924  220s
   147   147  811.98586   85  503 105326.911  750.23568  99.3%  1834  225s
   162   162  810.90064   95  462 105326.911  750.23568  99.3%  1718  230s
   172   172  812.71444  101  464 105326.911  750.23568  99.3%  1670  235s
H  182   180                    105326.88196  750.23568  99.3%  1626  240s
   198   198  823.27671  120  425 105326.882  750.23568  99.3%  1543  245s
   210   210  825.03298  127  437 105326.882  750.23568  99.3%  1496  250s
   222   222  828.09725  134  418 105326.882  750.23568  99.3%  1462  255s
   240   240  826.39258  149  403 105326.882  750.23568  99.3%  1386  260s
   259   259  826.71104  165  384 105326.882  750.23568  99.3%  1304  287s
   263   263  836.74949  168  420 105326.882  750.23568  99.3%  1309  290s
   276   276  838.20362  178  430 105326.882  750.23568  99.3%  1278  295s
   285   285  840.11844  184  424 105326.882  750.23568  99.3%  1272  300s
   306   306  861.07443  202  400 105326.882  750.23568  99.3%  1210  317s
   312   312  864.91710  207  405 105326.882  750.23568  99.3%  1201  320s
   316   316  865.24220  210  403 105326.882  750.23568  99.3%  1190  327s
   321   319  879.31280  213  423 105326.882  750.23568  99.3%  1190  330s
   328   326  879.51494  220  403 105326.882  750.23568  99.3%  1174  336s
   344   342  892.77690  232  411 105326.882  750.23568  99.3%  1140  340s
   355   353  902.48300  241  404 105326.882  750.23568  99.3%  1115  345s
   359   357  904.83718  244  400 105326.882  750.23568  99.3%  1115  351s
   361   359  904.42997  245  405 105326.882  750.23568  99.3%  1112  355s
   364   362  904.61602  246  405 105326.882  750.23568  99.3%  1105  360s
   377   375  939.78630  255  408 105326.882  750.23568  99.3%  1083  365s
   381   379  955.02127  257  421 105326.882  750.23568  99.3%  1080  370s
   412   410  991.88167  281  406 105326.882  750.23568  99.3%  1015  375s
   420   416 1885.44635  286  401 105326.882  750.23568  99.3%  1006  380s
   433   429 1457.96734  294  410 105326.882  750.23568  99.3%   988  385s
   477   469 3651.15255  319  400 105326.882  750.23568  99.3%   915  390s
   567   545 7185.76783  364  387 105326.882  750.23568  99.3%   784  395s
   638   596 13170.8030  400  375 105326.882  750.23568  99.3%   710  400s
   709   637     cutoff  436      105326.882  750.23568  99.3%   652  405s
   736   640 20264.2519  450  361 105326.882  750.23568  99.3%   646  410s
   789   653 20718.2166  478  359 105326.882  750.23568  99.3%   616  415s
   846   685 24760.3856  508  354 105326.882  750.23568  99.3%   586  420s
   897   734 28178.2724  534  341 105326.882  750.23568  99.3%   564  425s
   960   794 34847.7679  566  328 105326.882  750.23568  99.3%   537  430s
  1024   844 37233.8719  598  322 105326.882  750.23568  99.3%   515  435s
  1078   890 40804.7779  625  311 105326.882  750.23568  99.3%   498  440s
  1165   971     cutoff  669      105326.882  750.23568  99.3%   468  445s
  1216  1012 55864.3480  694  269 105326.882  750.23568  99.3%   458  450s
  1281  1049 infeasible  727      105326.882  750.23568  99.3%   442  455s
  1364  1112     cutoff  768      105326.882  750.23568  99.3%   421  460s
  1444  1134 51207.3372  809  273 105326.882  750.23568  99.3%   405  465s
  1498  1172 55914.7208  836  259 105326.882  750.23568  99.3%   397  470s
  1572  1220 61051.5956  873  244 105326.882  750.23568  99.3%   384  475s
  1642  1252 66863.5471  909  234 105326.882  750.23568  99.3%   374  480s
  1710  1278 67322.8312  943  224 105326.882  750.23568  99.3%   366  485s
  1797  1307 72503.6233  987  208 105326.882  750.23568  99.3%   353  490s
  1878  1340 77479.3120 1028  190 105326.882  750.23568  99.3%   343  495s
  1961  1365 81484.6141 1069  172 105326.882  750.23568  99.3%   333  500s
  2069  1403 85623.6756 1123  152 105326.882  750.23568  99.3%   319  505s
  2152  1426 90254.1449 1165  135 105326.882  750.23568  99.3%   312  510s
  2243  1459 99968.6148 1211  107 105326.882  750.23568  99.3%   303  515s
  2260  1460  776.07467    2  648 105326.882  750.24476  99.3%   305  521s
  2262  1461  894.12384  240  150 105326.882  750.24476  99.3%   305  548s
  2264  1462 39452.7116  615  203 105326.882  750.24476  99.3%   305  561s
  2265  1463  828.81919  153  160 105326.882  807.86216  99.2%   305  573s
  2266  1464 7141.75209  364  159 105326.882  813.63105  99.2%   305  577s
  2268  1465 62929.2560  900  150 105326.882  815.65128  99.2%   304  580s
  2271  1467 58417.7591  853  152 105326.882  817.32824  99.2%   304  585s
  2277  1471 1289.62167  253  162 105326.882  817.79437  99.2%   303  590s
  2283  1475 51217.9667  813  161 105326.882  818.04468  99.2%   302  596s
  2288  1478 15331.6899  411  159 105326.882  818.27567  99.2%   302  600s
  2293  1482 20270.4652  457  167 105326.882  818.55768  99.2%   301  605s
  2300  1486 13172.1972  398  166 105326.882  818.67430  99.2%   300  610s
  2305  1490 5307.66184  345  167 105326.882  818.91769  99.2%   299  615s
  2313  1495 1213.61252  196  161 105326.882  819.13843  99.2%   298  620s
  2319  1499 40184.0605  648  168 105326.882  819.40065  99.2%   298  625s
  2327  1504 52083.2172  685  170 105326.882  819.48336  99.2%   297  630s
  2339  1513  827.24336  150  203 105326.882  819.48924  99.2%   330  648s
  2340  1514 48490.5679  715  170 105326.882  819.48924  99.2%   330  661s
  2341  1515 1042.12959  284  172 105326.882  819.48924  99.2%   330  665s
  2344  1517  978.71242  258  173 105326.882  819.70766  99.2%   329  670s
  2348  1519 62929.2560  900  165 105326.882  819.70766  99.2%   329  675s
  2355  1524 40179.8788  651  169 105326.882  819.70766  99.2%   328  680s
  2362  1529  894.12384  240  170 105326.882  819.70766  99.2%   327  685s
  2367  1532  819.70766   13  172 105326.882  819.70766  99.2%   326  702s
  NLP heuristic elapsed time = 5.01s
  2368  1533 62929.2560  900  172 105326.882  819.70766  99.2%   326  721s
  2369  1535  820.09000   21  676 105326.882  820.09000  99.2%   359  812s
  2370  1536 1444.23847   21  674 105326.882  820.09000  99.2%   360  855s
  2371  1537  820.09000   22  675 105326.882  820.09000  99.2%   360  893s
  2372  1537 1171.37242   22  673 105326.882  820.09000  99.2%   362  935s
  2373  1538  828.60518   23  643 105326.882  820.09000  99.2%   363  969s
  2374  1539  842.73555   23  637 105326.882  828.60518  99.2%   367 1002s
  2375  1539  828.84748   24  638 105326.882  828.60518  99.2%   367 1028s
  2376  1540  829.53459   24  659 105326.882  828.84748  99.2%   367 1056s
  2377  1541  829.19558   25  635 105326.882  829.19558  99.2%   367 1081s
  2378  1541  879.40708   25  637 105326.882  829.19558  99.2%   374 1114s
  2379  1542  829.78570   26  636 105326.882  829.19558  99.2%   376 1138s
  2380  1543  831.06542   26  630 105326.882  829.53459  99.2%   378 1167s
  2381  1543  829.79785   27  635 105326.882  829.53459  99.2%   378 1188s
  2382  1544 1738.57619   27  633 105326.882  829.53459  99.2%   381 1216s
  2383  1545  829.89164   28  629 105326.882  829.53459  99.2%   381 1238s
  2384  1545  836.40601   28  639 105326.882  829.53459  99.2%   383 1264s
  2385  1546  830.92162   29  599 105326.882  829.53459  99.2%   383 1285s
  2386  1547  834.63702   29  647 105326.882  829.53459  99.2%   385 1309s
  2387  1547  830.93914   30  609 105326.882  829.53459  99.2%   387 1330s
  2388  1548  832.04168   30  607 105326.882  829.53459  99.2%   392 1356s
  2389  1549  831.05031   31  598 105326.882  829.53459  99.2%   392 1376s
  2390  1549  834.88990   31  596 105326.882  829.53459  99.2%   395 1399s
  2391  1550  831.33244   32  616 105326.882  829.53459  99.2%   397 1420s
  2392  1551  833.93136   32  616 105326.882  829.53459  99.2%   398 1441s
  2393  1551  831.37645   33  619 105326.882  829.53459  99.2%   399 1460s
  2394  1552  832.56680   33  615 105326.882  829.53459  99.2%   402 1484s
  2395  1553  831.62129   34  590 105326.882  829.53459  99.2%   405 1503s
  2396  1553  832.28023   34  598 105326.882  829.53459  99.2%   405 1522s
  2397  1554  832.40210   35  599 105326.882  829.53459  99.2%   406 1539s
  2398  1555  831.83480   35  615 105326.882  829.53459  99.2%   406 1558s
  2399  1555  833.00073   36  600 105326.882  829.53459  99.2%   406 1576s
  2400  1556  832.82741   36  588 105326.882  829.53459  99.2%   415 1602s
  2401  1557  833.28048   37  589 105326.882  829.53459  99.2%   417 1620s
  2402  1557  832.84254   37  579 105326.882  829.53459  99.2%   419 1638s
  2403  1558  858.30984   38  611 105326.882  829.53459  99.2%   423 1660s
  2404  1559  838.93844   38  612 105326.882  829.53459  99.2%   424 1683s
  2405  1559  839.06981   39  612 105326.882  829.53459  99.2%   426 1701s
  2406  1560  854.65887   39  605 105326.882  829.53459  99.2%   426 1717s
  2407  1561  842.01162   40  611 105326.882  829.53459  99.2%   427 1734s
  2408  1561  849.06801   40  605 105326.882  829.53459  99.2%   429 1753s
  2409  1562  842.39316   41  608 105326.882  829.53459  99.2%   429 1768s
  2410  1563  845.38502   41  600 105326.882  829.53459  99.2%   429 1784s
  2411  1563  842.75699   42  607 105326.882  829.53459  99.2%   429 1800s
  2412  1564  846.09940   42  604 105326.882  829.53459  99.2%   429 1815s
  2413  1565  843.16373   43  607 105326.882  829.53459  99.2%   429 1830s
  2414  1565  844.66801   43  604 105326.882  829.53459  99.2%   429 1845s
  2415  1566  845.72701   44  590 105326.882  829.53459  99.2%   430 1861s
  2416  1567  861.19414   44  596 105326.882  829.53459  99.2%   431 1876s
  2417  1567  845.94408   45  596 105326.882  829.53459  99.2%   431 1890s
  2418  1568  846.50274   45  606 105326.882  829.53459  99.2%   431 1904s
  2419  1569  846.44527   46  602 105326.882  829.53459  99.2%   431 1918s
  2420  1569  846.60591   46  596 105326.882  829.53459  99.2%   432 1932s
  2421  1570  847.07386   47  586 105326.882  829.53459  99.2%   432 1946s
  2422  1571  847.72722   47  597 105326.882  829.53459  99.2%   433 1959s
  2423  1571  847.29986   48  593 105326.882  829.53459  99.2%   433 1972s
  2424  1572  847.83018   48  606 105326.882  829.53459  99.2%   433 1986s
  2425  1573  847.79788   49  600 105326.882  829.53459  99.2%   434 2000s
  2426  1573  847.83960   49  586 105326.882  829.53459  99.2%   434 2012s
  2427  1574  847.94570   50  601 105326.882  829.53459  99.2%   435 2025s
  2428  1575  852.22024   50  590 105326.882  829.53459  99.2%   436 2039s
  2429  1575  848.10514   51  587 105326.882  829.53459  99.2%   436 2052s
  2430  1576  849.02803   51  579 105326.882  829.53459  99.2%   436 2064s
  2431  1577  860.59994   52  596 105326.882  829.53459  99.2%   437 2077s
  2432  1577  860.88248   52  587 105326.882  829.53459  99.2%   438 2091s
  2433  1578  860.83798   53  595 105326.882  829.53459  99.2%   438 2103s
  2434  1579  867.18591   53  611 105326.882  829.53459  99.2%   447 2125s
  2435  1579  862.39931   54  586 105326.882  829.53459  99.2%   447 2136s
  2436  1580  865.33273   54  584 105326.882  829.53459  99.2%   447 2147s
  2437  1581  863.82502   55  603 105326.882  829.53459  99.2%   447 2159s
  2438  1581  864.75305   55  585 105326.882  829.53459  99.2%   447 2169s
  2439  1582  880.62608   56  596 105326.882  829.53459  99.2%   447 2181s
  2440  1583  870.07685   56  591 105326.882  829.53459  99.2%   447 2192s
  2441  1583  870.67281   57  598 105326.882  829.53459  99.2%   448 2205s
  2442  1584  870.30491   57  592 105326.882  829.53459  99.2%   449 2217s
  2443  1585  870.53630   58  576 105326.882  829.53459  99.2%   451 2231s
  2444  1585  872.90721   58  587 105326.882  829.53459  99.2%   452 2243s
  2445  1586  870.71804   59  589 105326.882  829.53459  99.2%   452 2254s
  2446  1587  871.54695   59  594 105326.882  829.53459  99.2%   452 2265s
  2447  1587  870.98536   60  596 105326.882  829.53459  99.2%   452 2276s
  2448  1588  871.15307   60  588 105326.882  829.53459  99.2%   453 2286s
  2449  1589  883.00884   61  582 105326.882  829.53459  99.2%   454 2300s
  2450  1589  878.39692   61  596 105326.882  829.53459  99.2%   455 2311s
  2451  1590  878.40490   62  588 105326.882  829.53459  99.2%   456 2321s
  2452  1591  896.69423   62  566 105326.882  829.53459  99.2%   456 2331s
  2453  1591  878.79122   63  569 105326.882  829.53459  99.2%   457 2341s
  2454  1592  895.06678   63  588 105326.882  829.53459  99.2%   463 2359s
  2455  1593  880.94217   64  565 105326.882  829.53459  99.2%   463 2370s
  2456  1593  895.13658   64  568 105326.882  829.53459  99.2%   466 2382s
  2457  1594  881.06719   65  568 105326.882  829.53459  99.2%   466 2392s
  2458  1595  881.99635   65  565 105326.882  829.53459  99.2%   467 2401s
  2459  1595  881.38846   66  569 105326.882  829.53459  99.2%   466 2410s
  2460  1596  888.00062   66  569 105326.882  829.53459  99.2%   467 2419s
  2461  1597  881.69639   67  565 105326.882  829.53459  99.2%   467 2427s
  2462  1597  883.07236   67  596 105326.882  829.53459  99.2%   467 2439s
  2463  1598  881.92116   68  562 105326.882  829.53459  99.2%   467 2447s
  2464  1599  885.08650   68  564 105326.882  829.53459  99.2%   467 2455s
  2465  1599  882.97907   69  575 105326.882  829.53459  99.2%   467 2464s
  2466  1600  882.91410   69  562 105326.882  829.53459  99.2%   467 2472s
  2467  1601  900.32816   70  572 105326.882  829.53459  99.2%   469 2484s
  2468  1601  883.52092   70  570 105326.882  829.53459  99.2%   470 2493s
  2469  1602  884.22997   71  565 105326.882  829.53459  99.2%   470 2502s
  2470  1603  888.50837   71  572 105326.882  829.53459  99.2%   470 2511s
  2471  1603  887.02633   72  567 105326.882  829.53459  99.2%   471 2520s
  2472  1604  909.04061   72  564 105326.882  829.53459  99.2%   472 2530s
  2473  1605  887.60019   73  566 105326.882  829.53459  99.2%   472 2538s
  2474  1605  887.93815   73  564 105326.882  829.53459  99.2%   474 2548s
  2475  1606  888.04599   74  560 105326.882  829.53459  99.2%   474 2555s
  2476  1607  897.85126   74  558 105326.882  829.53459  99.2%   474 2563s
  2477  1607  888.37666   75  561 105326.882  829.53459  99.2%   474 2570s
  2478  1608  890.19337   75  572 105326.882  829.53459  99.2%   474 2578s
  2479  1609  888.94842   76  556 105326.882  829.53459  99.2%   474 2586s
  2480  1609  889.46079   76  579 105326.882  829.53459  99.2%   475 2595s
  2481  1610  889.36556   77  560 105326.882  829.53459  99.2%   475 2602s
  2482  1611  893.03319   77  554 105326.882  829.53459  99.2%   476 2611s
  2483  1611  890.45607   78  572 105326.882  829.53459  99.2%   476 2620s
  2484  1612  889.91556   78  553 105326.882  829.53459  99.2%   476 2627s
  2485  1613  890.23684   79  554 105326.882  829.53459  99.2%   477 2635s
  2486  1613  891.15753   79  550 105326.882  829.53459  99.2%   478 2643s
  2487  1614  890.32094   80  556 105326.882  829.53459  99.2%   478 2650s
  2488  1615  890.66800   80  532 105326.882  829.53459  99.2%   478 2657s
  2489  1615  890.41064   81  560 105326.882  829.53459  99.2%   479 2665s
  2490  1616  890.86845   81  549 105326.882  829.53459  99.2%   479 2672s
  2491  1617  891.04815   82  551 105326.882  829.53459  99.2%   479 2679s
  2492  1617 2046.93140   82  549 105326.882  829.53459  99.2%   483 2691s
  2493  1618  891.27268   83  552 105326.882  829.53459  99.2%   483 2698s
  2494  1619  894.18343   83  546 105326.882  829.53459  99.2%   484 2706s
  2495  1619  891.61732   84  553 105326.882  829.53459  99.2%   485 2714s
  2496  1620  908.30687   84  535 105326.882  829.53459  99.2%   486 2722s
  2497  1621  891.63466   85  549 105326.882  829.53459  99.2%   487 2729s
  2498  1621  904.80970   85  568 105326.882  829.53459  99.2%   488 2737s
  2499  1622  892.12645   86  548 105326.882  829.53459  99.2%   488 2744s
  2500  1623  892.53020   86  542 105326.882  829.53459  99.2%   488 2750s
  2501  1623  892.33416   87  560 105326.882  829.53459  99.2%   489 2756s
  2502  1624  910.27671   87  551 105326.882  829.53459  99.2%   490 2764s
  2503  1625  922.36513   88  574 105326.882  829.53459  99.2%   491 2772s
  2504  1625  923.57670   88  555 105326.882  829.53459  99.2%   494 2782s
  2505  1626  922.95559   89  574 105326.882  829.53459  99.2%   494 2788s
  2506  1627  929.44710   89  558 105326.882  829.53459  99.2%   497 2798s
  2507  1627  924.45915   90  561 105326.882  829.53459  99.2%   497 2804s
  2508  1628  932.67640   90  570 105326.882  829.53459  99.2%   497 2809s
  2509  1629  925.91099   91  559 105326.882  829.53459  99.2%   497 2815s
  2510  1629  929.26653   91  559 105326.882  829.53459  99.2%   498 2822s
  2511  1630  926.14120   92  562 105326.882  829.53459  99.2%   498 2827s
  2512  1631  929.05765   92  589 105326.882  829.53459  99.2%   499 2835s
  2513  1631 1104.21229   93  567 105326.882  829.53459  99.2%   506 2849s
  2514  1632  938.45979   93  571 105326.882  829.53459  99.2%   511 2861s
  2515  1633  963.29678   94  564 105326.882  829.53459  99.2%   513 2868s
  2516  1633  939.71147   94  566 105326.882  829.53459  99.2%   514 2875s
  2517  1634  942.01801   95  564 105326.882  829.53459  99.2%   514 2881s
  2518  1635  940.99945   95  566 105326.882  829.53459  99.2%   514 2886s
  2519  1635  941.98808   96  566 105326.882  829.53459  99.2%   515 2892s
  2520  1636  942.25295   96  566 105326.882  829.53459  99.2%   515 2897s
  2521  1637  942.21229   97  565 105326.882  829.53459  99.2%   515 2903s
  2522  1637  942.16858   97  564 105326.882  829.53459  99.2%   515 2908s
  2523  1638  948.35576   98  562 105326.882  829.53459  99.2%   517 2916s
  2524  1639  942.24228   98  565 105326.882  829.53459  99.2%   517 2922s
  2525  1639  943.56055   99  567 105326.882  829.53459  99.2%   518 2929s
  2526  1640  954.67545   99  547 105326.882  829.53459  99.2%   519 2935s
  2527  1641  943.58215  100  565 105326.882  829.53459  99.2%   519 2940s
  2528  1641  954.81348  100  553 105326.882  829.53459  99.2%   520 2946s
  2529  1642  944.11351  101  559 105326.882  829.53459  99.2%   520 2951s
  2530  1643  944.55208  101  560 105326.882  829.53459  99.2%   520 2957s
  2531  1643  944.17046  102  565 105326.882  829.53459  99.2%   520 2962s
  2532  1644  979.53495  102  582 105326.882  829.53459  99.2%   521 2969s
  2533  1645  944.82133  103  557 105326.882  829.53459  99.2%   521 2973s
  2534  1645  966.14880  103  555 105326.882  829.53459  99.2%   524 2980s
  2535  1646  944.99533  104  560 105326.882  829.53459  99.2%   524 2985s
  2537  1647  947.99017  105  597 105326.882  829.53459  99.2%   525 2995s
  2538  1648  968.71042  105  594 105326.882  829.53459  99.2%   527 3003s
  2539  1649  948.00117  106  588 105326.882  829.53459  99.2%   527 3008s
  2540  1649  965.42371  106  569 105326.882  829.53459  99.2%   528 3013s
  2541  1650  951.08993  107  577 105326.882  829.53459  99.2%   528 3018s
  2542  1651  980.34187  107  577 105326.882  829.53459  99.2%   529 3023s
  2543  1651  953.56882  108  588 105326.882  829.53459  99.2%   530 3029s
  2544  1652  971.46118  108  578 105326.882  829.53459  99.2%   531 3035s
  2545  1653  954.02809  109  601 105326.882  829.53459  99.2%   531 3040s
  2547  1654  954.22681  110  575 105326.882  829.53459  99.2%   531 3048s
  2548  1655  962.56802  110  595 105326.882  829.53459  99.2%   531 3053s
  2549  1655  954.23352  111  577 105326.882  829.53459  99.2%   531 3057s
  2550  1656  955.92874  111  568 105326.882  829.53459  99.2%   532 3062s
  2551  1657  955.04118  112  576 105326.882  829.53459  99.2%   532 3066s
  2552  1657  954.36665  112  566 105326.882  829.53459  99.2%   532 3070s
  2553  1658  954.37302  113  564 105326.882  829.53459  99.2%   533 3075s
  2554  1659 1310.36124  113  567 105326.882  829.53459  99.2%   537 3086s
  2555  1659  954.78560  114  581 105326.882  829.53459  99.2%   539 3092s
  2556  1660  969.04679  114  546 105326.882  829.53459  99.2%   540 3097s
  2557  1661  955.67071  115  595 105326.882  829.53459  99.2%   540 3102s
  2558  1661  966.63531  115  593 105326.882  829.53459  99.2%   541 3108s
  2559  1662  955.82156  116  602 105326.882  829.53459  99.2%   542 3113s
  2560  1663  958.83533  116  595 105326.882  829.53459  99.2%   543 3118s
  2561  1663  956.11646  117  588 105326.882  829.53459  99.2%   543 3123s
  2562  1664  973.80416  117  570 105326.882  829.53459  99.2%   543 3127s
  2563  1665  957.35378  118  609 105326.882  829.53459  99.2%   544 3133s
  2564  1665  956.99645  118  584 105326.882  829.53459  99.2%   544 3137s
  2565  1666  959.27316  119  593 105326.882  829.53459  99.2%   544 3142s
  2566  1667  957.41447  119  583 105326.882  829.53459  99.2%   544 3146s
  2567  1667  957.44176  120  571 105326.882  829.53459  99.2%   545 3150s
  2569  1669  959.21615  121  597 105326.882  829.53459  99.2%   545 3159s
  2570  1669  974.17072  121  594 105326.882  829.53459  99.2%   547 3164s
  2571  1670  959.61446  122  602 105326.882  829.53459  99.2%   547 3168s
  2572  1671  959.30032  122  581 105326.882  829.53459  99.2%   547 3172s
  2573  1671  959.31206  123  581 105326.882  829.53459  99.2%   547 3176s
  2574  1672  997.98687  123  586 105326.882  829.53459  99.2%   553 3186s
  2575  1673  959.36168  124  588 105326.882  829.53459  99.2%   556 3193s
  2576  1673  976.64547  124  566 105326.882  829.53459  99.2%   556 3197s
  2577  1674  959.43450  125  592 105326.882  829.53459  99.2%   556 3200s
  2579  1675  959.45915  126  582 105326.882  829.53459  99.2%   556 3205s
  2581  1677  959.75593  127  574 105326.882  829.53459  99.2%   556 3211s
  2583  1678  977.14131  128  582 105326.882  829.53459  99.2%   557 3218s
  2584  1679  961.55097  128  585 105326.882  829.53459  99.2%   557 3221s
  2585  1679 1400.00193  129  580 105326.882  829.53459  99.2%   559 3227s
  2586  1680  977.37590  129  559 105326.882  829.53459  99.2%   560 3230s
  2588  1681  987.80772  130  546 105326.882  829.53459  99.2%   561 3237s
  2589  1682  977.72917  131  570 105326.882  829.53459  99.2%   562 3242s
  2590  1683  991.92385  131  559 105326.882  829.53459  99.2%   563 3245s
  2592  1684  995.20521  132  546 105326.882  829.53459  99.2%   564 3252s
  2593  1685  994.94305  133  592 105326.882  829.53459  99.2%   564 3255s
  2594  1685 1043.33212  133  589 105326.882  829.53459  99.2%   566 3260s
  2596  1687 1012.03215  134  584 105326.882  829.53459  99.2%   566 3266s
  2598  1688 1013.58522  135  587 105326.882  829.53459  99.2%   566 3271s
  2600  1689 1004.16521  136  615 105326.882  829.53459  99.2%   570 3281s
  2602  1691 1002.47283  137  589 105326.882  829.53459  99.2%   570 3286s
  2604  1692 1007.99417  138  588 105326.882  829.53459  99.2%   571 3292s
  2606  1693 1005.18694  139  604 105326.882  829.53459  99.2%   572 3298s
  2607  1694 1001.76258  140  595 105326.882  829.53459  99.2%   572 3300s
  2609  1695 1002.87766  141  592 105326.882  829.53459  99.2%   573 3305s
  2611  1697 1002.85040  142  585 105326.882  829.53459  99.2%   573 3311s
  2613  1698 1003.96662  143  587 105326.882  829.53459  99.2%   574 3316s
  2614  1699 1025.64012  143  590 105326.882  829.53459  99.2%   575 3320s
  2616  1700 1005.96537  144  589 105326.882  829.53459  99.2%   576 3325s
  2619  1702 1027.88155  146  579 105326.882  829.53459  99.2%   577 3333s
  2620  1703 1005.22266  146  597 105326.882  829.53459  99.2%   577 3335s
  2622  1704 1006.61933  147  576 105326.882  829.53459  99.2%   578 3341s
  2624  1705 1013.02648  148  603 105326.882  829.53459  99.2%   578 3346s
  2626  1707 1005.78251  149  589 105326.882  829.53459  99.2%   579 3351s
  2628  1708 1007.67530  150  587 105326.882  829.53459  99.2%   580 3357s
  2630  1709 1014.59848  151  602 105326.882  829.53459  99.2%   581 3362s
  2632  1711 1008.50100  152  584 105326.882  829.53459  99.2%   581 3366s
  2634  1712 1007.23144  153  572 105326.882  829.53459  99.2%   581 3370s
  2637  1714 1007.31660  155  570 105326.882  829.53459  99.2%   581 3375s
  2639  1715 1007.51958  156  567 105326.882  829.53459  99.2%   581 3380s
  2642  1717 1024.14062  157  574 105326.882  829.53459  99.2%   582 3385s
  2644  1719 1025.08593  158  567 105326.882  829.53459  99.2%   583 3390s
  2647  1721 1009.31255  160  556 105326.882  829.53459  99.2%   583 3395s
  2649  1722 1011.13496  161  579 105326.882  829.53459  99.2%   584 3400s
  2652  1724 1010.61355  162  576 105326.882  829.53459  99.2%   584 3405s
  2655  1726 1012.93917  164  575 105326.882  829.53459  99.2%   584 3410s
  2659  1729 1013.10254  166  577 105326.882  829.53459  99.2%   584 3415s
  2661  1730 1013.14184  167  571 105326.882  829.53459  99.2%   586 3420s
  2664  1732 1014.51869  168  572 105326.882  829.53459  99.2%   586 3425s
  2667  1734 1014.24053  170  563 105326.882  829.53459  99.2%   587 3430s
  2671  1737 3757.51613  172  598 105326.882  829.53459  99.2%   592 3442s
  2673  1738 1036.60783  173  541 105326.882  829.53459  99.2%   592 3445s
  2676  1740 1044.59356  174  554 105326.882  829.53459  99.2%   593 3450s
  2677  1741 3778.81083  175  603 105326.882  829.53459  99.2%   596 3456s
  2679  1742 1055.70757  176  547 105326.882  829.53459  99.2%   599 3462s
  2682  1744 1057.57599  177  547 105326.882  829.53459  99.2%   599 3465s
  2685  1746 1057.61420  179  542 105326.882  829.53459  99.2%   600 3470s
  2690  1749 1067.01799  181  570 105326.882  829.53459  99.2%   602 3478s
  2692  1751 1068.34689  182  585 105326.882  829.53459  99.2%   602 3482s
  2694  1752 1057.97584  183  542 105326.882  829.53459  99.2%   603 3485s
  2697  1754 1626.64382  185  531 105326.882  829.53459  99.2%   605 3492s
  2699  1755 1077.80146  186  536 105326.882  829.53459  99.2%   606 3495s
  2703  1758 1081.45893  188  535 105326.882  829.53459  99.2%   607 3502s
  2705  1759 1078.99616  189  539 105326.882  829.53459  99.2%   607 3505s
  2708  1761 1082.55376  190  553 105326.882  829.53459  99.2%   608 3510s
  2712  1764 1080.62277  192  537 105326.882  829.53459  99.2%   609 3516s
  2714  1765 1095.39074  193  544 105326.882  829.53459  99.2%   609 3520s
  2715  1766 2096.18304  194  595 105326.882  829.53459  99.2%   612 3525s
  2717  1767 1131.31718  195  568 105326.882  829.53459  99.2%   614 3531s
  2720  1769 1131.43926  196  563 105326.882  829.53459  99.2%   615 3535s
  2724  1772 1131.67062  198  562 105326.882  829.53459  99.2%   615 3540s
  2726  1773 1135.42045  199  581 105326.882  829.53459  99.2%   617 3545s
  2730  1776 1141.27953  201  588 105326.882  829.53459  99.2%   617 3551s
  2732  1777 1158.46218  202  589 105326.882  829.53459  99.2%   618 3555s
  2735  1779 1159.36665  204  590 105326.882  829.53459  99.2%   619 3561s
  2739  1782 1165.44868  206  587 105326.882  829.53459  99.2%   620 3565s
  2744  1785 1159.99475  208  587 105326.882  829.53459  99.2%   620 3570s
  2748  1788 1179.47983  210  565 105326.882  829.53459  99.2%   621 3576s
  2751  1790 1163.83929  212  576 105326.882  829.53459  99.2%   622 3580s
  2754  1792 1206.66451  213  587 105326.882  829.53459  99.2%   623 3585s
  2758  1795 1168.07039  215  581 105326.882  829.53459  99.2%   624 3590s
  2761  1797 1172.81524  217  579 105326.882  829.53459  99.2%   625 3595s

Cutting planes:
  Gomory: 8
  Cover: 2
  Implied bound: 75
  Clique: 4
  MIR: 94
  Flow cover: 247
  Flow path: 15
  RLT: 93
  Relax-and-lift: 16

Explored 2764 nodes (1794377 simplex iterations) in 3600.00 seconds (2291.66 work units)
Thread count was 1 (of 56 available processors)

Solution count 2: 105327 105327 

Time limit reached
Best objective 1.053268819568e+05, best bound 8.295345913373e+02, gap 99.2124%

User-callback calls 74804, time in user-callback 0.23 sec
primal_bound = 105326.8819567805, dual_bound = 829.5345913373392, gap = 99.212418922951, time = 3600.02
