solving instance mcf arcs c25_100_10_F_T_5 3 6 sinabc1
Set parameter TokenServer to value "licences.gerad.lan"
Set parameter MIPGap to value 1e-06
Set parameter FuncPieceError to value 1e-06
Set parameter Threads to value 1
Set parameter FuncPieces to value -2
Set parameter TimeLimit to value 3600
Gurobi Optimizer version 12.0.2 build v12.0.2rc0 (linux64 - "AlmaLinux 9.6 (Sage Margay)")

CPU model: Intel(R) Xeon(R) Gold 6258R CPU @ 2.70GHz, instruction set [SSE2|AVX|AVX2|AVX512]
Thread count: 56 physical cores, 56 logical processors, using up to 1 threads

Non-default parameters:
TimeLimit  3600
MIPGap  1e-06
Threads  1
FuncPieces  -2
FuncPieceError  1e-06

Optimize a model with 800 rows, 1750 columns and 5075 nonzeros
Model fingerprint: 0xaca71e65
Model has 200 function constraints treated as nonlinear
  100 POW, 100 SIN
Variable types: 1625 continuous, 125 integer (125 binary)
Coefficient statistics:
  Matrix range     [4e-03, 2e+03]
  Objective range  [1e+00, 1e+00]
  Bounds range     [1e+00, 1e+10]
  RHS range        [2e+01, 5e+01]
Warning: Model contains large bounds
         Consider reformulating model or setting NumericFocus parameter
         to avoid numerical issues.
Presolve removed 326 rows and 450 columns
Presolve time: 0.01s
Presolved: 974 rows, 1301 columns, 5390 nonzeros
Presolved model has 100 quadratic objective terms
Presolved model has 100 nonlinear constraint(s)

Solving non-convex MINLP

Variable types: 1301 continuous, 0 integer (0 binary)
Found heuristic solution: objective 19208.311630

Root relaxation: objective 1.270050e+04, 5846 iterations, 0.20 seconds (0.12 work units)

    Nodes    |    Current Node    |     Objective Bounds      |     Work
 Expl Unexpl |  Obj  Depth IntInf | Incumbent    BestBd   Gap | It/Node Time

     0     0 12700.4986    0   88 19208.3116 12700.4986  33.9%     -    1s
     0     0 12858.7878    0   88 19208.3116 12858.7878  33.1%     -    1s
H    0     0                    18443.361545 12858.7878  30.3%     -    1s
     0     2 13302.1193    0   88 18443.3615 13302.1193  27.9%     -    1s
   758   696 18287.8480  379   29 18443.3615 14506.0642  21.3%  21.9    5s
*  840   592             420    18287.855545 14506.0642  20.7%  33.2    5s
   878   614 15651.5445   30   84 18287.8555 14911.1308  18.5%  39.4   10s
  1844  1054 18269.9527  190   73 18287.8555 15260.3661  16.6%  30.5   15s
H 2050  1101                    18279.702526 15260.3661  16.5%  28.3   15s
* 2290  1159             413    18279.676792 15260.3661  16.5%  46.5   18s
* 2302  1114             412    18279.676285 15260.3661  16.5%  49.9   19s
  2468  1183 16007.7730   32   84 18279.6763 15397.1696  15.8%  49.2   20s
  3738  2211     cutoff  134      18279.6763 15446.9367  15.5%  39.1   25s
  4998  3187 17230.0772   41   81 18279.6763 15598.9264  14.7%  34.1   30s
  6273  4146 15796.9425   29   81 18279.6763 15752.2863  13.8%  31.2   35s
  7536  5119 17869.9745   69   76 18279.6763 15808.6427  13.5%  29.3   40s
  8781  6048 16599.0671   35   83 18279.6763 15883.3844  13.1%  27.9   45s
 10035  7080 18234.4854   30   80 18279.6763 15921.9254  12.9%  27.0   50s
 11329  8060 17452.2136   49   80 18279.6763 15953.2066  12.7%  26.1   55s
 12665  9072 16520.4920   35   84 18279.6763 15987.8888  12.5%  25.0   60s
 13946 10049 17846.3504   63   84 18279.6763 16018.3414  12.4%  24.6   65s
 15225 11024 17966.2381   74   74 18279.6763 16032.9177  12.3%  24.0   70s
 16462 11939     cutoff   62      18279.6763 16053.7140  12.2%  23.6   75s
 17696 12847 16178.0987   32   84 18279.6763 16066.8736  12.1%  23.2   80s
 18949 13770 17529.4207   56   79 18279.6763 16085.5278  12.0%  22.9   85s
 20139 14660     cutoff   71      18279.6763 16093.6522  12.0%  22.8   90s
 21362 15561     cutoff   34      18279.6763 16104.6365  11.9%  22.6   95s
 22549 16444 18207.1974   60   80 18279.6763 16115.6888  11.8%  22.3  100s
 23786 17395 17969.7467   74   76 18279.6763 16130.3028  11.8%  22.1  105s
 25000 18341 17267.1911   49   75 18279.6763 16139.6588  11.7%  21.9  110s
 26218 19213 17264.8993   44   83 18279.6763 16152.5975  11.6%  21.7  115s
 27454 20155 17006.8562   44   83 18279.6763 16160.9798  11.6%  21.6  120s
 28709 21094 16569.6943   37   83 18279.6763 16173.7416  11.5%  21.4  125s
 29905 21974 17293.3932   48   81 18279.6763 16187.4582  11.4%  21.2  130s
 30964 22769     cutoff   80      18279.6763 16195.2138  11.4%  21.1  135s
 32249 23716 18256.4429   45   81 18279.6763 16205.2525  11.3%  20.9  140s
 33535 24696 18201.4628   90   76 18279.6763 16211.6695  11.3%  20.8  145s
 34793 25640 17794.5012   52   82 18279.6763 16218.3701  11.3%  20.7  150s
 36031 26594 18059.3410   79   78 18279.6763 16223.6979  11.2%  20.6  155s
 37336 27519 17865.3307   59   81 18279.6763 16235.5711  11.2%  20.5  160s
 38628 28475     cutoff   49      18279.6763 16241.0276  11.2%  20.4  165s
 39915 29424 17903.4240   63   83 18279.6763 16248.7774  11.1%  20.3  170s
 41235 30412 17744.7323   70   79 18279.6763 16256.5122  11.1%  20.1  175s
 42488 31341 18219.7513   56   79 18279.6763 16263.4961  11.0%  20.1  180s
 43757 32270     cutoff   69      18279.6763 16271.3367  11.0%  20.0  185s
 44999 33156 18073.1698   56   77 18279.6763 16278.7409  10.9%  20.0  190s
 46208 34053 16371.0402   35   84 18279.6763 16285.4065  10.9%  19.8  195s
 47438 34949 18098.9398   58   73 18279.6763 16290.5025  10.9%  19.8  200s
 48727 35882 17635.5011   45   77 18279.6763 16295.6057  10.9%  19.7  205s
 49955 36764 18050.6008   63   83 18279.6763 16301.8405  10.8%  19.6  210s
 51172 37613 16651.6790   37   80 18279.6763 16307.1474  10.8%  19.6  215s
 52456 38547 18110.6367   66   80 18279.6763 16313.2618  10.8%  19.5  220s
 53697 39482 17496.3546   49   81 18279.6763 16319.2648  10.7%  19.5  225s
 54965 40380 16718.3780   35   83 18279.6763 16326.7326  10.7%  19.5  230s
 56215 41278 17715.7018   57   78 18279.6763 16331.8494  10.7%  19.4  235s
 57468 42233 17913.9333   57   76 18279.6763 16335.4127  10.6%  19.4  240s
 58766 43173 18278.9108   66   82 18279.6763 16340.4444  10.6%  19.3  245s
 60008 44039 18278.7008   65   83 18279.6763 16345.6215  10.6%  19.3  250s
 61213 44932 17762.6043   45   79 18279.6763 16350.2172  10.6%  19.2  255s
 62485 45834     cutoff   33      18279.6763 16354.5226  10.5%  19.2  260s
 63749 46728 17393.9135   54   82 18279.6763 16360.7115  10.5%  19.2  265s
 65009 47644 18103.7249   74   79 18279.6763 16364.3539  10.5%  19.2  270s
 66265 48514 17815.4769   58   80 18279.6763 16369.1694  10.5%  19.2  275s
 67547 49434 16630.3840   36   83 18279.6763 16375.0713  10.4%  19.1  280s
 68828 50469 17008.7205   44   82 18279.6763 16378.0968  10.4%  19.1  285s
 70080 51379     cutoff   40      18279.6763 16382.0633  10.4%  19.1  290s
 71387 52346     cutoff   57      18279.6763 16384.5971  10.4%  19.1  295s
 72723 53300 17272.1697   51   81 18279.6763 16388.3582  10.3%  19.0  300s
 74055 54266 17789.0336   53   84 18279.6763 16390.7163  10.3%  19.0  305s
 75314 55165     cutoff   35      18279.6763 16394.7332  10.3%  18.9  310s
 76507 56036 18235.7661   62   81 18279.6763 16400.3320  10.3%  18.9  315s
 77773 56944 18015.6376   66   80 18279.6763 16404.8249  10.3%  18.9  320s
 79082 57933 18225.3986  100   75 18279.6763 16407.8767  10.2%  18.9  325s
 80344 58815 17704.1933   57   82 18279.6763 16411.0062  10.2%  18.8  330s
 81552 59671     cutoff   87      18279.6763 16414.9570  10.2%  18.8  335s
 82771 60530 17406.8349   46   80 18279.6763 16418.4315  10.2%  18.8  340s
 84061 61444     cutoff   54      18279.6763 16422.5959  10.2%  18.8  345s
 85293 62354 18149.4640   90   79 18279.6763 16425.3150  10.1%  18.8  350s
 86612 63295 17616.5789   49   82 18279.6763 16427.5599  10.1%  18.7  355s
 87880 64193     cutoff   92      18279.6763 16430.5532  10.1%  18.7  360s
 89120 65105 18141.3832   76   75 18279.6763 16432.7819  10.1%  18.7  365s
 90300 65945 17494.8550   44   81 18279.6763 16435.0463  10.1%  18.7  370s
 91546 66797 17236.5143   42   80 18279.6763 16438.7198  10.1%  18.6  375s
 92810 67711 17944.5377   65   85 18279.6763 16441.3647  10.1%  18.6  380s
 94042 68565 17989.0929   41   81 18279.6763 16444.0670  10.0%  18.6  385s
 95309 69484 16613.5872   36   82 18279.6763 16446.0294  10.0%  18.6  390s
 96661 70498 17038.7175   41   82 18279.6763 16448.2455  10.0%  18.5  395s
 97890 71357 18132.6260   75   76 18279.6763 16451.6414  10.0%  18.5  400s
 99179 72262 17159.2335   44   78 18279.6763 16456.7821  10.0%  18.5  405s
 100424 73179 17146.5535   40   80 18279.6763 16459.0118  10.0%  18.5  410s
 101700 74139 17293.9588   48   80 18279.6763 16461.6211  9.95%  18.5  415s
 102965 75040 17011.0305   39   81 18279.6763 16464.7335  9.93%  18.5  420s
 104224 75957 17754.7066   61   76 18279.6763 16466.5680  9.92%  18.5  425s
 105493 76828     cutoff   53      18279.6763 16469.4270  9.90%  18.4  430s
 106619 77610 17942.9047   83   80 18279.6763 16472.2704  9.89%  18.5  435s
 107920 78545 18135.5349   51   81 18279.6763 16474.4371  9.88%  18.4  440s
 109213 79486     cutoff   84      18279.6763 16476.9737  9.86%  18.4  445s
 110499 80436 17755.6916   61   75 18279.6763 16478.5998  9.85%  18.3  450s
 111767 81354     cutoff   55      18279.6763 16480.7164  9.84%  18.3  455s
 112961 82196 17680.7370   54   81 18279.6763 16482.3827  9.83%  18.3  460s
 114251 83122 17760.2569   54   79 18279.6763 16484.6426  9.82%  18.3  465s
 115528 84045 18196.9325   78   79 18279.6763 16486.0089  9.81%  18.3  470s
 116847 84998 17936.9907   64   78 18279.6763 16488.2907  9.80%  18.2  475s
 118138 85901 18115.6920   79   79 18279.6763 16491.5344  9.78%  18.2  480s
 119434 86817 17950.7500   61   81 18279.6763 16493.7676  9.77%  18.2  485s
 120695 87738 17806.5322   60   76 18279.6763 16496.7701  9.75%  18.2  490s
 121914 88593 17098.0015   42   80 18279.6763 16498.7802  9.74%  18.2  495s
 123136 89527 18012.7730   79   78 18279.6763 16499.9929  9.74%  18.2  500s
 124369 90416     cutoff   53      18279.6763 16501.2707  9.73%  18.2  505s
 125658 91325     cutoff   65      18279.6763 16503.0352  9.72%  18.1  510s
 126936 92267 18248.7782   89   79 18279.6763 16504.7027  9.71%  18.1  515s
 128258 93231     cutoff   87      18279.6763 16506.8307  9.70%  18.1  520s
 129534 94175     cutoff   70      18279.6763 16508.2803  9.69%  18.1  525s
 130804 95059 17965.9144   49   80 18279.6763 16510.2567  9.68%  18.1  530s
 132046 95903 18130.1328   62   81 18279.6763 16511.9163  9.67%  18.1  535s
 133317 96842     cutoff   89      18279.6763 16513.9886  9.66%  18.1  540s
 134639 97806 16857.9860   38   81 18279.6763 16515.5162  9.65%  18.1  545s
 135808 98663 17659.4743   40   80 18279.6763 16517.7632  9.64%  18.1  550s
 137151 99644 17880.1404   66   74 18279.6763 16520.7485  9.62%  18.0  555s
 138406 100569 18158.4665   50   71 18279.6763 16522.3422  9.61%  18.0  560s
 139702 101467 17048.0011   38   82 18279.6763 16524.4305  9.60%  18.0  565s
 140943 102364 17330.9335   45   79 18279.6763 16525.5739  9.60%  18.0  570s
 142191 103262 17966.0713   61   81 18279.6763 16527.7845  9.58%  18.0  575s
 143450 104141 17800.2206   60   78 18279.6763 16529.8576  9.57%  18.0  580s
 144702 105021 17919.3788   42   82 18279.6763 16531.6685  9.56%  18.0  585s
 145940 105921 18140.6853   55   77 18279.6763 16533.6772  9.55%  18.0  590s
 147252 106881 16791.3561   38   81 18279.6763 16535.1139  9.54%  17.9  595s
 148549 107800 18244.3630   80   77 18279.6763 16537.3330  9.53%  17.9  600s
 149854 108757 17831.5083   69   77 18279.6763 16539.2434  9.52%  17.9  605s
 151045 109540 17830.1953   51   81 18279.6763 16540.7298  9.51%  17.9  610s
 152322 110463     cutoff   53      18279.6763 16542.3973  9.50%  17.9  615s
 153638 111427 17770.0712   64   78 18279.6763 16543.7587  9.50%  17.9  620s
 154937 112314 17728.2476   59   78 18279.6763 16545.5336  9.49%  17.8  625s
 156223 113270 18243.7639   74   76 18279.6763 16546.9852  9.48%  17.8  630s
 157494 114219     cutoff   54      18279.6763 16548.2040  9.47%  17.8  635s
 158747 115140 18095.4288   90   76 18279.6763 16550.1193  9.46%  17.8  640s
 160009 116030 17827.2007   68   80 18279.6763 16551.0956  9.46%  17.8  645s
 161140 116809 17829.0798   56   80 18279.6763 16551.9814  9.45%  17.8  650s
 162334 117675 17108.7045   43   80 18279.6763 16553.3104  9.44%  17.8  655s
 163555 118552 18231.6987   80   74 18279.6763 16554.9544  9.44%  17.8  660s
 164882 119551     cutoff   67      18279.6763 16556.3743  9.43%  17.8  665s
 166171 120428 18100.4383   62   83 18279.6763 16558.0427  9.42%  17.8  670s
 167435 121354 17882.4044   73   77 18279.6763 16559.4977  9.41%  17.8  675s
 168667 122236 17893.7494   59   80 18279.6763 16560.8700  9.40%  17.8  680s
 169895 123120     cutoff   72      18279.6763 16562.0045  9.40%  17.7  685s
 171155 124044 17717.0678   59   78 18279.6763 16563.3395  9.39%  17.7  690s
 172445 124974 17240.7197   47   78 18279.6763 16565.3098  9.38%  17.7  695s
 173731 125930     cutoff   93      18279.6763 16566.3382  9.37%  17.7  700s
 175028 126831     cutoff   83      18279.6763 16568.1026  9.36%  17.7  705s
 176312 127737 17363.5745   36   82 18279.6763 16569.5033  9.36%  17.7  710s
 177586 128655 17900.5200   44   75 18279.6763 16570.4882  9.35%  17.7  715s
 178812 129551     cutoff   83      18279.6763 16571.5995  9.34%  17.7  720s
 180113 130448     cutoff   85      18279.6763 16573.3686  9.33%  17.7  725s
 181444 131435 17846.8985   60   82 18279.6763 16574.3797  9.33%  17.7  730s
 182738 132389 17526.9592   52   82 18279.6763 16575.8103  9.32%  17.6  735s
 184071 133374 17938.6648   66   78 18279.6763 16577.2955  9.31%  17.6  740s
 185374 134301 18271.0441  101   71 18279.6763 16578.6505  9.31%  17.6  745s
 186603 135148 17724.7803   50   82 18279.6763 16579.5772  9.30%  17.6  750s
 187911 136050 17921.7620   62   78 18279.6763 16580.8345  9.29%  17.6  755s
 189156 136933 16851.3243   41   80 18279.6763 16582.3746  9.29%  17.6  760s
 190433 137870 18069.1586   46   81 18279.6763 16583.2504  9.28%  17.6  765s
 191582 138731 17920.3731   60   81 18279.6763 16584.0496  9.28%  17.6  770s
 192838 139601 17154.5091   46   78 18279.6763 16585.4950  9.27%  17.6  775s
 194156 140563 17165.1718   43   81 18279.6763 16587.4891  9.26%  17.6  780s
 195387 141424 18149.9204   71   77 18279.6763 16588.8803  9.25%  17.6  785s
 196658 142325 18099.8315   65   84 18279.6763 16589.9805  9.24%  17.6  790s
 197943 143258 17920.8259   72   78 18279.6763 16591.0639  9.24%  17.6  795s
 199214 144139 17862.7900   67   81 18279.6763 16591.9047  9.23%  17.6  800s
 200475 145026 17095.2141   42   83 18279.6763 16593.1246  9.23%  17.6  805s
 201723 145952 18075.6630   70   79 18279.6763 16593.9118  9.22%  17.6  810s
 203030 146879     cutoff   62      18279.6763 16595.2326  9.21%  17.5  815s
 204319 147870 17790.3630   58   79 18279.6763 16596.2207  9.21%  17.5  820s
 205559 148748 17586.0643   58   85 18279.6763 16597.0732  9.20%  17.5  825s
 206725 149588 16834.8266   40   79 18279.6763 16598.2148  9.20%  17.5  830s
 207998 150553 16812.6087   38   83 18279.6763 16599.0888  9.19%  17.5  835s
 209281 151492 17276.3000   46   76 18279.6763 16600.5065  9.19%  17.5  840s
 210543 152378 17524.8286   51   81 18279.6763 16601.4909  9.18%  17.5  845s
 211795 153278 18243.9272   48   75 18279.6763 16602.8447  9.17%  17.5  850s
 213070 154209 17974.5756   65   74 18279.6763 16604.1861  9.17%  17.5  855s
 214358 155131 17246.0956   47   77 18279.6763 16605.1403  9.16%  17.5  860s
 215657 156124 18066.6781   82   77 18279.6763 16606.2206  9.15%  17.5  865s
 216933 157066     cutoff   79      18279.6763 16607.0720  9.15%  17.5  870s
 218220 157975 18042.2626   63   74 18279.6763 16608.4233  9.14%  17.5  875s
 219496 158877 17691.6896   54   75 18279.6763 16609.6728  9.14%  17.5  880s
 220763 159780 17582.7409   53   78 18279.6763 16611.0932  9.13%  17.5  885s
 221983 160650 17352.0932   46   81 18279.6763 16612.5451  9.12%  17.5  890s
 223288 161555     cutoff   51      18279.6763 16613.4939  9.11%  17.5  895s
 224554 162425 17820.7316   41   81 18279.6763 16614.7117  9.11%  17.4  900s
 225841 163346 17672.8260   54   80 18279.6763 16615.7540  9.10%  17.4  905s
 227141 164258 17809.4498   67   78 18279.6763 16616.4789  9.10%  17.4  910s
 228429 165166 17814.2237   58   80 18279.6763 16617.4912  9.09%  17.4  915s
 229734 166095 17610.0937   50   81 18279.6763 16618.2060  9.09%  17.4  920s
 231021 167016 18156.8503   77   81 18279.6763 16619.7191  9.08%  17.4  925s
 232296 167909 17359.7643   42   81 18279.6763 16621.1725  9.07%  17.4  930s
 233493 168744 17146.4462   40   80 18279.6763 16622.0262  9.07%  17.4  935s
 234790 169689 18198.2621   68   81 18279.6763 16622.8774  9.06%  17.4  940s
 236081 170630 17038.4529   45   79 18279.6763 16623.8504  9.06%  17.4  945s
 237368 171599 17632.0344   55   80 18279.6763 16624.5903  9.05%  17.4  950s
 238657 172576     cutoff   63      18279.6763 16625.3261  9.05%  17.4  955s
 240003 173550     cutoff   64      18279.6763 16626.3767  9.04%  17.4  960s
 241328 174475 17742.8520   58   78 18279.6763 16627.1658  9.04%  17.4  965s
 242647 175444 17250.3601   44   77 18279.6763 16628.6198  9.03%  17.4  970s
 243987 176438 17736.0143   53   79 18279.6763 16629.5583  9.03%  17.4  975s
 245316 177375 16956.9834   44   80 18279.6763 16630.4647  9.02%  17.3  980s
 246623 178322 17132.6368   46   79 18279.6763 16631.3226  9.02%  17.4  985s
 247942 179283     cutoff   92      18279.6763 16632.3799  9.01%  17.3  990s
 249273 180200 18123.8344   78   75 18279.6763 16633.7834  9.00%  17.3  995s
 250487 181096 18037.7311   87   74 18279.6763 16634.6173  9.00%  17.3 1000s
 251854 182067 18008.7112   58   83 18279.6763 16635.5136  8.99%  17.3 1005s
 253160 183015 17912.9307   68   76 18279.6763 16636.5145  8.99%  17.3 1010s
 254420 183945 18160.9933   53   77 18279.6763 16637.3134  8.98%  17.3 1015s
 255728 184887 17017.5292   40   82 18279.6763 16638.2204  8.98%  17.3 1020s
 257089 185850 18267.8839   61   81 18279.6763 16639.2118  8.97%  17.3 1025s
 258444 186827 17170.3183   40   84 18279.6763 16640.3036  8.97%  17.3 1030s
 259789 187812 17706.3601   54   81 18279.6763 16641.1906  8.96%  17.3 1035s
 261124 188809 18014.4548   69   79 18279.6763 16642.0659  8.96%  17.3 1040s
 262429 189772 17749.4442   62   80 18279.6763 16642.7228  8.96%  17.3 1045s
 263675 190604 17286.9392   48   78 18279.6763 16643.8472  8.95%  17.3 1050s
 265021 191564 17897.7031   68   81 18279.6763 16644.5405  8.95%  17.3 1055s
 266312 192471 17041.1341   39   79 18279.6763 16645.7412  8.94%  17.3 1060s
 267631 193414 18199.1784   60   80 18279.6763 16647.1439  8.93%  17.3 1065s
 268904 194347 16964.9981   39   81 18279.6763 16647.9722  8.93%  17.3 1070s
 270157 195248 17874.7246   62   79 18279.6763 16648.7841  8.92%  17.3 1075s
 271477 196206 17140.1549   44   79 18279.6763 16649.6320  8.92%  17.3 1080s
 272745 197150 17333.0494   50   83 18279.6763 16650.4961  8.91%  17.3 1085s
 274090 198115 17361.4554   38   81 18279.6763 16651.6234  8.91%  17.3 1090s
 275357 199046 17605.0822   34   76 18279.6763 16652.5958  8.90%  17.3 1095s
 276654 199985 18048.2869   72   81 18279.6763 16653.0446  8.90%  17.3 1100s
 278029 200964 17252.3413   48   79 18279.6763 16653.6958  8.90%  17.3 1105s
 279340 201925 17706.1085   59   78 18279.6763 16654.9432  8.89%  17.3 1110s
 280725 202924 16810.8211   41   80 18279.6763 16655.7071  8.88%  17.2 1115s
 282013 203850 17812.5510   55   81 18279.6763 16656.7704  8.88%  17.2 1120s
 283337 204806 17134.9713   44   81 18279.6763 16657.7704  8.87%  17.2 1125s
 284662 205823 18215.6486   89   77 18279.6763 16658.3596  8.87%  17.2 1130s
 285865 206654 17774.4979   51   79 18279.6763 16658.9321  8.87%  17.2 1135s
 287175 207604     cutoff   62      18279.6763 16659.6002  8.86%  17.2 1140s
 288512 208581 17516.7530   39   81 18279.6763 16660.2958  8.86%  17.2 1145s
H289130 208464                    18273.549872 16660.7430  8.83%  17.2 1147s
 289735 208895 17865.1243   65   78 18273.5499 16660.7999  8.83%  17.2 1150s
 291028 209848 17928.8277   75   79 18273.5499 16661.4350  8.82%  17.2 1155s
 292367 210821     cutoff   74      18273.5499 16662.0822  8.82%  17.2 1160s
 293706 211780 18055.1346   76   81 18273.5499 16662.9161  8.81%  17.2 1165s
 295004 212714 18241.5287   81   79 18273.5499 16663.4713  8.81%  17.2 1170s
 296348 213702 17594.8305   54   80 18273.5499 16664.5098  8.81%  17.2 1175s
 297673 214681 16944.6939   44   78 18273.5499 16665.1734  8.80%  17.2 1180s
 298995 215623     cutoff   48      18273.5499 16666.0720  8.80%  17.2 1185s
 300356 216608 18199.4873   66   83 18273.5499 16667.2430  8.79%  17.2 1190s
 301706 217584 17862.8029   64   79 18273.5499 16667.9693  8.79%  17.2 1195s
 302963 218477 17309.6874   46   79 18273.5499 16668.6032  8.78%  17.2 1200s
 304156 219352 17719.4344   53   80 18273.5499 16669.4586  8.78%  17.2 1205s
 305420 220242 18196.1387   82   79 18273.5499 16670.1654  8.77%  17.2 1210s
 306648 221136 17697.5483   59   81 18273.5499 16670.9198  8.77%  17.2 1215s
 307938 222084     cutoff   82      18273.5499 16671.8551  8.77%  17.2 1220s
 309173 223003 18082.5582   70   85 18273.5499 16672.2222  8.76%  17.2 1225s
 310416 223924 17756.2322   42   78 18273.5499 16673.0008  8.76%  17.2 1230s
 311665 224805 17076.4333   46   78 18273.5499 16673.6237  8.76%  17.2 1235s
 312960 225738 17814.1405   64   82 18273.5499 16674.3984  8.75%  17.2 1240s
 314212 226622 17545.7763   59   77 18273.5499 16675.1545  8.75%  17.2 1245s
 315501 227543 16847.5671   36   81 18273.5499 16675.8897  8.74%  17.2 1250s
 316703 228419 17670.7879   51   82 18273.5499 16676.7502  8.74%  17.2 1255s
 317976 229298 18049.1932   42   78 18273.5499 16677.8307  8.73%  17.2 1260s
 319270 230248     cutoff   78      18273.5499 16678.5643  8.73%  17.2 1265s
 320570 231202 18114.4084   64   77 18273.5499 16679.2803  8.72%  17.2 1270s
 321884 232146 17083.0922   41   80 18273.5499 16679.7879  8.72%  17.2 1275s
 323168 233078 17863.9962   60   72 18273.5499 16680.2809  8.72%  17.2 1280s
 324443 233965 17223.3582   47   80 18273.5499 16680.8646  8.72%  17.2 1285s
 325420 234694 18046.0524   69   78 18273.5499 16681.2309  8.71%  17.1 1290s
 326618 235550 18108.9667   80   77 18273.5499 16681.8309  8.71%  17.1 1295s
 327980 236494 17090.8961   44   80 18273.5499 16682.6928  8.71%  17.1 1300s
 329129 237263 17444.4806   44   79 18273.5499 16683.3321  8.70%  17.1 1305s
 330445 238229 17676.2051   61   79 18273.5499 16684.3490  8.70%  17.1 1310s
 331694 239154 18241.0684   91   75 18273.5499 16684.8542  8.69%  17.1 1315s
 332987 240087 17610.4149   45   80 18273.5499 16685.4662  8.69%  17.1 1320s
 334283 240997 17705.0764   39   80 18273.5499 16686.0525  8.69%  17.1 1325s
 335600 241950 17352.9073   50   80 18273.5499 16686.8609  8.68%  17.1 1330s
 336914 242940 18092.6460   59   81 18273.5499 16687.4237  8.68%  17.1 1335s
 338216 243872 17485.3438   49   81 18273.5499 16688.1825  8.68%  17.1 1340s
 339562 244866 17459.9137   46   83 18273.5499 16688.9122  8.67%  17.1 1345s
 340842 245768 17918.0232   63   77 18273.5499 16689.8742  8.67%  17.1 1350s
 342142 246712     cutoff   64      18273.5499 16690.4767  8.66%  17.1 1355s
 343409 247647 17430.5694   52   76 18273.5499 16691.1842  8.66%  17.1 1360s
 344714 248608 17861.9081   69   79 18273.5499 16692.0855  8.65%  17.1 1365s
 346009 249573 17201.4600   44   83 18273.5499 16692.8066  8.65%  17.1 1370s
 347325 250547 18225.3864   90   74 18273.5499 16693.4048  8.65%  17.1 1375s
 348638 251472 17162.4907   45   80 18273.5499 16694.0997  8.64%  17.1 1380s
 349953 252453 17844.0674   65   81 18273.5499 16694.6592  8.64%  17.1 1385s
 351256 253366 18211.1265   66   85 18273.5499 16695.7463  8.63%  17.1 1390s
 352587 254313     cutoff   78      18273.5499 16696.6519  8.63%  17.1 1395s
 353846 255258 17635.9434   47   83 18273.5499 16697.1732  8.63%  17.1 1400s
 355142 256148     cutoff   78      18273.5499 16697.7122  8.62%  17.1 1405s
 356421 257101 17214.1986   41   81 18273.5499 16698.3540  8.62%  17.0 1410s
 357670 257972     cutoff   71      18273.5499 16698.9225  8.62%  17.0 1415s
 358957 258907 17581.1286   50   79 18273.5499 16699.5326  8.61%  17.0 1420s
 360228 259794 17946.5924   61   79 18273.5499 16700.0462  8.61%  17.0 1425s
 361534 260750 17834.5865   63   81 18273.5499 16700.7524  8.61%  17.0 1430s
 362786 261664 18257.5496  104   70 18273.5499 16701.2283  8.60%  17.0 1435s
 364062 262570 17415.6861   46   79 18273.5499 16701.9588  8.60%  17.0 1440s
 365376 263524     cutoff   66      18273.5499 16702.4710  8.60%  17.0 1445s
 366578 264378 16845.4138   41   82 18273.5499 16703.0904  8.59%  17.0 1450s
 367888 265330 17469.3158   43   78 18273.5499 16703.5148  8.59%  17.0 1455s
 369141 266233     cutoff   53      18273.5499 16703.9527  8.59%  17.0 1460s
 370436 267186 18043.1789   61   75 18273.5499 16704.5069  8.59%  17.0 1465s
 371769 268167 17780.9137   59   79 18273.5499 16704.9706  8.58%  17.0 1470s
 373036 269106     cutoff   75      18273.5499 16705.5960  8.58%  17.0 1475s
 374383 270059 17798.0375   58   77 18273.5499 16706.3209  8.58%  17.0 1480s
 375658 270976 17662.9667   49   81 18273.5499 16706.9257  8.57%  17.0 1485s
 376927 271901 18239.8224   62   81 18273.5499 16707.4578  8.57%  17.0 1490s
 378137 272781 17937.6149   65   79 18273.5499 16708.0559  8.57%  17.0 1495s
 379397 273689 17881.9301   61   82 18273.5499 16708.4841  8.56%  17.0 1500s
 380705 274625 18180.8371   70   82 18273.5499 16709.0789  8.56%  17.0 1505s
 382007 275559 18033.1922   42   79 18273.5499 16709.8974  8.56%  17.0 1510s
 383287 276493 16969.8313   42   79 18273.5499 16710.3174  8.55%  17.0 1515s
 384601 277457 17722.0548   62   80 18273.5499 16710.8998  8.55%  17.0 1520s
 385881 278359 17847.2978   57   79 18273.5499 16711.5629  8.55%  17.0 1525s
 387173 279265 17974.0860   58   79 18273.5499 16712.1540  8.54%  17.0 1530s
 388510 280264 17609.6606   53   83 18273.5499 16712.8491  8.54%  17.0 1535s
 389823 281215 18133.0181   64   76 18273.5499 16713.4495  8.54%  17.0 1540s
 391073 282081 17704.7799   52   80 18273.5499 16714.1528  8.53%  17.0 1545s
 392405 283037 17596.0447   42   85 18273.5499 16715.0610  8.53%  17.0 1550s
 393755 283993 17859.3635   41   80 18273.5499 16715.6939  8.53%  17.0 1555s
 395114 284948 17124.7223   44   81 18273.5499 16716.2730  8.52%  17.0 1560s
 396355 285789 18109.0681   39   77 18273.5499 16716.8977  8.52%  17.0 1565s
 397709 286779 18173.5422   71   78 18273.5499 16717.4398  8.52%  17.0 1570s
 399013 287725 17775.2147   58   78 18273.5499 16718.0593  8.51%  17.0 1575s
 400322 288662 17409.9180   47   78 18273.5499 16718.5934  8.51%  17.0 1580s
 401622 289594 17794.8541   57   77 18273.5499 16719.2122  8.51%  17.0 1585s
H402271 290047                    18273.549189 16719.4549  8.50%  17.0 1587s
H402375 290113                    18273.549044 16719.6360  8.50%  17.0 1587s
H402401 290125                    18273.548920 16719.6360  8.50%  17.0 1588s
H402453 290157                    18273.548138 16719.6813  8.50%  17.0 1588s
 402898 290482 17287.3242   44   83 18273.5481 16719.9366  8.50%  17.0 1590s
H403455 290897                    18273.547851 16720.1039  8.50%  17.0 1592s
 404271 291493 16950.8529   39   82 18273.5479 16720.5335  8.50%  17.0 1595s
 405595 292419 17483.0888   51   75 18273.5479 16721.1346  8.50%  17.0 1600s
 406918 293380 17841.7132   64   80 18273.5479 16721.6079  8.49%  17.0 1605s
 408261 294319 17814.7122   58   80 18273.5479 16722.1828  8.49%  17.0 1610s
 409598 295312 17684.9594   61   77 18273.5479 16722.6984  8.49%  17.0 1615s
 410908 296252 17365.7597   47   77 18273.5479 16723.2052  8.48%  17.0 1620s
 412205 297185 17933.5599   60   76 18273.5479 16723.7387  8.48%  17.0 1625s
 413476 298130 17982.2873   56   80 18273.5479 16724.2513  8.48%  17.0 1630s
 414738 299032 17957.4940   75   78 18273.5479 16724.8830  8.47%  17.0 1635s
 416025 299959     cutoff   68      18273.5479 16725.6071  8.47%  17.0 1640s
 417277 300867 17494.3158   54   84 18273.5479 16726.1893  8.47%  17.0 1645s
 418536 301764 18167.6437   81   78 18273.5479 16726.7719  8.46%  17.0 1650s
 419770 302630 17625.1425   42   76 18273.5479 16727.2790  8.46%  17.0 1655s
 421068 303594 17361.4850   46   74 18273.5479 16728.0898  8.46%  17.0 1660s
 422319 304445 18246.7147   56   75 18273.5479 16728.4098  8.46%  17.0 1665s
 423565 305367 18103.4890   46   79 18273.5479 16728.7901  8.45%  17.0 1670s
 424811 306285 17838.1813   56   81 18273.5479 16729.1928  8.45%  17.0 1675s
 426126 307214 17809.6369   59   77 18273.5479 16729.6030  8.45%  17.0 1680s
 427379 308119 18110.8908   59   79 18273.5479 16730.0649  8.45%  17.0 1685s
 428581 308981 17662.7876   58   79 18273.5479 16730.5875  8.44%  17.0 1690s
 429888 309922 17553.2758   50   80 18273.5479 16731.1625  8.44%  17.0 1695s
 431178 310846 18099.8307   68   81 18273.5479 16731.6807  8.44%  17.0 1700s
 432502 311810 17436.1951   48   82 18273.5479 16732.4025  8.43%  17.0 1705s
 433783 312693 17232.5429   41   80 18273.5479 16732.6254  8.43%  17.0 1710s
 435075 313619 17138.7145   43   80 18273.5479 16733.4750  8.43%  17.0 1715s
 436372 314544 17277.2762   42   79 18273.5479 16734.2209  8.42%  17.0 1720s
 437647 315435 17643.8118   55   78 18273.5479 16734.7008  8.42%  17.0 1725s
 438966 316368     cutoff   75      18273.5479 16735.4052  8.42%  17.0 1730s
 440259 317307 17509.9716   55   78 18273.5479 16735.9868  8.41%  17.0 1735s
 441560 318214 18222.3706   59   81 18273.5479 16736.4406  8.41%  17.0 1740s
 442868 319154 18149.4612   76   79 18273.5479 16736.9279  8.41%  17.0 1745s
 444213 320191 18059.4329   46   77 18273.5479 16737.2720  8.41%  17.0 1750s
 445537 321131 17986.5243   66   79 18273.5479 16737.7462  8.40%  17.0 1755s
 446785 322001 17552.1546   49   76 18273.5479 16738.4223  8.40%  17.0 1760s
 448092 322932 17932.1464   60   80 18273.5479 16738.7560  8.40%  17.0 1765s
 449409 323869 17006.8525   41   80 18273.5479 16739.3070  8.40%  17.0 1770s
 450726 324792 17442.0438   47   79 18273.5479 16739.8993  8.39%  17.0 1775s
 452038 325758 17805.7675   64   81 18273.5479 16740.4565  8.39%  17.0 1780s
 453368 326704     cutoff   72      18273.5479 16741.1188  8.39%  17.0 1785s
 454639 327637     cutoff   78      18273.5479 16741.5655  8.38%  17.0 1790s
 455941 328535 17206.0483   42   80 18273.5479 16742.0869  8.38%  17.0 1795s
 457333 329583 17682.6128   61   75 18273.5479 16742.5219  8.38%  17.0 1800s
 458484 330382 17695.4446   62   77 18273.5479 16742.9145  8.38%  17.0 1805s
 459790 331308 17994.4703   59   79 18273.5479 16743.3842  8.37%  17.0 1810s
 461114 332270 17552.3781   46   80 18273.5479 16743.9208  8.37%  17.0 1815s
 462374 333172 17012.9282   43   81 18273.5479 16744.3820  8.37%  17.0 1820s
 463667 334111 17275.5903   42   81 18273.5479 16744.7981  8.37%  17.0 1825s
 464924 335030     cutoff   67      18273.5479 16745.3662  8.36%  17.0 1830s
 466231 335983 17494.7672   54   80 18273.5479 16745.9046  8.36%  17.0 1835s
 467527 336903 18100.6072   74   78 18273.5479 16746.3955  8.36%  17.0 1840s
 468839 337845 17655.5066   51   81 18273.5479 16746.9543  8.35%  16.9 1845s
 470137 338813 18147.8821   76   80 18273.5479 16747.4017  8.35%  16.9 1850s
 471394 339652 17958.4341   64   84 18273.5479 16747.8544  8.35%  17.0 1855s
 472689 340573 17411.9324   43   82 18273.5479 16748.6231  8.34%  16.9 1860s
 473946 341486 17979.9183   59   82 18273.5479 16749.1226  8.34%  16.9 1865s
 475224 342364 17965.7997   63   79 18273.5479 16749.6022  8.34%  16.9 1870s
 476543 343327 17597.5360   60   84 18273.5479 16750.1475  8.34%  16.9 1875s
 477816 344258 18219.0737   87   79 18273.5479 16750.5207  8.33%  16.9 1880s
 479114 345188 17557.2249   47   83 18273.5479 16750.9704  8.33%  16.9 1885s
 480381 346089     cutoff   78      18273.5479 16751.4116  8.33%  16.9 1890s
 481685 346985 17838.6071   64   78 18273.5479 16751.8194  8.33%  16.9 1895s
 482994 347922 18120.5470   59   76 18273.5479 16752.2948  8.32%  16.9 1900s
 484339 348919 17826.5604   54   82 18273.5479 16752.7657  8.32%  16.9 1905s
 485544 349766 17570.7806   51   79 18273.5479 16753.3450  8.32%  16.9 1910s
 486863 350705 18235.2959   87   72 18273.5479 16753.7914  8.32%  16.9 1915s
 488216 351712 17612.8554   55   77 18273.5479 16754.2817  8.31%  16.9 1920s
 489522 352620 17734.2834   51   82 18273.5479 16754.7741  8.31%  16.9 1925s
 490829 353573 17066.9704   40   78 18273.5479 16755.3540  8.31%  16.9 1930s
 492146 354540 18267.0244   74   79 18273.5479 16755.9005  8.31%  16.9 1935s
 493447 355431     cutoff  105      18273.5479 16756.3604  8.30%  16.9 1940s
 494725 356353     cutoff   55      18273.5479 16756.9916  8.30%  16.9 1945s
 496047 357285 17922.1039   53   82 18273.5479 16757.5840  8.30%  16.9 1950s
 497337 358203 17072.7510   40   80 18273.5479 16758.0795  8.29%  16.9 1955s
 498659 359161 17183.8397   41   83 18273.5479 16758.5251  8.29%  16.9 1960s
 499962 360064 17409.8001   42   81 18273.5479 16758.9867  8.29%  16.9 1965s
 501250 360954 17402.4488   45   80 18273.5479 16759.5511  8.29%  16.9 1970s
 502537 361883 18161.6280   80   80 18273.5479 16760.0987  8.28%  16.9 1975s
 503862 362850 17463.9130   38   81 18273.5479 16760.7249  8.28%  16.9 1980s
 505058 363726 17871.8249   57   80 18273.5479 16761.0717  8.28%  16.9 1985s
 506400 364672 18042.5361   66   83 18273.5479 16761.5301  8.27%  16.9 1990s
 507755 365653 17759.3914   60   81 18273.5479 16761.9968  8.27%  16.9 1995s
 509048 366566 17008.1553   42   79 18273.5479 16762.4320  8.27%  16.9 2000s
 510344 367508     cutoff   80      18273.5479 16762.8037  8.27%  16.9 2005s
 511600 368396     cutoff   62      18273.5479 16763.2973  8.26%  16.9 2010s
 512937 369391 17854.6991   66   79 18273.5479 16763.8328  8.26%  16.9 2015s
 514228 370312 18140.1498   60   80 18273.5479 16764.5174  8.26%  16.9 2020s
 515549 371265 17871.0832   52   82 18273.5479 16764.9471  8.26%  16.9 2025s
 516810 372176 17353.0716   47   82 18273.5479 16765.2113  8.25%  16.9 2030s
 518105 373109 18106.1036   83   74 18273.5479 16765.6884  8.25%  16.9 2035s
 519371 374043 17947.4191   63   79 18273.5479 16766.2615  8.25%  16.9 2040s
 520537 374905 17221.6588   47   83 18273.5479 16766.7259  8.25%  16.9 2045s
 521821 375837 17731.7826   63   79 18273.5479 16767.1903  8.24%  16.9 2050s
 523129 376769 17515.6561   45   79 18273.5479 16767.5504  8.24%  16.9 2055s
 524468 377746 17724.2042   54   79 18273.5479 16767.9682  8.24%  16.9 2060s
 525776 378686     cutoff   40      18273.5479 16768.4284  8.24%  16.9 2065s
 527082 379576 17889.8635   60   75 18273.5479 16768.8104  8.23%  16.9 2070s
 528334 380452 17254.0935   45   80 18273.5479 16769.3604  8.23%  16.9 2075s
 529601 381349 17106.0092   41   83 18273.5479 16769.6809  8.23%  16.9 2080s
 530881 382279     cutoff   64      18273.5479 16770.1635  8.23%  16.9 2085s
 532174 383226 17545.6753   50   78 18273.5479 16770.4860  8.23%  16.9 2090s
 533428 384138 17369.7931   45   81 18273.5479 16770.7498  8.22%  16.9 2095s
 534693 385043 17791.6621   54   83 18273.5479 16771.1965  8.22%  16.9 2100s
 535872 385884 17787.6209   61   79 18273.5479 16771.5522  8.22%  16.9 2105s
 537144 386800 17985.5870   46   80 18273.5479 16771.9183  8.22%  16.9 2110s
 538419 387723 18213.5500   68   72 18273.5479 16772.2956  8.22%  16.9 2115s
 539662 388570 18007.5524   62   78 18273.5479 16772.7640  8.21%  16.9 2120s
 540912 389444     cutoff   77      18273.5479 16773.1277  8.21%  16.9 2125s
 542154 390286 17192.7935   45   79 18273.5479 16773.6560  8.21%  16.9 2130s
 543462 391262 17256.9138   46   81 18273.5479 16773.9584  8.21%  16.9 2135s
 544755 392197     cutoff   70      18273.5479 16774.2899  8.20%  16.9 2140s
H546036 393100                    18273.546959 16774.6215  8.20%  16.9 2145s
H546329 393307                    18273.544805 16774.6998  8.20%  16.9 2146s
H546407 393359                    18273.542674 16774.7380  8.20%  16.9 2146s
 547314 394006 18002.3989   68   78 18273.5427 16775.0258  8.20%  16.9 2150s
H547409 394065                    18273.542668 16775.0572  8.20%  16.9 2150s
 548618 394938     cutoff   69      18273.5427 16775.4910  8.20%  16.9 2155s
 549899 395837 16983.0985   41   79 18273.5427 16775.8364  8.20%  16.9 2160s
 551177 396785 17920.5662   65   76 18273.5427 16776.1295  8.19%  16.9 2165s
H551399 396909                    18273.542665 16776.1648  8.19%  16.9 2166s
 552518 397668 17153.5435   44   79 18273.5427 16776.5039  8.19%  16.9 2170s
 553857 398653 17781.9718   39   81 18273.5427 16776.8700  8.19%  16.9 2175s
 555178 399580     cutoff   79      18273.5427 16777.3482  8.19%  16.9 2180s
 556524 400520     cutoff   78      18273.5427 16777.8618  8.18%  16.9 2185s
 557925 401511 17512.4502   55   80 18273.5427 16778.2545  8.18%  16.9 2190s
 559257 402475 18051.0208   67   74 18273.5427 16778.7827  8.18%  16.9 2195s
 560610 403444 18131.1866   70   80 18273.5427 16779.3035  8.18%  16.9 2200s
 561955 404347     cutoff   50      18273.5427 16779.7751  8.17%  16.9 2205s
 563151 405169 17790.6479   52   76 18273.5427 16780.0684  8.17%  16.9 2210s
 564455 406077 17446.2854   45   81 18273.5427 16780.5392  8.17%  16.9 2215s
 565703 406963 17616.2244   49   81 18273.5427 16780.8858  8.17%  16.9 2220s
 566952 407856 17280.9473   39   82 18273.5427 16781.2144  8.17%  16.9 2225s
 568220 408770 17809.9525   54   77 18273.5427 16781.6998  8.16%  16.8 2230s
 569474 409656 17863.5674   59   78 18273.5427 16782.0933  8.16%  16.8 2235s
 570686 410498 18218.9147   55   72 18273.5427 16782.4809  8.16%  16.8 2240s
 571935 411419 17576.4501   56   76 18273.5427 16782.7613  8.16%  16.8 2245s
 573221 412343 17720.9683   67   79 18273.5427 16783.2215  8.16%  16.8 2250s
 574451 413189     cutoff   61      18273.5427 16783.4920  8.15%  16.8 2255s
 575690 414056 17959.7056   53   73 18273.5427 16783.8840  8.15%  16.8 2260s
 576952 414962 18209.8045   85   77 18273.5427 16784.3646  8.15%  16.8 2265s
 578135 415795 17810.5207   55   76 18273.5427 16784.6948  8.15%  16.8 2270s
 579440 416714 17709.2077   53   80 18273.5427 16784.9791  8.15%  16.8 2275s
 580741 417635 17748.1592   54   80 18273.5427 16785.5260  8.14%  16.8 2280s
 582019 418533 18259.3225   54   78 18273.5427 16786.0799  8.14%  16.8 2285s
 583294 419432 17745.4864   58   80 18273.5427 16786.6131  8.14%  16.8 2290s
 584572 420330 17326.7308   43   77 18273.5427 16787.0477  8.13%  16.8 2295s
 585911 421255 18035.4560   48   73 18273.5427 16787.5270  8.13%  16.8 2300s
 587194 422158 18169.3903   68   79 18273.5427 16787.8996  8.13%  16.8 2305s
 588518 423074 17100.3229   45   77 18273.5427 16788.3680  8.13%  16.8 2310s
 589801 424005 17983.3022   52   75 18273.5427 16788.6060  8.13%  16.8 2315s
 591026 424888 18066.0986   68   78 18273.5427 16788.9942  8.12%  16.8 2320s
 592347 425813 17207.5827   47   79 18273.5427 16789.3948  8.12%  16.8 2325s
 593659 426733 17140.3093   46   78 18273.5427 16789.7660  8.12%  16.8 2330s
 594993 427723 17656.2984   55   75 18273.5427 16790.1460  8.12%  16.8 2335s
 596237 428575 17574.9923   57   82 18273.5427 16790.5465  8.12%  16.8 2340s
 597569 429525 18121.0739   72   80 18273.5427 16791.0234  8.11%  16.8 2345s
 598849 430441 17500.9677   45   83 18273.5427 16791.3385  8.11%  16.8 2350s
 600129 431333     cutoff   71      18273.5427 16791.6423  8.11%  16.8 2355s
 601443 432299 18121.0873   86   77 18273.5427 16792.0451  8.11%  16.8 2360s
 602722 433198 18019.7537   59   81 18273.5427 16792.4143  8.11%  16.8 2365s
 604022 434152 18002.9757   61   80 18273.5427 16792.9250  8.10%  16.8 2370s
 605219 435007 17786.3341   50   77 18273.5427 16793.2510  8.10%  16.8 2375s
 606496 435920     cutoff   78      18273.5427 16793.5709  8.10%  16.8 2380s
 607802 436854 17409.9909   49   78 18273.5427 16794.0728  8.10%  16.8 2385s
 609122 437796 17929.6668   61   76 18273.5427 16794.5957  8.09%  16.8 2390s
 610422 438708 17800.3954   55   81 18273.5427 16794.8995  8.09%  16.8 2395s
 611695 439623 16889.1204   39   81 18273.5427 16795.3835  8.09%  16.8 2400s
 612954 440536 17627.3811   52   80 18273.5427 16795.6496  8.09%  16.8 2405s
 613810 441130 18035.1174   74   79 18273.5427 16795.9388  8.09%  16.8 2410s
 614954 441884 17661.3207   47   82 18273.5427 16796.2702  8.08%  16.8 2415s
 616164 442746 17658.5630   51   79 18273.5427 16796.5483  8.08%  16.8 2420s
 617419 443615 16892.0104   42   77 18273.5427 16796.9149  8.08%  16.8 2425s
 618679 444517 17805.2042   53   81 18273.5427 16797.2690  8.08%  16.8 2430s
 620014 445446 17841.2661   57   81 18273.5427 16797.6701  8.08%  16.8 2435s
 621269 446315 17576.7913   54   76 18273.5427 16797.9808  8.07%  16.8 2440s
 622506 447158 17693.8222   46   79 18273.5427 16798.3538  8.07%  16.8 2445s
 623789 448043 17280.9465   46   76 18273.5427 16799.0398  8.07%  16.8 2450s
 625077 448939 17565.1149   48   76 18273.5427 16799.3168  8.07%  16.8 2455s
 626340 449828 17777.3080   52   75 18273.5427 16799.6652  8.07%  16.8 2460s
 627620 450738 17842.9505   65   77 18273.5427 16799.9268  8.06%  16.8 2465s
 628899 451641 18130.4932   60   83 18273.5427 16800.2990  8.06%  16.8 2470s
 630168 452516 18030.3804   69   82 18273.5427 16800.6209  8.06%  16.8 2475s
 631449 453439 17991.0411   62   79 18273.5427 16800.9732  8.06%  16.8 2480s
 632733 454351 18024.0618   59   83 18273.5427 16801.3429  8.06%  16.8 2485s
 633939 455181 16943.7443   40   81 18273.5427 16801.7190  8.05%  16.8 2490s
 635237 456119 17360.4790   48   83 18273.5427 16802.1210  8.05%  16.8 2495s
 636558 457072 17313.8750   44   85 18273.5427 16802.4690  8.05%  16.8 2500s
 637801 458001     cutoff  109      18273.5427 16802.6784  8.05%  16.8 2505s
 639094 458912 18165.8961   62   84 18273.5427 16802.9902  8.05%  16.8 2510s
 640358 459774 18132.8641   67   79 18273.5427 16803.3716  8.05%  16.8 2515s
 641616 460674 17885.0169   50   82 18273.5427 16803.7231  8.04%  16.8 2520s
 642866 461522 17490.9187   46   80 18273.5427 16804.0722  8.04%  16.8 2525s
 644125 462401 17462.4199   51   80 18273.5427 16804.4651  8.04%  16.8 2530s
 645452 463360 18131.8854   52   77 18273.5427 16804.7989  8.04%  16.8 2535s
 646751 464297     cutoff   83      18273.5427 16805.0062  8.04%  16.8 2540s
 648058 465228 17526.5839   53   72 18273.5427 16805.4625  8.03%  16.8 2545s
 649290 466080     cutoff   79      18273.5427 16805.7733  8.03%  16.8 2550s
 650613 467055 17831.6132   66   78 18273.5427 16806.0616  8.03%  16.8 2555s
 651963 468067 18062.0293   61   80 18273.5427 16806.4017  8.03%  16.8 2560s
 653273 468979 17233.0554   46   77 18273.5427 16806.7177  8.03%  16.8 2565s
 654581 469933 17745.9768   54   78 18273.5427 16807.0511  8.03%  16.8 2570s
 655913 470865 17741.8559   54   84 18273.5427 16807.5410  8.02%  16.8 2575s
 657187 471757 17274.0698   44   81 18273.5427 16807.9531  8.02%  16.8 2580s
 658493 472671 18236.7502   65   82 18273.5427 16808.2427  8.02%  16.8 2585s
 659705 473555 17819.5506   56   79 18273.5427 16808.5536  8.02%  16.8 2590s
 661036 474484 17999.9282   57   79 18273.5427 16809.0713  8.01%  16.8 2595s
 662348 475392 17859.1891   58   79 18273.5427 16809.5447  8.01%  16.8 2600s
 663590 476222 17572.3225   54   77 18273.5427 16809.9437  8.01%  16.8 2605s
 664872 477104 17516.8409   47   80 18273.5427 16810.2040  8.01%  16.8 2610s
 666138 477976 18213.1615   64   77 18273.5427 16810.5220  8.01%  16.8 2615s
 667403 478893 17857.6610   47   80 18273.5427 16810.9266  8.00%  16.8 2620s
 668701 479805 17854.7733   61   76 18273.5427 16811.2764  8.00%  16.8 2625s
 669988 480724 17356.4298   47   80 18273.5427 16811.7162  8.00%  16.8 2630s
 671150 481574     cutoff   76      18273.5427 16812.0150  8.00%  16.8 2635s
 672459 482493 18052.5840   45   76 18273.5427 16812.3503  8.00%  16.8 2640s
 673743 483373 18094.5347   43   81 18273.5427 16812.7461  7.99%  16.8 2645s
 675013 484285     cutoff   83      18273.5427 16812.9960  7.99%  16.8 2650s
 676288 485190 17815.8019   53   77 18273.5427 16813.3538  7.99%  16.8 2655s
 677533 486049 18044.0130   57   80 18273.5427 16813.6646  7.99%  16.8 2660s
 678818 486930 18054.7582   47   80 18273.5427 16814.0603  7.99%  16.8 2665s
 680068 487834     cutoff   65      18273.5427 16814.4919  7.98%  16.8 2670s
 681350 488724 18211.7670   59   78 18273.5427 16815.0416  7.98%  16.8 2675s
 682672 489658 17287.0065   41   76 18273.5427 16815.4683  7.98%  16.8 2680s
 683840 490508 18202.8230   96   75 18273.5427 16815.6615  7.98%  16.8 2685s
 685102 491370     cutoff   65      18273.5427 16815.9622  7.98%  16.8 2690s
 686396 492292 17546.1417   46   80 18273.5427 16816.2908  7.97%  16.8 2695s
 687682 493220     cutoff   75      18273.5427 16816.6460  7.97%  16.8 2700s
 688968 494100 17913.8935   69   78 18273.5427 16816.9663  7.97%  16.8 2705s
 690181 494971     cutoff   69      18273.5427 16817.2767  7.97%  16.8 2710s
 691468 495918 18116.0462   45   79 18273.5427 16817.6284  7.97%  16.8 2715s
 692723 496821 17942.7740   60   77 18273.5427 16817.9604  7.97%  16.8 2720s
 693983 497715 17247.5846   47   81 18273.5427 16818.2565  7.96%  16.8 2725s
 695238 498608 17381.2910   46   79 18273.5427 16818.6149  7.96%  16.8 2730s
 696499 499501 18092.5606   59   83 18273.5427 16818.9997  7.96%  16.8 2735s
 697745 500399 17955.0507   61   77 18273.5427 16819.3029  7.96%  16.8 2740s
 698962 501268 18126.2244   67   79 18273.5427 16819.5982  7.96%  16.8 2745s
 700216 502154     cutoff   62      18273.5427 16819.9185  7.95%  16.8 2750s
 701454 503028 17979.1607   65   78 18273.5427 16820.2594  7.95%  16.8 2755s
 702751 503939 17656.2784   54   83 18273.5427 16820.6166  7.95%  16.8 2760s
 704003 504803     cutoff   72      18273.5427 16820.8744  7.95%  16.8 2765s
 705283 505737 17930.4844   60   80 18273.5427 16821.2272  7.95%  16.8 2770s
 706562 506640 17797.6322   58   80 18273.5427 16821.6188  7.95%  16.8 2775s
 707829 507525 17899.1109   55   82 18273.5427 16821.8793  7.94%  16.8 2780s
 709069 508369 17566.1825   49   78 18273.5427 16822.1707  7.94%  16.8 2785s
 710348 509276 17537.2681   43   80 18273.5427 16822.4847  7.94%  16.8 2790s
 711535 510111 17306.7185   46   76 18273.5427 16822.9207  7.94%  16.8 2795s
 712816 511006 18219.9873   66   78 18273.5427 16823.2528  7.94%  16.8 2800s
 714088 511894 18028.0520   62   79 18273.5427 16823.5824  7.93%  16.8 2805s
 715362 512806 17965.9756   67   78 18273.5427 16823.8691  7.93%  16.8 2810s
 716612 513672 18051.1002   68   75 18273.5427 16824.2373  7.93%  16.8 2815s
 717908 514586 17205.0907   40   79 18273.5427 16824.6183  7.93%  16.8 2820s
 719180 515486 18059.6124   74   78 18273.5427 16825.0439  7.93%  16.8 2825s
 720461 516369 17717.1495   56   79 18273.5427 16825.4521  7.92%  16.8 2830s
 721719 517253 17845.2019   44   80 18273.5427 16825.7473  7.92%  16.8 2835s
 722960 518122 17164.1561   43   80 18273.5427 16825.9766  7.92%  16.8 2840s
 724194 519010 17624.8786   52   75 18273.5427 16826.3385  7.92%  16.8 2845s
 725445 519881 17979.9799   56   80 18273.5427 16826.6598  7.92%  16.8 2850s
 726715 520791 17021.2468   39   82 18273.5427 16826.9838  7.92%  16.8 2855s
 727941 521677 17960.5074   68   77 18273.5427 16827.3452  7.91%  16.8 2860s
 729222 522588 17768.0133   49   77 18273.5427 16827.6777  7.91%  16.8 2865s
 730459 523433 17594.1564   46   76 18273.5427 16827.9877  7.91%  16.8 2870s
 731737 524365     cutoff   80      18273.5427 16828.1850  7.91%  16.8 2875s
 732977 525245 16964.2317   36   84 18273.5427 16828.6471  7.91%  16.8 2880s
 734282 526144     cutoff   67      18273.5427 16828.9424  7.91%  16.8 2885s
 735460 526972 17387.7250   47   79 18273.5427 16829.2478  7.90%  16.8 2890s
 736713 527853 18004.3642   52   79 18273.5427 16829.5364  7.90%  16.8 2895s
 737959 528715 17146.6393   42   83 18273.5427 16829.8945  7.90%  16.8 2900s
 739225 529597 18124.5892   29   88 18273.5427 16830.2048  7.90%  16.8 2905s
 740519 530519 17853.5813   62   79 18273.5427 16830.5053  7.90%  16.8 2910s
 741781 531423 18008.0800   57   78 18273.5427 16830.8075  7.90%  16.8 2915s
 743057 532337 17371.8054   45   79 18273.5427 16831.1656  7.89%  16.8 2920s
 744355 533275 17364.5702   47   80 18273.5427 16831.5330  7.89%  16.8 2925s
 745608 534172 17924.6611   58   79 18273.5427 16831.8738  7.89%  16.8 2930s
 746898 535050 17751.0654   62   77 18273.5427 16832.2435  7.89%  16.8 2935s
 748141 535945 17614.9622   44   76 18273.5427 16832.5931  7.89%  16.8 2940s
 749404 536868 18123.1030   71   74 18273.5427 16832.8545  7.88%  16.8 2945s
 750589 537709 18001.0541   67   79 18273.5427 16833.0735  7.88%  16.8 2950s
 751816 538584 17106.6382   44   76 18273.5427 16833.3198  7.88%  16.8 2955s
 753100 539498 18062.7504   65   78 18273.5427 16833.5764  7.88%  16.8 2960s
 754377 540399 18258.6283   66   80 18273.5427 16833.8398  7.88%  16.8 2965s
 755664 541296     cutoff   61      18273.5427 16834.1062  7.88%  16.8 2970s
 756931 542183 17949.9036   66   79 18273.5427 16834.4800  7.88%  16.8 2975s
 758225 543097 17292.0700   48   79 18273.5427 16834.8567  7.87%  16.8 2980s
 759496 543996     cutoff   54      18273.5427 16835.0925  7.87%  16.8 2985s
 760761 544911 18152.8239   75   76 18273.5427 16835.3218  7.87%  16.8 2990s
 762064 545858 17866.9564   57   80 18273.5427 16835.6469  7.87%  16.8 2995s
 763333 546725 17997.0534   59   84 18273.5427 16835.9810  7.87%  16.8 3000s
 764551 547551     cutoff   72      18273.5427 16836.2614  7.87%  16.8 3005s
 765837 548483 17880.1016   60   82 18273.5427 16836.4460  7.86%  16.8 3010s
 767087 549339 17323.1540   43   81 18273.5427 16836.7850  7.86%  16.8 3015s
 768340 550252 17063.5678   42   82 18273.5427 16837.1227  7.86%  16.8 3020s
 769489 551077 18068.1356   64   80 18273.5427 16837.4095  7.86%  16.8 3025s
 770738 551918     cutoff   64      18273.5427 16837.7241  7.86%  16.8 3030s
 771957 552803 17783.0619   58   79 18273.5427 16837.9116  7.86%  16.8 3035s
 773211 553725 17159.8769   41   81 18273.5427 16838.1676  7.85%  16.8 3040s
 774446 554584 17102.9529   44   80 18273.5427 16838.4557  7.85%  16.8 3045s
 775676 555438 18155.8172   71   81 18273.5427 16838.7219  7.85%  16.8 3050s
 776944 556330     cutoff   76      18273.5427 16838.9732  7.85%  16.8 3055s
 778212 557224 17724.1786   58   83 18273.5427 16839.2599  7.85%  16.8 3060s
 779490 558126 17867.0563   50   79 18273.5427 16839.5753  7.85%  16.8 3065s
 780748 559006 17968.7062   64   80 18273.5427 16839.8902  7.85%  16.8 3070s
 782018 559920 18194.3058   75   78 18273.5427 16840.1323  7.84%  16.8 3075s
 783306 560818 17816.4689   51   79 18273.5427 16840.4860  7.84%  16.8 3080s
 784545 561693 17636.1413   49   77 18273.5427 16840.7856  7.84%  16.8 3085s
 785786 562550 17936.2488   65   78 18273.5427 16841.1238  7.84%  16.8 3090s
 786953 563383 18176.4771   67   77 18273.5427 16841.3675  7.84%  16.8 3095s
 788220 564236 17825.4621   57   81 18273.5427 16841.6665  7.84%  16.8 3100s
 789502 565148 17799.5229   66   76 18273.5427 16842.0497  7.83%  16.8 3105s
 790779 566019 17877.7260   49   75 18273.5427 16842.3413  7.83%  16.8 3110s
 792095 566987 17623.3369   54   77 18273.5427 16842.5926  7.83%  16.8 3115s
 793374 567872     cutoff   63      18273.5427 16842.8788  7.83%  16.8 3120s
 794620 568778 18072.3631   66   78 18273.5427 16843.1491  7.83%  16.8 3125s
 795909 569679 17647.6683   65   81 18273.5427 16843.4416  7.83%  16.8 3130s
 797202 570592 17485.9851   49   80 18273.5427 16843.7439  7.82%  16.8 3135s
 798463 571475 17950.4380   68   77 18273.5427 16844.0746  7.82%  16.8 3140s
 799729 572347     cutoff   53      18273.5427 16844.3435  7.82%  16.8 3145s
 800961 573233 18029.4589   75   78 18273.5427 16844.6482  7.82%  16.8 3150s
 802149 574075 17983.9480   70   78 18273.5427 16844.8535  7.82%  16.8 3155s
 803428 574954 18143.6353   72   83 18273.5427 16845.0553  7.82%  16.8 3160s
 804669 575785 18160.2911   63   75 18273.5427 16845.3840  7.82%  16.8 3165s
 805928 576668 17610.6873   47   81 18273.5427 16845.7168  7.81%  16.8 3170s
 807150 577510 17492.7962   52   79 18273.5427 16845.9797  7.81%  16.8 3175s
 808405 578397 17604.4469   52   77 18273.5427 16846.2182  7.81%  16.8 3180s
 809645 579251 18187.5338   47   80 18273.5427 16846.5069  7.81%  16.8 3185s
 810886 580110 18085.3881   51   79 18273.5427 16846.7219  7.81%  16.8 3190s
 812129 580951 17185.3573   39   77 18273.5427 16847.0283  7.81%  16.8 3195s
 813352 581852 17773.9156   60   75 18273.5427 16847.2608  7.81%  16.8 3200s
 814607 582725 17790.2328   52   79 18273.5427 16847.6712  7.80%  16.8 3205s
 815775 583553     cutoff   61      18273.5427 16847.9557  7.80%  16.8 3210s
 817006 584404     cutoff   52      18273.5427 16848.2903  7.80%  16.8 3215s
 818254 585276 18135.8641   58   79 18273.5427 16848.6558  7.80%  16.8 3220s
 819534 586194 17946.2338   56   74 18273.5427 16848.9529  7.80%  16.8 3225s
 820789 587043 17966.7967   78   78 18273.5427 16849.1913  7.79%  16.8 3230s
 822059 587941 17973.9467   63   82 18273.5427 16849.5628  7.79%  16.8 3235s
 823278 588784 17953.1079   63   78 18273.5427 16849.8189  7.79%  16.8 3240s
 824522 589626 17377.3944   50   78 18273.5427 16850.0500  7.79%  16.8 3245s
 825781 590533 17870.0621   61   72 18273.5427 16850.3225  7.79%  16.8 3250s
 826962 591360 17541.5951   56   77 18273.5427 16850.5909  7.79%  16.8 3255s
 828223 592253 17972.3968   68   83 18273.5427 16851.0435  7.78%  16.8 3260s
 829488 593102 18173.3375   75   78 18273.5427 16851.3076  7.78%  16.8 3265s
 830733 593959 18122.4488   71   79 18273.5427 16851.5729  7.78%  16.8 3270s
 832016 594846 18190.0538   57   73 18273.5427 16851.8775  7.78%  16.8 3275s
 833263 595737 17267.2691   46   80 18273.5427 16852.2006  7.78%  16.8 3280s
 834488 596530     cutoff   57      18273.5427 16852.5513  7.78%  16.8 3285s
 835750 597432 17359.3873   48   80 18273.5427 16852.8608  7.77%  16.8 3290s
 837037 598337     cutoff   63      18273.5427 16853.1539  7.77%  16.8 3295s
 838196 599150     cutoff   53      18273.5427 16853.3529  7.77%  16.8 3300s
 839377 599949 17575.5136   53   77 18273.5427 16853.5766  7.77%  16.8 3305s
 840650 600840 17324.4241   47   81 18273.5427 16853.8549  7.77%  16.8 3310s
 841903 601681     cutoff   67      18273.5427 16854.1405  7.77%  16.8 3315s
 843197 602621 18140.2931   72   81 18273.5427 16854.4653  7.77%  16.8 3320s
 844459 603475 18045.4944   73   76 18273.5427 16854.7494  7.76%  16.8 3325s
 845730 604370 17508.1876   50   82 18273.5427 16855.0117  7.76%  16.8 3330s
 847004 605220 18053.2700   64   83 18273.5427 16855.2313  7.76%  16.8 3335s
 848261 606111 17940.2324   53   79 18273.5427 16855.4529  7.76%  16.8 3340s
 849510 606994 18208.0450   69   80 18273.5427 16855.7731  7.76%  16.8 3345s
 850741 607827 18198.8046   57   77 18273.5427 16856.0922  7.76%  16.8 3350s
 851949 608629 17292.6296   46   78 18273.5427 16856.3833  7.76%  16.8 3355s
 853046 609382 17567.3160   54   81 18273.5427 16856.5716  7.75%  16.8 3360s
 854321 610291     cutoff   63      18273.5427 16856.9197  7.75%  16.8 3365s
 855580 611202 16897.4306   43   80 18273.5427 16857.1941  7.75%  16.8 3370s
 856839 612071 17030.3799   41   78 18273.5427 16857.5176  7.75%  16.8 3375s
 858124 612974     cutoff   77      18273.5427 16857.7114  7.75%  16.8 3380s
 859386 613880 18249.9644   66   86 18273.5427 16857.9786  7.75%  16.8 3385s
 860628 614730 18183.4635   65   78 18273.5427 16858.2678  7.74%  16.8 3390s
 861903 615631 17694.5704   53   73 18273.5427 16858.4887  7.74%  16.8 3395s
 863141 616497 17778.5832   46   82 18273.5427 16858.7117  7.74%  16.8 3400s
 864390 617354 17930.0510   52   79 18273.5427 16858.9578  7.74%  16.8 3405s
 865680 618234 17587.5506   46   82 18273.5427 16859.2337  7.74%  16.8 3410s
 866894 619082 18100.7603   83   78 18273.5427 16859.4358  7.74%  16.8 3415s
 868177 619955     cutoff   90      18273.5427 16859.6702  7.74%  16.8 3420s
 869441 620843 18184.0184   70   84 18273.5427 16859.9044  7.74%  16.8 3425s
 870708 621720 17631.6597   62   73 18273.5427 16860.2060  7.73%  16.8 3430s
 871905 622529 18033.5293   44   78 18273.5427 16860.4231  7.73%  16.8 3435s
 873138 623402 17834.0816   61   80 18273.5427 16860.6930  7.73%  16.8 3440s
 874369 624261 18242.7848   61   82 18273.5427 16860.9464  7.73%  16.8 3445s
 875604 625106 17562.1048   42   80 18273.5427 16861.1376  7.73%  16.8 3450s
 876849 625971 17420.9140   44   79 18273.5427 16861.4846  7.73%  16.8 3455s
 878112 626812 17585.0893   47   82 18273.5427 16861.6842  7.73%  16.8 3460s
 879273 627589 17327.6298   42   80 18273.5427 16861.8606  7.73%  16.8 3465s
 880533 628473 18247.1659   71   79 18273.5427 16862.1539  7.72%  16.8 3470s
 881804 629342     cutoff   59      18273.5427 16862.4252  7.72%  16.8 3475s
 883023 630185 18138.4918   68   76 18273.5427 16862.6380  7.72%  16.8 3480s
 884268 631060 18272.9542   70   79 18273.5427 16862.9691  7.72%  16.8 3485s
 885451 631831 17681.4299   43   77 18273.5427 16863.2515  7.72%  16.8 3490s
 886686 632678 18040.6133   82   77 18273.5427 16863.4213  7.72%  16.8 3495s
 887957 633523 17740.0709   61   76 18273.5427 16863.6216  7.72%  16.8 3500s
 889211 634381 17191.0562   36   84 18273.5427 16863.8452  7.71%  16.8 3505s
 890456 635268 18048.0454   62   78 18273.5427 16864.0899  7.71%  16.8 3510s
 891735 636193 18203.4714  105   75 18273.5427 16864.2966  7.71%  16.8 3515s
 892970 637058 17690.0192   50   80 18273.5427 16864.4454  7.71%  16.8 3520s
 894224 637936 17893.4267   56   81 18273.5427 16864.6607  7.71%  16.8 3525s
 895456 638788     cutoff   65      18273.5427 16864.9700  7.71%  16.8 3530s
 896698 639642 18028.5107   61   79 18273.5427 16865.2602  7.71%  16.8 3535s
 897960 640516 18027.1238   57   78 18273.5427 16865.5827  7.70%  16.8 3540s
 899256 641436 17230.4922   45   78 18273.5427 16865.8967  7.70%  16.8 3545s
 900498 642248 18256.4843   76   78 18273.5427 16866.0888  7.70%  16.8 3550s
 901762 643124     cutoff   58      18273.5427 16866.2850  7.70%  16.8 3555s
 903013 644037 17442.3908   51   79 18273.5427 16866.4962  7.70%  16.8 3560s
 904282 644936 17894.7228   47   80 18273.5427 16866.7743  7.70%  16.8 3565s
 905533 645745 17563.4799   55   77 18273.5427 16866.9744  7.70%  16.8 3570s
 906816 646682 17832.5708   54   75 18273.5427 16867.1944  7.70%  16.8 3575s
 908065 647533     cutoff   58      18273.5427 16867.4299  7.69%  16.8 3580s
 909363 648445 18048.7029   56   78 18273.5427 16867.6119  7.69%  16.8 3585s
 910588 649288 18137.1411   97   78 18273.5427 16867.8822  7.69%  16.8 3590s
 911856 650150 18213.7088   73   78 18273.5427 16868.2251  7.69%  16.8 3595s

Explored 913118 nodes (15364074 simplex iterations) in 3600.00 seconds (1727.12 work units)
Thread count was 1 (of 56 available processors)

Solution count 10: 18273.5 18273.5 18273.5 ... 18279.7

Time limit reached
Warning: max constraint violation (8.7006e-06) exceeds tolerance
Best objective 1.827354266543e+04, best bound 1.686845367322e+04, gap 7.6892%

User-callback calls 3268568, time in user-callback 3.20 sec
primal_bound = 18273.542665428962, dual_bound = 16868.453673221342, gap = 7.689198629589522, time = 3600.01
