
Note: the module "julia" cannot be unloaded because it was not loaded.

2023/11/29
gurobi is now 11.0.0
previous version was 10.0.2
solving instance uflp nldep gunluk ../../../../../instances/uflp/gunluk/gunluk-20-40-7.txt cubic
The latest version of Julia in the `1.10` channel is 1.10.6+0.x64.linux.gnu. You currently have `1.10.5+0.x64.linux.gnu` installed. Run:

  juliaup update

in your terminal shell to install Julia 1.10.6+0.x64.linux.gnu and update the `1.10` channel to that version.
Set parameter TokenServer to value "licences.gerad.lan"
Set parameter TokenServer to value "licences.gerad.lan"
Set parameter TokenServer to value "licences.gerad.lan"
Set parameter FeasibilityTol to value 1e-09
Set parameter MIPGap to value 1e-09
Set parameter Threads to value 1
Set parameter OptimalityTol to value 1e-09
Set parameter IntFeasTol to value 1e-09
Set parameter TimeLimit to value 3272.869239296
reading gunluk data file ../../../../../instances/uflp/gunluk/gunluk-20-40-7.txt
8.097216604454226e-9 * x ^ 3 + -2.1718534313931524e-5 * x ^ 2 + 0.01922379867292288 * x ^ 1 + 11.249999999974047
9.356783631813773e-9 * x ^ 3 + -2.509697298498754e-5 * x ^ 2 + 0.02221416735537755 * x ^ 1 + 12.999999999970012
1.349536100742371e-8 * x ^ 3 + -3.619755718988588e-5 * x ^ 2 + 0.03203966445487147 * x ^ 1 + 18.749999999956746
3.9586392288442884e-9 * x ^ 3 + -1.061795010903319e-5 * x ^ 2 + 0.009398301573428964 * x ^ 1 + 5.499999999987312
8.637031044751174e-9 * x ^ 3 + -2.316643660152696e-5 * x ^ 2 + 0.02050538525111774 * x ^ 1 + 11.999999999972317
1.4215113594486309e-8 * x ^ 3 + -3.812809357334646e-5 * x ^ 2 + 0.03374844655913128 * x ^ 1 + 19.74999999995444
2.8790103482503915e-9 * x ^ 3 + -7.72214553384232e-6 * x ^ 2 + 0.006835128417039246 * x ^ 1 + 3.9999999999907727
4.858329962672536e-9 * x ^ 3 + -1.3031120588358915e-5 * x ^ 2 + 0.011534279203753727 * x ^ 1 + 6.749999999984429
8.996907338282474e-10 * x ^ 3 + -2.413170479325725e-6 * x ^ 2 + 0.0021359776303247644 * x ^ 1 + 1.2499999999971165
1.4754928034783256e-8 * x ^ 3 + -3.957599586094189e-5 * x ^ 2 + 0.03503003313732614 * x ^ 1 + 20.49999999995271
1.9793196144221442e-9 * x ^ 3 + -5.308975054516595e-6 * x ^ 2 + 0.004699150786714482 * x ^ 1 + 2.749999999993656
9.536721778579422e-9 * x ^ 3 + -2.5579607080852684e-5 * x ^ 2 + 0.022641362881442504 * x ^ 1 + 13.249999999969434
1.025647436564202e-8 * x ^ 3 + -2.7510143464313264e-5 * x ^ 2 + 0.024350144985702316 * x ^ 1 + 14.249999999967129
5.578082549735134e-9 * x ^ 3 + -1.4961656971819495e-5 * x ^ 2 + 0.013243061308013539 * x ^ 1 + 7.749999999982122
1.4934866181548907e-8 * x ^ 3 + -4.005862995680704e-5 * x ^ 2 + 0.03545722866339109 * x ^ 1 + 20.749999999952134
7.737340310922928e-9 * x ^ 3 + -2.0753266122201237e-5 * x ^ 2 + 0.018369407620792973 * x ^ 1 + 10.749999999975202
1.2955546567126762e-8 * x ^ 3 + -3.474965490229044e-5 * x ^ 2 + 0.030758077876676608 * x ^ 1 + 17.999999999958476
3.5987629353129895e-9 * x ^ 3 + -9.6526819173029e-6 * x ^ 2 + 0.008543910521299058 * x ^ 1 + 4.999999999988466
1.2775608420361113e-8 * x ^ 3 + -3.42670208064253e-5 * x ^ 2 + 0.030330882350611654 * x ^ 1 + 17.749999999959055
1.5114804328314557e-8 * x ^ 3 + -4.054126405267218e-5 * x ^ 2 + 0.035884424189456046 * x ^ 1 + 20.999999999951555
8.097216604454226e-9 * x ^ 3 + -2.1718534313931524e-5 * x ^ 2 + 0.01922379867292288 * x ^ 1 + 11.249999999974047
9.356783631813773e-9 * x ^ 3 + -2.509697298498754e-5 * x ^ 2 + 0.02221416735537755 * x ^ 1 + 12.999999999970012
1.349536100742371e-8 * x ^ 3 + -3.619755718988588e-5 * x ^ 2 + 0.03203966445487147 * x ^ 1 + 18.749999999956746
3.9586392288442884e-9 * x ^ 3 + -1.061795010903319e-5 * x ^ 2 + 0.009398301573428964 * x ^ 1 + 5.499999999987312
8.637031044751174e-9 * x ^ 3 + -2.316643660152696e-5 * x ^ 2 + 0.02050538525111774 * x ^ 1 + 11.999999999972317
1.4215113594486309e-8 * x ^ 3 + -3.812809357334646e-5 * x ^ 2 + 0.03374844655913128 * x ^ 1 + 19.74999999995444
2.8790103482503915e-9 * x ^ 3 + -7.72214553384232e-6 * x ^ 2 + 0.006835128417039246 * x ^ 1 + 3.9999999999907727
4.858329962672536e-9 * x ^ 3 + -1.3031120588358915e-5 * x ^ 2 + 0.011534279203753727 * x ^ 1 + 6.749999999984429
8.996907338282474e-10 * x ^ 3 + -2.413170479325725e-6 * x ^ 2 + 0.0021359776303247644 * x ^ 1 + 1.2499999999971165
1.4754928034783256e-8 * x ^ 3 + -3.957599586094189e-5 * x ^ 2 + 0.03503003313732614 * x ^ 1 + 20.49999999995271
1.9793196144221442e-9 * x ^ 3 + -5.308975054516595e-6 * x ^ 2 + 0.004699150786714482 * x ^ 1 + 2.749999999993656
9.536721778579422e-9 * x ^ 3 + -2.5579607080852684e-5 * x ^ 2 + 0.022641362881442504 * x ^ 1 + 13.249999999969434
1.025647436564202e-8 * x ^ 3 + -2.7510143464313264e-5 * x ^ 2 + 0.024350144985702316 * x ^ 1 + 14.249999999967129
5.578082549735134e-9 * x ^ 3 + -1.4961656971819495e-5 * x ^ 2 + 0.013243061308013539 * x ^ 1 + 7.749999999982122
1.4934866181548907e-8 * x ^ 3 + -4.005862995680704e-5 * x ^ 2 + 0.03545722866339109 * x ^ 1 + 20.749999999952134
7.737340310922928e-9 * x ^ 3 + -2.0753266122201237e-5 * x ^ 2 + 0.018369407620792973 * x ^ 1 + 10.749999999975202
1.2955546567126762e-8 * x ^ 3 + -3.474965490229044e-5 * x ^ 2 + 0.030758077876676608 * x ^ 1 + 17.999999999958476
3.5987629353129895e-9 * x ^ 3 + -9.6526819173029e-6 * x ^ 2 + 0.008543910521299058 * x ^ 1 + 4.999999999988466
1.2775608420361113e-8 * x ^ 3 + -3.42670208064253e-5 * x ^ 2 + 0.030330882350611654 * x ^ 1 + 17.749999999959055
1.5114804328314557e-8 * x ^ 3 + -4.054126405267218e-5 * x ^ 2 + 0.035884424189456046 * x ^ 1 + 20.999999999951555
Iteration 1	LB = -1.0e20	UB = 1.0e20	CPU = 328.130760704, #pieces = 19620
cutoff = 1.0e20
WRITING LOG...
(410.6477750444799, 410.6478223791393, 333.7908170958543, 333.7908170958543, 6.15879570810288e-5, 1.15268258707411e-5, 19620, 1, 73.846486305, 401.98489419400005)
