2023/11/29
gurobi is now 11.0.0
previous version was 10.0.2
solving instance uflp nldep holmberg 2 sinabc3
The latest version of Julia in the `1.10` channel is 1.10.6+0.x64.linux.gnu. You currently have `1.10.5+0.x64.linux.gnu` installed. Run:

  juliaup update

in your terminal shell to install Julia 1.10.6+0.x64.linux.gnu and update the `1.10` channel to that version.
Set parameter TokenServer to value "licences.gerad.lan"
Set parameter TokenServer to value "licences.gerad.lan"
Set parameter TokenServer to value "licences.gerad.lan"
Set parameter FeasibilityTol to value 1e-09
Set parameter MIPGap to value 1e-09
Set parameter Threads to value 1
Set parameter OptimalityTol to value 1e-09
Set parameter IntFeasTol to value 1e-09
Set parameter TimeLimit to value 3423.910293393
reading holmberg data file ../../../../../instances/uflp/holmberg/p2
11.74114991256757 * (sin(0.006868131868131868x) + 0.003434065934065934x) ^ 2
11.74114991256757 * (sin(0.006868131868131868x) + 0.003434065934065934x) ^ 2
11.74114991256757 * (sin(0.006868131868131868x) + 0.003434065934065934x) ^ 2
11.74114991256757 * (sin(0.006868131868131868x) + 0.003434065934065934x) ^ 2
11.74114991256757 * (sin(0.006868131868131868x) + 0.003434065934065934x) ^ 2
11.74114991256757 * (sin(0.006868131868131868x) + 0.003434065934065934x) ^ 2
11.74114991256757 * (sin(0.006868131868131868x) + 0.003434065934065934x) ^ 2
11.74114991256757 * (sin(0.006868131868131868x) + 0.003434065934065934x) ^ 2
11.74114991256757 * (sin(0.006868131868131868x) + 0.003434065934065934x) ^ 2
11.74114991256757 * (sin(0.006868131868131868x) + 0.003434065934065934x) ^ 2
11.74114991256757 * (sin(0.006868131868131868x) + 0.003434065934065934x) ^ 2
11.74114991256757 * (sin(0.006868131868131868x) + 0.003434065934065934x) ^ 2
11.74114991256757 * (sin(0.006868131868131868x) + 0.003434065934065934x) ^ 2
11.74114991256757 * (sin(0.006868131868131868x) + 0.003434065934065934x) ^ 2
11.74114991256757 * (sin(0.006868131868131868x) + 0.003434065934065934x) ^ 2
11.74114991256757 * (sin(0.006868131868131868x) + 0.003434065934065934x) ^ 2
11.74114991256757 * (sin(0.006868131868131868x) + 0.003434065934065934x) ^ 2
11.74114991256757 * (sin(0.006868131868131868x) + 0.003434065934065934x) ^ 2
11.74114991256757 * (sin(0.006868131868131868x) + 0.003434065934065934x) ^ 2
11.74114991256757 * (sin(0.006868131868131868x) + 0.003434065934065934x) ^ 2
Iteration 1	LB = -1.0e20	UB = 1.0e20	CPU = 177.089706607, #pieces = 36650
cutoff = 1.0e20
WRITING LOG...
(4933.170765557974, 4933.172171111912, 4727.0, 4727.0, 0.000681737952386707, 2.8491888970758543e-5, 36650, 1, 78.13688516100001, 255.23354004100003)
