
Note: the module "julia" cannot be unloaded because it was not loaded.

2023/11/29
gurobi is now 11.0.0
previous version was 10.0.2
solving instance uflp nldep gunluk ../../../../../instances/uflp/gunluk/gunluk-10-20-2.txt sinabc1
The latest version of Julia in the `1.10` channel is 1.10.6+0.x64.linux.gnu. You currently have `1.10.5+0.x64.linux.gnu` installed. Run:

  juliaup update

in your terminal shell to install Julia 1.10.6+0.x64.linux.gnu and update the `1.10` channel to that version.
Set parameter TokenServer to value "licences.gerad.lan"
Set parameter TokenServer to value "licences.gerad.lan"
Set parameter TokenServer to value "licences.gerad.lan"
Set parameter FeasibilityTol to value 1e-09
Set parameter MIPGap to value 1e-09
Set parameter Threads to value 1
Set parameter OptimalityTol to value 1e-09
Set parameter IntFeasTol to value 1e-09
Set parameter TimeLimit to value 3507.145289959
reading gunluk data file ../../../../../instances/uflp/gunluk/gunluk-10-20-2.txt
1.0972682592296263 * (sin(0.002285714285714286x) + 0.001142857142857143x) ^ 2
16.459023888444396 * (sin(0.002285714285714286x) + 0.001142857142857143x) ^ 2
21.12241399017031 * (sin(0.002285714285714286x) + 0.001142857142857143x) ^ 2
10.42404846268145 * (sin(0.002285714285714286x) + 0.001142857142857143x) ^ 2
13.715853240370329 * (sin(0.002285714285714286x) + 0.001142857142857143x) ^ 2
5.760658360955539 * (sin(0.002285714285714286x) + 0.001142857142857143x) ^ 2
12.06995085152589 * (sin(0.002285714285714286x) + 0.001142857142857143x) ^ 2
7.4065607497999775 * (sin(0.002285714285714286x) + 0.001142857142857143x) ^ 2
4.389073036918505 * (sin(0.002285714285714286x) + 0.001142857142857143x) ^ 2
14.264487369985142 * (sin(0.002285714285714286x) + 0.001142857142857143x) ^ 2
1.0972682592296263 * (sin(0.002285714285714286x) + 0.001142857142857143x) ^ 2
16.459023888444396 * (sin(0.002285714285714286x) + 0.001142857142857143x) ^ 2
21.12241399017031 * (sin(0.002285714285714286x) + 0.001142857142857143x) ^ 2
10.42404846268145 * (sin(0.002285714285714286x) + 0.001142857142857143x) ^ 2
13.715853240370329 * (sin(0.002285714285714286x) + 0.001142857142857143x) ^ 2
5.760658360955539 * (sin(0.002285714285714286x) + 0.001142857142857143x) ^ 2
12.06995085152589 * (sin(0.002285714285714286x) + 0.001142857142857143x) ^ 2
7.4065607497999775 * (sin(0.002285714285714286x) + 0.001142857142857143x) ^ 2
4.389073036918505 * (sin(0.002285714285714286x) + 0.001142857142857143x) ^ 2
14.264487369985142 * (sin(0.002285714285714286x) + 0.001142857142857143x) ^ 2
Iteration 1	LB = -1.0e20	UB = 1.0e20	CPU = 93.854710041, #pieces = 17010
cutoff = 1.0e20
WRITING LOG...
(173.66930302538083, 173.66930909346522, 164.57590465034158, 164.57590465034158, 6.673061147448026e-5, 3.4940453327180786e-6, 17010, 1, 0.45607780800000003, 94.319113048)
