2023/11/29
gurobi is now 11.0.0
previous version was 10.0.2
solving instance uflp nldep holmberg 12 sinabc2
The latest version of Julia in the `1.10` channel is 1.10.6+0.x64.linux.gnu. You currently have `1.10.5+0.x64.linux.gnu` installed. Run:

  juliaup update

in your terminal shell to install Julia 1.10.6+0.x64.linux.gnu and update the `1.10` channel to that version.
Set parameter TokenServer to value "licences.gerad.lan"
Set parameter TokenServer to value "licences.gerad.lan"
Set parameter TokenServer to value "licences.gerad.lan"
Set parameter FeasibilityTol to value 1e-09
Set parameter MIPGap to value 1e-09
Set parameter Threads to value 1
Set parameter OptimalityTol to value 1e-09
Set parameter IntFeasTol to value 1e-09
Set parameter TimeLimit to value 3484.002628593
reading holmberg data file ../../../../../instances/uflp/holmberg/p12
42.86512136842711 * (sin(0.003434065934065934x) + 0.003434065934065934x) ^ 2
42.86512136842711 * (sin(0.003434065934065934x) + 0.003434065934065934x) ^ 2
42.86512136842711 * (sin(0.003434065934065934x) + 0.003434065934065934x) ^ 2
42.86512136842711 * (sin(0.003434065934065934x) + 0.003434065934065934x) ^ 2
42.86512136842711 * (sin(0.003434065934065934x) + 0.003434065934065934x) ^ 2
42.86512136842711 * (sin(0.003434065934065934x) + 0.003434065934065934x) ^ 2
42.86512136842711 * (sin(0.003434065934065934x) + 0.003434065934065934x) ^ 2
42.86512136842711 * (sin(0.003434065934065934x) + 0.003434065934065934x) ^ 2
42.86512136842711 * (sin(0.003434065934065934x) + 0.003434065934065934x) ^ 2
42.86512136842711 * (sin(0.003434065934065934x) + 0.003434065934065934x) ^ 2
42.86512136842711 * (sin(0.003434065934065934x) + 0.003434065934065934x) ^ 2
42.86512136842711 * (sin(0.003434065934065934x) + 0.003434065934065934x) ^ 2
42.86512136842711 * (sin(0.003434065934065934x) + 0.003434065934065934x) ^ 2
42.86512136842711 * (sin(0.003434065934065934x) + 0.003434065934065934x) ^ 2
42.86512136842711 * (sin(0.003434065934065934x) + 0.003434065934065934x) ^ 2
42.86512136842711 * (sin(0.003434065934065934x) + 0.003434065934065934x) ^ 2
42.86512136842711 * (sin(0.003434065934065934x) + 0.003434065934065934x) ^ 2
42.86512136842711 * (sin(0.003434065934065934x) + 0.003434065934065934x) ^ 2
42.86512136842711 * (sin(0.003434065934065934x) + 0.003434065934065934x) ^ 2
42.86512136842711 * (sin(0.003434065934065934x) + 0.003434065934065934x) ^ 2
Iteration 1	LB = -1.0e20	UB = 1.0e20	CPU = 116.997371407, #pieces = 22050
cutoff = 1.0e20
WRITING LOG...
(5186.283211019497, 5186.283363548667, 4726.7400774669995, 4726.7400774669995, 3.3191469580510464e-5, 2.9410111117551443e-6, 22050, 1, 40.689013022000005, 157.695095208)
