
Note: the module "julia" cannot be unloaded because it was not loaded.

2023/11/29
gurobi is now 11.0.0
previous version was 10.0.2
solving instance uflp nldep gunluk ../../../../../instances/uflp/gunluk/gunluk-50-100-10.txt exp
The latest version of Julia in the `1.10` channel is 1.10.6+0.x64.linux.gnu. You currently have `1.10.5+0.x64.linux.gnu` installed. Run:

  juliaup update

in your terminal shell to install Julia 1.10.6+0.x64.linux.gnu and update the `1.10` channel to that version.
Set parameter TokenServer to value "licences.gerad.lan"
Set parameter TokenServer to value "licences.gerad.lan"
Set parameter TokenServer to value "licences.gerad.lan"
Set parameter FeasibilityTol to value 1e-09
Set parameter MIPGap to value 1e-09
Set parameter Threads to value 1
Set parameter OptimalityTol to value 1e-09
Set parameter IntFeasTol to value 1e-09
Set parameter TimeLimit to value 3494.410516512
reading gunluk data file ../../../../../instances/uflp/gunluk/gunluk-50-100-10.txt
0.5 + 1.5 / (1 + 2286.5 * exp(-0.002186748305270063 * (x + -457.3)))
8.0 + 24.0 / (1 + 2286.5 * exp(-0.002186748305270063 * (x + -457.3)))
47.5 + 142.5 / (1 + 2286.5 * exp(-0.002186748305270063 * (x + -457.3)))
47.5 + 142.5 / (1 + 2286.5 * exp(-0.002186748305270063 * (x + -457.3)))
42.5 + 127.5 / (1 + 2286.5 * exp(-0.002186748305270063 * (x + -457.3)))
20.0 + 60.0 / (1 + 2286.5 * exp(-0.002186748305270063 * (x + -457.3)))
11.0 + 33.0 / (1 + 2286.5 * exp(-0.002186748305270063 * (x + -457.3)))
2.0 + 6.0 / (1 + 2286.5 * exp(-0.002186748305270063 * (x + -457.3)))
41.0 + 123.0 / (1 + 2286.5 * exp(-0.002186748305270063 * (x + -457.3)))
42.0 + 126.0 / (1 + 2286.5 * exp(-0.002186748305270063 * (x + -457.3)))
7.5 + 22.5 / (1 + 2286.5 * exp(-0.002186748305270063 * (x + -457.3)))
50.0 + 150.0 / (1 + 2286.5 * exp(-0.002186748305270063 * (x + -457.3)))
48.5 + 145.5 / (1 + 2286.5 * exp(-0.002186748305270063 * (x + -457.3)))
40.0 + 120.0 / (1 + 2286.5 * exp(-0.002186748305270063 * (x + -457.3)))
0.5 + 1.5 / (1 + 2286.5 * exp(-0.002186748305270063 * (x + -457.3)))
42.5 + 127.5 / (1 + 2286.5 * exp(-0.002186748305270063 * (x + -457.3)))
4.0 + 12.0 / (1 + 2286.5 * exp(-0.002186748305270063 * (x + -457.3)))
43.5 + 130.5 / (1 + 2286.5 * exp(-0.002186748305270063 * (x + -457.3)))
50.0 + 150.0 / (1 + 2286.5 * exp(-0.002186748305270063 * (x + -457.3)))
32.5 + 97.5 / (1 + 2286.5 * exp(-0.002186748305270063 * (x + -457.3)))
4.5 + 13.5 / (1 + 2286.5 * exp(-0.002186748305270063 * (x + -457.3)))
38.0 + 114.0 / (1 + 2286.5 * exp(-0.002186748305270063 * (x + -457.3)))
10.0 + 30.0 / (1 + 2286.5 * exp(-0.002186748305270063 * (x + -457.3)))
12.5 + 37.5 / (1 + 2286.5 * exp(-0.002186748305270063 * (x + -457.3)))
6.5 + 19.5 / (1 + 2286.5 * exp(-0.002186748305270063 * (x + -457.3)))
8.5 + 25.5 / (1 + 2286.5 * exp(-0.002186748305270063 * (x + -457.3)))
50.0 + 150.0 / (1 + 2286.5 * exp(-0.002186748305270063 * (x + -457.3)))
32.0 + 96.0 / (1 + 2286.5 * exp(-0.002186748305270063 * (x + -457.3)))
24.0 + 72.0 / (1 + 2286.5 * exp(-0.002186748305270063 * (x + -457.3)))
24.5 + 73.5 / (1 + 2286.5 * exp(-0.002186748305270063 * (x + -457.3)))
34.5 + 103.5 / (1 + 2286.5 * exp(-0.002186748305270063 * (x + -457.3)))
46.0 + 138.0 / (1 + 2286.5 * exp(-0.002186748305270063 * (x + -457.3)))
18.5 + 55.5 / (1 + 2286.5 * exp(-0.002186748305270063 * (x + -457.3)))
14.0 + 42.0 / (1 + 2286.5 * exp(-0.002186748305270063 * (x + -457.3)))
44.0 + 132.0 / (1 + 2286.5 * exp(-0.002186748305270063 * (x + -457.3)))
16.5 + 49.5 / (1 + 2286.5 * exp(-0.002186748305270063 * (x + -457.3)))
38.5 + 115.5 / (1 + 2286.5 * exp(-0.002186748305270063 * (x + -457.3)))
6.0 + 18.0 / (1 + 2286.5 * exp(-0.002186748305270063 * (x + -457.3)))
28.0 + 84.0 / (1 + 2286.5 * exp(-0.002186748305270063 * (x + -457.3)))
16.0 + 48.0 / (1 + 2286.5 * exp(-0.002186748305270063 * (x + -457.3)))
9.5 + 28.5 / (1 + 2286.5 * exp(-0.002186748305270063 * (x + -457.3)))
5.0 + 15.0 / (1 + 2286.5 * exp(-0.002186748305270063 * (x + -457.3)))
21.0 + 63.0 / (1 + 2286.5 * exp(-0.002186748305270063 * (x + -457.3)))
13.5 + 40.5 / (1 + 2286.5 * exp(-0.002186748305270063 * (x + -457.3)))
37.0 + 111.0 / (1 + 2286.5 * exp(-0.002186748305270063 * (x + -457.3)))
46.0 + 138.0 / (1 + 2286.5 * exp(-0.002186748305270063 * (x + -457.3)))
13.5 + 40.5 / (1 + 2286.5 * exp(-0.002186748305270063 * (x + -457.3)))
16.5 + 49.5 / (1 + 2286.5 * exp(-0.002186748305270063 * (x + -457.3)))
8.0 + 24.0 / (1 + 2286.5 * exp(-0.002186748305270063 * (x + -457.3)))
38.5 + 115.5 / (1 + 2286.5 * exp(-0.002186748305270063 * (x + -457.3)))
0.5 + 1.5 / (1 + 2286.5 * exp(-0.002186748305270063 * (x + -457.3)))
8.0 + 24.0 / (1 + 2286.5 * exp(-0.002186748305270063 * (x + -457.3)))
47.5 + 142.5 / (1 + 2286.5 * exp(-0.002186748305270063 * (x + -457.3)))
47.5 + 142.5 / (1 + 2286.5 * exp(-0.002186748305270063 * (x + -457.3)))
42.5 + 127.5 / (1 + 2286.5 * exp(-0.002186748305270063 * (x + -457.3)))
20.0 + 60.0 / (1 + 2286.5 * exp(-0.002186748305270063 * (x + -457.3)))
11.0 + 33.0 / (1 + 2286.5 * exp(-0.002186748305270063 * (x + -457.3)))
2.0 + 6.0 / (1 + 2286.5 * exp(-0.002186748305270063 * (x + -457.3)))
41.0 + 123.0 / (1 + 2286.5 * exp(-0.002186748305270063 * (x + -457.3)))
42.0 + 126.0 / (1 + 2286.5 * exp(-0.002186748305270063 * (x + -457.3)))
7.5 + 22.5 / (1 + 2286.5 * exp(-0.002186748305270063 * (x + -457.3)))
50.0 + 150.0 / (1 + 2286.5 * exp(-0.002186748305270063 * (x + -457.3)))
48.5 + 145.5 / (1 + 2286.5 * exp(-0.002186748305270063 * (x + -457.3)))
40.0 + 120.0 / (1 + 2286.5 * exp(-0.002186748305270063 * (x + -457.3)))
0.5 + 1.5 / (1 + 2286.5 * exp(-0.002186748305270063 * (x + -457.3)))
42.5 + 127.5 / (1 + 2286.5 * exp(-0.002186748305270063 * (x + -457.3)))
4.0 + 12.0 / (1 + 2286.5 * exp(-0.002186748305270063 * (x + -457.3)))
43.5 + 130.5 / (1 + 2286.5 * exp(-0.002186748305270063 * (x + -457.3)))
50.0 + 150.0 / (1 + 2286.5 * exp(-0.002186748305270063 * (x + -457.3)))
32.5 + 97.5 / (1 + 2286.5 * exp(-0.002186748305270063 * (x + -457.3)))
4.5 + 13.5 / (1 + 2286.5 * exp(-0.002186748305270063 * (x + -457.3)))
38.0 + 114.0 / (1 + 2286.5 * exp(-0.002186748305270063 * (x + -457.3)))
10.0 + 30.0 / (1 + 2286.5 * exp(-0.002186748305270063 * (x + -457.3)))
12.5 + 37.5 / (1 + 2286.5 * exp(-0.002186748305270063 * (x + -457.3)))
6.5 + 19.5 / (1 + 2286.5 * exp(-0.002186748305270063 * (x + -457.3)))
8.5 + 25.5 / (1 + 2286.5 * exp(-0.002186748305270063 * (x + -457.3)))
50.0 + 150.0 / (1 + 2286.5 * exp(-0.002186748305270063 * (x + -457.3)))
32.0 + 96.0 / (1 + 2286.5 * exp(-0.002186748305270063 * (x + -457.3)))
24.0 + 72.0 / (1 + 2286.5 * exp(-0.002186748305270063 * (x + -457.3)))
24.5 + 73.5 / (1 + 2286.5 * exp(-0.002186748305270063 * (x + -457.3)))
34.5 + 103.5 / (1 + 2286.5 * exp(-0.002186748305270063 * (x + -457.3)))
46.0 + 138.0 / (1 + 2286.5 * exp(-0.002186748305270063 * (x + -457.3)))
18.5 + 55.5 / (1 + 2286.5 * exp(-0.002186748305270063 * (x + -457.3)))
14.0 + 42.0 / (1 + 2286.5 * exp(-0.002186748305270063 * (x + -457.3)))
44.0 + 132.0 / (1 + 2286.5 * exp(-0.002186748305270063 * (x + -457.3)))
16.5 + 49.5 / (1 + 2286.5 * exp(-0.002186748305270063 * (x + -457.3)))
38.5 + 115.5 / (1 + 2286.5 * exp(-0.002186748305270063 * (x + -457.3)))
6.0 + 18.0 / (1 + 2286.5 * exp(-0.002186748305270063 * (x + -457.3)))
28.0 + 84.0 / (1 + 2286.5 * exp(-0.002186748305270063 * (x + -457.3)))
16.0 + 48.0 / (1 + 2286.5 * exp(-0.002186748305270063 * (x + -457.3)))
9.5 + 28.5 / (1 + 2286.5 * exp(-0.002186748305270063 * (x + -457.3)))
5.0 + 15.0 / (1 + 2286.5 * exp(-0.002186748305270063 * (x + -457.3)))
21.0 + 63.0 / (1 + 2286.5 * exp(-0.002186748305270063 * (x + -457.3)))
13.5 + 40.5 / (1 + 2286.5 * exp(-0.002186748305270063 * (x + -457.3)))
37.0 + 111.0 / (1 + 2286.5 * exp(-0.002186748305270063 * (x + -457.3)))
46.0 + 138.0 / (1 + 2286.5 * exp(-0.002186748305270063 * (x + -457.3)))
13.5 + 40.5 / (1 + 2286.5 * exp(-0.002186748305270063 * (x + -457.3)))
16.5 + 49.5 / (1 + 2286.5 * exp(-0.002186748305270063 * (x + -457.3)))
8.0 + 24.0 / (1 + 2286.5 * exp(-0.002186748305270063 * (x + -457.3)))
38.5 + 115.5 / (1 + 2286.5 * exp(-0.002186748305270063 * (x + -457.3)))
Iteration 1	LB = -1.0e20	UB = 1.0e20	CPU = 106.58948348800001, #pieces = 36100
cutoff = 1.0e20
WRITING LOG...
(722.1108149542454, 722.1108544418537, 604.4849855797463, 604.4849855797463, 3.357051361335217e-5, 5.468358227311091e-6, 36100, 1, 94.75405620100001, 201.35131803800002)
