solving instance uflp nlass holmberg 19 cubic
Couenne 0.5.8 -- an Open-Source solver for Mixed Integer Nonlinear Optimization
Mailing list: couenne@list.coin-or.org
Instructions: http://www.coin-or.org/Couenne
couenne: 
ANALYSIS TEST: Reformulating problem: Couenne: new cutoff value 1.9166000001e+04 (4.99621 seconds)
5.0 seconds
NLP0012I 
              Num      Status      Obj             It       time                 Location
NLP0014I             1         OPT 6690.3865      174 13.770141
NLP0014I             2      INFEAS 0.050344809       37 1.103474
Loaded instance "/tmp/jl_yYbzO9/model.nl"
Constraints:         3050
Variables:           3020 (1020 integer)
Auxiliaries:         2050 (0 integer)

Coin0506I Presolve 13051 (0) rows, 5021 (-49) columns and 31021 (-49) elements
Clp0006I 0  Obj 0 Primal inf 49.999995 (50) Dual inf 3.354102e+13 (1001)
Clp0006I 290  Obj 0 Primal inf 49.999995 (50) Dual inf 3.354102e+13 (1001)
Clp0006I 580  Obj 0 Primal inf 49.999995 (50) Dual inf 3.354102e+13 (1001)
Clp0006I 870  Obj 0 Primal inf 49.999995 (50) Dual inf 3.354102e+13 (1001)
Clp0029I End of values pass after 1001 iterations
Clp0006I 1001  Obj 0 Primal inf 49.999995 (50) Dual inf 3.3541022e+13 (2000)
Clp0006I 1291  Obj 1.6356184e-07 Primal inf 49.999995 (50) Dual inf 3.3541022e+13 (2000)
Clp0006I 1581  Obj 5.0695627e-07 Primal inf 49.999995 (50) Dual inf 3.1498787e+09 (2000)
Clp0006I 1871  Obj 1.0094713e-06 Primal inf 49.999995 (50) Dual inf 3.14975e+09 (2000)
Clp0006I 2161  Obj 5111.8098 Primal inf 25.661481 (50) Dual inf 2.124838e+09 (2000)
Clp0006I 2451  Obj 9244.1778 Dual inf 3962555.9 (1846)
Clp0006I 2741  Obj 9244.1778 Dual inf 3087964.6 (1559)
Clp0006I 3031  Obj 9244.1778 Dual inf 2502031.8 (1272)
Clp0006I 3321  Obj -6970.3347 Dual inf 2139803.5 (1009)
Clp0006I 3611  Obj -24659.296 Dual inf 2742133 (873)
Clp0006I 3901  Obj -38617.205 Dual inf 1619448.8 (758)
Clp0006I 4191  Obj -44653.445 Dual inf 498571.65 (509)
Clp0006I 4481  Obj -45220.079 Dual inf 73769.687 (244)
Clp0006I 4763  Obj -45421.75
Clp0000I Optimal - objective value -45421.75
Clp0032I Optimal objective -45421.75003 - 4763 iterations time 0.402
Clp0000I Optimal - objective value -45421.75
NLP Heuristic: time limit reached.
Clp0000I Optimal - objective value -45421.75
Optimality Based BT: 0 improved bounds
Probing: 0 improved bounds
NLP Heuristic: time limit reached.
Cbc0031I 447 added rows had average density of 2
Cbc0013I At root node, 447 cuts changed objective from -45421.75 to -43838.478 in 17 passes
Cbc0014I Cut generator 0 (Couenne convexifier cuts) - 2880 row cuts average 2.0 elements, 23352 column cuts (23795 active)
Cbc0010I After 0 nodes, 1 on tree, 1e+50 best solution, best possible -1.7976931e+308 (27.01 seconds)
Optimality Based BT: 0 improved bounds
Optimality Based BT: 0 improved bounds
Optimality Based BT: 0 improved bounds
Optimality Based BT: 0 improved bounds
Cbc0010I After 100 nodes, 50 on tree, 1e+50 best solution, best possible -43352.596 (263.79 seconds)
Cbc0010I After 200 nodes, 100 on tree, 1e+50 best solution, best possible -43352.596 (284.30 seconds)
Cbc0010I After 300 nodes, 150 on tree, 1e+50 best solution, best possible -43352.596 (305.08 seconds)
Cbc0010I After 400 nodes, 200 on tree, 1e+50 best solution, best possible -43352.596 (325.40 seconds)
Cbc0010I After 500 nodes, 250 on tree, 1e+50 best solution, best possible -43352.596 (345.17 seconds)
Cbc0010I After 600 nodes, 300 on tree, 1e+50 best solution, best possible -43352.596 (364.12 seconds)
Cbc0010I After 700 nodes, 350 on tree, 1e+50 best solution, best possible -43352.596 (382.41 seconds)
Cbc0010I After 800 nodes, 400 on tree, 1e+50 best solution, best possible -43352.596 (400.16 seconds)
Cbc0010I After 900 nodes, 450 on tree, 1e+50 best solution, best possible -43352.596 (417.83 seconds)
Cbc0010I After 1000 nodes, 500 on tree, 1e+50 best solution, best possible -43352.596 (434.89 seconds)
Cbc0010I After 1100 nodes, 550 on tree, 1e+50 best solution, best possible -43352.596 (451.62 seconds)
Cbc0010I After 1200 nodes, 600 on tree, 1e+50 best solution, best possible -43352.596 (468.21 seconds)
Cbc0010I After 1300 nodes, 650 on tree, 1e+50 best solution, best possible -43352.596 (484.96 seconds)
Cbc0010I After 1400 nodes, 700 on tree, 1e+50 best solution, best possible -43352.596 (501.65 seconds)
Cbc0010I After 1500 nodes, 750 on tree, 1e+50 best solution, best possible -43352.596 (516.79 seconds)
Cbc0010I After 1600 nodes, 800 on tree, 1e+50 best solution, best possible -43352.596 (533.31 seconds)
Cbc0010I After 1700 nodes, 850 on tree, 1e+50 best solution, best possible -43352.596 (550.60 seconds)
Cbc0010I After 1800 nodes, 900 on tree, 1e+50 best solution, best possible -43352.596 (567.59 seconds)
Cbc0010I After 1900 nodes, 950 on tree, 1e+50 best solution, best possible -43352.596 (584.65 seconds)
Cbc0010I After 2000 nodes, 1000 on tree, 1e+50 best solution, best possible -43352.596 (601.27 seconds)
Cbc0010I After 2100 nodes, 1050 on tree, 1e+50 best solution, best possible -43352.596 (614.99 seconds)
Cbc0010I After 2200 nodes, 1100 on tree, 1e+50 best solution, best possible -43352.596 (627.76 seconds)
Cbc0010I After 2300 nodes, 1150 on tree, 1e+50 best solution, best possible -43352.596 (638.87 seconds)
Cbc0010I After 2400 nodes, 1200 on tree, 1e+50 best solution, best possible -43352.596 (649.91 seconds)
Cbc0010I After 2500 nodes, 1250 on tree, 1e+50 best solution, best possible -43352.596 (660.98 seconds)
Cbc0010I After 2600 nodes, 1300 on tree, 1e+50 best solution, best possible -43352.596 (671.86 seconds)
Cbc0010I After 2700 nodes, 1350 on tree, 1e+50 best solution, best possible -43352.596 (682.67 seconds)
Cbc0010I After 2800 nodes, 1400 on tree, 1e+50 best solution, best possible -43352.596 (693.42 seconds)
Cbc0010I After 2900 nodes, 1450 on tree, 1e+50 best solution, best possible -43352.596 (704.58 seconds)
Cbc0010I After 3000 nodes, 1500 on tree, 1e+50 best solution, best possible -43352.596 (715.90 seconds)
Cbc0010I After 3100 nodes, 1550 on tree, 1e+50 best solution, best possible -43352.596 (726.85 seconds)
Cbc0010I After 3200 nodes, 1600 on tree, 1e+50 best solution, best possible -43352.596 (737.70 seconds)
Cbc0010I After 3300 nodes, 1650 on tree, 1e+50 best solution, best possible -43352.596 (749.13 seconds)
Cbc0010I After 3400 nodes, 1700 on tree, 1e+50 best solution, best possible -43352.596 (760.18 seconds)
Cbc0010I After 3500 nodes, 1750 on tree, 1e+50 best solution, best possible -43352.596 (771.25 seconds)
Cbc0010I After 3600 nodes, 1800 on tree, 1e+50 best solution, best possible -43352.596 (782.68 seconds)
Cbc0010I After 3700 nodes, 1850 on tree, 1e+50 best solution, best possible -43352.596 (794.99 seconds)
Couenne: new cutoff value 1.6099541156e+04 (816.922 seconds)
Cbc0004I Integer solution of 16099.541 found after 310541 iterations and 3703 nodes (795.37 seconds)
Optimality Based BT: 0 improved bounds
Optimality Based BT: 0 improved bounds
Cbc0010I After 3800 nodes, 1891 on tree, 16099.541 best solution, best possible -43266.34 (1030.21 seconds)
Cbc0010I After 3900 nodes, 1941 on tree, 16099.541 best solution, best possible -43266.34 (1051.13 seconds)
Cbc0010I After 4000 nodes, 1991 on tree, 16099.541 best solution, best possible -43266.34 (1072.76 seconds)
Cbc0010I After 4100 nodes, 2041 on tree, 16099.541 best solution, best possible -43266.34 (1093.43 seconds)
Cbc0010I After 4200 nodes, 2091 on tree, 16099.541 best solution, best possible -43266.34 (1113.52 seconds)
Cbc0010I After 4300 nodes, 2141 on tree, 16099.541 best solution, best possible -43266.34 (1133.38 seconds)
Cbc0010I After 4400 nodes, 2191 on tree, 16099.541 best solution, best possible -43266.34 (1151.84 seconds)
Cbc0010I After 4500 nodes, 2241 on tree, 16099.541 best solution, best possible -43266.34 (1170.27 seconds)
Cbc0010I After 4600 nodes, 2291 on tree, 16099.541 best solution, best possible -43266.34 (1188.21 seconds)
Cbc0010I After 4700 nodes, 2341 on tree, 16099.541 best solution, best possible -43266.34 (1205.17 seconds)
Cbc0010I After 4800 nodes, 2391 on tree, 16099.541 best solution, best possible -43266.34 (1221.92 seconds)
Cbc0010I After 4900 nodes, 2441 on tree, 16099.541 best solution, best possible -43266.34 (1238.83 seconds)
Cbc0010I After 5000 nodes, 2491 on tree, 16099.541 best solution, best possible -43266.34 (1255.49 seconds)
Cbc0010I After 5100 nodes, 2541 on tree, 16099.541 best solution, best possible -43266.34 (1272.14 seconds)
Cbc0010I After 5200 nodes, 2591 on tree, 16099.541 best solution, best possible -43266.34 (1288.80 seconds)
Cbc0010I After 5300 nodes, 2641 on tree, 16099.541 best solution, best possible -43266.34 (1305.02 seconds)
Cbc0010I After 5400 nodes, 2691 on tree, 16099.541 best solution, best possible -43266.34 (1322.66 seconds)
Cbc0010I After 5500 nodes, 2741 on tree, 16099.541 best solution, best possible -43266.34 (1340.40 seconds)
Optimality Based BT: 0 improved bounds
Cbc0010I After 5600 nodes, 2788 on tree, 16099.541 best solution, best possible -43224.619 (1698.98 seconds)
Cbc0010I After 5700 nodes, 2838 on tree, 16099.541 best solution, best possible -43224.619 (1719.11 seconds)
Cbc0010I After 5800 nodes, 2888 on tree, 16099.541 best solution, best possible -43224.619 (1739.57 seconds)
Cbc0010I After 5900 nodes, 2938 on tree, 16099.541 best solution, best possible -43224.619 (1760.01 seconds)
Cbc0010I After 6000 nodes, 2988 on tree, 16099.541 best solution, best possible -43224.619 (1778.69 seconds)
Cbc0010I After 6100 nodes, 3038 on tree, 16099.541 best solution, best possible -43224.619 (1797.22 seconds)
Cbc0010I After 6200 nodes, 3088 on tree, 16099.541 best solution, best possible -43224.619 (1815.17 seconds)
Cbc0010I After 6300 nodes, 3138 on tree, 16099.541 best solution, best possible -43224.619 (1832.86 seconds)
Cbc0010I After 6400 nodes, 3188 on tree, 16099.541 best solution, best possible -43224.619 (1849.81 seconds)
Cbc0010I After 6500 nodes, 3238 on tree, 16099.541 best solution, best possible -43224.619 (1866.58 seconds)
Cbc0010I After 6600 nodes, 3288 on tree, 16099.541 best solution, best possible -43224.619 (1883.22 seconds)
Cbc0010I After 6700 nodes, 3338 on tree, 16099.541 best solution, best possible -43224.619 (1899.80 seconds)
Cbc0010I After 6800 nodes, 3388 on tree, 16099.541 best solution, best possible -43224.619 (1916.13 seconds)
Cbc0010I After 6900 nodes, 3438 on tree, 16099.541 best solution, best possible -43224.619 (1932.35 seconds)
Cbc0010I After 7000 nodes, 3488 on tree, 16099.541 best solution, best possible -43224.619 (1947.15 seconds)
Cbc0010I After 7100 nodes, 3538 on tree, 16099.541 best solution, best possible -43224.619 (1964.32 seconds)
Cbc0010I After 7200 nodes, 3588 on tree, 16099.541 best solution, best possible -43224.619 (1981.29 seconds)
Cbc0010I After 7300 nodes, 3638 on tree, 16099.541 best solution, best possible -43224.619 (1998.11 seconds)
Optimality Based BT: 0 improved bounds
Cbc0010I After 7400 nodes, 3684 on tree, 16099.541 best solution, best possible -43175.078 (2250.47 seconds)
Cbc0010I After 7500 nodes, 3734 on tree, 16099.541 best solution, best possible -43175.078 (2270.42 seconds)
Cbc0010I After 7600 nodes, 3784 on tree, 16099.541 best solution, best possible -43175.078 (2290.70 seconds)
Cbc0010I After 7700 nodes, 3834 on tree, 16099.541 best solution, best possible -43175.078 (2309.81 seconds)
Cbc0010I After 7800 nodes, 3884 on tree, 16099.541 best solution, best possible -43175.078 (2328.35 seconds)
Cbc0010I After 7900 nodes, 3934 on tree, 16099.541 best solution, best possible -43175.078 (2346.53 seconds)
Cbc0010I After 8000 nodes, 3984 on tree, 16099.541 best solution, best possible -43175.078 (2363.97 seconds)
Cbc0010I After 8100 nodes, 4034 on tree, 16099.541 best solution, best possible -43175.078 (2380.86 seconds)
Cbc0010I After 8200 nodes, 4084 on tree, 16099.541 best solution, best possible -43175.078 (2397.63 seconds)
Cbc0010I After 8300 nodes, 4134 on tree, 16099.541 best solution, best possible -43175.078 (2414.15 seconds)
Cbc0010I After 8400 nodes, 4184 on tree, 16099.541 best solution, best possible -43175.078 (2430.58 seconds)
Cbc0010I After 8500 nodes, 4234 on tree, 16099.541 best solution, best possible -43175.078 (2447.11 seconds)
Cbc0010I After 8600 nodes, 4284 on tree, 16099.541 best solution, best possible -43175.078 (2463.17 seconds)
Cbc0010I After 8700 nodes, 4334 on tree, 16099.541 best solution, best possible -43175.078 (2479.54 seconds)
Cbc0010I After 8800 nodes, 4384 on tree, 16099.541 best solution, best possible -43175.078 (2493.97 seconds)
Cbc0010I After 8900 nodes, 4434 on tree, 16099.541 best solution, best possible -43175.078 (2509.69 seconds)
Cbc0010I After 9000 nodes, 4484 on tree, 16099.541 best solution, best possible -43175.078 (2526.84 seconds)
Cbc0010I After 9100 nodes, 4532 on tree, 16099.541 best solution, best possible -43156.88 (2577.16 seconds)
Cbc0010I After 9200 nodes, 4582 on tree, 16099.541 best solution, best possible -43156.88 (2597.00 seconds)
Cbc0010I After 9300 nodes, 4632 on tree, 16099.541 best solution, best possible -43156.88 (2622.08 seconds)
Cbc0010I After 9400 nodes, 4682 on tree, 16099.541 best solution, best possible -43156.88 (2641.48 seconds)
Cbc0010I After 9500 nodes, 4732 on tree, 16099.541 best solution, best possible -43156.88 (2660.96 seconds)
Cbc0010I After 9600 nodes, 4782 on tree, 16099.541 best solution, best possible -43156.88 (2680.73 seconds)
Cbc0010I After 9700 nodes, 4832 on tree, 16099.541 best solution, best possible -43156.88 (2699.47 seconds)
Cbc0010I After 9800 nodes, 4882 on tree, 16099.541 best solution, best possible -43156.88 (2717.81 seconds)
Cbc0010I After 9900 nodes, 4932 on tree, 16099.541 best solution, best possible -43156.88 (2735.36 seconds)
Cbc0010I After 10000 nodes, 4982 on tree, 16099.541 best solution, best possible -43156.88 (2751.85 seconds)
Cbc0010I After 10100 nodes, 5032 on tree, 16099.541 best solution, best possible -43156.88 (2768.40 seconds)
Cbc0010I After 10200 nodes, 5082 on tree, 16099.541 best solution, best possible -43156.88 (2784.41 seconds)
Cbc0010I After 10300 nodes, 5132 on tree, 16099.541 best solution, best possible -43156.88 (2800.42 seconds)
Cbc0010I After 10400 nodes, 5182 on tree, 16099.541 best solution, best possible -43156.88 (2816.53 seconds)
Cbc0010I After 10500 nodes, 5232 on tree, 16099.541 best solution, best possible -43156.88 (2831.12 seconds)
Cbc0010I After 10600 nodes, 5282 on tree, 16099.541 best solution, best possible -43156.88 (2848.02 seconds)
Cbc0010I After 10700 nodes, 5332 on tree, 16099.541 best solution, best possible -43156.88 (2864.56 seconds)
Cbc0010I After 10800 nodes, 5380 on tree, 16099.541 best solution, best possible -43139.962 (2940.69 seconds)
Cbc0010I After 10900 nodes, 5430 on tree, 16099.541 best solution, best possible -43139.962 (2961.21 seconds)
Cbc0010I After 11000 nodes, 5480 on tree, 16099.541 best solution, best possible -43139.962 (2982.36 seconds)
Cbc0010I After 11100 nodes, 5530 on tree, 16099.541 best solution, best possible -43139.962 (3002.37 seconds)
Cbc0010I After 11200 nodes, 5580 on tree, 16099.541 best solution, best possible -43139.962 (3022.95 seconds)
Cbc0010I After 11300 nodes, 5630 on tree, 16099.541 best solution, best possible -43139.962 (3042.61 seconds)
Cbc0010I After 11400 nodes, 5680 on tree, 16099.541 best solution, best possible -43139.962 (3061.46 seconds)
Cbc0010I After 11500 nodes, 5730 on tree, 16099.541 best solution, best possible -43139.962 (3079.13 seconds)
Cbc0010I After 11600 nodes, 5780 on tree, 16099.541 best solution, best possible -43139.962 (3096.37 seconds)
Cbc0010I After 11700 nodes, 5830 on tree, 16099.541 best solution, best possible -43139.962 (3113.32 seconds)
Cbc0010I After 11800 nodes, 5880 on tree, 16099.541 best solution, best possible -43139.962 (3130.19 seconds)
Cbc0010I After 11900 nodes, 5930 on tree, 16099.541 best solution, best possible -43139.962 (3146.70 seconds)
Cbc0010I After 12000 nodes, 5980 on tree, 16099.541 best solution, best possible -43139.962 (3162.99 seconds)
Cbc0010I After 12100 nodes, 6030 on tree, 16099.541 best solution, best possible -43139.962 (3179.43 seconds)
Cbc0010I After 12200 nodes, 6080 on tree, 16099.541 best solution, best possible -43139.962 (3195.81 seconds)
Cbc0010I After 12300 nodes, 6130 on tree, 16099.541 best solution, best possible -43139.962 (3210.33 seconds)
Cbc0010I After 12400 nodes, 6180 on tree, 16099.541 best solution, best possible -43139.962 (3227.87 seconds)
Cbc0010I After 12500 nodes, 6230 on tree, 16099.541 best solution, best possible -43139.962 (3245.20 seconds)
Cbc0010I After 12600 nodes, 6276 on tree, 16099.541 best solution, best possible -43086.404 (3294.90 seconds)
Cbc0010I After 12700 nodes, 6326 on tree, 16099.541 best solution, best possible -43086.404 (3314.12 seconds)
Cbc0010I After 12800 nodes, 6376 on tree, 16099.541 best solution, best possible -43086.404 (3334.02 seconds)
Cbc0010I After 12900 nodes, 6426 on tree, 16099.541 best solution, best possible -43086.404 (3354.45 seconds)
Cbc0010I After 13000 nodes, 6476 on tree, 16099.541 best solution, best possible -43086.404 (3374.20 seconds)
Cbc0010I After 13100 nodes, 6526 on tree, 16099.541 best solution, best possible -43086.404 (3393.23 seconds)
Cbc0010I After 13200 nodes, 6576 on tree, 16099.541 best solution, best possible -43086.404 (3411.19 seconds)
Cbc0010I After 13300 nodes, 6626 on tree, 16099.541 best solution, best possible -43086.404 (3428.72 seconds)
Cbc0010I After 13400 nodes, 6676 on tree, 16099.541 best solution, best possible -43086.404 (3445.38 seconds)
Cbc0010I After 13500 nodes, 6726 on tree, 16099.541 best solution, best possible -43086.404 (3461.59 seconds)
Cbc0010I After 13600 nodes, 6776 on tree, 16099.541 best solution, best possible -43086.404 (3477.46 seconds)
Cbc0010I After 13700 nodes, 6826 on tree, 16099.541 best solution, best possible -43086.404 (3493.62 seconds)
Cbc0010I After 13800 nodes, 6876 on tree, 16099.541 best solution, best possible -43086.404 (3509.46 seconds)
Cbc0010I After 13900 nodes, 6926 on tree, 16099.541 best solution, best possible -43086.404 (3524.56 seconds)
Cbc0010I After 14000 nodes, 6976 on tree, 16099.541 best solution, best possible -43086.404 (3539.60 seconds)
Cbc0010I After 14100 nodes, 7026 on tree, 16099.541 best solution, best possible -43086.404 (3556.52 seconds)
