2023/05/23
Julia is now 1.9.0
previous version was 1.7.2
2023/11/29
gurobi is now 11.0.0
previous version was 10.0.2
solving instance uflp nldep holmberg 25 sqrt
presolving:
(round 1, fast)       60 del vars, 4530 del conss, 0 add conss, 30 chg bounds, 0 chg sides, 0 chg coeffs, 0 upgd conss, 0 impls, 0 clqs
   (13.9s) symmetry computation started: requiring (bin +, int +, cont +), (fixed: bin -, int -, cont -)
   (13.9s) no symmetry present
presolving (2 rounds: 2 fast, 1 medium, 1 exhaustive):
 60 deleted vars, 4530 deleted constraints, 0 added constraints, 30 tightened bounds, 0 added holes, 0 changed sides, 0 changed coefficients
 0 implications, 0 cliques
presolved problem has 4530 variables (0 bin, 0 int, 0 impl, 4530 cont) and 180 constraints
    150 constraints of type <linear>
     30 constraints of type <nonlinear>
Presolving Time: 13.87

 time | node  | left  |LP iter|LP it/n|mem/heur|mdpt |vars |cons |rows |cuts |sepa|confs|strbr|  dualbound   | primalbound  |  gap   | compl. 
 13.9s|     1 |     0 |   327 |     - |    40M |   0 |4620 | 180 | 240 |   0 |  0 |   0 |   0 | 8.289822e+03 |      --      |    Inf | unknown
L14.1s|     1 |     0 |   327 |     - |undercov|   0 |4620 | 180 | 240 |   0 |  0 |   0 |   0 | 8.289822e+03 | 9.696058e+03 |  16.96%| unknown
L 440s|     1 |     0 |   327 |     - |undercov|   0 |4620 | 180 | 240 |   0 |  0 |   0 |   0 | 8.289822e+03 | 9.263815e+03 |  11.75%| unknown
  443s|     1 |     0 |   327 |     - |    46M |   0 |4620 | 180 | 240 |   0 |  2 |   0 |   0 | 8.289822e+03 | 9.263815e+03 |  11.75%| unknown
  444s|     1 |     2 |   327 |     - |    46M |   0 |4620 | 180 | 240 |   0 |  4 |   0 |   0 | 8.289822e+03 | 9.263815e+03 |  11.75%| unknown
  444s|   100 |   101 |   377 |   0.5 |    47M |  17 |4620 | 180 | 242 |  42 |  2 |   0 |   0 | 8.289822e+03 | 9.263815e+03 |  11.75%| unknown
  445s|   200 |   201 |   433 |   0.5 |    47M |  17 |4620 | 180 | 241 |  87 |  1 |   0 |   0 | 8.290291e+03 | 9.263815e+03 |  11.74%| unknown
  446s|   300 |   301 |   484 |   0.5 |    47M |  23 |4620 | 180 | 241 | 133 |  1 |   0 |   0 | 8.303564e+03 | 9.263815e+03 |  11.56%| unknown
  447s|   400 |   401 |   531 |   0.5 |    47M |  34 |4620 | 180 | 244 | 175 |  2 |   0 |   0 | 8.303564e+03 | 9.263815e+03 |  11.56%| unknown
  447s|   500 |   501 |   594 |   0.5 |    48M |  42 |4620 | 180 | 246 | 231 |  1 |   0 |   0 | 8.303564e+03 | 9.263815e+03 |  11.56%| unknown
  448s|   600 |   585 |   649 |   0.5 |    48M |  48 |4620 | 180 | 241 | 279 |  1 |   0 |   0 | 8.305452e+03 | 9.263815e+03 |  11.54%| unknown
  449s|   700 |   683 |   720 |   0.6 |    48M |  48 |4620 | 180 | 244 | 335 |  2 |   0 |   0 | 8.305452e+03 | 9.263815e+03 |  11.54%| unknown
  450s|   800 |   779 |   787 |   0.6 |    49M |  58 |4620 | 180 | 240 | 392 |  1 |   0 |   0 | 8.306814e+03 | 9.263815e+03 |  11.52%| unknown
  450s|   900 |   869 |   852 |   0.6 |    50M |  58 |4620 | 180 | 245 | 449 |  0 |   0 |   0 | 8.306863e+03 | 9.263815e+03 |  11.52%| unknown
  451s|  1000 |   969 |   917 |   0.6 |    50M |  58 |4620 | 180 | 247 | 501 |  2 |   0 |   0 | 8.307510e+03 | 9.263815e+03 |  11.51%| unknown
 time | node  | left  |LP iter|LP it/n|mem/heur|mdpt |vars |cons |rows |cuts |sepa|confs|strbr|  dualbound   | primalbound  |  gap   | compl. 
  452s|  1100 |  1053 |   976 |   0.6 |    51M |  73 |4620 | 180 | 241 | 548 |  2 |   0 |   0 | 8.308246e+03 | 9.263815e+03 |  11.50%| unknown
  453s|  1200 |  1133 |  1054 |   0.6 |    51M |  73 |4620 | 180 | 241 | 598 |  1 |   0 |   0 | 8.308917e+03 | 9.263815e+03 |  11.49%| unknown
  454s|  1300 |  1221 |  1118 |   0.6 |    51M |  73 |4620 | 180 | 243 | 657 |  1 |   0 |   0 | 8.308917e+03 | 9.263815e+03 |  11.49%| unknown
 1000s|  1400 |  1311 |  1181 |   0.6 |    51M |  73 |4620 | 180 | 243 | 716 |  2 |   0 |   0 | 8.308917e+03 | 9.263815e+03 |  11.49%| unknown
 1012s|  1500 |  1389 |  1244 |   0.6 |    52M |  73 |4620 | 180 | 242 | 774 |  2 |   0 |   0 | 8.308928e+03 | 9.263815e+03 |  11.49%| unknown
 1012s|  1600 |  1471 |  1318 |   0.6 |    52M |  73 |4620 | 180 | 241 | 834 |  2 |   0 |   0 | 8.309212e+03 | 9.263815e+03 |  11.49%| unknown
 1013s|  1700 |  1537 |  1371 |   0.6 |    53M |  73 |4620 | 180 | 243 | 884 |  2 |   0 |   0 | 8.309212e+03 | 9.263815e+03 |  11.49%| unknown
 1013s|  1800 |  1589 |  1418 |   0.6 |    53M |  73 |4620 | 180 | 241 | 925 |  2 |   0 |   0 | 8.310514e+03 | 9.263815e+03 |  11.47%| unknown
 1013s|  1900 |  1627 |  1460 |   0.6 |    53M |  73 |4620 | 180 | 243 | 949 |  1 |   0 |   0 | 8.310581e+03 | 9.263815e+03 |  11.47%| unknown
 1014s|  2000 |  1671 |  1486 |   0.6 |    53M |  73 |4620 | 180 | 242 | 975 |  0 |   0 |   0 | 8.310581e+03 | 9.263815e+03 |  11.47%| unknown
 1014s|  2100 |  1727 |  1523 |   0.6 |    53M |  73 |4620 | 180 | 245 |1009 |  0 |   0 |   0 | 8.310648e+03 | 9.263815e+03 |  11.47%| unknown
 1022s|  2200 |  1799 |  1573 |   0.6 |    53M |  73 |4620 | 180 | 244 |1058 |  0 |   0 |   0 | 8.310648e+03 | 9.263815e+03 |  11.47%| unknown
 1023s|  2300 |  1887 |  1630 |   0.6 |    53M |  73 |4620 | 180 | 243 |1111 |  1 |   0 |   0 | 8.310648e+03 | 9.263815e+03 |  11.47%| unknown
 1023s|  2400 |  1977 |  1690 |   0.6 |    54M |  86 |4620 | 180 | 243 |1171 |  1 |   0 |   0 | 8.310648e+03 | 9.263815e+03 |  11.47%| unknown
 1024s|  2500 |  2053 |  1747 |   0.6 |    54M |  92 |4620 | 180 | 244 |1222 |  1 |   0 |   0 | 8.310665e+03 | 9.263815e+03 |  11.47%| unknown
 time | node  | left  |LP iter|LP it/n|mem/heur|mdpt |vars |cons |rows |cuts |sepa|confs|strbr|  dualbound   | primalbound  |  gap   | compl. 
 1026s|  2600 |  2121 |  1818 |   0.6 |    54M |  92 |4620 | 180 | 243 |1285 |  2 |   0 |   0 | 8.310665e+03 | 9.263815e+03 |  11.47%| unknown
 1026s|  2700 |  2191 |  1877 |   0.6 |    54M |  92 |4620 | 180 | 245 |1341 |  2 |   0 |   0 | 8.310907e+03 | 9.263815e+03 |  11.47%| unknown
 1027s|  2800 |  2253 |  1940 |   0.6 |    54M |  92 |4620 | 180 | 245 |1392 |  2 |   0 |   0 | 8.311862e+03 | 9.263815e+03 |  11.45%| unknown
 1028s|  2900 |  2313 |  1990 |   0.6 |    54M |  92 |4620 | 180 | 242 |1439 |  2 |   0 |   0 | 8.311862e+03 | 9.263815e+03 |  11.45%| unknown
 1407s|  3000 |  2387 |  2044 |   0.6 |    56M |  92 |4620 | 180 | 244 |1489 |  2 |   0 |   0 | 8.311862e+03 | 9.263815e+03 |  11.45%| unknown
 1410s|  3100 |  2465 |  2116 |   0.6 |    56M |  92 |4620 | 180 | 244 |1550 |  2 |   0 |   0 | 8.313172e+03 | 9.263815e+03 |  11.44%| unknown
 1410s|  3200 |  2527 |  2177 |   0.6 |    56M |  92 |4620 | 180 | 240 |1599 |  1 |   0 |   0 | 8.314715e+03 | 9.263815e+03 |  11.41%| unknown
 1411s|  3300 |  2589 |  2234 |   0.6 |    56M |  92 |4620 | 180 | 241 |1650 |  1 |   0 |   0 | 8.314715e+03 | 9.263815e+03 |  11.41%| unknown
 1412s|  3400 |  2663 |  2294 |   0.6 |    56M |  92 |4620 | 180 | 241 |1705 |  2 |   0 |   0 | 8.314916e+03 | 9.263815e+03 |  11.41%| unknown
 1413s|  3500 |  2737 |  2366 |   0.6 |    56M |  92 |4620 | 180 | 240 |1757 |  1 |   0 |   0 | 8.315797e+03 | 9.263815e+03 |  11.40%| unknown
 1413s|  3600 |  2789 |  2416 |   0.6 |    57M |  92 |4620 | 180 | 246 |1797 |  1 |   0 |   0 | 8.315907e+03 | 9.263815e+03 |  11.40%| unknown
 1414s|  3700 |  2849 |  2468 |   0.6 |    58M |  92 |4620 | 180 | 243 |1840 |  1 |   0 |   0 | 8.316246e+03 | 9.263815e+03 |  11.39%| unknown
 1415s|  3800 |  2903 |  2524 |   0.6 |    59M |  92 |4620 | 180 | 245 |1881 |  2 |   0 |   0 | 8.316324e+03 | 9.263815e+03 |  11.39%| unknown
 1415s|  3900 |  2945 |  2564 |   0.6 |    59M |  92 |4620 | 180 | 240 |1914 |  1 |   0 |   0 | 8.316324e+03 | 9.263815e+03 |  11.39%| unknown
 1575s|  4000 |  2989 |  2598 |   0.6 |    59M |  92 |4620 | 180 | 240 |1948 |  1 |   0 |   0 | 8.316324e+03 | 9.263815e+03 |  11.39%| unknown
 time | node  | left  |LP iter|LP it/n|mem/heur|mdpt |vars |cons |rows |cuts |sepa|confs|strbr|  dualbound   | primalbound  |  gap   | compl. 
 1578s|  4100 |  3035 |  2645 |   0.6 |    59M |  92 |4620 | 180 | 245 |1987 |  1 |   0 |   0 | 8.316842e+03 | 9.263815e+03 |  11.39%| unknown
 1578s|  4200 |  3077 |  2692 |   0.6 |    59M |  92 |4620 | 180 | 245 |2026 |  1 |   0 |   0 | 8.317679e+03 | 9.263815e+03 |  11.37%| unknown
 1579s|  4300 |  3121 |  2732 |   0.6 |    59M |  92 |4620 | 180 | 242 |2062 |  2 |   0 |   0 | 8.317815e+03 | 9.263815e+03 |  11.37%| unknown
 1579s|  4400 |  3149 |  2762 |   0.6 |    59M |  98 |4620 | 180 | 244 |2090 |  1 |   0 |   0 | 8.317939e+03 | 9.263815e+03 |  11.37%| unknown
 1580s|  4500 |  3177 |  2785 |   0.5 |    59M | 105 |4620 | 180 | 243 |2113 |  1 |   0 |   0 | 8.317939e+03 | 9.263815e+03 |  11.37%| unknown
 1580s|  4600 |  3203 |  2809 |   0.5 |    59M | 113 |4620 | 180 | 243 |2136 |  1 |   0 |   0 | 8.317939e+03 | 9.263815e+03 |  11.37%| unknown
 1581s|  4700 |  3225 |  2829 |   0.5 |    59M | 118 |4620 | 180 | 240 |2156 |  1 |   0 |   0 | 8.317939e+03 | 9.263815e+03 |  11.37%| unknown
 1581s|  4800 |  3257 |  2856 |   0.5 |    60M | 124 |4620 | 180 | 244 |2183 |  0 |   0 |   0 | 8.317939e+03 | 9.263815e+03 |  11.37%| unknown
 1582s|  4900 |  3285 |  2888 |   0.5 |    60M | 129 |4620 | 180 | 245 |2211 |  0 |   0 |   0 | 8.317939e+03 | 9.263815e+03 |  11.37%| unknown
 1582s|  5000 |  3317 |  2914 |   0.5 |    60M | 136 |4620 | 180 | 245 |2237 |  0 |   0 |   0 | 8.317939e+03 | 9.263815e+03 |  11.37%| unknown
 1583s|  5100 |  3355 |  2947 |   0.5 |    60M | 141 |4620 | 180 | 247 |2266 |  1 |   0 |   0 | 8.317939e+03 | 9.263815e+03 |  11.37%| unknown
 1583s|  5200 |  3387 |  2974 |   0.5 |    60M | 146 |4620 | 180 | 244 |2293 |  2 |   0 |   0 | 8.317939e+03 | 9.263815e+03 |  11.37%| unknown
 1583s|  5300 |  3423 |  3000 |   0.5 |    60M | 152 |4620 | 180 | 245 |2319 |  0 |   0 |   0 | 8.317939e+03 | 9.263815e+03 |  11.37%| unknown
 1584s|  5400 |  3467 |  3029 |   0.5 |    60M | 156 |4620 | 180 | 244 |2348 |  2 |   0 |   0 | 8.317939e+03 | 9.263815e+03 |  11.37%| unknown
 1584s|  5500 |  3509 |  3060 |   0.5 |    61M | 162 |4620 | 180 | 248 |2377 |  0 |   0 |   0 | 8.317939e+03 | 9.263815e+03 |  11.37%| unknown
 time | node  | left  |LP iter|LP it/n|mem/heur|mdpt |vars |cons |rows |cuts |sepa|confs|strbr|  dualbound   | primalbound  |  gap   | compl. 
 1585s|  5600 |  3555 |  3100 |   0.5 |    61M | 166 |4620 | 180 | 242 |2409 |  2 |   0 |   0 | 8.318139e+03 | 9.263815e+03 |  11.37%| unknown
 1585s|  5700 |  3603 |  3133 |   0.5 |    61M | 169 |4620 | 180 | 248 |2442 |  0 |   0 |   0 | 8.318139e+03 | 9.263815e+03 |  11.37%| unknown
 1586s|  5800 |  3645 |  3159 |   0.5 |    61M | 175 |4620 | 180 | 245 |2465 |  0 |   0 |   0 | 8.318139e+03 | 9.263815e+03 |  11.37%| unknown
 1586s|  5900 |  3697 |  3213 |   0.5 |    61M | 179 |4620 | 180 | 250 |2502 |  2 |   0 |   0 | 8.318139e+03 | 9.263815e+03 |  11.37%| unknown
 1587s|  6000 |  3753 |  3252 |   0.5 |    61M | 183 |4620 | 180 | 247 |2537 |  0 |   0 |   0 | 8.318139e+03 | 9.263815e+03 |  11.37%| unknown
 1587s|  6100 |  3795 |  3285 |   0.5 |    61M | 187 |4620 | 180 | 244 |2565 |  0 |   0 |   0 | 8.318237e+03 | 9.263815e+03 |  11.37%| unknown
 1588s|  6200 |  3849 |  3362 |   0.5 |    61M | 191 |4620 | 180 | 251 |2611 |  1 |   0 |   0 | 8.318237e+03 | 9.263815e+03 |  11.37%| unknown
 1588s|  6300 |  3887 |  3410 |   0.5 |    61M | 193 |4620 | 180 | 244 |2640 |  0 |   0 |   0 | 8.318278e+03 | 9.263815e+03 |  11.37%| unknown
 1589s|  6400 |  3921 |  3447 |   0.5 |    61M | 193 |4620 | 180 | 250 |2666 |  1 |   0 |   0 | 8.318278e+03 | 9.263815e+03 |  11.37%| unknown
 1589s|  6500 |  3983 |  3518 |   0.5 |    62M | 193 |4620 | 180 | 240 |2710 |  1 |   0 |   0 | 8.318777e+03 | 9.263815e+03 |  11.36%| unknown
 1590s|  6600 |  4029 |  3574 |   0.5 |    62M | 195 |4620 | 180 | 240 |2747 |  1 |   0 |   0 | 8.318777e+03 | 9.263815e+03 |  11.36%| unknown
 1590s|  6700 |  4077 |  3641 |   0.5 |    62M | 195 |4620 | 180 | 251 |2789 |  1 |   0 |   0 | 8.318777e+03 | 9.263815e+03 |  11.36%| unknown
 1591s|  6800 |  4113 |  3667 |   0.5 |    62M | 195 |4620 | 180 | 242 |2808 |  0 |   0 |   0 | 8.319203e+03 | 9.263815e+03 |  11.35%| unknown
 1591s|  6900 |  4157 |  3709 |   0.5 |    62M | 195 |4620 | 180 | 249 |2836 |  2 |   0 |   0 | 8.319203e+03 | 9.263815e+03 |  11.35%| unknown
 1592s|  7000 |  4187 |  3734 |   0.5 |    63M | 195 |4620 | 180 | 242 |2856 |  1 |   0 |   0 | 8.319676e+03 | 9.263815e+03 |  11.35%| unknown
 time | node  | left  |LP iter|LP it/n|mem/heur|mdpt |vars |cons |rows |cuts |sepa|confs|strbr|  dualbound   | primalbound  |  gap   | compl. 
 1592s|  7100 |  4207 |  3747 |   0.5 |    63M | 195 |4620 | 180 | 243 |2867 |  0 |   0 |   0 | 8.319676e+03 | 9.263815e+03 |  11.35%| unknown
 1592s|  7200 |  4237 |  3789 |   0.5 |    63M | 195 |4620 | 180 | 251 |2891 |  0 |   0 |   0 | 8.319676e+03 | 9.263815e+03 |  11.35%| unknown
 1593s|  7300 |  4295 |  3866 |   0.5 |    63M | 195 |4620 | 180 | 244 |2934 |  1 |   0 |   0 | 8.319698e+03 | 9.263815e+03 |  11.35%| unknown
 1593s|  7400 |  4363 |  3904 |   0.5 |    64M | 195 |4620 | 180 | 240 |2965 |  1 |   0 |   0 | 8.319698e+03 | 9.263815e+03 |  11.35%| unknown
 1594s|  7500 |  4463 |  3957 |   0.5 |    64M | 195 |4620 | 180 | 240 |3005 |  1 |   0 |   0 | 8.319698e+03 | 9.263815e+03 |  11.35%| unknown
 1594s|  7600 |  4519 |  3990 |   0.5 |    64M | 195 |4620 | 180 | 240 |3034 |  1 |   0 |   0 | 8.319704e+03 | 9.263815e+03 |  11.35%| unknown
 1595s|  7700 |  4581 |  4040 |   0.5 |    65M | 195 |4620 | 180 | 241 |3068 |  2 |   0 |   0 | 8.319704e+03 | 9.263815e+03 |  11.35%| unknown
 1595s|  7800 |  4645 |  4100 |   0.5 |    65M | 195 |4620 | 180 | 244 |3103 |  0 |   0 |   0 | 8.319704e+03 | 9.263815e+03 |  11.35%| unknown
 1595s|  7900 |  4705 |  4169 |   0.5 |    65M | 195 |4620 | 180 | 248 |3143 |  2 |   0 |   0 | 8.320125e+03 | 9.263815e+03 |  11.34%| unknown
 1596s|  8000 |  4795 |  4250 |   0.5 |    65M | 195 |4620 | 180 | 246 |3194 |  2 |   0 |   0 | 8.321042e+03 | 9.263815e+03 |  11.33%| unknown
 1596s|  8100 |  4833 |  4297 |   0.5 |    65M | 195 |4620 | 180 | 245 |3225 |  0 |   0 |   0 | 8.321042e+03 | 9.263815e+03 |  11.33%| unknown
 1597s|  8200 |  4885 |  4359 |   0.5 |    65M | 197 |4620 | 180 | 245 |3259 |  0 |   0 |   0 | 8.321042e+03 | 9.263815e+03 |  11.33%| unknown
 1597s|  8300 |  4907 |  4384 |   0.5 |    65M | 197 |4620 | 180 | 245 |3274 |  0 |   0 |   0 | 8.321042e+03 | 9.263815e+03 |  11.33%| unknown
 1597s|  8400 |  4929 |  4425 |   0.5 |    65M | 197 |4620 | 180 | 245 |3295 |  0 |   0 |   0 | 8.321105e+03 | 9.263815e+03 |  11.33%| unknown
 1598s|  8500 |  4967 |  4485 |   0.5 |    65M | 197 |4620 | 180 | 243 |3327 |  2 |   0 |   0 | 8.321177e+03 | 9.263815e+03 |  11.33%| unknown
 time | node  | left  |LP iter|LP it/n|mem/heur|mdpt |vars |cons |rows |cuts |sepa|confs|strbr|  dualbound   | primalbound  |  gap   | compl. 
 1598s|  8600 |  5007 |  4547 |   0.5 |    65M | 197 |4620 | 180 | 245 |3360 |  1 |   0 |   0 | 8.321177e+03 | 9.263815e+03 |  11.33%| unknown
 1598s|  8700 |  5051 |  4594 |   0.5 |    66M | 197 |4620 | 180 | 240 |3388 |  1 |   0 |   0 | 8.321177e+03 | 9.263815e+03 |  11.33%| unknown
 1599s|  8800 |  5095 |  4659 |   0.5 |    67M | 198 |4620 | 180 | 245 |3418 |  1 |   0 |   0 | 8.321177e+03 | 9.263815e+03 |  11.33%| unknown
 1599s|  8900 |  5125 |  4694 |   0.5 |    67M | 198 |4620 | 180 | 243 |3440 |  2 |   0 |   0 | 8.321223e+03 | 9.263815e+03 |  11.33%| unknown
 1599s|  9000 |  5161 |  4740 |   0.5 |    68M | 198 |4620 | 180 | 247 |3467 |  2 |   0 |   0 | 8.321281e+03 | 9.263815e+03 |  11.33%| unknown
 1600s|  9100 |  5195 |  4793 |   0.5 |    68M | 198 |4620 | 180 | 247 |3495 |  1 |   0 |   0 | 8.321281e+03 | 9.263815e+03 |  11.33%| unknown
 1600s|  9200 |  5241 |  4846 |   0.5 |    68M | 198 |4620 | 180 | 248 |3530 |  2 |   0 |   0 | 8.321281e+03 | 9.263815e+03 |  11.33%| unknown
 1600s|  9300 |  5295 |  4908 |   0.5 |    69M | 198 |4620 | 180 | 244 |3571 |  2 |   0 |   0 | 8.322013e+03 | 9.263815e+03 |  11.32%| unknown
 1601s|  9400 |  5367 |  4968 |   0.5 |    69M | 198 |4620 | 180 | 249 |3612 |  1 |   0 |   0 | 8.322619e+03 | 9.263815e+03 |  11.31%| unknown
 1601s|  9500 |  5425 |  5019 |   0.5 |    69M | 198 |4620 | 180 | 243 |3645 |  2 |   0 |   0 | 8.323077e+03 | 9.263815e+03 |  11.30%| unknown
 1602s|  9600 |  5459 |  5052 |   0.5 |    69M | 198 |4620 | 180 | 246 |3669 |  1 |   0 |   0 | 8.323077e+03 | 9.263815e+03 |  11.30%| unknown
 1602s|  9700 |  5489 |  5096 |   0.5 |    69M | 198 |4620 | 180 | 246 |3696 |  0 |   0 |   0 | 8.323077e+03 | 9.263815e+03 |  11.30%| unknown
 1602s|  9800 |  5533 |  5150 |   0.5 |    69M | 198 |4620 | 180 | 248 |3735 |  1 |   0 |   0 | 8.323148e+03 | 9.263815e+03 |  11.30%| unknown
 1603s|  9900 |  5571 |  5191 |   0.5 |    69M | 198 |4620 | 180 | 248 |3764 |  1 |   0 |   0 | 8.323148e+03 | 9.263815e+03 |  11.30%| unknown
 1603s| 10000 |  5615 |  5252 |   0.5 |    69M | 198 |4620 | 180 | 248 |3797 |  0 |   0 |   0 | 8.323148e+03 | 9.263815e+03 |  11.30%| unknown
 time | node  | left  |LP iter|LP it/n|mem/heur|mdpt |vars |cons |rows |cuts |sepa|confs|strbr|  dualbound   | primalbound  |  gap   | compl. 
 1604s| 10100 |  5667 |  5326 |   0.5 |    69M | 198 |4620 | 180 | 250 |3836 |  2 |   0 |   0 | 8.323148e+03 | 9.263815e+03 |  11.30%| unknown
 1604s| 10200 |  5741 |  5400 |   0.5 |    69M | 198 |4620 | 180 | 248 |3878 |  1 |   0 |   0 | 8.323818e+03 | 9.263815e+03 |  11.29%| unknown
 1604s| 10300 |  5799 |  5470 |   0.5 |    69M | 198 |4620 | 180 | 251 |3920 |  1 |   0 |   0 | 8.323818e+03 | 9.263815e+03 |  11.29%| unknown
 1605s| 10400 |  5847 |  5544 |   0.5 |    69M | 198 |4620 | 180 | 249 |3959 |  1 |   0 |   0 | 8.323818e+03 | 9.263815e+03 |  11.29%| unknown
 1605s| 10500 |  5915 |  5657 |   0.5 |    70M | 198 |4620 | 180 | 250 |4015 |  1 |   0 |   0 | 8.323912e+03 | 9.263815e+03 |  11.29%| unknown
 1606s| 10600 |  5965 |  5737 |   0.5 |    70M | 198 |4620 | 180 | 249 |4053 |  2 |   0 |   0 | 8.323912e+03 | 9.263815e+03 |  11.29%| unknown
 1606s| 10700 |  6009 |  5813 |   0.5 |    71M | 198 |4620 | 180 | 244 |4090 |  2 |   0 |   0 | 8.323912e+03 | 9.263815e+03 |  11.29%| unknown
 1607s| 10800 |  6081 |  5895 |   0.5 |    72M | 198 |4620 | 180 | 250 |4137 |  1 |   0 |   0 | 8.323912e+03 | 9.263815e+03 |  11.29%| unknown
 1607s| 10900 |  6137 |  6006 |   0.5 |    72M | 198 |4620 | 180 | 246 |4183 |  0 |   0 |   0 | 8.324124e+03 | 9.263815e+03 |  11.29%| unknown
 1608s| 11000 |  6197 |  6106 |   0.5 |    72M | 198 |4620 | 180 | 250 |4229 |  0 |   0 |   0 | 8.324505e+03 | 9.263815e+03 |  11.28%| unknown
 1609s| 11100 |  6265 |  6185 |   0.5 |    72M | 198 |4620 | 180 | 250 |4275 |  1 |   0 |   0 | 8.324505e+03 | 9.263815e+03 |  11.28%| unknown
 1609s| 11200 |  6309 |  6259 |   0.5 |    72M | 198 |4620 | 180 | 249 |4311 |  2 |   0 |   0 | 8.324505e+03 | 9.263815e+03 |  11.28%| unknown
 1610s| 11300 |  6377 |  6350 |   0.5 |    72M | 198 |4620 | 180 | 251 |4357 |  2 |   0 |   0 | 8.324505e+03 | 9.263815e+03 |  11.28%| unknown
 1610s| 11400 |  6445 |  6439 |   0.5 |    72M | 198 |4620 | 180 | 250 |4401 |  1 |   0 |   0 | 8.324505e+03 | 9.263815e+03 |  11.28%| unknown
 1615s| 11500 |  6505 |  6551 |   0.5 |    72M | 198 |4620 | 180 | 251 |4446 |  1 |   0 |   0 | 8.324505e+03 | 9.263815e+03 |  11.28%| unknown
 time | node  | left  |LP iter|LP it/n|mem/heur|mdpt |vars |cons |rows |cuts |sepa|confs|strbr|  dualbound   | primalbound  |  gap   | compl. 
 1615s| 11600 |  6553 |  6644 |   0.5 |    72M | 198 |4620 | 180 | 246 |4487 |  2 |   0 |   0 | 8.324505e+03 | 9.263815e+03 |  11.28%| unknown
 1616s| 11700 |  6601 |  6724 |   0.5 |    72M | 198 |4620 | 180 | 242 |4523 |  2 |   0 |   0 | 8.324505e+03 | 9.263815e+03 |  11.28%| unknown
 1616s| 11800 |  6681 |  6827 |   0.6 |    73M | 198 |4620 | 180 | 247 |4573 |  2 |   0 |   0 | 8.324803e+03 | 9.263815e+03 |  11.28%| unknown
 1617s| 11900 |  6739 |  6938 |   0.6 |    73M | 198 |4620 | 180 | 244 |4618 |  2 |   0 |   0 | 8.324803e+03 | 9.263815e+03 |  11.28%| unknown
 1618s| 12000 |  6789 |  7028 |   0.6 |    73M | 198 |4620 | 180 | 244 |4659 |  2 |   0 |   0 | 8.324803e+03 | 9.263815e+03 |  11.28%| unknown
 1618s| 12100 |  6837 |  7108 |   0.6 |    73M | 198 |4620 | 180 | 248 |4705 |  1 |   0 |   0 | 8.324803e+03 | 9.263815e+03 |  11.28%| unknown
 1619s| 12200 |  6887 |  7185 |   0.6 |    73M | 198 |4620 | 180 | 246 |4741 |  0 |   0 |   0 | 8.324803e+03 | 9.263815e+03 |  11.28%| unknown
 1619s| 12300 |  6933 |  7245 |   0.6 |    74M | 198 |4620 | 180 | 243 |4776 |  2 |   0 |   0 | 8.324803e+03 | 9.263815e+03 |  11.28%| unknown
 1620s| 12400 |  6979 |  7325 |   0.6 |    74M | 198 |4620 | 180 | 242 |4815 |  2 |   0 |   0 | 8.324803e+03 | 9.263815e+03 |  11.28%| unknown
 1621s| 12500 |  7045 |  7415 |   0.6 |    75M | 198 |4620 | 180 | 244 |4863 |  1 |   0 |   0 | 8.324989e+03 | 9.263815e+03 |  11.28%| unknown
 1621s| 12600 |  7093 |  7485 |   0.6 |    75M | 198 |4620 | 180 | 241 |4903 |  1 |   0 |   0 | 8.324989e+03 | 9.263815e+03 |  11.28%| unknown
 1622s| 12700 |  7151 |  7562 |   0.6 |    75M | 201 |4620 | 180 | 250 |4946 |  0 |   0 |   0 | 8.324989e+03 | 9.263815e+03 |  11.28%| unknown
 1623s| 12800 |  7221 |  7696 |   0.6 |    75M | 201 |4620 | 180 | 246 |5002 |  2 |   0 |   0 | 8.325271e+03 | 9.263815e+03 |  11.27%| unknown
 1623s| 12900 |  7289 |  7803 |   0.6 |    75M | 201 |4620 | 180 | 244 |5049 |  1 |   0 |   0 | 8.325271e+03 | 9.263815e+03 |  11.27%| unknown
 1624s| 13000 |  7353 |  7900 |   0.6 |    75M | 201 |4620 | 180 | 241 |5094 |  1 |   0 |   0 | 8.325271e+03 | 9.263815e+03 |  11.27%| unknown
 time | node  | left  |LP iter|LP it/n|mem/heur|mdpt |vars |cons |rows |cuts |sepa|confs|strbr|  dualbound   | primalbound  |  gap   | compl. 
 1625s| 13100 |  7411 |  8025 |   0.6 |    75M | 201 |4620 | 180 | 243 |5153 |  2 |   0 |   0 | 8.326007e+03 | 9.263815e+03 |  11.26%| unknown
 1625s| 13200 |  7477 |  8125 |   0.6 |    75M | 201 |4620 | 180 | 248 |5195 |  2 |   0 |   0 | 8.326019e+03 | 9.263815e+03 |  11.26%| unknown
 1626s| 13300 |  7561 |  8236 |   0.6 |    75M | 201 |4620 | 180 | 250 |5248 |  1 |   0 |   0 | 8.326019e+03 | 9.263815e+03 |  11.26%| unknown
 1627s| 13400 |  7627 |  8320 |   0.6 |    75M | 201 |4620 | 180 | 252 |5290 |  2 |   0 |   0 | 8.326050e+03 | 9.263815e+03 |  11.26%| unknown
 1627s| 13500 |  7689 |  8416 |   0.6 |    75M | 201 |4620 | 180 | 250 |5333 |  1 |   0 |   0 | 8.326158e+03 | 9.263815e+03 |  11.26%| unknown
 1628s| 13600 |  7757 |  8510 |   0.6 |    75M | 201 |4620 | 180 | 247 |5374 |  1 |   0 |   0 | 8.326293e+03 | 9.263815e+03 |  11.26%| unknown
 1629s| 13700 |  7833 |  8614 |   0.6 |    75M | 201 |4620 | 180 | 249 |5425 |  1 |   0 |   0 | 8.326293e+03 | 9.263815e+03 |  11.26%| unknown
 1629s| 13800 |  7905 |  8727 |   0.6 |    76M | 201 |4620 | 180 | 253 |5475 |  0 |   0 |   0 | 8.326314e+03 | 9.263815e+03 |  11.26%| unknown
 1630s| 13900 |  7979 |  8843 |   0.6 |    76M | 201 |4620 | 180 | 252 |5523 |  2 |   0 |   0 | 8.326453e+03 | 9.263815e+03 |  11.26%| unknown
 1631s| 14000 |  8051 |  8957 |   0.6 |    76M | 201 |4620 | 180 | 253 |5573 |  2 |   0 |   0 | 8.326578e+03 | 9.263815e+03 |  11.26%| unknown
 1632s| 14100 |  8141 |  9083 |   0.6 |    76M | 201 |4620 | 180 | 245 |5630 |  2 |   0 |   0 | 8.327328e+03 | 9.263815e+03 |  11.25%| unknown
 1633s| 14200 |  8227 |  9191 |   0.6 |    76M | 201 |4620 | 180 | 250 |5682 |  2 |   0 |   0 | 8.327328e+03 | 9.263815e+03 |  11.25%| unknown
 1633s| 14300 |  8281 |  9286 |   0.6 |    77M | 201 |4620 | 180 | 249 |5726 |  2 |   0 |   0 | 8.327328e+03 | 9.263815e+03 |  11.25%| unknown
 1634s| 14400 |  8343 |  9391 |   0.6 |    78M | 201 |4620 | 180 | 244 |5775 |  2 |   0 |   0 | 8.327328e+03 | 9.263815e+03 |  11.25%| unknown
 1635s| 14500 |  8421 |  9507 |   0.6 |    80M | 201 |4620 | 180 | 252 |5829 |  2 |   0 |   0 | 8.327328e+03 | 9.263815e+03 |  11.25%| unknown
 time | node  | left  |LP iter|LP it/n|mem/heur|mdpt |vars |cons |rows |cuts |sepa|confs|strbr|  dualbound   | primalbound  |  gap   | compl. 
 1635s| 14600 |  8487 |  9610 |   0.6 |    80M | 201 |4620 | 180 | 248 |5875 |  1 |   0 |   0 | 8.327328e+03 | 9.263815e+03 |  11.25%| unknown
 1636s| 14700 |  8559 |  9713 |   0.6 |    80M | 201 |4620 | 180 | 248 |5920 |  1 |   0 |   0 | 8.327328e+03 | 9.263815e+03 |  11.25%| unknown
 1637s| 14800 |  8617 |  9798 |   0.6 |    81M | 201 |4620 | 180 | 244 |5958 |  1 |   0 |   0 | 8.328387e+03 | 9.263815e+03 |  11.23%| unknown
 1637s| 14900 |  8681 |  9897 |   0.6 |    81M | 201 |4620 | 180 | 246 |6001 |  2 |   0 |   0 | 8.328629e+03 | 9.263815e+03 |  11.23%| unknown
 1638s| 15000 |  8755 |  9998 |   0.6 |    81M | 201 |4620 | 180 | 247 |6047 |  2 |   0 |   0 | 8.329050e+03 | 9.263815e+03 |  11.22%| unknown
 1639s| 15100 |  8807 | 10082 |   0.6 |    82M | 201 |4620 | 180 | 244 |6085 |  2 |   0 |   0 | 8.329597e+03 | 9.263815e+03 |  11.22%| unknown
 1639s| 15200 |  8877 | 10171 |   0.6 |    82M | 201 |4620 | 180 | 244 |6127 |  1 |   0 |   0 | 8.329597e+03 | 9.263815e+03 |  11.22%| unknown
 1640s| 15300 |  8941 | 10251 |   0.6 |    82M | 201 |4620 | 180 | 242 |6166 |  1 |   0 |   0 | 8.329597e+03 | 9.263815e+03 |  11.22%| unknown
 1640s| 15400 |  9005 | 10343 |   0.7 |    82M | 201 |4620 | 180 | 252 |6208 |  1 |   0 |   0 | 8.329759e+03 | 9.263815e+03 |  11.21%| unknown
 1641s| 15500 |  9073 | 10437 |   0.7 |    83M | 201 |4620 | 180 | 252 |6253 |  1 |   0 |   0 | 8.330175e+03 | 9.263815e+03 |  11.21%| unknown
 1642s| 15600 |  9147 | 10541 |   0.7 |    83M | 201 |4620 | 180 | 250 |6302 |  1 |   0 |   0 | 8.330682e+03 | 9.263815e+03 |  11.20%| unknown
 1643s| 15700 |  9205 | 10634 |   0.7 |    83M | 201 |4620 | 180 | 250 |6345 |  1 |   0 |   0 | 8.330682e+03 | 9.263815e+03 |  11.20%| unknown
 1643s| 15800 |  9279 | 10728 |   0.7 |    85M | 201 |4620 | 180 | 250 |6392 |  2 |   0 |   0 | 8.330713e+03 | 9.263815e+03 |  11.20%| unknown
 1644s| 15900 |  9353 | 10832 |   0.7 |    85M | 201 |4620 | 180 | 252 |6441 |  1 |   0 |   0 | 8.330713e+03 | 9.263815e+03 |  11.20%| unknown
 1645s| 16000 |  9419 | 10926 |   0.7 |    85M | 201 |4620 | 180 | 251 |6486 |  0 |   0 |   0 | 8.330713e+03 | 9.263815e+03 |  11.20%| unknown
 time | node  | left  |LP iter|LP it/n|mem/heur|mdpt |vars |cons |rows |cuts |sepa|confs|strbr|  dualbound   | primalbound  |  gap   | compl. 
 1645s| 16100 |  9487 | 11029 |   0.7 |    85M | 201 |4620 | 180 | 248 |6527 |  2 |   0 |   0 | 8.333008e+03 | 9.263815e+03 |  11.17%| unknown
 1646s| 16200 |  9549 | 11136 |   0.7 |    86M | 201 |4620 | 180 | 246 |6572 |  2 |   0 |   0 | 8.333008e+03 | 9.263815e+03 |  11.17%| unknown
 1647s| 16300 |  9603 | 11256 |   0.7 |    86M | 201 |4620 | 180 | 243 |6616 |  2 |   0 |   0 | 8.333008e+03 | 9.263815e+03 |  11.17%| unknown
 1647s| 16400 |  9681 | 11359 |   0.7 |    86M | 201 |4620 | 180 | 245 |6666 |  2 |   0 |   0 | 8.334353e+03 | 9.263815e+03 |  11.15%| unknown
 1648s| 16500 |  9751 | 11457 |   0.7 |    87M | 201 |4620 | 180 | 244 |6712 |  1 |   0 |   0 | 8.335322e+03 | 9.263815e+03 |  11.14%| unknown
 1649s| 16600 |  9823 | 11554 |   0.7 |    87M | 201 |4620 | 180 | 245 |6758 |  1 |   0 |   0 | 8.335531e+03 | 9.263815e+03 |  11.14%| unknown
 1649s| 16700 |  9887 | 11649 |   0.7 |    87M | 201 |4620 | 180 | 243 |6801 |  2 |   0 |   0 | 8.335578e+03 | 9.263815e+03 |  11.14%| unknown
 1650s| 16800 |  9965 | 11747 |   0.7 |    87M | 201 |4620 | 180 | 246 |6853 |  1 |   0 |   0 | 8.335578e+03 | 9.263815e+03 |  11.14%| unknown
 1651s| 16900 | 10027 | 11830 |   0.7 |    87M | 201 |4620 | 180 | 251 |6893 |  1 |   0 |   0 | 8.335991e+03 | 9.263815e+03 |  11.13%| unknown
 1651s| 17000 | 10099 | 11915 |   0.7 |    87M | 201 |4620 | 180 | 251 |6934 |  1 |   0 |   0 | 8.336085e+03 | 9.263815e+03 |  11.13%| unknown
 1652s| 17100 | 10169 | 12010 |   0.7 |    87M | 201 |4620 | 180 | 249 |6980 |  1 |   0 |   0 | 8.336678e+03 | 9.263815e+03 |  11.12%| unknown
 1653s| 17200 | 10237 | 12111 |   0.7 |    87M | 201 |4620 | 180 | 252 |7025 |  2 |   0 |   0 | 8.336678e+03 | 9.263815e+03 |  11.12%| unknown
 1654s| 17300 | 10319 | 12216 |   0.7 |    87M | 201 |4620 | 180 | 242 |7078 |  2 |   0 |   0 | 8.336678e+03 | 9.263815e+03 |  11.12%| unknown
 1654s| 17400 | 10399 | 12342 |   0.7 |    87M | 201 |4620 | 180 | 245 |7136 |  2 |   0 |   0 | 8.336977e+03 | 9.263815e+03 |  11.12%| unknown
 1655s| 17500 | 10461 | 12450 |   0.7 |    87M | 201 |4620 | 180 | 241 |7182 |  2 |   0 |   0 | 8.336977e+03 | 9.263815e+03 |  11.12%| unknown
 time | node  | left  |LP iter|LP it/n|mem/heur|mdpt |vars |cons |rows |cuts |sepa|confs|strbr|  dualbound   | primalbound  |  gap   | compl. 
 1656s| 17600 | 10553 | 12587 |   0.7 |    87M | 201 |4620 | 180 | 249 |7242 |  2 |   0 |   0 | 8.336977e+03 | 9.263815e+03 |  11.12%| unknown
 1657s| 17700 | 10633 | 12698 |   0.7 |    89M | 201 |4620 | 180 | 252 |7292 |  0 |   0 |   0 | 8.337162e+03 | 9.263815e+03 |  11.11%| unknown
 1657s| 17800 | 10713 | 12812 |   0.7 |    89M | 201 |4620 | 180 | 252 |7342 |  0 |   0 |   0 | 8.337162e+03 | 9.263815e+03 |  11.11%| unknown
 1658s| 17900 | 10795 | 12946 |   0.7 |    89M | 201 |4620 | 180 | 245 |7399 |  2 |   0 |   0 | 8.337197e+03 | 9.263815e+03 |  11.11%| unknown
 2099s| 18000 | 10881 | 13061 |   0.7 |    89M | 201 |4620 | 180 | 248 |7452 |  2 |   0 |   0 | 8.337197e+03 | 9.263815e+03 |  11.11%| unknown
 2111s| 18100 | 10969 | 13171 |   0.7 |    89M | 201 |4620 | 180 | 252 |7507 |  1 |   0 |   0 | 8.337803e+03 | 9.263815e+03 |  11.11%| unknown
 2111s| 18200 | 11055 | 13287 |   0.7 |    89M | 201 |4620 | 180 | 244 |7561 |  2 |   0 |   0 | 8.337827e+03 | 9.263815e+03 |  11.11%| unknown
 2112s| 18300 | 11139 | 13407 |   0.7 |    89M | 201 |4620 | 180 | 248 |7616 |  1 |   0 |   0 | 8.337827e+03 | 9.263815e+03 |  11.11%| unknown
 2112s| 18400 | 11225 | 13505 |   0.7 |    89M | 201 |4620 | 180 | 250 |7667 |  1 |   0 |   0 | 8.337827e+03 | 9.263815e+03 |  11.11%| unknown
 2113s| 18500 | 11307 | 13603 |   0.7 |    89M | 201 |4620 | 180 | 253 |7719 |  2 |   0 |   0 | 8.337994e+03 | 9.263815e+03 |  11.10%| unknown
 2113s| 18600 | 11379 | 13702 |   0.7 |    89M | 201 |4620 | 180 | 252 |7769 |  1 |   0 |   0 | 8.337994e+03 | 9.263815e+03 |  11.10%| unknown
 2114s| 18700 | 11463 | 13828 |   0.7 |    89M | 201 |4620 | 180 | 244 |7823 |  2 |   0 |   0 | 8.338164e+03 | 9.263815e+03 |  11.10%| unknown
 2114s| 18800 | 11553 | 13938 |   0.7 |    91M | 201 |4620 | 180 | 250 |7877 |  1 |   0 |   0 | 8.338164e+03 | 9.263815e+03 |  11.10%| unknown
 2115s| 18900 | 11629 | 14037 |   0.7 |    93M | 201 |4620 | 180 | 252 |7926 |  2 |   0 |   0 | 8.338164e+03 | 9.263815e+03 |  11.10%| unknown
 2115s| 19000 | 11725 | 14143 |   0.7 |    93M | 201 |4620 | 180 | 242 |7979 |  2 |   0 |   0 | 8.338180e+03 | 9.263815e+03 |  11.10%| unknown
 time | node  | left  |LP iter|LP it/n|mem/heur|mdpt |vars |cons |rows |cuts |sepa|confs|strbr|  dualbound   | primalbound  |  gap   | compl. 
 2116s| 19100 | 11807 | 14253 |   0.7 |    93M | 201 |4620 | 180 | 246 |8028 |  2 |   0 |   0 | 8.338192e+03 | 9.263815e+03 |  11.10%| unknown
 2117s| 19200 | 11893 | 14367 |   0.7 |    93M | 201 |4620 | 180 | 252 |8086 |  1 |   0 |   0 | 8.338223e+03 | 9.263815e+03 |  11.10%| unknown
 2117s| 19300 | 11975 | 14471 |   0.7 |    93M | 201 |4620 | 180 | 252 |8134 |  2 |   0 |   0 | 8.338223e+03 | 9.263815e+03 |  11.10%| unknown
 2118s| 19400 | 12067 | 14597 |   0.7 |    93M | 201 |4620 | 180 | 245 |8195 |  2 |   0 |   0 | 8.338331e+03 | 9.263815e+03 |  11.10%| unknown
 2118s| 19500 | 12163 | 14710 |   0.7 |    93M | 201 |4620 | 180 | 253 |8252 |  2 |   0 |   0 | 8.338331e+03 | 9.263815e+03 |  11.10%| unknown
 2119s| 19600 | 12251 | 14820 |   0.7 |    94M | 201 |4620 | 180 | 244 |8305 |  1 |   0 |   0 | 8.338331e+03 | 9.263815e+03 |  11.10%| unknown
 2119s| 19700 | 12347 | 14933 |   0.7 |    94M | 201 |4620 | 180 | 252 |8365 |  2 |   0 |   0 | 8.338487e+03 | 9.263815e+03 |  11.10%| unknown
 2120s| 19800 | 12419 | 15031 |   0.7 |    94M | 201 |4620 | 180 | 252 |8411 |  1 |   0 |   0 | 8.338487e+03 | 9.263815e+03 |  11.10%| unknown
 2120s| 19900 | 12497 | 15120 |   0.7 |    95M | 201 |4620 | 180 | 252 |8458 |  1 |   0 |   0 | 8.338626e+03 | 9.263815e+03 |  11.10%| unknown
 2121s| 20000 | 12581 | 15212 |   0.7 |    95M | 201 |4620 | 180 | 244 |8502 |  2 |   0 |   0 | 8.338626e+03 | 9.263815e+03 |  11.10%| unknown
 2121s| 20100 | 12663 | 15297 |   0.7 |    96M | 201 |4620 | 180 | 248 |8551 |  2 |   0 |   0 | 8.338638e+03 | 9.263815e+03 |  11.10%| unknown
 2122s| 20200 | 12745 | 15404 |   0.7 |    96M | 201 |4620 | 180 | 252 |8601 |  2 |   0 |   0 | 8.338638e+03 | 9.263815e+03 |  11.10%| unknown
 2122s| 20300 | 12823 | 15509 |   0.7 |    97M | 201 |4620 | 180 | 249 |8648 |  1 |   0 |   0 | 8.338638e+03 | 9.263815e+03 |  11.10%| unknown
 2123s| 20400 | 12901 | 15602 |   0.7 |    97M | 201 |4620 | 180 | 252 |8698 |  1 |   0 |   0 | 8.338751e+03 | 9.263815e+03 |  11.09%| unknown
 2124s| 20500 | 12995 | 15720 |   0.8 |    97M | 201 |4620 | 180 | 247 |8755 |  1 |   0 |   0 | 8.339405e+03 | 9.263815e+03 |  11.08%| unknown
 time | node  | left  |LP iter|LP it/n|mem/heur|mdpt |vars |cons |rows |cuts |sepa|confs|strbr|  dualbound   | primalbound  |  gap   | compl. 
 2124s| 20600 | 13087 | 15831 |   0.8 |    97M | 201 |4620 | 180 | 253 |8815 |  1 |   0 |   0 | 8.339405e+03 | 9.263815e+03 |  11.08%| unknown
 2125s| 20700 | 13185 | 15960 |   0.8 |    98M | 201 |4620 | 180 | 247 |8883 |  2 |   0 |   0 | 8.339501e+03 | 9.263815e+03 |  11.08%| unknown
 2126s| 20800 | 13283 | 16077 |   0.8 |    98M | 201 |4620 | 180 | 252 |8939 |  2 |   0 |   0 | 8.339765e+03 | 9.263815e+03 |  11.08%| unknown
 2127s| 20900 | 13369 | 16181 |   0.8 |    98M | 201 |4620 | 180 | 244 |8992 |  1 |   0 |   0 | 8.339797e+03 | 9.263815e+03 |  11.08%| unknown
 2127s| 21000 | 13455 | 16291 |   0.8 |   100M | 201 |4620 | 180 | 252 |9049 |  1 |   0 |   0 | 8.339797e+03 | 9.263815e+03 |  11.08%| unknown
 2128s| 21100 | 13533 | 16421 |   0.8 |   100M | 201 |4620 | 180 | 254 |9108 |  1 |   0 |   0 | 8.339797e+03 | 9.263815e+03 |  11.08%| unknown
 2129s| 21200 | 13615 | 16546 |   0.8 |   100M | 201 |4620 | 180 | 242 |9162 |  2 |   0 |   0 | 8.339797e+03 | 9.263815e+03 |  11.08%| unknown
 2130s| 21300 | 13693 | 16670 |   0.8 |   101M | 201 |4620 | 180 | 246 |9218 |  2 |   0 |   0 | 8.339828e+03 | 9.263815e+03 |  11.08%| unknown
 2131s| 21400 | 13781 | 16769 |   0.8 |   101M | 201 |4620 | 180 | 251 |9271 |  1 |   0 |   0 | 8.339849e+03 | 9.263815e+03 |  11.08%| unknown
 2132s| 21500 | 13865 | 16893 |   0.8 |   101M | 201 |4620 | 180 | 255 |9325 |  2 |   0 |   0 | 8.339849e+03 | 9.263815e+03 |  11.08%| unknown
 2132s| 21600 | 13949 | 17012 |   0.8 |   101M | 201 |4620 | 180 | 246 |9382 |  2 |   0 |   0 | 8.339877e+03 | 9.263815e+03 |  11.08%| unknown
 2133s| 21700 | 14037 | 17135 |   0.8 |   101M | 201 |4620 | 180 | 252 |9440 |  2 |   0 |   0 | 8.339877e+03 | 9.263815e+03 |  11.08%| unknown
 2134s| 21800 | 14121 | 17243 |   0.8 |   101M | 201 |4620 | 180 | 252 |9493 |  1 |   0 |   0 | 8.339988e+03 | 9.263815e+03 |  11.08%| unknown
 2135s| 21900 | 14213 | 17347 |   0.8 |   101M | 201 |4620 | 180 | 247 |9545 |  1 |   0 |   0 | 8.339988e+03 | 9.263815e+03 |  11.08%| unknown
 2136s| 22000 | 14301 | 17440 |   0.8 |   101M | 201 |4620 | 180 | 251 |9595 |  1 |   0 |   0 | 8.340086e+03 | 9.263815e+03 |  11.08%| unknown
 time | node  | left  |LP iter|LP it/n|mem/heur|mdpt |vars |cons |rows |cuts |sepa|confs|strbr|  dualbound   | primalbound  |  gap   | compl. 
 2136s| 22100 | 14387 | 17535 |   0.8 |   103M | 201 |4620 | 180 | 241 |9649 |  1 |   0 |   0 | 8.340560e+03 | 9.263815e+03 |  11.07%| unknown
 2137s| 22200 | 14479 | 17652 |   0.8 |   103M | 201 |4620 | 180 | 249 |9703 |  1 |   0 |   0 | 8.340803e+03 | 9.263815e+03 |  11.07%| unknown
 2138s| 22300 | 14565 | 17742 |   0.8 |   103M | 201 |4620 | 180 | 251 |9753 |  1 |   0 |   0 | 8.340803e+03 | 9.263815e+03 |  11.07%| unknown
 2138s| 22400 | 14651 | 17844 |   0.8 |   104M | 201 |4620 | 180 | 242 |9801 |  2 |   0 |   0 | 8.340803e+03 | 9.263815e+03 |  11.07%| unknown
 2139s| 22500 | 14741 | 17945 |   0.8 |   105M | 201 |4620 | 180 | 249 |9852 |  1 |   0 |   0 | 8.340806e+03 | 9.263815e+03 |  11.07%| unknown
 2140s| 22600 | 14833 | 18043 |   0.8 |   105M | 201 |4620 | 180 | 242 |9903 |  1 |   0 |   0 | 8.340886e+03 | 9.263815e+03 |  11.07%| unknown
 2140s| 22700 | 14917 | 18156 |   0.8 |   107M | 201 |4620 | 180 | 247 |9957 |  2 |   0 |   0 | 8.340886e+03 | 9.263815e+03 |  11.07%| unknown
 2141s| 22800 | 15015 | 18259 |   0.8 |   107M | 201 |4620 | 180 | 254 |  10k|  0 |   0 |   0 | 8.340886e+03 | 9.263815e+03 |  11.07%| unknown
 2142s| 22900 | 15109 | 18379 |   0.8 |   107M | 201 |4620 | 180 | 245 |  10k|  2 |   0 |   0 | 8.340886e+03 | 9.263815e+03 |  11.07%| unknown
 2143s| 23000 | 15193 | 18490 |   0.8 |   107M | 201 |4620 | 180 | 250 |  10k|  1 |   0 |   0 | 8.340886e+03 | 9.263815e+03 |  11.07%| unknown
 2144s| 23100 | 15283 | 18589 |   0.8 |   107M | 201 |4620 | 180 | 253 |  10k|  0 |   0 |   0 | 8.340958e+03 | 9.263815e+03 |  11.06%| unknown
 2145s| 23200 | 15361 | 18683 |   0.8 |   108M | 201 |4620 | 180 | 243 |  10k|  2 |   0 |   0 | 8.340958e+03 | 9.263815e+03 |  11.06%| unknown
 2157s| 23300 | 15461 | 18794 |   0.8 |   108M | 201 |4620 | 180 | 252 |  10k|  2 |   0 |   0 | 8.340958e+03 | 9.263815e+03 |  11.06%| unknown
 2158s| 23400 | 15541 | 18892 |   0.8 |   108M | 201 |4620 | 180 | 253 |  10k|  1 |   0 |   0 | 8.340958e+03 | 9.263815e+03 |  11.06%| unknown
 2159s| 23500 | 15637 | 19005 |   0.8 |   108M | 201 |4620 | 180 | 247 |  10k|  1 |   0 |   0 | 8.341062e+03 | 9.263815e+03 |  11.06%| unknown
 time | node  | left  |LP iter|LP it/n|mem/heur|mdpt |vars |cons |rows |cuts |sepa|confs|strbr|  dualbound   | primalbound  |  gap   | compl. 
 2160s| 23600 | 15725 | 19111 |   0.8 |   108M | 201 |4620 | 180 | 253 |  10k|  1 |   0 |   0 | 8.341223e+03 | 9.263815e+03 |  11.06%| unknown
 2161s| 23700 | 15819 | 19231 |   0.8 |   108M | 201 |4620 | 180 | 245 |  10k|  2 |   0 |   0 | 8.341223e+03 | 9.263815e+03 |  11.06%| unknown
 2161s| 23800 | 15899 | 19348 |   0.8 |   108M | 201 |4620 | 180 | 249 |  10k|  1 |   0 |   0 | 8.341399e+03 | 9.263815e+03 |  11.06%| unknown
 2162s| 23900 | 15981 | 19448 |   0.8 |   108M | 201 |4620 | 180 | 251 |  10k|  1 |   0 |   0 | 8.341703e+03 | 9.263815e+03 |  11.05%| unknown
 2163s| 24000 | 16061 | 19544 |   0.8 |   108M | 201 |4620 | 180 | 256 |  10k|  2 |   0 |   0 | 8.341703e+03 | 9.263815e+03 |  11.05%| unknown
 2164s| 24100 | 16149 | 19667 |   0.8 |   108M | 201 |4620 | 180 | 249 |  10k|  2 |   0 |   0 | 8.341703e+03 | 9.263815e+03 |  11.05%| unknown
 2164s| 24200 | 16245 | 19792 |   0.8 |   110M | 202 |4620 | 180 | 254 |  10k|  2 |   0 |   0 | 8.341932e+03 | 9.263815e+03 |  11.05%| unknown
 2165s| 24300 | 16341 | 19914 |   0.8 |   111M | 202 |4620 | 180 | 247 |  10k|  2 |   0 |   0 | 8.342145e+03 | 9.263815e+03 |  11.05%| unknown
 2166s| 24400 | 16437 | 20025 |   0.8 |   111M | 202 |4620 | 180 | 252 |  10k|  1 |   0 |   0 | 8.342145e+03 | 9.263815e+03 |  11.05%| unknown
 2167s| 24500 | 16527 | 20154 |   0.8 |   112M | 202 |4620 | 180 | 245 |  10k|  1 |   0 |   0 | 8.342145e+03 | 9.263815e+03 |  11.05%| unknown
 2167s| 24600 | 16613 | 20281 |   0.8 |   112M | 202 |4620 | 180 | 248 |  11k|  1 |   0 |   0 | 8.342145e+03 | 9.263815e+03 |  11.05%| unknown
 2168s| 24700 | 16701 | 20399 |   0.8 |   112M | 202 |4620 | 180 | 254 |  11k|  1 |   0 |   0 | 8.342348e+03 | 9.263815e+03 |  11.05%| unknown
 2169s| 24800 | 16791 | 20503 |   0.8 |   112M | 202 |4620 | 180 | 243 |  11k|  2 |   0 |   0 | 8.342400e+03 | 9.263815e+03 |  11.04%| unknown
 2170s| 24900 | 16879 | 20602 |   0.8 |   113M | 202 |4620 | 180 | 249 |  11k|  1 |   0 |   0 | 8.342726e+03 | 9.263815e+03 |  11.04%| unknown
 2171s| 25000 | 16975 | 20689 |   0.8 |   113M | 202 |4620 | 180 | 245 |  11k|  2 |   0 |   0 | 8.342726e+03 | 9.263815e+03 |  11.04%| unknown
 time | node  | left  |LP iter|LP it/n|mem/heur|mdpt |vars |cons |rows |cuts |sepa|confs|strbr|  dualbound   | primalbound  |  gap   | compl. 
 2172s| 25100 | 17067 | 20803 |   0.8 |   113M | 202 |4620 | 180 | 251 |  11k|  2 |   0 |   0 | 8.342855e+03 | 9.263815e+03 |  11.04%| unknown
 2173s| 25200 | 17159 | 20923 |   0.8 |   114M | 202 |4620 | 180 | 245 |  11k|  2 |   0 |   0 | 8.343003e+03 | 9.263815e+03 |  11.04%| unknown
 2174s| 25300 | 17247 | 21021 |   0.8 |   114M | 202 |4620 | 180 | 250 |  11k|  1 |   0 |   0 | 8.343474e+03 | 9.263815e+03 |  11.03%| unknown
 2175s| 25400 | 17345 | 21133 |   0.8 |   114M | 202 |4620 | 180 | 242 |  11k|  2 |   0 |   0 | 8.345181e+03 | 9.263815e+03 |  11.01%| unknown
 2175s| 25500 | 17409 | 21225 |   0.8 |   114M | 202 |4620 | 180 | 245 |  11k|  2 |   0 |   0 | 8.345181e+03 | 9.263815e+03 |  11.01%| unknown
 2176s| 25600 | 17505 | 21322 |   0.8 |   114M | 202 |4620 | 180 | 249 |  11k|  1 |   0 |   0 | 8.345228e+03 | 9.263815e+03 |  11.01%| unknown
 2177s| 25700 | 17595 | 21414 |   0.8 |   114M | 202 |4620 | 180 | 241 |  11k|  1 |   0 |   0 | 8.345228e+03 | 9.263815e+03 |  11.01%| unknown
 2178s| 25800 | 17689 | 21522 |   0.8 |   114M | 202 |4620 | 180 | 250 |  11k|  1 |   0 |   0 | 8.345228e+03 | 9.263815e+03 |  11.01%| unknown
 2179s| 25900 | 17779 | 21634 |   0.8 |   114M | 202 |4620 | 180 | 253 |  11k|  2 |   0 |   0 | 8.345953e+03 | 9.263815e+03 |  11.00%| unknown
 2179s| 26000 | 17875 | 21759 |   0.8 |   115M | 202 |4620 | 180 | 251 |  11k|  2 |   0 |   0 | 8.345984e+03 | 9.263815e+03 |  11.00%| unknown
 2180s| 26100 | 17963 | 21871 |   0.8 |   115M | 202 |4620 | 180 | 254 |  11k|  2 |   0 |   0 | 8.345984e+03 | 9.263815e+03 |  11.00%| unknown
 2181s| 26200 | 18057 | 21993 |   0.8 |   115M | 202 |4620 | 180 | 244 |  11k|  2 |   0 |   0 | 8.346104e+03 | 9.263815e+03 |  11.00%| unknown
 2181s| 26300 | 18155 | 22120 |   0.8 |   116M | 202 |4620 | 180 | 252 |  11k|  2 |   0 |   0 | 8.346104e+03 | 9.263815e+03 |  11.00%| unknown
 2182s| 26400 | 18239 | 22216 |   0.8 |   117M | 202 |4620 | 180 | 254 |  11k|  1 |   0 |   0 | 8.346104e+03 | 9.263815e+03 |  11.00%| unknown
 2183s| 26500 | 18331 | 22329 |   0.8 |   117M | 202 |4620 | 180 | 247 |  12k|  1 |   0 |   0 | 8.346108e+03 | 9.263815e+03 |  11.00%| unknown
 time | node  | left  |LP iter|LP it/n|mem/heur|mdpt |vars |cons |rows |cuts |sepa|confs|strbr|  dualbound   | primalbound  |  gap   | compl. 
 2184s| 26600 | 18417 | 22438 |   0.8 |   117M | 202 |4620 | 180 | 254 |  12k|  2 |   0 |   0 | 8.346108e+03 | 9.263815e+03 |  11.00%| unknown
 2184s| 26700 | 18509 | 22543 |   0.8 |   117M | 202 |4620 | 180 | 243 |  12k|  2 |   0 |   0 | 8.346108e+03 | 9.263815e+03 |  11.00%| unknown
 2185s| 26800 | 18599 | 22656 |   0.8 |   117M | 202 |4620 | 180 | 250 |  12k|  1 |   0 |   0 | 8.346568e+03 | 9.263815e+03 |  10.99%| unknown
 2186s| 26900 | 18689 | 22769 |   0.8 |   117M | 202 |4620 | 180 | 254 |  12k|  1 |   0 |   0 | 8.346695e+03 | 9.263815e+03 |  10.99%| unknown
 2199s| 27000 | 18777 | 22891 |   0.8 |   117M | 202 |4620 | 180 | 247 |  12k|  2 |   0 |   0 | 8.346935e+03 | 9.263815e+03 |  10.98%| unknown
 2200s| 27100 | 18869 | 23000 |   0.8 |   117M | 202 |4620 | 180 | 254 |  12k|  0 |   0 |   0 | 8.347704e+03 | 9.263815e+03 |  10.97%| unknown
 2201s| 27200 | 18961 | 23127 |   0.8 |   117M | 202 |4620 | 180 | 245 |  12k|  1 |   0 |   0 | 8.347704e+03 | 9.263815e+03 |  10.97%| unknown
 2202s| 27300 | 19053 | 23244 |   0.8 |   119M | 202 |4620 | 180 | 252 |  12k|  1 |   0 |   0 | 8.347704e+03 | 9.263815e+03 |  10.97%| unknown
 2203s| 27400 | 19151 | 23369 |   0.8 |   119M | 202 |4620 | 180 | 246 |  12k|  1 |   0 |   0 | 8.347752e+03 | 9.263815e+03 |  10.97%| unknown
 2204s| 27500 | 19251 | 23490 |   0.8 |   119M | 202 |4620 | 180 | 254 |  12k|  1 |   0 |   0 | 8.349093e+03 | 9.263815e+03 |  10.96%| unknown
 2205s| 27600 | 19333 | 23600 |   0.8 |   119M | 202 |4620 | 180 | 246 |  12k|  2 |   0 |   0 | 8.349262e+03 | 9.263815e+03 |  10.95%| unknown
 2206s| 27700 | 19421 | 23708 |   0.8 |   119M | 202 |4620 | 180 | 250 |  12k|  1 |   0 |   0 | 8.349275e+03 | 9.263815e+03 |  10.95%| unknown
 2207s| 27800 | 19509 | 23825 |   0.8 |   119M | 202 |4620 | 180 | 254 |  12k|  1 |   0 |   0 | 8.349361e+03 | 9.263815e+03 |  10.95%| unknown
 2208s| 27900 | 19591 | 23936 |   0.8 |   119M | 202 |4620 | 180 | 250 |  12k|  2 |   0 |   0 | 8.349431e+03 | 9.263815e+03 |  10.95%| unknown
 2209s| 28000 | 19665 | 24045 |   0.8 |   120M | 202 |4620 | 180 | 246 |  12k|  2 |   0 |   0 | 8.349431e+03 | 9.263815e+03 |  10.95%| unknown
 time | node  | left  |LP iter|LP it/n|mem/heur|mdpt |vars |cons |rows |cuts |sepa|confs|strbr|  dualbound   | primalbound  |  gap   | compl. 
 2210s| 28100 | 19751 | 24162 |   0.8 |   120M | 202 |4620 | 180 | 251 |  12k|  1 |   0 |   0 | 8.349431e+03 | 9.263815e+03 |  10.95%| unknown
 2211s| 28200 | 19831 | 24268 |   0.8 |   120M | 202 |4620 | 180 | 244 |  12k|  2 |   0 |   0 | 8.349500e+03 | 9.263815e+03 |  10.95%| unknown
 2212s| 28300 | 19911 | 24372 |   0.8 |   120M | 202 |4620 | 180 | 249 |  13k|  2 |   0 |   0 | 8.349500e+03 | 9.263815e+03 |  10.95%| unknown
 2213s| 28400 | 19991 | 24486 |   0.9 |   121M | 202 |4620 | 180 | 252 |  13k|  2 |   0 |   0 | 8.349556e+03 | 9.263815e+03 |  10.95%| unknown
 2214s| 28500 | 20063 | 24594 |   0.9 |   122M | 202 |4620 | 180 | 253 |  13k|  2 |   0 |   0 | 8.349556e+03 | 9.263815e+03 |  10.95%| unknown
 2214s| 28600 | 20149 | 24707 |   0.9 |   122M | 202 |4620 | 180 | 251 |  13k|  2 |   0 |   0 | 8.349556e+03 | 9.263815e+03 |  10.95%| unknown
 2215s| 28700 | 20239 | 24812 |   0.9 |   125M | 202 |4620 | 180 | 247 |  13k|  2 |   0 |   0 | 8.349556e+03 | 9.263815e+03 |  10.95%| unknown
 2216s| 28800 | 20331 | 24929 |   0.9 |   126M | 202 |4620 | 180 | 251 |  13k|  1 |   0 |   0 | 8.349556e+03 | 9.263815e+03 |  10.95%| unknown
 2217s| 28900 | 20409 | 25046 |   0.9 |   126M | 202 |4620 | 180 | 246 |  13k|  2 |   0 |   0 | 8.349556e+03 | 9.263815e+03 |  10.95%| unknown
 2218s| 29000 | 20473 | 25142 |   0.9 |   127M | 202 |4620 | 180 | 252 |  13k|  0 |   0 |   0 | 8.349556e+03 | 9.263815e+03 |  10.95%| unknown
 2218s| 29100 | 20545 | 25244 |   0.9 |   127M | 202 |4620 | 180 | 243 |  13k|  2 |   0 |   0 | 8.349943e+03 | 9.263815e+03 |  10.94%| unknown
 2219s| 29200 | 20631 | 25345 |   0.9 |   127M | 202 |4620 | 180 | 251 |  13k|  0 |   0 |   0 | 8.350042e+03 | 9.263815e+03 |  10.94%| unknown
 2220s| 29300 | 20697 | 25457 |   0.9 |   127M | 202 |4620 | 180 | 244 |  13k|  2 |   0 |   0 | 8.350042e+03 | 9.263815e+03 |  10.94%| unknown
 2221s| 29400 | 20765 | 25554 |   0.9 |   127M | 202 |4620 | 180 | 251 |  13k|  2 |   0 |   0 | 8.350042e+03 | 9.263815e+03 |  10.94%| unknown
 2221s| 29500 | 20837 | 25653 |   0.9 |   128M | 202 |4620 | 180 | 243 |  13k|  2 |   0 |   0 | 8.350042e+03 | 9.263815e+03 |  10.94%| unknown
 time | node  | left  |LP iter|LP it/n|mem/heur|mdpt |vars |cons |rows |cuts |sepa|confs|strbr|  dualbound   | primalbound  |  gap   | compl. 
 2222s| 29600 | 20937 | 25759 |   0.9 |   129M | 202 |4620 | 180 | 249 |  13k|  1 |   0 |   0 | 8.350042e+03 | 9.263815e+03 |  10.94%| unknown
 2223s| 29700 | 21011 | 25846 |   0.9 |   129M | 202 |4620 | 180 | 249 |  13k|  1 |   0 |   0 | 8.350042e+03 | 9.263815e+03 |  10.94%| unknown
 2224s| 29800 | 21077 | 25943 |   0.9 |   129M | 202 |4620 | 180 | 253 |  13k|  1 |   0 |   0 | 8.350042e+03 | 9.263815e+03 |  10.94%| unknown
 2224s| 29900 | 21163 | 26049 |   0.9 |   129M | 202 |4620 | 180 | 244 |  13k|  2 |   0 |   0 | 8.350042e+03 | 9.263815e+03 |  10.94%| unknown
 2225s| 30000 | 21235 | 26155 |   0.9 |   129M | 202 |4620 | 180 | 247 |  13k|  1 |   0 |   0 | 8.350122e+03 | 9.263815e+03 |  10.94%| unknown
 2226s| 30100 | 21321 | 26255 |   0.9 |   130M | 202 |4620 | 180 | 252 |  14k|  1 |   0 |   0 | 8.350283e+03 | 9.263815e+03 |  10.94%| unknown
 2227s| 30200 | 21401 | 26359 |   0.9 |   131M | 202 |4620 | 180 | 246 |  14k|  2 |   0 |   0 | 8.350283e+03 | 9.263815e+03 |  10.94%| unknown
 2228s| 30300 | 21475 | 26467 |   0.9 |   131M | 202 |4620 | 180 | 249 |  14k|  1 |   0 |   0 | 8.350363e+03 | 9.263815e+03 |  10.94%| unknown
 2229s| 30400 | 21543 | 26558 |   0.9 |   131M | 202 |4620 | 180 | 250 |  14k|  0 |   0 |   0 | 8.350363e+03 | 9.263815e+03 |  10.94%| unknown
 2230s| 30500 | 21617 | 26654 |   0.9 |   131M | 202 |4620 | 180 | 252 |  14k|  1 |   0 |   0 | 8.350363e+03 | 9.263815e+03 |  10.94%| unknown
 2231s| 30600 | 21687 | 26757 |   0.9 |   132M | 202 |4620 | 180 | 246 |  14k|  2 |   0 |   0 | 8.350363e+03 | 9.263815e+03 |  10.94%| unknown
 2231s| 30700 | 21759 | 26852 |   0.9 |   133M | 202 |4620 | 180 | 249 |  14k|  0 |   0 |   0 | 8.350363e+03 | 9.263815e+03 |  10.94%| unknown
 2232s| 30800 | 21835 | 26954 |   0.9 |   134M | 202 |4620 | 180 | 250 |  14k|  2 |   0 |   0 | 8.350363e+03 | 9.263815e+03 |  10.94%| unknown
 2233s| 30900 | 21905 | 27036 |   0.9 |   134M | 202 |4620 | 180 | 251 |  14k|  1 |   0 |   0 | 8.350410e+03 | 9.263815e+03 |  10.94%| unknown
 2234s| 31000 | 21969 | 27126 |   0.9 |   134M | 202 |4620 | 180 | 253 |  14k|  1 |   0 |   0 | 8.350410e+03 | 9.263815e+03 |  10.94%| unknown
 time | node  | left  |LP iter|LP it/n|mem/heur|mdpt |vars |cons |rows |cuts |sepa|confs|strbr|  dualbound   | primalbound  |  gap   | compl. 
 2235s| 31100 | 22043 | 27228 |   0.9 |   134M | 202 |4620 | 180 | 244 |  14k|  2 |   0 |   0 | 8.350483e+03 | 9.263815e+03 |  10.94%| unknown
 2236s| 31200 | 22117 | 27330 |   0.9 |   134M | 202 |4620 | 180 | 251 |  14k|  1 |   0 |   0 | 8.350483e+03 | 9.263815e+03 |  10.94%| unknown
 2236s| 31300 | 22183 | 27425 |   0.9 |   134M | 202 |4620 | 180 | 253 |  14k|  0 |   0 |   0 | 8.350483e+03 | 9.263815e+03 |  10.94%| unknown
 2237s| 31400 | 22253 | 27517 |   0.9 |   134M | 202 |4620 | 180 | 251 |  14k|  1 |   0 |   0 | 8.350725e+03 | 9.263815e+03 |  10.93%| unknown
 2238s| 31500 | 22329 | 27610 |   0.9 |   134M | 202 |4620 | 180 | 243 |  14k|  2 |   0 |   0 | 8.350725e+03 | 9.263815e+03 |  10.93%| unknown
 2239s| 31600 | 22397 | 27706 |   0.9 |   135M | 202 |4620 | 180 | 245 |  14k|  2 |   0 |   0 | 8.350725e+03 | 9.263815e+03 |  10.93%| unknown
 2240s| 31700 | 22471 | 27799 |   0.9 |   135M | 202 |4620 | 180 | 247 |  14k|  1 |   0 |   0 | 8.351045e+03 | 9.263815e+03 |  10.93%| unknown
 2241s| 31800 | 22545 | 27894 |   0.9 |   135M | 202 |4620 | 180 | 247 |  14k|  2 |   0 |   0 | 8.351045e+03 | 9.263815e+03 |  10.93%| unknown
 2242s| 31900 | 22615 | 27982 |   0.9 |   136M | 202 |4620 | 180 | 250 |  14k|  0 |   0 |   0 | 8.351045e+03 | 9.263815e+03 |  10.93%| unknown
 2243s| 32000 | 22697 | 28076 |   0.9 |   136M | 202 |4620 | 180 | 251 |  14k|  1 |   0 |   0 | 8.351045e+03 | 9.263815e+03 |  10.93%| unknown
 2244s| 32100 | 22767 | 28169 |   0.9 |   137M | 202 |4620 | 180 | 253 |  15k|  1 |   0 |   0 | 8.351045e+03 | 9.263815e+03 |  10.93%| unknown
 2244s| 32200 | 22841 | 28283 |   0.9 |   137M | 202 |4620 | 180 | 252 |  15k|  1 |   0 |   0 | 8.351045e+03 | 9.263815e+03 |  10.93%| unknown
 2245s| 32300 | 22915 | 28391 |   0.9 |   138M | 202 |4620 | 180 | 245 |  15k|  2 |   0 |   0 | 8.351045e+03 | 9.263815e+03 |  10.93%| unknown
 2246s| 32400 | 22997 | 28509 |   0.9 |   138M | 202 |4620 | 180 | 250 |  15k|  2 |   0 |   0 | 8.351144e+03 | 9.263815e+03 |  10.93%| unknown
 2247s| 32500 | 23069 | 28606 |   0.9 |   138M | 202 |4620 | 180 | 253 |  15k|  2 |   0 |   0 | 8.351144e+03 | 9.263815e+03 |  10.93%| unknown
 time | node  | left  |LP iter|LP it/n|mem/heur|mdpt |vars |cons |rows |cuts |sepa|confs|strbr|  dualbound   | primalbound  |  gap   | compl. 
 2248s| 32600 | 23151 | 28708 |   0.9 |   138M | 202 |4620 | 180 | 244 |  15k|  2 |   0 |   0 | 8.351144e+03 | 9.263815e+03 |  10.93%| unknown
 2249s| 32700 | 23229 | 28808 |   0.9 |   138M | 202 |4620 | 180 | 249 |  15k|  2 |   0 |   0 | 8.351202e+03 | 9.263815e+03 |  10.93%| unknown
 2250s| 32800 | 23313 | 28902 |   0.9 |   138M | 202 |4620 | 180 | 252 |  15k|  1 |   0 |   0 | 8.351202e+03 | 9.263815e+03 |  10.93%| unknown
 2660s| 32900 | 23385 | 29000 |   0.9 |   138M | 202 |4620 | 180 | 251 |  15k|  1 |   0 |   0 | 8.351202e+03 | 9.263815e+03 |  10.93%| unknown
 2662s| 33000 | 23465 | 29099 |   0.9 |   138M | 202 |4620 | 180 | 243 |  15k|  2 |   0 |   0 | 8.351243e+03 | 9.263815e+03 |  10.93%| unknown
 2663s| 33100 | 23541 | 29202 |   0.9 |   138M | 202 |4620 | 180 | 248 |  15k|  2 |   0 |   0 | 8.351243e+03 | 9.263815e+03 |  10.93%| unknown
 2664s| 33200 | 23621 | 29297 |   0.9 |   138M | 202 |4620 | 180 | 251 |  15k|  1 |   0 |   0 | 8.351243e+03 | 9.263815e+03 |  10.93%| unknown
 2665s| 33300 | 23693 | 29406 |   0.9 |   140M | 202 |4620 | 180 | 251 |  15k|  1 |   0 |   0 | 8.351315e+03 | 9.263815e+03 |  10.93%| unknown
 2666s| 33400 | 23767 | 29532 |   0.9 |   140M | 202 |4620 | 180 | 245 |  15k|  2 |   0 |   0 | 8.351628e+03 | 9.263815e+03 |  10.92%| unknown
 2667s| 33500 | 23845 | 29645 |   0.9 |   140M | 202 |4620 | 180 | 247 |  15k|  2 |   0 |   0 | 8.351628e+03 | 9.263815e+03 |  10.92%| unknown
 2668s| 33600 | 23929 | 29743 |   0.9 |   140M | 202 |4620 | 180 | 251 |  15k|  3 |   0 |   0 | 8.351628e+03 | 9.263815e+03 |  10.92%| unknown
 2670s| 33700 | 24001 | 29842 |   0.9 |   140M | 202 |4620 | 180 | 253 |  15k|  1 |   0 |   0 | 8.351755e+03 | 9.263815e+03 |  10.92%| unknown
 2671s| 33800 | 24089 | 29951 |   0.9 |   140M | 202 |4620 | 180 | 246 |  15k|  2 |   0 |   0 | 8.351755e+03 | 9.263815e+03 |  10.92%| unknown
 2672s| 33900 | 24167 | 30070 |   0.9 |   140M | 202 |4620 | 180 | 250 |  15k|  1 |   0 |   0 | 8.351821e+03 | 9.263815e+03 |  10.92%| unknown
 2673s| 34000 | 24253 | 30181 |   0.9 |   140M | 202 |4620 | 180 | 254 |  16k|  1 |   0 |   0 | 8.351849e+03 | 9.263815e+03 |  10.92%| unknown
 time | node  | left  |LP iter|LP it/n|mem/heur|mdpt |vars |cons |rows |cuts |sepa|confs|strbr|  dualbound   | primalbound  |  gap   | compl. 
 2674s| 34100 | 24329 | 30302 |   0.9 |   140M | 202 |4620 | 180 | 244 |  16k|  2 |   0 |   0 | 8.351849e+03 | 9.263815e+03 |  10.92%| unknown
 2676s| 34200 | 24411 | 30406 |   0.9 |   141M | 202 |4620 | 180 | 248 |  16k|  1 |   0 |   0 | 8.351849e+03 | 9.263815e+03 |  10.92%| unknown
 2677s| 34300 | 24493 | 30506 |   0.9 |   141M | 202 |4620 | 180 | 252 |  16k|  2 |   0 |   0 | 8.352000e+03 | 9.263815e+03 |  10.92%| unknown
 2678s| 34400 | 24583 | 30614 |   0.9 |   142M | 202 |4620 | 180 | 245 |  16k|  2 |   0 |   0 | 8.352126e+03 | 9.263815e+03 |  10.92%| unknown
 2679s| 34500 | 24675 | 30732 |   0.9 |   142M | 202 |4620 | 180 | 251 |  16k|  1 |   0 |   0 | 8.352126e+03 | 9.263815e+03 |  10.92%| unknown
 2681s| 34600 | 24759 | 30844 |   0.9 |   142M | 202 |4620 | 180 | 243 |  16k|  2 |   0 |   0 | 8.352131e+03 | 9.263815e+03 |  10.92%| unknown
 2682s| 34700 | 24839 | 30956 |   0.9 |   143M | 202 |4620 | 180 | 248 |  16k|  2 |   0 |   0 | 8.352262e+03 | 9.263815e+03 |  10.91%| unknown
 2683s| 34800 | 24927 | 31069 |   0.9 |   143M | 202 |4620 | 180 | 253 |  16k|  2 |   0 |   0 | 8.352262e+03 | 9.263815e+03 |  10.91%| unknown
 2684s| 34900 | 25007 | 31180 |   0.9 |   143M | 202 |4620 | 180 | 247 |  16k|  2 |   0 |   0 | 8.352273e+03 | 9.263815e+03 |  10.91%| unknown
 2686s| 35000 | 25087 | 31301 |   0.9 |   143M | 202 |4620 | 180 | 243 |  16k|  2 |   0 |   0 | 8.352273e+03 | 9.263815e+03 |  10.91%| unknown
 2687s| 35100 | 25169 | 31414 |   0.9 |   144M | 202 |4620 | 180 | 248 |  16k|  2 |   0 |   0 | 8.352452e+03 | 9.263815e+03 |  10.91%| unknown
 2688s| 35200 | 25255 | 31533 |   0.9 |   144M | 202 |4620 | 180 | 241 |  16k|  1 |   0 |   0 | 8.352452e+03 | 9.263815e+03 |  10.91%| unknown
 2689s| 35300 | 25347 | 31670 |   0.9 |   144M | 202 |4620 | 180 | 253 |  16k|  2 |   0 |   0 | 8.352497e+03 | 9.263815e+03 |  10.91%| unknown
 2691s| 35400 | 25429 | 31794 |   0.9 |   144M | 202 |4620 | 180 | 247 |  16k|  2 |   0 |   0 | 8.352497e+03 | 9.263815e+03 |  10.91%| unknown
 2692s| 35500 | 25511 | 31933 |   0.9 |   147M | 202 |4620 | 180 | 249 |  16k|  1 |   0 |   0 | 8.352532e+03 | 9.263815e+03 |  10.91%| unknown
 time | node  | left  |LP iter|LP it/n|mem/heur|mdpt |vars |cons |rows |cuts |sepa|confs|strbr|  dualbound   | primalbound  |  gap   | compl. 
 2693s| 35600 | 25597 | 32036 |   0.9 |   147M | 202 |4620 | 180 | 251 |  16k|  2 |   0 |   0 | 8.352532e+03 | 9.263815e+03 |  10.91%| unknown
 2694s| 35700 | 25681 | 32146 |   0.9 |   147M | 202 |4620 | 180 | 255 |  16k|  1 |   0 |   0 | 8.352552e+03 | 9.263815e+03 |  10.91%| unknown
 2696s| 35800 | 25771 | 32272 |   0.9 |   148M | 202 |4620 | 180 | 249 |  17k|  2 |   0 |   0 | 8.352704e+03 | 9.263815e+03 |  10.91%| unknown
 2697s| 35900 | 25861 | 32402 |   0.9 |   148M | 202 |4620 | 180 | 252 |  17k|  1 |   0 |   0 | 8.352861e+03 | 9.263815e+03 |  10.91%| unknown
 2698s| 36000 | 25937 | 32530 |   0.9 |   149M | 202 |4620 | 180 | 249 |  17k|  1 |   0 |   0 | 8.352861e+03 | 9.263815e+03 |  10.91%| unknown
 2699s| 36100 | 26025 | 32686 |   0.9 |   150M | 202 |4620 | 180 | 254 |  17k|  0 |   0 |   0 | 8.352944e+03 | 9.263815e+03 |  10.90%| unknown
 2701s| 36200 | 26119 | 32839 |   0.9 |   150M | 202 |4620 | 180 | 247 |  17k|  2 |   0 |   0 | 8.352944e+03 | 9.263815e+03 |  10.90%| unknown
 2702s| 36300 | 26205 | 32961 |   0.9 |   150M | 202 |4620 | 180 | 254 |  17k|  2 |   0 |   0 | 8.353055e+03 | 9.263815e+03 |  10.90%| unknown
 2703s| 36400 | 26289 | 33090 |   0.9 |   150M | 202 |4620 | 180 | 248 |  17k|  1 |   0 |   0 | 8.353055e+03 | 9.263815e+03 |  10.90%| unknown
 2705s| 36500 | 26385 | 33207 |   0.9 |   150M | 202 |4620 | 180 | 252 |  17k|  1 |   0 |   0 | 8.353121e+03 | 9.263815e+03 |  10.90%| unknown
 2706s| 36600 | 26467 | 33327 |   0.9 |   151M | 202 |4620 | 180 | 248 |  17k|  2 |   0 |   0 | 8.353147e+03 | 9.263815e+03 |  10.90%| unknown
 2707s| 36700 | 26549 | 33441 |   0.9 |   151M | 202 |4620 | 180 | 252 |  17k|  2 |   0 |   0 | 8.353199e+03 | 9.263815e+03 |  10.90%| unknown
 2708s| 36800 | 26625 | 33565 |   0.9 |   151M | 202 |4620 | 180 | 242 |  17k|  2 |   0 |   0 | 8.353199e+03 | 9.263815e+03 |  10.90%| unknown
 2709s| 36900 | 26709 | 33682 |   0.9 |   151M | 202 |4620 | 180 | 249 |  17k|  1 |   0 |   0 | 8.353199e+03 | 9.263815e+03 |  10.90%| unknown
 2710s| 37000 | 26799 | 33794 |   0.9 |   151M | 202 |4620 | 180 | 243 |  17k|  2 |   0 |   0 | 8.353280e+03 | 9.263815e+03 |  10.90%| unknown
 time | node  | left  |LP iter|LP it/n|mem/heur|mdpt |vars |cons |rows |cuts |sepa|confs|strbr|  dualbound   | primalbound  |  gap   | compl. 
 2711s| 37100 | 26881 | 33921 |   0.9 |   151M | 202 |4620 | 180 | 254 |  17k|  1 |   0 |   0 | 8.353280e+03 | 9.263815e+03 |  10.90%| unknown
 2712s| 37200 | 26953 | 34035 |   0.9 |   151M | 202 |4620 | 180 | 243 |  17k|  2 |   0 |   0 | 8.353280e+03 | 9.263815e+03 |  10.90%| unknown
 2713s| 37300 | 27047 | 34154 |   0.9 |   152M | 202 |4620 | 180 | 251 |  17k|  2 |   0 |   0 | 8.353280e+03 | 9.263815e+03 |  10.90%| unknown
 2714s| 37400 | 27121 | 34261 |   0.9 |   152M | 202 |4620 | 180 | 243 |  17k|  2 |   0 |   0 | 8.353305e+03 | 9.263815e+03 |  10.90%| unknown
 2716s| 37500 | 27207 | 34377 |   0.9 |   152M | 202 |4620 | 180 | 249 |  18k|  1 |   0 |   0 | 8.353458e+03 | 9.263815e+03 |  10.90%| unknown
 2717s| 37600 | 27289 | 34484 |   0.9 |   152M | 202 |4620 | 180 | 253 |  18k|  2 |   0 |   0 | 8.353531e+03 | 9.263815e+03 |  10.90%| unknown
 2718s| 37700 | 27363 | 34578 |   0.9 |   153M | 202 |4620 | 180 | 252 |  18k|  2 |   0 |   0 | 8.353539e+03 | 9.263815e+03 |  10.90%| unknown
 2719s| 37800 | 27447 | 34679 |   0.9 |   153M | 202 |4620 | 180 | 246 |  18k|  2 |   0 |   0 | 8.353539e+03 | 9.263815e+03 |  10.90%| unknown
 2720s| 37900 | 27523 | 34793 |   0.9 |   154M | 202 |4620 | 180 | 250 |  18k|  2 |   0 |   0 | 8.353539e+03 | 9.263815e+03 |  10.90%| unknown
 2721s| 38000 | 27613 | 34958 |   0.9 |   154M | 202 |4620 | 180 | 255 |  18k|  1 |   0 |   0 | 8.353539e+03 | 9.263815e+03 |  10.90%| unknown
 2722s| 38100 | 27705 | 35066 |   0.9 |   154M | 202 |4620 | 180 | 248 |  18k|  2 |   0 |   0 | 8.353552e+03 | 9.263815e+03 |  10.90%| unknown
 2723s| 38200 | 27791 | 35177 |   0.9 |   154M | 202 |4620 | 180 | 251 |  18k|  1 |   0 |   0 | 8.353552e+03 | 9.263815e+03 |  10.90%| unknown
 2723s| 38300 | 27875 | 35265 |   0.9 |   154M | 202 |4620 | 180 | 252 |  18k|  1 |   0 |   0 | 8.353552e+03 | 9.263815e+03 |  10.90%| unknown
 2734s| 38400 | 27969 | 35380 |   0.9 |   155M | 202 |4620 | 180 | 250 |  18k|  1 |   0 |   0 | 8.353552e+03 | 9.263815e+03 |  10.90%| unknown
 2735s| 38500 | 28053 | 35478 |   0.9 |   155M | 202 |4620 | 180 | 253 |  18k|  0 |   0 |   0 | 8.353658e+03 | 9.263815e+03 |  10.90%| unknown
 time | node  | left  |LP iter|LP it/n|mem/heur|mdpt |vars |cons |rows |cuts |sepa|confs|strbr|  dualbound   | primalbound  |  gap   | compl. 
 2736s| 38600 | 28131 | 35584 |   0.9 |   155M | 202 |4620 | 180 | 242 |  18k|  2 |   0 |   0 | 8.353802e+03 | 9.263815e+03 |  10.89%| unknown
 2737s| 38700 | 28213 | 35692 |   0.9 |   155M | 202 |4620 | 180 | 252 |  18k|  1 |   0 |   0 | 8.353802e+03 | 9.263815e+03 |  10.89%| unknown
 2738s| 38800 | 28289 | 35801 |   0.9 |   156M | 202 |4620 | 180 | 248 |  18k|  1 |   0 |   0 | 8.353824e+03 | 9.263815e+03 |  10.89%| unknown
 2740s| 38900 | 28375 | 35924 |   0.9 |   156M | 202 |4620 | 180 | 254 |  18k|  2 |   0 |   0 | 8.353824e+03 | 9.263815e+03 |  10.89%| unknown
 2741s| 39000 | 28457 | 36051 |   0.9 |   156M | 202 |4620 | 180 | 250 |  18k|  2 |   0 |   0 | 8.353824e+03 | 9.263815e+03 |  10.89%| unknown
 2742s| 39100 | 28539 | 36169 |   0.9 |   156M | 202 |4620 | 180 | 253 |  18k|  1 |   0 |   0 | 8.353824e+03 | 9.263815e+03 |  10.89%| unknown
 2743s| 39200 | 28621 | 36293 |   0.9 |   156M | 202 |4620 | 180 | 243 |  18k|  2 |   0 |   0 | 8.353930e+03 | 9.263815e+03 |  10.89%| unknown
 2744s| 39300 | 28717 | 36416 |   0.9 |   156M | 202 |4620 | 180 | 250 |  19k|  2 |   0 |   0 | 8.354186e+03 | 9.263815e+03 |  10.89%| unknown
 2745s| 39400 | 28795 | 36534 |   0.9 |   156M | 202 |4620 | 180 | 244 |  19k|  1 |   0 |   0 | 8.354186e+03 | 9.263815e+03 |  10.89%| unknown
 2746s| 39500 | 28883 | 36651 |   0.9 |   156M | 202 |4620 | 180 | 253 |  19k|  2 |   0 |   0 | 8.354186e+03 | 9.263815e+03 |  10.89%| unknown
 2747s| 39600 | 28969 | 36780 |   0.9 |   158M | 202 |4620 | 180 | 243 |  19k|  2 |   0 |   0 | 8.354186e+03 | 9.263815e+03 |  10.89%| unknown
 2748s| 39700 | 29059 | 36887 |   0.9 |   158M | 202 |4620 | 180 | 250 |  19k|  2 |   0 |   0 | 8.354186e+03 | 9.263815e+03 |  10.89%| unknown
 2749s| 39800 | 29149 | 36990 |   0.9 |   158M | 202 |4620 | 180 | 253 |  19k|  1 |   0 |   0 | 8.354186e+03 | 9.263815e+03 |  10.89%| unknown
 2750s| 39900 | 29247 | 37095 |   0.9 |   160M | 202 |4620 | 180 | 249 |  19k|  1 |   0 |   0 | 8.354186e+03 | 9.263815e+03 |  10.89%| unknown
 2751s| 40000 | 29335 | 37216 |   0.9 |   160M | 202 |4620 | 180 | 241 |  19k|  1 |   0 |   0 | 8.354186e+03 | 9.263815e+03 |  10.89%| unknown
 time | node  | left  |LP iter|LP it/n|mem/heur|mdpt |vars |cons |rows |cuts |sepa|confs|strbr|  dualbound   | primalbound  |  gap   | compl. 
 2753s| 40100 | 29429 | 37363 |   0.9 |   161M | 202 |4620 | 180 | 248 |  19k|  1 |   0 |   0 | 8.354186e+03 | 9.263815e+03 |  10.89%| unknown
 2754s| 40200 | 29525 | 37485 |   0.9 |   162M | 202 |4620 | 180 | 241 |  19k|  1 |   0 |   0 | 8.354442e+03 | 9.263815e+03 |  10.88%| unknown
 2755s| 40300 | 29617 | 37595 |   0.9 |   162M | 202 |4620 | 180 | 249 |  19k|  1 |   0 |   0 | 8.354464e+03 | 9.263815e+03 |  10.88%| unknown
 2756s| 40400 | 29703 | 37698 |   0.9 |   162M | 202 |4620 | 180 | 256 |  19k|  1 |   0 |   0 | 8.354473e+03 | 9.263815e+03 |  10.88%| unknown
 2757s| 40500 | 29795 | 37820 |   0.9 |   163M | 202 |4620 | 180 | 249 |  19k|  2 |   0 |   0 | 8.354548e+03 | 9.263815e+03 |  10.88%| unknown
 2758s| 40600 | 29893 | 37928 |   0.9 |   163M | 202 |4620 | 180 | 252 |  19k|  2 |   0 |   0 | 8.354562e+03 | 9.263815e+03 |  10.88%| unknown
 2759s| 40700 | 29981 | 38038 |   0.9 |   163M | 202 |4620 | 180 | 244 |  19k|  2 |   0 |   0 | 8.354619e+03 | 9.263815e+03 |  10.88%| unknown
 2760s| 40800 | 30069 | 38152 |   0.9 |   163M | 202 |4620 | 180 | 253 |  19k|  2 |   0 |   0 | 8.354767e+03 | 9.263815e+03 |  10.88%| unknown
 2761s| 40900 | 30163 | 38249 |   0.9 |   164M | 202 |4620 | 180 | 241 |  19k|  1 |   0 |   0 | 8.354767e+03 | 9.263815e+03 |  10.88%| unknown
 2762s| 41000 | 30253 | 38357 |   0.9 |   164M | 202 |4620 | 180 | 251 |  20k|  2 |   0 |   0 | 8.354767e+03 | 9.263815e+03 |  10.88%| unknown
 2764s| 41100 | 30341 | 38465 |   0.9 |   164M | 202 |4620 | 180 | 252 |  20k|  2 |   0 |   0 | 8.354863e+03 | 9.263815e+03 |  10.88%| unknown
 2764s| 41200 | 30429 | 38594 |   0.9 |   164M | 202 |4620 | 180 | 245 |  20k|  2 |   0 |   0 | 8.354911e+03 | 9.263815e+03 |  10.88%| unknown
 2773s| 41300 | 30525 | 38714 |   0.9 |   164M | 202 |4620 | 180 | 252 |  20k|  1 |   0 |   0 | 8.354930e+03 | 9.263815e+03 |  10.88%| unknown
 2774s| 41400 | 30617 | 38830 |   0.9 |   164M | 202 |4620 | 180 | 244 |  20k|  2 |   0 |   0 | 8.355037e+03 | 9.263815e+03 |  10.88%| unknown
 2775s| 41500 | 30707 | 38947 |   0.9 |   164M | 202 |4620 | 180 | 250 |  20k|  1 |   0 |   0 | 8.355037e+03 | 9.263815e+03 |  10.88%| unknown
 time | node  | left  |LP iter|LP it/n|mem/heur|mdpt |vars |cons |rows |cuts |sepa|confs|strbr|  dualbound   | primalbound  |  gap   | compl. 
 2775s| 41600 | 30805 | 39088 |   0.9 |   166M | 202 |4620 | 180 | 241 |  20k|  1 |   0 |   0 | 8.355046e+03 | 9.263815e+03 |  10.88%| unknown
 2776s| 41700 | 30899 | 39219 |   0.9 |   166M | 202 |4620 | 180 | 250 |  20k|  1 |   0 |   0 | 8.355046e+03 | 9.263815e+03 |  10.88%| unknown
 2777s| 41800 | 30991 | 39315 |   0.9 |   166M | 202 |4620 | 180 | 255 |  20k|  1 |   0 |   0 | 8.355051e+03 | 9.263815e+03 |  10.88%| unknown
 2778s| 41900 | 31081 | 39441 |   0.9 |   168M | 202 |4620 | 180 | 247 |  20k|  2 |   0 |   0 | 8.355051e+03 | 9.263815e+03 |  10.88%| unknown
 2780s| 42000 | 31173 | 39558 |   0.9 |   168M | 202 |4620 | 180 | 250 |  20k|  1 |   0 |   0 | 8.355255e+03 | 9.263815e+03 |  10.87%| unknown
 2781s| 42100 | 31263 | 39680 |   0.9 |   168M | 202 |4620 | 180 | 247 |  20k|  2 |   0 |   0 | 8.355667e+03 | 9.263815e+03 |  10.87%| unknown
 2781s| 42200 | 31361 | 39795 |   0.9 |   170M | 202 |4620 | 180 | 254 |  20k|  2 |   0 |   0 | 8.355692e+03 | 9.263815e+03 |  10.87%| unknown
 2782s| 42300 | 31455 | 39919 |   0.9 |   170M | 202 |4620 | 180 | 248 |  20k|  1 |   0 |   0 | 8.355768e+03 | 9.263815e+03 |  10.87%| unknown
 2783s| 42400 | 31543 | 40020 |   0.9 |   170M | 202 |4620 | 180 | 252 |  20k|  1 |   0 |   0 | 8.355768e+03 | 9.263815e+03 |  10.87%| unknown
 2784s| 42500 | 31641 | 40124 |   0.9 |   170M | 202 |4620 | 180 | 248 |  20k|  2 |   0 |   0 | 8.355768e+03 | 9.263815e+03 |  10.87%| unknown
 2786s| 42600 | 31733 | 40243 |   0.9 |   171M | 202 |4620 | 180 | 252 |  21k|  2 |   0 |   0 | 8.355768e+03 | 9.263815e+03 |  10.87%| unknown
 2787s| 42700 | 31825 | 40361 |   0.9 |   171M | 202 |4620 | 180 | 250 |  21k|  1 |   0 |   0 | 8.355768e+03 | 9.263815e+03 |  10.87%| unknown
 2788s| 42800 | 31909 | 40474 |   0.9 |   171M | 202 |4620 | 180 | 244 |  21k|  2 |   0 |   0 | 8.355793e+03 | 9.263815e+03 |  10.87%| unknown
 2789s| 42900 | 31997 | 40568 |   0.9 |   172M | 202 |4620 | 180 | 249 |  21k|  1 |   0 |   0 | 8.355793e+03 | 9.263815e+03 |  10.87%| unknown
 2790s| 43000 | 32083 | 40672 |   0.9 |   172M | 202 |4620 | 180 | 252 |  21k|  1 |   0 |   0 | 8.355846e+03 | 9.263815e+03 |  10.87%| unknown
 time | node  | left  |LP iter|LP it/n|mem/heur|mdpt |vars |cons |rows |cuts |sepa|confs|strbr|  dualbound   | primalbound  |  gap   | compl. 
 2791s| 43100 | 32149 | 40771 |   0.9 |   172M | 202 |4620 | 180 | 252 |  21k|  1 |   0 |   0 | 8.355985e+03 | 9.263815e+03 |  10.86%| unknown
 2792s| 43200 | 32221 | 40867 |   0.9 |   172M | 202 |4620 | 180 | 255 |  21k|  1 |   0 |   0 | 8.355985e+03 | 9.263815e+03 |  10.86%| unknown
 2794s| 43300 | 32307 | 40981 |   0.9 |   172M | 202 |4620 | 180 | 244 |  21k|  1 |   0 |   0 | 8.356051e+03 | 9.263815e+03 |  10.86%| unknown
 2795s| 43400 | 32399 | 41089 |   0.9 |   172M | 202 |4620 | 180 | 251 |  21k|  1 |   0 |   0 | 8.356351e+03 | 9.263815e+03 |  10.86%| unknown
 2799s| 43500 | 32477 | 41212 |   0.9 |   173M | 202 |4620 | 180 | 252 |  21k|  1 |   0 |   0 | 8.356425e+03 | 9.263815e+03 |  10.86%| unknown
 2800s| 43600 | 32557 | 41332 |   0.9 |   173M | 202 |4620 | 180 | 250 |  21k|  1 |   0 |   0 | 8.356425e+03 | 9.263815e+03 |  10.86%| unknown
 2801s| 43700 | 32643 | 41443 |   0.9 |   173M | 202 |4620 | 180 | 250 |  21k|  1 |   0 |   0 | 8.356530e+03 | 9.263815e+03 |  10.86%| unknown
 2802s| 43800 | 32729 | 41563 |   0.9 |   174M | 202 |4620 | 180 | 243 |  21k|  2 |   0 |   0 | 8.356530e+03 | 9.263815e+03 |  10.86%| unknown
 2803s| 43900 | 32815 | 41705 |   0.9 |   174M | 202 |4620 | 180 | 251 |  21k|  1 |   0 |   0 | 8.356530e+03 | 9.263815e+03 |  10.86%| unknown
 2804s| 44000 | 32895 | 41818 |   0.9 |   174M | 202 |4620 | 180 | 242 |  21k|  2 |   0 |   0 | 8.356537e+03 | 9.263815e+03 |  10.86%| unknown

SCIP Status        : solving was interrupted [time limit reached]
Solving Time (sec) : 3600.35
Solving Nodes      : 44020
Primal Bound       : +9.26381455398122e+03 (2 solutions)
Dual Bound         : +8.35653748320931e+03
Gap                : 10.86 %
reading holmberg data file ../../../../../instances/uflp/holmberg/p25
primal_bound = 9263.814553981216, dual_bound = 8356.537483209315, gap = 9.79377410336857, time = 3611.34
