2023/05/23
Julia is now 1.9.0
previous version was 1.7.2
2023/11/29
gurobi is now 11.0.0
previous version was 10.0.2
solving instance uflp nldep holmberg 65 log
presolving:
(round 1, fast)       60 del vars, 6030 del conss, 0 add conss, 30 chg bounds, 0 chg sides, 0 chg coeffs, 0 upgd conss, 0 impls, 0 clqs
   (0.1s) symmetry computation started: requiring (bin +, int +, cont +), (fixed: bin -, int -, cont -)
   (0.1s) no symmetry present
presolving (2 rounds: 2 fast, 1 medium, 1 exhaustive):
 60 deleted vars, 6030 deleted constraints, 0 added constraints, 30 tightened bounds, 0 added holes, 0 changed sides, 0 changed coefficients
 0 implications, 0 cliques
presolved problem has 6030 variables (0 bin, 0 int, 0 impl, 6030 cont) and 230 constraints
    200 constraints of type <linear>
     30 constraints of type <nonlinear>
Presolving Time: 0.13

 time | node  | left  |LP iter|LP it/n|mem/heur|mdpt |vars |cons |rows |cuts |sepa|confs|strbr|  dualbound   | primalbound  |  gap   | compl. 
  0.2s|     1 |     0 |   295 |     - |    52M |   0 |6120 | 230 | 290 |   0 |  0 |   0 |   0 | 9.682000e+03 |      --      |    Inf | unknown
L69.2s|     1 |     0 |   295 |     - |  subnlp|   0 |6120 | 230 | 290 |   0 |  0 |   0 |   0 | 9.682000e+03 | 1.275310e+04 |  31.72%| unknown
 76.0s|     1 |     0 |   295 |     - |    54M |   0 |6120 | 230 | 290 |   0 |  2 |   0 |   0 | 9.682000e+03 | 1.275310e+04 |  31.72%| unknown
  129s|     1 |     2 |   295 |     - |    54M |   0 |6120 | 230 | 290 |   0 |  4 |   0 |   0 | 9.682000e+03 | 1.275310e+04 |  31.72%| unknown
  342s|   100 |   101 |   306 |   0.1 |    57M |  21 |6120 | 230 | 290 |  10 |  1 |   0 |   0 | 9.682000e+03 | 1.275310e+04 |  31.72%| unknown
  344s|   200 |   201 |   319 |   0.1 |    57M |  30 |6120 | 230 | 292 |  22 |  1 |   0 |   0 | 9.682000e+03 | 1.275310e+04 |  31.72%| unknown
  346s|   300 |   301 |   330 |   0.1 |    58M |  39 |6120 | 230 | 291 |  33 |  1 |   0 |   0 | 9.682000e+03 | 1.275310e+04 |  31.72%| unknown
  420s|   400 |   401 |   353 |   0.1 |    58M |  43 |6120 | 230 | 290 |  52 |  1 |   0 |   0 | 9.682000e+03 | 1.275310e+04 |  31.72%| unknown
  421s|   500 |   501 |   374 |   0.2 |    59M |  51 |6120 | 230 | 291 |  72 |  1 |   0 |   0 | 9.682000e+03 | 1.275310e+04 |  31.72%| unknown
  422s|   600 |   601 |   402 |   0.2 |    60M |  53 |6120 | 230 | 291 |  99 |  1 |   0 |   0 | 9.682000e+03 | 1.275310e+04 |  31.72%| unknown
  423s|   700 |   701 |   434 |   0.2 |    60M |  58 |6120 | 230 | 292 | 126 |  1 |   0 |   0 | 9.682000e+03 | 1.275310e+04 |  31.72%| unknown
  424s|   800 |   801 |   446 |   0.2 |    60M |  62 |6120 | 230 | 291 | 137 |  1 |   0 |   0 | 9.682000e+03 | 1.275310e+04 |  31.72%| unknown
  424s|   900 |   901 |   457 |   0.2 |    60M |  65 |6120 | 230 | 291 | 148 |  1 |   0 |   0 | 9.682000e+03 | 1.275310e+04 |  31.72%| unknown
  492s|  1000 |  1001 |   470 |   0.2 |    60M |  71 |6120 | 230 | 291 | 160 |  1 |   0 |   0 | 9.682000e+03 | 1.275310e+04 |  31.72%| unknown
  493s|  1100 |  1101 |   496 |   0.2 |    61M |  73 |6120 | 230 | 292 | 185 |  2 |   0 |   0 | 9.682000e+03 | 1.275310e+04 |  31.72%| unknown
 time | node  | left  |LP iter|LP it/n|mem/heur|mdpt |vars |cons |rows |cuts |sepa|confs|strbr|  dualbound   | primalbound  |  gap   | compl. 
  494s|  1200 |  1201 |   511 |   0.2 |    61M |  77 |6120 | 230 | 290 | 200 |  1 |   0 |   0 | 9.682000e+03 | 1.275310e+04 |  31.72%| unknown
  494s|  1300 |  1301 |   521 |   0.2 |    61M |  77 |6120 | 230 | 291 | 209 |  1 |   0 |   0 | 9.682000e+03 | 1.275310e+04 |  31.72%| unknown
  495s|  1400 |  1401 |   534 |   0.2 |    61M |  83 |6120 | 230 | 291 | 222 |  1 |   0 |   0 | 9.682000e+03 | 1.275310e+04 |  31.72%| unknown
  496s|  1500 |  1501 |   555 |   0.2 |    61M |  87 |6120 | 230 | 293 | 242 |  1 |   0 |   0 | 9.682000e+03 | 1.275310e+04 |  31.72%| unknown
  497s|  1600 |  1601 |   560 |   0.2 |    61M |  95 |6120 | 230 | 290 | 247 |  1 |   0 |   0 | 9.682000e+03 | 1.275310e+04 |  31.72%| unknown
  498s|  1700 |  1701 |   591 |   0.2 |    61M |  96 |6120 | 230 | 292 | 277 |  1 |   0 |   0 | 9.682000e+03 | 1.275310e+04 |  31.72%| unknown
d 566s|  1720 |  1721 |   594 |   0.2 |adaptive| 101 |6120 | 230 | 290 | 279 |  1 |   0 |   0 | 9.682000e+03 | 1.275310e+04 |  31.72%| unknown
  702s|  1800 |  1801 |   606 |   0.2 |    63M | 101 |6120 | 230 | 291 | 291 |  1 |   0 |   0 | 9.682000e+03 | 1.275310e+04 |  31.72%| unknown
  704s|  1900 |  1901 |   623 |   0.2 |    63M | 101 |6120 | 230 | 291 | 308 |  1 |   0 |   0 | 9.682000e+03 | 1.275310e+04 |  31.72%| unknown
  706s|  2000 |  2001 |   644 |   0.2 |    63M | 101 |6120 | 230 | 291 | 328 |  1 |   0 |   0 | 9.682000e+03 | 1.275310e+04 |  31.72%| unknown
  707s|  2100 |  2101 |   661 |   0.2 |    63M | 101 |6120 | 230 | 290 | 344 |  1 |   0 |   0 | 9.682000e+03 | 1.275310e+04 |  31.72%| unknown
  709s|  2200 |  2201 |   679 |   0.2 |    64M | 101 |6120 | 230 | 290 | 361 |  1 |   0 |   0 | 9.682000e+03 | 1.275310e+04 |  31.72%| unknown
  710s|  2300 |  2301 |   694 |   0.2 |    65M | 101 |6120 | 230 | 291 | 375 |  1 |   0 |   0 | 9.682000e+03 | 1.275310e+04 |  31.72%| unknown
  781s|  2400 |  2401 |   711 |   0.2 |    65M | 101 |6120 | 230 | 290 | 391 |  1 |   0 |   0 | 9.682375e+03 | 1.275310e+04 |  31.71%| unknown
  782s|  2500 |  2501 |   727 |   0.2 |    65M | 101 |6120 | 230 | 292 | 406 |  2 |   0 |   0 | 9.682375e+03 | 1.275310e+04 |  31.71%| unknown
 time | node  | left  |LP iter|LP it/n|mem/heur|mdpt |vars |cons |rows |cuts |sepa|confs|strbr|  dualbound   | primalbound  |  gap   | compl. 
  784s|  2600 |  2601 |   736 |   0.2 |    65M | 101 |6120 | 230 | 290 | 415 |  1 |   0 |   0 | 9.682375e+03 | 1.275310e+04 |  31.71%| unknown
  785s|  2700 |  2701 |   748 |   0.2 |    65M | 101 |6120 | 230 | 291 | 427 |  1 |   0 |   0 | 9.682375e+03 | 1.275310e+04 |  31.71%| unknown
  794s|  2800 |  2801 |   758 |   0.2 |    66M | 101 |6120 | 230 | 291 | 437 |  2 |   0 |   0 | 9.682375e+03 | 1.275310e+04 |  31.71%| unknown
  796s|  2900 |  2901 |   767 |   0.2 |    66M | 104 |6120 | 230 | 291 | 446 |  2 |   0 |   0 | 9.682375e+03 | 1.275310e+04 |  31.71%| unknown
  797s|  3000 |  3001 |   778 |   0.2 |    66M | 113 |6120 | 230 | 290 | 457 |  1 |   0 |   0 | 9.682375e+03 | 1.275310e+04 |  31.71%| unknown
  798s|  3100 |  3101 |   794 |   0.2 |    66M | 121 |6120 | 230 | 291 | 473 |  2 |   0 |   0 | 9.682375e+03 | 1.275310e+04 |  31.71%| unknown
  869s|  3200 |  3201 |   804 |   0.2 |    66M | 129 |6120 | 230 | 292 | 483 |  1 |   0 |   0 | 9.682375e+03 | 1.275310e+04 |  31.71%| unknown
  870s|  3300 |  3301 |   820 |   0.2 |    68M | 136 |6120 | 230 | 292 | 499 |  2 |   0 |   0 | 9.682375e+03 | 1.275310e+04 |  31.71%| unknown
  872s|  3400 |  3401 |   837 |   0.2 |    68M | 144 |6120 | 230 | 290 | 516 |  1 |   0 |   0 | 9.682375e+03 | 1.275310e+04 |  31.71%| unknown
  873s|  3500 |  3501 |   856 |   0.2 |    68M | 151 |6120 | 230 | 291 | 535 |  2 |   0 |   0 | 9.682375e+03 | 1.275310e+04 |  31.71%| unknown
  875s|  3600 |  3601 |   874 |   0.2 |    68M | 158 |6120 | 230 | 291 | 553 |  1 |   0 |   0 | 9.682375e+03 | 1.275310e+04 |  31.71%| unknown
  877s|  3700 |  3701 |   891 |   0.2 |    68M | 164 |6120 | 230 | 291 | 570 |  2 |   0 |   0 | 9.682375e+03 | 1.275310e+04 |  31.71%| unknown
  878s|  3800 |  3801 |   909 |   0.2 |    69M | 170 |6120 | 230 | 293 | 588 |  2 |   0 |   0 | 9.682375e+03 | 1.275310e+04 |  31.71%| unknown
  880s|  3900 |  3901 |   926 |   0.2 |    70M | 177 |6120 | 230 | 291 | 605 |  2 |   0 |   0 | 9.682375e+03 | 1.275310e+04 |  31.71%| unknown
  955s|  4000 |  4001 |   941 |   0.2 |    70M | 183 |6120 | 230 | 291 | 620 |  1 |   0 |   0 | 9.682375e+03 | 1.275310e+04 |  31.71%| unknown
 time | node  | left  |LP iter|LP it/n|mem/heur|mdpt |vars |cons |rows |cuts |sepa|confs|strbr|  dualbound   | primalbound  |  gap   | compl. 
  956s|  4100 |  4101 |   956 |   0.2 |    71M | 188 |6120 | 230 | 290 | 635 |  1 |   0 |   0 | 9.682375e+03 | 1.275310e+04 |  31.71%| unknown
  958s|  4200 |  4201 |   972 |   0.2 |    71M | 193 |6120 | 230 | 291 | 651 |  2 |   0 |   0 | 9.682375e+03 | 1.275310e+04 |  31.71%| unknown
  959s|  4300 |  4301 |   991 |   0.2 |    72M | 199 |6120 | 230 | 291 | 670 |  2 |   0 |   0 | 9.682375e+03 | 1.275310e+04 |  31.71%| unknown
  961s|  4400 |  4401 |  1006 |   0.2 |    72M | 204 |6120 | 230 | 293 | 685 |  1 |   0 |   0 | 9.682375e+03 | 1.275310e+04 |  31.71%| unknown
  962s|  4500 |  4501 |  1021 |   0.2 |    72M | 209 |6120 | 230 | 292 | 700 |  1 |   0 |   0 | 9.682375e+03 | 1.275310e+04 |  31.71%| unknown
  964s|  4600 |  4601 |  1036 |   0.2 |    73M | 214 |6120 | 230 | 293 | 715 |  1 |   0 |   0 | 9.682375e+03 | 1.275310e+04 |  31.71%| unknown
  965s|  4700 |  4701 |  1051 |   0.2 |    73M | 218 |6120 | 230 | 290 | 730 |  1 |   0 |   0 | 9.682375e+03 | 1.275310e+04 |  31.71%| unknown
  967s|  4800 |  4801 |  1066 |   0.2 |    74M | 223 |6120 | 230 | 291 | 745 |  1 |   0 |   0 | 9.682375e+03 | 1.275310e+04 |  31.71%| unknown
d1042s|  4825 |  4826 |  1070 |   0.2 |fracdivi| 225 |6120 | 230 | 291 | 749 |  1 |   0 |   0 | 9.682375e+03 | 1.275310e+04 |  31.71%| unknown
 1188s|  4900 |  4901 |  1078 |   0.2 |    74M | 227 |6120 | 230 | 291 | 757 |  1 |   0 |   0 | 9.682375e+03 | 1.275310e+04 |  31.71%| unknown
 1190s|  5000 |  5001 |  1088 |   0.2 |    74M | 245 |6120 | 230 | 293 | 767 |  2 |   0 |   0 | 9.682375e+03 | 1.275310e+04 |  31.71%| unknown
 1192s|  5100 |  5101 |  1108 |   0.2 |    75M | 268 |6120 | 230 | 294 | 785 |  1 |   0 |   0 | 9.682375e+03 | 1.275310e+04 |  31.71%| unknown
 1194s|  5200 |  5201 |  1123 |   0.2 |    75M | 268 |6120 | 230 | 290 | 798 |  1 |   0 |   0 | 9.682375e+03 | 1.275310e+04 |  31.71%| unknown
 1196s|  5300 |  5301 |  1137 |   0.2 |    75M | 268 |6120 | 230 | 296 | 810 |  2 |   0 |   0 | 9.682375e+03 | 1.275310e+04 |  31.71%| unknown
 1198s|  5400 |  5401 |  1150 |   0.2 |    76M | 268 |6120 | 230 | 297 | 823 |  2 |   0 |   0 | 9.682375e+03 | 1.275310e+04 |  31.71%| unknown
 time | node  | left  |LP iter|LP it/n|mem/heur|mdpt |vars |cons |rows |cuts |sepa|confs|strbr|  dualbound   | primalbound  |  gap   | compl. 
 1199s|  5500 |  5501 |  1170 |   0.2 |    76M | 268 |6120 | 230 | 294 | 841 |  1 |   0 |   0 | 9.682375e+03 | 1.275310e+04 |  31.71%| unknown
 1279s|  5600 |  5581 |  1186 |   0.2 |    76M | 268 |6120 | 230 | 295 | 854 |  0 |   0 |   0 | 9.682469e+03 | 1.275310e+04 |  31.71%| unknown
 1281s|  5700 |  5671 |  1204 |   0.2 |    77M | 268 |6120 | 230 | 291 | 869 |  1 |   0 |   0 | 9.682469e+03 | 1.275310e+04 |  31.71%| unknown
 1282s|  5800 |  5769 |  1227 |   0.2 |    77M | 268 |6120 | 230 | 295 | 888 |  2 |   0 |   0 | 9.682469e+03 | 1.275310e+04 |  31.71%| unknown
 1284s|  5900 |  5861 |  1241 |   0.2 |    78M | 268 |6120 | 230 | 291 | 902 |  1 |   0 |   0 | 9.682469e+03 | 1.275310e+04 |  31.71%| unknown
 1286s|  6000 |  5957 |  1268 |   0.2 |    78M | 268 |6120 | 230 | 290 | 923 |  1 |   0 |   0 | 9.682469e+03 | 1.275310e+04 |  31.71%| unknown
 1288s|  6100 |  6055 |  1287 |   0.2 |    78M | 268 |6120 | 230 | 291 | 938 |  1 |   0 |   0 | 9.682469e+03 | 1.275310e+04 |  31.71%| unknown
 1290s|  6200 |  6147 |  1309 |   0.2 |    78M | 268 |6120 | 230 | 291 | 953 |  1 |   0 |   0 | 9.682469e+03 | 1.275310e+04 |  31.71%| unknown
 1291s|  6300 |  6237 |  1329 |   0.2 |    78M | 268 |6120 | 230 | 293 | 969 |  2 |   0 |   0 | 9.682469e+03 | 1.275310e+04 |  31.71%| unknown
 1378s|  6400 |  6335 |  1348 |   0.2 |    79M | 268 |6120 | 230 | 291 | 986 |  1 |   0 |   0 | 9.682469e+03 | 1.275310e+04 |  31.71%| unknown
 1385s|  6500 |  6423 |  1365 |   0.2 |    79M | 268 |6120 | 230 | 292 |1001 |  2 |   0 |   0 | 9.682469e+03 | 1.275310e+04 |  31.71%| unknown
 1387s|  6600 |  6515 |  1384 |   0.2 |    79M | 268 |6120 | 230 | 290 |1019 |  1 |   0 |   0 | 9.682469e+03 | 1.275310e+04 |  31.71%| unknown
 1388s|  6700 |  6609 |  1406 |   0.2 |    79M | 268 |6120 | 230 | 292 |1037 |  1 |   0 |   0 | 9.682469e+03 | 1.275310e+04 |  31.71%| unknown
 1390s|  6800 |  6697 |  1426 |   0.2 |    79M | 268 |6120 | 230 | 295 |1055 |  0 |   0 |   0 | 9.682469e+03 | 1.275310e+04 |  31.71%| unknown
 1392s|  6900 |  6795 |  1451 |   0.2 |    80M | 268 |6120 | 230 | 292 |1074 |  1 |   0 |   0 | 9.682469e+03 | 1.275310e+04 |  31.71%| unknown
 time | node  | left  |LP iter|LP it/n|mem/heur|mdpt |vars |cons |rows |cuts |sepa|confs|strbr|  dualbound   | primalbound  |  gap   | compl. 
 1393s|  7000 |  6883 |  1473 |   0.2 |    81M | 268 |6120 | 230 | 290 |1092 |  1 |   0 |   0 | 9.682469e+03 | 1.275310e+04 |  31.71%| unknown
 1394s|  7100 |  6975 |  1495 |   0.2 |    81M | 268 |6120 | 230 | 293 |1111 |  1 |   0 |   0 | 9.682469e+03 | 1.275310e+04 |  31.71%| unknown
 1396s|  7200 |  7067 |  1520 |   0.2 |    82M | 268 |6120 | 230 | 295 |1130 |  1 |   0 |   0 | 9.682469e+03 | 1.275310e+04 |  31.71%| unknown
 1473s|  7300 |  7151 |  1536 |   0.2 |    82M | 268 |6120 | 230 | 292 |1143 |  1 |   0 |   0 | 9.682919e+03 | 1.275310e+04 |  31.71%| unknown
 1475s|  7400 |  7229 |  1557 |   0.2 |    82M | 268 |6120 | 230 | 294 |1161 |  2 |   0 |   0 | 9.682919e+03 | 1.275310e+04 |  31.71%| unknown
 1477s|  7500 |  7309 |  1580 |   0.2 |    83M | 268 |6120 | 230 | 295 |1179 |  1 |   0 |   0 | 9.682919e+03 | 1.275310e+04 |  31.71%| unknown
 1478s|  7600 |  7389 |  1598 |   0.2 |    84M | 268 |6120 | 230 | 291 |1195 |  1 |   0 |   0 | 9.682919e+03 | 1.275310e+04 |  31.71%| unknown
 1480s|  7700 |  7483 |  1620 |   0.2 |    84M | 268 |6120 | 230 | 294 |1214 |  1 |   0 |   0 | 9.682919e+03 | 1.275310e+04 |  31.71%| unknown
 1482s|  7800 |  7567 |  1641 |   0.2 |    84M | 268 |6120 | 230 | 291 |1229 |  1 |   0 |   0 | 9.682919e+03 | 1.275310e+04 |  31.71%| unknown
 1484s|  7900 |  7653 |  1658 |   0.2 |    84M | 268 |6120 | 230 | 293 |1244 |  1 |   0 |   0 | 9.682919e+03 | 1.275310e+04 |  31.71%| unknown
 1486s|  8000 |  7747 |  1685 |   0.2 |    85M | 268 |6120 | 230 | 291 |1262 |  1 |   0 |   0 | 9.683744e+03 | 1.275310e+04 |  31.70%| unknown
 1487s|  8100 |  7825 |  1706 |   0.2 |    85M | 268 |6120 | 230 | 292 |1279 |  1 |   0 |   0 | 9.683744e+03 | 1.275310e+04 |  31.70%| unknown
 1578s|  8200 |  7909 |  1730 |   0.2 |    85M | 268 |6120 | 230 | 295 |1298 |  2 |   0 |   0 | 9.683744e+03 | 1.275310e+04 |  31.70%| unknown
 1582s|  8300 |  8005 |  1757 |   0.2 |    85M | 268 |6120 | 230 | 293 |1319 |  1 |   0 |   0 | 9.683744e+03 | 1.275310e+04 |  31.70%| unknown
 1583s|  8400 |  8091 |  1778 |   0.2 |    85M | 268 |6120 | 230 | 295 |1335 |  1 |   0 |   0 | 9.683744e+03 | 1.275310e+04 |  31.70%| unknown
 time | node  | left  |LP iter|LP it/n|mem/heur|mdpt |vars |cons |rows |cuts |sepa|confs|strbr|  dualbound   | primalbound  |  gap   | compl. 
 1585s|  8500 |  8165 |  1799 |   0.2 |    86M | 268 |6120 | 230 | 291 |1353 |  1 |   0 |   0 | 9.684859e+03 | 1.275310e+04 |  31.68%| unknown
 1586s|  8600 |  8257 |  1829 |   0.2 |    86M | 268 |6120 | 230 | 293 |1373 |  1 |   0 |   0 | 9.684859e+03 | 1.275310e+04 |  31.68%| unknown
 1588s|  8700 |  8345 |  1855 |   0.2 |    86M | 268 |6120 | 230 | 291 |1393 |  2 |   0 |   0 | 9.684859e+03 | 1.275310e+04 |  31.68%| unknown
 1590s|  8800 |  8423 |  1878 |   0.2 |    86M | 268 |6120 | 230 | 291 |1409 |  1 |   0 |   0 | 9.684859e+03 | 1.275310e+04 |  31.68%| unknown
 1592s|  8900 |  8511 |  1907 |   0.2 |    86M | 268 |6120 | 230 | 295 |1430 |  1 |   0 |   0 | 9.684859e+03 | 1.275310e+04 |  31.68%| unknown
 1594s|  9000 |  8585 |  1930 |   0.2 |    86M | 268 |6120 | 230 | 290 |1448 |  1 |   0 |   0 | 9.684859e+03 | 1.275310e+04 |  31.68%| unknown
 1595s|  9100 |  8665 |  1954 |   0.2 |    88M | 268 |6120 | 230 | 291 |1465 |  1 |   0 |   0 | 9.684859e+03 | 1.275310e+04 |  31.68%| unknown
 1597s|  9200 |  8739 |  1976 |   0.2 |    88M | 268 |6120 | 230 | 292 |1482 |  1 |   0 |   0 | 9.684859e+03 | 1.275310e+04 |  31.68%| unknown
 1689s|  9300 |  8811 |  1999 |   0.2 |    88M | 268 |6120 | 230 | 293 |1499 |  1 |   0 |   0 | 9.684859e+03 | 1.275310e+04 |  31.68%| unknown
 1691s|  9400 |  8875 |  2016 |   0.2 |    88M | 268 |6120 | 230 | 294 |1512 |  1 |   0 |   0 | 9.684859e+03 | 1.275310e+04 |  31.68%| unknown
 1693s|  9500 |  8933 |  2034 |   0.2 |    89M | 268 |6120 | 230 | 295 |1526 |  1 |   0 |   0 | 9.684859e+03 | 1.275310e+04 |  31.68%| unknown
 1694s|  9600 |  9001 |  2053 |   0.2 |    90M | 268 |6120 | 230 | 292 |1539 |  1 |   0 |   0 | 9.688844e+03 | 1.275310e+04 |  31.63%| unknown
 1695s|  9700 |  9057 |  2071 |   0.2 |    90M | 268 |6120 | 230 | 293 |1551 |  1 |   0 |   0 | 9.690250e+03 | 1.275310e+04 |  31.61%| unknown
 1696s|  9800 |  9111 |  2082 |   0.2 |    91M | 268 |6120 | 230 | 293 |1560 |  0 |   0 |   0 | 9.690250e+03 | 1.275310e+04 |  31.61%| unknown
 1698s|  9900 |  9167 |  2096 |   0.2 |    92M | 268 |6120 | 230 | 292 |1569 |  0 |   0 |   0 | 9.690250e+03 | 1.275310e+04 |  31.61%| unknown
 time | node  | left  |LP iter|LP it/n|mem/heur|mdpt |vars |cons |rows |cuts |sepa|confs|strbr|  dualbound   | primalbound  |  gap   | compl. 
 1699s| 10000 |  9221 |  2112 |   0.2 |    92M | 268 |6120 | 230 | 291 |1580 |  1 |   0 |   0 | 9.690250e+03 | 1.275310e+04 |  31.61%| unknown
 1701s| 10100 |  9253 |  2121 |   0.2 |    92M | 268 |6120 | 230 | 290 |1586 |  1 |   0 |   0 | 9.690250e+03 | 1.275310e+04 |  31.61%| unknown
 1702s| 10200 |  9301 |  2130 |   0.2 |    92M | 268 |6120 | 230 | 292 |1592 |  0 |   0 |   0 | 9.690250e+03 | 1.275310e+04 |  31.61%| unknown
 1776s| 10300 |  9347 |  2140 |   0.2 |    92M | 268 |6120 | 230 | 293 |1598 |  2 |   0 |   0 | 9.690719e+03 | 1.275310e+04 |  31.60%| unknown
 1778s| 10400 |  9387 |  2148 |   0.2 |    92M | 268 |6120 | 230 | 291 |1604 |  1 |   0 |   0 | 9.691375e+03 | 1.275310e+04 |  31.59%| unknown
 1779s| 10500 |  9429 |  2160 |   0.2 |    92M | 268 |6120 | 230 | 290 |1612 |  1 |   0 |   0 | 9.691375e+03 | 1.275310e+04 |  31.59%| unknown
 1781s| 10600 |  9507 |  2192 |   0.2 |    92M | 268 |6120 | 230 | 293 |1630 |  2 |   0 |   0 | 9.691375e+03 | 1.275310e+04 |  31.59%| unknown
 1783s| 10700 |  9577 |  2206 |   0.2 |    93M | 268 |6120 | 230 | 292 |1639 |  1 |   0 |   0 | 9.691375e+03 | 1.275310e+04 |  31.59%| unknown
 1784s| 10800 |  9647 |  2224 |   0.2 |    93M | 268 |6120 | 230 | 294 |1655 |  1 |   0 |   0 | 9.691375e+03 | 1.275310e+04 |  31.59%| unknown
 1798s| 10900 |  9701 |  2237 |   0.2 |    93M | 268 |6120 | 230 | 292 |1663 |  0 |   0 |   0 | 9.691375e+03 | 1.275310e+04 |  31.59%| unknown
 1800s| 11000 |  9747 |  2248 |   0.2 |    93M | 268 |6120 | 230 | 293 |1670 |  2 |   0 |   0 | 9.691375e+03 | 1.275310e+04 |  31.59%| unknown
 1801s| 11100 |  9805 |  2261 |   0.2 |    93M | 268 |6120 | 230 | 291 |1680 |  1 |   0 |   0 | 9.691375e+03 | 1.275310e+04 |  31.59%| unknown
 1802s| 11200 |  9863 |  2277 |   0.2 |    94M | 268 |6120 | 230 | 292 |1690 |  2 |   0 |   0 | 9.691375e+03 | 1.275310e+04 |  31.59%| unknown
 1803s| 11300 |  9915 |  2294 |   0.2 |    94M | 268 |6120 | 230 | 292 |1700 |  2 |   0 |   0 | 9.691375e+03 | 1.275310e+04 |  31.59%| unknown
 1879s| 11400 |  9971 |  2310 |   0.2 |    94M | 268 |6120 | 230 | 291 |1710 |  1 |   0 |   0 | 9.691375e+03 | 1.275310e+04 |  31.59%| unknown
 time | node  | left  |LP iter|LP it/n|mem/heur|mdpt |vars |cons |rows |cuts |sepa|confs|strbr|  dualbound   | primalbound  |  gap   | compl. 
 1885s| 11500 | 10025 |  2324 |   0.2 |    94M | 268 |6120 | 230 | 291 |1721 |  1 |   0 |   0 | 9.691375e+03 | 1.275310e+04 |  31.59%| unknown
 1887s| 11600 | 10071 |  2338 |   0.2 |    95M | 268 |6120 | 230 | 294 |1733 |  0 |   0 |   0 | 9.691375e+03 | 1.275310e+04 |  31.59%| unknown
 1888s| 11700 | 10117 |  2354 |   0.2 |    95M | 268 |6120 | 230 | 293 |1742 |  1 |   0 |   0 | 9.692781e+03 | 1.275310e+04 |  31.57%| unknown
 1890s| 11800 | 10173 |  2368 |   0.2 |    95M | 268 |6120 | 230 | 293 |1752 |  1 |   0 |   0 | 9.692781e+03 | 1.275310e+04 |  31.57%| unknown
 1891s| 11900 | 10221 |  2388 |   0.2 |    95M | 268 |6120 | 230 | 292 |1761 |  1 |   0 |   0 | 9.692894e+03 | 1.275310e+04 |  31.57%| unknown
 1893s| 12000 | 10267 |  2399 |   0.2 |    95M | 268 |6120 | 230 | 291 |1767 |  1 |   0 |   0 | 9.692894e+03 | 1.275310e+04 |  31.57%| unknown
 1894s| 12100 | 10323 |  2416 |   0.2 |    95M | 268 |6120 | 230 | 291 |1778 |  1 |   0 |   0 | 9.693625e+03 | 1.275310e+04 |  31.56%| unknown
 1895s| 12200 | 10375 |  2432 |   0.2 |    95M | 268 |6120 | 230 | 294 |1788 |  0 |   0 |   0 | 9.693625e+03 | 1.275310e+04 |  31.56%| unknown
 1897s| 12300 | 10425 |  2443 |   0.2 |    95M | 268 |6120 | 230 | 293 |1794 |  1 |   0 |   0 | 9.693719e+03 | 1.275310e+04 |  31.56%| unknown
 1898s| 12400 | 10477 |  2456 |   0.2 |    95M | 268 |6120 | 230 | 293 |1802 |  1 |   0 |   0 | 9.693719e+03 | 1.275310e+04 |  31.56%| unknown
 1965s| 12500 | 10523 |  2468 |   0.2 |    96M | 268 |6120 | 230 | 292 |1808 |  1 |   0 |   0 | 9.694750e+03 | 1.275310e+04 |  31.55%| unknown
 1966s| 12600 | 10555 |  2475 |   0.2 |    96M | 268 |6120 | 230 | 290 |1811 |  1 |   0 |   0 | 9.694750e+03 | 1.275310e+04 |  31.55%| unknown
 1967s| 12700 | 10603 |  2481 |   0.2 |    96M | 268 |6120 | 230 | 292 |1817 |  1 |   0 |   0 | 9.694750e+03 | 1.275310e+04 |  31.55%| unknown
 1967s| 12800 | 10649 |  2493 |   0.2 |    96M | 268 |6120 | 230 | 293 |1827 |  2 |   0 |   0 | 9.694750e+03 | 1.275310e+04 |  31.55%| unknown
 1968s| 12900 | 10687 |  2500 |   0.2 |    96M | 268 |6120 | 230 | 290 |1830 |  1 |   0 |   0 | 9.694750e+03 | 1.275310e+04 |  31.55%| unknown
 time | node  | left  |LP iter|LP it/n|mem/heur|mdpt |vars |cons |rows |cuts |sepa|confs|strbr|  dualbound   | primalbound  |  gap   | compl. 
 1969s| 13000 | 10735 |  2507 |   0.2 |    96M | 268 |6120 | 230 | 291 |1835 |  1 |   0 |   0 | 9.694750e+03 | 1.275310e+04 |  31.55%| unknown
 1970s| 13100 | 10789 |  2513 |   0.2 |    96M | 268 |6120 | 230 | 291 |1838 |  1 |   0 |   0 | 9.694750e+03 | 1.275310e+04 |  31.55%| unknown
 1971s| 13200 | 10843 |  2518 |   0.2 |    96M | 268 |6120 | 230 | 291 |1842 |  1 |   0 |   0 | 9.694750e+03 | 1.275310e+04 |  31.55%| unknown
 1972s| 13300 | 10907 |  2531 |   0.2 |    96M | 268 |6120 | 230 | 292 |1851 |  0 |   0 |   0 | 9.696250e+03 | 1.275310e+04 |  31.53%| unknown
 1972s| 13400 | 10965 |  2539 |   0.2 |    96M | 268 |6120 | 230 | 292 |1856 |  2 |   0 |   0 | 9.696250e+03 | 1.275310e+04 |  31.53%| unknown
 1973s| 13500 | 11027 |  2546 |   0.2 |    98M | 268 |6120 | 230 | 292 |1862 |  1 |   0 |   0 | 9.696250e+03 | 1.275310e+04 |  31.53%| unknown
 1974s| 13600 | 11083 |  2556 |   0.2 |    99M | 268 |6120 | 230 | 292 |1870 |  0 |   0 |   0 | 9.696250e+03 | 1.275310e+04 |  31.53%| unknown
 2048s| 13700 | 11141 |  2563 |   0.2 |    99M | 268 |6120 | 230 | 291 |1874 |  1 |   0 |   0 | 9.696250e+03 | 1.275310e+04 |  31.53%| unknown
 2049s| 13800 | 11201 |  2570 |   0.2 |    99M | 268 |6120 | 230 | 290 |1880 |  1 |   0 |   0 | 9.696250e+03 | 1.275310e+04 |  31.53%| unknown
 2050s| 13900 | 11263 |  2581 |   0.2 |    99M | 268 |6120 | 230 | 292 |1888 |  1 |   0 |   0 | 9.696419e+03 | 1.275310e+04 |  31.52%| unknown
 2051s| 14000 | 11317 |  2594 |   0.2 |    99M | 268 |6120 | 230 | 292 |1895 |  1 |   0 |   0 | 9.696419e+03 | 1.275310e+04 |  31.52%| unknown
 2052s| 14100 | 11385 |  2603 |   0.2 |    99M | 268 |6120 | 230 | 292 |1903 |  0 |   0 |   0 | 9.696419e+03 | 1.275310e+04 |  31.52%| unknown
 2053s| 14200 | 11445 |  2612 |   0.2 |    99M | 268 |6120 | 230 | 292 |1910 |  0 |   0 |   0 | 9.696484e+03 | 1.275310e+04 |  31.52%| unknown
 2054s| 14300 | 11507 |  2623 |   0.2 |   100M | 268 |6120 | 230 | 293 |1919 |  0 |   0 |   0 | 9.696484e+03 | 1.275310e+04 |  31.52%| unknown
 2055s| 14400 | 11567 |  2632 |   0.2 |   100M | 268 |6120 | 230 | 290 |1924 |  1 |   0 |   0 | 9.698125e+03 | 1.275310e+04 |  31.50%| unknown
 time | node  | left  |LP iter|LP it/n|mem/heur|mdpt |vars |cons |rows |cuts |sepa|confs|strbr|  dualbound   | primalbound  |  gap   | compl. 
 2056s| 14500 | 11625 |  2644 |   0.2 |   100M | 268 |6120 | 230 | 294 |1935 |  0 |   0 |   0 | 9.698125e+03 | 1.275310e+04 |  31.50%| unknown
 2057s| 14600 | 11691 |  2655 |   0.2 |   101M | 268 |6120 | 230 | 290 |1945 |  1 |   0 |   0 | 9.698125e+03 | 1.275310e+04 |  31.50%| unknown
 2058s| 14700 | 11761 |  2668 |   0.2 |   101M | 268 |6120 | 230 | 290 |1955 |  1 |   0 |   0 | 9.699419e+03 | 1.275310e+04 |  31.48%| unknown
 2060s| 14800 | 11831 |  2678 |   0.2 |   101M | 268 |6120 | 230 | 291 |1963 |  1 |   0 |   0 | 9.699419e+03 | 1.275310e+04 |  31.48%| unknown
 2129s| 14900 | 11903 |  2694 |   0.2 |   101M | 268 |6120 | 230 | 293 |1976 |  1 |   0 |   0 | 9.699419e+03 | 1.275310e+04 |  31.48%| unknown
 2130s| 15000 | 11971 |  2703 |   0.2 |   102M | 268 |6120 | 230 | 292 |1983 |  1 |   0 |   0 | 9.699419e+03 | 1.275310e+04 |  31.48%| unknown
 2132s| 15100 | 12037 |  2715 |   0.2 |   102M | 268 |6120 | 230 | 290 |1993 |  1 |   0 |   0 | 9.699419e+03 | 1.275310e+04 |  31.48%| unknown
 2133s| 15200 | 12111 |  2729 |   0.2 |   102M | 268 |6120 | 230 | 291 |2004 |  2 |   0 |   0 | 9.699419e+03 | 1.275310e+04 |  31.48%| unknown
 2134s| 15300 | 12177 |  2741 |   0.2 |   102M | 268 |6120 | 230 | 290 |2014 |  1 |   0 |   0 | 9.699419e+03 | 1.275310e+04 |  31.48%| unknown
 2135s| 15400 | 12253 |  2759 |   0.2 |   102M | 268 |6120 | 230 | 293 |2028 |  1 |   0 |   0 | 9.700244e+03 | 1.275310e+04 |  31.47%| unknown
 2137s| 15500 | 12321 |  2768 |   0.2 |   102M | 268 |6120 | 230 | 293 |2037 |  0 |   0 |   0 | 9.700244e+03 | 1.275310e+04 |  31.47%| unknown
 2138s| 15600 | 12395 |  2778 |   0.2 |   102M | 268 |6120 | 230 | 290 |2045 |  1 |   0 |   0 | 9.700244e+03 | 1.275310e+04 |  31.47%| unknown
 2139s| 15700 | 12471 |  2791 |   0.2 |   102M | 268 |6120 | 230 | 291 |2055 |  1 |   0 |   0 | 9.700244e+03 | 1.275310e+04 |  31.47%| unknown
 2141s| 15800 | 12551 |  2812 |   0.2 |   103M | 268 |6120 | 230 | 293 |2072 |  1 |   0 |   0 | 9.700244e+03 | 1.275310e+04 |  31.47%| unknown
 2142s| 15900 | 12617 |  2828 |   0.2 |   103M | 268 |6120 | 230 | 293 |2084 |  1 |   0 |   0 | 9.700675e+03 | 1.275310e+04 |  31.47%| unknown
 time | node  | left  |LP iter|LP it/n|mem/heur|mdpt |vars |cons |rows |cuts |sepa|confs|strbr|  dualbound   | primalbound  |  gap   | compl. 
 2143s| 16000 | 12695 |  2845 |   0.2 |   103M | 268 |6120 | 230 | 290 |2096 |  1 |   0 |   0 | 9.700675e+03 | 1.275310e+04 |  31.47%| unknown
 2145s| 16100 | 12781 |  2861 |   0.2 |   103M | 268 |6120 | 230 | 293 |2109 |  1 |   0 |   0 | 9.701125e+03 | 1.275310e+04 |  31.46%| unknown
 2205s| 16200 | 12857 |  2875 |   0.2 |   103M | 268 |6120 | 230 | 290 |2121 |  1 |   0 |   0 | 9.701125e+03 | 1.275310e+04 |  31.46%| unknown
 2227s| 16300 | 12945 |  2887 |   0.2 |   103M | 268 |6120 | 230 | 290 |2131 |  1 |   0 |   0 | 9.701125e+03 | 1.275310e+04 |  31.46%| unknown
 2270s| 16400 | 13027 |  2908 |   0.2 |   105M | 268 |6120 | 230 | 294 |2148 |  0 |   0 |   0 | 9.701125e+03 | 1.275310e+04 |  31.46%| unknown
 2271s| 16500 | 13107 |  2920 |   0.2 |   105M | 268 |6120 | 230 | 291 |2158 |  1 |   0 |   0 | 9.703000e+03 | 1.275310e+04 |  31.43%| unknown
 2273s| 16600 | 13195 |  2932 |   0.2 |   105M | 268 |6120 | 230 | 292 |2169 |  2 |   0 |   0 | 9.703000e+03 | 1.275310e+04 |  31.43%| unknown
 2274s| 16700 | 13277 |  2949 |   0.2 |   106M | 268 |6120 | 230 | 290 |2182 |  1 |   0 |   0 | 9.703000e+03 | 1.275310e+04 |  31.43%| unknown
 2275s| 16800 | 13361 |  2974 |   0.2 |   106M | 268 |6120 | 230 | 293 |2200 |  2 |   0 |   0 | 9.703000e+03 | 1.275310e+04 |  31.43%| unknown
 2276s| 16900 | 13449 |  2993 |   0.2 |   106M | 268 |6120 | 230 | 290 |2216 |  1 |   0 |   0 | 9.703000e+03 | 1.275310e+04 |  31.43%| unknown
 2277s| 17000 | 13535 |  3009 |   0.2 |   107M | 268 |6120 | 230 | 291 |2227 |  1 |   0 |   0 | 9.704359e+03 | 1.275310e+04 |  31.42%| unknown
 2279s| 17100 | 13625 |  3022 |   0.2 |   107M | 268 |6120 | 230 | 290 |2239 |  1 |   0 |   0 | 9.704359e+03 | 1.275310e+04 |  31.42%| unknown
 2280s| 17200 | 13717 |  3040 |   0.2 |   107M | 268 |6120 | 230 | 293 |2254 |  1 |   0 |   0 | 9.704359e+03 | 1.275310e+04 |  31.42%| unknown
 2281s| 17300 | 13793 |  3054 |   0.2 |   107M | 268 |6120 | 230 | 290 |2265 |  1 |   0 |   0 | 9.704687e+03 | 1.275310e+04 |  31.41%| unknown
 2282s| 17400 | 13887 |  3072 |   0.2 |   108M | 268 |6120 | 230 | 292 |2280 |  2 |   0 |   0 | 9.704687e+03 | 1.275310e+04 |  31.41%| unknown
 time | node  | left  |LP iter|LP it/n|mem/heur|mdpt |vars |cons |rows |cuts |sepa|confs|strbr|  dualbound   | primalbound  |  gap   | compl. 
d2339s| 17417 | 13902 |  3073 |   0.2 |adaptive| 268 |6120 | 230 | 291 |2281 |  1 |   0 |   0 | 9.704687e+03 | 1.275310e+04 |  31.41%| unknown
 2492s| 17500 | 13971 |  3087 |   0.2 |   108M | 268 |6120 | 230 | 290 |2291 |  1 |   0 |   0 | 9.706244e+03 | 1.275310e+04 |  31.39%| unknown
 2497s| 17600 | 14063 |  3103 |   0.2 |   109M | 268 |6120 | 230 | 290 |2306 |  1 |   0 |   0 | 9.706750e+03 | 1.275310e+04 |  31.38%| unknown
 2498s| 17700 | 14163 |  3121 |   0.2 |   109M | 268 |6120 | 230 | 294 |2321 |  2 |   0 |   0 | 9.707125e+03 | 1.275310e+04 |  31.38%| unknown
 2500s| 17800 | 14247 |  3138 |   0.2 |   110M | 268 |6120 | 230 | 290 |2334 |  1 |   0 |   0 | 9.707875e+03 | 1.275310e+04 |  31.37%| unknown
 2501s| 17900 | 14345 |  3158 |   0.2 |   110M | 268 |6120 | 230 | 294 |2353 |  1 |   0 |   0 | 9.707875e+03 | 1.275310e+04 |  31.37%| unknown
 2502s| 18000 | 14437 |  3175 |   0.2 |   110M | 268 |6120 | 230 | 291 |2368 |  1 |   0 |   0 | 9.707875e+03 | 1.275310e+04 |  31.37%| unknown
 2566s| 18100 | 14527 |  3198 |   0.2 |   110M | 268 |6120 | 230 | 290 |2388 |  1 |   0 |   0 | 9.707875e+03 | 1.275310e+04 |  31.37%| unknown
 2567s| 18200 | 14625 |  3217 |   0.2 |   111M | 268 |6120 | 230 | 292 |2404 |  1 |   0 |   0 | 9.707875e+03 | 1.275310e+04 |  31.37%| unknown
 2568s| 18300 | 14721 |  3238 |   0.2 |   112M | 268 |6120 | 230 | 291 |2423 |  1 |   0 |   0 | 9.707875e+03 | 1.275310e+04 |  31.37%| unknown
 2569s| 18400 | 14817 |  3259 |   0.2 |   112M | 268 |6120 | 230 | 294 |2440 |  1 |   0 |   0 | 9.707875e+03 | 1.275310e+04 |  31.37%| unknown
 2570s| 18500 | 14917 |  3278 |   0.2 |   112M | 268 |6120 | 230 | 293 |2457 |  2 |   0 |   0 | 9.707875e+03 | 1.275310e+04 |  31.37%| unknown
 2571s| 18600 | 15015 |  3294 |   0.2 |   112M | 268 |6120 | 230 | 290 |2473 |  1 |   0 |   0 | 9.707875e+03 | 1.275310e+04 |  31.37%| unknown
 2572s| 18700 | 15113 |  3314 |   0.2 |   113M | 268 |6120 | 230 | 294 |2492 |  1 |   0 |   0 | 9.707875e+03 | 1.275310e+04 |  31.37%| unknown
 2573s| 18800 | 15211 |  3331 |   0.2 |   113M | 268 |6120 | 230 | 293 |2508 |  2 |   0 |   0 | 9.707875e+03 | 1.275310e+04 |  31.37%| unknown
 time | node  | left  |LP iter|LP it/n|mem/heur|mdpt |vars |cons |rows |cuts |sepa|confs|strbr|  dualbound   | primalbound  |  gap   | compl. 
 2574s| 18900 | 15311 |  3351 |   0.2 |   113M | 268 |6120 | 230 | 290 |2524 |  1 |   0 |   0 | 9.707875e+03 | 1.275310e+04 |  31.37%| unknown
 2575s| 19000 | 15411 |  3370 |   0.2 |   113M | 268 |6120 | 230 | 295 |2543 |  1 |   0 |   0 | 9.707875e+03 | 1.275310e+04 |  31.37%| unknown
 2576s| 19100 | 15511 |  3386 |   0.2 |   113M | 268 |6120 | 230 | 293 |2559 |  1 |   0 |   0 | 9.707875e+03 | 1.275310e+04 |  31.37%| unknown
 2578s| 19200 | 15611 |  3400 |   0.2 |   114M | 268 |6120 | 230 | 290 |2573 |  1 |   0 |   0 | 9.707875e+03 | 1.275310e+04 |  31.37%| unknown
 2634s| 19300 | 15711 |  3418 |   0.2 |   115M | 268 |6120 | 230 | 294 |2591 |  2 |   0 |   0 | 9.707875e+03 | 1.275310e+04 |  31.37%| unknown
 2635s| 19400 | 15811 |  3437 |   0.2 |   115M | 268 |6120 | 230 | 291 |2608 |  1 |   0 |   0 | 9.707875e+03 | 1.275310e+04 |  31.37%| unknown
 2649s| 19500 | 15911 |  3455 |   0.2 |   115M | 268 |6120 | 230 | 290 |2623 |  1 |   0 |   0 | 9.707875e+03 | 1.275310e+04 |  31.37%| unknown
 2651s| 19600 | 16011 |  3473 |   0.2 |   115M | 268 |6120 | 230 | 294 |2639 |  1 |   0 |   0 | 9.707875e+03 | 1.275310e+04 |  31.37%| unknown
 2652s| 19700 | 16111 |  3486 |   0.2 |   117M | 271 |6120 | 230 | 292 |2651 |  1 |   0 |   0 | 9.707875e+03 | 1.275310e+04 |  31.37%| unknown
 2653s| 19800 | 16211 |  3504 |   0.2 |   117M | 274 |6120 | 230 | 295 |2668 |  2 |   0 |   0 | 9.707875e+03 | 1.275310e+04 |  31.37%| unknown
 2654s| 19900 | 16311 |  3520 |   0.2 |   117M | 279 |6120 | 230 | 291 |2682 |  1 |   0 |   0 | 9.707875e+03 | 1.275310e+04 |  31.37%| unknown
 2655s| 20000 | 16411 |  3541 |   0.2 |   117M | 282 |6120 | 230 | 295 |2699 |  2 |   0 |   0 | 9.707875e+03 | 1.275310e+04 |  31.37%| unknown
 2656s| 20100 | 16511 |  3556 |   0.2 |   117M | 286 |6120 | 230 | 291 |2714 |  1 |   0 |   0 | 9.707875e+03 | 1.275310e+04 |  31.37%| unknown
 2657s| 20200 | 16611 |  3576 |   0.2 |   117M | 289 |6120 | 230 | 294 |2732 |  1 |   0 |   0 | 9.707875e+03 | 1.275310e+04 |  31.37%| unknown
 2659s| 20300 | 16709 |  3588 |   0.2 |   118M | 295 |6120 | 230 | 290 |2744 |  1 |   0 |   0 | 9.707875e+03 | 1.275310e+04 |  31.37%| unknown
 time | node  | left  |LP iter|LP it/n|mem/heur|mdpt |vars |cons |rows |cuts |sepa|confs|strbr|  dualbound   | primalbound  |  gap   | compl. 
 2660s| 20400 | 16807 |  3606 |   0.2 |   118M | 297 |6120 | 230 | 291 |2759 |  1 |   0 |   0 | 9.707875e+03 | 1.275310e+04 |  31.37%| unknown
 2661s| 20500 | 16903 |  3628 |   0.2 |   118M | 301 |6120 | 230 | 294 |2778 |  2 |   0 |   0 | 9.707875e+03 | 1.275310e+04 |  31.37%| unknown
 2716s| 20600 | 16993 |  3645 |   0.2 |   119M | 305 |6120 | 230 | 294 |2793 |  1 |   0 |   0 | 9.707875e+03 | 1.275310e+04 |  31.37%| unknown
 2717s| 20700 | 17085 |  3661 |   0.2 |   119M | 308 |6120 | 230 | 295 |2808 |  1 |   0 |   0 | 9.707875e+03 | 1.275310e+04 |  31.37%| unknown
 2718s| 20800 | 17171 |  3679 |   0.2 |   120M | 311 |6120 | 230 | 296 |2825 |  0 |   0 |   0 | 9.707875e+03 | 1.275310e+04 |  31.37%| unknown
 2719s| 20900 | 17259 |  3696 |   0.2 |   122M | 314 |6120 | 230 | 295 |2841 |  1 |   0 |   0 | 9.707875e+03 | 1.275310e+04 |  31.37%| unknown
 2720s| 21000 | 17345 |  3714 |   0.2 |   122M | 318 |6120 | 230 | 295 |2857 |  1 |   0 |   0 | 9.707875e+03 | 1.275310e+04 |  31.37%| unknown
 2721s| 21100 | 17435 |  3730 |   0.2 |   123M | 321 |6120 | 230 | 295 |2873 |  1 |   0 |   0 | 9.707875e+03 | 1.275310e+04 |  31.37%| unknown
 2722s| 21200 | 17519 |  3749 |   0.2 |   123M | 325 |6120 | 230 | 293 |2889 |  1 |   0 |   0 | 9.707875e+03 | 1.275310e+04 |  31.37%| unknown
 2726s| 21300 | 17603 |  3773 |   0.2 |   123M | 327 |6120 | 230 | 294 |2907 |  2 |   0 |   0 | 9.707875e+03 | 1.275310e+04 |  31.37%| unknown
 2727s| 21400 | 17683 |  3794 |   0.2 |   123M | 332 |6120 | 230 | 290 |2923 |  1 |   0 |   0 | 9.707875e+03 | 1.275310e+04 |  31.37%| unknown
 2728s| 21500 | 17765 |  3821 |   0.2 |   124M | 333 |6120 | 230 | 297 |2946 |  0 |   0 |   0 | 9.707875e+03 | 1.275310e+04 |  31.37%| unknown
 2729s| 21600 | 17845 |  3841 |   0.2 |   124M | 336 |6120 | 230 | 294 |2963 |  1 |   0 |   0 | 9.707875e+03 | 1.275310e+04 |  31.37%| unknown
 2730s| 21700 | 17927 |  3862 |   0.2 |   124M | 339 |6120 | 230 | 291 |2981 |  1 |   0 |   0 | 9.707875e+03 | 1.275310e+04 |  31.37%| unknown
 2731s| 21800 | 18007 |  3884 |   0.2 |   124M | 343 |6120 | 230 | 297 |3000 |  0 |   0 |   0 | 9.707875e+03 | 1.275310e+04 |  31.37%| unknown
 time | node  | left  |LP iter|LP it/n|mem/heur|mdpt |vars |cons |rows |cuts |sepa|confs|strbr|  dualbound   | primalbound  |  gap   | compl. 
 2796s| 21900 | 18091 |  3903 |   0.2 |   124M | 345 |6120 | 230 | 296 |3019 |  2 |   0 |   0 | 9.707875e+03 | 1.275310e+04 |  31.37%| unknown
 2797s| 22000 | 18161 |  3921 |   0.2 |   125M | 349 |6120 | 230 | 290 |3034 |  1 |   0 |   0 | 9.707875e+03 | 1.275310e+04 |  31.37%| unknown
 2799s| 22100 | 18247 |  3947 |   0.2 |   125M | 351 |6120 | 230 | 298 |3056 |  2 |   0 |   0 | 9.707875e+03 | 1.275310e+04 |  31.37%| unknown
 2800s| 22200 | 18315 |  3960 |   0.2 |   126M | 355 |6120 | 230 | 290 |3069 |  1 |   0 |   0 | 9.707875e+03 | 1.275310e+04 |  31.37%| unknown
 2801s| 22300 | 18399 |  3984 |   0.2 |   126M | 357 |6120 | 230 | 296 |3090 |  2 |   0 |   0 | 9.707875e+03 | 1.275310e+04 |  31.37%| unknown
 2803s| 22400 | 18471 |  3999 |   0.2 |   126M | 361 |6120 | 230 | 290 |3105 |  1 |   0 |   0 | 9.707875e+03 | 1.275310e+04 |  31.37%| unknown
 2804s| 22500 | 18553 |  4017 |   0.2 |   126M | 362 |6120 | 230 | 293 |3121 |  1 |   0 |   0 | 9.707875e+03 | 1.275310e+04 |  31.37%| unknown
 2806s| 22600 | 18631 |  4036 |   0.2 |   126M | 365 |6120 | 230 | 296 |3137 |  0 |   0 |   0 | 9.707875e+03 | 1.275310e+04 |  31.37%| unknown
 2807s| 22700 | 18711 |  4051 |   0.2 |   126M | 367 |6120 | 230 | 290 |3150 |  1 |   0 |   0 | 9.707875e+03 | 1.275310e+04 |  31.37%| unknown
 2808s| 22800 | 18795 |  4071 |   0.2 |   126M | 369 |6120 | 230 | 295 |3169 |  1 |   0 |   0 | 9.707875e+03 | 1.275310e+04 |  31.37%| unknown
 2810s| 22900 | 18865 |  4084 |   0.2 |   127M | 374 |6120 | 230 | 290 |3182 |  1 |   0 |   0 | 9.707875e+03 | 1.275310e+04 |  31.37%| unknown
 2811s| 23000 | 18945 |  4101 |   0.2 |   127M | 376 |6120 | 230 | 291 |3197 |  1 |   0 |   0 | 9.707875e+03 | 1.275310e+04 |  31.37%| unknown
