2023/05/23
Julia is now 1.9.0
previous version was 1.7.2
2023/11/29
gurobi is now 11.0.0
previous version was 10.0.2
solving instance uflp nldep holmberg 46 cubic
presolving:
(round 1, fast)       0 del vars, 0 del conss, 0 add conss, 30 chg bounds, 0 chg sides, 0 chg coeffs, 0 upgd conss, 0 impls, 0 clqs
(round 2, exhaustive) 0 del vars, 0 del conss, 0 add conss, 30 chg bounds, 0 chg sides, 0 chg coeffs, 2100 upgd conss, 0 impls, 0 clqs
   (2.1s) probing cycle finished: starting next cycle
(round 3, exhaustive) 0 del vars, 0 del conss, 0 add conss, 60 chg bounds, 0 chg sides, 0 chg coeffs, 2100 upgd conss, 2160 impls, 0 clqs
   (2.1s) probing cycle finished: starting next cycle
   (2.1s) symmetry computation started: requiring (bin +, int -, cont -), (fixed: bin -, int +, cont +)
   (2.1s) no symmetry present
presolving (4 rounds: 4 fast, 3 medium, 3 exhaustive):
 0 deleted vars, 0 deleted constraints, 0 added constraints, 60 tightened bounds, 0 added holes, 0 changed sides, 0 changed coefficients
 2160 implications, 0 cliques
presolved problem has 2190 variables (30 bin, 0 int, 0 impl, 2160 cont) and 2230 constraints
   2100 constraints of type <varbound>
    100 constraints of type <linear>
     30 constraints of type <nonlinear>
Presolving Time: 2.08

 time | node  | left  |LP iter|LP it/n|mem/heur|mdpt |vars |cons |rows |cuts |sepa|confs|strbr|  dualbound   | primalbound  |  gap   | compl. 
t 2.1s|     1 |     0 |   255 |     - |  trysol|   0 |2280 |2230 |2350 |   0 |  0 |   0 |   0 |-1.840716e+04 | 4.782285e+03 |    Inf | unknown
  2.1s|     1 |     0 |   713 |     - |    24M |   0 |2280 |2230 |2350 |   0 |  0 |   0 |   0 | 2.428766e+03 | 4.782285e+03 |  96.90%| unknown
L 2.2s|     1 |     0 |   713 |     - |  subnlp|   0 |2280 |2230 |2350 |   0 |  0 |   0 |   0 | 2.428766e+03 | 3.373285e+03 |  38.89%| unknown
  2.2s|     1 |     0 |   724 |     - |    24M |   0 |2280 |2230 |2361 |  11 |  1 |   0 |   0 | 2.428766e+03 | 3.373285e+03 |  38.89%| unknown
  2.2s|     1 |     0 |   724 |     - |    24M |   0 |2280 |2230 |2361 |  11 |  1 |   0 |   0 | 2.428766e+03 | 3.373285e+03 |  38.89%| unknown
  2.7s|     1 |     0 |  5728 |     - |    25M |   0 |2280 |2230 |2361 |  11 |  3 |   0 |   0 | 2.429186e+03 | 3.373285e+03 |  38.86%| unknown
  2.7s|     1 |     0 |  5793 |     - |    25M |   0 |2280 |2230 |2364 |  14 |  4 |   0 |   0 | 2.532486e+03 | 3.373285e+03 |  33.20%| unknown
  2.7s|     1 |     0 |  5795 |     - |    25M |   0 |2280 |2230 |2366 |  16 |  5 |   0 |   0 | 2.532486e+03 | 3.373285e+03 |  33.20%| unknown
  3.5s|     1 |     0 | 11203 |     - |    25M |   0 |2280 |2230 |2366 |  16 |  7 |   0 |   0 | 2.534658e+03 | 3.373285e+03 |  33.09%| unknown
  3.5s|     1 |     0 | 11408 |     - |    25M |   0 |2280 |2230 |2370 |  20 |  8 |   0 |   0 | 2.634922e+03 | 3.373285e+03 |  28.02%| unknown
  3.5s|     1 |     0 | 11416 |     - |    25M |   0 |2280 |2230 |2376 |  26 |  9 |   0 |   0 | 2.641541e+03 | 3.373285e+03 |  27.70%| unknown
  3.5s|     1 |     0 | 11418 |     - |    25M |   0 |2280 |2230 |2378 |  28 | 10 |   0 |   0 | 2.641541e+03 | 3.373285e+03 |  27.70%| unknown
  4.6s|     1 |     0 | 19048 |     - |    25M |   0 |2280 |2230 |2378 |  28 | 12 |   0 |   0 | 2.641541e+03 | 3.373285e+03 |  27.70%| unknown
  4.6s|     1 |     0 | 19220 |     - |    25M |   0 |2280 |2230 |2383 |  33 | 13 |   0 |   0 | 2.835200e+03 | 3.373285e+03 |  18.98%| unknown
  4.6s|     1 |     0 | 19226 |     - |    25M |   0 |2280 |2230 |2389 |  39 | 14 |   0 |   0 | 2.835200e+03 | 3.373285e+03 |  18.98%| unknown
 time | node  | left  |LP iter|LP it/n|mem/heur|mdpt |vars |cons |rows |cuts |sepa|confs|strbr|  dualbound   | primalbound  |  gap   | compl. 
  6.0s|     1 |     0 | 28636 |     - |    26M |   0 |2280 |2230 |2389 |  39 | 16 |   0 |   0 | 2.835200e+03 | 3.373285e+03 |  18.98%| unknown
  6.0s|     1 |     0 | 28668 |     - |    26M |   0 |2280 |2230 |2392 |  42 | 17 |   0 |   0 | 2.901837e+03 | 3.373285e+03 |  16.25%| unknown
  6.0s|     1 |     0 | 28707 |     - |    26M |   0 |2280 |2230 |2398 |  48 | 18 |   0 |   0 | 2.952015e+03 | 3.373285e+03 |  14.27%| unknown
  6.0s|     1 |     0 | 28710 |     - |    26M |   0 |2280 |2230 |2400 |  50 | 19 |   0 |   0 | 2.952016e+03 | 3.373285e+03 |  14.27%| unknown
  6.0s|     1 |     0 | 28717 |     - |    26M |   0 |2280 |2230 |2402 |  52 | 20 |   0 |   0 | 2.952016e+03 | 3.373285e+03 |  14.27%| unknown
  7.5s|     1 |     0 | 38937 |     - |    27M |   0 |2280 |2230 |2402 |  52 | 22 |   0 |   0 | 2.952016e+03 | 3.373285e+03 |  14.27%| unknown
  7.5s|     1 |     0 | 38939 |     - |    27M |   0 |2280 |2230 |2305 |  53 | 23 |   0 |   0 | 2.954829e+03 | 3.373285e+03 |  14.16%| unknown
 31.9s|     1 |     2 | 38939 |     - |    28M |   0 |2280 |2230 |2305 |  53 | 25 |   0 |   0 | 2.954829e+03 | 3.373285e+03 |  14.16%| unknown
 42.1s|   100 |    73 | 41596 | 409.8 |    31M |  16 |2280 |2230 |2319 | 268 |  1 |   0 |  14 | 3.118092e+03 | 3.373285e+03 |   8.18%|  77.39%
 43.1s|   200 |   103 | 44002 | 216.0 |    33M |  17 |2280 |2230 |2314 | 491 |  1 |   0 |  32 | 3.268832e+03 | 3.373285e+03 |   3.20%|  89.46%
L44.2s|   201 |   104 | 44046 | 215.1 |    rins|  17 |2280 |2230 |2314 | 493 |  3 |   0 |  33 | 3.268832e+03 | 3.373285e+03 |   3.20%|  89.50%
 47.3s|   300 |   141 | 45733 | 149.5 |    34M |  21 |2280 |2230 |2328 | 668 |  0 |   0 |  39 | 3.295054e+03 | 3.373285e+03 |   2.37%|  91.99%
t47.4s|   318 |   138 | 45948 | 141.7 |  trysol|  21 |2280 |2230 |   0 | 695 |  0 |   0 |  39 | 3.295054e+03 | 3.371895e+03 |   2.33%|  92.26%
 47.9s|   400 |   156 | 47045 | 115.3 |    34M |  21 |2280 |2230 |2323 | 818 |  3 |   0 |  41 | 3.303310e+03 | 3.371895e+03 |   2.08%|  93.46%
 48.6s|   500 |   214 | 48370 |  94.9 |    35M |  25 |2280 |2230 |2317 |1016 |  0 |   0 |  61 | 3.307199e+03 | 3.371895e+03 |   1.96%|  94.06%
 time | node  | left  |LP iter|LP it/n|mem/heur|mdpt |vars |cons |rows |cuts |sepa|confs|strbr|  dualbound   | primalbound  |  gap   | compl. 
L51.8s|   518 |   226 | 48628 |  92.1 |    rins|  26 |2280 |2230 |2331 |1053 |  2 |   0 |  63 | 3.307199e+03 | 3.371894e+03 |   1.96%|  94.10%
 52.4s|   600 |   252 | 49979 |  81.7 |    36M |  27 |2280 |2230 |2339 |1211 |  2 |   0 |  77 | 3.313214e+03 | 3.371894e+03 |   1.77%|  94.82%
 53.2s|   700 |   256 | 51918 |  72.8 |    36M |  28 |2280 |2230 |2334 |1386 |  3 |   0 |  85 | 3.318893e+03 | 3.371894e+03 |   1.60%|  95.57%
L55.8s|   772 |   272 | 53222 |  67.7 |    rins|  28 |2280 |2230 |2371 |1505 |  3 |   0 |  88 | 3.323522e+03 | 3.371894e+03 |   1.46%|  96.15%
 56.0s|   800 |   276 | 53616 |  65.8 |    37M |  28 |2280 |2230 |2335 |1562 |  2 |   0 |  88 | 3.325164e+03 | 3.371894e+03 |   1.41%|  96.30%
 56.7s|   900 |   300 | 54793 |  59.8 |    37M |  28 |2280 |2230 |2319 |1759 |  0 |   0 |  93 | 3.327448e+03 | 3.371894e+03 |   1.34%|  96.61%
 57.2s|  1000 |   292 | 56120 |  55.2 |    37M |  28 |2280 |2230 |2351 |1902 |  1 |   0 |  97 | 3.329097e+03 | 3.371894e+03 |   1.29%|  97.20%
 57.7s|  1100 |   308 | 57146 |  51.1 |    37M |  28 |2280 |2230 |2338 |2092 |  0 |   0 | 106 | 3.330044e+03 | 3.371894e+03 |   1.26%|  97.52%
 69.4s|  1200 |   306 | 58540 |  48.0 |    38M |  28 |2280 |2230 |2362 |2233 |  2 |   0 | 119 | 3.334041e+03 | 3.371894e+03 |   1.14%|  98.01%
 70.0s|  1300 |   316 | 59706 |  45.2 |    38M |  28 |2280 |2230 |2334 |2382 |  0 |   0 | 130 | 3.334609e+03 | 3.371894e+03 |   1.12%|  98.36%
 70.7s|  1400 |   338 | 61030 |  42.9 |    38M |  29 |2280 |2230 |2338 |2583 |  4 |   0 | 140 | 3.336218e+03 | 3.371894e+03 |   1.07%|  98.54%
 71.4s|  1500 |   360 | 62090 |  40.7 |    38M |  31 |2280 |2230 |2332 |2792 |  1 |   0 | 159 | 3.338236e+03 | 3.371894e+03 |   1.01%|  98.71%
 72.0s|  1600 |   360 | 63033 |  38.8 |    38M |  31 |2280 |2230 |2337 |2959 |  1 |   0 | 172 | 3.347586e+03 | 3.371894e+03 |   0.73%|  98.96%
 72.8s|  1700 |   374 | 64325 |  37.3 |    38M |  31 |2280 |2230 |2343 |3227 |  3 |   0 | 196 | 3.350218e+03 | 3.371894e+03 |   0.65%|  99.03%
 73.5s|  1800 |   372 | 65592 |  35.9 |    38M |  32 |2280 |2230 |2338 |3442 |  2 |   0 | 223 | 3.351628e+03 | 3.371894e+03 |   0.60%|  99.14%
 time | node  | left  |LP iter|LP it/n|mem/heur|mdpt |vars |cons |rows |cuts |sepa|confs|strbr|  dualbound   | primalbound  |  gap   | compl. 
 74.1s|  1900 |   366 | 66649 |  34.6 |    38M |  33 |2280 |2230 |2340 |3660 |  1 |   0 | 249 | 3.352188e+03 | 3.371894e+03 |   0.59%|  99.25%
 77.7s|  2000 |   374 | 68218 |  33.6 |    38M |  33 |2280 |2230 |2340 |3892 |  2 |   0 | 269 | 3.354040e+03 | 3.371894e+03 |   0.53%|  99.33%
 78.2s|  2100 |   370 | 69035 |  32.4 |    39M |  33 |2280 |2230 |2331 |4067 |  1 |   0 | 272 | 3.354817e+03 | 3.371894e+03 |   0.51%|  99.43%
 78.9s|  2200 |   362 | 70049 |  31.4 |    39M |  33 |2280 |2230 |2341 |4281 |  2 |   0 | 305 | 3.357182e+03 | 3.371894e+03 |   0.44%|  99.53%
 79.5s|  2300 |   350 | 70875 |  30.4 |    39M |  33 |2280 |2230 |2331 |4454 |  0 |   0 | 330 | 3.357774e+03 | 3.371894e+03 |   0.42%|  99.60%
 80.0s|  2400 |   330 | 71707 |  29.5 |    39M |  34 |2280 |2230 |2335 |4608 |  2 |   0 | 337 | 3.358207e+03 | 3.371894e+03 |   0.41%|  99.68%
 80.6s|  2500 |   306 | 72511 |  28.6 |    39M |  34 |2280 |2230 |2345 |4806 |  0 |   0 | 353 | 3.358756e+03 | 3.371894e+03 |   0.39%|  99.73%
 81.2s|  2600 |   308 | 73285 |  27.8 |    39M |  35 |2280 |2230 |2357 |5004 |  3 |   0 | 364 | 3.360662e+03 | 3.371894e+03 |   0.33%|  99.77%
 81.9s|  2700 |   312 | 74210 |  27.1 |    39M |  35 |2280 |2230 |2350 |5188 |  0 |   0 | 382 | 3.361887e+03 | 3.371894e+03 |   0.30%|  99.80%
 82.5s|  2800 |   296 | 75045 |  26.4 |    39M |  35 |2280 |2230 |2349 |5408 |  2 |   0 | 400 | 3.363348e+03 | 3.371894e+03 |   0.25%|  99.86%
 83.0s|  2900 |   292 | 75653 |  25.7 |    39M |  36 |2280 |2230 |2350 |5588 |  2 |   0 | 413 | 3.363991e+03 | 3.371894e+03 |   0.23%|  99.88%
 83.5s|  3000 |   284 | 76213 |  25.1 |    39M |  37 |2280 |2230 |2358 |5715 |  2 |   0 | 433 | 3.364411e+03 | 3.371894e+03 |   0.22%|  99.91%
 84.7s|  3100 |   284 | 76750 |  24.4 |    39M |  39 |2280 |2230 |2354 |5857 |  2 |   0 | 446 | 3.365475e+03 | 3.371894e+03 |   0.19%|  99.93%
 85.2s|  3200 |   266 | 77362 |  23.9 |    39M |  39 |2280 |2230 |2359 |5980 |  1 |   0 | 456 | 3.366726e+03 | 3.371894e+03 |   0.15%|  99.94%
 85.6s|  3300 |   248 | 77790 |  23.3 |    39M |  39 |2280 |2230 |2352 |6102 |  0 |   0 | 456 | 3.367085e+03 | 3.371894e+03 |   0.14%|  99.95%
 time | node  | left  |LP iter|LP it/n|mem/heur|mdpt |vars |cons |rows |cuts |sepa|confs|strbr|  dualbound   | primalbound  |  gap   | compl. 
 86.0s|  3400 |   218 | 78323 |  22.7 |    39M |  39 |2280 |2230 |2355 |6227 |  0 |   0 | 458 | 3.367714e+03 | 3.371894e+03 |   0.12%|  99.96%
 86.5s|  3500 |   190 | 78779 |  22.2 |    39M |  40 |2280 |2230 |2356 |6350 |  0 |   0 | 459 | 3.368834e+03 | 3.371894e+03 |   0.09%|  99.97%
 86.8s|  3600 |   144 | 79134 |  21.7 |    39M |  43 |2280 |2230 |2360 |6438 |  2 |   0 | 460 | 3.369873e+03 | 3.371894e+03 |   0.06%|  99.98%
 87.1s|  3700 |   106 | 79405 |  21.2 |    39M |  59 |2280 |2230 |2375 |6523 |  1 |   0 | 460 | 3.370253e+03 | 3.371894e+03 |   0.05%|  99.98%
 87.3s|  3800 |    20 | 79632 |  20.7 |    39M |  61 |2280 |2230 |2409 |6549 |  0 |   0 | 460 | 3.370921e+03 | 3.371894e+03 |   0.03%|  99.99%

SCIP Status        : problem is solved [optimal solution found]
Solving Time (sec) : 87.29
Solving Nodes      : 3820
Primal Bound       : +3.37189400042516e+03 (18 solutions)
Dual Bound         : +3.37189400042516e+03
Gap                : 0.00 %
reading holmberg data file ../../../../../instances/uflp/holmberg/p46
primal_bound = 3371.894000425156, dual_bound = 3371.894000425156, gap = 0.0, time = 92.29
