
Note: the module "julia" cannot be unloaded because it was not loaded.

2023/11/29
gurobi is now 11.0.0
previous version was 10.0.2
solving instance uflp nldep gunluk ../../../../../instances/uflp/gunluk/gunluk-20-40-8.txt sinabc1
The latest version of Julia in the `1.10` channel is 1.10.6+0.x64.linux.gnu. You currently have `1.10.5+0.x64.linux.gnu` installed. Run:

  juliaup update

in your terminal shell to install Julia 1.10.6+0.x64.linux.gnu and update the `1.10` channel to that version.
presolving:
(round 1, fast)       20 del vars, 800 del conss, 0 add conss, 20 chg bounds, 0 chg sides, 0 chg coeffs, 0 upgd conss, 0 impls, 0 clqs
   (0.0s) symmetry computation started: requiring (bin +, int +, cont +), (fixed: bin -, int -, cont -)
   (0.0s) no symmetry present (symcode time: 0.00)
presolving (2 rounds: 2 fast, 1 medium, 1 exhaustive):
 20 deleted vars, 800 deleted constraints, 0 added constraints, 20 tightened bounds, 0 added holes, 0 changed sides, 0 changed coefficients
 0 implications, 0 cliques
presolved problem has 840 variables (0 bin, 0 int, 0 impl, 840 cont) and 80 constraints
     60 constraints of type <linear>
     20 constraints of type <nonlinear>
Presolving Time: 0.01

 time | node  | left  |LP iter|LP it/n|mem/heur|mdpt |vars |cons |rows |cuts |sepa|confs|strbr|  dualbound   | primalbound  |  gap   | compl. 
  0.0s|     1 |     0 |    88 |     - |  7510k |   0 | 880 |  80 | 180 |   0 |  0 |   0 |   0 | 2.339629e+02 |      --      |    Inf | unknown
L 0.0s|     1 |     0 |    88 |     - |undercov|   0 | 880 |  80 | 180 |   0 |  0 |   0 |   0 | 2.339629e+02 | 2.404777e+02 |   2.78%| unknown
L 0.2s|     1 |     0 |    88 |     - |undercov|   0 | 880 |  80 | 180 |   0 |  0 |   0 |   0 | 2.339629e+02 | 2.401673e+02 |   2.65%| unknown
L 0.3s|     1 |     0 |    88 |     - |  subnlp|   0 | 880 |  80 | 180 |   0 |  0 |   0 |   0 | 2.339629e+02 | 2.401673e+02 |   2.65%| unknown
  0.3s|     1 |     0 |   106 |     - |  7958k |   0 | 880 |  80 | 198 |  18 |  1 |   0 |   0 | 2.343307e+02 | 2.401673e+02 |   2.49%| unknown
  0.3s|     1 |     0 |   106 |     - |  7958k |   0 | 880 |  80 | 198 |  18 |  1 |   0 |   0 | 2.343307e+02 | 2.401673e+02 |   2.49%| unknown
  0.3s|     1 |     0 |   107 |     - |  7958k |   0 | 880 |  80 | 200 |  20 |  2 |   0 |   0 | 2.343566e+02 | 2.401673e+02 |   2.48%| unknown
  0.3s|     1 |     0 |   109 |     - |  7958k |   0 | 880 |  80 | 201 |  21 |  3 |   0 |   0 | 2.343666e+02 | 2.401673e+02 |   2.48%| unknown
  0.3s|     1 |     0 |   702 |     - |  8696k |   0 | 880 |  80 | 201 |  21 |  4 |   0 |   0 | 2.347763e+02 | 2.401673e+02 |   2.30%| unknown
  0.3s|     1 |     0 |   732 |     - |  8696k |   0 | 880 |  80 | 218 |  38 |  5 |   0 |   0 | 2.397209e+02 | 2.401673e+02 |   0.19%| unknown
  0.3s|     1 |     0 |   749 |     - |  8711k |   0 | 880 |  80 | 235 |  55 |  6 |   0 |   0 | 2.400487e+02 | 2.401673e+02 |   0.05%| unknown
  0.3s|     1 |     0 |   750 |     - |  8711k |   0 | 880 |  80 | 237 |  57 |  7 |   0 |   0 | 2.400617e+02 | 2.401673e+02 |   0.04%| unknown
  0.3s|     1 |     0 |   752 |     - |  8711k |   0 | 880 |  80 | 239 |  59 |  8 |   0 |   0 | 2.400667e+02 | 2.401673e+02 |   0.04%| unknown
  0.3s|     1 |     0 |   753 |     - |  8719k |   0 | 880 |  80 | 241 |  61 |  9 |   0 |   0 | 2.400671e+02 | 2.401673e+02 |   0.04%| unknown
  0.3s|     1 |     0 |   754 |     - |  8719k |   0 | 880 |  80 | 155 |  62 | 10 |   0 |   0 | 2.400673e+02 | 2.401673e+02 |   0.04%| unknown
 time | node  | left  |LP iter|LP it/n|mem/heur|mdpt |vars |cons |rows |cuts |sepa|confs|strbr|  dualbound   | primalbound  |  gap   | compl. 
  0.3s|     1 |     0 |   755 |     - |  8719k |   0 | 880 |  80 | 156 |  63 | 11 |   0 |   0 | 2.400673e+02 | 2.401673e+02 |   0.04%| unknown
  0.4s|     1 |     2 |   755 |     - |  8758k |   0 | 880 |  80 | 156 |  63 | 12 |   0 |   0 | 2.400673e+02 | 2.401673e+02 |   0.04%| unknown
L 0.4s|     2 |     3 |   787 | 621.0 |  subnlp|   1 | 880 |  80 | 128 |  93 |  3 |   0 |   0 | 2.400673e+02 | 2.401673e+02 |   0.04%| unknown

SCIP Status        : problem is solved [optimal solution found]
Solving Time (sec) : 1.22
Solving Nodes      : 75
Primal Bound       : +2.40167328756392e+02 (11 solutions)
Dual Bound         : +2.40167328756392e+02
Gap                : 0.00 %
Generating Gunluk and Lee data file ../../../../../instances/uflp/gunluk/gunluk-20-40-8.txt
primal_bound = 240.16732875639244, dual_bound = 240.16732875639244, gap = 0.0, time = 4.0
