
Note: the module "julia" cannot be unloaded because it was not loaded.

2023/11/29
gurobi is now 11.0.0
previous version was 10.0.2
solving instance uflp nldep gunluk ../../../../../instances/uflp/gunluk/gunluk-20-40-6.txt sinabc2
The latest version of Julia in the `1.10` channel is 1.10.6+0.x64.linux.gnu. You currently have `1.10.5+0.x64.linux.gnu` installed. Run:

  juliaup update

in your terminal shell to install Julia 1.10.6+0.x64.linux.gnu and update the `1.10` channel to that version.
presolving:
(round 1, fast)       20 del vars, 800 del conss, 0 add conss, 20 chg bounds, 0 chg sides, 0 chg coeffs, 0 upgd conss, 0 impls, 0 clqs
   (0.0s) symmetry computation started: requiring (bin +, int +, cont +), (fixed: bin -, int -, cont -)
   (0.0s) no symmetry present (symcode time: 0.00)
presolving (2 rounds: 2 fast, 1 medium, 1 exhaustive):
 20 deleted vars, 800 deleted constraints, 0 added constraints, 20 tightened bounds, 0 added holes, 0 changed sides, 0 changed coefficients
 0 implications, 0 cliques
presolved problem has 840 variables (0 bin, 0 int, 0 impl, 840 cont) and 80 constraints
     60 constraints of type <linear>
     20 constraints of type <nonlinear>
Presolving Time: 0.01

 time | node  | left  |LP iter|LP it/n|mem/heur|mdpt |vars |cons |rows |cuts |sepa|confs|strbr|  dualbound   | primalbound  |  gap   | compl. 
  0.0s|     1 |     0 |   147 |     - |  7556k |   0 | 900 |  80 | 260 |   0 |  0 |   0 |   0 | 2.469542e+02 |      --      |    Inf | unknown
L 0.0s|     1 |     0 |   147 |     - |undercov|   0 | 900 |  80 | 260 |   0 |  0 |   0 |   0 | 2.469542e+02 | 2.782716e+02 |  12.68%| unknown
L 0.2s|     1 |     0 |   147 |     - |undercov|   0 | 900 |  80 | 260 |   0 |  0 |   0 |   0 | 2.469542e+02 | 2.722687e+02 |  10.25%| unknown
L 0.3s|     1 |     0 |   147 |     - |  subnlp|   0 | 900 |  80 | 260 |   0 |  0 |   0 |   0 | 2.469542e+02 | 2.722687e+02 |  10.25%| unknown
  0.3s|     1 |     0 |   172 |     - |  7958k |   0 | 900 |  80 | 278 |  18 |  1 |   0 |   0 | 2.485738e+02 | 2.722687e+02 |   9.53%| unknown
  0.3s|     1 |     0 |   172 |     - |  7958k |   0 | 900 |  80 | 278 |  18 |  1 |   0 |   0 | 2.485738e+02 | 2.722687e+02 |   9.53%| unknown
  0.3s|     1 |     0 |   176 |     - |  7958k |   0 | 900 |  80 | 282 |  22 |  2 |   0 |   0 | 2.486816e+02 | 2.722687e+02 |   9.48%| unknown
  0.3s|     1 |     0 |   177 |     - |  7958k |   0 | 900 |  80 | 283 |  23 |  3 |   0 |   0 | 2.486832e+02 | 2.722687e+02 |   9.48%| unknown
  0.3s|     1 |     0 |   178 |     - |  7973k |   0 | 900 |  80 | 284 |  24 |  4 |   0 |   0 | 2.486838e+02 | 2.722687e+02 |   9.48%| unknown
  0.3s|     1 |     0 |   179 |     - |  7973k |   0 | 900 |  80 | 285 |  25 |  5 |   0 |   0 | 2.486838e+02 | 2.722687e+02 |   9.48%| unknown
  0.3s|     1 |     0 |   935 |     - |  8402k |   0 | 900 |  80 | 285 |  25 |  6 |   0 |   0 | 2.525651e+02 | 2.722687e+02 |   7.80%| unknown
  0.3s|     1 |     0 |   966 |     - |  8402k |   0 | 900 |  80 | 299 |  39 |  7 |   0 |   0 | 2.661438e+02 | 2.722687e+02 |   2.30%| unknown
  0.3s|     1 |     0 |   979 |     - |  8402k |   0 | 900 |  80 | 311 |  51 |  8 |   0 |   0 | 2.667816e+02 | 2.722687e+02 |   2.06%| unknown
  0.3s|     1 |     0 |   986 |     - |  8402k |   0 | 900 |  80 | 317 |  57 |  9 |   0 |   0 | 2.669126e+02 | 2.722687e+02 |   2.01%| unknown
  0.3s|     1 |     0 |   990 |     - |  8410k |   0 | 900 |  80 | 321 |  61 | 10 |   0 |   0 | 2.669165e+02 | 2.722687e+02 |   2.01%| unknown
 time | node  | left  |LP iter|LP it/n|mem/heur|mdpt |vars |cons |rows |cuts |sepa|confs|strbr|  dualbound   | primalbound  |  gap   | compl. 
  0.3s|     1 |     0 |   991 |     - |  8410k |   0 | 900 |  80 | 322 |  62 | 11 |   0 |   0 | 2.669168e+02 | 2.722687e+02 |   2.01%| unknown
  0.3s|     1 |     0 |   992 |     - |  8410k |   0 | 900 |  80 | 323 |  63 | 12 |   0 |   0 | 2.669170e+02 | 2.722687e+02 |   2.01%| unknown
  0.4s|     1 |     2 |   992 |     - |  8449k |   0 | 900 |  80 | 323 |  63 | 13 |   0 |   0 | 2.669170e+02 | 2.722687e+02 |   2.01%| unknown
L 0.4s|     2 |     3 |   995 | 738.0 |  subnlp|   1 | 900 |  80 | 126 |  65 |  2 |   0 |   0 | 2.669170e+02 | 2.722687e+02 |   2.01%| unknown
L 0.5s|     3 |     4 |  1002 | 372.5 |  subnlp|   2 | 900 |  80 | 134 |  73 |  4 |   0 |   0 | 2.669170e+02 | 2.722687e+02 |   2.01%| unknown
  0.8s|   100 |    21 |  1482 |  12.4 |  9361k |  13 | 900 |  80 | 160 | 317 |  0 |   0 |   0 | 2.715549e+02 | 2.722687e+02 |   0.26%|  85.84%
  1.0s|   200 |    41 |  1825 |   7.9 |  9868k |  21 | 900 |  80 | 172 | 523 |  0 |   0 |   0 | 2.720354e+02 | 2.722687e+02 |   0.09%|  94.62%
  1.2s|   300 |    91 |  2308 |   6.9 |    10M |  26 | 900 |  80 | 200 | 793 |  2 |   0 |   0 | 2.721191e+02 | 2.722687e+02 |   0.05%|  95.13%
  1.3s|   400 |   119 |  2699 |   6.1 |    10M |  29 | 900 |  80 | 204 | 987 |  2 |   0 |   0 | 2.721874e+02 | 2.722687e+02 |   0.03%|  96.94%
  1.4s|   500 |   131 |  3013 |   5.5 |    10M |  29 | 900 |  80 | 199 |1132 |  1 |   0 |   0 | 2.722152e+02 | 2.722687e+02 |   0.02%|  99.16%
  1.5s|   600 |   127 |  3262 |   5.0 |    10M |  31 | 900 |  80 | 204 |1252 |  2 |   0 |   0 | 2.722249e+02 | 2.722687e+02 |   0.02%|  99.63%
  1.6s|   700 |   135 |  3547 |   4.7 |    10M |  33 | 900 |  80 | 209 |1377 |  0 |   0 |   0 | 2.722288e+02 | 2.722687e+02 |   0.01%|  99.66%
  1.7s|   800 |   145 |  3752 |   4.4 |    10M |  36 | 900 |  80 | 212 |1494 |  1 |   0 |   0 | 2.722313e+02 | 2.722687e+02 |   0.01%|  99.69%
  1.8s|   900 |   143 |  3965 |   4.1 |    10M |  36 | 900 |  80 | 191 |1610 |  1 |   0 |   0 | 2.722376e+02 | 2.722687e+02 |   0.01%|  99.72%
  1.9s|  1000 |   131 |  4271 |   4.0 |    10M |  41 | 900 |  80 | 273 |1772 |  2 |   0 |   0 | 2.722406e+02 | 2.722687e+02 |   0.01%|  99.77%
 time | node  | left  |LP iter|LP it/n|mem/heur|mdpt |vars |cons |rows |cuts |sepa|confs|strbr|  dualbound   | primalbound  |  gap   | compl. 
  2.0s|  1100 |   123 |  4543 |   3.9 |    10M |  43 | 900 |  80 | 221 |1890 |  2 |   0 |   0 | 2.722478e+02 | 2.722687e+02 |   0.01%|  99.83%
  2.1s|  1200 |   115 |  4782 |   3.8 |    10M |  45 | 900 |  80 | 227 |1994 |  3 |   0 |   0 | 2.722497e+02 | 2.722687e+02 |   0.01%|  99.85%
  2.2s|  1300 |    95 |  5020 |   3.7 |    10M |  45 | 900 |  80 | 225 |2088 |  2 |   0 |   0 | 2.722546e+02 | 2.722687e+02 |   0.01%|  99.91%
  2.4s|  1400 |   119 |  5271 |   3.6 |    10M |  47 | 900 |  80 | 235 |2202 |  2 |   0 |   0 | 2.722598e+02 | 2.722687e+02 |   0.00%|  99.94%
  2.5s|  1500 |   145 |  5506 |   3.5 |    10M |  52 | 900 |  80 | 246 |2319 |  0 |   0 |   0 | 2.722619e+02 | 2.722687e+02 |   0.00%|  99.95%
  2.5s|  1600 |   147 |  5698 |   3.4 |    10M |  52 | 900 |  80 | 241 |2410 |  1 |   0 |   0 | 2.722654e+02 | 2.722687e+02 |   0.00%|  99.97%
  2.6s|  1700 |   137 |  5879 |   3.3 |    10M |  55 | 900 |  80 | 247 |2490 |  2 |   0 |   0 | 2.722667e+02 | 2.722687e+02 |   0.00%|  99.99%
  2.8s|  1800 |   109 |  6086 |   3.2 |    10M |  55 | 900 |  80 | 251 |2574 |  2 |   0 |   0 | 2.722671e+02 | 2.722687e+02 |   0.00%|  99.99%
  2.8s|  1900 |    79 |  6240 |   3.2 |    10M |  56 | 900 |  80 | 248 |2643 |  0 |   0 |   0 | 2.722673e+02 | 2.722687e+02 |   0.00%|  99.99%

SCIP Status        : problem is solved [optimal solution found]
Solving Time (sec) : 2.89
Solving Nodes      : 1991
Primal Bound       : +2.72268694552621e+02 (6 solutions)
Dual Bound         : +2.72268694552621e+02
Gap                : 0.00 %
Generating Gunluk and Lee data file ../../../../../instances/uflp/gunluk/gunluk-20-40-6.txt
primal_bound = 272.2686945526208, dual_bound = 272.2686945526208, gap = 0.0, time = 5.59
