
Note: the module "julia" cannot be unloaded because it was not loaded.

2023/11/29
gurobi is now 11.0.0
previous version was 10.0.2
solving instance uflp nldep gunluk ../../../../../instances/uflp/gunluk/gunluk-20-40-7.txt sinabc3
The latest version of Julia in the `1.10` channel is 1.10.6+0.x64.linux.gnu. You currently have `1.10.5+0.x64.linux.gnu` installed. Run:

  juliaup update

in your terminal shell to install Julia 1.10.6+0.x64.linux.gnu and update the `1.10` channel to that version.
presolving:
(round 1, fast)       20 del vars, 800 del conss, 0 add conss, 20 chg bounds, 0 chg sides, 0 chg coeffs, 0 upgd conss, 0 impls, 0 clqs
   (0.0s) symmetry computation started: requiring (bin +, int +, cont +), (fixed: bin -, int -, cont -)
   (0.0s) no symmetry present (symcode time: 0.00)
presolving (2 rounds: 2 fast, 1 medium, 1 exhaustive):
 20 deleted vars, 800 deleted constraints, 0 added constraints, 20 tightened bounds, 0 added holes, 0 changed sides, 0 changed coefficients
 0 implications, 0 cliques
presolved problem has 840 variables (0 bin, 0 int, 0 impl, 840 cont) and 80 constraints
     60 constraints of type <linear>
     20 constraints of type <nonlinear>
Presolving Time: 0.01

 time | node  | left  |LP iter|LP it/n|mem/heur|mdpt |vars |cons |rows |cuts |sepa|confs|strbr|  dualbound   | primalbound  |  gap   | compl. 
  0.0s|     1 |     0 |   133 |     - |  7554k |   0 | 900 |  80 | 240 |   0 |  0 |   0 |   0 | 2.749016e+02 |      --      |    Inf | unknown
L 0.0s|     1 |     0 |   133 |     - |undercov|   0 | 900 |  80 | 240 |   0 |  0 |   0 |   0 | 2.749016e+02 | 3.002252e+02 |   9.21%| unknown
L 0.2s|     1 |     0 |   133 |     - |undercov|   0 | 900 |  80 | 240 |   0 |  0 |   0 |   0 | 2.749016e+02 | 2.998801e+02 |   9.09%| unknown
L 0.3s|     1 |     0 |   133 |     - |  subnlp|   0 | 900 |  80 | 240 |   0 |  0 |   0 |   0 | 2.749016e+02 | 2.998801e+02 |   9.09%| unknown
  0.3s|     1 |     0 |   150 |     - |  7960k |   0 | 900 |  80 | 255 |  15 |  1 |   0 |   0 | 2.754979e+02 | 2.998801e+02 |   8.85%| unknown
  0.3s|     1 |     0 |   150 |     - |  7960k |   0 | 900 |  80 | 255 |  15 |  1 |   0 |   0 | 2.754979e+02 | 2.998801e+02 |   8.85%| unknown
  0.3s|     1 |     0 |   151 |     - |  7960k |   0 | 900 |  80 | 256 |  16 |  2 |   0 |   0 | 2.754986e+02 | 2.998801e+02 |   8.85%| unknown
  0.3s|     1 |     0 |   793 |     - |  8473k |   0 | 900 |  80 | 256 |  16 |  3 |   0 |   0 | 2.776299e+02 | 2.998801e+02 |   8.01%| unknown
  0.3s|     1 |     0 |   816 |     - |  8473k |   0 | 900 |  80 | 269 |  29 |  4 |   0 |   0 | 2.825381e+02 | 2.998801e+02 |   6.14%| unknown
  0.3s|     1 |     0 |   828 |     - |  8473k |   0 | 900 |  80 | 280 |  40 |  5 |   0 |   0 | 2.828856e+02 | 2.998801e+02 |   6.01%| unknown
  0.3s|     1 |     0 |   831 |     - |  8473k |   0 | 900 |  80 | 282 |  42 |  6 |   0 |   0 | 2.829022e+02 | 2.998801e+02 |   6.00%| unknown
  0.3s|     1 |     0 |   833 |     - |  8488k |   0 | 900 |  80 | 284 |  44 |  7 |   0 |   0 | 2.829055e+02 | 2.998801e+02 |   6.00%| unknown
  0.3s|     1 |     0 |   835 |     - |  8488k |   0 | 900 |  80 | 286 |  46 |  8 |   0 |   0 | 2.829072e+02 | 2.998801e+02 |   6.00%| unknown
  0.3s|     1 |     0 |   837 |     - |  8488k |   0 | 900 |  80 | 288 |  48 |  9 |   0 |   0 | 2.829074e+02 | 2.998801e+02 |   6.00%| unknown
  0.4s|     1 |     2 |   837 |     - |  8527k |   0 | 900 |  80 | 288 |  48 | 10 |   0 |   0 | 2.829074e+02 | 2.998801e+02 |   6.00%| unknown
 time | node  | left  |LP iter|LP it/n|mem/heur|mdpt |vars |cons |rows |cuts |sepa|confs|strbr|  dualbound   | primalbound  |  gap   | compl. 
L 0.5s|     2 |     3 |   847 | 632.0 |  subnlp|   1 | 900 |  80 | 127 |  57 |  5 |   0 |   0 | 2.829074e+02 | 2.998801e+02 |   6.00%| unknown
  0.8s|   100 |    47 |  1285 |  10.8 |  9455k |  14 | 900 |  80 | 147 | 286 |  3 |   0 |   0 | 2.974344e+02 | 2.998801e+02 |   0.82%|  72.70%
  0.9s|   200 |    65 |  1684 |   7.4 |  9758k |  16 | 900 |  80 | 169 | 480 |  0 |   0 |   0 | 2.985291e+02 | 2.998801e+02 |   0.45%|  89.13%
  1.2s|   300 |    97 |  2213 |   6.7 |    10M |  22 | 900 |  80 | 156 | 807 |  0 |   0 |   0 | 2.990287e+02 | 2.998801e+02 |   0.28%|  95.58%
  1.3s|   400 |   137 |  2727 |   6.3 |    10M |  23 | 900 |  80 | 167 |1123 |  0 |   0 |   0 | 2.993052e+02 | 2.998801e+02 |   0.19%|  96.97%
  1.4s|   500 |   181 |  3134 |   5.8 |    10M |  25 | 900 |  80 | 188 |1370 |  3 |   0 |   0 | 2.993760e+02 | 2.998801e+02 |   0.17%|  97.85%
  1.5s|   600 |   219 |  3523 |   5.5 |    10M |  28 | 900 |  80 | 179 |1587 |  0 |   0 |   0 | 2.994554e+02 | 2.998801e+02 |   0.14%|  97.94%
L 1.8s|   695 |   260 |  3787 |   5.1 |  subnlp|  29 | 900 |  80 | 193 |1749 |  2 |   0 |   0 | 2.994676e+02 | 2.998801e+02 |   0.14%|  97.96%
L 1.8s|   696 |   261 |  3789 |   5.1 |  subnlp|  29 | 900 |  80 | 184 |1751 |  2 |   0 |   0 | 2.994676e+02 | 2.998801e+02 |   0.14%|  97.96%
  2.0s|   700 |   265 |  3807 |   5.1 |    10M |  29 | 900 |  80 | 192 |1762 |  3 |   0 |   0 | 2.994676e+02 | 2.998801e+02 |   0.14%|  97.96%
  2.1s|   800 |   277 |  4027 |   4.8 |    10M |  29 | 900 |  80 | 183 |1886 |  1 |   0 |   0 | 2.995914e+02 | 2.998801e+02 |   0.10%|  98.10%
  2.4s|   900 |   305 |  4395 |   4.6 |    11M |  31 | 900 |  80 | 187 |2088 |  2 |   0 |   0 | 2.996017e+02 | 2.998801e+02 |   0.09%|  98.11%
  2.5s|  1000 |   321 |  4783 |   4.6 |    11M |  32 | 900 |  80 | 206 |2318 |  4 |   0 |   0 | 2.996056e+02 | 2.998801e+02 |   0.09%|  98.58%
  2.6s|  1100 |   337 |  5152 |   4.5 |    11M |  33 | 900 |  80 | 194 |2538 |  2 |   0 |   0 | 2.996760e+02 | 2.998801e+02 |   0.07%|  98.66%
  2.8s|  1200 |   355 |  5533 |   4.4 |    12M |  33 | 900 |  80 | 201 |2768 |  0 |   0 |   0 | 2.996822e+02 | 2.998801e+02 |   0.07%|  98.67%
 time | node  | left  |LP iter|LP it/n|mem/heur|mdpt |vars |cons |rows |cuts |sepa|confs|strbr|  dualbound   | primalbound  |  gap   | compl. 
  2.9s|  1300 |   353 |  5864 |   4.3 |    12M |  34 | 900 |  80 | 180 |2938 |  2 |   0 |   0 | 2.996962e+02 | 2.998801e+02 |   0.06%|  99.32%
  2.9s|  1400 |   349 |  6160 |   4.2 |    12M |  35 | 900 |  80 | 201 |3101 |  0 |   0 |   0 | 2.996962e+02 | 2.998801e+02 |   0.06%|  99.32%
  3.1s|  1500 |   335 |  6434 |   4.1 |    12M |  37 | 900 |  80 | 233 |3248 |  2 |   0 |   0 | 2.997287e+02 | 2.998801e+02 |   0.05%|  99.36%
  3.2s|  1600 |   325 |  6724 |   4.1 |    12M |  37 | 900 |  80 | 263 |3405 |  3 |   0 |   0 | 2.997581e+02 | 2.998801e+02 |   0.04%|  99.39%
  3.3s|  1700 |   337 |  7070 |   4.0 |    12M |  41 | 900 |  80 | 198 |3606 |  5 |   0 |   0 | 2.997627e+02 | 2.998801e+02 |   0.04%|  99.39%
  3.5s|  1800 |   325 |  7329 |   4.0 |    12M |  41 | 900 |  80 | 218 |3750 |  0 |   0 |   0 | 2.997774e+02 | 2.998801e+02 |   0.03%|  99.55%
  3.6s|  1900 |   327 |  7648 |   3.9 |    12M |  41 | 900 |  80 | 229 |3943 |  0 |   0 |   0 | 2.997908e+02 | 2.998801e+02 |   0.03%|  99.57%
  3.8s|  2000 |   299 |  7931 |   3.9 |    12M |  41 | 900 |  80 | 221 |4106 |  4 |   0 |   0 | 2.998024e+02 | 2.998801e+02 |   0.03%|  99.73%
  3.9s|  2100 |   305 |  8268 |   3.8 |    12M |  42 | 900 |  80 | 209 |4278 |  1 |   0 |   0 | 2.998137e+02 | 2.998801e+02 |   0.02%|  99.74%
  4.0s|  2200 |   285 |  8552 |   3.8 |    12M |  42 | 900 |  80 | 251 |4431 |  0 |   0 |   0 | 2.998206e+02 | 2.998801e+02 |   0.02%|  99.75%
  4.2s|  2300 |   257 |  8824 |   3.7 |    12M |  43 | 900 |  80 | 184 |4575 |  0 |   0 |   0 | 2.998271e+02 | 2.998801e+02 |   0.02%|  99.75%
  4.3s|  2400 |   269 |  9101 |   3.7 |    12M |  46 | 900 |  80 | 228 |4731 |  2 |   0 |   0 | 2.998306e+02 | 2.998801e+02 |   0.02%|  99.76%
  4.4s|  2500 |   275 |  9356 |   3.7 |    12M |  48 | 900 |  80 | 238 |4885 |  0 |   0 |   0 | 2.998367e+02 | 2.998801e+02 |   0.01%|  99.77%
  4.5s|  2600 |   287 |  9648 |   3.6 |    12M |  51 | 900 |  80 | 282 |5048 |  3 |   0 |   0 | 2.998421e+02 | 2.998801e+02 |   0.01%|  99.96%
  4.8s|  2700 |   277 |  9932 |   3.6 |    12M |  53 | 900 |  80 | 196 |5194 |  0 |   0 |   0 | 2.998468e+02 | 2.998801e+02 |   0.01%|  99.96%
 time | node  | left  |LP iter|LP it/n|mem/heur|mdpt |vars |cons |rows |cuts |sepa|confs|strbr|  dualbound   | primalbound  |  gap   | compl. 
  5.0s|  2800 |   287 | 10223 |   3.6 |    12M |  53 | 900 |  80 | 232 |5371 |  3 |   0 |   0 | 2.998532e+02 | 2.998801e+02 |   0.01%|  99.97%
  5.1s|  2900 |   259 | 10482 |   3.5 |    12M |  55 | 900 |  80 | 220 |5492 |  0 |   0 |   0 | 2.998569e+02 | 2.998801e+02 |   0.01%|  99.98%
  5.2s|  3000 |   245 | 10747 |   3.5 |    12M |  56 | 900 |  80 | 256 |5635 |  0 |   0 |   0 | 2.998595e+02 | 2.998801e+02 |   0.01%|  99.98%
  5.4s|  3100 |   223 | 10962 |   3.5 |    12M |  56 | 900 |  80 | 227 |5732 |  0 |   0 |   0 | 2.998613e+02 | 2.998801e+02 |   0.01%|  99.98%
  5.5s|  3200 |   209 | 11221 |   3.4 |    12M |  58 | 900 |  80 | 249 |5858 |  0 |   0 |   0 | 2.998627e+02 | 2.998801e+02 |   0.01%|  99.98%
  5.6s|  3300 |   223 | 11509 |   3.4 |    12M |  59 | 900 |  80 | 252 |6017 |  2 |   0 |   0 | 2.998655e+02 | 2.998801e+02 |   0.00%|  99.98%
  5.8s|  3400 |   231 | 11755 |   3.4 |    12M |  62 | 900 |  80 | 251 |6141 |  4 |   0 |   0 | 2.998664e+02 | 2.998801e+02 |   0.00%|  99.99%
  5.9s|  3500 |   219 | 11974 |   3.4 |    12M |  62 | 900 |  80 | 252 |6244 |  0 |   0 |   0 | 2.998675e+02 | 2.998801e+02 |   0.00%|  99.99%
  6.0s|  3600 |   215 | 12224 |   3.3 |    12M |  64 | 900 |  80 | 242 |6367 |  1 |   0 |   0 | 2.998683e+02 | 2.998801e+02 |   0.00%|  99.99%
  6.1s|  3700 |   209 | 12419 |   3.3 |    12M |  67 | 900 |  80 | 254 |6442 |  0 |   0 |   0 | 2.998695e+02 | 2.998801e+02 |   0.00%|  99.99%
  6.2s|  3800 |   203 | 12671 |   3.3 |    12M |  67 | 900 |  80 | 266 |6554 |  2 |   0 |   0 | 2.998702e+02 | 2.998801e+02 |   0.00%|  99.99%
  6.3s|  3900 |   187 | 12830 |   3.2 |    12M |  69 | 900 |  80 | 364 |6629 |  2 |   0 |   0 | 2.998706e+02 | 2.998801e+02 |   0.00%|  99.99%
  6.4s|  4000 |   147 | 12999 |   3.2 |    12M |  69 | 900 |  80 | 266 |6697 |  1 |   0 |   0 | 2.998708e+02 | 2.998801e+02 |   0.00%|  99.99%
  6.6s|  4100 |    79 | 13239 |   3.2 |    12M |  69 | 900 |  80 | 335 |6751 |  0 |   0 |   0 | 2.998722e+02 | 2.998801e+02 |   0.00%|  99.99%

SCIP Status        : problem is solved [optimal solution found]
Solving Time (sec) : 6.62
Solving Nodes      : 4179
Primal Bound       : +2.99880101092318e+02 (14 solutions)
Dual Bound         : +2.99880101092318e+02
Gap                : 0.00 %
Generating Gunluk and Lee data file ../../../../../instances/uflp/gunluk/gunluk-20-40-7.txt
primal_bound = 299.8801010923182, dual_bound = 299.8801010923182, gap = 0.0, time = 9.33
