
Note: the module "julia" cannot be unloaded because it was not loaded.

2023/11/29
gurobi is now 11.0.0
previous version was 10.0.2
solving instance uflp nldep gunluk ../../../../../instances/uflp/gunluk/gunluk-50-100-6.txt sinabc1
The latest version of Julia in the `1.10` channel is 1.10.6+0.x64.linux.gnu. You currently have `1.10.5+0.x64.linux.gnu` installed. Run:

  juliaup update

in your terminal shell to install Julia 1.10.6+0.x64.linux.gnu and update the `1.10` channel to that version.
presolving:
(round 1, fast)       50 del vars, 5000 del conss, 0 add conss, 50 chg bounds, 0 chg sides, 0 chg coeffs, 0 upgd conss, 0 impls, 0 clqs
   (0.0s) symmetry computation started: requiring (bin +, int +, cont +), (fixed: bin -, int -, cont -)
   (0.1s) no symmetry present (symcode time: 0.00)
presolving (2 rounds: 2 fast, 1 medium, 1 exhaustive):
 50 deleted vars, 5000 deleted constraints, 0 added constraints, 50 tightened bounds, 0 added holes, 0 changed sides, 0 changed coefficients
 0 implications, 0 cliques
presolved problem has 5100 variables (0 bin, 0 int, 0 impl, 5100 cont) and 200 constraints
    150 constraints of type <linear>
     50 constraints of type <nonlinear>
Presolving Time: 0.03

 time | node  | left  |LP iter|LP it/n|mem/heur|mdpt |vars |cons |rows |cuts |sepa|confs|strbr|  dualbound   | primalbound  |  gap   | compl. 
  0.1s|     1 |     0 |   197 |     - |    37M |   0 |5200 | 200 | 450 |   0 |  0 |   0 |   0 | 3.781594e+02 |      --      |    Inf | unknown
L 0.2s|     1 |     0 |   197 |     - |undercov|   0 |5200 | 200 | 450 |   0 |  0 |   0 |   0 | 3.781594e+02 | 3.815636e+02 |   0.90%| unknown
L 1.7s|     1 |     0 |   197 |     - |undercov|   0 |5200 | 200 | 450 |   0 |  0 |   0 |   0 | 3.781594e+02 | 3.815331e+02 |   0.89%| unknown
  2.8s|     1 |     0 |   244 |     - |    39M |   0 |5200 | 200 | 498 |  48 |  1 |   0 |   0 | 3.788296e+02 | 3.815331e+02 |   0.71%| unknown
  2.8s|     1 |     0 |   244 |     - |    39M |   0 |5200 | 200 | 498 |  48 |  1 |   0 |   0 | 3.788296e+02 | 3.815331e+02 |   0.71%| unknown
  2.8s|     1 |     0 |   247 |     - |    39M |   0 |5200 | 200 | 501 |  51 |  2 |   0 |   0 | 3.788367e+02 | 3.815331e+02 |   0.71%| unknown
  2.8s|     1 |     0 |   249 |     - |    39M |   0 |5200 | 200 | 503 |  53 |  3 |   0 |   0 | 3.788372e+02 | 3.815331e+02 |   0.71%| unknown
  2.8s|     1 |     0 |   251 |     - |    39M |   0 |5200 | 200 | 505 |  55 |  4 |   0 |   0 | 3.788375e+02 | 3.815331e+02 |   0.71%| unknown
  3.1s|     1 |     0 |  2368 |     - |    46M |   0 |5200 | 200 | 505 |  55 |  5 |   0 |   0 | 3.790261e+02 | 3.815331e+02 |   0.66%| unknown
  3.2s|     1 |     0 |  2423 |     - |    46M |   0 |5200 | 200 | 545 |  95 |  6 |   0 |   0 | 3.812841e+02 | 3.815331e+02 |   0.07%| unknown
  3.2s|     1 |     0 |  2463 |     - |    46M |   0 |5200 | 200 | 584 | 134 |  7 |   0 |   0 | 3.815244e+02 | 3.815331e+02 |   0.00%| unknown
  3.2s|     1 |     0 |  2466 |     - |    46M |   0 |5200 | 200 | 587 | 137 |  8 |   0 |   0 | 3.815254e+02 | 3.815331e+02 |   0.00%| unknown
  3.2s|     1 |     0 |  2468 |     - |    46M |   0 |5200 | 200 | 589 | 139 |  9 |   0 |   0 | 3.815254e+02 | 3.815331e+02 |   0.00%| unknown
  3.2s|     1 |     0 |  2469 |     - |    46M |   0 |5200 | 200 | 590 | 140 | 10 |   0 |   0 | 3.815254e+02 | 3.815331e+02 |   0.00%| unknown
  3.2s|     1 |     0 |  2470 |     - |    46M |   0 |5200 | 200 | 347 | 141 | 11 |   0 |   0 | 3.815254e+02 | 3.815331e+02 |   0.00%| unknown
 time | node  | left  |LP iter|LP it/n|mem/heur|mdpt |vars |cons |rows |cuts |sepa|confs|strbr|  dualbound   | primalbound  |  gap   | compl. 
L 3.9s|     1 |     0 |  2470 |     - |  subnlp|   0 |5200 | 200 | 347 | 141 | 13 |   0 |   0 | 3.815254e+02 | 3.815331e+02 |   0.00%| unknown
  3.9s|     1 |     0 |  2470 |     - |    47M |   0 |5200 | 200 | 347 | 141 | 13 |   0 |   0 | 3.815254e+02 | 3.815331e+02 |   0.00%| unknown
  3.9s|     1 |     0 |  2472 |     - |    47M |   0 |5200 | 200 | 349 | 143 | 14 |   0 |   0 | 3.815254e+02 | 3.815331e+02 |   0.00%| unknown
  3.9s|     1 |     2 |  2472 |     - |    47M |   0 |5200 | 200 | 349 | 143 | 15 |   0 |   0 | 3.815254e+02 | 3.815331e+02 |   0.00%| unknown

SCIP Status        : problem is solved [optimal solution found]
Solving Time (sec) : 4.00
Solving Nodes      : 3
Primal Bound       : +3.81533106434544e+02 (4 solutions)
Dual Bound         : +3.81533106434544e+02
Gap                : 0.00 %
Generating Gunluk and Lee data file ../../../../../instances/uflp/gunluk/gunluk-50-100-6.txt
primal_bound = 381.5331064345435, dual_bound = 381.5331064345435, gap = 0.0, time = 6.74
