2023/05/23
Julia is now 1.9.4
previous version was 1.9.0
2023/11/29
gurobi is now 11.0.0
previous version was 10.0.2
solving instance mcnd c100_400_10_V_L_10 3 6 log
===========================================================================
 BARON version 23.11.13. Built: LNX-64 Mon Nov 13 23:14:09 EST 2023

 BARON is a product of The Optimization Firm.
 For information on BARON, see https://minlp.com/about-baron
 Licensee: Claudio Contardo at Concordia University, claudio.contardo@concordia.ca.

 If you use this software, please cite publications from
 https://minlp.com/baron-publications, such as: 

 Kilinc, M. and N. V. Sahinidis, Exploiting integrality in the global
 optimization of mixed-integer nonlinear programming problems in BARON,
 Optimization Methods and Software, 33, 540-562, 2018.
===========================================================================
 This BARON run may utilize the following subsolver(s)
 For LP/MIP/QP: CLP/CBC, ILOG CPLEX                             
 For NLP: IPOPT, FILTERSQP
===========================================================================
 Doing local search
 Solving bounding LP
 Preprocessing found feasible solution with value 0.100000E+13
 Starting multi-start local search
 Estimated remaining time for local search is 156 secs
 Estimated remaining time for local search is 53 secs
 Done with local search
===========================================================================
  Iteration    Open nodes         Time (s)    Lower bound      Upper bound
Failure to change feasibility, error 1014.
          1             1           180.15      30174.1         0.100000E+13   
Failure to change feasibility, error 1014.
Failure to change feasibility, error 1014.
Failure to change feasibility, error 1014.
Failure to change feasibility, error 1014.
Failure to change feasibility, error 1014.
Failure to change feasibility, error 1014.
Failure to change feasibility, error 1014.
Failure to change feasibility, error 1014.
Failure to change feasibility, error 1014.
Failure to change feasibility, error 1014.
Failure to change feasibility, error 1014.
Failure to change feasibility, error 1014.
         14+            8           209.98      30174.1         0.100000E+13   
         14+            8           240.35      30174.1         0.100000E+13   
Failure to change feasibility, error 1014.
Failure to change feasibility, error 1014.
Failure to change feasibility, error 1014.
Failure to change feasibility, error 1014.
Failure to change feasibility, error 1014.
Failure to change feasibility, error 1014.
         20+           11           282.75      30174.1         0.100000E+13   
Failure to change feasibility, error 1014.
Failure to change feasibility, error 1014.
Failure to change feasibility, error 1014.
Failure to change feasibility, error 1014.
Failure to change feasibility, error 1014.
Failure to change feasibility, error 1014.
Failure to change feasibility, error 1014.
Failure to change feasibility, error 1014.
Failure to change feasibility, error 1014.
Failure to change feasibility, error 1014.
Failure to change feasibility, error 1014.
Failure to change feasibility, error 1014.
         41            21           363.02      30174.1         0.100000E+13   
*        46            24           381.66      30174.1          31755.9       
         46            24           480.98      30174.1          31755.9       
Failure to change feasibility, error 1014.
Failure to change feasibility, error 1014.
         52            27           512.70      30174.1          31755.9       
Failure to change feasibility, error 1014.
         54            28           570.49      30174.1          31755.9       
Failure to change feasibility, error 1014.
Failure to change feasibility, error 1014.
         58            30           613.74      30174.1          31755.9       
Failure to change feasibility, error 1014.
Failure to change feasibility, error 1014.
         62            32           644.11      30174.1          31755.9       
Failure to change feasibility, error 1014.
Failure to change feasibility, error 1014.
         68            35           752.23      30174.1          31755.9       
Failure to change feasibility, error 1014.
Failure to change feasibility, error 1014.
Failure to change feasibility, error 1014.
         72            37           796.57      30174.1          31755.9       
         74            38           829.68      30174.1          31755.9       
         76            39           860.02      30174.1          31755.9       
Failure to change feasibility, error 1014.
Failure to change feasibility, error 1014.
         82            42           920.72      30174.1          31755.9       
Failure to change feasibility, error 1014.
Failure to change feasibility, error 1014.
Failure to change feasibility, error 1014.
         94            45           981.56      30174.1          31755.9       
Failure to change feasibility, error 1014.
        101            47          1053.00      30174.1          31755.9       
Failure to change feasibility, error 1014.
Failure to change feasibility, error 1014.
Failure to change feasibility, error 1014.
        117            55          1122.52      30174.1          31755.9       
        156+           64          1170.63      30174.1          31755.9       
        156            64          1204.38      30174.1          31755.9       
        207            62          1278.04      30174.1          31755.9       
        302            63          1334.50      30174.1          31755.9       
Failure to change feasibility, error 1014.
        393            65          1390.02      30174.1          31755.9       
Failure to change feasibility, error 1014.
Failure to change feasibility, error 1014.
        449            63          1431.92      30174.1          31755.9       
Failure to change feasibility, error 1014.
        457            64          1466.73      30174.1          31755.9       
        464            63          1504.48      30174.1          31755.9       
Failure to change feasibility, error 1014.
        469            63          1539.85      30174.1          31755.9       
Failure to change feasibility, error 1014.
        589            65          1600.17      30174.1          31755.9       
Failure to change feasibility, error 1014.
        605            63          1631.36      30174.1          31755.9       
        611            63          1661.93      30174.1          31755.9       
Failure to change feasibility, error 1014.
        617            64          1698.76      30174.1          31755.9       
Failure to change feasibility, error 1014.
        621            64          1739.95      30174.1          31755.9       
Failure to change feasibility, error 1014.
Failure to change feasibility, error 1014.
        625            65          1780.67      30174.1          31755.9       
        637            63          1819.98      30174.1          31755.9       
Failure to change feasibility, error 1014.
        641            63          1856.30      30174.1          31755.9       
Failure to change feasibility, error 1014.
        646            63          1889.34      30174.1          31755.9       
        649            63          1927.03      30174.1          31755.9       
Failure to change feasibility, error 1014.
        654            63          1969.71      30174.1          31755.9       
Failure to change feasibility, error 1014.
        778            63          2019.06      30174.1          31755.9       
        787            62          2050.42      30174.1          31755.9       
Failure to change feasibility, error 1014.
        789            62          2100.77      30174.1          31755.9       
        794            62          2143.00      30174.1          31755.9       
Failure to change feasibility, error 1014.
        797            62          2179.11      30174.1          31755.9       
        801            62          2216.65      30174.1          31755.9       
        814            61          2258.57      30174.1          31755.9       
Failure to change feasibility, error 1014.
Failure to change feasibility, error 1014.
       1193            66          2342.00      30174.1          31755.9       
       1519            62          2395.32      30174.1          31755.9       
       1527            64          2428.59      30174.1          31755.9       
       1529            64          2473.40      30174.1          31755.9       
Failure to change feasibility, error 1014.
Failure to change feasibility, error 1014.
       1535            64          2504.13      30174.1          31755.9       
       1538            63          2562.31      30174.1          31755.9       
       1539            63          2593.76      30174.1          31755.9       
Failure to change feasibility, error 1014.
Failure to change feasibility, error 1014.
Failure to change feasibility, error 1014.
       1545            64          2639.63      30174.1          31755.9       
       1553            63          2680.88      30174.1          31755.9       
       1557            63          2728.09      30174.1          31755.9       
       1567            63          2761.28      30174.1          31755.9       
       1572            63          2794.38      30174.1          31755.9       
Failure to change feasibility, error 1014.
       1580            63          2827.74      30174.1          31755.9       
Failure to change feasibility, error 1014.
       1583            64          2870.30      30174.1          31755.9       
       1587            63          2902.21      30174.1          31755.9       
       1590            64          2965.43      30174.1          31755.9       
       1594            63          3006.63      30174.1          31755.9       
       1609            62          3038.81      30174.1          31755.9       
       1615            63          3069.39      30174.1          31755.9       
       1620            62          3105.63      30174.1          31755.9       
Failure to change feasibility, error 1014.
       1623            63          3145.62      30174.1          31755.9       
       1627            63          3187.07      30174.1          31755.9       
       1635            62          3218.53      30174.1          31755.9       
       1639            64          3255.63      30174.1          31755.9       
       1692            61          3307.84      30174.1          31755.9       
       1693            61          3346.91      30174.1          31755.9       
Failure to change feasibility, error 1014.
       1715            66          3385.43      30174.1          31755.9       
       1868            65          3415.27      30174.1          31755.9       
       1926+           64          3445.13      30174.1          31755.9       
Failure to change feasibility, error 1014.
       2129            64          3475.00      30174.1          31755.9       
Failure to change feasibility, error 1014.
Failure to change feasibility, error 1014.
       2173            63          3516.67      30174.1          31755.9       
