solving instance mcf arcs c45 3 6 square
presolving:
(round 1, fast)       314 del vars, 314 del conss, 0 add conss, 294 chg bounds, 0 chg sides, 0 chg coeffs, 0 upgd conss, 0 impls, 0 clqs
   (0.5s) symmetry computation started: requiring (bin +, int +, cont +), (fixed: bin -, int -, cont -)
   (0.6s) no symmetry present (symcode time: 0.03)
presolving (2 rounds: 2 fast, 1 medium, 1 exhaustive):
 334 deleted vars, 314 deleted constraints, 0 added constraints, 294 tightened bounds, 0 added holes, 0 changed sides, 0 changed coefficients
 0 implications, 0 cliques
presolved problem has 59388 variables (0 bin, 0 int, 0 impl, 59388 cont) and 4608 constraints
   4314 constraints of type <linear>
    294 constraints of type <nonlinear>
Presolving Time: 0.45

 time | node  | left  |LP iter|LP it/n|mem/heur|mdpt |vars |cons |rows |cuts |sepa|confs|strbr|  dualbound   | primalbound  |  gap   | compl. 
 69.1s|     1 |     0 | 43813 |     - |   328M |   0 |  59k|4608 |5490 |   0 |  0 |   0 |   0 | 6.918853e+03 |      --      |    Inf | unknown
L 114s|     1 |     0 | 43813 |     - |  subnlp|   0 |  59k|4608 |5490 |   0 |  0 |   0 |   0 | 6.918853e+03 | 9.735049e+03 |  40.70%| unknown
  142s|     1 |     0 | 56637 |     - |   332M |   0 |  59k|4608 |5784 | 294 |  1 |   0 |   0 | 8.915525e+03 | 9.735049e+03 |   9.19%| unknown
  142s|     1 |     0 | 56637 |     - |   332M |   0 |  59k|4608 |5784 | 294 |  1 |   0 |   0 | 8.915525e+03 | 9.735049e+03 |   9.19%| unknown
  166s|     1 |     0 | 67228 |     - |   332M |   0 |  59k|4608 |6073 | 583 |  2 |   0 |   0 | 9.531735e+03 | 9.735049e+03 |   2.13%| unknown
  177s|     1 |     0 | 71824 |     - |   333M |   0 |  59k|4608 |6355 | 865 |  3 |   0 |   0 | 9.679570e+03 | 9.735049e+03 |   0.57%| unknown
  181s|     1 |     0 | 73984 |     - |   333M |   0 |  59k|4608 |6633 |1143 |  4 |   0 |   0 | 9.721661e+03 | 9.735049e+03 |   0.14%| unknown
  185s|     1 |     0 | 75561 |     - |   333M |   0 |  59k|4608 |6906 |1416 |  5 |   0 |   0 | 9.731170e+03 | 9.735049e+03 |   0.04%| unknown
  188s|     1 |     0 | 77113 |     - |   333M |   0 |  59k|4608 |7179 |1689 |  6 |   0 |   0 | 9.734019e+03 | 9.735049e+03 |   0.01%| unknown
  190s|     1 |     0 | 78069 |     - |   333M |   0 |  59k|4608 |7453 |1963 |  7 |   0 |   0 | 9.734790e+03 | 9.735049e+03 |   0.00%| unknown
  192s|     1 |     0 | 78795 |     - |   334M |   0 |  59k|4608 |7726 |2236 |  8 |   0 |   0 | 9.734971e+03 | 9.735049e+03 |   0.00%| unknown
  193s|     1 |     0 | 79547 |     - |   334M |   0 |  59k|4608 |7991 |2501 |  9 |   0 |   0 | 9.735027e+03 | 9.735049e+03 |   0.00%| unknown
  195s|     1 |     0 | 80324 |     - |   334M |   0 |  59k|4608 |8258 |2768 | 10 |   0 |   0 | 9.735043e+03 | 9.735049e+03 |   0.00%| unknown

SCIP Status        : solving was interrupted [gap limit reached]
Solving Time (sec) : 194.84
Solving Nodes      : 1
Primal Bound       : +9.73504854047945e+03 (2 solutions)
Dual Bound         : +9.73504338831322e+03
Gap                : 0.00 %
primal_bound = 9735.048540479445, dual_bound = 9735.043388313225, gap = 5.2923888354256945e-5, time = 197.4
