solving instance mcf arcs c54 3 6 sinabc1
presolving:
(round 1, fast)       550 del vars, 550 del conss, 0 add conss, 520 chg bounds, 0 chg sides, 0 chg coeffs, 0 upgd conss, 0 impls, 0 clqs
   (2.2s) symmetry computation started: requiring (bin +, int +, cont +), (fixed: bin -, int -, cont -)
   (2.7s) no symmetry present (symcode time: 0.13)
presolving (2 rounds: 2 fast, 1 medium, 1 exhaustive):
 580 deleted vars, 550 deleted constraints, 0 added constraints, 520 tightened bounds, 0 added holes, 0 changed sides, 0 changed coefficients
 0 implications, 0 cliques
presolved problem has 209040 variables (0 bin, 0 int, 0 impl, 209040 cont) and 13070 constraints
  12550 constraints of type <linear>
    520 constraints of type <nonlinear>
Presolving Time: 2.21

 time | node  | left  |LP iter|LP it/n|mem/heur|mdpt |vars |cons |rows |cuts |sepa|confs|strbr|  dualbound   | primalbound  |  gap   | compl. 
 1901s|     1 |     0 |370618 |     - |   884M |   0 | 210k|  13k|  15k|   0 |  0 |   0 |   0 | 1.573334e+04 |      --      |    Inf | unknown
t3163s|     1 |     0 |370618 |     - |  trysol|   0 | 210k|  13k|  15k|   0 |  0 |   0 |   0 | 1.573334e+04 | 4.595959e+04 | 192.12%| unknown
 3295s|     1 |     0 |388862 |     - |   893M |   0 | 210k|  13k|  16k| 466 |  1 |   0 |   0 | 1.751673e+04 | 4.595959e+04 | 162.38%| unknown
 3297s|     1 |     0 |388862 |     - |   893M |   0 | 210k|  13k|  16k| 466 |  1 |   0 |   0 | 1.751673e+04 | 4.595959e+04 | 162.38%| unknown
 3390s|     1 |     0 |401247 |     - |   893M |   0 | 210k|  13k|  16k| 885 |  2 |   0 |   0 | 1.792364e+04 | 4.595959e+04 | 156.42%| unknown
 3477s|     1 |     0 |411654 |     - |   894M |   0 | 210k|  13k|  16k|1114 |  3 |   0 |   0 | 1.799480e+04 | 4.595959e+04 | 155.40%| unknown
 3504s|     1 |     0 |414862 |     - |   894M |   0 | 210k|  13k|  16k|1186 |  4 |   0 |   0 | 1.800501e+04 | 4.595959e+04 | 155.26%| unknown
 3506s|     1 |     0 |415157 |     - |   894M |   0 | 210k|  13k|  16k|1201 |  5 |   0 |   0 | 1.800567e+04 | 4.595959e+04 | 155.25%| unknown
 3507s|     1 |     0 |415272 |     - |   894M |   0 | 210k|  13k|  16k|1205 |  6 |   0 |   0 | 1.800573e+04 | 4.595959e+04 | 155.25%| unknown
 3510s|     1 |     0 |415541 |     - |   894M |   0 | 210k|  13k|  16k|1206 |  7 |   0 |   0 | 1.800579e+04 | 4.595959e+04 | 155.25%| unknown

SCIP Status        : solving was interrupted [time limit reached]
Solving Time (sec) : 3600.04
Solving Nodes      : 1
Primal Bound       : +4.59595920315947e+04 (1 solutions)
Dual Bound         : +1.80057884487749e+04
Gap                : 155.25 %
primal_bound = 45959.592031594664, dual_bound = 18005.788448774932, gap = 60.82256684002557, time = 3606.12
