solving instance mcf arcs c100_400_10_F_L_10 3 6 sinabc2
presolving:
(round 1, fast)       500 del vars, 500 del conss, 0 add conss, 405 chg bounds, 0 chg sides, 0 chg coeffs, 0 upgd conss, 0 impls, 0 clqs
(round 2, fast)       600 del vars, 500 del conss, 0 add conss, 405 chg bounds, 0 chg sides, 0 chg coeffs, 0 upgd conss, 0 impls, 0 clqs
   (0.1s) symmetry computation started: requiring (bin +, int +, cont +), (fixed: bin -, int -, cont -)
   (0.2s) no symmetry present (symcode time: 0.01)
presolving (3 rounds: 3 fast, 1 medium, 1 exhaustive):
 600 deleted vars, 500 deleted constraints, 0 added constraints, 405 tightened bounds, 0 added holes, 0 changed sides, 0 changed coefficients
 0 implications, 0 cliques
presolved problem has 4800 variables (0 bin, 0 int, 0 impl, 4800 cont) and 1900 constraints
   1500 constraints of type <linear>
    400 constraints of type <nonlinear>
Presolving Time: 0.15

 time | node  | left  |LP iter|LP it/n|mem/heur|mdpt |vars |cons |rows |cuts |sepa|confs|strbr|  dualbound   | primalbound  |  gap   | compl. 
  7.0s|     1 |     0 | 18123 |     - |    52M |   0 |5987 |1900 |5487 |   0 |  0 |   0 |   0 |-1.066557e+03 |      --      |    Inf | unknown
L 9.3s|     1 |     0 | 18123 |     - |undercov|   0 |5987 |1900 |5487 |   0 |  0 |   0 |   0 |-1.066557e+03 | 8.734017e+03 |    Inf | unknown
L21.2s|     1 |     0 | 18123 |     - |undercov|   0 |5987 |1900 |5487 |   0 |  0 |   0 |   0 |-1.066557e+03 | 6.486161e+03 |    Inf | unknown
 25.5s|     1 |     0 | 28953 |     - |    58M |   0 |5987 |1900 |5870 | 383 |  1 |   0 |   0 | 1.078100e+03 | 6.486161e+03 | 501.63%| unknown
 25.7s|     1 |     0 | 28953 |     - |    58M |   0 |5987 |1900 |5870 | 383 |  1 |   0 |   0 | 1.078100e+03 | 6.486161e+03 | 501.63%| unknown
 27.3s|     1 |     0 | 33471 |     - |    59M |   0 |5987 |1900 |6221 | 734 |  2 |   0 |   0 | 1.226279e+03 | 6.486161e+03 | 428.93%| unknown
 28.2s|     1 |     0 | 36126 |     - |    59M |   0 |5987 |1900 |6427 | 940 |  3 |   0 |   0 | 1.268816e+03 | 6.486161e+03 | 411.20%| unknown
 28.4s|     1 |     0 | 36899 |     - |    59M |   0 |5987 |1900 |6565 |1078 |  4 |   0 |   0 | 1.276160e+03 | 6.486161e+03 | 408.26%| unknown
 28.5s|     1 |     0 | 37143 |     - |    59M |   0 |5987 |1900 |6630 |1143 |  5 |   0 |   0 | 1.277038e+03 | 6.486161e+03 | 407.91%| unknown
 28.5s|     1 |     0 | 37228 |     - |    59M |   0 |5987 |1900 |6659 |1172 |  6 |   0 |   0 | 1.277138e+03 | 6.486161e+03 | 407.87%| unknown
 28.6s|     1 |     0 | 37275 |     - |    59M |   0 |5987 |1900 |6677 |1190 |  7 |   0 |   0 | 1.277173e+03 | 6.486161e+03 | 407.85%| unknown
 28.6s|     1 |     0 | 37302 |     - |    59M |   0 |5987 |1900 |6687 |1200 |  8 |   0 |   0 | 1.277182e+03 | 6.486161e+03 | 407.85%| unknown
 28.6s|     1 |     0 | 37309 |     - |    59M |   0 |5987 |1900 |6692 |1205 |  9 |   0 |   0 | 1.277183e+03 | 6.486161e+03 | 407.85%| unknown
 28.6s|     1 |     0 | 37311 |     - |    59M |   0 |5987 |1900 |6695 |1208 | 10 |   0 |   0 | 1.277183e+03 | 6.486161e+03 | 407.85%| unknown
 28.6s|     1 |     0 | 37314 |     - |    59M |   0 |5987 |1900 |3711 |1210 | 11 |   0 |   0 | 1.277183e+03 | 6.486161e+03 | 407.85%| unknown
 time | node  | left  |LP iter|LP it/n|mem/heur|mdpt |vars |cons |rows |cuts |sepa|confs|strbr|  dualbound   | primalbound  |  gap   | compl. 
 69.2s|     1 |     0 |169657 |     - |    59M |   0 |5987 |1900 |3711 |1210 | 12 |   0 |   0 | 1.574948e+03 | 6.486161e+03 | 311.83%| unknown
 72.8s|     1 |     0 |180521 |     - |    59M |   0 |5987 |1900 |3483 |1386 | 13 |   0 |   0 | 2.272111e+03 | 6.486161e+03 | 185.47%| unknown
 73.9s|     1 |     0 |184547 |     - |    59M |   0 |5987 |1900 |3692 |1595 | 14 |   0 |   0 | 2.405909e+03 | 6.486161e+03 | 169.59%| unknown
 75.1s|     1 |     0 |188523 |     - |    59M |   0 |5987 |1900 |3869 |1772 | 15 |   0 |   0 | 2.506397e+03 | 6.486161e+03 | 158.78%| unknown
 76.2s|     1 |     0 |192501 |     - |    59M |   0 |5987 |1900 |4040 |1943 | 16 |   0 |   0 | 2.554393e+03 | 6.486161e+03 | 153.92%| unknown
 76.7s|     1 |     0 |193926 |     - |    59M |   0 |5987 |1900 |4179 |2082 | 17 |   0 |   0 | 2.575791e+03 | 6.486161e+03 | 151.81%| unknown
 77.0s|     1 |     0 |195033 |     - |    59M |   0 |5987 |1900 |4280 |2183 | 18 |   0 |   0 | 2.580871e+03 | 6.486161e+03 | 151.32%| unknown
 77.2s|     1 |     0 |195498 |     - |    59M |   0 |5987 |1900 |4211 |2249 | 19 |   0 |   0 | 2.582162e+03 | 6.486161e+03 | 151.19%| unknown
 77.3s|     1 |     0 |195979 |     - |    59M |   0 |5987 |1900 |4263 |2301 | 20 |   0 |   0 | 2.582716e+03 | 6.486161e+03 | 151.14%| unknown
 77.3s|     1 |     0 |196052 |     - |    59M |   0 |5987 |1900 |4296 |2334 | 21 |   0 |   0 | 2.582875e+03 | 6.486161e+03 | 151.12%| unknown
 77.4s|     1 |     0 |196075 |     - |    59M |   0 |5987 |1900 |4313 |2351 | 22 |   0 |   0 | 2.582935e+03 | 6.486161e+03 | 151.12%| unknown
 77.4s|     1 |     0 |196107 |     - |    59M |   0 |5987 |1900 |4320 |2358 | 23 |   0 |   0 | 2.582938e+03 | 6.486161e+03 | 151.12%| unknown
 77.4s|     1 |     0 |196132 |     - |    59M |   0 |5987 |1900 |4325 |2363 | 24 |   0 |   0 | 2.582939e+03 | 6.486161e+03 | 151.12%| unknown
 77.4s|     1 |     0 |196142 |     - |    59M |   0 |5987 |1900 |3548 |2369 | 25 |   0 |   0 | 2.582939e+03 | 6.486161e+03 | 151.12%| unknown
 77.4s|     1 |     0 |196146 |     - |    59M |   0 |5987 |1900 |3551 |2372 | 26 |   0 |   0 | 2.582939e+03 | 6.486161e+03 | 151.12%| unknown
 time | node  | left  |LP iter|LP it/n|mem/heur|mdpt |vars |cons |rows |cuts |sepa|confs|strbr|  dualbound   | primalbound  |  gap   | compl. 
 77.5s|     1 |     2 |196146 |     - |    59M |   0 |5987 |1900 |3551 |2372 | 27 |   0 |   0 | 2.582939e+03 | 6.486161e+03 | 151.12%| unknown
  204s|   100 |   101 |614811 |5482.4 |    71M |  12 |5987 |1900 |3975 |  31k|  6 |   0 |   0 | 2.821037e+03 | 6.486161e+03 | 129.92%| unknown
  365s|   200 |   201 |  1126k|5297.4 |    81M |  14 |5987 |1900 |3929 |  62k|  8 |   0 |   0 | 2.954287e+03 | 6.486161e+03 | 119.55%| unknown
  527s|   300 |   301 |  1628k|5206.8 |    88M |  18 |5987 |1900 |3967 |  88k|  8 |   0 |   0 | 3.011235e+03 | 6.486161e+03 | 115.40%| unknown
  674s|   400 |   401 |  2082k|5039.0 |    96M |  18 |5987 |1900 |4276 | 111k|  8 |   0 |   0 | 3.108844e+03 | 6.486161e+03 | 108.64%| unknown
  796s|   500 |   501 |  2448k|4763.1 |   102M |  19 |5987 |1900 |3855 | 131k|  7 |   0 |   0 | 3.108844e+03 | 6.486161e+03 | 108.64%| unknown
d 918s|   570 |   569 |  2795k|4785.9 |adaptive|  19 |5987 |1900 |4025 | 149k|  0 |   0 |   0 | 3.179596e+03 | 6.459753e+03 | 103.16%| unknown
  964s|   600 |   601 |  2936k|4782.5 |   110M |  19 |5987 |1900 |4370 | 156k|  6 |   0 |   0 | 3.179596e+03 | 6.459753e+03 | 103.16%| unknown
 1105s|   700 |   701 |  3360k|4705.2 |   119M |  23 |5987 |1900 |4210 | 178k| 11 |   0 |   0 | 3.222842e+03 | 6.459753e+03 | 100.44%| unknown
 1262s|   800 |   801 |  3831k|4705.6 |   126M |  23 |5987 |1900 |4195 | 201k|  8 |   0 |   0 | 3.234079e+03 | 6.459753e+03 |  99.74%| unknown
 1409s|   900 |   901 |  4275k|4675.5 |   135M |  23 |5987 |1900 |4018 | 223k| 14 |   0 |   0 | 3.260846e+03 | 6.459753e+03 |  98.10%| unknown
 1547s|  1000 |  1001 |  4689k|4621.7 |   141M |  23 |5987 |1900 |4219 | 244k| 11 |   0 |   0 | 3.269764e+03 | 6.459753e+03 |  97.56%| unknown
 1689s|  1100 |  1101 |  5107k|4581.9 |   148M |  26 |5987 |1900 |4347 | 265k|  8 |   0 |   0 | 3.295612e+03 | 6.459753e+03 |  96.01%| unknown
 1836s|  1200 |  1201 |  5552k|4570.5 |   155M |  26 |5987 |1900 |4046 | 287k|  9 |   0 |   0 | 3.318922e+03 | 6.459753e+03 |  94.63%| unknown
 1976s|  1300 |  1301 |  5968k|4539.1 |   162M |  26 |5987 |1900 |4058 | 308k|  7 |   0 |   0 | 3.320135e+03 | 6.459753e+03 |  94.56%| unknown
 time | node  | left  |LP iter|LP it/n|mem/heur|mdpt |vars |cons |rows |cuts |sepa|confs|strbr|  dualbound   | primalbound  |  gap   | compl. 
 2116s|  1400 |  1401 |  6386k|4513.9 |   169M |  26 |5987 |1900 |4333 | 330k|  9 |   0 |   0 | 3.339784e+03 | 6.459753e+03 |  93.42%| unknown
 2251s|  1500 |  1501 |  6779k|4474.4 |   175M |  27 |5987 |1900 |4420 | 349k|  7 |   0 |   0 | 3.351881e+03 | 6.459753e+03 |  92.72%| unknown
 2395s|  1600 |  1601 |  7205k|4461.2 |   185M |  27 |5987 |1900 |4378 | 370k|  9 |   0 |   0 | 3.374156e+03 | 6.459753e+03 |  91.45%| unknown
 2544s|  1700 |  1701 |  7647k|4458.9 |   192M |  27 |5987 |1900 |4557 | 391k|  9 |   0 |   0 | 3.376724e+03 | 6.459753e+03 |  91.30%| unknown
 2677s|  1800 |  1801 |  8041k|4430.1 |   197M |  27 |5987 |1900 |4278 | 412k|  8 |   0 |   0 | 3.397549e+03 | 6.459753e+03 |  90.13%| unknown
 2807s|  1900 |  1901 |  8419k|4395.7 |   204M |  27 |5987 |1900 |4487 | 431k|  7 |   0 |   0 | 3.412542e+03 | 6.459753e+03 |  89.29%| unknown
 2943s|  2000 |  2001 |  8820k|4376.4 |   211M |  27 |5987 |1900 |4332 | 451k|  8 |   0 |   0 | 3.418028e+03 | 6.459753e+03 |  88.99%| unknown
 3073s|  2100 |  2101 |  9201k|4349.3 |   216M |  27 |5987 |1900 |4400 | 470k|  8 |   0 |   0 | 3.430116e+03 | 6.459753e+03 |  88.32%| unknown
 3203s|  2200 |  2201 |  9577k|4322.5 |   222M |  27 |5987 |1900 |4051 | 488k|  7 |   0 |   0 | 3.437688e+03 | 6.459753e+03 |  87.91%| unknown
d3225s|  2205 |  2206 |  9601k|4323.5 |adaptive|  27 |5987 |1900 |4451 | 490k|  9 |   0 |   0 | 3.437688e+03 | 6.192877e+03 |  80.15%| unknown
 3354s|  2300 |  2301 |  9976k|4308.2 |   231M |  31 |5987 |1900 |4546 | 507k|  7 |   0 |   0 | 3.448101e+03 | 6.192877e+03 |  79.60%| unknown
 3499s|  2400 |  2401 | 10394k|4302.8 |   239M |  31 |5987 |1900 |4702 | 527k|  8 |   0 |   0 | 3.451932e+03 | 6.192877e+03 |  79.40%| unknown

SCIP Status        : solving was interrupted [time limit reached]
Solving Time (sec) : 3600.00
Solving Nodes      : 2467
Primal Bound       : +6.19287705939914e+03 (5 solutions)
Dual Bound         : +3.46202707444156e+03
Gap                : 78.88 %
primal_bound = 6192.877059399137, dual_bound = 3462.027074441562, gap = 44.09662841300672, time = 3603.07
