solving instance mcnd nodes c35 3 6 cubic
Set parameter TokenServer to value "licences.gerad.lan"
Set parameter TokenServer to value "licences.gerad.lan"
Set parameter TokenServer to value "licences.gerad.lan"
Set parameter FeasibilityTol to value 1e-09
Set parameter MIPGap to value 1e-09
Set parameter Threads to value 1
Set parameter OptimalityTol to value 1e-09
Set parameter IntFeasTol to value 1e-09
Set parameter TimeLimit to value 3590.32145011
translating piece by -8.281724484504593e-5
translating piece by -0.00027838743108077324
translating piece by -0.00014665586047613033
translating piece by -0.00014958902920625405
translating piece by -0.00040131813193511334
translating piece by -0.00024413891082986083
translating piece by -9.170283510684385e-5
translating piece by -0.00022826532688213774
translating piece by -0.00011559916140413407
translating piece by -0.0002777834267817525
translating piece by -1.8547663216850196e-5
translating piece by -0.00024008443847378658
translating piece by -0.00041676130945234036
translating piece by -0.0001576120564550365
translating piece by -0.00023827294035072555
translating piece by -0.00015286745849607541
translating piece by -0.0004712826557806693
translating piece by -8.807971914848167e-5
translating piece by -0.0002670861763363064
translating piece by -0.0003284228780557896
Iteration 1	LB = -1.0e20	UB = 1.0e20	CPU = 10.678549890000001, #pieces = 100
WRITING LOG...
(-1.0e20, 1.0e20, -1.0, 0.0, 200.0, 200.0, 100, 1, 3590.392346604, 3601.0709678320004)
