2023/05/23
Julia is now 1.9.4
previous version was 1.9.0
2023/11/29
gurobi is now 11.0.0
previous version was 10.0.2
solving instance mcf c38 3 6 sqrt
===========================================================================
 BARON version 23.11.13. Built: LNX-64 Mon Nov 13 23:14:09 EST 2023

 BARON is a product of The Optimization Firm.
 For information on BARON, see https://minlp.com/about-baron
 Licensee: Claudio Contardo at Concordia University, claudio.contardo@concordia.ca.

 If you use this software, please cite publications from
 https://minlp.com/baron-publications, such as: 

 Khajavirad, A. and N. V. Sahinidis,
 A hybrid LP/NLP paradigm for global optimization relaxations,
 Mathematical Programming Computation, 10, 383-421, 2018.
===========================================================================
 This BARON run may utilize the following subsolver(s)
 For LP/MIP/QP: CLP/CBC, ILOG CPLEX                             
 For NLP: IPOPT, FILTERSQP
===========================================================================
 Doing local search
 Solving bounding LP
 Preprocessing found feasible solution with value 0.200000E+12
 Starting multi-start local search
 Preprocessing found feasible solution with value 13126.9
 Estimated remaining time for local search is 27 secs
 Done with local search
===========================================================================
  Iteration    Open nodes         Time (s)    Lower bound      Upper bound
          1             0           180.99      13126.9          13126.9       

                         *** Normal completion ***            

 Wall clock time:                   182.03
 Total CPU time used:               180.99

 Total no. of BaR iterations:       1
 Best solution found at node:      -1
 Max. no. of nodes in memory:       1
 
 All done
===========================================================================
primal_bound = 13126.9007687, dual_bound = 13126.8876418, gap = 9.999999413956341e-5, time = 185.89
