2023/11/29
gurobi is now 11.0.0
previous version was 10.0.2
solving instance knapsack 50 9 cubic
The latest version of Julia in the `1.10` channel is 1.10.6+0.x64.linux.gnu. You currently have `1.10.5+0.x64.linux.gnu` installed. Run:

  juliaup update

in your terminal shell to install Julia 1.10.6+0.x64.linux.gnu and update the `1.10` channel to that version.
Set parameter TokenServer to value "licences.gerad.lan"
Set parameter TokenServer to value "licences.gerad.lan"
Set parameter TokenServer to value "licences.gerad.lan"
Set parameter FeasibilityTol to value 1e-09
Set parameter MIPGap to value 1e-09
Set parameter Threads to value 1
Set parameter OptimalityTol to value 1e-09
Set parameter IntFeasTol to value 1e-09
Set parameter TimeLimit to value 2199.173500752
-1.0 * eval(exprs[k, count])
-1.0 * eval(exprs[k, count])
-1.0 * eval(exprs[k, count])
-1.0 * eval(exprs[k, count])
-1.0 * eval(exprs[k, count])
-1.0 * eval(exprs[k, count])
-1.0 * eval(exprs[k, count])
-1.0 * eval(exprs[k, count])
-1.0 * eval(exprs[k, count])
-1.0 * eval(exprs[k, count])
-1.0 * eval(exprs[k, count])
-1.0 * eval(exprs[k, count])
-1.0 * eval(exprs[k, count])
-1.0 * eval(exprs[k, count])
-1.0 * eval(exprs[k, count])
-1.0 * eval(exprs[k, count])
-1.0 * eval(exprs[k, count])
-1.0 * eval(exprs[k, count])
-1.0 * eval(exprs[k, count])
-1.0 * eval(exprs[k, count])
-1.0 * eval(exprs[k, count])
-1.0 * eval(exprs[k, count])
-1.0 * eval(exprs[k, count])
-1.0 * eval(exprs[k, count])
-1.0 * eval(exprs[k, count])
-1.0 * eval(exprs[k, count])
-1.0 * eval(exprs[k, count])
-1.0 * eval(exprs[k, count])
-1.0 * eval(exprs[k, count])
-1.0 * eval(exprs[k, count])
-1.0 * eval(exprs[k, count])
-1.0 * eval(exprs[k, count])
-1.0 * eval(exprs[k, count])
-1.0 * eval(exprs[k, count])
-1.0 * eval(exprs[k, count])
-1.0 * eval(exprs[k, count])
-1.0 * eval(exprs[k, count])
-1.0 * eval(exprs[k, count])
-1.0 * eval(exprs[k, count])
-1.0 * eval(exprs[k, count])
-1.0 * eval(exprs[k, count])
-1.0 * eval(exprs[k, count])
-1.0 * eval(exprs[k, count])
-1.0 * eval(exprs[k, count])
-1.0 * eval(exprs[k, count])
-1.0 * eval(exprs[k, count])
-1.0 * eval(exprs[k, count])
-1.0 * eval(exprs[k, count])
-1.0 * eval(exprs[k, count])
-1.0 * eval(exprs[k, count])
Iteration 1	LB = -1.0e20	UB = 1.0e20	CPU = 1401.8264992480001, #pieces = 47650
WRITING LOG...
(-1774.5147786890332, -1774.514432040068, 0.0, 0.0, 1.953486311221527e-5, 1.953486311221527e-5, 47650, 1, 35.695796392000005, 1437.522557539)
