2023/11/29
gurobi is now 11.0.0
previous version was 10.0.2
solving instance knapsack 50 4 sinabc2
The latest version of Julia in the `1.10` channel is 1.10.6+0.x64.linux.gnu. You currently have `1.10.5+0.x64.linux.gnu` installed. Run:

  juliaup update

in your terminal shell to install Julia 1.10.6+0.x64.linux.gnu and update the `1.10` channel to that version.
Set parameter TokenServer to value "licences.gerad.lan"
Set parameter TokenServer to value "licences.gerad.lan"
Set parameter TokenServer to value "licences.gerad.lan"
Set parameter FeasibilityTol to value 1e-09
Set parameter MIPGap to value 1e-09
Set parameter Threads to value 1
Set parameter OptimalityTol to value 1e-09
Set parameter IntFeasTol to value 1e-09
Set parameter TimeLimit to value 3352.085795535
-1.0 * eval(exprs[k, count])
-1.0 * eval(exprs[k, count])
-1.0 * eval(exprs[k, count])
-1.0 * eval(exprs[k, count])
-1.0 * eval(exprs[k, count])
-1.0 * eval(exprs[k, count])
-1.0 * eval(exprs[k, count])
-1.0 * eval(exprs[k, count])
-1.0 * eval(exprs[k, count])
-1.0 * eval(exprs[k, count])
-1.0 * eval(exprs[k, count])
-1.0 * eval(exprs[k, count])
-1.0 * eval(exprs[k, count])
-1.0 * eval(exprs[k, count])
-1.0 * eval(exprs[k, count])
-1.0 * eval(exprs[k, count])
-1.0 * eval(exprs[k, count])
-1.0 * eval(exprs[k, count])
-1.0 * eval(exprs[k, count])
-1.0 * eval(exprs[k, count])
-1.0 * eval(exprs[k, count])
-1.0 * eval(exprs[k, count])
-1.0 * eval(exprs[k, count])
-1.0 * eval(exprs[k, count])
-1.0 * eval(exprs[k, count])
-1.0 * eval(exprs[k, count])
-1.0 * eval(exprs[k, count])
-1.0 * eval(exprs[k, count])
-1.0 * eval(exprs[k, count])
-1.0 * eval(exprs[k, count])
-1.0 * eval(exprs[k, count])
-1.0 * eval(exprs[k, count])
-1.0 * eval(exprs[k, count])
-1.0 * eval(exprs[k, count])
-1.0 * eval(exprs[k, count])
-1.0 * eval(exprs[k, count])
-1.0 * eval(exprs[k, count])
-1.0 * eval(exprs[k, count])
-1.0 * eval(exprs[k, count])
-1.0 * eval(exprs[k, count])
-1.0 * eval(exprs[k, count])
-1.0 * eval(exprs[k, count])
-1.0 * eval(exprs[k, count])
-1.0 * eval(exprs[k, count])
-1.0 * eval(exprs[k, count])
-1.0 * eval(exprs[k, count])
-1.0 * eval(exprs[k, count])
-1.0 * eval(exprs[k, count])
-1.0 * eval(exprs[k, count])
-1.0 * eval(exprs[k, count])
translating piece by 7.482817775406048e-7
translating piece by 7.482817722115342e-7
translating piece by 7.482817769299821e-7
translating piece by 7.482817739878911e-7
translating piece by 7.482817783177609e-7
translating piece by 7.48281778373272e-7
translating piece by 7.482817728776681e-7
translating piece by 7.482817738213576e-7
translating piece by 7.48281774709536e-7
translating piece by 7.482817844794987e-7
translating piece by 7.482817732662461e-7
translating piece by 7.482817773740713e-7
translating piece by 7.482817725446012e-7
translating piece by 7.48281774320958e-7
translating piece by 7.482817755977145e-7
translating piece by 7.482817723780677e-7
translating piece by 7.482817752646476e-7
translating piece by 7.482817727111346e-7
translating piece by 7.482817777071382e-7
translating piece by 7.482817744874914e-7
translating piece by 7.482817760973148e-7
translating piece by 7.482817723225565e-7
translating piece by 7.482817792059393e-7
translating piece by 7.482817805937181e-7
translating piece by 7.482817697135324e-7
translating piece by 7.482817737103353e-7
translating piece by 7.482817729886904e-7
translating piece by 7.482817763748706e-7
translating piece by 7.482817784842943e-7
translating piece by 7.48281777263049e-7
translating piece by 7.482817786508278e-7
translating piece by 7.482817736548242e-7
translating piece by 7.48281774320958e-7
translating piece by 7.482817726556235e-7
translating piece by 7.482817723780677e-7
translating piece by 7.482817730997127e-7
translating piece by 7.482817709347778e-7
translating piece by 7.482817739323799e-7
translating piece by 7.482817732662461e-7
translating piece by 7.482817748205584e-7
translating piece by 7.482817727111346e-7
translating piece by 7.482817758752702e-7
translating piece by 7.482817709902889e-7
translating piece by 7.48281777984694e-7
translating piece by 7.482817711568224e-7
translating piece by 7.482817734327796e-7
translating piece by 7.482817756532256e-7
translating piece by 7.482817713233558e-7
translating piece by 7.48281774320958e-7
translating piece by 7.482817762083371e-7
Iteration 1	LB = -1.0e20	UB = 1.0e20	CPU = 248.914204465, #pieces = 83250
WRITING LOG...
(-1646.1665778854085, -1646.1648659240886, 0.0, 0.0, 0.00010399695409057015, 0.00010399695409057015, 83250, 1, 93.28273263700001, 342.19712781600003)
