solving instance mcnd arcs c25_100_30_F_L_5 3 6 sinabc3
Set parameter TokenServer to value "licences.gerad.lan"
Set parameter TokenServer to value "licences.gerad.lan"
Set parameter TokenServer to value "licences.gerad.lan"
Set parameter FeasibilityTol to value 1e-09
Set parameter MIPGap to value 1e-09
Set parameter Threads to value 1
Set parameter OptimalityTol to value 1e-09
Set parameter IntFeasTol to value 1e-09
Set parameter TimeLimit to value 2926.67968266
translating piece by -4.6323313085849804e-5
translating piece by -1.0822561307577416e-5
translating piece by -3.388592055841855e-5
translating piece by -7.793244321874226e-6
translating piece by -1.4588889058586574e-5
translating piece by -3.3562191674718633e-6
translating piece by -3.531348835394965e-5
translating piece by -8.121763016788464e-6
translating piece by -2.4928411470170886e-5
translating piece by -5.733650823458447e-6
translating piece by -0.00021287853928697587
translating piece by -4.89668054797221e-5
translating piece by -3.0831403961428805e-5
translating piece by -7.090989356584032e-6
translating piece by -2.2012648535962853e-5
translating piece by -5.612136817489954e-6
translating piece by -1.6381293725942214e-5
translating piece by -3.7677214663744962e-6
translating piece by -2.096945594587396e-5
translating piece by -4.821379889108357e-6
translating piece by -5.503128943473712e-5
translating piece by -1.630254428164335e-5
translating piece by -3.3857703044759546e-5
translating piece by -8.570587283429631e-6
translating piece by -0.00021327963338535483
translating piece by -5.2325544857012574e-5
translating piece by -3.7039302867469814e-5
translating piece by -8.516009643244615e-6
translating piece by -2.67212453763932e-6
translating piece by -4.774608350999188e-5
translating piece by -2.89649267273262e-5
translating piece by -6.659751534243696e-6
translating piece by -2.706996640711168e-5
translating piece by -6.849640840300708e-6
translating piece by -2.5167331536124493e-5
translating piece by -5.78758545088931e-6
translating piece by -2.8924647878625365e-5
translating piece by -6.654135631833924e-6
translating piece by -3.5391478988344716e-5
translating piece by -8.1427632494524e-6
translating piece by -0.0002136073055680754
translating piece by -5.4038476264395285e-5
translating piece by -1.4490505272135579e-5
translating piece by -3.3324105288556893e-6
translating piece by -1.873239877170363e-5
translating piece by -4.308927429974574e-6
translating piece by -0.00021307225938471674
translating piece by -4.901674674329115e-5
translating piece by -4.7049330859749716e-5
translating piece by -1.0825003187164839e-5
translating piece by -4.538230840012147e-6
translating piece by -7.82220342898654e-6
translating piece by -0.00021266296755584335
translating piece by -4.889947740593925e-5
translating piece by -2.036801191707127e-5
translating piece by -1.3412954899649776e-5
translating piece by -0.00021263776545765722
translating piece by -4.8891610276768915e-5
translating piece by -3.7108589921786006e-5
translating piece by -8.53410540457844e-6
translating piece by -3.097639080351655e-5
translating piece by -7.122501983758411e-6
translating piece by -2.625635330844034e-5
translating piece by -6.040193852641096e-6
translating piece by -2.6299973143295574e-5
translating piece by -6.048211616871413e-6
translating piece by -1.4703067336085951e-5
translating piece by -3.828790522675263e-5
translating piece by -2.4009428891247353e-5
translating piece by -6.119650890923367e-6
translating piece by -0.00021264712961510668
translating piece by -4.8894518840825185e-5
translating piece by -4.158774379448005e-5
translating piece by -1.0602470410958631e-5
translating piece by -3.51132703571011e-5
translating piece by -8.076480980889755e-6
translating piece by -0.00021265785960622452
translating piece by -4.889786760031711e-5
translating piece by -1.368864573692008e-5
translating piece by -3.3585440633032704e-6
translating piece by -3.556250339897815e-5
translating piece by -8.725033580958552e-6
translating piece by -4.528228713240878e-5
translating piece by -1.041898497078364e-5
translating piece by -3.186730013737815e-5
translating piece by -8.062661549956829e-6
translating piece by -0.00012798580132766801
translating piece by -0.00011060813449148554
translating piece by -3.77482207909452e-5
translating piece by -8.683792543706659e-6
translating piece by -4.454500412975904e-6
translating piece by -5.693810862794635e-7
translating piece by -2.4246055140508815e-5
translating piece by -5.5757249697308e-6
translating piece by -0.00021268431328280712
translating piece by -4.890613126917742e-5
translating piece by -1.5571892312493674e-5
translating piece by -3.5804940807793173e-6
translating piece by -4.584065271728832e-5
translating piece by -1.0540615107856866e-5
translating piece by -1.1580377119457808e-5
translating piece by -7.359251299021707e-6
translating piece by -8.96461198252041e-6
translating piece by -2.0617824247892713e-6
translating piece by -0.00021278391204759828
translating piece by -4.893722871202044e-5
translating piece by -1.4523866013860243e-5
translating piece by -3.3393920944035926e-6
translating piece by -3.923107655623426e-5
translating piece by -9.021114237839356e-6
translating piece by -1.9796723364606805e-5
translating piece by -4.554143629320606e-6
translating piece by -2.9787226765165542e-5
translating piece by -6.851043735878193e-6
translating piece by -0.00021306085272954078
translating piece by -4.90132315462688e-5
translating piece by -2.286755776026439e-5
translating piece by -5.258947965103289e-6
translating piece by -3.031372818895761e-5
translating piece by -6.970694926167198e-6
translating piece by -1.747745375979548e-5
translating piece by -4.020407970983797e-6
translating piece by -1.0006763499603721e-5
translating piece by -2.531637619540561e-6
translating piece by -0.00021282482816786796
translating piece by -4.8950023483484983e-5
translating piece by -4.477405296654524e-5
translating piece by -1.0300516692041128e-5
translating piece by -3.944817733270156e-5
translating piece by -9.07664957594534e-6
translating piece by -1.2682998033142212e-5
translating piece by -2.916195342095307e-6
translating piece by -8.042564441979039e-6
translating piece by -1.8496823201985535e-6
translating piece by -0.00021383190573942557
translating piece by -5.451504239317728e-5
translating piece by -4.053445128704425e-5
translating piece by -9.321364814240951e-6
translating piece by -1.113513822659229e-5
translating piece by -2.560343801860654e-6
translating piece by -4.14163840503079e-5
translating piece by -1.0477772775630001e-5
translating piece by -0.0002127147773762772
translating piece by -4.891564003628446e-5
translating piece by -3.40489339407668e-5
translating piece by -7.830283720977604e-6
translating piece by -5.040622018270824e-5
translating piece by -1.1590630720093031e-5
translating piece by -1.5052717564856266e-5
translating piece by -3.46318171295934e-6
translating piece by -3.19969454949387e-5
translating piece by -7.85052952778642e-6
translating piece by -0.00021398749470336043
translating piece by -5.454183337860741e-5
translating piece by -3.08991351403165e-5
translating piece by -7.105247163963213e-6
translating piece by -3.841065880294536e-5
translating piece by -8.83890697878087e-6
translating piece by -3.273479356380449e-5
translating piece by -7.530215498263715e-6
translating piece by -1.3022301843079731e-5
translating piece by -2.9945455253255204e-6
translating piece by -4.6409413016590406e-5
translating piece by -1.082327617041301e-5
translating piece by -1.758917100147528e-5
translating piece by -4.044988997975452e-6
translating piece by -2.114002227671108e-5
translating piece by -4.863253025177983e-6
translating piece by -1.370197282568597e-5
translating piece by -3.151663577227737e-6
translating piece by -0.0002138762231425062
translating piece by -5.452265941130463e-5
translating piece by -1.628483599347419e-5
translating piece by -3.7445190628204728e-6
translating piece by -2.1955964498943104e-5
translating piece by -5.553412790959555e-6
translating piece by -0.00021289194137352752
translating piece by -4.897100461676018e-5
translating piece by -4.574483725150458e-7
translating piece by -3.737785505109059e-6
translating piece by -5.899389968533342e-6
translating piece by -1.3200449302530615e-6
translating piece by -0.00021267761064791557
translating piece by -4.890403579338454e-5
translating piece by -3.0858275117395806e-6
translating piece by -1.8771747818391304e-6
translating piece by -6.745171486244317e-6
translating piece by -1.5514096105562203e-6
translating piece by -1.202580808978837e-5
translating piece by -2.766111634855406e-6
translating piece by -3.934694585439047e-5
translating piece by -9.050502285390394e-6
translating piece by -0.0002128248825101764
translating piece by -4.89500316689373e-5
translating piece by -1.928019088381916e-5
translating piece by -4.43513818026986e-6
translating piece by -2.09473493342216e-5
translating piece by -4.8179202849496505e-6
translating piece by -7.5775905266084465e-6
translating piece by -1.7423991494069924e-6
Iteration 1	LB = -1.0e20	UB = 1.0e20	CPU = 674.3203173400001, #pieces = 292700
WRITING LOG...
(-1.0e20, 1.0e20, -1.0, 0.0, 200.0, 200.0, 292700, 1, 2927.153130685, 3601.473518831)
