solving instance uflp nlass gunluk ../../../../../instances/uflp/gunluk/gunluk-10-20-2.txt sqrt
The latest version of Julia in the `1.10` channel is 1.10.6+0.x64.linux.gnu. You currently have `1.10.5+0.x64.linux.gnu` installed. Run:

  juliaup update

in your terminal shell to install Julia 1.10.6+0.x64.linux.gnu and update the `1.10` channel to that version.
Set parameter TokenServer to value "licences.gerad.lan"
Set parameter TokenServer to value "licences.gerad.lan"
Set parameter TokenServer to value "licences.gerad.lan"
Set parameter FeasibilityTol to value 1e-09
Set parameter MIPGap to value 1e-09
Set parameter Threads to value 1
Set parameter OptimalityTol to value 1e-09
Set parameter IntFeasTol to value 1e-09
Set parameter TimeLimit to value 3599.937126272
reading gunluk data file ../../../../../instances/uflp/gunluk/gunluk-10-20-2.txt
36.486780615739065 * sqrt(1.0x)
14.798803807363578 * sqrt(1.0x)
24.012056611703763 * sqrt(1.0x)
12.09286931392438 * sqrt(1.0x)
5.889585441399073 * sqrt(1.0x)
17.62634868444555 * sqrt(1.0x)
29.791843939497852 * sqrt(1.0x)
21.68410241424629 * sqrt(1.0x)
24.116565581358334 * sqrt(1.0x)
30.682938020207523 * sqrt(1.0x)
5.412938399600874 * sqrt(1.0x)
19.92508668828518 * sqrt(1.0x)
29.250672489053496 * sqrt(1.0x)
36.47876507057891 * sqrt(1.0x)
32.22005549128214 * sqrt(1.0x)
13.676986607609699 * sqrt(1.0x)
20.085082463705646 * sqrt(1.0x)
9.501316342327879 * sqrt(1.0x)
25.87106335411044 * sqrt(1.0x)
7.3403801859319895 * sqrt(1.0x)
36.593575736676435 * sqrt(1.0x)
31.964976320388793 * sqrt(1.0x)
3.8530330867750826 * sqrt(1.0x)
17.2147656268534 * sqrt(1.0x)
20.279173204876397 * sqrt(1.0x)
27.38397573251754 * sqrt(1.0x)
15.957463777770098 * sqrt(1.0x)
28.38956642162144 * sqrt(1.0x)
7.335833475492144 * sqrt(1.0x)
27.26645434036255 * sqrt(1.0x)
23.714752809413483 * sqrt(1.0x)
30.686961801242223 * sqrt(1.0x)
13.056642938337419 * sqrt(1.0x)
29.12494761635969 * sqrt(1.0x)
28.896866581756015 * sqrt(1.0x)
23.549141065234615 * sqrt(1.0x)
2.475035544928907 * sqrt(1.0x)
22.033335732450702 * sqrt(1.0x)
10.062864237412496 * sqrt(1.0x)
14.786480046364906 * sqrt(1.0x)
8.406434848790106 * sqrt(1.0x)
19.513717668977506 * sqrt(1.0x)
24.91185920221741 * sqrt(1.0x)
33.08494636260103 * sqrt(1.0x)
29.29343167153526 * sqrt(1.0x)
12.330983572085492 * sqrt(1.0x)
15.792529277647413 * sqrt(1.0x)
8.392056335984313 * sqrt(1.0x)
21.504818021319565 * sqrt(1.0x)
3.774945926916587 * sqrt(1.0x)
43.97228770866241 * sqrt(1.0x)
42.913416357408046 * sqrt(1.0x)
13.97295247993996 * sqrt(1.0x)
26.80809419275208 * sqrt(1.0x)
30.90946468960511 * sqrt(1.0x)
37.825159439104894 * sqrt(1.0x)
21.798675957698617 * sqrt(1.0x)
38.25713776359151 * sqrt(1.0x)
16.376044619949585 * sqrt(1.0x)
34.688864639752595 * sqrt(1.0x)
9.867063782263887 * sqrt(1.0x)
28.465805920271453 * sqrt(1.0x)
26.116635473615563 * sqrt(1.0x)
38.28059369191508 * sqrt(1.0x)
35.635150535624916 * sqrt(1.0x)
21.054272499330022 * sqrt(1.0x)
14.057025522637295 * sqrt(1.0x)
17.362082599001646 * sqrt(1.0x)
22.582579251454263 * sqrt(1.0x)
5.857368839275388 * sqrt(1.0x)
42.76732105757482 * sqrt(1.0x)
43.643419639676544 * sqrt(1.0x)
14.790065374799347 * sqrt(1.0x)
29.204511938789103 * sqrt(1.0x)
32.87518423468087 * sqrt(1.0x)
38.111499130615236 * sqrt(1.0x)
20.6013287283772 * sqrt(1.0x)
38.177793289279876 * sqrt(1.0x)
16.580855383965584 * sqrt(1.0x)
33.62023977818353 * sqrt(1.0x)
20.47142669319214 * sqrt(1.0x)
24.520453422714034 * sqrt(1.0x)
46.9925551091394 * sqrt(1.0x)
48.83990586295139 * sqrt(1.0x)
43.018133381507845 * sqrt(1.0x)
24.373411873594645 * sqrt(1.0x)
39.68062975684841 * sqrt(1.0x)
22.39167463982386 * sqrt(1.0x)
43.978582415596335 * sqrt(1.0x)
27.24526914619561 * sqrt(1.0x)
44.56560569143906 * sqrt(1.0x)
42.961255936924395 * sqrt(1.0x)
14.094464361123782 * sqrt(1.0x)
26.306756523394263 * sqrt(1.0x)
30.562955953345266 * sqrt(1.0x)
38.01434270399932 * sqrt(1.0x)
22.42631999354448 * sqrt(1.0x)
38.55228737511884 * sqrt(1.0x)
16.661146407303 * sqrt(1.0x)
35.257289889337365 * sqrt(1.0x)
36.9604423574065 * sqrt(1.0x)
21.42110015819152 * sqrt(1.0x)
15.148559857214918 * sqrt(1.0x)
4.485034090815203 * sqrt(1.0x)
4.537302200642056 * sqrt(1.0x)
20.576243418627726 * sqrt(1.0x)
24.04564417635821 * sqrt(1.0x)
23.70408984429659 * sqrt(1.0x)
16.306562669954296 * sqrt(1.0x)
29.192422678699575 * sqrt(1.0x)
31.779503924559137 * sqrt(1.0x)
31.428798218983594 * sqrt(1.0x)
4.361522963439302 * sqrt(1.0x)
21.868648048487778 * sqrt(1.0x)
23.514288138346153 * sqrt(1.0x)
25.6572694457525 * sqrt(1.0x)
10.114965643707983 * sqrt(1.0x)
25.74550811621496 * sqrt(1.0x)
4.254307103453506 * sqrt(1.0x)
22.414253417022458 * sqrt(1.0x)
39.518528027241715 * sqrt(1.0x)
29.12682505302652 * sqrt(1.0x)
9.591365529020388 * sqrt(1.0x)
9.332924295366551 * sqrt(1.0x)
13.678877151136573 * sqrt(1.0x)
26.393844203846946 * sqrt(1.0x)
21.67310236979869 * sqrt(1.0x)
28.541219203442076 * sqrt(1.0x)
12.466394352105347 * sqrt(1.0x)
30.6431712781718 * sqrt(1.0x)
23.950274559728783 * sqrt(1.0x)
25.06395587078532 * sqrt(1.0x)
8.936815148816759 * sqrt(1.0x)
22.804585375882084 * sqrt(1.0x)
22.15009293110932 * sqrt(1.0x)
18.494960126055783 * sqrt(1.0x)
4.944793035745597 * sqrt(1.0x)
17.98021339731522 * sqrt(1.0x)
5.386757525501651 * sqrt(1.0x)
14.592135369849984 * sqrt(1.0x)
32.85366502243211 * sqrt(1.0x)
21.684291526984925 * sqrt(1.0x)
9.674226004051938 * sqrt(1.0x)
9.654526541846835 * sqrt(1.0x)
9.770248297794147 * sqrt(1.0x)
18.71296590531623 * sqrt(1.0x)
18.127910375123616 * sqrt(1.0x)
21.002512051311193 * sqrt(1.0x)
10.374613227601543 * sqrt(1.0x)
24.461151562551812 * sqrt(1.0x)
11.83280101118822 * sqrt(1.0x)
13.356447104418578 * sqrt(1.0x)
28.00878216959394 * sqrt(1.0x)
32.11062886129945 * sqrt(1.0x)
27.203383730762315 * sqrt(1.0x)
7.727406760237848 * sqrt(1.0x)
21.483395809944845 * sqrt(1.0x)
3.9821211929982407 * sqrt(1.0x)
24.98791896920512 * sqrt(1.0x)
11.122244294831917 * sqrt(1.0x)
5.935245003951698 * sqrt(1.0x)
30.509301901520946 * sqrt(1.0x)
33.585571213187556 * sqrt(1.0x)
44.42205111284023 * sqrt(1.0x)
41.037133475756285 * sqrt(1.0x)
23.89617342217287 * sqrt(1.0x)
21.78562400088505 * sqrt(1.0x)
19.748538425324675 * sqrt(1.0x)
30.035340053857002 * sqrt(1.0x)
10.854029805487349 * sqrt(1.0x)
34.518366966130024 * sqrt(1.0x)
35.94731961029281 * sqrt(1.0x)
8.320023988540765 * sqrt(1.0x)
25.40363779847757 * sqrt(1.0x)
27.657154530333944 * sqrt(1.0x)
30.006466756015037 * sqrt(1.0x)
12.32330697411358 * sqrt(1.0x)
29.83262518739538 * sqrt(1.0x)
8.816013338079678 * sqrt(1.0x)
25.280089594940453 * sqrt(1.0x)
17.865519351148585 * sqrt(1.0x)
14.769769689004992 * sqrt(1.0x)
38.2527729430295 * sqrt(1.0x)
39.0064439349747 * sqrt(1.0x)
33.15907222375111 * sqrt(1.0x)
14.83267602456089 * sqrt(1.0x)
32.51706354615522 * sqrt(1.0x)
13.588366113963618 * sqrt(1.0x)
35.47830519632711 * sqrt(1.0x)
21.439589577199097 * sqrt(1.0x)
23.891837377837756 * sqrt(1.0x)
10.330294978922922 * sqrt(1.0x)
18.66015879101904 * sqrt(1.0x)
18.43609926543591 * sqrt(1.0x)
13.624941148099326 * sqrt(1.0x)
6.596933662714105 * sqrt(1.0x)
19.058358145732303 * sqrt(1.0x)
9.728984943714748 * sqrt(1.0x)
16.878671634909086 * sqrt(1.0x)
17.721936184774684 * sqrt(1.0x)
construct_constant_piece in x1, x2 = 0.0, 1.0049766418133903e-5
construct_constant_piece in x1, x2 = 0.0, 1.0049766418133903e-5
construct_constant_piece in x1, x2 = 0.0, 1.0049766418133903e-5
construct_constant_piece in x1, x2 = 0.0, 1.0049766418133903e-5
construct_constant_piece in x1, x2 = 0.0, 1.0049766418133903e-5
construct_constant_piece in x1, x2 = 0.0, 1.0049766418133903e-5
construct_constant_piece in x1, x2 = 0.0, 1.0049766418133903e-5
construct_constant_piece in x1, x2 = 0.0, 1.0049766418133903e-5
construct_constant_piece in x1, x2 = 0.0, 1.0049766418133903e-5
construct_constant_piece in x1, x2 = 0.0, 1.0049766418133903e-5
construct_constant_piece in x1, x2 = 0.0, 1.0049766418133903e-5
construct_constant_piece in x1, x2 = 0.0, 1.0049766418133903e-5
construct_constant_piece in x1, x2 = 0.0, 1.0049766418133903e-5
construct_constant_piece in x1, x2 = 0.0, 1.0049766418133903e-5
construct_constant_piece in x1, x2 = 0.0, 1.0049766418133903e-5
construct_constant_piece in x1, x2 = 0.0, 1.0049766418133903e-5
construct_constant_piece in x1, x2 = 0.0, 1.0049766418133903e-5
construct_constant_piece in x1, x2 = 0.0, 1.0049766418133903e-5
construct_constant_piece in x1, x2 = 0.0, 1.0049766418133903e-5
construct_constant_piece in x1, x2 = 0.0, 1.0049766418133903e-5
construct_constant_piece in x1, x2 = 0.0, 1.0049766418133903e-5
construct_constant_piece in x1, x2 = 0.0, 1.0049766418133903e-5
construct_constant_piece in x1, x2 = 0.0, 1.0049766418133903e-5
construct_constant_piece in x1, x2 = 0.0, 1.0049766418133903e-5
construct_constant_piece in x1, x2 = 0.0, 1.0049766418133903e-5
construct_constant_piece in x1, x2 = 0.0, 1.0049766418133903e-5
construct_constant_piece in x1, x2 = 0.0, 1.0049766418133903e-5
construct_constant_piece in x1, x2 = 0.0, 1.0049766418133903e-5
construct_constant_piece in x1, x2 = 0.0, 1.0049766418133903e-5
construct_constant_piece in x1, x2 = 0.0, 1.0049766418133903e-5
construct_constant_piece in x1, x2 = 0.0, 1.0049766418133903e-5
construct_constant_piece in x1, x2 = 0.0, 1.0049766418133903e-5
construct_constant_piece in x1, x2 = 0.0, 1.0049766418133903e-5
construct_constant_piece in x1, x2 = 0.0, 1.0049766418133903e-5
construct_constant_piece in x1, x2 = 0.0, 1.0049766418133903e-5
construct_constant_piece in x1, x2 = 0.0, 1.0049766418133903e-5
construct_constant_piece in x1, x2 = 0.0, 1.0049766418133903e-5
construct_constant_piece in x1, x2 = 0.0, 1.0049766418133903e-5
construct_constant_piece in x1, x2 = 0.0, 1.0049766418133903e-5
construct_constant_piece in x1, x2 = 0.0, 1.0049766418133903e-5
construct_constant_piece in x1, x2 = 0.0, 1.0049766418133903e-5
construct_constant_piece in x1, x2 = 0.0, 1.0049766418133903e-5
construct_constant_piece in x1, x2 = 0.0, 1.0049766418133903e-5
construct_constant_piece in x1, x2 = 0.0, 1.0049766418133903e-5
construct_constant_piece in x1, x2 = 0.0, 1.0049766418133903e-5
construct_constant_piece in x1, x2 = 0.0, 1.0049766418133903e-5
construct_constant_piece in x1, x2 = 0.0, 1.0049766418133903e-5
construct_constant_piece in x1, x2 = 0.0, 1.0049766418133903e-5
construct_constant_piece in x1, x2 = 0.0, 1.0049766418133903e-5
construct_constant_piece in x1, x2 = 0.0, 1.0049766418133903e-5
construct_constant_piece in x1, x2 = 0.0, 1.0049766418133903e-5
construct_constant_piece in x1, x2 = 0.0, 1.0049766418133903e-5
construct_constant_piece in x1, x2 = 0.0, 1.0049766418133903e-5
construct_constant_piece in x1, x2 = 0.0, 1.0049766418133903e-5
construct_constant_piece in x1, x2 = 0.0, 1.0049766418133903e-5
construct_constant_piece in x1, x2 = 0.0, 1.0049766418133903e-5
construct_constant_piece in x1, x2 = 0.0, 1.0049766418133903e-5
construct_constant_piece in x1, x2 = 0.0, 1.0049766418133903e-5
construct_constant_piece in x1, x2 = 0.0, 1.0049766418133903e-5
construct_constant_piece in x1, x2 = 0.0, 1.0049766418133903e-5
construct_constant_piece in x1, x2 = 0.0, 1.0049766418133903e-5
construct_constant_piece in x1, x2 = 0.0, 1.0049766418133903e-5
construct_constant_piece in x1, x2 = 0.0, 1.0049766418133903e-5
construct_constant_piece in x1, x2 = 0.0, 1.0049766418133903e-5
construct_constant_piece in x1, x2 = 0.0, 1.0049766418133903e-5
construct_constant_piece in x1, x2 = 0.0, 1.0049766418133903e-5
construct_constant_piece in x1, x2 = 0.0, 1.0049766418133903e-5
construct_constant_piece in x1, x2 = 0.0, 1.0049766418133903e-5
construct_constant_piece in x1, x2 = 0.0, 1.0049766418133903e-5
construct_constant_piece in x1, x2 = 0.0, 1.0049766418133903e-5
construct_constant_piece in x1, x2 = 0.0, 1.0049766418133903e-5
construct_constant_piece in x1, x2 = 0.0, 1.0049766418133903e-5
construct_constant_piece in x1, x2 = 0.0, 1.0049766418133903e-5
construct_constant_piece in x1, x2 = 0.0, 1.0049766418133903e-5
construct_constant_piece in x1, x2 = 0.0, 1.0049766418133903e-5
construct_constant_piece in x1, x2 = 0.0, 1.0049766418133903e-5
construct_constant_piece in x1, x2 = 0.0, 1.0049766418133903e-5
construct_constant_piece in x1, x2 = 0.0, 1.0049766418133903e-5
construct_constant_piece in x1, x2 = 0.0, 1.0049766418133903e-5
construct_constant_piece in x1, x2 = 0.0, 1.0049766418133903e-5
construct_constant_piece in x1, x2 = 0.0, 1.0049766418133903e-5
construct_constant_piece in x1, x2 = 0.0, 1.0049766418133903e-5
construct_constant_piece in x1, x2 = 0.0, 1.0049766418133903e-5
construct_constant_piece in x1, x2 = 0.0, 1.0049766418133903e-5
construct_constant_piece in x1, x2 = 0.0, 1.0049766418133903e-5
construct_constant_piece in x1, x2 = 0.0, 1.0049766418133903e-5
construct_constant_piece in x1, x2 = 0.0, 1.0049766418133903e-5
construct_constant_piece in x1, x2 = 0.0, 1.0049766418133903e-5
construct_constant_piece in x1, x2 = 0.0, 1.0049766418133903e-5
construct_constant_piece in x1, x2 = 0.0, 1.0049766418133903e-5
construct_constant_piece in x1, x2 = 0.0, 1.0049766418133903e-5
construct_constant_piece in x1, x2 = 0.0, 1.0049766418133903e-5
construct_constant_piece in x1, x2 = 0.0, 1.0049766418133903e-5
construct_constant_piece in x1, x2 = 0.0, 1.0049766418133903e-5
construct_constant_piece in x1, x2 = 0.0, 1.0049766418133903e-5
construct_constant_piece in x1, x2 = 0.0, 1.0049766418133903e-5
construct_constant_piece in x1, x2 = 0.0, 1.0049766418133903e-5
construct_constant_piece in x1, x2 = 0.0, 1.0049766418133903e-5
construct_constant_piece in x1, x2 = 0.0, 1.0049766418133903e-5
construct_constant_piece in x1, x2 = 0.0, 1.0049766418133903e-5
construct_constant_piece in x1, x2 = 0.0, 1.0049766418133903e-5
construct_constant_piece in x1, x2 = 0.0, 1.0049766418133903e-5
construct_constant_piece in x1, x2 = 0.0, 1.0049766418133903e-5
construct_constant_piece in x1, x2 = 0.0, 1.0049766418133903e-5
construct_constant_piece in x1, x2 = 0.0, 1.0049766418133903e-5
construct_constant_piece in x1, x2 = 0.0, 1.0049766418133903e-5
construct_constant_piece in x1, x2 = 0.0, 1.0049766418133903e-5
construct_constant_piece in x1, x2 = 0.0, 1.0049766418133903e-5
construct_constant_piece in x1, x2 = 0.0, 1.0049766418133903e-5
construct_constant_piece in x1, x2 = 0.0, 1.0049766418133903e-5
construct_constant_piece in x1, x2 = 0.0, 1.0049766418133903e-5
construct_constant_piece in x1, x2 = 0.0, 1.0049766418133903e-5
construct_constant_piece in x1, x2 = 0.0, 1.0049766418133903e-5
construct_constant_piece in x1, x2 = 0.0, 1.0049766418133903e-5
construct_constant_piece in x1, x2 = 0.0, 1.0049766418133903e-5
construct_constant_piece in x1, x2 = 0.0, 1.0049766418133903e-5
construct_constant_piece in x1, x2 = 0.0, 1.0049766418133903e-5
construct_constant_piece in x1, x2 = 0.0, 1.0049766418133903e-5
construct_constant_piece in x1, x2 = 0.0, 1.0049766418133903e-5
construct_constant_piece in x1, x2 = 0.0, 1.0049766418133903e-5
construct_constant_piece in x1, x2 = 0.0, 1.0049766418133903e-5
construct_constant_piece in x1, x2 = 0.0, 1.0049766418133903e-5
construct_constant_piece in x1, x2 = 0.0, 1.0049766418133903e-5
construct_constant_piece in x1, x2 = 0.0, 1.0049766418133903e-5
construct_constant_piece in x1, x2 = 0.0, 1.0049766418133903e-5
construct_constant_piece in x1, x2 = 0.0, 1.0049766418133903e-5
construct_constant_piece in x1, x2 = 0.0, 1.0049766418133903e-5
construct_constant_piece in x1, x2 = 0.0, 1.0049766418133903e-5
construct_constant_piece in x1, x2 = 0.0, 1.0049766418133903e-5
construct_constant_piece in x1, x2 = 0.0, 1.0049766418133903e-5
construct_constant_piece in x1, x2 = 0.0, 1.0049766418133903e-5
construct_constant_piece in x1, x2 = 0.0, 1.0049766418133903e-5
construct_constant_piece in x1, x2 = 0.0, 1.0049766418133903e-5
construct_constant_piece in x1, x2 = 0.0, 1.0049766418133903e-5
construct_constant_piece in x1, x2 = 0.0, 1.0049766418133903e-5
construct_constant_piece in x1, x2 = 0.0, 1.0049766418133903e-5
construct_constant_piece in x1, x2 = 0.0, 1.0049766418133903e-5
construct_constant_piece in x1, x2 = 0.0, 1.0049766418133903e-5
construct_constant_piece in x1, x2 = 0.0, 1.0049766418133903e-5
construct_constant_piece in x1, x2 = 0.0, 1.0049766418133903e-5
construct_constant_piece in x1, x2 = 0.0, 1.0049766418133903e-5
construct_constant_piece in x1, x2 = 0.0, 1.0049766418133903e-5
construct_constant_piece in x1, x2 = 0.0, 1.0049766418133903e-5
construct_constant_piece in x1, x2 = 0.0, 1.0049766418133903e-5
construct_constant_piece in x1, x2 = 0.0, 1.0049766418133903e-5
construct_constant_piece in x1, x2 = 0.0, 1.0049766418133903e-5
construct_constant_piece in x1, x2 = 0.0, 1.0049766418133903e-5
construct_constant_piece in x1, x2 = 0.0, 1.0049766418133903e-5
construct_constant_piece in x1, x2 = 0.0, 1.0049766418133903e-5
construct_constant_piece in x1, x2 = 0.0, 1.0049766418133903e-5
construct_constant_piece in x1, x2 = 0.0, 1.0049766418133903e-5
construct_constant_piece in x1, x2 = 0.0, 1.0049766418133903e-5
construct_constant_piece in x1, x2 = 0.0, 1.0049766418133903e-5
construct_constant_piece in x1, x2 = 0.0, 1.0049766418133903e-5
construct_constant_piece in x1, x2 = 0.0, 1.0049766418133903e-5
construct_constant_piece in x1, x2 = 0.0, 1.0049766418133903e-5
construct_constant_piece in x1, x2 = 0.0, 1.0049766418133903e-5
construct_constant_piece in x1, x2 = 0.0, 1.0049766418133903e-5
construct_constant_piece in x1, x2 = 0.0, 1.0049766418133903e-5
construct_constant_piece in x1, x2 = 0.0, 1.0049766418133903e-5
construct_constant_piece in x1, x2 = 0.0, 1.0049766418133903e-5
construct_constant_piece in x1, x2 = 0.0, 1.0049766418133903e-5
construct_constant_piece in x1, x2 = 0.0, 1.0049766418133903e-5
construct_constant_piece in x1, x2 = 0.0, 1.0049766418133903e-5
construct_constant_piece in x1, x2 = 0.0, 1.0049766418133903e-5
construct_constant_piece in x1, x2 = 0.0, 1.0049766418133903e-5
construct_constant_piece in x1, x2 = 0.0, 1.0049766418133903e-5
construct_constant_piece in x1, x2 = 0.0, 1.0049766418133903e-5
construct_constant_piece in x1, x2 = 0.0, 1.0049766418133903e-5
construct_constant_piece in x1, x2 = 0.0, 1.0049766418133903e-5
construct_constant_piece in x1, x2 = 0.0, 1.0049766418133903e-5
construct_constant_piece in x1, x2 = 0.0, 1.0049766418133903e-5
construct_constant_piece in x1, x2 = 0.0, 1.0049766418133903e-5
construct_constant_piece in x1, x2 = 0.0, 1.0049766418133903e-5
construct_constant_piece in x1, x2 = 0.0, 1.0049766418133903e-5
construct_constant_piece in x1, x2 = 0.0, 1.0049766418133903e-5
construct_constant_piece in x1, x2 = 0.0, 1.0049766418133903e-5
construct_constant_piece in x1, x2 = 0.0, 1.0049766418133903e-5
construct_constant_piece in x1, x2 = 0.0, 1.0049766418133903e-5
construct_constant_piece in x1, x2 = 0.0, 1.0049766418133903e-5
construct_constant_piece in x1, x2 = 0.0, 1.0049766418133903e-5
construct_constant_piece in x1, x2 = 0.0, 1.0049766418133903e-5
construct_constant_piece in x1, x2 = 0.0, 1.0049766418133903e-5
construct_constant_piece in x1, x2 = 0.0, 1.0049766418133903e-5
construct_constant_piece in x1, x2 = 0.0, 1.0049766418133903e-5
construct_constant_piece in x1, x2 = 0.0, 1.0049766418133903e-5
construct_constant_piece in x1, x2 = 0.0, 1.0049766418133903e-5
construct_constant_piece in x1, x2 = 0.0, 1.0049766418133903e-5
construct_constant_piece in x1, x2 = 0.0, 1.0049766418133903e-5
construct_constant_piece in x1, x2 = 0.0, 1.0049766418133903e-5
construct_constant_piece in x1, x2 = 0.0, 1.0049766418133903e-5
construct_constant_piece in x1, x2 = 0.0, 1.0049766418133903e-5
construct_constant_piece in x1, x2 = 0.0, 1.0049766418133903e-5
construct_constant_piece in x1, x2 = 0.0, 1.0049766418133903e-5
construct_constant_piece in x1, x2 = 0.0, 1.0049766418133903e-5
construct_constant_piece in x1, x2 = 0.0, 1.0049766418133903e-5
construct_constant_piece in x1, x2 = 0.0, 1.0049766418133903e-5
construct_constant_piece in x1, x2 = 0.0, 1.0049766418133903e-5
construct_constant_piece in x1, x2 = 0.0, 1.0049766418133903e-5
construct_constant_piece in x1, x2 = 0.0, 1.0049766418133903e-5
Iteration 1	LB = -1.0e20	UB = 1.0e20	CPU = 1.062873728, #pieces = 1600
Iteration 2	LB = 240.34744297951153	UB = 266.0676322507781	CPU = 2.507831765, #pieces = 1600
Iteration 3	LB = 258.2109852126571	UB = 266.0676322507781	CPU = 3.064206247, #pieces = 1600
Iteration 4	LB = 262.334884598395	UB = 266.06763225077805	CPU = 3.7271621990000003, #pieces = 1642
Iteration 5	LB = 262.34373429768004	UB = 265.0225330071077	CPU = 4.294300031000001, #pieces = 1694
Iteration 6	LB = 262.3810458703449	UB = 264.28330573102505	CPU = 4.9579424990000005, #pieces = 1742
Iteration 7	LB = 262.40344547144355	UB = 263.7604778552924	CPU = 5.630243886000001, #pieces = 1790
Iteration 8	LB = 262.44536520966165	UB = 262.4978662005759	CPU = 6.273902571000001, #pieces = 1814
Iteration 9	LB = 262.4816420605751	UB = 262.4978662005759	CPU = 6.9001428670000005, #pieces = 1830
Iteration 10	LB = 262.49424954966264	UB = 262.4978662005759	CPU = 7.578271803000001, #pieces = 1847
Iteration 11	LB = 262.4967230534876	UB = 262.4978662005759	CPU = 8.101761136, #pieces = 1862
Iteration 12	LB = 262.4975715295079	UB = 262.4978662005759	CPU = 8.793480303, #pieces = 1875
WRITING LOG...
(240.34744297951153, 266.0676322507781, 41.0, 41.0, 11.427760186595048, 9.666786242914506, 1600, 1, 1.3611421400000001, 2.4515459490000002)
(258.2109852126571, 266.0676322507781, 20.0, 41.0, 3.747876187930598, 2.9528759179229507, 1600, 2, 1.9095071170000002, 3.0566467160000004)
(262.334884598395, 266.06763225077805, 41.0, 41.0, 1.658500431649769, 1.4029318864554043, 1600, 3, 2.500541264, 3.655695643)
(262.34373429768004, 265.0225330071077, 41.0, 41.0, 1.1957719937675535, 1.0107814905519086, 1642, 4, 2.99972064, 4.226798803)
(262.3810458703449, 264.28330573102505, 41.0, 41.0, 0.8519489867154135, 0.719780561022714, 1694, 5, 3.602570689, 4.897613869000001)
(262.40344547144355, 263.7604778552924, 41.0, 41.0, 0.6091890253217965, 0.5144942088682992, 1742, 6, 4.208163465, 5.563984628)
(262.44536520966165, 262.4978662005759, 41.0, 41.0, 0.02370270730586915, 0.020000540070734107, 1790, 7, 4.749834066, 6.172420464)
(262.4816420605751, 262.4978662005759, 41.0, 41.0, 0.007324738734107696, 0.006180675003437428, 1814, 8, 5.305404548, 6.829933392)
(262.49424954966264, 262.4978662005759, 41.0, 41.0, 0.0016328152389502683, 0.0013777829761515768, 1830, 9, 5.902357520000001, 7.4975234330000005)
(262.4967230534876, 262.4978662005759, 41.0, 41.0, 0.0005160984653878827, 0.00043548814505585116, 1847, 10, 6.346190861000001, 8.022622474)
(262.4975715295079, 262.4978662005759, 41.0, 41.0, 0.0001330356237941863, 0.000112256557455438, 1862, 11, 6.971972654000001, 8.728014586)
(262.4977381094749, 262.4978662005759, 41.0, 41.0, 5.7829496613132844e-5, 4.879700657633099e-5, 1875, 12, 7.482088864000001, 9.304043359000001)
