solving instance uflp nlass gunluk ../../../../../instances/uflp/gunluk/gunluk-20-40-10.txt sqrt
The latest version of Julia in the `1.10` channel is 1.10.6+0.x64.linux.gnu. You currently have `1.10.5+0.x64.linux.gnu` installed. Run:

  juliaup update

in your terminal shell to install Julia 1.10.6+0.x64.linux.gnu and update the `1.10` channel to that version.
reading gunluk data file ../../../../../instances/uflp/gunluk/gunluk-20-40-10.txt
24.925800022642132 * sqrt(1.0x)
17.885856471750856 * sqrt(1.0x)
1.3401591021545523 * sqrt(1.0x)
28.870250809807736 * sqrt(1.0x)
27.578338631036452 * sqrt(1.0x)
19.851828601777044 * sqrt(1.0x)
9.509729625808877 * sqrt(1.0x)
12.907855407618953 * sqrt(1.0x)
17.73248817641808 * sqrt(1.0x)
19.58494964747445 * sqrt(1.0x)
15.866204772754545 * sqrt(1.0x)
18.132697909157255 * sqrt(1.0x)
20.428753367427976 * sqrt(1.0x)
19.133142977793447 * sqrt(1.0x)
31.23390199585076 * sqrt(1.0x)
20.20693492363213 * sqrt(1.0x)
16.554792241194953 * sqrt(1.0x)
27.457657807812392 * sqrt(1.0x)
3.7386202272343247 * sqrt(1.0x)
18.83195817425078 * sqrt(1.0x)
43.33229666849843 * sqrt(1.0x)
32.13315036460729 * sqrt(1.0x)
20.707469822436618 * sqrt(1.0x)
48.025256814872044 * sqrt(1.0x)
46.23379662533398 * sqrt(1.0x)
35.63273475071001 * sqrt(1.0x)
29.913132532145386 * sqrt(1.0x)
18.233357313308186 * sqrt(1.0x)
26.238438395571016 * sqrt(1.0x)
14.104776626491708 * sqrt(1.0x)
31.31027828469703 * sqrt(1.0x)
31.445562149494737 * sqrt(1.0x)
0.8338439172024694 * sqrt(1.0x)
28.31711431932767 * sqrt(1.0x)
48.73919022240412 * sqrt(1.0x)
40.02357673722799 * sqrt(1.0x)
24.155547720765753 * sqrt(1.0x)
41.875350266046155 * sqrt(1.0x)
16.854305571656298 * sqrt(1.0x)
34.33258577372247 * sqrt(1.0x)
5.4164701642297715 * sqrt(1.0x)
10.831999802993407 * sqrt(1.0x)
20.281451796853535 * sqrt(1.0x)
9.588273988092789 * sqrt(1.0x)
8.013669214020991 * sqrt(1.0x)
27.907521535384177 * sqrt(1.0x)
11.124975017342747 * sqrt(1.0x)
22.55577900886091 * sqrt(1.0x)
18.78479801310531 * sqrt(1.0x)
39.07527363984046 * sqrt(1.0x)
9.436546175470093 * sqrt(1.0x)
12.3125030647366 * sqrt(1.0x)
38.04614654645915 * sqrt(1.0x)
33.98345195212392 * sqrt(1.0x)
12.041702447427882 * sqrt(1.0x)
18.679496841295723 * sqrt(1.0x)
33.19334209585687 * sqrt(1.0x)
12.982930977301804 * sqrt(1.0x)
22.861196082467803 * sqrt(1.0x)
27.76897914099444 * sqrt(1.0x)
29.14417612883454 * sqrt(1.0x)
19.033959725664577 * sqrt(1.0x)
8.024507526601212 * sqrt(1.0x)
33.72106128291495 * sqrt(1.0x)
32.00990642664761 * sqrt(1.0x)
26.373046063135764 * sqrt(1.0x)
15.851896495215625 * sqrt(1.0x)
8.155719923254248 * sqrt(1.0x)
15.516303206973491 * sqrt(1.0x)
17.96508378761731 * sqrt(1.0x)
17.731353949413922 * sqrt(1.0x)
18.699295917122587 * sqrt(1.0x)
14.020829137569729 * sqrt(1.0x)
23.303719326762 * sqrt(1.0x)
34.83443639870191 * sqrt(1.0x)
27.492206702945275 * sqrt(1.0x)
19.824346440673445 * sqrt(1.0x)
29.036173069333486 * sqrt(1.0x)
4.376991128956549 * sqrt(1.0x)
25.238957685789043 * sqrt(1.0x)
11.857049734481452 * sqrt(1.0x)
5.60314872886086 * sqrt(1.0x)
24.566817058612042 * sqrt(1.0x)
16.936151830967436 * sqrt(1.0x)
14.224243294977532 * sqrt(1.0x)
37.567572051720646 * sqrt(1.0x)
18.802702146478545 * sqrt(1.0x)
19.182825179402474 * sqrt(1.0x)
11.947391302495502 * sqrt(1.0x)
42.122153787694586 * sqrt(1.0x)
7.547024358824826 * sqrt(1.0x)
5.921691024312472 * sqrt(1.0x)
36.7316553261503 * sqrt(1.0x)
41.368216889457294 * sqrt(1.0x)
13.458737620368833 * sqrt(1.0x)
29.90026298550485 * sqrt(1.0x)
39.54946079009513 * sqrt(1.0x)
4.545142433453191 * sqrt(1.0x)
25.406951628031482 * sqrt(1.0x)
37.14976951721676 * sqrt(1.0x)
37.62931933764342 * sqrt(1.0x)
32.83302854215634 * sqrt(1.0x)
13.787164472195004 * sqrt(1.0x)
40.43931207034261 * sqrt(1.0x)
39.845849942555894 * sqrt(1.0x)
14.563241852108163 * sqrt(1.0x)
21.149009618551297 * sqrt(1.0x)
26.09659648713135 * sqrt(1.0x)
32.4312212761332 * sqrt(1.0x)
11.452150715815291 * sqrt(1.0x)
30.685366399511683 * sqrt(1.0x)
33.16585404680943 * sqrt(1.0x)
22.947779822649476 * sqrt(1.0x)
5.8403823876736345 * sqrt(1.0x)
44.30948082676476 * sqrt(1.0x)
23.239706454699668 * sqrt(1.0x)
1.796679992711031 * sqrt(1.0x)
42.081179757926044 * sqrt(1.0x)
14.478093877333805 * sqrt(1.0x)
13.271333817220876 * sqrt(1.0x)
8.639854622738211 * sqrt(1.0x)
6.809104916502926 * sqrt(1.0x)
24.565879966026046 * sqrt(1.0x)
13.707581039469662 * sqrt(1.0x)
10.999249073074536 * sqrt(1.0x)
36.092835730537665 * sqrt(1.0x)
17.672050510706335 * sqrt(1.0x)
21.040387951684313 * sqrt(1.0x)
14.432799413995776 * sqrt(1.0x)
42.70245939501886 * sqrt(1.0x)
7.893648032201127 * sqrt(1.0x)
7.719998182565459 * sqrt(1.0x)
38.37152745963362 * sqrt(1.0x)
40.68868241506047 * sqrt(1.0x)
10.629988552371856 * sqrt(1.0x)
27.724090701013644 * sqrt(1.0x)
39.172367110391214 * sqrt(1.0x)
4.235759024506907 * sqrt(1.0x)
25.897600108790147 * sqrt(1.0x)
35.77523650326597 * sqrt(1.0x)
41.49924177425658 * sqrt(1.0x)
29.02568297111185 * sqrt(1.0x)
22.834287861280377 * sqrt(1.0x)
46.56948991663546 * sqrt(1.0x)
44.45700492682066 * sqrt(1.0x)
40.11953456784087 * sqrt(1.0x)
30.54760405883725 * sqrt(1.0x)
14.856129171574992 * sqrt(1.0x)
21.812692576483904 * sqrt(1.0x)
21.702157359981776 * sqrt(1.0x)
28.795312245116882 * sqrt(1.0x)
28.04204047895158 * sqrt(1.0x)
7.202533538610193 * sqrt(1.0x)
34.34482554176959 * sqrt(1.0x)
46.14009699983541 * sqrt(1.0x)
42.45279124606068 * sqrt(1.0x)
30.25112319822548 * sqrt(1.0x)
38.090529293598344 * sqrt(1.0x)
18.89244217665941 * sqrt(1.0x)
38.87850533481159 * sqrt(1.0x)
34.957781863696795 * sqrt(1.0x)
27.148197210991132 * sqrt(1.0x)
9.329879882569298 * sqrt(1.0x)
38.784174920984974 * sqrt(1.0x)
37.582637897272875 * sqrt(1.0x)
21.438781311253212 * sqrt(1.0x)
19.087630157231956 * sqrt(1.0x)
17.624200378203106 * sqrt(1.0x)
24.86095234134184 * sqrt(1.0x)
9.561970991056244 * sqrt(1.0x)
25.389152635679274 * sqrt(1.0x)
27.11554206777109 * sqrt(1.0x)
14.42743848541058 * sqrt(1.0x)
15.21858560687473 * sqrt(1.0x)
41.27010959643306 * sqrt(1.0x)
26.575115923544406 * sqrt(1.0x)
11.255656467517204 * sqrt(1.0x)
37.01835290633267 * sqrt(1.0x)
7.341015530415664 * sqrt(1.0x)
20.14316359665046 * sqrt(1.0x)
31.579283477448783 * sqrt(1.0x)
18.554778444495767 * sqrt(1.0x)
27.33975838645494 * sqrt(1.0x)
36.89999255864342 * sqrt(1.0x)
34.270132884021784 * sqrt(1.0x)
45.7027151128489 * sqrt(1.0x)
29.06031801071476 * sqrt(1.0x)
13.33807762788393 * sqrt(1.0x)
10.796533423777996 * sqrt(1.0x)
37.29936311244374 * sqrt(1.0x)
20.012395267537162 * sqrt(1.0x)
17.082778636747555 * sqrt(1.0x)
25.577322785661426 * sqrt(1.0x)
44.4345286128343 * sqrt(1.0x)
33.80066420364958 * sqrt(1.0x)
42.74875389303533 * sqrt(1.0x)
41.06267819841175 * sqrt(1.0x)
23.870102788366623 * sqrt(1.0x)
25.074583187385578 * sqrt(1.0x)
44.77199897503989 * sqrt(1.0x)
9.403347890102939 * sqrt(1.0x)
22.105337214454686 * sqrt(1.0x)
34.70521563474155 * sqrt(1.0x)
5.489810705031012 * sqrt(1.0x)
6.530829427559012 * sqrt(1.0x)
38.753745728527115 * sqrt(1.0x)
25.162735871086895 * sqrt(1.0x)
35.92943603303424 * sqrt(1.0x)
30.29322565357283 * sqrt(1.0x)
53.462810356194126 * sqrt(1.0x)
21.99210880842286 * sqrt(1.0x)
23.352529321828708 * sqrt(1.0x)
52.30186513770331 * sqrt(1.0x)
46.76329016171266 * sqrt(1.0x)
5.980394210832167 * sqrt(1.0x)
27.43123390663983 * sqrt(1.0x)
46.62274240321869 * sqrt(1.0x)
16.215699031590304 * sqrt(1.0x)
37.38273425107948 * sqrt(1.0x)
38.993091242356456 * sqrt(1.0x)
29.685056297992695 * sqrt(1.0x)
18.314538085571037 * sqrt(1.0x)
11.47006584437781 * sqrt(1.0x)
34.55396113760546 * sqrt(1.0x)
32.61824183530863 * sqrt(1.0x)
30.032368734962766 * sqrt(1.0x)
18.075139966099847 * sqrt(1.0x)
5.2492261315293645 * sqrt(1.0x)
13.299710533707302 * sqrt(1.0x)
20.359686687341593 * sqrt(1.0x)
17.463544880259693 * sqrt(1.0x)
17.701662509041544 * sqrt(1.0x)
13.332377956138544 * sqrt(1.0x)
27.005548957503866 * sqrt(1.0x)
34.916315727909044 * sqrt(1.0x)
30.499797371607983 * sqrt(1.0x)
23.448080323293553 * sqrt(1.0x)
28.158315283039375 * sqrt(1.0x)
8.082843689147081 * sqrt(1.0x)
28.91838525446209 * sqrt(1.0x)
32.77979679475101 * sqrt(1.0x)
21.102621663992604 * sqrt(1.0x)
33.63732326289451 * sqrt(1.0x)
37.85541759094968 * sqrt(1.0x)
35.13505956702128 * sqrt(1.0x)
51.47670390335912 * sqrt(1.0x)
33.78866448133018 * sqrt(1.0x)
20.112134414118223 * sqrt(1.0x)
15.212668004223708 * sqrt(1.0x)
44.70213241362239 * sqrt(1.0x)
23.12773632850393 * sqrt(1.0x)
19.67235820808301 * sqrt(1.0x)
32.95521828438388 * sqrt(1.0x)
51.126397768289145 * sqrt(1.0x)
33.516486323875824 * sqrt(1.0x)
47.23382169261245 * sqrt(1.0x)
47.92645111410986 * sqrt(1.0x)
23.251304137078822 * sqrt(1.0x)
31.79323963211959 * sqrt(1.0x)
50.64069347511996 * sqrt(1.0x)
35.284926920136996 * sqrt(1.0x)
32.67950299020988 * sqrt(1.0x)
14.758637667409499 * sqrt(1.0x)
37.412610010512175 * sqrt(1.0x)
37.19050974351762 * sqrt(1.0x)
8.550617822078596 * sqrt(1.0x)
19.378142612360953 * sqrt(1.0x)
28.551657298442816 * sqrt(1.0x)
33.79474656472522 * sqrt(1.0x)
17.49116027175509 * sqrt(1.0x)
30.346813315341027 * sqrt(1.0x)
33.26996419490879 * sqrt(1.0x)
28.320480360941875 * sqrt(1.0x)
3.8792384032649867 * sqrt(1.0x)
42.017635895456166 * sqrt(1.0x)
18.216509931684772 * sqrt(1.0x)
5.2401246981608764 * sqrt(1.0x)
41.18469792441635 * sqrt(1.0x)
16.89057466512575 * sqrt(1.0x)
7.2790674218511 * sqrt(1.0x)
27.644596566796615 * sqrt(1.0x)
26.377966571812987 * sqrt(1.0x)
11.289371810776473 * sqrt(1.0x)
29.641987682273562 * sqrt(1.0x)
29.466874925930092 * sqrt(1.0x)
7.51980704578436 * sqrt(1.0x)
12.300813107316506 * sqrt(1.0x)
25.233823487697233 * sqrt(1.0x)
28.927017978791124 * sqrt(1.0x)
22.379890186233293 * sqrt(1.0x)
23.955762158941365 * sqrt(1.0x)
27.174789868296862 * sqrt(1.0x)
29.821966441626703 * sqrt(1.0x)
11.64020075323071 * sqrt(1.0x)
34.367504107467575 * sqrt(1.0x)
11.507054297211127 * sqrt(1.0x)
12.030539494347913 * sqrt(1.0x)
34.18974675585559 * sqrt(1.0x)
14.797699552045582 * sqrt(1.0x)
6.623667332056099 * sqrt(1.0x)
19.373335512365884 * sqrt(1.0x)
26.5102795068902 * sqrt(1.0x)
23.307855820757812 * sqrt(1.0x)
18.297147399233328 * sqrt(1.0x)
19.562912320845644 * sqrt(1.0x)
17.082838606946364 * sqrt(1.0x)
15.49657842795952 * sqrt(1.0x)
33.42643161826023 * sqrt(1.0x)
33.00875630538392 * sqrt(1.0x)
38.82953337596212 * sqrt(1.0x)
24.38323245225865 * sqrt(1.0x)
27.88742947106918 * sqrt(1.0x)
43.90354006908456 * sqrt(1.0x)
27.109055069513253 * sqrt(1.0x)
24.91561964706169 * sqrt(1.0x)
5.433861568083769 * sqrt(1.0x)
28.473406420834053 * sqrt(1.0x)
29.658485318335888 * sqrt(1.0x)
27.248723409405983 * sqrt(1.0x)
17.7233284284177 * sqrt(1.0x)
37.56129936784007 * sqrt(1.0x)
24.568270702615457 * sqrt(1.0x)
31.900354424835797 * sqrt(1.0x)
42.87051816644809 * sqrt(1.0x)
40.22683860279838 * sqrt(1.0x)
50.52744118512356 * sqrt(1.0x)
34.60988371144873 * sqrt(1.0x)
17.79369620623185 * sqrt(1.0x)
16.717443718426342 * sqrt(1.0x)
39.42793882191656 * sqrt(1.0x)
25.998350647231195 * sqrt(1.0x)
23.096379482951537 * sqrt(1.0x)
26.24354386307088 * sqrt(1.0x)
48.31163605056427 * sqrt(1.0x)
39.57525277164211 * sqrt(1.0x)
48.30279431769788 * sqrt(1.0x)
44.701896226536604 * sqrt(1.0x)
29.505213333183384 * sqrt(1.0x)
29.178702883678937 * sqrt(1.0x)
49.52816626134412 * sqrt(1.0x)
6.054650137215999 * sqrt(1.0x)
17.941074547386815 * sqrt(1.0x)
25.87972200173011 * sqrt(1.0x)
4.477224925649245 * sqrt(1.0x)
5.476540386990046 * sqrt(1.0x)
28.95463267132255 * sqrt(1.0x)
16.07004144922749 * sqrt(1.0x)
29.882355955682034 * sqrt(1.0x)
26.08492623764137 * sqrt(1.0x)
44.39659319538925 * sqrt(1.0x)
16.77938249113092 * sqrt(1.0x)
19.40952038223432 * sqrt(1.0x)
44.83214344985218 * sqrt(1.0x)
36.91978945521125 * sqrt(1.0x)
10.808374794467237 * sqrt(1.0x)
17.875690240135018 * sqrt(1.0x)
36.90681368471548 * sqrt(1.0x)
17.048266812233365 * sqrt(1.0x)
28.975654592636047 * sqrt(1.0x)
29.154246396304877 * sqrt(1.0x)
22.92773494717056 * sqrt(1.0x)
13.347727267724007 * sqrt(1.0x)
7.137872224859086 * sqrt(1.0x)
27.552348916485535 * sqrt(1.0x)
25.80056615351459 * sqrt(1.0x)
25.254051212116856 * sqrt(1.0x)
10.754467464697807 * sqrt(1.0x)
7.702488826672696 * sqrt(1.0x)
11.966117323571273 * sqrt(1.0x)
23.172315797112706 * sqrt(1.0x)
11.765758479032854 * sqrt(1.0x)
13.270237583136904 * sqrt(1.0x)
20.09052108110595 * sqrt(1.0x)
24.889232060432192 * sqrt(1.0x)
28.643420332758513 * sqrt(1.0x)
23.76400230178297 * sqrt(1.0x)
22.1254137139382 * sqrt(1.0x)
23.301331966926046 * sqrt(1.0x)
6.544133553146297 * sqrt(1.0x)
24.31515289275698 * sqrt(1.0x)
27.202889012802594 * sqrt(1.0x)
28.55738129580877 * sqrt(1.0x)
16.179256288614827 * sqrt(1.0x)
28.21835269365906 * sqrt(1.0x)
28.54539063624807 * sqrt(1.0x)
5.265032150198871 * sqrt(1.0x)
14.19847411366996 * sqrt(1.0x)
29.636070392036267 * sqrt(1.0x)
32.34761431634045 * sqrt(1.0x)
27.437428532108825 * sqrt(1.0x)
26.109318265009122 * sqrt(1.0x)
29.562889985338874 * sqrt(1.0x)
35.27806872570646 * sqrt(1.0x)
14.48311488317503 * sqrt(1.0x)
33.752416259083695 * sqrt(1.0x)
7.19814553583281 * sqrt(1.0x)
16.1297281972258 * sqrt(1.0x)
35.202758563793104 * sqrt(1.0x)
19.920220728172357 * sqrt(1.0x)
5.427204329160423 * sqrt(1.0x)
47.84345471772062 * sqrt(1.0x)
38.946266525050824 * sqrt(1.0x)
22.343521297824605 * sqrt(1.0x)
51.793936140699934 * sqrt(1.0x)
50.524074764483494 * sqrt(1.0x)
30.839321584943953 * sqrt(1.0x)
32.12747455373349 * sqrt(1.0x)
26.836136339274802 * sqrt(1.0x)
34.92587731359934 * sqrt(1.0x)
4.828064927293705 * sqrt(1.0x)
37.490474945511174 * sqrt(1.0x)
38.6496771884137 * sqrt(1.0x)
12.88517964299177 * sqrt(1.0x)
21.056748729650423 * sqrt(1.0x)
54.02041047547678 * sqrt(1.0x)
38.47993762016192 * sqrt(1.0x)
17.296091757911576 * sqrt(1.0x)
48.94883943448674 * sqrt(1.0x)
19.75490904459302 * sqrt(1.0x)
29.541898268858862 * sqrt(1.0x)
47.656502700475784 * sqrt(1.0x)
39.51208881011247 * sqrt(1.0x)
21.989937641436736 * sqrt(1.0x)
51.36851839739213 * sqrt(1.0x)
50.25060697462153 * sqrt(1.0x)
28.575580394032517 * sqrt(1.0x)
31.58201495548123 * sqrt(1.0x)
28.14791930916485 * sqrt(1.0x)
36.10143027157185 * sqrt(1.0x)
3.21403689278439 * sqrt(1.0x)
37.900164276607356 * sqrt(1.0x)
39.33207672459796 * sqrt(1.0x)
15.594034319316883 * sqrt(1.0x)
18.410668115082057 * sqrt(1.0x)
53.989115146878994 * sqrt(1.0x)
36.86553591218472 * sqrt(1.0x)
14.863269160299405 * sqrt(1.0x)
49.47606055739235 * sqrt(1.0x)
19.888678358729138 * sqrt(1.0x)
27.300053343055097 * sqrt(1.0x)
6.42888072999855 * sqrt(1.0x)
16.98238091222895 * sqrt(1.0x)
31.79343655760295 * sqrt(1.0x)
6.723358396731134 * sqrt(1.0x)
5.067452536375312 * sqrt(1.0x)
38.70266272607914 * sqrt(1.0x)
22.87309086335481 * sqrt(1.0x)
31.13504255377668 * sqrt(1.0x)
24.934763281546417 * sqrt(1.0x)
50.55252424869126 * sqrt(1.0x)
17.287726114410493 * sqrt(1.0x)
18.101160193952772 * sqrt(1.0x)
48.039191054642956 * sqrt(1.0x)
45.58517344492461 * sqrt(1.0x)
0.3145071625813784 * sqrt(1.0x)
28.13964569607272 * sqrt(1.0x)
44.925321208657934 * sqrt(1.0x)
10.279320276361881 * sqrt(1.0x)
34.011961862134505 * sqrt(1.0x)
38.74139260613924 * sqrt(1.0x)
40.132641613786525 * sqrt(1.0x)
28.51575584017445 * sqrt(1.0x)
18.970301099415227 * sqrt(1.0x)
44.967384968248034 * sqrt(1.0x)
43.06258374697446 * sqrt(1.0x)
35.39296795268099 * sqrt(1.0x)
27.571225853909752 * sqrt(1.0x)
14.426781205651723 * sqrt(1.0x)
22.322445590302443 * sqrt(1.0x)
16.57277327688978 * sqrt(1.0x)
27.844826009594374 * sqrt(1.0x)
27.75355440093955 * sqrt(1.0x)
3.2868052578206455 * sqrt(1.0x)
29.16861198148808 * sqrt(1.0x)
45.321916475057655 * sqrt(1.0x)
38.60542039631084 * sqrt(1.0x)
25.053035382909638 * sqrt(1.0x)
38.137109116414685 * sqrt(1.0x)
14.993957640957312 * sqrt(1.0x)
34.126645764774985 * sqrt(1.0x)
31.723556566764106 * sqrt(1.0x)
20.476881349183863 * sqrt(1.0x)
33.97905268812224 * sqrt(1.0x)
36.72183308113764 * sqrt(1.0x)
33.99715565855958 * sqrt(1.0x)
51.55438124260377 * sqrt(1.0x)
33.59364340974077 * sqrt(1.0x)
20.759952188596024 * sqrt(1.0x)
15.216252090484932 * sqrt(1.0x)
45.6984990755951 * sqrt(1.0x)
22.606142950418487 * sqrt(1.0x)
19.085158896832752 * sqrt(1.0x)
34.286801275757966 * sqrt(1.0x)
51.59339580515908 * sqrt(1.0x)
32.17310483764533 * sqrt(1.0x)
46.90492090930989 * sqrt(1.0x)
48.49005689183518 * sqrt(1.0x)
21.923344598604697 * sqrt(1.0x)
32.32941981609417 * sqrt(1.0x)
50.75560487855025 * sqrt(1.0x)
24.21435490161196 * sqrt(1.0x)
16.365890120156045 * sqrt(1.0x)
3.225719928358775 * sqrt(1.0x)
28.394987330650796 * sqrt(1.0x)
26.950276000020324 * sqrt(1.0x)
21.62111622692222 * sqrt(1.0x)
9.633234569914869 * sqrt(1.0x)
11.114412830957608 * sqrt(1.0x)
15.85798797522447 * sqrt(1.0x)
20.57892408512211 * sqrt(1.0x)
14.454979818387073 * sqrt(1.0x)
16.52202060761875 * sqrt(1.0x)
20.0556917922674 * sqrt(1.0x)
20.996468305980923 * sqrt(1.0x)
30.36287159008101 * sqrt(1.0x)
21.323920854259935 * sqrt(1.0x)
18.331757882809267 * sqrt(1.0x)
26.088109620216628 * sqrt(1.0x)
3.9226571029324404 * sqrt(1.0x)
20.628138182885113 * sqrt(1.0x)
36.54215973022611 * sqrt(1.0x)
23.38126484870262 * sqrt(1.0x)
23.123255728827065 * sqrt(1.0x)
41.822299163926864 * sqrt(1.0x)
39.46923060093997 * sqrt(1.0x)
41.686429695943986 * sqrt(1.0x)
28.553653386912913 * sqrt(1.0x)
10.706830647151506 * sqrt(1.0x)
15.353638533942975 * sqrt(1.0x)
27.861740130901026 * sqrt(1.0x)
23.739910244114526 * sqrt(1.0x)
22.16924677223134 * sqrt(1.0x)
14.730899499497504 * sqrt(1.0x)
37.927767769696565 * sqrt(1.0x)
40.385230585223866 * sqrt(1.0x)
41.694621637017725 * sqrt(1.0x)
34.091011710894506 * sqrt(1.0x)
31.51802003972495 * sqrt(1.0x)
19.697358096462438 * sqrt(1.0x)
40.55914558547023 * sqrt(1.0x)
47.580338311424626 * sqrt(1.0x)
36.48582301699694 * sqrt(1.0x)
24.337713776276974 * sqrt(1.0x)
52.21383899700807 * sqrt(1.0x)
50.46900930825522 * sqrt(1.0x)
37.95478432260756 * sqrt(1.0x)
33.79718954674055 * sqrt(1.0x)
22.57446806600432 * sqrt(1.0x)
30.544258893931726 * sqrt(1.0x)
14.11756148943326 * sqrt(1.0x)
35.64199018656814 * sqrt(1.0x)
35.801147167387384 * sqrt(1.0x)
4.981473840772695 * sqrt(1.0x)
29.705923813809136 * sqrt(1.0x)
53.05212597160238 * sqrt(1.0x)
43.25848299088281 * sqrt(1.0x)
25.59321398314965 * sqrt(1.0x)
46.229901982984266 * sqrt(1.0x)
20.621214612330423 * sqrt(1.0x)
36.63925979825542 * sqrt(1.0x)
11.13897380192672 * sqrt(1.0x)
2.467244369809228 * sqrt(1.0x)
20.69418456985147 * sqrt(1.0x)
16.48857767217213 * sqrt(1.0x)
13.935351668396608 * sqrt(1.0x)
33.72807482393224 * sqrt(1.0x)
14.905137245410963 * sqrt(1.0x)
16.709477325537634 * sqrt(1.0x)
10.605933593581543 * sqrt(1.0x)
38.517807556866316 * sqrt(1.0x)
3.6888828440686936 * sqrt(1.0x)
3.6459691694217264 * sqrt(1.0x)
33.97654064811439 * sqrt(1.0x)
37.399153937035756 * sqrt(1.0x)
14.675641446297357 * sqrt(1.0x)
26.506889254314626 * sqrt(1.0x)
35.607091067653194 * sqrt(1.0x)
7.950872322747624 * sqrt(1.0x)
21.735254223363235 * sqrt(1.0x)
33.277157782959634 * sqrt(1.0x)
28.121088368628673 * sqrt(1.0x)
15.603834955449795 * sqrt(1.0x)
27.47358426056115 * sqrt(1.0x)
33.37341096247159 * sqrt(1.0x)
30.695674315529832 * sqrt(1.0x)
45.24590160187528 * sqrt(1.0x)
27.655511666945525 * sqrt(1.0x)
14.252351045080914 * sqrt(1.0x)
9.020476264562124 * sqrt(1.0x)
39.44133747637674 * sqrt(1.0x)
17.413249628138676 * sqrt(1.0x)
14.129929570736646 * sqrt(1.0x)
28.767876093437224 * sqrt(1.0x)
45.05383117178976 * sqrt(1.0x)
29.84288710215539 * sqrt(1.0x)
41.18464377795127 * sqrt(1.0x)
41.94590077667059 * sqrt(1.0x)
19.756601336543106 * sqrt(1.0x)
25.784650003036365 * sqrt(1.0x)
44.41091724783361 * sqrt(1.0x)
30.121568887805438 * sqrt(1.0x)
17.31569801688703 * sqrt(1.0x)
27.583191649260602 * sqrt(1.0x)
35.41192268090676 * sqrt(1.0x)
32.755288469786464 * sqrt(1.0x)
45.70824430566546 * sqrt(1.0x)
28.59158820950322 * sqrt(1.0x)
13.854740125511174 * sqrt(1.0x)
10.01634178006868 * sqrt(1.0x)
38.47598637246405 * sqrt(1.0x)
18.946882543558633 * sqrt(1.0x)
15.835186614541094 * sqrt(1.0x)
27.194294591816327 * sqrt(1.0x)
44.93492571328291 * sqrt(1.0x)
32.081622280049984 * sqrt(1.0x)
42.22967772641289 * sqrt(1.0x)
41.67908674735302 * sqrt(1.0x)
22.058332271089608 * sqrt(1.0x)
25.575983899323436 * sqrt(1.0x)
44.820964144574674 * sqrt(1.0x)
30.591456711053013 * sqrt(1.0x)
24.703965438099132 * sqrt(1.0x)
5.609104086198072 * sqrt(1.0x)
33.975394297602875 * sqrt(1.0x)
33.03683049187527 * sqrt(1.0x)
16.226531593090446 * sqrt(1.0x)
14.190269063869062 * sqrt(1.0x)
18.42536646412805 * sqrt(1.0x)
24.303982078639354 * sqrt(1.0x)
14.355060584160595 * sqrt(1.0x)
22.618598607256096 * sqrt(1.0x)
24.98645297669061 * sqrt(1.0x)
19.98687542937753 * sqrt(1.0x)
12.708783305259658 * sqrt(1.0x)
37.136412277437515 * sqrt(1.0x)
20.57575939978528 * sqrt(1.0x)
9.759559927939735 * sqrt(1.0x)
34.13122874821012 * sqrt(1.0x)
6.688402307404642 * sqrt(1.0x)
14.989759121843699 * sqrt(1.0x)
36.055182429197934 * sqrt(1.0x)
26.2663559895786 * sqrt(1.0x)
12.017032226387297 * sqrt(1.0x)
40.42543976422614 * sqrt(1.0x)
38.86635586113382 * sqrt(1.0x)
27.27421906446893 * sqrt(1.0x)
21.545907905865654 * sqrt(1.0x)
14.20272813359786 * sqrt(1.0x)
22.191872041593584 * sqrt(1.0x)
11.472972875718 * sqrt(1.0x)
24.951905429254666 * sqrt(1.0x)
25.90211008991654 * sqrt(1.0x)
8.855072637328187 * sqrt(1.0x)
21.25876341138106 * sqrt(1.0x)
41.92223527569644 * sqrt(1.0x)
31.197137958046124 * sqrt(1.0x)
17.217688889904576 * sqrt(1.0x)
36.26619783075036 * sqrt(1.0x)
8.345095112489274 * sqrt(1.0x)
26.00026847762027 * sqrt(1.0x)
42.731963262143296 * sqrt(1.0x)
30.75207731861313 * sqrt(1.0x)
22.130976242989455 * sqrt(1.0x)
47.65500350684482 * sqrt(1.0x)
45.676540051116156 * sqrt(1.0x)
38.47931138704525 * sqrt(1.0x)
30.60954834911645 * sqrt(1.0x)
16.514428391152588 * sqrt(1.0x)
24.06428966443456 * sqrt(1.0x)
18.467401074436978 * sqrt(1.0x)
30.256501899361854 * sqrt(1.0x)
29.892350401407793 * sqrt(1.0x)
3.7180797390511873 * sqrt(1.0x)
31.948862799621136 * sqrt(1.0x)
47.7254545730673 * sqrt(1.0x)
41.77450748046848 * sqrt(1.0x)
27.805649481317786 * sqrt(1.0x)
40.16121687174528 * sqrt(1.0x)
18.151837868810976 * sqrt(1.0x)
37.20561503241305 * sqrt(1.0x)
35.13226488713439 * sqrt(1.0x)
22.203172071207856 * sqrt(1.0x)
20.453240798724785 * sqrt(1.0x)
40.34873972143188 * sqrt(1.0x)
38.080627095416 * sqrt(1.0x)
38.97037312217693 * sqrt(1.0x)
26.246132185318334 * sqrt(1.0x)
8.698224887528013 * sqrt(1.0x)
14.554670166380518 * sqrt(1.0x)
25.48869875273686 * sqrt(1.0x)
22.30407550727867 * sqrt(1.0x)
21.0948929916864 * sqrt(1.0x)
13.060293321829647 * sqrt(1.0x)
35.193908751677185 * sqrt(1.0x)
39.326478595888474 * sqrt(1.0x)
39.21938130938611 * sqrt(1.0x)
31.374569121923653 * sqrt(1.0x)
30.866827114031125 * sqrt(1.0x)
16.97484484452328 * sqrt(1.0x)
37.83605999346376 * sqrt(1.0x)
35.718726635611006 * sqrt(1.0x)
23.991962757001833 * sqrt(1.0x)
35.847788649861776 * sqrt(1.0x)
40.78528981099726 * sqrt(1.0x)
38.063854918102315 * sqrt(1.0x)
53.908395607641914 * sqrt(1.0x)
36.45262485662412 * sqrt(1.0x)
22.048851317726683 * sqrt(1.0x)
17.812107583586574 * sqrt(1.0x)
45.99972028923968 * sqrt(1.0x)
25.978856087445045 * sqrt(1.0x)
22.55206960463101 * sqrt(1.0x)
33.643847438338284 * sqrt(1.0x)
53.15995123876296 * sqrt(1.0x)
36.3761525234886 * sqrt(1.0x)
49.96642231460269 * sqrt(1.0x)
49.84826548173853 * sqrt(1.0x)
26.115839312234325 * sqrt(1.0x)
33.79260597631872 * sqrt(1.0x)
53.04008090933067 * sqrt(1.0x)
30.428762333344654 * sqrt(1.0x)
24.99387032405367 * sqrt(1.0x)
5.977928753039512 * sqrt(1.0x)
33.680874095899036 * sqrt(1.0x)
32.81950987218241 * sqrt(1.0x)
15.193074853540326 * sqrt(1.0x)
13.953797753165006 * sqrt(1.0x)
19.22916533938692 * sqrt(1.0x)
24.90641502400727 * sqrt(1.0x)
14.8688601922041 * sqrt(1.0x)
22.856268130019767 * sqrt(1.0x)
25.333304251649142 * sqrt(1.0x)
20.989934360112358 * sqrt(1.0x)
11.988129611104501 * sqrt(1.0x)
37.0188614701349 * sqrt(1.0x)
19.718782729931466 * sqrt(1.0x)
9.273835880051456 * sqrt(1.0x)
34.29975295655609 * sqrt(1.0x)
7.534973255429042 * sqrt(1.0x)
13.957687442260417 * sqrt(1.0x)
45.09564818707217 * sqrt(1.0x)
32.61648774282457 * sqrt(1.0x)
25.821123142632086 * sqrt(1.0x)
50.15613403157768 * sqrt(1.0x)
48.05315642499766 * sqrt(1.0x)
42.52469585867299 * sqrt(1.0x)
33.88896637989967 * sqrt(1.0x)
18.457428942360078 * sqrt(1.0x)
25.32080680971895 * sqrt(1.0x)
22.229555635037944 * sqrt(1.0x)
32.396701760713796 * sqrt(1.0x)
31.620427250125765 * sqrt(1.0x)
7.501490560439043 * sqrt(1.0x)
36.044419261319774 * sqrt(1.0x)
49.73614696150347 * sqrt(1.0x)
45.485496921890594 * sqrt(1.0x)
31.89764399671924 * sqrt(1.0x)
41.62045181208393 * sqrt(1.0x)
21.844608423713808 * sqrt(1.0x)
41.25698998179209 * sqrt(1.0x)
36.52426435478081 * sqrt(1.0x)
31.897670242717986 * sqrt(1.0x)
12.907896461204885 * sqrt(1.0x)
39.309280958306964 * sqrt(1.0x)
38.72802143676248 * sqrt(1.0x)
13.775086178826982 * sqrt(1.0x)
20.055950208446802 * sqrt(1.0x)
25.528634577159316 * sqrt(1.0x)
31.693350523350134 * sqrt(1.0x)
12.26768136980602 * sqrt(1.0x)
29.72658390553548 * sqrt(1.0x)
32.260163289714626 * sqrt(1.0x)
23.18129686425955 * sqrt(1.0x)
5.893267329093844 * sqrt(1.0x)
43.21029588040743 * sqrt(1.0x)
22.17019823960367 * sqrt(1.0x)
2.3566116249676377 * sqrt(1.0x)
41.0822198213408 * sqrt(1.0x)
13.837554201399497 * sqrt(1.0x)
12.46972163443261 * sqrt(1.0x)
24.9783339722461 * sqrt(1.0x)
13.896379978481452 * sqrt(1.0x)
9.859815301804346 * sqrt(1.0x)
29.858720654637526 * sqrt(1.0x)
27.911638834019353 * sqrt(1.0x)
28.41382795415931 * sqrt(1.0x)
14.14937508515176 * sqrt(1.0x)
4.32817729706385 * sqrt(1.0x)
10.295338797535381 * sqrt(1.0x)
23.32417462383471 * sqrt(1.0x)
12.856007706141051 * sqrt(1.0x)
13.443355891631759 * sqrt(1.0x)
17.99200302251032 * sqrt(1.0x)
27.16796056668771 * sqrt(1.0x)
30.259864269452404 * sqrt(1.0x)
27.260705046062387 * sqrt(1.0x)
24.068877807448413 * sqrt(1.0x)
23.85800538979954 * sqrt(1.0x)
7.913101271922825 * sqrt(1.0x)
27.422004250468518 * sqrt(1.0x)
construct_constant_piece in x1, x2 = 0.0, 1.0049766418133903e-5
construct_constant_piece in x1, x2 = 0.0, 1.0049766418133903e-5
construct_constant_piece in x1, x2 = 0.0, 1.0049766418133903e-5
construct_constant_piece in x1, x2 = 0.0, 1.0049766418133903e-5
construct_constant_piece in x1, x2 = 0.0, 1.0049766418133903e-5
construct_constant_piece in x1, x2 = 0.0, 1.0049766418133903e-5
construct_constant_piece in x1, x2 = 0.0, 1.0049766418133903e-5
construct_constant_piece in x1, x2 = 0.0, 1.0049766418133903e-5
construct_constant_piece in x1, x2 = 0.0, 1.0049766418133903e-5
construct_constant_piece in x1, x2 = 0.0, 1.0049766418133903e-5
construct_constant_piece in x1, x2 = 0.0, 1.0049766418133903e-5
construct_constant_piece in x1, x2 = 0.0, 1.0049766418133903e-5
construct_constant_piece in x1, x2 = 0.0, 1.0049766418133903e-5
construct_constant_piece in x1, x2 = 0.0, 1.0049766418133903e-5
construct_constant_piece in x1, x2 = 0.0, 1.0049766418133903e-5
construct_constant_piece in x1, x2 = 0.0, 1.0049766418133903e-5
construct_constant_piece in x1, x2 = 0.0, 1.0049766418133903e-5
construct_constant_piece in x1, x2 = 0.0, 1.0049766418133903e-5
construct_constant_piece in x1, x2 = 0.0, 1.0049766418133903e-5
construct_constant_piece in x1, x2 = 0.0, 1.0049766418133903e-5
construct_constant_piece in x1, x2 = 0.0, 1.0049766418133903e-5
construct_constant_piece in x1, x2 = 0.0, 1.0049766418133903e-5
construct_constant_piece in x1, x2 = 0.0, 1.0049766418133903e-5
construct_constant_piece in x1, x2 = 0.0, 1.0049766418133903e-5
construct_constant_piece in x1, x2 = 0.0, 1.0049766418133903e-5
construct_constant_piece in x1, x2 = 0.0, 1.0049766418133903e-5
construct_constant_piece in x1, x2 = 0.0, 1.0049766418133903e-5
construct_constant_piece in x1, x2 = 0.0, 1.0049766418133903e-5
construct_constant_piece in x1, x2 = 0.0, 1.0049766418133903e-5
construct_constant_piece in x1, x2 = 0.0, 1.0049766418133903e-5
construct_constant_piece in x1, x2 = 0.0, 1.0049766418133903e-5
construct_constant_piece in x1, x2 = 0.0, 1.0049766418133903e-5
construct_constant_piece in x1, x2 = 0.0, 1.0049766418133903e-5
construct_constant_piece in x1, x2 = 0.0, 1.0049766418133903e-5
construct_constant_piece in x1, x2 = 0.0, 1.0049766418133903e-5
construct_constant_piece in x1, x2 = 0.0, 1.0049766418133903e-5
construct_constant_piece in x1, x2 = 0.0, 1.0049766418133903e-5
construct_constant_piece in x1, x2 = 0.0, 1.0049766418133903e-5
construct_constant_piece in x1, x2 = 0.0, 1.0049766418133903e-5
construct_constant_piece in x1, x2 = 0.0, 1.0049766418133903e-5
construct_constant_piece in x1, x2 = 0.0, 1.0049766418133903e-5
construct_constant_piece in x1, x2 = 0.0, 1.0049766418133903e-5
construct_constant_piece in x1, x2 = 0.0, 1.0049766418133903e-5
construct_constant_piece in x1, x2 = 0.0, 1.0049766418133903e-5
construct_constant_piece in x1, x2 = 0.0, 1.0049766418133903e-5
construct_constant_piece in x1, x2 = 0.0, 1.0049766418133903e-5
construct_constant_piece in x1, x2 = 0.0, 1.0049766418133903e-5
construct_constant_piece in x1, x2 = 0.0, 1.0049766418133903e-5
construct_constant_piece in x1, x2 = 0.0, 1.0049766418133903e-5
construct_constant_piece in x1, x2 = 0.0, 1.0049766418133903e-5
construct_constant_piece in x1, x2 = 0.0, 1.0049766418133903e-5
construct_constant_piece in x1, x2 = 0.0, 1.0049766418133903e-5
construct_constant_piece in x1, x2 = 0.0, 1.0049766418133903e-5
construct_constant_piece in x1, x2 = 0.0, 1.0049766418133903e-5
construct_constant_piece in x1, x2 = 0.0, 1.0049766418133903e-5
construct_constant_piece in x1, x2 = 0.0, 1.0049766418133903e-5
construct_constant_piece in x1, x2 = 0.0, 1.0049766418133903e-5
construct_constant_piece in x1, x2 = 0.0, 1.0049766418133903e-5
construct_constant_piece in x1, x2 = 0.0, 1.0049766418133903e-5
construct_constant_piece in x1, x2 = 0.0, 1.0049766418133903e-5
construct_constant_piece in x1, x2 = 0.0, 1.0049766418133903e-5
construct_constant_piece in x1, x2 = 0.0, 1.0049766418133903e-5
construct_constant_piece in x1, x2 = 0.0, 1.0049766418133903e-5
construct_constant_piece in x1, x2 = 0.0, 1.0049766418133903e-5
construct_constant_piece in x1, x2 = 0.0, 1.0049766418133903e-5
construct_constant_piece in x1, x2 = 0.0, 1.0049766418133903e-5
construct_constant_piece in x1, x2 = 0.0, 1.0049766418133903e-5
construct_constant_piece in x1, x2 = 0.0, 1.0049766418133903e-5
construct_constant_piece in x1, x2 = 0.0, 1.0049766418133903e-5
construct_constant_piece in x1, x2 = 0.0, 1.0049766418133903e-5
construct_constant_piece in x1, x2 = 0.0, 1.0049766418133903e-5
construct_constant_piece in x1, x2 = 0.0, 1.0049766418133903e-5
construct_constant_piece in x1, x2 = 0.0, 1.0049766418133903e-5
construct_constant_piece in x1, x2 = 0.0, 1.0049766418133903e-5
construct_constant_piece in x1, x2 = 0.0, 1.0049766418133903e-5
construct_constant_piece in x1, x2 = 0.0, 1.0049766418133903e-5
construct_constant_piece in x1, x2 = 0.0, 1.0049766418133903e-5
construct_constant_piece in x1, x2 = 0.0, 1.0049766418133903e-5
construct_constant_piece in x1, x2 = 0.0, 1.0049766418133903e-5
construct_constant_piece in x1, x2 = 0.0, 1.0049766418133903e-5
construct_constant_piece in x1, x2 = 0.0, 1.0049766418133903e-5
construct_constant_piece in x1, x2 = 0.0, 1.0049766418133903e-5
construct_constant_piece in x1, x2 = 0.0, 1.0049766418133903e-5
construct_constant_piece in x1, x2 = 0.0, 1.0049766418133903e-5
construct_constant_piece in x1, x2 = 0.0, 1.0049766418133903e-5
construct_constant_piece in x1, x2 = 0.0, 1.0049766418133903e-5
construct_constant_piece in x1, x2 = 0.0, 1.0049766418133903e-5
construct_constant_piece in x1, x2 = 0.0, 1.0049766418133903e-5
construct_constant_piece in x1, x2 = 0.0, 1.0049766418133903e-5
construct_constant_piece in x1, x2 = 0.0, 1.0049766418133903e-5
construct_constant_piece in x1, x2 = 0.0, 1.0049766418133903e-5
construct_constant_piece in x1, x2 = 0.0, 1.0049766418133903e-5
construct_constant_piece in x1, x2 = 0.0, 1.0049766418133903e-5
construct_constant_piece in x1, x2 = 0.0, 1.0049766418133903e-5
construct_constant_piece in x1, x2 = 0.0, 1.0049766418133903e-5
construct_constant_piece in x1, x2 = 0.0, 1.0049766418133903e-5
construct_constant_piece in x1, x2 = 0.0, 1.0049766418133903e-5
construct_constant_piece in x1, x2 = 0.0, 1.0049766418133903e-5
construct_constant_piece in x1, x2 = 0.0, 1.0049766418133903e-5
construct_constant_piece in x1, x2 = 0.0, 1.0049766418133903e-5
construct_constant_piece in x1, x2 = 0.0, 1.0049766418133903e-5
construct_constant_piece in x1, x2 = 0.0, 1.0049766418133903e-5
construct_constant_piece in x1, x2 = 0.0, 1.0049766418133903e-5
construct_constant_piece in x1, x2 = 0.0, 1.0049766418133903e-5
construct_constant_piece in x1, x2 = 0.0, 1.0049766418133903e-5
construct_constant_piece in x1, x2 = 0.0, 1.0049766418133903e-5
construct_constant_piece in x1, x2 = 0.0, 1.0049766418133903e-5
construct_constant_piece in x1, x2 = 0.0, 1.0049766418133903e-5
construct_constant_piece in x1, x2 = 0.0, 1.0049766418133903e-5
construct_constant_piece in x1, x2 = 0.0, 1.0049766418133903e-5
construct_constant_piece in x1, x2 = 0.0, 1.0049766418133903e-5
construct_constant_piece in x1, x2 = 0.0, 1.0049766418133903e-5
construct_constant_piece in x1, x2 = 0.0, 1.0049766418133903e-5
construct_constant_piece in x1, x2 = 0.0, 1.0049766418133903e-5
construct_constant_piece in x1, x2 = 0.0, 1.0049766418133903e-5
construct_constant_piece in x1, x2 = 0.0, 1.0049766418133903e-5
construct_constant_piece in x1, x2 = 0.0, 1.0049766418133903e-5
construct_constant_piece in x1, x2 = 0.0, 1.0049766418133903e-5
construct_constant_piece in x1, x2 = 0.0, 1.0049766418133903e-5
construct_constant_piece in x1, x2 = 0.0, 1.0049766418133903e-5
construct_constant_piece in x1, x2 = 0.0, 1.0049766418133903e-5
construct_constant_piece in x1, x2 = 0.0, 1.0049766418133903e-5
construct_constant_piece in x1, x2 = 0.0, 1.0049766418133903e-5
construct_constant_piece in x1, x2 = 0.0, 1.0049766418133903e-5
construct_constant_piece in x1, x2 = 0.0, 1.0049766418133903e-5
construct_constant_piece in x1, x2 = 0.0, 1.0049766418133903e-5
construct_constant_piece in x1, x2 = 0.0, 1.0049766418133903e-5
construct_constant_piece in x1, x2 = 0.0, 1.0049766418133903e-5
construct_constant_piece in x1, x2 = 0.0, 1.0049766418133903e-5
construct_constant_piece in x1, x2 = 0.0, 1.0049766418133903e-5
construct_constant_piece in x1, x2 = 0.0, 1.0049766418133903e-5
construct_constant_piece in x1, x2 = 0.0, 1.0049766418133903e-5
construct_constant_piece in x1, x2 = 0.0, 1.0049766418133903e-5
construct_constant_piece in x1, x2 = 0.0, 1.0049766418133903e-5
construct_constant_piece in x1, x2 = 0.0, 1.0049766418133903e-5
construct_constant_piece in x1, x2 = 0.0, 1.0049766418133903e-5
construct_constant_piece in x1, x2 = 0.0, 1.0049766418133903e-5
construct_constant_piece in x1, x2 = 0.0, 1.0049766418133903e-5
construct_constant_piece in x1, x2 = 0.0, 1.0049766418133903e-5
construct_constant_piece in x1, x2 = 0.0, 1.0049766418133903e-5
construct_constant_piece in x1, x2 = 0.0, 1.0049766418133903e-5
construct_constant_piece in x1, x2 = 0.0, 1.0049766418133903e-5
construct_constant_piece in x1, x2 = 0.0, 1.0049766418133903e-5
construct_constant_piece in x1, x2 = 0.0, 1.0049766418133903e-5
construct_constant_piece in x1, x2 = 0.0, 1.0049766418133903e-5
construct_constant_piece in x1, x2 = 0.0, 1.0049766418133903e-5
construct_constant_piece in x1, x2 = 0.0, 1.0049766418133903e-5
construct_constant_piece in x1, x2 = 0.0, 1.0049766418133903e-5
construct_constant_piece in x1, x2 = 0.0, 1.0049766418133903e-5
construct_constant_piece in x1, x2 = 0.0, 1.0049766418133903e-5
construct_constant_piece in x1, x2 = 0.0, 1.0049766418133903e-5
construct_constant_piece in x1, x2 = 0.0, 1.0049766418133903e-5
construct_constant_piece in x1, x2 = 0.0, 1.0049766418133903e-5
construct_constant_piece in x1, x2 = 0.0, 1.0049766418133903e-5
construct_constant_piece in x1, x2 = 0.0, 1.0049766418133903e-5
construct_constant_piece in x1, x2 = 0.0, 1.0049766418133903e-5
construct_constant_piece in x1, x2 = 0.0, 1.0049766418133903e-5
construct_constant_piece in x1, x2 = 0.0, 1.0049766418133903e-5
construct_constant_piece in x1, x2 = 0.0, 1.0049766418133903e-5
construct_constant_piece in x1, x2 = 0.0, 1.0049766418133903e-5
construct_constant_piece in x1, x2 = 0.0, 1.0049766418133903e-5
construct_constant_piece in x1, x2 = 0.0, 1.0049766418133903e-5
construct_constant_piece in x1, x2 = 0.0, 1.0049766418133903e-5
construct_constant_piece in x1, x2 = 0.0, 1.0049766418133903e-5
construct_constant_piece in x1, x2 = 0.0, 1.0049766418133903e-5
construct_constant_piece in x1, x2 = 0.0, 1.0049766418133903e-5
construct_constant_piece in x1, x2 = 0.0, 1.0049766418133903e-5
construct_constant_piece in x1, x2 = 0.0, 1.0049766418133903e-5
construct_constant_piece in x1, x2 = 0.0, 1.0049766418133903e-5
construct_constant_piece in x1, x2 = 0.0, 1.0049766418133903e-5
construct_constant_piece in x1, x2 = 0.0, 1.0049766418133903e-5
construct_constant_piece in x1, x2 = 0.0, 1.0049766418133903e-5
construct_constant_piece in x1, x2 = 0.0, 1.0049766418133903e-5
construct_constant_piece in x1, x2 = 0.0, 1.0049766418133903e-5
construct_constant_piece in x1, x2 = 0.0, 1.0049766418133903e-5
construct_constant_piece in x1, x2 = 0.0, 1.0049766418133903e-5
construct_constant_piece in x1, x2 = 0.0, 1.0049766418133903e-5
construct_constant_piece in x1, x2 = 0.0, 1.0049766418133903e-5
construct_constant_piece in x1, x2 = 0.0, 1.0049766418133903e-5
construct_constant_piece in x1, x2 = 0.0, 1.0049766418133903e-5
construct_constant_piece in x1, x2 = 0.0, 1.0049766418133903e-5
construct_constant_piece in x1, x2 = 0.0, 1.0049766418133903e-5
construct_constant_piece in x1, x2 = 0.0, 1.0049766418133903e-5
construct_constant_piece in x1, x2 = 0.0, 1.0049766418133903e-5
construct_constant_piece in x1, x2 = 0.0, 1.0049766418133903e-5
construct_constant_piece in x1, x2 = 0.0, 1.0049766418133903e-5
construct_constant_piece in x1, x2 = 0.0, 1.0049766418133903e-5
construct_constant_piece in x1, x2 = 0.0, 1.0049766418133903e-5
construct_constant_piece in x1, x2 = 0.0, 1.0049766418133903e-5
construct_constant_piece in x1, x2 = 0.0, 1.0049766418133903e-5
construct_constant_piece in x1, x2 = 0.0, 1.0049766418133903e-5
construct_constant_piece in x1, x2 = 0.0, 1.0049766418133903e-5
construct_constant_piece in x1, x2 = 0.0, 1.0049766418133903e-5
construct_constant_piece in x1, x2 = 0.0, 1.0049766418133903e-5
construct_constant_piece in x1, x2 = 0.0, 1.0049766418133903e-5
construct_constant_piece in x1, x2 = 0.0, 1.0049766418133903e-5
construct_constant_piece in x1, x2 = 0.0, 1.0049766418133903e-5
construct_constant_piece in x1, x2 = 0.0, 1.0049766418133903e-5
construct_constant_piece in x1, x2 = 0.0, 1.0049766418133903e-5
construct_constant_piece in x1, x2 = 0.0, 1.0049766418133903e-5
construct_constant_piece in x1, x2 = 0.0, 1.0049766418133903e-5
construct_constant_piece in x1, x2 = 0.0, 1.0049766418133903e-5
construct_constant_piece in x1, x2 = 0.0, 1.0049766418133903e-5
construct_constant_piece in x1, x2 = 0.0, 1.0049766418133903e-5
construct_constant_piece in x1, x2 = 0.0, 1.0049766418133903e-5
construct_constant_piece in x1, x2 = 0.0, 1.0049766418133903e-5
construct_constant_piece in x1, x2 = 0.0, 1.0049766418133903e-5
construct_constant_piece in x1, x2 = 0.0, 1.0049766418133903e-5
construct_constant_piece in x1, x2 = 0.0, 1.0049766418133903e-5
construct_constant_piece in x1, x2 = 0.0, 1.0049766418133903e-5
construct_constant_piece in x1, x2 = 0.0, 1.0049766418133903e-5
construct_constant_piece in x1, x2 = 0.0, 1.0049766418133903e-5
construct_constant_piece in x1, x2 = 0.0, 1.0049766418133903e-5
construct_constant_piece in x1, x2 = 0.0, 1.0049766418133903e-5
construct_constant_piece in x1, x2 = 0.0, 1.0049766418133903e-5
construct_constant_piece in x1, x2 = 0.0, 1.0049766418133903e-5
construct_constant_piece in x1, x2 = 0.0, 1.0049766418133903e-5
construct_constant_piece in x1, x2 = 0.0, 1.0049766418133903e-5
construct_constant_piece in x1, x2 = 0.0, 1.0049766418133903e-5
construct_constant_piece in x1, x2 = 0.0, 1.0049766418133903e-5
construct_constant_piece in x1, x2 = 0.0, 1.0049766418133903e-5
construct_constant_piece in x1, x2 = 0.0, 1.0049766418133903e-5
construct_constant_piece in x1, x2 = 0.0, 1.0049766418133903e-5
construct_constant_piece in x1, x2 = 0.0, 1.0049766418133903e-5
construct_constant_piece in x1, x2 = 0.0, 1.0049766418133903e-5
construct_constant_piece in x1, x2 = 0.0, 1.0049766418133903e-5
construct_constant_piece in x1, x2 = 0.0, 1.0049766418133903e-5
construct_constant_piece in x1, x2 = 0.0, 1.0049766418133903e-5
construct_constant_piece in x1, x2 = 0.0, 1.0049766418133903e-5
construct_constant_piece in x1, x2 = 0.0, 1.0049766418133903e-5
construct_constant_piece in x1, x2 = 0.0, 1.0049766418133903e-5
construct_constant_piece in x1, x2 = 0.0, 1.0049766418133903e-5
construct_constant_piece in x1, x2 = 0.0, 1.0049766418133903e-5
construct_constant_piece in x1, x2 = 0.0, 1.0049766418133903e-5
construct_constant_piece in x1, x2 = 0.0, 1.0049766418133903e-5
construct_constant_piece in x1, x2 = 0.0, 1.0049766418133903e-5
construct_constant_piece in x1, x2 = 0.0, 1.0049766418133903e-5
construct_constant_piece in x1, x2 = 0.0, 1.0049766418133903e-5
construct_constant_piece in x1, x2 = 0.0, 1.0049766418133903e-5
construct_constant_piece in x1, x2 = 0.0, 1.0049766418133903e-5
construct_constant_piece in x1, x2 = 0.0, 1.0049766418133903e-5
construct_constant_piece in x1, x2 = 0.0, 1.0049766418133903e-5
construct_constant_piece in x1, x2 = 0.0, 1.0049766418133903e-5
construct_constant_piece in x1, x2 = 0.0, 1.0049766418133903e-5
construct_constant_piece in x1, x2 = 0.0, 1.0049766418133903e-5
construct_constant_piece in x1, x2 = 0.0, 1.0049766418133903e-5
construct_constant_piece in x1, x2 = 0.0, 1.0049766418133903e-5
construct_constant_piece in x1, x2 = 0.0, 1.0049766418133903e-5
construct_constant_piece in x1, x2 = 0.0, 1.0049766418133903e-5
construct_constant_piece in x1, x2 = 0.0, 1.0049766418133903e-5
construct_constant_piece in x1, x2 = 0.0, 1.0049766418133903e-5
construct_constant_piece in x1, x2 = 0.0, 1.0049766418133903e-5
construct_constant_piece in x1, x2 = 0.0, 1.0049766418133903e-5
construct_constant_piece in x1, x2 = 0.0, 1.0049766418133903e-5
construct_constant_piece in x1, x2 = 0.0, 1.0049766418133903e-5
construct_constant_piece in x1, x2 = 0.0, 1.0049766418133903e-5
construct_constant_piece in x1, x2 = 0.0, 1.0049766418133903e-5
construct_constant_piece in x1, x2 = 0.0, 1.0049766418133903e-5
construct_constant_piece in x1, x2 = 0.0, 1.0049766418133903e-5
construct_constant_piece in x1, x2 = 0.0, 1.0049766418133903e-5
construct_constant_piece in x1, x2 = 0.0, 1.0049766418133903e-5
construct_constant_piece in x1, x2 = 0.0, 1.0049766418133903e-5
construct_constant_piece in x1, x2 = 0.0, 1.0049766418133903e-5
construct_constant_piece in x1, x2 = 0.0, 1.0049766418133903e-5
construct_constant_piece in x1, x2 = 0.0, 1.0049766418133903e-5
construct_constant_piece in x1, x2 = 0.0, 1.0049766418133903e-5
construct_constant_piece in x1, x2 = 0.0, 1.0049766418133903e-5
construct_constant_piece in x1, x2 = 0.0, 1.0049766418133903e-5
construct_constant_piece in x1, x2 = 0.0, 1.0049766418133903e-5
construct_constant_piece in x1, x2 = 0.0, 1.0049766418133903e-5
construct_constant_piece in x1, x2 = 0.0, 1.0049766418133903e-5
construct_constant_piece in x1, x2 = 0.0, 1.0049766418133903e-5
construct_constant_piece in x1, x2 = 0.0, 1.0049766418133903e-5
construct_constant_piece in x1, x2 = 0.0, 1.0049766418133903e-5
construct_constant_piece in x1, x2 = 0.0, 1.0049766418133903e-5
construct_constant_piece in x1, x2 = 0.0, 1.0049766418133903e-5
construct_constant_piece in x1, x2 = 0.0, 1.0049766418133903e-5
construct_constant_piece in x1, x2 = 0.0, 1.0049766418133903e-5
construct_constant_piece in x1, x2 = 0.0, 1.0049766418133903e-5
construct_constant_piece in x1, x2 = 0.0, 1.0049766418133903e-5
construct_constant_piece in x1, x2 = 0.0, 1.0049766418133903e-5
construct_constant_piece in x1, x2 = 0.0, 1.0049766418133903e-5
construct_constant_piece in x1, x2 = 0.0, 1.0049766418133903e-5
construct_constant_piece in x1, x2 = 0.0, 1.0049766418133903e-5
construct_constant_piece in x1, x2 = 0.0, 1.0049766418133903e-5
construct_constant_piece in x1, x2 = 0.0, 1.0049766418133903e-5
construct_constant_piece in x1, x2 = 0.0, 1.0049766418133903e-5
construct_constant_piece in x1, x2 = 0.0, 1.0049766418133903e-5
construct_constant_piece in x1, x2 = 0.0, 1.0049766418133903e-5
construct_constant_piece in x1, x2 = 0.0, 1.0049766418133903e-5
construct_constant_piece in x1, x2 = 0.0, 1.0049766418133903e-5
construct_constant_piece in x1, x2 = 0.0, 1.0049766418133903e-5
construct_constant_piece in x1, x2 = 0.0, 1.0049766418133903e-5
construct_constant_piece in x1, x2 = 0.0, 1.0049766418133903e-5
construct_constant_piece in x1, x2 = 0.0, 1.0049766418133903e-5
construct_constant_piece in x1, x2 = 0.0, 1.0049766418133903e-5
construct_constant_piece in x1, x2 = 0.0, 1.0049766418133903e-5
construct_constant_piece in x1, x2 = 0.0, 1.0049766418133903e-5
construct_constant_piece in x1, x2 = 0.0, 1.0049766418133903e-5
construct_constant_piece in x1, x2 = 0.0, 1.0049766418133903e-5
construct_constant_piece in x1, x2 = 0.0, 1.0049766418133903e-5
construct_constant_piece in x1, x2 = 0.0, 1.0049766418133903e-5
construct_constant_piece in x1, x2 = 0.0, 1.0049766418133903e-5
construct_constant_piece in x1, x2 = 0.0, 1.0049766418133903e-5
construct_constant_piece in x1, x2 = 0.0, 1.0049766418133903e-5
construct_constant_piece in x1, x2 = 0.0, 1.0049766418133903e-5
construct_constant_piece in x1, x2 = 0.0, 1.0049766418133903e-5
construct_constant_piece in x1, x2 = 0.0, 1.0049766418133903e-5
construct_constant_piece in x1, x2 = 0.0, 1.0049766418133903e-5
construct_constant_piece in x1, x2 = 0.0, 1.0049766418133903e-5
construct_constant_piece in x1, x2 = 0.0, 1.0049766418133903e-5
construct_constant_piece in x1, x2 = 0.0, 1.0049766418133903e-5
construct_constant_piece in x1, x2 = 0.0, 1.0049766418133903e-5
construct_constant_piece in x1, x2 = 0.0, 1.0049766418133903e-5
construct_constant_piece in x1, x2 = 0.0, 1.0049766418133903e-5
construct_constant_piece in x1, x2 = 0.0, 1.0049766418133903e-5
construct_constant_piece in x1, x2 = 0.0, 1.0049766418133903e-5
construct_constant_piece in x1, x2 = 0.0, 1.0049766418133903e-5
construct_constant_piece in x1, x2 = 0.0, 1.0049766418133903e-5
construct_constant_piece in x1, x2 = 0.0, 1.0049766418133903e-5
construct_constant_piece in x1, x2 = 0.0, 1.0049766418133903e-5
construct_constant_piece in x1, x2 = 0.0, 1.0049766418133903e-5
construct_constant_piece in x1, x2 = 0.0, 1.0049766418133903e-5
construct_constant_piece in x1, x2 = 0.0, 1.0049766418133903e-5
construct_constant_piece in x1, x2 = 0.0, 1.0049766418133903e-5
construct_constant_piece in x1, x2 = 0.0, 1.0049766418133903e-5
construct_constant_piece in x1, x2 = 0.0, 1.0049766418133903e-5
construct_constant_piece in x1, x2 = 0.0, 1.0049766418133903e-5
construct_constant_piece in x1, x2 = 0.0, 1.0049766418133903e-5
construct_constant_piece in x1, x2 = 0.0, 1.0049766418133903e-5
construct_constant_piece in x1, x2 = 0.0, 1.0049766418133903e-5
construct_constant_piece in x1, x2 = 0.0, 1.0049766418133903e-5
construct_constant_piece in x1, x2 = 0.0, 1.0049766418133903e-5
construct_constant_piece in x1, x2 = 0.0, 1.0049766418133903e-5
construct_constant_piece in x1, x2 = 0.0, 1.0049766418133903e-5
construct_constant_piece in x1, x2 = 0.0, 1.0049766418133903e-5
construct_constant_piece in x1, x2 = 0.0, 1.0049766418133903e-5
construct_constant_piece in x1, x2 = 0.0, 1.0049766418133903e-5
construct_constant_piece in x1, x2 = 0.0, 1.0049766418133903e-5
construct_constant_piece in x1, x2 = 0.0, 1.0049766418133903e-5
construct_constant_piece in x1, x2 = 0.0, 1.0049766418133903e-5
construct_constant_piece in x1, x2 = 0.0, 1.0049766418133903e-5
construct_constant_piece in x1, x2 = 0.0, 1.0049766418133903e-5
construct_constant_piece in x1, x2 = 0.0, 1.0049766418133903e-5
construct_constant_piece in x1, x2 = 0.0, 1.0049766418133903e-5
construct_constant_piece in x1, x2 = 0.0, 1.0049766418133903e-5
construct_constant_piece in x1, x2 = 0.0, 1.0049766418133903e-5
construct_constant_piece in x1, x2 = 0.0, 1.0049766418133903e-5
construct_constant_piece in x1, x2 = 0.0, 1.0049766418133903e-5
construct_constant_piece in x1, x2 = 0.0, 1.0049766418133903e-5
construct_constant_piece in x1, x2 = 0.0, 1.0049766418133903e-5
construct_constant_piece in x1, x2 = 0.0, 1.0049766418133903e-5
construct_constant_piece in x1, x2 = 0.0, 1.0049766418133903e-5
construct_constant_piece in x1, x2 = 0.0, 1.0049766418133903e-5
construct_constant_piece in x1, x2 = 0.0, 1.0049766418133903e-5
construct_constant_piece in x1, x2 = 0.0, 1.0049766418133903e-5
construct_constant_piece in x1, x2 = 0.0, 1.0049766418133903e-5
construct_constant_piece in x1, x2 = 0.0, 1.0049766418133903e-5
construct_constant_piece in x1, x2 = 0.0, 1.0049766418133903e-5
construct_constant_piece in x1, x2 = 0.0, 1.0049766418133903e-5
construct_constant_piece in x1, x2 = 0.0, 1.0049766418133903e-5
construct_constant_piece in x1, x2 = 0.0, 1.0049766418133903e-5
construct_constant_piece in x1, x2 = 0.0, 1.0049766418133903e-5
construct_constant_piece in x1, x2 = 0.0, 1.0049766418133903e-5
construct_constant_piece in x1, x2 = 0.0, 1.0049766418133903e-5
construct_constant_piece in x1, x2 = 0.0, 1.0049766418133903e-5
construct_constant_piece in x1, x2 = 0.0, 1.0049766418133903e-5
construct_constant_piece in x1, x2 = 0.0, 1.0049766418133903e-5
construct_constant_piece in x1, x2 = 0.0, 1.0049766418133903e-5
construct_constant_piece in x1, x2 = 0.0, 1.0049766418133903e-5
construct_constant_piece in x1, x2 = 0.0, 1.0049766418133903e-5
construct_constant_piece in x1, x2 = 0.0, 1.0049766418133903e-5
construct_constant_piece in x1, x2 = 0.0, 1.0049766418133903e-5
construct_constant_piece in x1, x2 = 0.0, 1.0049766418133903e-5
construct_constant_piece in x1, x2 = 0.0, 1.0049766418133903e-5
construct_constant_piece in x1, x2 = 0.0, 1.0049766418133903e-5
construct_constant_piece in x1, x2 = 0.0, 1.0049766418133903e-5
construct_constant_piece in x1, x2 = 0.0, 1.0049766418133903e-5
construct_constant_piece in x1, x2 = 0.0, 1.0049766418133903e-5
construct_constant_piece in x1, x2 = 0.0, 1.0049766418133903e-5
construct_constant_piece in x1, x2 = 0.0, 1.0049766418133903e-5
construct_constant_piece in x1, x2 = 0.0, 1.0049766418133903e-5
construct_constant_piece in x1, x2 = 0.0, 1.0049766418133903e-5
construct_constant_piece in x1, x2 = 0.0, 1.0049766418133903e-5
construct_constant_piece in x1, x2 = 0.0, 1.0049766418133903e-5
construct_constant_piece in x1, x2 = 0.0, 1.0049766418133903e-5
construct_constant_piece in x1, x2 = 0.0, 1.0049766418133903e-5
construct_constant_piece in x1, x2 = 0.0, 1.0049766418133903e-5
construct_constant_piece in x1, x2 = 0.0, 1.0049766418133903e-5
construct_constant_piece in x1, x2 = 0.0, 1.0049766418133903e-5
construct_constant_piece in x1, x2 = 0.0, 1.0049766418133903e-5
construct_constant_piece in x1, x2 = 0.0, 1.0049766418133903e-5
construct_constant_piece in x1, x2 = 0.0, 1.0049766418133903e-5
construct_constant_piece in x1, x2 = 0.0, 1.0049766418133903e-5
construct_constant_piece in x1, x2 = 0.0, 1.0049766418133903e-5
construct_constant_piece in x1, x2 = 0.0, 1.0049766418133903e-5
construct_constant_piece in x1, x2 = 0.0, 1.0049766418133903e-5
construct_constant_piece in x1, x2 = 0.0, 1.0049766418133903e-5
construct_constant_piece in x1, x2 = 0.0, 1.0049766418133903e-5
construct_constant_piece in x1, x2 = 0.0, 1.0049766418133903e-5
construct_constant_piece in x1, x2 = 0.0, 1.0049766418133903e-5
construct_constant_piece in x1, x2 = 0.0, 1.0049766418133903e-5
construct_constant_piece in x1, x2 = 0.0, 1.0049766418133903e-5
construct_constant_piece in x1, x2 = 0.0, 1.0049766418133903e-5
construct_constant_piece in x1, x2 = 0.0, 1.0049766418133903e-5
construct_constant_piece in x1, x2 = 0.0, 1.0049766418133903e-5
construct_constant_piece in x1, x2 = 0.0, 1.0049766418133903e-5
construct_constant_piece in x1, x2 = 0.0, 1.0049766418133903e-5
construct_constant_piece in x1, x2 = 0.0, 1.0049766418133903e-5
construct_constant_piece in x1, x2 = 0.0, 1.0049766418133903e-5
construct_constant_piece in x1, x2 = 0.0, 1.0049766418133903e-5
construct_constant_piece in x1, x2 = 0.0, 1.0049766418133903e-5
construct_constant_piece in x1, x2 = 0.0, 1.0049766418133903e-5
construct_constant_piece in x1, x2 = 0.0, 1.0049766418133903e-5
construct_constant_piece in x1, x2 = 0.0, 1.0049766418133903e-5
construct_constant_piece in x1, x2 = 0.0, 1.0049766418133903e-5
construct_constant_piece in x1, x2 = 0.0, 1.0049766418133903e-5
construct_constant_piece in x1, x2 = 0.0, 1.0049766418133903e-5
construct_constant_piece in x1, x2 = 0.0, 1.0049766418133903e-5
construct_constant_piece in x1, x2 = 0.0, 1.0049766418133903e-5
construct_constant_piece in x1, x2 = 0.0, 1.0049766418133903e-5
construct_constant_piece in x1, x2 = 0.0, 1.0049766418133903e-5
construct_constant_piece in x1, x2 = 0.0, 1.0049766418133903e-5
construct_constant_piece in x1, x2 = 0.0, 1.0049766418133903e-5
construct_constant_piece in x1, x2 = 0.0, 1.0049766418133903e-5
construct_constant_piece in x1, x2 = 0.0, 1.0049766418133903e-5
construct_constant_piece in x1, x2 = 0.0, 1.0049766418133903e-5
construct_constant_piece in x1, x2 = 0.0, 1.0049766418133903e-5
construct_constant_piece in x1, x2 = 0.0, 1.0049766418133903e-5
construct_constant_piece in x1, x2 = 0.0, 1.0049766418133903e-5
construct_constant_piece in x1, x2 = 0.0, 1.0049766418133903e-5
construct_constant_piece in x1, x2 = 0.0, 1.0049766418133903e-5
construct_constant_piece in x1, x2 = 0.0, 1.0049766418133903e-5
construct_constant_piece in x1, x2 = 0.0, 1.0049766418133903e-5
construct_constant_piece in x1, x2 = 0.0, 1.0049766418133903e-5
construct_constant_piece in x1, x2 = 0.0, 1.0049766418133903e-5
construct_constant_piece in x1, x2 = 0.0, 1.0049766418133903e-5
construct_constant_piece in x1, x2 = 0.0, 1.0049766418133903e-5
construct_constant_piece in x1, x2 = 0.0, 1.0049766418133903e-5
construct_constant_piece in x1, x2 = 0.0, 1.0049766418133903e-5
construct_constant_piece in x1, x2 = 0.0, 1.0049766418133903e-5
construct_constant_piece in x1, x2 = 0.0, 1.0049766418133903e-5
construct_constant_piece in x1, x2 = 0.0, 1.0049766418133903e-5
construct_constant_piece in x1, x2 = 0.0, 1.0049766418133903e-5
construct_constant_piece in x1, x2 = 0.0, 1.0049766418133903e-5
construct_constant_piece in x1, x2 = 0.0, 1.0049766418133903e-5
construct_constant_piece in x1, x2 = 0.0, 1.0049766418133903e-5
construct_constant_piece in x1, x2 = 0.0, 1.0049766418133903e-5
construct_constant_piece in x1, x2 = 0.0, 1.0049766418133903e-5
construct_constant_piece in x1, x2 = 0.0, 1.0049766418133903e-5
construct_constant_piece in x1, x2 = 0.0, 1.0049766418133903e-5
construct_constant_piece in x1, x2 = 0.0, 1.0049766418133903e-5
construct_constant_piece in x1, x2 = 0.0, 1.0049766418133903e-5
construct_constant_piece in x1, x2 = 0.0, 1.0049766418133903e-5
construct_constant_piece in x1, x2 = 0.0, 1.0049766418133903e-5
construct_constant_piece in x1, x2 = 0.0, 1.0049766418133903e-5
construct_constant_piece in x1, x2 = 0.0, 1.0049766418133903e-5
construct_constant_piece in x1, x2 = 0.0, 1.0049766418133903e-5
construct_constant_piece in x1, x2 = 0.0, 1.0049766418133903e-5
construct_constant_piece in x1, x2 = 0.0, 1.0049766418133903e-5
construct_constant_piece in x1, x2 = 0.0, 1.0049766418133903e-5
construct_constant_piece in x1, x2 = 0.0, 1.0049766418133903e-5
construct_constant_piece in x1, x2 = 0.0, 1.0049766418133903e-5
construct_constant_piece in x1, x2 = 0.0, 1.0049766418133903e-5
construct_constant_piece in x1, x2 = 0.0, 1.0049766418133903e-5
construct_constant_piece in x1, x2 = 0.0, 1.0049766418133903e-5
construct_constant_piece in x1, x2 = 0.0, 1.0049766418133903e-5
construct_constant_piece in x1, x2 = 0.0, 1.0049766418133903e-5
construct_constant_piece in x1, x2 = 0.0, 1.0049766418133903e-5
construct_constant_piece in x1, x2 = 0.0, 1.0049766418133903e-5
construct_constant_piece in x1, x2 = 0.0, 1.0049766418133903e-5
construct_constant_piece in x1, x2 = 0.0, 1.0049766418133903e-5
construct_constant_piece in x1, x2 = 0.0, 1.0049766418133903e-5
construct_constant_piece in x1, x2 = 0.0, 1.0049766418133903e-5
construct_constant_piece in x1, x2 = 0.0, 1.0049766418133903e-5
construct_constant_piece in x1, x2 = 0.0, 1.0049766418133903e-5
construct_constant_piece in x1, x2 = 0.0, 1.0049766418133903e-5
construct_constant_piece in x1, x2 = 0.0, 1.0049766418133903e-5
construct_constant_piece in x1, x2 = 0.0, 1.0049766418133903e-5
construct_constant_piece in x1, x2 = 0.0, 1.0049766418133903e-5
construct_constant_piece in x1, x2 = 0.0, 1.0049766418133903e-5
construct_constant_piece in x1, x2 = 0.0, 1.0049766418133903e-5
construct_constant_piece in x1, x2 = 0.0, 1.0049766418133903e-5
construct_constant_piece in x1, x2 = 0.0, 1.0049766418133903e-5
construct_constant_piece in x1, x2 = 0.0, 1.0049766418133903e-5
construct_constant_piece in x1, x2 = 0.0, 1.0049766418133903e-5
construct_constant_piece in x1, x2 = 0.0, 1.0049766418133903e-5
construct_constant_piece in x1, x2 = 0.0, 1.0049766418133903e-5
construct_constant_piece in x1, x2 = 0.0, 1.0049766418133903e-5
construct_constant_piece in x1, x2 = 0.0, 1.0049766418133903e-5
construct_constant_piece in x1, x2 = 0.0, 1.0049766418133903e-5
construct_constant_piece in x1, x2 = 0.0, 1.0049766418133903e-5
construct_constant_piece in x1, x2 = 0.0, 1.0049766418133903e-5
construct_constant_piece in x1, x2 = 0.0, 1.0049766418133903e-5
construct_constant_piece in x1, x2 = 0.0, 1.0049766418133903e-5
construct_constant_piece in x1, x2 = 0.0, 1.0049766418133903e-5
construct_constant_piece in x1, x2 = 0.0, 1.0049766418133903e-5
construct_constant_piece in x1, x2 = 0.0, 1.0049766418133903e-5
construct_constant_piece in x1, x2 = 0.0, 1.0049766418133903e-5
construct_constant_piece in x1, x2 = 0.0, 1.0049766418133903e-5
construct_constant_piece in x1, x2 = 0.0, 1.0049766418133903e-5
construct_constant_piece in x1, x2 = 0.0, 1.0049766418133903e-5
construct_constant_piece in x1, x2 = 0.0, 1.0049766418133903e-5
construct_constant_piece in x1, x2 = 0.0, 1.0049766418133903e-5
construct_constant_piece in x1, x2 = 0.0, 1.0049766418133903e-5
construct_constant_piece in x1, x2 = 0.0, 1.0049766418133903e-5
construct_constant_piece in x1, x2 = 0.0, 1.0049766418133903e-5
construct_constant_piece in x1, x2 = 0.0, 1.0049766418133903e-5
construct_constant_piece in x1, x2 = 0.0, 1.0049766418133903e-5
construct_constant_piece in x1, x2 = 0.0, 1.0049766418133903e-5
construct_constant_piece in x1, x2 = 0.0, 1.0049766418133903e-5
construct_constant_piece in x1, x2 = 0.0, 1.0049766418133903e-5
construct_constant_piece in x1, x2 = 0.0, 1.0049766418133903e-5
construct_constant_piece in x1, x2 = 0.0, 1.0049766418133903e-5
construct_constant_piece in x1, x2 = 0.0, 1.0049766418133903e-5
construct_constant_piece in x1, x2 = 0.0, 1.0049766418133903e-5
construct_constant_piece in x1, x2 = 0.0, 1.0049766418133903e-5
construct_constant_piece in x1, x2 = 0.0, 1.0049766418133903e-5
construct_constant_piece in x1, x2 = 0.0, 1.0049766418133903e-5
construct_constant_piece in x1, x2 = 0.0, 1.0049766418133903e-5
construct_constant_piece in x1, x2 = 0.0, 1.0049766418133903e-5
construct_constant_piece in x1, x2 = 0.0, 1.0049766418133903e-5
construct_constant_piece in x1, x2 = 0.0, 1.0049766418133903e-5
construct_constant_piece in x1, x2 = 0.0, 1.0049766418133903e-5
construct_constant_piece in x1, x2 = 0.0, 1.0049766418133903e-5
construct_constant_piece in x1, x2 = 0.0, 1.0049766418133903e-5
construct_constant_piece in x1, x2 = 0.0, 1.0049766418133903e-5
construct_constant_piece in x1, x2 = 0.0, 1.0049766418133903e-5
construct_constant_piece in x1, x2 = 0.0, 1.0049766418133903e-5
construct_constant_piece in x1, x2 = 0.0, 1.0049766418133903e-5
construct_constant_piece in x1, x2 = 0.0, 1.0049766418133903e-5
construct_constant_piece in x1, x2 = 0.0, 1.0049766418133903e-5
construct_constant_piece in x1, x2 = 0.0, 1.0049766418133903e-5
construct_constant_piece in x1, x2 = 0.0, 1.0049766418133903e-5
construct_constant_piece in x1, x2 = 0.0, 1.0049766418133903e-5
construct_constant_piece in x1, x2 = 0.0, 1.0049766418133903e-5
construct_constant_piece in x1, x2 = 0.0, 1.0049766418133903e-5
construct_constant_piece in x1, x2 = 0.0, 1.0049766418133903e-5
construct_constant_piece in x1, x2 = 0.0, 1.0049766418133903e-5
construct_constant_piece in x1, x2 = 0.0, 1.0049766418133903e-5
construct_constant_piece in x1, x2 = 0.0, 1.0049766418133903e-5
construct_constant_piece in x1, x2 = 0.0, 1.0049766418133903e-5
construct_constant_piece in x1, x2 = 0.0, 1.0049766418133903e-5
construct_constant_piece in x1, x2 = 0.0, 1.0049766418133903e-5
construct_constant_piece in x1, x2 = 0.0, 1.0049766418133903e-5
construct_constant_piece in x1, x2 = 0.0, 1.0049766418133903e-5
construct_constant_piece in x1, x2 = 0.0, 1.0049766418133903e-5
construct_constant_piece in x1, x2 = 0.0, 1.0049766418133903e-5
construct_constant_piece in x1, x2 = 0.0, 1.0049766418133903e-5
construct_constant_piece in x1, x2 = 0.0, 1.0049766418133903e-5
construct_constant_piece in x1, x2 = 0.0, 1.0049766418133903e-5
construct_constant_piece in x1, x2 = 0.0, 1.0049766418133903e-5
construct_constant_piece in x1, x2 = 0.0, 1.0049766418133903e-5
construct_constant_piece in x1, x2 = 0.0, 1.0049766418133903e-5
construct_constant_piece in x1, x2 = 0.0, 1.0049766418133903e-5
construct_constant_piece in x1, x2 = 0.0, 1.0049766418133903e-5
construct_constant_piece in x1, x2 = 0.0, 1.0049766418133903e-5
construct_constant_piece in x1, x2 = 0.0, 1.0049766418133903e-5
construct_constant_piece in x1, x2 = 0.0, 1.0049766418133903e-5
construct_constant_piece in x1, x2 = 0.0, 1.0049766418133903e-5
construct_constant_piece in x1, x2 = 0.0, 1.0049766418133903e-5
construct_constant_piece in x1, x2 = 0.0, 1.0049766418133903e-5
construct_constant_piece in x1, x2 = 0.0, 1.0049766418133903e-5
construct_constant_piece in x1, x2 = 0.0, 1.0049766418133903e-5
construct_constant_piece in x1, x2 = 0.0, 1.0049766418133903e-5
construct_constant_piece in x1, x2 = 0.0, 1.0049766418133903e-5
construct_constant_piece in x1, x2 = 0.0, 1.0049766418133903e-5
construct_constant_piece in x1, x2 = 0.0, 1.0049766418133903e-5
construct_constant_piece in x1, x2 = 0.0, 1.0049766418133903e-5
construct_constant_piece in x1, x2 = 0.0, 1.0049766418133903e-5
construct_constant_piece in x1, x2 = 0.0, 1.0049766418133903e-5
construct_constant_piece in x1, x2 = 0.0, 1.0049766418133903e-5
construct_constant_piece in x1, x2 = 0.0, 1.0049766418133903e-5
construct_constant_piece in x1, x2 = 0.0, 1.0049766418133903e-5
construct_constant_piece in x1, x2 = 0.0, 1.0049766418133903e-5
construct_constant_piece in x1, x2 = 0.0, 1.0049766418133903e-5
construct_constant_piece in x1, x2 = 0.0, 1.0049766418133903e-5
construct_constant_piece in x1, x2 = 0.0, 1.0049766418133903e-5
construct_constant_piece in x1, x2 = 0.0, 1.0049766418133903e-5
construct_constant_piece in x1, x2 = 0.0, 1.0049766418133903e-5
construct_constant_piece in x1, x2 = 0.0, 1.0049766418133903e-5
construct_constant_piece in x1, x2 = 0.0, 1.0049766418133903e-5
construct_constant_piece in x1, x2 = 0.0, 1.0049766418133903e-5
construct_constant_piece in x1, x2 = 0.0, 1.0049766418133903e-5
construct_constant_piece in x1, x2 = 0.0, 1.0049766418133903e-5
construct_constant_piece in x1, x2 = 0.0, 1.0049766418133903e-5
construct_constant_piece in x1, x2 = 0.0, 1.0049766418133903e-5
construct_constant_piece in x1, x2 = 0.0, 1.0049766418133903e-5
construct_constant_piece in x1, x2 = 0.0, 1.0049766418133903e-5
construct_constant_piece in x1, x2 = 0.0, 1.0049766418133903e-5
construct_constant_piece in x1, x2 = 0.0, 1.0049766418133903e-5
construct_constant_piece in x1, x2 = 0.0, 1.0049766418133903e-5
construct_constant_piece in x1, x2 = 0.0, 1.0049766418133903e-5
construct_constant_piece in x1, x2 = 0.0, 1.0049766418133903e-5
construct_constant_piece in x1, x2 = 0.0, 1.0049766418133903e-5
construct_constant_piece in x1, x2 = 0.0, 1.0049766418133903e-5
construct_constant_piece in x1, x2 = 0.0, 1.0049766418133903e-5
construct_constant_piece in x1, x2 = 0.0, 1.0049766418133903e-5
construct_constant_piece in x1, x2 = 0.0, 1.0049766418133903e-5
construct_constant_piece in x1, x2 = 0.0, 1.0049766418133903e-5
construct_constant_piece in x1, x2 = 0.0, 1.0049766418133903e-5
construct_constant_piece in x1, x2 = 0.0, 1.0049766418133903e-5
construct_constant_piece in x1, x2 = 0.0, 1.0049766418133903e-5
construct_constant_piece in x1, x2 = 0.0, 1.0049766418133903e-5
construct_constant_piece in x1, x2 = 0.0, 1.0049766418133903e-5
construct_constant_piece in x1, x2 = 0.0, 1.0049766418133903e-5
construct_constant_piece in x1, x2 = 0.0, 1.0049766418133903e-5
construct_constant_piece in x1, x2 = 0.0, 1.0049766418133903e-5
construct_constant_piece in x1, x2 = 0.0, 1.0049766418133903e-5
construct_constant_piece in x1, x2 = 0.0, 1.0049766418133903e-5
construct_constant_piece in x1, x2 = 0.0, 1.0049766418133903e-5
construct_constant_piece in x1, x2 = 0.0, 1.0049766418133903e-5
construct_constant_piece in x1, x2 = 0.0, 1.0049766418133903e-5
construct_constant_piece in x1, x2 = 0.0, 1.0049766418133903e-5
construct_constant_piece in x1, x2 = 0.0, 1.0049766418133903e-5
construct_constant_piece in x1, x2 = 0.0, 1.0049766418133903e-5
construct_constant_piece in x1, x2 = 0.0, 1.0049766418133903e-5
construct_constant_piece in x1, x2 = 0.0, 1.0049766418133903e-5
construct_constant_piece in x1, x2 = 0.0, 1.0049766418133903e-5
construct_constant_piece in x1, x2 = 0.0, 1.0049766418133903e-5
construct_constant_piece in x1, x2 = 0.0, 1.0049766418133903e-5
construct_constant_piece in x1, x2 = 0.0, 1.0049766418133903e-5
construct_constant_piece in x1, x2 = 0.0, 1.0049766418133903e-5
construct_constant_piece in x1, x2 = 0.0, 1.0049766418133903e-5
construct_constant_piece in x1, x2 = 0.0, 1.0049766418133903e-5
construct_constant_piece in x1, x2 = 0.0, 1.0049766418133903e-5
construct_constant_piece in x1, x2 = 0.0, 1.0049766418133903e-5
construct_constant_piece in x1, x2 = 0.0, 1.0049766418133903e-5
construct_constant_piece in x1, x2 = 0.0, 1.0049766418133903e-5
Set parameter TokenServer to value "licences.gerad.lan"
Set parameter TokenServer to value "licences.gerad.lan"
Set parameter TokenServer to value "licences.gerad.lan"
Set parameter FeasibilityTol to value 1e-09
Set parameter MIPGap to value 1e-09
Set parameter Threads to value 1
Set parameter OptimalityTol to value 1e-09
Set parameter IntFeasTol to value 1e-09
Set parameter TimeLimit to value 3595.340615162
construct_constant_piece in x1, x2 = 0.0, 1.0049766418133903e-5
construct_constant_piece in x1, x2 = 0.0, 1.0049766418133903e-5
construct_constant_piece in x1, x2 = 0.0, 1.0049766418133903e-5
construct_constant_piece in x1, x2 = 0.0, 1.0049766418133903e-5
construct_constant_piece in x1, x2 = 0.0, 1.0049766418133903e-5
construct_constant_piece in x1, x2 = 0.0, 1.0049766418133903e-5
construct_constant_piece in x1, x2 = 0.0, 1.0049766418133903e-5
construct_constant_piece in x1, x2 = 0.0, 1.0049766418133903e-5
construct_constant_piece in x1, x2 = 0.0, 1.0049766418133903e-5
construct_constant_piece in x1, x2 = 0.0, 1.0049766418133903e-5
construct_constant_piece in x1, x2 = 0.0, 1.0049766418133903e-5
construct_constant_piece in x1, x2 = 0.0, 1.0049766418133903e-5
construct_constant_piece in x1, x2 = 0.0, 1.0049766418133903e-5
construct_constant_piece in x1, x2 = 0.0, 1.0049766418133903e-5
construct_constant_piece in x1, x2 = 0.0, 1.0049766418133903e-5
construct_constant_piece in x1, x2 = 0.0, 1.0049766418133903e-5
construct_constant_piece in x1, x2 = 0.0, 1.0049766418133903e-5
construct_constant_piece in x1, x2 = 0.0, 1.0049766418133903e-5
construct_constant_piece in x1, x2 = 0.0, 1.0049766418133903e-5
construct_constant_piece in x1, x2 = 0.0, 1.0049766418133903e-5
construct_constant_piece in x1, x2 = 0.0, 1.0049766418133903e-5
construct_constant_piece in x1, x2 = 0.0, 1.0049766418133903e-5
construct_constant_piece in x1, x2 = 0.0, 1.0049766418133903e-5
construct_constant_piece in x1, x2 = 0.0, 1.0049766418133903e-5
construct_constant_piece in x1, x2 = 0.0, 1.0049766418133903e-5
construct_constant_piece in x1, x2 = 0.0, 1.0049766418133903e-5
construct_constant_piece in x1, x2 = 0.0, 1.0049766418133903e-5
construct_constant_piece in x1, x2 = 0.0, 1.0049766418133903e-5
construct_constant_piece in x1, x2 = 0.0, 1.0049766418133903e-5
construct_constant_piece in x1, x2 = 0.0, 1.0049766418133903e-5
construct_constant_piece in x1, x2 = 0.0, 1.0049766418133903e-5
construct_constant_piece in x1, x2 = 0.0, 1.0049766418133903e-5
construct_constant_piece in x1, x2 = 0.0, 1.0049766418133903e-5
construct_constant_piece in x1, x2 = 0.0, 1.0049766418133903e-5
construct_constant_piece in x1, x2 = 0.0, 1.0049766418133903e-5
construct_constant_piece in x1, x2 = 0.0, 1.0049766418133903e-5
construct_constant_piece in x1, x2 = 0.0, 1.0049766418133903e-5
construct_constant_piece in x1, x2 = 0.0, 1.0049766418133903e-5
construct_constant_piece in x1, x2 = 0.0, 1.0049766418133903e-5
construct_constant_piece in x1, x2 = 0.0, 1.0049766418133903e-5
construct_constant_piece in x1, x2 = 0.0, 1.0049766418133903e-5
construct_constant_piece in x1, x2 = 0.0, 1.0049766418133903e-5
construct_constant_piece in x1, x2 = 0.0, 1.0049766418133903e-5
construct_constant_piece in x1, x2 = 0.0, 1.0049766418133903e-5
construct_constant_piece in x1, x2 = 0.0, 1.0049766418133903e-5
construct_constant_piece in x1, x2 = 0.0, 1.0049766418133903e-5
construct_constant_piece in x1, x2 = 0.0, 1.0049766418133903e-5
construct_constant_piece in x1, x2 = 0.0, 1.0049766418133903e-5
construct_constant_piece in x1, x2 = 0.0, 1.0049766418133903e-5
construct_constant_piece in x1, x2 = 0.0, 1.0049766418133903e-5
construct_constant_piece in x1, x2 = 0.0, 1.0049766418133903e-5
construct_constant_piece in x1, x2 = 0.0, 1.0049766418133903e-5
construct_constant_piece in x1, x2 = 0.0, 1.0049766418133903e-5
construct_constant_piece in x1, x2 = 0.0, 1.0049766418133903e-5
construct_constant_piece in x1, x2 = 0.0, 1.0049766418133903e-5
construct_constant_piece in x1, x2 = 0.0, 1.0049766418133903e-5
construct_constant_piece in x1, x2 = 0.0, 1.0049766418133903e-5
construct_constant_piece in x1, x2 = 0.0, 1.0049766418133903e-5
construct_constant_piece in x1, x2 = 0.0, 1.0049766418133903e-5
construct_constant_piece in x1, x2 = 0.0, 1.0049766418133903e-5
construct_constant_piece in x1, x2 = 0.0, 1.0049766418133903e-5
construct_constant_piece in x1, x2 = 0.0, 1.0049766418133903e-5
construct_constant_piece in x1, x2 = 0.0, 1.0049766418133903e-5
construct_constant_piece in x1, x2 = 0.0, 1.0049766418133903e-5
construct_constant_piece in x1, x2 = 0.0, 1.0049766418133903e-5
construct_constant_piece in x1, x2 = 0.0, 1.0049766418133903e-5
construct_constant_piece in x1, x2 = 0.0, 1.0049766418133903e-5
construct_constant_piece in x1, x2 = 0.0, 1.0049766418133903e-5
construct_constant_piece in x1, x2 = 0.0, 1.0049766418133903e-5
construct_constant_piece in x1, x2 = 0.0, 1.0049766418133903e-5
construct_constant_piece in x1, x2 = 0.0, 1.0049766418133903e-5
construct_constant_piece in x1, x2 = 0.0, 1.0049766418133903e-5
construct_constant_piece in x1, x2 = 0.0, 1.0049766418133903e-5
construct_constant_piece in x1, x2 = 0.0, 1.0049766418133903e-5
construct_constant_piece in x1, x2 = 0.0, 1.0049766418133903e-5
construct_constant_piece in x1, x2 = 0.0, 1.0049766418133903e-5
construct_constant_piece in x1, x2 = 0.0, 1.0049766418133903e-5
construct_constant_piece in x1, x2 = 0.0, 1.0049766418133903e-5
construct_constant_piece in x1, x2 = 0.0, 1.0049766418133903e-5
construct_constant_piece in x1, x2 = 0.0, 1.0049766418133903e-5
construct_constant_piece in x1, x2 = 0.0, 1.0049766418133903e-5
construct_constant_piece in x1, x2 = 0.0, 1.0049766418133903e-5
construct_constant_piece in x1, x2 = 0.0, 1.0049766418133903e-5
construct_constant_piece in x1, x2 = 0.0, 1.0049766418133903e-5
construct_constant_piece in x1, x2 = 0.0, 1.0049766418133903e-5
construct_constant_piece in x1, x2 = 0.0, 1.0049766418133903e-5
construct_constant_piece in x1, x2 = 0.0, 1.0049766418133903e-5
construct_constant_piece in x1, x2 = 0.0, 1.0049766418133903e-5
construct_constant_piece in x1, x2 = 0.0, 1.0049766418133903e-5
construct_constant_piece in x1, x2 = 0.0, 1.0049766418133903e-5
construct_constant_piece in x1, x2 = 0.0, 1.0049766418133903e-5
construct_constant_piece in x1, x2 = 0.0, 1.0049766418133903e-5
construct_constant_piece in x1, x2 = 0.0, 1.0049766418133903e-5
construct_constant_piece in x1, x2 = 0.0, 1.0049766418133903e-5
construct_constant_piece in x1, x2 = 0.0, 1.0049766418133903e-5
construct_constant_piece in x1, x2 = 0.0, 1.0049766418133903e-5
construct_constant_piece in x1, x2 = 0.0, 1.0049766418133903e-5
construct_constant_piece in x1, x2 = 0.0, 1.0049766418133903e-5
construct_constant_piece in x1, x2 = 0.0, 1.0049766418133903e-5
construct_constant_piece in x1, x2 = 0.0, 1.0049766418133903e-5
construct_constant_piece in x1, x2 = 0.0, 1.0049766418133903e-5
construct_constant_piece in x1, x2 = 0.0, 1.0049766418133903e-5
construct_constant_piece in x1, x2 = 0.0, 1.0049766418133903e-5
construct_constant_piece in x1, x2 = 0.0, 1.0049766418133903e-5
construct_constant_piece in x1, x2 = 0.0, 1.0049766418133903e-5
construct_constant_piece in x1, x2 = 0.0, 1.0049766418133903e-5
construct_constant_piece in x1, x2 = 0.0, 1.0049766418133903e-5
construct_constant_piece in x1, x2 = 0.0, 1.0049766418133903e-5
construct_constant_piece in x1, x2 = 0.0, 1.0049766418133903e-5
construct_constant_piece in x1, x2 = 0.0, 1.0049766418133903e-5
construct_constant_piece in x1, x2 = 0.0, 1.0049766418133903e-5
construct_constant_piece in x1, x2 = 0.0, 1.0049766418133903e-5
construct_constant_piece in x1, x2 = 0.0, 1.0049766418133903e-5
construct_constant_piece in x1, x2 = 0.0, 1.0049766418133903e-5
construct_constant_piece in x1, x2 = 0.0, 1.0049766418133903e-5
construct_constant_piece in x1, x2 = 0.0, 1.0049766418133903e-5
construct_constant_piece in x1, x2 = 0.0, 1.0049766418133903e-5
construct_constant_piece in x1, x2 = 0.0, 1.0049766418133903e-5
construct_constant_piece in x1, x2 = 0.0, 1.0049766418133903e-5
construct_constant_piece in x1, x2 = 0.0, 1.0049766418133903e-5
construct_constant_piece in x1, x2 = 0.0, 1.0049766418133903e-5
construct_constant_piece in x1, x2 = 0.0, 1.0049766418133903e-5
construct_constant_piece in x1, x2 = 0.0, 1.0049766418133903e-5
construct_constant_piece in x1, x2 = 0.0, 1.0049766418133903e-5
construct_constant_piece in x1, x2 = 0.0, 1.0049766418133903e-5
construct_constant_piece in x1, x2 = 0.0, 1.0049766418133903e-5
construct_constant_piece in x1, x2 = 0.0, 1.0049766418133903e-5
construct_constant_piece in x1, x2 = 0.0, 1.0049766418133903e-5
construct_constant_piece in x1, x2 = 0.0, 1.0049766418133903e-5
construct_constant_piece in x1, x2 = 0.0, 1.0049766418133903e-5
construct_constant_piece in x1, x2 = 0.0, 1.0049766418133903e-5
construct_constant_piece in x1, x2 = 0.0, 1.0049766418133903e-5
construct_constant_piece in x1, x2 = 0.0, 1.0049766418133903e-5
construct_constant_piece in x1, x2 = 0.0, 1.0049766418133903e-5
construct_constant_piece in x1, x2 = 0.0, 1.0049766418133903e-5
construct_constant_piece in x1, x2 = 0.0, 1.0049766418133903e-5
construct_constant_piece in x1, x2 = 0.0, 1.0049766418133903e-5
construct_constant_piece in x1, x2 = 0.0, 1.0049766418133903e-5
construct_constant_piece in x1, x2 = 0.0, 1.0049766418133903e-5
construct_constant_piece in x1, x2 = 0.0, 1.0049766418133903e-5
construct_constant_piece in x1, x2 = 0.0, 1.0049766418133903e-5
construct_constant_piece in x1, x2 = 0.0, 1.0049766418133903e-5
construct_constant_piece in x1, x2 = 0.0, 1.0049766418133903e-5
construct_constant_piece in x1, x2 = 0.0, 1.0049766418133903e-5
construct_constant_piece in x1, x2 = 0.0, 1.0049766418133903e-5
construct_constant_piece in x1, x2 = 0.0, 1.0049766418133903e-5
construct_constant_piece in x1, x2 = 0.0, 1.0049766418133903e-5
construct_constant_piece in x1, x2 = 0.0, 1.0049766418133903e-5
construct_constant_piece in x1, x2 = 0.0, 1.0049766418133903e-5
construct_constant_piece in x1, x2 = 0.0, 1.0049766418133903e-5
construct_constant_piece in x1, x2 = 0.0, 1.0049766418133903e-5
construct_constant_piece in x1, x2 = 0.0, 1.0049766418133903e-5
construct_constant_piece in x1, x2 = 0.0, 1.0049766418133903e-5
construct_constant_piece in x1, x2 = 0.0, 1.0049766418133903e-5
construct_constant_piece in x1, x2 = 0.0, 1.0049766418133903e-5
construct_constant_piece in x1, x2 = 0.0, 1.0049766418133903e-5
construct_constant_piece in x1, x2 = 0.0, 1.0049766418133903e-5
construct_constant_piece in x1, x2 = 0.0, 1.0049766418133903e-5
construct_constant_piece in x1, x2 = 0.0, 1.0049766418133903e-5
construct_constant_piece in x1, x2 = 0.0, 1.0049766418133903e-5
construct_constant_piece in x1, x2 = 0.0, 1.0049766418133903e-5
construct_constant_piece in x1, x2 = 0.0, 1.0049766418133903e-5
construct_constant_piece in x1, x2 = 0.0, 1.0049766418133903e-5
construct_constant_piece in x1, x2 = 0.0, 1.0049766418133903e-5
construct_constant_piece in x1, x2 = 0.0, 1.0049766418133903e-5
construct_constant_piece in x1, x2 = 0.0, 1.0049766418133903e-5
construct_constant_piece in x1, x2 = 0.0, 1.0049766418133903e-5
construct_constant_piece in x1, x2 = 0.0, 1.0049766418133903e-5
construct_constant_piece in x1, x2 = 0.0, 1.0049766418133903e-5
construct_constant_piece in x1, x2 = 0.0, 1.0049766418133903e-5
construct_constant_piece in x1, x2 = 0.0, 1.0049766418133903e-5
Iteration 1	LB = -1.0e20	UB = 1.0e20	CPU = 5.659384838, #pieces = 6400
Iteration 2	LB = 445.15676412673344	UB = 505.4782457220944	CPU = 20.19471871, #pieces = 6400
Iteration 3	LB = 486.2190115352661	UB = 505.4782457220944	CPU = 31.280740652000002, #pieces = 6400
Iteration 4	LB = 491.4714595287088	UB = 505.4782457220944	CPU = 36.465585568, #pieces = 6560
Iteration 5	LB = 491.68605176528166	UB = 502.90128131922813	CPU = 43.989254468000006, #pieces = 6738
Iteration 6	LB = 491.7543954823123	UB = 499.7169297419275	CPU = 56.243694201000004, #pieces = 6920
Iteration 7	LB = 491.8143263686018	UB = 497.4647723153671	CPU = 62.016506119000006, #pieces = 7092
Iteration 8	LB = 491.8912553692143	UB = 492.0259416646935	CPU = 67.226501826, #pieces = 7136
Iteration 9	LB = 491.98698970167743	UB = 492.0259416646935	CPU = 80.371950188, #pieces = 7170
Iteration 10	LB = 492.0166529187652	UB = 492.0259416646935	CPU = 85.15934876600001, #pieces = 7207
Iteration 11	LB = 492.02313091910224	UB = 492.0259416646935	CPU = 93.04691214500001, #pieces = 7233
Iteration 12	LB = 492.02524760983505	UB = 492.0259416646935	CPU = 101.587833403, #pieces = 7265
WRITING LOG...
(445.15676412673344, 505.4782457220944, 14.0, 14.0, 12.273479471453486, 11.933546518740783, 6400, 1, 14.326683184, 20.025234169)
(486.2190115352661, 505.4782457220944, 30.0, 14.0, 5.284827255328954, 3.8101014929565977, 6400, 2, 25.387290534, 31.257562810000003)
(491.4714595287088, 505.4782457220944, 30.0, 14.0, 3.337181751254791, 2.7709968355564727, 6400, 3, 30.323678200000003, 36.219106589)
(491.68605176528166, 502.90128131922813, 30.0, 30.0, 2.371579438875684, 2.2301055834509493, 6560, 4, 37.566387237, 43.710268489)
(491.7543954823123, 499.7169297419275, 30.0, 30.0, 1.6951771919291894, 1.5934089452857563, 6738, 5, 49.537105245, 55.962571494)
(491.8143263686018, 497.4647723153671, 30.0, 30.0, 1.208742622204117, 1.1358484582669466, 6920, 6, 55.05568966, 61.764352636000005)
(491.8912553692143, 492.0259416646935, 30.0, 30.0, 0.029151240944156883, 0.027373819970445933, 7092, 7, 60.084973603, 67.04762050400001)
(491.98698970167743, 492.0259416646935, 30.0, 30.0, 0.008430687436235667, 0.00791664823287303, 7136, 8, 73.050176945, 80.194385732)
(492.0166529187652, 492.0259416646935, 30.0, 30.0, 0.0020104381790412773, 0.0018878569485330276, 7170, 9, 77.647739954, 84.971294313)
(492.02313091910224, 492.0259416646935, 30.0, 30.0, 0.0006083523321514413, 0.0005712596335372274, 7207, 10, 85.355438201, 92.869047639)
(492.02524760983505, 492.0259416646935, 30.0, 30.0, 0.00015021988937589475, 0.00014106062296398672, 7233, 11, 93.714546875, 101.407932528)
(492.0257058060833, 492.0259416646935, 30.0, 30.0, 5.104878080236473e-5, 4.79362143818027e-5, 7265, 12, 98.411272338, 106.28651223)
