solving instance uflp nlass gunluk ../../../../../instances/uflp/gunluk/gunluk-10-20-8.txt exp
The latest version of Julia in the `1.10` channel is 1.10.6+0.x64.linux.gnu. You currently have `1.10.5+0.x64.linux.gnu` installed. Run:

  juliaup update

in your terminal shell to install Julia 1.10.6+0.x64.linux.gnu and update the `1.10` channel to that version.
Set parameter TokenServer to value "licences.gerad.lan"
Set parameter TokenServer to value "licences.gerad.lan"
Set parameter TokenServer to value "licences.gerad.lan"
Set parameter FeasibilityTol to value 1e-09
Set parameter MIPGap to value 1e-09
Set parameter Threads to value 1
Set parameter OptimalityTol to value 1e-09
Set parameter IntFeasTol to value 1e-09
Set parameter TimeLimit to value 3542.924124319
reading gunluk data file ../../../../../instances/uflp/gunluk/gunluk-10-20-8.txt
21.953538135255734 + 65.8606144057672 / (1 + 0.5 * exp(-10.0 * (x + -0.1)))
16.597807236227595 + 49.793421708682786 / (1 + 0.5 * exp(-10.0 * (x + -0.1)))
4.948299107740659 + 14.844897323221975 / (1 + 0.5 * exp(-10.0 * (x + -0.1)))
24.82944144223829 + 74.48832432671487 / (1 + 0.5 * exp(-10.0 * (x + -0.1)))
19.044152864020443 + 57.132458592061326 / (1 + 0.5 * exp(-10.0 * (x + -0.1)))
11.150869851355631 + 33.452609554066896 / (1 + 0.5 * exp(-10.0 * (x + -0.1)))
10.772391311839577 + 32.31717393551873 / (1 + 0.5 * exp(-10.0 * (x + -0.1)))
20.20633935503954 + 60.61901806511862 / (1 + 0.5 * exp(-10.0 * (x + -0.1)))
14.786296451531994 + 44.35888935459598 / (1 + 0.5 * exp(-10.0 * (x + -0.1)))
8.569974439462905 + 25.709923318388718 / (1 + 0.5 * exp(-10.0 * (x + -0.1)))
12.919051429985881 + 38.75715428995764 / (1 + 0.5 * exp(-10.0 * (x + -0.1)))
11.565530278310218 + 34.69659083493065 / (1 + 0.5 * exp(-10.0 * (x + -0.1)))
5.0126321505525775 + 15.037896451657733 / (1 + 0.5 * exp(-10.0 * (x + -0.1)))
16.814207166780847 + 50.44262150034254 / (1 + 0.5 * exp(-10.0 * (x + -0.1)))
9.2837887039318 + 27.8513661117954 / (1 + 0.5 * exp(-10.0 * (x + -0.1)))
4.380332108925578 + 13.140996326776733 / (1 + 0.5 * exp(-10.0 * (x + -0.1)))
3.1321263043392547 + 9.396378913017763 / (1 + 0.5 * exp(-10.0 * (x + -0.1)))
15.055001799592754 + 45.16500539877826 / (1 + 0.5 * exp(-10.0 * (x + -0.1)))
17.072340040982052 + 51.21702012294615 / (1 + 0.5 * exp(-10.0 * (x + -0.1)))
8.781008650648598 + 26.343025951945794 / (1 + 0.5 * exp(-10.0 * (x + -0.1)))
14.087731441207321 + 42.26319432362196 / (1 + 0.5 * exp(-10.0 * (x + -0.1)))
6.997583135083646 + 20.99274940525094 / (1 + 0.5 * exp(-10.0 * (x + -0.1)))
7.807781710795281 + 23.42334513238584 / (1 + 0.5 * exp(-10.0 * (x + -0.1)))
15.840905543083913 + 47.52271662925174 / (1 + 0.5 * exp(-10.0 * (x + -0.1)))
14.640683201281298 + 43.922049603843895 / (1 + 0.5 * exp(-10.0 * (x + -0.1)))
4.142558304714998 + 12.427674914144994 / (1 + 0.5 * exp(-10.0 * (x + -0.1)))
10.405676070270657 + 31.217028210811968 / (1 + 0.5 * exp(-10.0 * (x + -0.1)))
10.603298832016373 + 31.80989649604912 / (1 + 0.5 * exp(-10.0 * (x + -0.1)))
9.811357327785343 + 29.434071983356027 / (1 + 0.5 * exp(-10.0 * (x + -0.1)))
14.036195140702572 + 42.108585422107716 / (1 + 0.5 * exp(-10.0 * (x + -0.1)))
10.793759362074073 + 32.381278086222224 / (1 + 0.5 * exp(-10.0 * (x + -0.1)))
2.430985745876485 + 7.292957237629455 / (1 + 0.5 * exp(-10.0 * (x + -0.1)))
11.766894536832481 + 35.300683610497444 / (1 + 0.5 * exp(-10.0 * (x + -0.1)))
11.561152072539931 + 34.68345621761979 / (1 + 0.5 * exp(-10.0 * (x + -0.1)))
13.829061767027786 + 41.48718530108336 / (1 + 0.5 * exp(-10.0 * (x + -0.1)))
5.127669238820327 + 15.38300771646098 / (1 + 0.5 * exp(-10.0 * (x + -0.1)))
12.571980891960754 + 37.71594267588226 / (1 + 0.5 * exp(-10.0 * (x + -0.1)))
6.113338708231493 + 18.34001612469448 / (1 + 0.5 * exp(-10.0 * (x + -0.1)))
10.730412215485565 + 32.191236646456694 / (1 + 0.5 * exp(-10.0 * (x + -0.1)))
17.62034386458835 + 52.86103159376505 / (1 + 0.5 * exp(-10.0 * (x + -0.1)))
21.460782739631917 + 64.38234821889574 / (1 + 0.5 * exp(-10.0 * (x + -0.1)))
13.448630131043506 + 40.34589039313052 / (1 + 0.5 * exp(-10.0 * (x + -0.1)))
9.284359130508495 + 27.853077391525485 / (1 + 0.5 * exp(-10.0 * (x + -0.1)))
22.95657852162368 + 68.86973556487104 / (1 + 0.5 * exp(-10.0 * (x + -0.1)))
21.15751921150712 + 63.47255763452135 / (1 + 0.5 * exp(-10.0 * (x + -0.1)))
11.033053270589207 + 33.09915981176762 / (1 + 0.5 * exp(-10.0 * (x + -0.1)))
14.621425850260609 + 43.86427755078183 / (1 + 0.5 * exp(-10.0 * (x + -0.1)))
16.560235190557325 + 49.68070557167198 / (1 + 0.5 * exp(-10.0 * (x + -0.1)))
8.187586236512399 + 24.562758709537196 / (1 + 0.5 * exp(-10.0 * (x + -0.1)))
14.835607979294599 + 44.506823937883794 / (1 + 0.5 * exp(-10.0 * (x + -0.1)))
18.043192018244973 + 54.12957605473492 / (1 + 0.5 * exp(-10.0 * (x + -0.1)))
8.25436733861733 + 24.76310201585199 / (1 + 0.5 * exp(-10.0 * (x + -0.1)))
18.28572776136092 + 54.857183284082765 / (1 + 0.5 * exp(-10.0 * (x + -0.1)))
16.40997161237903 + 49.229914837137095 / (1 + 0.5 * exp(-10.0 * (x + -0.1)))
22.620504003928733 + 67.8615120117862 / (1 + 0.5 * exp(-10.0 * (x + -0.1)))
13.555801819827492 + 40.667405459482474 / (1 + 0.5 * exp(-10.0 * (x + -0.1)))
20.82733183725494 + 62.481995511764815 / (1 + 0.5 * exp(-10.0 * (x + -0.1)))
8.202698042951717 + 24.60809412885515 / (1 + 0.5 * exp(-10.0 * (x + -0.1)))
5.930124019248628 + 17.790372057745884 / (1 + 0.5 * exp(-10.0 * (x + -0.1)))
24.5986179284634 + 73.79585378539021 / (1 + 0.5 * exp(-10.0 * (x + -0.1)))
6.215633999553015 + 18.646901998659047 / (1 + 0.5 * exp(-10.0 * (x + -0.1)))
4.783350177852226 + 14.350050533556677 / (1 + 0.5 * exp(-10.0 * (x + -0.1)))
12.851193990556665 + 38.55358197166999 / (1 + 0.5 * exp(-10.0 * (x + -0.1)))
8.33555739541929 + 25.00667218625787 / (1 + 0.5 * exp(-10.0 * (x + -0.1)))
9.790228512989325 + 29.370685538967976 / (1 + 0.5 * exp(-10.0 * (x + -0.1)))
5.4251883740064715 + 16.275565122019415 / (1 + 0.5 * exp(-10.0 * (x + -0.1)))
11.364086163041105 + 34.09225848912331 / (1 + 0.5 * exp(-10.0 * (x + -0.1)))
7.087429544324476 + 21.26228863297343 / (1 + 0.5 * exp(-10.0 * (x + -0.1)))
15.456664939425846 + 46.36999481827753 / (1 + 0.5 * exp(-10.0 * (x + -0.1)))
17.654225918165643 + 52.96267775449693 / (1 + 0.5 * exp(-10.0 * (x + -0.1)))
14.827158098273907 + 44.48147429482172 / (1 + 0.5 * exp(-10.0 * (x + -0.1)))
5.343980759549799 + 16.031942278649396 / (1 + 0.5 * exp(-10.0 * (x + -0.1)))
11.95902597651187 + 35.87707792953561 / (1 + 0.5 * exp(-10.0 * (x + -0.1)))
15.1260599904538 + 45.378179971361405 / (1 + 0.5 * exp(-10.0 * (x + -0.1)))
17.433550906124264 + 52.30065271837279 / (1 + 0.5 * exp(-10.0 * (x + -0.1)))
7.472304372878054 + 22.416913118634163 / (1 + 0.5 * exp(-10.0 * (x + -0.1)))
14.502964615035918 + 43.50889384510775 / (1 + 0.5 * exp(-10.0 * (x + -0.1)))
8.128532472381481 + 24.385597417144446 / (1 + 0.5 * exp(-10.0 * (x + -0.1)))
6.738082816755863 + 20.21424845026759 / (1 + 0.5 * exp(-10.0 * (x + -0.1)))
18.24332111906569 + 54.72996335719707 / (1 + 0.5 * exp(-10.0 * (x + -0.1)))
11.175534849407063 + 33.52660454822119 / (1 + 0.5 * exp(-10.0 * (x + -0.1)))
8.774094528977304 + 26.322283586931913 / (1 + 0.5 * exp(-10.0 * (x + -0.1)))
22.74640419445593 + 68.23921258336779 / (1 + 0.5 * exp(-10.0 * (x + -0.1)))
6.726842283170999 + 20.180526849512997 / (1 + 0.5 * exp(-10.0 * (x + -0.1)))
18.942679714739185 + 56.828039144217556 / (1 + 0.5 * exp(-10.0 * (x + -0.1)))
15.422551328697365 + 46.26765398609209 / (1 + 0.5 * exp(-10.0 * (x + -0.1)))
22.080183067303082 + 66.24054920190925 / (1 + 0.5 * exp(-10.0 * (x + -0.1)))
5.228706254806316 + 15.68611876441895 / (1 + 0.5 * exp(-10.0 * (x + -0.1)))
17.42666093840859 + 52.27998281522578 / (1 + 0.5 * exp(-10.0 * (x + -0.1)))
28.153304034696784 + 84.45991210409035 / (1 + 0.5 * exp(-10.0 * (x + -0.1)))
12.341422230628138 + 37.024266691884414 / (1 + 0.5 * exp(-10.0 * (x + -0.1)))
13.594663275019542 + 40.783989825058626 / (1 + 0.5 * exp(-10.0 * (x + -0.1)))
7.57816306418907 + 22.73448919256721 / (1 + 0.5 * exp(-10.0 * (x + -0.1)))
16.92781517336677 + 50.783445520100315 / (1 + 0.5 * exp(-10.0 * (x + -0.1)))
6.710657985424681 + 20.13197395627404 / (1 + 0.5 * exp(-10.0 * (x + -0.1)))
6.929594127574691 + 20.788782382724072 / (1 + 0.5 * exp(-10.0 * (x + -0.1)))
2.167720828593565 + 6.503162485780695 / (1 + 0.5 * exp(-10.0 * (x + -0.1)))
16.777567836979653 + 50.332703510938956 / (1 + 0.5 * exp(-10.0 * (x + -0.1)))
20.309448857077506 + 60.92834657123252 / (1 + 0.5 * exp(-10.0 * (x + -0.1)))
9.033937803663932 + 27.101813410991795 / (1 + 0.5 * exp(-10.0 * (x + -0.1)))
11.838949614424761 + 35.51684884327428 / (1 + 0.5 * exp(-10.0 * (x + -0.1)))
8.025490970388717 + 24.07647291116615 / (1 + 0.5 * exp(-10.0 * (x + -0.1)))
6.480600464586936 + 19.44180139376081 / (1 + 0.5 * exp(-10.0 * (x + -0.1)))
14.765279398344836 + 44.295838195034506 / (1 + 0.5 * exp(-10.0 * (x + -0.1)))
10.892447204433655 + 32.67734161330097 / (1 + 0.5 * exp(-10.0 * (x + -0.1)))
1.0087077150692005 + 3.0261231452076016 / (1 + 0.5 * exp(-10.0 * (x + -0.1)))
6.917127356937619 + 20.751382070812856 / (1 + 0.5 * exp(-10.0 * (x + -0.1)))
11.64424045681962 + 34.932721370458864 / (1 + 0.5 * exp(-10.0 * (x + -0.1)))
13.719294431190857 + 41.15788329357257 / (1 + 0.5 * exp(-10.0 * (x + -0.1)))
11.89589535991929 + 35.68768607975787 / (1 + 0.5 * exp(-10.0 * (x + -0.1)))
1.6658824012827695 + 4.997647203848309 / (1 + 0.5 * exp(-10.0 * (x + -0.1)))
8.377946021081446 + 25.133838063244337 / (1 + 0.5 * exp(-10.0 * (x + -0.1)))
16.911819273362067 + 50.7354578200862 / (1 + 0.5 * exp(-10.0 * (x + -0.1)))
4.774735100908929 + 14.324205302726787 / (1 + 0.5 * exp(-10.0 * (x + -0.1)))
9.025537140451876 + 27.07661142135563 / (1 + 0.5 * exp(-10.0 * (x + -0.1)))
9.843215982243256 + 29.529647946729767 / (1 + 0.5 * exp(-10.0 * (x + -0.1)))
14.088886544687696 + 42.26665963406309 / (1 + 0.5 * exp(-10.0 * (x + -0.1)))
8.776458561544091 + 26.329375684632275 / (1 + 0.5 * exp(-10.0 * (x + -0.1)))
19.747962277911267 + 59.2438868337338 / (1 + 0.5 * exp(-10.0 * (x + -0.1)))
20.882114024022254 + 62.64634207206676 / (1 + 0.5 * exp(-10.0 * (x + -0.1)))
16.34639918099925 + 49.03919754299775 / (1 + 0.5 * exp(-10.0 * (x + -0.1)))
15.881786157483981 + 47.645358472451946 / (1 + 0.5 * exp(-10.0 * (x + -0.1)))
4.994642580853078 + 14.983927742559235 / (1 + 0.5 * exp(-10.0 * (x + -0.1)))
20.687194902536753 + 62.06158470761026 / (1 + 0.5 * exp(-10.0 * (x + -0.1)))
10.717272109635193 + 32.15181632890558 / (1 + 0.5 * exp(-10.0 * (x + -0.1)))
8.671063486280527 + 26.01319045884158 / (1 + 0.5 * exp(-10.0 * (x + -0.1)))
2.0146062913847214 + 6.043818874154164 / (1 + 0.5 * exp(-10.0 * (x + -0.1)))
19.382335945793375 + 58.14700783738013 / (1 + 0.5 * exp(-10.0 * (x + -0.1)))
20.28910332514157 + 60.86730997542472 / (1 + 0.5 * exp(-10.0 * (x + -0.1)))
4.903924696883659 + 14.711774090650977 / (1 + 0.5 * exp(-10.0 * (x + -0.1)))
19.523451315850043 + 58.57035394755013 / (1 + 0.5 * exp(-10.0 * (x + -0.1)))
12.066818228060017 + 36.20045468418005 / (1 + 0.5 * exp(-10.0 * (x + -0.1)))
7.3950999827339325 + 22.1852999482018 / (1 + 0.5 * exp(-10.0 * (x + -0.1)))
21.31316642284548 + 63.93949926853644 / (1 + 0.5 * exp(-10.0 * (x + -0.1)))
18.964257693405447 + 56.892773080216344 / (1 + 0.5 * exp(-10.0 * (x + -0.1)))
8.92448055229685 + 26.773441656890547 / (1 + 0.5 * exp(-10.0 * (x + -0.1)))
12.507056498598434 + 37.521169495795306 / (1 + 0.5 * exp(-10.0 * (x + -0.1)))
15.403658478267682 + 46.210975434803046 / (1 + 0.5 * exp(-10.0 * (x + -0.1)))
9.020205664427909 + 27.060616993283727 / (1 + 0.5 * exp(-10.0 * (x + -0.1)))
13.281766341176477 + 39.84529902352943 / (1 + 0.5 * exp(-10.0 * (x + -0.1)))
2.673875388981095 + 8.021626166943285 / (1 + 0.5 * exp(-10.0 * (x + -0.1)))
11.064899091543431 + 33.19469727463029 / (1 + 0.5 * exp(-10.0 * (x + -0.1)))
16.212793739689655 + 48.63838121906896 / (1 + 0.5 * exp(-10.0 * (x + -0.1)))
7.891854294089766 + 23.675562882269297 / (1 + 0.5 * exp(-10.0 * (x + -0.1)))
5.612039055121269 + 16.836117165363806 / (1 + 0.5 * exp(-10.0 * (x + -0.1)))
10.113780388884413 + 30.341341166653237 / (1 + 0.5 * exp(-10.0 * (x + -0.1)))
12.274442009353967 + 36.8233260280619 / (1 + 0.5 * exp(-10.0 * (x + -0.1)))
12.168665742771644 + 36.50599722831493 / (1 + 0.5 * exp(-10.0 * (x + -0.1)))
21.99170817428301 + 65.97512452284903 / (1 + 0.5 * exp(-10.0 * (x + -0.1)))
19.184831272999563 + 57.554493818998694 / (1 + 0.5 * exp(-10.0 * (x + -0.1)))
22.024894506910346 + 66.07468352073104 / (1 + 0.5 * exp(-10.0 * (x + -0.1)))
12.256145166533077 + 36.768435499599235 / (1 + 0.5 * exp(-10.0 * (x + -0.1)))
15.219492526041995 + 45.65847757812598 / (1 + 0.5 * exp(-10.0 * (x + -0.1)))
21.903212124640802 + 65.70963637392241 / (1 + 0.5 * exp(-10.0 * (x + -0.1)))
24.193644918054215 + 72.58093475416264 / (1 + 0.5 * exp(-10.0 * (x + -0.1)))
13.760006851729464 + 41.28002055518839 / (1 + 0.5 * exp(-10.0 * (x + -0.1)))
19.59370111782268 + 58.78110335346804 / (1 + 0.5 * exp(-10.0 * (x + -0.1)))
14.096735742298597 + 42.29020722689579 / (1 + 0.5 * exp(-10.0 * (x + -0.1)))
1.5848677945112288 + 4.754603383533686 / (1 + 0.5 * exp(-10.0 * (x + -0.1)))
21.277770493982047 + 63.83331148194614 / (1 + 0.5 * exp(-10.0 * (x + -0.1)))
4.366527497556749 + 13.099582492670248 / (1 + 0.5 * exp(-10.0 * (x + -0.1)))
5.9355463920641425 + 17.806639176192427 / (1 + 0.5 * exp(-10.0 * (x + -0.1)))
16.59550376657491 + 49.78651129972474 / (1 + 0.5 * exp(-10.0 * (x + -0.1)))
4.614277612633801 + 13.842832837901403 / (1 + 0.5 * exp(-10.0 * (x + -0.1)))
11.13546949330062 + 33.40640847990186 / (1 + 0.5 * exp(-10.0 * (x + -0.1)))
9.17080948309217 + 27.512428449276506 / (1 + 0.5 * exp(-10.0 * (x + -0.1)))
14.720657894065509 + 44.161973682196525 / (1 + 0.5 * exp(-10.0 * (x + -0.1)))
6.048770391117659 + 18.146311173352977 / (1 + 0.5 * exp(-10.0 * (x + -0.1)))
17.375794490434036 + 52.12738347130211 / (1 + 0.5 * exp(-10.0 * (x + -0.1)))
21.237615506644673 + 63.71284651993402 / (1 + 0.5 * exp(-10.0 * (x + -0.1)))
8.847809097568945 + 26.543427292706834 / (1 + 0.5 * exp(-10.0 * (x + -0.1)))
2.0290743645623768 + 6.087223093687131 / (1 + 0.5 * exp(-10.0 * (x + -0.1)))
15.804393551229657 + 47.41318065368897 / (1 + 0.5 * exp(-10.0 * (x + -0.1)))
7.89247110325962 + 23.67741330977886 / (1 + 0.5 * exp(-10.0 * (x + -0.1)))
14.431128681932659 + 43.29338604579797 / (1 + 0.5 * exp(-10.0 * (x + -0.1)))
8.572106043688485 + 25.716318131065456 / (1 + 0.5 * exp(-10.0 * (x + -0.1)))
15.601450510759364 + 46.80435153227809 / (1 + 0.5 * exp(-10.0 * (x + -0.1)))
2.3572781457643748 + 7.071834437293124 / (1 + 0.5 * exp(-10.0 * (x + -0.1)))
13.091265085776996 + 39.27379525733099 / (1 + 0.5 * exp(-10.0 * (x + -0.1)))
21.343867912804598 + 64.03160373841379 / (1 + 0.5 * exp(-10.0 * (x + -0.1)))
26.38058996342562 + 79.14176989027686 / (1 + 0.5 * exp(-10.0 * (x + -0.1)))
16.63299424273213 + 49.898982728196394 / (1 + 0.5 * exp(-10.0 * (x + -0.1)))
17.855323799089565 + 53.5659713972687 / (1 + 0.5 * exp(-10.0 * (x + -0.1)))
26.251762748997397 + 78.7552882469922 / (1 + 0.5 * exp(-10.0 * (x + -0.1)))
28.185497805043173 + 84.55649341512952 / (1 + 0.5 * exp(-10.0 * (x + -0.1)))
17.68879933895778 + 53.066398016873336 / (1 + 0.5 * exp(-10.0 * (x + -0.1)))
22.844350899473852 + 68.53305269842156 / (1 + 0.5 * exp(-10.0 * (x + -0.1)))
18.351602071338505 + 55.054806214015514 / (1 + 0.5 * exp(-10.0 * (x + -0.1)))
5.400043183747281 + 16.200129551241844 / (1 + 0.5 * exp(-10.0 * (x + -0.1)))
23.46107237304327 + 70.38321711912981 / (1 + 0.5 * exp(-10.0 * (x + -0.1)))
5.087150640887304 + 15.261451922661912 / (1 + 0.5 * exp(-10.0 * (x + -0.1)))
14.506235189940849 + 43.518705569822544 / (1 + 0.5 * exp(-10.0 * (x + -0.1)))
18.597050647877712 + 55.79115194363314 / (1 + 0.5 * exp(-10.0 * (x + -0.1)))
9.760209443391222 + 29.280628330173666 / (1 + 0.5 * exp(-10.0 * (x + -0.1)))
5.528874808675508 + 16.586624426026525 / (1 + 0.5 * exp(-10.0 * (x + -0.1)))
13.197623110713675 + 39.59286933214102 / (1 + 0.5 * exp(-10.0 * (x + -0.1)))
13.912412607634106 + 41.737237822902316 / (1 + 0.5 * exp(-10.0 * (x + -0.1)))
15.369444755183482 + 46.10833426555045 / (1 + 0.5 * exp(-10.0 * (x + -0.1)))
25.45096794283943 + 76.3529038285183 / (1 + 0.5 * exp(-10.0 * (x + -0.1)))
20.678728314023815 + 62.03618494207144 / (1 + 0.5 * exp(-10.0 * (x + -0.1)))
Iteration 1	LB = -1.0e20	UB = 1.0e20	CPU = 58.07587568100001, #pieces = 600
Iteration 2	LB = 552.6243684601103	UB = 594.9159179650205	CPU = 58.230166846, #pieces = 600
Iteration 3	LB = 584.1418873504726	UB = 594.9159179650205	CPU = 58.303165092, #pieces = 614
Iteration 4	LB = 590.8788517582295	UB = 594.9159179650205	CPU = 58.36130128200001, #pieces = 616
Iteration 5	LB = 591.873932546369	UB = 594.9159179650205	CPU = 58.442974021000005, #pieces = 620
Iteration 6	LB = 593.707797374571	UB = 594.9159179650205	CPU = 58.532183655000004, #pieces = 636
Iteration 7	LB = 594.5036257872252	UB = 594.9159179650205	CPU = 58.596274945000005, #pieces = 636
Iteration 8	LB = 594.534603075831	UB = 594.9159179650205	CPU = 58.673271835, #pieces = 640
Iteration 9	LB = 594.7656748772172	UB = 594.9159179650205	CPU = 58.763157289000006, #pieces = 656
Iteration 10	LB = 594.8683421863373	UB = 594.9159179650205	CPU = 58.843070579000006, #pieces = 660
Iteration 11	LB = 594.8968960670061	UB = 594.9159179650205	CPU = 58.984658425000006, #pieces = 676
Iteration 12	LB = 594.9099884528692	UB = 594.9159179650205	CPU = 59.075192191000006, #pieces = 680
Iteration 13	LB = 594.9152870725331	UB = 594.9159179650205	CPU = 59.144248147000006, #pieces = 680
WRITING LOG...
(552.6243684601103, 594.9159179650205, 172.0, 172.0, 9.999989999999991, 7.1088280255760194, 600, 1, 0.09007511900000001, 58.19116736)
(584.1418873504726, 594.9159179650205, 172.0, 172.0, 2.8010067434815458, 1.811017370555778, 600, 2, 0.13672234300000002, 58.277217220000004)
(590.8788517582295, 594.9159179650205, 172.0, 172.0, 1.5584171354586276, 0.6785944172750081, 614, 3, 0.18937476600000003, 58.356244698000005)
(591.873932546369, 594.9159179650205, 172.0, 172.0, 0.7192884659647902, 0.5113303118627207, 616, 4, 0.251526625, 58.423847893)
(593.707797374571, 594.9159179650205, 172.0, 172.0, 0.28566448769834746, 0.20307417468035768, 620, 5, 0.31022859, 58.502085458)
(594.5036257872252, 594.9159179650205, 172.0, 172.0, 0.7864321970713541, 0.06930259644179187, 636, 6, 0.37189185900000005, 58.59432545600001)
(594.534603075831, 594.9159179650205, 172.0, 172.0, 0.09016328612654961, 0.06409559362503821, 636, 7, 0.427488968, 58.652342068)
(594.7656748772172, 594.9159179650205, 172.0, 172.0, 0.03552552207689027, 0.025254507950849686, 640, 8, 0.48389527000000004, 58.730165363000005)
(594.8683421863373, 594.9159179650205, 172.0, 172.0, 0.01124946512115024, 0.007997059289656572, 656, 9, 0.5418434630000001, 58.821562189000005)
(594.8968960670061, 594.9159179650205, 172.0, 172.0, 0.004497796655650345, 0.0031974094893124183, 660, 10, 0.6004933130000001, 58.902177059)
(594.9099884528692, 594.9159179650205, 172.0, 172.0, 0.0014020546163915411, 0.000996697511736755, 676, 11, 0.6628962230000001, 59.047458693)
(594.9152870725331, 594.9159179650205, 172.0, 172.0, 0.0001491768128319595, 0.00010604733682993114, 680, 12, 0.7255665440000001, 59.138286601000004)
(594.9156021138824, 594.9159179650205, 172.0, 172.0, 7.468414516800842e-5, 5.309172751538018e-5, 680, 13, 0.7883799680000001, 59.20748446300001)
