solving instance uflp nlass gunluk ../../../../../instances/uflp/gunluk/gunluk-20-40-9.txt sincos
Set parameter TokenServer to value "licences.gerad.lan"
Set parameter TokenServer to value "licences.gerad.lan"
Set parameter TokenServer to value "licences.gerad.lan"
Set parameter FeasibilityTol to value 1e-09
Set parameter MIPGap to value 1e-09
Set parameter Threads to value 1
Set parameter OptimalityTol to value 1e-09
Set parameter IntFeasTol to value 1e-09
Set parameter TimeLimit to value 2410.65646291
reading gunluk data file ../../../../../instances/uflp/gunluk/gunluk-20-40-9.txt
translating piece by -1.1366703134285672e-7
translating piece by -1.40778467994096e-7
translating piece by -1.1181165326945575e-7
Iteration 1	LB = -1.0e20	UB = 1.0e20	CPU = 1190.3435370900002, #pieces = 4800
Iteration 2	LB = 447.5431320704158	UB = 470.1731241254439	CPU = 1443.054087515, #pieces = 4829
Iteration 3	LB = 456.0430256339815	UB = 470.1731241254439	CPU = 1588.555849301, #pieces = 4850
Iteration 4	LB = 461.3289624280802	UB = 470.1731241254439	CPU = 1688.13441362, #pieces = 4867
Iteration 5	LB = 463.7017168728765	UB = 470.1731241254439	CPU = 1815.006938291, #pieces = 4878
translating piece by -4.5526991243605153e-7
translating piece by -4.5526991243605153e-7
Iteration 6	LB = 464.994305213811	UB = 468.1620142606337	CPU = 1940.5237333090001, #pieces = 4886
Iteration 7	LB = 466.04024140307604	UB = 468.1445581834376	CPU = 2130.574391508, #pieces = 4906
Iteration 8	LB = 466.6186551641518	UB = 467.553620706062	CPU = 2495.1567250350004, #pieces = 4920
Iteration 9	LB = 467.14711770083306	UB = 467.553620706062	CPU = 2815.7925846320004, #pieces = 4923
Iteration 10	LB = 467.1742108656244	UB = 467.553620706062	CPU = 3086.6387823180003, #pieces = 4925
translating piece by -4.0442813187269167e-7
Iteration 11	LB = 467.2096662679071	UB = 467.553620706062	CPU = 3270.8563642400004, #pieces = 4931
translating piece by -3.6763280686358257e-7
Iteration 12	LB = 467.25637513019893	UB = 467.553620706062	CPU = 3481.2674944590003, #pieces = 4934
WRITING LOG...
(447.5431320704158, 470.1731241254439, 109.0, 109.0, 6.2656910338567045, 4.813119018047131, 4800, 1, 35.519239272, 1225.88958297)
(456.0430256339815, 470.1731241254439, 92.0, 109.0, 4.87633605459812, 3.0052969356224777, 4829, 2, 82.838820597, 1490.3757069730002)
(461.3289624280802, 470.1731241254439, 109.0, 109.0, 2.543964772111696, 1.8810436504243986, 4850, 3, 115.710506124, 1621.4297830520002)
(463.7017168728765, 470.1731241254439, 92.0, 109.0, 2.9609646595377046, 1.376388168635692, 4867, 4, 193.163858948, 1765.5899109870002)
(464.994305213811, 468.1620142606337, 109.0, 109.0, 0.8819721799766956, 0.6766266698987682, 4878, 5, 308.729121779, 1930.5740388250001)
(466.04024140307604, 468.1445581834376, 109.0, 109.0, 0.5859247293082335, 0.4495014934119992, 4886, 6, 498.50109973300005, 2130.298260851)
(466.6186551641518, 467.553620706062, 109.0, 109.0, 0.2607603125214859, 0.1999696934221834, 4906, 7, 856.157923297, 2488.233719972)
(467.14711770083306, 467.553620706062, 109.0, 109.0, 0.25036997081406287, 0.08694254246498775, 4920, 8, 1176.702114576, 2815.703096517)
(467.1742108656244, 467.553620706062, 109.0, 109.0, 0.23994364074760244, 0.08114787772676789, 4923, 9, 1440.731093809, 3079.824152169)
(467.2096662679071, 467.553620706062, 109.0, 109.0, 0.14260721548270902, 0.07356470422269676, 4925, 10, 1619.462388228, 3265.3726353340003)
(467.25637513019893, 467.553620706062, 109.0, 109.0, 0.1980569358585122, 0.06357464955874167, 4931, 11, 1826.262461654, 3477.658802161)
(467.25637513019893, 467.553620706062, -1.0, 109.0, 0.0829012897088454, 0.06357464955874167, 4934, 12, 1946.022788383, 3601.027879784)
