solving instance mcf nodes c64 3 6 pardivexp
Set parameter TokenServer to value "licences.gerad.lan"
Set parameter MIPGap to value 1e-06
Set parameter FuncPieceError to value 1e-06
Set parameter Threads to value 1
Set parameter FuncPieces to value -2
Set parameter TimeLimit to value 3600
Gurobi Optimizer version 12.0.2 build v12.0.2rc0 (linux64 - "AlmaLinux 9.6 (Sage Margay)")

CPU model: Intel(R) Xeon(R) Gold 6258R CPU @ 2.70GHz, instruction set [SSE2|AVX|AVX2|AVX512]
Thread count: 56 physical cores, 56 logical processors, using up to 1 threads

Non-default parameters:
TimeLimit  3600
MIPGap  1e-06
Threads  1
FuncPieces  -2
FuncPieceError  1e-06

Optimize a model with 13516 rows, 274776 columns and 1095149 nonzeros
Model fingerprint: 0x82d28758
Model has 60 function constraints treated as nonlinear
  30 EXP, 30 POW
Variable types: 274063 continuous, 713 integer (713 binary)
Coefficient statistics:
  Matrix range     [4e-03, 4e+03]
  Objective range  [1e+00, 1e+00]
  Bounds range     [2e+01, 1e+10]
  RHS range        [3e-01, 7e+01]
Warning: Model contains large bounds
         Consider reformulating model or setting NumericFocus parameter
         to avoid numerical issues.
Presolve removed 773 rows and 1456 columns
Presolve time: 3.26s
Presolved: 13013 rows, 273321 columns, 1093430 nonzeros
Presolved model has 30 bilinear constraint(s)
Presolved model has 30 nonlinear constraint(s)

Solving non-convex MINLP

Variable types: 273321 continuous, 0 integer (0 binary)
  NLP heuristic elapsed time = 5.13s
  NLP heuristic elapsed time = 10.40s
  NLP heuristic elapsed time = 15.14s
  NLP heuristic elapsed time = 20.48s
  NLP heuristic elapsed time = 25.26s
  NLP heuristic elapsed time = 31.69s
  NLP heuristic elapsed time = 35.51s
  NLP heuristic elapsed time = 40.33s
  NLP heuristic elapsed time = 45.98s
  NLP heuristic elapsed time = 50.77s
  NLP heuristic elapsed time = 55.59s
  NLP heuristic elapsed time = 61.39s
  NLP heuristic elapsed time = 65.78s
  NLP heuristic elapsed time = 70.57s
  NLP heuristic elapsed time = 75.76s
  NLP heuristic elapsed time = 80.56s
  NLP heuristic elapsed time = 85.37s
  NLP heuristic elapsed time = 90.59s
  NLP heuristic elapsed time = 95.37s
Found heuristic solution: objective 18208.756051

Root simplex log...

Iteration    Objective       Primal Inf.    Dual Inf.      Time
       0    1.7398305e+01   4.717344e+03   0.000000e+00    104s
    5509    1.7497244e+01   2.931291e+04   0.000000e+00    105s
   24881    2.2545426e+01   0.000000e+00   0.000000e+00    108s
   24881    2.2545426e+01   0.000000e+00   0.000000e+00    108s

Root relaxation: objective 2.254543e+01, 24881 iterations, 4.46 seconds (2.27 work units)

    Nodes    |    Current Node    |     Objective Bounds      |     Work
 Expl Unexpl |  Obj  Depth IntInf | Incumbent    BestBd   Gap | It/Node Time

     0     0   22.54543    0   60 18208.7561   22.54543   100%     -  107s
H    0     0                    2396.1885617   22.54543  99.1%     -  108s
     0     0   22.94129    0   60 2396.18856   22.94129  99.0%     -  110s
H    0     0                    2369.1069392   22.94129  99.0%     -  110s
H    0     0                    2309.3676858   22.94129  99.0%     -  121s
     0     2   23.55502    0   60 2309.36769   23.55502  99.0%     -  147s
    14    10  392.96170    7   54 2309.36769  280.81623  87.8%  33.1  150s
    49    33  681.26655   25   44 2309.36769  280.81623  87.8%  18.4  155s
    84    54 infeasible   42      2309.36769  280.81623  87.8%  15.5  160s
   113    71 1050.53107   57   23 2309.36769  280.81623  87.8%  32.6  165s
   132    82 1168.21747   66   19 2309.36769  280.81623  87.8%  59.9  170s
   162   100 1121.36124   81   19 2309.36769  280.81623  87.8%  56.4  175s
   187   121 1218.37496   94   13 2309.36769  280.81623  87.8%  61.5  180s
   210   142 1259.39022  105   13 2309.36769  280.81623  87.8%  65.5  185s
   226   158 1281.57227  113   13 2309.36769  280.81623  87.8%  75.2  190s
   234   164 infeasible  117      2309.36769  280.81623  87.8%  78.9  195s
   240   164 1235.92551    3   12 2309.36769  280.81623  87.8%  88.4  200s
   256   178 1432.60008   11   12 2309.36769  280.81623  87.8%  98.8  205s
   271   193 1251.24771   18   16 2309.36769  280.81623  87.8%   108  210s
   277   199 1255.49272   21   14 2309.36769  280.81623  87.8%   116  215s
   284   206 1497.41907   25   14 2309.36769  280.81623  87.8%   125  220s
   291   213 1256.58836   28   18 2309.36769  280.81623  87.8%   130  225s
   299   221 1262.48528   32   18 2309.36769  280.81623  87.8%   144  234s
   301   223 1338.15854   33   20 2309.36769  280.81623  87.8%   148  239s
   303   225 1546.83865   34   12 2309.36769  280.81623  87.8%   149  240s
   311   233 1315.75081   38   16 2309.36769  280.81623  87.8%   152  245s
   320   242 1337.57133   43   18 2309.36769  280.81623  87.8%   156  262s
   325   247 1307.82957   45   20 2309.36769  280.81623  87.8%   160  265s
   331   253 1309.10774   48   16 2309.36769  280.81623  87.8%   171  270s
   337   259 1328.92597   51   16 2309.36769  280.81623  87.8%   172  275s
   346   268 1349.89627   56   18 2309.36769  280.81623  87.8%   172  280s
   360   282 1371.81336   63   18 2309.36769  280.81623  87.8%   169  285s
   372   294 1556.77986   69   22 2309.36769  280.81623  87.8%   170  290s
   379   301 1374.09606   72   24 2309.36769  280.81623  87.8%   179  301s
   387   309 1418.77152   76   34 2309.36769  280.81623  87.8%   178  305s
   399   321 1524.86082   82   34 2309.36769  280.81623  87.8%   175  310s
   405   327 1538.13941   85   32 2309.36769  280.81623  87.8%   177  316s
   407   329 1652.34606   86   28 2309.36769  280.81623  87.8%   188  321s
   411   333 1827.25101   88   15 2309.36769  280.81623  87.8%   189  325s
   423   337 2292.10144   92   18 2309.36769  280.81623  87.8%   185  330s
   438   336 1337.34748    2   12 2309.36769  339.33335  85.3%   184  335s
   447   343 1350.54262    7   12 2309.36769  339.33335  85.3%   191  341s
   454   350 1370.29469   10   16 2309.36769  339.33335  85.3%   200  345s
   467   361 1384.24488   17   18 2309.36769  339.33335  85.3%   201  350s
   480   374 1695.80594   23   16 2309.36769  339.33335  85.3%   202  355s
   487   381 1398.17997   27   14 2309.36769  339.33335  85.3%   204  379s
   488   382 1467.08233   27   14 2309.36769  339.33335  85.3%   206  380s
   496   390 1444.10825   31   14 2309.36769  339.33335  85.3%   207  385s
   503   397 1400.99525   35   20 2309.36769  339.33335  85.3%   214  390s
   518   412 1411.30843   42   16 2309.36769  339.33335  85.3%   212  395s
   533   427 1507.37095   50   18 2309.36769  339.33335  85.3%   210  400s
   539   433 1456.44963   53   14 2309.36769  339.33335  85.3%   214  405s
   545   439 1664.10808   56   16 2309.36769  339.33335  85.3%   218  410s
   559   453 1442.48988   63   16 2309.36769  339.33335  85.3%   215  415s
   573   467 1443.65299   70   18 2309.36769  339.33335  85.3%   211  420s
   577   470 1447.19369   67    0 2309.36769  339.33335  85.3%   210  437s
  NLP heuristic elapsed time = 5.34s
  NLP heuristic elapsed time = 10.13s
  NLP heuristic elapsed time = 15.53s
  NLP heuristic elapsed time = 20.35s
  NLP heuristic elapsed time = 25.14s
  NLP heuristic elapsed time = 32.05s
  NLP heuristic elapsed time = 35.51s
  NLP heuristic elapsed time = 40.79s
  NLP heuristic elapsed time = 45.62s
  NLP heuristic elapsed time = 50.47s
  NLP heuristic elapsed time = 55.74s
  NLP heuristic elapsed time = 60.60s
  NLP heuristic elapsed time = 65.42s
  NLP heuristic elapsed time = 70.24s
  NLP heuristic elapsed time = 75.04s
  NLP heuristic elapsed time = 80.85s
  NLP heuristic elapsed time = 85.26s
  NLP heuristic elapsed time = 90.18s
  NLP heuristic elapsed time = 95.40s
  NLP heuristic elapsed time = 100.53s
  NLP heuristic elapsed time = 105.24s
  NLP heuristic elapsed time = 110.55s
  NLP heuristic elapsed time = 115.31s
  NLP heuristic elapsed time = 120.15s
  NLP heuristic elapsed time = 125.44s
  NLP heuristic elapsed time = 130.38s
  NLP heuristic elapsed time = 136.20s
  NLP heuristic elapsed time = 140.63s
  NLP heuristic elapsed time = 145.90s
  NLP heuristic elapsed time = 151.18s
  NLP heuristic elapsed time = 156.03s
  NLP heuristic elapsed time = 160.49s
  NLP heuristic elapsed time = 165.40s
  NLP heuristic elapsed time = 170.65s
  NLP heuristic elapsed time = 175.09s
  NLP heuristic elapsed time = 181.33s
  NLP heuristic elapsed time = 186.17s
  NLP heuristic elapsed time = 191.00s
  NLP heuristic elapsed time = 195.83s
  NLP heuristic elapsed time = 200.67s
  NLP heuristic elapsed time = 205.50s
  NLP heuristic elapsed time = 210.33s
  NLP heuristic elapsed time = 215.16s
  NLP heuristic elapsed time = 221.40s
  NLP heuristic elapsed time = 225.82s
  NLP heuristic elapsed time = 230.61s
  NLP heuristic elapsed time = 235.40s
  NLP heuristic elapsed time = 240.18s
  NLP heuristic elapsed time = 246.35s
  NLP heuristic elapsed time = 251.13s
  NLP heuristic elapsed time = 255.91s
  NLP heuristic elapsed time = 260.66s
  NLP heuristic elapsed time = 265.01s
  NLP heuristic elapsed time = 271.16s
  NLP heuristic elapsed time = 275.94s
  NLP heuristic elapsed time = 280.72s
  NLP heuristic elapsed time = 285.49s
  NLP heuristic elapsed time = 290.66s
  NLP heuristic elapsed time = 295.45s
  NLP heuristic elapsed time = 300.81s
  NLP heuristic elapsed time = 305.34s
  NLP heuristic elapsed time = 310.07s
  NLP heuristic elapsed time = 315.46s
H  577   446                    1817.1173610  339.33335  81.3%   210  758s
   579   447 1664.10808   57    0 1817.11736 1221.71486  32.8%   209  772s
   580   448 1630.09217   37    0 1817.11736 1221.71486  32.8%   209  783s
H  580   426                    1817.1172305 1221.71486  32.8%   209  819s
   582   429 1281.01280   11    8 1817.11723 1243.80732  31.6%   264  834s
   583   430 1251.24418   11   12 1817.11723 1251.24418  31.1%   267  837s
   589   434 1252.36920   14   10 1817.11723 1251.92071  31.1%   265  840s
   595   438 1257.19256   17   14 1817.11723 1251.92071  31.1%   266  846s
   600   441 1435.64746   20   10 1817.11723 1251.92071  31.1%   268  850s
   604   444 1473.82629   22   12 1817.11723 1251.92071  31.1%   269  855s
   611   449 1260.84649   25   12 1817.11723 1251.92071  31.1%   269  860s
   617   453 1524.24345   28   10 1817.11723 1251.92071  31.1%   276  868s
   618   453 1288.82004   29   12 1817.11723 1251.92071  31.1%   277  870s
   622   456 1293.47736   31   12 1817.11723 1251.92071  31.1%   282  876s
   628   460 1294.79055   34   14 1817.11723 1251.92071  31.1%   281  881s
   630   461 1294.88866   35   12 1817.11723 1251.92071  31.1%   286  886s
   632   463 1295.05426   36   12 1817.11723 1251.92071  31.1%   287  890s
   636   465 1297.92035   38   18 1817.11723 1251.92071  31.1%   289  897s
   637   466 1743.92934   38   10 1817.11723 1251.92071  31.1%   294  900s
   640   468 1302.45718   40   16 1817.11723 1251.92071  31.1%   297  905s
   644   471 1303.68250   42   16 1817.11723 1251.92071  31.1%   301  912s
   647   473 1346.51124   43   16 1817.11723 1251.92071  31.1%   302  915s
   650   475 1304.82504   45   20 1817.11723 1251.92071  31.1%   304  920s
   658   480 1311.63934   49   14 1817.11723 1251.92071  31.1%   307  926s
   661   482 1397.90519   50   16 1817.11723 1251.92071  31.1%   311  931s
   666   485 1312.26334   53   16 1817.11723 1251.92071  31.1%   312  937s
   670   488 1314.06590   55   14 1817.11723 1251.92071  31.1%   314  942s
   673   490 1327.68038   56   12 1817.11723 1251.92071  31.1%   314  945s
   676   492 1320.43284   58   18 1817.11723 1251.92071  31.1%   315  950s
   677   493 1396.53635   58   14 1817.11723 1251.92071  31.1%   317  955s
   684   497 1326.39107   62   20 1817.11723 1251.92071  31.1%   315  960s
H  688   476                    1817.1168974 1251.92071  31.1%   315  971s
   688   478 1326.75924   64   16 1817.11690 1251.92071  31.1%   315  977s
   693   481 1367.52513   66   16 1817.11690 1251.92071  31.1%   314  980s
   699   485 1471.78372   69   20 1817.11690 1251.92071  31.1%   313  985s
   706   490 1374.32704   73   26 1817.11690 1251.92071  31.1%   313  990s
   714   495 1402.25933   77   26 1817.11690 1251.92071  31.1%   312  995s
   722   501 1439.53297   81   34 1817.11690 1251.92071  31.1%   310 1000s
   733   506 1516.74039   86   40 1817.11690 1251.92071  31.1%   307 1005s
   741   509 1626.35701   90   42 1817.11690 1251.92071  31.1%   308 1011s
   745   508 1798.88758   92   30 1817.11690 1251.92071  31.1%   307 1015s
   758   503 1816.99513   92   40 1817.11690 1251.92071  31.1%   304 1021s
   766   502 1255.39385   15   12 1817.11690 1251.92071  31.1%   304 1025s
   773   507 1496.75064   19   10 1817.11690 1251.92071  31.1%   307 1030s
   782   513 1263.83124   23    8 1817.11690 1251.92071  31.1%   306 1035s
   791   519 1544.74714   28    8 1817.11690 1251.92071  31.1%   307 1040s
   796   522 1267.70463   30   10 1817.11690 1251.92071  31.1%   310 1045s
   801   525 1583.22946   33    6 1817.11690 1251.92071  31.1%   310 1050s
   807   529 1298.26590   36   12 1817.11690 1251.92071  31.1%   314 1055s
   817   536 1430.79465   41   14 1817.11690 1251.92071  31.1%   314 1060s
   821   539 1305.11770   43   16 1817.11690 1251.92071  31.1%   317 1069s
   822   539 1565.92049   43   14 1817.11690 1251.92071  31.1%   320 1072s
   823   540 1306.23888   44   16 1817.11690 1251.92071  31.1%   323 1075s
   826   542 1456.36448   45   16 1817.11690 1251.92071  31.1%   327 1080s
   830   545 1328.04203   47   16 1817.11690 1251.92071  31.1%   329 1086s
   832   546 1348.36288   48   16 1817.11690 1251.92071  31.1%   330 1090s
   839   551 1328.45410   52   18 1817.11690 1251.92071  31.1%   329 1095s
   841   552 1328.02292   53   20 1817.11690 1251.92071  31.1%   330 1100s
   845   555 1385.66316   55   16 1817.11690 1251.92071  31.1%   330 1105s
   847   556 1351.30619   56   20 1817.11690 1251.92071  31.1%   332 1110s
   852   557 1345.08795   58   18 1817.11690 1251.92071  31.1%   334 1115s
   855   559 1412.91331   60   20 1817.11690 1251.92071  31.1%   334 1120s
   861   563 1386.56570   63   18 1817.11690 1251.92071  31.1%   333 1125s
   866   567 1369.48331   65   20 1817.11690 1251.92071  31.1%   333 1130s
   869   569 1693.79065   67   20 1817.11690 1251.92071  31.1%   336 1136s
   871   570 1552.21389   68   20 1817.11690 1251.92071  31.1%   338 1140s
   875   573 1596.29201   70   24 1817.11690 1251.92071  31.1%   338 1145s
   877   574 1625.40246   71   24 1817.11690 1251.92071  31.1%   342 1157s
   880   576 1448.98658   72   28 1817.11690 1251.92071  31.1%   342 1160s
   886   580 1503.61503   75   34 1817.11690 1251.92071  31.1%   341 1165s
   893   585 1568.86472   79   34 1817.11690 1251.92071  31.1%   342 1171s
   898   588 1551.84294   81   40 1817.11690 1251.92071  31.1%   341 1175s
   911   597 1607.17335   88   34 1817.11690 1251.92071  31.1%   337 1180s
   924   603     cutoff   94      1817.11690 1251.92071  31.1%   333 1185s
   931   604     cutoff   98      1817.11690 1251.92071  31.1%   332 1190s
   939   599 1810.38078   97   32 1817.11690 1251.92071  31.1%   330 1195s
   943   596 1257.46443   13   10 1817.11690 1256.96534  30.8%   329 1201s
   949   600 1260.28519   16   10 1817.11690 1256.96534  30.8%   331 1205s
   953   603 1265.46439   18   12 1817.11690 1256.96534  30.8%   334 1210s
   962   609 1517.50605   23    8 1817.11690 1256.96534  30.8%   334 1215s
   969   613 1276.52363   26   10 1817.11690 1256.96534  30.8%   335 1220s
   975   615 1281.08254   29   10 1817.11690 1256.96534  30.8%   337 1226s
   981   619 1281.33103   32   10 1817.11690 1256.96534  30.8%   338 1230s
   989   625 1286.73387   36   12 1817.11690 1256.96534  30.8%   339 1235s
   996   629 1302.46426   40   12 1817.11690 1256.96534  30.8%   340 1241s
  1000   632 1314.02239   42   10 1817.11690 1256.96534  30.8%   342 1245s
  1009   638 1292.15133   46   14 1817.11690 1256.96534  30.8%   341 1250s
  1015   642 1420.04815   49   22 1817.11690 1256.96534  30.8%   343 1258s
  1018   644 1327.78592   51   18 1817.11690 1256.96534  30.8%   343 1260s
  1022   645 1348.82720   53   20 1817.11690 1256.96534  30.8%   346 1265s
  1026   647 1369.41860   55   22 1817.11690 1256.96534  30.8%   346 1270s
  1030   650 1370.81415   57   22 1817.11690 1256.96534  30.8%   346 1276s
  1033   652 1482.97074   58   22 1817.11690 1256.96534  30.8%   346 1280s
  1037   655 1691.92042   60   20 1817.11690 1256.96534  30.8%   346 1286s
  1040   657 1432.04545   62   28 1817.11690 1256.96534  30.8%   347 1290s
  1044   659 1463.40841   64   30 1817.11690 1256.96534  30.8%   346 1295s
  1053   665 1480.56708   68   32 1817.11690 1256.96534  30.8%   344 1300s
  1065   673 1489.38024   74   32 1817.11690 1256.96534  30.8%   342 1305s
  1074   679 1556.62134   79   36 1817.11690 1256.96534  30.8%   340 1310s
  1085   687 1627.87329   84   36 1817.11690 1256.96534  30.8%   337 1315s
  1102   698 1657.06223   93   36 1817.11690 1256.96534  30.8%   333 1320s
  1111   704 1694.31504   97   32 1817.11690 1256.96534  30.8%   331 1325s
  1124   699 1739.07887   98   32 1817.11690 1256.96534  30.8%   328 1330s
  1135   696 1674.84287   16    8 1817.11690 1256.96534  30.8%   327 1335s
  1142   701 1270.79453   19   10 1817.11690 1256.96534  30.8%   330 1340s
  1149   705 1757.78944   23    6 1817.11690 1256.96534  30.8%   330 1345s
  1155   709 1544.17690   26    8 1817.11690 1256.96534  30.8%   331 1350s
  1160   711 1286.52722   28   12 1817.11690 1256.96534  30.8%   334 1356s
  1164   713 1322.01733   30   10 1817.11690 1256.96534  30.8%   337 1361s
  1166   715 1576.04109   31    8 1817.11690 1256.96534  30.8%   340 1365s
  1168   716 1619.63937   32    8 1817.11690 1256.96534  30.8%   343 1370s
  1171   718 1300.94226   34   10 1817.11690 1256.96534  30.8%   343 1375s
  1174   720 1637.86624   35    8 1817.11690 1256.96534  30.8%   345 1380s
  1178   723 1630.24746   37    8 1817.11690 1256.96534  30.8%   345 1385s
  1183   726 1301.49439   40   10 1817.11690 1256.96534  30.8%   346 1392s
  1185   727 1301.74218   41   10 1817.11690 1256.96534  30.8%   348 1395s
  1188   729 1538.74023   42    8 1817.11690 1256.96534  30.8%   349 1400s
  1193   733 1304.27351   45   10 1817.11690 1256.96534  30.8%   349 1405s
  1197   735 1305.39057   47   12 1817.11690 1256.96534  30.8%   350 1410s
  1201   738 1315.52693   49   14 1817.11690 1256.96534  30.8%   351 1415s
  1205   741 1315.67662   51   14 1817.11690 1256.96534  30.8%   351 1420s
  1208   743 1367.00198   52   14 1817.11690 1256.96534  30.8%   353 1425s
  1213   746 1317.97895   55   18 1817.11690 1256.96534  30.8%   353 1431s
  1218   749 1382.39052   57   14 1817.11690 1256.96534  30.8%   353 1435s
  1225   754 1372.33566   61   18 1817.11690 1256.96534  30.8%   352 1440s
  1229   757 1387.81258   63   16 1817.11690 1256.96534  30.8%   352 1445s
  1235   761 1667.55749   66   16 1817.11690 1256.96534  30.8%   351 1450s
  1240   764 1345.51041   68   16 1817.11690 1256.96534  30.8%   351 1456s
  1244   767 1345.67234   70   16 1817.11690 1256.96534  30.8%   351 1461s
  1248   769 1346.82989   72   16 1817.11690 1256.96534  30.8%   351 1466s
  1252   772 1353.99528   74   20 1817.11690 1256.96534  30.8%   350 1471s
  1256   771 1412.09427   76   28 1817.11690 1256.96534  30.8%   350 1475s
  1260   773 1443.39929   78   30 1817.11690 1256.96534  30.8%   350 1481s
  1262   775 1447.63630   79   32 1817.11690 1256.96534  30.8%   353 1485s
  1266   777 1506.00174   81   36 1817.11690 1256.96534  30.8%   353 1490s
  1274   783 1562.09378   85   40 1817.11690 1256.96534  30.8%   351 1495s
  1289   793 1619.25110   93   36 1817.11690 1256.96534  30.8%   349 1500s
  1292   795 1599.49560   94   38 1817.11690 1256.96534  30.8%   354 1506s
  1300   800 1621.11080   98   36 1817.11690 1256.96534  30.8%   353 1510s
  1312   808 1663.59389  104   38 1817.11690 1256.96534  30.8%   350 1515s
  1327   806 1744.38910  107   36 1817.11690 1256.96534  30.8%   347 1520s
  1339   804 1260.05925   16   10 1817.11690 1258.08719  30.8%   345 1525s
  1346   809 1442.70148   20    8 1817.11690 1258.08719  30.8%   347 1530s
  1354   814 1597.47051   24    8 1817.11690 1258.08719  30.8%   347 1536s
  1358   817 1519.69543   26    6 1817.11690 1258.08719  30.8%   349 1541s
  1364   821 1507.18230   29   10 1817.11690 1258.08719  30.8%   349 1545s
  1371   825 1657.75222   32   10 1817.11690 1258.08719  30.8%   350 1550s
  1374   827 1289.21183   34   12 1817.11690 1258.08719  30.8%   352 1555s
  1376   829 1289.93381   35   12 1817.11690 1258.08719  30.8%   356 1566s
  1378   830 1289.93856   36   12 1817.11690 1258.08719  30.8%   358 1570s
  1385   833 1374.20570   39   12 1817.11690 1258.08719  30.8%   360 1576s
  1389   835 1591.98056   41   12 1817.11690 1258.08719  30.8%   362 1581s
  1392   837 1309.37379   43   14 1817.11690 1258.08719  30.8%   363 1585s
  1396   840 1311.54755   45   14 1817.11690 1258.08719  30.8%   366 1591s
  1399   842 1404.86502   46   12 1817.11690 1258.08719  30.8%   369 1595s
  1402   844 1327.18692   48   20 1817.11690 1258.08719  30.8%   372 1600s
  1408   848 1352.45406   51   20 1817.11690 1258.08719  30.8%   374 1607s
  1411   850 1335.39042   52   22 1817.11690 1258.08719  30.8%   375 1610s
  1415   853 1336.05467   54   20 1817.11690 1258.08719  30.8%   375 1615s
  1419   855 1336.60318   56   18 1817.11690 1258.08719  30.8%   376 1620s
  1427   861 1340.98837   60   16 1817.11690 1258.08719  30.8%   375 1625s
  1432   864 1372.82577   63   16 1817.11690 1258.08719  30.8%   375 1630s
  1437   867 1381.70571   65   20 1817.11690 1258.08719  30.8%   374 1635s
  1441   870 1411.55000   67   20 1817.11690 1258.08719  30.8%   374 1640s
  1448   875 1432.14767   71   20 1817.11690 1258.08719  30.8%   373 1645s
  1455   879 1505.38053   74   20 1817.11690 1258.08719  30.8%   372 1650s
  1465   886 1556.74637   79   24 1817.11690 1258.08719  30.8%   370 1655s
  1470   889 1513.16777   82   32 1817.11690 1258.08719  30.8%   370 1660s
  1483   896 1570.61796   88   36 1817.11690 1258.08719  30.8%   367 1666s
  1490   899 1626.98449   92   38 1817.11690 1258.08719  30.8%   366 1670s
  1504   908 1673.97349   99   36 1817.11690 1258.08719  30.8%   363 1675s
  1514   905     cutoff  102      1817.11690 1258.08719  30.8%   362 1680s
  1529   901 1269.06743   17   10 1817.11690 1258.08719  30.8%   360 1685s
  1542   909 1270.25662   23   12 1817.11690 1258.08719  30.8%   359 1690s
  1555   918 1678.35506   30    6 1817.11690 1258.08719  30.8%   358 1695s
  1568   927 1280.00855   36   12 1817.11690 1258.08719  30.8%   357 1700s
  1585   938 1309.41383   45   16 1817.11690 1258.08719  30.8%   355 1705s
  1587   939 1317.77203   46   18 1817.11690 1258.08719  30.8%   357 1710s
  1593   941 1352.99579   49   22 1817.11690 1258.08719  30.8%   356 1715s
  1596   943 1667.17432   50   22 1817.11690 1258.08719  30.8%   356 1721s
  1599   945 1380.68325   52   28 1817.11690 1258.08719  30.8%   359 1726s
  1600   946 1476.73674   52   24 1817.11690 1258.08719  30.8%   360 1730s
  1606   950 1426.25319   55   28 1817.11690 1258.08719  30.8%   360 1735s
  1612   954 1729.90201   58   30 1817.11690 1258.08719  30.8%   359 1740s
  1613   955 1416.30003   59   30 1817.11690 1258.08719  30.8%   360 1760s
  1616   957 1747.14354   60   28 1817.11690 1258.08719  30.8%   360 1765s
  1619   959 1432.11992   62   30 1817.11690 1258.08719  30.8%   361 1771s
  1622   961 1608.50893   63   30 1817.11690 1258.08719  30.8%   361 1775s
  1632   967 1444.99894   68   28 1817.11690 1258.08719  30.8%   359 1780s
  1636   970 1446.98088   70   26 1817.11690 1258.08719  30.8%   359 1785s
  1644   975 1496.88049   74   24 1817.11690 1258.08719  30.8%   358 1790s
  1653   981 1464.72325   79   26 1817.11690 1258.08719  30.8%   357 1795s
  1659   985 1477.16969   82   26 1817.11690 1258.08719  30.8%   357 1800s
  1670   993 1517.10369   87   30 1817.11690 1258.08719  30.8%   355 1805s
  1679   999 1573.34816   92   36 1817.11690 1258.08719  30.8%   354 1810s
  1687  1002 1651.03621   96   38 1817.11690 1258.08719  30.8%   352 1815s
  1698  1005 1760.08177  101   40 1817.11690 1258.08719  30.8%   351 1821s
  1710  1001 1669.45735   16    6 1817.11690 1258.34423  30.8%   351 1826s
  1714  1004 1675.58854   18    6 1817.11690 1258.34423  30.8%   352 1830s
  1722  1009 1660.23155   22    6 1817.11690 1258.34423  30.8%   353 1835s
  1734  1017 1655.92586   28    4 1817.11690 1258.34423  30.8%   352 1840s
  1744  1024 1516.11090   33    8 1817.11690 1258.34423  30.8%   352 1845s
  1750  1028 1568.06838   36   10 1817.11690 1258.34423  30.8%   353 1850s
  1761  1035 1296.52695   41   16 1817.11690 1258.34423  30.8%   353 1855s
  1770  1041 1319.89651   46   18 1817.11690 1258.34423  30.8%   354 1864s
  1771  1042 1595.51635   46   12 1817.11690 1258.34423  30.8%   354 1865s
  1775  1045 1330.07548   48   14 1817.11690 1258.34423  30.8%   356 1870s
  1782  1049 1322.55749   52   18 1817.11690 1258.34423  30.8%   355 1875s
  1786  1052 1323.08233   54   18 1817.11690 1258.34423  30.8%   356 1880s
  1791  1055 1385.78969   56   14 1817.11690 1258.34423  30.8%   356 1885s
  1796  1059 1328.51627   59   18 1817.11690 1258.34423  30.8%   357 1893s
  1798  1061 1329.23644   60   16 1817.11690 1258.34423  30.8%   358 1896s
  1802  1065 1356.64246   62   20 1817.11690 1258.34423  30.8%   358 1901s
  1806  1067 1357.00628   64   22 1817.11690 1258.34423  30.8%   358 1906s
  1809  1070 1810.33600   65   22 1817.11690 1258.34423  30.8%   358 1910s
  1813  1074 1712.63447   67   22 1817.11690 1258.34423  30.8%   358 1915s
  1817  1078 1619.96091   69   28 1817.11690 1258.34423  30.8%   358 1921s
  1820  1081 1496.79844   71   34 1817.11690 1258.34423  30.8%   358 1926s
  1825  1086 1524.60525   73   36 1817.11690 1258.34423  30.8%   358 1930s
  1833  1094 1551.54129   77   40 1817.11690 1258.34423  30.8%   357 1935s
  1842  1097 1700.40486   82   42 1817.11690 1258.34423  30.8%   356 1940s
  1850  1103     cutoff   86      1817.11690 1258.34423  30.8%   355 1945s
  1865  1104     cutoff   89      1817.11690 1258.34423  30.8%   353 1950s
  1880  1107 1813.76949   90   36 1817.11690 1258.34423  30.8%   350 1955s
  1894  1103 1816.22454   89   40 1817.11690 1258.34423  30.8%   348 1960s
  1903  1106 1487.03245   19   10 1817.11690 1258.34423  30.8%   348 1965s
  1909  1112 1661.85923   22    8 1817.11690 1258.34423  30.8%   348 1970s
  1915  1118 1289.64287   25   10 1817.11690 1258.34423  30.8%   349 1975s
  1925  1128 1330.66629   30   10 1817.11690 1258.34423  30.8%   349 1980s
  1929  1132 1602.86223   32    8 1817.11690 1258.34423  30.8%   351 1985s
  1934  1137 1278.54799   34   10 1817.11690 1258.34423  30.8%   352 1990s
  1942  1145 1282.02353   38   16 1817.11690 1258.34423  30.8%   354 1995s
  1945  1148 1300.50543   40   14 1817.11690 1258.34423  30.8%   355 2000s
  1949  1152 1308.89323   42   16 1817.11690 1258.34423  30.8%   356 2005s
  1957  1160 1311.29288   46   18 1817.11690 1258.34423  30.8%   358 2013s
  1958  1161 1360.68462   46   16 1817.11690 1258.34423  30.8%   358 2015s
  1961  1164 1312.78153   48   18 1817.11690 1258.34423  30.8%   359 2020s
  1965  1168 1313.30142   50   20 1817.11690 1258.34423  30.8%   360 2026s
  1970  1171 1775.11161   52   20 1817.11690 1258.34423  30.8%   360 2031s
  1974  1175 1549.71394   54   26 1817.11690 1258.34423  30.8%   360 2035s
  1975  1176 1385.55204   55   28 1817.11690 1258.34423  30.8%   360 2051s
  1979  1180 1402.40561   57   30 1817.11690 1258.34423  30.8%   360 2055s
  1988  1189 1411.75700   61   30 1817.11690 1258.34423  30.8%   359 2060s
  1993  1194 1414.57569   64   28 1817.11690 1258.34423  30.8%   360 2066s
  1995  1196 1415.72052   65   28 1817.11690 1258.34423  30.8%   360 2070s
  1997  1198 1416.20662   66   28 1817.11690 1258.34423  30.8%   360 2075s
  2000  1201 1504.37555   67   28 1817.11690 1258.34423  30.8%   360 2082s
  2003  1204 1416.97379   69   28 1817.11690 1258.34423  30.8%   361 2086s
  2007  1208 1417.65279   71   28 1817.11690 1258.34423  30.8%   361 2091s
  2013  1214 1420.93210   74   26 1817.11690 1258.34423  30.8%   360 2095s
  2022  1223 1461.50342   78   26 1817.11690 1258.34423  30.8%   359 2100s
  2032  1233 1459.31136   83   24 1817.11690 1258.34423  30.8%   358 2105s
  2036  1237 1761.40974   85   26 1817.11690 1258.34423  30.8%   358 2110s
  2044  1245 1618.03804   89   32 1817.11690 1258.34423  30.8%   357 2115s
  2056  1257 1608.66486   95   34 1817.11690 1258.34423  30.8%   355 2120s
  2064  1265 1654.61673   99   36 1817.11690 1258.34423  30.8%   355 2125s
  2074  1273 1749.70589  104   40 1817.11690 1258.34423  30.8%   353 2130s
  2089  1276     cutoff  109      1817.11690 1258.34423  30.8%   351 2135s
  2109  1274 1668.16085   18    8 1817.11690 1258.58628  30.7%   348 2140s
  2117  1276 1670.04853   22    6 1817.11690 1258.58628  30.7%   348 2145s
  2123  1278 1672.23880   25    8 1817.11690 1258.58628  30.7%   348 2150s
  2127  1280 1704.37352   27    8 1817.11690 1258.58628  30.7%   349 2156s
  2129  1280     cutoff   28      1817.11690 1258.58628  30.7%   350 2160s
  2138  1283 1690.11788   33    6 1817.11690 1258.58628  30.7%   350 2166s
  2142  1283 1691.57393   35   10 1817.11690 1258.58628  30.7%   350 2170s
  2146  1283 1693.01543   37   12 1817.11690 1258.58628  30.7%   351 2175s
  2151  1286 1721.54377   39   10 1817.11690 1258.58628  30.7%   353 2182s
  2153  1288 1779.30243   40   10 1817.11690 1258.58628  30.7%   353 2186s
  2155  1290 1760.29956   41   10 1817.11690 1258.58628  30.7%   356 2192s
  2157  1292 1746.85334   42   12 1817.11690 1258.58628  30.7%   356 2195s
  2160  1295 1700.19089   44   12 1817.11690 1258.58628  30.7%   356 2200s
  2166  1297 1713.49376   47   14 1817.11690 1258.58628  30.7%   356 2206s
  2172  1297 1734.20495   50   16 1817.11690 1258.58628  30.7%   356 2211s
  2176  1299 1744.84263   52   16 1817.11690 1258.58628  30.7%   356 2215s
  2184  1303 1768.82346   56   18 1817.11690 1258.58628  30.7%   355 2220s
  2194  1311 1775.04404   60   20 1817.11690 1258.58628  30.7%   354 2225s
  2201  1318 1792.44782   62   18 1817.11690 1258.58628  30.7%   354 2230s
  2207  1320 1787.50518   65   18 1817.11690 1258.58628  30.7%   354 2235s
  2215  1324 1801.06991   69   18 1817.11690 1258.58628  30.7%   353 2241s
  2220  1325 1779.19710   72   20 1817.11690 1258.58628  30.7%   353 2245s
  2228  1331 1783.84239   75   22 1817.11690 1258.58628  30.7%   352 2250s
  2235  1334 1784.61017   78   20 1817.11690 1258.58628  30.7%   353 2255s
  2247  1346 1789.30375   82   20 1817.11690 1258.58628  30.7%   352 2260s
  2259  1350     cutoff   84      1817.11690 1258.58628  30.7%   350 2265s
  2271  1350 1814.28569   90   22 1817.11690 1258.58628  30.7%   350 2270s
  2279  1354 1669.17854   18    8 1817.11690 1258.58628  30.7%   350 2275s
  2286  1361 1267.79951   21   12 1817.11690 1258.58628  30.7%   351 2280s
  2292  1367 1269.43865   24   10 1817.11690 1258.58628  30.7%   351 2285s
  2305  1380 1599.44105   31   10 1817.11690 1258.58628  30.7%   351 2290s
  2314  1389 1284.74609   35   12 1817.11690 1258.58628  30.7%   351 2295s
  2318  1393 1333.02850   37   10 1817.11690 1258.58628  30.7%   351 2301s
  2329  1404 1315.39645   43   16 1817.11690 1258.58628  30.7%   351 2308s
  2331  1406 1316.45671   42   14 1817.11690 1258.58628  30.7%   352 2310s
  2342  1417 1613.46645   48   16 1817.11690 1258.58628  30.7%   351 2315s
  2352  1427 1375.12962   53   16 1817.11690 1258.58628  30.7%   351 2320s
  2359  1432 1354.67881   57   22 1817.11690 1258.58628  30.7%   351 2325s
  2364  1437 1804.54780   59   24 1817.11690 1258.58628  30.7%   351 2330s
  2366  1439 1659.20011   60   26 1817.11690 1258.58628  30.7%   351 2340s
  2369  1442 1376.35744   62   26 1817.11690 1258.58628  30.7%   352 2345s
  2374  1447 1437.56715   64   26 1817.11690 1258.58628  30.7%   352 2350s
  2377  1450 1398.37382   66   26 1817.11690 1258.58628  30.7%   352 2355s
  2381  1454 1423.23755   68   26 1817.11690 1258.58628  30.7%   352 2361s
  2386  1459 1498.98919   70   24 1817.11690 1258.58628  30.7%   351 2365s
  2393  1466 1484.68742   73   28 1817.11690 1258.58628  30.7%   351 2370s
  2398  1471 1497.58029   75   26 1817.11690 1258.58628  30.7%   350 2375s
  2408  1481 1635.08208   78   28 1817.11690 1258.58628  30.7%   349 2380s
  2415  1488 1526.81086   79   32 1817.11690 1258.58628  30.7%   349 2386s
  2419  1492 1535.32504   80   34 1817.11690 1258.58628  30.7%   349 2390s
  2427  1500 1583.78264   81   34 1817.11690 1258.58628  30.7%   348 2395s
  2431  1504 1599.78852   83   36 1817.11690 1258.58628  30.7%   348 2401s
  2441  1514 1639.45215   87   40 1817.11690 1258.58628  30.7%   347 2405s
  2450  1523 1648.27828   88   40 1817.11690 1258.58628  30.7%   346 2410s
  2464  1537 1659.26256   90   40 1817.11690 1258.58628  30.7%   345 2415s
  2478  1551 1673.15031   91   36 1817.11690 1258.58628  30.7%   343 2420s
  2487  1556 1688.54673   92   38 1817.11690 1258.58628  30.7%   342 2426s
  2493  1556 1692.98987   92   40 1817.11690 1258.58628  30.7%   342 2430s
  2504  1555 1708.39153   93   40 1817.11690 1258.58628  30.7%   341 2436s
  2511  1560 1714.48546   95   36 1817.11690 1258.58628  30.7%   340 2440s
  2519  1560     cutoff   98      1817.11690 1258.58628  30.7%   339 2445s
  2528  1561 1673.39039   16    8 1817.11690 1262.78891  30.5%   339 2450s
  2533  1566 1270.00680   18   10 1817.11690 1262.78891  30.5%   340 2455s
  2538  1571 1355.59667   21    8 1817.11690 1262.78891  30.5%   341 2460s
  2551  1584 1272.95420   27   10 1817.11690 1262.78891  30.5%   341 2465s
  2562  1595 1549.68868   33    6 1817.11690 1262.78891  30.5%   340 2470s
  2568  1601 1542.68721   36    8 1817.11690 1262.78891  30.5%   340 2475s
  2573  1606 1331.23598   38   10 1817.11690 1262.78891  30.5%   341 2481s
  2575  1608 1706.58254   39    8 1817.11690 1262.78891  30.5%   342 2485s
  2580  1613 1305.37947   42   16 1817.11690 1262.78891  30.5%   342 2491s
  2591  1624 1345.16154   46   16 1817.11690 1262.78891  30.5%   342 2495s
  2602  1635 1336.22899   52   22 1817.11690 1262.78891  30.5%   342 2500s
  2605  1636 1393.16428   53   20 1817.11690 1262.78891  30.5%   343 2506s
  2607  1638 1488.04811   54   18 1817.11690 1262.78891  30.5%   344 2512s
  2608  1639 1338.76987   55   22 1817.11690 1262.78891  30.5%   344 2515s
  2611  1642 1786.47698   56   20 1817.11690 1262.78891  30.5%   344 2520s
  2615  1646 1565.44366   58   24 1817.11690 1262.78891  30.5%   344 2525s
  2621  1652 1439.38661   61   26 1817.11690 1262.78891  30.5%   344 2530s
  2632  1663 1438.04963   65   28 1817.11690 1262.78891  30.5%   343 2535s
  2638  1669 1437.56440   66   28 1817.11690 1262.78891  30.5%   344 2542s
  2643  1674 1480.11477   68   26 1817.11690 1262.78891  30.5%   343 2545s
  2649  1680 1542.78065   71   26 1817.11690 1262.78891  30.5%   343 2551s
  2654  1685 1441.94792   73   26 1817.11690 1262.78891  30.5%   343 2555s
  2660  1691 1450.20814   76   28 1817.11690 1262.78891  30.5%   343 2560s
  2665  1696 1489.08300   78   26 1817.11690 1262.78891  30.5%   342 2565s
  2676  1707 1468.08613   82   28 1817.11690 1262.78891  30.5%   341 2570s
  2684  1715 1498.09780   83   26 1817.11690 1262.78891  30.5%   341 2575s
  2688  1719 1517.28748   84   30 1817.11690 1262.78891  30.5%   340 2580s
  2692  1723 1520.53356   85   32 1817.11690 1262.78891  30.5%   340 2585s
  2695  1726 1588.94351   86   30 1817.11690 1262.78891  30.5%   341 2590s
  2699  1730 1691.24229   88   30 1817.11690 1262.78891  30.5%   341 2595s
  2704  1735 1612.34607   90   36 1817.11690 1262.78891  30.5%   341 2600s
  2714  1745 1641.60368   93   34 1817.11690 1262.78891  30.5%   340 2605s
  2723  1754 1650.05600   93   34 1817.11690 1262.78891  30.5%   339 2610s
  2733  1764 1664.15936   95   32 1817.11690 1262.78891  30.5%   338 2615s
  2745  1776 1741.99846   96   32 1817.11690 1262.78891  30.5%   337 2620s
  2751  1782 1754.08475   96   32 1817.11690 1262.78891  30.5%   336 2625s
  2760  1791 1682.00020   97   38 1817.11690 1262.78891  30.5%   336 2630s
  2768  1799 1717.29882   99   38 1817.11690 1262.78891  30.5%   335 2635s
  2781  1806 1760.97543  103   32 1817.11690 1262.78891  30.5%   334 2640s
  2797  1804 1672.55245   17    6 1817.11690 1262.78891  30.5%   333 2645s
  2803  1810 1445.55164   20    8 1817.11690 1262.78891  30.5%   333 2650s
  2813  1820 1344.49454   25    8 1817.11690 1262.78891  30.5%   334 2655s
  2822  1829 1275.39614   29   13 1817.11690 1262.78891  30.5%   334 2660s
  2828  1835 1659.40360   32   10 1817.11690 1262.78891  30.5%   335 2665s
  2832  1839 1730.04902   34    6 1817.11690 1262.78891  30.5%   336 2670s
  2835  1842 1292.29747   36   12 1817.11690 1262.78891  30.5%   336 2675s
  2839  1846 1299.07711   38   12 1817.11690 1262.78891  30.5%   337 2680s
  2842  1849 1357.09013   39   10 1817.11690 1262.78891  30.5%   338 2685s
  2844  1851 1319.00371   40   12 1817.11690 1262.78891  30.5%   340 2691s
  2847  1854 1300.80645   42   14 1817.11690 1262.78891  30.5%   340 2696s
  2850  1857 1515.96058   43   10 1817.11690 1262.78891  30.5%   341 2700s
  2854  1861 1334.16495   45   12 1817.11690 1262.78891  30.5%   341 2705s
  2859  1864 1316.96004   48   16 1817.11690 1262.78891  30.5%   341 2711s
  2861  1866 1317.13781   49   18 1817.11690 1262.78891  30.5%   341 2715s
  2865  1870 1332.82482   51   18 1817.11690 1262.78891  30.5%   341 2721s
  2868  1873 1490.71243   52   16 1817.11690 1262.78891  30.5%   343 2725s
  2873  1878 1363.35359   55   20 1817.11690 1262.78891  30.5%   343 2731s
  2879  1884 1392.31570   58   20 1817.11690 1262.78891  30.5%   342 2735s
  2893  1898 1404.88152   63   20 1817.11690 1262.78891  30.5%   341 2740s
  2905  1910 1409.53998   65   18 1817.11690 1262.78891  30.5%   340 2745s
  2909  1914 1418.95006   66   20 1817.11690 1262.78891  30.5%   340 2750s
  2916  1921 1557.95647   66   16 1817.11690 1262.78891  30.5%   339 2755s
  2920  1925 1473.00166   68   20 1817.11690 1262.78891  30.5%   340 2760s
  2927  1932 1426.80811   72   16 1817.11690 1262.78891  30.5%   340 2765s
  2931  1936 1433.15563   74   18 1817.11690 1262.78891  30.5%   340 2770s
  2935  1940 1433.50974   76   20 1817.11690 1262.78891  30.5%   340 2775s
  2941  1946 1437.69422   79   20 1817.11690 1262.78891  30.5%   339 2780s
  2949  1954 1446.58242   83   24 1817.11690 1262.78891  30.5%   339 2785s
  2958  1963 1463.22268   87   24 1817.11690 1262.78891  30.5%   338 2805s
  2963  1968 1471.01672   88   24 1817.11690 1262.78891  30.5%   338 2810s
  2971  1972 1503.79832   89   28 1817.11690 1262.78891  30.5%   338 2816s
  2975  1974 1739.45919   91   30 1817.11690 1262.78891  30.5%   337 2831s
  2979  1978 1751.58246   90   30 1817.11690 1262.78891  30.5%   337 2835s
  2983  1982 1555.05532   92   34 1817.11690 1262.78891  30.5%   337 2840s
  2988  1987 1640.50166   93   34 1817.11690 1262.78891  30.5%   337 2845s
  2994  1993 1620.87744   96   40 1817.11690 1262.78891  30.5%   336 2852s
  2996  1995 1667.47922   96   38 1817.11690 1262.78891  30.5%   337 2855s
  3012  1987 1769.79243   17    6 1817.11690 1263.27441  30.5%   336 2861s
  3014  1989 1758.37891   18    6 1817.11690 1263.27441  30.5%   337 2865s
  3018  1991 1553.46905   20    6 1817.11690 1263.27441  30.5%   338 2870s
  3027  2000 1428.63394   24    8 1817.11690 1263.27441  30.5%   338 2876s
  3035  2006 1431.78247   28   10 1817.11690 1263.27441  30.5%   337 2880s
  3042  2013 1725.26654   32    6 1817.11690 1263.27441  30.5%   338 2885s
  3047  2018 1481.98586   34    8 1817.11690 1263.27441  30.5%   338 2891s
  3057  2028 1616.35922   39    8 1817.11690 1263.27441  30.5%   338 2895s
  3067  2034 1606.52388   44    8 1817.11690 1263.27441  30.5%   338 2902s
  3070  2037 1475.27967   46   12 1817.11690 1263.27441  30.5%   338 2905s
  3074  2041 1480.95849   46   10 1817.11690 1263.27441  30.5%   339 2911s
  3078  2045 1481.62613   48   10 1817.11690 1263.27441  30.5%   341 2916s
  3081  2048 1719.66472   49    6 1817.11690 1263.27441  30.5%   341 2920s
  3083  2050 1536.53866   50    8 1817.11690 1263.27441  30.5%   342 2925s
  3087  2054 1681.01388   52   12 1817.11690 1263.27441  30.5%   342 2930s
  3094  2061 1527.45800   56   20 1817.11690 1263.27441  30.5%   342 2935s
  3097  2064 1544.40702   57   18 1817.11690 1263.27441  30.5%   343 2941s
  3106  2073 1535.26043   60   20 1817.11690 1263.27441  30.5%   342 2945s
  3119  2086 1579.33663   64   18 1817.11690 1263.27441  30.5%   341 2950s
  3130  2097 1548.31676   67   18 1817.11690 1263.27441  30.5%   340 2955s
  3137  2104 1553.33047   69   14 1817.11690 1263.27441  30.5%   340 2960s
  3142  2109 1551.65487   72   16 1817.11690 1263.27441  30.5%   340 2965s
  3150  2117 1579.87055   76   16 1817.11690 1263.27441  30.5%   340 2971s
  3152  2117 1582.78668   75   18 1817.11690 1263.27441  30.5%   340 2975s
  3155  2116     cutoff   76      1817.11690 1263.27441  30.5%   341 2980s
  3162  2121 1692.95100   80   12 1817.11690 1263.27441  30.5%   341 2985s
  3169  2128 1584.56317   83   20 1817.11690 1263.27441  30.5%   340 2990s
  3178  2131 1635.98546   84   20 1817.11690 1263.27441  30.5%   340 2995s
  3185  2132 1653.49004   86   22 1817.11690 1263.27441  30.5%   340 3000s
  3189  2136 1636.16891   88   22 1817.11690 1263.27441  30.5%   341 3005s
  3197  2142 1672.86404   92   22 1817.11690 1263.27441  30.5%   341 3011s
  3202  2143 1706.55861   92   22 1817.11690 1263.27441  30.5%   341 3015s
  3207  2144 1706.67867   93   24 1817.11690 1263.27441  30.5%   341 3020s
  3212  2147 1751.36947   96   30 1817.11690 1263.27441  30.5%   341 3025s
  3225  2154 1808.54319  101   32 1817.11690 1263.27441  30.5%   340 3030s
  3238  2155 1383.43670   16    8 1817.11690 1263.27441  30.5%   339 3036s
  3241  2158 1448.78641   18    6 1817.11690 1263.27441  30.5%   340 3040s
  3244  2161 1389.32238   19    8 1817.11690 1263.27441  30.5%   340 3046s
  3249  2164 1557.05368   22    8 1817.11690 1263.27441  30.5%   341 3050s
  3258  2171 1394.34115   26    8 1817.11690 1263.27441  30.5%   341 3055s
  3268  2181 1418.34867   31   10 1817.11690 1263.27441  30.5%   340 3061s
  3276  2189 1415.50275   35    8 1817.11690 1263.27441  30.5%   340 3065s
  3282  2195 1441.07944   38   10 1817.11690 1263.27441  30.5%   341 3071s
  3286  2199 1508.54452   40    8 1817.11690 1263.27441  30.5%   343 3077s
  3290  2203 1655.56007   42    8 1817.11690 1263.27441  30.5%   343 3080s
  3295  2206 1424.20386   45   14 1817.11690 1263.27441  30.5%   344 3085s
  3303  2210 1636.75132   48   14 1817.11690 1263.27441  30.5%   344 3092s
  3304  2211 1435.59079   48   18 1817.11690 1263.27441  30.5%   346 3097s
  3307  2214 1635.54166   50   18 1817.11690 1263.27441  30.5%   346 3101s
  3312  2219 1475.91128   52   22 1817.11690 1263.27441  30.5%   346 3105s
  3324  2231 1489.99362   57   22 1817.11690 1263.27441  30.5%   345 3110s
  3334  2241 1503.59236   58   20 1817.11690 1263.27441  30.5%   344 3115s
  3341  2248 1502.29655   61   24 1817.11690 1263.27441  30.5%   343 3120s
  3347  2254 1505.51198   64   22 1817.11690 1263.27441  30.5%   343 3125s
  3351  2258 1505.74887   66   24 1817.11690 1263.27441  30.5%   343 3130s
  3362  2269 1519.14480   70   22 1817.11690 1263.27441  30.5%   343 3135s
  3369  2276 1519.51898   74   20 1817.11690 1263.27441  30.5%   343 3140s
  3375  2282 1525.92795   77   24 1817.11690 1263.27441  30.5%   342 3145s
  3386  2293 1534.41716   81   22 1817.11690 1263.27441  30.5%   342 3150s
  3395  2302 1535.65407   84   24 1817.11690 1263.27441  30.5%   341 3155s
  3403  2310 1536.88927   88   22 1817.11690 1263.27441  30.5%   341 3160s
  3411  2318 1546.53860   91   22 1817.11690 1263.27441  30.5%   341 3165s
  3415  2322 1594.54630   92   26 1817.11690 1263.27441  30.5%   341 3170s
  3419  2326 1606.59241   92   24 1817.11690 1263.27441  30.5%   341 3175s
  3423  2330 1604.03968   93   28 1817.11690 1263.27441  30.5%   341 3180s
  3426  2331 1623.87336   94   28 1817.11690 1263.27441  30.5%   343 3188s
  3431  2336 1741.87463   97   20 1817.11690 1263.27441  30.5%   342 3191s
  3435  2340 1647.88416   97   26 1817.11690 1263.27441  30.5%   342 3195s
  3439  2344 1652.22587   97   26 1817.11690 1263.27441  30.5%   343 3201s
  3445  2350 1763.10763   97   22 1817.11690 1263.27441  30.5%   342 3205s
  3451  2356 1668.16813   97   26 1817.11690 1263.27441  30.5%   342 3211s
  3454  2359 1766.68403   98   20 1817.11690 1263.27441  30.5%   342 3217s
  3456  2361 1768.19555   97   18 1817.11690 1263.27441  30.5%   342 3220s
  3458  2363 1778.28580   98   20 1817.11690 1263.27441  30.5%   343 3225s
  3468  2373 1677.15770  101   24 1817.11690 1263.27441  30.5%   342 3230s
  3472  2377 1791.54545  102   22 1817.11690 1263.27441  30.5%   342 3235s
  3476  2381 1689.29611  100   24 1817.11690 1263.27441  30.5%   342 3240s
  3495  2400 1704.34507  107   26 1817.11690 1263.27441  30.5%   341 3245s
  3514  2395     cutoff  109      1817.11690 1263.27441  30.5%   339 3250s
  3519  2400 1268.29272   18   12 1817.11690 1263.70860  30.5%   340 3256s
  3524  2405 1555.88785   21    8 1817.11690 1263.70860  30.5%   341 3260s
  3533  2414 1273.84865   25   12 1817.11690 1263.70860  30.5%   340 3265s
  3546  2427 1302.25011   32    8 1817.11690 1263.70860  30.5%   340 3270s
  3555  2436 1277.90323   36   10 1817.11690 1263.70860  30.5%   340 3275s
  3566  2447 1333.45527   41   10 1817.11690 1263.70860  30.5%   340 3280s
  3571  2452 1701.41514   42   10 1817.11690 1263.70860  30.5%   340 3285s
  3576  2457 1324.65846   45   12 1817.11690 1263.70860  30.5%   340 3290s
  3579  2458 1689.47224   45    5 1817.11690 1263.70860  30.5%   341 3295s
  3581  2460 1514.69819   46   12 1817.11690 1263.70860  30.5%   342 3300s
  3583  2462 1434.62595   47   12 1817.11690 1263.70860  30.5%   343 3305s
  3589  2468 1324.13003   50   16 1817.11690 1263.70860  30.5%   343 3311s
  3591  2470 1324.77764   51   18 1817.11690 1263.70860  30.5%   343 3315s
  3598  2475     cutoff   55      1817.11690 1263.70860  30.5%   343 3320s
  3602  2479 1342.15248   55   16 1817.11690 1263.70860  30.5%   344 3325s
  3605  2482 1527.00387   56   12 1817.11690 1263.70860  30.5%   345 3330s
  3609  2486 1360.73154   58   16 1817.11690 1263.70860  30.5%   346 3336s
  3611  2488 1409.03786   59   16 1817.11690 1263.70860  30.5%   347 3341s
  3616  2489 1515.30633   61   18 1817.11690 1263.70860  30.5%   347 3347s
  3618  2491 1811.62779   62   18 1817.11690 1263.70860  30.5%   348 3350s
  3623  2496 1382.65408   64   20 1817.11690 1263.70860  30.5%   348 3357s
  3625  2498 1399.59308   65   24 1817.11690 1263.70860  30.5%   348 3360s
  3630  2503 1518.67795   68   24 1817.11690 1263.70860  30.5%   348 3365s
  3636  2509 1458.53831   71   28 1817.11690 1263.70860  30.5%   347 3370s
  3647  2520 1697.12306   74   28 1817.11690 1263.70860  30.5%   347 3375s
  3660  2533 1473.65376   80   26 1817.11690 1263.70860  30.5%   346 3380s
  3668  2541 1479.37898   82   28 1817.11690 1263.70860  30.5%   345 3385s
  3675  2548 1492.53884   85   30 1817.11690 1263.70860  30.5%   345 3390s
  3679  2552 1585.42414   87   28 1817.11690 1263.70860  30.5%   346 3396s
  3688  2561 1522.51080   91   32 1817.11690 1263.70860  30.5%   345 3400s
  3704  2577 1537.06648   93   32 1817.11690 1263.70860  30.5%   344 3406s
  3710  2583 1539.22296   93   30 1817.11690 1263.70860  30.5%   344 3410s
  3721  2594 1573.15966   94   28 1817.11690 1263.70860  30.5%   343 3415s
  3734  2607 1593.60394   98   34 1817.11690 1263.70860  30.5%   342 3420s
  3741  2610 1692.59038   98   28 1817.11690 1263.70860  30.5%   342 3425s
  3750  2615 1610.68113   98   28 1817.11690 1263.70860  30.5%   341 3430s
  3756  2617 1626.41335  100   34 1817.11690 1263.70860  30.5%   341 3436s
  3761  2620 1657.28301  100   36 1817.11690 1263.70860  30.5%   341 3440s
  3766  2623 1696.49626  102   38 1817.11690 1263.70860  30.5%   341 3445s
  3770  2625 1724.88150  103   38 1817.11690 1263.70860  30.5%   341 3450s
  3784  2637 1757.23035  107   38 1817.11690 1263.70860  30.5%   340 3455s
  3794  2643 1763.83985  106   36 1817.11690 1263.70860  30.5%   339 3460s
  3804  2651 1767.87455  108   40 1817.11690 1263.70860  30.5%   338 3465s
  3818  2649 1268.81922   15   10 1817.11690 1263.70860  30.5%   338 3470s
  3823  2654 1547.20400   18    6 1817.11690 1263.70860  30.5%   338 3476s
  3826  2657 1274.20031   19    8 1817.11690 1263.70860  30.5%   338 3480s
  3830  2661 1274.62948   21    8 1817.11690 1263.70860  30.5%   339 3485s
  3835  2666 1608.24459   24    6 1817.11690 1263.70860  30.5%   339 3490s
  3841  2672 1334.08584   27    8 1817.11690 1263.70860  30.5%   339 3495s
  3849  2680 1377.66452   31    6 1817.11690 1263.70860  30.5%   339 3501s
  3855  2686 1624.80611   34    6 1817.11690 1263.70860  30.5%   340 3505s
  3861  2692 1370.42624   37    7 1817.11690 1263.70860  30.5%   339 3510s
  3867  2698 1618.41670   40    6 1817.11690 1263.70860  30.5%   340 3516s
  3874  2705 1329.35055   43   10 1817.11690 1263.70860  30.5%   340 3522s
  3875  2706 1334.80240   43    8 1817.11690 1263.70860  30.5%   341 3529s
  3877  2708 1295.40674   44    8 1817.11690 1263.70860  30.5%   341 3531s
  3880  2711 1402.00064   45    8 1817.11690 1263.70860  30.5%   341 3537s
  3885  2716 1303.61736   47    8 1817.11690 1263.70860  30.5%   341 3540s
  3888  2719 1586.67290   48    8 1817.11690 1263.70860  30.5%   342 3545s
  3892  2723 1619.77631   50    8 1817.11690 1263.70860  30.5%   342 3550s
  3909  2740 1344.71293   59   14 1817.11690 1263.70860  30.5%   341 3555s
  3925  2756 1325.46665   65   16 1817.11690 1263.70860  30.5%   341 3562s
  3927  2758 1326.96390   66   20 1817.11690 1263.70860  30.5%   341 3565s
  3933  2762 1351.94809   69   22 1817.11690 1263.70860  30.5%   342 3570s
  3936  2765 1707.62065   70   18 1817.11690 1263.70860  30.5%   343 3576s
  3938  2767 1466.61638   71   22 1817.11690 1263.70860  30.5%   343 3581s
  3941  2770 1352.31687   73   22 1817.11690 1263.70860  30.5%   343 3600s

Explored 3942 nodes (1378408 simplex iterations) in 3600.04 seconds (1865.46 work units)
Thread count was 1 (of 56 available processors)

Solution count 6: 1817.12 1817.12 2309.37 ... 18208.8

Time limit reached
Best objective 1.817116897377e+03, best bound 1.263708603597e+03, gap 30.4553%

User-callback calls 57566, time in user-callback 0.21 sec
primal_bound = 1817.1168973770714, dual_bound = 1263.7086035969678, gap = 30.455294019824713, time = 3600.06
