solving instance mcf nodes c43 3 6 sqrt
Set parameter TokenServer to value "licences.gerad.lan"
Set parameter MIPGap to value 1e-06
Set parameter FuncPieceError to value 1e-06
Set parameter Threads to value 1
Set parameter FuncPieces to value -2
Set parameter TimeLimit to value 3600
Gurobi Optimizer version 12.0.2 build v12.0.2rc0 (linux64 - "AlmaLinux 9.6 (Sage Margay)")

CPU model: Intel(R) Xeon(R) Gold 6258R CPU @ 2.70GHz, instruction set [SSE2|AVX|AVX2|AVX512]
Thread count: 56 physical cores, 56 logical processors, using up to 1 threads

Non-default parameters:
TimeLimit  3600
MIPGap  1e-06
Threads  1
FuncPieces  -2
FuncPieceError  1e-06

Optimize a model with 1468 rows, 12448 columns and 48062 nonzeros
Model fingerprint: 0xe6c08c6f
Model has 20 function constraints treated as nonlinear
  20 POW
Variable types: 12134 continuous, 314 integer (314 binary)
Coefficient statistics:
  Matrix range     [2e-04, 8e+03]
  Objective range  [1e+00, 1e+00]
  Bounds range     [6e-15, 1e+10]
  RHS range        [2e+02, 7e+02]
Warning: Model contains large bounds
         Consider reformulating model or setting NumericFocus parameter
         to avoid numerical issues.

Warning: Completing partial solution with 314 unfixed non-continuous variables out of 314
User MIP start did not produce a new incumbent solution

Presolve removed 390 rows and 648 columns
Presolve time: 0.06s
Presolved: 1178 rows, 11801 columns, 45820 nonzeros
Presolved model has 20 nonlinear constraint(s)

Solving non-convex MINLP

Variable types: 11801 continuous, 0 integer (0 binary)

Root relaxation: objective 2.826278e+04, 2409 iterations, 0.07 seconds (0.05 work units)
Another try with MIP start

    Nodes    |    Current Node    |     Objective Bounds      |     Work
 Expl Unexpl |  Obj  Depth IntInf | Incumbent    BestBd   Gap | It/Node Time

     0     0 28262.7782    0   15          - 28262.7782      -     -    0s
     0     0 30232.2486    0   15          - 30232.2486      -     -    0s
     0     2 30232.2486    0   15          - 30232.2486      -     -    0s
*   87    45              44    36578.910423 31621.4569  13.6%   4.9    0s
*   88    40              44    36578.615640 31621.4569  13.6%  14.2    0s
*  130    38              13    36576.711159 33426.3822  8.61%  26.5    1s
*  157    33              12    36572.841605 34165.5738  6.58%  39.3    1s
*  192    28              30    36572.219304 35609.3770  2.63%  36.7    1s
*  197    27              30    36572.122056 35609.3770  2.63%  39.9    1s
*  230    12              27    36546.068041 36530.9767  0.04%  35.2    2s
*  250    14              30    36542.188080 36531.4420  0.03%  32.8    2s
*  253    11              28    36541.830879 36531.4420  0.03%  35.1    2s
*  274     6              30    36541.606231 36538.6290  0.01%  35.9    2s
*  277     4              23    36539.600590 36538.8309  0.00%  35.6    2s
*  284     4              24    36538.982770 36538.9828  0.00%  35.9    2s

Explored 285 nodes (12653 simplex iterations) in 2.83 seconds (1.20 work units)
Thread count was 1 (of 56 available processors)

Solution count 10: 36539 36539.6 36541.6 ... 36576.7

Optimal solution found (tolerance 1.00e-06)
Best objective 3.653898276962e+04, best bound 3.653898276962e+04, gap 0.0000%

User-callback calls 1257, time in user-callback 0.00 sec
primal_bound = 36538.982769617156, dual_bound = 36538.982769617156, gap = 0.0, time = 2.84
