solving instance mcf nodes c100_400_30_F_T_10 3 6 log
Set parameter TokenServer to value "licences.gerad.lan"
Set parameter MIPGap to value 1e-06
Set parameter FuncPieceError to value 1e-06
Set parameter Threads to value 1
Set parameter FuncPieces to value -2
Set parameter TimeLimit to value 3600
Gurobi Optimizer version 12.0.2 build v12.0.2rc0 (linux64 - "AlmaLinux 9.6 (Sage Margay)")

CPU model: Intel(R) Xeon(R) Gold 6258R CPU @ 2.70GHz, instruction set [SSE2|AVX|AVX2|AVX512]
Thread count: 56 physical cores, 56 logical processors, using up to 1 threads

Non-default parameters:
TimeLimit  3600
MIPGap  1e-06
Threads  1
FuncPieces  -2
FuncPieceError  1e-06

Optimize a model with 4200 rows, 13300 columns and 49900 nonzeros
Model fingerprint: 0xb45e831a
Model has 100 function constraints treated as nonlinear
  100 LOG
Variable types: 12800 continuous, 500 integer (500 binary)
Coefficient statistics:
  Matrix range     [5e-02, 1e+03]
  Objective range  [1e+00, 1e+00]
  Bounds range     [3e+00, 1e+10]
  RHS range        [1e+00, 4e+01]
Warning: Model contains large bounds
         Consider reformulating model or setting NumericFocus parameter
         to avoid numerical issues.
Warning: x < 1e-10 in domain of log(x).
         Setting lower bound to 1e-10.
Presolve removed 845 rows and 1153 columns
Presolve time: 0.04s
Presolved: 3855 rows, 12148 columns, 45651 nonzeros
Presolved model has 100 nonlinear constraint(s)

Solving non-convex MINLP

Variable types: 12148 continuous, 0 integer (0 binary)

Root relaxation: objective 9.837271e+03, 9515 iterations, 0.75 seconds (0.64 work units)

    Nodes    |    Current Node    |     Objective Bounds      |     Work
 Expl Unexpl |  Obj  Depth IntInf | Incumbent    BestBd   Gap | It/Node Time

     0     0 9837.27057    0   78          - 9837.27057      -     -    0s
     0     0 10752.7756    0   71          - 10752.7756      -     -    0s
     0     2 10752.7756    0   71          - 10752.7756      -     -    0s
   132   134 13960.0759   66   62          - 10899.3320      -   237    5s
   299   299 15207.4110  150   53          - 10899.3320      -   198   10s
   564   562 15248.8872  282   41          - 10899.3320      -   138   15s
*  739   521             370    15247.142118 10899.3320  28.5%   116   17s
   748   522 11352.3032    4    0 15247.1421 11352.3032  25.5%   115   20s
   895   622 14342.6972   87   59 15247.1421 11608.5981  23.9%   143   25s
  1150   792 15191.8646  215   44 15247.1421 11608.5981  23.9%   130   30s
* 1501   795             390    15195.299587 11608.5981  23.6%   108   34s
  1518   784 12009.6018   19   64 15195.2996 11608.5981  23.6%   108   35s
  1655   876 14486.7366   88   61 15195.2996 11608.5981  23.6%   119   40s
  1818   964 12159.3573   25   71 15195.2996 11721.0611  22.9%   123   45s
  1940  1046 14407.6202   86   61 15195.2996 11721.0611  22.9%   132   50s
  2118  1144 13445.0954   45   69 15195.2996 11721.0611  22.9%   135   55s
  2285  1272 15078.7694  129   51 15195.2996 11721.0611  22.9%   138   60s
  2441  1408 13753.4119   65   61 15195.2996 11820.7645  22.2%   142   65s
  2701  1666 15031.2058  195   49 15195.2996 11820.7645  22.2%   138   70s
  3080  2045 15042.1322  385   14 15195.2996 11820.7645  22.2%   127   75s
* 3105  1430             397    15042.077719 11820.7645  21.4%   127   75s
  3255  1558 14512.7245   88   54 15042.0777 11820.7645  21.4%   131   80s
  3401  1688 14179.0038   64   64 15042.0777 11827.7792  21.4%   134   85s
  3591  1786 13146.3919   38   68 15042.0777 11827.7792  21.4%   135   90s
  3762  1937 12490.8485   26   67 15042.0777 11832.3832  21.3%   138   95s
  3948  2123 13981.1940   65   62 15042.0777 11832.3832  21.3%   142  100s
  4100  2275 14857.5085   90   54 15042.0777 11832.3832  21.3%   144  105s
  4245  2388 12628.8585   29   66 15042.0777 11832.3832  21.3%   146  110s
  4389  2532 13968.4965   54   66 15042.0777 11832.3832  21.3%   149  115s
  4554  2697 14963.1587   87   61 15042.0777 11832.3832  21.3%   150  120s
  4698  2819 13308.3335   43   70 15042.0777 11857.9751  21.2%   153  125s
  4842  2963 14295.7501   74   63 15042.0777 11857.9751  21.2%   155  130s
  4957  3076 14862.8472   99   62 15042.0777 11857.9751  21.2%   157  135s
  5076  3171 12536.2503   31   72 15042.0777 11857.9751  21.2%   159  140s
  5231  3326 13953.4168   63   66 15042.0777 11857.9751  21.2%   161  145s
  5365  3460 14645.8660   92   58 15042.0777 11857.9751  21.2%   162  150s
  5499  3576 12173.5255   22   66 15042.0777 11892.9759  20.9%   162  155s
  5653  3730 13823.5241   56   73 15042.0777 11892.9759  20.9%   165  160s
  5804  3881 14664.9214   89   63 15042.0777 11892.9759  20.9%   166  165s
  5939  3990 12599.9083   26   67 15042.0777 11892.9759  20.9%   166  170s
  6097  4148 13836.4257   58   64 15042.0777 11892.9759  20.9%   168  175s
  6315  4366 14777.9955  101   54 15042.0777 11892.9759  20.9%   167  180s
  6490  4541 15005.2928  125   49 15042.0777 11892.9759  20.9%   167  185s
  6669  4692 13585.3327   56   70 15042.0777 11906.9329  20.8%   168  190s
  6819  4842 14462.0444   87   60 15042.0777 11906.9329  20.8%   169  195s
  6952  4975 14811.6972  103   54 15042.0777 11906.9329  20.8%   169  200s
  7101  5100 12905.6283   35   71 15042.0777 11906.9329  20.8%   170  205s
  7266  5265 13967.1233   66   69 15042.0777 11906.9329  20.8%   171  210s
  7429  5428 14792.0002   91   59 15042.0777 11906.9329  20.8%   171  215s
  7570  5543 14364.8286   74   66 15042.0777 11922.6502  20.7%   172  220s
  7694  5645 14942.5011  104   52 15042.0777 11922.6502  20.7%   172  225s
  7845  5782 14496.1707   92   60 15042.0777 11923.3952  20.7%   173  230s
  7999  5922 14475.3301   83   64 15042.0777 11923.3952  20.7%   173  235s
  8168  6053 12575.7847   28   65 15042.0777 11935.5336  20.7%   174  240s
  8345  6230 14015.6803   63   70 15042.0777 11935.5336  20.7%   174  245s
  8473  6358 14690.2604   93   55 15042.0777 11935.5336  20.7%   175  250s
  8614  6477 13580.3746   49   65 15042.0777 11951.3415  20.5%   175  255s
  8746  6593 14339.3165   88   61 15042.0777 11951.3415  20.5%   176  260s
  8887  6698 12194.3223   24   72 15042.0777 11952.6860  20.5%   176  265s
  9012  6815 14960.2430   71   61 15042.0777 11952.6860  20.5%   178  270s
  9129  6900 12634.7332   33   70 15042.0777 11964.9461  20.5%   179  275s
  9300  7059 13878.3110   59   69 15042.0777 11964.9461  20.5%   179  280s
  9417  7148 14291.8845   73   64 15042.0777 11975.7885  20.4%   179  285s
  9539  7234 14811.1186   87   53 15042.0777 11975.7885  20.4%   180  290s
  9662  7325 12390.0265   26   66 15042.0777 11980.4533  20.4%   181  295s
  9789  7452 13757.9292   52   66 15042.0777 11980.4533  20.4%   182  300s
  9912  7575 14382.8657   77   61 15042.0777 11980.4533  20.4%   182  305s
  9996  7659 14823.2361   91   59 15042.0777 11980.4533  20.4%   183  310s
 10081  7740     cutoff  103      15042.0777 11980.4533  20.4%   184  315s
 10199  7814 12494.3402   31   68 15042.0777 11991.4890  20.3%   185  320s
 10373  7972 14517.0344   86   65 15042.0777 11991.4890  20.3%   185  325s
 10525  8088 12716.5204   31   66 15042.0777 12002.0968  20.2%   185  330s
 10690  8251 14966.8108  113   51 15042.0777 12002.0968  20.2%   185  335s
 10836  8365 13576.6878   41   65 15042.0777 12006.7225  20.2%   185  340s
 10949  8462 14740.5305   79   62 15042.0777 12006.7225  20.2%   185  345s
 11109  8596 14541.3362   80   56 15042.0777 12009.6018  20.2%   186  350s
 11270  8717 12448.7266   23   65 15042.0777 12022.5187  20.1%   186  355s
 11403  8850 13758.6778   51   69 15042.0777 12022.5187  20.1%   187  360s
 11514  8961 14450.4117   75   65 15042.0777 12022.5187  20.1%   187  365s
 11614  9061 14849.5776   96   58 15042.0777 12022.5187  20.1%   188  370s
 11733  9148 14625.4788   85   58 15042.0777 12022.5899  20.1%   188  375s
 11847  9230 14981.1241   98   57 15042.0777 12022.5899  20.1%   189  380s
 11955  9292 15033.5700   92   57 15042.0777 12024.8779  20.1%   189  385s
 12096  9383 13707.8897   51   69 15042.0777 12036.1754  20.0%   189  390s
 12260  9503     cutoff   95      15042.0777 12038.2427  20.0%   189  395s
 12357  9580     cutoff  103      15042.0777 12038.3415  20.0%   190  400s
 12504  9701 12494.5797   25   68 15042.0777 12051.7271  19.9%   190  405s
 12664  9817 14666.8645   77   66 15042.0777 12053.8179  19.9%   190  410s
 12821  9956 13739.0199   52   61 15042.0777 12054.9492  19.9%   191  415s
 12950 10085 14542.2234   78   59 15042.0777 12054.9492  19.9%   191  420s
 13096 10215 13095.9781   39   64 15042.0777 12057.7606  19.8%   191  425s
 13296 10401 14414.0175   81   56 15042.0777 12059.1186  19.8%   191  430s
 13466 10545 14824.8636   99   47 15042.0777 12062.3787  19.8%   191  435s
 13609 10662 14047.2074   66   69 15042.0777 12065.7358  19.8%   191  440s
 13729 10758     cutoff   90      15042.0777 12065.7358  19.8%   191  445s
 13835 10824     cutoff   95      15042.0777 12068.3269  19.8%   192  450s
 14033 11008 14277.1510   72   68 15042.0777 12070.8325  19.8%   191  455s
 14167 11114 14848.4025   64   60 15042.0777 12072.2455  19.7%   192  460s
 14301 11220 13312.6013   45   72 15042.0777 12072.2455  19.7%   192  465s
 14453 11372 14279.4337   80   58 15042.0777 12072.2455  19.7%   193  470s
 14577 11496 14772.8030  101   61 15042.0777 12072.2455  19.7%   193  475s
 14686 11605 15001.2827  117   57 15042.0777 12072.2455  19.7%   193  480s
 14793 11674 15000.9673   95   51 15042.0777 12073.6047  19.7%   193  485s
 14926 11779 14112.0421   64   66 15042.0777 12073.6525  19.7%   194  490s
 15048 11869 14705.0262   84   58 15042.0777 12073.6525  19.7%   194  495s
 15243 12018 14772.2927   82   60 15042.0777 12074.0525  19.7%   194  500s
 15405 12134 14040.5369   60   72 15042.0777 12082.6139  19.7%   194  505s
 15516 12229 14773.8537   83   60 15042.0777 12091.2283  19.6%   194  510s
 15682 12379 14458.0883   96   53 15042.0777 12093.1728  19.6%   194  515s
 15894 12551 13353.1712   47   68 15042.0777 12100.4816  19.6%   193  520s
 16106 12763 14538.9419   96   55 15042.0777 12100.4816  19.6%   193  525s
 16259 12916 14941.3722  117   47 15042.0777 12100.4816  19.6%   193  530s
 16405 13034 14444.8436   59   63 15042.0777 12100.4816  19.6%   193  535s
 16529 13136 15034.0854   99   51 15042.0777 12103.7448  19.5%   193  540s
 16685 13266 14568.1941   79   62 15042.0777 12105.6460  19.5%   193  545s
 16827 13384 13949.0552   59   67 15042.0777 12107.9215  19.5%   194  550s
 16979 13496     cutoff   97      15042.0777 12108.0272  19.5%   194  555s
 17107 13596 13752.3039   48   68 15042.0777 12113.5390  19.5%   194  560s
 17230 13687 14501.5081   79   69 15042.0777 12114.6163  19.5%   194  565s
 17384 13829 13644.9832   50   64 15042.0777 12115.8358  19.5%   194  570s
 17544 13989 14600.4550   86   56 15042.0777 12115.8358  19.5%   194  575s
 17665 14110 14946.6769  102   50 15042.0777 12115.8358  19.5%   195  580s
 17809 14212 15018.3841   93   65 15042.0777 12116.3875  19.5%   194  585s
 17958 14321 14505.7171   74   51 15042.0777 12119.0499  19.4%   195  590s
 18089 14420     cutoff  108      15042.0777 12119.2130  19.4%   195  595s
 18269 14566     cutoff   92      15042.0777 12119.7891  19.4%   195  600s
 18425 14716 14897.2507   98   52 15042.0777 12119.7891  19.4%   195  605s
 18579 14828 13852.0933   57   73 15042.0777 12123.8535  19.4%   195  610s
 18747 14950 12616.2637   32   69 15042.0777 12125.3225  19.4%   195  615s
 18899 15102 13160.9818   38   67 15042.0777 12125.3225  19.4%   195  620s
 19091 15294 13722.1385   50   72 15042.0777 12125.3225  19.4%   195  625s
 19274 15477 13929.4585   60   67 15042.0777 12125.3225  19.4%   195  630s
 19428 15631 14200.1086   70   67 15042.0777 12125.3225  19.4%   196  635s
 19570 15773 14367.9175   81   60 15042.0777 12125.3225  19.4%   196  640s
 19697 15900 14555.5648   86   61 15042.0777 12125.3225  19.4%   196  645s
 19818 16021 14758.8615   90   60 15042.0777 12125.3225  19.4%   196  650s
 19967 16164 14984.4120   96   56 15042.0777 12125.3225  19.4%   196  655s
 20083 16230 14480.1077   74   67 15042.0777 12125.8824  19.4%   196  660s
 20198 16317 14984.0176   96   55 15042.0777 12126.7843  19.4%   196  665s
 20325 16422 14179.2299   70   62 15042.0777 12130.8919  19.4%   197  670s
 20460 16525 13538.8072   44   60 15042.0777 12132.1136  19.3%   197  675s
 20604 16657 14970.5524   96   54 15042.0777 12132.5384  19.3%   197  680s
 20712 16737 13209.0799   37   69 15042.0777 12135.4509  19.3%   197  685s
 20833 16848 14808.6597   79   64 15042.0777 12136.3897  19.3%   197  690s
 20997 16996 13862.1815   52   68 15042.0777 12137.7345  19.3%   198  695s
 21153 17152 14672.1410   90   60 15042.0777 12137.7345  19.3%   198  700s
 21301 17268 15021.6086  102   50 15042.0777 12138.1239  19.3%   198  705s
 21445 17390 14758.6019   82   62 15042.0777 12138.8651  19.3%   198  710s
 21594 17523 14486.4392   90   60 15042.0777 12140.1814  19.3%   198  715s
 21757 17640 14472.3957   86   62 15042.0777 12140.4171  19.3%   198  720s
 21886 17739     cutoff  112      15042.0777 12140.4171  19.3%   198  725s
 22017 17868 14647.2112   69   62 15042.0777 12140.4954  19.3%   198  730s
 22128 17949     cutoff   92      15042.0777 12140.4954  19.3%   199  735s
 22300 18097 14945.5345  102   45 15042.0777 12141.2800  19.3%   199  740s
 22461 18244 14037.5736   53   65 15042.0777 12142.2395  19.3%   199  745s
 22625 18404 15002.3016   88   62 15042.0777 12142.2395  19.3%   199  750s
 22742 18485 12674.9379   31   71 15042.0777 12142.7458  19.3%   199  755s
 22881 18610 14705.1844   92   56 15042.0777 12143.0875  19.3%   199  760s
 23008 18695 12304.3309   24   69 15042.0777 12143.8615  19.3%   199  765s
 23172 18831     cutoff   89      15042.0777 12144.6782  19.3%   199  770s
 23315 18954 14528.0446   81   60 15042.0777 12144.7048  19.3%   199  775s
 23473 19092 14919.2964   75   57 15042.0777 12144.7048  19.3%   199  780s
 23602 19189 12762.1317   32   69 15042.0777 12149.4328  19.2%   199  785s
 23787 19374 14234.7570   71   62 15042.0777 12149.4328  19.2%   199  790s
 23947 19534 14914.6071  100   49 15042.0777 12149.4328  19.2%   199  795s
 24112 19653 12516.6088   31   73 15042.0777 12149.7063  19.2%   199  800s
 24242 19761 14645.4043   75   61 15042.0777 12150.1958  19.2%   199  805s
 24395 19884 14285.6336   66   63 15042.0777 12151.8529  19.2%   199  810s
 24497 19946 12898.5238   31   72 15042.0777 12153.6955  19.2%   199  815s
 24649 20078 15017.6660   96   49 15042.0777 12155.3065  19.2%   199  820s
 24771 20148 12320.3848   25   67 15042.0777 12155.8484  19.2%   200  825s
 24907 20270 12926.4993   35   68 15042.0777 12157.4071  19.2%   200  830s
 25082 20445 14385.8326   69   65 15042.0777 12157.4071  19.2%   200  835s
 25264 20627 15012.8661  105   54 15042.0777 12157.4071  19.2%   200  840s
 25389 20710 13396.6717   42   74 15042.0777 12161.4905  19.2%   200  845s
 25539 20808 14543.9520   79   58 15042.0777 12161.4905  19.2%   200  850s
 25701 20938 14334.7502   65   66 15042.0777 12163.7054  19.1%   200  855s
 25842 21039 12758.9504   33   70 15042.0777 12165.8843  19.1%   200  860s
 26005 21174 12477.8461   26   62 15042.0777 12166.5281  19.1%   200  865s
 26136 21305 14994.0903   92   53 15042.0777 12166.5281  19.1%   200  870s
 26266 21407 12727.2758   35   70 15042.0777 12169.0302  19.1%   200  875s
 26420 21561 13955.2813   67   62 15042.0777 12169.0302  19.1%   200  880s
 26595 21736 14697.3151   95   54 15042.0777 12169.0302  19.1%   200  885s
 26724 21859 15007.6549  112   45 15042.0777 12169.0302  19.1%   200  890s
 26891 21978 14416.2253   46   63 15042.0777 12169.6564  19.1%   200  895s
 27010 22085 14884.0502   98   56 15042.0777 12170.4579  19.1%   200  900s
 27156 22205 14376.4191   65   71 15042.0777 12170.5835  19.1%   200  905s
 27317 22328 14152.9665   68   62 15042.0777 12171.7575  19.1%   200  910s
 27473 22458 15006.1569  114   50 15042.0777 12171.9971  19.1%   200  915s
 27623 22582 14565.7158   85   60 15042.0777 12173.1149  19.1%   200  920s
 27757 22690 13527.5571   46   68 15042.0777 12174.2507  19.1%   200  925s
 27871 22804 14176.7696   69   64 15042.0777 12174.2507  19.1%   200  930s
 27987 22920 14780.3185   91   57 15042.0777 12174.2507  19.1%   201  935s
 28133 23038 14301.3749   71   67 15042.0777 12174.3440  19.1%   200  940s
 28256 23135 14982.8158  101   59 15042.0777 12175.7969  19.1%   201  945s
 28486 23311 13117.1892   32   71 15042.0777 12176.3872  19.1%   200  950s
 28643 23436 15008.2749  103   57 15042.0777 12176.6225  19.0%   200  955s
 28829 23616 14844.9989  113   48 15042.0777 12178.3545  19.0%   200  960s
 28984 23741     cutoff   94      15042.0777 12179.5391  19.0%   200  965s
 29125 23856 14404.3719   77   71 15042.0777 12179.6508  19.0%   200  970s
 29293 23988 12854.3518   31   61 15042.0777 12182.0867  19.0%   200  975s
 29481 24176 14111.5484   68   57 15042.0777 12182.0867  19.0%   200  980s
 29640 24331 14804.2702  102   53 15042.0777 12182.0867  19.0%   200  985s
 29810 24473 14066.9751   56   64 15042.0777 12182.0867  19.0%   199  990s
 29915 24566 14516.6309   81   59 15042.0777 12183.0981  19.0%   199  995s
 30019 24656 14846.8185   96   56 15042.0777 12183.0981  19.0%   200 1000s
 30151 24758 14395.5646   45   54 15042.0777 12184.0593  19.0%   200 1005s
 30328 24913 13695.7680   51   68 15042.0777 12185.1479  19.0%   200 1010s
 30450 25005 14312.0956   80   60 15042.0777 12185.7097  19.0%   200 1015s
 30548 25083 14606.4779   81   56 15042.0777 12185.7097  19.0%   200 1020s
 30655 25168 12510.1276   22   63 15042.0777 12188.5182  19.0%   200 1025s
 30830 25343 14271.7895   57   69 15042.0777 12188.5182  19.0%   200 1030s
 30988 25479 13752.9396   54   71 15042.0777 12190.0138  19.0%   200 1035s
 31131 25584 15006.9674   93   49 15042.0777 12191.4829  19.0%   200 1040s
 31271 25700 14716.2304   87   59 15042.0777 12192.2330  18.9%   200 1045s
 31400 25809     cutoff  102      15042.0777 12192.2330  18.9%   200 1050s
 31530 25879 14760.8243   95   59 15042.0777 12192.5810  18.9%   200 1055s
 31648 25961 15007.4781   99   47 15042.0777 12192.9394  18.9%   201 1060s
 31769 26040 12762.3456   37   69 15042.0777 12194.0213  18.9%   201 1065s
 31914 26163 13679.5956   40   68 15042.0777 12194.0213  18.9%   201 1070s
 32063 26284 12761.5435   31   70 15042.0777 12194.4940  18.9%   201 1075s
 32192 26413 13968.6839   55   70 15042.0777 12194.4940  18.9%   201 1080s
 32301 26522 14484.1366   80   61 15042.0777 12194.4940  18.9%   201 1085s
 32412 26629 15037.3912   98   58 15042.0777 12194.4940  18.9%   201 1090s
 32579 26744 14056.6877   63   68 15042.0777 12195.7725  18.9%   201 1095s
 32745 26866 13590.7198   49   70 15042.0777 12198.2960  18.9%   201 1100s
 32897 26994 15036.1152  111   41 15042.0777 12198.2960  18.9%   201 1105s
 33061 27136 14973.3446   95   55 15042.0777 12200.3396  18.9%   201 1110s
 33219 27240 14325.4836   69   69 15042.0777 12201.8608  18.9%   201 1115s
 33331 27332 14861.0337   62   60 15042.0777 12201.9747  18.9%   201 1120s
 33486 27465 13948.9841   50   68 15042.0777 12202.0316  18.9%   202 1125s
 33672 27651 14934.0077   89   57 15042.0777 12202.0316  18.9%   201 1130s
 33889 27826 13770.4169   50   66 15042.0777 12202.3371  18.9%   201 1135s
 34043 27946 13123.4791   38   75 15042.0777 12203.9019  18.9%   201 1140s
 34197 28058 14905.6471   87   59 15042.0777 12205.0039  18.9%   201 1145s
 34322 28071 13122.7529   41   67 15042.0777 12205.4567  18.9%   201 1150s
 34459 28190 15010.8910   88   61 15042.0777 12205.5296  18.9%   201 1155s
 34626 28335 14595.5423   77   56 15042.0777 12206.3836  18.9%   201 1160s
 34753 28426 12576.4747   28   70 15042.0777 12206.5912  18.9%   201 1165s
 34902 28575 13858.2936   56   69 15042.0777 12206.5912  18.9%   201 1170s
 35047 28720 14646.1517   89   55 15042.0777 12206.5912  18.9%   201 1175s
 35175 28828     cutoff  108      15042.0777 12206.5912  18.9%   201 1180s
 35293 28924 13477.6632   46   72 15042.0777 12207.0950  18.8%   201 1185s
 35412 29027 14653.0039   85   57 15042.0777 12207.0950  18.8%   201 1190s
 35541 29130 15041.9227  120   39 15042.0777 12208.0099  18.8%   202 1195s
 35676 29227 13820.3863   62   72 15042.0777 12209.0277  18.8%   202 1200s
 35802 29325     cutoff   92      15042.0777 12209.2718  18.8%   202 1205s
 35986 29483 14816.3160  102   52 15042.0777 12210.2507  18.8%   202 1210s
 36156 29619 14402.9549   71   62 15042.0777 12210.7627  18.8%   201 1215s
 36288 29721 13331.5332   46   65 15042.0777 12210.7627  18.8%   202 1220s
 36413 29846 14180.0017   66   62 15042.0777 12210.7627  18.8%   202 1225s
 36565 29996 14935.9263   94   54 15042.0777 12210.7627  18.8%   202 1230s
 36698 30105 14677.1395   86   58 15042.0777 12211.0789  18.8%   202 1235s
 36810 30191 12446.9919   26   69 15042.0777 12211.2038  18.8%   202 1240s
 36921 30292 12843.3119   34   69 15042.0777 12211.6222  18.8%   202 1245s
 37060 30411 14503.5934   85   66 15042.0777 12211.6222  18.8%   202 1250s
 37185 30494 14994.3594   97   60 15042.0777 12211.7143  18.8%   202 1255s
 37359 30620 14500.9598   74   70 15042.0777 12212.7603  18.8%   202 1260s
 37485 30710 15014.4502   99   56 15042.0777 12213.1878  18.8%   202 1265s
 37617 30806 12877.1343   31   71 15042.0777 12215.2831  18.8%   202 1270s
 37834 31023 14581.7222   79   58 15042.0777 12215.2831  18.8%   202 1275s
 37964 31135 15022.3958  106   55 15042.0777 12215.2831  18.8%   202 1280s
 38119 31260 14947.9254   92   60 15042.0777 12215.8365  18.8%   202 1285s
 38277 31386 14371.8311   74   63 15042.0777 12215.8416  18.8%   202 1290s
 38402 31493 14894.9650   59   56 15042.0777 12215.8650  18.8%   202 1295s
 38534 31597 13418.0531   38   71 15042.0777 12216.1802  18.8%   202 1300s
 38678 31711 15021.4794   92   57 15042.0777 12216.1802  18.8%   202 1305s
 38803 31808 14042.0038   55   62 15042.0777 12216.8356  18.8%   202 1310s
 38949 31936 13463.7001   46   69 15042.0777 12217.2377  18.8%   203 1315s
 39090 32077 14270.2704   76   61 15042.0777 12217.2377  18.8%   203 1320s
 39235 32222 14769.2634   99   55 15042.0777 12217.2377  18.8%   203 1325s
 39382 32351 15025.5599   92   52 15042.0777 12217.7429  18.8%   203 1330s
 39495 32424 12649.3787   33   69 15042.0777 12217.9271  18.8%   203 1335s
 39626 32535 14085.9587   63   73 15042.0777 12217.9271  18.8%   203 1340s
 39734 32631 14643.9689   80   57 15042.0777 12219.5655  18.8%   203 1345s
 39884 32755 13915.1585   43   68 15042.0777 12220.5060  18.8%   203 1350s
 39995 32866 14831.4857   61   60 15042.0777 12220.5060  18.8%   203 1355s
 40132 32893     cutoff   70      15042.0777 12220.5060  18.8%   203 1360s
 40276 33017 14786.6667   84   58 15042.0777 12221.9211  18.7%   203 1365s
 40414 33127 12893.7745   38   70 15042.0777 12222.3501  18.7%   203 1370s
 40597 33310 14354.6446   77   56 15042.0777 12222.3501  18.7%   203 1375s
 40714 33427 14856.8818   94   49 15042.0777 12222.3501  18.7%   203 1380s
 40853 33526 12309.8748   26   71 15042.0777 12222.8637  18.7%   203 1385s
 40994 33651 13909.3438   40   58 15042.0777 12223.8251  18.7%   203 1390s
 41118 33737 12705.5731   28   70 15042.0777 12226.5391  18.7%   203 1395s
 41273 33860 14591.9249   80   67 15042.0777 12226.5391  18.7%   203 1400s
 41386 33939     cutoff   99      15042.0777 12226.8706  18.7%   203 1405s
 41521 34054 14373.3446   84   59 15042.0777 12228.2261  18.7%   203 1410s
 41666 34161 12712.6966   30   69 15042.0777 12229.7490  18.7%   203 1415s
 41781 34276 13799.6289   53   63 15042.0777 12229.7490  18.7%   204 1420s
 41886 34381 14296.4592   75   57 15042.0777 12229.7490  18.7%   204 1425s
 41995 34490 14739.7430   93   52 15042.0777 12229.7490  18.7%   204 1430s
 42129 34598 13620.4928   51   70 15042.0777 12229.7490  18.7%   204 1435s
 42240 34697 14627.1663   83   56 15042.0777 12230.8919  18.7%   204 1440s
 42388 34821 14271.2538   65   70 15042.0777 12231.6994  18.7%   204 1445s
 42544 34949 14234.1165   72   67 15042.0777 12232.7784  18.7%   204 1450s
 42684 35051 12869.0113   31   67 15042.0777 12233.4398  18.7%   204 1455s
 42826 35165 14433.8179   76   66 15042.0777 12233.4817  18.7%   204 1460s
 42951 35272 14341.4373   67   68 15042.0777 12233.5766  18.7%   204 1465s
 43101 35404 13408.9045   43   67 15042.0777 12233.5766  18.7%   204 1470s
 43317 35620 14713.6963   88   57 15042.0777 12233.5766  18.7%   204 1475s
 43479 35752 13031.4412   33   66 15042.0777 12234.3875  18.7%   204 1480s
 43639 35880     cutoff   92      15042.0777 12234.3875  18.7%   204 1485s
 43794 36001 14762.8513   84   55 15042.0777 12235.2495  18.7%   204 1490s
 43922 36093 13854.9301   55   71 15042.0777 12235.3549  18.7%   204 1495s
 44040 36187 14776.2397   85   56 15042.0777 12235.6335  18.7%   204 1500s
 44219 36318 13497.0147   50   70 15042.0777 12236.1664  18.7%   204 1505s
 44346 36429 14937.8065   89   53 15042.0777 12236.2910  18.7%   204 1510s
 44557 36618 14071.2662   63   67 15042.0777 12236.3127  18.7%   204 1515s
 44727 36788 14819.4700   95   59 15042.0777 12236.3127  18.7%   204 1520s
 44882 36919 14772.6719   81   64 15042.0777 12236.8659  18.6%   204 1525s
 45017 37022 12487.8040   28   71 15042.0777 12237.7997  18.6%   204 1530s
 45132 37105 13409.2916   44   62 15042.0777 12237.7997  18.6%   204 1535s
 45281 37228 12616.1046   31   72 15042.0777 12238.9298  18.6%   204 1540s
 45399 37332 13564.7050   46   70 15042.0777 12238.9298  18.6%   204 1545s
 45564 37465 12950.7812   36   75 15042.0777 12239.1542  18.6%   204 1550s
 45698 37577 14068.2024   64   69 15042.0777 12239.1932  18.6%   204 1555s
 45815 37612 13171.1946   34   69 15042.0777 12240.0722  18.6%   204 1560s
 45986 37771 13653.7771   52   64 15042.0777 12240.3053  18.6%   204 1565s
 46187 37972 14645.8143   90   57 15042.0777 12240.3053  18.6%   204 1570s
 46365 38124 12503.2917   25   66 15042.0777 12240.4248  18.6%   203 1575s
 46482 38213     cutoff   53      15042.0777 12240.4248  18.6%   204 1580s
 46614 38319 14043.0892   36   67 15042.0777 12242.4365  18.6%   204 1585s
 46730 38425 15023.9696   94   60 15042.0777 12242.5976  18.6%   204 1590s
 46839 38498 12584.8778   30   68 15042.0777 12243.6612  18.6%   204 1595s
 46990 38625 14626.3449   77   61 15042.0777 12243.6612  18.6%   204 1600s
 47113 38712 12804.9211   30   69 15042.0777 12244.5535  18.6%   204 1605s
 47216 38789 12747.2532   30   73 15042.0777 12244.8824  18.6%   204 1610s
 47365 38938 13947.4011   64   61 15042.0777 12244.8824  18.6%   204 1615s
 47502 39075 14724.7322   88   54 15042.0777 12244.8824  18.6%   204 1620s
 47647 39192 12441.8694   23   67 15042.0777 12244.8824  18.6%   204 1625s
 47753 39282 13614.8906   45   68 15042.0777 12245.1201  18.6%   204 1630s
 47890 39397 14825.8007   90   52 15042.0777 12245.1419  18.6%   204 1635s
 48019 39512 14366.2547   79   63 15042.0777 12245.5060  18.6%   204 1640s
 48150 39621 14469.9967   80   65 15042.0777 12245.5060  18.6%   204 1645s
 48246 39693 14095.8655   53   68 15042.0777 12245.5785  18.6%   204 1650s
 48340 39777 14012.2215   57   66 15042.0777 12245.6476  18.6%   204 1655s
 48450 39859 14324.3699   65   63 15042.0777 12245.9063  18.6%   204 1660s
 48579 39966 13957.3575   54   62 15042.0777 12246.8934  18.6%   204 1665s
 48748 40097 13464.7304   44   66 15042.0777 12246.8934  18.6%   204 1670s
 48865 40214 14343.3023   65   61 15042.0777 12246.8934  18.6%   204 1675s
 48964 40313 14911.2439   86   55 15042.0777 12246.8934  18.6%   204 1680s
 49075 40394     cutoff   91      15042.0777 12247.5922  18.6%   204 1685s
 49170 40465 15033.3156   95   50 15042.0777 12247.9249  18.6%   204 1690s
 49306 40579 14518.1558   75   59 15042.0777 12250.1505  18.6%   204 1695s
 49401 40660 15036.0860   91   62 15042.0777 12250.3038  18.6%   204 1700s
 49537 40744 13118.9582   35   71 15042.0777 12250.7785  18.6%   204 1705s
 49652 40847 14041.9974   45   65 15042.0777 12250.7817  18.6%   204 1710s
 49761 40934 15016.1475   94   54 15042.0777 12251.0927  18.6%   205 1715s
 49885 41036 13002.9376   35   76 15042.0777 12252.3124  18.5%   205 1720s
 49986 41137 14050.2111   54   69 15042.0777 12252.3124  18.5%   205 1725s
 50085 41236 14715.0979   72   63 15042.0777 12252.3124  18.5%   205 1730s
 50157 41290 12895.9367   30   70 15042.0777 12252.3547  18.5%   205 1735s
 50286 41407 14952.5800   90   53 15042.0777 12252.3547  18.5%   205 1740s
 50410 41493 13755.2250   48   76 15042.0777 12254.2361  18.5%   205 1745s
 50524 41593 14814.6732   83   61 15042.0777 12254.2361  18.5%   205 1750s
 50648 41683 13654.8659   48   71 15042.0777 12254.6979  18.5%   205 1755s
 50753 41772 14206.0514   62   63 15042.0777 12254.9712  18.5%   205 1760s
 50853 41850 14148.9121   64   66 15042.0777 12255.3134  18.5%   205 1765s
 50975 41944     cutoff   87      15042.0777 12255.3134  18.5%   205 1770s
 51088 42039     cutoff   61      15042.0777 12255.5284  18.5%   205 1775s
 51197 42142 13055.3206   37   65 15042.0777 12255.7921  18.5%   205 1780s
 51321 42266 13429.4307   43   71 15042.0777 12255.7921  18.5%   205 1785s
 51427 42372 13711.5474   53   68 15042.0777 12255.7921  18.5%   206 1790s
 51535 42480 13873.2218   58   70 15042.0777 12255.7921  18.5%   206 1795s
 51623 42568 14019.1687   64   67 15042.0777 12255.7921  18.5%   206 1800s
 51724 42669 14226.8090   71   63 15042.0777 12255.7921  18.5%   206 1805s
 51860 42805 14451.0164   76   62 15042.0777 12255.7921  18.5%   206 1810s
 51965 42910 14550.7886   82   60 15042.0777 12255.7921  18.5%   206 1815s
 52058 43003 14649.7852   85   57 15042.0777 12255.7921  18.5%   206 1820s
 52145 43090 14748.1870   90   58 15042.0777 12255.7921  18.5%   206 1825s
 52235 43180 15005.4144   96   55 15042.0777 12255.7921  18.5%   206 1830s
 52304 43247 14984.7063  101   52 15042.0777 12255.7921  18.5%   206 1835s
 52393 43282 15022.7204   55   54 15042.0777 12256.3433  18.5%   206 1840s
 52509 43382 13504.7712   42   66 15042.0777 12257.5917  18.5%   206 1845s
 52627 43478 14306.8603   62   68 15042.0777 12258.2549  18.5%   206 1850s
 52750 43577 13289.2076   39   70 15042.0777 12258.9892  18.5%   206 1855s
 52879 43678     cutoff   80      15042.0777 12259.3567  18.5%   206 1860s
 52995 43782 13600.2437   46   61 15042.0777 12260.2764  18.5%   206 1865s
 53093 43880 14963.4606   95   53 15042.0777 12260.2764  18.5%   206 1870s
 53200 43957 12693.8891   31   70 15042.0777 12261.2603  18.5%   206 1875s
 53303 44060 13690.3072   51   65 15042.0777 12261.2603  18.5%   207 1880s
 53427 44184 14300.7540   79   53 15042.0777 12261.2603  18.5%   207 1885s
 53543 44300 14834.2136   99   52 15042.0777 12261.2603  18.5%   207 1890s
 53668 44403 14064.9183   50   67 15042.0777 12261.2603  18.5%   207 1895s
 53795 44502 15022.9249   90   60 15042.0777 12261.3832  18.5%   206 1900s
 53910 44595 13518.4429   45   70 15042.0777 12262.0253  18.5%   207 1905s
 54039 44702 14935.0182   83   58 15042.0777 12262.6420  18.5%   206 1910s
 54180 44807 14128.9199   61   69 15042.0777 12263.1707  18.5%   206 1915s
 54296 44909 14999.3513   93   47 15042.0777 12264.8361  18.5%   206 1920s
 54412 44985 13540.6814   46   72 15042.0777 12265.2684  18.5%   206 1925s
 54527 45074 13095.2453   36   67 15042.0777 12265.9535  18.5%   206 1930s
 54712 45259 14207.7489   73   60 15042.0777 12265.9535  18.5%   206 1935s
 54903 45450 14887.7372  110   50 15042.0777 12265.9535  18.5%   206 1940s
 55045 45562 14402.5863   71   65 15042.0777 12266.5432  18.5%   206 1945s
 55133 45614 14162.5028   61   70 15042.0777 12267.3698  18.4%   206 1950s
 55251 45712 14400.8520   49   70 15042.0777 12267.3786  18.4%   206 1955s
 55377 45820 15028.1487   97   49 15042.0777 12267.3786  18.4%   206 1960s
 55484 45901 14995.1775  109   53 15042.0777 12267.4583  18.4%   206 1965s
 55610 46021 14770.7039   85   64 15042.0777 12267.4583  18.4%   206 1970s
 55746 46125 13441.2792   40   70 15042.0777 12269.1860  18.4%   206 1975s
 55849 46206 13895.3478   56   64 15042.0777 12269.4365  18.4%   206 1980s
 55979 46308     cutoff   94      15042.0777 12269.4365  18.4%   206 1985s
 56102 46427 13650.4693   52   65 15042.0777 12270.1411  18.4%   206 1990s
 56212 46537 14340.6092   71   64 15042.0777 12270.1411  18.4%   206 1995s
 56298 46623 14845.6449   86   56 15042.0777 12270.1411  18.4%   206 2000s
 56410 46709 14832.9696   91   60 15042.0777 12270.3205  18.4%   206 2005s
 56512 46783 15002.9374   93   55 15042.0777 12270.3380  18.4%   206 2010s
 56628 46869 13719.8859   48   66 15042.0777 12270.7295  18.4%   206 2015s
 56715 46940 13816.6704   40   60 15042.0777 12270.7323  18.4%   207 2020s
 56803 47002 13205.0519   39   73 15042.0777 12270.8021  18.4%   207 2025s
 56910 47093 13964.6084   57   58 15042.0777 12271.1377  18.4%   207 2030s
 57057 47198 14990.8495   89   57 15042.0777 12271.7343  18.4%   207 2035s
 57161 47280 13617.2772   46   73 15042.0777 12272.7212  18.4%   207 2040s
 57296 47391 13432.6099   43   70 15042.0777 12274.3985  18.4%   207 2045s
 57432 47527 14170.5029   72   57 15042.0777 12274.3985  18.4%   207 2050s
 57529 47624 14602.6819   95   58 15042.0777 12274.3985  18.4%   207 2055s
 57668 47763 14928.0160  114   52 15042.0777 12274.3985  18.4%   207 2060s
 57787 47866 14954.7164   89   53 15042.0777 12274.5821  18.4%   207 2065s
 57881 47932     cutoff   95      15042.0777 12274.6754  18.4%   207 2070s
 57978 48003 14902.1784   97   47 15042.0777 12275.2456  18.4%   207 2075s
 58087 48080 12607.3019   28   70 15042.0777 12276.2978  18.4%   207 2080s
 58232 48213 14748.7749   95   58 15042.0777 12276.6083  18.4%   207 2085s
 58323 48278 14871.5559   64   59 15042.0777 12277.0906  18.4%   207 2090s
 58414 48347 14990.6618   89   50 15042.0777 12277.0906  18.4%   207 2095s
 58552 48463 14368.5952   82   52 15042.0777 12277.1930  18.4%   207 2100s
 58732 48621 13368.4200   48   69 15042.0777 12277.7871  18.4%   207 2105s
 58882 48771 14328.0497   80   58 15042.0777 12277.7871  18.4%   207 2110s
 59010 48897 14741.7150   98   55 15042.0777 12277.7871  18.4%   207 2115s
 59152 49027     cutoff  118      15042.0777 12277.7871  18.4%   206 2120s
 59253 49110 13144.0267   41   71 15042.0777 12277.9031  18.4%   206 2125s
 59374 49219 14827.2136   77   61 15042.0777 12278.1335  18.4%   206 2130s
 59472 49295     cutoff  100      15042.0777 12278.9682  18.4%   206 2135s
 59579 49366 13003.7933   35   69 15042.0777 12279.1505  18.4%   206 2140s
 59701 49470 13693.9437   45   68 15042.0777 12279.8199  18.4%   206 2145s
 59813 49564 14787.9670   81   62 15042.0777 12280.0060  18.4%   207 2150s
 59916 49639 12863.5771   29   72 15042.0777 12280.5941  18.4%   207 2155s
 60070 49781 13462.4131   44   66 15042.0777 12280.7622  18.4%   207 2160s
 60207 49918 14303.2790   72   59 15042.0777 12280.7622  18.4%   207 2165s
 60317 50028 14807.0375   92   49 15042.0777 12280.7622  18.4%   207 2170s
 60454 50139 14432.7331   76   63 15042.0777 12281.1908  18.4%   207 2175s
 60599 50242 12828.5369   33   67 15042.0777 12281.3452  18.4%   206 2180s
 60689 50300 15021.1164   94   54 15042.0777 12281.3452  18.4%   207 2185s
 60795 50368 13008.0176   35   68 15042.0777 12281.7260  18.4%   207 2190s
 60895 50436 13568.4283   44   69 15042.0777 12281.7260  18.4%   207 2195s
 61001 50514 13995.9519   63   65 15042.0777 12282.0302  18.3%   207 2200s
 61115 50612 14940.4140   94   52 15042.0777 12282.0542  18.3%   207 2205s
 61240 50707 14058.9558   57   67 15042.0777 12282.2409  18.3%   207 2210s
 61365 50818 13348.4090   40   64 15042.0777 12282.8517  18.3%   207 2215s
 61530 50983 14451.4578   75   56 15042.0777 12282.8517  18.3%   207 2220s
 61683 51136 14995.8144   98   49 15042.0777 12282.8517  18.3%   207 2225s
 61805 51206 12927.7271   32   73 15042.0777 12283.0497  18.3%   206 2230s
 61872 51261 14981.7124   88   56 15042.0777 12283.0497  18.3%   207 2235s
 61967 51338 15013.5805  105   54 15042.0777 12283.8691  18.3%   207 2240s
 62076 51423 13828.7748   52   63 15042.0777 12283.9171  18.3%   207 2245s
 62201 51524 15027.8450   89   55 15042.0777 12283.9346  18.3%   207 2250s
 62318 51611 12979.2872   36   70 15042.0777 12284.5547  18.3%   207 2255s
 62440 51733 14855.8580   97   56 15042.0777 12284.5547  18.3%   207 2260s
 62572 51819     cutoff   99      15042.0777 12284.8066  18.3%   207 2265s
 62679 51908 13435.6951   38   69 15042.0777 12285.1980  18.3%   207 2270s
 62839 52068 14546.7928   71   64 15042.0777 12285.1980  18.3%   207 2275s
 62939 52156 15026.4889   91   57 15042.0777 12285.1980  18.3%   207 2280s
 63064 52257 14222.0552   49   63 15042.0777 12285.4873  18.3%   207 2285s
 63167 52344 14476.6384   83   62 15042.0777 12285.8765  18.3%   207 2290s
 63280 52437     cutoff  105      15042.0777 12285.8765  18.3%   207 2295s
 63392 52501 15031.3714   98   59 15042.0777 12285.9046  18.3%   207 2300s
 63498 52573 12785.4622   31   69 15042.0777 12286.1990  18.3%   207 2305s
 63616 52679 14110.8551   62   61 15042.0777 12286.3107  18.3%   207 2310s
 63756 52789 13630.0526   44   68 15042.0777 12286.3732  18.3%   207 2315s
 63853 52868 13248.4907   38   69 15042.0777 12287.6327  18.3%   207 2320s
 64021 53036 14354.8893   76   59 15042.0777 12287.6327  18.3%   207 2325s
 64205 53220 14861.7359  108   53 15042.0777 12287.6327  18.3%   207 2330s
 64374 53363 14406.7652   82   62 15042.0777 12288.0562  18.3%   206 2335s
 64478 53453 14985.2446  102   51 15042.0777 12288.5140  18.3%   206 2340s
 64588 53533 13241.0930   40   70 15042.0777 12288.6601  18.3%   207 2345s
 64732 53659 13983.1292   57   69 15042.0777 12289.1055  18.3%   206 2350s
 64849 53756 13439.9879   40   70 15042.0777 12289.3769  18.3%   206 2355s
 64951 53844 14344.3265   74   64 15042.0777 12289.9853  18.3%   207 2360s
 65042 53909 14348.1879   67   64 15042.0777 12289.9853  18.3%   207 2365s
 65141 53994 14887.2384   88   64 15042.0777 12290.5166  18.3%   207 2370s
 65243 54080 15039.2702  106   61 15042.0777 12290.6790  18.3%   207 2375s
 65350 54179 13821.7887   43   65 15042.0777 12291.1134  18.3%   207 2380s
 65476 54305 14582.9847   70   61 15042.0777 12291.1134  18.3%   207 2385s
 65583 54400 14064.4228   58   71 15042.0777 12291.2130  18.3%   207 2390s
 65686 54489 14838.7836   90   55 15042.0777 12291.2446  18.3%   207 2395s
 65805 54578 12512.5406   25   70 15042.0777 12291.6332  18.3%   207 2400s
 65918 54675 14137.0219   66   68 15042.0777 12291.6389  18.3%   207 2405s
 66021 54744 14361.4768   55   60 15042.0777 12292.1698  18.3%   207 2410s
 66142 54845 14594.2940   70   57 15042.0777 12292.4242  18.3%   207 2415s
 66275 54934 13155.6213   36   73 15042.0777 12292.8226  18.3%   207 2420s
 66371 55014 13883.9190   49   70 15042.0777 12293.1669  18.3%   207 2425s
 66503 55136 13828.9788   44   67 15042.0777 12293.2242  18.3%   207 2430s
 66634 55267 14585.9959   76   59 15042.0777 12293.2242  18.3%   207 2435s
 66745 55344 13808.3042   45   70 15042.0777 12293.4122  18.3%   207 2440s
 66861 55452 14073.1326   65   65 15042.0777 12293.5395  18.3%   207 2445s
 66977 55552 12381.1471   24   70 15042.0777 12293.5395  18.3%   207 2450s
 67133 55684 14726.6544   84   61 15042.0777 12293.5997  18.3%   207 2455s
 67248 55755 14977.5343   91   51 15042.0777 12293.8559  18.3%   207 2460s
 67370 55843 13962.7943   61   68 15042.0777 12294.3539  18.3%   207 2465s
 67498 55947     cutoff   55      15042.0777 12294.4297  18.3%   207 2470s
 67637 56052 15023.6975  108   44 15042.0777 12294.4894  18.3%   207 2475s
 67771 56176 13928.3298   49   66 15042.0777 12294.7866  18.3%   207 2480s
 67891 56296 14698.7583   77   66 15042.0777 12294.7866  18.3%   207 2485s
 68006 56387     cutoff   99      15042.0777 12294.7866  18.3%   207 2490s
 68135 56498 13921.4120   59   70 15042.0777 12295.1193  18.3%   207 2495s
 68272 56613 13852.3944   50   72 15042.0777 12295.7063  18.3%   207 2500s
 68396 56719     cutoff   93      15042.0777 12295.7063  18.3%   207 2505s
 68554 56809 13491.0601   41   69 15042.0777 12295.8946  18.3%   207 2510s
 68675 56910 14405.1334   74   58 15042.0777 12296.2492  18.3%   207 2515s
 68784 57009 14748.6743   96   63 15042.0777 12296.2994  18.3%   207 2520s
 68875 57080 14350.6579   47   54 15042.0777 12296.9536  18.2%   207 2525s
 69003 57192 13554.0500   50   66 15042.0777 12298.2307  18.2%   207 2530s
 69135 57324 14439.1489   81   60 15042.0777 12298.2307  18.2%   207 2535s
 69242 57431 14871.3215   98   60 15042.0777 12298.2307  18.2%   207 2540s
 69393 57550 14616.0980   70   66 15042.0777 12298.7013  18.2%   207 2545s
 69538 57667 12948.3718   34   70 15042.0777 12299.3868  18.2%   207 2550s
 69647 57760 13677.3320   48   70 15042.0777 12299.3868  18.2%   207 2555s
 69761 57864 14421.3712   80   61 15042.0777 12300.0891  18.2%   207 2560s
 69910 57969 13051.5389   32   73 15042.0777 12300.2784  18.2%   207 2565s
 70033 58070 14315.2140   72   65 15042.0777 12300.4509  18.2%   207 2570s
 70158 58165 12551.3836   28   72 15042.0777 12301.1932  18.2%   207 2575s
 70243 58232 15041.3641   99   55 15042.0777 12301.1932  18.2%   207 2580s
 70349 58334 13700.7749   47   67 15042.0777 12301.3136  18.2%   207 2585s
 70446 58431 14311.4606   68   61 15042.0777 12301.3136  18.2%   207 2590s
 70547 58532 14840.2675   89   57 15042.0777 12301.3136  18.2%   207 2595s
 70651 58606 13671.8796   39   60 15042.0777 12301.3393  18.2%   207 2600s
 70786 58719 14752.3618   86   63 15042.0777 12301.3545  18.2%   207 2605s
 70911 58804 14974.0680  105   47 15042.0777 12301.4140  18.2%   207 2610s
 71010 58879 13231.6687   37   64 15042.0777 12301.5662  18.2%   207 2615s
 71160 59011 14499.4497   86   61 15042.0777 12301.5662  18.2%   207 2620s
 71280 59095 13905.3067   61   64 15042.0777 12301.8235  18.2%   207 2625s
 71396 59203     cutoff  117      15042.0777 12301.8235  18.2%   207 2630s
 71497 59260 15012.8226   91   52 15042.0777 12302.0244  18.2%   207 2635s
 71632 59373 14281.5836   65   65 15042.0777 12302.7431  18.2%   207 2640s
 71748 59473 13571.5769   41   63 15042.0777 12302.8656  18.2%   207 2645s
 71886 59611 14385.1695   71   60 15042.0777 12302.8656  18.2%   207 2650s
 72002 59727 14918.9975   94   51 15042.0777 12302.8656  18.2%   207 2655s
 72127 59822 15004.9097   98   53 15042.0777 12302.9434  18.2%   207 2660s
 72240 59907 12690.9478   29   68 15042.0777 12303.8532  18.2%   207 2665s
 72337 59994 13332.0641   39   72 15042.0777 12303.8821  18.2%   207 2670s
 72458 60097 14597.3185   75   61 15042.0777 12304.3309  18.2%   207 2675s
 72546 60167 15018.0833   86   51 15042.0777 12304.3978  18.2%   207 2680s
 72654 60245 13211.4895   39   66 15042.0777 12304.4848  18.2%   207 2685s
 72806 60371     cutoff   94      15042.0777 12304.7284  18.2%   207 2690s
 72966 60479 13059.2664   36   67 15042.0777 12305.1272  18.2%   207 2695s
 73128 60641 14312.1423   71   63 15042.0777 12305.1272  18.2%   207 2700s
 73247 60760 14880.0866   97   51 15042.0777 12305.1272  18.2%   207 2705s
 73348 60829 14546.8632   82   54 15042.0777 12305.4734  18.2%   207 2710s
 73440 60899     cutoff   84      15042.0777 12305.4734  18.2%   207 2715s
 73538 60959 12680.4728   28   67 15042.0777 12305.8545  18.2%   207 2720s
 73664 61071 14572.4713   46   64 15042.0777 12306.2435  18.2%   207 2725s
 73774 61153 12789.3436   27   67 15042.0777 12306.3762  18.2%   207 2730s
 73893 61250 13795.7519   53   66 15042.0777 12306.6131  18.2%   207 2735s
 74002 61295 12413.8707   26   66 15042.0777 12306.6131  18.2%   207 2740s
 74122 61399 13926.8411   58   68 15042.0777 12306.7067  18.2%   207 2745s
 74260 61507 13455.3708   44   72 15042.0777 12306.7907  18.2%   207 2750s
 74414 61661 14494.4601   80   59 15042.0777 12306.7907  18.2%   207 2755s
 74521 61768 14908.8541   97   57 15042.0777 12306.7907  18.2%   207 2760s
 74638 61869 14695.3325   89   56 15042.0777 12307.6808  18.2%   207 2765s
 74752 61949 12974.9549   33   70 15042.0777 12308.0298  18.2%   207 2770s
 74885 62068 14715.0945   77   58 15042.0777 12308.0298  18.2%   207 2775s
 74995 62148 12984.2050   35   74 15042.0777 12309.4811  18.2%   207 2780s
 75103 62230 13729.2749   47   59 15042.0777 12309.4869  18.2%   207 2785s
 75240 62347 14986.5262   87   63 15042.0777 12309.5245  18.2%   207 2790s
 75341 62426 13481.2149   39   78 15042.0777 12309.5394  18.2%   207 2795s
 75451 62504 12951.0695   36   65 15042.0777 12309.5394  18.2%   207 2800s
 75569 62622 13867.4878   57   59 15042.0777 12309.5394  18.2%   207 2805s
 75705 62758 14764.6602   89   57 15042.0777 12309.5394  18.2%   207 2810s
 75849 62896 15014.0698  110   53 15042.0777 12309.5394  18.2%   207 2815s
 76008 63031 14428.7394   97   52 15042.0777 12309.8748  18.2%   207 2820s
 76208 63227 15039.0614  197   48 15042.0777 12309.8748  18.2%   207 2825s
 76349 63318 12956.7691   34   67 15042.0777 12310.1639  18.2%   207 2830s
 76468 63423 14816.8442   87   61 15042.0777 12310.5026  18.2%   207 2835s
 76573 63502 15041.0121   92   54 15042.0777 12311.4075  18.2%   207 2840s
 76692 63603 14585.8191   77   70 15042.0777 12313.0970  18.1%   207 2845s
 76801 63684     cutoff   93      15042.0777 12313.1281  18.1%   207 2850s
 76895 63772 14263.4354   47   60 15042.0777 12313.2099  18.1%   207 2855s
 76972 63825     cutoff   63      15042.0777 12313.2099  18.1%   207 2860s
 77099 63922 12772.2436   30   75 15042.0777 12313.5701  18.1%   207 2865s
 77228 64051 14170.2384   52   68 15042.0777 12313.5701  18.1%   207 2870s
 77348 64171 14657.4819   76   60 15042.0777 12313.5701  18.1%   207 2875s
 77444 64243 12812.0866   30   66 15042.0777 12314.1567  18.1%   207 2880s
 77545 64334 13853.1766   50   71 15042.0777 12314.1567  18.1%   207 2885s
 77653 64418 14456.7717   70   63 15042.0777 12314.5855  18.1%   207 2890s
 77753 64504 14829.5081   86   52 15042.0777 12314.6225  18.1%   207 2895s
 77869 64590 13637.5778   47   64 15042.0777 12315.1299  18.1%   207 2900s
 77992 64683 14967.0880   53   40 15042.0777 12315.2179  18.1%   207 2905s
 78079 64746 12593.8472   29   70 15042.0777 12315.5557  18.1%   207 2910s
 78181 64848 14571.7486   80   60 15042.0777 12315.5557  18.1%   207 2915s
 78295 64942 14214.8105   65   71 15042.0777 12315.5866  18.1%   207 2920s
 78401 65028 13375.5560   37   75 15042.0777 12316.8000  18.1%   207 2925s
 78495 65122 14135.4319   57   67 15042.0777 12316.8000  18.1%   207 2930s
 78586 65213 14572.4594   75   63 15042.0777 12316.8000  18.1%   207 2935s
 78688 65293 12614.9642   27   66 15042.0777 12316.9765  18.1%   207 2940s
 78818 65411 14671.3420   90   53 15042.0777 12317.3561  18.1%   207 2945s
 78938 65511 14995.7193  108   56 15042.0777 12317.5600  18.1%   207 2950s
 79049 65592 13447.4813   45   73 15042.0777 12318.3138  18.1%   207 2955s
 79151 65680 13957.7836   60   70 15042.0777 12318.4239  18.1%   207 2960s
 79266 65775 14579.5230   77   60 15042.0777 12318.7521  18.1%   207 2965s
 79355 65850 14847.5805   92   58 15042.0777 12318.7797  18.1%   207 2970s
 79465 65932 13771.9272   47   72 15042.0777 12319.0458  18.1%   207 2975s
 79572 65975 12646.4949   32   70 15042.0777 12319.1702  18.1%   207 2980s
 79689 66092 13704.5321   54   68 15042.0777 12319.1702  18.1%   207 2985s
 79776 66179 14287.7346   70   66 15042.0777 12319.1702  18.1%   207 2990s
 79864 66267 14741.6985   85   61 15042.0777 12319.1702  18.1%   207 2995s
 79943 66336     cutoff   95      15042.0777 12319.1702  18.1%   207 3000s
 80057 66418 13469.2259   31   68 15042.0777 12319.2514  18.1%   208 3005s
 80145 66490 13607.8952   44   67 15042.0777 12319.4605  18.1%   208 3010s
 80270 66601 14460.6741   86   58 15042.0777 12319.8298  18.1%   208 3015s
 80386 66691 13092.9724   35   70 15042.0777 12320.1119  18.1%   208 3020s
 80485 66790 14458.4483   84   59 15042.0777 12320.1119  18.1%   208 3025s
 80590 66879 13315.7547   43   65 15042.0777 12320.1119  18.1%   208 3030s
 80722 66995 14313.2175   78   67 15042.0777 12320.1384  18.1%   208 3035s
 80816 67077 14662.1138   90   58 15042.0777 12320.3848  18.1%   208 3040s
 80908 67151 14916.9172   91   55 15042.0777 12320.4055  18.1%   208 3045s
 81007 67238 13584.8331   47   69 15042.0777 12320.9845  18.1%   208 3050s
 81116 67347 14213.0782   67   61 15042.0777 12320.9845  18.1%   208 3055s
 81218 67449 14766.7481   89   54 15042.0777 12320.9845  18.1%   208 3060s
 81309 67516 12470.7175   26   65 15042.0777 12321.2211  18.1%   208 3065s
 81428 67621 14191.1390   68   64 15042.0777 12321.7689  18.1%   208 3070s
 81540 67705 14952.9517   85   61 15042.0777 12321.7726  18.1%   208 3075s
 81650 67801 14709.6886   67   63 15042.0777 12321.8345  18.1%   208 3080s
 81754 67881 15028.0785   91   56 15042.0777 12321.9804  18.1%   208 3085s
 81849 67952 13322.8853   37   69 15042.0777 12322.0909  18.1%   208 3090s
 81949 68034 14051.1233   59   66 15042.0777 12322.0996  18.1%   208 3095s
 82068 68139 14799.9658   80   65 15042.0777 12322.1573  18.1%   208 3100s
 82197 68234 12925.3462   32   71 15042.0777 12323.1582  18.1%   208 3105s
 82296 68333 13159.2437   34   68 15042.0777 12323.1582  18.1%   208 3110s
 82416 68453 13488.7251   44   67 15042.0777 12323.1582  18.1%   208 3115s
 82529 68566 13761.6156   51   64 15042.0777 12323.1582  18.1%   208 3120s
 82640 68677 13959.4537   62   66 15042.0777 12323.1582  18.1%   208 3125s
 82741 68778 14224.2585   69   57 15042.0777 12323.1582  18.1%   208 3130s
 82849 68886 14424.6284   79   60 15042.0777 12323.1582  18.1%   208 3135s
 82958 68995 14533.0713   88   60 15042.0777 12323.1582  18.1%   208 3140s
 83082 69119 14649.7229   92   59 15042.0777 12323.1582  18.1%   208 3145s
 83168 69205 14709.0152   97   62 15042.0777 12323.1582  18.1%   208 3150s
 83276 69313 14867.2631  110   48 15042.0777 12323.1582  18.1%   208 3155s
 83403 69440 14952.8715  113   47 15042.0777 12323.1582  18.1%   208 3160s
 83534 69533 14100.9299   65   68 15042.0777 12323.1582  18.1%   208 3165s
 83648 69609 14262.4567   73   66 15042.0777 12323.2429  18.1%   208 3170s
 83758 69703 13974.0857   61   63 15042.0777 12323.5153  18.1%   208 3175s
 83872 69797     cutoff  111      15042.0777 12323.5153  18.1%   208 3180s
 84004 69907 14205.5693   66   71 15042.0777 12323.6780  18.1%   208 3185s
 84112 69999 13865.1202   51   69 15042.0777 12323.9212  18.1%   208 3190s
 84201 70070 12579.1584   28   65 15042.0777 12324.3039  18.1%   208 3195s
 84311 70148 13004.2900   37   72 15042.0777 12324.6063  18.1%   208 3200s
 84416 70241 13896.3743   55   68 15042.0777 12324.6082  18.1%   208 3205s
 84528 70333 14634.3520   84   54 15042.0777 12324.6421  18.1%   208 3210s
 84637 70418 13274.8037   46   66 15042.0777 12324.6421  18.1%   208 3215s
 84762 70543 14102.5929   66   66 15042.0777 12324.6421  18.1%   208 3220s
 84872 70653 14778.2894   87   57 15042.0777 12324.6421  18.1%   208 3225s
 84954 70721 15010.6231  101   54 15042.0777 12324.6421  18.1%   208 3230s
 85054 70783 13001.0985   37   71 15042.0777 12324.7871  18.1%   208 3235s
 85155 70868 14066.0153   60   77 15042.0777 12324.8657  18.1%   208 3240s
 85260 70947 14498.8456   77   60 15042.0777 12325.2525  18.1%   208 3245s
 85365 71028 14974.3877   92   61 15042.0777 12325.5470  18.1%   208 3250s
 85467 71100 13378.1957   44   67 15042.0777 12326.2037  18.1%   208 3255s
 85595 71204 13524.5551   41   67 15042.0777 12326.8310  18.1%   208 3260s
 85686 71279 13234.1264   40   74 15042.0777 12326.9089  18.1%   208 3265s
 85790 71363 14114.8868   57   69 15042.0777 12326.9089  18.1%   208 3270s
 85879 71440 13185.6644   35   70 15042.0777 12327.1444  18.0%   208 3275s
 85989 71550 14146.6409   60   66 15042.0777 12327.1444  18.0%   208 3280s
 86099 71660 14796.0581   82   57 15042.0777 12327.1444  18.0%   208 3285s
 86181 71714 13126.3599   34   74 15042.0777 12327.7523  18.0%   208 3290s
 86264 71767 14996.6367   89   60 15042.0777 12327.7523  18.0%   208 3295s
 86346 71835     cutoff  102      15042.0777 12327.7932  18.0%   209 3300s
 86431 71900 15041.7049   88   52 15042.0777 12327.8118  18.0%   209 3305s
 86525 71970 15030.5731  101   41 15042.0777 12328.1852  18.0%   209 3310s
 86629 72052 13112.8005   37   77 15042.0777 12328.5862  18.0%   209 3315s
 86715 72120 13393.0751   42   71 15042.0777 12328.7926  18.0%   209 3320s
 86797 72182 13085.4697   32   67 15042.0777 12328.9560  18.0%   209 3325s
 86899 72272 13709.3917   49   67 15042.0777 12329.0145  18.0%   209 3330s
 86984 72337 13596.7158   43   64 15042.0777 12330.1611  18.0%   209 3335s
 87098 72431 13050.5609   32   72 15042.0777 12330.9784  18.0%   209 3340s
 87207 72540 14021.0674   49   69 15042.0777 12330.9784  18.0%   209 3345s
 87298 72631 14557.4927   64   66 15042.0777 12330.9784  18.0%   209 3350s
 87372 72705 14923.7173   78   63 15042.0777 12330.9784  18.0%   209 3355s
 87476 72777     cutoff   94      15042.0777 12331.1177  18.0%   209 3360s
 87578 72867 13837.2613   53   70 15042.0777 12331.4726  18.0%   209 3365s
 87668 72935 14077.1275   56   69 15042.0777 12331.8041  18.0%   209 3370s
 87769 73016 14573.9040   80   58 15042.0777 12331.9014  18.0%   209 3375s
 87878 73107 14893.2448  105   49 15042.0777 12332.2589  18.0%   209 3380s
 87977 73182 14834.8464   94   58 15042.0777 12332.3623  18.0%   209 3385s
 88078 73255 14053.7640   62   63 15042.0777 12332.3623  18.0%   209 3390s
 88206 73359 13926.9093   52   71 15042.0777 12332.6148  18.0%   209 3395s
 88299 73436 14271.4775   71   63 15042.0777 12332.6148  18.0%   209 3400s
 88409 73536 13469.7620   46   67 15042.0777 12332.7730  18.0%   209 3405s
 88546 73673 14281.0470   78   58 15042.0777 12332.7730  18.0%   209 3410s
 88682 73809 14788.8331  102   50 15042.0777 12332.7730  18.0%   209 3415s
 88780 73901 15040.3391  114   47 15042.0777 12332.7730  18.0%   209 3420s
 88899 74000 14922.9979   71   56 15042.0777 12332.9302  18.0%   209 3425s
 89039 74086 12611.0707   31   69 15042.0777 12332.9829  18.0%   209 3430s
 89138 74169 13208.8555   36   70 15042.0777 12332.9829  18.0%   209 3435s
 89227 74246 14961.8143   51   49 15042.0777 12333.1574  18.0%   209 3440s
 89323 74312     cutoff   98      15042.0777 12334.4362  18.0%   209 3445s
 89421 74372     cutoff   93      15042.0777 12334.6591  18.0%   209 3450s
 89518 74455 14064.3872   49   65 15042.0777 12335.3654  18.0%   209 3455s
 89640 74553 15000.2551   89   59 15042.0777 12335.3654  18.0%   209 3460s
 89738 74647 13700.7584   44   66 15042.0777 12335.8924  18.0%   209 3465s
 89848 74757 14363.3549   67   61 15042.0777 12335.8924  18.0%   209 3470s
 89958 74867 14965.1959   88   53 15042.0777 12335.8924  18.0%   209 3475s
 90056 74935 14643.9102   78   62 15042.0777 12336.3144  18.0%   209 3480s
 90168 75017     cutoff   97      15042.0777 12336.3144  18.0%   209 3485s
 90254 75083 12751.5624   29   71 15042.0777 12336.4625  18.0%   209 3490s
 90336 75155 12822.9299   29   71 15042.0777 12336.6392  18.0%   209 3495s
 90443 75240 13287.3165   41   71 15042.0777 12336.6392  18.0%   209 3500s
 90550 75327 14155.7350   65   68 15042.0777 12337.3621  18.0%   209 3505s
 90658 75417 15039.7400   93   61 15042.0777 12337.4254  18.0%   209 3510s
 90735 75468 12502.0917   27   71 15042.0777 12337.6997  18.0%   209 3515s
 90823 75540 12624.9645   27   69 15042.0777 12337.9711  18.0%   209 3520s
 90942 75659 13916.0020   54   65 15042.0777 12337.9711  18.0%   209 3525s
 91056 75773 14550.7062   79   60 15042.0777 12337.9711  18.0%   209 3530s
 91156 75873 14909.9483   99   53 15042.0777 12337.9711  18.0%   209 3535s
 91268 75969 14884.6495   81   50 15042.0777 12338.1900  18.0%   209 3540s
 91397 76066 14014.3687   58   69 15042.0777 12338.7949  18.0%   209 3545s
 91505 76118 13246.6868   41   73 15042.0777 12338.7949  18.0%   209 3550s
 91597 76200 13819.0828   40   60 15042.0777 12339.2096  18.0%   209 3555s
 91665 76262 15037.4094   67   57 15042.0777 12339.2096  18.0%   209 3560s
 91765 76342 13876.0102   50   71 15042.0777 12339.7149  18.0%   209 3565s
 91893 76450 14967.9538   96   45 15042.0777 12339.7945  18.0%   209 3570s
 91982 76511 12740.8386   28   72 15042.0777 12340.3566  18.0%   209 3575s
 92092 76607 13025.0381   32   69 15042.0777 12340.3566  18.0%   209 3580s
 92223 76738 14094.6461   61   65 15042.0777 12340.3566  18.0%   209 3585s
 92350 76865 14664.5879   89   62 15042.0777 12340.3566  18.0%   209 3590s
 92480 76967     cutoff  112      15042.0777 12340.3566  18.0%   209 3595s

Explored 92604 nodes (19361044 simplex iterations) in 3600.00 seconds (3503.72 work units)
Thread count was 1 (of 56 available processors)

Solution count 3: 15042.1 15195.3 15247.1 

Time limit reached
Best objective 1.504207771982e+04, best bound 1.234054666801e+04, gap 17.9598%

User-callback calls 305488, time in user-callback 0.42 sec
primal_bound = 15042.07771982038, dual_bound = 12340.546668014511, gap = 17.95982644236815, time = 3600.01
