solving instance mcf nodes c62 3 6 sqrt
Set parameter TokenServer to value "licences.gerad.lan"
Set parameter MIPGap to value 1e-06
Set parameter FuncPieceError to value 1e-06
Set parameter Threads to value 1
Set parameter FuncPieces to value -2
Set parameter TimeLimit to value 3600
Gurobi Optimizer version 12.0.2 build v12.0.2rc0 (linux64 - "AlmaLinux 9.6 (Sage Margay)")

CPU model: Intel(R) Xeon(R) Gold 6258R CPU @ 2.70GHz, instruction set [SSE2|AVX|AVX2|AVX512]
Thread count: 56 physical cores, 56 logical processors, using up to 1 threads

Non-default parameters:
TimeLimit  3600
MIPGap  1e-06
Threads  1
FuncPieces  -2
FuncPieceError  1e-06

Optimize a model with 13478 rows, 273108 columns and 1088647 nonzeros
Model fingerprint: 0xeb7e9d2e
Model has 30 function constraints treated as nonlinear
  30 POW
Variable types: 272399 continuous, 709 integer (709 binary)
Coefficient statistics:
  Matrix range     [2e-04, 4e+03]
  Objective range  [1e+00, 1e+00]
  Bounds range     [2e-13, 1e+10]
  RHS range        [2e+01, 7e+01]
Warning: Model contains large bounds
         Consider reformulating model or setting NumericFocus parameter
         to avoid numerical issues.

Warning: Completing partial solution with 709 unfixed non-continuous variables out of 709
User MIP start did not produce a new incumbent solution

Presolve removed 769 rows and 1448 columns
Presolve time: 3.94s
Presolved: 12859 rows, 271661 columns, 1086730 nonzeros
Presolved model has 30 nonlinear constraint(s)

Solving non-convex MINLP

Variable types: 271661 continuous, 0 integer (0 binary)

Root simplex log...

Iteration    Objective       Primal Inf.    Dual Inf.      Time
       0    1.0054661e+02   4.964219e+03   0.000000e+00      7s
   15260    1.7050319e+03   3.702444e+04   0.000000e+00     10s
   24940    6.0683746e+03   0.000000e+00   0.000000e+00     12s
   24940    6.0683746e+03   0.000000e+00   0.000000e+00     12s

Root relaxation: objective 6.068375e+03, 24940 iterations, 7.05 seconds (2.18 work units)
Another try with MIP start

    Nodes    |    Current Node    |     Objective Bounds      |     Work
 Expl Unexpl |  Obj  Depth IntInf | Incumbent    BestBd   Gap | It/Node Time

     0     0 6068.37457    0   30          - 6068.37457      -     -   11s
     0     0 6556.93787    0   30          - 6556.93787      -     -   13s
     0     2 6556.93787    0   30          - 6556.93787      -     -   14s
     4     6 6877.55903    2   30          - 6823.73616      -  39.5   15s
    23    25 8083.77337   12   30          - 6823.73616      -   142   20s
    35    37 8547.36199   18   30          - 6823.73616      -   159   25s
    52    54 9215.47566   26   30          - 6823.73616      -   161   30s
    77    63 infeasible   39               - 6823.73616      -   116   35s
   102    68 10649.2645   51   14          - 6823.73616      -  89.3   40s
   124    72 10857.4540   62    4          - 6823.73616      -  75.4   45s
   146    94 10860.5154   73    3          - 6823.73616      -  66.8   50s
*  163    77              82    10860.478844 6823.73616  37.2%  63.7   53s
   168    76 10657.4423    3    9 10860.4788 6823.73616  37.2%  71.0   55s
   181    79 10847.4921    3    8 10860.4788 6919.21217  36.3%  75.4   60s
   190    76     cutoff    4      10860.4788 6919.21217  36.3%  80.7   65s
   201    77     cutoff    8      10860.4788 7093.20049  34.7%  88.1   70s
   216    78     cutoff   15      10860.4788 7093.20049  34.7%  85.2   75s
   229    77 10858.2929    7    6 10860.4788 7093.20049  34.7%  87.8   80s
   241    77 10853.2607    8    6 10860.4788 7351.14089  32.3%  92.6   85s
   252    74     cutoff   12      10860.4788 7351.14089  32.3%  94.6   90s
   263    77 10855.4654   10    5 10860.4788 7351.14089  32.3%  98.2   95s
   279    75 10842.8029    9    6 10860.4788 7517.91582  30.8%  96.9  100s
   294    74 10845.2774    8    4 10860.4788 7602.23915  30.0%  95.1  105s
   304    76 10844.3662   13    3 10860.4788 7832.81611  27.9%   104  110s
   315    83 10858.5466   22    5 10860.4788 7832.81611  27.9%   103  115s
   324    84 10836.8767   14    5 10860.4788 7832.81611  27.9%   107  120s
   330    90 10859.9284   20    5 10860.4788 7832.81611  27.9%   113  125s
   336    88 10844.6800   12    5 10860.4788 7833.72052  27.9%   118  130s
   350    88     cutoff   19      10860.4788 7833.72052  27.9%   115  135s
   359    89 10858.6401   14    5 10860.4788 7931.61797  27.0%   119  140s
   366    96 10840.4774   16    4 10860.4788 7931.61797  27.0%   123  145s
   375    97     cutoff   19      10860.4788 7931.61797  27.0%   123  150s
   389    97 10844.4203   12    3 10860.4788 8083.77337  25.6%   122  155s
   395    95     cutoff   14      10860.4788 8083.77337  25.6%   126  160s
   408    92     cutoff   15      10860.4788 8199.93802  24.5%   126  165s
   424   108 10859.8935   30    7 10860.4788 8199.93802  24.5%   123  170s
   435   105     cutoff   18      10860.4788 8296.03909  23.6%   126  175s
   446   110 10859.9511   23    4 10860.4788 8296.03909  23.6%   127  180s
   456   106 10859.7365   20    4 10860.4788 8296.03909  23.6%   129  185s
   465   103 10825.3741   17    4 10860.4788 8555.77692  21.2%   132  190s
   476   106 10855.1015   22    7 10860.4788 8555.77692  21.2%   131  195s
   493   111 10859.5543   28    6 10860.4788 8555.77692  21.2%   130  200s
   506   108 10856.9437   18    3 10860.4788 8586.30125  20.9%   128  205s
   525    91 10854.8453   27    4 10860.4788 9423.50201  13.2%   128  210s
   544    80 10850.7028   41    5 10860.4788 10176.9573  6.29%   125  215s
   558    82 10859.0380   44    3 10860.4788 10658.3156  1.86%   122  220s
   573    79 10839.4023   15    5 10860.4788 10815.8167  0.41%   120  225s
   586    88     cutoff   27      10860.4788 10815.8167  0.41%   118  230s
   600    98 10854.4156   21    8 10860.4788 10816.0979  0.41%   119  235s
   617   107 10852.7060   26    8 10860.4788 10818.5387  0.39%   117  240s
   631   113 10839.7466   18    4 10860.4788 10822.4853  0.35%   116  245s
   646   116 10837.1389   17    5 10860.4788 10827.8447  0.30%   114  250s
   664   122     cutoff   26      10860.4788 10827.8447  0.30%   112  255s
   676   120     cutoff   17      10860.4788 10828.1078  0.30%   113  260s
   686   118     cutoff   14      10860.4788 10830.5294  0.28%   113  265s
   703   113     cutoff   12      10860.4788 10832.9103  0.25%   112  270s
   715   113 10860.1297   15    5 10860.4788 10833.1915  0.25%   113  275s
   726   110     cutoff   23      10860.4788 10833.6194  0.25%   114  280s
   731   111 10855.4939   14    2 10860.4788 10834.2764  0.24%   116  285s
   745   115     cutoff   27      10860.4788 10834.5373  0.24%   115  290s
   760   110 10840.4591   18    3 10860.4788 10836.1545  0.22%   115  296s
   765   111     cutoff   22      10860.4788 10836.1545  0.22%   117  300s
   779   113 10854.6792   12    6 10860.4788 10836.1545  0.22%   117  305s
   790   108     cutoff   14      10860.4788 10838.2623  0.20%   117  310s
   800   106     cutoff   27      10860.4788 10838.9085  0.20%   118  315s
   814   104 10849.4221   19    7 10860.4788 10839.7884  0.19%   118  320s
   828   108     cutoff   16      10860.4788 10840.1923  0.19%   117  325s
   841   101 10847.4982   18    6 10860.4788 10843.4249  0.16%   116  330s
   855   105 10859.0246   28    4 10860.4788 10843.4702  0.16%   115  335s
   873   101 10849.0174   13    4 10860.4788 10844.6800  0.15%   114  340s
   881   101 10853.4773   14    5 10860.4788 10844.7795  0.14%   116  345s
   899    91 10857.2727   22    5 10860.4788 10849.0826  0.10%   114  350s
   916    96 10860.3636   33    4 10860.4788 10849.4221  0.10%   112  355s
   933    99 10859.5442   34    4 10860.4788 10849.5788  0.10%   111  360s
   945   105 10860.4606   43    4 10860.4788 10849.5788  0.10%   109  365s
   959   103 10854.3864   21    6 10860.4788 10850.6657  0.09%   108  370s
   972   106 10855.5091   42    5 10860.4788 10850.7872  0.09%   107  375s
   986   104 10856.0546   12    6 10860.4788 10851.0455  0.09%   106  380s
  1000   100 10857.4600   21    6 10860.4788 10851.6402  0.08%   106  386s
  1010   104 10858.3356   30    5 10860.4788 10851.6856  0.08%   106  390s
  1028    96     cutoff   26      10860.4788 10852.5970  0.07%   104  395s
  1046    88     cutoff   11      10860.4788 10853.5226  0.06%   103  400s
  1065    97 10859.7037   40    3 10860.4788 10853.5967  0.06%   101  405s
  1077   109 10860.0630   52    3 10860.4788 10853.5967  0.06%   100  410s
  1086   118 10860.1650   61    1 10860.4788 10853.5967  0.06%   103  419s
* 1087   110              62    10860.165440 10853.5967  0.06%   113  439s
  1088   109     cutoff   62      10860.1654 10853.5967  0.06%   113  440s
* 1089   108              61    10860.164042 10853.5967  0.06%   114  444s
  1091   108 10857.3622   26    5 10860.1640 10853.6336  0.06%   114  445s
  1106   105 10859.6963   30    5 10860.1640 10853.9575  0.06%   112  450s
  1123   116 10859.3691   41    4 10860.1640 10854.0729  0.06%   111  455s
  1133   126 10860.0834   51    4 10860.1640 10854.0729  0.06%   111  460s
  1143   132     cutoff   60      10860.1640 10854.0729  0.06%   111  465s
  1162   127     cutoff   65      10860.1640 10854.2699  0.05%   110  470s
  1177   120 10858.6369   23    5 10860.1640 10854.7474  0.05%   109  475s
  1193   118 10856.4370   27    5 10860.1640 10855.1944  0.05%   108  480s
  1209   120 10859.7514   35    4 10860.1640 10855.1944  0.05%   106  485s
  1221   130 10860.0761   41    4 10860.1640 10855.1944  0.05%   105  490s
* 1232   133              47    10860.156812 10855.1944  0.05%   105  494s
* 1233   114              47    10860.071414 10855.1944  0.04%   105  494s
  1239   110 10858.8005   29    5 10860.0714 10855.2262  0.04%   105  495s
  1258   105 10856.4904   18    3 10860.0714 10855.3782  0.04%   104  500s
  1277    98 10858.0126   32    5 10860.0714 10856.0525  0.04%   102  505s
  1297    88 10857.7317   31    5 10860.0714 10856.5127  0.03%   101  510s
  1310    99 10859.9050   43    4 10860.0714 10856.5127  0.03%   100  515s
  1325   104 10860.0521   51    2 10860.0714 10856.5127  0.03%  99.2  520s
* 1332   103              57    10860.058915 10856.5127  0.03%  99.4  522s
  1342    95     cutoff   45      10860.0589 10856.8382  0.03%  98.7  525s
  1359    88 10859.8730   34    4 10860.0589 10857.3269  0.03%  97.7  530s
  1376    83 10859.9658   34    4 10860.0589 10857.7740  0.02%  96.6  535s
  1390    83 10859.5099   36    4 10860.0589 10857.8104  0.02%  95.6  540s
  1405    90 10859.8869   45    4 10860.0589 10857.8104  0.02%  94.7  545s
  1417    98 10859.9262   54    2 10860.0589 10857.8104  0.02%  95.5  552s
* 1421    82              58    10859.933705 10857.8104  0.02%  98.6  563s
  1422    81     cutoff   58      10859.9337 10857.8104  0.02%   103  575s
  1435    80 10859.9044   39    4 10859.9337 10857.9002  0.02%   102  580s
  1451    84 10859.8404   42    4 10859.9337 10857.9268  0.02%   101  585s
  1466    93 10859.9263   54    3 10859.9337 10857.9268  0.02%   100  590s
* 1471    92              57    10859.932226 10857.9268  0.02%   105  600s
* 1472    91              57    10859.928111 10857.9268  0.02%   108  610s
  1486   101 10859.6314   48    4 10859.9281 10858.1304  0.02%   107  615s
  1499   114 10859.7297   61    2 10859.9281 10858.1304  0.02%   107  620s
* 1503    81              65    10859.734122 10858.1304  0.01%   108  627s
  1504    80     cutoff   65      10859.7341 10858.1304  0.01%   111  633s
* 1507    79              64    10859.732724 10858.1304  0.01%   112  638s
  1512    80 10858.5768   35    4 10859.7327 10858.1686  0.01%   112  640s
  1524    86 10859.4340   42    3 10859.7327 10858.1686  0.01%   111  645s
  1539   101 10859.5581   57    1 10859.7327 10858.1686  0.01%   112  666s
* 1541    70              59    10859.560088 10858.1686  0.01%   114  670s
* 1543    68              58    10859.558676 10858.1686  0.01%   116  677s
  1550    73 10859.3752   39    3 10859.5587 10858.2149  0.01%   116  680s
  1566    71 10859.2506   34    4 10859.5587 10858.3001  0.01%   115  685s
  1581    72 10859.3988   42    5 10859.5587 10858.3516  0.01%   114  690s
  1585    74     cutoff   46      10859.5587 10858.3516  0.01%   118  700s
  1601    72 10859.1813   40    5 10859.5587 10858.4960  0.01%   117  705s
  1614    77 10859.5102   48    5 10859.5587 10858.4960  0.01%   116  710s
  1628    81 10858.8182   42    5 10859.5587 10858.4985  0.01%   116  715s
  1643    92 10859.3006   46    3 10859.5587 10858.4985  0.01%   115  720s
  1658   103     cutoff   50      10859.5587 10858.4985  0.01%   114  725s
  1672   111 10859.4603   50    5 10859.5587 10858.4985  0.01%   113  730s
  1682   121 10859.5573   55    1 10859.5587 10858.4985  0.01%   115  736s
  1690   129 10859.4961   56    2 10859.5587 10858.4985  0.01%   124  782s
  1694   129     cutoff   56      10859.5587 10858.4985  0.01%   125  785s
  1710   137 10859.2970   56    2 10859.5587 10858.4985  0.01%   124  790s
* 1716    66              57    10859.158578 10858.4985  0.01%   126  802s
  1727    55     cutoff   57      10859.1586 10858.4985  0.01%   129  812s
  1736    52 10858.9118   39    4 10859.1586 10858.6113  0.01%   128  815s
  1747    55 10859.1431   45    4 10859.1586 10858.6113  0.01%   128  820s
  1758    62 10859.1547   54    1 10859.1586 10858.6113  0.01%   129  825s
* 1760    60              55    10859.155250 10858.6113  0.01%   131  827s
  1767    61 10859.1126   40    4 10859.1552 10858.6270  0.00%   130  830s
  1769    61     cutoff   42      10859.1552 10858.6270  0.00%   132  835s
  1786    50 10858.9121   42    4 10859.1552 10858.7398  0.00%   131  840s
  1802    50     cutoff   39      10859.1552 10858.7532  0.00%   130  845s
  1818    46 10858.8644   45    5 10859.1552 10858.8644  0.00%   129  850s
* 1835     8              53    10858.882755 10858.8762  0.00%   130  859s

Explored 1836 nodes (263043 simplex iterations) in 859.96 seconds (216.05 work units)
Thread count was 1 (of 56 available processors)

Solution count 10: 10858.9 10859.2 10859.2 ... 10859.9

Optimal solution found (tolerance 1.00e-06)
Best objective 1.085888275476e+04, best bound 1.085887620767e+04, gap 0.0001%

User-callback calls 8190, time in user-callback 0.05 sec
primal_bound = 10858.882754762824, dual_bound = 10858.876207674983, gap = 6.029246276565757e-5, time = 859.99
