solving instance mcf nodes c63 3 6 exp
Set parameter TokenServer to value "licences.gerad.lan"
Set parameter MIPGap to value 1e-06
Set parameter FuncPieceError to value 1e-06
Set parameter Threads to value 1
Set parameter FuncPieces to value -2
Set parameter TimeLimit to value 3600
Gurobi Optimizer version 12.0.2 build v12.0.2rc0 (linux64 - "AlmaLinux 9.6 (Sage Margay)")

CPU model: Intel(R) Xeon(R) Gold 6258R CPU @ 2.70GHz, instruction set [SSE2|AVX|AVX2|AVX512]
Thread count: 56 physical cores, 56 logical processors, using up to 1 threads

Non-default parameters:
TimeLimit  3600
MIPGap  1e-06
Threads  1
FuncPieces  -2
FuncPieceError  1e-06

Optimize a model with 13506 rows, 272766 columns and 1087134 nonzeros
Model fingerprint: 0x21ee3b0b
Model has 60 function constraints treated as nonlinear
  30 EXP, 30 POW
Variable types: 272058 continuous, 708 integer (708 binary)
Coefficient statistics:
  Matrix range     [3e-03, 3e+03]
  Objective range  [1e+00, 1e+00]
  Bounds range     [2e+01, 1e+10]
  RHS range        [1e-01, 7e+01]
Warning: Model contains large bounds
         Consider reformulating model or setting NumericFocus parameter
         to avoid numerical issues.
Warning: 0 <= x < 1e-10 in domain of pow(x,a) with a=-1.000.
         Setting lower bound to 1e-10.
Presolve removed 768 rows and 1446 columns
Presolve time: 4.90s
Presolved: 13008 rows, 271321 columns, 1085430 nonzeros
Presolved model has 30 bilinear constraint(s)
Presolved model has 30 nonlinear constraint(s)

Solving non-convex MINLP

Variable types: 271321 continuous, 0 integer (0 binary)
  NLP heuristic elapsed time = 5.06s
  NLP heuristic elapsed time = 10.62s
  NLP heuristic elapsed time = 15.46s
  NLP heuristic elapsed time = 20.09s
  NLP heuristic elapsed time = 25.24s
  NLP heuristic elapsed time = 30.43s
  NLP heuristic elapsed time = 35.01s
  NLP heuristic elapsed time = 40.41s
  NLP heuristic elapsed time = 45.07s
  NLP heuristic elapsed time = 50.47s
  NLP heuristic elapsed time = 55.72s
  NLP heuristic elapsed time = 60.25s
  NLP heuristic elapsed time = 66.09s
  NLP heuristic elapsed time = 70.67s
  NLP heuristic elapsed time = 76.51s
  NLP heuristic elapsed time = 80.66s
  NLP heuristic elapsed time = 85.22s
  NLP heuristic elapsed time = 90.54s
  NLP heuristic elapsed time = 95.37s
  NLP heuristic elapsed time = 100.68s
Found heuristic solution: objective 9242.8101343

Root simplex log...

Iteration    Objective       Primal Inf.    Dual Inf.      Time
       0    6.2725647e+03   3.928062e+03   0.000000e+00    116s
   15985    6.2732451e+03   3.331040e+04   0.000000e+00    120s
   26041    6.2755486e+03   0.000000e+00   0.000000e+00    122s
   26041    6.2755486e+03   0.000000e+00   0.000000e+00    122s

Root relaxation: objective 6.275549e+03, 26041 iterations, 7.52 seconds (2.35 work units)

    Nodes    |    Current Node    |     Objective Bounds      |     Work
 Expl Unexpl |  Obj  Depth IntInf | Incumbent    BestBd   Gap | It/Node Time

     0     0 6275.54858    0   60 9242.81013 6275.54858  32.1%     -  122s
H    0     0                    7126.1567074 6275.54858  11.9%     -  122s
H    0     0                    7125.6770792 6275.54858  11.9%     -  122s
H    0     0                    7125.6392499 6275.54858  11.9%     -  122s
H    0     0                    7125.1203722 6275.54858  11.9%     -  122s
H    0     0                    7125.1117429 6275.54858  11.9%     -  122s
H    0     0                    7124.3471672 6275.54858  11.9%     -  122s
H    0     0                    7124.2734153 6275.54858  11.9%     -  123s
H    0     0                    7123.7152677 6275.54858  11.9%     -  123s
     0     0 6275.54858    0   60 7123.71527 6275.54858  11.9%     -  123s
     0     0 6275.64450    0   60 7123.71527 6275.64450  11.9%     -  127s
H    0     0                    6622.7986037 6275.64450  5.24%     -  147s
     0     2 6275.90184    0   60 6622.79860 6275.90184  5.24%     -  185s
    21    15 6303.26054   11   58 6622.79860 6287.45167  5.06%  30.4  190s
    44    24 6389.08221   22   48 6622.79860 6287.45167  5.06%  17.3  195s
    68    34 infeasible   34      6622.79860 6287.45167  5.06%  13.5  200s
    90    48 6460.12953   45   36 6622.79860 6287.45167  5.06%  12.5  205s
   112    58 infeasible   56      6622.79860 6287.45167  5.06%  11.8  210s
   131    71 6539.08084   66   28 6622.79860 6287.45167  5.06%  22.2  215s
   142    76 infeasible   71      6622.79860 6287.45167  5.06%  38.2  222s
   144    78 6559.42527   72   24 6622.79860 6287.45167  5.06%  52.1  225s
   147    81 6535.74079   74   26 6622.79860 6287.45167  5.06%  67.7  230s
   158    90 6538.00886   79   26 6622.79860 6287.45167  5.06%  77.4  235s
   162    94 6541.31061   81   24 6622.79860 6287.45167  5.06%  86.5  241s
   165    97 6545.44684   83   22 6622.79860 6287.45167  5.06%  90.6  246s
   170   102 6550.27938   85   20 6622.79860 6287.45167  5.06%  92.2  250s
   174   106 6554.51316   87   20 6622.79860 6287.45167  5.06%  94.2  255s
   180   112 6556.37992   90   22 6622.79860 6287.45167  5.06%  95.2  260s
   182   114 6556.49167   91   26 6622.79860 6287.45167  5.06%   100  265s
   189   121 6559.06649   95   26 6622.79860 6287.45167  5.06%   100  270s
   201   133 6560.31502  101   20 6622.79860 6287.45167  5.06%  96.2  275s
   218   148 6560.91798  109   16 6622.79860 6287.45167  5.06%  90.0  280s
   231   149 6526.26043    2   28 6622.79860 6287.45167  5.06%  86.5  287s
   240   154 6529.23659    7   26 6622.79860 6287.45167  5.06%  88.4  290s
   243   155 6535.75216    8   22 6622.79860 6287.45167  5.06%   101  296s
   257   169 6531.69861   15   24 6622.79860 6287.45167  5.06%   103  300s
   266   178 6617.21963   20   24 6622.79860 6287.45167  5.06%   104  305s
   270   182 6536.51773   22   26 6622.79860 6287.45167  5.06%   108  311s
   280   186 6539.31123   27   28 6622.79860 6287.45167  5.06%   108  316s
   286   190 6542.33504   30   28 6622.79860 6287.45167  5.06%   111  321s
   290   194 6565.58146   32   26 6622.79860 6287.45167  5.06%   116  325s
   295   199 6541.45013   34   30 6622.79860 6287.45167  5.06%   123  330s
   304   204 6544.80379   39   30 6622.79860 6287.45167  5.06%   130  337s
   306   206 6544.88743   40   30 6622.79860 6287.45167  5.06%   138  342s
   308   208 6545.38664   41   28 6622.79860 6287.45167  5.06%   141  345s
   314   214 6547.23395   44   26 6622.79860 6287.45167  5.06%   143  351s
   316   216 6548.35829   45   24 6622.79860 6287.45167  5.06%   149  355s
   324   224 6548.85244   49   20 6622.79860 6287.45167  5.06%   148  360s
   334   234 6550.04229   54   22 6622.79860 6287.45167  5.06%   147  365s
   343   241 6553.23995   58   22 6622.79860 6287.45167  5.06%   145  370s
   349   247 6551.92286   61   16 6622.79860 6287.45167  5.06%   147  378s
   353   249 6560.10588   63   18 6622.79860 6287.45167  5.06%   147  381s
   355   249 6561.57875   64   20 6622.79860 6287.45167  5.06%   149  396s
   359   251 6594.03589   66   22 6622.79860 6287.45167  5.06%   154  402s
   361   251     cutoff   67      6622.79860 6287.45167  5.06%   163  408s
   362   252 6575.36992   68   26 6622.79860 6287.45167  5.06%   168  410s
   363   253 6607.24591   68   24 6622.79860 6287.45167  5.06%   177  519s
   364   254 6575.72672   69   26 6622.79860 6287.45167  5.06%   177  520s
   367   257 6614.69285   70   24 6622.79860 6287.45167  5.06%   190  528s
   368   258 6576.53315   71   26 6622.79860 6287.45167  5.06%   197  530s
   372   260 6588.05421   73   24 6622.79860 6287.45167  5.06%   202  537s
   374   262 6588.70941   74   20 6622.79860 6287.45167  5.06%   206  540s
   376   262 6600.13898   75   18 6622.79860 6287.45167  5.06%   209  545s
   382   266 6601.29244   78   16 6622.79860 6287.45167  5.06%   207  551s
   384   268 6606.18178   79   16 6622.79860 6287.45167  5.06%   210  555s
   393   277 6610.10188   83   18 6622.79860 6287.45167  5.06%   205  560s
H  397   269                    6611.2504501 6287.45167  4.90%   204  564s
H  397   251                    6592.1989205 6287.45167  4.62%   204  565s
   397   253     cutoff   85      6592.19892 6287.45167  4.62%   205  580s
   409   247 infeasible    5      6592.19892 6297.36290  4.47%   206  585s
   427   263 6544.45224   14   20 6592.19892 6297.36290  4.47%   203  590s
   432   266 6562.89463   16   20 6592.19892 6297.36290  4.47%   206  595s
   436   270 6558.38807   18   20 6592.19892 6297.36290  4.47%   211  600s
   442   276 6549.94176   21   26 6592.19892 6297.36290  4.47%   211  605s
   446   278 6551.79370   23   26 6592.19892 6297.36290  4.47%   213  610s
   453   283 6553.33476   27   26 6592.19892 6297.36290  4.47%   214  615s
   457   287 6554.74842   29   28 6592.19892 6297.36290  4.47%   217  620s
   461   291 6555.75684   31   26 6592.19892 6297.36290  4.47%   219  625s
   465   295 6560.87807   33   26 6592.19892 6297.36290  4.47%   223  631s
   467   297 6560.90839   34   26 6592.19892 6297.36290  4.47%   230  637s
   468   298 6556.56237   34   24 6592.19892 6297.36290  4.47%   235  641s
   477   307 6562.28124   39   22 6592.19892 6297.36290  4.47%   232  645s
   486   316 6564.06133   43   26 6592.19892 6297.36290  4.47%   230  651s
   489   319 6589.17957   45   30 6592.19892 6297.36290  4.47%   231  657s
   490   320 6574.88913   45   32 6592.19892 6297.36290  4.47%   232  661s
   493   323 6591.86187   47   32 6592.19892 6297.36290  4.47%   239  669s
   494   324 6582.77786   47   26 6592.19892 6297.36290  4.47%   240  670s
   505   323 6540.80506    3   12 6592.19892 6297.36290  4.47%   238  676s
   507   323 infeasible    4      6592.19892 6297.36290  4.47%   242  680s
   521   337 6543.22881   11   12 6592.19892 6297.36290  4.47%   239  685s
   526   340 6546.94689   14   14 6592.19892 6297.36290  4.47%   241  690s
   528   342 6547.12150   15   18 6592.19892 6297.36290  4.47%   245  696s
   530   344 6547.27786   16   18 6592.19892 6297.36290  4.47%   248  702s
   531   345 6561.99739   16   18 6592.19892 6297.36290  4.47%   254  708s
   535   349 6549.08562   18   20 6592.19892 6297.36290  4.47%   253  710s
   539   353 6564.60721   20   20 6592.19892 6297.36290  4.47%   254  716s
   544   356 6553.05888   23   24 6592.19892 6297.36290  4.47%   254  720s
   553   363 6553.93571   27   24 6592.19892 6297.36290  4.47%   252  726s
   558   366 6557.56891   30   22 6592.19892 6297.36290  4.47%   251  730s
   564   370 6562.18187   33   28 6592.19892 6297.36290  4.47%   251  736s
   569   373 6562.31676   35   22 6592.19892 6297.36290  4.47%   250  740s
   572   376 6567.47370   37   24 6592.19892 6297.36290  4.47%   250  745s
   578   382 6570.78698   40   22 6592.19892 6297.36290  4.47%   249  751s
   582   386 6568.04699   42   22 6592.19892 6297.36290  4.47%   248  755s
   588   392 6574.46120   45   30 6592.19892 6297.36290  4.47%   247  761s
   594   398 6581.63796   48   30 6592.19892 6297.36290  4.47%   246  767s
   600   398 6587.63695   51   22 6592.19892 6297.36290  4.47%   245  770s
   605   401 6588.78226   53   22 6592.19892 6297.36290  4.47%   244  775s
   609   403     cutoff   55      6592.19892 6297.36290  4.47%   252  785s
   611   403     cutoff   56      6592.19892 6297.36290  4.47%   255  790s
   615   403 6552.82414    4   12 6592.19892 6302.00429  4.40%   260  798s
   616   402 infeasible    4      6592.19892 6302.00429  4.40%   263  801s
   625   411 6554.50883    9   12 6592.19892 6302.00429  4.40%   263  805s
   630   415 6537.74258   13    0 6592.19892 6302.00429  4.40%   263  840s
  NLP heuristic elapsed time = 5.27s
  NLP heuristic elapsed time = 10.01s
  NLP heuristic elapsed time = 15.43s
  NLP heuristic elapsed time = 20.10s
  NLP heuristic elapsed time = 25.46s
  NLP heuristic elapsed time = 30.20s
  NLP heuristic elapsed time = 35.62s
  NLP heuristic elapsed time = 40.43s
  NLP heuristic elapsed time = 45.30s
  NLP heuristic elapsed time = 50.25s
  NLP heuristic elapsed time = 55.13s
  NLP heuristic elapsed time = 60.00s
H  630   394                    6589.7890316 6302.00429  4.37%   263  910s
   632   395 6564.04256   39    0 6589.78903 6536.14491  0.81%   262  931s
   633   396 6561.91397   30    0 6589.78903 6536.14491  0.81%   262  946s
   634   397 6553.64111   23    0 6589.78903 6536.14491  0.81%   262  961s
   635   399 6544.63878   11   10 6589.78903 6544.33472  0.69%   311  982s
   636   400 6557.98389   11    8 6589.78903 6544.63878  0.69%   312  985s
   639   402 6558.20818   13    8 6589.78903 6544.64443  0.69%   313  992s
   640   403 6545.16114   13   10 6589.78903 6545.16114  0.68%   314  996s
   643   405 6545.25683   15   10 6589.78903 6545.16303  0.68%   314 1005s
   645   406 6558.83844   16    8 6589.78903 6545.25683  0.68%   315 1013s
   646   407 6545.50700   16   10 6589.78903 6545.50700  0.67%   318 1023s
   647   407 6546.17744   17   12 6589.78903 6545.50700  0.67%   319 1027s
   648   408 6559.25381   17   10 6589.78903 6546.17744  0.66%   319 1030s
   651   410 6546.69723   19   12 6589.78903 6546.20313  0.66%   319 1035s
   653   411 6546.76752   20   14 6589.78903 6546.57344  0.66%   321 1044s
   654   412 6555.63726   20   10 6589.78903 6546.57344  0.66%   320 1045s
   657   414 6547.56738   22   16 6589.78903 6546.57344  0.66%   321 1053s
   658   415 6556.15326   22   13 6589.78903 6546.57344  0.66%   321 1055s
   660   416 6553.76143   23   14 6589.78903 6546.57344  0.66%   321 1061s
   661   417 6548.15764   24   18 6589.78903 6546.57344  0.66%   323 1066s
   663   418 6548.53721   25   18 6589.78903 6546.57344  0.66%   323 1070s
   665   419 6548.64670   26   18 6589.78903 6546.57344  0.66%   324 1077s
   667   421 6548.66635   27   18 6589.78903 6546.57344  0.66%   324 1083s
   669   422 6549.18967   28   18 6589.78903 6546.57344  0.66%   325 1087s
   671   423 6549.51063   29   20 6589.78903 6546.57344  0.66%   325 1091s
   673   425 6550.00558   30   22 6589.78903 6546.57344  0.66%   326 1095s
   676   427 6551.89272   31   20 6589.78903 6546.57344  0.66%   325 1100s
   678   428 6552.55381   32   20 6589.78903 6546.57344  0.66%   330 1116s
   681   430 6550.77275   34   22 6589.78903 6546.57344  0.66%   329 1121s
   683   431 6550.83300   35   22 6589.78903 6546.57344  0.66%   329 1125s
   687   434 6551.66679   37   22 6589.78903 6546.57344  0.66%   330 1131s
   690   436 6553.87389   38   24 6589.78903 6546.57344  0.66%   329 1135s
   693   438 6556.05936   40   24 6589.78903 6546.57344  0.66%   329 1140s
   696   440 6555.49514   41   30 6589.78903 6546.57344  0.66%   328 1145s
   699   442 6568.21086   43   30 6589.78903 6546.57344  0.66%   334 1155s
   702   444 6556.75657   44   30 6589.78903 6546.57344  0.66%   334 1160s
   706   447 6557.31600   46   30 6589.78903 6546.57344  0.66%   333 1165s
   710   449 6557.92679   48   28 6589.78903 6546.57344  0.66%   333 1173s
   711   450 6563.00753   49   30 6589.78903 6546.57344  0.66%   334 1178s
   713   451 6563.42989   50   32 6589.78903 6546.57344  0.66%   334 1180s
   714   452 6570.42724   50   30 6589.78903 6546.57344  0.66%   341 1186s
   717   454 6589.50759   52   32 6589.78903 6546.57344  0.66%   341 1190s
   720   456 6567.24902   53   34 6589.78903 6546.57344  0.66%   341 1196s
   723   458 6571.35026   55   32 6589.78903 6546.57344  0.66%   340 1200s
   728   461 6569.04372   57   32 6589.78903 6546.57344  0.66%   339 1205s
   733   465 6572.45341   60   30 6589.78903 6546.57344  0.66%   337 1210s
   740   469 6573.80902   63   30 6589.78903 6546.57344  0.66%   335 1215s
   743   471 6574.68621   65   28 6589.78903 6546.57344  0.66%   334 1220s
   751   477 6581.62484   69   20 6589.78903 6546.57344  0.66%   332 1227s
   755   473     cutoff   71      6589.78903 6546.57344  0.66%   331 1231s
   756   472     cutoff   71      6589.78903 6546.57344  0.66%   335 1237s
   757   473 6560.12580   13    8 6589.78903 6546.57344  0.66%   335 1240s
   761   475 6560.13667   15    8 6589.78903 6546.57344  0.66%   335 1246s
   762   476 6563.33765   16    6 6589.78903 6546.57344  0.66%   338 1251s
   765   478 6560.36872   17    8 6589.78903 6546.57344  0.66%   338 1256s
   767   479 6560.48331   18    8 6589.78903 6546.57344  0.66%   338 1260s
   768   480 6561.68503   19   12 6589.78903 6546.57344  0.66%   339 1267s
   769   481 6574.33087   19   10 6589.78903 6546.57344  0.66%   339 1272s
   770   481 6565.97127   20   12 6589.78903 6546.57344  0.66%   341 1277s
   771   482 6562.94188   20   14 6589.78903 6546.57344  0.66%   342 1284s
   773   483 6563.00555   21   14 6589.78903 6546.57344  0.66%   343 1294s
   774   484 6573.95247   22   14 6589.78903 6546.57344  0.66%   343 1296s
   775   485 6563.10696   22   14 6589.78903 6546.57344  0.66%   344 1302s
   777   486 6563.16775   23   14 6589.78903 6546.57344  0.66%   344 1306s
   779   487 6563.38504   24   16 6589.78903 6546.57344  0.66%   345 1310s
   783   490 6564.57181   26   18 6589.78903 6546.57344  0.66%   344 1317s
   787   493 6564.69200   28   18 6589.78903 6546.57344  0.66%   343 1320s
   793   497 6564.73381   31   18 6589.78903 6546.57344  0.66%   342 1325s
   798   500 6566.22299   34   18 6589.78903 6546.57344  0.66%   341 1331s
   800   501 6570.99567   35   18 6589.78903 6546.57344  0.66%   341 1335s
   803   503 6568.65886   36   22 6589.78903 6546.57344  0.66%   342 1342s
   805   505 6568.90602   37   26 6589.78903 6546.57344  0.66%   342 1346s
   808   507 6572.78633   39   22 6589.78903 6546.57344  0.66%   341 1351s
   812   509 6570.76685   41   22 6589.78903 6546.57344  0.66%   341 1355s
   816   512 6575.47522   43   26 6589.78903 6546.57344  0.66%   342 1365s
   817   513 6587.92840   43   24 6589.78903 6546.57344  0.66%   342 1370s
   820   515 6583.72874   45   30 6589.78903 6546.57344  0.66%   342 1377s
   822   516 6584.25128   46   28 6589.78903 6546.57344  0.66%   342 1380s
   823   517 6582.88414   46   28 6589.78903 6546.57344  0.66%   342 1391s
   826   519 6585.64574   48   28 6589.78903 6546.57344  0.66%   341 1395s
   830   521 6587.54888   50   30 6589.78903 6546.57344  0.66%   340 1400s
   837   524 6589.22830   53   30 6589.78903 6546.57344  0.66%   338 1405s
   846   518 6547.07826   13   10 6589.78903 6547.07826  0.65%   336 1428s
   847   519 6547.08160   14   10 6589.78903 6547.07826  0.65%   338 1433s
   848   519 6560.64213   14    8 6589.78903 6547.08160  0.65%   339 1439s
   849   520 6547.09347   15   10 6589.78903 6547.08160  0.65%   340 1442s
   851   521 6547.26686   16   10 6589.78903 6547.09347  0.65%   339 1445s
   855   524 6547.39150   18   10 6589.78903 6547.21662  0.65%   340 1451s
   858   526 6553.02347   19    8 6589.78903 6547.21662  0.65%   339 1455s
   860   527 6548.75971   20   14 6589.78903 6547.21662  0.65%   341 1463s
   861   528 6550.02745   21   16 6589.78903 6547.21662  0.65%   341 1466s
   862   529 6553.05684   21   14 6589.78903 6547.21662  0.65%   342 1470s
   864   530 6559.38151   22   16 6589.78903 6547.21662  0.65%   342 1475s
   866   531 6562.84104   23   16 6589.78903 6547.21662  0.65%   343 1480s
   868   533 6560.19548   24   14 6589.78903 6547.21662  0.65%   344 1485s
   870   534 6551.89766   25   16 6589.78903 6547.21662  0.65%   344 1493s
   871   535 6553.28665   26   20 6589.78903 6547.21662  0.65%   345 1499s
   872   535 6556.17565   26   16 6589.78903 6547.21662  0.65%   345 1501s
   874   537 6554.66122   27   22 6589.78903 6547.21662  0.65%   347 1509s
   876   538 6554.67530   28   22 6589.78903 6547.21662  0.65%   346 1510s
   881   541 6557.13329   31   22 6589.78903 6547.21662  0.65%   345 1515s
   885   544 6560.83293   33   22 6589.78903 6547.21662  0.65%   345 1520s
   889   547 6561.70278   35   22 6589.78903 6547.21662  0.65%   344 1525s
   891   548 6558.22443   36   24 6589.78903 6547.21662  0.65%   345 1530s
   894   550 6557.32069   37   28 6589.78903 6547.21662  0.65%   345 1535s
   896   551 6562.77328   38   26 6589.78903 6547.21662  0.65%   346 1544s
   897   552 6560.39564   39   28 6589.78903 6547.21662  0.65%   346 1547s
   899   553 6560.90088   40   28 6589.78903 6547.21662  0.65%   347 1551s
   901   555 6561.83788   41   30 6589.78903 6547.21662  0.65%   349 1559s
   902   555 6579.18974   41   28 6589.78903 6547.21662  0.65%   354 1565s
   906   558 6564.72004   43   30 6589.78903 6547.21662  0.65%   354 1572s
   908   559 6568.51867   44   28 6589.78903 6547.21662  0.65%   354 1575s
   916   565 6567.31321   48   28 6589.78903 6547.21662  0.65%   352 1580s
   919   567 6571.94798   50   26 6589.78903 6547.21662  0.65%   355 1589s
   920   567 6568.69369   50   30 6589.78903 6547.21662  0.65%   355 1590s
   924   570 6570.23029   52   30 6589.78903 6547.21662  0.65%   354 1595s
   932   575 6572.69630   56   26 6589.78903 6547.21662  0.65%   351 1600s
   938   579 6575.11714   59   28 6589.78903 6547.21662  0.65%   350 1606s
   944   583 6575.36588   62   26 6589.78903 6547.21662  0.65%   349 1610s
   953   589 6577.65223   67   22 6589.78903 6547.21662  0.65%   346 1615s
   958   591 6589.78618   69   22 6589.78903 6547.21662  0.65%   351 1625s
   959   591 6583.45450   70   22 6589.78903 6547.21662  0.65%   358 1639s
   960   592 6588.23433   70   20 6589.78903 6547.21662  0.65%   365 1653s
   966   584     cutoff   70      6589.78903 6547.21662  0.65%   362 1655s
   969   586 6560.42014   16    8 6589.78903 6547.21662  0.65%   362 1660s
   972   588 6566.86119   18    6 6589.78903 6547.21662  0.65%   364 1668s
   973   589 6560.78664   18    8 6589.78903 6547.21662  0.65%   364 1671s
   975   590 6560.85339   19   10 6589.78903 6547.21662  0.65%   364 1675s
   977   591 6575.13033   20   10 6589.78903 6547.21662  0.65%   365 1684s
   978   592 6576.32688   21   12 6589.78903 6547.21662  0.65%   365 1688s
   979   593 6563.27220   21   14 6589.78903 6547.21662  0.65%   366 1692s
   981   594 6563.33958   22   14 6589.78903 6547.21662  0.65%   365 1696s
   983   595 6563.44691   23   14 6589.78903 6547.21662  0.65%   365 1701s
   985   597 6563.56787   24   14 6589.78903 6547.21662  0.65%   366 1705s
   987   598 6568.31794   25   16 6589.78903 6547.21662  0.65%   366 1712s
   988   599 6569.93529   26   18 6589.78903 6547.21662  0.65%   366 1715s
   990   600 6568.54748   27   22 6589.78903 6547.21662  0.65%   366 1721s
   992   601 6569.16525   28   22 6589.78903 6547.21662  0.65%   367 1725s
   996   604 6571.26438   30   24 6589.78903 6547.21662  0.65%   366 1732s
   998   605 6571.27912   31   24 6589.78903 6547.21662  0.65%   366 1735s
  1000   607 6571.30833   32   24 6589.78903 6547.21662  0.65%   366 1740s
  1004   609 6571.48547   34   24 6589.78903 6547.21662  0.65%   366 1746s
  1006   611 6571.63627   35   26 6589.78903 6547.21662  0.65%   366 1750s
  1008   612 6571.63831   36   26 6589.78903 6547.21662  0.65%   367 1756s
  1010   613 6572.60831   37   26 6589.78903 6547.21662  0.65%   367 1760s
  1013   615 6578.85763   38   24 6589.78903 6547.21662  0.65%   370 1767s
  1015   617 6579.24989   39   24 6589.78903 6547.21662  0.65%   370 1771s
  1017   618 6579.80014   40   24 6589.78903 6547.21662  0.65%   373 1776s
  1021   621 6574.49558   42   28 6589.78903 6547.21662  0.65%   372 1780s
  1025   623 6577.87956   44   28 6589.78903 6547.21662  0.65%   371 1785s
  1029   626 6580.01685   46   28 6589.78903 6547.21662  0.65%   370 1790s
  1034   629 6583.74247   49   28 6589.78903 6547.21662  0.65%   369 1795s
  1042   633 6586.71758   53   28 6589.78903 6547.21662  0.65%   367 1801s
  1048   635     cutoff   56      6589.78903 6547.21662  0.65%   365 1805s
  1054   633 6547.29445   15   10 6589.78903 6547.29445  0.64%   364 1811s
  1055   633 6547.66806   16   10 6589.78903 6547.29445  0.64%   365 1818s
  1056   634 6560.96831   16    8 6589.78903 6547.66806  0.64%   365 1822s
  1059   636 6561.46822   18    8 6589.78903 6547.70630  0.64%   365 1826s
  1061   637 6549.13017   19   12 6589.78903 6548.23596  0.63%   366 1833s
  1062   638 6562.16481   19   10 6589.78903 6548.23596  0.63%   366 1835s
  1065   640 6549.48600   21   14 6589.78903 6548.23596  0.63%   366 1843s
  1067   641 6553.78610   22   14 6589.78903 6548.23596  0.63%   366 1847s
  1068   642 6550.75671   22   16 6589.78903 6548.23596  0.63%   367 1851s
  1071   644 6570.99748   24   16 6589.78903 6548.23596  0.63%   367 1856s
  1072   645 6550.99143   24   16 6589.78903 6548.23596  0.63%   368 1862s
  1074   646 6551.12215   25   18 6589.78903 6548.23596  0.63%   368 1868s
  1076   647 6551.81379   26   18 6589.78903 6548.23596  0.63%   368 1871s
  1078   649 6551.92293   27   18 6589.78903 6548.23596  0.63%   368 1875s
  1081   651 6558.26384   29   18 6589.78903 6548.23596  0.63%   368 1880s
  1083   652 6553.65058   30   22 6589.78903 6548.23596  0.63%   369 1887s
  1085   653 6554.35485   31   22 6589.78903 6548.23596  0.63%   369 1892s
  1087   655 6555.96781   32   22 6589.78903 6548.23596  0.63%   369 1895s
  1089   656 6560.51357   33   24 6589.78903 6548.23596  0.63%   369 1901s
  1090   657 6557.82420   33   26 6589.78903 6548.23596  0.63%   370 1906s
  1091   657 6563.90541   34   24 6589.78903 6548.23596  0.63%   371 1913s
  1092   658 6557.82433   34   26 6589.78903 6548.23596  0.63%   371 1915s
  1096   661 6557.93331   36   26 6589.78903 6548.23596  0.63%   370 1921s
  1098   662 6558.06881   37   26 6589.78903 6548.23596  0.63%   371 1927s
  1101   664 6562.31267   39   26 6589.78903 6548.23596  0.63%   371 1930s
  1104   666 6559.16260   40   28 6589.78903 6548.23596  0.63%   371 1935s
  1107   668 6566.66892   42   26 6589.78903 6548.23596  0.63%   371 1940s
  1113   672 6560.60023   45   22 6589.78903 6548.23596  0.63%   369 1945s
  1119   676 6564.93604   48   28 6589.78903 6548.23596  0.63%   368 1951s
  1124   679 6566.10557   50   28 6589.78903 6548.23596  0.63%   367 1955s
  1131   684 6574.58129   54   26 6589.78903 6548.23596  0.63%   365 1960s
  1136   687 6571.01980   56   26 6589.78903 6548.23596  0.63%   365 1965s
  1145   693 6573.64760   61   26 6589.78903 6548.23596  0.63%   362 1970s
  1151   697 6577.32149   64   26 6589.78903 6548.23596  0.63%   361 1975s
  1159   703 6582.86957   68   26 6589.78903 6548.23596  0.63%   359 1982s
  1162   703 6589.22283   69   28 6589.78903 6548.23596  0.63%   359 1986s
  1168   699 6558.49709   20   10 6589.78903 6548.23596  0.63%   358 1991s
  1169   699 6548.42119   20   12 6589.78903 6548.23596  0.63%   359 1995s
  1172   701 6549.73683   22   16 6589.78903 6548.23596  0.63%   359 2004s
  1173   702 6562.79779   22   14 6589.78903 6548.23596  0.63%   360 2009s
  1174   703 6549.76623   23   16 6589.78903 6548.23596  0.63%   360 2010s
  1178   705 6554.21704   25   16 6589.78903 6548.23596  0.63%   360 2017s
  1179   706 6551.23561   25   18 6589.78903 6548.23596  0.63%   360 2021s
  1182   708 6553.05438   27   20 6589.78903 6548.23596  0.63%   361 2028s
  1183   709 6555.84009   27   18 6589.78903 6548.23596  0.63%   361 2031s
  1185   710 6561.01095   28   18 6589.78903 6548.23596  0.63%   361 2036s
  1190   713 6555.14515   31   24 6589.78903 6548.23596  0.63%   361 2041s
  1192   715 6555.21270   32   24 6589.78903 6548.23596  0.63%   362 2046s
  1197   718 6556.58182   34   24 6589.78903 6548.23596  0.63%   361 2051s
  1199   719 6561.55995   35   26 6589.78903 6548.23596  0.63%   362 2057s
  1203   722 6567.92182   37   26 6589.78903 6548.23596  0.63%   361 2060s
  1206   724 6559.38138   39   24 6589.78903 6548.23596  0.63%   361 2065s
  1215   730 6562.35081   43   26 6589.78903 6548.23596  0.63%   359 2070s
  1221   734 6566.66543   46   26 6589.78903 6548.23596  0.63%   358 2075s
  1227   738 6569.07635   49   26 6589.78903 6548.23596  0.63%   356 2080s
  1235   743 6571.20137   53   28 6589.78903 6548.23596  0.63%   355 2086s
  1239   742 6579.70314   55   34 6589.78903 6548.23596  0.63%   354 2092s
  1243   745 6587.81405   57   32 6589.78903 6548.23596  0.63%   354 2096s
  1245   744     cutoff   58      6589.78903 6548.23596  0.63%   358 2100s
  1252   741 6553.61483   19   10 6589.78903 6549.03393  0.62%   359 2109s
  1253   741 6554.48962   20   10 6589.78903 6549.03393  0.62%   360 2115s
  1255   743 6554.57685   21   12 6589.78903 6549.03393  0.62%   361 2127s
  1257   744 6554.78723   22   14 6589.78903 6549.03393  0.62%   361 2131s
  1260   746 6557.30965   23   12 6589.78903 6549.03393  0.62%   360 2135s
  1263   748 6559.22874   25   12 6589.78903 6549.03393  0.62%   360 2140s
  1265   749 6557.23152   26   16 6589.78903 6549.03393  0.62%   361 2148s
  1266   750 6560.25433   26   14 6589.78903 6549.03393  0.62%   361 2151s
  1269   752 6558.79006   28   18 6589.78903 6549.03393  0.62%   361 2156s
  1273   755 6559.50165   30   20 6589.78903 6549.03393  0.62%   361 2160s
  1277   757 6559.59007   32   22 6589.78903 6549.03393  0.62%   361 2166s
  1282   761 6560.95919   34   22 6589.78903 6549.03393  0.62%   360 2171s
  1283   761 6563.30101   35   26 6589.78903 6549.03393  0.62%   360 2175s
  1287   764 6564.00980   37   26 6589.78903 6549.03393  0.62%   360 2181s
  1290   766 6570.02060   38   24 6589.78903 6549.03393  0.62%   360 2185s
  1291   767 6564.02161   39   26 6589.78903 6549.03393  0.62%   361 2190s
  1295   769 6565.54736   41   20 6589.78903 6549.03393  0.62%   361 2195s
  1302   774 6567.32678   44   22 6589.78903 6549.03393  0.62%   360 2201s
  1304   773 6570.13168   45   24 6589.78903 6549.03393  0.62%   360 2205s
  1307   775 6579.92763   47   24 6589.78903 6549.03393  0.62%   360 2210s
  1310   777 6578.20070   48   30 6589.78903 6549.03393  0.62%   360 2217s
  1314   780 6581.64053   50   32 6589.78903 6549.03393  0.62%   359 2222s
  1317   782 6584.37357   52   32 6589.78903 6549.03393  0.62%   359 2225s
  1322   785 6585.89813   54   32 6589.78903 6549.03393  0.62%   358 2230s
  1328   787 6589.56595   57   28 6589.78903 6549.03393  0.62%   357 2235s
  1341   778     cutoff   56      6589.78903 6549.03393  0.62%   354 2240s
  1349   773 6562.75086   18    8 6589.78903 6549.03393  0.62%   353 2247s
  1351   775 6576.48326   19    8 6589.78903 6549.03393  0.62%   353 2252s
  1352   775 6567.37960   20    8 6589.78903 6549.03393  0.62%   353 2255s
  1355   777 6564.39245   21   10 6589.78903 6549.03393  0.62%   353 2263s
  1357   779 6564.79043   22   12 6589.78903 6549.03393  0.62%   354 2269s
  1358   779 6572.99816   23   11 6589.78903 6549.03393  0.62%   354 2270s
  1361   781 6564.92439   24   12 6589.78903 6549.03393  0.62%   354 2276s
  1364   783 6573.85568   26   10 6589.78903 6549.03393  0.62%   354 2280s
  1366   785 6568.15141   27   12 6589.78903 6549.03393  0.62%   354 2285s
  1369   787 6566.15437   28   14 6589.78903 6549.03393  0.62%   354 2293s
  1371   788 6566.71704   29   16 6589.78903 6549.03393  0.62%   354 2295s
  1374   790 6568.14399   31   18 6589.78903 6549.03393  0.62%   354 2300s
  1378   793 6572.67072   33   18 6589.78903 6549.03393  0.62%   353 2305s
  1381   795 6569.98188   34   20 6589.78903 6549.03393  0.62%   354 2311s
  1384   797 6575.05478   36   18 6589.78903 6549.03393  0.62%   353 2315s
  1389   800 6570.89210   38   20 6589.78903 6549.03393  0.62%   353 2320s
  1393   803 6574.42200   40   22 6589.78903 6549.03393  0.62%   352 2326s
  1396   805 6572.25691   42   24 6589.78903 6549.03393  0.62%   352 2330s
  1402   809 6575.34085   45   28 6589.78903 6549.03393  0.62%   351 2336s
  1405   809 6588.83568   46   28 6589.78903 6549.03393  0.62%   351 2341s
  1407   810 6585.32788   47   30 6589.78903 6549.03393  0.62%   351 2345s
  1412   813 6587.69307   50   34 6589.78903 6549.03393  0.62%   351 2353s
  1418   813     cutoff   53      6589.78903 6549.03393  0.62%   349 2355s
  1422   812 6549.57692   18   10 6589.78903 6549.57692  0.61%   349 2362s
  1423   813 6551.85273   19    8 6589.78903 6549.57692  0.61%   350 2366s
  1425   814 6554.53712   20    8 6589.78903 6549.62551  0.61%   351 2370s
  1428   816 6549.89834   21   12 6589.78903 6549.63380  0.61%   351 2376s
  1429   817 6551.21112   22   14 6589.78903 6549.63380  0.61%   351 2383s
  1430   817 6564.17642   22   12 6589.78903 6549.63380  0.61%   352 2387s
  1431   818 6551.27390   23   14 6589.78903 6549.63380  0.61%   352 2392s
  1433   819 6551.37389   24   14 6589.78903 6549.63380  0.61%   352 2396s
  1436   821 6560.20934   25   12 6589.78903 6549.63380  0.61%   352 2400s
  1438   823 6553.56607   26   18 6589.78903 6549.63380  0.61%   352 2407s
  1440   824 6554.39033   27   18 6589.78903 6549.63380  0.61%   352 2410s
  1444   827 6555.01450   29   20 6589.78903 6549.63380  0.61%   352 2415s
  1448   829 6559.50948   31   18 6589.78903 6549.63380  0.61%   351 2421s
  1450   831 6557.84649   30   22 6589.78903 6549.63380  0.61%   352 2427s
  1452   832 6560.20372   32   20 6589.78903 6549.63380  0.61%   352 2430s
  1454   833 6558.63471   33   24 6589.78903 6549.63380  0.61%   352 2436s
  1457   835 6563.79584   35   22 6589.78903 6549.63380  0.61%   352 2440s
  1460   837 6558.79541   36   22 6589.78903 6549.63380  0.61%   352 2445s
  1464   840 6560.40722   38   26 6589.78903 6549.63380  0.61%   351 2450s
  1468   843 6560.42071   40   26 6589.78903 6549.63380  0.61%   351 2456s
  1471   845 6566.40410   42   24 6589.78903 6549.63380  0.61%   351 2460s
  1473   846 6563.12145   43   30 6589.78903 6549.63380  0.61%   351 2465s
  1477   847 6568.03183   44   28 6589.78903 6549.63380  0.61%   351 2474s
  1479   846 6570.27480   43   24 6589.78903 6549.63380  0.61%   350 2476s
  1481   847 6580.47504   45   32 6589.78903 6549.63380  0.61%   350 2481s
  1483   849 6581.83159   45   26 6589.78903 6549.63380  0.61%   350 2485s
  1486   851 6577.02564   46   34 6589.78903 6549.63380  0.61%   350 2491s
  1491   854 6580.00053   48   36 6589.78903 6549.63380  0.61%   349 2495s
  1494   856 6579.64020   49   34 6589.78903 6549.63380  0.61%   349 2500s
  1498   859 6581.43024   49   32 6589.78903 6549.63380  0.61%   349 2505s
  1502   861 6581.68134   49   34 6589.78903 6549.63380  0.61%   348 2510s
  1506   864 6583.79330   51   32 6589.78903 6549.63380  0.61%   348 2515s
  1509   866 6582.00031   51   32 6589.78903 6549.63380  0.61%   349 2521s
  1511   867 6585.34119   52   28 6589.78903 6549.63380  0.61%   350 2525s
  1516   871 6586.83562   52   34 6589.78903 6549.63380  0.61%   350 2531s
  1519   873 6586.36252   54   32 6589.78903 6549.63380  0.61%   349 2535s
  1523   873 6587.52332   55   32 6589.78903 6549.63380  0.61%   349 2540s
  1533   868 6563.61190   18    8 6589.78903 6549.63380  0.61%   347 2546s
  1535   869 6563.71306   19    8 6589.78903 6549.63380  0.61%   347 2550s
  1538   871 6565.07038   21   12 6589.78903 6549.63380  0.61%   348 2557s
  1539   872 6568.09977   21   10 6589.78903 6549.63380  0.61%   348 2562s
  1540   873 6565.11306   22   12 6589.78903 6549.63380  0.61%   348 2565s
  1544   875 6565.22181   24   12 6589.78903 6549.63380  0.61%   348 2570s
  1548   878 6579.68111   26   10 6589.78903 6549.63380  0.61%   348 2576s
  1549   879 6567.09031   26   12 6589.78903 6549.63380  0.61%   348 2581s
  1550   879 6580.98476   26    8 6589.78903 6549.63380  0.61%   348 2585s
  1551   880 6568.39396   26   10 6589.78903 6549.63380  0.61%   349 2591s
  1553   881 6568.36164   27   14 6589.78903 6549.63380  0.61%   349 2595s
  1557   884 6572.48728   29   14 6589.78903 6549.63380  0.61%   348 2600s
  1559   885 6570.06756   29   14 6589.78903 6549.63380  0.61%   348 2605s
  1561   887 6571.35183   30   16 6589.78903 6549.63380  0.61%   348 2610s
  1565   889 6572.04998   31   22 6589.78903 6549.63380  0.61%   348 2616s
  1569   892 6572.80976   32   14 6589.78903 6549.63380  0.61%   348 2620s
  1570   893 6571.41777   33   16 6589.78903 6549.63380  0.61%   348 2625s
  1571   893 6576.22590   33   14 6589.78903 6549.63380  0.61%   348 2638s
  1573   895 6576.22805   34   14 6589.78903 6549.63380  0.61%   348 2641s
  1576   897 6573.61511   36   18 6589.78903 6549.63380  0.61%   348 2647s
  1578   898 6575.64731   37   18 6589.78903 6549.63380  0.61%   348 2651s
  1580   899 6587.05930   36   16 6589.78903 6549.63380  0.61%   348 2658s
  1581   900 6575.67371   36   18 6589.78903 6549.63380  0.61%   348 2661s
  1582   901 6573.74114   37   18 6589.78903 6549.63380  0.61%   349 2666s
  1584   902 6587.70601   38   16 6589.78903 6549.63380  0.61%   349 2672s
  1585   903 6576.40901   38   18 6589.78903 6549.63380  0.61%   349 2676s
  1586   903 6576.04008   38   20 6589.78903 6549.63380  0.61%   350 2681s
  1588   903 6576.25863   39   24 6589.78903 6549.63380  0.61%   350 2686s
  1591   903 6577.62572   40   26 6589.78903 6549.63380  0.61%   350 2690s
  1592   903 6588.41611   41   24 6589.78903 6549.63380  0.61%   350 2696s
  1594   905 6585.09709   42   24 6589.78903 6549.63380  0.61%   350 2700s
  1599   908 6578.79595   44   24 6589.78903 6549.63380  0.61%   350 2707s
  1601   909 6579.95796   45   26 6589.78903 6549.63380  0.61%   350 2711s
  1605   912 6584.66708   46   24 6589.78903 6549.63380  0.61%   349 2715s
  1609   915 6581.15041   48   26 6589.78903 6549.63380  0.61%   349 2721s
  1612   917 6585.33021   48   22 6589.78903 6549.63380  0.61%   349 2725s
  1616   919 6583.90791   51   28 6589.78903 6549.63380  0.61%   348 2730s
  1619   921 6585.05452   52   28 6589.78903 6549.63380  0.61%   348 2735s
  1624   925 6586.29894   53   30 6589.78903 6549.63380  0.61%   347 2741s
  1628   927 6587.33627   54   30 6589.78903 6549.63380  0.61%   347 2745s
  1635   932 6587.58699   55   26 6589.78903 6549.63380  0.61%   346 2750s
  1641   934 6587.86022   55   26 6589.78903 6549.63380  0.61%   345 2756s
  1645   933     cutoff   56      6589.78903 6549.63380  0.61%   344 2760s
  1652   927 6550.48887   18   10 6589.78903 6550.48887  0.60%   343 2766s
  1654   929 6550.60552   19   10 6589.78903 6550.60552  0.59%   344 2771s
  1656   930 6550.78515   20   12 6589.78903 6550.78515  0.59%   344 2775s
  1658   931 6564.66411   21   12 6589.78903 6550.92200  0.59%   344 2782s
  1661   933 6552.17562   23   14 6589.78903 6550.92200  0.59%   344 2788s
  1663   935 6552.20013   24   14 6589.78903 6550.92200  0.59%   344 2790s
  1666   937 6553.78078   25   16 6589.78903 6550.92200  0.59%   344 2797s
  1670   939 6554.22155   27   18 6589.78903 6550.92200  0.59%   344 2800s
  1672   941 6558.93532   28   18 6589.78903 6550.92200  0.59%   345 2805s
  1674   942 6563.10787   27   12 6589.78903 6550.92200  0.59%   345 2811s
  1676   943 6557.34840   28   18 6589.78903 6550.92200  0.59%   345 2816s
  1678   945 6558.05977   29   22 6589.78903 6550.92200  0.59%   345 2822s
  1682   947 6559.49195   31   24 6589.78903 6550.92200  0.59%   345 2826s
  1683   948 6563.30190   31   20 6589.78903 6550.92200  0.59%   345 2830s
  1685   949 6559.53279   32   24 6589.78903 6550.92200  0.59%   346 2836s
  1687   951 6564.18213   33   24 6589.78903 6550.92200  0.59%   346 2840s
  1690   953 6562.22530   32   24 6589.78903 6550.92200  0.59%   346 2846s
  1692   954 6572.67397   34   24 6589.78903 6550.92200  0.59%   348 2853s
  1693   955 6561.98802   35   26 6589.78903 6550.92200  0.59%   348 2855s
  1696   957 6576.76608   36   26 6589.78903 6550.92200  0.59%   349 2860s
  1702   961 6564.44456   39   28 6589.78903 6550.92200  0.59%   348 2866s
  1706   963 6566.81615   40   28 6589.78903 6550.92200  0.59%   348 2870s
  1714   969 6566.85079   42   28 6589.78903 6550.92200  0.59%   346 2875s
  1717   971 6567.01049   43   28 6589.78903 6550.92200  0.59%   346 2881s
  1722   974 6568.83756   45   28 6589.78903 6550.92200  0.59%   346 2885s
  1727   977 6568.87280   47   28 6589.78903 6550.92200  0.59%   345 2891s
  1732   981 6570.19691   49   26 6589.78903 6550.92200  0.59%   345 2895s
  1737   984 6571.23907   50   28 6589.78903 6550.92200  0.59%   344 2901s
  1742   987 6574.31087   50   24 6589.78903 6550.92200  0.59%   344 2905s
  1746   990 6575.70539   51   24 6589.78903 6550.92200  0.59%   343 2910s
  1751   993 6575.47812   54   28 6589.78903 6550.92200  0.59%   343 2915s
  1756   997 6577.36206   55   26 6589.78903 6550.92200  0.59%   342 2920s
  1764  1002 6581.70668   57   30 6589.78903 6550.92200  0.59%   341 2925s
  1769  1005 6578.84175   57   30 6589.78903 6550.92200  0.59%   340 2931s
  1774  1009 6581.44276   58   30 6589.78903 6550.92200  0.59%   339 2935s
  1781  1013 6582.28565   60   30 6589.78903 6550.92200  0.59%   338 2940s
  1785  1016 6582.34168   61   32 6589.78903 6550.92200  0.59%   338 2945s
  1790  1019 6587.13862   62   30 6589.78903 6550.92200  0.59%   337 2950s
  1795  1023 6585.50633   63   30 6589.78903 6550.92200  0.59%   337 2955s
  1800  1026 6588.65248   64   30 6589.78903 6550.92200  0.59%   336 2960s
  1807  1031 6587.83102   67   28 6589.78903 6550.92200  0.59%   335 2965s
  1812  1032 6587.49046   67   28 6589.78903 6550.92200  0.59%   335 2970s
  1818  1034 6589.01999   70   28 6589.78903 6550.92200  0.59%   334 2975s
  1828  1028     cutoff   71      6589.78903 6550.92200  0.59%   332 2980s
  1832  1028 6568.90765   17    6 6589.78903 6550.92200  0.59%   332 2985s
  1835  1031 6564.84412   18    8 6589.78903 6550.92200  0.59%   332 2993s
  1837  1033 6564.92779   19    8 6589.78903 6550.92200  0.59%   333 2998s
  1839  1035 6565.06719   20    8 6589.78903 6550.92200  0.59%   333 3003s
  1840  1036 6566.31590   21   12 6589.78903 6550.92200  0.59%   333 3007s
  1841  1037 6578.95479   21   10 6589.78903 6550.92200  0.59%   334 3012s
  1844  1040 6566.41461   23   12 6589.78903 6550.92200  0.59%   333 3015s
  1847  1043 6571.94622   24   10 6589.78903 6550.92200  0.59%   334 3023s
  1848  1044 6571.00771   25   10 6589.78903 6550.92200  0.59%   334 3027s
  1849  1045 6568.04394   25   12 6589.78903 6550.92200  0.59%   334 3030s
  1851  1047 6572.24678   26   12 6589.78903 6550.92200  0.59%   335 3036s
  1853  1049 6570.30044   27   16 6589.78903 6550.92200  0.59%   335 3041s
  1855  1051 6574.80507   28   18 6589.78903 6550.92200  0.59%   335 3045s
  1859  1055 6573.85210   30   22 6589.78903 6550.92200  0.59%   335 3051s
  1861  1057 6574.03854   31   20 6589.78903 6550.92200  0.59%   335 3056s
  1863  1059 6581.38789   31   20 6589.78903 6550.92200  0.59%   335 3060s
  1866  1062 6577.72926   33   22 6589.78903 6550.92200  0.59%   335 3065s
  1869  1065 6575.02927   34   24 6589.78903 6550.92200  0.59%   335 3072s
  1871  1067 6575.43118   35   24 6589.78903 6550.92200  0.59%   335 3075s
  1876  1070 6588.54292   38   22 6589.78903 6550.92200  0.59%   334 3080s
  1879  1071 6577.23554   39   22 6589.78903 6550.92200  0.59%   335 3085s
  1882  1074 6577.59750   40   24 6589.78903 6550.92200  0.59%   334 3090s
  1887  1077 6580.87391   42   28 6589.78903 6550.92200  0.59%   334 3096s
  1890  1080 6581.26369   43   24 6589.78903 6550.92200  0.59%   334 3100s
  1894  1084 6581.99218   44   24 6589.78903 6550.92200  0.59%   334 3106s
  1899  1089 6582.53334   44   26 6589.78903 6550.92200  0.59%   333 3111s
  1902  1092 6583.16113   44   28 6589.78903 6550.92200  0.59%   333 3117s
  1905  1095 6584.05603   45   26 6589.78903 6550.92200  0.59%   333 3120s
  1907  1097 6584.68264   45   28 6589.78903 6550.92200  0.59%   333 3125s
  1911  1101 6585.34287   45   22 6589.78903 6550.92200  0.59%   332 3130s
  1917  1107 6585.42698   48   22 6589.78903 6550.92200  0.59%   332 3135s
  1922  1112 6586.84539   50   26 6589.78903 6550.92200  0.59%   331 3140s
  1928  1118 6587.68922   51   24 6589.78903 6550.92200  0.59%   330 3145s
  1937  1123 6588.59502   55   26 6589.78903 6550.92200  0.59%   329 3151s
  1945  1125 6589.76992   57   26 6589.78903 6550.92200  0.59%   328 3155s
  1950  1124 6551.25179   16    8 6589.78903 6550.96360  0.59%   328 3164s
  1951  1125 6551.65360   17   10 6589.78903 6550.96360  0.59%   329 3169s
  1952  1126 6564.83767   17    8 6589.78903 6550.96360  0.59%   329 3173s
  1953  1127 6551.68276   18   10 6589.78903 6550.96360  0.59%   329 3175s
  1957  1131 6551.82025   20   10 6589.78903 6550.96360  0.59%   329 3181s
  1959  1133 6552.03599   21   12 6589.78903 6550.96360  0.59%   329 3185s
  1961  1135 6565.94042   22   12 6589.78903 6550.96360  0.59%   330 3192s
  1962  1136 6553.30154   22   14 6589.78903 6550.96360  0.59%   331 3198s
  1964  1138 6553.35817   23   14 6589.78903 6550.96360  0.59%   331 3201s
  1966  1140 6553.44837   24   14 6589.78903 6550.96360  0.59%   331 3206s
  1969  1143 6555.09541   26   14 6589.78903 6550.96360  0.59%   331 3215s
  1971  1145 6559.29492   27   14 6589.78903 6550.96360  0.59%   332 3220s
  1972  1146 6556.36832   27   16 6589.78903 6550.96360  0.59%   332 3226s
  1973  1147 6557.23928   28   20 6589.78903 6550.96360  0.59%   333 3234s
  1974  1148 6568.98892   28   16 6589.78903 6550.96360  0.59%   333 3237s
  1976  1150 6558.95588   29   22 6589.78903 6550.96360  0.59%   333 3244s
  1977  1151 6560.75034   30   24 6589.78903 6550.96360  0.59%   334 3248s
  1978  1152 6563.43972   30   22 6589.78903 6550.96360  0.59%   334 3251s
  1982  1156 6562.51692   32   26 6589.78903 6550.96360  0.59%   334 3257s
  1984  1158 6563.94134   33   22 6589.78903 6550.96360  0.59%   334 3260s
  1987  1161 6562.83606   34   26 6589.78903 6550.96360  0.59%   334 3265s
  1991  1165 6563.17914   36   26 6589.78903 6550.96360  0.59%   334 3270s
  1994  1168 6575.57426   37   24 6589.78903 6550.96360  0.59%   334 3277s
  1997  1171 6564.36216   39   24 6589.78903 6550.96360  0.59%   334 3288s
  1998  1172 6574.06976   39   24 6589.78903 6550.96360  0.59%   333 3290s
  2000  1174 6575.10662   40   24 6589.78903 6550.96360  0.59%   333 3296s
  2001  1175 6564.89553   41   26 6589.78903 6550.96360  0.59%   334 3300s
  2004  1178 6566.90877   42   28 6589.78903 6550.96360  0.59%   334 3306s
  2008  1182 6569.51268   44   30 6589.78903 6550.96360  0.59%   334 3310s
  2013  1187 6570.38174   45   28 6589.78903 6550.96360  0.59%   333 3315s
  2019  1193 6571.56976   46   28 6589.78903 6550.96360  0.59%   332 3321s
  2023  1197 6572.03167   46   28 6589.78903 6550.96360  0.59%   332 3326s
  2027  1201 6573.41798   47   30 6589.78903 6550.96360  0.59%   332 3332s
  2029  1203 6574.33392   48   30 6589.78903 6550.96360  0.59%   332 3335s
  2035  1209 6575.40014   49   32 6589.78903 6550.96360  0.59%   331 3341s
  2038  1212 6576.34752   48   26 6589.78903 6550.96360  0.59%   331 3345s
  2041  1215 6576.02998   51   28 6589.78903 6550.96360  0.59%   331 3373s
  2042  1216 6575.56243   51   28 6589.78903 6550.96360  0.59%   331 3383s
  2043  1217 6577.05709   52   28 6589.78903 6550.96360  0.59%   331 3385s
  2047  1221 6579.88574   53   28 6589.78903 6550.96360  0.59%   330 3391s
  2050  1224 6579.03306   53   30 6589.78903 6550.96360  0.59%   330 3395s
  2054  1228 6579.37701   54   30 6589.78903 6550.96360  0.59%   330 3401s
  2058  1232 6581.04805   55   32 6589.78903 6550.96360  0.59%   330 3406s
  2060  1234 6581.33609   54   30 6589.78903 6550.96360  0.59%   330 3411s
  2063  1237 6584.04113   55   28 6589.78903 6550.96360  0.59%   329 3415s
  2067  1241 6583.57731   56   30 6589.78903 6550.96360  0.59%   329 3420s
  2073  1247 6584.51050   58   32 6589.78903 6550.96360  0.59%   328 3426s
  2079  1253 6586.48777   59   30 6589.78903 6550.96360  0.59%   328 3430s
  2084  1258 6585.68266   60   30 6589.78903 6550.96360  0.59%   327 3435s
  2090  1264 6587.87440   62   30 6589.78903 6550.96360  0.59%   327 3440s
  2096  1268 6589.01573   62   28 6589.78903 6550.96360  0.59%   326 3445s
  2105  1265 6589.54262   64   28 6589.78903 6550.96360  0.59%   325 3452s
  2110  1264 6563.40179   27   18 6589.78903 6550.96360  0.59%   325 3459s
  2111  1265 6566.38601   27   14 6589.78903 6550.96360  0.59%   325 3464s
  2112  1266 6567.27547   28   16 6589.78903 6550.96360  0.59%   325 3467s
  2113  1267 6564.21344   28   18 6589.78903 6550.96360  0.59%   325 3471s
  2116  1270 6566.14658   30   18 6589.78903 6550.96360  0.59%   325 3475s
  2119  1273 6565.34539   31   20 6589.78903 6550.96360  0.59%   325 3481s
  2122  1276 6581.03190   33   20 6589.78903 6550.96360  0.59%   325 3486s
  2123  1277 6568.33693   33   22 6589.78903 6550.96360  0.59%   326 3490s
  2125  1279 6568.43681   33   22 6589.78903 6550.96360  0.59%   326 3496s
  2127  1281 6568.36031   32   18 6589.78903 6550.96360  0.59%   326 3500s
  2129  1283 6570.61479   33   22 6589.78903 6550.96360  0.59%   326 3508s
  2131  1285 6576.70603   34   20 6589.78903 6550.96360  0.59%   326 3510s
  2134  1288 6571.67201   36   20 6589.78903 6550.96360  0.59%   326 3515s
  2136  1290 6570.98233   37   22 6589.78903 6550.96360  0.59%   326 3520s
  2138  1292 6584.34377   38   24 6589.78903 6550.96360  0.59%   327 3525s
  2139  1293 6571.47886   38   26 6589.78903 6550.96360  0.59%   327 3530s
  2144  1298 6575.10081   41   26 6589.78903 6550.96360  0.59%   327 3536s
  2146  1300 6577.48763   40   24 6589.78903 6550.96360  0.59%   327 3540s
  2150  1302 6576.07086   42   28 6589.78903 6550.96360  0.59%   327 3545s
  2154  1306 6577.87648   43   26 6589.78903 6550.96360  0.59%   327 3550s
  2158  1310 6577.11894   44   26 6589.78903 6550.96360  0.59%   327 3556s
  2161  1313 6578.96761   45   28 6589.78903 6550.96360  0.59%   327 3562s
  2163  1315 6586.95833   45   26 6589.78903 6550.96360  0.59%   327 3568s
  2166  1318 6580.18130   47   26 6589.78903 6550.96360  0.59%   327 3570s
  2172  1324 6583.95802   49   26 6589.78903 6550.96360  0.59%   327 3576s
  2175  1327 6582.45752   49   28 6589.78903 6550.96360  0.59%   326 3580s
  2177  1329 6582.62300   49   28 6589.78903 6550.96360  0.59%   326 3585s
  2182  1334 6584.58737   51   24 6589.78903 6550.96360  0.59%   326 3591s
  2184  1336 6583.10489   52   24 6589.78903 6550.96360  0.59%   326 3595s

Explored 2187 nodes (738629 simplex iterations) in 3600.04 seconds (1278.95 work units)
Thread count was 1 (of 56 available processors)

Solution count 10: 6589.79 6592.2 6611.25 ... 7125.64

Time limit reached
Best objective 6.589789031564e+03, best bound 6.550963604240e+03, gap 0.5892%

User-callback calls 43011, time in user-callback 0.25 sec
primal_bound = 6589.789031563722, dual_bound = 6550.9636042402335, gap = 0.589175573565756, time = 3600.08
