solving instance mcf nodes c55 3 6 exp
Set parameter TokenServer to value "licences.gerad.lan"
Set parameter MIPGap to value 1e-06
Set parameter FuncPieceError to value 1e-06
Set parameter Threads to value 1
Set parameter FuncPieces to value -2
Set parameter TimeLimit to value 3600
Gurobi Optimizer version 12.0.2 build v12.0.2rc0 (linux64 - "AlmaLinux 9.6 (Sage Margay)")

CPU model: Intel(R) Xeon(R) Gold 6258R CPU @ 2.70GHz, instruction set [SSE2|AVX|AVX2|AVX512]
Thread count: 56 physical cores, 56 logical processors, using up to 1 threads

Non-default parameters:
TimeLimit  3600
MIPGap  1e-06
Threads  1
FuncPieces  -2
FuncPieceError  1e-06

Optimize a model with 13182 rows, 207642 columns and 827448 nonzeros
Model fingerprint: 0xe51da44f
Model has 60 function constraints treated as nonlinear
  30 EXP, 30 POW
Variable types: 207096 continuous, 546 integer (546 binary)
Coefficient statistics:
  Matrix range     [4e-03, 3e+03]
  Objective range  [1e+00, 1e+00]
  Bounds range     [2e+01, 1e+10]
  RHS range        [2e-01, 7e+01]
Warning: Model contains large bounds
         Consider reformulating model or setting NumericFocus parameter
         to avoid numerical issues.
Warning: 0 <= x < 1e-10 in domain of pow(x,a) with a=-1.000.
         Setting lower bound to 1e-10.
Presolve removed 606 rows and 1122 columns
Presolve time: 3.64s
Presolved: 12846 rows, 206521 columns, 826230 nonzeros
Presolved model has 30 bilinear constraint(s)
Presolved model has 30 nonlinear constraint(s)

Solving non-convex MINLP

Variable types: 206521 continuous, 0 integer (0 binary)
  NLP heuristic elapsed time = 5.02s
  NLP heuristic elapsed time = 10.46s
  NLP heuristic elapsed time = 15.04s
  NLP heuristic elapsed time = 20.19s
  NLP heuristic elapsed time = 25.36s
  NLP heuristic elapsed time = 30.52s
  NLP heuristic elapsed time = 36.51s
  NLP heuristic elapsed time = 40.73s
  NLP heuristic elapsed time = 45.77s
  NLP heuristic elapsed time = 50.46s
  NLP heuristic elapsed time = 55.46s
  NLP heuristic elapsed time = 60.63s
  NLP heuristic elapsed time = 65.23s
Found heuristic solution: objective 8196.1674017

Root simplex log...

Iteration    Objective       Primal Inf.    Dual Inf.      Time
       0    7.0677040e+03   3.734812e+03   0.000000e+00     78s
    9795    7.0680729e+03   4.544641e+04   0.000000e+00     80s
   25664    7.0710451e+03   0.000000e+00   0.000000e+00     83s
   25664    7.0710451e+03   0.000000e+00   0.000000e+00     83s

Root relaxation: objective 7.071045e+03, 25664 iterations, 5.70 seconds (1.86 work units)

    Nodes    |    Current Node    |     Objective Bounds      |     Work
 Expl Unexpl |  Obj  Depth IntInf | Incumbent    BestBd   Gap | It/Node Time

     0     0 7071.04510    0   60 8196.16740 7071.04510  13.7%     -   83s
     0     0 7071.04511    0   60 8196.16740 7071.04511  13.7%     -   84s
     0     0 7071.29434    0   60 8196.16740 7071.29434  13.7%     -   87s
     0     2 7071.62440    0   60 8196.16740 7071.62440  13.7%     -  159s
     1     3 7083.42552    1   60 8196.16740 7071.62440  13.7%  1949  162s
     2     4 7083.42643    1   60 8196.16740 7083.42552  13.6%  1921  165s
    27    17 7175.64216   14   52 8196.16740 7083.42643  13.6%   161  170s
    30    18 7176.23806   15   52 8196.16740 7083.42643  13.6%   259  176s
    54    32 7308.99701   27   46 8196.16740 7083.42643  13.6%   150  180s
    78    44 7309.64881   39   40 8196.16740 7083.42643  13.6%   112  185s
    98    54 7326.46159   49   38 8196.16740 7083.42643  13.6%   106  190s
   121    67 7352.14511   61   30 8196.16740 7083.42643  13.6%  97.2  195s
   134    74 7366.97381   67   28 8196.16740 7083.42643  13.6%   103  200s
   149    87 7373.52192   75   28 8196.16740 7083.42643  13.6%   115  205s
   157    93 7393.30500   79   28 8196.16740 7083.42643  13.6%   144  212s
   164   100 7390.97985   82   28 8196.16740 7083.42643  13.6%   146  215s
   186   114 7400.47342   93   22 8196.16740 7083.42643  13.6%   135  220s
   194   122 7438.01067   97   14 8196.16740 7083.42643  13.6%   141  229s
   195   123 7872.52027   98   10 8196.16740 7083.42643  13.6%   148  237s
   198   126 7629.18693   99    8 8196.16740 7083.42643  13.6%   173  245s
   199   127 7623.69015  100   10 8196.16740 7083.42643  13.6%   191  258s
   200   128 7621.77035  100   12 8196.16740 7083.42643  13.6%   234  305s
   204   128 8099.14764  102   12 8196.16740 7083.42643  13.6%   236  313s
   206   126     cutoff  103      8196.16740 7083.42643  13.6%   235  315s
H  207   125                    8192.3061409 7083.42643  13.5%   234  319s
   211   127 7365.12571    4   26 8192.30614 7083.42643  13.5%   240  320s
   220   132 7384.99013    9   24 8192.30614 7083.42643  13.5%   241  325s
   228   140 7374.29084   13   24 8192.30614 7083.42643  13.5%   246  330s
   234   146 7369.62897   16   24 8192.30614 7083.42643  13.5%   251  409s
   238   150 7371.15210   18   24 8192.30614 7083.42643  13.5%   247  410s
   244   154 7373.36299   21   28 8192.30614 7083.42643  13.5%   248  415s
   248   158 7541.78803   23   26 8192.30614 7083.42643  13.5%   252  422s
   250   160 7376.30936   24   28 8192.30614 7083.42643  13.5%   255  425s
   253   163 7377.35386   25   32 8192.30614 7083.42643  13.5%   259  431s
   257   167 7377.61252   27   32 8192.30614 7083.42643  13.5%   264  435s
   258   168 7413.04178   28   28 8192.30614 7083.42643  13.5%   277  440s
   262   172 7379.77192   30   32 8192.30614 7083.42643  13.5%   281  447s
   264   174 7379.79569   31   30 8192.30614 7083.42643  13.5%   285  452s
   266   176 7380.67402   32   34 8192.30614 7083.42643  13.5%   292  456s
   267   177 7449.52254   32   28 8192.30614 7083.42643  13.5%   318  473s
   270   178 7383.74540   34   36 8192.30614 7083.42643  13.5%   318  479s
   271   179 7385.07937   34   34 8192.30614 7083.42643  13.5%   317  480s
   279   183 7388.01500   38   36 8192.30614 7083.42643  13.5%   326  488s
   284   186 7393.26993   41   40 8192.30614 7083.42643  13.5%   322  490s
   289   191 7395.55184   43   36 8192.30614 7083.42643  13.5%   322  496s
   293   195 7400.41748   45   36 8192.30614 7083.42643  13.5%   321  500s
   307   209 7425.57696   52   33 8192.30614 7083.42643  13.5%   310  505s
   311   213 7405.01618   54   33 8192.30614 7083.42643  13.5%   317  511s
   312   214 7400.54028   55   35 8192.30614 7083.42643  13.5%   323  515s
   313   215 7449.62176   55   33 8192.30614 7083.42643  13.5%   336  520s
   315   217 7406.68941   56   33 8192.30614 7083.42643  13.5%   350  527s
   316   218 7400.75851   57   38 8192.30614 7083.42643  13.5%   358  531s
   317   219 7441.31355   57   34 8192.30614 7083.42643  13.5%   367  535s
   318   220 7400.79875   58   36 8192.30614 7083.42643  13.5%   375  540s
   319   221 7409.77321   58   34 8192.30614 7083.42643  13.5%   384  547s
   322   224 7403.06494   60   36 8192.30614 7083.42643  13.5%   382  550s
   326   224 infeasible   62      8192.30614 7083.42643  13.5%   380  555s
   338   234 7439.76535   68   30 8192.30614 7083.42643  13.5%   370  560s
   339   235 7422.77149   68   32 8192.30614 7083.42643  13.5%   373  566s
   344   240 7424.76356   71   26 8192.30614 7083.42643  13.5%   372  570s
   351   247 7430.97775   74   26 8192.30614 7083.42643  13.5%   369  576s
   358   254 7470.98476   78   24 8192.30614 7083.42643  13.5%   364  581s
   362   258 7431.94604   80   22 8192.30614 7083.42643  13.5%   375  591s
   363   259 7428.80042   80   26 8192.30614 7083.42643  13.5%   389  599s
   365   261 7428.80846   81   26 8192.30614 7083.42643  13.5%   388  600s
   368   264 7429.50530   83   22 8192.30614 7083.42643  13.5%   390  605s
   383   277 7431.78902   90   18 8192.30614 7083.42643  13.5%   377  610s
   390   284 7526.23864   94   16 8192.30614 7083.42643  13.5%   376  619s
   391   285 7658.41765   94   12 8192.30614 7083.42643  13.5%   377  623s
   393   287 8018.02376   95    8 8192.30614 7083.42643  13.5%   379  629s
   394   288 7770.53415   96    8 8192.30614 7083.42643  13.5%   379  631s
   396   290 7744.71998   97   14 8192.30614 7083.42643  13.5%   379  635s
H  399   291                    8163.5681160 7083.42643  13.2%   376  669s
   400   294 7785.26958   99    8 8163.56812 7083.42643  13.2%   376  670s
   414   308 7788.87888  106    8 8163.56812 7083.42643  13.2%   418  727s
   415   309 7788.71718  106    9 8163.56812 7083.42643  13.2%   528  936s
   418   312 7788.77879  108    6 8163.56812 7083.42643  13.2%   564  982s
   419   313 7788.82104  108    6 8163.56812 7083.42643  13.2%   623 1041s
   431   309 7788.89089  107    7 8163.56812 7083.42643  13.2%   643 1089s
   436   306 7384.50873    2   24 8163.56812 7108.97252  12.9%   639 1091s
   444   308 7395.07920    6   22 8163.56812 7108.97252  12.9%   631 1095s
   452   316 7394.68099   10   22 8163.56812 7108.97252  12.9%   629 1100s
   456   320 7394.12410   12   22 8163.56812 7108.97252  12.9%   634 1105s
H  473   325                    7903.6951852 7108.97252  10.1%   614 1150s
   478   332 7400.03122   23   28 7903.69519 7108.97252  10.1%   613 1155s
   482   336 7403.25955   25   30 7903.69519 7108.97252  10.1%   613 1161s
   484   338 7403.49316   26   32 7903.69519 7108.97252  10.1%   619 1166s
   488   342 7403.91629   28   32 7903.69519 7108.97252  10.1%   617 1171s
   491   345 7437.69140   30   30 7903.69519 7108.97252  10.1%   616 1175s
   495   347 7535.50093   32   30 7903.69519 7108.97252  10.1%   615 1180s
   498   350 7412.50463   33   32 7903.69519 7108.97252  10.1%   620 1188s
   499   351 7470.97870   34   30 7903.69519 7108.97252  10.1%   622 1192s
   500   352 7412.92971   34   32 7903.69519 7108.97252  10.1%   623 1195s
   504   356 7415.10760   36   36 7903.69519 7108.97252  10.1%   620 1200s
   506   358 7425.05270   37   34 7903.69519 7108.97252  10.1%   621 1205s
   509   361 7418.15027   39   36 7903.69519 7108.97252  10.1%   620 1211s
   514   366 7422.55031   41   36 7903.69519 7108.97252  10.1%   616 1216s
   516   368 7425.34374   42   36 7903.69519 7108.97252  10.1%   616 1220s
   520   372 7440.06854   44   36 7903.69519 7108.97252  10.1%   615 1226s
   522   374 7517.01346   45   36 7903.69519 7108.97252  10.1%   614 1230s
   525   377 7433.36385   47   36 7903.69519 7108.97252  10.1%   614 1236s
   532   380 7450.88277   50   34 7903.69519 7108.97252  10.1%   608 1240s
   535   383 7434.29790   52   36 7903.69519 7108.97252  10.1%   614 1247s
   536   384 7527.89968   52   36 7903.69519 7108.97252  10.1%   620 1253s
   538   386 7461.28313   53   34 7903.69519 7108.97252  10.1%   619 1255s
   544   392 7438.66096   56   34 7903.69519 7108.97252  10.1%   615 1260s
   548   396 7446.26676   58   34 7903.69519 7108.97252  10.1%   612 1265s
   555   403 7445.49817   62   34 7903.69519 7108.97252  10.1%   608 1272s
   557   405 7445.51156   63   32 7903.69519 7108.97252  10.1%   611 1275s
   562   410 7447.65272   65   32 7903.69519 7108.97252  10.1%   611 1280s
   564   412 7447.66533   66   32 7903.69519 7108.97252  10.1%   611 1286s
   569   417 7452.91664   69   32 7903.69519 7108.97252  10.1%   607 1290s
   572   420 7469.05272   70   32 7903.69519 7108.97252  10.1%   607 1295s
   577   425 7459.79860   73   32 7903.69519 7108.97252  10.1%   603 1300s
   583   431 7462.94231   76   30 7903.69519 7108.97252  10.1%   608 1308s
   584   432 7557.21043   76   34 7903.69519 7108.97252  10.1%   616 1314s
   585   433 7463.16489   77   30 7903.69519 7108.97252  10.1%   616 1315s
   596   444 7463.51405   82   28 7903.69519 7108.97252  10.1%   606 1320s
   602   450 7469.43093   85   26 7903.69519 7108.97252  10.1%   602 1325s
   604   451 7403.98457   22    0 7903.69519 7108.97252  10.1%   600 1346s
  NLP heuristic elapsed time = 5.23s
  NLP heuristic elapsed time = 10.27s
  NLP heuristic elapsed time = 15.21s
  NLP heuristic elapsed time = 20.23s
  NLP heuristic elapsed time = 25.59s
  NLP heuristic elapsed time = 30.24s
  NLP heuristic elapsed time = 35.50s
  NLP heuristic elapsed time = 40.42s
  NLP heuristic elapsed time = 45.85s
  NLP heuristic elapsed time = 50.81s
  NLP heuristic elapsed time = 55.79s
  NLP heuristic elapsed time = 60.47s
  NLP heuristic elapsed time = 65.46s
  NLP heuristic elapsed time = 70.13s
  NLP heuristic elapsed time = 75.13s
  NLP heuristic elapsed time = 80.90s
  NLP heuristic elapsed time = 85.53s
  NLP heuristic elapsed time = 90.50s
  NLP heuristic elapsed time = 95.16s
  NLP heuristic elapsed time = 100.13s
  NLP heuristic elapsed time = 105.89s
  NLP heuristic elapsed time = 110.53s
  NLP heuristic elapsed time = 115.13s
  NLP heuristic elapsed time = 120.05s
  NLP heuristic elapsed time = 125.74s
  NLP heuristic elapsed time = 130.34s
  NLP heuristic elapsed time = 136.03s
  NLP heuristic elapsed time = 140.90s
  NLP heuristic elapsed time = 145.12s
  NLP heuristic elapsed time = 150.65s
  NLP heuristic elapsed time = 155.72s
  NLP heuristic elapsed time = 160.56s
  NLP heuristic elapsed time = 165.12s
  NLP heuristic elapsed time = 170.73s
  NLP heuristic elapsed time = 175.26s
  NLP heuristic elapsed time = 180.09s
  NLP heuristic elapsed time = 185.73s
  NLP heuristic elapsed time = 190.32s
  NLP heuristic elapsed time = 195.22s
  NLP heuristic elapsed time = 200.84s
  NLP heuristic elapsed time = 205.67s
  NLP heuristic elapsed time = 211.00s
  NLP heuristic elapsed time = 215.86s
  NLP heuristic elapsed time = 220.47s
  NLP heuristic elapsed time = 225.05s
  NLP heuristic elapsed time = 230.74s
  NLP heuristic elapsed time = 235.64s
  NLP heuristic elapsed time = 240.48s
  NLP heuristic elapsed time = 245.06s
  NLP heuristic elapsed time = 250.74s
  NLP heuristic elapsed time = 255.32s
  NLP heuristic elapsed time = 260.28s
  NLP heuristic elapsed time = 265.94s
  NLP heuristic elapsed time = 270.52s
  NLP heuristic elapsed time = 275.38s
  NLP heuristic elapsed time = 280.72s
  NLP heuristic elapsed time = 285.60s
  NLP heuristic elapsed time = 290.46s
  NLP heuristic elapsed time = 295.02s
  NLP heuristic elapsed time = 300.96s
  NLP heuristic elapsed time = 305.26s
  NLP heuristic elapsed time = 310.16s
  NLP heuristic elapsed time = 315.03s
  NLP heuristic elapsed time = 320.70s
  NLP heuristic elapsed time = 325.23s
  NLP heuristic elapsed time = 330.16s
  NLP heuristic elapsed time = 335.77s
  NLP heuristic elapsed time = 340.26s
  NLP heuristic elapsed time = 345.06s
  NLP heuristic elapsed time = 350.64s
  NLP heuristic elapsed time = 355.14s
  NLP heuristic elapsed time = 360.71s
  NLP heuristic elapsed time = 365.20s
  NLP heuristic elapsed time = 370.76s
  NLP heuristic elapsed time = 375.27s
  NLP heuristic elapsed time = 380.05s
  NLP heuristic elapsed time = 385.63s
  NLP heuristic elapsed time = 390.42s
  NLP heuristic elapsed time = 395.70s
  NLP heuristic elapsed time = 400.48s
  NLP heuristic elapsed time = 406.07s
  NLP heuristic elapsed time = 410.09s
  NLP heuristic elapsed time = 415.44s
  NLP heuristic elapsed time = 420.28s
  NLP heuristic elapsed time = 425.13s
  NLP heuristic elapsed time = 430.43s
  NLP heuristic elapsed time = 435.26s
  NLP heuristic elapsed time = 440.84s
  NLP heuristic elapsed time = 445.38s
  NLP heuristic elapsed time = 451.03s
   605   452 7381.82839   13    0 7903.69519 7108.97252  10.1%   599 1804s
   606   452 7440.51302   58    0 7903.69519 7371.31296  6.74%   598 1817s
   607   453 7371.31299   18    0 7903.69519 7371.31299  6.74%   597 1891s
   608   454 7374.75529   73    0 7903.69519 7374.75529  6.69%   596 1902s
H  608   431                    7707.2071131 7374.75529  4.31%   596 1939s
H  608   409                    7703.9797631 7374.75529  4.27%   596 1981s
  NLP heuristic elapsed time = 5.16s
  NLP heuristic elapsed time = 10.02s
  NLP heuristic elapsed time = 15.59s
  NLP heuristic elapsed time = 20.26s
  NLP heuristic elapsed time = 25.45s
  NLP heuristic elapsed time = 30.09s
  NLP heuristic elapsed time = 35.23s
  NLP heuristic elapsed time = 40.08s
  NLP heuristic elapsed time = 46.00s
  NLP heuristic elapsed time = 50.91s
  NLP heuristic elapsed time = 55.46s
  NLP heuristic elapsed time = 60.30s
  NLP heuristic elapsed time = 65.61s
  NLP heuristic elapsed time = 70.43s
  NLP heuristic elapsed time = 75.99s
  NLP heuristic elapsed time = 80.83s
  NLP heuristic elapsed time = 85.70s
  NLP heuristic elapsed time = 90.55s
  NLP heuristic elapsed time = 95.11s
  NLP heuristic elapsed time = 100.72s
  NLP heuristic elapsed time = 105.29s
  NLP heuristic elapsed time = 110.11s
  NLP heuristic elapsed time = 115.71s
  NLP heuristic elapsed time = 120.22s
  NLP heuristic elapsed time = 125.06s
  NLP heuristic elapsed time = 130.69s
  NLP heuristic elapsed time = 135.24s
  NLP heuristic elapsed time = 140.04s
  NLP heuristic elapsed time = 145.67s
  NLP heuristic elapsed time = 150.19s
  NLP heuristic elapsed time = 155.80s
  NLP heuristic elapsed time = 160.32s
  NLP heuristic elapsed time = 165.17s
  NLP heuristic elapsed time = 170.46s
  NLP heuristic elapsed time = 175.29s
  NLP heuristic elapsed time = 180.91s
  NLP heuristic elapsed time = 185.44s
  NLP heuristic elapsed time = 190.31s
  NLP heuristic elapsed time = 195.66s
  NLP heuristic elapsed time = 200.51s
  NLP heuristic elapsed time = 205.80s
  NLP heuristic elapsed time = 210.33s
  NLP heuristic elapsed time = 215.92s
  NLP heuristic elapsed time = 220.44s
  NLP heuristic elapsed time = 225.28s
  NLP heuristic elapsed time = 230.09s
  NLP heuristic elapsed time = 235.67s
  NLP heuristic elapsed time = 240.20s
  NLP heuristic elapsed time = 245.00s
  NLP heuristic elapsed time = 250.61s
  NLP heuristic elapsed time = 255.44s
  NLP heuristic elapsed time = 260.01s
  NLP heuristic elapsed time = 265.63s
  NLP heuristic elapsed time = 270.39s
  NLP heuristic elapsed time = 276.04s
  NLP heuristic elapsed time = 280.54s
  NLP heuristic elapsed time = 285.06s
  NLP heuristic elapsed time = 290.68s
  NLP heuristic elapsed time = 295.17s
  NLP heuristic elapsed time = 300.76s
  NLP heuristic elapsed time = 305.59s
  NLP heuristic elapsed time = 310.44s
  NLP heuristic elapsed time = 316.07s
  NLP heuristic elapsed time = 320.60s
  NLP heuristic elapsed time = 325.36s
  NLP heuristic elapsed time = 330.86s
  NLP heuristic elapsed time = 335.77s
  NLP heuristic elapsed time = 340.52s
  NLP heuristic elapsed time = 345.28s
  NLP heuristic elapsed time = 350.53s
  NLP heuristic elapsed time = 356.04s
  NLP heuristic elapsed time = 360.45s
  NLP heuristic elapsed time = 365.66s
  NLP heuristic elapsed time = 370.67s
  NLP heuristic elapsed time = 375.09s
  NLP heuristic elapsed time = 382.11s
  NLP heuristic elapsed time = 386.06s
  NLP heuristic elapsed time = 390.79s
  NLP heuristic elapsed time = 396.00s
  NLP heuristic elapsed time = 400.42s
  NLP heuristic elapsed time = 405.15s
  NLP heuristic elapsed time = 410.39s
  NLP heuristic elapsed time = 415.32s
  NLP heuristic elapsed time = 420.44s
  NLP heuristic elapsed time = 425.26s
  NLP heuristic elapsed time = 430.34s
  NLP heuristic elapsed time = 436.03s
  NLP heuristic elapsed time = 440.78s
  NLP heuristic elapsed time = 445.24s
   609   409 7524.47533   24    0 7703.97976 7374.75529  4.27%   595 2438s
   610   412 7404.03122   10   14 7703.97976 7381.27562  4.19%   664 2504s
   611   413 7381.61155   10   16 7703.97976 7381.61155  4.18%   666 2519s
   612   413 7381.67498   11   16 7703.97976 7381.61155  4.18%   668 2524s
   613   414 7381.69407   11   18 7703.97976 7381.67498  4.18%   669 2530s
   615   415 7399.11451   12   14 7703.97976 7381.69407  4.18%   674 2537s
   619   418 7383.38037   14   16 7703.97976 7381.69407  4.18%   673 2541s
   620   419 7383.11336   15   20 7703.97976 7381.69407  4.18%   673 2547s
   621   419 7399.85129   15   16 7703.97976 7381.69407  4.18%   680 2558s
   623   421 7397.87201   16   16 7703.97976 7381.69407  4.18%   680 2560s
   626   423 7384.76266   18   18 7703.97976 7381.69407  4.18%   739 2654s
   627   423 7409.33059   18   16 7703.97976 7381.69407  4.18%   765 2687s
   628   424 7385.31672   19   22 7703.97976 7381.69407  4.18%   764 2697s
   632   427 7390.41001   21   24 7703.97976 7381.69407  4.18%   761 2701s
   636   429 7420.22481   23   18 7703.97976 7381.69407  4.18%   761 2706s
   638   431 7392.19229   24   22 7703.97976 7381.69407  4.18%   765 2711s
   639   431 7386.26089   24   24 7703.97976 7381.69407  4.18%   768 2716s
   641   433 7464.65529   25   22 7703.97976 7381.69407  4.18%   769 2721s
   648   435 7431.60350   29   20 7703.97976 7381.69407  4.18%   764 2725s
   655   438 7394.61588   32   20 7703.97976 7381.69407  4.18%   761 2730s
   664   444 7470.83159   37   26 7703.97976 7381.69407  4.18%   756 2739s
   665   445 7393.89441   37   28 7703.97976 7381.69407  4.18%   756 2742s
   666   445 7424.52780   38   24 7703.97976 7381.69407  4.18%   760 2747s
   667   446 7394.65667   38   28 7703.97976 7381.69407  4.18%   761 2750s
   671   449 7395.39912   40   28 7703.97976 7381.69407  4.18%   766 2758s
   674   451 7410.04095   42   24 7703.97976 7381.69407  4.18%   769 2764s
   675   451 7395.68064   42   28 7703.97976 7381.69407  4.18%   774 2771s
   679   454 7395.85825   44   28 7703.97976 7381.69407  4.18%   774 2778s
   681   455 7418.67636   45   26 7703.97976 7381.69407  4.18%   773 2780s
   682   456 7401.04161   46   34 7703.97976 7381.69407  4.18%   776 2785s
   690   457 7410.38784   50   34 7703.97976 7381.69407  4.18%   769 2790s
   694   460 7417.33459   52   36 7703.97976 7381.69407  4.18%   767 2797s
   699   461 7418.06390   54   34 7703.97976 7381.69407  4.18%   763 2801s
   702   463 7421.40708   56   34 7703.97976 7381.69407  4.18%   761 2805s
   706   466 7422.09084   58   34 7703.97976 7381.69407  4.18%   759 2810s
   710   469 7430.35519   60   36 7703.97976 7381.69407  4.18%   756 2816s
   712   468 7430.73593   61   36 7703.97976 7381.69407  4.18%   756 2823s
   713   469 7497.28265   61   36 7703.97976 7381.69407  4.18%   760 2827s
   714   469 7436.58174   62   38 7703.97976 7381.69407  4.18%   760 2831s
   716   471 7439.22464   63   38 7703.97976 7381.69407  4.18%   759 2835s
   719   473 7513.05399   64   36 7703.97976 7381.69407  4.18%   763 2844s
   720   473 7442.09958   65   36 7703.97976 7381.69407  4.18%   763 2847s
   721   474 7469.16161   65   32 7703.97976 7381.69407  4.18%   768 2852s
   726   477 7454.25185   68   34 7703.97976 7381.69407  4.18%   764 2856s
   728   479 7465.61706   69   38 7703.97976 7381.69407  4.18%   764 2860s
   730   480 7477.55921   70   38 7703.97976 7381.69407  4.18%   764 2867s
   732   481 7488.48219   71   38 7703.97976 7381.69407  4.18%   762 2870s
   737   485 7490.90195   73   36 7703.97976 7381.69407  4.18%   759 2875s
   743   489 7548.41637   76   28 7703.97976 7381.69407  4.18%   754 2881s
   751   494 7528.02960   80   26 7703.97976 7381.69407  4.18%   747 2885s
   760   500 7557.81392   85   22 7703.97976 7381.69407  4.18%   739 2890s
   774   505 7576.12672   91   24 7703.97976 7381.69407  4.18%   734 2897s
   775   506 7575.16289   91   26 7703.97976 7381.69407  4.18%   740 2902s
   785   497     cutoff   91      7703.97976 7381.69407  4.18%   731 2905s
   787   498 7402.43749   13   16 7703.97976 7381.69407  4.18%   734 2911s
   790   500 7385.62386   14   20 7703.97976 7381.69407  4.18%   733 2915s
   792   501 7385.83769   15   20 7703.97976 7381.69407  4.18%   738 2920s
   795   503 7387.38088   17   20 7703.97976 7381.69407  4.18%   739 2926s
   796   504 7463.37790   17   18 7703.97976 7381.69407  4.18%   739 2930s
   800   507 7434.09868   19   22 7703.97976 7381.69407  4.18%   742 2939s
   802   508 7407.72056   20   18 7703.97976 7381.69407  4.18%   744 2946s
   806   511 7393.39408   22   22 7703.97976 7381.69407  4.18%   742 2950s
   814   514 7393.71337   26   24 7703.97976 7381.69407  4.18%   738 2955s
   823   518 7395.91885   31   24 7703.97976 7381.69407  4.18%   733 2961s
   825   519 7396.75122   32   24 7703.97976 7381.69407  4.18%   732 2965s
   827   521 7397.26340   33   26 7703.97976 7381.69407  4.18%   735 2973s
   828   521 7450.91370   33   22 7703.97976 7381.69407  4.18%   738 2978s
   829   522 7478.15063   34   24 7703.97976 7381.69407  4.18%   739 2981s
   830   523 7401.22841   34   26 7703.97976 7381.69407  4.18%   739 2986s
   835   526 7405.54220   37   22 7703.97976 7381.69407  4.18%   738 2990s
   839   529 7404.02479   39   32 7703.97976 7381.69407  4.18%   739 2998s
   840   529 7422.89504   39   30 7703.97976 7381.69407  4.18%   740 3002s
   842   531 7425.82492   40   30 7703.97976 7381.69407  4.18%   740 3005s
   844   532 7442.51466   41   28 7703.97976 7381.69407  4.18%   743 3014s
   845   533 7404.46778   42   30 7703.97976 7381.69407  4.18%   742 3015s
   849   535 7411.98118   44   32 7703.97976 7381.69407  4.18%   741 3020s
   854   537 7414.37509   46   32 7703.97976 7381.69407  4.18%   738 3025s
   863   539 7424.00077   51   34 7703.97976 7381.69407  4.18%   731 3030s
   867   541 7509.13517   53   34 7703.97976 7381.69407  4.18%   729 3036s
   869   543 7498.06772   54   36 7703.97976 7381.69407  4.18%   731 3043s
   871   544 7439.48169   55   36 7703.97976 7381.69407  4.18%   732 3048s
   872   545 7457.91245   55   34 7703.97976 7381.69407  4.18%   732 3050s
   875   547 7445.99761   57   36 7703.97976 7381.69407  4.18%   730 3055s
   881   551 7455.84452   60   38 7703.97976 7381.69407  4.18%   726 3060s
   893   557 7462.92082   66   40 7703.97976 7381.69407  4.18%   718 3065s
   898   560 7513.30377   68   38 7703.97976 7381.69407  4.18%   719 3073s
   901   562 7467.90045   70   42 7703.97976 7381.69407  4.18%   717 3075s
   904   564 7492.87816   71   40 7703.97976 7381.69407  4.18%   718 3082s
   909   567 7475.68052   74   32 7703.97976 7381.69407  4.18%   716 3086s
   918   571 7502.17331   78   28 7703.97976 7381.69407  4.18%   710 3091s
   922   574 7696.26584   80   28 7703.97976 7381.69407  4.18%   708 3095s
   926   577 7609.52799   82   28 7703.97976 7381.69407  4.18%   706 3102s
   928   578 7558.95730   83   28 7703.97976 7381.69407  4.18%   705 3105s
   933   581 7545.85616   86   28 7703.97976 7381.69407  4.18%   703 3112s
   937   584 7580.36688   88   26 7703.97976 7381.69407  4.18%   700 3115s
   940   586 7584.48573   89   22 7703.97976 7381.69407  4.18%   699 3121s
   944   589 7612.53203   91   22 7703.97976 7381.69407  4.18%   697 3125s
   950   593 7637.38673   94   16 7703.97976 7381.69407  4.18%   693 3132s
   954   595 7635.62707   96   16 7703.97976 7381.69407  4.18%   691 3135s
   959   593     cutoff   99      7703.97976 7381.69407  4.18%   688 3140s
   966   589 7404.59316   13   18 7703.97976 7383.38037  4.16%   685 3148s
   967   590 7480.59087   13   16 7703.97976 7383.38037  4.16%   685 3151s
   968   591 7404.82177   14   18 7703.97976 7383.38037  4.16%   687 3157s
   969   591 7491.00907   14   18 7703.97976 7383.38037  4.16%   688 3161s
   971   593 7422.23534   15   16 7703.97976 7383.38037  4.16%   689 3167s
   972   593 7405.14643   16   18 7703.97976 7383.38037  4.16%   691 3173s
   973   594 7438.10209   16   18 7703.97976 7383.38037  4.16%   694 3179s
   975   595 7409.38795   17   16 7703.97976 7383.38037  4.16%   693 3180s
   978   597 7424.47228   19   18 7703.97976 7383.38037  4.16%   692 3185s
H  979   576                    7700.9000619 7383.38037  4.12%   692 3201s
   982   580 7406.36144   21   18 7700.90006 7383.38037  4.12%   691 3205s
   987   581 7407.24216   23   18 7700.90006 7383.38037  4.12%   689 3210s
   992   583 7485.41827   26   22 7700.90006 7383.38037  4.12%   687 3216s
   993   583 7410.46450   26   24 7700.90006 7383.38037  4.12%   688 3220s
   995   585 7410.62635   27   22 7700.90006 7383.38037  4.12%   688 3226s
   996   585 7483.15152   28   20 7700.90006 7383.38037  4.12%   694 3234s
   997   586 7410.78384   28   24 7700.90006 7383.38037  4.12%   698 3239s
   998   587 7435.43389   29   22 7700.90006 7383.38037  4.12%   698 3241s
  1001   589 7487.96889   30   22 7700.90006 7383.38037  4.12%   698 3247s
  1002   589 7414.59024   31   26 7700.90006 7383.38037  4.12%   699 3253s
  1003   590 7479.44715   31   22 7700.90006 7383.38037  4.12%   702 3256s
  1004   591 7434.96490   32   24 7700.90006 7383.38037  4.12%   702 3261s
  1005   591 7416.57268   32   26 7700.90006 7383.38037  4.12%   703 3265s
  1007   593 7416.75213   33   26 7700.90006 7383.38037  4.12%   707 3274s
  1008   593 7421.81529   34   24 7700.90006 7383.38037  4.12%   707 3275s
  1010   595 7432.04980   35   26 7700.90006 7383.38037  4.12%   708 3281s
  1011   595 7416.81009   35   26 7700.90006 7383.38037  4.12%   711 3286s
  1012   596 7423.57550   36   24 7700.90006 7383.38037  4.12%   713 3291s
  1013   597 7417.11948   36   30 7700.90006 7383.38037  4.12%   716 3297s
  1016   599 7419.79384   38   30 7700.90006 7383.38037  4.12%   718 3306s
  1017   599 7475.55050   38   26 7700.90006 7383.38037  4.12%   723 3317s
  1020   601 7503.12966   40   32 7700.90006 7383.38037  4.12%   723 3326s
  1021   602 7428.25050   40   34 7700.90006 7383.38037  4.12%   724 3330s
  1023   603 7437.44611   41   32 7700.90006 7383.38037  4.12%   724 3336s
  1029   603 infeasible   44      7700.90006 7383.38037  4.12%   720 3340s
  1031   605 7440.25246   45   36 7700.90006 7383.38037  4.12%   720 3346s
  1033   606 7442.47454   46   36 7700.90006 7383.38037  4.12%   719 3350s
  1037   609 7446.14906   48   36 7700.90006 7383.38037  4.12%   717 3355s
  1041   609 7451.47247   50   36 7700.90006 7383.38037  4.12%   716 3361s
  1044   609 7454.36462   52   38 7700.90006 7383.38037  4.12%   714 3365s
  1051   614 7461.35637   55   38 7700.90006 7383.38037  4.12%   711 3371s
  1056   613 infeasible   58      7700.90006 7383.38037  4.12%   708 3375s
  1058   615 7479.13570   59   38 7700.90006 7383.38037  4.12%   712 3383s
  1060   616 7473.36345   60   36 7700.90006 7383.38037  4.12%   712 3386s
  1066   620 7468.35393   63   36 7700.90006 7383.38037  4.12%   709 3390s
  1072   624 7472.68834   66   34 7700.90006 7383.38037  4.12%   706 3399s
  1073   625 7486.57109   66   32 7700.90006 7383.38037  4.12%   706 3404s
  1074   625 7475.57566   67   34 7700.90006 7383.38037  4.12%   706 3406s
  1077   627 7513.12275   68   34 7700.90006 7383.38037  4.12%   705 3410s
  1080   629 7476.43215   70   34 7700.90006 7383.38037  4.12%   704 3416s
  1081   630 7521.19859   70   34 7700.90006 7383.38037  4.12%   710 3422s
  1082   631 7476.82932   71   34 7700.90006 7383.38037  4.12%   710 3426s
  1084   632 7477.93704   72   32 7700.90006 7383.38037  4.12%   710 3430s
  1089   635 7486.60488   74   32 7700.90006 7383.38037  4.12%   707 3435s
  1093   638 7495.37278   76   34 7700.90006 7383.38037  4.12%   706 3442s
  1096   640 7500.25208   78   34 7700.90006 7383.38037  4.12%   704 3445s
  1101   643 7502.76767   80   34 7700.90006 7383.38037  4.12%   702 3450s
  1107   647 7517.17165   83   34 7700.90006 7383.38037  4.12%   699 3455s
  1110   649 7635.00120   85   32 7700.90006 7383.38037  4.12%   699 3467s
  1111   650 7563.35290   85   34 7700.90006 7383.38037  4.12%   700 3472s
  1113   651 7596.23755   86   34 7700.90006 7383.38037  4.12%   700 3475s
  1116   653 7644.76696   88   24 7700.90006 7383.38037  4.12%   699 3481s
  1123   658 7611.72785   91   34 7700.90006 7383.38037  4.12%   695 3485s
  1125   657 7698.04449   92   20 7700.90006 7383.38037  4.12%   695 3491s
  1129   654 7696.31071   92   20 7700.90006 7383.38037  4.12%   693 3496s
  1135   652 7699.96921   92   20 7700.90006 7383.38037  4.12%   690 3500s
  1141   648 7402.00856   16   14 7700.90006 7383.38037  4.12%   688 3505s
  1144   648 7422.73777   17   10 7700.90006 7383.38037  4.12%   689 3510s
  1151   653 7403.04651   21   16 7700.90006 7383.38037  4.12%   688 3516s
  1154   655 7410.49437   22   14 7700.90006 7383.38037  4.12%   689 3520s
  1156   656 7404.49061   23   16 7700.90006 7383.38037  4.12%   690 3528s
  1157   657 7438.53427   24   14 7700.90006 7383.38037  4.12%   690 3530s
  1162   660 7405.56147   26   16 7700.90006 7383.38037  4.12%   689 3536s
  1165   660 7481.73020   28   18 7700.90006 7383.38037  4.12%   689 3541s
  1166   661 7408.02333   28   18 7700.90006 7383.38037  4.12%   690 3547s
  1171   662 7409.44741   31   20 7700.90006 7383.38037  4.12%   690 3553s
  1172   663 7428.77998   31   16 7700.90006 7383.38037  4.12%   691 3559s
  1173   663 7410.06015   32   22 7700.90006 7383.38037  4.12%   691 3560s
  1177   666 7411.57657   34   24 7700.90006 7383.38037  4.12%   690 3565s
  1181   669 7489.89371   36   24 7700.90006 7383.38037  4.12%   692 3571s
  1182   669 7414.94794   36   26 7700.90006 7383.38037  4.12%   692 3575s
  1185   671 7418.99101   38   24 7700.90006 7383.38037  4.12%   692 3580s
  1187   673 7419.42669   39   24 7700.90006 7383.38037  4.12%   695 3592s

Cutting planes:
  RLT: 1

Explored 1189 nodes (852720 simplex iterations) in 3600.03 seconds (1294.86 work units)
Thread count was 1 (of 56 available processors)

Solution count 7: 7700.9 7703.98 7707.21 ... 8196.17

Time limit reached
Best objective 7.700900061942e+03, best bound 7.383380369675e+03, gap 4.1232%

User-callback calls 126965, time in user-callback 0.69 sec
primal_bound = 7700.900061941722, dual_bound = 7383.3803696748955, gap = 4.123150407262478, time = 3600.06
