solving instance uflp nldep orlib 51 sinabc2
Set parameter TokenServer to value "licences.gerad.lan"
Set parameter MIPGap to value 1e-06
Set parameter FuncPieceError to value 1e-06
Set parameter Threads to value 1
Set parameter FuncPieces to value -2
Set parameter TimeLimit to value 3600
Gurobi Optimizer version 12.0.2 build v12.0.2rc0 (linux64 - "AlmaLinux 9.6 (Sage Margay)")

CPU model: Intel(R) Xeon(R) Gold 6258R CPU @ 2.70GHz, instruction set [SSE2|AVX|AVX2|AVX512]
Thread count: 56 physical cores, 56 logical processors, using up to 1 threads

Non-default parameters:
TimeLimit  3600
MIPGap  1e-06
Threads  1
FuncPieces  -2
FuncPieceError  1e-06

Optimize a model with 914 rows, 912 columns and 3327 nonzeros
Model fingerprint: 0xd8c10699
Model has 32 function constraints treated as nonlinear
  16 POW, 16 SIN
Variable types: 896 continuous, 16 integer (16 binary)
Coefficient statistics:
  Matrix range     [9e-05, 1e+04]
  Objective range  [1e+00, 1e+06]
  Bounds range     [1e+00, 1e+10]
  RHS range        [1e+00, 1e+00]
Warning: Model contains large bounds
         Consider reformulating model or setting NumericFocus parameter
         to avoid numerical issues.
Presolve removed 818 rows and 50 columns
Presolve time: 0.00s
Presolved: 224 rows, 863 columns, 1947 nonzeros
Presolved model has 15 quadratic objective terms
Presolved model has 16 nonlinear constraint(s)

Solving non-convex MINLP

Variable types: 863 continuous, 0 integer (0 binary)

Root relaxation: objective 8.400404e+05, 210 iterations, 0.00 seconds (0.00 work units)

    Nodes    |    Current Node    |     Objective Bounds      |     Work
 Expl Unexpl |  Obj  Depth IntInf | Incumbent    BestBd   Gap | It/Node Time

     0     0 840040.404    0   16          - 840040.404      -     -    0s
     0     0 840040.404    0   15          - 840040.404      -     -    0s
     0     0 840040.404    0   15          - 840040.404      -     -    0s
H    0     0                    849617.73469 840040.404  1.13%     -    0s
     0     2 845485.577    0   15 849617.735 845485.577  0.49%     -    0s
*    9     3               5    849617.73455 847056.772  0.30%  32.2    0s

Explored 15 nodes (509 simplex iterations) in 0.29 seconds (0.10 work units)
Thread count was 1 (of 56 available processors)

Solution count 1: 849618 

Optimal solution found (tolerance 1.00e-06)
Best objective 8.496177345461e+05, best bound 8.496177345461e+05, gap 0.0000%

User-callback calls 479, time in user-callback 0.00 sec
reading orlib data file ../../../../../instances/uflp/orlib/cap51.txt
primal_bound = 849617.7345460736, dual_bound = 849617.7345460737, gap = 1.3702082371095062e-14, time = 0.3
OPTIMAL LOCATIONS:
y[1] = 1.0
y[2] = 1.0
y[3] = 1.0
y[4] = 1.0
y[5] = 1.0
y[6] = 1.0
y[7] = 1.0
y[8] = 1.0
y[9] = 1.0
y[10] = 1.0
y[11] = 1.0
y[12] = 1.0
y[13] = 1.0
y[14] = 1.0
y[15] = 1.0
y[16] = 1.0
OPTIMAL WAREHOUSING:
f[1] = 1678.0
f[2] = 2370.0
f[3] = 14001.0
f[4] = 7129.0
f[5] = 1569.0
f[6] = 10151.0
f[7] = 1359.0
f[8] = 2741.0
f[9] = 3016.0
f[10] = 807.0
f[11] = 3131.0
f[12] = 1814.0
f[13] = 6609.0
f[14] = 482.0
f[15] = 495.0
f[16] = 916.0
OPTIMAL WAREHOUSING COSTS:
nlobj[1] = 88.56605578301031
nlobj[2] = 176.07101244641427
nlobj[3] = 4880.092444947614
nlobj[4] = 1507.4416083306705
nlobj[5] = 77.46719677000902
nlobj[6] = 2868.4681337348115
nlobj[7] = 58.161889666193495
nlobj[8] = 234.96297127228502
nlobj[9] = 283.92333848688776
nlobj[10] = 20.539214081203674
nlobj[11] = 0.0
nlobj[12] = 103.4439091059032
nlobj[13] = 1306.8907185775477
nlobj[14] = 7.33084599474345
nlobj[15] = 7.731498019651437
nlobj[16] = 26.45620885663784
OPTIMAL ASSIGNMENTS:
x[1, 3] = 1.0
x[1, 6] = 1.0
x[1, 14] = 1.0
x[1, 24] = 1.0
x[2, 7] = 1.0
x[3, 8] = 1.0
x[3, 34] = 1.0
x[4, 11] = 1.0
x[4, 17] = 1.0
x[4, 19] = 1.0
x[4, 21] = 1.0
x[4, 42] = 1.0
x[5, 12] = 1.0
x[5, 26] = 1.0
x[5, 40] = 1.0
x[6, 4] = 1.0
x[6, 13] = 1.0
x[6, 37] = 1.0
x[6, 38] = 1.0
x[6, 49] = 1.0
x[7, 15] = 1.0
x[7, 20] = 1.0
x[7, 44] = 1.0
x[7, 48] = 1.0
x[8, 1] = 1.0
x[8, 5] = 1.0
x[8, 9] = 1.0
x[8, 10] = 1.0
x[8, 16] = 1.0
x[8, 39] = 1.0
x[8, 43] = 1.0
x[8, 46] = 1.0
x[8, 47] = 1.0
x[9, 18] = 1.0
x[10, 22] = 1.0
x[11, 23] = 1.0
x[11, 28] = 1.0
x[11, 32] = 1.0
x[11, 41] = 1.0
x[12, 2] = 1.0
x[12, 25] = 1.0
x[12, 35] = 1.0
x[12, 36] = 1.0
x[12, 50] = 1.0
x[13, 27] = 1.0
x[13, 45] = 1.0
x[14, 29] = 1.0
x[15, 30] = 1.0
x[16, 31] = 1.0
x[16, 33] = 1.0
fixed costs = 262500.0
assignment costs = 837970.1874999999
warehousing costs = 11647.547046073583
total cost = 849617.7345460735
