solving instance uflp nldep gunluk ../../../../../instances/uflp/gunluk/gunluk-50-100-7.txt sinabc1
Set parameter TokenServer to value "licences.gerad.lan"
Set parameter MIPGap to value 1e-06
Set parameter FuncPieceError to value 1e-06
Set parameter Threads to value 1
Set parameter FuncPieces to value -2
Set parameter TimeLimit to value 3600
Gurobi Optimizer version 12.0.2 build v12.0.2rc0 (linux64 - "AlmaLinux 9.6 (Sage Margay)")

CPU model: Intel(R) Xeon(R) Gold 6258R CPU @ 2.70GHz, instruction set [SSE2|AVX|AVX2|AVX512]
Thread count: 56 physical cores, 56 logical processors, using up to 1 threads

Non-default parameters:
TimeLimit  3600
MIPGap  1e-06
Threads  1
FuncPieces  -2
FuncPieceError  1e-06

Optimize a model with 5300 rows, 5350 columns and 20400 nonzeros
Model fingerprint: 0x189580a5
Model has 100 function constraints treated as nonlinear
  50 POW, 50 SIN
Variable types: 5300 continuous, 50 integer (50 binary)
Coefficient statistics:
  Matrix range     [2e-04, 1e+02]
  Objective range  [4e-01, 6e+01]
  Bounds range     [1e+00, 1e+10]
  RHS range        [1e+00, 1e+00]
Warning: Model contains large bounds
         Consider reformulating model or setting NumericFocus parameter
         to avoid numerical issues.
Presolve removed 5100 rows and 200 columns
Presolve time: 0.01s
Presolved: 450 rows, 5151 columns, 10700 nonzeros
Presolved model has 50 quadratic objective terms
Presolved model has 50 nonlinear constraint(s)

Solving non-convex MINLP

Variable types: 5151 continuous, 0 integer (0 binary)

Root relaxation: objective 3.912795e+02, 411 iterations, 0.01 seconds (0.00 work units)

    Nodes    |    Current Node    |     Objective Bounds      |     Work
 Expl Unexpl |  Obj  Depth IntInf | Incumbent    BestBd   Gap | It/Node Time

     0     0  391.27947    0   35          -  391.27947      -     -    0s
     0     0  391.27947    0   35          -  391.27947      -     -    0s
     0     2  391.27947    0   35          -  391.27947      -     -    0s
*  324    14             162     394.1270715  394.12234  0.00%   9.2    0s

Explored 333 nodes (3910 simplex iterations) in 1.00 seconds (0.48 work units)
Thread count was 1 (of 56 available processors)

Solution count 1: 394.127 

Optimal solution found (tolerance 1.00e-06)
Best objective 3.941270714974e+02, best bound 3.941270330468e+02, gap 0.0000%

User-callback calls 1369, time in user-callback 0.00 sec
Generating Gunluk and Lee data file ../../../../../instances/uflp/gunluk/gunluk-50-100-7.txt
primal_bound = 394.12707149736036, dual_bound = 394.12703304684385, gap = 9.755867915108246e-6, time = 1.01
OPTIMAL LOCATIONS:
y[1] = 1.0
y[2] = 1.0
y[3] = 1.0
y[4] = 1.0
y[5] = 1.0
y[6] = 1.0
y[7] = 1.0
y[8] = 1.0
y[9] = 1.0
y[10] = 1.0
y[11] = 1.0
y[12] = 1.0
y[13] = 1.0
y[14] = 1.0
y[15] = 1.0
y[16] = 1.0
y[17] = 1.0
y[18] = 1.0
y[19] = 1.0
y[20] = 1.0
y[21] = 1.0
y[22] = 1.0
y[23] = 1.0
y[24] = 1.0
y[25] = 1.0
y[26] = 1.0
y[27] = 1.0
y[28] = 1.0
y[29] = 1.0
y[30] = 1.0
y[31] = 1.0
y[32] = 1.0
y[33] = 1.0
y[34] = 1.0
y[35] = 1.0
y[36] = 1.0
y[37] = 1.0
y[38] = 1.0
y[39] = 1.0
y[40] = 1.0
y[41] = 1.0
y[42] = 1.0
y[43] = 1.0
y[44] = 1.0
y[45] = 1.0
y[46] = 1.0
y[47] = 1.0
y[48] = 1.0
y[49] = 1.0
y[50] = 1.0
OPTIMAL WAREHOUSING:
f[1] = 47.0
f[3] = 332.0
f[6] = 153.72454283236402
f[7] = 456.0
f[8] = 264.9302551030173
f[9] = 194.0
f[11] = 118.0
f[13] = 302.0
f[15] = 178.06974489698268
f[16] = 238.0
f[19] = 14.275457167635961
f[20] = 127.61525762602535
f[21] = 50.583869509538005
f[22] = 89.0
f[23] = 38.384742373974646
f[24] = 61.0
f[26] = 153.0
f[27] = 79.0
f[28] = 137.0
f[30] = 166.0
f[31] = 239.0
f[32] = 214.0
f[33] = 53.0
f[34] = 42.0
f[35] = 252.0
f[36] = 111.416130490462
f[37] = 221.0
f[38] = 401.0
f[39] = 18.0
f[40] = 218.0
f[42] = 147.0
f[46] = 177.0
f[47] = 18.0
f[48] = 198.0
f[49] = 20.0
f[50] = 103.0
OPTIMAL WAREHOUSING COSTS:
nlobj[1] = 0.007736588036824628
nlobj[2] = 0.0
nlobj[3] = 0.6414517656809414
nlobj[4] = 0.0
nlobj[5] = 0.0
nlobj[6] = 0.1452089481060248
nlobj[7] = 0.2574472682684003
nlobj[8] = 0.14721033160884575
nlobj[9] = 0.014631312634578581
nlobj[10] = 0.0
nlobj[11] = 0.011916689127201162
nlobj[12] = 0.0
nlobj[13] = 0.4035956563264198
nlobj[14] = 0.0
nlobj[15] = 0.20466288954431616
nlobj[16] = 0.18927788836938597
nlobj[17] = 0.0
nlobj[18] = 0.0
nlobj[19] = 0.0011259866921596664
nlobj[20] = 0.10642793391135483
nlobj[21] = 0.015333910588752782
nlobj[22] = 0.01725872252880761
nlobj[23] = 0.008141851069688526
nlobj[24] = 0.009845928150316183
nlobj[25] = 0.0
nlobj[26] = 0.12017369021709266
nlobj[27] = 0.023311669417123128
nlobj[28] = 0.07884527579867992
nlobj[29] = 0.0
nlobj[30] = 0.07500941039793169
nlobj[31] = 0.3861772486624439
nlobj[32] = 0.3025880131189765
nlobj[33] = 0.019675658029355603
nlobj[34] = 0.010846028575279902
nlobj[35] = 0.42431925423941774
nlobj[36] = 0.08789296611164141
nlobj[37] = 0.04555492694790184
nlobj[38] = 0.17443292944984798
nlobj[39] = 0.001991877022429847
nlobj[40] = 0.33985082137640876
nlobj[41] = 0.0
nlobj[42] = 0.12606686471647244
nlobj[43] = 0.0
nlobj[44] = 0.0
nlobj[45] = 0.0
nlobj[46] = 0.11207016168882865
nlobj[47] = 0.0010841862273985243
nlobj[48] = 0.12192026906567972
nlobj[49] = 0.0018676649225038754
nlobj[50] = 0.08007267797131
OPTIMAL ASSIGNMENTS:
x[1, 18] = 1.0
x[3, 3] = 1.0
x[3, 12] = 1.0
x[3, 14] = 1.0
x[3, 19] = 1.0
x[3, 29] = 1.0
x[3, 35] = 1.0
x[6, 66] = 0.793109316411073
x[6, 96] = 1.0
x[7, 1] = 1.0
x[7, 56] = 1.0
x[7, 57] = 1.0
x[7, 72] = 1.0
x[7, 87] = 1.0
x[7, 99] = 1.0
x[8, 10] = 1.0
x[8, 23] = 1.0
x[8, 41] = 0.5235396963782599
x[8, 69] = 1.0
x[9, 5] = 1.0
x[9, 55] = 1.0
x[9, 78] = 1.0
x[11, 64] = 1.0
x[11, 98] = 1.0
x[13, 11] = 1.0
x[13, 21] = 1.0
x[13, 37] = 1.0
x[13, 38] = 1.0
x[13, 63] = 1.0
x[13, 95] = 1.0
x[15, 7] = 1.0
x[15, 22] = 1.0
x[15, 41] = 0.47646030362174
x[16, 42] = 1.0
x[16, 76] = 1.0
x[16, 91] = 1.0
x[19, 66] = 0.20689068358892698
x[20, 62] = 1.0
x[20, 73] = 0.9059793785007043
x[21, 33] = 1.0
x[21, 39] = 0.124557736661699
x[22, 9] = 1.0
x[22, 97] = 1.0
x[23, 73] = 0.09402062149929573
x[23, 77] = 1.0
x[24, 17] = 1.0
x[24, 49] = 1.0
x[26, 45] = 1.0
x[26, 52] = 1.0
x[26, 86] = 1.0
x[27, 46] = 1.0
x[27, 74] = 1.0
x[28, 34] = 1.0
x[28, 53] = 1.0
x[30, 28] = 1.0
x[30, 32] = 1.0
x[30, 61] = 1.0
x[31, 2] = 1.0
x[31, 43] = 1.0
x[31, 54] = 1.0
x[32, 40] = 1.0
x[32, 50] = 1.0
x[32, 60] = 1.0
x[32, 68] = 1.0
x[33, 93] = 1.0
x[34, 75] = 1.0
x[35, 6] = 1.0
x[35, 13] = 1.0
x[35, 59] = 1.0
x[35, 82] = 1.0
x[36, 39] = 0.875442263338301
x[36, 70] = 1.0
x[37, 8] = 1.0
x[37, 26] = 1.0
x[37, 44] = 1.0
x[37, 67] = 1.0
x[37, 83] = 1.0
x[38, 15] = 1.0
x[38, 16] = 1.0
x[38, 51] = 1.0
x[38, 80] = 1.0
x[38, 81] = 1.0
x[38, 84] = 1.0
x[38, 85] = 1.0
x[38, 100] = 1.0
x[39, 48] = 1.0
x[39, 58] = 1.0
x[40, 4] = 1.0
x[40, 25] = 1.0
x[40, 30] = 1.0
x[40, 31] = 1.0
x[40, 88] = 1.0
x[42, 20] = 1.0
x[42, 47] = 1.0
x[42, 79] = 1.0
x[46, 24] = 1.0
x[46, 27] = 1.0
x[47, 89] = 1.0
x[48, 71] = 1.0
x[48, 92] = 1.0
x[48, 94] = 1.0
x[49, 65] = 1.0
x[50, 36] = 1.0
x[50, 90] = 1.0
fixed costs = 2742.0
assignment costs = 389.4120462327596
warehousing costs = 4.715025264600742
total cost = 394.12707149736036
