solving instance uflp nldep holmberg 23 sqrt
Set parameter TokenServer to value "licences.gerad.lan"
Set parameter MIPGap to value 1e-06
Set parameter FuncPieceError to value 1e-06
Set parameter Threads to value 1
Set parameter FuncPieces to value -2
Set parameter TimeLimit to value 3600
Gurobi Optimizer version 12.0.2 build v12.0.2rc0 (linux64 - "AlmaLinux 9.6 (Sage Margay)")

CPU model: Intel(R) Xeon(R) Gold 6258R CPU @ 2.70GHz, instruction set [SSE2|AVX|AVX2|AVX512]
Thread count: 56 physical cores, 56 logical processors, using up to 1 threads

Non-default parameters:
TimeLimit  3600
MIPGap  1e-06
Threads  1
FuncPieces  -2
FuncPieceError  1e-06

Optimize a model with 1110 rows, 1100 columns and 4100 nonzeros
Model fingerprint: 0x50b5b981
Model has 20 function constraints treated as nonlinear
  20 POW
Variable types: 1080 continuous, 20 integer (20 binary)
Coefficient statistics:
  Matrix range     [4e-04, 5e+02]
  Objective range  [1e+00, 9e+02]
  Bounds range     [3e-13, 1e+10]
  RHS range        [1e+00, 1e+00]
Warning: Model contains large bounds
         Consider reformulating model or setting NumericFocus parameter
         to avoid numerical issues.

User MIP start did not produce a new incumbent solution

Presolve removed 1040 rows and 60 columns
Presolve time: 0.00s
Presolved: 170 rows, 1041 columns, 2220 nonzeros
Presolved model has 20 nonlinear constraint(s)

Solving non-convex MINLP

Variable types: 1041 continuous, 0 integer (0 binary)
Found heuristic solution: objective 5313.2736273

Root relaxation: objective 3.680000e+03, 40 iterations, 0.00 seconds (0.00 work units)
Another try with MIP start

    Nodes    |    Current Node    |     Objective Bounds      |     Work
 Expl Unexpl |  Obj  Depth IntInf | Incumbent    BestBd   Gap | It/Node Time

     0     0 3680.00000    0   20 5313.27363 3680.00000  30.7%     -    0s
     0     0 3683.71296    0   20 5313.27363 3683.71296  30.7%     -    0s
     0     2 3683.71296    0   20 5313.27363 3683.71296  30.7%     -    0s
H  152   104                    5313.2736261 3763.52755  29.2%   1.2    0s
H  273   189                    5296.6804782 3839.60651  27.5%   1.2    0s
*  321   215              87    5296.6667468 3839.60651  27.5%   1.3    0s
  7924  5125 4699.74810   57   17 5296.66675 4549.85883  14.1%   1.0    5s
 16152 10183 5035.84659   65   16 5296.66675 4616.29478  12.8%   1.0   10s
 24610 15363 4990.25415   58   17 5296.66675 4651.81482  12.2%   1.0   15s
 32715 20248 4902.53077   62   17 5296.66675 4675.59856  11.7%   1.0   20s
 40808 24889 4924.19957   61   14 5296.66675 4694.26640  11.4%   1.0   25s
 48900 29639 5277.11651   84   16 5296.66675 4710.00438  11.1%   1.0   30s
 57023 34222 5024.72450   54   16 5296.66675 4723.75035  10.8%   1.0   35s
 65005 38722 5143.84389   63   16 5296.66675 4735.32835  10.6%   1.0   40s
 73300 43325 5164.46089   66   12 5296.66675 4745.16111  10.4%   1.0   45s
 81497 47836 5026.46445   61   14 5296.66675 4754.74612  10.2%   1.1   50s
 89504 52213 4849.59568   58   16 5296.66675 4764.80398  10.0%   1.1   55s
 97804 56807 4965.18242   56   14 5296.66675 4772.78072  9.89%   1.1   60s
 105805 61194 5251.39714   67   15 5296.66675 4779.61209  9.76%   1.1   65s
 113778 65551 5288.70367   71   12 5296.66675 4786.68188  9.63%   1.1   70s
 121716 69783     cutoff   63      5296.66675 4793.32684  9.50%   1.1   75s
 129535 73830 5004.58659   67   16 5296.66675 4799.53570  9.39%   1.1   80s
 137629 78150 4995.05441   64   13 5296.66675 4804.75809  9.29%   1.1   85s
 145493 82292 4912.83015   58   14 5296.66675 4809.12226  9.20%   1.1   90s
 153514 86455 5072.05356   54   13 5296.66675 4814.02845  9.11%   1.1   95s
 161762 90965 5232.26152   65   15 5296.66675 4818.70052  9.02%   1.1  100s
 169763 95172 5094.86023   64   13 5296.66675 4823.31079  8.94%   1.1  105s
 177821 99364 5194.79403   64   13 5296.66675 4827.36926  8.86%   1.1  110s
 185465 103114 5223.29538   69   15 5296.66675 4830.86040  8.79%   1.1  115s
 193770 107381 5268.04534   78   11 5296.66675 4834.76507  8.72%   1.1  120s
 201781 111614 5252.73348   60   14 5296.66675 4838.25351  8.65%   1.1  125s
 209836 115819 5292.19444   73   15 5296.66675 4841.46728  8.59%   1.1  130s
 218056 119993 5095.13579   60   13 5296.66675 4844.62513  8.53%   1.1  135s
 226099 124016 5228.31950   68   15 5296.66675 4847.55764  8.48%   1.1  140s
 234276 128083 5175.77886   69   15 5296.66675 4850.31444  8.43%   1.1  145s
 242295 132060 5169.15303   72   15 5296.66675 4853.19664  8.37%   1.2  150s
 250609 136204 5118.70989   60   13 5296.66675 4855.89860  8.32%   1.2  155s
 258605 140044 5258.41038   71   13 5296.66675 4858.53881  8.27%   1.2  160s
 266894 144129 5197.70657   57   13 5296.66675 4861.04483  8.22%   1.2  165s
 274967 148080     cutoff   74      5296.66675 4863.44824  8.18%   1.2  170s
 283208 152029 5214.63770   57   11 5296.66675 4866.01491  8.13%   1.2  175s
 291354 156035 5226.63933   68   15 5296.66675 4868.15974  8.09%   1.2  180s
 299712 160137 5212.90325   61   12 5296.66675 4870.25381  8.05%   1.2  185s
 307688 163895 5157.45457   60   15 5296.66675 4872.27018  8.01%   1.2  190s
 315829 167766 5194.50627   67   15 5296.66675 4874.58598  7.97%   1.2  195s
 324129 171750 5202.89312   60   13 5296.66675 4876.75664  7.93%   1.2  200s
 332200 175529 5166.76298   67   14 5296.66675 4878.54656  7.89%   1.2  205s
 340279 179390 5270.92917   73   16 5296.66675 4880.34384  7.86%   1.2  210s
 348491 183416 5217.69456   69   12 5296.66675 4882.23750  7.82%   1.2  215s
 356741 187402 5072.08815   72   19 5296.66675 4883.76659  7.80%   1.2  220s
 364967 191204     cutoff   74      5296.66675 4885.50864  7.76%   1.2  225s
 373019 195138 5016.98478   63   15 5296.66675 4887.12037  7.73%   1.2  230s
 381051 198858 5063.48044   67   13 5296.66675 4889.03683  7.70%   1.2  235s
 389298 202615 5222.39617   74   14 5296.66675 4890.72430  7.66%   1.2  240s
 397519 206466 5115.16324   53   14 5296.66675 4892.27917  7.63%   1.2  245s
 405651 210194     cutoff   75      5296.66675 4893.88542  7.60%   1.2  250s
 413767 213974 5217.67561   69   15 5296.66675 4895.30026  7.58%   1.2  255s
 421889 217730 5174.56976   71   11 5296.66675 4896.77993  7.55%   1.2  260s
 430061 221474     cutoff   76      5296.66675 4898.19685  7.52%   1.2  265s
 438291 225278 5241.27329   57   11 5296.66675 4899.56433  7.50%   1.2  270s
 446587 229030 5179.97866   59   12 5296.66675 4901.03154  7.47%   1.2  275s
 454709 232632 5237.60099   72   15 5296.66675 4902.38837  7.44%   1.2  280s
 462871 236402 5251.55018   79   13 5296.66675 4903.75415  7.42%   1.2  285s
 470971 240056 5252.52580   67   13 5296.66675 4905.11994  7.39%   1.2  290s
 479262 243807 5282.96518   75   13 5296.66675 4906.62707  7.36%   1.2  295s
 487434 247577 5045.45304   62   15 5296.66675 4907.82131  7.34%   1.2  300s
 495315 251074 5246.62486   70   13 5296.66675 4909.11845  7.32%   1.2  305s
 503307 254564 4988.51824   64   16 5296.66675 4910.24300  7.30%   1.2  310s
 511489 258218     cutoff   74      5296.66675 4911.33829  7.27%   1.2  315s
 519673 261780 5247.17526   73   16 5296.66675 4912.55780  7.25%   1.2  320s
 527810 265477 5225.41100   70   14 5296.66675 4913.73561  7.23%   1.3  325s
 535851 268900 4975.84284   66   15 5296.66675 4914.95345  7.21%   1.3  330s
 543940 272441 5262.22490   69   13 5296.66675 4916.10140  7.18%   1.3  335s
 552179 276038 5229.16172   67   15 5296.66675 4917.31220  7.16%   1.3  340s
 560229 279504 5071.81410   64   15 5296.66675 4918.36623  7.14%   1.3  345s
 568221 282894 5006.11489   63   14 5296.66675 4919.49444  7.12%   1.3  350s
 576275 286388 5155.35078   63   14 5296.66675 4920.58517  7.10%   1.3  355s
 584255 289754 5280.23409   71   15 5296.66675 4921.68114  7.08%   1.3  360s
 592298 293173 5004.99757   60   17 5296.66675 4922.60328  7.06%   1.3  365s
 600375 296582     cutoff   72      5296.66675 4923.66415  7.04%   1.3  370s
 608429 299984 5071.02970   62   14 5296.66675 4924.68166  7.02%   1.3  375s
 616468 303389 5276.79556   66   12 5296.66675 4925.71396  7.00%   1.3  380s
 624579 306814 5258.91834   66   14 5296.66675 4926.67604  6.99%   1.3  385s
 632398 310115     cutoff   80      5296.66675 4927.60943  6.97%   1.3  390s
 640348 313419 5272.50419   65   14 5296.66675 4928.60630  6.95%   1.3  395s
 648061 316442 5229.50817   61   11 5296.66675 4929.52871  6.93%   1.3  400s
 656042 319811 5135.34003   64   15 5296.66675 4930.42086  6.91%   1.3  405s
 663988 323223     cutoff   72      5296.66675 4931.31236  6.90%   1.3  410s
 672029 326448 5029.83072   61   13 5296.66675 4932.24134  6.88%   1.3  415s
 680139 329772 5143.28439   68   13 5296.66675 4933.12539  6.86%   1.3  420s
 688109 332890 5197.43264   60   13 5296.66675 4933.99436  6.85%   1.3  425s
 696004 336109 5293.53331   70   14 5296.66675 4934.83548  6.83%   1.3  430s
 703800 339393 5269.18875   68   12 5296.66675 4935.72774  6.81%   1.3  435s
 711860 342567 5089.30575   79   16 5296.66675 4936.57216  6.80%   1.3  440s
 719679 345716     cutoff   71      5296.66675 4937.49363  6.78%   1.3  445s
 727559 348838 5044.55542   62   13 5296.66675 4938.39927  6.76%   1.3  450s
 735389 351950     cutoff   70      5296.66675 4939.14679  6.75%   1.3  455s
 743356 355111 4984.88105   57   14 5296.66675 4939.96735  6.73%   1.3  460s
 751020 358245 5207.52497   71   15 5296.66675 4940.78853  6.72%   1.3  465s
 758962 361251 5281.58195   81   15 5296.66675 4941.56589  6.70%   1.3  470s
 766903 364518 5282.17226   86   11 5296.66675 4942.37004  6.69%   1.3  475s
 774852 367777 5119.23497   68   15 5296.66675 4943.16085  6.67%   1.3  480s
 782806 370861     cutoff   73      5296.66675 4943.93337  6.66%   1.3  485s
 790744 373939 5082.99178   62   13 5296.66675 4944.78492  6.64%   1.3  490s
 798623 377092 5177.05435   72   15 5296.66675 4945.48438  6.63%   1.3  495s
 806231 380088     cutoff   62      5296.66675 4946.10831  6.62%   1.3  500s
 814201 383280     cutoff   66      5296.66675 4946.84854  6.60%   1.3  505s
 822133 386338 5021.45585   69   17 5296.66675 4947.54197  6.59%   1.3  510s
 830034 389449     cutoff   63      5296.66675 4948.36418  6.58%   1.3  515s
 838007 392644 5065.50392   67   14 5296.66675 4949.08606  6.56%   1.3  520s
 845994 395727     cutoff   69      5296.66675 4949.78266  6.55%   1.3  525s
 854006 398875 5272.55838   67   12 5296.66675 4950.54086  6.53%   1.3  530s
 861904 401981     cutoff   66      5296.66675 4951.29680  6.52%   1.3  535s
 869708 405031     cutoff   82      5296.66675 4952.01670  6.51%   1.3  540s
 877418 408013     cutoff   76      5296.66675 4952.79130  6.49%   1.3  545s
 885214 411073 5102.57060   59   16 5296.66675 4953.49228  6.48%   1.3  550s
 893000 413913     cutoff   75      5296.66675 4954.15804  6.47%   1.3  555s
 900927 416994 5219.41550   73   14 5296.66675 4954.87311  6.45%   1.3  560s
 908801 420084 5254.17182   70   12 5296.66675 4955.49791  6.44%   1.3  565s
 916662 423083 5064.28710   64   16 5296.66675 4956.25688  6.43%   1.3  570s
 924603 426138 5143.29747   72   15 5296.66675 4956.92412  6.41%   1.3  575s
 932509 429140     cutoff   78      5296.66675 4957.65841  6.40%   1.3  580s
 940538 432155 5057.17753   62   15 5296.66675 4958.33638  6.39%   1.3  585s
 948601 435112     cutoff   69      5296.66675 4959.01276  6.37%   1.3  590s
 956574 438099 5186.13629   70   15 5296.66675 4959.65742  6.36%   1.3  595s
 964150 440953     cutoff   61      5296.66675 4960.26336  6.35%   1.3  600s
 972062 443825 5064.75774   60   14 5296.66675 4960.92014  6.34%   1.3  605s
 979910 446767 5200.42708   60   12 5296.66675 4961.57178  6.33%   1.3  610s
 987843 449708 5059.50424   62   13 5296.66675 4962.19621  6.31%   1.3  615s
 995845 452802 5142.17953   63   15 5296.66675 4962.86088  6.30%   1.3  620s
 1003793 455672 5259.34853   81   14 5296.66675 4963.44971  6.29%   1.3  625s
 1011459 458272 5005.87412   67   16 5296.66675 4964.06206  6.28%   1.3  630s
 1019263 461198     cutoff   73      5296.66675 4964.64730  6.27%   1.3  635s
 1027085 464096 5112.91337   67   16 5296.66675 4965.30661  6.26%   1.3  640s
 1034883 466866 5243.55844   58   10 5296.66675 4965.90442  6.24%   1.3  645s
 1042804 469685     cutoff   69      5296.66675 4966.51229  6.23%   1.3  650s
 1050776 472575     cutoff   65      5296.66675 4967.08450  6.22%   1.3  655s
 1058727 475436 5207.07514   65   13 5296.66675 4967.69094  6.21%   1.3  660s
 1066681 478236 5144.59242   63   14 5296.66675 4968.35801  6.20%   1.3  665s
 1074428 481085 5124.42326   60   12 5296.66675 4968.88906  6.19%   1.3  670s
 1082189 483836 5129.93236   67   14 5296.66675 4969.47625  6.18%   1.3  675s
 1090203 486692 5252.23880   72   15 5296.66675 4970.04899  6.17%   1.3  680s
 1098148 489651     cutoff   64      5296.66675 4970.64435  6.16%   1.3  685s
 1105963 492452     cutoff   75      5296.66675 4971.20664  6.14%   1.3  690s
 1113825 495404 5047.42373   65   16 5296.66675 4971.73638  6.13%   1.3  695s
 1121309 498150 5125.17506   65   12 5296.66675 4972.23354  6.13%   1.3  700s
 1129147 500938 5227.34643   73   14 5296.66675 4972.80622  6.11%   1.3  705s
 1136955 503748     cutoff   79      5296.66675 4973.33127  6.10%   1.3  710s
 1145008 506617     cutoff   65      5296.66675 4973.91686  6.09%   1.3  715s
 1152940 509421 5256.31354   69   13 5296.66675 4974.42882  6.08%   1.3  720s
 1160764 512219 5152.22551   59   12 5296.66675 4974.99176  6.07%   1.3  725s
 1168673 515146 5250.07746   64   11 5296.66675 4975.54233  6.06%   1.3  730s
 1176632 517863 5236.78073   56   11 5296.66675 4976.10836  6.05%   1.3  735s
 1184531 520588 5282.13179   65   13 5296.66675 4976.62233  6.04%   1.4  740s
 1192500 523313     cutoff   71      5296.66675 4977.14158  6.03%   1.4  745s
 1200461 526158 5110.27896   65   12 5296.66675 4977.65788  6.02%   1.4  750s
 1208377 529018 5084.64490   58   14 5296.66675 4978.27059  6.01%   1.4  755s
 1216165 531732 5195.78576   62   14 5296.66675 4978.72735  6.00%   1.4  760s
 1224064 534579 5224.36478   67   12 5296.66675 4979.19674  5.99%   1.4  765s
 1231839 537260 5226.91799   68   12 5296.66675 4979.72164  5.98%   1.4  770s
 1239673 539866 5126.34350   66   14 5296.66675 4980.21729  5.97%   1.4  775s
 1247579 542648 5230.07755   68   13 5296.66675 4980.73901  5.96%   1.4  780s
 1255488 545465 5253.38193   78   15 5296.66675 4981.21862  5.96%   1.4  785s
 1263358 548269     cutoff   74      5296.66675 4981.69561  5.95%   1.4  790s
 1271299 550984     cutoff   69      5296.66675 4982.17075  5.94%   1.4  795s
 1278963 553574 5014.79990   73   13 5296.66675 4982.66561  5.93%   1.4  800s
 1286861 556170     cutoff   52      5296.66675 4983.19828  5.92%   1.4  805s
 1294581 558770 5268.67497   77   12 5296.66675 4983.67642  5.91%   1.4  810s
 1302448 561475 5246.20959   53   10 5296.66675 4984.15997  5.90%   1.4  815s
 1310202 564093     cutoff   74      5296.66675 4984.69696  5.89%   1.4  820s
 1317962 566775 5066.58468   67   14 5296.66675 4985.15692  5.88%   1.4  825s
 1325694 569369     cutoff   75      5296.66675 4985.61057  5.87%   1.4  830s
 1333495 572068 5279.98409   70   14 5296.66675 4986.05734  5.86%   1.4  835s
 1341267 574696 5237.98789   69   15 5296.66675 4986.49186  5.86%   1.4  840s
 1349069 577352 5244.58225   72   16 5296.66675 4986.90663  5.85%   1.4  845s
 1356973 580046 5208.64836   58   12 5296.66675 4987.37523  5.84%   1.4  850s
 1364836 582779     cutoff   66      5296.66675 4987.80070  5.83%   1.4  855s
 1372525 585400 5238.10261   72   15 5296.66675 4988.23991  5.82%   1.4  860s
 1380205 588118 5254.64619   67   15 5296.66675 4988.63633  5.82%   1.4  865s
 1387879 590626 5230.32632   73    9 5296.66675 4989.04810  5.81%   1.4  870s
 1395821 593306 5279.33219   64   14 5296.66675 4989.48796  5.80%   1.4  875s
 1403685 595910     cutoff   71      5296.66675 4989.90492  5.79%   1.4  880s
 1411390 598555 5257.40797   71   13 5296.66675 4990.35183  5.78%   1.4  885s
 1419213 601252     cutoff   74      5296.66675 4990.75933  5.78%   1.4  890s
 1427048 603825 5138.04752   69   15 5296.66675 4991.20446  5.77%   1.4  895s
 1434553 606272 5274.07509   68   15 5296.66675 4991.60779  5.76%   1.4  900s
 1442466 608881     cutoff   76      5296.66675 4992.04307  5.75%   1.4  905s
 1450251 611386 5261.36363   73   13 5296.66675 4992.47618  5.74%   1.4  910s
 1458113 614032 5264.76620   70   11 5296.66675 4992.92551  5.73%   1.4  915s
 1465968 616751 5220.11328   69   14 5296.66675 4993.37478  5.73%   1.4  920s
 1473755 619362 5181.73248   62   13 5296.66675 4993.78114  5.72%   1.4  925s
 1481501 622016 5200.90839   58   12 5296.66675 4994.13699  5.71%   1.4  930s
 1489323 624548     cutoff   70      5296.66675 4994.51309  5.70%   1.4  935s
 1497044 627187 5093.71442   63   15 5296.66675 4994.92641  5.70%   1.4  940s
 1504802 629605 5258.48596   69   12 5296.66675 4995.36858  5.69%   1.4  945s
 1512529 632208 5233.17736   69   16 5296.66675 4995.73400  5.68%   1.4  950s
 1520412 634777 5030.12267   64   14 5296.66675 4996.14399  5.67%   1.4  955s
 1528169 637310 5272.09283   74   12 5296.66675 4996.55943  5.67%   1.4  960s
 1536025 639936 5259.13970   66   11 5296.66675 4996.96398  5.66%   1.4  965s
 1543779 642480 5165.90906   59   15 5296.66675 4997.33027  5.65%   1.4  970s
 1551506 645061     cutoff   63      5296.66675 4997.74359  5.64%   1.4  975s
 1558939 647484 5101.02457   72   15 5296.66675 4998.11519  5.64%   1.4  980s
 1566629 650016     cutoff   73      5296.66675 4998.48201  5.63%   1.4  985s
 1574304 652507 5029.82189   73   17 5296.66675 4998.89910  5.62%   1.4  990s
 1582027 655006     cutoff   69      5296.66675 4999.26806  5.61%   1.4  995s
 1589458 657339 5203.26406   66   15 5296.66675 4999.65490  5.61%   1.4 1000s
 1597227 659900 5271.20407   68   15 5296.66675 5000.02979  5.60%   1.4 1005s
 1604943 662456 5229.45139   64    9 5296.66675 5000.41203  5.59%   1.4 1010s
 1612657 664924 5134.94734   63   14 5296.66675 5000.84464  5.59%   1.4 1015s
 1620413 667368 5281.23515   68   11 5296.66675 5001.22546  5.58%   1.4 1020s
 1628135 669952 5188.53664   66   12 5296.66675 5001.60396  5.57%   1.4 1025s
 1635939 672462 5243.09160   68   12 5296.66675 5001.99081  5.56%   1.4 1030s
 1643753 675048 5119.13552   66   17 5296.66675 5002.32840  5.56%   1.4 1035s
 1651397 677572 5045.67750   65   14 5296.66675 5002.67799  5.55%   1.4 1040s
 1659079 680128 5037.05015   61   16 5296.66675 5003.04078  5.54%   1.4 1045s
 1666668 682631 5031.27712   53   16 5296.66675 5003.40177  5.54%   1.4 1050s
 1674357 685124 5147.93748   62   15 5296.66675 5003.76044  5.53%   1.4 1055s
 1681997 687582     cutoff   69      5296.66675 5004.09078  5.52%   1.4 1060s
 1689628 690183     cutoff   80      5296.66675 5004.46033  5.52%   1.4 1065s
 1697182 692639 5217.48850   72   14 5296.66675 5004.80651  5.51%   1.4 1070s
 1704663 695074 5272.40159   78   14 5296.66675 5005.15990  5.50%   1.4 1075s
 1712338 697663 5282.95035   71   16 5296.66675 5005.49560  5.50%   1.4 1080s
 1719973 700220     cutoff   55      5296.66675 5005.83187  5.49%   1.4 1085s
 1727529 702812 5250.81482   72   14 5296.66675 5006.16078  5.48%   1.4 1090s
 1735119 705308 5136.99375   70   16 5296.66675 5006.50042  5.48%   1.4 1095s
 1742741 707798 5288.61459   71   16 5296.66675 5006.85268  5.47%   1.4 1100s
 1750002 710147 5137.75127   68   13 5296.66675 5007.19595  5.47%   1.4 1105s
 1757544 712665     cutoff   85      5296.66675 5007.55304  5.46%   1.4 1110s
 1765272 715319 5284.18871   76   13 5296.66675 5007.92042  5.45%   1.4 1115s
 1772862 717861 5245.34305   66   11 5296.66675 5008.25092  5.45%   1.4 1120s
 1780446 720417 5184.89687   73   16 5296.66675 5008.57246  5.44%   1.4 1125s
 1788028 722897     cutoff   57      5296.66675 5008.92562  5.43%   1.4 1130s
 1795723 725530     cutoff   62      5296.66675 5009.24447  5.43%   1.4 1135s
 1803247 728016 5230.88648   65   13 5296.66675 5009.54990  5.42%   1.4 1140s
 1810702 730415 5233.61464   70   13 5296.66675 5009.84174  5.42%   1.4 1145s
 1818140 732871 5277.50480   73   12 5296.66675 5010.13146  5.41%   1.4 1150s
 1825610 735361 5261.90110   73   13 5296.66675 5010.46133  5.40%   1.4 1155s
 1833147 737848 5260.54899   70   12 5296.66675 5010.78712  5.40%   1.4 1160s
 1840758 740227 5170.30628   69   15 5296.66675 5011.10825  5.39%   1.4 1165s
 1848418 742769 5125.30746   69   13 5296.66675 5011.42851  5.39%   1.4 1170s
 1856136 745345 5264.08284   65   12 5296.66675 5011.74501  5.38%   1.4 1175s
 1863863 747824 5278.77114   67   13 5296.66675 5012.03233  5.37%   1.4 1180s
 1871555 750152 5265.92604   65   15 5296.66675 5012.36035  5.37%   1.4 1185s
 1879430 752709 5269.40100   72   14 5296.66675 5012.66776  5.36%   1.4 1190s
 1887297 755286     cutoff   76      5296.66675 5012.99894  5.36%   1.4 1195s
 1895158 757949     cutoff   63      5296.66675 5013.30397  5.35%   1.4 1200s
 1902981 760540 5201.73987   56   12 5296.66675 5013.60140  5.34%   1.4 1205s
 1910497 762984 5198.45159   68   14 5296.66675 5013.89223  5.34%   1.4 1210s
 1918289 765434 5181.35082   67   14 5296.66675 5014.18657  5.33%   1.4 1215s
 1926115 768040 5105.90472   65   14 5296.66675 5014.46069  5.33%   1.4 1220s
 1933984 770611 5213.70749   71   15 5296.66675 5014.75938  5.32%   1.4 1225s
 1941935 773150 5153.72054   70   15 5296.66675 5015.07640  5.32%   1.4 1230s
 1949905 775764 5049.41021   59   13 5296.66675 5015.40056  5.31%   1.4 1235s
 1957846 778353     cutoff   70      5296.66675 5015.73162  5.30%   1.4 1240s
 1965761 780954 5228.14014   78   17 5296.66675 5016.04240  5.30%   1.4 1245s
 1973593 783532     cutoff   66      5296.66675 5016.33836  5.29%   1.4 1250s
 1981208 786005 5204.30979   70   15 5296.66675 5016.59911  5.29%   1.4 1255s
 1989029 788474     cutoff   79      5296.66675 5016.88315  5.28%   1.4 1260s
 1996844 790973     cutoff   70      5296.66675 5017.16509  5.28%   1.4 1265s
 2004679 793558     cutoff   68      5296.66675 5017.44712  5.27%   1.4 1270s
 2012572 796053 5161.36667   69   13 5296.66675 5017.75357  5.27%   1.4 1275s
 2020425 798662     cutoff   59      5296.66675 5018.04896  5.26%   1.4 1280s
 2028441 801266     cutoff   75      5296.66675 5018.33462  5.25%   1.4 1285s
 2036382 803735     cutoff   75      5296.66675 5018.63499  5.25%   1.4 1290s
 2044314 806169     cutoff   69      5296.66675 5018.91173  5.24%   1.4 1295s
 2052269 808772     cutoff   70      5296.66675 5019.16951  5.24%   1.4 1300s
 2059791 811184 5084.73543   63   13 5296.66675 5019.44117  5.23%   1.4 1305s
 2067747 813744 5273.91066   78   13 5296.66675 5019.74033  5.23%   1.4 1310s
 2075556 816285     cutoff   63      5296.66675 5019.99210  5.22%   1.4 1315s
 2083433 818794     cutoff   66      5296.66675 5020.25699  5.22%   1.4 1320s
 2091193 821224     cutoff   62      5296.66675 5020.52484  5.21%   1.4 1325s
 2099088 823775 5225.62013   72   15 5296.66675 5020.77062  5.21%   1.4 1330s
 2106892 826361     cutoff   68      5296.66675 5021.01031  5.20%   1.4 1335s
 2114885 828862 5258.86707   67   13 5296.66675 5021.30184  5.20%   1.4 1340s
 2122760 831379 5040.49655   69   16 5296.66675 5021.54349  5.19%   1.4 1345s
 2130764 833987     cutoff   69      5296.66675 5021.80515  5.19%   1.4 1350s
 2138652 836493 5258.04390   66   15 5296.66675 5022.07394  5.18%   1.4 1355s
 2146498 838917 5166.12478   64   12 5296.66675 5022.34225  5.18%   1.4 1360s
 2154307 841266     cutoff   74      5296.66675 5022.62453  5.17%   1.4 1365s
 2162171 843702 5272.37792   62   14 5296.66675 5022.91059  5.17%   1.4 1370s
 2170119 846114 5259.24922   58   14 5296.66675 5023.18441  5.16%   1.4 1375s
 2178062 848643 5206.39266   71   16 5296.66675 5023.43250  5.16%   1.4 1380s
 2185883 851052 5081.86166   60   15 5296.66675 5023.73057  5.15%   1.4 1385s
 2193774 853575 5276.48673   76   14 5296.66675 5024.00131  5.15%   1.4 1390s
 2201653 855956 5198.39843   68   12 5296.66675 5024.26159  5.14%   1.4 1395s
 2209557 858414     cutoff   67      5296.66675 5024.52864  5.14%   1.4 1400s
 2217213 860698 5175.84959   68   15 5296.66675 5024.74889  5.13%   1.4 1405s
 2225208 863229     cutoff   79      5296.66675 5024.99917  5.13%   1.4 1410s
 2233180 865903 5222.72098   72   12 5296.66675 5025.24141  5.12%   1.4 1415s
 2241139 868400 5164.27920   71   14 5296.66675 5025.51508  5.12%   1.4 1420s
 2249014 870837     cutoff   58      5296.66675 5025.77565  5.11%   1.4 1425s
 2256884 873367 5216.59256   56   11 5296.66675 5026.00457  5.11%   1.4 1430s
 2264809 875756     cutoff   67      5296.66675 5026.24148  5.11%   1.4 1435s
 2272643 878206 5223.97480   67   15 5296.66675 5026.48286  5.10%   1.4 1440s
 2280523 880674 5149.78569   68   15 5296.66675 5026.75891  5.10%   1.4 1445s
 2288333 883120 5228.87413   66   14 5296.66675 5026.98877  5.09%   1.4 1450s
 2296104 885443 5278.29055   66   13 5296.66675 5027.24646  5.09%   1.4 1455s
 2303752 887719 5277.91193   70   14 5296.66675 5027.48494  5.08%   1.4 1460s
 2310408 889727 5163.24209   71   16 5296.66675 5027.70669  5.08%   1.4 1465s
 2317720 892007     cutoff   72      5296.66675 5027.93594  5.07%   1.4 1470s
 2324890 894181 5134.28191   69   14 5296.66675 5028.15608  5.07%   1.4 1475s
 2331666 896257 5196.45385   70   14 5296.66675 5028.36093  5.07%   1.4 1480s
 2338437 898304 5101.20873   64   12 5296.66675 5028.56855  5.06%   1.4 1485s
 2345070 900297 5049.13684   70   16 5296.66675 5028.77864  5.06%   1.4 1490s
 2352245 902412 5282.01158   86   11 5296.66675 5028.99417  5.05%   1.4 1495s
 2359024 904407 5128.95371   75   16 5296.66675 5029.21656  5.05%   1.4 1500s
 2365987 906512     cutoff   60      5296.66675 5029.43556  5.05%   1.4 1505s
 2372971 908706 5086.96397   72   17 5296.66675 5029.65970  5.04%   1.4 1510s
 2379852 910861 5265.49825   69   14 5296.66675 5029.86487  5.04%   1.4 1515s
 2386733 912924 5093.46626   62   12 5296.66675 5030.09285  5.03%   1.4 1520s
 2393614 915111 5131.09219   63   12 5296.66675 5030.30940  5.03%   1.4 1525s
 2400488 917263     cutoff   68      5296.66675 5030.53087  5.02%   1.4 1530s
 2407689 919452     cutoff   71      5296.66675 5030.73784  5.02%   1.4 1535s
 2414951 921726     cutoff   77      5296.66675 5030.96117  5.02%   1.4 1540s
 2422025 923876 5247.08051   72   15 5296.66675 5031.16774  5.01%   1.4 1545s
 2429310 926103     cutoff   72      5296.66675 5031.40054  5.01%   1.4 1550s
 2436103 928172 5260.70032   73   11 5296.66675 5031.59532  5.00%   1.4 1555s
 2443162 930309 5262.11245   73   14 5296.66675 5031.81939  5.00%   1.4 1560s
 2450463 932610 5181.98193   75   14 5296.66675 5032.03872  5.00%   1.4 1565s
 2457722 934809 5131.85914   67   15 5296.66675 5032.23602  4.99%   1.4 1570s
 2464728 936933 5092.05708   66   13 5296.66675 5032.43985  4.99%   1.4 1575s
 2471643 938998     cutoff   72      5296.66675 5032.64730  4.98%   1.4 1580s
 2478543 941072 5075.51731   62   15 5296.66675 5032.85070  4.98%   1.4 1585s
 2485654 943195     cutoff   60      5296.66675 5033.05290  4.98%   1.4 1590s
 2492715 945360     cutoff   67      5296.66675 5033.23793  4.97%   1.4 1595s
 2499986 947493     cutoff   84      5296.66675 5033.48105  4.97%   1.4 1600s
 2506659 949534 5189.61936   75   13 5296.66675 5033.67220  4.97%   1.4 1605s
 2513295 951548 5256.06027   62   14 5296.66675 5033.86689  4.96%   1.4 1610s
 2520209 953690 5116.60082   66   13 5296.66675 5034.05889  4.96%   1.4 1615s
 2527508 955851     cutoff   79      5296.66675 5034.26613  4.95%   1.4 1620s
 2534516 957927 5192.30699   67   14 5296.66675 5034.46752  4.95%   1.4 1625s
 2541460 960035 5235.98955   69   14 5296.66675 5034.65837  4.95%   1.4 1630s
 2548246 962035 5258.81344   62   11 5296.66675 5034.83988  4.94%   1.4 1635s
 2555041 964024     cutoff   72      5296.66675 5035.03375  4.94%   1.4 1640s
 2562314 966167 5207.37432   79   14 5296.66675 5035.24757  4.94%   1.4 1645s
 2569363 968218     cutoff   79      5296.66675 5035.45660  4.93%   1.4 1650s
 2576353 970298     cutoff   61      5296.66675 5035.65493  4.93%   1.4 1655s
 2583188 972249 5201.75014   72   15 5296.66675 5035.85436  4.92%   1.4 1660s
 2590214 974295 5180.94981   73   15 5296.66675 5036.04668  4.92%   1.4 1665s
 2597095 976428 5108.20764   64   14 5296.66675 5036.22719  4.92%   1.4 1670s
 2604128 978493 5195.40474   71   15 5296.66675 5036.42888  4.91%   1.4 1675s
 2611295 980564 5129.49644   66   13 5296.66675 5036.63731  4.91%   1.4 1680s
 2618368 982745 5260.19769   61   17 5296.66675 5036.82977  4.91%   1.4 1685s
 2625602 984913 5285.77703   73   14 5296.66675 5037.02996  4.90%   1.4 1690s
 2632721 987106 5268.37226   72   13 5296.66675 5037.21458  4.90%   1.4 1695s
 2639973 989308 5292.33660   71   13 5296.66675 5037.40045  4.89%   1.4 1700s
 2647204 991511 5135.10488   68   12 5296.66675 5037.59089  4.89%   1.4 1705s
 2653835 993526 5122.86111   70   16 5296.66675 5037.75797  4.89%   1.4 1710s
 2660414 995563 5187.65858   67   12 5296.66675 5037.95113  4.88%   1.4 1715s
 2667536 997585     cutoff   64      5296.66675 5038.13544  4.88%   1.4 1720s
 2674499 999666 5234.76638   76   16 5296.66675 5038.32058  4.88%   1.4 1725s
 2681633 1001796 5264.53992   76   13 5296.66675 5038.49490  4.87%   1.4 1730s
 2689031 1003902 5079.14628   63   15 5296.66675 5038.70965  4.87%   1.4 1735s
 2696371 1006024     cutoff   76      5296.66675 5038.90601  4.87%   1.4 1740s
 2703259 1008054 5248.98746   69   12 5296.66675 5039.10844  4.86%   1.4 1745s
 2710183 1009970     cutoff   69      5296.66675 5039.27911  4.86%   1.4 1750s
 2717153 1012118 5253.97640   64   11 5296.66675 5039.45691  4.86%   1.4 1755s
 2723985 1014158 5235.36338   70   13 5296.66675 5039.61800  4.85%   1.4 1760s
 2731089 1016394     cutoff   66      5296.66675 5039.79493  4.85%   1.4 1765s
 2737664 1018347 5111.52211   62   15 5296.66675 5039.96166  4.85%   1.4 1770s
 2744545 1020406 5278.91132   80   14 5296.66675 5040.14654  4.84%   1.4 1775s
 2751732 1022467     cutoff   79      5296.66675 5040.34382  4.84%   1.4 1780s
 2758790 1024599 5227.29452   60   13 5296.66675 5040.53010  4.84%   1.4 1785s
 2765401 1026526 5196.10382   74   16 5296.66675 5040.70066  4.83%   1.4 1790s
 2772507 1028590 5285.52584   65   14 5296.66675 5040.89703  4.83%   1.4 1795s
 2780235 1030786 5098.41734   67   15 5296.66675 5041.11211  4.82%   1.4 1800s
 2780280 1030803 5057.50227   69   15 5296.66675 5041.11395  4.82%   1.4 1815s
 2786886 1032753 5239.03255   70   16 5296.66675 5041.28309  4.82%   1.4 1820s
 2794465 1034934     cutoff   77      5296.66675 5041.47216  4.82%   1.4 1825s
 2802183 1037170 5210.53191   64   12 5296.66675 5041.67258  4.81%   1.4 1830s
 2810004 1039449 5242.09412   64   12 5296.66675 5041.86469  4.81%   1.4 1835s
 2817757 1041696 5135.24469   67   15 5296.66675 5042.05756  4.81%   1.4 1840s
 2825425 1044130     cutoff   82      5296.66675 5042.25685  4.80%   1.4 1845s
 2832895 1046250 5258.71933   73   14 5296.66675 5042.44433  4.80%   1.4 1850s
 2840808 1048651 5254.53435   72   13 5296.66675 5042.62560  4.80%   1.4 1855s
 2848288 1050923 5129.47590   62   12 5296.66675 5042.80378  4.79%   1.4 1860s
 2856201 1053244     cutoff   78      5296.66675 5042.99206  4.79%   1.4 1865s
 2863669 1055490 5073.91066   67   14 5296.66675 5043.19000  4.79%   1.4 1870s
 2871458 1057701     cutoff   79      5296.66675 5043.40062  4.78%   1.4 1875s
 2879218 1060071 5236.34735   63   14 5296.66675 5043.58716  4.78%   1.4 1880s
 2887005 1062396 5274.99844   78   15 5296.66675 5043.77053  4.77%   1.4 1885s
 2894773 1064788 5077.96146   59   14 5296.66675 5043.95195  4.77%   1.4 1890s
 2902599 1067074 5267.46110   63   13 5296.66675 5044.13440  4.77%   1.4 1895s
 2910160 1069311 5231.74627   75   14 5296.66675 5044.32595  4.76%   1.4 1900s
 2917942 1071523 5239.34466   65   14 5296.66675 5044.53545  4.76%   1.4 1905s
 2925800 1073835 5204.10186   75   14 5296.66675 5044.72648  4.76%   1.4 1910s
 2933685 1076092 5161.20936   67   16 5296.66675 5044.92361  4.75%   1.4 1915s
 2941466 1078377 5074.05546   68   16 5296.66675 5045.11328  4.75%   1.4 1920s
 2948974 1080631     cutoff   80      5296.66675 5045.27894  4.75%   1.4 1925s
 2956736 1082887     cutoff   63      5296.66675 5045.45427  4.74%   1.4 1930s
 2964446 1085157 5137.72596   60   13 5296.66675 5045.63620  4.74%   1.4 1935s
 2972130 1087451     cutoff   80      5296.66675 5045.81312  4.74%   1.4 1940s
 2979889 1089724 5240.53161   77   14 5296.66675 5045.99096  4.73%   1.4 1945s
 2987386 1092013     cutoff   70      5296.66675 5046.15316  4.73%   1.4 1950s
 2995090 1094275 5123.30967   67   14 5296.66675 5046.34993  4.73%   1.4 1955s
 3002814 1096587 5292.36751   72   12 5296.66675 5046.52962  4.72%   1.4 1960s
 3010632 1098863     cutoff   74      5296.66675 5046.71885  4.72%   1.4 1965s
 3018355 1101002 5199.26900   61   10 5296.66675 5046.88596  4.72%   1.4 1970s
 3026172 1103335     cutoff   62      5296.66675 5047.06024  4.71%   1.4 1975s
 3034011 1105638 5215.89417   69   13 5296.66675 5047.22733  4.71%   1.4 1980s
 3041711 1107862 5258.21107   76   14 5296.66675 5047.42373  4.71%   1.4 1985s
 3049611 1110278 5182.40042   66   15 5296.66675 5047.60318  4.70%   1.4 1990s
 3057403 1112526 5239.62198   66   12 5296.66675 5047.77683  4.70%   1.4 1995s
 3065297 1114814     cutoff   66      5296.66675 5047.96137  4.70%   1.4 2000s
 3073179 1117028 5133.20831   63   13 5296.66675 5048.14882  4.69%   1.4 2005s
 3081031 1119338 5176.61242   76   11 5296.66675 5048.31607  4.69%   1.4 2010s
 3088905 1121654 5077.42892   71   16 5296.66675 5048.48657  4.69%   1.4 2015s
 3096698 1123951 5110.77935   58   13 5296.66675 5048.65927  4.68%   1.4 2020s
 3104026 1125987 5079.54559   60   14 5296.66675 5048.82252  4.68%   1.4 2025s
 3111912 1128303 5195.29854   70   14 5296.66675 5048.99120  4.68%   1.4 2030s
 3119678 1130583     cutoff   77      5296.66675 5049.17452  4.67%   1.4 2035s
 3127427 1132760     cutoff   70      5296.66675 5049.35256  4.67%   1.4 2040s
 3135128 1134949 5265.65248   72   10 5296.66675 5049.52479  4.67%   1.4 2045s
 3142909 1137122     cutoff   73      5296.66675 5049.69088  4.66%   1.4 2050s
 3150524 1139323 5130.22883   69   14 5296.66675 5049.84666  4.66%   1.4 2055s
 3158339 1141570 5210.52726   67   14 5296.66675 5050.01499  4.66%   1.4 2060s
 3165835 1143658 5245.20387   75   14 5296.66675 5050.17952  4.65%   1.4 2065s
 3173583 1145900     cutoff   62      5296.66675 5050.36126  4.65%   1.4 2070s
 3181367 1148084 5179.88813   67   15 5296.66675 5050.54006  4.65%   1.4 2075s
 3189209 1150384 5189.74300   67   14 5296.66675 5050.71455  4.64%   1.4 2080s
 3197046 1152637 5188.19671   74   14 5296.66675 5050.90127  4.64%   1.4 2085s
 3204924 1154905 5198.51492   69   16 5296.66675 5051.08227  4.64%   1.4 2090s
 3212754 1157105     cutoff   71      5296.66675 5051.24311  4.63%   1.4 2095s
 3220372 1159209     cutoff   80      5296.66675 5051.41000  4.63%   1.4 2100s
 3228176 1161417 5192.91822   72   15 5296.66675 5051.57936  4.63%   1.4 2105s
 3235972 1163611 5260.44821   70   15 5296.66675 5051.75243  4.62%   1.4 2110s
 3243881 1165842 5208.63336   73   12 5296.66675 5051.91519  4.62%   1.4 2115s
 3251673 1168042 5265.28567   75   14 5296.66675 5052.07267  4.62%   1.4 2120s
 3259194 1170137     cutoff   66      5296.66675 5052.22688  4.61%   1.4 2125s
 3266871 1172270 5201.59152   76   15 5296.66675 5052.38559  4.61%   1.5 2130s
 3274687 1174330 5083.46254   57   15 5296.66675 5052.53946  4.61%   1.5 2135s
 3282542 1176473     cutoff   77      5296.66675 5052.70185  4.61%   1.5 2140s
 3290389 1178776 5125.49441   55   16 5296.66675 5052.85389  4.60%   1.5 2145s
 3298275 1180958 5125.64424   58   15 5296.66675 5053.00431  4.60%   1.5 2150s
 3306103 1183176 5082.10948   67   15 5296.66675 5053.16700  4.60%   1.5 2155s
 3313917 1185376     cutoff   61      5296.66675 5053.34717  4.59%   1.5 2160s
 3321646 1187547 5156.85503   66   15 5296.66675 5053.50580  4.59%   1.5 2165s
 3329430 1189683 5180.46601   67   14 5296.66675 5053.65796  4.59%   1.5 2170s
 3337007 1191854 5262.25024   64   13 5296.66675 5053.81062  4.59%   1.5 2175s
 3344804 1194027 5264.90757   75   15 5296.66675 5053.96629  4.58%   1.5 2180s
 3352559 1196230 5210.32356   70   15 5296.66675 5054.13562  4.58%   1.5 2185s
 3360343 1198254     cutoff   77      5296.66675 5054.29483  4.58%   1.5 2190s
 3368080 1200455 5262.66056   80   13 5296.66675 5054.45671  4.57%   1.5 2195s
 3375910 1202607 5258.79758   63   13 5296.66675 5054.61650  4.57%   1.5 2200s
 3383481 1204738     cutoff   70      5296.66675 5054.76505  4.57%   1.5 2205s
 3391314 1206897     cutoff   57      5296.66675 5054.91895  4.56%   1.5 2210s
 3399174 1209027 5071.24538   66   17 5296.66675 5055.06579  4.56%   1.5 2215s
 3406770 1211085 5256.74655   62   15 5296.66675 5055.23743  4.56%   1.5 2220s
 3414707 1213284 5176.03949   74   15 5296.66675 5055.39706  4.56%   1.5 2225s
 3422598 1215511 5084.84759   65   12 5296.66675 5055.55754  4.55%   1.5 2230s
 3430321 1217646 5259.44397   79   14 5296.66675 5055.70561  4.55%   1.5 2235s
 3438146 1219855 5200.89065   72   16 5296.66675 5055.86895  4.55%   1.5 2240s
 3446062 1221985 5240.90314   60   10 5296.66675 5056.02838  4.54%   1.5 2245s
 3453977 1224114 5181.39417   75   12 5296.66675 5056.17907  4.54%   1.5 2250s
 3461833 1226208 5292.20326   75   12 5296.66675 5056.32957  4.54%   1.5 2255s
 3469713 1228214 5143.94186   73   16 5296.66675 5056.50029  4.53%   1.5 2260s
 3477359 1230320 5256.75072   63   12 5296.66675 5056.63486  4.53%   1.5 2265s
 3485127 1232480 5257.94438   69   13 5296.66675 5056.78471  4.53%   1.5 2270s
 3492921 1234562 5224.34998   68   16 5296.66675 5056.93256  4.53%   1.5 2275s
 3500772 1236729 5195.48853   69   13 5296.66675 5057.08500  4.52%   1.5 2280s
 3508669 1238842 5094.33445   64   14 5296.66675 5057.23687  4.52%   1.5 2285s
 3516542 1241027     cutoff   78      5296.66675 5057.41259  4.52%   1.5 2290s
 3524440 1243077 5228.25078   82   14 5296.66675 5057.57119  4.51%   1.5 2295s
 3532055 1245124 5090.61589   64   14 5296.66675 5057.73305  4.51%   1.5 2300s
 3539978 1247297 5241.50627   71   15 5296.66675 5057.89169  4.51%   1.5 2305s
 3547938 1249401 5228.61378   62   13 5296.66675 5058.05135  4.51%   1.5 2310s
 3555910 1251563 5287.98009   83   14 5296.66675 5058.20281  4.50%   1.5 2315s
 3563580 1253725 5202.08316   69   13 5296.66675 5058.33748  4.50%   1.5 2320s
 3571778 1256027     cutoff   74      5296.66675 5058.48925  4.50%   1.5 2325s
 3579665 1258246 5271.62097   71   12 5296.66675 5058.63881  4.49%   1.5 2330s
 3587661 1260436 5131.42366   71   16 5296.66675 5058.79842  4.49%   1.5 2335s
 3595635 1262504 5150.10261   66   15 5296.66675 5058.94418  4.49%   1.5 2340s
 3603579 1264624 5102.76558   69   15 5296.66675 5059.08357  4.49%   1.5 2345s
 3611569 1266736 5174.28715   68   14 5296.66675 5059.22853  4.48%   1.5 2350s
 3619751 1268924     cutoff   74      5296.66675 5059.38418  4.48%   1.5 2355s
 3627882 1271121 5273.13038   77   14 5296.66675 5059.54028  4.48%   1.5 2360s
 3635779 1273246 5208.63814   58   13 5296.66675 5059.69482  4.47%   1.5 2365s
 3643976 1275485 5285.86988   64   13 5296.66675 5059.83704  4.47%   1.5 2370s
 3652247 1277696 5278.43775   71   13 5296.66675 5059.98405  4.47%   1.5 2375s
 3660426 1279837     cutoff   68      5296.66675 5060.13471  4.47%   1.5 2380s
 3668542 1281893 5144.77257   66   15 5296.66675 5060.28017  4.46%   1.5 2385s
 3676827 1284128 5275.30459   71   14 5296.66675 5060.44186  4.46%   1.5 2390s
 3685123 1286332 5091.52432   72   16 5296.66675 5060.60098  4.46%   1.5 2395s
 3693471 1288522 5207.62441   68   14 5296.66675 5060.76412  4.45%   1.5 2400s
 3701800 1290609     cutoff   76      5296.66675 5060.91474  4.45%   1.5 2405s
 3709851 1292740 5277.90029   63   15 5296.66675 5061.07640  4.45%   1.5 2410s
 3718000 1294991 5205.19723   68   14 5296.66675 5061.22383  4.45%   1.5 2415s
 3725917 1297196     cutoff   78      5296.66675 5061.38105  4.44%   1.5 2420s
 3734075 1299366 5106.44195   57   12 5296.66675 5061.52768  4.44%   1.5 2425s
 3742149 1301420     cutoff   72      5296.66675 5061.66773  4.44%   1.5 2430s
 3750098 1303523     cutoff   68      5296.66675 5061.80255  4.43%   1.5 2435s
 3758278 1305719 5227.90174   73   12 5296.66675 5061.94093  4.43%   1.5 2440s
 3766456 1307931 5270.60642   74   12 5296.66675 5062.07373  4.43%   1.5 2445s
 3774691 1310128 5206.02154   70   15 5296.66675 5062.20759  4.43%   1.5 2450s
 3782945 1312246     cutoff   70      5296.66675 5062.36317  4.42%   1.5 2455s
 3791103 1314342     cutoff   74      5296.66675 5062.51262  4.42%   1.5 2460s
 3799356 1316441 5272.79638   76   14 5296.66675 5062.67253  4.42%   1.5 2465s
 3807563 1318476 5078.76675   71   16 5296.66675 5062.83113  4.41%   1.5 2470s
 3815782 1320679 5194.84993   70   14 5296.66675 5062.98813  4.41%   1.5 2475s
 3824028 1322813     cutoff   70      5296.66675 5063.14292  4.41%   1.5 2480s
 3832089 1324940     cutoff   79      5296.66675 5063.27637  4.41%   1.5 2485s
 3840430 1327049 5219.20786   71   14 5296.66675 5063.41588  4.40%   1.5 2490s
 3848715 1329246 5248.94716   67   14 5296.66675 5063.56689  4.40%   1.5 2495s
 3856986 1331409 5137.76257   61   12 5296.66675 5063.71600  4.40%   1.5 2500s
 3865202 1333619 5262.36384   76   14 5296.66675 5063.87233  4.40%   1.5 2505s
 3873505 1335818     cutoff   69      5296.66675 5064.02377  4.39%   1.5 2510s
 3881254 1337853 5283.69875   83   12 5296.66675 5064.15524  4.39%   1.5 2515s
 3889505 1339980     cutoff   70      5296.66675 5064.31157  4.39%   1.5 2520s
 3897655 1342018 5080.39248   68   14 5296.66675 5064.45598  4.38%   1.5 2525s
 3905776 1344159     cutoff   78      5296.66675 5064.59866  4.38%   1.5 2530s
 3913855 1346180 5264.01104   64   12 5296.66675 5064.74686  4.38%   1.5 2535s
 3921771 1348148 5193.12931   66   11 5296.66675 5064.88884  4.38%   1.5 2540s
 3929906 1350321     cutoff   66      5296.66675 5065.02357  4.37%   1.5 2545s
 3938066 1352411 5281.63595   79   14 5296.66675 5065.15553  4.37%   1.5 2550s
 3946182 1354533 5224.78255   76   15 5296.66675 5065.29710  4.37%   1.5 2555s
 3954338 1356669     cutoff   64      5296.66675 5065.44146  4.37%   1.5 2560s
 3962426 1358695 5238.34765   82   13 5296.66675 5065.57910  4.36%   1.5 2565s
 3970707 1360738     cutoff   72      5296.66675 5065.72259  4.36%   1.5 2570s
 3979021 1362920 5265.13994   73   14 5296.66675 5065.86089  4.36%   1.5 2575s
 3987365 1365052 5251.72572   68   13 5296.66675 5066.00313  4.35%   1.5 2580s
 3995620 1367085 5263.14152   68   14 5296.66675 5066.14144  4.35%   1.5 2585s
 4003714 1369107 5293.92094   79   15 5296.66675 5066.28130  4.35%   1.5 2590s
 4012025 1371192 5292.06974   76   14 5296.66675 5066.42373  4.35%   1.5 2595s
 4020266 1373183 5255.70210   66   12 5296.66675 5066.57021  4.34%   1.5 2600s
 4028569 1375194     cutoff   71      5296.66675 5066.70938  4.34%   1.5 2605s
 4036855 1377252     cutoff   65      5296.66675 5066.85996  4.34%   1.5 2610s
 4044682 1379153 5214.35933   67   13 5296.66675 5066.98751  4.34%   1.5 2615s
 4052974 1381263 5124.22692   62   16 5296.66675 5067.12433  4.33%   1.5 2620s
 4061250 1383209 5180.34351   75   15 5296.66675 5067.27949  4.33%   1.5 2625s
 4069450 1385163     cutoff   69      5296.66675 5067.42823  4.33%   1.5 2630s
 4077493 1387128 5128.24447   70   14 5296.66675 5067.56743  4.33%   1.5 2635s
 4085717 1389146 5091.38791   69   12 5296.66675 5067.70803  4.32%   1.5 2640s
 4093966 1391205 5243.47595   70   11 5296.66675 5067.84875  4.32%   1.5 2645s
 4102172 1393243 5249.26372   65   14 5296.66675 5067.99079  4.32%   1.5 2650s
 4110547 1395352 5255.75492   66   16 5296.66675 5068.12758  4.31%   1.5 2655s
 4118582 1397381     cutoff   69      5296.66675 5068.26862  4.31%   1.5 2660s
 4126862 1399545 5239.46370   76   10 5296.66675 5068.40750  4.31%   1.5 2665s
 4135223 1401608     cutoff   79      5296.66675 5068.55072  4.31%   1.5 2670s
 4143548 1403695 5262.54687   73   15 5296.66675 5068.69548  4.30%   1.5 2675s
 4151861 1405744 5171.80570   73   15 5296.66675 5068.82491  4.30%   1.5 2680s
 4160065 1407878 5217.46984   64   10 5296.66675 5068.95732  4.30%   1.5 2685s
 4168354 1409891 5101.95237   60   14 5296.66675 5069.08542  4.30%   1.5 2690s
 4176779 1411848 5201.15824   68   16 5296.66675 5069.22523  4.29%   1.5 2695s
 4185239 1414004 5254.37136   82   12 5296.66675 5069.37270  4.29%   1.5 2700s
 4193398 1416097 5259.22657   71   13 5296.66675 5069.49905  4.29%   1.5 2705s
 4201658 1418189 5144.17183   56   14 5296.66675 5069.64504  4.29%   1.5 2710s
 4210086 1420267     cutoff   78      5296.66675 5069.77994  4.28%   1.5 2715s
 4218580 1422331 5127.22669   70   16 5296.66675 5069.92178  4.28%   1.5 2720s
 4227055 1424524 5234.25786   76   15 5296.66675 5070.05621  4.28%   1.5 2725s
 4235324 1426525 5279.12508   73   15 5296.66675 5070.19069  4.28%   1.5 2730s
 4243916 1428525 5213.29212   71   11 5296.66675 5070.33346  4.27%   1.5 2735s
 4252451 1430682     cutoff   75      5296.66675 5070.46899  4.27%   1.5 2740s
 4261028 1432715 5265.31131   71   13 5296.66675 5070.61182  4.27%   1.5 2745s
 4269403 1434714 5260.94971   78   13 5296.66675 5070.73851  4.27%   1.5 2750s
 4277868 1436785 5247.74528   72   15 5296.66675 5070.87638  4.26%   1.5 2755s
 4286324 1438815 5255.53455   67   15 5296.66675 5071.02393  4.26%   1.5 2760s
 4294816 1440937 5275.85192   78   16 5296.66675 5071.15180  4.26%   1.5 2765s
 4303235 1442926 5257.04329   68   14 5296.66675 5071.29765  4.25%   1.5 2770s
 4311511 1444918 5282.33529   73   14 5296.66675 5071.42664  4.25%   1.5 2775s
 4319954 1447003 5185.30833   74   15 5296.66675 5071.56754  4.25%   1.5 2780s
 4328369 1448968 5112.20064   69   14 5296.66675 5071.70379  4.25%   1.5 2785s
 4336811 1450978 5229.29902   69   12 5296.66675 5071.84582  4.24%   1.5 2790s
 4344782 1452917     cutoff   74      5296.66675 5071.97900  4.24%   1.5 2795s
 4353292 1454961     cutoff   66      5296.66675 5072.11080  4.24%   1.5 2800s
 4361833 1457012 5221.33132   62   13 5296.66675 5072.25326  4.24%   1.5 2805s
 4370440 1459105 5280.76322   74   14 5296.66675 5072.39448  4.23%   1.5 2810s
 4378797 1461124 5193.21444   73   15 5296.66675 5072.53089  4.23%   1.5 2815s
 4387365 1463138 5179.02804   74   16 5296.66675 5072.67003  4.23%   1.5 2820s
 4395930 1465135     cutoff   70      5296.66675 5072.80601  4.23%   1.5 2825s
 4404512 1467169     cutoff   61      5296.66675 5072.93620  4.22%   1.5 2830s
 4412805 1469176 5250.17020   59   13 5296.66675 5073.06073  4.22%   1.5 2835s
 4421407 1471278     cutoff   77      5296.66675 5073.18926  4.22%   1.5 2840s
 4430036 1473345 5286.09227   84   14 5296.66675 5073.31488  4.22%   1.5 2845s
 4438381 1475362 5239.77802   65   13 5296.66675 5073.44972  4.21%   1.5 2850s
 4446935 1477428 5283.09287   74   13 5296.66675 5073.58610  4.21%   1.5 2855s
 4455545 1479458     cutoff   68      5296.66675 5073.72408  4.21%   1.5 2860s
 4464218 1481639 5224.73773   71   12 5296.66675 5073.86121  4.21%   1.5 2865s
 4472659 1483598 5106.45053   69   13 5296.66675 5074.00633  4.20%   1.5 2870s
 4481127 1485616 5184.40920   69   15 5296.66675 5074.13053  4.20%   1.5 2875s
 4489729 1487614 5164.74344   61   14 5296.66675 5074.25425  4.20%   1.5 2880s
 4498250 1489597 5283.36539   71   12 5296.66675 5074.38624  4.20%   1.5 2885s
 4506289 1491430 5261.31400   70   15 5296.66675 5074.49873  4.19%   1.5 2890s
 4515020 1493537     cutoff   74      5296.66675 5074.62411  4.19%   1.5 2895s
 4523285 1495490 5262.03079   64   13 5296.66675 5074.74903  4.19%   1.5 2900s
 4531800 1497493 5286.36083   69   12 5296.66675 5074.88200  4.19%   1.5 2905s
 4540285 1499528     cutoff   70      5296.66675 5075.02192  4.18%   1.5 2910s
 4548644 1501465 5221.36909   68   11 5296.66675 5075.14194  4.18%   1.5 2915s
 4557209 1503506 5249.02559   82   15 5296.66675 5075.27681  4.18%   1.5 2920s
 4565849 1505570 5212.03095   69   13 5296.66675 5075.39467  4.18%   1.5 2925s
 4574457 1507532 5274.27728   72   14 5296.66675 5075.52367  4.18%   1.5 2930s
 4582992 1509577     cutoff   68      5296.66675 5075.64748  4.17%   1.5 2935s
 4591663 1511638 5119.52745   59   12 5296.66675 5075.77242  4.17%   1.5 2940s
 4600373 1513666 5181.47468   73   14 5296.66675 5075.89869  4.17%   1.5 2945s
 4609067 1515620 5291.17040   75   14 5296.66675 5076.02495  4.17%   1.5 2950s
 4617537 1517542     cutoff   76      5296.66675 5076.14772  4.16%   1.5 2955s
 4626213 1519466 5237.59979   65   15 5296.66675 5076.28221  4.16%   1.5 2960s
 4634892 1521399 5263.24307   67   13 5296.66675 5076.41653  4.16%   1.5 2965s
 4643562 1523377 5176.63850   71   14 5296.66675 5076.53929  4.16%   1.5 2970s
 4652023 1525392 5134.04278   59   13 5296.66675 5076.66237  4.15%   1.5 2975s
 4660321 1527248 5247.95836   61   13 5296.66675 5076.78379  4.15%   1.5 2980s
 4668889 1529208 5184.81364   65   13 5296.66675 5076.90616  4.15%   1.5 2985s
 4677444 1531079 5283.34807   71   10 5296.66675 5077.02800  4.15%   1.5 2990s
 4685766 1533037 5276.92099   72   15 5296.66675 5077.14186  4.14%   1.5 2995s
 4694311 1535006     cutoff   74      5296.66675 5077.26946  4.14%   1.5 3000s
 4702848 1536893 5214.96376   73   15 5296.66675 5077.39618  4.14%   1.5 3005s
 4711352 1538859     cutoff   65      5296.66675 5077.51392  4.14%   1.5 3010s
 4719679 1540734 5207.75532   60   12 5296.66675 5077.63630  4.14%   1.5 3015s
 4728225 1542708 5199.67642   66   15 5296.66675 5077.75538  4.13%   1.5 3020s
 4736714 1544629     cutoff   76      5296.66675 5077.87862  4.13%   1.5 3025s
 4745326 1546605 5094.19360   67   13 5296.66675 5078.01381  4.13%   1.5 3030s
 4753683 1548558 5152.70817   66   15 5296.66675 5078.13298  4.13%   1.5 3035s
 4762260 1550481     cutoff   69      5296.66675 5078.26668  4.12%   1.5 3040s
 4771039 1552520     cutoff   71      5296.66675 5078.39463  4.12%   1.5 3045s
 4779435 1554440 5258.66233   72   16 5296.66675 5078.51594  4.12%   1.5 3050s
 4787908 1556309     cutoff   73      5296.66675 5078.63182  4.12%   1.5 3055s
 4796273 1558182 5154.61909   77   15 5296.66675 5078.75429  4.11%   1.5 3060s
 4804838 1560087     cutoff   68      5296.66675 5078.87846  4.11%   1.5 3065s
 4813053 1561988     cutoff   69      5296.66675 5079.00290  4.11%   1.5 3070s
 4821590 1563883 5110.76383   63   13 5296.66675 5079.12910  4.11%   1.5 3075s
 4829915 1565776 5266.13250   65   15 5296.66675 5079.25542  4.10%   1.5 3080s
 4838505 1567768 5098.07372   70   17 5296.66675 5079.37742  4.10%   1.5 3085s
 4847110 1569725 5292.00828   64   12 5296.66675 5079.50946  4.10%   1.5 3090s
 4855531 1571656 5259.25064   74   14 5296.66675 5079.63679  4.10%   1.5 3095s
 4864167 1573536     cutoff   72      5296.66675 5079.76376  4.10%   1.5 3100s
 4872752 1575483 5204.49506   69   14 5296.66675 5079.88292  4.09%   1.5 3105s
 4881304 1577349     cutoff   76      5296.66675 5079.99355  4.09%   1.5 3110s
 4889915 1579276 5195.63053   73   16 5296.66675 5080.11802  4.09%   1.5 3115s
 4898256 1581155 5237.29809   71   15 5296.66675 5080.23130  4.09%   1.5 3120s
 4906793 1583066 5269.91118   73   16 5296.66675 5080.35398  4.08%   1.5 3125s
 4915289 1584970     cutoff   73      5296.66675 5080.46762  4.08%   1.5 3130s
 4923858 1586833 5123.38610   64   14 5296.66675 5080.59460  4.08%   1.5 3135s
 4932193 1588688     cutoff   74      5296.66675 5080.70804  4.08%   1.5 3140s
 4940750 1590563     cutoff   65      5296.66675 5080.82640  4.08%   1.5 3145s
 4949288 1592363     cutoff   78      5296.66675 5080.95195  4.07%   1.5 3150s
 4957881 1594218 5247.60728   77   15 5296.66675 5081.08417  4.07%   1.5 3155s
 4966294 1596055 5193.15930   70   15 5296.66675 5081.19746  4.07%   1.5 3160s
 4974612 1597855 5163.93977   68   15 5296.66675 5081.31972  4.07%   1.5 3165s
 4983292 1599837 5188.69855   68   14 5296.66675 5081.44164  4.06%   1.5 3170s
 4991771 1601628 5253.95479   71   14 5296.66675 5081.56334  4.06%   1.5 3175s
 5000398 1603563 5169.20772   72   16 5296.66675 5081.67957  4.06%   1.5 3180s
 5009065 1605412 5270.98662   72   15 5296.66675 5081.80282  4.06%   1.5 3185s
 5017657 1607222 5269.13599   66   12 5296.66675 5081.91358  4.05%   1.5 3190s
 5026299 1609034 5256.89932   72   15 5296.66675 5082.03686  4.05%   1.5 3195s
 5034805 1610870 5271.92283   72   12 5296.66675 5082.15062  4.05%   1.5 3200s
 5034849 1610878 5172.45380   69   14 5296.66675 5082.15113  4.05%   1.5 3210s
 5042882 1612637 5146.48840   69   16 5296.66675 5082.26234  4.05%   1.5 3215s
 5051445 1614502 5181.30224   76   15 5296.66675 5082.37437  4.05%   1.5 3220s
 5059987 1616386 5191.61518   71   14 5296.66675 5082.49664  4.04%   1.5 3225s
 5068348 1618157 5287.41712   74   15 5296.66675 5082.60678  4.04%   1.5 3230s
 5076882 1619997 5203.30477   71   15 5296.66675 5082.72331  4.04%   1.5 3235s
 5085446 1621881 5257.47837   72   14 5296.66675 5082.84001  4.04%   1.5 3240s
 5093915 1623780 5174.88977   70   13 5296.66675 5082.95599  4.03%   1.5 3245s
 5102366 1625595 5142.62746   71   17 5296.66675 5083.06387  4.03%   1.5 3250s
 5110902 1627343     cutoff   73      5296.66675 5083.18557  4.03%   1.5 3255s
 5119454 1629193 5222.61449   67   16 5296.66675 5083.31802  4.03%   1.5 3260s
 5127740 1630961 5144.21343   70   15 5296.66675 5083.43323  4.03%   1.5 3265s
 5136148 1632845 5227.51431   68   14 5296.66675 5083.54587  4.02%   1.5 3270s
 5144663 1634602 5112.56229   67   14 5296.66675 5083.66525  4.02%   1.5 3275s
 5144705 1634624 5271.37836   83   11 5296.66675 5083.66582  4.02%   1.5 3280s
 5153038 1636437 5116.08284   70   14 5296.66675 5083.77118  4.02%   1.5 3285s
 5161571 1638500 5157.63469   65   14 5296.66675 5083.87588  4.02%   1.5 3290s
 5169874 1640309     cutoff   64      5296.66675 5083.98638  4.02%   1.5 3295s
 5178441 1642144     cutoff   62      5296.66675 5084.10578  4.01%   1.5 3300s
 5186932 1644039 5283.27099   69   16 5296.66675 5084.22359  4.01%   1.5 3305s
 5195408 1645865     cutoff   78      5296.66675 5084.33971  4.01%   1.5 3310s
 5203971 1647792 5178.96855   60   14 5296.66675 5084.46311  4.01%   1.5 3315s
 5205262 1648055 5127.27038   66   15 5296.66675 5084.47908  4.01%   1.5 3320s
 5213756 1649901 5268.72977   75   12 5296.66675 5084.58965  4.00%   1.5 3325s
 5222338 1651787 5207.61983   76   16 5296.66675 5084.72006  4.00%   1.5 3330s
 5230685 1653652 5257.73004   77   16 5296.66675 5084.83400  4.00%   1.5 3335s
 5239320 1655565 5227.32585   60   13 5296.66675 5084.94591  4.00%   1.5 3340s
 5247942 1657405 5186.51792   71   12 5296.66675 5085.06149  4.00%   1.5 3345s
 5256476 1659269 5159.41524   69   14 5296.66675 5085.16887  3.99%   1.5 3350s
 5264848 1661055 5237.11967   77   18 5296.66675 5085.28135  3.99%   1.5 3355s
 5273529 1662836     cutoff   77      5296.66675 5085.39845  3.99%   1.5 3360s
 5281580 1664525 5208.99755   63   14 5296.66675 5085.50894  3.99%   1.5 3365s
 5290093 1666310     cutoff   71      5296.66675 5085.62410  3.98%   1.5 3370s
 5298581 1668034     cutoff   76      5296.66675 5085.73290  3.98%   1.5 3375s
 5306827 1669800 5182.45879   72   13 5296.66675 5085.83349  3.98%   1.5 3380s
 5315331 1671580 5202.46217   66   14 5296.66675 5085.95072  3.98%   1.5 3385s
 5323882 1673371 5228.65018   69   15 5296.66675 5086.06825  3.98%   1.5 3390s
 5332432 1675149 5134.50330   67   15 5296.66675 5086.18534  3.97%   1.5 3395s
 5341057 1677022 5279.11695   73   14 5296.66675 5086.29666  3.97%   1.5 3400s
 5349396 1678895     cutoff   82      5296.66675 5086.40500  3.97%   1.5 3405s
 5358028 1680761 5258.58870   75   16 5296.66675 5086.52710  3.97%   1.5 3410s
 5366662 1682541 5267.58494   67   15 5296.66675 5086.64395  3.97%   1.5 3415s
 5375150 1684275 5193.16429   66   15 5296.66675 5086.76982  3.96%   1.5 3420s
 5383771 1686060     cutoff   75      5296.66675 5086.89209  3.96%   1.5 3425s
 5392487 1687872 5230.13864   70   13 5296.66675 5087.00500  3.96%   1.5 3430s
 5401200 1689695     cutoff   65      5296.66675 5087.12395  3.96%   1.5 3435s
 5409595 1691486 5225.28914   73   14 5296.66675 5087.23784  3.95%   1.5 3440s
 5418298 1693219 5176.21000   80   13 5296.66675 5087.35649  3.95%   1.5 3445s
 5426933 1695074 5292.16173   69   13 5296.66675 5087.46794  3.95%   1.5 3450s
 5435106 1696823 5200.35695   61   12 5296.66675 5087.58142  3.95%   1.5 3455s
 5443637 1698612 5285.04543   72   16 5296.66675 5087.69733  3.95%   1.5 3460s
 5452197 1700388 5150.20819   73   15 5296.66675 5087.80691  3.94%   1.5 3465s
 5460736 1702203 5187.78007   71   17 5296.66675 5087.92421  3.94%   1.5 3470s
 5469196 1703985     cutoff   68      5296.66675 5088.03093  3.94%   1.5 3475s
 5477516 1705749 5160.77761   59   13 5296.66675 5088.13697  3.94%   1.5 3480s
 5486034 1707385 5280.97339   72   15 5296.66675 5088.24244  3.94%   1.5 3485s
 5494515 1709128 5143.78638   65   11 5296.66675 5088.36514  3.93%   1.5 3490s
 5502883 1710810 5255.94721   77   13 5296.66675 5088.47607  3.93%   1.5 3495s
 5511384 1712603 5255.53490   67   14 5296.66675 5088.58825  3.93%   1.5 3500s
 5520011 1714444 5207.47973   64   17 5296.66675 5088.70200  3.93%   1.5 3505s
 5528618 1716289 5172.68070   75   16 5296.66675 5088.81156  3.92%   1.5 3510s
 5537190 1718059 5265.96254   75   16 5296.66675 5088.92850  3.92%   1.5 3515s
 5545614 1719819 5110.86064   64   14 5296.66675 5089.03418  3.92%   1.5 3520s
 5554179 1721512 5296.51937   68   11 5296.66675 5089.14723  3.92%   1.5 3525s
 5562741 1723254 5132.38673   80   17 5296.66675 5089.26122  3.92%   1.5 3530s
 5571322 1725031 5256.73850   73   15 5296.66675 5089.37608  3.91%   1.5 3535s
 5579654 1726735 5143.06127   66   14 5296.66675 5089.48045  3.91%   1.5 3540s
 5587903 1728452     cutoff   72      5296.66675 5089.58872  3.91%   1.5 3545s
 5596531 1730212 5274.50481   74   14 5296.66675 5089.70609  3.91%   1.5 3550s
 5605052 1731923     cutoff   70      5296.66675 5089.81285  3.91%   1.5 3555s
 5613634 1733639 5162.56498   63   14 5296.66675 5089.92431  3.90%   1.5 3560s
 5622012 1735289     cutoff   66      5296.66675 5090.03121  3.90%   1.5 3565s
 5630640 1737019     cutoff   71      5296.66675 5090.13589  3.90%   1.5 3570s
 5639257 1738722 5239.22908   78   15 5296.66675 5090.24509  3.90%   1.5 3575s
 5647647 1740438 5110.71194   68   14 5296.66675 5090.35348  3.90%   1.5 3580s
 5656207 1742232     cutoff   64      5296.66675 5090.46686  3.89%   1.5 3585s
 5664750 1743927     cutoff   91      5296.66675 5090.58650  3.89%   1.5 3590s
 5673360 1745535     cutoff   72      5296.66675 5090.70100  3.89%   1.5 3595s

Explored 5681608 nodes (8519537 simplex iterations) in 3600.00 seconds (1352.73 work units)
Thread count was 1 (of 56 available processors)

Solution count 2: 5296.67 5313.27 

Time limit reached
Best objective 5.296666746761e+03, best bound 5.090810494178e+03, gap 3.8865%

User-callback calls 11470197, time in user-callback 3.59 sec
reading holmberg data file ../../../../../instances/uflp/holmberg/p23
primal_bound = 5296.666746761438, dual_bound = 5090.810494177605, gap = 3.8865245337494727, time = 3600.01
OPTIMAL LOCATIONS:
y[1] = 1.0
y[2] = 1.0
y[3] = 1.0
y[4] = 1.0
y[5] = 1.0
y[6] = 1.0
y[7] = 1.0
y[8] = 1.0
y[9] = 1.0
y[10] = 1.0
y[11] = 1.0
y[12] = 1.0
y[13] = 1.0
y[14] = 1.0
y[15] = 1.0
y[16] = 1.0
y[17] = 1.0
y[18] = 1.0
y[19] = 1.0
y[20] = 1.0
OPTIMAL WAREHOUSING:
f[1] = 78.0
f[2] = 112.0
f[4] = 90.0
f[5] = 114.0
f[6] = 108.0
f[7] = 193.0
f[8] = 43.0
f[9] = 56.0
f[10] = 108.0
f[11] = 303.0
f[12] = 62.0
f[13] = 91.0
f[14] = 305.0
f[15] = 101.0
f[16] = 243.0
f[17] = 256.0
f[18] = 314.0
f[19] = 36.0
f[20] = 242.0
OPTIMAL WAREHOUSING COSTS:
nlobj[1] = 82.64330327323351
nlobj[2] = 99.03101037692599
nlobj[3] = 0.0
nlobj[4] = 88.77334433107467
nlobj[5] = 99.91214955128919
nlobj[6] = 97.24691892992848
nlobj[7] = 130.00008313581597
nlobj[8] = 61.36091348789449
nlobj[9] = 70.0252866022448
nlobj[10] = 97.24722086925651
nlobj[11] = 162.8872287319252
nlobj[12] = 73.6813356880226
nlobj[13] = 89.26613594977765
nlobj[14] = 163.4241898538582
nlobj[15] = 94.04202609279643
nlobj[16] = 145.8708837937973
nlobj[17] = 149.72206550318774
nlobj[18] = 165.81773027404037
nlobj[19] = 56.1444493395075
nlobj[20] = 145.57047097686126
OPTIMAL ASSIGNMENTS:
x[1, 42] = 1.0
x[2, 5] = 1.0
x[2, 13] = 1.0
x[2, 29] = 1.0
x[4, 16] = 1.0
x[4, 35] = 1.0
x[5, 12] = 1.0
x[5, 19] = 1.0
x[6, 43] = 1.0
x[6, 46] = 1.0
x[7, 14] = 1.0
x[7, 25] = 1.0
x[7, 41] = 1.0
x[8, 32] = 1.0
x[9, 45] = 1.0
x[10, 20] = 1.0
x[10, 50] = 1.0
x[11, 3] = 1.0
x[11, 4] = 1.0
x[11, 18] = 1.0
x[11, 36] = 1.0
x[11, 48] = 1.0
x[12, 37] = 1.0
x[13, 2] = 1.0
x[13, 21] = 1.0
x[14, 8] = 1.0
x[14, 15] = 1.0
x[14, 31] = 1.0
x[14, 33] = 1.0
x[14, 40] = 1.0
x[15, 9] = 1.0
x[15, 47] = 1.0
x[16, 11] = 1.0
x[16, 17] = 1.0
x[16, 22] = 1.0
x[16, 23] = 1.0
x[17, 1] = 1.0
x[17, 27] = 1.0
x[17, 34] = 1.0
x[17, 44] = 1.0
x[18, 7] = 1.0
x[18, 10] = 1.0
x[18, 26] = 1.0
x[18, 28] = 1.0
x[18, 30] = 1.0
x[19, 6] = 1.0
x[20, 24] = 1.0
x[20, 38] = 1.0
x[20, 39] = 1.0
x[20, 49] = 1.0
fixed costs = 10000.0
assignment costs = 3224.0
warehousing costs = 2072.666746761438
total cost = 5296.666746761438
