solving instance uflp nldep gunluk ../../../../../instances/uflp/gunluk/gunluk-50-100-10.txt sinabc2
Set parameter TokenServer to value "licences.gerad.lan"
Set parameter MIPGap to value 1e-06
Set parameter FuncPieceError to value 1e-06
Set parameter Threads to value 1
Set parameter FuncPieces to value -2
Set parameter TimeLimit to value 3600
Gurobi Optimizer version 12.0.2 build v12.0.2rc0 (linux64 - "AlmaLinux 9.6 (Sage Margay)")

CPU model: Intel(R) Xeon(R) Gold 6258R CPU @ 2.70GHz, instruction set [SSE2|AVX|AVX2|AVX512]
Thread count: 56 physical cores, 56 logical processors, using up to 1 threads

Non-default parameters:
TimeLimit  3600
MIPGap  1e-06
Threads  1
FuncPieces  -2
FuncPieceError  1e-06

Optimize a model with 5300 rows, 5350 columns and 20400 nonzeros
Model fingerprint: 0x11dbe586
Model has 100 function constraints treated as nonlinear
  50 POW, 50 SIN
Variable types: 5300 continuous, 50 integer (50 binary)
Coefficient statistics:
  Matrix range     [1e-03, 1e+02]
  Objective range  [6e-01, 6e+01]
  Bounds range     [1e+00, 1e+10]
  RHS range        [1e+00, 1e+00]
Warning: Model contains large bounds
         Consider reformulating model or setting NumericFocus parameter
         to avoid numerical issues.
Presolve removed 5100 rows and 200 columns
Presolve time: 0.01s
Presolved: 600 rows, 5151 columns, 11000 nonzeros
Presolved model has 50 quadratic objective terms
Presolved model has 50 nonlinear constraint(s)

Solving non-convex MINLP

Variable types: 5151 continuous, 0 integer (0 binary)

Root relaxation: objective 3.657068e+02, 421 iterations, 0.01 seconds (0.00 work units)

    Nodes    |    Current Node    |     Objective Bounds      |     Work
 Expl Unexpl |  Obj  Depth IntInf | Incumbent    BestBd   Gap | It/Node Time

     0     0  365.70678    0   39          -  365.70678      -     -    0s
     0     0  365.70678    0   39          -  365.70678      -     -    0s
     0     2  365.70678    0   39          -  365.70678      -     -    0s
*  475    31             238     378.6096586  376.53285  0.55%   8.3    1s

Explored 503 nodes (5980 simplex iterations) in 1.20 seconds (0.71 work units)
Thread count was 1 (of 56 available processors)

Solution count 1: 378.61 

Optimal solution found (tolerance 1.00e-06)
Best objective 3.786096585632e+02, best bound 3.786094542731e+02, gap 0.0001%

User-callback calls 1891, time in user-callback 0.00 sec
Generating Gunluk and Lee data file ../../../../../instances/uflp/gunluk/gunluk-50-100-10.txt
primal_bound = 378.60965856319353, dual_bound = 378.60945427312146, gap = 5.395796632657111e-5, time = 1.21
OPTIMAL LOCATIONS:
y[1] = 1.0
y[2] = 1.0
y[3] = 1.0
y[4] = 1.0
y[5] = 1.0
y[6] = 1.0
y[7] = 1.0
y[8] = 1.0
y[9] = 1.0
y[10] = 1.0
y[11] = 1.0
y[12] = 1.0
y[13] = 1.0
y[14] = 1.0
y[15] = 1.0
y[16] = 1.0
y[17] = 1.0
y[18] = 1.0
y[19] = 1.0
y[20] = 1.0
y[21] = 1.0
y[22] = 1.0
y[23] = 1.0
y[24] = 1.0
y[25] = 1.0
y[26] = 1.0
y[27] = 1.0
y[28] = 1.0
y[29] = 1.0
y[30] = 1.0
y[31] = 1.0
y[32] = 1.0
y[33] = 1.0
y[34] = 1.0
y[35] = 1.0
y[36] = 1.0
y[37] = 1.0
y[38] = 1.0
y[39] = 1.0
y[40] = 1.0
y[41] = 1.0
y[42] = 1.0
y[43] = 1.0
y[44] = 1.0
y[45] = 1.0
y[46] = 1.0
y[47] = 1.0
y[48] = 1.0
y[49] = 1.0
y[50] = 1.0
OPTIMAL WAREHOUSING:
f[2] = 12.0
f[3] = 51.0
f[4] = 128.0
f[5] = 199.0
f[6] = 85.0
f[7] = 71.0
f[9] = 88.35969027095797
f[10] = 59.38824972481663
f[12] = 85.0
f[13] = 329.0
f[14] = 45.0
f[15] = 79.0
f[16] = 245.0
f[17] = 29.0
f[18] = 96.0
f[19] = 61.7737266981626
f[20] = 99.0
f[21] = 33.0
f[22] = 110.95690993356403
f[23] = 86.0
f[24] = 113.0
f[26] = 94.0
f[29] = 111.04309006643597
f[30] = 110.0
f[31] = 70.22627330183741
f[32] = 87.0
f[33] = 133.0
f[35] = 237.0
f[36] = 262.0
f[37] = 203.0
f[38] = 7.0
f[39] = 364.0
f[40] = 130.0
f[41] = 5.0
f[42] = 72.0
f[43] = 24.0
f[44] = 47.61175027518337
f[45] = 65.0
f[46] = 64.0
f[48] = 196.0
f[49] = 27.640309729042023
f[50] = 158.0
OPTIMAL WAREHOUSING COSTS:
nlobj[1] = 0.0
nlobj[2] = 0.0006746126043416602
nlobj[3] = 0.07231733935323692
nlobj[4] = 0.4542857798993127
nlobj[5] = 0.9779194887818982
nlobj[6] = 0.08450349839749925
nlobj[7] = 0.032441820251715256
nlobj[8] = 0.0
nlobj[9] = 0.18717478603721202
nlobj[10] = 0.08669178707153878
nlobj[11] = 0.0
nlobj[12] = 0.2112584741374735
nlobj[13] = 3.0089202720988615
nlobj[14] = 0.0474173175972189
nlobj[15] = 0.0018252104333197254
nlobj[16] = 1.4762624308571635
nlobj[17] = 0.001969738348139872
nlobj[18] = 0.23435097848727365
nlobj[19] = 0.11165539221164822
nlobj[20] = 0.18618210818429262
nlobj[21] = 0.002869313726608351
nlobj[22] = 0.2733121119140718
nlobj[23] = 0.04325034425837792
nlobj[24] = 0.09323830036152167
nlobj[25] = 0.0
nlobj[26] = 0.0439079103546159
nlobj[27] = 0.0
nlobj[28] = 0.0
nlobj[29] = 0.17288580245847465
nlobj[30] = 0.17319550418928478
nlobj[31] = 0.09954595564296992
nlobj[32] = 0.20359854867439378
nlobj[33] = 0.1909753988380538
nlobj[34] = 0.0
nlobj[35] = 1.4312813048196213
nlobj[36] = 0.6543107500243457
nlobj[37] = 0.9215560313742545
nlobj[38] = 0.00017217080683349842
nlobj[39] = 2.116141190596539
nlobj[40] = 0.1578256072080613
nlobj[41] = 0.00013908469102488248
nlobj[42] = 0.015164164170412912
nlobj[43] = 0.007082901716096251
nlobj[44] = 0.01791398211991677
nlobj[45] = 0.09147342624325057
nlobj[46] = 0.11025429018644257
nlobj[47] = 0.0
nlobj[48] = 0.3683889943006544
nlobj[49] = 0.003578763091315413
nlobj[50] = 0.5600776565287046
OPTIMAL ASSIGNMENTS:
x[2, 38] = 1.0
x[3, 15] = 1.0
x[3, 93] = 1.0
x[4, 43] = 1.0
x[4, 87] = 1.0
x[5, 46] = 1.0
x[5, 51] = 1.0
x[5, 65] = 1.0
x[5, 84] = 1.0
x[6, 48] = 1.0
x[6, 77] = 1.0
x[7, 71] = 1.0
x[9, 30] = 1.0
x[9, 80] = 0.49744891401741775
x[10, 40] = 1.0
x[10, 55] = 1.0
x[10, 74] = 0.2998272018355387
x[12, 61] = 1.0
x[12, 62] = 1.0
x[12, 75] = 1.0
x[13, 11] = 1.0
x[13, 29] = 1.0
x[13, 31] = 1.0
x[13, 63] = 1.0
x[13, 64] = 1.0
x[13, 85] = 1.0
x[13, 99] = 1.0
x[14, 4] = 1.0
x[15, 44] = 1.0
x[15, 95] = 1.0
x[16, 2] = 1.0
x[16, 17] = 1.0
x[16, 36] = 1.0
x[16, 89] = 1.0
x[16, 98] = 1.0
x[17, 6] = 1.0
x[18, 37] = 1.0
x[18, 41] = 1.0
x[19, 42] = 0.9963504306155256
x[20, 53] = 1.0
x[21, 72] = 1.0
x[22, 9] = 0.1905427931406476
x[22, 21] = 1.0
x[22, 54] = 1.0
x[23, 14] = 1.0
x[23, 18] = 1.0
x[24, 92] = 1.0
x[24, 96] = 1.0
x[26, 19] = 1.0
x[26, 76] = 1.0
x[29, 9] = 0.8094572068593524
x[29, 81] = 1.0
x[30, 1] = 1.0
x[30, 34] = 1.0
x[31, 42] = 0.0036495693844743426
x[31, 73] = 1.0
x[32, 26] = 1.0
x[32, 100] = 1.0
x[33, 8] = 1.0
x[33, 13] = 1.0
x[33, 66] = 1.0
x[33, 97] = 1.0
x[35, 5] = 1.0
x[35, 82] = 1.0
x[35, 83] = 1.0
x[36, 27] = 1.0
x[36, 28] = 1.0
x[36, 45] = 1.0
x[36, 68] = 1.0
x[36, 79] = 1.0
x[37, 22] = 1.0
x[37, 23] = 1.0
x[37, 25] = 1.0
x[37, 60] = 1.0
x[38, 58] = 1.0
x[38, 67] = 1.0
x[39, 24] = 1.0
x[39, 33] = 1.0
x[39, 35] = 1.0
x[39, 39] = 1.0
x[39, 56] = 1.0
x[39, 94] = 1.0
x[40, 86] = 1.0
x[40, 91] = 1.0
x[41, 20] = 1.0
x[42, 16] = 1.0
x[42, 57] = 1.0
x[42, 88] = 1.0
x[43, 12] = 1.0
x[44, 74] = 0.7001727981644613
x[45, 7] = 1.0
x[45, 32] = 1.0
x[45, 49] = 1.0
x[45, 50] = 1.0
x[45, 90] = 1.0
x[46, 47] = 1.0
x[46, 70] = 1.0
x[46, 78] = 1.0
x[48, 3] = 1.0
x[48, 52] = 1.0
x[48, 69] = 1.0
x[49, 80] = 0.5025510859825822
x[50, 10] = 1.0
x[50, 59] = 1.0
fixed costs = 2524.0
assignment costs = 363.6816680201456
warehousing costs = 14.927990543047992
total cost = 378.6096585631936
