solving instance uflp nldep holmberg 42 sinabc3
Set parameter TokenServer to value "licences.gerad.lan"
Set parameter MIPGap to value 1e-06
Set parameter FuncPieceError to value 1e-06
Set parameter Threads to value 1
Set parameter FuncPieces to value -2
Set parameter TimeLimit to value 3600
Gurobi Optimizer version 12.0.2 build v12.0.2rc0 (linux64 - "AlmaLinux 9.6 (Sage Margay)")

CPU model: Intel(R) Xeon(R) Gold 6258R CPU @ 2.70GHz, instruction set [SSE2|AVX|AVX2|AVX512]
Thread count: 56 physical cores, 56 logical processors, using up to 1 threads

Non-default parameters:
TimeLimit  3600
MIPGap  1e-06
Threads  1
FuncPieces  -2
FuncPieceError  1e-06

Optimize a model with 1760 rows, 1740 columns and 6560 nonzeros
Model fingerprint: 0xcea9eeaf
Model has 40 function constraints treated as nonlinear
  20 POW, 20 SIN
Variable types: 1720 continuous, 20 integer (20 binary)
Coefficient statistics:
  Matrix range     [4e-03, 4e+01]
  Objective range  [1e+00, 4e+02]
  Bounds range     [1e+00, 1e+10]
  RHS range        [1e+00, 1e+00]
Warning: Model contains large bounds
         Consider reformulating model or setting NumericFocus parameter
         to avoid numerical issues.
Presolve removed 1640 rows and 80 columns
Presolve time: 0.00s
Presolved: 280 rows, 1661 columns, 3600 nonzeros
Presolved model has 20 quadratic objective terms
Presolved model has 20 nonlinear constraint(s)

Solving non-convex MINLP

Variable types: 1661 continuous, 0 integer (0 binary)

Root relaxation: objective 2.062881e+03, 265 iterations, 0.00 seconds (0.00 work units)

    Nodes    |    Current Node    |     Objective Bounds      |     Work
 Expl Unexpl |  Obj  Depth IntInf | Incumbent    BestBd   Gap | It/Node Time

     0     0 2062.88060    0   20          - 2062.88060      -     -    1s
     0     0 2062.88060    0   20          - 2062.88060      -     -    1s
H    0     0                    2250.6594117 2062.88060  8.34%     -    1s
     0     2 2066.66139    0   20 2250.65941 2066.66139  8.18%     -    1s
*   89    53              45    2250.6593888 2100.54251  6.67%   6.2    1s
  2737   293 2250.50426   33   18 2250.65939 2245.62296  0.22%   2.9    5s

Explored 3599 nodes (11177 simplex iterations) in 6.06 seconds (2.74 work units)
Thread count was 1 (of 56 available processors)

Solution count 1: 2250.66 

Optimal solution found (tolerance 1.00e-06)
Best objective 2.250659388821e+03, best bound 2.250659388821e+03, gap 0.0000%

User-callback calls 10158, time in user-callback 0.00 sec
reading holmberg data file ../../../../../instances/uflp/holmberg/p42
primal_bound = 2250.6593888212274, dual_bound = 2250.6593888212274, gap = 0.0, time = 6.07
OPTIMAL LOCATIONS:
y[1] = 1.0
y[2] = 1.0
y[3] = 1.0
y[4] = 1.0
y[5] = 1.0
y[6] = 1.0
y[7] = 1.0
y[8] = 1.0
y[9] = 1.0
y[10] = 1.0
y[11] = 1.0
y[12] = 1.0
y[13] = 1.0
y[14] = 1.0
y[15] = 1.0
y[16] = 1.0
y[17] = 1.0
y[18] = 1.0
y[19] = 1.0
y[20] = 1.0
OPTIMAL WAREHOUSING:
f[1] = 45.0
f[2] = 75.0
f[3] = 14.0
f[4] = 72.0
f[5] = 3.0
f[6] = 60.0
f[7] = 90.0
f[8] = 14.0
f[9] = 60.0
f[10] = 43.0
f[11] = 53.0
f[12] = 77.0
f[13] = 26.0
f[14] = 69.0
f[15] = 86.0
f[16] = 55.0
f[17] = 60.0
f[18] = 49.0
f[19] = 84.0
f[20] = 128.0
OPTIMAL WAREHOUSING COSTS:
nlobj[1] = 4.386670088338498
nlobj[2] = 10.31493358127491
nlobj[3] = 0.5545700226648608
nlobj[4] = 13.511299821553852
nlobj[5] = 0.028531179025988333
nlobj[6] = 8.327825134944263
nlobj[7] = 18.64215111883806
nlobj[8] = 0.5927285147736793
nlobj[9] = 6.781545942116463
nlobj[10] = 3.6316720396870523
nlobj[11] = 7.089641101327268
nlobj[12] = 15.19418777006225
nlobj[13] = 1.3144415775558462
nlobj[14] = 10.80476809305417
nlobj[15] = 13.342114476947767
nlobj[16] = 7.17671575059415
nlobj[17] = 9.653210246907964
nlobj[18] = 6.281050374150546
nlobj[19] = 19.87550343120921
nlobj[20] = 38.15582855620069
OPTIMAL ASSIGNMENTS:
x[1, 17] = 1.0
x[1, 38] = 1.0
x[1, 39] = 1.0
x[1, 67] = 1.0
x[2, 10] = 1.0
x[2, 40] = 1.0
x[2, 41] = 1.0
x[3, 18] = 1.0
x[3, 57] = 1.0
x[4, 42] = 1.0
x[4, 43] = 1.0
x[4, 64] = 1.0
x[4, 66] = 1.0
x[5, 63] = 1.0
x[6, 21] = 1.0
x[6, 46] = 1.0
x[6, 56] = 1.0
x[7, 13] = 1.0
x[7, 15] = 1.0
x[7, 33] = 1.0
x[7, 70] = 1.0
x[8, 31] = 1.0
x[8, 53] = 1.0
x[9, 24] = 1.0
x[9, 26] = 1.0
x[9, 34] = 1.0
x[9, 47] = 1.0
x[10, 4] = 1.0
x[10, 23] = 1.0
x[10, 45] = 1.0
x[11, 2] = 1.0
x[11, 14] = 1.0
x[11, 36] = 1.0
x[11, 37] = 1.0
x[11, 71] = 1.0
x[12, 3] = 1.0
x[12, 11] = 1.0
x[12, 22] = 1.0
x[12, 27] = 1.0
x[12, 61] = 1.0
x[12, 62] = 1.0
x[12, 65] = 1.0
x[13, 1] = 1.0
x[13, 25] = 1.0
x[14, 8] = 1.0
x[14, 30] = 1.0
x[14, 54] = 1.0
x[14, 55] = 1.0
x[15, 19] = 1.0
x[15, 20] = 1.0
x[15, 35] = 1.0
x[15, 58] = 1.0
x[15, 59] = 1.0
x[15, 60] = 1.0
x[16, 5] = 1.0
x[16, 16] = 1.0
x[16, 49] = 1.0
x[16, 50] = 1.0
x[16, 68] = 1.0
x[17, 7] = 1.0
x[17, 28] = 1.0
x[17, 44] = 1.0
x[17, 51] = 1.0
x[18, 9] = 1.0
x[18, 29] = 1.0
x[18, 52] = 1.0
x[19, 6] = 1.0
x[19, 12] = 1.0
x[19, 72] = 1.0
x[19, 76] = 1.0
x[19, 77] = 1.0
x[19, 78] = 1.0
x[20, 32] = 1.0
x[20, 48] = 1.0
x[20, 69] = 1.0
x[20, 73] = 1.0
x[20, 74] = 1.0
x[20, 75] = 1.0
x[20, 79] = 1.0
x[20, 80] = 1.0
fixed costs = 7902.0
assignment costs = 2055.0
warehousing costs = 195.65938882122748
total cost = 2250.6593888212274
